
--------------------------------------------------
Multilingual SER System v1.2
--------------------------------------------------
Run Name      : Run5
Fx Model      : WAV2VEC2_LARGE_XLSR300M
Clf Model     : DENSE
Extract Mode  : gpu_memory
Dataset       : RAVDESS
Device        : gpu
Epochs        : 20
Num Workers   : 2
Data Dir      : ./data
History Dir   : ./history
Weights Dir   : ./weights
Log Level     : debug
Purge Cache   : False
Job Name      : Job131
Job Id        : 30684234
GPU           : Quadro RTX 8000
GPU Count     : 1

Timestamp : 2023-03-02 07:35:55.201284

INFO >> Running on CUDA


INFO >> Training Classifier

INFO >> Epoch: 1 |   Train Loss: 2.070 | Train Acc: 17.38 |   Val Loss: 1.996 | Val Acc: 18.33 |   Test Loss: 1.956 | Tes Acc: 19.00
DEBUG >> Best state saved | Val Acc 18.333333730697632 | Test Acc 18.99999976158142

INFO >> Epoch: 2 |   Train Loss: 1.911 | Train Acc: 22.26 |   Val Loss: 1.893 | Val Acc: 24.67 |   Test Loss: 1.828 | Tes Acc: 31.67
DEBUG >> Best state saved | Val Acc 24.666666984558105 | Test Acc 31.666666269302368

INFO >> Epoch: 3 |   Train Loss: 1.733 | Train Acc: 32.14 |   Val Loss: 1.751 | Val Acc: 36.67 |   Test Loss: 1.800 | Tes Acc: 27.67
DEBUG >> Best state saved | Val Acc 36.666667461395264 | Test Acc 27.666667103767395

INFO >> Epoch: 4 |   Train Loss: 1.597 | Train Acc: 38.93 |   Val Loss: 1.500 | Val Acc: 42.67 |   Test Loss: 1.527 | Tes Acc: 42.33
DEBUG >> Best state saved | Val Acc 42.66666769981384 | Test Acc 42.33333468437195

INFO >> Epoch: 5 |   Train Loss: 1.364 | Train Acc: 50.48 |   Val Loss: 1.472 | Val Acc: 41.00 |   Test Loss: 1.284 | Tes Acc: 46.67
INFO >> Epoch: 6 |   Train Loss: 1.167 | Train Acc: 54.40 |   Val Loss: 1.364 | Val Acc: 46.33 |   Test Loss: 1.256 | Tes Acc: 54.67
DEBUG >> Best state saved | Val Acc 46.33333384990692 | Test Acc 54.666668176651

INFO >> Epoch: 7 |   Train Loss: 0.960 | Train Acc: 64.40 |   Val Loss: 1.005 | Val Acc: 62.67 |   Test Loss: 1.079 | Tes Acc: 62.33
DEBUG >> Best state saved | Val Acc 62.66666650772095 | Test Acc 62.33333349227905

INFO >> Epoch: 8 |   Train Loss: 0.840 | Train Acc: 67.98 |   Val Loss: 1.232 | Val Acc: 55.33 |   Test Loss: 1.132 | Tes Acc: 55.67
INFO >> Epoch: 9 |   Train Loss: 0.722 | Train Acc: 74.52 |   Val Loss: 1.052 | Val Acc: 57.67 |   Test Loss: 0.908 | Tes Acc: 63.67
INFO >> Epoch: 10 |   Train Loss: 0.577 | Train Acc: 80.71 |   Val Loss: 0.973 | Val Acc: 63.67 |   Test Loss: 0.872 | Tes Acc: 69.33
DEBUG >> Best state saved | Val Acc 63.66666555404663 | Test Acc 69.33333277702332

INFO >> Epoch: 11 |   Train Loss: 0.537 | Train Acc: 78.45 |   Val Loss: 0.710 | Val Acc: 74.00 |   Test Loss: 0.911 | Tes Acc: 64.33
DEBUG >> Best state saved | Val Acc 74.00000095367432 | Test Acc 64.33333158493042

INFO >> Epoch: 12 |   Train Loss: 0.361 | Train Acc: 86.90 |   Val Loss: 0.676 | Val Acc: 75.33 |   Test Loss: 1.062 | Tes Acc: 64.00
DEBUG >> Best state saved | Val Acc 75.3333330154419 | Test Acc 63.999998569488525

INFO >> Epoch: 13 |   Train Loss: 0.357 | Train Acc: 87.86 |   Val Loss: 0.697 | Val Acc: 77.00 |   Test Loss: 0.898 | Tes Acc: 67.00
DEBUG >> Best state saved | Val Acc 76.99999809265137 | Test Acc 67.00000166893005

INFO >> Epoch: 14 |   Train Loss: 0.333 | Train Acc: 88.57 |   Val Loss: 0.801 | Val Acc: 72.67 |   Test Loss: 1.163 | Tes Acc: 65.00
INFO >> Epoch: 15 |   Train Loss: 0.257 | Train Acc: 92.02 |   Val Loss: 0.732 | Val Acc: 74.00 |   Test Loss: 0.754 | Tes Acc: 76.33
INFO >> Epoch: 16 |   Train Loss: 0.237 | Train Acc: 91.19 |   Val Loss: 0.574 | Val Acc: 78.00 |   Test Loss: 0.655 | Tes Acc: 76.00
DEBUG >> Best state saved | Val Acc 77.99999713897705 | Test Acc 75.99999904632568

INFO >> Epoch: 17 |   Train Loss: 0.234 | Train Acc: 92.26 |   Val Loss: 0.655 | Val Acc: 77.67 |   Test Loss: 1.000 | Tes Acc: 72.00
INFO >> Epoch: 18 |   Train Loss: 0.212 | Train Acc: 91.67 |   Val Loss: 0.664 | Val Acc: 79.67 |   Test Loss: 0.742 | Tes Acc: 76.00
DEBUG >> Best state saved | Val Acc 79.666668176651 | Test Acc 75.99999904632568

INFO >> Epoch: 19 |   Train Loss: 0.139 | Train Acc: 95.71 |   Val Loss: 0.748 | Val Acc: 77.67 |   Test Loss: 0.716 | Tes Acc: 75.67
INFO >> Epoch: 20 |   Train Loss: 0.126 | Train Acc: 95.83 |   Val Loss: 1.047 | Val Acc: 72.00 |   Test Loss: 0.990 | Tes Acc: 70.00


INFO >> Time Taken: 09:55

INFO >> Best Val Acc : 79.666668176651 | Best Test Acc : 75.99999904632568

INFO >> Agg. Weights : 
-0.03616737574338913 -0.2021472007036209 0.10999580472707748 0.05330371484160423 0.10606925189495087 0.03515786677598953 -0.08870410174131393 -0.20783142745494843 -0.1346091777086258 -0.22814099490642548 -0.239657923579216 -0.0018093506805598736 -0.2527599036693573 -0.1984352171421051 -0.10503466427326202 -0.35226961970329285 -0.4583544433116913 -0.26306912302970886 -0.43632158637046814 -0.103971466422081 0.016461003571748734 0.10332569479942322 -0.04256753623485565 -0.05883825570344925

DEBUG >> Last state saved | Val Acc 72.00000286102295 | Test Acc 69.9999988079071

INFO >> History saved (./history/v1.2/RAVDESS/WAV2VEC2_LARGE_XLSR300M_DENSE/Run5/history.pt)
