
--------------------------------------------------
Multilingual SER System v1.5
--------------------------------------------------
Run Name      : Run4
Fx Model      : HUBERT_ASR_LARGE
Clf Model     : DENSE
Extract Mode  : gpu_memory
Dataset       : RAVDESS
Device        : gpu
Epochs        : 30
Num Workers   : 3
Data Dir      : ./data
History Dir   : ./history
Weights Dir   : ./weights
Log Level     : debug
Purge Cache   : False
Job Name      : Job194
Job Id        : 31168515
GPU           : Quadro RTX 8000
GPU Count     : 1
GPU Memory    : 44.49 GB

Timestamp : 2023-03-20 03:06:57.837323

INFO >> Running on CUDA


INFO >> Training Classifier

INFO >> Epoch: 1  |  Train Loss: 2.294 | Train Acc: 13.81  |  Val Loss: 2.030 | Val Acc: 23.00  |  Test Loss: 2.053 | Tes Acc: 18.67
DEBUG >> Best state saved | Val Acc 23.000000417232513 | Test Acc 18.666666746139526

INFO >> Epoch: 2  |  Train Loss: 1.993 | Train Acc: 20.48  |  Val Loss: 1.925 | Val Acc: 28.00  |  Test Loss: 1.962 | Tes Acc: 25.00
DEBUG >> Best state saved | Val Acc 28.00000011920929 | Test Acc 25.0

INFO >> Epoch: 3  |  Train Loss: 1.833 | Train Acc: 29.05  |  Val Loss: 1.733 | Val Acc: 39.67  |  Test Loss: 1.825 | Tes Acc: 36.33
DEBUG >> Best state saved | Val Acc 39.66666758060455 | Test Acc 36.33333444595337

INFO >> Epoch: 4  |  Train Loss: 1.603 | Train Acc: 40.48  |  Val Loss: 1.425 | Val Acc: 43.00  |  Test Loss: 1.586 | Tes Acc: 34.67
DEBUG >> Best state saved | Val Acc 43.00000071525574 | Test Acc 34.66666638851166

INFO >> Epoch: 5  |  Train Loss: 1.386 | Train Acc: 47.50  |  Val Loss: 1.535 | Val Acc: 43.67  |  Test Loss: 1.555 | Tes Acc: 43.67
DEBUG >> Best state saved | Val Acc 43.666666746139526 | Test Acc 43.666666746139526

INFO >> Epoch: 6  |  Train Loss: 1.225 | Train Acc: 52.74  |  Val Loss: 1.580 | Val Acc: 44.33  |  Test Loss: 1.340 | Tes Acc: 51.00
DEBUG >> Best state saved | Val Acc 44.333332777023315 | Test Acc 50.999999046325684

INFO >> Epoch: 7  |  Train Loss: 1.133 | Train Acc: 56.79  |  Val Loss: 1.169 | Val Acc: 56.00  |  Test Loss: 1.128 | Tes Acc: 60.00
DEBUG >> Best state saved | Val Acc 56.00000023841858 | Test Acc 60.00000238418579

INFO >> Epoch: 8  |  Train Loss: 0.905 | Train Acc: 68.21  |  Val Loss: 1.035 | Val Acc: 62.67  |  Test Loss: 1.051 | Tes Acc: 58.33
DEBUG >> Best state saved | Val Acc 62.66666650772095 | Test Acc 58.33333134651184

INFO >> Epoch: 9  |  Train Loss: 0.755 | Train Acc: 72.26  |  Val Loss: 0.790 | Val Acc: 72.00  |  Test Loss: 1.110 | Tes Acc: 61.00
DEBUG >> Best state saved | Val Acc 72.00000286102295 | Test Acc 61.000001430511475

INFO >> Epoch: 10  |  Train Loss: 0.567 | Train Acc: 80.12  |  Val Loss: 0.711 | Val Acc: 75.33  |  Test Loss: 1.326 | Tes Acc: 55.00
DEBUG >> Best state saved | Val Acc 75.3333330154419 | Test Acc 55.000001192092896

INFO >> Epoch: 11  |  Train Loss: 0.485 | Train Acc: 83.45  |  Val Loss: 1.016 | Val Acc: 65.67  |  Test Loss: 1.699 | Tes Acc: 55.67
INFO >> Epoch: 12  |  Train Loss: 0.559 | Train Acc: 80.12  |  Val Loss: 0.782 | Val Acc: 70.67  |  Test Loss: 1.067 | Tes Acc: 64.67
INFO >> Epoch: 13  |  Train Loss: 0.356 | Train Acc: 88.69  |  Val Loss: 0.728 | Val Acc: 74.33  |  Test Loss: 0.989 | Tes Acc: 70.33
INFO >> Epoch: 14  |  Train Loss: 0.310 | Train Acc: 88.45  |  Val Loss: 1.068 | Val Acc: 65.67  |  Test Loss: 1.319 | Tes Acc: 63.00
INFO >> Epoch: 15  |  Train Loss: 0.413 | Train Acc: 84.76  |  Val Loss: 0.672 | Val Acc: 77.67  |  Test Loss: 0.960 | Tes Acc: 68.33
DEBUG >> Best state saved | Val Acc 77.66666412353516 | Test Acc 68.33333373069763

INFO >> Epoch: 16  |  Train Loss: 0.233 | Train Acc: 92.38  |  Val Loss: 0.719 | Val Acc: 76.67  |  Test Loss: 0.988 | Tes Acc: 73.00
INFO >> Epoch: 17  |  Train Loss: 0.176 | Train Acc: 94.88  |  Val Loss: 0.762 | Val Acc: 79.67  |  Test Loss: 1.185 | Tes Acc: 69.33
DEBUG >> Best state saved | Val Acc 79.666668176651 | Test Acc 69.33333277702332

INFO >> Epoch: 18  |  Train Loss: 0.171 | Train Acc: 93.69  |  Val Loss: 0.725 | Val Acc: 79.67  |  Test Loss: 1.122 | Tes Acc: 72.00
INFO >> Epoch: 19  |  Train Loss: 0.143 | Train Acc: 95.48  |  Val Loss: 0.796 | Val Acc: 80.67  |  Test Loss: 1.168 | Tes Acc: 69.00
DEBUG >> Best state saved | Val Acc 80.66666722297668 | Test Acc 68.99999976158142

INFO >> Epoch: 20  |  Train Loss: 0.129 | Train Acc: 95.71  |  Val Loss: 0.667 | Val Acc: 80.33  |  Test Loss: 1.281 | Tes Acc: 67.67
INFO >> Epoch: 21  |  Train Loss: 0.084 | Train Acc: 97.62  |  Val Loss: 0.837 | Val Acc: 79.00  |  Test Loss: 1.302 | Tes Acc: 71.00
INFO >> Epoch: 22  |  Train Loss: 0.083 | Train Acc: 97.14  |  Val Loss: 0.788 | Val Acc: 80.33  |  Test Loss: 1.132 | Tes Acc: 71.00
INFO >> Epoch: 23  |  Train Loss: 0.157 | Train Acc: 93.57  |  Val Loss: 0.799 | Val Acc: 80.33  |  Test Loss: 1.114 | Tes Acc: 70.67
INFO >> Epoch: 24  |  Train Loss: 0.067 | Train Acc: 98.21  |  Val Loss: 0.718 | Val Acc: 82.67  |  Test Loss: 1.104 | Tes Acc: 69.33
DEBUG >> Best state saved | Val Acc 82.66666531562805 | Test Acc 69.33333277702332

INFO >> Epoch: 25  |  Train Loss: 0.038 | Train Acc: 99.40  |  Val Loss: 0.811 | Val Acc: 79.67  |  Test Loss: 1.426 | Tes Acc: 68.67
INFO >> Epoch: 26  |  Train Loss: 0.028 | Train Acc: 99.64  |  Val Loss: 0.894 | Val Acc: 80.33  |  Test Loss: 1.082 | Tes Acc: 73.33
INFO >> Epoch: 27  |  Train Loss: 0.022 | Train Acc: 99.76  |  Val Loss: 0.934 | Val Acc: 78.00  |  Test Loss: 1.122 | Tes Acc: 73.33
INFO >> Epoch: 28  |  Train Loss: 0.026 | Train Acc: 99.52  |  Val Loss: 0.925 | Val Acc: 80.33  |  Test Loss: 1.379 | Tes Acc: 70.33
INFO >> Epoch: 29  |  Train Loss: 0.013 | Train Acc: 100.00  |  Val Loss: 0.829 | Val Acc: 82.33  |  Test Loss: 1.306 | Tes Acc: 71.67
INFO >> Epoch: 30  |  Train Loss: 0.007 | Train Acc: 100.00  |  Val Loss: 0.871 | Val Acc: 81.00  |  Test Loss: 1.307 | Tes Acc: 73.33


INFO >> Time Taken: 14:51

INFO >> Best Val Acc : 82.66666531562805 | Best Test Acc : 69.33333277702332

INFO >> Agg. Weights : 
-0.037900909781455994 0.3509765565395355 0.22833563387393951 0.4216472804546356 0.25141552090644836 0.28357166051864624 0.02734610252082348 0.30528610944747925 0.12286543846130371 -0.27821025252342224 -0.35256636142730713 -0.12668775022029877 -0.4238020181655884 -0.32228711247444153 -0.28909605741500854 -0.3837965130805969 -0.23413819074630737 -0.08480261266231537 -0.17062968015670776 0.20198039710521698 0.06008729338645935 0.1299653947353363 0.03879332169890404 -0.07478326559066772

DEBUG >> Last state saved | Val Acc 81.00000023841858 | Test Acc 73.33333492279053

INFO >> History saved (./history/v1.5/RAVDESS/FX_HUBERT_ASR_LARGE_CLF_DENSE/Run4/history.pt)
