
--------------------------------------------------
Multilingual SER System v1.1
--------------------------------------------------
Run Name      : Run2
Model         : WAV2VEC2_BASE
Extract Mode  : memory
Device        : gpu
Dataset       : EMOVO
Epochs        : 20
Num Workers   : 2
Data Dir      : ./data
History Dir   : ./history
Weights Dir   : ./weights
Log Level     : debug
Purge Cache   : False
Job Name      : Job61
Job Id        : 30593584

Timestamp : 2023-02-27 22:43:39.828547

INFO >> Running on CUDA


INFO >> Training Classifier

DEBUG >> Best state saved | Val Acc 25.51020383834839 | Test Acc 26.530611515045166

INFO >> Epoch: 1 |   Train Loss: 1.940 | Train Acc: 11.22 |   Val Loss: 1.886 | Val Acc: 25.51 |   Test Loss: 1.921 | Tes Acc: 26.53
DEBUG >> Best state saved | Val Acc 53.06122303009033 | Test Acc 32.14285671710968

INFO >> Epoch: 2 |   Train Loss: 1.858 | Train Acc: 38.78 |   Val Loss: 1.692 | Val Acc: 53.06 |   Test Loss: 1.835 | Tes Acc: 32.14
INFO >> Epoch: 3 |   Train Loss: 1.652 | Train Acc: 40.48 |   Val Loss: 1.380 | Val Acc: 51.02 |   Test Loss: 1.690 | Tes Acc: 34.69
DEBUG >> Best state saved | Val Acc 63.26530575752258 | Test Acc 31.63265287876129

INFO >> Epoch: 4 |   Train Loss: 1.390 | Train Acc: 48.64 |   Val Loss: 1.195 | Val Acc: 63.27 |   Test Loss: 1.673 | Tes Acc: 31.63
INFO >> Epoch: 5 |   Train Loss: 1.159 | Train Acc: 57.48 |   Val Loss: 1.107 | Val Acc: 58.16 |   Test Loss: 1.755 | Tes Acc: 28.57
INFO >> Epoch: 6 |   Train Loss: 0.923 | Train Acc: 68.71 |   Val Loss: 1.278 | Val Acc: 53.06 |   Test Loss: 1.914 | Tes Acc: 32.65
INFO >> Epoch: 7 |   Train Loss: 0.759 | Train Acc: 71.77 |   Val Loss: 1.469 | Val Acc: 42.86 |   Test Loss: 2.227 | Tes Acc: 29.08
INFO >> Epoch: 8 |   Train Loss: 0.729 | Train Acc: 76.19 |   Val Loss: 1.422 | Val Acc: 53.06 |   Test Loss: 2.341 | Tes Acc: 32.14
INFO >> Epoch: 9 |   Train Loss: 0.525 | Train Acc: 82.65 |   Val Loss: 1.275 | Val Acc: 52.04 |   Test Loss: 2.273 | Tes Acc: 33.67
INFO >> Epoch: 10 |   Train Loss: 0.463 | Train Acc: 86.39 |   Val Loss: 1.217 | Val Acc: 56.12 |   Test Loss: 2.325 | Tes Acc: 34.69
INFO >> Epoch: 11 |   Train Loss: 0.388 | Train Acc: 90.82 |   Val Loss: 1.723 | Val Acc: 45.92 |   Test Loss: 2.537 | Tes Acc: 34.18
INFO >> Epoch: 12 |   Train Loss: 0.455 | Train Acc: 84.01 |   Val Loss: 1.570 | Val Acc: 50.00 |   Test Loss: 2.798 | Tes Acc: 38.27
INFO >> Epoch: 13 |   Train Loss: 0.483 | Train Acc: 84.01 |   Val Loss: 1.387 | Val Acc: 51.02 |   Test Loss: 2.852 | Tes Acc: 31.12
INFO >> Epoch: 14 |   Train Loss: 0.367 | Train Acc: 88.10 |   Val Loss: 1.285 | Val Acc: 58.16 |   Test Loss: 2.231 | Tes Acc: 37.24
INFO >> Epoch: 15 |   Train Loss: 0.276 | Train Acc: 90.82 |   Val Loss: 1.554 | Val Acc: 52.04 |   Test Loss: 2.883 | Tes Acc: 32.14
INFO >> Epoch: 16 |   Train Loss: 0.236 | Train Acc: 93.20 |   Val Loss: 1.278 | Val Acc: 61.22 |   Test Loss: 2.376 | Tes Acc: 38.27
INFO >> Epoch: 17 |   Train Loss: 0.176 | Train Acc: 95.92 |   Val Loss: 1.412 | Val Acc: 57.14 |   Test Loss: 2.795 | Tes Acc: 31.12
INFO >> Epoch: 18 |   Train Loss: 0.151 | Train Acc: 96.60 |   Val Loss: 1.336 | Val Acc: 61.22 |   Test Loss: 2.809 | Tes Acc: 36.22
INFO >> Epoch: 19 |   Train Loss: 0.118 | Train Acc: 96.60 |   Val Loss: 1.528 | Val Acc: 57.14 |   Test Loss: 2.964 | Tes Acc: 38.78
INFO >> Epoch: 20 |   Train Loss: 0.102 | Train Acc: 98.64 |   Val Loss: 1.313 | Val Acc: 60.20 |   Test Loss: 2.953 | Tes Acc: 32.65


INFO >> Time Taken: 55:51

INFO >> Best Val Acc : 63.26530575752258 | Best Test A : 31.63265287876129

INFO >> Agg. Weights : 
0.07395980507135391 0.22619380056858063 0.4001343846321106 -0.09188411384820938 0.34178149700164795 0.329450786113739 0.16043542325496674 0.3356572091579437 0.4029179811477661 -0.019743554294109344 -0.20431143045425415 -0.06199140474200249

DEBUG >> Last state saved | Val Acc 60.20408272743225 | Test Acc 32.65306055545807

INFO >> History saved (./history/v1.1/EMOVO/WAV2VEC2_BASE/Run2/history.pt)
