
--------------------------------------------------
Multilingual SER System v1.4
--------------------------------------------------
Run Name      : Run1
Fx Model      : WAV2VEC2_BASE
Clf Model     : PROBING_DENSE
Extract Mode  : gpu_memory
Dataset       : AESDD
Device        : gpu
Epochs        : 30
Num Workers   : 3
Data Dir      : ./data
History Dir   : ./history
Weights Dir   : ./weights
Log Level     : debug
Purge Cache   : False
Job Name      : Job1
Job Id        : 30912780
GPU           : Quadro RTX 8000
GPU Count     : 1
GPU Memory    : 44.49 GB

Timestamp : 2023-03-11 03:29:59.078158

INFO >> Running on CUDA


INFO >> Training Classifier

INFO >> Epoch: 1  |  Layer:  1  |  Train Loss: 1.638 | Train Acc: 19.13  |  Val Loss: 1.592 | Val Acc: 31.31  |  Test Loss: 1.601 | Tes Acc: 20.29
INFO >> Epoch: 1  |  Layer:  2  |  Train Loss: 1.610 | Train Acc: 25.50  |  Val Loss: 1.594 | Val Acc: 30.30  |  Test Loss: 1.597 | Tes Acc: 25.12
INFO >> Epoch: 1  |  Layer:  3  |  Train Loss: 1.607 | Train Acc: 25.84  |  Val Loss: 1.588 | Val Acc: 34.34  |  Test Loss: 1.591 | Tes Acc: 24.64
INFO >> Epoch: 1  |  Layer:  4  |  Train Loss: 1.604 | Train Acc: 27.85  |  Val Loss: 1.582 | Val Acc: 49.49  |  Test Loss: 1.582 | Tes Acc: 27.54
INFO >> Epoch: 1  |  Layer:  5  |  Train Loss: 1.599 | Train Acc: 29.19  |  Val Loss: 1.575 | Val Acc: 39.39  |  Test Loss: 1.572 | Tes Acc: 27.54
INFO >> Epoch: 1  |  Layer:  6  |  Train Loss: 1.597 | Train Acc: 30.54  |  Val Loss: 1.567 | Val Acc: 41.41  |  Test Loss: 1.569 | Tes Acc: 30.92
INFO >> Epoch: 1  |  Layer:  7  |  Train Loss: 1.594 | Train Acc: 30.87  |  Val Loss: 1.554 | Val Acc: 33.33  |  Test Loss: 1.568 | Tes Acc: 29.47
INFO >> Epoch: 1  |  Layer:  8  |  Train Loss: 1.596 | Train Acc: 26.17  |  Val Loss: 1.562 | Val Acc: 36.36  |  Test Loss: 1.574 | Tes Acc: 30.43
INFO >> Epoch: 1  |  Layer:  9  |  Train Loss: 1.595 | Train Acc: 25.84  |  Val Loss: 1.555 | Val Acc: 37.37  |  Test Loss: 1.573 | Tes Acc: 31.40
INFO >> Epoch: 1  |  Layer: 10  |  Train Loss: 1.598 | Train Acc: 23.83  |  Val Loss: 1.565 | Val Acc: 31.31  |  Test Loss: 1.580 | Tes Acc: 30.92
INFO >> Epoch: 1  |  Layer: 11  |  Train Loss: 1.600 | Train Acc: 25.50  |  Val Loss: 1.570 | Val Acc: 36.36  |  Test Loss: 1.586 | Tes Acc: 28.50
INFO >> Epoch: 1  |  Layer: 12  |  Train Loss: 1.610 | Train Acc: 19.13  |  Val Loss: 1.612 | Val Acc: 20.20  |  Test Loss: 1.603 | Tes Acc: 23.19
INFO >> Epoch: 1  |  Layer: 13  |  Train Loss: 1.611 | Train Acc: 18.79  |  Val Loss: 1.594 | Val Acc: 31.31  |  Test Loss: 1.596 | Tes Acc: 24.64

INFO >> Epoch: 2  |  Layer:  1  |  Train Loss: 1.602 | Train Acc: 22.82  |  Val Loss: 1.618 | Val Acc: 26.26  |  Test Loss: 1.589 | Tes Acc: 20.77
INFO >> Epoch: 2  |  Layer:  2  |  Train Loss: 1.569 | Train Acc: 29.19  |  Val Loss: 1.554 | Val Acc: 37.37  |  Test Loss: 1.569 | Tes Acc: 32.37
INFO >> Epoch: 2  |  Layer:  3  |  Train Loss: 1.561 | Train Acc: 30.20  |  Val Loss: 1.549 | Val Acc: 35.35  |  Test Loss: 1.547 | Tes Acc: 35.27
INFO >> Epoch: 2  |  Layer:  4  |  Train Loss: 1.537 | Train Acc: 37.92  |  Val Loss: 1.514 | Val Acc: 36.36  |  Test Loss: 1.501 | Tes Acc: 43.96
INFO >> Epoch: 2  |  Layer:  5  |  Train Loss: 1.515 | Train Acc: 40.27  |  Val Loss: 1.490 | Val Acc: 49.49  |  Test Loss: 1.448 | Tes Acc: 47.34
INFO >> Epoch: 2  |  Layer:  6  |  Train Loss: 1.511 | Train Acc: 38.93  |  Val Loss: 1.470 | Val Acc: 38.38  |  Test Loss: 1.451 | Tes Acc: 42.51
INFO >> Epoch: 2  |  Layer:  7  |  Train Loss: 1.499 | Train Acc: 38.59  |  Val Loss: 1.444 | Val Acc: 44.44  |  Test Loss: 1.447 | Tes Acc: 47.83
INFO >> Epoch: 2  |  Layer:  8  |  Train Loss: 1.520 | Train Acc: 37.92  |  Val Loss: 1.474 | Val Acc: 42.42  |  Test Loss: 1.490 | Tes Acc: 37.68
INFO >> Epoch: 2  |  Layer:  9  |  Train Loss: 1.517 | Train Acc: 35.91  |  Val Loss: 1.458 | Val Acc: 51.52  |  Test Loss: 1.498 | Tes Acc: 39.61
INFO >> Epoch: 2  |  Layer: 10  |  Train Loss: 1.523 | Train Acc: 36.24  |  Val Loss: 1.481 | Val Acc: 38.38  |  Test Loss: 1.529 | Tes Acc: 36.71
INFO >> Epoch: 2  |  Layer: 11  |  Train Loss: 1.538 | Train Acc: 34.90  |  Val Loss: 1.514 | Val Acc: 30.30  |  Test Loss: 1.544 | Tes Acc: 26.09
INFO >> Epoch: 2  |  Layer: 12  |  Train Loss: 1.598 | Train Acc: 23.83  |  Val Loss: 1.597 | Val Acc: 27.27  |  Test Loss: 1.598 | Tes Acc: 23.19
INFO >> Epoch: 2  |  Layer: 13  |  Train Loss: 1.580 | Train Acc: 28.19  |  Val Loss: 1.575 | Val Acc: 32.32  |  Test Loss: 1.578 | Tes Acc: 29.95

INFO >> Epoch: 3  |  Layer:  1  |  Train Loss: 1.576 | Train Acc: 26.85  |  Val Loss: 1.604 | Val Acc: 22.22  |  Test Loss: 1.570 | Tes Acc: 28.02
INFO >> Epoch: 3  |  Layer:  2  |  Train Loss: 1.484 | Train Acc: 37.58  |  Val Loss: 1.450 | Val Acc: 46.46  |  Test Loss: 1.506 | Tes Acc: 38.16
INFO >> Epoch: 3  |  Layer:  3  |  Train Loss: 1.461 | Train Acc: 41.95  |  Val Loss: 1.430 | Val Acc: 54.55  |  Test Loss: 1.446 | Tes Acc: 41.06
INFO >> Epoch: 3  |  Layer:  4  |  Train Loss: 1.356 | Train Acc: 51.01  |  Val Loss: 1.289 | Val Acc: 63.64  |  Test Loss: 1.326 | Tes Acc: 48.79
INFO >> Epoch: 3  |  Layer:  5  |  Train Loss: 1.281 | Train Acc: 63.09  |  Val Loss: 1.257 | Val Acc: 65.66  |  Test Loss: 1.270 | Tes Acc: 53.62
INFO >> Epoch: 3  |  Layer:  6  |  Train Loss: 1.278 | Train Acc: 61.41  |  Val Loss: 1.233 | Val Acc: 62.63  |  Test Loss: 1.275 | Tes Acc: 49.76
INFO >> Epoch: 3  |  Layer:  7  |  Train Loss: 1.246 | Train Acc: 63.09  |  Val Loss: 1.178 | Val Acc: 67.68  |  Test Loss: 1.273 | Tes Acc: 55.07
INFO >> Epoch: 3  |  Layer:  8  |  Train Loss: 1.339 | Train Acc: 55.37  |  Val Loss: 1.254 | Val Acc: 68.69  |  Test Loss: 1.372 | Tes Acc: 43.96
INFO >> Epoch: 3  |  Layer:  9  |  Train Loss: 1.360 | Train Acc: 53.02  |  Val Loss: 1.236 | Val Acc: 63.64  |  Test Loss: 1.401 | Tes Acc: 43.00
INFO >> Epoch: 3  |  Layer: 10  |  Train Loss: 1.394 | Train Acc: 48.32  |  Val Loss: 1.303 | Val Acc: 64.65  |  Test Loss: 1.471 | Tes Acc: 34.78
INFO >> Epoch: 3  |  Layer: 11  |  Train Loss: 1.426 | Train Acc: 42.28  |  Val Loss: 1.367 | Val Acc: 61.62  |  Test Loss: 1.493 | Tes Acc: 35.27
INFO >> Epoch: 3  |  Layer: 12  |  Train Loss: 1.574 | Train Acc: 30.20  |  Val Loss: 1.575 | Val Acc: 31.31  |  Test Loss: 1.592 | Tes Acc: 25.12
INFO >> Epoch: 3  |  Layer: 13  |  Train Loss: 1.532 | Train Acc: 32.55  |  Val Loss: 1.566 | Val Acc: 30.30  |  Test Loss: 1.535 | Tes Acc: 30.43

INFO >> Epoch: 4  |  Layer:  1  |  Train Loss: 1.525 | Train Acc: 29.53  |  Val Loss: 1.525 | Val Acc: 41.41  |  Test Loss: 1.565 | Tes Acc: 25.12
INFO >> Epoch: 4  |  Layer:  2  |  Train Loss: 1.332 | Train Acc: 47.32  |  Val Loss: 1.325 | Val Acc: 51.52  |  Test Loss: 1.465 | Tes Acc: 30.43
INFO >> Epoch: 4  |  Layer:  3  |  Train Loss: 1.284 | Train Acc: 50.00  |  Val Loss: 1.285 | Val Acc: 51.52  |  Test Loss: 1.347 | Tes Acc: 42.51
INFO >> Epoch: 4  |  Layer:  4  |  Train Loss: 1.164 | Train Acc: 57.72  |  Val Loss: 1.138 | Val Acc: 63.64  |  Test Loss: 1.202 | Tes Acc: 51.69
INFO >> Epoch: 4  |  Layer:  5  |  Train Loss: 1.083 | Train Acc: 58.72  |  Val Loss: 1.076 | Val Acc: 70.71  |  Test Loss: 1.136 | Tes Acc: 58.94
INFO >> Epoch: 4  |  Layer:  6  |  Train Loss: 1.068 | Train Acc: 58.05  |  Val Loss: 1.076 | Val Acc: 63.64  |  Test Loss: 1.111 | Tes Acc: 57.00
INFO >> Epoch: 4  |  Layer:  7  |  Train Loss: 1.029 | Train Acc: 61.07  |  Val Loss: 1.009 | Val Acc: 63.64  |  Test Loss: 1.069 | Tes Acc: 67.15
INFO >> Epoch: 4  |  Layer:  8  |  Train Loss: 1.138 | Train Acc: 58.72  |  Val Loss: 1.147 | Val Acc: 53.54  |  Test Loss: 1.173 | Tes Acc: 53.14
INFO >> Epoch: 4  |  Layer:  9  |  Train Loss: 1.174 | Train Acc: 53.02  |  Val Loss: 1.166 | Val Acc: 50.51  |  Test Loss: 1.253 | Tes Acc: 50.72
INFO >> Epoch: 4  |  Layer: 10  |  Train Loss: 1.229 | Train Acc: 51.68  |  Val Loss: 1.265 | Val Acc: 38.38  |  Test Loss: 1.283 | Tes Acc: 45.41
INFO >> Epoch: 4  |  Layer: 11  |  Train Loss: 1.285 | Train Acc: 52.01  |  Val Loss: 1.279 | Val Acc: 42.42  |  Test Loss: 1.371 | Tes Acc: 42.51
INFO >> Epoch: 4  |  Layer: 12  |  Train Loss: 1.534 | Train Acc: 28.86  |  Val Loss: 1.560 | Val Acc: 35.35  |  Test Loss: 1.598 | Tes Acc: 23.67
INFO >> Epoch: 4  |  Layer: 13  |  Train Loss: 1.466 | Train Acc: 33.89  |  Val Loss: 1.497 | Val Acc: 36.36  |  Test Loss: 1.543 | Tes Acc: 27.05

INFO >> Epoch: 5  |  Layer:  1  |  Train Loss: 1.493 | Train Acc: 32.55  |  Val Loss: 1.726 | Val Acc: 36.36  |  Test Loss: 1.554 | Tes Acc: 26.09
INFO >> Epoch: 5  |  Layer:  2  |  Train Loss: 1.192 | Train Acc: 48.66  |  Val Loss: 1.396 | Val Acc: 44.44  |  Test Loss: 1.337 | Tes Acc: 47.34
INFO >> Epoch: 5  |  Layer:  3  |  Train Loss: 1.068 | Train Acc: 59.40  |  Val Loss: 1.150 | Val Acc: 56.57  |  Test Loss: 1.212 | Tes Acc: 48.79
INFO >> Epoch: 5  |  Layer:  4  |  Train Loss: 0.934 | Train Acc: 66.11  |  Val Loss: 1.045 | Val Acc: 61.62  |  Test Loss: 1.088 | Tes Acc: 59.90
INFO >> Epoch: 5  |  Layer:  5  |  Train Loss: 0.847 | Train Acc: 71.81  |  Val Loss: 0.997 | Val Acc: 57.58  |  Test Loss: 1.022 | Tes Acc: 60.39
INFO >> Epoch: 5  |  Layer:  6  |  Train Loss: 0.840 | Train Acc: 73.49  |  Val Loss: 0.973 | Val Acc: 64.65  |  Test Loss: 1.024 | Tes Acc: 61.35
INFO >> Epoch: 5  |  Layer:  7  |  Train Loss: 0.778 | Train Acc: 74.50  |  Val Loss: 0.982 | Val Acc: 54.55  |  Test Loss: 0.978 | Tes Acc: 64.25
INFO >> Epoch: 5  |  Layer:  8  |  Train Loss: 0.904 | Train Acc: 71.48  |  Val Loss: 1.015 | Val Acc: 59.60  |  Test Loss: 1.067 | Tes Acc: 59.90
INFO >> Epoch: 5  |  Layer:  9  |  Train Loss: 0.955 | Train Acc: 66.44  |  Val Loss: 1.071 | Val Acc: 53.54  |  Test Loss: 1.131 | Tes Acc: 51.69
INFO >> Epoch: 5  |  Layer: 10  |  Train Loss: 1.004 | Train Acc: 68.46  |  Val Loss: 1.079 | Val Acc: 55.56  |  Test Loss: 1.145 | Tes Acc: 51.69
INFO >> Epoch: 5  |  Layer: 11  |  Train Loss: 1.097 | Train Acc: 63.09  |  Val Loss: 1.157 | Val Acc: 46.46  |  Test Loss: 1.283 | Tes Acc: 41.06
INFO >> Epoch: 5  |  Layer: 12  |  Train Loss: 1.533 | Train Acc: 28.52  |  Val Loss: 1.542 | Val Acc: 45.45  |  Test Loss: 1.553 | Tes Acc: 28.99
INFO >> Epoch: 5  |  Layer: 13  |  Train Loss: 1.411 | Train Acc: 40.27  |  Val Loss: 1.470 | Val Acc: 37.37  |  Test Loss: 1.554 | Tes Acc: 27.05

INFO >> Epoch: 6  |  Layer:  1  |  Train Loss: 1.450 | Train Acc: 32.21  |  Val Loss: 1.422 | Val Acc: 48.48  |  Test Loss: 1.585 | Tes Acc: 20.29
INFO >> Epoch: 6  |  Layer:  2  |  Train Loss: 1.027 | Train Acc: 61.74  |  Val Loss: 1.251 | Val Acc: 51.52  |  Test Loss: 1.398 | Tes Acc: 34.78
INFO >> Epoch: 6  |  Layer:  3  |  Train Loss: 0.943 | Train Acc: 65.44  |  Val Loss: 1.154 | Val Acc: 37.37  |  Test Loss: 1.255 | Tes Acc: 46.38
INFO >> Epoch: 6  |  Layer:  4  |  Train Loss: 0.778 | Train Acc: 72.15  |  Val Loss: 1.057 | Val Acc: 58.59  |  Test Loss: 1.122 | Tes Acc: 50.24
INFO >> Epoch: 6  |  Layer:  5  |  Train Loss: 0.746 | Train Acc: 73.15  |  Val Loss: 0.998 | Val Acc: 63.64  |  Test Loss: 1.102 | Tes Acc: 46.86
INFO >> Epoch: 6  |  Layer:  6  |  Train Loss: 0.718 | Train Acc: 71.48  |  Val Loss: 0.973 | Val Acc: 52.53  |  Test Loss: 1.096 | Tes Acc: 51.69
INFO >> Epoch: 6  |  Layer:  7  |  Train Loss: 0.659 | Train Acc: 77.18  |  Val Loss: 1.056 | Val Acc: 54.55  |  Test Loss: 1.145 | Tes Acc: 53.14
INFO >> Epoch: 6  |  Layer:  8  |  Train Loss: 0.762 | Train Acc: 74.16  |  Val Loss: 1.044 | Val Acc: 50.51  |  Test Loss: 1.152 | Tes Acc: 47.83
INFO >> Epoch: 6  |  Layer:  9  |  Train Loss: 0.798 | Train Acc: 72.15  |  Val Loss: 1.078 | Val Acc: 50.51  |  Test Loss: 1.196 | Tes Acc: 46.86
INFO >> Epoch: 6  |  Layer: 10  |  Train Loss: 0.833 | Train Acc: 70.47  |  Val Loss: 1.055 | Val Acc: 46.46  |  Test Loss: 1.150 | Tes Acc: 53.14
INFO >> Epoch: 6  |  Layer: 11  |  Train Loss: 0.953 | Train Acc: 62.75  |  Val Loss: 1.131 | Val Acc: 47.47  |  Test Loss: 1.253 | Tes Acc: 45.41
INFO >> Epoch: 6  |  Layer: 12  |  Train Loss: 1.468 | Train Acc: 34.23  |  Val Loss: 1.517 | Val Acc: 24.24  |  Test Loss: 1.594 | Tes Acc: 20.77
INFO >> Epoch: 6  |  Layer: 13  |  Train Loss: 1.298 | Train Acc: 42.28  |  Val Loss: 1.399 | Val Acc: 35.35  |  Test Loss: 1.501 | Tes Acc: 31.40

INFO >> Epoch: 7  |  Layer:  1  |  Train Loss: 1.402 | Train Acc: 37.58  |  Val Loss: 1.535 | Val Acc: 43.43  |  Test Loss: 1.528 | Tes Acc: 29.95
INFO >> Epoch: 7  |  Layer:  2  |  Train Loss: 0.890 | Train Acc: 72.15  |  Val Loss: 1.103 | Val Acc: 63.64  |  Test Loss: 1.206 | Tes Acc: 52.66
INFO >> Epoch: 7  |  Layer:  3  |  Train Loss: 0.771 | Train Acc: 73.83  |  Val Loss: 0.993 | Val Acc: 60.61  |  Test Loss: 1.069 | Tes Acc: 61.84
INFO >> Epoch: 7  |  Layer:  4  |  Train Loss: 0.636 | Train Acc: 77.85  |  Val Loss: 0.959 | Val Acc: 62.63  |  Test Loss: 0.923 | Tes Acc: 64.73
INFO >> Epoch: 7  |  Layer:  5  |  Train Loss: 0.604 | Train Acc: 80.20  |  Val Loss: 0.806 | Val Acc: 67.68  |  Test Loss: 0.922 | Tes Acc: 67.63
INFO >> Epoch: 7  |  Layer:  6  |  Train Loss: 0.580 | Train Acc: 81.54  |  Val Loss: 0.878 | Val Acc: 68.69  |  Test Loss: 0.979 | Tes Acc: 61.35
INFO >> Epoch: 7  |  Layer:  7  |  Train Loss: 0.497 | Train Acc: 84.90  |  Val Loss: 0.875 | Val Acc: 58.59  |  Test Loss: 0.924 | Tes Acc: 68.12
INFO >> Epoch: 7  |  Layer:  8  |  Train Loss: 0.590 | Train Acc: 78.52  |  Val Loss: 0.940 | Val Acc: 53.54  |  Test Loss: 0.948 | Tes Acc: 62.32
INFO >> Epoch: 7  |  Layer:  9  |  Train Loss: 0.639 | Train Acc: 75.84  |  Val Loss: 1.002 | Val Acc: 54.55  |  Test Loss: 0.998 | Tes Acc: 61.35
INFO >> Epoch: 7  |  Layer: 10  |  Train Loss: 0.684 | Train Acc: 75.84  |  Val Loss: 1.032 | Val Acc: 50.51  |  Test Loss: 1.001 | Tes Acc: 58.45
INFO >> Epoch: 7  |  Layer: 11  |  Train Loss: 0.848 | Train Acc: 69.13  |  Val Loss: 1.125 | Val Acc: 48.48  |  Test Loss: 1.149 | Tes Acc: 52.17
INFO >> Epoch: 7  |  Layer: 12  |  Train Loss: 1.410 | Train Acc: 43.62  |  Val Loss: 1.482 | Val Acc: 36.36  |  Test Loss: 1.570 | Tes Acc: 25.60
INFO >> Epoch: 7  |  Layer: 13  |  Train Loss: 1.234 | Train Acc: 50.34  |  Val Loss: 1.531 | Val Acc: 38.38  |  Test Loss: 1.644 | Tes Acc: 31.40

INFO >> Epoch: 8  |  Layer:  1  |  Train Loss: 1.350 | Train Acc: 38.26  |  Val Loss: 2.242 | Val Acc: 25.25  |  Test Loss: 1.712 | Tes Acc: 25.60
INFO >> Epoch: 8  |  Layer:  2  |  Train Loss: 0.760 | Train Acc: 77.85  |  Val Loss: 1.086 | Val Acc: 65.66  |  Test Loss: 1.262 | Tes Acc: 47.34
INFO >> Epoch: 8  |  Layer:  3  |  Train Loss: 0.637 | Train Acc: 82.55  |  Val Loss: 0.775 | Val Acc: 71.72  |  Test Loss: 1.140 | Tes Acc: 55.07
INFO >> Epoch: 8  |  Layer:  4  |  Train Loss: 0.497 | Train Acc: 84.90  |  Val Loss: 0.868 | Val Acc: 62.63  |  Test Loss: 0.933 | Tes Acc: 64.73
INFO >> Epoch: 8  |  Layer:  5  |  Train Loss: 0.456 | Train Acc: 87.58  |  Val Loss: 0.752 | Val Acc: 65.66  |  Test Loss: 0.957 | Tes Acc: 64.25
INFO >> Epoch: 8  |  Layer:  6  |  Train Loss: 0.471 | Train Acc: 85.91  |  Val Loss: 0.735 | Val Acc: 73.74  |  Test Loss: 0.967 | Tes Acc: 61.84
INFO >> Epoch: 8  |  Layer:  7  |  Train Loss: 0.381 | Train Acc: 90.94  |  Val Loss: 0.878 | Val Acc: 58.59  |  Test Loss: 1.134 | Tes Acc: 57.97
INFO >> Epoch: 8  |  Layer:  8  |  Train Loss: 0.476 | Train Acc: 87.25  |  Val Loss: 0.852 | Val Acc: 65.66  |  Test Loss: 1.095 | Tes Acc: 58.94
INFO >> Epoch: 8  |  Layer:  9  |  Train Loss: 0.525 | Train Acc: 83.89  |  Val Loss: 0.835 | Val Acc: 63.64  |  Test Loss: 1.153 | Tes Acc: 57.49
INFO >> Epoch: 8  |  Layer: 10  |  Train Loss: 0.535 | Train Acc: 84.90  |  Val Loss: 0.859 | Val Acc: 60.61  |  Test Loss: 1.171 | Tes Acc: 56.04
INFO >> Epoch: 8  |  Layer: 11  |  Train Loss: 0.677 | Train Acc: 78.86  |  Val Loss: 0.954 | Val Acc: 53.54  |  Test Loss: 1.204 | Tes Acc: 53.62
INFO >> Epoch: 8  |  Layer: 12  |  Train Loss: 1.309 | Train Acc: 40.60  |  Val Loss: 1.503 | Val Acc: 40.40  |  Test Loss: 1.446 | Tes Acc: 42.03
INFO >> Epoch: 8  |  Layer: 13  |  Train Loss: 1.150 | Train Acc: 49.33  |  Val Loss: 1.339 | Val Acc: 46.46  |  Test Loss: 1.512 | Tes Acc: 35.27

INFO >> Epoch: 9  |  Layer:  1  |  Train Loss: 1.372 | Train Acc: 38.26  |  Val Loss: 1.670 | Val Acc: 37.37  |  Test Loss: 1.564 | Tes Acc: 28.50
INFO >> Epoch: 9  |  Layer:  2  |  Train Loss: 0.657 | Train Acc: 73.83  |  Val Loss: 1.148 | Val Acc: 59.60  |  Test Loss: 1.293 | Tes Acc: 49.76
INFO >> Epoch: 9  |  Layer:  3  |  Train Loss: 0.533 | Train Acc: 83.22  |  Val Loss: 0.948 | Val Acc: 60.61  |  Test Loss: 1.025 | Tes Acc: 56.52
INFO >> Epoch: 9  |  Layer:  4  |  Train Loss: 0.398 | Train Acc: 89.60  |  Val Loss: 0.883 | Val Acc: 59.60  |  Test Loss: 0.892 | Tes Acc: 64.73
INFO >> Epoch: 9  |  Layer:  5  |  Train Loss: 0.420 | Train Acc: 84.56  |  Val Loss: 0.781 | Val Acc: 59.60  |  Test Loss: 0.988 | Tes Acc: 59.42
INFO >> Epoch: 9  |  Layer:  6  |  Train Loss: 0.380 | Train Acc: 87.58  |  Val Loss: 0.798 | Val Acc: 66.67  |  Test Loss: 0.929 | Tes Acc: 62.32
INFO >> Epoch: 9  |  Layer:  7  |  Train Loss: 0.334 | Train Acc: 89.26  |  Val Loss: 0.982 | Val Acc: 57.58  |  Test Loss: 1.052 | Tes Acc: 59.42
INFO >> Epoch: 9  |  Layer:  8  |  Train Loss: 0.437 | Train Acc: 84.90  |  Val Loss: 0.947 | Val Acc: 61.62  |  Test Loss: 0.983 | Tes Acc: 62.32
INFO >> Epoch: 9  |  Layer:  9  |  Train Loss: 0.461 | Train Acc: 82.55  |  Val Loss: 0.884 | Val Acc: 56.57  |  Test Loss: 1.027 | Tes Acc: 58.94
INFO >> Epoch: 9  |  Layer: 10  |  Train Loss: 0.446 | Train Acc: 83.89  |  Val Loss: 0.934 | Val Acc: 53.54  |  Test Loss: 0.980 | Tes Acc: 60.87
INFO >> Epoch: 9  |  Layer: 11  |  Train Loss: 0.593 | Train Acc: 79.19  |  Val Loss: 0.979 | Val Acc: 55.56  |  Test Loss: 1.046 | Tes Acc: 58.45
INFO >> Epoch: 9  |  Layer: 12  |  Train Loss: 1.252 | Train Acc: 44.97  |  Val Loss: 1.502 | Val Acc: 36.36  |  Test Loss: 1.427 | Tes Acc: 38.65
INFO >> Epoch: 9  |  Layer: 13  |  Train Loss: 1.124 | Train Acc: 51.01  |  Val Loss: 1.583 | Val Acc: 31.31  |  Test Loss: 1.495 | Tes Acc: 32.85

INFO >> Epoch: 10  |  Layer:  1  |  Train Loss: 1.289 | Train Acc: 42.95  |  Val Loss: 1.973 | Val Acc: 27.27  |  Test Loss: 1.712 | Tes Acc: 31.88
INFO >> Epoch: 10  |  Layer:  2  |  Train Loss: 0.568 | Train Acc: 82.21  |  Val Loss: 0.866 | Val Acc: 68.69  |  Test Loss: 1.177 | Tes Acc: 53.62
INFO >> Epoch: 10  |  Layer:  3  |  Train Loss: 0.450 | Train Acc: 87.25  |  Val Loss: 0.911 | Val Acc: 60.61  |  Test Loss: 0.977 | Tes Acc: 65.22
INFO >> Epoch: 10  |  Layer:  4  |  Train Loss: 0.318 | Train Acc: 90.94  |  Val Loss: 1.040 | Val Acc: 54.55  |  Test Loss: 0.905 | Tes Acc: 64.25
INFO >> Epoch: 10  |  Layer:  5  |  Train Loss: 0.345 | Train Acc: 89.26  |  Val Loss: 0.669 | Val Acc: 68.69  |  Test Loss: 0.896 | Tes Acc: 67.63
INFO >> Epoch: 10  |  Layer:  6  |  Train Loss: 0.307 | Train Acc: 88.93  |  Val Loss: 0.691 | Val Acc: 72.73  |  Test Loss: 0.840 | Tes Acc: 67.63
INFO >> Epoch: 10  |  Layer:  7  |  Train Loss: 0.248 | Train Acc: 92.95  |  Val Loss: 0.878 | Val Acc: 62.63  |  Test Loss: 0.988 | Tes Acc: 63.77
INFO >> Epoch: 10  |  Layer:  8  |  Train Loss: 0.378 | Train Acc: 85.23  |  Val Loss: 0.935 | Val Acc: 60.61  |  Test Loss: 0.990 | Tes Acc: 61.84
INFO >> Epoch: 10  |  Layer:  9  |  Train Loss: 0.405 | Train Acc: 87.58  |  Val Loss: 0.819 | Val Acc: 61.62  |  Test Loss: 0.947 | Tes Acc: 65.70
INFO >> Epoch: 10  |  Layer: 10  |  Train Loss: 0.401 | Train Acc: 88.26  |  Val Loss: 1.106 | Val Acc: 57.58  |  Test Loss: 0.985 | Tes Acc: 61.84
INFO >> Epoch: 10  |  Layer: 11  |  Train Loss: 0.517 | Train Acc: 81.88  |  Val Loss: 1.134 | Val Acc: 56.57  |  Test Loss: 1.145 | Tes Acc: 56.04
INFO >> Epoch: 10  |  Layer: 12  |  Train Loss: 1.235 | Train Acc: 48.66  |  Val Loss: 1.362 | Val Acc: 45.45  |  Test Loss: 1.404 | Tes Acc: 45.89
INFO >> Epoch: 10  |  Layer: 13  |  Train Loss: 1.122 | Train Acc: 50.00  |  Val Loss: 1.429 | Val Acc: 36.36  |  Test Loss: 1.478 | Tes Acc: 35.27

INFO >> Epoch: 11  |  Layer:  1  |  Train Loss: 1.248 | Train Acc: 46.64  |  Val Loss: 1.546 | Val Acc: 44.44  |  Test Loss: 1.548 | Tes Acc: 28.99
INFO >> Epoch: 11  |  Layer:  2  |  Train Loss: 0.499 | Train Acc: 81.88  |  Val Loss: 0.814 | Val Acc: 69.70  |  Test Loss: 1.212 | Tes Acc: 53.62
INFO >> Epoch: 11  |  Layer:  3  |  Train Loss: 0.398 | Train Acc: 86.91  |  Val Loss: 0.740 | Val Acc: 64.65  |  Test Loss: 0.953 | Tes Acc: 62.80
INFO >> Epoch: 11  |  Layer:  4  |  Train Loss: 0.310 | Train Acc: 89.26  |  Val Loss: 0.904 | Val Acc: 61.62  |  Test Loss: 0.958 | Tes Acc: 59.90
INFO >> Epoch: 11  |  Layer:  5  |  Train Loss: 0.390 | Train Acc: 84.56  |  Val Loss: 0.593 | Val Acc: 76.77  |  Test Loss: 0.930 | Tes Acc: 64.25
INFO >> Epoch: 11  |  Layer:  6  |  Train Loss: 0.315 | Train Acc: 89.93  |  Val Loss: 0.602 | Val Acc: 77.78  |  Test Loss: 0.840 | Tes Acc: 68.60
INFO >> Epoch: 11  |  Layer:  7  |  Train Loss: 0.288 | Train Acc: 90.27  |  Val Loss: 0.766 | Val Acc: 70.71  |  Test Loss: 0.964 | Tes Acc: 61.35
INFO >> Epoch: 11  |  Layer:  8  |  Train Loss: 0.388 | Train Acc: 84.90  |  Val Loss: 0.734 | Val Acc: 68.69  |  Test Loss: 0.957 | Tes Acc: 64.73
INFO >> Epoch: 11  |  Layer:  9  |  Train Loss: 0.410 | Train Acc: 86.24  |  Val Loss: 0.648 | Val Acc: 70.71  |  Test Loss: 1.034 | Tes Acc: 57.49
INFO >> Epoch: 11  |  Layer: 10  |  Train Loss: 0.407 | Train Acc: 87.25  |  Val Loss: 0.838 | Val Acc: 55.56  |  Test Loss: 1.157 | Tes Acc: 53.62
INFO >> Epoch: 11  |  Layer: 11  |  Train Loss: 0.516 | Train Acc: 82.55  |  Val Loss: 0.874 | Val Acc: 54.55  |  Test Loss: 1.108 | Tes Acc: 53.62
INFO >> Epoch: 11  |  Layer: 12  |  Train Loss: 1.118 | Train Acc: 63.76  |  Val Loss: 1.363 | Val Acc: 41.41  |  Test Loss: 1.393 | Tes Acc: 41.55
INFO >> Epoch: 11  |  Layer: 13  |  Train Loss: 1.045 | Train Acc: 62.08  |  Val Loss: 1.240 | Val Acc: 49.49  |  Test Loss: 1.427 | Tes Acc: 45.41

INFO >> Epoch: 12  |  Layer:  1  |  Train Loss: 1.236 | Train Acc: 49.66  |  Val Loss: 1.777 | Val Acc: 41.41  |  Test Loss: 1.535 | Tes Acc: 33.33
INFO >> Epoch: 12  |  Layer:  2  |  Train Loss: 0.446 | Train Acc: 85.91  |  Val Loss: 0.847 | Val Acc: 67.68  |  Test Loss: 1.190 | Tes Acc: 56.52
INFO >> Epoch: 12  |  Layer:  3  |  Train Loss: 0.357 | Train Acc: 90.27  |  Val Loss: 0.810 | Val Acc: 60.61  |  Test Loss: 0.989 | Tes Acc: 65.22
INFO >> Epoch: 12  |  Layer:  4  |  Train Loss: 0.241 | Train Acc: 93.62  |  Val Loss: 0.964 | Val Acc: 60.61  |  Test Loss: 1.088 | Tes Acc: 57.97
INFO >> Epoch: 12  |  Layer:  5  |  Train Loss: 0.270 | Train Acc: 90.60  |  Val Loss: 0.596 | Val Acc: 68.69  |  Test Loss: 1.010 | Tes Acc: 65.70
INFO >> Epoch: 12  |  Layer:  6  |  Train Loss: 0.215 | Train Acc: 93.29  |  Val Loss: 0.667 | Val Acc: 74.75  |  Test Loss: 0.841 | Tes Acc: 67.15
INFO >> Epoch: 12  |  Layer:  7  |  Train Loss: 0.192 | Train Acc: 95.30  |  Val Loss: 0.912 | Val Acc: 58.59  |  Test Loss: 1.078 | Tes Acc: 58.94
INFO >> Epoch: 12  |  Layer:  8  |  Train Loss: 0.274 | Train Acc: 92.62  |  Val Loss: 0.894 | Val Acc: 59.60  |  Test Loss: 0.894 | Tes Acc: 67.63
INFO >> Epoch: 12  |  Layer:  9  |  Train Loss: 0.285 | Train Acc: 93.62  |  Val Loss: 0.775 | Val Acc: 59.60  |  Test Loss: 0.946 | Tes Acc: 59.90
INFO >> Epoch: 12  |  Layer: 10  |  Train Loss: 0.313 | Train Acc: 89.60  |  Val Loss: 0.893 | Val Acc: 56.57  |  Test Loss: 1.045 | Tes Acc: 58.45
INFO >> Epoch: 12  |  Layer: 11  |  Train Loss: 0.415 | Train Acc: 86.91  |  Val Loss: 0.936 | Val Acc: 55.56  |  Test Loss: 0.980 | Tes Acc: 60.87
INFO >> Epoch: 12  |  Layer: 12  |  Train Loss: 1.105 | Train Acc: 58.72  |  Val Loss: 1.277 | Val Acc: 48.48  |  Test Loss: 1.372 | Tes Acc: 43.00
INFO >> Epoch: 12  |  Layer: 13  |  Train Loss: 1.025 | Train Acc: 58.39  |  Val Loss: 1.247 | Val Acc: 47.47  |  Test Loss: 1.448 | Tes Acc: 44.93

INFO >> Epoch: 13  |  Layer:  1  |  Train Loss: 1.154 | Train Acc: 52.68  |  Val Loss: 2.290 | Val Acc: 39.39  |  Test Loss: 1.601 | Tes Acc: 32.37
INFO >> Epoch: 13  |  Layer:  2  |  Train Loss: 0.379 | Train Acc: 89.93  |  Val Loss: 0.748 | Val Acc: 67.68  |  Test Loss: 1.116 | Tes Acc: 59.90
INFO >> Epoch: 13  |  Layer:  3  |  Train Loss: 0.295 | Train Acc: 91.28  |  Val Loss: 0.767 | Val Acc: 64.65  |  Test Loss: 1.039 | Tes Acc: 65.70
INFO >> Epoch: 13  |  Layer:  4  |  Train Loss: 0.230 | Train Acc: 92.28  |  Val Loss: 0.805 | Val Acc: 62.63  |  Test Loss: 1.197 | Tes Acc: 60.39
INFO >> Epoch: 13  |  Layer:  5  |  Train Loss: 0.213 | Train Acc: 94.63  |  Val Loss: 0.571 | Val Acc: 69.70  |  Test Loss: 1.054 | Tes Acc: 64.25
INFO >> Epoch: 13  |  Layer:  6  |  Train Loss: 0.183 | Train Acc: 94.30  |  Val Loss: 0.638 | Val Acc: 75.76  |  Test Loss: 0.950 | Tes Acc: 65.70
INFO >> Epoch: 13  |  Layer:  7  |  Train Loss: 0.158 | Train Acc: 95.30  |  Val Loss: 0.974 | Val Acc: 57.58  |  Test Loss: 1.216 | Tes Acc: 56.04
INFO >> Epoch: 13  |  Layer:  8  |  Train Loss: 0.231 | Train Acc: 93.96  |  Val Loss: 0.940 | Val Acc: 60.61  |  Test Loss: 1.001 | Tes Acc: 63.29
INFO >> Epoch: 13  |  Layer:  9  |  Train Loss: 0.231 | Train Acc: 92.95  |  Val Loss: 0.714 | Val Acc: 66.67  |  Test Loss: 1.059 | Tes Acc: 59.90
INFO >> Epoch: 13  |  Layer: 10  |  Train Loss: 0.255 | Train Acc: 92.28  |  Val Loss: 0.961 | Val Acc: 53.54  |  Test Loss: 1.117 | Tes Acc: 59.90
INFO >> Epoch: 13  |  Layer: 11  |  Train Loss: 0.331 | Train Acc: 89.93  |  Val Loss: 0.937 | Val Acc: 58.59  |  Test Loss: 0.978 | Tes Acc: 60.87
INFO >> Epoch: 13  |  Layer: 12  |  Train Loss: 1.000 | Train Acc: 63.42  |  Val Loss: 1.304 | Val Acc: 46.46  |  Test Loss: 1.378 | Tes Acc: 43.00
INFO >> Epoch: 13  |  Layer: 13  |  Train Loss: 0.950 | Train Acc: 65.77  |  Val Loss: 1.290 | Val Acc: 53.54  |  Test Loss: 1.450 | Tes Acc: 41.06

INFO >> Epoch: 14  |  Layer:  1  |  Train Loss: 1.095 | Train Acc: 56.38  |  Val Loss: 1.288 | Val Acc: 49.49  |  Test Loss: 1.587 | Tes Acc: 31.40
INFO >> Epoch: 14  |  Layer:  2  |  Train Loss: 0.343 | Train Acc: 90.27  |  Val Loss: 0.798 | Val Acc: 65.66  |  Test Loss: 1.208 | Tes Acc: 54.59
INFO >> Epoch: 14  |  Layer:  3  |  Train Loss: 0.279 | Train Acc: 89.60  |  Val Loss: 0.854 | Val Acc: 60.61  |  Test Loss: 1.033 | Tes Acc: 61.84
INFO >> Epoch: 14  |  Layer:  4  |  Train Loss: 0.232 | Train Acc: 94.30  |  Val Loss: 0.709 | Val Acc: 66.67  |  Test Loss: 1.079 | Tes Acc: 61.35
INFO >> Epoch: 14  |  Layer:  5  |  Train Loss: 0.218 | Train Acc: 95.64  |  Val Loss: 0.521 | Val Acc: 74.75  |  Test Loss: 1.027 | Tes Acc: 62.32
INFO >> Epoch: 14  |  Layer:  6  |  Train Loss: 0.193 | Train Acc: 94.97  |  Val Loss: 0.493 | Val Acc: 78.79  |  Test Loss: 0.959 | Tes Acc: 65.22
INFO >> Epoch: 14  |  Layer:  7  |  Train Loss: 0.139 | Train Acc: 97.32  |  Val Loss: 0.674 | Val Acc: 69.70  |  Test Loss: 1.171 | Tes Acc: 54.11
INFO >> Epoch: 14  |  Layer:  8  |  Train Loss: 0.235 | Train Acc: 94.63  |  Val Loss: 0.903 | Val Acc: 64.65  |  Test Loss: 1.095 | Tes Acc: 61.35
INFO >> Epoch: 14  |  Layer:  9  |  Train Loss: 0.207 | Train Acc: 94.97  |  Val Loss: 0.734 | Val Acc: 61.62  |  Test Loss: 0.991 | Tes Acc: 61.35
INFO >> Epoch: 14  |  Layer: 10  |  Train Loss: 0.275 | Train Acc: 91.95  |  Val Loss: 0.837 | Val Acc: 60.61  |  Test Loss: 1.149 | Tes Acc: 60.87
INFO >> Epoch: 14  |  Layer: 11  |  Train Loss: 0.337 | Train Acc: 91.28  |  Val Loss: 0.901 | Val Acc: 63.64  |  Test Loss: 0.910 | Tes Acc: 64.73
INFO >> Epoch: 14  |  Layer: 12  |  Train Loss: 0.967 | Train Acc: 64.43  |  Val Loss: 1.247 | Val Acc: 55.56  |  Test Loss: 1.339 | Tes Acc: 48.31
INFO >> Epoch: 14  |  Layer: 13  |  Train Loss: 0.874 | Train Acc: 67.11  |  Val Loss: 1.334 | Val Acc: 48.48  |  Test Loss: 1.528 | Tes Acc: 36.71

INFO >> Epoch: 15  |  Layer:  1  |  Train Loss: 1.019 | Train Acc: 61.41  |  Val Loss: 1.389 | Val Acc: 51.52  |  Test Loss: 1.596 | Tes Acc: 34.78
INFO >> Epoch: 15  |  Layer:  2  |  Train Loss: 0.288 | Train Acc: 91.95  |  Val Loss: 0.926 | Val Acc: 66.67  |  Test Loss: 1.155 | Tes Acc: 59.42
INFO >> Epoch: 15  |  Layer:  3  |  Train Loss: 0.220 | Train Acc: 95.30  |  Val Loss: 1.232 | Val Acc: 55.56  |  Test Loss: 0.938 | Tes Acc: 69.57
INFO >> Epoch: 15  |  Layer:  4  |  Train Loss: 0.212 | Train Acc: 92.95  |  Val Loss: 0.946 | Val Acc: 61.62  |  Test Loss: 0.973 | Tes Acc: 65.22
INFO >> Epoch: 15  |  Layer:  5  |  Train Loss: 0.199 | Train Acc: 95.97  |  Val Loss: 0.741 | Val Acc: 64.65  |  Test Loss: 0.888 | Tes Acc: 72.46
INFO >> Epoch: 15  |  Layer:  6  |  Train Loss: 0.158 | Train Acc: 94.97  |  Val Loss: 0.571 | Val Acc: 76.77  |  Test Loss: 0.800 | Tes Acc: 71.98
INFO >> Epoch: 15  |  Layer:  7  |  Train Loss: 0.108 | Train Acc: 97.65  |  Val Loss: 1.054 | Val Acc: 56.57  |  Test Loss: 1.095 | Tes Acc: 58.94
INFO >> Epoch: 15  |  Layer:  8  |  Train Loss: 0.218 | Train Acc: 93.62  |  Val Loss: 0.975 | Val Acc: 55.56  |  Test Loss: 1.142 | Tes Acc: 60.39
INFO >> Epoch: 15  |  Layer:  9  |  Train Loss: 0.183 | Train Acc: 96.64  |  Val Loss: 0.866 | Val Acc: 58.59  |  Test Loss: 0.968 | Tes Acc: 64.25
INFO >> Epoch: 15  |  Layer: 10  |  Train Loss: 0.235 | Train Acc: 93.29  |  Val Loss: 1.148 | Val Acc: 45.45  |  Test Loss: 1.232 | Tes Acc: 59.42
INFO >> Epoch: 15  |  Layer: 11  |  Train Loss: 0.304 | Train Acc: 90.60  |  Val Loss: 1.062 | Val Acc: 60.61  |  Test Loss: 0.896 | Tes Acc: 65.70
INFO >> Epoch: 15  |  Layer: 12  |  Train Loss: 0.897 | Train Acc: 71.48  |  Val Loss: 1.236 | Val Acc: 63.64  |  Test Loss: 1.352 | Tes Acc: 50.72
INFO >> Epoch: 15  |  Layer: 13  |  Train Loss: 0.843 | Train Acc: 67.45  |  Val Loss: 1.299 | Val Acc: 54.55  |  Test Loss: 1.437 | Tes Acc: 42.51

INFO >> Epoch: 16  |  Layer:  1  |  Train Loss: 1.040 | Train Acc: 56.71  |  Val Loss: 1.036 | Val Acc: 56.57  |  Test Loss: 1.850 | Tes Acc: 32.85
INFO >> Epoch: 16  |  Layer:  2  |  Train Loss: 0.265 | Train Acc: 91.95  |  Val Loss: 0.827 | Val Acc: 65.66  |  Test Loss: 1.308 | Tes Acc: 56.52
INFO >> Epoch: 16  |  Layer:  3  |  Train Loss: 0.196 | Train Acc: 96.31  |  Val Loss: 1.424 | Val Acc: 51.52  |  Test Loss: 1.034 | Tes Acc: 67.15
INFO >> Epoch: 16  |  Layer:  4  |  Train Loss: 0.168 | Train Acc: 95.64  |  Val Loss: 1.040 | Val Acc: 62.63  |  Test Loss: 1.195 | Tes Acc: 59.90
INFO >> Epoch: 16  |  Layer:  5  |  Train Loss: 0.176 | Train Acc: 94.97  |  Val Loss: 0.690 | Val Acc: 67.68  |  Test Loss: 1.054 | Tes Acc: 66.18
INFO >> Epoch: 16  |  Layer:  6  |  Train Loss: 0.130 | Train Acc: 96.98  |  Val Loss: 0.583 | Val Acc: 74.75  |  Test Loss: 0.894 | Tes Acc: 67.15
INFO >> Epoch: 16  |  Layer:  7  |  Train Loss: 0.092 | Train Acc: 97.32  |  Val Loss: 0.897 | Val Acc: 62.63  |  Test Loss: 1.213 | Tes Acc: 57.00
INFO >> Epoch: 16  |  Layer:  8  |  Train Loss: 0.215 | Train Acc: 93.29  |  Val Loss: 0.821 | Val Acc: 60.61  |  Test Loss: 1.055 | Tes Acc: 61.84
INFO >> Epoch: 16  |  Layer:  9  |  Train Loss: 0.153 | Train Acc: 96.31  |  Val Loss: 0.800 | Val Acc: 60.61  |  Test Loss: 0.976 | Tes Acc: 64.73
INFO >> Epoch: 16  |  Layer: 10  |  Train Loss: 0.179 | Train Acc: 95.64  |  Val Loss: 1.093 | Val Acc: 49.49  |  Test Loss: 1.096 | Tes Acc: 61.84
INFO >> Epoch: 16  |  Layer: 11  |  Train Loss: 0.251 | Train Acc: 92.28  |  Val Loss: 1.073 | Val Acc: 57.58  |  Test Loss: 1.041 | Tes Acc: 60.87
INFO >> Epoch: 16  |  Layer: 12  |  Train Loss: 0.847 | Train Acc: 67.45  |  Val Loss: 1.193 | Val Acc: 60.61  |  Test Loss: 1.380 | Tes Acc: 45.89
INFO >> Epoch: 16  |  Layer: 13  |  Train Loss: 0.802 | Train Acc: 71.14  |  Val Loss: 1.338 | Val Acc: 50.51  |  Test Loss: 1.510 | Tes Acc: 43.48

INFO >> Epoch: 17  |  Layer:  1  |  Train Loss: 1.014 | Train Acc: 58.39  |  Val Loss: 1.028 | Val Acc: 56.57  |  Test Loss: 1.730 | Tes Acc: 33.82
INFO >> Epoch: 17  |  Layer:  2  |  Train Loss: 0.246 | Train Acc: 92.28  |  Val Loss: 0.887 | Val Acc: 70.71  |  Test Loss: 1.477 | Tes Acc: 55.56
INFO >> Epoch: 17  |  Layer:  3  |  Train Loss: 0.175 | Train Acc: 96.64  |  Val Loss: 1.370 | Val Acc: 54.55  |  Test Loss: 1.161 | Tes Acc: 62.32
INFO >> Epoch: 17  |  Layer:  4  |  Train Loss: 0.157 | Train Acc: 95.30  |  Val Loss: 0.898 | Val Acc: 65.66  |  Test Loss: 1.390 | Tes Acc: 58.45
INFO >> Epoch: 17  |  Layer:  5  |  Train Loss: 0.187 | Train Acc: 93.62  |  Val Loss: 0.592 | Val Acc: 73.74  |  Test Loss: 1.196 | Tes Acc: 58.94
INFO >> Epoch: 17  |  Layer:  6  |  Train Loss: 0.152 | Train Acc: 96.31  |  Val Loss: 0.621 | Val Acc: 74.75  |  Test Loss: 0.875 | Tes Acc: 66.67
INFO >> Epoch: 17  |  Layer:  7  |  Train Loss: 0.089 | Train Acc: 98.32  |  Val Loss: 1.000 | Val Acc: 59.60  |  Test Loss: 1.264 | Tes Acc: 54.59
INFO >> Epoch: 17  |  Layer:  8  |  Train Loss: 0.184 | Train Acc: 94.30  |  Val Loss: 0.720 | Val Acc: 62.63  |  Test Loss: 1.110 | Tes Acc: 59.90
INFO >> Epoch: 17  |  Layer:  9  |  Train Loss: 0.155 | Train Acc: 95.97  |  Val Loss: 0.722 | Val Acc: 70.71  |  Test Loss: 1.162 | Tes Acc: 62.32
INFO >> Epoch: 17  |  Layer: 10  |  Train Loss: 0.161 | Train Acc: 96.98  |  Val Loss: 1.002 | Val Acc: 55.56  |  Test Loss: 1.089 | Tes Acc: 65.22
INFO >> Epoch: 17  |  Layer: 11  |  Train Loss: 0.218 | Train Acc: 94.63  |  Val Loss: 1.154 | Val Acc: 53.54  |  Test Loss: 1.063 | Tes Acc: 60.87
INFO >> Epoch: 17  |  Layer: 12  |  Train Loss: 0.749 | Train Acc: 76.17  |  Val Loss: 1.388 | Val Acc: 52.53  |  Test Loss: 1.417 | Tes Acc: 43.96
INFO >> Epoch: 17  |  Layer: 13  |  Train Loss: 0.726 | Train Acc: 74.83  |  Val Loss: 1.334 | Val Acc: 51.52  |  Test Loss: 1.524 | Tes Acc: 45.89

INFO >> Epoch: 18  |  Layer:  1  |  Train Loss: 1.065 | Train Acc: 52.68  |  Val Loss: 1.426 | Val Acc: 49.49  |  Test Loss: 1.492 | Tes Acc: 41.06
INFO >> Epoch: 18  |  Layer:  2  |  Train Loss: 0.223 | Train Acc: 95.64  |  Val Loss: 1.754 | Val Acc: 51.52  |  Test Loss: 1.385 | Tes Acc: 55.07
INFO >> Epoch: 18  |  Layer:  3  |  Train Loss: 0.166 | Train Acc: 96.64  |  Val Loss: 1.918 | Val Acc: 48.48  |  Test Loss: 1.137 | Tes Acc: 61.35
INFO >> Epoch: 18  |  Layer:  4  |  Train Loss: 0.156 | Train Acc: 94.63  |  Val Loss: 1.141 | Val Acc: 58.59  |  Test Loss: 1.032 | Tes Acc: 64.73
INFO >> Epoch: 18  |  Layer:  5  |  Train Loss: 0.200 | Train Acc: 92.62  |  Val Loss: 0.643 | Val Acc: 68.69  |  Test Loss: 1.051 | Tes Acc: 60.87
INFO >> Epoch: 18  |  Layer:  6  |  Train Loss: 0.134 | Train Acc: 95.30  |  Val Loss: 0.629 | Val Acc: 70.71  |  Test Loss: 0.774 | Tes Acc: 71.50
INFO >> Epoch: 18  |  Layer:  7  |  Train Loss: 0.066 | Train Acc: 98.99  |  Val Loss: 1.498 | Val Acc: 53.54  |  Test Loss: 0.971 | Tes Acc: 68.12
INFO >> Epoch: 18  |  Layer:  8  |  Train Loss: 0.158 | Train Acc: 96.64  |  Val Loss: 1.187 | Val Acc: 53.54  |  Test Loss: 0.880 | Tes Acc: 66.67
INFO >> Epoch: 18  |  Layer:  9  |  Train Loss: 0.147 | Train Acc: 97.32  |  Val Loss: 1.042 | Val Acc: 57.58  |  Test Loss: 0.874 | Tes Acc: 68.60
INFO >> Epoch: 18  |  Layer: 10  |  Train Loss: 0.184 | Train Acc: 94.30  |  Val Loss: 1.170 | Val Acc: 49.49  |  Test Loss: 1.004 | Tes Acc: 67.63
INFO >> Epoch: 18  |  Layer: 11  |  Train Loss: 0.203 | Train Acc: 94.30  |  Val Loss: 1.474 | Val Acc: 50.51  |  Test Loss: 0.986 | Tes Acc: 65.22
INFO >> Epoch: 18  |  Layer: 12  |  Train Loss: 0.778 | Train Acc: 70.81  |  Val Loss: 1.920 | Val Acc: 49.49  |  Test Loss: 1.688 | Tes Acc: 41.06
INFO >> Epoch: 18  |  Layer: 13  |  Train Loss: 0.832 | Train Acc: 68.46  |  Val Loss: 1.662 | Val Acc: 35.35  |  Test Loss: 1.589 | Tes Acc: 39.61

INFO >> Epoch: 19  |  Layer:  1  |  Train Loss: 0.873 | Train Acc: 67.45  |  Val Loss: 1.813 | Val Acc: 44.44  |  Test Loss: 1.576 | Tes Acc: 38.16
INFO >> Epoch: 19  |  Layer:  2  |  Train Loss: 0.246 | Train Acc: 91.95  |  Val Loss: 1.047 | Val Acc: 64.65  |  Test Loss: 1.344 | Tes Acc: 59.90
INFO >> Epoch: 19  |  Layer:  3  |  Train Loss: 0.141 | Train Acc: 96.31  |  Val Loss: 1.594 | Val Acc: 52.53  |  Test Loss: 1.041 | Tes Acc: 66.67
INFO >> Epoch: 19  |  Layer:  4  |  Train Loss: 0.110 | Train Acc: 97.99  |  Val Loss: 1.300 | Val Acc: 59.60  |  Test Loss: 0.974 | Tes Acc: 65.70
INFO >> Epoch: 19  |  Layer:  5  |  Train Loss: 0.105 | Train Acc: 97.99  |  Val Loss: 1.065 | Val Acc: 61.62  |  Test Loss: 1.020 | Tes Acc: 67.15
INFO >> Epoch: 19  |  Layer:  6  |  Train Loss: 0.090 | Train Acc: 98.32  |  Val Loss: 0.792 | Val Acc: 66.67  |  Test Loss: 0.793 | Tes Acc: 72.46
INFO >> Epoch: 19  |  Layer:  7  |  Train Loss: 0.064 | Train Acc: 99.33  |  Val Loss: 1.559 | Val Acc: 52.53  |  Test Loss: 1.103 | Tes Acc: 65.22
INFO >> Epoch: 19  |  Layer:  8  |  Train Loss: 0.136 | Train Acc: 95.64  |  Val Loss: 1.079 | Val Acc: 59.60  |  Test Loss: 0.996 | Tes Acc: 62.80
INFO >> Epoch: 19  |  Layer:  9  |  Train Loss: 0.131 | Train Acc: 94.97  |  Val Loss: 1.063 | Val Acc: 53.54  |  Test Loss: 0.934 | Tes Acc: 67.63
INFO >> Epoch: 19  |  Layer: 10  |  Train Loss: 0.138 | Train Acc: 96.31  |  Val Loss: 1.296 | Val Acc: 54.55  |  Test Loss: 1.181 | Tes Acc: 64.25
INFO >> Epoch: 19  |  Layer: 11  |  Train Loss: 0.163 | Train Acc: 97.32  |  Val Loss: 1.270 | Val Acc: 58.59  |  Test Loss: 0.995 | Tes Acc: 64.73
INFO >> Epoch: 19  |  Layer: 12  |  Train Loss: 0.734 | Train Acc: 73.49  |  Val Loss: 1.410 | Val Acc: 52.53  |  Test Loss: 1.331 | Tes Acc: 46.38
INFO >> Epoch: 19  |  Layer: 13  |  Train Loss: 0.833 | Train Acc: 69.46  |  Val Loss: 1.337 | Val Acc: 42.42  |  Test Loss: 1.438 | Tes Acc: 46.86

INFO >> Epoch: 20  |  Layer:  1  |  Train Loss: 0.907 | Train Acc: 67.45  |  Val Loss: 1.304 | Val Acc: 52.53  |  Test Loss: 1.603 | Tes Acc: 37.20
INFO >> Epoch: 20  |  Layer:  2  |  Train Loss: 0.179 | Train Acc: 94.63  |  Val Loss: 0.925 | Val Acc: 65.66  |  Test Loss: 1.425 | Tes Acc: 57.97
INFO >> Epoch: 20  |  Layer:  3  |  Train Loss: 0.123 | Train Acc: 97.99  |  Val Loss: 1.525 | Val Acc: 54.55  |  Test Loss: 1.183 | Tes Acc: 65.22
INFO >> Epoch: 20  |  Layer:  4  |  Train Loss: 0.108 | Train Acc: 96.98  |  Val Loss: 1.033 | Val Acc: 61.62  |  Test Loss: 1.034 | Tes Acc: 69.08
INFO >> Epoch: 20  |  Layer:  5  |  Train Loss: 0.089 | Train Acc: 98.66  |  Val Loss: 0.681 | Val Acc: 65.66  |  Test Loss: 0.995 | Tes Acc: 67.15
INFO >> Epoch: 20  |  Layer:  6  |  Train Loss: 0.068 | Train Acc: 98.99  |  Val Loss: 0.526 | Val Acc: 76.77  |  Test Loss: 0.859 | Tes Acc: 68.60
INFO >> Epoch: 20  |  Layer:  7  |  Train Loss: 0.052 | Train Acc: 99.33  |  Val Loss: 1.032 | Val Acc: 58.59  |  Test Loss: 1.167 | Tes Acc: 58.94
INFO >> Epoch: 20  |  Layer:  8  |  Train Loss: 0.103 | Train Acc: 98.32  |  Val Loss: 0.757 | Val Acc: 67.68  |  Test Loss: 1.107 | Tes Acc: 61.84
INFO >> Epoch: 20  |  Layer:  9  |  Train Loss: 0.111 | Train Acc: 98.66  |  Val Loss: 1.006 | Val Acc: 55.56  |  Test Loss: 1.120 | Tes Acc: 60.87
INFO >> Epoch: 20  |  Layer: 10  |  Train Loss: 0.108 | Train Acc: 97.32  |  Val Loss: 1.139 | Val Acc: 54.55  |  Test Loss: 1.291 | Tes Acc: 62.80
INFO >> Epoch: 20  |  Layer: 11  |  Train Loss: 0.144 | Train Acc: 95.97  |  Val Loss: 1.078 | Val Acc: 60.61  |  Test Loss: 1.122 | Tes Acc: 60.39
INFO >> Epoch: 20  |  Layer: 12  |  Train Loss: 0.726 | Train Acc: 74.50  |  Val Loss: 1.217 | Val Acc: 56.57  |  Test Loss: 1.313 | Tes Acc: 47.83
INFO >> Epoch: 20  |  Layer: 13  |  Train Loss: 0.812 | Train Acc: 69.46  |  Val Loss: 0.981 | Val Acc: 57.58  |  Test Loss: 1.443 | Tes Acc: 50.72

INFO >> Epoch: 21  |  Layer:  1  |  Train Loss: 0.887 | Train Acc: 65.10  |  Val Loss: 1.472 | Val Acc: 45.45  |  Test Loss: 1.782 | Tes Acc: 34.78
INFO >> Epoch: 21  |  Layer:  2  |  Train Loss: 0.187 | Train Acc: 94.30  |  Val Loss: 1.293 | Val Acc: 57.58  |  Test Loss: 1.305 | Tes Acc: 62.80
INFO >> Epoch: 21  |  Layer:  3  |  Train Loss: 0.134 | Train Acc: 96.98  |  Val Loss: 1.634 | Val Acc: 52.53  |  Test Loss: 1.212 | Tes Acc: 64.25
INFO >> Epoch: 21  |  Layer:  4  |  Train Loss: 0.119 | Train Acc: 95.97  |  Val Loss: 1.102 | Val Acc: 60.61  |  Test Loss: 0.966 | Tes Acc: 70.05
INFO >> Epoch: 21  |  Layer:  5  |  Train Loss: 0.091 | Train Acc: 98.32  |  Val Loss: 0.794 | Val Acc: 66.67  |  Test Loss: 1.181 | Tes Acc: 62.80
INFO >> Epoch: 21  |  Layer:  6  |  Train Loss: 0.075 | Train Acc: 99.33  |  Val Loss: 0.601 | Val Acc: 76.77  |  Test Loss: 0.974 | Tes Acc: 66.67
INFO >> Epoch: 21  |  Layer:  7  |  Train Loss: 0.064 | Train Acc: 98.99  |  Val Loss: 1.160 | Val Acc: 58.59  |  Test Loss: 1.372 | Tes Acc: 57.00
INFO >> Epoch: 21  |  Layer:  8  |  Train Loss: 0.117 | Train Acc: 97.65  |  Val Loss: 1.059 | Val Acc: 56.57  |  Test Loss: 0.990 | Tes Acc: 67.15
INFO >> Epoch: 21  |  Layer:  9  |  Train Loss: 0.103 | Train Acc: 97.99  |  Val Loss: 0.962 | Val Acc: 56.57  |  Test Loss: 0.995 | Tes Acc: 68.60
INFO >> Epoch: 21  |  Layer: 10  |  Train Loss: 0.125 | Train Acc: 98.66  |  Val Loss: 1.111 | Val Acc: 59.60  |  Test Loss: 1.097 | Tes Acc: 64.73
INFO >> Epoch: 21  |  Layer: 11  |  Train Loss: 0.158 | Train Acc: 95.64  |  Val Loss: 1.307 | Val Acc: 58.59  |  Test Loss: 1.083 | Tes Acc: 64.73
INFO >> Epoch: 21  |  Layer: 12  |  Train Loss: 0.664 | Train Acc: 75.50  |  Val Loss: 1.322 | Val Acc: 56.57  |  Test Loss: 1.338 | Tes Acc: 48.31
INFO >> Epoch: 21  |  Layer: 13  |  Train Loss: 0.720 | Train Acc: 71.81  |  Val Loss: 1.231 | Val Acc: 52.53  |  Test Loss: 1.349 | Tes Acc: 48.79

INFO >> Epoch: 22  |  Layer:  1  |  Train Loss: 0.857 | Train Acc: 62.75  |  Val Loss: 0.905 | Val Acc: 62.63  |  Test Loss: 1.774 | Tes Acc: 39.13
INFO >> Epoch: 22  |  Layer:  2  |  Train Loss: 0.175 | Train Acc: 95.97  |  Val Loss: 1.594 | Val Acc: 59.60  |  Test Loss: 1.476 | Tes Acc: 58.94
INFO >> Epoch: 22  |  Layer:  3  |  Train Loss: 0.102 | Train Acc: 98.66  |  Val Loss: 2.103 | Val Acc: 49.49  |  Test Loss: 1.144 | Tes Acc: 64.73
INFO >> Epoch: 22  |  Layer:  4  |  Train Loss: 0.095 | Train Acc: 98.32  |  Val Loss: 1.524 | Val Acc: 58.59  |  Test Loss: 1.043 | Tes Acc: 66.67
INFO >> Epoch: 22  |  Layer:  5  |  Train Loss: 0.073 | Train Acc: 98.66  |  Val Loss: 1.055 | Val Acc: 60.61  |  Test Loss: 1.073 | Tes Acc: 71.01
INFO >> Epoch: 22  |  Layer:  6  |  Train Loss: 0.072 | Train Acc: 98.66  |  Val Loss: 0.832 | Val Acc: 67.68  |  Test Loss: 0.838 | Tes Acc: 71.50
INFO >> Epoch: 22  |  Layer:  7  |  Train Loss: 0.038 | Train Acc: 99.66  |  Val Loss: 1.560 | Val Acc: 54.55  |  Test Loss: 1.267 | Tes Acc: 64.73
INFO >> Epoch: 22  |  Layer:  8  |  Train Loss: 0.074 | Train Acc: 98.99  |  Val Loss: 1.110 | Val Acc: 59.60  |  Test Loss: 0.973 | Tes Acc: 67.15
INFO >> Epoch: 22  |  Layer:  9  |  Train Loss: 0.086 | Train Acc: 98.99  |  Val Loss: 1.142 | Val Acc: 57.58  |  Test Loss: 1.001 | Tes Acc: 64.25
INFO >> Epoch: 22  |  Layer: 10  |  Train Loss: 0.116 | Train Acc: 97.99  |  Val Loss: 1.596 | Val Acc: 51.52  |  Test Loss: 1.142 | Tes Acc: 64.25
INFO >> Epoch: 22  |  Layer: 11  |  Train Loss: 0.134 | Train Acc: 96.98  |  Val Loss: 1.556 | Val Acc: 54.55  |  Test Loss: 0.941 | Tes Acc: 67.15
INFO >> Epoch: 22  |  Layer: 12  |  Train Loss: 0.675 | Train Acc: 75.84  |  Val Loss: 1.630 | Val Acc: 46.46  |  Test Loss: 1.498 | Tes Acc: 48.31
INFO >> Epoch: 22  |  Layer: 13  |  Train Loss: 0.652 | Train Acc: 75.17  |  Val Loss: 1.102 | Val Acc: 54.55  |  Test Loss: 1.353 | Tes Acc: 48.79

INFO >> Epoch: 23  |  Layer:  1  |  Train Loss: 0.765 | Train Acc: 70.13  |  Val Loss: 1.921 | Val Acc: 38.38  |  Test Loss: 1.859 | Tes Acc: 35.27
INFO >> Epoch: 23  |  Layer:  2  |  Train Loss: 0.156 | Train Acc: 96.31  |  Val Loss: 1.191 | Val Acc: 61.62  |  Test Loss: 1.883 | Tes Acc: 53.62
INFO >> Epoch: 23  |  Layer:  3  |  Train Loss: 0.097 | Train Acc: 99.33  |  Val Loss: 1.826 | Val Acc: 52.53  |  Test Loss: 1.500 | Tes Acc: 59.90
INFO >> Epoch: 23  |  Layer:  4  |  Train Loss: 0.067 | Train Acc: 98.99  |  Val Loss: 1.305 | Val Acc: 60.61  |  Test Loss: 1.456 | Tes Acc: 59.90
INFO >> Epoch: 23  |  Layer:  5  |  Train Loss: 0.066 | Train Acc: 98.66  |  Val Loss: 0.743 | Val Acc: 67.68  |  Test Loss: 1.278 | Tes Acc: 61.84
INFO >> Epoch: 23  |  Layer:  6  |  Train Loss: 0.057 | Train Acc: 98.99  |  Val Loss: 0.623 | Val Acc: 75.76  |  Test Loss: 1.146 | Tes Acc: 64.25
INFO >> Epoch: 23  |  Layer:  7  |  Train Loss: 0.038 | Train Acc: 99.33  |  Val Loss: 1.365 | Val Acc: 56.57  |  Test Loss: 1.452 | Tes Acc: 58.94
INFO >> Epoch: 23  |  Layer:  8  |  Train Loss: 0.075 | Train Acc: 98.99  |  Val Loss: 1.154 | Val Acc: 55.56  |  Test Loss: 1.293 | Tes Acc: 60.39
INFO >> Epoch: 23  |  Layer:  9  |  Train Loss: 0.098 | Train Acc: 97.99  |  Val Loss: 1.442 | Val Acc: 54.55  |  Test Loss: 1.302 | Tes Acc: 62.32
INFO >> Epoch: 23  |  Layer: 10  |  Train Loss: 0.125 | Train Acc: 96.98  |  Val Loss: 1.630 | Val Acc: 49.49  |  Test Loss: 1.434 | Tes Acc: 59.90
INFO >> Epoch: 23  |  Layer: 11  |  Train Loss: 0.139 | Train Acc: 97.32  |  Val Loss: 1.553 | Val Acc: 51.52  |  Test Loss: 1.261 | Tes Acc: 62.80
INFO >> Epoch: 23  |  Layer: 12  |  Train Loss: 0.614 | Train Acc: 76.85  |  Val Loss: 1.426 | Val Acc: 53.54  |  Test Loss: 1.357 | Tes Acc: 45.89
INFO >> Epoch: 23  |  Layer: 13  |  Train Loss: 0.563 | Train Acc: 77.85  |  Val Loss: 1.098 | Val Acc: 60.61  |  Test Loss: 1.296 | Tes Acc: 49.28

INFO >> Epoch: 24  |  Layer:  1  |  Train Loss: 0.814 | Train Acc: 64.09  |  Val Loss: 1.631 | Val Acc: 43.43  |  Test Loss: 1.800 | Tes Acc: 36.71
INFO >> Epoch: 24  |  Layer:  2  |  Train Loss: 0.179 | Train Acc: 95.30  |  Val Loss: 1.578 | Val Acc: 53.54  |  Test Loss: 1.678 | Tes Acc: 56.04
INFO >> Epoch: 24  |  Layer:  3  |  Train Loss: 0.132 | Train Acc: 94.97  |  Val Loss: 1.734 | Val Acc: 52.53  |  Test Loss: 1.670 | Tes Acc: 57.49
INFO >> Epoch: 24  |  Layer:  4  |  Train Loss: 0.073 | Train Acc: 99.66  |  Val Loss: 1.282 | Val Acc: 60.61  |  Test Loss: 1.430 | Tes Acc: 60.87
INFO >> Epoch: 24  |  Layer:  5  |  Train Loss: 0.074 | Train Acc: 97.99  |  Val Loss: 0.694 | Val Acc: 68.69  |  Test Loss: 1.445 | Tes Acc: 57.49
INFO >> Epoch: 24  |  Layer:  6  |  Train Loss: 0.063 | Train Acc: 98.32  |  Val Loss: 0.604 | Val Acc: 76.77  |  Test Loss: 1.306 | Tes Acc: 61.84
INFO >> Epoch: 24  |  Layer:  7  |  Train Loss: 0.032 | Train Acc: 99.66  |  Val Loss: 1.425 | Val Acc: 55.56  |  Test Loss: 1.170 | Tes Acc: 63.77
INFO >> Epoch: 24  |  Layer:  8  |  Train Loss: 0.074 | Train Acc: 99.66  |  Val Loss: 1.200 | Val Acc: 58.59  |  Test Loss: 0.905 | Tes Acc: 68.60
INFO >> Epoch: 24  |  Layer:  9  |  Train Loss: 0.095 | Train Acc: 97.99  |  Val Loss: 1.204 | Val Acc: 52.53  |  Test Loss: 0.968 | Tes Acc: 69.57
INFO >> Epoch: 24  |  Layer: 10  |  Train Loss: 0.163 | Train Acc: 94.97  |  Val Loss: 1.390 | Val Acc: 49.49  |  Test Loss: 1.408 | Tes Acc: 62.32
INFO >> Epoch: 24  |  Layer: 11  |  Train Loss: 0.143 | Train Acc: 94.97  |  Val Loss: 1.141 | Val Acc: 64.65  |  Test Loss: 1.254 | Tes Acc: 59.42
INFO >> Epoch: 24  |  Layer: 12  |  Train Loss: 0.609 | Train Acc: 79.19  |  Val Loss: 1.363 | Val Acc: 60.61  |  Test Loss: 1.190 | Tes Acc: 56.52
INFO >> Epoch: 24  |  Layer: 13  |  Train Loss: 0.574 | Train Acc: 78.86  |  Val Loss: 1.253 | Val Acc: 57.58  |  Test Loss: 1.355 | Tes Acc: 48.79

INFO >> Epoch: 25  |  Layer:  1  |  Train Loss: 0.756 | Train Acc: 67.79  |  Val Loss: 1.444 | Val Acc: 48.48  |  Test Loss: 1.854 | Tes Acc: 40.10
INFO >> Epoch: 25  |  Layer:  2  |  Train Loss: 0.123 | Train Acc: 97.99  |  Val Loss: 1.855 | Val Acc: 54.55  |  Test Loss: 1.483 | Tes Acc: 60.87
INFO >> Epoch: 25  |  Layer:  3  |  Train Loss: 0.122 | Train Acc: 95.30  |  Val Loss: 2.366 | Val Acc: 50.51  |  Test Loss: 1.223 | Tes Acc: 65.70
INFO >> Epoch: 25  |  Layer:  4  |  Train Loss: 0.056 | Train Acc: 100.00  |  Val Loss: 1.666 | Val Acc: 56.57  |  Test Loss: 1.138 | Tes Acc: 64.25
INFO >> Epoch: 25  |  Layer:  5  |  Train Loss: 0.062 | Train Acc: 98.66  |  Val Loss: 0.922 | Val Acc: 67.68  |  Test Loss: 1.217 | Tes Acc: 63.77
INFO >> Epoch: 25  |  Layer:  6  |  Train Loss: 0.061 | Train Acc: 98.32  |  Val Loss: 0.705 | Val Acc: 70.71  |  Test Loss: 0.971 | Tes Acc: 69.08
INFO >> Epoch: 25  |  Layer:  7  |  Train Loss: 0.039 | Train Acc: 99.33  |  Val Loss: 2.238 | Val Acc: 50.51  |  Test Loss: 1.132 | Tes Acc: 68.60
INFO >> Epoch: 25  |  Layer:  8  |  Train Loss: 0.090 | Train Acc: 96.64  |  Val Loss: 1.605 | Val Acc: 47.47  |  Test Loss: 1.025 | Tes Acc: 65.70
INFO >> Epoch: 25  |  Layer:  9  |  Train Loss: 0.142 | Train Acc: 95.64  |  Val Loss: 1.819 | Val Acc: 45.45  |  Test Loss: 1.012 | Tes Acc: 68.60
INFO >> Epoch: 25  |  Layer: 10  |  Train Loss: 0.208 | Train Acc: 92.28  |  Val Loss: 1.677 | Val Acc: 49.49  |  Test Loss: 1.219 | Tes Acc: 61.84
INFO >> Epoch: 25  |  Layer: 11  |  Train Loss: 0.150 | Train Acc: 94.30  |  Val Loss: 1.665 | Val Acc: 52.53  |  Test Loss: 1.111 | Tes Acc: 64.73
INFO >> Epoch: 25  |  Layer: 12  |  Train Loss: 0.529 | Train Acc: 80.54  |  Val Loss: 1.427 | Val Acc: 59.60  |  Test Loss: 1.249 | Tes Acc: 57.00
INFO >> Epoch: 25  |  Layer: 13  |  Train Loss: 0.581 | Train Acc: 78.52  |  Val Loss: 1.691 | Val Acc: 51.52  |  Test Loss: 1.571 | Tes Acc: 43.48

INFO >> Epoch: 26  |  Layer:  1  |  Train Loss: 0.812 | Train Acc: 71.14  |  Val Loss: 0.897 | Val Acc: 70.71  |  Test Loss: 1.786 | Tes Acc: 37.68
INFO >> Epoch: 26  |  Layer:  2  |  Train Loss: 0.122 | Train Acc: 98.32  |  Val Loss: 1.567 | Val Acc: 55.56  |  Test Loss: 1.556 | Tes Acc: 62.32
INFO >> Epoch: 26  |  Layer:  3  |  Train Loss: 0.074 | Train Acc: 99.66  |  Val Loss: 2.635 | Val Acc: 47.47  |  Test Loss: 1.193 | Tes Acc: 66.18
INFO >> Epoch: 26  |  Layer:  4  |  Train Loss: 0.062 | Train Acc: 98.99  |  Val Loss: 1.762 | Val Acc: 56.57  |  Test Loss: 1.103 | Tes Acc: 65.22
INFO >> Epoch: 26  |  Layer:  5  |  Train Loss: 0.045 | Train Acc: 100.00  |  Val Loss: 1.008 | Val Acc: 61.62  |  Test Loss: 1.075 | Tes Acc: 68.60
INFO >> Epoch: 26  |  Layer:  6  |  Train Loss: 0.033 | Train Acc: 99.33  |  Val Loss: 0.627 | Val Acc: 71.72  |  Test Loss: 0.880 | Tes Acc: 69.57
INFO >> Epoch: 26  |  Layer:  7  |  Train Loss: 0.037 | Train Acc: 99.66  |  Val Loss: 1.401 | Val Acc: 57.58  |  Test Loss: 1.506 | Tes Acc: 58.45
INFO >> Epoch: 26  |  Layer:  8  |  Train Loss: 0.093 | Train Acc: 98.66  |  Val Loss: 1.071 | Val Acc: 58.59  |  Test Loss: 1.474 | Tes Acc: 59.42
INFO >> Epoch: 26  |  Layer:  9  |  Train Loss: 0.118 | Train Acc: 95.97  |  Val Loss: 1.353 | Val Acc: 51.52  |  Test Loss: 1.132 | Tes Acc: 62.32
INFO >> Epoch: 26  |  Layer: 10  |  Train Loss: 0.132 | Train Acc: 96.64  |  Val Loss: 1.645 | Val Acc: 50.51  |  Test Loss: 1.424 | Tes Acc: 59.90
INFO >> Epoch: 26  |  Layer: 11  |  Train Loss: 0.104 | Train Acc: 97.99  |  Val Loss: 1.563 | Val Acc: 57.58  |  Test Loss: 1.003 | Tes Acc: 67.15
INFO >> Epoch: 26  |  Layer: 12  |  Train Loss: 0.501 | Train Acc: 85.57  |  Val Loss: 1.636 | Val Acc: 47.47  |  Test Loss: 1.408 | Tes Acc: 49.76
INFO >> Epoch: 26  |  Layer: 13  |  Train Loss: 0.460 | Train Acc: 83.89  |  Val Loss: 1.549 | Val Acc: 50.51  |  Test Loss: 1.393 | Tes Acc: 49.28

INFO >> Epoch: 27  |  Layer:  1  |  Train Loss: 0.839 | Train Acc: 64.77  |  Val Loss: 1.118 | Val Acc: 55.56  |  Test Loss: 1.498 | Tes Acc: 43.96
INFO >> Epoch: 27  |  Layer:  2  |  Train Loss: 0.104 | Train Acc: 98.99  |  Val Loss: 1.806 | Val Acc: 54.55  |  Test Loss: 1.718 | Tes Acc: 59.42
INFO >> Epoch: 27  |  Layer:  3  |  Train Loss: 0.073 | Train Acc: 98.66  |  Val Loss: 2.197 | Val Acc: 50.51  |  Test Loss: 1.326 | Tes Acc: 63.77
INFO >> Epoch: 27  |  Layer:  4  |  Train Loss: 0.066 | Train Acc: 98.32  |  Val Loss: 1.611 | Val Acc: 56.57  |  Test Loss: 1.280 | Tes Acc: 63.77
INFO >> Epoch: 27  |  Layer:  5  |  Train Loss: 0.041 | Train Acc: 99.33  |  Val Loss: 1.006 | Val Acc: 62.63  |  Test Loss: 1.182 | Tes Acc: 64.25
INFO >> Epoch: 27  |  Layer:  6  |  Train Loss: 0.049 | Train Acc: 98.66  |  Val Loss: 0.856 | Val Acc: 66.67  |  Test Loss: 0.800 | Tes Acc: 74.40
INFO >> Epoch: 27  |  Layer:  7  |  Train Loss: 0.085 | Train Acc: 98.32  |  Val Loss: 1.315 | Val Acc: 55.56  |  Test Loss: 1.855 | Tes Acc: 52.17
INFO >> Epoch: 27  |  Layer:  8  |  Train Loss: 0.110 | Train Acc: 96.64  |  Val Loss: 1.110 | Val Acc: 56.57  |  Test Loss: 1.122 | Tes Acc: 61.35
INFO >> Epoch: 27  |  Layer:  9  |  Train Loss: 0.090 | Train Acc: 97.99  |  Val Loss: 1.191 | Val Acc: 54.55  |  Test Loss: 0.996 | Tes Acc: 68.12
INFO >> Epoch: 27  |  Layer: 10  |  Train Loss: 0.141 | Train Acc: 96.31  |  Val Loss: 1.681 | Val Acc: 45.45  |  Test Loss: 1.145 | Tes Acc: 69.08
INFO >> Epoch: 27  |  Layer: 11  |  Train Loss: 0.129 | Train Acc: 96.64  |  Val Loss: 1.463 | Val Acc: 58.59  |  Test Loss: 0.978 | Tes Acc: 65.70
INFO >> Epoch: 27  |  Layer: 12  |  Train Loss: 0.498 | Train Acc: 84.23  |  Val Loss: 1.421 | Val Acc: 61.62  |  Test Loss: 1.257 | Tes Acc: 57.97
INFO >> Epoch: 27  |  Layer: 13  |  Train Loss: 0.525 | Train Acc: 79.53  |  Val Loss: 1.260 | Val Acc: 59.60  |  Test Loss: 1.285 | Tes Acc: 56.04

INFO >> Epoch: 28  |  Layer:  1  |  Train Loss: 0.688 | Train Acc: 72.48  |  Val Loss: 1.381 | Val Acc: 43.43  |  Test Loss: 1.894 | Tes Acc: 34.78
INFO >> Epoch: 28  |  Layer:  2  |  Train Loss: 0.097 | Train Acc: 98.66  |  Val Loss: 1.832 | Val Acc: 54.55  |  Test Loss: 1.883 | Tes Acc: 54.11
INFO >> Epoch: 28  |  Layer:  3  |  Train Loss: 0.066 | Train Acc: 99.33  |  Val Loss: 2.048 | Val Acc: 50.51  |  Test Loss: 1.502 | Tes Acc: 60.87
INFO >> Epoch: 28  |  Layer:  4  |  Train Loss: 0.052 | Train Acc: 98.99  |  Val Loss: 1.463 | Val Acc: 59.60  |  Test Loss: 1.524 | Tes Acc: 60.87
INFO >> Epoch: 28  |  Layer:  5  |  Train Loss: 0.032 | Train Acc: 99.33  |  Val Loss: 1.000 | Val Acc: 62.63  |  Test Loss: 1.327 | Tes Acc: 62.80
INFO >> Epoch: 28  |  Layer:  6  |  Train Loss: 0.026 | Train Acc: 99.66  |  Val Loss: 0.743 | Val Acc: 70.71  |  Test Loss: 1.041 | Tes Acc: 69.08
INFO >> Epoch: 28  |  Layer:  7  |  Train Loss: 0.039 | Train Acc: 99.33  |  Val Loss: 1.286 | Val Acc: 59.60  |  Test Loss: 1.989 | Tes Acc: 54.11
INFO >> Epoch: 28  |  Layer:  8  |  Train Loss: 0.092 | Train Acc: 98.32  |  Val Loss: 1.397 | Val Acc: 54.55  |  Test Loss: 1.086 | Tes Acc: 66.67
INFO >> Epoch: 28  |  Layer:  9  |  Train Loss: 0.065 | Train Acc: 98.66  |  Val Loss: 1.207 | Val Acc: 59.60  |  Test Loss: 1.100 | Tes Acc: 64.25
INFO >> Epoch: 28  |  Layer: 10  |  Train Loss: 0.072 | Train Acc: 98.66  |  Val Loss: 1.442 | Val Acc: 49.49  |  Test Loss: 1.414 | Tes Acc: 59.42
INFO >> Epoch: 28  |  Layer: 11  |  Train Loss: 0.080 | Train Acc: 99.33  |  Val Loss: 1.343 | Val Acc: 60.61  |  Test Loss: 1.356 | Tes Acc: 60.87
INFO >> Epoch: 28  |  Layer: 12  |  Train Loss: 0.430 | Train Acc: 87.92  |  Val Loss: 1.280 | Val Acc: 62.63  |  Test Loss: 1.248 | Tes Acc: 52.17
INFO >> Epoch: 28  |  Layer: 13  |  Train Loss: 0.438 | Train Acc: 83.22  |  Val Loss: 0.973 | Val Acc: 63.64  |  Test Loss: 1.364 | Tes Acc: 53.14

INFO >> Epoch: 29  |  Layer:  1  |  Train Loss: 0.719 | Train Acc: 68.46  |  Val Loss: 1.201 | Val Acc: 52.53  |  Test Loss: 1.861 | Tes Acc: 42.51
INFO >> Epoch: 29  |  Layer:  2  |  Train Loss: 0.092 | Train Acc: 99.33  |  Val Loss: 1.726 | Val Acc: 56.57  |  Test Loss: 1.825 | Tes Acc: 57.97
INFO >> Epoch: 29  |  Layer:  3  |  Train Loss: 0.061 | Train Acc: 99.66  |  Val Loss: 2.323 | Val Acc: 50.51  |  Test Loss: 1.370 | Tes Acc: 65.70
INFO >> Epoch: 29  |  Layer:  4  |  Train Loss: 0.040 | Train Acc: 99.66  |  Val Loss: 1.661 | Val Acc: 57.58  |  Test Loss: 1.416 | Tes Acc: 61.35
INFO >> Epoch: 29  |  Layer:  5  |  Train Loss: 0.039 | Train Acc: 99.33  |  Val Loss: 0.930 | Val Acc: 64.65  |  Test Loss: 1.620 | Tes Acc: 59.90
INFO >> Epoch: 29  |  Layer:  6  |  Train Loss: 0.030 | Train Acc: 99.66  |  Val Loss: 0.714 | Val Acc: 70.71  |  Test Loss: 1.227 | Tes Acc: 65.22
INFO >> Epoch: 29  |  Layer:  7  |  Train Loss: 0.028 | Train Acc: 100.00  |  Val Loss: 1.723 | Val Acc: 56.57  |  Test Loss: 1.268 | Tes Acc: 64.25
INFO >> Epoch: 29  |  Layer:  8  |  Train Loss: 0.055 | Train Acc: 98.66  |  Val Loss: 1.549 | Val Acc: 49.49  |  Test Loss: 1.512 | Tes Acc: 57.97
INFO >> Epoch: 29  |  Layer:  9  |  Train Loss: 0.050 | Train Acc: 99.66  |  Val Loss: 1.092 | Val Acc: 60.61  |  Test Loss: 1.078 | Tes Acc: 67.63
INFO >> Epoch: 29  |  Layer: 10  |  Train Loss: 0.062 | Train Acc: 98.99  |  Val Loss: 1.783 | Val Acc: 48.48  |  Test Loss: 1.604 | Tes Acc: 55.07
INFO >> Epoch: 29  |  Layer: 11  |  Train Loss: 0.087 | Train Acc: 98.66  |  Val Loss: 1.552 | Val Acc: 56.57  |  Test Loss: 1.156 | Tes Acc: 66.67
INFO >> Epoch: 29  |  Layer: 12  |  Train Loss: 0.428 | Train Acc: 86.91  |  Val Loss: 1.243 | Val Acc: 62.63  |  Test Loss: 1.273 | Tes Acc: 53.14
INFO >> Epoch: 29  |  Layer: 13  |  Train Loss: 0.478 | Train Acc: 80.20  |  Val Loss: 1.326 | Val Acc: 56.57  |  Test Loss: 1.414 | Tes Acc: 52.66

INFO >> Epoch: 30  |  Layer:  1  |  Train Loss: 0.697 | Train Acc: 72.15  |  Val Loss: 1.007 | Val Acc: 55.56  |  Test Loss: 1.655 | Tes Acc: 45.89
INFO >> Epoch: 30  |  Layer:  2  |  Train Loss: 0.086 | Train Acc: 99.66  |  Val Loss: 1.993 | Val Acc: 53.54  |  Test Loss: 1.841 | Tes Acc: 57.00
INFO >> Epoch: 30  |  Layer:  3  |  Train Loss: 0.047 | Train Acc: 100.00  |  Val Loss: 2.547 | Val Acc: 48.48  |  Test Loss: 1.374 | Tes Acc: 66.18
INFO >> Epoch: 30  |  Layer:  4  |  Train Loss: 0.033 | Train Acc: 99.66  |  Val Loss: 1.801 | Val Acc: 56.57  |  Test Loss: 1.309 | Tes Acc: 65.22
INFO >> Epoch: 30  |  Layer:  5  |  Train Loss: 0.038 | Train Acc: 99.66  |  Val Loss: 0.870 | Val Acc: 67.68  |  Test Loss: 1.374 | Tes Acc: 60.87
INFO >> Epoch: 30  |  Layer:  6  |  Train Loss: 0.033 | Train Acc: 100.00  |  Val Loss: 0.676 | Val Acc: 71.72  |  Test Loss: 1.024 | Tes Acc: 68.12
INFO >> Epoch: 30  |  Layer:  7  |  Train Loss: 0.019 | Train Acc: 99.66  |  Val Loss: 1.542 | Val Acc: 53.54  |  Test Loss: 1.435 | Tes Acc: 62.32
INFO >> Epoch: 30  |  Layer:  8  |  Train Loss: 0.069 | Train Acc: 97.65  |  Val Loss: 0.857 | Val Acc: 62.63  |  Test Loss: 1.154 | Tes Acc: 64.25
INFO >> Epoch: 30  |  Layer:  9  |  Train Loss: 0.033 | Train Acc: 100.00  |  Val Loss: 1.084 | Val Acc: 59.60  |  Test Loss: 1.176 | Tes Acc: 62.32
INFO >> Epoch: 30  |  Layer: 10  |  Train Loss: 0.056 | Train Acc: 99.33  |  Val Loss: 1.197 | Val Acc: 56.57  |  Test Loss: 1.247 | Tes Acc: 65.70
INFO >> Epoch: 30  |  Layer: 11  |  Train Loss: 0.067 | Train Acc: 99.33  |  Val Loss: 1.710 | Val Acc: 56.57  |  Test Loss: 1.062 | Tes Acc: 68.60
INFO >> Epoch: 30  |  Layer: 12  |  Train Loss: 0.393 | Train Acc: 87.92  |  Val Loss: 1.748 | Val Acc: 49.49  |  Test Loss: 1.407 | Tes Acc: 52.17
INFO >> Epoch: 30  |  Layer: 13  |  Train Loss: 0.460 | Train Acc: 82.89  |  Val Loss: 1.446 | Val Acc: 54.55  |  Test Loss: 1.480 | Tes Acc: 52.17



INFO >> Time Taken: 06:23

INFO >> Layer: 1  |  Best Val Acc: 70.71  |  Best Test Acc: 37.68
INFO >> Layer: 2  |  Best Val Acc: 70.71  |  Best Test Acc: 55.56
INFO >> Layer: 3  |  Best Val Acc: 71.72  |  Best Test Acc: 55.07
INFO >> Layer: 4  |  Best Val Acc: 66.67  |  Best Test Acc: 61.35
INFO >> Layer: 5  |  Best Val Acc: 76.77  |  Best Test Acc: 64.25
INFO >> Layer: 6  |  Best Val Acc: 78.79  |  Best Test Acc: 65.22
INFO >> Layer: 7  |  Best Val Acc: 70.71  |  Best Test Acc: 61.35
INFO >> Layer: 8  |  Best Val Acc: 68.69  |  Best Test Acc: 43.96
INFO >> Layer: 9  |  Best Val Acc: 70.71  |  Best Test Acc: 57.49
INFO >> Layer: 10  |  Best Val Acc: 64.65  |  Best Test Acc: 34.78
INFO >> Layer: 11  |  Best Val Acc: 64.65  |  Best Test Acc: 59.42
INFO >> Layer: 12  |  Best Val Acc: 63.64  |  Best Test Acc: 50.72
INFO >> Layer: 13  |  Best Val Acc: 63.64  |  Best Test Acc: 53.14

DEBUG >> Last state saved

INFO >> History saved (./history/v1.4/AESDD/WAV2VEC2_BASE_PROBING_DENSE/Run1/history.pt)
