
--------------------------------------------------
Multilingual SER System v1.3
--------------------------------------------------
Run Name      : Run3
Fx Model      : HUBERT_LARGE
Clf Model     : PROBING
Extract Mode  : gpu_memory
Dataset       : CaFE
Device        : gpu
Epochs        : 20
Num Workers   : 2
Data Dir      : ./data
History Dir   : ./history
Weights Dir   : ./weights
Log Level     : debug
Purge Cache   : False
Job Name      : Job60
Job Id        : 30721394
GPU           : Quadro RTX 8000
GPU Count     : 1
GPU Memory    : 44.49 GB

Timestamp : 2023-03-03 12:10:44.895196

INFO >> Running on CUDA


INFO >> Training Classifier

INFO >> Epoch: 1  |  Layer:  1  |  Train Loss: 2.045 | Train Acc: 21.06  |  Val Loss: 1.963 | Val Acc: 25.00  |  Test Loss: 1.958 | Tes Acc: 25.64
INFO >> Epoch: 1  |  Layer:  2  |  Train Loss: 2.010 | Train Acc: 23.99  |  Val Loss: 1.804 | Val Acc: 37.18  |  Test Loss: 1.807 | Tes Acc: 32.91
INFO >> Epoch: 1  |  Layer:  3  |  Train Loss: 1.933 | Train Acc: 24.18  |  Val Loss: 1.825 | Val Acc: 29.49  |  Test Loss: 1.855 | Tes Acc: 30.77
INFO >> Epoch: 1  |  Layer:  4  |  Train Loss: 1.978 | Train Acc: 24.73  |  Val Loss: 1.762 | Val Acc: 39.10  |  Test Loss: 1.827 | Tes Acc: 29.06
INFO >> Epoch: 1  |  Layer:  5  |  Train Loss: 2.076 | Train Acc: 25.09  |  Val Loss: 1.946 | Val Acc: 23.08  |  Test Loss: 1.887 | Tes Acc: 21.79
INFO >> Epoch: 1  |  Layer:  6  |  Train Loss: 2.078 | Train Acc: 25.64  |  Val Loss: 1.737 | Val Acc: 32.69  |  Test Loss: 1.708 | Tes Acc: 29.49
INFO >> Epoch: 1  |  Layer:  7  |  Train Loss: 2.106 | Train Acc: 22.53  |  Val Loss: 1.836 | Val Acc: 34.62  |  Test Loss: 1.785 | Tes Acc: 36.32
INFO >> Epoch: 1  |  Layer:  8  |  Train Loss: 2.127 | Train Acc: 26.56  |  Val Loss: 1.731 | Val Acc: 28.21  |  Test Loss: 1.684 | Tes Acc: 32.05
INFO >> Epoch: 1  |  Layer:  9  |  Train Loss: 2.092 | Train Acc: 25.46  |  Val Loss: 1.666 | Val Acc: 38.46  |  Test Loss: 1.590 | Tes Acc: 45.73
INFO >> Epoch: 1  |  Layer: 10  |  Train Loss: 2.097 | Train Acc: 23.99  |  Val Loss: 1.677 | Val Acc: 39.10  |  Test Loss: 1.566 | Tes Acc: 43.16
INFO >> Epoch: 1  |  Layer: 11  |  Train Loss: 2.053 | Train Acc: 24.91  |  Val Loss: 1.605 | Val Acc: 45.51  |  Test Loss: 1.562 | Tes Acc: 46.15
INFO >> Epoch: 1  |  Layer: 12  |  Train Loss: 2.031 | Train Acc: 25.09  |  Val Loss: 1.732 | Val Acc: 36.54  |  Test Loss: 1.534 | Tes Acc: 45.30
INFO >> Epoch: 1  |  Layer: 13  |  Train Loss: 2.134 | Train Acc: 23.81  |  Val Loss: 1.736 | Val Acc: 26.28  |  Test Loss: 1.621 | Tes Acc: 34.62
INFO >> Epoch: 1  |  Layer: 14  |  Train Loss: 2.228 | Train Acc: 23.63  |  Val Loss: 1.813 | Val Acc: 25.64  |  Test Loss: 1.713 | Tes Acc: 32.48
INFO >> Epoch: 1  |  Layer: 15  |  Train Loss: 2.278 | Train Acc: 22.34  |  Val Loss: 1.842 | Val Acc: 23.08  |  Test Loss: 1.691 | Tes Acc: 38.89
INFO >> Epoch: 1  |  Layer: 16  |  Train Loss: 2.434 | Train Acc: 24.54  |  Val Loss: 1.996 | Val Acc: 25.00  |  Test Loss: 1.825 | Tes Acc: 37.61
INFO >> Epoch: 1  |  Layer: 17  |  Train Loss: 2.423 | Train Acc: 18.86  |  Val Loss: 2.121 | Val Acc: 25.00  |  Test Loss: 2.025 | Tes Acc: 29.06
INFO >> Epoch: 1  |  Layer: 18  |  Train Loss: 2.339 | Train Acc: 18.50  |  Val Loss: 1.975 | Val Acc: 24.36  |  Test Loss: 1.834 | Tes Acc: 28.63
INFO >> Epoch: 1  |  Layer: 19  |  Train Loss: 2.571 | Train Acc: 20.70  |  Val Loss: 1.882 | Val Acc: 17.95  |  Test Loss: 1.738 | Tes Acc: 29.06
INFO >> Epoch: 1  |  Layer: 20  |  Train Loss: 2.726 | Train Acc: 19.78  |  Val Loss: 2.066 | Val Acc: 21.15  |  Test Loss: 1.925 | Tes Acc: 18.38
INFO >> Epoch: 1  |  Layer: 21  |  Train Loss: 3.161 | Train Acc: 21.61  |  Val Loss: 2.335 | Val Acc: 15.38  |  Test Loss: 2.164 | Tes Acc: 14.10
INFO >> Epoch: 1  |  Layer: 22  |  Train Loss: 8.088 | Train Acc: 20.51  |  Val Loss: 2.392 | Val Acc: 19.23  |  Test Loss: 2.245 | Tes Acc: 20.51
INFO >> Epoch: 1  |  Layer: 23  |  Train Loss: 6.391 | Train Acc: 19.23  |  Val Loss: 2.137 | Val Acc: 23.72  |  Test Loss: 1.833 | Tes Acc: 28.63
INFO >> Epoch: 1  |  Layer: 24  |  Train Loss: 7.951 | Train Acc: 19.41  |  Val Loss: 3.438 | Val Acc: 25.64  |  Test Loss: 3.243 | Tes Acc: 22.65

INFO >> Epoch: 2  |  Layer:  1  |  Train Loss: 1.821 | Train Acc: 25.82  |  Val Loss: 1.769 | Val Acc: 28.85  |  Test Loss: 1.785 | Tes Acc: 26.50
INFO >> Epoch: 2  |  Layer:  2  |  Train Loss: 1.709 | Train Acc: 32.97  |  Val Loss: 1.672 | Val Acc: 35.90  |  Test Loss: 1.670 | Tes Acc: 35.04
INFO >> Epoch: 2  |  Layer:  3  |  Train Loss: 1.645 | Train Acc: 34.80  |  Val Loss: 1.571 | Val Acc: 41.03  |  Test Loss: 1.613 | Tes Acc: 37.18
INFO >> Epoch: 2  |  Layer:  4  |  Train Loss: 1.651 | Train Acc: 39.56  |  Val Loss: 1.505 | Val Acc: 44.87  |  Test Loss: 1.529 | Tes Acc: 42.74
INFO >> Epoch: 2  |  Layer:  5  |  Train Loss: 1.699 | Train Acc: 37.18  |  Val Loss: 1.552 | Val Acc: 42.31  |  Test Loss: 1.562 | Tes Acc: 41.88
INFO >> Epoch: 2  |  Layer:  6  |  Train Loss: 1.585 | Train Acc: 40.29  |  Val Loss: 1.484 | Val Acc: 42.95  |  Test Loss: 1.483 | Tes Acc: 47.01
INFO >> Epoch: 2  |  Layer:  7  |  Train Loss: 1.557 | Train Acc: 40.66  |  Val Loss: 1.455 | Val Acc: 44.23  |  Test Loss: 1.442 | Tes Acc: 45.30
INFO >> Epoch: 2  |  Layer:  8  |  Train Loss: 1.584 | Train Acc: 39.01  |  Val Loss: 1.489 | Val Acc: 42.31  |  Test Loss: 1.436 | Tes Acc: 39.74
INFO >> Epoch: 2  |  Layer:  9  |  Train Loss: 1.521 | Train Acc: 44.32  |  Val Loss: 1.452 | Val Acc: 44.87  |  Test Loss: 1.469 | Tes Acc: 43.59
INFO >> Epoch: 2  |  Layer: 10  |  Train Loss: 1.488 | Train Acc: 45.42  |  Val Loss: 1.460 | Val Acc: 44.23  |  Test Loss: 1.378 | Tes Acc: 47.01
INFO >> Epoch: 2  |  Layer: 11  |  Train Loss: 1.468 | Train Acc: 45.05  |  Val Loss: 1.465 | Val Acc: 46.79  |  Test Loss: 1.397 | Tes Acc: 50.00
INFO >> Epoch: 2  |  Layer: 12  |  Train Loss: 1.456 | Train Acc: 43.96  |  Val Loss: 1.368 | Val Acc: 51.92  |  Test Loss: 1.299 | Tes Acc: 47.44
INFO >> Epoch: 2  |  Layer: 13  |  Train Loss: 1.538 | Train Acc: 42.12  |  Val Loss: 1.521 | Val Acc: 41.67  |  Test Loss: 1.421 | Tes Acc: 45.30
INFO >> Epoch: 2  |  Layer: 14  |  Train Loss: 1.627 | Train Acc: 35.90  |  Val Loss: 1.527 | Val Acc: 46.79  |  Test Loss: 1.447 | Tes Acc: 52.99
INFO >> Epoch: 2  |  Layer: 15  |  Train Loss: 1.621 | Train Acc: 37.91  |  Val Loss: 1.625 | Val Acc: 35.90  |  Test Loss: 1.640 | Tes Acc: 26.07
INFO >> Epoch: 2  |  Layer: 16  |  Train Loss: 1.735 | Train Acc: 35.90  |  Val Loss: 1.676 | Val Acc: 27.56  |  Test Loss: 1.601 | Tes Acc: 35.90
INFO >> Epoch: 2  |  Layer: 17  |  Train Loss: 1.765 | Train Acc: 30.77  |  Val Loss: 1.701 | Val Acc: 30.13  |  Test Loss: 1.712 | Tes Acc: 23.93
INFO >> Epoch: 2  |  Layer: 18  |  Train Loss: 1.722 | Train Acc: 32.23  |  Val Loss: 1.713 | Val Acc: 32.05  |  Test Loss: 1.550 | Tes Acc: 45.30
INFO >> Epoch: 2  |  Layer: 19  |  Train Loss: 1.779 | Train Acc: 30.95  |  Val Loss: 1.698 | Val Acc: 36.54  |  Test Loss: 1.584 | Tes Acc: 43.59
INFO >> Epoch: 2  |  Layer: 20  |  Train Loss: 1.881 | Train Acc: 24.54  |  Val Loss: 1.786 | Val Acc: 25.64  |  Test Loss: 1.583 | Tes Acc: 46.15
INFO >> Epoch: 2  |  Layer: 21  |  Train Loss: 1.863 | Train Acc: 26.19  |  Val Loss: 1.808 | Val Acc: 25.00  |  Test Loss: 1.591 | Tes Acc: 40.60
INFO >> Epoch: 2  |  Layer: 22  |  Train Loss: 1.913 | Train Acc: 23.08  |  Val Loss: 1.918 | Val Acc: 19.23  |  Test Loss: 1.754 | Tes Acc: 25.21
INFO >> Epoch: 2  |  Layer: 23  |  Train Loss: 1.750 | Train Acc: 34.25  |  Val Loss: 1.768 | Val Acc: 33.97  |  Test Loss: 1.480 | Tes Acc: 38.46
INFO >> Epoch: 2  |  Layer: 24  |  Train Loss: 2.069 | Train Acc: 35.16  |  Val Loss: 1.801 | Val Acc: 33.97  |  Test Loss: 1.789 | Tes Acc: 35.04

INFO >> Epoch: 3  |  Layer:  1  |  Train Loss: 1.642 | Train Acc: 29.30  |  Val Loss: 1.758 | Val Acc: 27.56  |  Test Loss: 1.807 | Tes Acc: 29.49
INFO >> Epoch: 3  |  Layer:  2  |  Train Loss: 1.487 | Train Acc: 43.22  |  Val Loss: 1.602 | Val Acc: 34.62  |  Test Loss: 1.585 | Tes Acc: 36.75
INFO >> Epoch: 3  |  Layer:  3  |  Train Loss: 1.339 | Train Acc: 49.82  |  Val Loss: 1.591 | Val Acc: 33.33  |  Test Loss: 1.555 | Tes Acc: 38.03
INFO >> Epoch: 3  |  Layer:  4  |  Train Loss: 1.312 | Train Acc: 50.55  |  Val Loss: 1.582 | Val Acc: 35.90  |  Test Loss: 1.617 | Tes Acc: 32.91
INFO >> Epoch: 3  |  Layer:  5  |  Train Loss: 1.355 | Train Acc: 47.99  |  Val Loss: 1.526 | Val Acc: 41.03  |  Test Loss: 1.553 | Tes Acc: 36.32
INFO >> Epoch: 3  |  Layer:  6  |  Train Loss: 1.283 | Train Acc: 54.76  |  Val Loss: 1.513 | Val Acc: 33.97  |  Test Loss: 1.431 | Tes Acc: 37.61
INFO >> Epoch: 3  |  Layer:  7  |  Train Loss: 1.209 | Train Acc: 56.59  |  Val Loss: 1.453 | Val Acc: 38.46  |  Test Loss: 1.357 | Tes Acc: 42.31
INFO >> Epoch: 3  |  Layer:  8  |  Train Loss: 1.224 | Train Acc: 58.42  |  Val Loss: 1.406 | Val Acc: 43.59  |  Test Loss: 1.351 | Tes Acc: 41.45
INFO >> Epoch: 3  |  Layer:  9  |  Train Loss: 1.162 | Train Acc: 62.09  |  Val Loss: 1.388 | Val Acc: 44.87  |  Test Loss: 1.252 | Tes Acc: 45.30
INFO >> Epoch: 3  |  Layer: 10  |  Train Loss: 1.137 | Train Acc: 62.27  |  Val Loss: 1.334 | Val Acc: 49.36  |  Test Loss: 1.221 | Tes Acc: 50.00
INFO >> Epoch: 3  |  Layer: 11  |  Train Loss: 1.136 | Train Acc: 60.99  |  Val Loss: 1.319 | Val Acc: 50.64  |  Test Loss: 1.177 | Tes Acc: 51.71
INFO >> Epoch: 3  |  Layer: 12  |  Train Loss: 1.079 | Train Acc: 63.00  |  Val Loss: 1.307 | Val Acc: 50.00  |  Test Loss: 1.199 | Tes Acc: 50.00
INFO >> Epoch: 3  |  Layer: 13  |  Train Loss: 1.245 | Train Acc: 59.71  |  Val Loss: 1.472 | Val Acc: 44.87  |  Test Loss: 1.245 | Tes Acc: 50.00
INFO >> Epoch: 3  |  Layer: 14  |  Train Loss: 1.320 | Train Acc: 58.24  |  Val Loss: 1.504 | Val Acc: 40.38  |  Test Loss: 1.304 | Tes Acc: 48.72
INFO >> Epoch: 3  |  Layer: 15  |  Train Loss: 1.388 | Train Acc: 48.72  |  Val Loss: 1.630 | Val Acc: 37.18  |  Test Loss: 1.530 | Tes Acc: 31.20
INFO >> Epoch: 3  |  Layer: 16  |  Train Loss: 1.446 | Train Acc: 47.80  |  Val Loss: 1.778 | Val Acc: 34.62  |  Test Loss: 1.614 | Tes Acc: 34.62
INFO >> Epoch: 3  |  Layer: 17  |  Train Loss: 1.455 | Train Acc: 47.44  |  Val Loss: 1.745 | Val Acc: 37.82  |  Test Loss: 1.571 | Tes Acc: 32.05
INFO >> Epoch: 3  |  Layer: 18  |  Train Loss: 1.440 | Train Acc: 50.00  |  Val Loss: 1.722 | Val Acc: 36.54  |  Test Loss: 1.516 | Tes Acc: 35.47
INFO >> Epoch: 3  |  Layer: 19  |  Train Loss: 1.487 | Train Acc: 46.15  |  Val Loss: 1.812 | Val Acc: 35.26  |  Test Loss: 1.669 | Tes Acc: 32.05
INFO >> Epoch: 3  |  Layer: 20  |  Train Loss: 1.525 | Train Acc: 40.66  |  Val Loss: 1.744 | Val Acc: 33.97  |  Test Loss: 1.651 | Tes Acc: 35.90
INFO >> Epoch: 3  |  Layer: 21  |  Train Loss: 1.489 | Train Acc: 42.86  |  Val Loss: 1.681 | Val Acc: 28.85  |  Test Loss: 1.566 | Tes Acc: 37.18
INFO >> Epoch: 3  |  Layer: 22  |  Train Loss: 1.692 | Train Acc: 33.52  |  Val Loss: 2.116 | Val Acc: 22.44  |  Test Loss: 2.004 | Tes Acc: 18.80
INFO >> Epoch: 3  |  Layer: 23  |  Train Loss: 1.303 | Train Acc: 46.89  |  Val Loss: 2.069 | Val Acc: 30.13  |  Test Loss: 1.876 | Tes Acc: 30.34
INFO >> Epoch: 3  |  Layer: 24  |  Train Loss: 1.457 | Train Acc: 45.97  |  Val Loss: 2.480 | Val Acc: 25.64  |  Test Loss: 2.078 | Tes Acc: 29.06

INFO >> Epoch: 4  |  Layer:  1  |  Train Loss: 1.709 | Train Acc: 33.15  |  Val Loss: 1.666 | Val Acc: 31.41  |  Test Loss: 1.717 | Tes Acc: 29.91
INFO >> Epoch: 4  |  Layer:  2  |  Train Loss: 1.467 | Train Acc: 47.25  |  Val Loss: 1.640 | Val Acc: 33.33  |  Test Loss: 1.436 | Tes Acc: 45.73
INFO >> Epoch: 4  |  Layer:  3  |  Train Loss: 1.305 | Train Acc: 54.76  |  Val Loss: 1.450 | Val Acc: 41.67  |  Test Loss: 1.445 | Tes Acc: 43.16
INFO >> Epoch: 4  |  Layer:  4  |  Train Loss: 1.311 | Train Acc: 54.76  |  Val Loss: 1.455 | Val Acc: 42.31  |  Test Loss: 1.406 | Tes Acc: 45.73
INFO >> Epoch: 4  |  Layer:  5  |  Train Loss: 1.365 | Train Acc: 53.85  |  Val Loss: 1.490 | Val Acc: 41.03  |  Test Loss: 1.442 | Tes Acc: 41.88
INFO >> Epoch: 4  |  Layer:  6  |  Train Loss: 1.277 | Train Acc: 54.95  |  Val Loss: 1.349 | Val Acc: 40.38  |  Test Loss: 1.277 | Tes Acc: 44.87
INFO >> Epoch: 4  |  Layer:  7  |  Train Loss: 1.214 | Train Acc: 58.97  |  Val Loss: 1.421 | Val Acc: 42.95  |  Test Loss: 1.406 | Tes Acc: 46.15
INFO >> Epoch: 4  |  Layer:  8  |  Train Loss: 1.211 | Train Acc: 57.14  |  Val Loss: 1.384 | Val Acc: 42.95  |  Test Loss: 1.314 | Tes Acc: 44.44
INFO >> Epoch: 4  |  Layer:  9  |  Train Loss: 1.113 | Train Acc: 61.17  |  Val Loss: 1.315 | Val Acc: 43.59  |  Test Loss: 1.265 | Tes Acc: 48.29
INFO >> Epoch: 4  |  Layer: 10  |  Train Loss: 1.044 | Train Acc: 64.10  |  Val Loss: 1.321 | Val Acc: 42.95  |  Test Loss: 1.181 | Tes Acc: 53.85
INFO >> Epoch: 4  |  Layer: 11  |  Train Loss: 1.042 | Train Acc: 65.57  |  Val Loss: 1.343 | Val Acc: 45.51  |  Test Loss: 1.323 | Tes Acc: 49.57
INFO >> Epoch: 4  |  Layer: 12  |  Train Loss: 1.029 | Train Acc: 65.02  |  Val Loss: 1.181 | Val Acc: 51.28  |  Test Loss: 1.214 | Tes Acc: 51.28
INFO >> Epoch: 4  |  Layer: 13  |  Train Loss: 1.187 | Train Acc: 58.06  |  Val Loss: 1.408 | Val Acc: 47.44  |  Test Loss: 1.259 | Tes Acc: 45.73
INFO >> Epoch: 4  |  Layer: 14  |  Train Loss: 1.277 | Train Acc: 54.21  |  Val Loss: 1.398 | Val Acc: 49.36  |  Test Loss: 1.217 | Tes Acc: 49.57
INFO >> Epoch: 4  |  Layer: 15  |  Train Loss: 1.382 | Train Acc: 48.53  |  Val Loss: 1.453 | Val Acc: 42.31  |  Test Loss: 1.216 | Tes Acc: 53.42
INFO >> Epoch: 4  |  Layer: 16  |  Train Loss: 1.505 | Train Acc: 44.51  |  Val Loss: 1.461 | Val Acc: 45.51  |  Test Loss: 1.375 | Tes Acc: 42.74
INFO >> Epoch: 4  |  Layer: 17  |  Train Loss: 1.496 | Train Acc: 44.32  |  Val Loss: 1.459 | Val Acc: 41.67  |  Test Loss: 1.341 | Tes Acc: 45.30
INFO >> Epoch: 4  |  Layer: 18  |  Train Loss: 1.462 | Train Acc: 46.70  |  Val Loss: 1.571 | Val Acc: 37.82  |  Test Loss: 1.374 | Tes Acc: 39.74
INFO >> Epoch: 4  |  Layer: 19  |  Train Loss: 1.475 | Train Acc: 44.51  |  Val Loss: 1.576 | Val Acc: 37.82  |  Test Loss: 1.346 | Tes Acc: 45.73
INFO >> Epoch: 4  |  Layer: 20  |  Train Loss: 1.527 | Train Acc: 47.80  |  Val Loss: 1.599 | Val Acc: 37.18  |  Test Loss: 1.479 | Tes Acc: 35.47
INFO >> Epoch: 4  |  Layer: 21  |  Train Loss: 1.498 | Train Acc: 47.25  |  Val Loss: 1.722 | Val Acc: 31.41  |  Test Loss: 1.559 | Tes Acc: 33.76
INFO >> Epoch: 4  |  Layer: 22  |  Train Loss: 1.924 | Train Acc: 29.67  |  Val Loss: 2.011 | Val Acc: 29.49  |  Test Loss: 1.747 | Tes Acc: 27.35
INFO >> Epoch: 4  |  Layer: 23  |  Train Loss: 1.262 | Train Acc: 53.11  |  Val Loss: 1.648 | Val Acc: 39.10  |  Test Loss: 1.266 | Tes Acc: 51.28
INFO >> Epoch: 4  |  Layer: 24  |  Train Loss: 1.658 | Train Acc: 42.31  |  Val Loss: 1.647 | Val Acc: 35.90  |  Test Loss: 1.542 | Tes Acc: 43.59

INFO >> Epoch: 5  |  Layer:  1  |  Train Loss: 1.604 | Train Acc: 33.33  |  Val Loss: 1.682 | Val Acc: 36.54  |  Test Loss: 1.690 | Tes Acc: 33.76
INFO >> Epoch: 5  |  Layer:  2  |  Train Loss: 1.281 | Train Acc: 50.18  |  Val Loss: 1.503 | Val Acc: 35.90  |  Test Loss: 1.518 | Tes Acc: 44.87
INFO >> Epoch: 5  |  Layer:  3  |  Train Loss: 1.057 | Train Acc: 63.00  |  Val Loss: 1.355 | Val Acc: 39.74  |  Test Loss: 1.394 | Tes Acc: 47.01
INFO >> Epoch: 5  |  Layer:  4  |  Train Loss: 1.062 | Train Acc: 61.36  |  Val Loss: 1.281 | Val Acc: 53.21  |  Test Loss: 1.366 | Tes Acc: 49.15
INFO >> Epoch: 5  |  Layer:  5  |  Train Loss: 1.162 | Train Acc: 60.99  |  Val Loss: 1.362 | Val Acc: 47.44  |  Test Loss: 1.261 | Tes Acc: 55.13
INFO >> Epoch: 5  |  Layer:  6  |  Train Loss: 1.063 | Train Acc: 62.82  |  Val Loss: 1.180 | Val Acc: 63.46  |  Test Loss: 1.263 | Tes Acc: 50.85
INFO >> Epoch: 5  |  Layer:  7  |  Train Loss: 1.105 | Train Acc: 57.88  |  Val Loss: 1.151 | Val Acc: 61.54  |  Test Loss: 1.282 | Tes Acc: 56.41
INFO >> Epoch: 5  |  Layer:  8  |  Train Loss: 1.047 | Train Acc: 63.19  |  Val Loss: 1.172 | Val Acc: 54.49  |  Test Loss: 1.236 | Tes Acc: 51.71
INFO >> Epoch: 5  |  Layer:  9  |  Train Loss: 0.956 | Train Acc: 68.68  |  Val Loss: 1.151 | Val Acc: 54.49  |  Test Loss: 1.214 | Tes Acc: 53.42
INFO >> Epoch: 5  |  Layer: 10  |  Train Loss: 0.929 | Train Acc: 66.12  |  Val Loss: 1.148 | Val Acc: 54.49  |  Test Loss: 1.134 | Tes Acc: 52.99
INFO >> Epoch: 5  |  Layer: 11  |  Train Loss: 0.947 | Train Acc: 67.77  |  Val Loss: 1.083 | Val Acc: 61.54  |  Test Loss: 1.103 | Tes Acc: 55.13
INFO >> Epoch: 5  |  Layer: 12  |  Train Loss: 0.874 | Train Acc: 68.68  |  Val Loss: 1.052 | Val Acc: 57.69  |  Test Loss: 1.190 | Tes Acc: 50.00
INFO >> Epoch: 5  |  Layer: 13  |  Train Loss: 0.998 | Train Acc: 66.67  |  Val Loss: 1.207 | Val Acc: 44.87  |  Test Loss: 1.248 | Tes Acc: 47.44
INFO >> Epoch: 5  |  Layer: 14  |  Train Loss: 1.098 | Train Acc: 61.17  |  Val Loss: 1.285 | Val Acc: 47.44  |  Test Loss: 1.268 | Tes Acc: 51.71
INFO >> Epoch: 5  |  Layer: 15  |  Train Loss: 1.114 | Train Acc: 62.64  |  Val Loss: 1.283 | Val Acc: 50.64  |  Test Loss: 1.398 | Tes Acc: 47.44
INFO >> Epoch: 5  |  Layer: 16  |  Train Loss: 1.216 | Train Acc: 57.33  |  Val Loss: 1.420 | Val Acc: 41.67  |  Test Loss: 1.454 | Tes Acc: 43.59
INFO >> Epoch: 5  |  Layer: 17  |  Train Loss: 1.219 | Train Acc: 56.41  |  Val Loss: 1.432 | Val Acc: 41.67  |  Test Loss: 1.481 | Tes Acc: 41.45
INFO >> Epoch: 5  |  Layer: 18  |  Train Loss: 1.253 | Train Acc: 54.95  |  Val Loss: 1.489 | Val Acc: 44.87  |  Test Loss: 1.407 | Tes Acc: 44.02
INFO >> Epoch: 5  |  Layer: 19  |  Train Loss: 1.256 | Train Acc: 55.31  |  Val Loss: 1.535 | Val Acc: 36.54  |  Test Loss: 1.548 | Tes Acc: 43.16
INFO >> Epoch: 5  |  Layer: 20  |  Train Loss: 1.294 | Train Acc: 54.03  |  Val Loss: 1.481 | Val Acc: 43.59  |  Test Loss: 1.455 | Tes Acc: 47.44
INFO >> Epoch: 5  |  Layer: 21  |  Train Loss: 1.314 | Train Acc: 45.79  |  Val Loss: 1.618 | Val Acc: 32.05  |  Test Loss: 1.502 | Tes Acc: 36.75
INFO >> Epoch: 5  |  Layer: 22  |  Train Loss: 1.647 | Train Acc: 35.71  |  Val Loss: 1.811 | Val Acc: 24.36  |  Test Loss: 1.664 | Tes Acc: 37.18
INFO >> Epoch: 5  |  Layer: 23  |  Train Loss: 1.065 | Train Acc: 61.72  |  Val Loss: 1.588 | Val Acc: 44.87  |  Test Loss: 1.249 | Tes Acc: 52.14
INFO >> Epoch: 5  |  Layer: 24  |  Train Loss: 1.155 | Train Acc: 58.06  |  Val Loss: 1.693 | Val Acc: 41.03  |  Test Loss: 1.348 | Tes Acc: 46.58

INFO >> Epoch: 6  |  Layer:  1  |  Train Loss: 1.569 | Train Acc: 41.21  |  Val Loss: 1.678 | Val Acc: 33.33  |  Test Loss: 1.661 | Tes Acc: 33.76
INFO >> Epoch: 6  |  Layer:  2  |  Train Loss: 1.246 | Train Acc: 60.07  |  Val Loss: 1.599 | Val Acc: 32.69  |  Test Loss: 1.290 | Tes Acc: 56.41
INFO >> Epoch: 6  |  Layer:  3  |  Train Loss: 0.956 | Train Acc: 69.23  |  Val Loss: 1.383 | Val Acc: 44.23  |  Test Loss: 1.126 | Tes Acc: 61.11
INFO >> Epoch: 6  |  Layer:  4  |  Train Loss: 0.993 | Train Acc: 66.67  |  Val Loss: 1.421 | Val Acc: 41.67  |  Test Loss: 1.135 | Tes Acc: 62.39
INFO >> Epoch: 6  |  Layer:  5  |  Train Loss: 1.041 | Train Acc: 65.57  |  Val Loss: 1.491 | Val Acc: 41.03  |  Test Loss: 1.129 | Tes Acc: 60.68
INFO >> Epoch: 6  |  Layer:  6  |  Train Loss: 0.961 | Train Acc: 69.78  |  Val Loss: 1.411 | Val Acc: 41.67  |  Test Loss: 1.070 | Tes Acc: 63.68
INFO >> Epoch: 6  |  Layer:  7  |  Train Loss: 0.950 | Train Acc: 66.67  |  Val Loss: 1.527 | Val Acc: 46.15  |  Test Loss: 1.077 | Tes Acc: 63.25
INFO >> Epoch: 6  |  Layer:  8  |  Train Loss: 0.950 | Train Acc: 68.13  |  Val Loss: 1.446 | Val Acc: 46.15  |  Test Loss: 1.026 | Tes Acc: 64.10
INFO >> Epoch: 6  |  Layer:  9  |  Train Loss: 0.838 | Train Acc: 73.81  |  Val Loss: 1.434 | Val Acc: 48.08  |  Test Loss: 0.972 | Tes Acc: 64.96
INFO >> Epoch: 6  |  Layer: 10  |  Train Loss: 0.807 | Train Acc: 74.91  |  Val Loss: 1.224 | Val Acc: 50.64  |  Test Loss: 0.913 | Tes Acc: 65.81
INFO >> Epoch: 6  |  Layer: 11  |  Train Loss: 0.796 | Train Acc: 76.01  |  Val Loss: 1.160 | Val Acc: 50.64  |  Test Loss: 0.864 | Tes Acc: 69.66
INFO >> Epoch: 6  |  Layer: 12  |  Train Loss: 0.761 | Train Acc: 76.37  |  Val Loss: 1.063 | Val Acc: 56.41  |  Test Loss: 0.880 | Tes Acc: 69.23
INFO >> Epoch: 6  |  Layer: 13  |  Train Loss: 0.926 | Train Acc: 68.86  |  Val Loss: 1.282 | Val Acc: 51.28  |  Test Loss: 0.958 | Tes Acc: 67.95
INFO >> Epoch: 6  |  Layer: 14  |  Train Loss: 1.025 | Train Acc: 67.95  |  Val Loss: 1.420 | Val Acc: 42.31  |  Test Loss: 1.060 | Tes Acc: 63.25
INFO >> Epoch: 6  |  Layer: 15  |  Train Loss: 1.046 | Train Acc: 66.12  |  Val Loss: 1.397 | Val Acc: 45.51  |  Test Loss: 1.010 | Tes Acc: 64.53
INFO >> Epoch: 6  |  Layer: 16  |  Train Loss: 1.156 | Train Acc: 61.36  |  Val Loss: 1.455 | Val Acc: 40.38  |  Test Loss: 1.069 | Tes Acc: 64.10
INFO >> Epoch: 6  |  Layer: 17  |  Train Loss: 1.151 | Train Acc: 59.16  |  Val Loss: 1.415 | Val Acc: 53.21  |  Test Loss: 1.207 | Tes Acc: 55.13
INFO >> Epoch: 6  |  Layer: 18  |  Train Loss: 1.203 | Train Acc: 59.52  |  Val Loss: 1.414 | Val Acc: 48.08  |  Test Loss: 1.115 | Tes Acc: 58.97
INFO >> Epoch: 6  |  Layer: 19  |  Train Loss: 1.221 | Train Acc: 59.34  |  Val Loss: 1.422 | Val Acc: 50.00  |  Test Loss: 1.248 | Tes Acc: 50.43
INFO >> Epoch: 6  |  Layer: 20  |  Train Loss: 1.253 | Train Acc: 56.23  |  Val Loss: 1.548 | Val Acc: 37.18  |  Test Loss: 1.210 | Tes Acc: 56.41
INFO >> Epoch: 6  |  Layer: 21  |  Train Loss: 1.199 | Train Acc: 57.33  |  Val Loss: 1.624 | Val Acc: 39.74  |  Test Loss: 1.153 | Tes Acc: 59.83
INFO >> Epoch: 6  |  Layer: 22  |  Train Loss: 1.545 | Train Acc: 43.41  |  Val Loss: 1.968 | Val Acc: 33.97  |  Test Loss: 1.478 | Tes Acc: 47.01
INFO >> Epoch: 6  |  Layer: 23  |  Train Loss: 0.996 | Train Acc: 65.57  |  Val Loss: 1.589 | Val Acc: 45.51  |  Test Loss: 1.067 | Tes Acc: 59.83
INFO >> Epoch: 6  |  Layer: 24  |  Train Loss: 1.045 | Train Acc: 63.37  |  Val Loss: 1.724 | Val Acc: 39.10  |  Test Loss: 1.293 | Tes Acc: 48.72

INFO >> Epoch: 7  |  Layer:  1  |  Train Loss: 1.508 | Train Acc: 39.01  |  Val Loss: 1.626 | Val Acc: 32.69  |  Test Loss: 1.627 | Tes Acc: 36.75
INFO >> Epoch: 7  |  Layer:  2  |  Train Loss: 1.066 | Train Acc: 60.99  |  Val Loss: 1.516 | Val Acc: 36.54  |  Test Loss: 1.201 | Tes Acc: 62.39
INFO >> Epoch: 7  |  Layer:  3  |  Train Loss: 0.895 | Train Acc: 68.13  |  Val Loss: 1.490 | Val Acc: 39.10  |  Test Loss: 1.111 | Tes Acc: 63.25
INFO >> Epoch: 7  |  Layer:  4  |  Train Loss: 0.876 | Train Acc: 68.68  |  Val Loss: 1.370 | Val Acc: 48.72  |  Test Loss: 1.169 | Tes Acc: 58.97
INFO >> Epoch: 7  |  Layer:  5  |  Train Loss: 0.911 | Train Acc: 66.85  |  Val Loss: 1.423 | Val Acc: 43.59  |  Test Loss: 1.075 | Tes Acc: 65.81
INFO >> Epoch: 7  |  Layer:  6  |  Train Loss: 0.860 | Train Acc: 67.77  |  Val Loss: 1.315 | Val Acc: 48.72  |  Test Loss: 1.053 | Tes Acc: 62.39
INFO >> Epoch: 7  |  Layer:  7  |  Train Loss: 0.826 | Train Acc: 70.33  |  Val Loss: 1.116 | Val Acc: 58.33  |  Test Loss: 0.989 | Tes Acc: 64.10
INFO >> Epoch: 7  |  Layer:  8  |  Train Loss: 0.839 | Train Acc: 70.88  |  Val Loss: 1.239 | Val Acc: 51.28  |  Test Loss: 1.009 | Tes Acc: 65.38
INFO >> Epoch: 7  |  Layer:  9  |  Train Loss: 0.791 | Train Acc: 70.70  |  Val Loss: 1.265 | Val Acc: 51.28  |  Test Loss: 1.078 | Tes Acc: 58.55
INFO >> Epoch: 7  |  Layer: 10  |  Train Loss: 0.709 | Train Acc: 74.91  |  Val Loss: 1.310 | Val Acc: 53.21  |  Test Loss: 1.028 | Tes Acc: 61.97
INFO >> Epoch: 7  |  Layer: 11  |  Train Loss: 0.727 | Train Acc: 71.79  |  Val Loss: 1.212 | Val Acc: 53.85  |  Test Loss: 0.990 | Tes Acc: 60.68
INFO >> Epoch: 7  |  Layer: 12  |  Train Loss: 0.723 | Train Acc: 75.09  |  Val Loss: 1.129 | Val Acc: 59.62  |  Test Loss: 0.960 | Tes Acc: 62.39
INFO >> Epoch: 7  |  Layer: 13  |  Train Loss: 0.778 | Train Acc: 73.44  |  Val Loss: 1.220 | Val Acc: 53.85  |  Test Loss: 0.954 | Tes Acc: 66.24
INFO >> Epoch: 7  |  Layer: 14  |  Train Loss: 0.948 | Train Acc: 66.67  |  Val Loss: 1.440 | Val Acc: 51.28  |  Test Loss: 1.111 | Tes Acc: 55.56
INFO >> Epoch: 7  |  Layer: 15  |  Train Loss: 0.975 | Train Acc: 64.10  |  Val Loss: 1.461 | Val Acc: 43.59  |  Test Loss: 1.135 | Tes Acc: 55.13
INFO >> Epoch: 7  |  Layer: 16  |  Train Loss: 1.053 | Train Acc: 60.99  |  Val Loss: 1.460 | Val Acc: 45.51  |  Test Loss: 1.258 | Tes Acc: 47.44
INFO >> Epoch: 7  |  Layer: 17  |  Train Loss: 1.123 | Train Acc: 58.42  |  Val Loss: 1.474 | Val Acc: 43.59  |  Test Loss: 1.178 | Tes Acc: 58.55
INFO >> Epoch: 7  |  Layer: 18  |  Train Loss: 1.108 | Train Acc: 57.88  |  Val Loss: 1.501 | Val Acc: 37.18  |  Test Loss: 1.341 | Tes Acc: 42.31
INFO >> Epoch: 7  |  Layer: 19  |  Train Loss: 1.122 | Train Acc: 56.41  |  Val Loss: 1.567 | Val Acc: 40.38  |  Test Loss: 1.154 | Tes Acc: 56.41
INFO >> Epoch: 7  |  Layer: 20  |  Train Loss: 1.164 | Train Acc: 58.24  |  Val Loss: 1.571 | Val Acc: 41.67  |  Test Loss: 1.415 | Tes Acc: 39.32
INFO >> Epoch: 7  |  Layer: 21  |  Train Loss: 1.144 | Train Acc: 56.04  |  Val Loss: 1.642 | Val Acc: 38.46  |  Test Loss: 1.211 | Tes Acc: 50.43
INFO >> Epoch: 7  |  Layer: 22  |  Train Loss: 1.496 | Train Acc: 42.67  |  Val Loss: 1.873 | Val Acc: 26.28  |  Test Loss: 1.356 | Tes Acc: 48.29
INFO >> Epoch: 7  |  Layer: 23  |  Train Loss: 1.058 | Train Acc: 61.36  |  Val Loss: 1.917 | Val Acc: 31.41  |  Test Loss: 1.116 | Tes Acc: 55.13
INFO >> Epoch: 7  |  Layer: 24  |  Train Loss: 1.005 | Train Acc: 63.37  |  Val Loss: 2.000 | Val Acc: 39.10  |  Test Loss: 1.249 | Tes Acc: 50.85

INFO >> Epoch: 8  |  Layer:  1  |  Train Loss: 1.529 | Train Acc: 37.36  |  Val Loss: 1.685 | Val Acc: 32.05  |  Test Loss: 1.669 | Tes Acc: 36.75
INFO >> Epoch: 8  |  Layer:  2  |  Train Loss: 0.989 | Train Acc: 67.95  |  Val Loss: 1.595 | Val Acc: 35.26  |  Test Loss: 1.201 | Tes Acc: 58.12
INFO >> Epoch: 8  |  Layer:  3  |  Train Loss: 0.770 | Train Acc: 76.01  |  Val Loss: 1.564 | Val Acc: 41.03  |  Test Loss: 1.106 | Tes Acc: 57.69
INFO >> Epoch: 8  |  Layer:  4  |  Train Loss: 0.783 | Train Acc: 76.56  |  Val Loss: 1.402 | Val Acc: 45.51  |  Test Loss: 1.171 | Tes Acc: 56.41
INFO >> Epoch: 8  |  Layer:  5  |  Train Loss: 0.845 | Train Acc: 72.16  |  Val Loss: 1.408 | Val Acc: 43.59  |  Test Loss: 1.033 | Tes Acc: 60.26
INFO >> Epoch: 8  |  Layer:  6  |  Train Loss: 0.819 | Train Acc: 74.36  |  Val Loss: 1.209 | Val Acc: 46.15  |  Test Loss: 1.046 | Tes Acc: 58.12
INFO >> Epoch: 8  |  Layer:  7  |  Train Loss: 0.753 | Train Acc: 78.39  |  Val Loss: 1.275 | Val Acc: 47.44  |  Test Loss: 1.005 | Tes Acc: 62.39
INFO >> Epoch: 8  |  Layer:  8  |  Train Loss: 0.781 | Train Acc: 77.66  |  Val Loss: 1.168 | Val Acc: 48.72  |  Test Loss: 0.941 | Tes Acc: 64.10
INFO >> Epoch: 8  |  Layer:  9  |  Train Loss: 0.674 | Train Acc: 80.22  |  Val Loss: 1.229 | Val Acc: 50.64  |  Test Loss: 0.973 | Tes Acc: 64.96
INFO >> Epoch: 8  |  Layer: 10  |  Train Loss: 0.643 | Train Acc: 79.67  |  Val Loss: 1.142 | Val Acc: 57.05  |  Test Loss: 0.938 | Tes Acc: 62.39
INFO >> Epoch: 8  |  Layer: 11  |  Train Loss: 0.626 | Train Acc: 80.59  |  Val Loss: 1.050 | Val Acc: 57.05  |  Test Loss: 0.865 | Tes Acc: 69.66
INFO >> Epoch: 8  |  Layer: 12  |  Train Loss: 0.600 | Train Acc: 81.14  |  Val Loss: 1.079 | Val Acc: 58.97  |  Test Loss: 0.992 | Tes Acc: 61.11
INFO >> Epoch: 8  |  Layer: 13  |  Train Loss: 0.699 | Train Acc: 80.22  |  Val Loss: 1.127 | Val Acc: 56.41  |  Test Loss: 0.957 | Tes Acc: 60.26
INFO >> Epoch: 8  |  Layer: 14  |  Train Loss: 0.824 | Train Acc: 72.71  |  Val Loss: 1.378 | Val Acc: 47.44  |  Test Loss: 1.037 | Tes Acc: 56.84
INFO >> Epoch: 8  |  Layer: 15  |  Train Loss: 0.901 | Train Acc: 70.70  |  Val Loss: 1.508 | Val Acc: 39.74  |  Test Loss: 1.074 | Tes Acc: 59.83
INFO >> Epoch: 8  |  Layer: 16  |  Train Loss: 0.957 | Train Acc: 67.95  |  Val Loss: 1.458 | Val Acc: 38.46  |  Test Loss: 1.134 | Tes Acc: 54.27
INFO >> Epoch: 8  |  Layer: 17  |  Train Loss: 0.961 | Train Acc: 70.70  |  Val Loss: 1.343 | Val Acc: 49.36  |  Test Loss: 1.127 | Tes Acc: 56.84
INFO >> Epoch: 8  |  Layer: 18  |  Train Loss: 1.017 | Train Acc: 67.03  |  Val Loss: 1.520 | Val Acc: 38.46  |  Test Loss: 1.217 | Tes Acc: 52.14
INFO >> Epoch: 8  |  Layer: 19  |  Train Loss: 1.022 | Train Acc: 67.77  |  Val Loss: 1.518 | Val Acc: 37.82  |  Test Loss: 1.231 | Tes Acc: 48.72
INFO >> Epoch: 8  |  Layer: 20  |  Train Loss: 1.078 | Train Acc: 64.47  |  Val Loss: 1.649 | Val Acc: 36.54  |  Test Loss: 1.306 | Tes Acc: 45.73
INFO >> Epoch: 8  |  Layer: 21  |  Train Loss: 1.099 | Train Acc: 59.34  |  Val Loss: 1.527 | Val Acc: 46.79  |  Test Loss: 1.139 | Tes Acc: 55.98
INFO >> Epoch: 8  |  Layer: 22  |  Train Loss: 1.498 | Train Acc: 42.31  |  Val Loss: 2.068 | Val Acc: 21.79  |  Test Loss: 1.710 | Tes Acc: 20.09
INFO >> Epoch: 8  |  Layer: 23  |  Train Loss: 0.891 | Train Acc: 70.33  |  Val Loss: 1.582 | Val Acc: 46.15  |  Test Loss: 1.111 | Tes Acc: 55.13
INFO >> Epoch: 8  |  Layer: 24  |  Train Loss: 0.997 | Train Acc: 64.47  |  Val Loss: 2.915 | Val Acc: 30.77  |  Test Loss: 1.383 | Tes Acc: 48.72

INFO >> Epoch: 9  |  Layer:  1  |  Train Loss: 1.536 | Train Acc: 45.79  |  Val Loss: 1.569 | Val Acc: 35.26  |  Test Loss: 1.629 | Tes Acc: 37.61
INFO >> Epoch: 9  |  Layer:  2  |  Train Loss: 0.957 | Train Acc: 72.16  |  Val Loss: 1.372 | Val Acc: 46.79  |  Test Loss: 1.105 | Tes Acc: 58.55
INFO >> Epoch: 9  |  Layer:  3  |  Train Loss: 0.714 | Train Acc: 78.57  |  Val Loss: 1.244 | Val Acc: 53.21  |  Test Loss: 1.070 | Tes Acc: 60.26
INFO >> Epoch: 9  |  Layer:  4  |  Train Loss: 0.703 | Train Acc: 78.94  |  Val Loss: 1.268 | Val Acc: 50.64  |  Test Loss: 1.010 | Tes Acc: 65.38
INFO >> Epoch: 9  |  Layer:  5  |  Train Loss: 0.758 | Train Acc: 78.75  |  Val Loss: 1.354 | Val Acc: 50.00  |  Test Loss: 0.920 | Tes Acc: 69.66
INFO >> Epoch: 9  |  Layer:  6  |  Train Loss: 0.715 | Train Acc: 79.12  |  Val Loss: 1.224 | Val Acc: 50.00  |  Test Loss: 0.926 | Tes Acc: 66.24
INFO >> Epoch: 9  |  Layer:  7  |  Train Loss: 0.693 | Train Acc: 78.39  |  Val Loss: 1.156 | Val Acc: 53.21  |  Test Loss: 0.810 | Tes Acc: 72.22
INFO >> Epoch: 9  |  Layer:  8  |  Train Loss: 0.715 | Train Acc: 77.11  |  Val Loss: 1.140 | Val Acc: 50.64  |  Test Loss: 0.812 | Tes Acc: 70.94
INFO >> Epoch: 9  |  Layer:  9  |  Train Loss: 0.591 | Train Acc: 82.97  |  Val Loss: 1.018 | Val Acc: 60.90  |  Test Loss: 0.868 | Tes Acc: 68.38
INFO >> Epoch: 9  |  Layer: 10  |  Train Loss: 0.526 | Train Acc: 85.16  |  Val Loss: 1.091 | Val Acc: 58.97  |  Test Loss: 0.849 | Tes Acc: 70.51
INFO >> Epoch: 9  |  Layer: 11  |  Train Loss: 0.534 | Train Acc: 85.71  |  Val Loss: 1.018 | Val Acc: 60.26  |  Test Loss: 0.775 | Tes Acc: 70.94
INFO >> Epoch: 9  |  Layer: 12  |  Train Loss: 0.530 | Train Acc: 84.25  |  Val Loss: 1.006 | Val Acc: 59.62  |  Test Loss: 0.855 | Tes Acc: 67.09
INFO >> Epoch: 9  |  Layer: 13  |  Train Loss: 0.643 | Train Acc: 81.50  |  Val Loss: 1.238 | Val Acc: 54.49  |  Test Loss: 0.843 | Tes Acc: 69.23
INFO >> Epoch: 9  |  Layer: 14  |  Train Loss: 0.739 | Train Acc: 78.02  |  Val Loss: 1.276 | Val Acc: 53.21  |  Test Loss: 0.868 | Tes Acc: 66.24
INFO >> Epoch: 9  |  Layer: 15  |  Train Loss: 0.781 | Train Acc: 75.64  |  Val Loss: 1.267 | Val Acc: 51.92  |  Test Loss: 0.867 | Tes Acc: 67.95
INFO >> Epoch: 9  |  Layer: 16  |  Train Loss: 0.849 | Train Acc: 72.53  |  Val Loss: 1.286 | Val Acc: 52.56  |  Test Loss: 0.902 | Tes Acc: 67.09
INFO >> Epoch: 9  |  Layer: 17  |  Train Loss: 0.866 | Train Acc: 71.79  |  Val Loss: 1.389 | Val Acc: 46.15  |  Test Loss: 0.963 | Tes Acc: 66.67
INFO >> Epoch: 9  |  Layer: 18  |  Train Loss: 0.937 | Train Acc: 68.68  |  Val Loss: 1.294 | Val Acc: 50.64  |  Test Loss: 0.958 | Tes Acc: 63.25
INFO >> Epoch: 9  |  Layer: 19  |  Train Loss: 0.941 | Train Acc: 71.06  |  Val Loss: 1.460 | Val Acc: 45.51  |  Test Loss: 0.921 | Tes Acc: 67.09
INFO >> Epoch: 9  |  Layer: 20  |  Train Loss: 1.001 | Train Acc: 69.23  |  Val Loss: 1.353 | Val Acc: 47.44  |  Test Loss: 1.072 | Tes Acc: 61.97
INFO >> Epoch: 9  |  Layer: 21  |  Train Loss: 1.007 | Train Acc: 69.78  |  Val Loss: 1.563 | Val Acc: 41.03  |  Test Loss: 0.984 | Tes Acc: 65.81
INFO >> Epoch: 9  |  Layer: 22  |  Train Loss: 1.447 | Train Acc: 45.42  |  Val Loss: 1.894 | Val Acc: 31.41  |  Test Loss: 1.350 | Tes Acc: 51.71
INFO >> Epoch: 9  |  Layer: 23  |  Train Loss: 0.738 | Train Acc: 76.56  |  Val Loss: 1.706 | Val Acc: 41.67  |  Test Loss: 0.916 | Tes Acc: 67.09
INFO >> Epoch: 9  |  Layer: 24  |  Train Loss: 1.124 | Train Acc: 62.45  |  Val Loss: 1.880 | Val Acc: 41.67  |  Test Loss: 1.487 | Tes Acc: 49.57

INFO >> Epoch: 10  |  Layer:  1  |  Train Loss: 1.442 | Train Acc: 51.10  |  Val Loss: 1.618 | Val Acc: 28.85  |  Test Loss: 1.585 | Tes Acc: 37.61
INFO >> Epoch: 10  |  Layer:  2  |  Train Loss: 0.886 | Train Acc: 73.08  |  Val Loss: 1.635 | Val Acc: 37.18  |  Test Loss: 1.124 | Tes Acc: 59.83
INFO >> Epoch: 10  |  Layer:  3  |  Train Loss: 0.649 | Train Acc: 82.97  |  Val Loss: 1.637 | Val Acc: 43.59  |  Test Loss: 1.018 | Tes Acc: 63.68
INFO >> Epoch: 10  |  Layer:  4  |  Train Loss: 0.637 | Train Acc: 81.50  |  Val Loss: 1.462 | Val Acc: 48.72  |  Test Loss: 0.992 | Tes Acc: 61.11
INFO >> Epoch: 10  |  Layer:  5  |  Train Loss: 0.698 | Train Acc: 78.94  |  Val Loss: 1.387 | Val Acc: 46.79  |  Test Loss: 0.930 | Tes Acc: 64.96
INFO >> Epoch: 10  |  Layer:  6  |  Train Loss: 0.626 | Train Acc: 81.50  |  Val Loss: 1.427 | Val Acc: 46.79  |  Test Loss: 0.899 | Tes Acc: 67.95
INFO >> Epoch: 10  |  Layer:  7  |  Train Loss: 0.566 | Train Acc: 84.25  |  Val Loss: 1.296 | Val Acc: 48.72  |  Test Loss: 0.839 | Tes Acc: 70.51
INFO >> Epoch: 10  |  Layer:  8  |  Train Loss: 0.625 | Train Acc: 82.60  |  Val Loss: 1.094 | Val Acc: 56.41  |  Test Loss: 0.830 | Tes Acc: 68.80
INFO >> Epoch: 10  |  Layer:  9  |  Train Loss: 0.563 | Train Acc: 86.08  |  Val Loss: 0.978 | Val Acc: 62.18  |  Test Loss: 0.828 | Tes Acc: 68.80
INFO >> Epoch: 10  |  Layer: 10  |  Train Loss: 0.517 | Train Acc: 86.63  |  Val Loss: 1.201 | Val Acc: 52.56  |  Test Loss: 0.838 | Tes Acc: 68.38
INFO >> Epoch: 10  |  Layer: 11  |  Train Loss: 0.508 | Train Acc: 87.18  |  Val Loss: 1.059 | Val Acc: 55.13  |  Test Loss: 0.775 | Tes Acc: 69.66
INFO >> Epoch: 10  |  Layer: 12  |  Train Loss: 0.497 | Train Acc: 85.53  |  Val Loss: 1.025 | Val Acc: 55.13  |  Test Loss: 0.785 | Tes Acc: 70.94
INFO >> Epoch: 10  |  Layer: 13  |  Train Loss: 0.570 | Train Acc: 84.62  |  Val Loss: 1.138 | Val Acc: 57.05  |  Test Loss: 0.830 | Tes Acc: 69.23
INFO >> Epoch: 10  |  Layer: 14  |  Train Loss: 0.665 | Train Acc: 81.68  |  Val Loss: 1.160 | Val Acc: 52.56  |  Test Loss: 0.846 | Tes Acc: 69.23
INFO >> Epoch: 10  |  Layer: 15  |  Train Loss: 0.747 | Train Acc: 78.75  |  Val Loss: 1.223 | Val Acc: 52.56  |  Test Loss: 0.954 | Tes Acc: 62.39
INFO >> Epoch: 10  |  Layer: 16  |  Train Loss: 0.781 | Train Acc: 78.94  |  Val Loss: 1.268 | Val Acc: 53.21  |  Test Loss: 0.927 | Tes Acc: 64.10
INFO >> Epoch: 10  |  Layer: 17  |  Train Loss: 0.822 | Train Acc: 73.99  |  Val Loss: 1.224 | Val Acc: 51.92  |  Test Loss: 0.956 | Tes Acc: 66.24
INFO >> Epoch: 10  |  Layer: 18  |  Train Loss: 0.820 | Train Acc: 76.19  |  Val Loss: 1.284 | Val Acc: 55.13  |  Test Loss: 0.921 | Tes Acc: 65.81
INFO >> Epoch: 10  |  Layer: 19  |  Train Loss: 0.851 | Train Acc: 75.46  |  Val Loss: 1.315 | Val Acc: 54.49  |  Test Loss: 0.980 | Tes Acc: 62.82
INFO >> Epoch: 10  |  Layer: 20  |  Train Loss: 0.902 | Train Acc: 75.82  |  Val Loss: 1.460 | Val Acc: 48.08  |  Test Loss: 1.023 | Tes Acc: 63.68
INFO >> Epoch: 10  |  Layer: 21  |  Train Loss: 0.987 | Train Acc: 64.29  |  Val Loss: 1.610 | Val Acc: 46.79  |  Test Loss: 1.046 | Tes Acc: 60.68
INFO >> Epoch: 10  |  Layer: 22  |  Train Loss: 1.341 | Train Acc: 54.95  |  Val Loss: 1.743 | Val Acc: 36.54  |  Test Loss: 1.258 | Tes Acc: 51.28
INFO >> Epoch: 10  |  Layer: 23  |  Train Loss: 0.809 | Train Acc: 71.61  |  Val Loss: 1.558 | Val Acc: 49.36  |  Test Loss: 0.972 | Tes Acc: 62.39
INFO >> Epoch: 10  |  Layer: 24  |  Train Loss: 0.880 | Train Acc: 70.70  |  Val Loss: 1.704 | Val Acc: 44.87  |  Test Loss: 1.096 | Tes Acc: 55.98

INFO >> Epoch: 11  |  Layer:  1  |  Train Loss: 1.386 | Train Acc: 47.99  |  Val Loss: 1.671 | Val Acc: 31.41  |  Test Loss: 1.608 | Tes Acc: 36.32
INFO >> Epoch: 11  |  Layer:  2  |  Train Loss: 0.782 | Train Acc: 74.36  |  Val Loss: 1.560 | Val Acc: 41.67  |  Test Loss: 1.178 | Tes Acc: 54.70
INFO >> Epoch: 11  |  Layer:  3  |  Train Loss: 0.557 | Train Acc: 84.25  |  Val Loss: 1.582 | Val Acc: 41.03  |  Test Loss: 1.089 | Tes Acc: 56.41
INFO >> Epoch: 11  |  Layer:  4  |  Train Loss: 0.577 | Train Acc: 82.78  |  Val Loss: 1.562 | Val Acc: 37.18  |  Test Loss: 1.083 | Tes Acc: 58.97
INFO >> Epoch: 11  |  Layer:  5  |  Train Loss: 0.621 | Train Acc: 81.32  |  Val Loss: 1.671 | Val Acc: 35.90  |  Test Loss: 1.077 | Tes Acc: 62.39
INFO >> Epoch: 11  |  Layer:  6  |  Train Loss: 0.552 | Train Acc: 83.70  |  Val Loss: 1.429 | Val Acc: 41.03  |  Test Loss: 0.979 | Tes Acc: 65.81
INFO >> Epoch: 11  |  Layer:  7  |  Train Loss: 0.511 | Train Acc: 84.80  |  Val Loss: 1.417 | Val Acc: 45.51  |  Test Loss: 0.997 | Tes Acc: 64.10
INFO >> Epoch: 11  |  Layer:  8  |  Train Loss: 0.537 | Train Acc: 84.98  |  Val Loss: 1.378 | Val Acc: 46.15  |  Test Loss: 1.048 | Tes Acc: 65.38
INFO >> Epoch: 11  |  Layer:  9  |  Train Loss: 0.533 | Train Acc: 83.88  |  Val Loss: 1.321 | Val Acc: 51.92  |  Test Loss: 1.112 | Tes Acc: 61.97
INFO >> Epoch: 11  |  Layer: 10  |  Train Loss: 0.482 | Train Acc: 83.70  |  Val Loss: 1.328 | Val Acc: 51.28  |  Test Loss: 1.015 | Tes Acc: 63.68
INFO >> Epoch: 11  |  Layer: 11  |  Train Loss: 0.456 | Train Acc: 84.62  |  Val Loss: 1.194 | Val Acc: 53.21  |  Test Loss: 1.012 | Tes Acc: 63.68
INFO >> Epoch: 11  |  Layer: 12  |  Train Loss: 0.445 | Train Acc: 84.62  |  Val Loss: 1.253 | Val Acc: 53.21  |  Test Loss: 1.012 | Tes Acc: 65.38
INFO >> Epoch: 11  |  Layer: 13  |  Train Loss: 0.528 | Train Acc: 83.70  |  Val Loss: 1.391 | Val Acc: 48.08  |  Test Loss: 1.065 | Tes Acc: 63.68
INFO >> Epoch: 11  |  Layer: 14  |  Train Loss: 0.661 | Train Acc: 79.30  |  Val Loss: 1.392 | Val Acc: 42.95  |  Test Loss: 1.077 | Tes Acc: 58.55
INFO >> Epoch: 11  |  Layer: 15  |  Train Loss: 0.797 | Train Acc: 72.16  |  Val Loss: 1.336 | Val Acc: 44.87  |  Test Loss: 1.113 | Tes Acc: 55.98
INFO >> Epoch: 11  |  Layer: 16  |  Train Loss: 0.795 | Train Acc: 71.79  |  Val Loss: 1.353 | Val Acc: 44.23  |  Test Loss: 1.272 | Tes Acc: 49.15
INFO >> Epoch: 11  |  Layer: 17  |  Train Loss: 0.795 | Train Acc: 74.73  |  Val Loss: 1.653 | Val Acc: 44.23  |  Test Loss: 1.461 | Tes Acc: 47.86
INFO >> Epoch: 11  |  Layer: 18  |  Train Loss: 0.776 | Train Acc: 73.63  |  Val Loss: 1.384 | Val Acc: 43.59  |  Test Loss: 1.363 | Tes Acc: 44.87
INFO >> Epoch: 11  |  Layer: 19  |  Train Loss: 0.808 | Train Acc: 73.26  |  Val Loss: 1.508 | Val Acc: 41.03  |  Test Loss: 1.251 | Tes Acc: 52.56
INFO >> Epoch: 11  |  Layer: 20  |  Train Loss: 0.887 | Train Acc: 70.33  |  Val Loss: 1.483 | Val Acc: 42.95  |  Test Loss: 1.305 | Tes Acc: 49.57
INFO >> Epoch: 11  |  Layer: 21  |  Train Loss: 0.871 | Train Acc: 71.61  |  Val Loss: 1.517 | Val Acc: 42.95  |  Test Loss: 1.219 | Tes Acc: 53.85
INFO >> Epoch: 11  |  Layer: 22  |  Train Loss: 1.291 | Train Acc: 53.30  |  Val Loss: 1.771 | Val Acc: 28.85  |  Test Loss: 1.444 | Tes Acc: 35.47
INFO >> Epoch: 11  |  Layer: 23  |  Train Loss: 0.801 | Train Acc: 72.16  |  Val Loss: 1.728 | Val Acc: 46.15  |  Test Loss: 1.252 | Tes Acc: 50.85
INFO >> Epoch: 11  |  Layer: 24  |  Train Loss: 0.796 | Train Acc: 71.06  |  Val Loss: 2.443 | Val Acc: 37.82  |  Test Loss: 1.275 | Tes Acc: 58.55

INFO >> Epoch: 12  |  Layer:  1  |  Train Loss: 1.371 | Train Acc: 44.32  |  Val Loss: 1.639 | Val Acc: 27.56  |  Test Loss: 1.569 | Tes Acc: 42.74
INFO >> Epoch: 12  |  Layer:  2  |  Train Loss: 0.756 | Train Acc: 73.26  |  Val Loss: 1.470 | Val Acc: 41.67  |  Test Loss: 1.091 | Tes Acc: 55.98
INFO >> Epoch: 12  |  Layer:  3  |  Train Loss: 0.508 | Train Acc: 85.71  |  Val Loss: 1.654 | Val Acc: 42.95  |  Test Loss: 1.201 | Tes Acc: 56.84
INFO >> Epoch: 12  |  Layer:  4  |  Train Loss: 0.520 | Train Acc: 83.52  |  Val Loss: 1.463 | Val Acc: 46.15  |  Test Loss: 1.140 | Tes Acc: 57.69
INFO >> Epoch: 12  |  Layer:  5  |  Train Loss: 0.606 | Train Acc: 78.57  |  Val Loss: 1.301 | Val Acc: 51.92  |  Test Loss: 1.009 | Tes Acc: 60.26
INFO >> Epoch: 12  |  Layer:  6  |  Train Loss: 0.549 | Train Acc: 82.78  |  Val Loss: 1.199 | Val Acc: 54.49  |  Test Loss: 1.045 | Tes Acc: 58.97
INFO >> Epoch: 12  |  Layer:  7  |  Train Loss: 0.517 | Train Acc: 83.88  |  Val Loss: 1.071 | Val Acc: 61.54  |  Test Loss: 0.923 | Tes Acc: 64.10
INFO >> Epoch: 12  |  Layer:  8  |  Train Loss: 0.546 | Train Acc: 81.87  |  Val Loss: 1.053 | Val Acc: 60.26  |  Test Loss: 0.910 | Tes Acc: 64.53
INFO >> Epoch: 12  |  Layer:  9  |  Train Loss: 0.521 | Train Acc: 80.40  |  Val Loss: 1.049 | Val Acc: 60.90  |  Test Loss: 0.917 | Tes Acc: 64.53
INFO >> Epoch: 12  |  Layer: 10  |  Train Loss: 0.452 | Train Acc: 84.43  |  Val Loss: 0.983 | Val Acc: 63.46  |  Test Loss: 0.854 | Tes Acc: 67.09
INFO >> Epoch: 12  |  Layer: 11  |  Train Loss: 0.455 | Train Acc: 84.43  |  Val Loss: 0.987 | Val Acc: 60.26  |  Test Loss: 0.903 | Tes Acc: 64.53
INFO >> Epoch: 12  |  Layer: 12  |  Train Loss: 0.459 | Train Acc: 84.07  |  Val Loss: 0.978 | Val Acc: 60.90  |  Test Loss: 1.054 | Tes Acc: 58.55
INFO >> Epoch: 12  |  Layer: 13  |  Train Loss: 0.541 | Train Acc: 82.60  |  Val Loss: 1.031 | Val Acc: 58.97  |  Test Loss: 0.945 | Tes Acc: 60.68
INFO >> Epoch: 12  |  Layer: 14  |  Train Loss: 0.652 | Train Acc: 77.47  |  Val Loss: 1.133 | Val Acc: 51.28  |  Test Loss: 0.960 | Tes Acc: 64.10
INFO >> Epoch: 12  |  Layer: 15  |  Train Loss: 0.702 | Train Acc: 74.54  |  Val Loss: 1.213 | Val Acc: 47.44  |  Test Loss: 1.121 | Tes Acc: 58.12
INFO >> Epoch: 12  |  Layer: 16  |  Train Loss: 0.771 | Train Acc: 70.51  |  Val Loss: 1.126 | Val Acc: 51.28  |  Test Loss: 1.022 | Tes Acc: 57.26
INFO >> Epoch: 12  |  Layer: 17  |  Train Loss: 0.921 | Train Acc: 65.57  |  Val Loss: 1.272 | Val Acc: 51.92  |  Test Loss: 1.325 | Tes Acc: 44.87
INFO >> Epoch: 12  |  Layer: 18  |  Train Loss: 0.863 | Train Acc: 69.23  |  Val Loss: 1.181 | Val Acc: 51.92  |  Test Loss: 0.961 | Tes Acc: 62.82
INFO >> Epoch: 12  |  Layer: 19  |  Train Loss: 0.891 | Train Acc: 67.77  |  Val Loss: 1.330 | Val Acc: 51.28  |  Test Loss: 1.201 | Tes Acc: 52.99
INFO >> Epoch: 12  |  Layer: 20  |  Train Loss: 0.878 | Train Acc: 66.30  |  Val Loss: 1.403 | Val Acc: 44.23  |  Test Loss: 1.266 | Tes Acc: 51.28
INFO >> Epoch: 12  |  Layer: 21  |  Train Loss: 0.861 | Train Acc: 70.51  |  Val Loss: 1.412 | Val Acc: 50.64  |  Test Loss: 1.330 | Tes Acc: 47.01
INFO >> Epoch: 12  |  Layer: 22  |  Train Loss: 1.263 | Train Acc: 51.83  |  Val Loss: 1.557 | Val Acc: 42.31  |  Test Loss: 1.390 | Tes Acc: 42.74
INFO >> Epoch: 12  |  Layer: 23  |  Train Loss: 0.793 | Train Acc: 70.88  |  Val Loss: 1.505 | Val Acc: 48.72  |  Test Loss: 1.011 | Tes Acc: 61.11
INFO >> Epoch: 12  |  Layer: 24  |  Train Loss: 0.738 | Train Acc: 74.36  |  Val Loss: 1.760 | Val Acc: 45.51  |  Test Loss: 1.408 | Tes Acc: 47.86

INFO >> Epoch: 13  |  Layer:  1  |  Train Loss: 1.363 | Train Acc: 49.82  |  Val Loss: 1.644 | Val Acc: 28.21  |  Test Loss: 1.532 | Tes Acc: 44.02
INFO >> Epoch: 13  |  Layer:  2  |  Train Loss: 0.728 | Train Acc: 77.47  |  Val Loss: 1.815 | Val Acc: 35.90  |  Test Loss: 1.043 | Tes Acc: 59.40
INFO >> Epoch: 13  |  Layer:  3  |  Train Loss: 0.523 | Train Acc: 83.15  |  Val Loss: 1.768 | Val Acc: 41.67  |  Test Loss: 1.062 | Tes Acc: 58.55
INFO >> Epoch: 13  |  Layer:  4  |  Train Loss: 0.510 | Train Acc: 82.23  |  Val Loss: 1.646 | Val Acc: 48.08  |  Test Loss: 1.068 | Tes Acc: 59.40
INFO >> Epoch: 13  |  Layer:  5  |  Train Loss: 0.566 | Train Acc: 81.14  |  Val Loss: 1.790 | Val Acc: 44.23  |  Test Loss: 0.975 | Tes Acc: 62.82
INFO >> Epoch: 13  |  Layer:  6  |  Train Loss: 0.543 | Train Acc: 81.14  |  Val Loss: 1.634 | Val Acc: 44.23  |  Test Loss: 1.012 | Tes Acc: 64.10
INFO >> Epoch: 13  |  Layer:  7  |  Train Loss: 0.502 | Train Acc: 84.07  |  Val Loss: 1.712 | Val Acc: 44.87  |  Test Loss: 0.971 | Tes Acc: 64.96
INFO >> Epoch: 13  |  Layer:  8  |  Train Loss: 0.500 | Train Acc: 84.80  |  Val Loss: 1.590 | Val Acc: 46.79  |  Test Loss: 0.954 | Tes Acc: 67.95
INFO >> Epoch: 13  |  Layer:  9  |  Train Loss: 0.467 | Train Acc: 85.71  |  Val Loss: 1.346 | Val Acc: 51.92  |  Test Loss: 0.917 | Tes Acc: 67.95
INFO >> Epoch: 13  |  Layer: 10  |  Train Loss: 0.422 | Train Acc: 87.55  |  Val Loss: 1.585 | Val Acc: 50.00  |  Test Loss: 0.980 | Tes Acc: 65.81
INFO >> Epoch: 13  |  Layer: 11  |  Train Loss: 0.470 | Train Acc: 86.45  |  Val Loss: 1.440 | Val Acc: 56.41  |  Test Loss: 0.900 | Tes Acc: 66.24
INFO >> Epoch: 13  |  Layer: 12  |  Train Loss: 0.486 | Train Acc: 85.35  |  Val Loss: 1.744 | Val Acc: 49.36  |  Test Loss: 1.028 | Tes Acc: 67.09
INFO >> Epoch: 13  |  Layer: 13  |  Train Loss: 0.592 | Train Acc: 83.33  |  Val Loss: 1.650 | Val Acc: 50.00  |  Test Loss: 0.994 | Tes Acc: 62.39
INFO >> Epoch: 13  |  Layer: 14  |  Train Loss: 0.591 | Train Acc: 80.77  |  Val Loss: 1.529 | Val Acc: 46.79  |  Test Loss: 0.904 | Tes Acc: 64.10
INFO >> Epoch: 13  |  Layer: 15  |  Train Loss: 0.677 | Train Acc: 76.01  |  Val Loss: 1.635 | Val Acc: 47.44  |  Test Loss: 0.958 | Tes Acc: 61.54
INFO >> Epoch: 13  |  Layer: 16  |  Train Loss: 0.691 | Train Acc: 79.12  |  Val Loss: 1.483 | Val Acc: 46.79  |  Test Loss: 0.875 | Tes Acc: 65.38
INFO >> Epoch: 13  |  Layer: 17  |  Train Loss: 0.797 | Train Acc: 72.53  |  Val Loss: 1.511 | Val Acc: 47.44  |  Test Loss: 0.874 | Tes Acc: 67.09
INFO >> Epoch: 13  |  Layer: 18  |  Train Loss: 0.724 | Train Acc: 77.47  |  Val Loss: 1.360 | Val Acc: 49.36  |  Test Loss: 0.886 | Tes Acc: 65.81
INFO >> Epoch: 13  |  Layer: 19  |  Train Loss: 0.812 | Train Acc: 73.63  |  Val Loss: 1.504 | Val Acc: 48.08  |  Test Loss: 0.924 | Tes Acc: 65.38
INFO >> Epoch: 13  |  Layer: 20  |  Train Loss: 0.848 | Train Acc: 71.98  |  Val Loss: 1.630 | Val Acc: 37.18  |  Test Loss: 1.037 | Tes Acc: 57.26
INFO >> Epoch: 13  |  Layer: 21  |  Train Loss: 0.891 | Train Acc: 69.78  |  Val Loss: 1.627 | Val Acc: 39.10  |  Test Loss: 1.037 | Tes Acc: 58.97
INFO >> Epoch: 13  |  Layer: 22  |  Train Loss: 1.132 | Train Acc: 59.89  |  Val Loss: 1.853 | Val Acc: 28.21  |  Test Loss: 1.235 | Tes Acc: 47.01
INFO >> Epoch: 13  |  Layer: 23  |  Train Loss: 0.692 | Train Acc: 77.29  |  Val Loss: 1.583 | Val Acc: 48.08  |  Test Loss: 0.877 | Tes Acc: 69.23
INFO >> Epoch: 13  |  Layer: 24  |  Train Loss: 0.607 | Train Acc: 78.75  |  Val Loss: 2.585 | Val Acc: 37.18  |  Test Loss: 1.090 | Tes Acc: 61.97

INFO >> Epoch: 14  |  Layer:  1  |  Train Loss: 1.287 | Train Acc: 51.83  |  Val Loss: 1.536 | Val Acc: 44.23  |  Test Loss: 1.524 | Tes Acc: 44.02
INFO >> Epoch: 14  |  Layer:  2  |  Train Loss: 0.666 | Train Acc: 77.47  |  Val Loss: 1.383 | Val Acc: 46.79  |  Test Loss: 1.054 | Tes Acc: 62.39
INFO >> Epoch: 14  |  Layer:  3  |  Train Loss: 0.456 | Train Acc: 87.00  |  Val Loss: 1.424 | Val Acc: 50.00  |  Test Loss: 0.979 | Tes Acc: 63.25
INFO >> Epoch: 14  |  Layer:  4  |  Train Loss: 0.440 | Train Acc: 88.83  |  Val Loss: 1.254 | Val Acc: 55.13  |  Test Loss: 0.983 | Tes Acc: 63.25
INFO >> Epoch: 14  |  Layer:  5  |  Train Loss: 0.541 | Train Acc: 82.42  |  Val Loss: 1.217 | Val Acc: 53.21  |  Test Loss: 0.834 | Tes Acc: 67.09
INFO >> Epoch: 14  |  Layer:  6  |  Train Loss: 0.510 | Train Acc: 84.43  |  Val Loss: 1.200 | Val Acc: 50.64  |  Test Loss: 0.868 | Tes Acc: 67.52
INFO >> Epoch: 14  |  Layer:  7  |  Train Loss: 0.482 | Train Acc: 84.62  |  Val Loss: 0.933 | Val Acc: 63.46  |  Test Loss: 0.828 | Tes Acc: 69.23
INFO >> Epoch: 14  |  Layer:  8  |  Train Loss: 0.523 | Train Acc: 84.25  |  Val Loss: 0.854 | Val Acc: 66.67  |  Test Loss: 0.864 | Tes Acc: 64.10
INFO >> Epoch: 14  |  Layer:  9  |  Train Loss: 0.466 | Train Acc: 87.18  |  Val Loss: 0.868 | Val Acc: 70.51  |  Test Loss: 0.886 | Tes Acc: 66.67
INFO >> Epoch: 14  |  Layer: 10  |  Train Loss: 0.462 | Train Acc: 85.71  |  Val Loss: 1.038 | Val Acc: 61.54  |  Test Loss: 0.755 | Tes Acc: 72.65
INFO >> Epoch: 14  |  Layer: 11  |  Train Loss: 0.494 | Train Acc: 83.52  |  Val Loss: 1.040 | Val Acc: 61.54  |  Test Loss: 0.738 | Tes Acc: 72.65
INFO >> Epoch: 14  |  Layer: 12  |  Train Loss: 0.466 | Train Acc: 84.07  |  Val Loss: 0.876 | Val Acc: 66.67  |  Test Loss: 0.777 | Tes Acc: 69.23
INFO >> Epoch: 14  |  Layer: 13  |  Train Loss: 0.590 | Train Acc: 81.14  |  Val Loss: 1.057 | Val Acc: 62.18  |  Test Loss: 0.909 | Tes Acc: 64.96
INFO >> Epoch: 14  |  Layer: 14  |  Train Loss: 0.563 | Train Acc: 83.15  |  Val Loss: 1.081 | Val Acc: 59.62  |  Test Loss: 0.928 | Tes Acc: 62.39
INFO >> Epoch: 14  |  Layer: 15  |  Train Loss: 0.616 | Train Acc: 80.95  |  Val Loss: 1.030 | Val Acc: 62.18  |  Test Loss: 0.951 | Tes Acc: 61.11
INFO >> Epoch: 14  |  Layer: 16  |  Train Loss: 0.619 | Train Acc: 82.60  |  Val Loss: 1.005 | Val Acc: 60.90  |  Test Loss: 0.839 | Tes Acc: 67.52
INFO >> Epoch: 14  |  Layer: 17  |  Train Loss: 0.696 | Train Acc: 78.21  |  Val Loss: 1.209 | Val Acc: 56.41  |  Test Loss: 0.961 | Tes Acc: 61.97
INFO >> Epoch: 14  |  Layer: 18  |  Train Loss: 0.697 | Train Acc: 79.67  |  Val Loss: 1.140 | Val Acc: 53.85  |  Test Loss: 1.111 | Tes Acc: 54.27
INFO >> Epoch: 14  |  Layer: 19  |  Train Loss: 0.726 | Train Acc: 76.56  |  Val Loss: 1.153 | Val Acc: 53.85  |  Test Loss: 1.043 | Tes Acc: 59.83
INFO >> Epoch: 14  |  Layer: 20  |  Train Loss: 0.780 | Train Acc: 76.56  |  Val Loss: 1.281 | Val Acc: 52.56  |  Test Loss: 1.281 | Tes Acc: 48.29
INFO >> Epoch: 14  |  Layer: 21  |  Train Loss: 0.828 | Train Acc: 70.51  |  Val Loss: 1.605 | Val Acc: 42.95  |  Test Loss: 1.263 | Tes Acc: 50.85
INFO >> Epoch: 14  |  Layer: 22  |  Train Loss: 1.141 | Train Acc: 53.85  |  Val Loss: 1.506 | Val Acc: 44.87  |  Test Loss: 1.281 | Tes Acc: 42.31
INFO >> Epoch: 14  |  Layer: 23  |  Train Loss: 0.609 | Train Acc: 79.30  |  Val Loss: 1.667 | Val Acc: 46.79  |  Test Loss: 1.185 | Tes Acc: 56.84
INFO >> Epoch: 14  |  Layer: 24  |  Train Loss: 0.647 | Train Acc: 76.01  |  Val Loss: 1.851 | Val Acc: 47.44  |  Test Loss: 1.197 | Tes Acc: 57.69

INFO >> Epoch: 15  |  Layer:  1  |  Train Loss: 1.327 | Train Acc: 55.86  |  Val Loss: 1.580 | Val Acc: 42.31  |  Test Loss: 1.539 | Tes Acc: 44.02
INFO >> Epoch: 15  |  Layer:  2  |  Train Loss: 0.742 | Train Acc: 79.12  |  Val Loss: 1.663 | Val Acc: 36.54  |  Test Loss: 1.015 | Tes Acc: 62.82
INFO >> Epoch: 15  |  Layer:  3  |  Train Loss: 0.463 | Train Acc: 87.18  |  Val Loss: 1.718 | Val Acc: 41.03  |  Test Loss: 1.008 | Tes Acc: 64.10
INFO >> Epoch: 15  |  Layer:  4  |  Train Loss: 0.516 | Train Acc: 87.18  |  Val Loss: 1.700 | Val Acc: 42.95  |  Test Loss: 1.038 | Tes Acc: 65.38
INFO >> Epoch: 15  |  Layer:  5  |  Train Loss: 0.572 | Train Acc: 81.87  |  Val Loss: 1.352 | Val Acc: 48.72  |  Test Loss: 0.869 | Tes Acc: 67.09
INFO >> Epoch: 15  |  Layer:  6  |  Train Loss: 0.510 | Train Acc: 84.98  |  Val Loss: 1.200 | Val Acc: 50.00  |  Test Loss: 0.892 | Tes Acc: 66.67
INFO >> Epoch: 15  |  Layer:  7  |  Train Loss: 0.525 | Train Acc: 83.15  |  Val Loss: 1.452 | Val Acc: 44.87  |  Test Loss: 0.886 | Tes Acc: 68.38
INFO >> Epoch: 15  |  Layer:  8  |  Train Loss: 0.576 | Train Acc: 80.95  |  Val Loss: 1.188 | Val Acc: 52.56  |  Test Loss: 0.825 | Tes Acc: 70.94
INFO >> Epoch: 15  |  Layer:  9  |  Train Loss: 0.511 | Train Acc: 82.78  |  Val Loss: 1.043 | Val Acc: 62.18  |  Test Loss: 0.815 | Tes Acc: 70.94
INFO >> Epoch: 15  |  Layer: 10  |  Train Loss: 0.407 | Train Acc: 87.55  |  Val Loss: 1.106 | Val Acc: 59.62  |  Test Loss: 0.872 | Tes Acc: 67.09
INFO >> Epoch: 15  |  Layer: 11  |  Train Loss: 0.406 | Train Acc: 86.45  |  Val Loss: 0.983 | Val Acc: 61.54  |  Test Loss: 0.801 | Tes Acc: 69.66
INFO >> Epoch: 15  |  Layer: 12  |  Train Loss: 0.387 | Train Acc: 89.38  |  Val Loss: 1.014 | Val Acc: 61.54  |  Test Loss: 0.742 | Tes Acc: 72.65
INFO >> Epoch: 15  |  Layer: 13  |  Train Loss: 0.539 | Train Acc: 81.14  |  Val Loss: 1.281 | Val Acc: 53.85  |  Test Loss: 0.780 | Tes Acc: 71.37
INFO >> Epoch: 15  |  Layer: 14  |  Train Loss: 0.610 | Train Acc: 78.57  |  Val Loss: 1.540 | Val Acc: 51.92  |  Test Loss: 0.943 | Tes Acc: 62.82
INFO >> Epoch: 15  |  Layer: 15  |  Train Loss: 0.587 | Train Acc: 81.68  |  Val Loss: 1.417 | Val Acc: 48.72  |  Test Loss: 0.918 | Tes Acc: 61.97
INFO >> Epoch: 15  |  Layer: 16  |  Train Loss: 0.659 | Train Acc: 80.59  |  Val Loss: 1.210 | Val Acc: 51.92  |  Test Loss: 0.875 | Tes Acc: 64.10
INFO >> Epoch: 15  |  Layer: 17  |  Train Loss: 0.734 | Train Acc: 78.02  |  Val Loss: 1.298 | Val Acc: 53.21  |  Test Loss: 0.856 | Tes Acc: 69.66
INFO >> Epoch: 15  |  Layer: 18  |  Train Loss: 0.719 | Train Acc: 76.92  |  Val Loss: 1.400 | Val Acc: 48.72  |  Test Loss: 0.941 | Tes Acc: 66.24
INFO >> Epoch: 15  |  Layer: 19  |  Train Loss: 0.698 | Train Acc: 77.29  |  Val Loss: 1.329 | Val Acc: 50.00  |  Test Loss: 0.830 | Tes Acc: 69.66
INFO >> Epoch: 15  |  Layer: 20  |  Train Loss: 0.777 | Train Acc: 72.53  |  Val Loss: 1.685 | Val Acc: 42.31  |  Test Loss: 1.035 | Tes Acc: 57.69
INFO >> Epoch: 15  |  Layer: 21  |  Train Loss: 0.780 | Train Acc: 74.18  |  Val Loss: 1.616 | Val Acc: 40.38  |  Test Loss: 0.942 | Tes Acc: 62.39
INFO >> Epoch: 15  |  Layer: 22  |  Train Loss: 1.141 | Train Acc: 59.52  |  Val Loss: 1.570 | Val Acc: 42.31  |  Test Loss: 1.094 | Tes Acc: 55.98
INFO >> Epoch: 15  |  Layer: 23  |  Train Loss: 0.723 | Train Acc: 78.02  |  Val Loss: 1.867 | Val Acc: 43.59  |  Test Loss: 1.035 | Tes Acc: 59.83
INFO >> Epoch: 15  |  Layer: 24  |  Train Loss: 0.793 | Train Acc: 78.39  |  Val Loss: 1.651 | Val Acc: 49.36  |  Test Loss: 1.280 | Tes Acc: 52.14

INFO >> Epoch: 16  |  Layer:  1  |  Train Loss: 1.223 | Train Acc: 55.13  |  Val Loss: 1.657 | Val Acc: 35.90  |  Test Loss: 1.433 | Tes Acc: 49.57
INFO >> Epoch: 16  |  Layer:  2  |  Train Loss: 0.625 | Train Acc: 77.29  |  Val Loss: 1.892 | Val Acc: 36.54  |  Test Loss: 1.013 | Tes Acc: 62.82
INFO >> Epoch: 16  |  Layer:  3  |  Train Loss: 0.402 | Train Acc: 88.64  |  Val Loss: 1.600 | Val Acc: 50.00  |  Test Loss: 0.910 | Tes Acc: 65.38
INFO >> Epoch: 16  |  Layer:  4  |  Train Loss: 0.443 | Train Acc: 87.00  |  Val Loss: 1.470 | Val Acc: 48.72  |  Test Loss: 1.024 | Tes Acc: 61.11
INFO >> Epoch: 16  |  Layer:  5  |  Train Loss: 0.447 | Train Acc: 87.55  |  Val Loss: 1.560 | Val Acc: 49.36  |  Test Loss: 0.855 | Tes Acc: 64.96
INFO >> Epoch: 16  |  Layer:  6  |  Train Loss: 0.460 | Train Acc: 87.36  |  Val Loss: 1.373 | Val Acc: 52.56  |  Test Loss: 0.859 | Tes Acc: 69.23
INFO >> Epoch: 16  |  Layer:  7  |  Train Loss: 0.487 | Train Acc: 87.55  |  Val Loss: 1.263 | Val Acc: 51.28  |  Test Loss: 0.880 | Tes Acc: 67.95
INFO >> Epoch: 16  |  Layer:  8  |  Train Loss: 0.448 | Train Acc: 86.08  |  Val Loss: 1.217 | Val Acc: 53.85  |  Test Loss: 0.867 | Tes Acc: 68.80
INFO >> Epoch: 16  |  Layer:  9  |  Train Loss: 0.414 | Train Acc: 90.48  |  Val Loss: 1.058 | Val Acc: 58.33  |  Test Loss: 0.865 | Tes Acc: 68.38
INFO >> Epoch: 16  |  Layer: 10  |  Train Loss: 0.366 | Train Acc: 89.38  |  Val Loss: 1.402 | Val Acc: 55.77  |  Test Loss: 0.947 | Tes Acc: 67.09
INFO >> Epoch: 16  |  Layer: 11  |  Train Loss: 0.325 | Train Acc: 90.66  |  Val Loss: 1.220 | Val Acc: 55.77  |  Test Loss: 0.839 | Tes Acc: 68.38
INFO >> Epoch: 16  |  Layer: 12  |  Train Loss: 0.322 | Train Acc: 91.03  |  Val Loss: 1.144 | Val Acc: 57.05  |  Test Loss: 0.754 | Tes Acc: 68.38
INFO >> Epoch: 16  |  Layer: 13  |  Train Loss: 0.399 | Train Acc: 87.18  |  Val Loss: 1.365 | Val Acc: 50.64  |  Test Loss: 0.820 | Tes Acc: 67.52
INFO >> Epoch: 16  |  Layer: 14  |  Train Loss: 0.499 | Train Acc: 84.43  |  Val Loss: 1.185 | Val Acc: 51.28  |  Test Loss: 0.855 | Tes Acc: 66.24
INFO >> Epoch: 16  |  Layer: 15  |  Train Loss: 0.538 | Train Acc: 85.71  |  Val Loss: 1.309 | Val Acc: 48.08  |  Test Loss: 0.850 | Tes Acc: 65.81
INFO >> Epoch: 16  |  Layer: 16  |  Train Loss: 0.591 | Train Acc: 82.78  |  Val Loss: 1.285 | Val Acc: 45.51  |  Test Loss: 0.842 | Tes Acc: 66.24
INFO >> Epoch: 16  |  Layer: 17  |  Train Loss: 0.580 | Train Acc: 83.15  |  Val Loss: 1.278 | Val Acc: 50.00  |  Test Loss: 0.849 | Tes Acc: 67.09
INFO >> Epoch: 16  |  Layer: 18  |  Train Loss: 0.589 | Train Acc: 80.22  |  Val Loss: 1.175 | Val Acc: 53.21  |  Test Loss: 1.024 | Tes Acc: 55.56
INFO >> Epoch: 16  |  Layer: 19  |  Train Loss: 0.591 | Train Acc: 81.32  |  Val Loss: 1.305 | Val Acc: 47.44  |  Test Loss: 0.930 | Tes Acc: 62.82
INFO >> Epoch: 16  |  Layer: 20  |  Train Loss: 0.678 | Train Acc: 78.94  |  Val Loss: 1.293 | Val Acc: 50.64  |  Test Loss: 1.024 | Tes Acc: 58.55
INFO >> Epoch: 16  |  Layer: 21  |  Train Loss: 0.702 | Train Acc: 75.82  |  Val Loss: 1.489 | Val Acc: 46.15  |  Test Loss: 1.207 | Tes Acc: 52.56
INFO >> Epoch: 16  |  Layer: 22  |  Train Loss: 1.082 | Train Acc: 60.44  |  Val Loss: 1.566 | Val Acc: 46.15  |  Test Loss: 1.121 | Tes Acc: 56.84
INFO >> Epoch: 16  |  Layer: 23  |  Train Loss: 0.546 | Train Acc: 81.87  |  Val Loss: 1.678 | Val Acc: 49.36  |  Test Loss: 0.909 | Tes Acc: 62.39
INFO >> Epoch: 16  |  Layer: 24  |  Train Loss: 0.710 | Train Acc: 75.64  |  Val Loss: 2.188 | Val Acc: 45.51  |  Test Loss: 0.976 | Tes Acc: 65.38

INFO >> Epoch: 17  |  Layer:  1  |  Train Loss: 1.206 | Train Acc: 54.95  |  Val Loss: 1.732 | Val Acc: 33.33  |  Test Loss: 1.476 | Tes Acc: 47.86
INFO >> Epoch: 17  |  Layer:  2  |  Train Loss: 0.574 | Train Acc: 82.23  |  Val Loss: 1.723 | Val Acc: 41.67  |  Test Loss: 0.942 | Tes Acc: 61.97
INFO >> Epoch: 17  |  Layer:  3  |  Train Loss: 0.371 | Train Acc: 89.56  |  Val Loss: 1.941 | Val Acc: 39.74  |  Test Loss: 0.938 | Tes Acc: 67.95
INFO >> Epoch: 17  |  Layer:  4  |  Train Loss: 0.398 | Train Acc: 90.29  |  Val Loss: 1.783 | Val Acc: 42.31  |  Test Loss: 0.976 | Tes Acc: 67.52
INFO >> Epoch: 17  |  Layer:  5  |  Train Loss: 0.426 | Train Acc: 87.00  |  Val Loss: 1.607 | Val Acc: 49.36  |  Test Loss: 0.829 | Tes Acc: 70.51
INFO >> Epoch: 17  |  Layer:  6  |  Train Loss: 0.463 | Train Acc: 85.35  |  Val Loss: 1.537 | Val Acc: 51.28  |  Test Loss: 0.813 | Tes Acc: 70.94
INFO >> Epoch: 17  |  Layer:  7  |  Train Loss: 0.460 | Train Acc: 86.26  |  Val Loss: 1.438 | Val Acc: 47.44  |  Test Loss: 0.774 | Tes Acc: 71.79
INFO >> Epoch: 17  |  Layer:  8  |  Train Loss: 0.444 | Train Acc: 86.81  |  Val Loss: 1.339 | Val Acc: 50.64  |  Test Loss: 0.856 | Tes Acc: 68.80
INFO >> Epoch: 17  |  Layer:  9  |  Train Loss: 0.413 | Train Acc: 85.71  |  Val Loss: 1.331 | Val Acc: 50.64  |  Test Loss: 0.972 | Tes Acc: 67.52
INFO >> Epoch: 17  |  Layer: 10  |  Train Loss: 0.420 | Train Acc: 83.70  |  Val Loss: 1.523 | Val Acc: 51.28  |  Test Loss: 0.938 | Tes Acc: 66.67
INFO >> Epoch: 17  |  Layer: 11  |  Train Loss: 0.323 | Train Acc: 90.84  |  Val Loss: 1.334 | Val Acc: 53.85  |  Test Loss: 0.784 | Tes Acc: 70.09
INFO >> Epoch: 17  |  Layer: 12  |  Train Loss: 0.279 | Train Acc: 92.12  |  Val Loss: 1.278 | Val Acc: 55.13  |  Test Loss: 0.737 | Tes Acc: 71.37
INFO >> Epoch: 17  |  Layer: 13  |  Train Loss: 0.375 | Train Acc: 89.93  |  Val Loss: 1.502 | Val Acc: 48.08  |  Test Loss: 0.843 | Tes Acc: 65.81
INFO >> Epoch: 17  |  Layer: 14  |  Train Loss: 0.444 | Train Acc: 88.64  |  Val Loss: 1.620 | Val Acc: 47.44  |  Test Loss: 0.799 | Tes Acc: 66.67
INFO >> Epoch: 17  |  Layer: 15  |  Train Loss: 0.448 | Train Acc: 86.26  |  Val Loss: 1.446 | Val Acc: 51.28  |  Test Loss: 0.757 | Tes Acc: 67.52
INFO >> Epoch: 17  |  Layer: 16  |  Train Loss: 0.506 | Train Acc: 84.80  |  Val Loss: 1.260 | Val Acc: 52.56  |  Test Loss: 0.737 | Tes Acc: 72.65
INFO >> Epoch: 17  |  Layer: 17  |  Train Loss: 0.522 | Train Acc: 84.25  |  Val Loss: 1.193 | Val Acc: 53.85  |  Test Loss: 0.777 | Tes Acc: 70.51
INFO >> Epoch: 17  |  Layer: 18  |  Train Loss: 0.542 | Train Acc: 83.33  |  Val Loss: 1.313 | Val Acc: 52.56  |  Test Loss: 0.805 | Tes Acc: 67.52
INFO >> Epoch: 17  |  Layer: 19  |  Train Loss: 0.560 | Train Acc: 84.43  |  Val Loss: 1.322 | Val Acc: 50.00  |  Test Loss: 0.779 | Tes Acc: 72.22
INFO >> Epoch: 17  |  Layer: 20  |  Train Loss: 0.616 | Train Acc: 82.78  |  Val Loss: 1.387 | Val Acc: 46.15  |  Test Loss: 0.858 | Tes Acc: 65.81
INFO >> Epoch: 17  |  Layer: 21  |  Train Loss: 0.715 | Train Acc: 77.66  |  Val Loss: 1.538 | Val Acc: 45.51  |  Test Loss: 0.797 | Tes Acc: 69.66
INFO >> Epoch: 17  |  Layer: 22  |  Train Loss: 0.951 | Train Acc: 70.15  |  Val Loss: 1.532 | Val Acc: 44.23  |  Test Loss: 0.979 | Tes Acc: 62.82
INFO >> Epoch: 17  |  Layer: 23  |  Train Loss: 0.485 | Train Acc: 84.43  |  Val Loss: 1.505 | Val Acc: 47.44  |  Test Loss: 0.792 | Tes Acc: 69.23
INFO >> Epoch: 17  |  Layer: 24  |  Train Loss: 0.682 | Train Acc: 79.49  |  Val Loss: 1.829 | Val Acc: 49.36  |  Test Loss: 1.106 | Tes Acc: 63.25

INFO >> Epoch: 18  |  Layer:  1  |  Train Loss: 1.136 | Train Acc: 56.96  |  Val Loss: 1.768 | Val Acc: 24.36  |  Test Loss: 1.540 | Tes Acc: 43.16
INFO >> Epoch: 18  |  Layer:  2  |  Train Loss: 0.527 | Train Acc: 82.60  |  Val Loss: 1.811 | Val Acc: 41.03  |  Test Loss: 0.976 | Tes Acc: 61.97
INFO >> Epoch: 18  |  Layer:  3  |  Train Loss: 0.330 | Train Acc: 91.21  |  Val Loss: 1.938 | Val Acc: 39.74  |  Test Loss: 0.974 | Tes Acc: 66.24
INFO >> Epoch: 18  |  Layer:  4  |  Train Loss: 0.351 | Train Acc: 89.93  |  Val Loss: 1.542 | Val Acc: 51.28  |  Test Loss: 0.967 | Tes Acc: 63.25
INFO >> Epoch: 18  |  Layer:  5  |  Train Loss: 0.373 | Train Acc: 88.28  |  Val Loss: 1.509 | Val Acc: 49.36  |  Test Loss: 0.817 | Tes Acc: 68.80
INFO >> Epoch: 18  |  Layer:  6  |  Train Loss: 0.356 | Train Acc: 88.83  |  Val Loss: 1.411 | Val Acc: 53.85  |  Test Loss: 0.807 | Tes Acc: 69.23
INFO >> Epoch: 18  |  Layer:  7  |  Train Loss: 0.351 | Train Acc: 88.28  |  Val Loss: 1.372 | Val Acc: 51.28  |  Test Loss: 0.812 | Tes Acc: 69.66
INFO >> Epoch: 18  |  Layer:  8  |  Train Loss: 0.363 | Train Acc: 88.64  |  Val Loss: 1.344 | Val Acc: 57.05  |  Test Loss: 0.808 | Tes Acc: 69.66
INFO >> Epoch: 18  |  Layer:  9  |  Train Loss: 0.331 | Train Acc: 88.83  |  Val Loss: 1.135 | Val Acc: 57.05  |  Test Loss: 0.855 | Tes Acc: 69.23
INFO >> Epoch: 18  |  Layer: 10  |  Train Loss: 0.310 | Train Acc: 90.66  |  Val Loss: 1.287 | Val Acc: 57.69  |  Test Loss: 0.861 | Tes Acc: 68.80
INFO >> Epoch: 18  |  Layer: 11  |  Train Loss: 0.265 | Train Acc: 91.21  |  Val Loss: 1.278 | Val Acc: 58.33  |  Test Loss: 0.697 | Tes Acc: 73.50
INFO >> Epoch: 18  |  Layer: 12  |  Train Loss: 0.263 | Train Acc: 91.76  |  Val Loss: 1.262 | Val Acc: 60.90  |  Test Loss: 0.752 | Tes Acc: 70.51
INFO >> Epoch: 18  |  Layer: 13  |  Train Loss: 0.325 | Train Acc: 90.84  |  Val Loss: 1.476 | Val Acc: 51.28  |  Test Loss: 0.739 | Tes Acc: 73.93
INFO >> Epoch: 18  |  Layer: 14  |  Train Loss: 0.396 | Train Acc: 89.56  |  Val Loss: 1.341 | Val Acc: 52.56  |  Test Loss: 0.707 | Tes Acc: 73.50
INFO >> Epoch: 18  |  Layer: 15  |  Train Loss: 0.424 | Train Acc: 88.10  |  Val Loss: 1.337 | Val Acc: 54.49  |  Test Loss: 0.720 | Tes Acc: 71.79
INFO >> Epoch: 18  |  Layer: 16  |  Train Loss: 0.461 | Train Acc: 86.63  |  Val Loss: 1.486 | Val Acc: 53.21  |  Test Loss: 0.694 | Tes Acc: 73.50
INFO >> Epoch: 18  |  Layer: 17  |  Train Loss: 0.582 | Train Acc: 79.12  |  Val Loss: 1.841 | Val Acc: 45.51  |  Test Loss: 0.882 | Tes Acc: 66.24
INFO >> Epoch: 18  |  Layer: 18  |  Train Loss: 0.496 | Train Acc: 84.43  |  Val Loss: 1.415 | Val Acc: 48.72  |  Test Loss: 0.801 | Tes Acc: 66.67
INFO >> Epoch: 18  |  Layer: 19  |  Train Loss: 0.545 | Train Acc: 83.52  |  Val Loss: 1.745 | Val Acc: 44.87  |  Test Loss: 0.773 | Tes Acc: 71.37
INFO >> Epoch: 18  |  Layer: 20  |  Train Loss: 0.619 | Train Acc: 78.02  |  Val Loss: 1.833 | Val Acc: 37.18  |  Test Loss: 0.879 | Tes Acc: 66.24
INFO >> Epoch: 18  |  Layer: 21  |  Train Loss: 0.584 | Train Acc: 80.22  |  Val Loss: 1.547 | Val Acc: 44.23  |  Test Loss: 0.838 | Tes Acc: 64.96
INFO >> Epoch: 18  |  Layer: 22  |  Train Loss: 0.970 | Train Acc: 66.12  |  Val Loss: 1.429 | Val Acc: 53.85  |  Test Loss: 0.985 | Tes Acc: 63.68
INFO >> Epoch: 18  |  Layer: 23  |  Train Loss: 0.493 | Train Acc: 82.97  |  Val Loss: 1.613 | Val Acc: 45.51  |  Test Loss: 0.820 | Tes Acc: 70.09
INFO >> Epoch: 18  |  Layer: 24  |  Train Loss: 0.602 | Train Acc: 81.32  |  Val Loss: 2.233 | Val Acc: 45.51  |  Test Loss: 1.023 | Tes Acc: 61.54

INFO >> Epoch: 19  |  Layer:  1  |  Train Loss: 1.139 | Train Acc: 59.34  |  Val Loss: 1.812 | Val Acc: 27.56  |  Test Loss: 1.554 | Tes Acc: 41.88
INFO >> Epoch: 19  |  Layer:  2  |  Train Loss: 0.474 | Train Acc: 84.98  |  Val Loss: 1.706 | Val Acc: 42.95  |  Test Loss: 0.967 | Tes Acc: 63.25
INFO >> Epoch: 19  |  Layer:  3  |  Train Loss: 0.304 | Train Acc: 92.31  |  Val Loss: 1.858 | Val Acc: 44.87  |  Test Loss: 1.084 | Tes Acc: 60.68
INFO >> Epoch: 19  |  Layer:  4  |  Train Loss: 0.340 | Train Acc: 91.94  |  Val Loss: 1.716 | Val Acc: 43.59  |  Test Loss: 1.250 | Tes Acc: 53.85
INFO >> Epoch: 19  |  Layer:  5  |  Train Loss: 0.346 | Train Acc: 91.94  |  Val Loss: 1.588 | Val Acc: 48.08  |  Test Loss: 1.035 | Tes Acc: 62.39
INFO >> Epoch: 19  |  Layer:  6  |  Train Loss: 0.317 | Train Acc: 92.67  |  Val Loss: 1.486 | Val Acc: 51.28  |  Test Loss: 0.925 | Tes Acc: 66.24
INFO >> Epoch: 19  |  Layer:  7  |  Train Loss: 0.294 | Train Acc: 93.04  |  Val Loss: 1.217 | Val Acc: 55.13  |  Test Loss: 0.875 | Tes Acc: 67.09
INFO >> Epoch: 19  |  Layer:  8  |  Train Loss: 0.315 | Train Acc: 91.21  |  Val Loss: 1.272 | Val Acc: 58.33  |  Test Loss: 0.959 | Tes Acc: 61.11
INFO >> Epoch: 19  |  Layer:  9  |  Train Loss: 0.281 | Train Acc: 93.59  |  Val Loss: 1.262 | Val Acc: 53.21  |  Test Loss: 1.094 | Tes Acc: 56.84
INFO >> Epoch: 19  |  Layer: 10  |  Train Loss: 0.248 | Train Acc: 94.14  |  Val Loss: 1.246 | Val Acc: 58.33  |  Test Loss: 0.882 | Tes Acc: 65.38
INFO >> Epoch: 19  |  Layer: 11  |  Train Loss: 0.233 | Train Acc: 94.69  |  Val Loss: 1.367 | Val Acc: 56.41  |  Test Loss: 0.777 | Tes Acc: 70.09
INFO >> Epoch: 19  |  Layer: 12  |  Train Loss: 0.230 | Train Acc: 94.69  |  Val Loss: 1.266 | Val Acc: 57.69  |  Test Loss: 0.900 | Tes Acc: 64.10
INFO >> Epoch: 19  |  Layer: 13  |  Train Loss: 0.287 | Train Acc: 92.86  |  Val Loss: 1.345 | Val Acc: 47.44  |  Test Loss: 0.815 | Tes Acc: 66.24
INFO >> Epoch: 19  |  Layer: 14  |  Train Loss: 0.348 | Train Acc: 92.31  |  Val Loss: 1.325 | Val Acc: 50.00  |  Test Loss: 0.812 | Tes Acc: 67.52
INFO >> Epoch: 19  |  Layer: 15  |  Train Loss: 0.359 | Train Acc: 91.76  |  Val Loss: 1.271 | Val Acc: 52.56  |  Test Loss: 0.897 | Tes Acc: 64.96
INFO >> Epoch: 19  |  Layer: 16  |  Train Loss: 0.436 | Train Acc: 88.46  |  Val Loss: 1.125 | Val Acc: 55.77  |  Test Loss: 0.869 | Tes Acc: 62.39
INFO >> Epoch: 19  |  Layer: 17  |  Train Loss: 0.480 | Train Acc: 84.98  |  Val Loss: 1.195 | Val Acc: 52.56  |  Test Loss: 0.859 | Tes Acc: 66.67
INFO >> Epoch: 19  |  Layer: 18  |  Train Loss: 0.435 | Train Acc: 89.56  |  Val Loss: 1.176 | Val Acc: 54.49  |  Test Loss: 0.793 | Tes Acc: 68.38
INFO >> Epoch: 19  |  Layer: 19  |  Train Loss: 0.459 | Train Acc: 88.10  |  Val Loss: 1.283 | Val Acc: 47.44  |  Test Loss: 0.899 | Tes Acc: 65.81
INFO >> Epoch: 19  |  Layer: 20  |  Train Loss: 0.488 | Train Acc: 86.26  |  Val Loss: 1.353 | Val Acc: 48.08  |  Test Loss: 0.935 | Tes Acc: 59.83
INFO >> Epoch: 19  |  Layer: 21  |  Train Loss: 0.539 | Train Acc: 82.78  |  Val Loss: 1.357 | Val Acc: 49.36  |  Test Loss: 0.992 | Tes Acc: 60.68
INFO >> Epoch: 19  |  Layer: 22  |  Train Loss: 0.913 | Train Acc: 69.23  |  Val Loss: 1.506 | Val Acc: 48.72  |  Test Loss: 1.027 | Tes Acc: 58.97
INFO >> Epoch: 19  |  Layer: 23  |  Train Loss: 0.433 | Train Acc: 86.63  |  Val Loss: 1.537 | Val Acc: 51.28  |  Test Loss: 0.926 | Tes Acc: 61.97
INFO >> Epoch: 19  |  Layer: 24  |  Train Loss: 0.627 | Train Acc: 78.94  |  Val Loss: 1.992 | Val Acc: 44.87  |  Test Loss: 1.461 | Tes Acc: 47.44

INFO >> Epoch: 20  |  Layer:  1  |  Train Loss: 1.187 | Train Acc: 58.06  |  Val Loss: 1.871 | Val Acc: 30.13  |  Test Loss: 1.504 | Tes Acc: 50.00
INFO >> Epoch: 20  |  Layer:  2  |  Train Loss: 0.495 | Train Acc: 86.26  |  Val Loss: 1.899 | Val Acc: 41.03  |  Test Loss: 1.020 | Tes Acc: 62.39
INFO >> Epoch: 20  |  Layer:  3  |  Train Loss: 0.382 | Train Acc: 88.46  |  Val Loss: 1.715 | Val Acc: 48.72  |  Test Loss: 1.006 | Tes Acc: 62.39
INFO >> Epoch: 20  |  Layer:  4  |  Train Loss: 0.608 | Train Acc: 81.14  |  Val Loss: 1.857 | Val Acc: 48.72  |  Test Loss: 1.135 | Tes Acc: 63.68
INFO >> Epoch: 20  |  Layer:  5  |  Train Loss: 0.511 | Train Acc: 83.52  |  Val Loss: 1.520 | Val Acc: 55.13  |  Test Loss: 0.921 | Tes Acc: 64.53
INFO >> Epoch: 20  |  Layer:  6  |  Train Loss: 0.387 | Train Acc: 87.73  |  Val Loss: 1.480 | Val Acc: 51.28  |  Test Loss: 0.765 | Tes Acc: 68.38
INFO >> Epoch: 20  |  Layer:  7  |  Train Loss: 0.369 | Train Acc: 87.73  |  Val Loss: 1.204 | Val Acc: 56.41  |  Test Loss: 0.739 | Tes Acc: 73.08
INFO >> Epoch: 20  |  Layer:  8  |  Train Loss: 0.406 | Train Acc: 86.63  |  Val Loss: 1.067 | Val Acc: 59.62  |  Test Loss: 0.716 | Tes Acc: 71.37
INFO >> Epoch: 20  |  Layer:  9  |  Train Loss: 0.423 | Train Acc: 85.35  |  Val Loss: 1.059 | Val Acc: 57.05  |  Test Loss: 0.811 | Tes Acc: 71.79
INFO >> Epoch: 20  |  Layer: 10  |  Train Loss: 0.308 | Train Acc: 89.93  |  Val Loss: 1.298 | Val Acc: 51.92  |  Test Loss: 0.818 | Tes Acc: 73.08
INFO >> Epoch: 20  |  Layer: 11  |  Train Loss: 0.278 | Train Acc: 91.76  |  Val Loss: 1.264 | Val Acc: 57.05  |  Test Loss: 0.733 | Tes Acc: 73.93
INFO >> Epoch: 20  |  Layer: 12  |  Train Loss: 0.304 | Train Acc: 88.64  |  Val Loss: 1.205 | Val Acc: 60.26  |  Test Loss: 0.654 | Tes Acc: 75.21
INFO >> Epoch: 20  |  Layer: 13  |  Train Loss: 0.361 | Train Acc: 87.73  |  Val Loss: 1.392 | Val Acc: 53.21  |  Test Loss: 0.677 | Tes Acc: 76.07
INFO >> Epoch: 20  |  Layer: 14  |  Train Loss: 0.411 | Train Acc: 86.08  |  Val Loss: 1.456 | Val Acc: 50.64  |  Test Loss: 0.655 | Tes Acc: 75.64
INFO >> Epoch: 20  |  Layer: 15  |  Train Loss: 0.413 | Train Acc: 87.18  |  Val Loss: 1.643 | Val Acc: 51.28  |  Test Loss: 0.723 | Tes Acc: 74.79
INFO >> Epoch: 20  |  Layer: 16  |  Train Loss: 0.541 | Train Acc: 79.49  |  Val Loss: 1.490 | Val Acc: 52.56  |  Test Loss: 0.749 | Tes Acc: 71.37
INFO >> Epoch: 20  |  Layer: 17  |  Train Loss: 0.492 | Train Acc: 84.25  |  Val Loss: 1.406 | Val Acc: 53.85  |  Test Loss: 0.753 | Tes Acc: 71.79
INFO >> Epoch: 20  |  Layer: 18  |  Train Loss: 0.449 | Train Acc: 86.45  |  Val Loss: 1.222 | Val Acc: 55.77  |  Test Loss: 0.733 | Tes Acc: 71.37
INFO >> Epoch: 20  |  Layer: 19  |  Train Loss: 0.506 | Train Acc: 83.33  |  Val Loss: 1.509 | Val Acc: 47.44  |  Test Loss: 0.740 | Tes Acc: 73.08
INFO >> Epoch: 20  |  Layer: 20  |  Train Loss: 0.498 | Train Acc: 83.88  |  Val Loss: 1.576 | Val Acc: 47.44  |  Test Loss: 0.714 | Tes Acc: 72.65
INFO >> Epoch: 20  |  Layer: 21  |  Train Loss: 0.651 | Train Acc: 77.11  |  Val Loss: 1.580 | Val Acc: 44.87  |  Test Loss: 0.775 | Tes Acc: 71.37
INFO >> Epoch: 20  |  Layer: 22  |  Train Loss: 0.879 | Train Acc: 68.86  |  Val Loss: 1.643 | Val Acc: 46.15  |  Test Loss: 0.928 | Tes Acc: 68.80
INFO >> Epoch: 20  |  Layer: 23  |  Train Loss: 0.567 | Train Acc: 79.85  |  Val Loss: 1.806 | Val Acc: 41.67  |  Test Loss: 0.789 | Tes Acc: 71.37
INFO >> Epoch: 20  |  Layer: 24  |  Train Loss: 0.795 | Train Acc: 74.73  |  Val Loss: 2.522 | Val Acc: 43.59  |  Test Loss: 1.245 | Tes Acc: 64.96



INFO >> Time Taken: 11:18

INFO >> Layer: 1  |  Best Val Acc: 44.23  |  Best Test Acc: 44.02
INFO >> Layer: 2  |  Best Val Acc: 46.79  |  Best Test Acc: 58.55
INFO >> Layer: 3  |  Best Val Acc: 53.21  |  Best Test Acc: 60.26
INFO >> Layer: 4  |  Best Val Acc: 55.13  |  Best Test Acc: 63.25
INFO >> Layer: 5  |  Best Val Acc: 55.13  |  Best Test Acc: 64.53
INFO >> Layer: 6  |  Best Val Acc: 63.46  |  Best Test Acc: 50.85
INFO >> Layer: 7  |  Best Val Acc: 63.46  |  Best Test Acc: 69.23
INFO >> Layer: 8  |  Best Val Acc: 66.67  |  Best Test Acc: 64.10
INFO >> Layer: 9  |  Best Val Acc: 70.51  |  Best Test Acc: 66.67
INFO >> Layer: 10  |  Best Val Acc: 63.46  |  Best Test Acc: 67.09
INFO >> Layer: 11  |  Best Val Acc: 61.54  |  Best Test Acc: 55.13
INFO >> Layer: 12  |  Best Val Acc: 66.67  |  Best Test Acc: 69.23
INFO >> Layer: 13  |  Best Val Acc: 62.18  |  Best Test Acc: 64.96
INFO >> Layer: 14  |  Best Val Acc: 59.62  |  Best Test Acc: 62.39
INFO >> Layer: 15  |  Best Val Acc: 62.18  |  Best Test Acc: 61.11
INFO >> Layer: 16  |  Best Val Acc: 60.90  |  Best Test Acc: 67.52
INFO >> Layer: 17  |  Best Val Acc: 56.41  |  Best Test Acc: 61.97
INFO >> Layer: 18  |  Best Val Acc: 55.77  |  Best Test Acc: 71.37
INFO >> Layer: 19  |  Best Val Acc: 54.49  |  Best Test Acc: 62.82
INFO >> Layer: 20  |  Best Val Acc: 52.56  |  Best Test Acc: 48.29
INFO >> Layer: 21  |  Best Val Acc: 50.64  |  Best Test Acc: 47.01
INFO >> Layer: 22  |  Best Val Acc: 53.85  |  Best Test Acc: 63.68
INFO >> Layer: 23  |  Best Val Acc: 51.28  |  Best Test Acc: 61.97
INFO >> Layer: 24  |  Best Val Acc: 49.36  |  Best Test Acc: 52.14

DEBUG >> Last state saved

INFO >> History saved (./history/v1.3/CaFE/HUBERT_LARGE_PROBING/Run3/history.pt)
