
--------------------------------------------------
Multilingual SER System v1.4
--------------------------------------------------
Run Name      : Run3
Fx Model      : WAV2VEC2_BASE
Clf Model     : PROBING_DENSE
Extract Mode  : gpu_memory
Dataset       : CaFE
Device        : gpu
Epochs        : 30
Num Workers   : 3
Data Dir      : ./data
History Dir   : ./history
Weights Dir   : ./weights
Log Level     : debug
Purge Cache   : False
Job Name      : Job76
Job Id        : 30912855
GPU           : Quadro RTX 8000
GPU Count     : 1
GPU Memory    : 44.49 GB

Timestamp : 2023-03-11 04:08:32.717806

INFO >> Running on CUDA


INFO >> Training Classifier

INFO >> Epoch: 1  |  Layer:  1  |  Train Loss: 1.946 | Train Acc: 13.19  |  Val Loss: 1.901 | Val Acc: 17.95  |  Test Loss: 1.898 | Tes Acc: 18.80
INFO >> Epoch: 1  |  Layer:  2  |  Train Loss: 1.927 | Train Acc: 17.03  |  Val Loss: 1.899 | Val Acc: 25.00  |  Test Loss: 1.892 | Tes Acc: 23.93
INFO >> Epoch: 1  |  Layer:  3  |  Train Loss: 1.924 | Train Acc: 18.86  |  Val Loss: 1.891 | Val Acc: 26.28  |  Test Loss: 1.893 | Tes Acc: 26.92
INFO >> Epoch: 1  |  Layer:  4  |  Train Loss: 1.920 | Train Acc: 18.68  |  Val Loss: 1.882 | Val Acc: 30.13  |  Test Loss: 1.883 | Tes Acc: 27.35
INFO >> Epoch: 1  |  Layer:  5  |  Train Loss: 1.918 | Train Acc: 17.95  |  Val Loss: 1.875 | Val Acc: 28.85  |  Test Loss: 1.873 | Tes Acc: 28.21
INFO >> Epoch: 1  |  Layer:  6  |  Train Loss: 1.913 | Train Acc: 19.23  |  Val Loss: 1.868 | Val Acc: 27.56  |  Test Loss: 1.866 | Tes Acc: 26.92
INFO >> Epoch: 1  |  Layer:  7  |  Train Loss: 1.910 | Train Acc: 20.51  |  Val Loss: 1.866 | Val Acc: 25.64  |  Test Loss: 1.861 | Tes Acc: 25.21
INFO >> Epoch: 1  |  Layer:  8  |  Train Loss: 1.912 | Train Acc: 20.33  |  Val Loss: 1.875 | Val Acc: 25.00  |  Test Loss: 1.867 | Tes Acc: 25.64
INFO >> Epoch: 1  |  Layer:  9  |  Train Loss: 1.912 | Train Acc: 20.70  |  Val Loss: 1.875 | Val Acc: 23.72  |  Test Loss: 1.866 | Tes Acc: 23.93
INFO >> Epoch: 1  |  Layer: 10  |  Train Loss: 1.916 | Train Acc: 19.05  |  Val Loss: 1.881 | Val Acc: 26.92  |  Test Loss: 1.877 | Tes Acc: 29.91
INFO >> Epoch: 1  |  Layer: 11  |  Train Loss: 1.921 | Train Acc: 18.50  |  Val Loss: 1.888 | Val Acc: 31.41  |  Test Loss: 1.889 | Tes Acc: 25.21
INFO >> Epoch: 1  |  Layer: 12  |  Train Loss: 1.931 | Train Acc: 14.84  |  Val Loss: 1.912 | Val Acc: 17.95  |  Test Loss: 1.927 | Tes Acc: 18.80
INFO >> Epoch: 1  |  Layer: 13  |  Train Loss: 1.926 | Train Acc: 16.12  |  Val Loss: 1.892 | Val Acc: 28.21  |  Test Loss: 1.898 | Tes Acc: 22.65

INFO >> Epoch: 2  |  Layer:  1  |  Train Loss: 1.897 | Train Acc: 18.86  |  Val Loss: 1.877 | Val Acc: 17.31  |  Test Loss: 1.873 | Tes Acc: 16.24
INFO >> Epoch: 2  |  Layer:  2  |  Train Loss: 1.867 | Train Acc: 18.50  |  Val Loss: 1.835 | Val Acc: 26.92  |  Test Loss: 1.820 | Tes Acc: 25.64
INFO >> Epoch: 2  |  Layer:  3  |  Train Loss: 1.862 | Train Acc: 21.43  |  Val Loss: 1.819 | Val Acc: 28.85  |  Test Loss: 1.824 | Tes Acc: 32.05
INFO >> Epoch: 2  |  Layer:  4  |  Train Loss: 1.841 | Train Acc: 24.18  |  Val Loss: 1.796 | Val Acc: 26.28  |  Test Loss: 1.793 | Tes Acc: 37.61
INFO >> Epoch: 2  |  Layer:  5  |  Train Loss: 1.820 | Train Acc: 23.99  |  Val Loss: 1.758 | Val Acc: 29.49  |  Test Loss: 1.756 | Tes Acc: 38.89
INFO >> Epoch: 2  |  Layer:  6  |  Train Loss: 1.798 | Train Acc: 26.37  |  Val Loss: 1.734 | Val Acc: 33.33  |  Test Loss: 1.740 | Tes Acc: 38.03
INFO >> Epoch: 2  |  Layer:  7  |  Train Loss: 1.783 | Train Acc: 27.47  |  Val Loss: 1.732 | Val Acc: 31.41  |  Test Loss: 1.724 | Tes Acc: 38.03
INFO >> Epoch: 2  |  Layer:  8  |  Train Loss: 1.797 | Train Acc: 24.91  |  Val Loss: 1.763 | Val Acc: 26.28  |  Test Loss: 1.752 | Tes Acc: 29.91
INFO >> Epoch: 2  |  Layer:  9  |  Train Loss: 1.802 | Train Acc: 25.46  |  Val Loss: 1.768 | Val Acc: 27.56  |  Test Loss: 1.753 | Tes Acc: 29.06
INFO >> Epoch: 2  |  Layer: 10  |  Train Loss: 1.828 | Train Acc: 24.36  |  Val Loss: 1.788 | Val Acc: 26.28  |  Test Loss: 1.777 | Tes Acc: 30.77
INFO >> Epoch: 2  |  Layer: 11  |  Train Loss: 1.846 | Train Acc: 23.44  |  Val Loss: 1.801 | Val Acc: 26.92  |  Test Loss: 1.811 | Tes Acc: 27.78
INFO >> Epoch: 2  |  Layer: 12  |  Train Loss: 1.906 | Train Acc: 16.85  |  Val Loss: 1.895 | Val Acc: 18.59  |  Test Loss: 1.910 | Tes Acc: 17.52
INFO >> Epoch: 2  |  Layer: 13  |  Train Loss: 1.898 | Train Acc: 19.60  |  Val Loss: 1.870 | Val Acc: 23.08  |  Test Loss: 1.885 | Tes Acc: 23.08

INFO >> Epoch: 3  |  Layer:  1  |  Train Loss: 1.814 | Train Acc: 19.41  |  Val Loss: 1.823 | Val Acc: 25.64  |  Test Loss: 1.801 | Tes Acc: 20.94
INFO >> Epoch: 3  |  Layer:  2  |  Train Loss: 1.710 | Train Acc: 30.95  |  Val Loss: 1.850 | Val Acc: 27.56  |  Test Loss: 1.790 | Tes Acc: 26.92
INFO >> Epoch: 3  |  Layer:  3  |  Train Loss: 1.700 | Train Acc: 33.15  |  Val Loss: 1.785 | Val Acc: 32.69  |  Test Loss: 1.771 | Tes Acc: 32.05
INFO >> Epoch: 3  |  Layer:  4  |  Train Loss: 1.642 | Train Acc: 39.74  |  Val Loss: 1.690 | Val Acc: 35.26  |  Test Loss: 1.666 | Tes Acc: 38.89
INFO >> Epoch: 3  |  Layer:  5  |  Train Loss: 1.590 | Train Acc: 41.39  |  Val Loss: 1.620 | Val Acc: 38.46  |  Test Loss: 1.581 | Tes Acc: 43.59
INFO >> Epoch: 3  |  Layer:  6  |  Train Loss: 1.538 | Train Acc: 43.96  |  Val Loss: 1.608 | Val Acc: 41.03  |  Test Loss: 1.555 | Tes Acc: 46.15
INFO >> Epoch: 3  |  Layer:  7  |  Train Loss: 1.544 | Train Acc: 43.04  |  Val Loss: 1.646 | Val Acc: 39.74  |  Test Loss: 1.578 | Tes Acc: 40.60
INFO >> Epoch: 3  |  Layer:  8  |  Train Loss: 1.584 | Train Acc: 40.48  |  Val Loss: 1.696 | Val Acc: 32.05  |  Test Loss: 1.607 | Tes Acc: 39.32
INFO >> Epoch: 3  |  Layer:  9  |  Train Loss: 1.601 | Train Acc: 36.63  |  Val Loss: 1.716 | Val Acc: 35.26  |  Test Loss: 1.628 | Tes Acc: 36.75
INFO >> Epoch: 3  |  Layer: 10  |  Train Loss: 1.630 | Train Acc: 37.36  |  Val Loss: 1.711 | Val Acc: 31.41  |  Test Loss: 1.647 | Tes Acc: 37.18
INFO >> Epoch: 3  |  Layer: 11  |  Train Loss: 1.673 | Train Acc: 34.80  |  Val Loss: 1.729 | Val Acc: 30.77  |  Test Loss: 1.718 | Tes Acc: 29.49
INFO >> Epoch: 3  |  Layer: 12  |  Train Loss: 1.859 | Train Acc: 21.98  |  Val Loss: 1.857 | Val Acc: 25.00  |  Test Loss: 1.904 | Tes Acc: 19.23
INFO >> Epoch: 3  |  Layer: 13  |  Train Loss: 1.819 | Train Acc: 23.26  |  Val Loss: 1.921 | Val Acc: 20.51  |  Test Loss: 1.931 | Tes Acc: 16.24

INFO >> Epoch: 4  |  Layer:  1  |  Train Loss: 1.850 | Train Acc: 21.25  |  Val Loss: 1.748 | Val Acc: 23.08  |  Test Loss: 1.751 | Tes Acc: 29.06
INFO >> Epoch: 4  |  Layer:  2  |  Train Loss: 1.757 | Train Acc: 34.07  |  Val Loss: 1.686 | Val Acc: 30.13  |  Test Loss: 1.651 | Tes Acc: 38.46
INFO >> Epoch: 4  |  Layer:  3  |  Train Loss: 1.726 | Train Acc: 35.53  |  Val Loss: 1.631 | Val Acc: 33.97  |  Test Loss: 1.637 | Tes Acc: 37.18
INFO >> Epoch: 4  |  Layer:  4  |  Train Loss: 1.584 | Train Acc: 39.56  |  Val Loss: 1.566 | Val Acc: 37.18  |  Test Loss: 1.493 | Tes Acc: 44.87
INFO >> Epoch: 4  |  Layer:  5  |  Train Loss: 1.531 | Train Acc: 44.14  |  Val Loss: 1.479 | Val Acc: 40.38  |  Test Loss: 1.420 | Tes Acc: 48.29
INFO >> Epoch: 4  |  Layer:  6  |  Train Loss: 1.424 | Train Acc: 47.07  |  Val Loss: 1.432 | Val Acc: 48.72  |  Test Loss: 1.438 | Tes Acc: 48.29
INFO >> Epoch: 4  |  Layer:  7  |  Train Loss: 1.433 | Train Acc: 48.72  |  Val Loss: 1.457 | Val Acc: 44.23  |  Test Loss: 1.481 | Tes Acc: 50.43
INFO >> Epoch: 4  |  Layer:  8  |  Train Loss: 1.496 | Train Acc: 42.49  |  Val Loss: 1.583 | Val Acc: 35.90  |  Test Loss: 1.560 | Tes Acc: 45.73
INFO >> Epoch: 4  |  Layer:  9  |  Train Loss: 1.529 | Train Acc: 43.04  |  Val Loss: 1.581 | Val Acc: 37.82  |  Test Loss: 1.569 | Tes Acc: 43.59
INFO >> Epoch: 4  |  Layer: 10  |  Train Loss: 1.573 | Train Acc: 42.12  |  Val Loss: 1.559 | Val Acc: 36.54  |  Test Loss: 1.524 | Tes Acc: 42.31
INFO >> Epoch: 4  |  Layer: 11  |  Train Loss: 1.644 | Train Acc: 38.46  |  Val Loss: 1.586 | Val Acc: 33.33  |  Test Loss: 1.604 | Tes Acc: 39.74
INFO >> Epoch: 4  |  Layer: 12  |  Train Loss: 1.848 | Train Acc: 23.63  |  Val Loss: 1.800 | Val Acc: 39.74  |  Test Loss: 1.852 | Tes Acc: 26.50
INFO >> Epoch: 4  |  Layer: 13  |  Train Loss: 1.834 | Train Acc: 26.74  |  Val Loss: 1.742 | Val Acc: 30.13  |  Test Loss: 1.822 | Tes Acc: 26.92

INFO >> Epoch: 5  |  Layer:  1  |  Train Loss: 1.727 | Train Acc: 26.01  |  Val Loss: 1.723 | Val Acc: 26.28  |  Test Loss: 1.726 | Tes Acc: 29.91
INFO >> Epoch: 5  |  Layer:  2  |  Train Loss: 1.571 | Train Acc: 36.45  |  Val Loss: 1.644 | Val Acc: 31.41  |  Test Loss: 1.577 | Tes Acc: 35.04
INFO >> Epoch: 5  |  Layer:  3  |  Train Loss: 1.525 | Train Acc: 38.10  |  Val Loss: 1.557 | Val Acc: 44.23  |  Test Loss: 1.516 | Tes Acc: 43.59
INFO >> Epoch: 5  |  Layer:  4  |  Train Loss: 1.330 | Train Acc: 49.45  |  Val Loss: 1.392 | Val Acc: 42.31  |  Test Loss: 1.354 | Tes Acc: 44.87
INFO >> Epoch: 5  |  Layer:  5  |  Train Loss: 1.262 | Train Acc: 51.28  |  Val Loss: 1.280 | Val Acc: 51.28  |  Test Loss: 1.233 | Tes Acc: 51.71
INFO >> Epoch: 5  |  Layer:  6  |  Train Loss: 1.159 | Train Acc: 55.49  |  Val Loss: 1.257 | Val Acc: 56.41  |  Test Loss: 1.305 | Tes Acc: 52.56
INFO >> Epoch: 5  |  Layer:  7  |  Train Loss: 1.162 | Train Acc: 56.59  |  Val Loss: 1.364 | Val Acc: 45.51  |  Test Loss: 1.373 | Tes Acc: 55.98
INFO >> Epoch: 5  |  Layer:  8  |  Train Loss: 1.255 | Train Acc: 54.03  |  Val Loss: 1.413 | Val Acc: 43.59  |  Test Loss: 1.386 | Tes Acc: 53.85
INFO >> Epoch: 5  |  Layer:  9  |  Train Loss: 1.331 | Train Acc: 49.08  |  Val Loss: 1.432 | Val Acc: 46.79  |  Test Loss: 1.442 | Tes Acc: 49.15
INFO >> Epoch: 5  |  Layer: 10  |  Train Loss: 1.351 | Train Acc: 46.70  |  Val Loss: 1.440 | Val Acc: 47.44  |  Test Loss: 1.433 | Tes Acc: 41.88
INFO >> Epoch: 5  |  Layer: 11  |  Train Loss: 1.435 | Train Acc: 44.32  |  Val Loss: 1.485 | Val Acc: 44.87  |  Test Loss: 1.469 | Tes Acc: 39.74
INFO >> Epoch: 5  |  Layer: 12  |  Train Loss: 1.755 | Train Acc: 26.19  |  Val Loss: 1.836 | Val Acc: 25.64  |  Test Loss: 1.890 | Tes Acc: 23.08
INFO >> Epoch: 5  |  Layer: 13  |  Train Loss: 1.723 | Train Acc: 27.11  |  Val Loss: 1.822 | Val Acc: 22.44  |  Test Loss: 1.878 | Tes Acc: 25.21

INFO >> Epoch: 6  |  Layer:  1  |  Train Loss: 1.797 | Train Acc: 29.30  |  Val Loss: 1.666 | Val Acc: 34.62  |  Test Loss: 1.631 | Tes Acc: 35.90
INFO >> Epoch: 6  |  Layer:  2  |  Train Loss: 1.544 | Train Acc: 47.80  |  Val Loss: 1.629 | Val Acc: 33.97  |  Test Loss: 1.469 | Tes Acc: 41.45
INFO >> Epoch: 6  |  Layer:  3  |  Train Loss: 1.444 | Train Acc: 52.38  |  Val Loss: 1.539 | Val Acc: 37.82  |  Test Loss: 1.343 | Tes Acc: 54.70
INFO >> Epoch: 6  |  Layer:  4  |  Train Loss: 1.223 | Train Acc: 56.59  |  Val Loss: 1.497 | Val Acc: 41.03  |  Test Loss: 1.188 | Tes Acc: 56.84
INFO >> Epoch: 6  |  Layer:  5  |  Train Loss: 1.144 | Train Acc: 63.55  |  Val Loss: 1.370 | Val Acc: 41.67  |  Test Loss: 1.115 | Tes Acc: 58.97
INFO >> Epoch: 6  |  Layer:  6  |  Train Loss: 1.007 | Train Acc: 66.67  |  Val Loss: 1.290 | Val Acc: 47.44  |  Test Loss: 1.149 | Tes Acc: 56.41
INFO >> Epoch: 6  |  Layer:  7  |  Train Loss: 0.992 | Train Acc: 67.77  |  Val Loss: 1.291 | Val Acc: 45.51  |  Test Loss: 1.152 | Tes Acc: 57.69
INFO >> Epoch: 6  |  Layer:  8  |  Train Loss: 1.082 | Train Acc: 64.10  |  Val Loss: 1.420 | Val Acc: 39.10  |  Test Loss: 1.176 | Tes Acc: 58.97
INFO >> Epoch: 6  |  Layer:  9  |  Train Loss: 1.165 | Train Acc: 59.52  |  Val Loss: 1.471 | Val Acc: 38.46  |  Test Loss: 1.242 | Tes Acc: 53.85
INFO >> Epoch: 6  |  Layer: 10  |  Train Loss: 1.226 | Train Acc: 59.52  |  Val Loss: 1.497 | Val Acc: 36.54  |  Test Loss: 1.228 | Tes Acc: 54.70
INFO >> Epoch: 6  |  Layer: 11  |  Train Loss: 1.339 | Train Acc: 55.86  |  Val Loss: 1.481 | Val Acc: 32.69  |  Test Loss: 1.309 | Tes Acc: 55.98
INFO >> Epoch: 6  |  Layer: 12  |  Train Loss: 1.786 | Train Acc: 28.75  |  Val Loss: 1.711 | Val Acc: 35.90  |  Test Loss: 1.783 | Tes Acc: 29.49
INFO >> Epoch: 6  |  Layer: 13  |  Train Loss: 1.749 | Train Acc: 29.67  |  Val Loss: 1.734 | Val Acc: 36.54  |  Test Loss: 1.797 | Tes Acc: 26.92

INFO >> Epoch: 7  |  Layer:  1  |  Train Loss: 1.692 | Train Acc: 31.50  |  Val Loss: 1.681 | Val Acc: 33.33  |  Test Loss: 1.631 | Tes Acc: 35.04
INFO >> Epoch: 7  |  Layer:  2  |  Train Loss: 1.416 | Train Acc: 49.63  |  Val Loss: 1.567 | Val Acc: 35.26  |  Test Loss: 1.368 | Tes Acc: 51.71
INFO >> Epoch: 7  |  Layer:  3  |  Train Loss: 1.299 | Train Acc: 52.01  |  Val Loss: 1.513 | Val Acc: 36.54  |  Test Loss: 1.229 | Tes Acc: 58.55
INFO >> Epoch: 7  |  Layer:  4  |  Train Loss: 1.100 | Train Acc: 58.79  |  Val Loss: 1.758 | Val Acc: 31.41  |  Test Loss: 1.213 | Tes Acc: 52.14
INFO >> Epoch: 7  |  Layer:  5  |  Train Loss: 1.045 | Train Acc: 60.62  |  Val Loss: 1.441 | Val Acc: 38.46  |  Test Loss: 1.119 | Tes Acc: 53.42
INFO >> Epoch: 7  |  Layer:  6  |  Train Loss: 0.932 | Train Acc: 68.86  |  Val Loss: 1.172 | Val Acc: 53.85  |  Test Loss: 1.068 | Tes Acc: 58.12
INFO >> Epoch: 7  |  Layer:  7  |  Train Loss: 0.881 | Train Acc: 69.41  |  Val Loss: 1.190 | Val Acc: 61.54  |  Test Loss: 1.227 | Tes Acc: 56.84
INFO >> Epoch: 7  |  Layer:  8  |  Train Loss: 1.005 | Train Acc: 64.29  |  Val Loss: 1.280 | Val Acc: 53.21  |  Test Loss: 1.139 | Tes Acc: 55.98
INFO >> Epoch: 7  |  Layer:  9  |  Train Loss: 1.091 | Train Acc: 61.17  |  Val Loss: 1.367 | Val Acc: 45.51  |  Test Loss: 1.133 | Tes Acc: 57.69
INFO >> Epoch: 7  |  Layer: 10  |  Train Loss: 1.131 | Train Acc: 59.34  |  Val Loss: 1.515 | Val Acc: 37.18  |  Test Loss: 1.134 | Tes Acc: 54.70
INFO >> Epoch: 7  |  Layer: 11  |  Train Loss: 1.220 | Train Acc: 54.40  |  Val Loss: 1.679 | Val Acc: 29.49  |  Test Loss: 1.275 | Tes Acc: 52.56
INFO >> Epoch: 7  |  Layer: 12  |  Train Loss: 1.706 | Train Acc: 30.04  |  Val Loss: 1.760 | Val Acc: 30.77  |  Test Loss: 1.801 | Tes Acc: 32.91
INFO >> Epoch: 7  |  Layer: 13  |  Train Loss: 1.672 | Train Acc: 31.32  |  Val Loss: 1.809 | Val Acc: 23.72  |  Test Loss: 1.845 | Tes Acc: 25.64

INFO >> Epoch: 8  |  Layer:  1  |  Train Loss: 1.751 | Train Acc: 31.87  |  Val Loss: 1.624 | Val Acc: 33.97  |  Test Loss: 1.581 | Tes Acc: 32.48
INFO >> Epoch: 8  |  Layer:  2  |  Train Loss: 1.365 | Train Acc: 52.56  |  Val Loss: 1.505 | Val Acc: 39.74  |  Test Loss: 1.302 | Tes Acc: 48.72
INFO >> Epoch: 8  |  Layer:  3  |  Train Loss: 1.220 | Train Acc: 56.04  |  Val Loss: 1.412 | Val Acc: 38.46  |  Test Loss: 1.114 | Tes Acc: 59.40
INFO >> Epoch: 8  |  Layer:  4  |  Train Loss: 0.999 | Train Acc: 66.12  |  Val Loss: 1.376 | Val Acc: 41.67  |  Test Loss: 1.044 | Tes Acc: 59.83
INFO >> Epoch: 8  |  Layer:  5  |  Train Loss: 0.894 | Train Acc: 71.06  |  Val Loss: 1.179 | Val Acc: 53.21  |  Test Loss: 0.990 | Tes Acc: 60.26
INFO >> Epoch: 8  |  Layer:  6  |  Train Loss: 0.759 | Train Acc: 75.82  |  Val Loss: 1.122 | Val Acc: 55.77  |  Test Loss: 1.064 | Tes Acc: 59.40
INFO >> Epoch: 8  |  Layer:  7  |  Train Loss: 0.776 | Train Acc: 72.53  |  Val Loss: 1.185 | Val Acc: 55.77  |  Test Loss: 1.106 | Tes Acc: 60.26
INFO >> Epoch: 8  |  Layer:  8  |  Train Loss: 0.867 | Train Acc: 67.95  |  Val Loss: 1.293 | Val Acc: 48.72  |  Test Loss: 1.125 | Tes Acc: 55.13
INFO >> Epoch: 8  |  Layer:  9  |  Train Loss: 0.902 | Train Acc: 69.96  |  Val Loss: 1.303 | Val Acc: 50.64  |  Test Loss: 1.091 | Tes Acc: 57.26
INFO >> Epoch: 8  |  Layer: 10  |  Train Loss: 1.027 | Train Acc: 64.84  |  Val Loss: 1.408 | Val Acc: 46.15  |  Test Loss: 1.098 | Tes Acc: 55.56
INFO >> Epoch: 8  |  Layer: 11  |  Train Loss: 1.195 | Train Acc: 55.86  |  Val Loss: 1.406 | Val Acc: 41.67  |  Test Loss: 1.118 | Tes Acc: 56.84
INFO >> Epoch: 8  |  Layer: 12  |  Train Loss: 1.711 | Train Acc: 31.87  |  Val Loss: 1.722 | Val Acc: 33.97  |  Test Loss: 1.746 | Tes Acc: 34.62
INFO >> Epoch: 8  |  Layer: 13  |  Train Loss: 1.664 | Train Acc: 31.68  |  Val Loss: 1.713 | Val Acc: 30.77  |  Test Loss: 1.709 | Tes Acc: 33.76

INFO >> Epoch: 9  |  Layer:  1  |  Train Loss: 1.701 | Train Acc: 28.21  |  Val Loss: 1.697 | Val Acc: 30.13  |  Test Loss: 1.636 | Tes Acc: 34.62
INFO >> Epoch: 9  |  Layer:  2  |  Train Loss: 1.224 | Train Acc: 55.49  |  Val Loss: 1.619 | Val Acc: 36.54  |  Test Loss: 1.248 | Tes Acc: 53.85
INFO >> Epoch: 9  |  Layer:  3  |  Train Loss: 1.088 | Train Acc: 61.72  |  Val Loss: 1.522 | Val Acc: 41.67  |  Test Loss: 1.088 | Tes Acc: 58.55
INFO >> Epoch: 9  |  Layer:  4  |  Train Loss: 0.825 | Train Acc: 69.78  |  Val Loss: 1.538 | Val Acc: 38.46  |  Test Loss: 0.996 | Tes Acc: 62.39
INFO >> Epoch: 9  |  Layer:  5  |  Train Loss: 0.728 | Train Acc: 73.26  |  Val Loss: 1.273 | Val Acc: 48.08  |  Test Loss: 1.001 | Tes Acc: 61.11
INFO >> Epoch: 9  |  Layer:  6  |  Train Loss: 0.697 | Train Acc: 74.54  |  Val Loss: 1.259 | Val Acc: 52.56  |  Test Loss: 1.084 | Tes Acc: 61.54
INFO >> Epoch: 9  |  Layer:  7  |  Train Loss: 0.652 | Train Acc: 81.32  |  Val Loss: 1.219 | Val Acc: 55.77  |  Test Loss: 1.089 | Tes Acc: 61.11
INFO >> Epoch: 9  |  Layer:  8  |  Train Loss: 0.728 | Train Acc: 78.21  |  Val Loss: 1.229 | Val Acc: 52.56  |  Test Loss: 1.028 | Tes Acc: 61.54
INFO >> Epoch: 9  |  Layer:  9  |  Train Loss: 0.791 | Train Acc: 74.18  |  Val Loss: 1.236 | Val Acc: 53.85  |  Test Loss: 1.022 | Tes Acc: 62.39
INFO >> Epoch: 9  |  Layer: 10  |  Train Loss: 0.889 | Train Acc: 68.13  |  Val Loss: 1.366 | Val Acc: 43.59  |  Test Loss: 0.980 | Tes Acc: 62.39
INFO >> Epoch: 9  |  Layer: 11  |  Train Loss: 1.027 | Train Acc: 60.99  |  Val Loss: 1.490 | Val Acc: 37.82  |  Test Loss: 1.069 | Tes Acc: 59.83
INFO >> Epoch: 9  |  Layer: 12  |  Train Loss: 1.619 | Train Acc: 38.10  |  Val Loss: 1.720 | Val Acc: 28.21  |  Test Loss: 1.753 | Tes Acc: 28.63
INFO >> Epoch: 9  |  Layer: 13  |  Train Loss: 1.545 | Train Acc: 41.39  |  Val Loss: 1.691 | Val Acc: 31.41  |  Test Loss: 1.688 | Tes Acc: 35.04

INFO >> Epoch: 10  |  Layer:  1  |  Train Loss: 1.686 | Train Acc: 32.05  |  Val Loss: 1.659 | Val Acc: 38.46  |  Test Loss: 1.545 | Tes Acc: 38.89
INFO >> Epoch: 10  |  Layer:  2  |  Train Loss: 1.139 | Train Acc: 63.00  |  Val Loss: 1.536 | Val Acc: 37.82  |  Test Loss: 1.166 | Tes Acc: 56.41
INFO >> Epoch: 10  |  Layer:  3  |  Train Loss: 1.002 | Train Acc: 66.67  |  Val Loss: 1.361 | Val Acc: 45.51  |  Test Loss: 1.200 | Tes Acc: 53.42
INFO >> Epoch: 10  |  Layer:  4  |  Train Loss: 0.742 | Train Acc: 72.34  |  Val Loss: 1.584 | Val Acc: 37.18  |  Test Loss: 1.028 | Tes Acc: 58.97
INFO >> Epoch: 10  |  Layer:  5  |  Train Loss: 0.650 | Train Acc: 76.74  |  Val Loss: 1.252 | Val Acc: 51.92  |  Test Loss: 1.024 | Tes Acc: 56.84
INFO >> Epoch: 10  |  Layer:  6  |  Train Loss: 0.569 | Train Acc: 80.04  |  Val Loss: 1.280 | Val Acc: 53.85  |  Test Loss: 1.203 | Tes Acc: 56.84
INFO >> Epoch: 10  |  Layer:  7  |  Train Loss: 0.522 | Train Acc: 81.14  |  Val Loss: 1.355 | Val Acc: 53.21  |  Test Loss: 1.198 | Tes Acc: 54.27
INFO >> Epoch: 10  |  Layer:  8  |  Train Loss: 0.599 | Train Acc: 79.12  |  Val Loss: 1.358 | Val Acc: 47.44  |  Test Loss: 1.088 | Tes Acc: 56.84
INFO >> Epoch: 10  |  Layer:  9  |  Train Loss: 0.667 | Train Acc: 75.82  |  Val Loss: 1.395 | Val Acc: 46.15  |  Test Loss: 1.115 | Tes Acc: 53.85
INFO >> Epoch: 10  |  Layer: 10  |  Train Loss: 0.785 | Train Acc: 73.26  |  Val Loss: 1.262 | Val Acc: 53.85  |  Test Loss: 1.077 | Tes Acc: 59.83
INFO >> Epoch: 10  |  Layer: 11  |  Train Loss: 0.890 | Train Acc: 70.33  |  Val Loss: 1.377 | Val Acc: 48.08  |  Test Loss: 1.068 | Tes Acc: 53.42
INFO >> Epoch: 10  |  Layer: 12  |  Train Loss: 1.638 | Train Acc: 32.42  |  Val Loss: 1.769 | Val Acc: 32.05  |  Test Loss: 1.756 | Tes Acc: 37.18
INFO >> Epoch: 10  |  Layer: 13  |  Train Loss: 1.557 | Train Acc: 37.36  |  Val Loss: 1.783 | Val Acc: 29.49  |  Test Loss: 1.810 | Tes Acc: 33.33

INFO >> Epoch: 11  |  Layer:  1  |  Train Loss: 1.591 | Train Acc: 35.53  |  Val Loss: 1.660 | Val Acc: 35.90  |  Test Loss: 1.530 | Tes Acc: 40.17
INFO >> Epoch: 11  |  Layer:  2  |  Train Loss: 1.034 | Train Acc: 65.20  |  Val Loss: 1.541 | Val Acc: 41.67  |  Test Loss: 1.095 | Tes Acc: 58.55
INFO >> Epoch: 11  |  Layer:  3  |  Train Loss: 0.897 | Train Acc: 69.05  |  Val Loss: 1.440 | Val Acc: 42.95  |  Test Loss: 0.985 | Tes Acc: 64.53
INFO >> Epoch: 11  |  Layer:  4  |  Train Loss: 0.687 | Train Acc: 76.19  |  Val Loss: 1.630 | Val Acc: 37.82  |  Test Loss: 1.001 | Tes Acc: 63.25
INFO >> Epoch: 11  |  Layer:  5  |  Train Loss: 0.584 | Train Acc: 79.67  |  Val Loss: 1.576 | Val Acc: 41.67  |  Test Loss: 1.027 | Tes Acc: 61.11
INFO >> Epoch: 11  |  Layer:  6  |  Train Loss: 0.529 | Train Acc: 81.14  |  Val Loss: 1.326 | Val Acc: 48.08  |  Test Loss: 1.083 | Tes Acc: 58.55
INFO >> Epoch: 11  |  Layer:  7  |  Train Loss: 0.489 | Train Acc: 85.35  |  Val Loss: 1.336 | Val Acc: 51.28  |  Test Loss: 1.122 | Tes Acc: 57.26
INFO >> Epoch: 11  |  Layer:  8  |  Train Loss: 0.548 | Train Acc: 82.23  |  Val Loss: 1.478 | Val Acc: 49.36  |  Test Loss: 1.121 | Tes Acc: 56.41
INFO >> Epoch: 11  |  Layer:  9  |  Train Loss: 0.619 | Train Acc: 80.59  |  Val Loss: 1.507 | Val Acc: 46.15  |  Test Loss: 1.059 | Tes Acc: 56.84
INFO >> Epoch: 11  |  Layer: 10  |  Train Loss: 0.773 | Train Acc: 71.79  |  Val Loss: 1.287 | Val Acc: 51.92  |  Test Loss: 0.957 | Tes Acc: 65.38
INFO >> Epoch: 11  |  Layer: 11  |  Train Loss: 0.813 | Train Acc: 72.53  |  Val Loss: 1.649 | Val Acc: 39.10  |  Test Loss: 1.048 | Tes Acc: 59.83
INFO >> Epoch: 11  |  Layer: 12  |  Train Loss: 1.563 | Train Acc: 37.36  |  Val Loss: 1.674 | Val Acc: 30.13  |  Test Loss: 1.682 | Tes Acc: 32.05
INFO >> Epoch: 11  |  Layer: 13  |  Train Loss: 1.450 | Train Acc: 44.87  |  Val Loss: 1.763 | Val Acc: 33.97  |  Test Loss: 1.854 | Tes Acc: 29.49

INFO >> Epoch: 12  |  Layer:  1  |  Train Loss: 1.586 | Train Acc: 39.38  |  Val Loss: 1.701 | Val Acc: 30.77  |  Test Loss: 1.605 | Tes Acc: 35.90
INFO >> Epoch: 12  |  Layer:  2  |  Train Loss: 0.968 | Train Acc: 69.23  |  Val Loss: 1.813 | Val Acc: 29.49  |  Test Loss: 1.198 | Tes Acc: 50.43
INFO >> Epoch: 12  |  Layer:  3  |  Train Loss: 0.815 | Train Acc: 76.37  |  Val Loss: 1.709 | Val Acc: 32.69  |  Test Loss: 1.086 | Tes Acc: 56.41
INFO >> Epoch: 12  |  Layer:  4  |  Train Loss: 0.635 | Train Acc: 80.77  |  Val Loss: 1.618 | Val Acc: 42.95  |  Test Loss: 1.185 | Tes Acc: 55.98
INFO >> Epoch: 12  |  Layer:  5  |  Train Loss: 0.554 | Train Acc: 82.05  |  Val Loss: 1.237 | Val Acc: 53.85  |  Test Loss: 1.110 | Tes Acc: 61.54
INFO >> Epoch: 12  |  Layer:  6  |  Train Loss: 0.490 | Train Acc: 83.15  |  Val Loss: 1.237 | Val Acc: 56.41  |  Test Loss: 1.195 | Tes Acc: 62.39
INFO >> Epoch: 12  |  Layer:  7  |  Train Loss: 0.479 | Train Acc: 86.08  |  Val Loss: 1.299 | Val Acc: 59.62  |  Test Loss: 1.236 | Tes Acc: 56.41
INFO >> Epoch: 12  |  Layer:  8  |  Train Loss: 0.540 | Train Acc: 86.81  |  Val Loss: 1.588 | Val Acc: 48.08  |  Test Loss: 1.250 | Tes Acc: 55.13
INFO >> Epoch: 12  |  Layer:  9  |  Train Loss: 0.613 | Train Acc: 80.59  |  Val Loss: 1.677 | Val Acc: 43.59  |  Test Loss: 1.225 | Tes Acc: 52.99
INFO >> Epoch: 12  |  Layer: 10  |  Train Loss: 0.738 | Train Acc: 77.66  |  Val Loss: 1.502 | Val Acc: 45.51  |  Test Loss: 1.164 | Tes Acc: 56.84
INFO >> Epoch: 12  |  Layer: 11  |  Train Loss: 0.766 | Train Acc: 72.71  |  Val Loss: 1.750 | Val Acc: 32.69  |  Test Loss: 1.158 | Tes Acc: 51.71
INFO >> Epoch: 12  |  Layer: 12  |  Train Loss: 1.512 | Train Acc: 44.69  |  Val Loss: 1.813 | Val Acc: 27.56  |  Test Loss: 1.855 | Tes Acc: 28.21
INFO >> Epoch: 12  |  Layer: 13  |  Train Loss: 1.437 | Train Acc: 44.87  |  Val Loss: 1.944 | Val Acc: 23.08  |  Test Loss: 2.126 | Tes Acc: 26.92

INFO >> Epoch: 13  |  Layer:  1  |  Train Loss: 1.530 | Train Acc: 37.18  |  Val Loss: 1.624 | Val Acc: 32.05  |  Test Loss: 1.498 | Tes Acc: 39.32
INFO >> Epoch: 13  |  Layer:  2  |  Train Loss: 0.956 | Train Acc: 60.81  |  Val Loss: 1.623 | Val Acc: 39.74  |  Test Loss: 1.146 | Tes Acc: 55.13
INFO >> Epoch: 13  |  Layer:  3  |  Train Loss: 0.816 | Train Acc: 66.48  |  Val Loss: 1.500 | Val Acc: 43.59  |  Test Loss: 0.964 | Tes Acc: 63.25
INFO >> Epoch: 13  |  Layer:  4  |  Train Loss: 0.629 | Train Acc: 74.18  |  Val Loss: 1.391 | Val Acc: 44.87  |  Test Loss: 0.991 | Tes Acc: 61.97
INFO >> Epoch: 13  |  Layer:  5  |  Train Loss: 0.552 | Train Acc: 77.29  |  Val Loss: 1.389 | Val Acc: 44.23  |  Test Loss: 1.102 | Tes Acc: 57.26
INFO >> Epoch: 13  |  Layer:  6  |  Train Loss: 0.444 | Train Acc: 84.43  |  Val Loss: 1.265 | Val Acc: 54.49  |  Test Loss: 1.173 | Tes Acc: 57.26
INFO >> Epoch: 13  |  Layer:  7  |  Train Loss: 0.438 | Train Acc: 84.62  |  Val Loss: 1.308 | Val Acc: 51.92  |  Test Loss: 1.192 | Tes Acc: 57.26
INFO >> Epoch: 13  |  Layer:  8  |  Train Loss: 0.549 | Train Acc: 79.12  |  Val Loss: 1.292 | Val Acc: 50.64  |  Test Loss: 1.032 | Tes Acc: 61.97
INFO >> Epoch: 13  |  Layer:  9  |  Train Loss: 0.588 | Train Acc: 79.30  |  Val Loss: 1.262 | Val Acc: 51.92  |  Test Loss: 0.933 | Tes Acc: 65.38
INFO >> Epoch: 13  |  Layer: 10  |  Train Loss: 0.715 | Train Acc: 71.25  |  Val Loss: 1.202 | Val Acc: 52.56  |  Test Loss: 0.936 | Tes Acc: 63.68
INFO >> Epoch: 13  |  Layer: 11  |  Train Loss: 0.773 | Train Acc: 68.50  |  Val Loss: 1.366 | Val Acc: 45.51  |  Test Loss: 0.999 | Tes Acc: 57.69
INFO >> Epoch: 13  |  Layer: 12  |  Train Loss: 1.502 | Train Acc: 37.18  |  Val Loss: 1.689 | Val Acc: 36.54  |  Test Loss: 1.680 | Tes Acc: 35.90
INFO >> Epoch: 13  |  Layer: 13  |  Train Loss: 1.396 | Train Acc: 43.04  |  Val Loss: 1.746 | Val Acc: 29.49  |  Test Loss: 1.697 | Tes Acc: 37.18

INFO >> Epoch: 14  |  Layer:  1  |  Train Loss: 1.485 | Train Acc: 42.86  |  Val Loss: 1.580 | Val Acc: 32.69  |  Test Loss: 1.452 | Tes Acc: 44.02
INFO >> Epoch: 14  |  Layer:  2  |  Train Loss: 0.774 | Train Acc: 73.08  |  Val Loss: 1.707 | Val Acc: 32.69  |  Test Loss: 1.098 | Tes Acc: 57.69
INFO >> Epoch: 14  |  Layer:  3  |  Train Loss: 0.635 | Train Acc: 81.14  |  Val Loss: 1.781 | Val Acc: 37.18  |  Test Loss: 1.037 | Tes Acc: 62.39
INFO >> Epoch: 14  |  Layer:  4  |  Train Loss: 0.539 | Train Acc: 80.95  |  Val Loss: 1.457 | Val Acc: 44.23  |  Test Loss: 0.886 | Tes Acc: 66.67
INFO >> Epoch: 14  |  Layer:  5  |  Train Loss: 0.469 | Train Acc: 83.52  |  Val Loss: 1.232 | Val Acc: 51.28  |  Test Loss: 0.921 | Tes Acc: 66.24
INFO >> Epoch: 14  |  Layer:  6  |  Train Loss: 0.379 | Train Acc: 87.00  |  Val Loss: 1.281 | Val Acc: 58.33  |  Test Loss: 1.170 | Tes Acc: 59.83
INFO >> Epoch: 14  |  Layer:  7  |  Train Loss: 0.349 | Train Acc: 88.64  |  Val Loss: 1.264 | Val Acc: 54.49  |  Test Loss: 1.120 | Tes Acc: 61.54
INFO >> Epoch: 14  |  Layer:  8  |  Train Loss: 0.424 | Train Acc: 86.08  |  Val Loss: 1.345 | Val Acc: 53.85  |  Test Loss: 1.010 | Tes Acc: 64.10
INFO >> Epoch: 14  |  Layer:  9  |  Train Loss: 0.457 | Train Acc: 85.53  |  Val Loss: 1.344 | Val Acc: 46.15  |  Test Loss: 0.993 | Tes Acc: 63.68
INFO >> Epoch: 14  |  Layer: 10  |  Train Loss: 0.559 | Train Acc: 83.33  |  Val Loss: 1.396 | Val Acc: 45.51  |  Test Loss: 0.934 | Tes Acc: 67.09
INFO >> Epoch: 14  |  Layer: 11  |  Train Loss: 0.624 | Train Acc: 78.75  |  Val Loss: 1.945 | Val Acc: 30.13  |  Test Loss: 1.133 | Tes Acc: 57.69
INFO >> Epoch: 14  |  Layer: 12  |  Train Loss: 1.432 | Train Acc: 47.07  |  Val Loss: 1.666 | Val Acc: 32.05  |  Test Loss: 1.650 | Tes Acc: 36.32
INFO >> Epoch: 14  |  Layer: 13  |  Train Loss: 1.353 | Train Acc: 50.00  |  Val Loss: 1.795 | Val Acc: 28.85  |  Test Loss: 1.920 | Tes Acc: 31.62

INFO >> Epoch: 15  |  Layer:  1  |  Train Loss: 1.560 | Train Acc: 43.59  |  Val Loss: 1.624 | Val Acc: 33.33  |  Test Loss: 1.519 | Tes Acc: 34.62
INFO >> Epoch: 15  |  Layer:  2  |  Train Loss: 0.846 | Train Acc: 72.53  |  Val Loss: 1.560 | Val Acc: 41.03  |  Test Loss: 1.080 | Tes Acc: 58.97
INFO >> Epoch: 15  |  Layer:  3  |  Train Loss: 0.717 | Train Acc: 77.29  |  Val Loss: 1.438 | Val Acc: 41.03  |  Test Loss: 0.997 | Tes Acc: 61.11
INFO >> Epoch: 15  |  Layer:  4  |  Train Loss: 0.555 | Train Acc: 85.16  |  Val Loss: 1.315 | Val Acc: 47.44  |  Test Loss: 0.939 | Tes Acc: 62.39
INFO >> Epoch: 15  |  Layer:  5  |  Train Loss: 0.459 | Train Acc: 87.73  |  Val Loss: 1.282 | Val Acc: 51.92  |  Test Loss: 0.974 | Tes Acc: 64.10
INFO >> Epoch: 15  |  Layer:  6  |  Train Loss: 0.421 | Train Acc: 88.83  |  Val Loss: 1.164 | Val Acc: 57.05  |  Test Loss: 1.046 | Tes Acc: 62.39
INFO >> Epoch: 15  |  Layer:  7  |  Train Loss: 0.348 | Train Acc: 90.84  |  Val Loss: 1.306 | Val Acc: 53.85  |  Test Loss: 1.141 | Tes Acc: 60.26
INFO >> Epoch: 15  |  Layer:  8  |  Train Loss: 0.413 | Train Acc: 87.18  |  Val Loss: 1.345 | Val Acc: 53.21  |  Test Loss: 1.165 | Tes Acc: 61.11
INFO >> Epoch: 15  |  Layer:  9  |  Train Loss: 0.471 | Train Acc: 83.70  |  Val Loss: 1.340 | Val Acc: 55.13  |  Test Loss: 1.022 | Tes Acc: 63.25
INFO >> Epoch: 15  |  Layer: 10  |  Train Loss: 0.642 | Train Acc: 80.59  |  Val Loss: 1.358 | Val Acc: 50.00  |  Test Loss: 0.938 | Tes Acc: 65.38
INFO >> Epoch: 15  |  Layer: 11  |  Train Loss: 0.750 | Train Acc: 75.27  |  Val Loss: 1.431 | Val Acc: 48.72  |  Test Loss: 1.057 | Tes Acc: 57.26
INFO >> Epoch: 15  |  Layer: 12  |  Train Loss: 1.551 | Train Acc: 42.86  |  Val Loss: 1.653 | Val Acc: 27.56  |  Test Loss: 1.637 | Tes Acc: 36.32
INFO >> Epoch: 15  |  Layer: 13  |  Train Loss: 1.554 | Train Acc: 44.69  |  Val Loss: 1.707 | Val Acc: 30.13  |  Test Loss: 1.704 | Tes Acc: 35.47

INFO >> Epoch: 16  |  Layer:  1  |  Train Loss: 1.358 | Train Acc: 47.80  |  Val Loss: 1.575 | Val Acc: 39.74  |  Test Loss: 1.421 | Tes Acc: 40.60
INFO >> Epoch: 16  |  Layer:  2  |  Train Loss: 0.707 | Train Acc: 74.91  |  Val Loss: 1.694 | Val Acc: 36.54  |  Test Loss: 1.053 | Tes Acc: 59.83
INFO >> Epoch: 16  |  Layer:  3  |  Train Loss: 0.565 | Train Acc: 81.14  |  Val Loss: 1.520 | Val Acc: 43.59  |  Test Loss: 0.906 | Tes Acc: 63.25
INFO >> Epoch: 16  |  Layer:  4  |  Train Loss: 0.425 | Train Acc: 86.63  |  Val Loss: 1.858 | Val Acc: 39.10  |  Test Loss: 0.944 | Tes Acc: 61.97
INFO >> Epoch: 16  |  Layer:  5  |  Train Loss: 0.375 | Train Acc: 87.36  |  Val Loss: 1.583 | Val Acc: 48.08  |  Test Loss: 0.897 | Tes Acc: 64.10
INFO >> Epoch: 16  |  Layer:  6  |  Train Loss: 0.319 | Train Acc: 91.03  |  Val Loss: 1.328 | Val Acc: 57.05  |  Test Loss: 0.984 | Tes Acc: 61.54
INFO >> Epoch: 16  |  Layer:  7  |  Train Loss: 0.291 | Train Acc: 89.93  |  Val Loss: 1.285 | Val Acc: 55.13  |  Test Loss: 1.052 | Tes Acc: 64.10
INFO >> Epoch: 16  |  Layer:  8  |  Train Loss: 0.413 | Train Acc: 86.45  |  Val Loss: 1.307 | Val Acc: 56.41  |  Test Loss: 1.103 | Tes Acc: 58.55
INFO >> Epoch: 16  |  Layer:  9  |  Train Loss: 0.404 | Train Acc: 85.90  |  Val Loss: 1.335 | Val Acc: 50.64  |  Test Loss: 0.947 | Tes Acc: 61.97
INFO >> Epoch: 16  |  Layer: 10  |  Train Loss: 0.561 | Train Acc: 82.42  |  Val Loss: 1.344 | Val Acc: 42.95  |  Test Loss: 0.867 | Tes Acc: 63.25
INFO >> Epoch: 16  |  Layer: 11  |  Train Loss: 0.603 | Train Acc: 80.40  |  Val Loss: 1.645 | Val Acc: 38.46  |  Test Loss: 0.932 | Tes Acc: 62.39
INFO >> Epoch: 16  |  Layer: 12  |  Train Loss: 1.346 | Train Acc: 45.24  |  Val Loss: 1.674 | Val Acc: 38.46  |  Test Loss: 1.592 | Tes Acc: 35.47
INFO >> Epoch: 16  |  Layer: 13  |  Train Loss: 1.257 | Train Acc: 49.82  |  Val Loss: 1.828 | Val Acc: 30.13  |  Test Loss: 1.797 | Tes Acc: 33.33

INFO >> Epoch: 17  |  Layer:  1  |  Train Loss: 1.449 | Train Acc: 45.60  |  Val Loss: 1.488 | Val Acc: 39.10  |  Test Loss: 1.365 | Tes Acc: 44.87
INFO >> Epoch: 17  |  Layer:  2  |  Train Loss: 0.663 | Train Acc: 80.22  |  Val Loss: 1.754 | Val Acc: 33.33  |  Test Loss: 1.034 | Tes Acc: 59.83
INFO >> Epoch: 17  |  Layer:  3  |  Train Loss: 0.531 | Train Acc: 84.80  |  Val Loss: 1.909 | Val Acc: 38.46  |  Test Loss: 0.941 | Tes Acc: 64.10
INFO >> Epoch: 17  |  Layer:  4  |  Train Loss: 0.444 | Train Acc: 89.01  |  Val Loss: 1.896 | Val Acc: 44.23  |  Test Loss: 1.054 | Tes Acc: 62.39
INFO >> Epoch: 17  |  Layer:  5  |  Train Loss: 0.405 | Train Acc: 89.74  |  Val Loss: 1.574 | Val Acc: 49.36  |  Test Loss: 1.096 | Tes Acc: 62.39
INFO >> Epoch: 17  |  Layer:  6  |  Train Loss: 0.304 | Train Acc: 92.12  |  Val Loss: 1.455 | Val Acc: 53.85  |  Test Loss: 1.169 | Tes Acc: 62.39
INFO >> Epoch: 17  |  Layer:  7  |  Train Loss: 0.302 | Train Acc: 94.87  |  Val Loss: 1.484 | Val Acc: 52.56  |  Test Loss: 1.220 | Tes Acc: 59.83
INFO >> Epoch: 17  |  Layer:  8  |  Train Loss: 0.370 | Train Acc: 91.76  |  Val Loss: 1.753 | Val Acc: 47.44  |  Test Loss: 1.212 | Tes Acc: 57.69
INFO >> Epoch: 17  |  Layer:  9  |  Train Loss: 0.374 | Train Acc: 92.12  |  Val Loss: 1.664 | Val Acc: 45.51  |  Test Loss: 1.038 | Tes Acc: 59.83
INFO >> Epoch: 17  |  Layer: 10  |  Train Loss: 0.501 | Train Acc: 85.71  |  Val Loss: 1.442 | Val Acc: 45.51  |  Test Loss: 0.956 | Tes Acc: 63.25
INFO >> Epoch: 17  |  Layer: 11  |  Train Loss: 0.532 | Train Acc: 85.35  |  Val Loss: 1.895 | Val Acc: 36.54  |  Test Loss: 0.996 | Tes Acc: 63.25
INFO >> Epoch: 17  |  Layer: 12  |  Train Loss: 1.404 | Train Acc: 52.01  |  Val Loss: 1.548 | Val Acc: 34.62  |  Test Loss: 1.506 | Tes Acc: 41.03
INFO >> Epoch: 17  |  Layer: 13  |  Train Loss: 1.366 | Train Acc: 52.01  |  Val Loss: 1.555 | Val Acc: 32.69  |  Test Loss: 1.585 | Tes Acc: 38.89

INFO >> Epoch: 18  |  Layer:  1  |  Train Loss: 1.377 | Train Acc: 48.17  |  Val Loss: 1.529 | Val Acc: 40.38  |  Test Loss: 1.399 | Tes Acc: 48.29
INFO >> Epoch: 18  |  Layer:  2  |  Train Loss: 0.611 | Train Acc: 82.97  |  Val Loss: 1.754 | Val Acc: 39.74  |  Test Loss: 0.997 | Tes Acc: 63.25
INFO >> Epoch: 18  |  Layer:  3  |  Train Loss: 0.510 | Train Acc: 84.07  |  Val Loss: 1.917 | Val Acc: 40.38  |  Test Loss: 0.875 | Tes Acc: 67.52
INFO >> Epoch: 18  |  Layer:  4  |  Train Loss: 0.469 | Train Acc: 86.08  |  Val Loss: 1.605 | Val Acc: 45.51  |  Test Loss: 0.784 | Tes Acc: 66.67
INFO >> Epoch: 18  |  Layer:  5  |  Train Loss: 0.413 | Train Acc: 87.00  |  Val Loss: 1.542 | Val Acc: 49.36  |  Test Loss: 0.855 | Tes Acc: 66.24
INFO >> Epoch: 18  |  Layer:  6  |  Train Loss: 0.357 | Train Acc: 87.55  |  Val Loss: 1.475 | Val Acc: 51.28  |  Test Loss: 1.082 | Tes Acc: 61.11
INFO >> Epoch: 18  |  Layer:  7  |  Train Loss: 0.345 | Train Acc: 89.38  |  Val Loss: 1.500 | Val Acc: 51.28  |  Test Loss: 1.212 | Tes Acc: 60.26
INFO >> Epoch: 18  |  Layer:  8  |  Train Loss: 0.460 | Train Acc: 84.80  |  Val Loss: 1.531 | Val Acc: 48.72  |  Test Loss: 1.025 | Tes Acc: 62.39
INFO >> Epoch: 18  |  Layer:  9  |  Train Loss: 0.400 | Train Acc: 87.91  |  Val Loss: 1.451 | Val Acc: 49.36  |  Test Loss: 0.943 | Tes Acc: 64.96
INFO >> Epoch: 18  |  Layer: 10  |  Train Loss: 0.449 | Train Acc: 85.90  |  Val Loss: 1.517 | Val Acc: 46.15  |  Test Loss: 0.879 | Tes Acc: 66.24
INFO >> Epoch: 18  |  Layer: 11  |  Train Loss: 0.495 | Train Acc: 84.62  |  Val Loss: 1.765 | Val Acc: 39.74  |  Test Loss: 0.842 | Tes Acc: 68.80
INFO >> Epoch: 18  |  Layer: 12  |  Train Loss: 1.272 | Train Acc: 53.66  |  Val Loss: 1.565 | Val Acc: 35.90  |  Test Loss: 1.508 | Tes Acc: 38.89
INFO >> Epoch: 18  |  Layer: 13  |  Train Loss: 1.256 | Train Acc: 54.03  |  Val Loss: 1.611 | Val Acc: 28.85  |  Test Loss: 1.612 | Tes Acc: 36.75

INFO >> Epoch: 19  |  Layer:  1  |  Train Loss: 1.235 | Train Acc: 52.75  |  Val Loss: 1.581 | Val Acc: 33.97  |  Test Loss: 1.436 | Tes Acc: 44.44
INFO >> Epoch: 19  |  Layer:  2  |  Train Loss: 0.578 | Train Acc: 80.95  |  Val Loss: 1.902 | Val Acc: 36.54  |  Test Loss: 1.059 | Tes Acc: 62.82
INFO >> Epoch: 19  |  Layer:  3  |  Train Loss: 0.444 | Train Acc: 86.81  |  Val Loss: 1.860 | Val Acc: 41.03  |  Test Loss: 0.880 | Tes Acc: 68.38
INFO >> Epoch: 19  |  Layer:  4  |  Train Loss: 0.365 | Train Acc: 89.19  |  Val Loss: 1.759 | Val Acc: 41.03  |  Test Loss: 0.875 | Tes Acc: 66.24
INFO >> Epoch: 19  |  Layer:  5  |  Train Loss: 0.302 | Train Acc: 91.39  |  Val Loss: 1.474 | Val Acc: 50.00  |  Test Loss: 0.830 | Tes Acc: 67.09
INFO >> Epoch: 19  |  Layer:  6  |  Train Loss: 0.314 | Train Acc: 89.01  |  Val Loss: 1.149 | Val Acc: 58.33  |  Test Loss: 0.921 | Tes Acc: 64.10
INFO >> Epoch: 19  |  Layer:  7  |  Train Loss: 0.301 | Train Acc: 88.83  |  Val Loss: 1.149 | Val Acc: 60.26  |  Test Loss: 1.021 | Tes Acc: 64.10
INFO >> Epoch: 19  |  Layer:  8  |  Train Loss: 0.391 | Train Acc: 86.45  |  Val Loss: 1.298 | Val Acc: 56.41  |  Test Loss: 1.080 | Tes Acc: 59.40
INFO >> Epoch: 19  |  Layer:  9  |  Train Loss: 0.357 | Train Acc: 87.36  |  Val Loss: 1.421 | Val Acc: 51.92  |  Test Loss: 0.934 | Tes Acc: 64.53
INFO >> Epoch: 19  |  Layer: 10  |  Train Loss: 0.409 | Train Acc: 87.73  |  Val Loss: 1.633 | Val Acc: 41.67  |  Test Loss: 0.863 | Tes Acc: 66.24
INFO >> Epoch: 19  |  Layer: 11  |  Train Loss: 0.458 | Train Acc: 85.35  |  Val Loss: 1.819 | Val Acc: 37.82  |  Test Loss: 0.839 | Tes Acc: 67.09
INFO >> Epoch: 19  |  Layer: 12  |  Train Loss: 1.171 | Train Acc: 55.86  |  Val Loss: 1.520 | Val Acc: 37.82  |  Test Loss: 1.520 | Tes Acc: 40.60
INFO >> Epoch: 19  |  Layer: 13  |  Train Loss: 1.154 | Train Acc: 55.86  |  Val Loss: 1.560 | Val Acc: 33.33  |  Test Loss: 1.541 | Tes Acc: 40.17

INFO >> Epoch: 20  |  Layer:  1  |  Train Loss: 1.250 | Train Acc: 55.49  |  Val Loss: 1.626 | Val Acc: 32.69  |  Test Loss: 1.459 | Tes Acc: 40.60
INFO >> Epoch: 20  |  Layer:  2  |  Train Loss: 0.523 | Train Acc: 84.43  |  Val Loss: 1.764 | Val Acc: 42.95  |  Test Loss: 1.100 | Tes Acc: 61.11
INFO >> Epoch: 20  |  Layer:  3  |  Train Loss: 0.392 | Train Acc: 90.29  |  Val Loss: 1.628 | Val Acc: 45.51  |  Test Loss: 0.953 | Tes Acc: 68.80
INFO >> Epoch: 20  |  Layer:  4  |  Train Loss: 0.296 | Train Acc: 92.86  |  Val Loss: 1.328 | Val Acc: 49.36  |  Test Loss: 0.926 | Tes Acc: 64.10
INFO >> Epoch: 20  |  Layer:  5  |  Train Loss: 0.258 | Train Acc: 93.96  |  Val Loss: 1.215 | Val Acc: 52.56  |  Test Loss: 1.040 | Tes Acc: 61.54
INFO >> Epoch: 20  |  Layer:  6  |  Train Loss: 0.217 | Train Acc: 94.87  |  Val Loss: 1.234 | Val Acc: 55.77  |  Test Loss: 1.064 | Tes Acc: 60.26
INFO >> Epoch: 20  |  Layer:  7  |  Train Loss: 0.199 | Train Acc: 94.69  |  Val Loss: 1.256 | Val Acc: 58.97  |  Test Loss: 1.110 | Tes Acc: 62.82
INFO >> Epoch: 20  |  Layer:  8  |  Train Loss: 0.250 | Train Acc: 94.51  |  Val Loss: 1.259 | Val Acc: 53.21  |  Test Loss: 0.968 | Tes Acc: 65.81
INFO >> Epoch: 20  |  Layer:  9  |  Train Loss: 0.245 | Train Acc: 94.51  |  Val Loss: 1.309 | Val Acc: 50.00  |  Test Loss: 0.899 | Tes Acc: 68.80
INFO >> Epoch: 20  |  Layer: 10  |  Train Loss: 0.332 | Train Acc: 93.04  |  Val Loss: 1.381 | Val Acc: 48.72  |  Test Loss: 0.907 | Tes Acc: 66.67
INFO >> Epoch: 20  |  Layer: 11  |  Train Loss: 0.400 | Train Acc: 89.56  |  Val Loss: 1.811 | Val Acc: 39.10  |  Test Loss: 1.005 | Tes Acc: 61.97
INFO >> Epoch: 20  |  Layer: 12  |  Train Loss: 1.142 | Train Acc: 56.59  |  Val Loss: 1.699 | Val Acc: 32.05  |  Test Loss: 1.683 | Tes Acc: 36.75
INFO >> Epoch: 20  |  Layer: 13  |  Train Loss: 1.150 | Train Acc: 56.04  |  Val Loss: 1.631 | Val Acc: 32.05  |  Test Loss: 1.608 | Tes Acc: 40.17

INFO >> Epoch: 21  |  Layer:  1  |  Train Loss: 1.290 | Train Acc: 46.52  |  Val Loss: 1.669 | Val Acc: 33.33  |  Test Loss: 1.414 | Tes Acc: 44.02
INFO >> Epoch: 21  |  Layer:  2  |  Train Loss: 0.472 | Train Acc: 84.80  |  Val Loss: 1.736 | Val Acc: 42.95  |  Test Loss: 0.972 | Tes Acc: 63.68
INFO >> Epoch: 21  |  Layer:  3  |  Train Loss: 0.352 | Train Acc: 90.66  |  Val Loss: 1.910 | Val Acc: 43.59  |  Test Loss: 0.885 | Tes Acc: 67.09
INFO >> Epoch: 21  |  Layer:  4  |  Train Loss: 0.265 | Train Acc: 92.12  |  Val Loss: 1.895 | Val Acc: 44.87  |  Test Loss: 0.919 | Tes Acc: 62.39
INFO >> Epoch: 21  |  Layer:  5  |  Train Loss: 0.251 | Train Acc: 90.66  |  Val Loss: 1.747 | Val Acc: 48.08  |  Test Loss: 0.846 | Tes Acc: 67.09
INFO >> Epoch: 21  |  Layer:  6  |  Train Loss: 0.200 | Train Acc: 94.87  |  Val Loss: 1.209 | Val Acc: 56.41  |  Test Loss: 0.962 | Tes Acc: 64.10
INFO >> Epoch: 21  |  Layer:  7  |  Train Loss: 0.157 | Train Acc: 96.34  |  Val Loss: 1.539 | Val Acc: 53.21  |  Test Loss: 1.088 | Tes Acc: 61.54
INFO >> Epoch: 21  |  Layer:  8  |  Train Loss: 0.236 | Train Acc: 93.22  |  Val Loss: 1.359 | Val Acc: 53.85  |  Test Loss: 0.958 | Tes Acc: 66.24
INFO >> Epoch: 21  |  Layer:  9  |  Train Loss: 0.232 | Train Acc: 93.96  |  Val Loss: 1.830 | Val Acc: 44.87  |  Test Loss: 0.938 | Tes Acc: 67.09
INFO >> Epoch: 21  |  Layer: 10  |  Train Loss: 0.322 | Train Acc: 91.39  |  Val Loss: 1.679 | Val Acc: 44.23  |  Test Loss: 0.855 | Tes Acc: 67.09
INFO >> Epoch: 21  |  Layer: 11  |  Train Loss: 0.371 | Train Acc: 90.11  |  Val Loss: 2.234 | Val Acc: 34.62  |  Test Loss: 0.925 | Tes Acc: 65.81
INFO >> Epoch: 21  |  Layer: 12  |  Train Loss: 1.166 | Train Acc: 53.66  |  Val Loss: 1.711 | Val Acc: 28.85  |  Test Loss: 1.466 | Tes Acc: 43.59
INFO >> Epoch: 21  |  Layer: 13  |  Train Loss: 1.135 | Train Acc: 53.30  |  Val Loss: 1.618 | Val Acc: 32.69  |  Test Loss: 1.605 | Tes Acc: 39.32

INFO >> Epoch: 22  |  Layer:  1  |  Train Loss: 1.274 | Train Acc: 50.37  |  Val Loss: 1.729 | Val Acc: 39.74  |  Test Loss: 1.437 | Tes Acc: 44.02
INFO >> Epoch: 22  |  Layer:  2  |  Train Loss: 0.473 | Train Acc: 87.00  |  Val Loss: 1.942 | Val Acc: 41.03  |  Test Loss: 1.031 | Tes Acc: 61.97
INFO >> Epoch: 22  |  Layer:  3  |  Train Loss: 0.324 | Train Acc: 91.58  |  Val Loss: 1.864 | Val Acc: 44.23  |  Test Loss: 0.873 | Tes Acc: 67.52
INFO >> Epoch: 22  |  Layer:  4  |  Train Loss: 0.232 | Train Acc: 93.96  |  Val Loss: 1.684 | Val Acc: 46.79  |  Test Loss: 1.055 | Tes Acc: 60.26
INFO >> Epoch: 22  |  Layer:  5  |  Train Loss: 0.202 | Train Acc: 94.32  |  Val Loss: 1.563 | Val Acc: 55.77  |  Test Loss: 0.975 | Tes Acc: 65.38
INFO >> Epoch: 22  |  Layer:  6  |  Train Loss: 0.161 | Train Acc: 96.52  |  Val Loss: 1.384 | Val Acc: 54.49  |  Test Loss: 1.092 | Tes Acc: 64.10
INFO >> Epoch: 22  |  Layer:  7  |  Train Loss: 0.141 | Train Acc: 97.44  |  Val Loss: 1.470 | Val Acc: 56.41  |  Test Loss: 1.161 | Tes Acc: 64.53
INFO >> Epoch: 22  |  Layer:  8  |  Train Loss: 0.192 | Train Acc: 95.42  |  Val Loss: 1.547 | Val Acc: 48.72  |  Test Loss: 1.013 | Tes Acc: 64.96
INFO >> Epoch: 22  |  Layer:  9  |  Train Loss: 0.214 | Train Acc: 94.32  |  Val Loss: 1.412 | Val Acc: 53.85  |  Test Loss: 0.930 | Tes Acc: 68.38
INFO >> Epoch: 22  |  Layer: 10  |  Train Loss: 0.313 | Train Acc: 91.39  |  Val Loss: 1.589 | Val Acc: 48.72  |  Test Loss: 1.039 | Tes Acc: 65.81
INFO >> Epoch: 22  |  Layer: 11  |  Train Loss: 0.350 | Train Acc: 89.19  |  Val Loss: 1.687 | Val Acc: 47.44  |  Test Loss: 0.908 | Tes Acc: 65.38
INFO >> Epoch: 22  |  Layer: 12  |  Train Loss: 1.084 | Train Acc: 56.96  |  Val Loss: 1.550 | Val Acc: 42.31  |  Test Loss: 1.332 | Tes Acc: 53.42
INFO >> Epoch: 22  |  Layer: 13  |  Train Loss: 1.084 | Train Acc: 59.34  |  Val Loss: 1.623 | Val Acc: 34.62  |  Test Loss: 1.576 | Tes Acc: 40.17

INFO >> Epoch: 23  |  Layer:  1  |  Train Loss: 1.293 | Train Acc: 51.10  |  Val Loss: 1.483 | Val Acc: 43.59  |  Test Loss: 1.280 | Tes Acc: 49.15
INFO >> Epoch: 23  |  Layer:  2  |  Train Loss: 0.481 | Train Acc: 82.60  |  Val Loss: 1.616 | Val Acc: 48.08  |  Test Loss: 0.985 | Tes Acc: 61.97
INFO >> Epoch: 23  |  Layer:  3  |  Train Loss: 0.338 | Train Acc: 88.64  |  Val Loss: 1.572 | Val Acc: 52.56  |  Test Loss: 0.910 | Tes Acc: 67.09
INFO >> Epoch: 23  |  Layer:  4  |  Train Loss: 0.236 | Train Acc: 93.96  |  Val Loss: 1.280 | Val Acc: 57.05  |  Test Loss: 1.194 | Tes Acc: 58.55
INFO >> Epoch: 23  |  Layer:  5  |  Train Loss: 0.242 | Train Acc: 93.59  |  Val Loss: 1.205 | Val Acc: 58.33  |  Test Loss: 1.125 | Tes Acc: 62.82
INFO >> Epoch: 23  |  Layer:  6  |  Train Loss: 0.151 | Train Acc: 97.25  |  Val Loss: 1.215 | Val Acc: 60.90  |  Test Loss: 1.197 | Tes Acc: 61.11
INFO >> Epoch: 23  |  Layer:  7  |  Train Loss: 0.135 | Train Acc: 96.15  |  Val Loss: 1.451 | Val Acc: 59.62  |  Test Loss: 1.236 | Tes Acc: 63.25
INFO >> Epoch: 23  |  Layer:  8  |  Train Loss: 0.186 | Train Acc: 94.51  |  Val Loss: 1.335 | Val Acc: 57.05  |  Test Loss: 1.005 | Tes Acc: 66.24
INFO >> Epoch: 23  |  Layer:  9  |  Train Loss: 0.202 | Train Acc: 95.24  |  Val Loss: 1.564 | Val Acc: 53.21  |  Test Loss: 0.998 | Tes Acc: 67.52
INFO >> Epoch: 23  |  Layer: 10  |  Train Loss: 0.280 | Train Acc: 94.32  |  Val Loss: 1.396 | Val Acc: 52.56  |  Test Loss: 1.034 | Tes Acc: 66.67
INFO >> Epoch: 23  |  Layer: 11  |  Train Loss: 0.294 | Train Acc: 92.12  |  Val Loss: 1.791 | Val Acc: 44.87  |  Test Loss: 1.014 | Tes Acc: 61.54
INFO >> Epoch: 23  |  Layer: 12  |  Train Loss: 1.083 | Train Acc: 56.41  |  Val Loss: 1.568 | Val Acc: 42.95  |  Test Loss: 1.367 | Tes Acc: 47.01
INFO >> Epoch: 23  |  Layer: 13  |  Train Loss: 1.100 | Train Acc: 57.69  |  Val Loss: 1.604 | Val Acc: 42.31  |  Test Loss: 1.610 | Tes Acc: 40.17

INFO >> Epoch: 24  |  Layer:  1  |  Train Loss: 1.158 | Train Acc: 54.40  |  Val Loss: 1.622 | Val Acc: 35.26  |  Test Loss: 1.403 | Tes Acc: 43.16
INFO >> Epoch: 24  |  Layer:  2  |  Train Loss: 0.418 | Train Acc: 88.10  |  Val Loss: 1.966 | Val Acc: 36.54  |  Test Loss: 1.029 | Tes Acc: 61.11
INFO >> Epoch: 24  |  Layer:  3  |  Train Loss: 0.301 | Train Acc: 92.86  |  Val Loss: 2.065 | Val Acc: 39.74  |  Test Loss: 0.964 | Tes Acc: 64.96
INFO >> Epoch: 24  |  Layer:  4  |  Train Loss: 0.247 | Train Acc: 93.96  |  Val Loss: 1.838 | Val Acc: 44.87  |  Test Loss: 0.956 | Tes Acc: 63.68
INFO >> Epoch: 24  |  Layer:  5  |  Train Loss: 0.193 | Train Acc: 94.87  |  Val Loss: 1.514 | Val Acc: 54.49  |  Test Loss: 0.866 | Tes Acc: 66.24
INFO >> Epoch: 24  |  Layer:  6  |  Train Loss: 0.154 | Train Acc: 96.52  |  Val Loss: 1.397 | Val Acc: 58.33  |  Test Loss: 1.230 | Tes Acc: 59.40
INFO >> Epoch: 24  |  Layer:  7  |  Train Loss: 0.117 | Train Acc: 97.44  |  Val Loss: 1.461 | Val Acc: 60.26  |  Test Loss: 1.239 | Tes Acc: 64.10
INFO >> Epoch: 24  |  Layer:  8  |  Train Loss: 0.158 | Train Acc: 97.07  |  Val Loss: 1.457 | Val Acc: 55.13  |  Test Loss: 1.062 | Tes Acc: 64.53
INFO >> Epoch: 24  |  Layer:  9  |  Train Loss: 0.193 | Train Acc: 95.05  |  Val Loss: 1.479 | Val Acc: 55.13  |  Test Loss: 0.991 | Tes Acc: 65.81
INFO >> Epoch: 24  |  Layer: 10  |  Train Loss: 0.262 | Train Acc: 93.96  |  Val Loss: 1.758 | Val Acc: 49.36  |  Test Loss: 1.074 | Tes Acc: 64.10
INFO >> Epoch: 24  |  Layer: 11  |  Train Loss: 0.293 | Train Acc: 91.76  |  Val Loss: 1.924 | Val Acc: 40.38  |  Test Loss: 1.052 | Tes Acc: 61.11
INFO >> Epoch: 24  |  Layer: 12  |  Train Loss: 1.045 | Train Acc: 57.14  |  Val Loss: 1.638 | Val Acc: 35.26  |  Test Loss: 1.464 | Tes Acc: 43.16
INFO >> Epoch: 24  |  Layer: 13  |  Train Loss: 1.056 | Train Acc: 60.07  |  Val Loss: 1.739 | Val Acc: 35.26  |  Test Loss: 1.684 | Tes Acc: 41.03

INFO >> Epoch: 25  |  Layer:  1  |  Train Loss: 1.307 | Train Acc: 59.71  |  Val Loss: 1.693 | Val Acc: 37.82  |  Test Loss: 1.365 | Tes Acc: 48.72
INFO >> Epoch: 25  |  Layer:  2  |  Train Loss: 0.417 | Train Acc: 90.29  |  Val Loss: 2.113 | Val Acc: 35.90  |  Test Loss: 1.047 | Tes Acc: 61.11
INFO >> Epoch: 25  |  Layer:  3  |  Train Loss: 0.288 | Train Acc: 95.05  |  Val Loss: 2.164 | Val Acc: 41.03  |  Test Loss: 0.992 | Tes Acc: 67.09
INFO >> Epoch: 25  |  Layer:  4  |  Train Loss: 0.205 | Train Acc: 95.05  |  Val Loss: 1.811 | Val Acc: 46.15  |  Test Loss: 1.078 | Tes Acc: 63.25
INFO >> Epoch: 25  |  Layer:  5  |  Train Loss: 0.160 | Train Acc: 97.25  |  Val Loss: 1.507 | Val Acc: 54.49  |  Test Loss: 0.921 | Tes Acc: 67.09
INFO >> Epoch: 25  |  Layer:  6  |  Train Loss: 0.146 | Train Acc: 96.89  |  Val Loss: 1.534 | Val Acc: 57.69  |  Test Loss: 1.392 | Tes Acc: 57.69
INFO >> Epoch: 25  |  Layer:  7  |  Train Loss: 0.119 | Train Acc: 98.90  |  Val Loss: 1.598 | Val Acc: 57.69  |  Test Loss: 1.255 | Tes Acc: 62.82
INFO >> Epoch: 25  |  Layer:  8  |  Train Loss: 0.180 | Train Acc: 96.34  |  Val Loss: 1.826 | Val Acc: 53.21  |  Test Loss: 1.385 | Tes Acc: 55.56
INFO >> Epoch: 25  |  Layer:  9  |  Train Loss: 0.192 | Train Acc: 96.52  |  Val Loss: 1.738 | Val Acc: 48.72  |  Test Loss: 1.108 | Tes Acc: 64.10
INFO >> Epoch: 25  |  Layer: 10  |  Train Loss: 0.262 | Train Acc: 93.22  |  Val Loss: 1.673 | Val Acc: 50.00  |  Test Loss: 1.149 | Tes Acc: 62.82
INFO >> Epoch: 25  |  Layer: 11  |  Train Loss: 0.291 | Train Acc: 90.84  |  Val Loss: 2.173 | Val Acc: 39.10  |  Test Loss: 1.001 | Tes Acc: 64.10
INFO >> Epoch: 25  |  Layer: 12  |  Train Loss: 1.114 | Train Acc: 65.20  |  Val Loss: 1.934 | Val Acc: 30.13  |  Test Loss: 1.516 | Tes Acc: 42.74
INFO >> Epoch: 25  |  Layer: 13  |  Train Loss: 1.182 | Train Acc: 59.71  |  Val Loss: 1.760 | Val Acc: 34.62  |  Test Loss: 1.633 | Tes Acc: 44.44

INFO >> Epoch: 26  |  Layer:  1  |  Train Loss: 1.209 | Train Acc: 54.40  |  Val Loss: 1.660 | Val Acc: 33.33  |  Test Loss: 1.446 | Tes Acc: 45.73
INFO >> Epoch: 26  |  Layer:  2  |  Train Loss: 0.491 | Train Acc: 83.88  |  Val Loss: 1.947 | Val Acc: 35.90  |  Test Loss: 1.093 | Tes Acc: 60.26
INFO >> Epoch: 26  |  Layer:  3  |  Train Loss: 0.364 | Train Acc: 88.64  |  Val Loss: 1.748 | Val Acc: 51.28  |  Test Loss: 0.972 | Tes Acc: 66.24
INFO >> Epoch: 26  |  Layer:  4  |  Train Loss: 0.265 | Train Acc: 91.39  |  Val Loss: 1.518 | Val Acc: 54.49  |  Test Loss: 1.107 | Tes Acc: 61.11
INFO >> Epoch: 26  |  Layer:  5  |  Train Loss: 0.207 | Train Acc: 94.51  |  Val Loss: 1.370 | Val Acc: 55.77  |  Test Loss: 1.267 | Tes Acc: 60.68
INFO >> Epoch: 26  |  Layer:  6  |  Train Loss: 0.139 | Train Acc: 96.70  |  Val Loss: 1.583 | Val Acc: 55.77  |  Test Loss: 1.406 | Tes Acc: 58.97
INFO >> Epoch: 26  |  Layer:  7  |  Train Loss: 0.168 | Train Acc: 94.32  |  Val Loss: 1.584 | Val Acc: 58.97  |  Test Loss: 1.310 | Tes Acc: 60.68
INFO >> Epoch: 26  |  Layer:  8  |  Train Loss: 0.378 | Train Acc: 84.98  |  Val Loss: 1.946 | Val Acc: 48.72  |  Test Loss: 1.390 | Tes Acc: 57.26
INFO >> Epoch: 26  |  Layer:  9  |  Train Loss: 0.416 | Train Acc: 84.43  |  Val Loss: 1.926 | Val Acc: 44.87  |  Test Loss: 1.339 | Tes Acc: 58.97
INFO >> Epoch: 26  |  Layer: 10  |  Train Loss: 0.329 | Train Acc: 90.29  |  Val Loss: 1.678 | Val Acc: 55.77  |  Test Loss: 1.197 | Tes Acc: 61.54
INFO >> Epoch: 26  |  Layer: 11  |  Train Loss: 0.350 | Train Acc: 89.01  |  Val Loss: 1.853 | Val Acc: 50.64  |  Test Loss: 1.271 | Tes Acc: 57.69
INFO >> Epoch: 26  |  Layer: 12  |  Train Loss: 1.130 | Train Acc: 57.33  |  Val Loss: 1.634 | Val Acc: 33.97  |  Test Loss: 1.421 | Tes Acc: 44.44
INFO >> Epoch: 26  |  Layer: 13  |  Train Loss: 1.162 | Train Acc: 54.21  |  Val Loss: 1.574 | Val Acc: 31.41  |  Test Loss: 1.445 | Tes Acc: 41.45

INFO >> Epoch: 27  |  Layer:  1  |  Train Loss: 1.173 | Train Acc: 58.06  |  Val Loss: 1.717 | Val Acc: 32.69  |  Test Loss: 1.396 | Tes Acc: 47.44
INFO >> Epoch: 27  |  Layer:  2  |  Train Loss: 0.410 | Train Acc: 89.01  |  Val Loss: 1.909 | Val Acc: 42.31  |  Test Loss: 1.053 | Tes Acc: 62.39
INFO >> Epoch: 27  |  Layer:  3  |  Train Loss: 0.284 | Train Acc: 92.67  |  Val Loss: 1.792 | Val Acc: 47.44  |  Test Loss: 0.928 | Tes Acc: 66.67
INFO >> Epoch: 27  |  Layer:  4  |  Train Loss: 0.198 | Train Acc: 95.24  |  Val Loss: 1.530 | Val Acc: 53.85  |  Test Loss: 1.061 | Tes Acc: 64.10
INFO >> Epoch: 27  |  Layer:  5  |  Train Loss: 0.199 | Train Acc: 93.96  |  Val Loss: 1.454 | Val Acc: 56.41  |  Test Loss: 0.876 | Tes Acc: 68.38
INFO >> Epoch: 27  |  Layer:  6  |  Train Loss: 0.122 | Train Acc: 98.35  |  Val Loss: 1.423 | Val Acc: 60.90  |  Test Loss: 1.204 | Tes Acc: 61.11
INFO >> Epoch: 27  |  Layer:  7  |  Train Loss: 0.153 | Train Acc: 95.97  |  Val Loss: 1.854 | Val Acc: 51.92  |  Test Loss: 1.301 | Tes Acc: 59.83
INFO >> Epoch: 27  |  Layer:  8  |  Train Loss: 0.162 | Train Acc: 95.79  |  Val Loss: 1.517 | Val Acc: 55.13  |  Test Loss: 1.016 | Tes Acc: 67.52
INFO >> Epoch: 27  |  Layer:  9  |  Train Loss: 0.212 | Train Acc: 93.77  |  Val Loss: 1.497 | Val Acc: 50.00  |  Test Loss: 0.889 | Tes Acc: 67.52
INFO >> Epoch: 27  |  Layer: 10  |  Train Loss: 0.233 | Train Acc: 93.41  |  Val Loss: 1.553 | Val Acc: 51.28  |  Test Loss: 0.941 | Tes Acc: 64.96
INFO >> Epoch: 27  |  Layer: 11  |  Train Loss: 0.323 | Train Acc: 91.94  |  Val Loss: 2.166 | Val Acc: 36.54  |  Test Loss: 1.007 | Tes Acc: 63.68
INFO >> Epoch: 27  |  Layer: 12  |  Train Loss: 1.074 | Train Acc: 58.79  |  Val Loss: 1.793 | Val Acc: 32.69  |  Test Loss: 1.386 | Tes Acc: 48.72
INFO >> Epoch: 27  |  Layer: 13  |  Train Loss: 1.119 | Train Acc: 61.72  |  Val Loss: 1.670 | Val Acc: 32.69  |  Test Loss: 1.541 | Tes Acc: 42.74

INFO >> Epoch: 28  |  Layer:  1  |  Train Loss: 1.167 | Train Acc: 57.33  |  Val Loss: 1.852 | Val Acc: 30.13  |  Test Loss: 1.516 | Tes Acc: 44.44
INFO >> Epoch: 28  |  Layer:  2  |  Train Loss: 0.349 | Train Acc: 88.64  |  Val Loss: 1.785 | Val Acc: 48.72  |  Test Loss: 1.005 | Tes Acc: 64.10
INFO >> Epoch: 28  |  Layer:  3  |  Train Loss: 0.257 | Train Acc: 92.12  |  Val Loss: 1.872 | Val Acc: 48.08  |  Test Loss: 0.853 | Tes Acc: 70.94
INFO >> Epoch: 28  |  Layer:  4  |  Train Loss: 0.171 | Train Acc: 96.34  |  Val Loss: 1.615 | Val Acc: 50.64  |  Test Loss: 0.950 | Tes Acc: 66.24
INFO >> Epoch: 28  |  Layer:  5  |  Train Loss: 0.129 | Train Acc: 97.80  |  Val Loss: 1.589 | Val Acc: 55.77  |  Test Loss: 0.881 | Tes Acc: 67.09
INFO >> Epoch: 28  |  Layer:  6  |  Train Loss: 0.107 | Train Acc: 98.35  |  Val Loss: 1.294 | Val Acc: 60.90  |  Test Loss: 1.125 | Tes Acc: 61.54
INFO >> Epoch: 28  |  Layer:  7  |  Train Loss: 0.101 | Train Acc: 98.53  |  Val Loss: 1.611 | Val Acc: 58.33  |  Test Loss: 1.261 | Tes Acc: 61.54
INFO >> Epoch: 28  |  Layer:  8  |  Train Loss: 0.126 | Train Acc: 97.25  |  Val Loss: 1.458 | Val Acc: 55.13  |  Test Loss: 1.021 | Tes Acc: 68.38
INFO >> Epoch: 28  |  Layer:  9  |  Train Loss: 0.140 | Train Acc: 96.52  |  Val Loss: 1.505 | Val Acc: 49.36  |  Test Loss: 0.861 | Tes Acc: 71.37
INFO >> Epoch: 28  |  Layer: 10  |  Train Loss: 0.196 | Train Acc: 96.34  |  Val Loss: 1.722 | Val Acc: 46.15  |  Test Loss: 0.856 | Tes Acc: 70.94
INFO >> Epoch: 28  |  Layer: 11  |  Train Loss: 0.224 | Train Acc: 93.41  |  Val Loss: 1.861 | Val Acc: 44.87  |  Test Loss: 0.842 | Tes Acc: 67.95
INFO >> Epoch: 28  |  Layer: 12  |  Train Loss: 0.972 | Train Acc: 65.93  |  Val Loss: 1.648 | Val Acc: 35.26  |  Test Loss: 1.298 | Tes Acc: 50.00
INFO >> Epoch: 28  |  Layer: 13  |  Train Loss: 1.007 | Train Acc: 62.27  |  Val Loss: 1.713 | Val Acc: 35.26  |  Test Loss: 1.597 | Tes Acc: 45.30

INFO >> Epoch: 29  |  Layer:  1  |  Train Loss: 1.118 | Train Acc: 56.96  |  Val Loss: 1.608 | Val Acc: 39.10  |  Test Loss: 1.285 | Tes Acc: 52.56
INFO >> Epoch: 29  |  Layer:  2  |  Train Loss: 0.325 | Train Acc: 91.58  |  Val Loss: 2.004 | Val Acc: 41.67  |  Test Loss: 1.056 | Tes Acc: 65.38
INFO >> Epoch: 29  |  Layer:  3  |  Train Loss: 0.248 | Train Acc: 94.14  |  Val Loss: 2.147 | Val Acc: 42.95  |  Test Loss: 0.886 | Tes Acc: 67.09
INFO >> Epoch: 29  |  Layer:  4  |  Train Loss: 0.175 | Train Acc: 95.42  |  Val Loss: 2.052 | Val Acc: 46.79  |  Test Loss: 0.958 | Tes Acc: 66.24
INFO >> Epoch: 29  |  Layer:  5  |  Train Loss: 0.126 | Train Acc: 97.62  |  Val Loss: 1.889 | Val Acc: 52.56  |  Test Loss: 0.805 | Tes Acc: 68.80
INFO >> Epoch: 29  |  Layer:  6  |  Train Loss: 0.101 | Train Acc: 98.35  |  Val Loss: 1.380 | Val Acc: 60.90  |  Test Loss: 1.088 | Tes Acc: 64.96
INFO >> Epoch: 29  |  Layer:  7  |  Train Loss: 0.086 | Train Acc: 99.27  |  Val Loss: 1.724 | Val Acc: 55.77  |  Test Loss: 1.128 | Tes Acc: 64.96
INFO >> Epoch: 29  |  Layer:  8  |  Train Loss: 0.168 | Train Acc: 98.35  |  Val Loss: 1.768 | Val Acc: 55.13  |  Test Loss: 1.103 | Tes Acc: 66.24
INFO >> Epoch: 29  |  Layer:  9  |  Train Loss: 0.150 | Train Acc: 97.99  |  Val Loss: 1.734 | Val Acc: 47.44  |  Test Loss: 0.912 | Tes Acc: 69.23
INFO >> Epoch: 29  |  Layer: 10  |  Train Loss: 0.183 | Train Acc: 96.15  |  Val Loss: 1.702 | Val Acc: 50.00  |  Test Loss: 0.763 | Tes Acc: 72.22
INFO >> Epoch: 29  |  Layer: 11  |  Train Loss: 0.236 | Train Acc: 94.14  |  Val Loss: 2.140 | Val Acc: 44.23  |  Test Loss: 0.785 | Tes Acc: 67.52
INFO >> Epoch: 29  |  Layer: 12  |  Train Loss: 0.901 | Train Acc: 65.02  |  Val Loss: 1.504 | Val Acc: 42.31  |  Test Loss: 1.197 | Tes Acc: 51.71
INFO >> Epoch: 29  |  Layer: 13  |  Train Loss: 0.918 | Train Acc: 63.74  |  Val Loss: 1.688 | Val Acc: 39.10  |  Test Loss: 1.547 | Tes Acc: 43.16

INFO >> Epoch: 30  |  Layer:  1  |  Train Loss: 1.172 | Train Acc: 57.14  |  Val Loss: 1.878 | Val Acc: 35.26  |  Test Loss: 1.498 | Tes Acc: 41.88
INFO >> Epoch: 30  |  Layer:  2  |  Train Loss: 0.309 | Train Acc: 91.03  |  Val Loss: 2.300 | Val Acc: 39.10  |  Test Loss: 1.049 | Tes Acc: 63.68
INFO >> Epoch: 30  |  Layer:  3  |  Train Loss: 0.216 | Train Acc: 94.32  |  Val Loss: 1.927 | Val Acc: 45.51  |  Test Loss: 0.853 | Tes Acc: 67.95
INFO >> Epoch: 30  |  Layer:  4  |  Train Loss: 0.139 | Train Acc: 97.07  |  Val Loss: 1.801 | Val Acc: 46.79  |  Test Loss: 0.883 | Tes Acc: 67.09
INFO >> Epoch: 30  |  Layer:  5  |  Train Loss: 0.130 | Train Acc: 96.70  |  Val Loss: 1.934 | Val Acc: 49.36  |  Test Loss: 0.813 | Tes Acc: 70.94
INFO >> Epoch: 30  |  Layer:  6  |  Train Loss: 0.082 | Train Acc: 99.45  |  Val Loss: 1.303 | Val Acc: 60.90  |  Test Loss: 1.085 | Tes Acc: 64.10
INFO >> Epoch: 30  |  Layer:  7  |  Train Loss: 0.121 | Train Acc: 96.89  |  Val Loss: 1.812 | Val Acc: 55.13  |  Test Loss: 1.132 | Tes Acc: 66.24
INFO >> Epoch: 30  |  Layer:  8  |  Train Loss: 0.297 | Train Acc: 89.93  |  Val Loss: 1.782 | Val Acc: 51.28  |  Test Loss: 1.017 | Tes Acc: 65.38
INFO >> Epoch: 30  |  Layer:  9  |  Train Loss: 0.201 | Train Acc: 92.12  |  Val Loss: 1.674 | Val Acc: 50.64  |  Test Loss: 0.963 | Tes Acc: 65.38
INFO >> Epoch: 30  |  Layer: 10  |  Train Loss: 0.166 | Train Acc: 95.79  |  Val Loss: 1.797 | Val Acc: 48.08  |  Test Loss: 0.820 | Tes Acc: 70.09
INFO >> Epoch: 30  |  Layer: 11  |  Train Loss: 0.227 | Train Acc: 92.49  |  Val Loss: 2.363 | Val Acc: 35.90  |  Test Loss: 0.850 | Tes Acc: 66.24
INFO >> Epoch: 30  |  Layer: 12  |  Train Loss: 0.901 | Train Acc: 66.12  |  Val Loss: 1.751 | Val Acc: 32.69  |  Test Loss: 1.308 | Tes Acc: 54.70
INFO >> Epoch: 30  |  Layer: 13  |  Train Loss: 0.979 | Train Acc: 62.45  |  Val Loss: 2.034 | Val Acc: 30.13  |  Test Loss: 1.698 | Tes Acc: 45.73



INFO >> Time Taken: 09:59

INFO >> Layer: 1  |  Best Val Acc: 43.59  |  Best Test Acc: 49.15
INFO >> Layer: 2  |  Best Val Acc: 48.72  |  Best Test Acc: 64.10
INFO >> Layer: 3  |  Best Val Acc: 52.56  |  Best Test Acc: 67.09
INFO >> Layer: 4  |  Best Val Acc: 57.05  |  Best Test Acc: 58.55
INFO >> Layer: 5  |  Best Val Acc: 58.33  |  Best Test Acc: 62.82
INFO >> Layer: 6  |  Best Val Acc: 60.90  |  Best Test Acc: 61.11
INFO >> Layer: 7  |  Best Val Acc: 61.54  |  Best Test Acc: 56.84
INFO >> Layer: 8  |  Best Val Acc: 57.05  |  Best Test Acc: 66.24
INFO >> Layer: 9  |  Best Val Acc: 55.13  |  Best Test Acc: 63.25
INFO >> Layer: 10  |  Best Val Acc: 55.77  |  Best Test Acc: 61.54
INFO >> Layer: 11  |  Best Val Acc: 50.64  |  Best Test Acc: 57.69
INFO >> Layer: 12  |  Best Val Acc: 42.95  |  Best Test Acc: 47.01
INFO >> Layer: 13  |  Best Val Acc: 42.31  |  Best Test Acc: 40.17

DEBUG >> Last state saved

INFO >> History saved (./history/v1.4/CaFE/WAV2VEC2_BASE_PROBING_DENSE/Run3/history.pt)
