
--------------------------------------------------
Multilingual SER System v1.1
--------------------------------------------------
Run Name      : Run5
Model         : HUBERT_BASE
Extract Mode  : memory
Device        : gpu
Dataset       : EMOVO
Epochs        : 20
Num Workers   : 2
Data Dir      : ./data
History Dir   : ./history
Weights Dir   : ./weights
Log Level     : debug
Purge Cache   : False
Job Name      : Job173
Job Id        : 30593696

Timestamp : 2023-02-28 06:12:50.652010

INFO >> Running on CUDA


INFO >> Training Classifier

DEBUG >> Best state saved | Val Acc 32.65306055545807 | Test Acc 20.91836780309677

INFO >> Epoch: 1 |   Train Loss: 1.946 | Train Acc: 11.90 |   Val Loss: 1.943 | Val Acc: 32.65 |   Test Loss: 1.940 | Tes Acc: 20.92
INFO >> Epoch: 2 |   Train Loss: 1.926 | Train Acc: 23.81 |   Val Loss: 1.913 | Val Acc: 31.63 |   Test Loss: 1.918 | Tes Acc: 11.22
DEBUG >> Best state saved | Val Acc 38.77550959587097 | Test Acc 33.16326439380646

INFO >> Epoch: 3 |   Train Loss: 1.857 | Train Acc: 37.41 |   Val Loss: 1.804 | Val Acc: 38.78 |   Test Loss: 1.840 | Tes Acc: 33.16
DEBUG >> Best state saved | Val Acc 41.83673560619354 | Test Acc 33.673468232154846

INFO >> Epoch: 4 |   Train Loss: 1.688 | Train Acc: 35.71 |   Val Loss: 1.631 | Val Acc: 41.84 |   Test Loss: 1.699 | Tes Acc: 33.67
INFO >> Epoch: 5 |   Train Loss: 1.429 | Train Acc: 52.72 |   Val Loss: 1.476 | Val Acc: 40.82 |   Test Loss: 1.655 | Tes Acc: 34.18
DEBUG >> Best state saved | Val Acc 50.0 | Test Acc 36.22449040412903

INFO >> Epoch: 6 |   Train Loss: 1.215 | Train Acc: 57.82 |   Val Loss: 1.418 | Val Acc: 50.00 |   Test Loss: 1.664 | Tes Acc: 36.22
DEBUG >> Best state saved | Val Acc 56.122446060180664 | Test Acc 31.122449040412903

INFO >> Epoch: 7 |   Train Loss: 0.991 | Train Acc: 64.63 |   Val Loss: 1.382 | Val Acc: 56.12 |   Test Loss: 1.734 | Tes Acc: 31.12
INFO >> Epoch: 8 |   Train Loss: 0.873 | Train Acc: 64.29 |   Val Loss: 1.420 | Val Acc: 54.08 |   Test Loss: 1.813 | Tes Acc: 35.71
INFO >> Epoch: 9 |   Train Loss: 0.810 | Train Acc: 71.77 |   Val Loss: 1.680 | Val Acc: 41.84 |   Test Loss: 2.002 | Tes Acc: 33.16
INFO >> Epoch: 10 |   Train Loss: 0.719 | Train Acc: 75.85 |   Val Loss: 1.382 | Val Acc: 48.98 |   Test Loss: 1.972 | Tes Acc: 34.18
INFO >> Epoch: 11 |   Train Loss: 0.606 | Train Acc: 78.91 |   Val Loss: 1.239 | Val Acc: 50.00 |   Test Loss: 2.180 | Tes Acc: 35.20
INFO >> Epoch: 12 |   Train Loss: 0.547 | Train Acc: 81.29 |   Val Loss: 1.717 | Val Acc: 51.02 |   Test Loss: 2.116 | Tes Acc: 33.67
INFO >> Epoch: 13 |   Train Loss: 0.460 | Train Acc: 87.07 |   Val Loss: 1.366 | Val Acc: 53.06 |   Test Loss: 2.084 | Tes Acc: 41.84
INFO >> Epoch: 14 |   Train Loss: 0.405 | Train Acc: 90.82 |   Val Loss: 1.293 | Val Acc: 51.02 |   Test Loss: 2.197 | Tes Acc: 37.24
INFO >> Epoch: 15 |   Train Loss: 0.412 | Train Acc: 83.67 |   Val Loss: 1.558 | Val Acc: 53.06 |   Test Loss: 2.322 | Tes Acc: 33.67
INFO >> Epoch: 16 |   Train Loss: 0.321 | Train Acc: 93.20 |   Val Loss: 1.348 | Val Acc: 52.04 |   Test Loss: 2.190 | Tes Acc: 42.35
INFO >> Epoch: 17 |   Train Loss: 0.257 | Train Acc: 92.86 |   Val Loss: 1.232 | Val Acc: 55.10 |   Test Loss: 2.160 | Tes Acc: 40.31
DEBUG >> Best state saved | Val Acc 57.14285969734192 | Test Acc 35.71428656578064

INFO >> Epoch: 18 |   Train Loss: 0.259 | Train Acc: 92.86 |   Val Loss: 1.330 | Val Acc: 57.14 |   Test Loss: 2.384 | Tes Acc: 35.71
INFO >> Epoch: 19 |   Train Loss: 0.192 | Train Acc: 94.90 |   Val Loss: 1.374 | Val Acc: 55.10 |   Test Loss: 2.414 | Tes Acc: 36.22
INFO >> Epoch: 20 |   Train Loss: 0.184 | Train Acc: 95.92 |   Val Loss: 1.271 | Val Acc: 51.02 |   Test Loss: 2.299 | Tes Acc: 41.33


INFO >> Time Taken: 55:31

INFO >> Best Val Acc : 57.14285969734192 | Best Test A : 35.71428656578064

INFO >> Agg. Weights : 
0.19824974238872528 -0.061715707182884216 0.30606958270072937 0.31905680894851685 0.1932370811700821 -0.39196598529815674 -0.3828068673610687 -0.11211613565683365 0.393472284078598 0.16407287120819092 -0.010666044428944588 0.2516789734363556

DEBUG >> Last state saved | Val Acc 51.02040767669678 | Test Acc 41.326531767845154

INFO >> History saved (./history/v1.1/EMOVO/HUBERT_BASE/Run5/history.pt)
