
--------------------------------------------------
Multilingual SER System v1.1
--------------------------------------------------
Run Name      : Run4
Model         : HUBERT_BASE
Extract Mode  : memory
Device        : gpu
Dataset       : EMOVO
Epochs        : 20
Num Workers   : 2
Data Dir      : ./data
History Dir   : ./history
Weights Dir   : ./weights
Log Level     : debug
Purge Cache   : False
Job Name      : Job137
Job Id        : 30593660

Timestamp : 2023-02-28 02:19:16.264008

INFO >> Running on CUDA


INFO >> Training Classifier

DEBUG >> Best state saved | Val Acc 16.326530277729034 | Test Acc 14.28571492433548

INFO >> Epoch: 1 |   Train Loss: 1.946 | Train Acc: 14.29 |   Val Loss: 1.927 | Val Acc: 16.33 |   Test Loss: 1.935 | Tes Acc: 14.29
DEBUG >> Best state saved | Val Acc 37.755101919174194 | Test Acc 21.93877547979355

INFO >> Epoch: 2 |   Train Loss: 1.915 | Train Acc: 26.53 |   Val Loss: 1.850 | Val Acc: 37.76 |   Test Loss: 1.897 | Tes Acc: 21.94
DEBUG >> Best state saved | Val Acc 39.79591727256775 | Test Acc 33.16326439380646

INFO >> Epoch: 3 |   Train Loss: 1.812 | Train Acc: 40.82 |   Val Loss: 1.655 | Val Acc: 39.80 |   Test Loss: 1.795 | Tes Acc: 33.16
DEBUG >> Best state saved | Val Acc 50.0 | Test Acc 28.57142984867096

INFO >> Epoch: 4 |   Train Loss: 1.602 | Train Acc: 40.82 |   Val Loss: 1.443 | Val Acc: 50.00 |   Test Loss: 1.755 | Tes Acc: 28.57
INFO >> Epoch: 5 |   Train Loss: 1.419 | Train Acc: 49.32 |   Val Loss: 1.269 | Val Acc: 50.00 |   Test Loss: 1.725 | Tes Acc: 27.55
DEBUG >> Best state saved | Val Acc 54.08163070678711 | Test Acc 34.69387888908386

INFO >> Epoch: 6 |   Train Loss: 1.214 | Train Acc: 58.84 |   Val Loss: 1.264 | Val Acc: 54.08 |   Test Loss: 1.765 | Tes Acc: 34.69
DEBUG >> Best state saved | Val Acc 59.183675050735474 | Test Acc 31.122449040412903

INFO >> Epoch: 7 |   Train Loss: 1.085 | Train Acc: 62.93 |   Val Loss: 1.133 | Val Acc: 59.18 |   Test Loss: 1.852 | Tes Acc: 31.12
INFO >> Epoch: 8 |   Train Loss: 0.924 | Train Acc: 67.35 |   Val Loss: 1.212 | Val Acc: 59.18 |   Test Loss: 1.924 | Tes Acc: 35.71
INFO >> Epoch: 9 |   Train Loss: 0.873 | Train Acc: 72.11 |   Val Loss: 1.254 | Val Acc: 56.12 |   Test Loss: 2.021 | Tes Acc: 34.18
INFO >> Epoch: 10 |   Train Loss: 0.831 | Train Acc: 74.49 |   Val Loss: 1.457 | Val Acc: 45.92 |   Test Loss: 2.236 | Tes Acc: 30.10
INFO >> Epoch: 11 |   Train Loss: 0.750 | Train Acc: 73.81 |   Val Loss: 1.718 | Val Acc: 43.88 |   Test Loss: 2.356 | Tes Acc: 32.65
INFO >> Epoch: 12 |   Train Loss: 0.655 | Train Acc: 78.91 |   Val Loss: 1.475 | Val Acc: 51.02 |   Test Loss: 2.154 | Tes Acc: 37.76
INFO >> Epoch: 13 |   Train Loss: 0.594 | Train Acc: 79.59 |   Val Loss: 1.265 | Val Acc: 50.00 |   Test Loss: 2.229 | Tes Acc: 35.71
INFO >> Epoch: 14 |   Train Loss: 0.490 | Train Acc: 85.03 |   Val Loss: 1.491 | Val Acc: 47.96 |   Test Loss: 2.193 | Tes Acc: 40.82
INFO >> Epoch: 15 |   Train Loss: 0.425 | Train Acc: 89.46 |   Val Loss: 1.566 | Val Acc: 51.02 |   Test Loss: 2.219 | Tes Acc: 41.33
INFO >> Epoch: 16 |   Train Loss: 0.377 | Train Acc: 89.12 |   Val Loss: 1.780 | Val Acc: 45.92 |   Test Loss: 2.393 | Tes Acc: 41.33
INFO >> Epoch: 17 |   Train Loss: 0.338 | Train Acc: 90.82 |   Val Loss: 1.571 | Val Acc: 48.98 |   Test Loss: 2.350 | Tes Acc: 41.33
INFO >> Epoch: 18 |   Train Loss: 0.310 | Train Acc: 92.86 |   Val Loss: 1.582 | Val Acc: 45.92 |   Test Loss: 2.357 | Tes Acc: 41.33
INFO >> Epoch: 19 |   Train Loss: 0.269 | Train Acc: 92.18 |   Val Loss: 1.853 | Val Acc: 44.90 |   Test Loss: 2.668 | Tes Acc: 35.71
INFO >> Epoch: 20 |   Train Loss: 0.240 | Train Acc: 93.20 |   Val Loss: 2.092 | Val Acc: 40.82 |   Test Loss: 2.679 | Tes Acc: 42.86


INFO >> Time Taken: 46:59

INFO >> Best Val Acc : 59.183675050735474 | Best Test A : 31.122449040412903

INFO >> Agg. Weights : 
-0.33676519989967346 -0.135495126247406 -0.22654613852500916 -0.03580084443092346 -0.3081435263156891 -0.2326265573501587 -0.07140295207500458 0.23194706439971924 0.41502395272254944 0.1520536094903946 0.05483165755867958 -0.3896957039833069

DEBUG >> Last state saved | Val Acc 40.816327929496765 | Test Acc 42.85714328289032

INFO >> History saved (./history/v1.1/EMOVO/HUBERT_BASE/Run4/history.pt)
