
--------------------------------------------------
Multilingual SER System v1.5
--------------------------------------------------
Run Name      : Run1
Fx Model      : WAV2VEC2_BASE
Clf Model     : CM_PROBING_LINEAR
Extract Mode  : gpu_memory
Dataset       : EMOVO
Device        : gpu
Epochs        : 30
Num Workers   : 3
Data Dir      : ./data
History Dir   : ./history
Weights Dir   : ./weights
Log Level     : debug
Purge Cache   : False
Job Name      : Job19
Job Id        : 31668365
GPU           : Quadro RTX 8000
GPU Count     : 1
GPU Memory    : 44.49 GB

Timestamp : 2023-04-06 01:46:39.853502

INFO >> Running on CUDA


INFO >> Training Classifier

INFO >> Epoch: 1  |  Layer: 01  |  Train Loss: 1.967 | Train Acc: 15.65  |  Val Loss: 2.025 | Val Acc: 19.39  |  Test Loss: 1.969 | Tes Acc: 14.29
INFO >> Epoch: 1  |  Layer: 02  |  Train Loss: 1.966 | Train Acc: 13.27  |  Val Loss: 1.934 | Val Acc: 18.37  |  Test Loss: 1.946 | Tes Acc: 14.29
INFO >> Epoch: 1  |  Layer: 03  |  Train Loss: 1.955 | Train Acc: 13.95  |  Val Loss: 1.951 | Val Acc: 26.53  |  Test Loss: 1.941 | Tes Acc: 19.39
INFO >> Epoch: 1  |  Layer: 04  |  Train Loss: 1.962 | Train Acc: 14.63  |  Val Loss: 1.939 | Val Acc: 16.33  |  Test Loss: 1.941 | Tes Acc: 13.78
INFO >> Epoch: 1  |  Layer: 05  |  Train Loss: 1.953 | Train Acc: 12.93  |  Val Loss: 1.936 | Val Acc: 16.33  |  Test Loss: 1.936 | Tes Acc: 12.76
INFO >> Epoch: 1  |  Layer: 06  |  Train Loss: 1.953 | Train Acc: 12.59  |  Val Loss: 1.933 | Val Acc: 24.49  |  Test Loss: 1.941 | Tes Acc: 17.35
INFO >> Epoch: 1  |  Layer: 07  |  Train Loss: 1.958 | Train Acc: 17.01  |  Val Loss: 1.925 | Val Acc: 16.33  |  Test Loss: 1.947 | Tes Acc: 14.80
INFO >> Epoch: 1  |  Layer: 08  |  Train Loss: 1.955 | Train Acc: 10.20  |  Val Loss: 1.933 | Val Acc: 17.35  |  Test Loss: 1.942 | Tes Acc: 16.33
INFO >> Epoch: 1  |  Layer: 09  |  Train Loss: 1.956 | Train Acc: 11.90  |  Val Loss: 1.925 | Val Acc: 21.43  |  Test Loss: 1.940 | Tes Acc: 15.31
INFO >> Epoch: 1  |  Layer: 10  |  Train Loss: 1.955 | Train Acc: 12.93  |  Val Loss: 1.919 | Val Acc: 16.33  |  Test Loss: 1.936 | Tes Acc: 14.29
INFO >> Epoch: 1  |  Layer: 11  |  Train Loss: 1.949 | Train Acc: 12.93  |  Val Loss: 1.922 | Val Acc: 15.31  |  Test Loss: 1.939 | Tes Acc: 15.31
INFO >> Epoch: 1  |  Layer: 12  |  Train Loss: 1.949 | Train Acc: 13.61  |  Val Loss: 1.930 | Val Acc: 15.31  |  Test Loss: 1.937 | Tes Acc: 14.29
INFO >> Epoch: 1  |  Layer: 13  |  Train Loss: 1.951 | Train Acc: 12.59  |  Val Loss: 1.930 | Val Acc: 15.31  |  Test Loss: 1.944 | Tes Acc: 14.29

INFO >> Epoch: 2  |  Layer: 01  |  Train Loss: 1.939 | Train Acc: 15.99  |  Val Loss: 1.932 | Val Acc: 22.45  |  Test Loss: 1.906 | Tes Acc: 22.96
INFO >> Epoch: 2  |  Layer: 02  |  Train Loss: 1.928 | Train Acc: 13.61  |  Val Loss: 1.935 | Val Acc: 21.43  |  Test Loss: 1.940 | Tes Acc: 16.33
INFO >> Epoch: 2  |  Layer: 03  |  Train Loss: 1.924 | Train Acc: 15.65  |  Val Loss: 1.957 | Val Acc: 18.37  |  Test Loss: 1.939 | Tes Acc: 15.31
INFO >> Epoch: 2  |  Layer: 04  |  Train Loss: 1.923 | Train Acc: 15.99  |  Val Loss: 1.936 | Val Acc: 19.39  |  Test Loss: 1.935 | Tes Acc: 12.24
INFO >> Epoch: 2  |  Layer: 05  |  Train Loss: 1.917 | Train Acc: 17.69  |  Val Loss: 1.945 | Val Acc: 18.37  |  Test Loss: 1.934 | Tes Acc: 12.24
INFO >> Epoch: 2  |  Layer: 06  |  Train Loss: 1.924 | Train Acc: 22.79  |  Val Loss: 1.939 | Val Acc: 21.43  |  Test Loss: 1.937 | Tes Acc: 14.80
INFO >> Epoch: 2  |  Layer: 07  |  Train Loss: 1.921 | Train Acc: 19.73  |  Val Loss: 1.918 | Val Acc: 19.39  |  Test Loss: 1.937 | Tes Acc: 11.22
INFO >> Epoch: 2  |  Layer: 08  |  Train Loss: 1.912 | Train Acc: 23.47  |  Val Loss: 1.943 | Val Acc: 18.37  |  Test Loss: 1.933 | Tes Acc: 15.31
INFO >> Epoch: 2  |  Layer: 09  |  Train Loss: 1.921 | Train Acc: 23.47  |  Val Loss: 1.931 | Val Acc: 17.35  |  Test Loss: 1.935 | Tes Acc: 17.86
INFO >> Epoch: 2  |  Layer: 10  |  Train Loss: 1.917 | Train Acc: 23.81  |  Val Loss: 1.931 | Val Acc: 16.33  |  Test Loss: 1.926 | Tes Acc: 15.82
INFO >> Epoch: 2  |  Layer: 11  |  Train Loss: 1.911 | Train Acc: 23.13  |  Val Loss: 1.931 | Val Acc: 27.55  |  Test Loss: 1.930 | Tes Acc: 14.29
INFO >> Epoch: 2  |  Layer: 12  |  Train Loss: 1.919 | Train Acc: 21.77  |  Val Loss: 1.938 | Val Acc: 32.65  |  Test Loss: 1.928 | Tes Acc: 12.76
INFO >> Epoch: 2  |  Layer: 13  |  Train Loss: 1.920 | Train Acc: 24.83  |  Val Loss: 1.941 | Val Acc: 23.47  |  Test Loss: 1.936 | Tes Acc: 16.33

INFO >> Epoch: 3  |  Layer: 01  |  Train Loss: 1.872 | Train Acc: 24.15  |  Val Loss: 1.862 | Val Acc: 27.55  |  Test Loss: 1.912 | Tes Acc: 23.98
INFO >> Epoch: 3  |  Layer: 02  |  Train Loss: 1.904 | Train Acc: 21.43  |  Val Loss: 1.915 | Val Acc: 19.39  |  Test Loss: 1.933 | Tes Acc: 16.84
INFO >> Epoch: 3  |  Layer: 03  |  Train Loss: 1.894 | Train Acc: 21.77  |  Val Loss: 1.924 | Val Acc: 23.47  |  Test Loss: 1.921 | Tes Acc: 19.90
INFO >> Epoch: 3  |  Layer: 04  |  Train Loss: 1.907 | Train Acc: 24.83  |  Val Loss: 1.917 | Val Acc: 25.51  |  Test Loss: 1.927 | Tes Acc: 20.41
INFO >> Epoch: 3  |  Layer: 05  |  Train Loss: 1.898 | Train Acc: 23.47  |  Val Loss: 1.923 | Val Acc: 22.45  |  Test Loss: 1.926 | Tes Acc: 17.86
INFO >> Epoch: 3  |  Layer: 06  |  Train Loss: 1.905 | Train Acc: 25.51  |  Val Loss: 1.931 | Val Acc: 24.49  |  Test Loss: 1.933 | Tes Acc: 15.31
INFO >> Epoch: 3  |  Layer: 07  |  Train Loss: 1.904 | Train Acc: 27.55  |  Val Loss: 1.907 | Val Acc: 21.43  |  Test Loss: 1.932 | Tes Acc: 18.88
INFO >> Epoch: 3  |  Layer: 08  |  Train Loss: 1.895 | Train Acc: 29.59  |  Val Loss: 1.923 | Val Acc: 29.59  |  Test Loss: 1.926 | Tes Acc: 19.39
INFO >> Epoch: 3  |  Layer: 09  |  Train Loss: 1.906 | Train Acc: 24.49  |  Val Loss: 1.924 | Val Acc: 27.55  |  Test Loss: 1.927 | Tes Acc: 20.41
INFO >> Epoch: 3  |  Layer: 10  |  Train Loss: 1.899 | Train Acc: 24.15  |  Val Loss: 1.919 | Val Acc: 29.59  |  Test Loss: 1.918 | Tes Acc: 20.92
INFO >> Epoch: 3  |  Layer: 11  |  Train Loss: 1.893 | Train Acc: 32.65  |  Val Loss: 1.924 | Val Acc: 21.43  |  Test Loss: 1.921 | Tes Acc: 22.45
INFO >> Epoch: 3  |  Layer: 12  |  Train Loss: 1.894 | Train Acc: 29.59  |  Val Loss: 1.933 | Val Acc: 20.41  |  Test Loss: 1.921 | Tes Acc: 18.37
INFO >> Epoch: 3  |  Layer: 13  |  Train Loss: 1.907 | Train Acc: 29.59  |  Val Loss: 1.945 | Val Acc: 22.45  |  Test Loss: 1.933 | Tes Acc: 20.41

INFO >> Epoch: 4  |  Layer: 01  |  Train Loss: 1.877 | Train Acc: 20.07  |  Val Loss: 1.895 | Val Acc: 22.45  |  Test Loss: 1.885 | Tes Acc: 17.35
INFO >> Epoch: 4  |  Layer: 02  |  Train Loss: 1.899 | Train Acc: 24.15  |  Val Loss: 1.883 | Val Acc: 22.45  |  Test Loss: 1.939 | Tes Acc: 18.88
INFO >> Epoch: 4  |  Layer: 03  |  Train Loss: 1.894 | Train Acc: 25.17  |  Val Loss: 1.896 | Val Acc: 27.55  |  Test Loss: 1.916 | Tes Acc: 20.92
INFO >> Epoch: 4  |  Layer: 04  |  Train Loss: 1.899 | Train Acc: 25.17  |  Val Loss: 1.902 | Val Acc: 24.49  |  Test Loss: 1.924 | Tes Acc: 18.37
INFO >> Epoch: 4  |  Layer: 05  |  Train Loss: 1.894 | Train Acc: 26.19  |  Val Loss: 1.895 | Val Acc: 27.55  |  Test Loss: 1.925 | Tes Acc: 21.43
INFO >> Epoch: 4  |  Layer: 06  |  Train Loss: 1.903 | Train Acc: 25.51  |  Val Loss: 1.920 | Val Acc: 24.49  |  Test Loss: 1.928 | Tes Acc: 14.80
INFO >> Epoch: 4  |  Layer: 07  |  Train Loss: 1.899 | Train Acc: 23.81  |  Val Loss: 1.893 | Val Acc: 23.47  |  Test Loss: 1.925 | Tes Acc: 20.92
INFO >> Epoch: 4  |  Layer: 08  |  Train Loss: 1.887 | Train Acc: 31.63  |  Val Loss: 1.888 | Val Acc: 35.71  |  Test Loss: 1.917 | Tes Acc: 25.00
INFO >> Epoch: 4  |  Layer: 09  |  Train Loss: 1.899 | Train Acc: 27.89  |  Val Loss: 1.903 | Val Acc: 32.65  |  Test Loss: 1.921 | Tes Acc: 26.53
INFO >> Epoch: 4  |  Layer: 10  |  Train Loss: 1.885 | Train Acc: 32.99  |  Val Loss: 1.897 | Val Acc: 28.57  |  Test Loss: 1.906 | Tes Acc: 25.51
INFO >> Epoch: 4  |  Layer: 11  |  Train Loss: 1.880 | Train Acc: 34.01  |  Val Loss: 1.899 | Val Acc: 28.57  |  Test Loss: 1.911 | Tes Acc: 25.51
INFO >> Epoch: 4  |  Layer: 12  |  Train Loss: 1.890 | Train Acc: 31.97  |  Val Loss: 1.923 | Val Acc: 20.41  |  Test Loss: 1.912 | Tes Acc: 19.39
INFO >> Epoch: 4  |  Layer: 13  |  Train Loss: 1.901 | Train Acc: 30.27  |  Val Loss: 1.930 | Val Acc: 20.41  |  Test Loss: 1.925 | Tes Acc: 18.88

INFO >> Epoch: 5  |  Layer: 01  |  Train Loss: 1.809 | Train Acc: 27.21  |  Val Loss: 1.803 | Val Acc: 31.63  |  Test Loss: 1.868 | Tes Acc: 21.94
INFO >> Epoch: 5  |  Layer: 02  |  Train Loss: 1.851 | Train Acc: 25.85  |  Val Loss: 1.856 | Val Acc: 27.55  |  Test Loss: 1.915 | Tes Acc: 20.41
INFO >> Epoch: 5  |  Layer: 03  |  Train Loss: 1.843 | Train Acc: 26.53  |  Val Loss: 1.840 | Val Acc: 29.59  |  Test Loss: 1.900 | Tes Acc: 25.00
INFO >> Epoch: 5  |  Layer: 04  |  Train Loss: 1.856 | Train Acc: 33.67  |  Val Loss: 1.854 | Val Acc: 27.55  |  Test Loss: 1.914 | Tes Acc: 21.94
INFO >> Epoch: 5  |  Layer: 05  |  Train Loss: 1.847 | Train Acc: 33.67  |  Val Loss: 1.849 | Val Acc: 28.57  |  Test Loss: 1.913 | Tes Acc: 23.47
INFO >> Epoch: 5  |  Layer: 06  |  Train Loss: 1.862 | Train Acc: 30.61  |  Val Loss: 1.884 | Val Acc: 27.55  |  Test Loss: 1.914 | Tes Acc: 20.41
INFO >> Epoch: 5  |  Layer: 07  |  Train Loss: 1.860 | Train Acc: 36.73  |  Val Loss: 1.853 | Val Acc: 33.67  |  Test Loss: 1.915 | Tes Acc: 27.04
INFO >> Epoch: 5  |  Layer: 08  |  Train Loss: 1.836 | Train Acc: 37.76  |  Val Loss: 1.839 | Val Acc: 36.73  |  Test Loss: 1.901 | Tes Acc: 33.16
INFO >> Epoch: 5  |  Layer: 09  |  Train Loss: 1.855 | Train Acc: 41.84  |  Val Loss: 1.867 | Val Acc: 30.61  |  Test Loss: 1.908 | Tes Acc: 26.53
INFO >> Epoch: 5  |  Layer: 10  |  Train Loss: 1.841 | Train Acc: 39.46  |  Val Loss: 1.855 | Val Acc: 26.53  |  Test Loss: 1.893 | Tes Acc: 28.57
INFO >> Epoch: 5  |  Layer: 11  |  Train Loss: 1.834 | Train Acc: 43.20  |  Val Loss: 1.850 | Val Acc: 24.49  |  Test Loss: 1.895 | Tes Acc: 24.49
INFO >> Epoch: 5  |  Layer: 12  |  Train Loss: 1.843 | Train Acc: 41.50  |  Val Loss: 1.878 | Val Acc: 26.53  |  Test Loss: 1.898 | Tes Acc: 27.04
INFO >> Epoch: 5  |  Layer: 13  |  Train Loss: 1.863 | Train Acc: 38.44  |  Val Loss: 1.894 | Val Acc: 27.55  |  Test Loss: 1.913 | Tes Acc: 21.94

INFO >> Epoch: 6  |  Layer: 01  |  Train Loss: 1.770 | Train Acc: 30.61  |  Val Loss: 1.804 | Val Acc: 30.61  |  Test Loss: 1.857 | Tes Acc: 20.41
INFO >> Epoch: 6  |  Layer: 02  |  Train Loss: 1.835 | Train Acc: 28.57  |  Val Loss: 1.842 | Val Acc: 35.71  |  Test Loss: 1.904 | Tes Acc: 21.94
INFO >> Epoch: 6  |  Layer: 03  |  Train Loss: 1.821 | Train Acc: 31.97  |  Val Loss: 1.835 | Val Acc: 32.65  |  Test Loss: 1.883 | Tes Acc: 19.90
INFO >> Epoch: 6  |  Layer: 04  |  Train Loss: 1.834 | Train Acc: 31.63  |  Val Loss: 1.843 | Val Acc: 35.71  |  Test Loss: 1.896 | Tes Acc: 22.45
INFO >> Epoch: 6  |  Layer: 05  |  Train Loss: 1.824 | Train Acc: 32.31  |  Val Loss: 1.837 | Val Acc: 33.67  |  Test Loss: 1.895 | Tes Acc: 21.94
INFO >> Epoch: 6  |  Layer: 06  |  Train Loss: 1.839 | Train Acc: 32.99  |  Val Loss: 1.869 | Val Acc: 26.53  |  Test Loss: 1.901 | Tes Acc: 20.92
INFO >> Epoch: 6  |  Layer: 07  |  Train Loss: 1.837 | Train Acc: 35.03  |  Val Loss: 1.852 | Val Acc: 33.67  |  Test Loss: 1.899 | Tes Acc: 18.88
INFO >> Epoch: 6  |  Layer: 08  |  Train Loss: 1.805 | Train Acc: 36.73  |  Val Loss: 1.823 | Val Acc: 24.49  |  Test Loss: 1.880 | Tes Acc: 23.98
INFO >> Epoch: 6  |  Layer: 09  |  Train Loss: 1.833 | Train Acc: 34.35  |  Val Loss: 1.852 | Val Acc: 20.41  |  Test Loss: 1.892 | Tes Acc: 25.51
INFO >> Epoch: 6  |  Layer: 10  |  Train Loss: 1.808 | Train Acc: 38.78  |  Val Loss: 1.844 | Val Acc: 20.41  |  Test Loss: 1.875 | Tes Acc: 24.49
INFO >> Epoch: 6  |  Layer: 11  |  Train Loss: 1.805 | Train Acc: 40.82  |  Val Loss: 1.835 | Val Acc: 20.41  |  Test Loss: 1.874 | Tes Acc: 24.49
INFO >> Epoch: 6  |  Layer: 12  |  Train Loss: 1.812 | Train Acc: 38.44  |  Val Loss: 1.866 | Val Acc: 18.37  |  Test Loss: 1.881 | Tes Acc: 20.41
INFO >> Epoch: 6  |  Layer: 13  |  Train Loss: 1.844 | Train Acc: 37.76  |  Val Loss: 1.881 | Val Acc: 18.37  |  Test Loss: 1.900 | Tes Acc: 23.98

INFO >> Epoch: 7  |  Layer: 01  |  Train Loss: 1.763 | Train Acc: 24.83  |  Val Loss: 1.759 | Val Acc: 34.69  |  Test Loss: 1.826 | Tes Acc: 25.00
INFO >> Epoch: 7  |  Layer: 02  |  Train Loss: 1.812 | Train Acc: 28.23  |  Val Loss: 1.840 | Val Acc: 26.53  |  Test Loss: 1.904 | Tes Acc: 20.92
INFO >> Epoch: 7  |  Layer: 03  |  Train Loss: 1.794 | Train Acc: 26.19  |  Val Loss: 1.824 | Val Acc: 27.55  |  Test Loss: 1.878 | Tes Acc: 22.45
INFO >> Epoch: 7  |  Layer: 04  |  Train Loss: 1.811 | Train Acc: 26.87  |  Val Loss: 1.825 | Val Acc: 31.63  |  Test Loss: 1.892 | Tes Acc: 25.00
INFO >> Epoch: 7  |  Layer: 05  |  Train Loss: 1.798 | Train Acc: 32.31  |  Val Loss: 1.827 | Val Acc: 28.57  |  Test Loss: 1.888 | Tes Acc: 22.96
INFO >> Epoch: 7  |  Layer: 06  |  Train Loss: 1.811 | Train Acc: 37.76  |  Val Loss: 1.864 | Val Acc: 36.73  |  Test Loss: 1.893 | Tes Acc: 25.51
INFO >> Epoch: 7  |  Layer: 07  |  Train Loss: 1.806 | Train Acc: 32.65  |  Val Loss: 1.840 | Val Acc: 24.49  |  Test Loss: 1.890 | Tes Acc: 28.06
INFO >> Epoch: 7  |  Layer: 08  |  Train Loss: 1.767 | Train Acc: 43.54  |  Val Loss: 1.792 | Val Acc: 31.63  |  Test Loss: 1.869 | Tes Acc: 31.12
INFO >> Epoch: 7  |  Layer: 09  |  Train Loss: 1.796 | Train Acc: 42.52  |  Val Loss: 1.831 | Val Acc: 31.63  |  Test Loss: 1.878 | Tes Acc: 30.10
INFO >> Epoch: 7  |  Layer: 10  |  Train Loss: 1.770 | Train Acc: 38.78  |  Val Loss: 1.826 | Val Acc: 28.57  |  Test Loss: 1.854 | Tes Acc: 27.55
INFO >> Epoch: 7  |  Layer: 11  |  Train Loss: 1.761 | Train Acc: 43.88  |  Val Loss: 1.809 | Val Acc: 24.49  |  Test Loss: 1.855 | Tes Acc: 31.63
INFO >> Epoch: 7  |  Layer: 12  |  Train Loss: 1.774 | Train Acc: 40.48  |  Val Loss: 1.847 | Val Acc: 21.43  |  Test Loss: 1.864 | Tes Acc: 26.53
INFO >> Epoch: 7  |  Layer: 13  |  Train Loss: 1.807 | Train Acc: 42.52  |  Val Loss: 1.863 | Val Acc: 26.53  |  Test Loss: 1.882 | Tes Acc: 25.51

INFO >> Epoch: 8  |  Layer: 01  |  Train Loss: 1.780 | Train Acc: 32.31  |  Val Loss: 1.787 | Val Acc: 24.49  |  Test Loss: 1.911 | Tes Acc: 21.43
INFO >> Epoch: 8  |  Layer: 02  |  Train Loss: 1.819 | Train Acc: 29.93  |  Val Loss: 1.815 | Val Acc: 35.71  |  Test Loss: 1.901 | Tes Acc: 23.47
INFO >> Epoch: 8  |  Layer: 03  |  Train Loss: 1.798 | Train Acc: 26.53  |  Val Loss: 1.811 | Val Acc: 28.57  |  Test Loss: 1.853 | Tes Acc: 21.94
INFO >> Epoch: 8  |  Layer: 04  |  Train Loss: 1.809 | Train Acc: 31.63  |  Val Loss: 1.809 | Val Acc: 34.69  |  Test Loss: 1.867 | Tes Acc: 21.94
INFO >> Epoch: 8  |  Layer: 05  |  Train Loss: 1.795 | Train Acc: 34.69  |  Val Loss: 1.799 | Val Acc: 34.69  |  Test Loss: 1.866 | Tes Acc: 23.98
INFO >> Epoch: 8  |  Layer: 06  |  Train Loss: 1.815 | Train Acc: 32.99  |  Val Loss: 1.848 | Val Acc: 31.63  |  Test Loss: 1.868 | Tes Acc: 23.98
INFO >> Epoch: 8  |  Layer: 07  |  Train Loss: 1.800 | Train Acc: 36.39  |  Val Loss: 1.812 | Val Acc: 24.49  |  Test Loss: 1.873 | Tes Acc: 25.51
INFO >> Epoch: 8  |  Layer: 08  |  Train Loss: 1.757 | Train Acc: 38.10  |  Val Loss: 1.769 | Val Acc: 28.57  |  Test Loss: 1.844 | Tes Acc: 27.04
INFO >> Epoch: 8  |  Layer: 09  |  Train Loss: 1.797 | Train Acc: 36.73  |  Val Loss: 1.821 | Val Acc: 25.51  |  Test Loss: 1.851 | Tes Acc: 26.02
INFO >> Epoch: 8  |  Layer: 10  |  Train Loss: 1.764 | Train Acc: 36.73  |  Val Loss: 1.816 | Val Acc: 20.41  |  Test Loss: 1.827 | Tes Acc: 25.51
INFO >> Epoch: 8  |  Layer: 11  |  Train Loss: 1.748 | Train Acc: 40.48  |  Val Loss: 1.794 | Val Acc: 23.47  |  Test Loss: 1.828 | Tes Acc: 25.51
INFO >> Epoch: 8  |  Layer: 12  |  Train Loss: 1.759 | Train Acc: 41.16  |  Val Loss: 1.833 | Val Acc: 20.41  |  Test Loss: 1.843 | Tes Acc: 23.98
INFO >> Epoch: 8  |  Layer: 13  |  Train Loss: 1.796 | Train Acc: 40.48  |  Val Loss: 1.857 | Val Acc: 23.47  |  Test Loss: 1.861 | Tes Acc: 25.00

INFO >> Epoch: 9  |  Layer: 01  |  Train Loss: 1.765 | Train Acc: 27.21  |  Val Loss: 1.760 | Val Acc: 30.61  |  Test Loss: 1.834 | Tes Acc: 20.41
INFO >> Epoch: 9  |  Layer: 02  |  Train Loss: 1.774 | Train Acc: 30.95  |  Val Loss: 1.766 | Val Acc: 27.55  |  Test Loss: 1.883 | Tes Acc: 23.47
INFO >> Epoch: 9  |  Layer: 03  |  Train Loss: 1.751 | Train Acc: 34.01  |  Val Loss: 1.757 | Val Acc: 35.71  |  Test Loss: 1.866 | Tes Acc: 25.00
INFO >> Epoch: 9  |  Layer: 04  |  Train Loss: 1.761 | Train Acc: 33.67  |  Val Loss: 1.743 | Val Acc: 37.76  |  Test Loss: 1.877 | Tes Acc: 27.04
INFO >> Epoch: 9  |  Layer: 05  |  Train Loss: 1.746 | Train Acc: 37.07  |  Val Loss: 1.736 | Val Acc: 39.80  |  Test Loss: 1.867 | Tes Acc: 29.08
INFO >> Epoch: 9  |  Layer: 06  |  Train Loss: 1.761 | Train Acc: 39.46  |  Val Loss: 1.787 | Val Acc: 31.63  |  Test Loss: 1.877 | Tes Acc: 22.45
INFO >> Epoch: 9  |  Layer: 07  |  Train Loss: 1.750 | Train Acc: 37.76  |  Val Loss: 1.763 | Val Acc: 37.76  |  Test Loss: 1.867 | Tes Acc: 29.08
INFO >> Epoch: 9  |  Layer: 08  |  Train Loss: 1.690 | Train Acc: 42.86  |  Val Loss: 1.689 | Val Acc: 32.65  |  Test Loss: 1.840 | Tes Acc: 28.06
INFO >> Epoch: 9  |  Layer: 09  |  Train Loss: 1.728 | Train Acc: 41.16  |  Val Loss: 1.743 | Val Acc: 26.53  |  Test Loss: 1.852 | Tes Acc: 29.08
INFO >> Epoch: 9  |  Layer: 10  |  Train Loss: 1.695 | Train Acc: 43.88  |  Val Loss: 1.731 | Val Acc: 25.51  |  Test Loss: 1.830 | Tes Acc: 23.98
INFO >> Epoch: 9  |  Layer: 11  |  Train Loss: 1.687 | Train Acc: 42.52  |  Val Loss: 1.711 | Val Acc: 27.55  |  Test Loss: 1.825 | Tes Acc: 29.08
INFO >> Epoch: 9  |  Layer: 12  |  Train Loss: 1.703 | Train Acc: 42.86  |  Val Loss: 1.767 | Val Acc: 27.55  |  Test Loss: 1.835 | Tes Acc: 27.04
INFO >> Epoch: 9  |  Layer: 13  |  Train Loss: 1.741 | Train Acc: 39.12  |  Val Loss: 1.807 | Val Acc: 24.49  |  Test Loss: 1.854 | Tes Acc: 23.98

INFO >> Epoch: 10  |  Layer: 01  |  Train Loss: 1.704 | Train Acc: 31.97  |  Val Loss: 1.747 | Val Acc: 33.67  |  Test Loss: 1.831 | Tes Acc: 20.41
INFO >> Epoch: 10  |  Layer: 02  |  Train Loss: 1.741 | Train Acc: 35.37  |  Val Loss: 1.769 | Val Acc: 30.61  |  Test Loss: 1.872 | Tes Acc: 20.92
INFO >> Epoch: 10  |  Layer: 03  |  Train Loss: 1.724 | Train Acc: 33.33  |  Val Loss: 1.764 | Val Acc: 28.57  |  Test Loss: 1.840 | Tes Acc: 17.86
INFO >> Epoch: 10  |  Layer: 04  |  Train Loss: 1.720 | Train Acc: 37.76  |  Val Loss: 1.743 | Val Acc: 32.65  |  Test Loss: 1.854 | Tes Acc: 21.43
INFO >> Epoch: 10  |  Layer: 05  |  Train Loss: 1.704 | Train Acc: 36.39  |  Val Loss: 1.727 | Val Acc: 34.69  |  Test Loss: 1.843 | Tes Acc: 23.98
INFO >> Epoch: 10  |  Layer: 06  |  Train Loss: 1.724 | Train Acc: 41.16  |  Val Loss: 1.762 | Val Acc: 35.71  |  Test Loss: 1.854 | Tes Acc: 23.98
INFO >> Epoch: 10  |  Layer: 07  |  Train Loss: 1.704 | Train Acc: 44.22  |  Val Loss: 1.742 | Val Acc: 40.82  |  Test Loss: 1.852 | Tes Acc: 27.04
INFO >> Epoch: 10  |  Layer: 08  |  Train Loss: 1.642 | Train Acc: 47.28  |  Val Loss: 1.660 | Val Acc: 38.78  |  Test Loss: 1.814 | Tes Acc: 28.57
INFO >> Epoch: 10  |  Layer: 09  |  Train Loss: 1.686 | Train Acc: 45.92  |  Val Loss: 1.700 | Val Acc: 36.73  |  Test Loss: 1.822 | Tes Acc: 29.08
INFO >> Epoch: 10  |  Layer: 10  |  Train Loss: 1.649 | Train Acc: 44.22  |  Val Loss: 1.698 | Val Acc: 33.67  |  Test Loss: 1.798 | Tes Acc: 28.57
INFO >> Epoch: 10  |  Layer: 11  |  Train Loss: 1.636 | Train Acc: 47.28  |  Val Loss: 1.682 | Val Acc: 31.63  |  Test Loss: 1.799 | Tes Acc: 31.63
INFO >> Epoch: 10  |  Layer: 12  |  Train Loss: 1.655 | Train Acc: 44.22  |  Val Loss: 1.719 | Val Acc: 31.63  |  Test Loss: 1.812 | Tes Acc: 26.02
INFO >> Epoch: 10  |  Layer: 13  |  Train Loss: 1.705 | Train Acc: 43.20  |  Val Loss: 1.754 | Val Acc: 29.59  |  Test Loss: 1.831 | Tes Acc: 21.94

INFO >> Epoch: 11  |  Layer: 01  |  Train Loss: 1.718 | Train Acc: 27.55  |  Val Loss: 1.730 | Val Acc: 30.61  |  Test Loss: 1.824 | Tes Acc: 19.39
INFO >> Epoch: 11  |  Layer: 02  |  Train Loss: 1.741 | Train Acc: 29.25  |  Val Loss: 1.761 | Val Acc: 32.65  |  Test Loss: 1.872 | Tes Acc: 19.39
INFO >> Epoch: 11  |  Layer: 03  |  Train Loss: 1.724 | Train Acc: 28.57  |  Val Loss: 1.761 | Val Acc: 27.55  |  Test Loss: 1.835 | Tes Acc: 16.84
INFO >> Epoch: 11  |  Layer: 04  |  Train Loss: 1.715 | Train Acc: 31.97  |  Val Loss: 1.713 | Val Acc: 41.84  |  Test Loss: 1.849 | Tes Acc: 26.02
INFO >> Epoch: 11  |  Layer: 05  |  Train Loss: 1.688 | Train Acc: 38.78  |  Val Loss: 1.699 | Val Acc: 38.78  |  Test Loss: 1.837 | Tes Acc: 30.61
INFO >> Epoch: 11  |  Layer: 06  |  Train Loss: 1.708 | Train Acc: 39.12  |  Val Loss: 1.739 | Val Acc: 36.73  |  Test Loss: 1.836 | Tes Acc: 27.55
INFO >> Epoch: 11  |  Layer: 07  |  Train Loss: 1.682 | Train Acc: 43.54  |  Val Loss: 1.710 | Val Acc: 33.67  |  Test Loss: 1.842 | Tes Acc: 33.16
INFO >> Epoch: 11  |  Layer: 08  |  Train Loss: 1.612 | Train Acc: 47.62  |  Val Loss: 1.643 | Val Acc: 31.63  |  Test Loss: 1.802 | Tes Acc: 33.67
INFO >> Epoch: 11  |  Layer: 09  |  Train Loss: 1.655 | Train Acc: 45.92  |  Val Loss: 1.694 | Val Acc: 22.45  |  Test Loss: 1.805 | Tes Acc: 31.12
INFO >> Epoch: 11  |  Layer: 10  |  Train Loss: 1.612 | Train Acc: 49.32  |  Val Loss: 1.697 | Val Acc: 21.43  |  Test Loss: 1.782 | Tes Acc: 30.61
INFO >> Epoch: 11  |  Layer: 11  |  Train Loss: 1.600 | Train Acc: 50.68  |  Val Loss: 1.680 | Val Acc: 26.53  |  Test Loss: 1.782 | Tes Acc: 32.14
INFO >> Epoch: 11  |  Layer: 12  |  Train Loss: 1.618 | Train Acc: 48.64  |  Val Loss: 1.726 | Val Acc: 26.53  |  Test Loss: 1.799 | Tes Acc: 32.65
INFO >> Epoch: 11  |  Layer: 13  |  Train Loss: 1.666 | Train Acc: 45.92  |  Val Loss: 1.758 | Val Acc: 28.57  |  Test Loss: 1.811 | Tes Acc: 31.12

INFO >> Epoch: 12  |  Layer: 01  |  Train Loss: 1.651 | Train Acc: 35.37  |  Val Loss: 1.709 | Val Acc: 21.43  |  Test Loss: 1.871 | Tes Acc: 19.39
INFO >> Epoch: 12  |  Layer: 02  |  Train Loss: 1.652 | Train Acc: 36.05  |  Val Loss: 1.711 | Val Acc: 22.45  |  Test Loss: 1.896 | Tes Acc: 22.45
INFO >> Epoch: 12  |  Layer: 03  |  Train Loss: 1.650 | Train Acc: 36.05  |  Val Loss: 1.710 | Val Acc: 24.49  |  Test Loss: 1.854 | Tes Acc: 24.49
INFO >> Epoch: 12  |  Layer: 04  |  Train Loss: 1.631 | Train Acc: 37.76  |  Val Loss: 1.674 | Val Acc: 24.49  |  Test Loss: 1.866 | Tes Acc: 24.49
INFO >> Epoch: 12  |  Layer: 05  |  Train Loss: 1.601 | Train Acc: 42.86  |  Val Loss: 1.657 | Val Acc: 21.43  |  Test Loss: 1.853 | Tes Acc: 25.00
INFO >> Epoch: 12  |  Layer: 06  |  Train Loss: 1.624 | Train Acc: 43.54  |  Val Loss: 1.694 | Val Acc: 23.47  |  Test Loss: 1.846 | Tes Acc: 25.00
INFO >> Epoch: 12  |  Layer: 07  |  Train Loss: 1.609 | Train Acc: 44.22  |  Val Loss: 1.680 | Val Acc: 29.59  |  Test Loss: 1.839 | Tes Acc: 29.59
INFO >> Epoch: 12  |  Layer: 08  |  Train Loss: 1.524 | Train Acc: 51.02  |  Val Loss: 1.616 | Val Acc: 28.57  |  Test Loss: 1.811 | Tes Acc: 27.04
INFO >> Epoch: 12  |  Layer: 09  |  Train Loss: 1.565 | Train Acc: 50.00  |  Val Loss: 1.648 | Val Acc: 30.61  |  Test Loss: 1.812 | Tes Acc: 30.10
INFO >> Epoch: 12  |  Layer: 10  |  Train Loss: 1.525 | Train Acc: 52.38  |  Val Loss: 1.668 | Val Acc: 26.53  |  Test Loss: 1.790 | Tes Acc: 28.06
INFO >> Epoch: 12  |  Layer: 11  |  Train Loss: 1.513 | Train Acc: 51.36  |  Val Loss: 1.658 | Val Acc: 27.55  |  Test Loss: 1.790 | Tes Acc: 29.59
INFO >> Epoch: 12  |  Layer: 12  |  Train Loss: 1.543 | Train Acc: 49.66  |  Val Loss: 1.720 | Val Acc: 25.51  |  Test Loss: 1.800 | Tes Acc: 30.10
INFO >> Epoch: 12  |  Layer: 13  |  Train Loss: 1.597 | Train Acc: 50.68  |  Val Loss: 1.737 | Val Acc: 25.51  |  Test Loss: 1.805 | Tes Acc: 28.06

INFO >> Epoch: 13  |  Layer: 01  |  Train Loss: 1.686 | Train Acc: 28.23  |  Val Loss: 1.724 | Val Acc: 34.69  |  Test Loss: 1.812 | Tes Acc: 20.92
INFO >> Epoch: 13  |  Layer: 02  |  Train Loss: 1.698 | Train Acc: 27.55  |  Val Loss: 1.708 | Val Acc: 30.61  |  Test Loss: 1.864 | Tes Acc: 25.51
INFO >> Epoch: 13  |  Layer: 03  |  Train Loss: 1.687 | Train Acc: 26.53  |  Val Loss: 1.695 | Val Acc: 31.63  |  Test Loss: 1.852 | Tes Acc: 26.02
INFO >> Epoch: 13  |  Layer: 04  |  Train Loss: 1.656 | Train Acc: 31.63  |  Val Loss: 1.659 | Val Acc: 32.65  |  Test Loss: 1.853 | Tes Acc: 25.51
INFO >> Epoch: 13  |  Layer: 05  |  Train Loss: 1.623 | Train Acc: 35.71  |  Val Loss: 1.631 | Val Acc: 33.67  |  Test Loss: 1.830 | Tes Acc: 26.02
INFO >> Epoch: 13  |  Layer: 06  |  Train Loss: 1.642 | Train Acc: 35.71  |  Val Loss: 1.665 | Val Acc: 38.78  |  Test Loss: 1.828 | Tes Acc: 26.53
INFO >> Epoch: 13  |  Layer: 07  |  Train Loss: 1.600 | Train Acc: 42.52  |  Val Loss: 1.651 | Val Acc: 32.65  |  Test Loss: 1.833 | Tes Acc: 25.00
INFO >> Epoch: 13  |  Layer: 08  |  Train Loss: 1.529 | Train Acc: 43.88  |  Val Loss: 1.582 | Val Acc: 35.71  |  Test Loss: 1.785 | Tes Acc: 30.10
INFO >> Epoch: 13  |  Layer: 09  |  Train Loss: 1.569 | Train Acc: 43.88  |  Val Loss: 1.620 | Val Acc: 28.57  |  Test Loss: 1.794 | Tes Acc: 28.06
INFO >> Epoch: 13  |  Layer: 10  |  Train Loss: 1.527 | Train Acc: 45.92  |  Val Loss: 1.642 | Val Acc: 27.55  |  Test Loss: 1.776 | Tes Acc: 26.53
INFO >> Epoch: 13  |  Layer: 11  |  Train Loss: 1.513 | Train Acc: 44.90  |  Val Loss: 1.633 | Val Acc: 27.55  |  Test Loss: 1.770 | Tes Acc: 29.08
INFO >> Epoch: 13  |  Layer: 12  |  Train Loss: 1.526 | Train Acc: 44.90  |  Val Loss: 1.676 | Val Acc: 27.55  |  Test Loss: 1.792 | Tes Acc: 24.49
INFO >> Epoch: 13  |  Layer: 13  |  Train Loss: 1.576 | Train Acc: 44.90  |  Val Loss: 1.714 | Val Acc: 27.55  |  Test Loss: 1.801 | Tes Acc: 24.49

INFO >> Epoch: 14  |  Layer: 01  |  Train Loss: 1.638 | Train Acc: 34.35  |  Val Loss: 1.697 | Val Acc: 30.61  |  Test Loss: 1.834 | Tes Acc: 23.47
INFO >> Epoch: 14  |  Layer: 02  |  Train Loss: 1.666 | Train Acc: 36.73  |  Val Loss: 1.725 | Val Acc: 33.67  |  Test Loss: 1.874 | Tes Acc: 15.31
INFO >> Epoch: 14  |  Layer: 03  |  Train Loss: 1.680 | Train Acc: 31.29  |  Val Loss: 1.731 | Val Acc: 29.59  |  Test Loss: 1.827 | Tes Acc: 17.86
INFO >> Epoch: 14  |  Layer: 04  |  Train Loss: 1.635 | Train Acc: 39.80  |  Val Loss: 1.661 | Val Acc: 43.88  |  Test Loss: 1.827 | Tes Acc: 28.57
INFO >> Epoch: 14  |  Layer: 05  |  Train Loss: 1.588 | Train Acc: 43.54  |  Val Loss: 1.635 | Val Acc: 40.82  |  Test Loss: 1.804 | Tes Acc: 26.53
INFO >> Epoch: 14  |  Layer: 06  |  Train Loss: 1.612 | Train Acc: 43.88  |  Val Loss: 1.662 | Val Acc: 36.73  |  Test Loss: 1.787 | Tes Acc: 26.53
INFO >> Epoch: 14  |  Layer: 07  |  Train Loss: 1.574 | Train Acc: 48.98  |  Val Loss: 1.639 | Val Acc: 34.69  |  Test Loss: 1.802 | Tes Acc: 28.57
INFO >> Epoch: 14  |  Layer: 08  |  Train Loss: 1.492 | Train Acc: 56.46  |  Val Loss: 1.617 | Val Acc: 27.55  |  Test Loss: 1.773 | Tes Acc: 31.63
INFO >> Epoch: 14  |  Layer: 09  |  Train Loss: 1.542 | Train Acc: 50.34  |  Val Loss: 1.622 | Val Acc: 28.57  |  Test Loss: 1.754 | Tes Acc: 31.63
INFO >> Epoch: 14  |  Layer: 10  |  Train Loss: 1.499 | Train Acc: 54.42  |  Val Loss: 1.663 | Val Acc: 24.49  |  Test Loss: 1.743 | Tes Acc: 31.63
INFO >> Epoch: 14  |  Layer: 11  |  Train Loss: 1.485 | Train Acc: 55.44  |  Val Loss: 1.667 | Val Acc: 26.53  |  Test Loss: 1.748 | Tes Acc: 33.67
INFO >> Epoch: 14  |  Layer: 12  |  Train Loss: 1.508 | Train Acc: 50.34  |  Val Loss: 1.698 | Val Acc: 25.51  |  Test Loss: 1.765 | Tes Acc: 30.61
INFO >> Epoch: 14  |  Layer: 13  |  Train Loss: 1.561 | Train Acc: 51.70  |  Val Loss: 1.707 | Val Acc: 25.51  |  Test Loss: 1.770 | Tes Acc: 28.57

INFO >> Epoch: 15  |  Layer: 01  |  Train Loss: 1.659 | Train Acc: 35.71  |  Val Loss: 1.706 | Val Acc: 37.76  |  Test Loss: 1.811 | Tes Acc: 26.53
INFO >> Epoch: 15  |  Layer: 02  |  Train Loss: 1.661 | Train Acc: 40.82  |  Val Loss: 1.704 | Val Acc: 38.78  |  Test Loss: 1.839 | Tes Acc: 28.06
INFO >> Epoch: 15  |  Layer: 03  |  Train Loss: 1.657 | Train Acc: 36.73  |  Val Loss: 1.721 | Val Acc: 39.80  |  Test Loss: 1.817 | Tes Acc: 26.02
INFO >> Epoch: 15  |  Layer: 04  |  Train Loss: 1.604 | Train Acc: 40.48  |  Val Loss: 1.671 | Val Acc: 43.88  |  Test Loss: 1.819 | Tes Acc: 25.51
INFO >> Epoch: 15  |  Layer: 05  |  Train Loss: 1.554 | Train Acc: 42.52  |  Val Loss: 1.609 | Val Acc: 44.90  |  Test Loss: 1.781 | Tes Acc: 31.12
INFO >> Epoch: 15  |  Layer: 06  |  Train Loss: 1.558 | Train Acc: 41.16  |  Val Loss: 1.635 | Val Acc: 46.94  |  Test Loss: 1.754 | Tes Acc: 26.53
INFO >> Epoch: 15  |  Layer: 07  |  Train Loss: 1.509 | Train Acc: 47.28  |  Val Loss: 1.614 | Val Acc: 40.82  |  Test Loss: 1.769 | Tes Acc: 31.63
INFO >> Epoch: 15  |  Layer: 08  |  Train Loss: 1.439 | Train Acc: 49.32  |  Val Loss: 1.526 | Val Acc: 46.94  |  Test Loss: 1.735 | Tes Acc: 34.18
INFO >> Epoch: 15  |  Layer: 09  |  Train Loss: 1.468 | Train Acc: 44.90  |  Val Loss: 1.576 | Val Acc: 35.71  |  Test Loss: 1.715 | Tes Acc: 33.16
INFO >> Epoch: 15  |  Layer: 10  |  Train Loss: 1.425 | Train Acc: 49.66  |  Val Loss: 1.600 | Val Acc: 33.67  |  Test Loss: 1.700 | Tes Acc: 32.14
INFO >> Epoch: 15  |  Layer: 11  |  Train Loss: 1.414 | Train Acc: 50.00  |  Val Loss: 1.581 | Val Acc: 34.69  |  Test Loss: 1.706 | Tes Acc: 33.67
INFO >> Epoch: 15  |  Layer: 12  |  Train Loss: 1.431 | Train Acc: 49.66  |  Val Loss: 1.671 | Val Acc: 30.61  |  Test Loss: 1.724 | Tes Acc: 31.63
INFO >> Epoch: 15  |  Layer: 13  |  Train Loss: 1.490 | Train Acc: 47.96  |  Val Loss: 1.705 | Val Acc: 32.65  |  Test Loss: 1.738 | Tes Acc: 31.12

INFO >> Epoch: 16  |  Layer: 01  |  Train Loss: 1.669 | Train Acc: 27.89  |  Val Loss: 1.707 | Val Acc: 33.67  |  Test Loss: 1.827 | Tes Acc: 23.98
INFO >> Epoch: 16  |  Layer: 02  |  Train Loss: 1.655 | Train Acc: 31.29  |  Val Loss: 1.701 | Val Acc: 38.78  |  Test Loss: 1.869 | Tes Acc: 25.00
INFO >> Epoch: 16  |  Layer: 03  |  Train Loss: 1.666 | Train Acc: 31.29  |  Val Loss: 1.711 | Val Acc: 24.49  |  Test Loss: 1.826 | Tes Acc: 23.47
INFO >> Epoch: 16  |  Layer: 04  |  Train Loss: 1.595 | Train Acc: 35.37  |  Val Loss: 1.665 | Val Acc: 29.59  |  Test Loss: 1.839 | Tes Acc: 28.57
INFO >> Epoch: 16  |  Layer: 05  |  Train Loss: 1.530 | Train Acc: 38.78  |  Val Loss: 1.627 | Val Acc: 26.53  |  Test Loss: 1.808 | Tes Acc: 26.53
INFO >> Epoch: 16  |  Layer: 06  |  Train Loss: 1.529 | Train Acc: 45.58  |  Val Loss: 1.648 | Val Acc: 28.57  |  Test Loss: 1.770 | Tes Acc: 28.06
INFO >> Epoch: 16  |  Layer: 07  |  Train Loss: 1.471 | Train Acc: 44.56  |  Val Loss: 1.648 | Val Acc: 22.45  |  Test Loss: 1.774 | Tes Acc: 30.61
INFO >> Epoch: 16  |  Layer: 08  |  Train Loss: 1.401 | Train Acc: 49.66  |  Val Loss: 1.667 | Val Acc: 24.49  |  Test Loss: 1.752 | Tes Acc: 30.61
INFO >> Epoch: 16  |  Layer: 09  |  Train Loss: 1.427 | Train Acc: 50.34  |  Val Loss: 1.661 | Val Acc: 23.47  |  Test Loss: 1.725 | Tes Acc: 32.65
INFO >> Epoch: 16  |  Layer: 10  |  Train Loss: 1.386 | Train Acc: 53.74  |  Val Loss: 1.712 | Val Acc: 24.49  |  Test Loss: 1.718 | Tes Acc: 29.59
INFO >> Epoch: 16  |  Layer: 11  |  Train Loss: 1.378 | Train Acc: 49.66  |  Val Loss: 1.741 | Val Acc: 23.47  |  Test Loss: 1.718 | Tes Acc: 31.12
INFO >> Epoch: 16  |  Layer: 12  |  Train Loss: 1.383 | Train Acc: 51.36  |  Val Loss: 1.763 | Val Acc: 21.43  |  Test Loss: 1.731 | Tes Acc: 29.08
INFO >> Epoch: 16  |  Layer: 13  |  Train Loss: 1.444 | Train Acc: 47.96  |  Val Loss: 1.757 | Val Acc: 21.43  |  Test Loss: 1.736 | Tes Acc: 26.53

INFO >> Epoch: 17  |  Layer: 01  |  Train Loss: 1.690 | Train Acc: 29.93  |  Val Loss: 1.801 | Val Acc: 19.39  |  Test Loss: 1.936 | Tes Acc: 23.47
INFO >> Epoch: 17  |  Layer: 02  |  Train Loss: 1.631 | Train Acc: 34.69  |  Val Loss: 1.747 | Val Acc: 22.45  |  Test Loss: 1.934 | Tes Acc: 19.39
INFO >> Epoch: 17  |  Layer: 03  |  Train Loss: 1.613 | Train Acc: 37.07  |  Val Loss: 1.727 | Val Acc: 35.71  |  Test Loss: 1.816 | Tes Acc: 20.41
INFO >> Epoch: 17  |  Layer: 04  |  Train Loss: 1.549 | Train Acc: 41.50  |  Val Loss: 1.660 | Val Acc: 38.78  |  Test Loss: 1.834 | Tes Acc: 28.06
INFO >> Epoch: 17  |  Layer: 05  |  Train Loss: 1.484 | Train Acc: 45.24  |  Val Loss: 1.625 | Val Acc: 39.80  |  Test Loss: 1.801 | Tes Acc: 26.02
INFO >> Epoch: 17  |  Layer: 06  |  Train Loss: 1.483 | Train Acc: 45.58  |  Val Loss: 1.651 | Val Acc: 29.59  |  Test Loss: 1.745 | Tes Acc: 28.06
INFO >> Epoch: 17  |  Layer: 07  |  Train Loss: 1.429 | Train Acc: 50.00  |  Val Loss: 1.631 | Val Acc: 28.57  |  Test Loss: 1.782 | Tes Acc: 24.49
INFO >> Epoch: 17  |  Layer: 08  |  Train Loss: 1.345 | Train Acc: 56.12  |  Val Loss: 1.592 | Val Acc: 28.57  |  Test Loss: 1.730 | Tes Acc: 28.57
INFO >> Epoch: 17  |  Layer: 09  |  Train Loss: 1.377 | Train Acc: 52.04  |  Val Loss: 1.624 | Val Acc: 28.57  |  Test Loss: 1.695 | Tes Acc: 28.57
INFO >> Epoch: 17  |  Layer: 10  |  Train Loss: 1.337 | Train Acc: 54.76  |  Val Loss: 1.662 | Val Acc: 28.57  |  Test Loss: 1.679 | Tes Acc: 29.59
INFO >> Epoch: 17  |  Layer: 11  |  Train Loss: 1.321 | Train Acc: 56.46  |  Val Loss: 1.648 | Val Acc: 28.57  |  Test Loss: 1.688 | Tes Acc: 29.59
INFO >> Epoch: 17  |  Layer: 12  |  Train Loss: 1.347 | Train Acc: 54.76  |  Val Loss: 1.738 | Val Acc: 22.45  |  Test Loss: 1.719 | Tes Acc: 33.16
INFO >> Epoch: 17  |  Layer: 13  |  Train Loss: 1.398 | Train Acc: 52.38  |  Val Loss: 1.741 | Val Acc: 23.47  |  Test Loss: 1.719 | Tes Acc: 27.55

INFO >> Epoch: 18  |  Layer: 01  |  Train Loss: 1.561 | Train Acc: 35.71  |  Val Loss: 1.693 | Val Acc: 36.73  |  Test Loss: 1.803 | Tes Acc: 23.47
INFO >> Epoch: 18  |  Layer: 02  |  Train Loss: 1.540 | Train Acc: 37.07  |  Val Loss: 1.737 | Val Acc: 35.71  |  Test Loss: 1.868 | Tes Acc: 24.49
INFO >> Epoch: 18  |  Layer: 03  |  Train Loss: 1.536 | Train Acc: 39.80  |  Val Loss: 1.699 | Val Acc: 38.78  |  Test Loss: 1.814 | Tes Acc: 27.04
INFO >> Epoch: 18  |  Layer: 04  |  Train Loss: 1.469 | Train Acc: 43.88  |  Val Loss: 1.630 | Val Acc: 44.90  |  Test Loss: 1.823 | Tes Acc: 26.53
INFO >> Epoch: 18  |  Layer: 05  |  Train Loss: 1.407 | Train Acc: 48.64  |  Val Loss: 1.572 | Val Acc: 46.94  |  Test Loss: 1.786 | Tes Acc: 26.53
INFO >> Epoch: 18  |  Layer: 06  |  Train Loss: 1.425 | Train Acc: 50.34  |  Val Loss: 1.598 | Val Acc: 40.82  |  Test Loss: 1.746 | Tes Acc: 29.08
INFO >> Epoch: 18  |  Layer: 07  |  Train Loss: 1.358 | Train Acc: 55.44  |  Val Loss: 1.561 | Val Acc: 35.71  |  Test Loss: 1.766 | Tes Acc: 27.55
INFO >> Epoch: 18  |  Layer: 08  |  Train Loss: 1.281 | Train Acc: 58.16  |  Val Loss: 1.543 | Val Acc: 29.59  |  Test Loss: 1.724 | Tes Acc: 30.61
INFO >> Epoch: 18  |  Layer: 09  |  Train Loss: 1.322 | Train Acc: 58.16  |  Val Loss: 1.585 | Val Acc: 27.55  |  Test Loss: 1.694 | Tes Acc: 31.12
INFO >> Epoch: 18  |  Layer: 10  |  Train Loss: 1.282 | Train Acc: 58.50  |  Val Loss: 1.639 | Val Acc: 26.53  |  Test Loss: 1.684 | Tes Acc: 30.10
INFO >> Epoch: 18  |  Layer: 11  |  Train Loss: 1.269 | Train Acc: 60.54  |  Val Loss: 1.645 | Val Acc: 28.57  |  Test Loss: 1.685 | Tes Acc: 29.08
INFO >> Epoch: 18  |  Layer: 12  |  Train Loss: 1.281 | Train Acc: 60.88  |  Val Loss: 1.676 | Val Acc: 27.55  |  Test Loss: 1.711 | Tes Acc: 30.61
INFO >> Epoch: 18  |  Layer: 13  |  Train Loss: 1.347 | Train Acc: 56.80  |  Val Loss: 1.707 | Val Acc: 26.53  |  Test Loss: 1.713 | Tes Acc: 29.08

INFO >> Epoch: 19  |  Layer: 01  |  Train Loss: 1.532 | Train Acc: 41.16  |  Val Loss: 1.701 | Val Acc: 36.73  |  Test Loss: 1.819 | Tes Acc: 24.49
INFO >> Epoch: 19  |  Layer: 02  |  Train Loss: 1.515 | Train Acc: 41.84  |  Val Loss: 1.677 | Val Acc: 33.67  |  Test Loss: 1.919 | Tes Acc: 24.49
INFO >> Epoch: 19  |  Layer: 03  |  Train Loss: 1.495 | Train Acc: 43.54  |  Val Loss: 1.686 | Val Acc: 36.73  |  Test Loss: 1.830 | Tes Acc: 24.49
INFO >> Epoch: 19  |  Layer: 04  |  Train Loss: 1.429 | Train Acc: 45.92  |  Val Loss: 1.594 | Val Acc: 41.84  |  Test Loss: 1.864 | Tes Acc: 26.02
INFO >> Epoch: 19  |  Layer: 05  |  Train Loss: 1.360 | Train Acc: 50.34  |  Val Loss: 1.539 | Val Acc: 38.78  |  Test Loss: 1.827 | Tes Acc: 27.04
INFO >> Epoch: 19  |  Layer: 06  |  Train Loss: 1.375 | Train Acc: 51.70  |  Val Loss: 1.559 | Val Acc: 40.82  |  Test Loss: 1.762 | Tes Acc: 28.57
INFO >> Epoch: 19  |  Layer: 07  |  Train Loss: 1.320 | Train Acc: 57.48  |  Val Loss: 1.514 | Val Acc: 36.73  |  Test Loss: 1.804 | Tes Acc: 30.10
INFO >> Epoch: 19  |  Layer: 08  |  Train Loss: 1.239 | Train Acc: 65.31  |  Val Loss: 1.462 | Val Acc: 37.76  |  Test Loss: 1.746 | Tes Acc: 29.08
INFO >> Epoch: 19  |  Layer: 09  |  Train Loss: 1.272 | Train Acc: 62.93  |  Val Loss: 1.495 | Val Acc: 33.67  |  Test Loss: 1.695 | Tes Acc: 32.65
INFO >> Epoch: 19  |  Layer: 10  |  Train Loss: 1.237 | Train Acc: 63.95  |  Val Loss: 1.518 | Val Acc: 32.65  |  Test Loss: 1.683 | Tes Acc: 30.61
INFO >> Epoch: 19  |  Layer: 11  |  Train Loss: 1.226 | Train Acc: 64.63  |  Val Loss: 1.516 | Val Acc: 29.59  |  Test Loss: 1.691 | Tes Acc: 32.65
INFO >> Epoch: 19  |  Layer: 12  |  Train Loss: 1.245 | Train Acc: 60.88  |  Val Loss: 1.586 | Val Acc: 28.57  |  Test Loss: 1.731 | Tes Acc: 31.12
INFO >> Epoch: 19  |  Layer: 13  |  Train Loss: 1.307 | Train Acc: 58.84  |  Val Loss: 1.605 | Val Acc: 32.65  |  Test Loss: 1.722 | Tes Acc: 27.04

INFO >> Epoch: 20  |  Layer: 01  |  Train Loss: 1.548 | Train Acc: 37.76  |  Val Loss: 1.690 | Val Acc: 36.73  |  Test Loss: 1.844 | Tes Acc: 22.45
INFO >> Epoch: 20  |  Layer: 02  |  Train Loss: 1.536 | Train Acc: 40.82  |  Val Loss: 1.675 | Val Acc: 37.76  |  Test Loss: 1.939 | Tes Acc: 23.47
INFO >> Epoch: 20  |  Layer: 03  |  Train Loss: 1.528 | Train Acc: 40.48  |  Val Loss: 1.659 | Val Acc: 40.82  |  Test Loss: 1.838 | Tes Acc: 27.04
INFO >> Epoch: 20  |  Layer: 04  |  Train Loss: 1.455 | Train Acc: 44.22  |  Val Loss: 1.577 | Val Acc: 41.84  |  Test Loss: 1.876 | Tes Acc: 25.00
INFO >> Epoch: 20  |  Layer: 05  |  Train Loss: 1.380 | Train Acc: 49.32  |  Val Loss: 1.524 | Val Acc: 45.92  |  Test Loss: 1.840 | Tes Acc: 25.00
INFO >> Epoch: 20  |  Layer: 06  |  Train Loss: 1.393 | Train Acc: 47.62  |  Val Loss: 1.540 | Val Acc: 41.84  |  Test Loss: 1.775 | Tes Acc: 28.57
INFO >> Epoch: 20  |  Layer: 07  |  Train Loss: 1.322 | Train Acc: 58.84  |  Val Loss: 1.505 | Val Acc: 38.78  |  Test Loss: 1.804 | Tes Acc: 28.06
INFO >> Epoch: 20  |  Layer: 08  |  Train Loss: 1.241 | Train Acc: 59.52  |  Val Loss: 1.462 | Val Acc: 36.73  |  Test Loss: 1.763 | Tes Acc: 32.14
INFO >> Epoch: 20  |  Layer: 09  |  Train Loss: 1.267 | Train Acc: 59.18  |  Val Loss: 1.514 | Val Acc: 29.59  |  Test Loss: 1.716 | Tes Acc: 32.65
INFO >> Epoch: 20  |  Layer: 10  |  Train Loss: 1.232 | Train Acc: 60.20  |  Val Loss: 1.562 | Val Acc: 27.55  |  Test Loss: 1.708 | Tes Acc: 30.61
INFO >> Epoch: 20  |  Layer: 11  |  Train Loss: 1.222 | Train Acc: 60.20  |  Val Loss: 1.558 | Val Acc: 28.57  |  Test Loss: 1.710 | Tes Acc: 32.14
INFO >> Epoch: 20  |  Layer: 12  |  Train Loss: 1.233 | Train Acc: 60.88  |  Val Loss: 1.623 | Val Acc: 28.57  |  Test Loss: 1.741 | Tes Acc: 32.65
INFO >> Epoch: 20  |  Layer: 13  |  Train Loss: 1.290 | Train Acc: 59.52  |  Val Loss: 1.674 | Val Acc: 28.57  |  Test Loss: 1.734 | Tes Acc: 31.63

INFO >> Epoch: 21  |  Layer: 01  |  Train Loss: 1.534 | Train Acc: 43.88  |  Val Loss: 1.722 | Val Acc: 33.67  |  Test Loss: 1.830 | Tes Acc: 23.47
INFO >> Epoch: 21  |  Layer: 02  |  Train Loss: 1.519 | Train Acc: 44.56  |  Val Loss: 1.726 | Val Acc: 32.65  |  Test Loss: 1.931 | Tes Acc: 19.90
INFO >> Epoch: 21  |  Layer: 03  |  Train Loss: 1.501 | Train Acc: 41.50  |  Val Loss: 1.673 | Val Acc: 35.71  |  Test Loss: 1.865 | Tes Acc: 23.98
INFO >> Epoch: 21  |  Layer: 04  |  Train Loss: 1.410 | Train Acc: 48.98  |  Val Loss: 1.586 | Val Acc: 39.80  |  Test Loss: 1.891 | Tes Acc: 21.43
INFO >> Epoch: 21  |  Layer: 05  |  Train Loss: 1.321 | Train Acc: 57.82  |  Val Loss: 1.524 | Val Acc: 41.84  |  Test Loss: 1.842 | Tes Acc: 23.98
INFO >> Epoch: 21  |  Layer: 06  |  Train Loss: 1.334 | Train Acc: 56.12  |  Val Loss: 1.529 | Val Acc: 44.90  |  Test Loss: 1.783 | Tes Acc: 26.53
INFO >> Epoch: 21  |  Layer: 07  |  Train Loss: 1.249 | Train Acc: 64.29  |  Val Loss: 1.484 | Val Acc: 40.82  |  Test Loss: 1.815 | Tes Acc: 25.51
INFO >> Epoch: 21  |  Layer: 08  |  Train Loss: 1.170 | Train Acc: 62.59  |  Val Loss: 1.466 | Val Acc: 38.78  |  Test Loss: 1.772 | Tes Acc: 29.59
INFO >> Epoch: 21  |  Layer: 09  |  Train Loss: 1.198 | Train Acc: 62.24  |  Val Loss: 1.473 | Val Acc: 34.69  |  Test Loss: 1.712 | Tes Acc: 31.12
INFO >> Epoch: 21  |  Layer: 10  |  Train Loss: 1.169 | Train Acc: 66.67  |  Val Loss: 1.498 | Val Acc: 32.65  |  Test Loss: 1.702 | Tes Acc: 31.12
INFO >> Epoch: 21  |  Layer: 11  |  Train Loss: 1.149 | Train Acc: 65.99  |  Val Loss: 1.512 | Val Acc: 29.59  |  Test Loss: 1.708 | Tes Acc: 31.63
INFO >> Epoch: 21  |  Layer: 12  |  Train Loss: 1.172 | Train Acc: 67.01  |  Val Loss: 1.545 | Val Acc: 27.55  |  Test Loss: 1.750 | Tes Acc: 31.63
INFO >> Epoch: 21  |  Layer: 13  |  Train Loss: 1.223 | Train Acc: 63.95  |  Val Loss: 1.579 | Val Acc: 34.69  |  Test Loss: 1.739 | Tes Acc: 29.08

INFO >> Epoch: 22  |  Layer: 01  |  Train Loss: 1.578 | Train Acc: 33.33  |  Val Loss: 1.630 | Val Acc: 35.71  |  Test Loss: 1.915 | Tes Acc: 18.88
INFO >> Epoch: 22  |  Layer: 02  |  Train Loss: 1.540 | Train Acc: 36.73  |  Val Loss: 1.647 | Val Acc: 36.73  |  Test Loss: 1.959 | Tes Acc: 22.45
INFO >> Epoch: 22  |  Layer: 03  |  Train Loss: 1.513 | Train Acc: 40.82  |  Val Loss: 1.641 | Val Acc: 34.69  |  Test Loss: 1.866 | Tes Acc: 21.94
INFO >> Epoch: 22  |  Layer: 04  |  Train Loss: 1.432 | Train Acc: 43.88  |  Val Loss: 1.571 | Val Acc: 37.76  |  Test Loss: 1.897 | Tes Acc: 21.94
INFO >> Epoch: 22  |  Layer: 05  |  Train Loss: 1.338 | Train Acc: 50.68  |  Val Loss: 1.521 | Val Acc: 37.76  |  Test Loss: 1.863 | Tes Acc: 26.53
INFO >> Epoch: 22  |  Layer: 06  |  Train Loss: 1.345 | Train Acc: 49.32  |  Val Loss: 1.548 | Val Acc: 32.65  |  Test Loss: 1.790 | Tes Acc: 29.08
INFO >> Epoch: 22  |  Layer: 07  |  Train Loss: 1.268 | Train Acc: 56.46  |  Val Loss: 1.518 | Val Acc: 32.65  |  Test Loss: 1.818 | Tes Acc: 28.06
INFO >> Epoch: 22  |  Layer: 08  |  Train Loss: 1.184 | Train Acc: 60.20  |  Val Loss: 1.500 | Val Acc: 30.61  |  Test Loss: 1.785 | Tes Acc: 34.18
INFO >> Epoch: 22  |  Layer: 09  |  Train Loss: 1.207 | Train Acc: 59.52  |  Val Loss: 1.542 | Val Acc: 30.61  |  Test Loss: 1.723 | Tes Acc: 33.67
INFO >> Epoch: 22  |  Layer: 10  |  Train Loss: 1.173 | Train Acc: 60.20  |  Val Loss: 1.595 | Val Acc: 27.55  |  Test Loss: 1.723 | Tes Acc: 32.14
INFO >> Epoch: 22  |  Layer: 11  |  Train Loss: 1.162 | Train Acc: 62.59  |  Val Loss: 1.593 | Val Acc: 30.61  |  Test Loss: 1.724 | Tes Acc: 33.67
INFO >> Epoch: 22  |  Layer: 12  |  Train Loss: 1.178 | Train Acc: 63.95  |  Val Loss: 1.649 | Val Acc: 24.49  |  Test Loss: 1.753 | Tes Acc: 33.16
INFO >> Epoch: 22  |  Layer: 13  |  Train Loss: 1.231 | Train Acc: 60.54  |  Val Loss: 1.675 | Val Acc: 24.49  |  Test Loss: 1.747 | Tes Acc: 31.12

INFO >> Epoch: 23  |  Layer: 01  |  Train Loss: 1.563 | Train Acc: 40.48  |  Val Loss: 1.709 | Val Acc: 24.49  |  Test Loss: 1.897 | Tes Acc: 19.39
INFO >> Epoch: 23  |  Layer: 02  |  Train Loss: 1.500 | Train Acc: 44.90  |  Val Loss: 1.710 | Val Acc: 26.53  |  Test Loss: 1.979 | Tes Acc: 16.84
INFO >> Epoch: 23  |  Layer: 03  |  Train Loss: 1.488 | Train Acc: 46.26  |  Val Loss: 1.663 | Val Acc: 28.57  |  Test Loss: 1.920 | Tes Acc: 16.84
INFO >> Epoch: 23  |  Layer: 04  |  Train Loss: 1.409 | Train Acc: 47.96  |  Val Loss: 1.563 | Val Acc: 31.63  |  Test Loss: 1.936 | Tes Acc: 20.41
INFO >> Epoch: 23  |  Layer: 05  |  Train Loss: 1.313 | Train Acc: 57.48  |  Val Loss: 1.518 | Val Acc: 35.71  |  Test Loss: 1.881 | Tes Acc: 22.45
INFO >> Epoch: 23  |  Layer: 06  |  Train Loss: 1.334 | Train Acc: 57.14  |  Val Loss: 1.517 | Val Acc: 41.84  |  Test Loss: 1.805 | Tes Acc: 21.43
INFO >> Epoch: 23  |  Layer: 07  |  Train Loss: 1.254 | Train Acc: 63.27  |  Val Loss: 1.503 | Val Acc: 35.71  |  Test Loss: 1.850 | Tes Acc: 26.02
INFO >> Epoch: 23  |  Layer: 08  |  Train Loss: 1.166 | Train Acc: 64.29  |  Val Loss: 1.461 | Val Acc: 40.82  |  Test Loss: 1.791 | Tes Acc: 27.04
INFO >> Epoch: 23  |  Layer: 09  |  Train Loss: 1.186 | Train Acc: 64.63  |  Val Loss: 1.480 | Val Acc: 34.69  |  Test Loss: 1.722 | Tes Acc: 30.61
INFO >> Epoch: 23  |  Layer: 10  |  Train Loss: 1.155 | Train Acc: 66.67  |  Val Loss: 1.488 | Val Acc: 33.67  |  Test Loss: 1.710 | Tes Acc: 29.08
INFO >> Epoch: 23  |  Layer: 11  |  Train Loss: 1.140 | Train Acc: 67.69  |  Val Loss: 1.534 | Val Acc: 31.63  |  Test Loss: 1.720 | Tes Acc: 27.55
INFO >> Epoch: 23  |  Layer: 12  |  Train Loss: 1.164 | Train Acc: 66.33  |  Val Loss: 1.586 | Val Acc: 29.59  |  Test Loss: 1.772 | Tes Acc: 30.10
INFO >> Epoch: 23  |  Layer: 13  |  Train Loss: 1.212 | Train Acc: 63.61  |  Val Loss: 1.591 | Val Acc: 33.67  |  Test Loss: 1.754 | Tes Acc: 27.55

INFO >> Epoch: 24  |  Layer: 01  |  Train Loss: 1.533 | Train Acc: 35.03  |  Val Loss: 1.649 | Val Acc: 27.55  |  Test Loss: 1.903 | Tes Acc: 28.06
INFO >> Epoch: 24  |  Layer: 02  |  Train Loss: 1.484 | Train Acc: 38.78  |  Val Loss: 1.674 | Val Acc: 26.53  |  Test Loss: 2.092 | Tes Acc: 25.51
INFO >> Epoch: 24  |  Layer: 03  |  Train Loss: 1.447 | Train Acc: 38.44  |  Val Loss: 1.599 | Val Acc: 33.67  |  Test Loss: 1.918 | Tes Acc: 31.12
INFO >> Epoch: 24  |  Layer: 04  |  Train Loss: 1.351 | Train Acc: 44.90  |  Val Loss: 1.526 | Val Acc: 37.76  |  Test Loss: 1.981 | Tes Acc: 31.12
INFO >> Epoch: 24  |  Layer: 05  |  Train Loss: 1.260 | Train Acc: 51.02  |  Val Loss: 1.472 | Val Acc: 37.76  |  Test Loss: 1.937 | Tes Acc: 30.61
INFO >> Epoch: 24  |  Layer: 06  |  Train Loss: 1.268 | Train Acc: 47.96  |  Val Loss: 1.472 | Val Acc: 33.67  |  Test Loss: 1.796 | Tes Acc: 30.10
INFO >> Epoch: 24  |  Layer: 07  |  Train Loss: 1.174 | Train Acc: 56.46  |  Val Loss: 1.451 | Val Acc: 37.76  |  Test Loss: 1.848 | Tes Acc: 30.10
INFO >> Epoch: 24  |  Layer: 08  |  Train Loss: 1.094 | Train Acc: 60.54  |  Val Loss: 1.419 | Val Acc: 34.69  |  Test Loss: 1.821 | Tes Acc: 33.16
INFO >> Epoch: 24  |  Layer: 09  |  Train Loss: 1.108 | Train Acc: 61.56  |  Val Loss: 1.439 | Val Acc: 29.59  |  Test Loss: 1.731 | Tes Acc: 34.18
INFO >> Epoch: 24  |  Layer: 10  |  Train Loss: 1.072 | Train Acc: 61.90  |  Val Loss: 1.494 | Val Acc: 30.61  |  Test Loss: 1.726 | Tes Acc: 32.14
INFO >> Epoch: 24  |  Layer: 11  |  Train Loss: 1.061 | Train Acc: 63.95  |  Val Loss: 1.491 | Val Acc: 28.57  |  Test Loss: 1.746 | Tes Acc: 34.69
INFO >> Epoch: 24  |  Layer: 12  |  Train Loss: 1.071 | Train Acc: 64.63  |  Val Loss: 1.596 | Val Acc: 28.57  |  Test Loss: 1.765 | Tes Acc: 29.08
INFO >> Epoch: 24  |  Layer: 13  |  Train Loss: 1.119 | Train Acc: 61.22  |  Val Loss: 1.623 | Val Acc: 31.63  |  Test Loss: 1.746 | Tes Acc: 31.12

INFO >> Epoch: 25  |  Layer: 01  |  Train Loss: 1.447 | Train Acc: 42.52  |  Val Loss: 1.655 | Val Acc: 32.65  |  Test Loss: 1.878 | Tes Acc: 21.43
INFO >> Epoch: 25  |  Layer: 02  |  Train Loss: 1.435 | Train Acc: 43.54  |  Val Loss: 1.716 | Val Acc: 25.51  |  Test Loss: 2.017 | Tes Acc: 21.43
INFO >> Epoch: 25  |  Layer: 03  |  Train Loss: 1.420 | Train Acc: 40.82  |  Val Loss: 1.657 | Val Acc: 30.61  |  Test Loss: 1.906 | Tes Acc: 20.92
INFO >> Epoch: 25  |  Layer: 04  |  Train Loss: 1.304 | Train Acc: 45.58  |  Val Loss: 1.612 | Val Acc: 31.63  |  Test Loss: 1.941 | Tes Acc: 20.41
INFO >> Epoch: 25  |  Layer: 05  |  Train Loss: 1.201 | Train Acc: 56.12  |  Val Loss: 1.594 | Val Acc: 32.65  |  Test Loss: 1.909 | Tes Acc: 22.45
INFO >> Epoch: 25  |  Layer: 06  |  Train Loss: 1.229 | Train Acc: 52.72  |  Val Loss: 1.577 | Val Acc: 33.67  |  Test Loss: 1.830 | Tes Acc: 27.55
INFO >> Epoch: 25  |  Layer: 07  |  Train Loss: 1.125 | Train Acc: 62.59  |  Val Loss: 1.587 | Val Acc: 31.63  |  Test Loss: 1.870 | Tes Acc: 28.06
INFO >> Epoch: 25  |  Layer: 08  |  Train Loss: 1.045 | Train Acc: 68.03  |  Val Loss: 1.570 | Val Acc: 27.55  |  Test Loss: 1.811 | Tes Acc: 29.08
INFO >> Epoch: 25  |  Layer: 09  |  Train Loss: 1.071 | Train Acc: 65.31  |  Val Loss: 1.593 | Val Acc: 31.63  |  Test Loss: 1.739 | Tes Acc: 31.12
INFO >> Epoch: 25  |  Layer: 10  |  Train Loss: 1.035 | Train Acc: 69.39  |  Val Loss: 1.617 | Val Acc: 28.57  |  Test Loss: 1.728 | Tes Acc: 31.12
INFO >> Epoch: 25  |  Layer: 11  |  Train Loss: 1.030 | Train Acc: 68.37  |  Val Loss: 1.638 | Val Acc: 31.63  |  Test Loss: 1.736 | Tes Acc: 29.08
INFO >> Epoch: 25  |  Layer: 12  |  Train Loss: 1.042 | Train Acc: 69.05  |  Val Loss: 1.667 | Val Acc: 24.49  |  Test Loss: 1.777 | Tes Acc: 32.65
INFO >> Epoch: 25  |  Layer: 13  |  Train Loss: 1.102 | Train Acc: 65.31  |  Val Loss: 1.658 | Val Acc: 28.57  |  Test Loss: 1.771 | Tes Acc: 28.57

INFO >> Epoch: 26  |  Layer: 01  |  Train Loss: 1.468 | Train Acc: 43.88  |  Val Loss: 1.646 | Val Acc: 36.73  |  Test Loss: 1.954 | Tes Acc: 25.00
INFO >> Epoch: 26  |  Layer: 02  |  Train Loss: 1.456 | Train Acc: 43.88  |  Val Loss: 1.639 | Val Acc: 34.69  |  Test Loss: 2.065 | Tes Acc: 18.88
INFO >> Epoch: 26  |  Layer: 03  |  Train Loss: 1.424 | Train Acc: 46.26  |  Val Loss: 1.631 | Val Acc: 35.71  |  Test Loss: 1.939 | Tes Acc: 20.92
INFO >> Epoch: 26  |  Layer: 04  |  Train Loss: 1.341 | Train Acc: 47.62  |  Val Loss: 1.580 | Val Acc: 32.65  |  Test Loss: 2.026 | Tes Acc: 28.06
INFO >> Epoch: 26  |  Layer: 05  |  Train Loss: 1.243 | Train Acc: 55.10  |  Val Loss: 1.524 | Val Acc: 31.63  |  Test Loss: 1.971 | Tes Acc: 29.59
INFO >> Epoch: 26  |  Layer: 06  |  Train Loss: 1.236 | Train Acc: 55.44  |  Val Loss: 1.510 | Val Acc: 33.67  |  Test Loss: 1.807 | Tes Acc: 29.59
INFO >> Epoch: 26  |  Layer: 07  |  Train Loss: 1.151 | Train Acc: 62.59  |  Val Loss: 1.515 | Val Acc: 35.71  |  Test Loss: 1.876 | Tes Acc: 29.59
INFO >> Epoch: 26  |  Layer: 08  |  Train Loss: 1.077 | Train Acc: 66.67  |  Val Loss: 1.504 | Val Acc: 33.67  |  Test Loss: 1.844 | Tes Acc: 30.61
INFO >> Epoch: 26  |  Layer: 09  |  Train Loss: 1.086 | Train Acc: 66.33  |  Val Loss: 1.478 | Val Acc: 29.59  |  Test Loss: 1.737 | Tes Acc: 32.14
INFO >> Epoch: 26  |  Layer: 10  |  Train Loss: 1.055 | Train Acc: 67.69  |  Val Loss: 1.521 | Val Acc: 29.59  |  Test Loss: 1.732 | Tes Acc: 32.65
INFO >> Epoch: 26  |  Layer: 11  |  Train Loss: 1.045 | Train Acc: 66.67  |  Val Loss: 1.541 | Val Acc: 29.59  |  Test Loss: 1.761 | Tes Acc: 33.67
INFO >> Epoch: 26  |  Layer: 12  |  Train Loss: 1.050 | Train Acc: 67.35  |  Val Loss: 1.639 | Val Acc: 27.55  |  Test Loss: 1.776 | Tes Acc: 33.16
INFO >> Epoch: 26  |  Layer: 13  |  Train Loss: 1.102 | Train Acc: 67.01  |  Val Loss: 1.631 | Val Acc: 33.67  |  Test Loss: 1.744 | Tes Acc: 33.67

INFO >> Epoch: 27  |  Layer: 01  |  Train Loss: 1.406 | Train Acc: 46.26  |  Val Loss: 1.686 | Val Acc: 30.61  |  Test Loss: 1.941 | Tes Acc: 20.41
INFO >> Epoch: 27  |  Layer: 02  |  Train Loss: 1.367 | Train Acc: 47.96  |  Val Loss: 1.685 | Val Acc: 29.59  |  Test Loss: 2.042 | Tes Acc: 22.45
INFO >> Epoch: 27  |  Layer: 03  |  Train Loss: 1.346 | Train Acc: 52.72  |  Val Loss: 1.662 | Val Acc: 28.57  |  Test Loss: 1.909 | Tes Acc: 21.94
INFO >> Epoch: 27  |  Layer: 04  |  Train Loss: 1.243 | Train Acc: 57.82  |  Val Loss: 1.625 | Val Acc: 34.69  |  Test Loss: 1.958 | Tes Acc: 23.47
INFO >> Epoch: 27  |  Layer: 05  |  Train Loss: 1.139 | Train Acc: 62.59  |  Val Loss: 1.583 | Val Acc: 33.67  |  Test Loss: 1.916 | Tes Acc: 25.51
INFO >> Epoch: 27  |  Layer: 06  |  Train Loss: 1.156 | Train Acc: 62.59  |  Val Loss: 1.616 | Val Acc: 27.55  |  Test Loss: 1.829 | Tes Acc: 28.57
INFO >> Epoch: 27  |  Layer: 07  |  Train Loss: 1.052 | Train Acc: 68.03  |  Val Loss: 1.641 | Val Acc: 27.55  |  Test Loss: 1.882 | Tes Acc: 30.10
INFO >> Epoch: 27  |  Layer: 08  |  Train Loss: 0.977 | Train Acc: 71.43  |  Val Loss: 1.584 | Val Acc: 34.69  |  Test Loss: 1.819 | Tes Acc: 30.61
INFO >> Epoch: 27  |  Layer: 09  |  Train Loss: 0.995 | Train Acc: 70.75  |  Val Loss: 1.628 | Val Acc: 26.53  |  Test Loss: 1.738 | Tes Acc: 32.65
INFO >> Epoch: 27  |  Layer: 10  |  Train Loss: 0.965 | Train Acc: 73.13  |  Val Loss: 1.679 | Val Acc: 28.57  |  Test Loss: 1.734 | Tes Acc: 33.16
INFO >> Epoch: 27  |  Layer: 11  |  Train Loss: 0.957 | Train Acc: 71.77  |  Val Loss: 1.661 | Val Acc: 29.59  |  Test Loss: 1.738 | Tes Acc: 34.18
INFO >> Epoch: 27  |  Layer: 12  |  Train Loss: 0.966 | Train Acc: 70.41  |  Val Loss: 1.761 | Val Acc: 26.53  |  Test Loss: 1.789 | Tes Acc: 35.71
INFO >> Epoch: 27  |  Layer: 13  |  Train Loss: 1.024 | Train Acc: 70.07  |  Val Loss: 1.753 | Val Acc: 27.55  |  Test Loss: 1.776 | Tes Acc: 31.63

INFO >> Epoch: 28  |  Layer: 01  |  Train Loss: 1.425 | Train Acc: 45.58  |  Val Loss: 1.623 | Val Acc: 41.84  |  Test Loss: 1.928 | Tes Acc: 22.45
INFO >> Epoch: 28  |  Layer: 02  |  Train Loss: 1.428 | Train Acc: 47.28  |  Val Loss: 1.627 | Val Acc: 38.78  |  Test Loss: 2.018 | Tes Acc: 25.51
INFO >> Epoch: 28  |  Layer: 03  |  Train Loss: 1.383 | Train Acc: 50.34  |  Val Loss: 1.607 | Val Acc: 38.78  |  Test Loss: 1.931 | Tes Acc: 24.49
INFO >> Epoch: 28  |  Layer: 04  |  Train Loss: 1.286 | Train Acc: 54.76  |  Val Loss: 1.552 | Val Acc: 39.80  |  Test Loss: 1.973 | Tes Acc: 26.53
INFO >> Epoch: 28  |  Layer: 05  |  Train Loss: 1.169 | Train Acc: 61.56  |  Val Loss: 1.498 | Val Acc: 39.80  |  Test Loss: 1.924 | Tes Acc: 27.04
INFO >> Epoch: 28  |  Layer: 06  |  Train Loss: 1.171 | Train Acc: 60.88  |  Val Loss: 1.506 | Val Acc: 33.67  |  Test Loss: 1.819 | Tes Acc: 31.12
INFO >> Epoch: 28  |  Layer: 07  |  Train Loss: 1.068 | Train Acc: 67.69  |  Val Loss: 1.495 | Val Acc: 37.76  |  Test Loss: 1.853 | Tes Acc: 29.59
INFO >> Epoch: 28  |  Layer: 08  |  Train Loss: 0.991 | Train Acc: 73.47  |  Val Loss: 1.491 | Val Acc: 33.67  |  Test Loss: 1.810 | Tes Acc: 33.16
INFO >> Epoch: 28  |  Layer: 09  |  Train Loss: 1.009 | Train Acc: 71.77  |  Val Loss: 1.492 | Val Acc: 32.65  |  Test Loss: 1.727 | Tes Acc: 31.12
INFO >> Epoch: 28  |  Layer: 10  |  Train Loss: 0.975 | Train Acc: 73.13  |  Val Loss: 1.555 | Val Acc: 31.63  |  Test Loss: 1.723 | Tes Acc: 32.14
INFO >> Epoch: 28  |  Layer: 11  |  Train Loss: 0.968 | Train Acc: 73.47  |  Val Loss: 1.561 | Val Acc: 32.65  |  Test Loss: 1.739 | Tes Acc: 34.69
INFO >> Epoch: 28  |  Layer: 12  |  Train Loss: 0.967 | Train Acc: 72.79  |  Val Loss: 1.614 | Val Acc: 31.63  |  Test Loss: 1.766 | Tes Acc: 34.18
INFO >> Epoch: 28  |  Layer: 13  |  Train Loss: 1.027 | Train Acc: 70.07  |  Val Loss: 1.630 | Val Acc: 33.67  |  Test Loss: 1.748 | Tes Acc: 32.65

INFO >> Epoch: 29  |  Layer: 01  |  Train Loss: 1.381 | Train Acc: 49.32  |  Val Loss: 1.753 | Val Acc: 29.59  |  Test Loss: 1.976 | Tes Acc: 18.88
INFO >> Epoch: 29  |  Layer: 02  |  Train Loss: 1.356 | Train Acc: 49.32  |  Val Loss: 1.726 | Val Acc: 29.59  |  Test Loss: 2.141 | Tes Acc: 16.84
INFO >> Epoch: 29  |  Layer: 03  |  Train Loss: 1.324 | Train Acc: 51.02  |  Val Loss: 1.649 | Val Acc: 36.73  |  Test Loss: 1.956 | Tes Acc: 19.90
INFO >> Epoch: 29  |  Layer: 04  |  Train Loss: 1.217 | Train Acc: 55.44  |  Val Loss: 1.560 | Val Acc: 37.76  |  Test Loss: 2.026 | Tes Acc: 20.41
INFO >> Epoch: 29  |  Layer: 05  |  Train Loss: 1.107 | Train Acc: 61.56  |  Val Loss: 1.488 | Val Acc: 36.73  |  Test Loss: 1.980 | Tes Acc: 23.98
INFO >> Epoch: 29  |  Layer: 06  |  Train Loss: 1.123 | Train Acc: 64.97  |  Val Loss: 1.471 | Val Acc: 39.80  |  Test Loss: 1.829 | Tes Acc: 27.04
INFO >> Epoch: 29  |  Layer: 07  |  Train Loss: 1.020 | Train Acc: 70.41  |  Val Loss: 1.505 | Val Acc: 32.65  |  Test Loss: 1.908 | Tes Acc: 28.06
INFO >> Epoch: 29  |  Layer: 08  |  Train Loss: 0.943 | Train Acc: 72.79  |  Val Loss: 1.488 | Val Acc: 35.71  |  Test Loss: 1.867 | Tes Acc: 27.55
INFO >> Epoch: 29  |  Layer: 09  |  Train Loss: 0.957 | Train Acc: 73.13  |  Val Loss: 1.444 | Val Acc: 35.71  |  Test Loss: 1.767 | Tes Acc: 26.53
INFO >> Epoch: 29  |  Layer: 10  |  Train Loss: 0.932 | Train Acc: 74.15  |  Val Loss: 1.501 | Val Acc: 35.71  |  Test Loss: 1.765 | Tes Acc: 30.10
INFO >> Epoch: 29  |  Layer: 11  |  Train Loss: 0.928 | Train Acc: 73.13  |  Val Loss: 1.493 | Val Acc: 36.73  |  Test Loss: 1.785 | Tes Acc: 27.55
INFO >> Epoch: 29  |  Layer: 12  |  Train Loss: 0.940 | Train Acc: 73.81  |  Val Loss: 1.585 | Val Acc: 34.69  |  Test Loss: 1.825 | Tes Acc: 30.10
INFO >> Epoch: 29  |  Layer: 13  |  Train Loss: 0.996 | Train Acc: 70.41  |  Val Loss: 1.564 | Val Acc: 35.71  |  Test Loss: 1.790 | Tes Acc: 30.10

INFO >> Epoch: 30  |  Layer: 01  |  Train Loss: 1.394 | Train Acc: 49.32  |  Val Loss: 1.757 | Val Acc: 33.67  |  Test Loss: 1.931 | Tes Acc: 21.94
INFO >> Epoch: 30  |  Layer: 02  |  Train Loss: 1.370 | Train Acc: 47.62  |  Val Loss: 1.667 | Val Acc: 33.67  |  Test Loss: 2.045 | Tes Acc: 21.43
INFO >> Epoch: 30  |  Layer: 03  |  Train Loss: 1.336 | Train Acc: 51.36  |  Val Loss: 1.628 | Val Acc: 37.76  |  Test Loss: 1.940 | Tes Acc: 21.94
INFO >> Epoch: 30  |  Layer: 04  |  Train Loss: 1.219 | Train Acc: 59.18  |  Val Loss: 1.525 | Val Acc: 42.86  |  Test Loss: 1.961 | Tes Acc: 24.49
INFO >> Epoch: 30  |  Layer: 05  |  Train Loss: 1.104 | Train Acc: 65.99  |  Val Loss: 1.482 | Val Acc: 41.84  |  Test Loss: 1.926 | Tes Acc: 25.00
INFO >> Epoch: 30  |  Layer: 06  |  Train Loss: 1.108 | Train Acc: 66.67  |  Val Loss: 1.526 | Val Acc: 33.67  |  Test Loss: 1.849 | Tes Acc: 28.57
INFO >> Epoch: 30  |  Layer: 07  |  Train Loss: 0.993 | Train Acc: 69.39  |  Val Loss: 1.535 | Val Acc: 37.76  |  Test Loss: 1.890 | Tes Acc: 29.59
INFO >> Epoch: 30  |  Layer: 08  |  Train Loss: 0.926 | Train Acc: 73.47  |  Val Loss: 1.524 | Val Acc: 34.69  |  Test Loss: 1.836 | Tes Acc: 29.59
INFO >> Epoch: 30  |  Layer: 09  |  Train Loss: 0.938 | Train Acc: 73.81  |  Val Loss: 1.590 | Val Acc: 29.59  |  Test Loss: 1.773 | Tes Acc: 32.65
INFO >> Epoch: 30  |  Layer: 10  |  Train Loss: 0.914 | Train Acc: 75.85  |  Val Loss: 1.690 | Val Acc: 29.59  |  Test Loss: 1.780 | Tes Acc: 34.18
INFO >> Epoch: 30  |  Layer: 11  |  Train Loss: 0.910 | Train Acc: 75.51  |  Val Loss: 1.703 | Val Acc: 31.63  |  Test Loss: 1.795 | Tes Acc: 34.69
INFO >> Epoch: 30  |  Layer: 12  |  Train Loss: 0.909 | Train Acc: 74.49  |  Val Loss: 1.744 | Val Acc: 30.61  |  Test Loss: 1.832 | Tes Acc: 34.18
INFO >> Epoch: 30  |  Layer: 13  |  Train Loss: 0.968 | Train Acc: 71.77  |  Val Loss: 1.744 | Val Acc: 31.63  |  Test Loss: 1.807 | Tes Acc: 32.14



INFO >> Time Taken: 05:05

INFO >> Layer: 01  |  Best Val Acc: 41.84  |  Best Test Acc: 22.45
INFO >> Layer: 02  |  Best Val Acc: 38.78  |  Best Test Acc: 28.06
INFO >> Layer: 03  |  Best Val Acc: 40.82  |  Best Test Acc: 27.04
INFO >> Layer: 04  |  Best Val Acc: 44.90  |  Best Test Acc: 26.53
INFO >> Layer: 05  |  Best Val Acc: 46.94  |  Best Test Acc: 26.53
INFO >> Layer: 06  |  Best Val Acc: 46.94  |  Best Test Acc: 26.53
INFO >> Layer: 07  |  Best Val Acc: 40.82  |  Best Test Acc: 27.04
INFO >> Layer: 08  |  Best Val Acc: 46.94  |  Best Test Acc: 34.18
INFO >> Layer: 09  |  Best Val Acc: 36.73  |  Best Test Acc: 29.08
INFO >> Layer: 10  |  Best Val Acc: 35.71  |  Best Test Acc: 30.10
INFO >> Layer: 11  |  Best Val Acc: 36.73  |  Best Test Acc: 27.55
INFO >> Layer: 12  |  Best Val Acc: 34.69  |  Best Test Acc: 30.10
INFO >> Layer: 13  |  Best Val Acc: 35.71  |  Best Test Acc: 30.10

DEBUG >> Last state saved
INFO >> Mixing Weights (softmax): 
1.0
[0.6045501828193665, 0.39544984698295593]
[0.42154502868652344, 0.283328652381897, 0.29512640833854675]
[0.3072488605976105, 0.2106991559267044, 0.22780650854110718, 0.2542455196380615]
[0.23662102222442627, 0.1610213816165924, 0.1773078739643097, 0.21303395926952362, 0.212015762925148]
[0.1993752419948578, 0.13121074438095093, 0.14055821299552917, 0.17026570439338684, 0.18019166588783264, 0.1783984899520874]
[0.1693793386220932, 0.10893832892179489, 0.11578826606273651, 0.13532382249832153, 0.15505966544151306, 0.1692172884941101, 0.1462932974100113]
[0.14549997448921204, 0.09667401015758514, 0.1007475033402443, 0.11506230384111404, 0.13048787415027618, 0.1446237415075302, 0.14669187366962433, 0.12021269649267197]
[0.12913990020751953, 0.08462724089622498, 0.08727018535137177, 0.09532644599676132, 0.11188088357448578, 0.12340771406888962, 0.13361415266990662, 0.11878038942813873, 0.11595308035612106]
[0.11542622745037079, 0.07637602835893631, 0.08002407848834991, 0.08662599325180054, 0.09886707365512848, 0.11115934699773788, 0.12004667520523071, 0.1087636724114418, 0.11503105610609055, 0.08767980337142944]
[0.10573640465736389, 0.06767915934324265, 0.07128091156482697, 0.07561719417572021, 0.09177090227603912, 0.10224692523479462, 0.11166422814130783, 0.10198451578617096, 0.11000603437423706, 0.09043899178504944, 0.07157476991415024]
[0.09747665375471115, 0.06260011345148087, 0.06602799892425537, 0.072846420109272, 0.08835514634847641, 0.0961277037858963, 0.10321295261383057, 0.09704192727804184, 0.10225636512041092, 0.08659330755472183, 0.06850042939186096, 0.058960918337106705]
[0.09200001507997513, 0.05594252794981003, 0.057477276772260666, 0.06547152251005173, 0.08470628410577774, 0.08981980383396149, 0.10040951520204544, 0.09343886375427246, 0.0990128144621849, 0.07961051166057587, 0.06232074275612831, 0.05428893119096756, 0.06550116091966629]


INFO >> History saved (./history/v1.5/EMOVO/FX_WAV2VEC2_BASE_CLF_CM_PROBING_LINEAR/Run1/history.pt)
