
--------------------------------------------------
Multilingual SER System v1.5
--------------------------------------------------
Run Name      : Run2
Fx Model      : HUBERT_BASE
Clf Model     : CM_PROBING_DENSE
Extract Mode  : gpu_memory
Dataset       : RAVDESS
Device        : gpu
Epochs        : 30
Num Workers   : 3
Data Dir      : ./data
History Dir   : ./history
Weights Dir   : ./weights
Log Level     : debug
Purge Cache   : False
Job Name      : Job159
Job Id        : 31668505
GPU           : Quadro RTX 8000
GPU Count     : 1
GPU Memory    : 44.49 GB

Timestamp : 2023-04-06 12:29:06.727014

INFO >> Running on CUDA


INFO >> Training Classifier

INFO >> Epoch: 1  |  Layer: 01  |  Train Loss: 1.992 | Train Acc: 22.86  |  Val Loss: 1.825 | Val Acc: 23.67  |  Test Loss: 1.820 | Tes Acc: 25.67
INFO >> Epoch: 1  |  Layer: 02  |  Train Loss: 2.025 | Train Acc: 18.21  |  Val Loss: 1.890 | Val Acc: 22.33  |  Test Loss: 1.904 | Tes Acc: 24.67
INFO >> Epoch: 1  |  Layer: 03  |  Train Loss: 2.042 | Train Acc: 16.43  |  Val Loss: 1.952 | Val Acc: 25.00  |  Test Loss: 1.965 | Tes Acc: 30.67
INFO >> Epoch: 1  |  Layer: 04  |  Train Loss: 2.039 | Train Acc: 17.98  |  Val Loss: 1.932 | Val Acc: 23.33  |  Test Loss: 1.950 | Tes Acc: 27.33
INFO >> Epoch: 1  |  Layer: 05  |  Train Loss: 2.034 | Train Acc: 18.57  |  Val Loss: 1.927 | Val Acc: 26.33  |  Test Loss: 1.940 | Tes Acc: 31.33
INFO >> Epoch: 1  |  Layer: 06  |  Train Loss: 2.046 | Train Acc: 15.24  |  Val Loss: 1.962 | Val Acc: 30.00  |  Test Loss: 1.972 | Tes Acc: 26.00
INFO >> Epoch: 1  |  Layer: 07  |  Train Loss: 2.051 | Train Acc: 19.52  |  Val Loss: 1.968 | Val Acc: 26.33  |  Test Loss: 1.983 | Tes Acc: 29.33
INFO >> Epoch: 1  |  Layer: 08  |  Train Loss: 2.047 | Train Acc: 21.07  |  Val Loss: 1.967 | Val Acc: 26.33  |  Test Loss: 1.984 | Tes Acc: 26.67
INFO >> Epoch: 1  |  Layer: 09  |  Train Loss: 2.044 | Train Acc: 17.50  |  Val Loss: 1.945 | Val Acc: 26.33  |  Test Loss: 1.962 | Tes Acc: 27.00
INFO >> Epoch: 1  |  Layer: 10  |  Train Loss: 2.055 | Train Acc: 16.79  |  Val Loss: 1.992 | Val Acc: 19.00  |  Test Loss: 2.008 | Tes Acc: 19.00
INFO >> Epoch: 1  |  Layer: 11  |  Train Loss: 2.048 | Train Acc: 17.98  |  Val Loss: 1.974 | Val Acc: 26.33  |  Test Loss: 1.992 | Tes Acc: 28.00
INFO >> Epoch: 1  |  Layer: 12  |  Train Loss: 2.052 | Train Acc: 16.31  |  Val Loss: 1.984 | Val Acc: 33.33  |  Test Loss: 2.000 | Tes Acc: 28.33
INFO >> Epoch: 1  |  Layer: 13  |  Train Loss: 2.048 | Train Acc: 16.90  |  Val Loss: 1.970 | Val Acc: 33.67  |  Test Loss: 1.986 | Tes Acc: 29.33

INFO >> Epoch: 2  |  Layer: 01  |  Train Loss: 1.773 | Train Acc: 31.67  |  Val Loss: 1.860 | Val Acc: 24.33  |  Test Loss: 1.769 | Tes Acc: 29.67
INFO >> Epoch: 2  |  Layer: 02  |  Train Loss: 1.829 | Train Acc: 28.57  |  Val Loss: 1.805 | Val Acc: 27.33  |  Test Loss: 1.743 | Tes Acc: 29.67
INFO >> Epoch: 2  |  Layer: 03  |  Train Loss: 1.849 | Train Acc: 27.98  |  Val Loss: 1.827 | Val Acc: 25.33  |  Test Loss: 1.758 | Tes Acc: 28.33
INFO >> Epoch: 2  |  Layer: 04  |  Train Loss: 1.842 | Train Acc: 28.21  |  Val Loss: 1.806 | Val Acc: 24.00  |  Test Loss: 1.747 | Tes Acc: 29.33
INFO >> Epoch: 2  |  Layer: 05  |  Train Loss: 1.826 | Train Acc: 28.57  |  Val Loss: 1.793 | Val Acc: 26.33  |  Test Loss: 1.725 | Tes Acc: 30.33
INFO >> Epoch: 2  |  Layer: 06  |  Train Loss: 1.855 | Train Acc: 29.40  |  Val Loss: 1.806 | Val Acc: 25.67  |  Test Loss: 1.748 | Tes Acc: 30.67
INFO >> Epoch: 2  |  Layer: 07  |  Train Loss: 1.855 | Train Acc: 30.71  |  Val Loss: 1.806 | Val Acc: 24.00  |  Test Loss: 1.758 | Tes Acc: 29.67
INFO >> Epoch: 2  |  Layer: 08  |  Train Loss: 1.854 | Train Acc: 30.00  |  Val Loss: 1.801 | Val Acc: 22.67  |  Test Loss: 1.760 | Tes Acc: 30.00
INFO >> Epoch: 2  |  Layer: 09  |  Train Loss: 1.822 | Train Acc: 30.95  |  Val Loss: 1.758 | Val Acc: 25.67  |  Test Loss: 1.711 | Tes Acc: 31.33
INFO >> Epoch: 2  |  Layer: 10  |  Train Loss: 1.896 | Train Acc: 27.02  |  Val Loss: 1.829 | Val Acc: 21.67  |  Test Loss: 1.817 | Tes Acc: 27.67
INFO >> Epoch: 2  |  Layer: 11  |  Train Loss: 1.845 | Train Acc: 31.31  |  Val Loss: 1.747 | Val Acc: 27.33  |  Test Loss: 1.724 | Tes Acc: 30.67
INFO >> Epoch: 2  |  Layer: 12  |  Train Loss: 1.863 | Train Acc: 29.88  |  Val Loss: 1.809 | Val Acc: 22.00  |  Test Loss: 1.790 | Tes Acc: 28.67
INFO >> Epoch: 2  |  Layer: 13  |  Train Loss: 1.842 | Train Acc: 31.79  |  Val Loss: 1.774 | Val Acc: 24.67  |  Test Loss: 1.761 | Tes Acc: 30.00

INFO >> Epoch: 3  |  Layer: 01  |  Train Loss: 1.730 | Train Acc: 32.14  |  Val Loss: 1.752 | Val Acc: 32.00  |  Test Loss: 1.682 | Tes Acc: 29.33
INFO >> Epoch: 3  |  Layer: 02  |  Train Loss: 1.754 | Train Acc: 29.52  |  Val Loss: 1.749 | Val Acc: 33.67  |  Test Loss: 1.693 | Tes Acc: 32.00
INFO >> Epoch: 3  |  Layer: 03  |  Train Loss: 1.733 | Train Acc: 30.83  |  Val Loss: 1.747 | Val Acc: 33.33  |  Test Loss: 1.689 | Tes Acc: 29.33
INFO >> Epoch: 3  |  Layer: 04  |  Train Loss: 1.746 | Train Acc: 28.69  |  Val Loss: 1.719 | Val Acc: 33.00  |  Test Loss: 1.666 | Tes Acc: 33.00
INFO >> Epoch: 3  |  Layer: 05  |  Train Loss: 1.731 | Train Acc: 29.88  |  Val Loss: 1.737 | Val Acc: 36.33  |  Test Loss: 1.679 | Tes Acc: 29.33
INFO >> Epoch: 3  |  Layer: 06  |  Train Loss: 1.726 | Train Acc: 30.36  |  Val Loss: 1.704 | Val Acc: 36.00  |  Test Loss: 1.656 | Tes Acc: 31.33
INFO >> Epoch: 3  |  Layer: 07  |  Train Loss: 1.729 | Train Acc: 30.00  |  Val Loss: 1.676 | Val Acc: 35.33  |  Test Loss: 1.635 | Tes Acc: 33.33
INFO >> Epoch: 3  |  Layer: 08  |  Train Loss: 1.722 | Train Acc: 29.76  |  Val Loss: 1.649 | Val Acc: 37.33  |  Test Loss: 1.611 | Tes Acc: 35.33
INFO >> Epoch: 3  |  Layer: 09  |  Train Loss: 1.693 | Train Acc: 31.43  |  Val Loss: 1.653 | Val Acc: 38.67  |  Test Loss: 1.623 | Tes Acc: 36.00
INFO >> Epoch: 3  |  Layer: 10  |  Train Loss: 1.729 | Train Acc: 30.71  |  Val Loss: 1.630 | Val Acc: 39.67  |  Test Loss: 1.590 | Tes Acc: 45.00
INFO >> Epoch: 3  |  Layer: 11  |  Train Loss: 1.667 | Train Acc: 34.40  |  Val Loss: 1.616 | Val Acc: 42.33  |  Test Loss: 1.613 | Tes Acc: 35.00
INFO >> Epoch: 3  |  Layer: 12  |  Train Loss: 1.678 | Train Acc: 32.26  |  Val Loss: 1.582 | Val Acc: 38.33  |  Test Loss: 1.561 | Tes Acc: 36.67
INFO >> Epoch: 3  |  Layer: 13  |  Train Loss: 1.661 | Train Acc: 33.81  |  Val Loss: 1.561 | Val Acc: 39.33  |  Test Loss: 1.548 | Tes Acc: 37.67

INFO >> Epoch: 4  |  Layer: 01  |  Train Loss: 1.639 | Train Acc: 37.26  |  Val Loss: 1.632 | Val Acc: 34.00  |  Test Loss: 1.544 | Tes Acc: 38.00
INFO >> Epoch: 4  |  Layer: 02  |  Train Loss: 1.680 | Train Acc: 36.19  |  Val Loss: 1.687 | Val Acc: 33.00  |  Test Loss: 1.608 | Tes Acc: 37.33
INFO >> Epoch: 4  |  Layer: 03  |  Train Loss: 1.650 | Train Acc: 36.90  |  Val Loss: 1.722 | Val Acc: 31.33  |  Test Loss: 1.622 | Tes Acc: 35.67
INFO >> Epoch: 4  |  Layer: 04  |  Train Loss: 1.650 | Train Acc: 38.10  |  Val Loss: 1.662 | Val Acc: 31.67  |  Test Loss: 1.578 | Tes Acc: 39.00
INFO >> Epoch: 4  |  Layer: 05  |  Train Loss: 1.637 | Train Acc: 37.74  |  Val Loss: 1.647 | Val Acc: 35.00  |  Test Loss: 1.557 | Tes Acc: 41.33
INFO >> Epoch: 4  |  Layer: 06  |  Train Loss: 1.615 | Train Acc: 38.57  |  Val Loss: 1.619 | Val Acc: 35.33  |  Test Loss: 1.537 | Tes Acc: 40.33
INFO >> Epoch: 4  |  Layer: 07  |  Train Loss: 1.598 | Train Acc: 41.55  |  Val Loss: 1.607 | Val Acc: 37.00  |  Test Loss: 1.523 | Tes Acc: 41.67
INFO >> Epoch: 4  |  Layer: 08  |  Train Loss: 1.572 | Train Acc: 42.50  |  Val Loss: 1.585 | Val Acc: 39.00  |  Test Loss: 1.507 | Tes Acc: 42.67
INFO >> Epoch: 4  |  Layer: 09  |  Train Loss: 1.561 | Train Acc: 42.74  |  Val Loss: 1.553 | Val Acc: 40.33  |  Test Loss: 1.491 | Tes Acc: 43.00
INFO >> Epoch: 4  |  Layer: 10  |  Train Loss: 1.537 | Train Acc: 44.29  |  Val Loss: 1.526 | Val Acc: 40.67  |  Test Loss: 1.463 | Tes Acc: 44.33
INFO >> Epoch: 4  |  Layer: 11  |  Train Loss: 1.510 | Train Acc: 44.05  |  Val Loss: 1.466 | Val Acc: 45.67  |  Test Loss: 1.430 | Tes Acc: 48.67
INFO >> Epoch: 4  |  Layer: 12  |  Train Loss: 1.481 | Train Acc: 44.76  |  Val Loss: 1.451 | Val Acc: 45.67  |  Test Loss: 1.418 | Tes Acc: 47.00
INFO >> Epoch: 4  |  Layer: 13  |  Train Loss: 1.470 | Train Acc: 46.55  |  Val Loss: 1.425 | Val Acc: 46.00  |  Test Loss: 1.409 | Tes Acc: 48.00

INFO >> Epoch: 5  |  Layer: 01  |  Train Loss: 1.536 | Train Acc: 41.07  |  Val Loss: 1.595 | Val Acc: 44.67  |  Test Loss: 1.466 | Tes Acc: 43.67
INFO >> Epoch: 5  |  Layer: 02  |  Train Loss: 1.591 | Train Acc: 39.05  |  Val Loss: 1.637 | Val Acc: 37.00  |  Test Loss: 1.537 | Tes Acc: 37.67
INFO >> Epoch: 5  |  Layer: 03  |  Train Loss: 1.565 | Train Acc: 41.19  |  Val Loss: 1.612 | Val Acc: 42.67  |  Test Loss: 1.519 | Tes Acc: 44.33
INFO >> Epoch: 5  |  Layer: 04  |  Train Loss: 1.551 | Train Acc: 40.95  |  Val Loss: 1.585 | Val Acc: 42.00  |  Test Loss: 1.488 | Tes Acc: 44.33
INFO >> Epoch: 5  |  Layer: 05  |  Train Loss: 1.528 | Train Acc: 41.90  |  Val Loss: 1.560 | Val Acc: 43.00  |  Test Loss: 1.454 | Tes Acc: 47.00
INFO >> Epoch: 5  |  Layer: 06  |  Train Loss: 1.505 | Train Acc: 42.62  |  Val Loss: 1.531 | Val Acc: 44.67  |  Test Loss: 1.450 | Tes Acc: 48.00
INFO >> Epoch: 5  |  Layer: 07  |  Train Loss: 1.464 | Train Acc: 45.36  |  Val Loss: 1.480 | Val Acc: 47.33  |  Test Loss: 1.425 | Tes Acc: 47.33
INFO >> Epoch: 5  |  Layer: 08  |  Train Loss: 1.437 | Train Acc: 45.60  |  Val Loss: 1.441 | Val Acc: 49.67  |  Test Loss: 1.403 | Tes Acc: 48.00
INFO >> Epoch: 5  |  Layer: 09  |  Train Loss: 1.417 | Train Acc: 46.79  |  Val Loss: 1.433 | Val Acc: 49.00  |  Test Loss: 1.415 | Tes Acc: 45.00
INFO >> Epoch: 5  |  Layer: 10  |  Train Loss: 1.380 | Train Acc: 48.81  |  Val Loss: 1.370 | Val Acc: 52.67  |  Test Loss: 1.376 | Tes Acc: 47.67
INFO >> Epoch: 5  |  Layer: 11  |  Train Loss: 1.346 | Train Acc: 49.52  |  Val Loss: 1.324 | Val Acc: 53.33  |  Test Loss: 1.348 | Tes Acc: 47.00
INFO >> Epoch: 5  |  Layer: 12  |  Train Loss: 1.312 | Train Acc: 50.71  |  Val Loss: 1.281 | Val Acc: 57.00  |  Test Loss: 1.344 | Tes Acc: 47.33
INFO >> Epoch: 5  |  Layer: 13  |  Train Loss: 1.310 | Train Acc: 50.71  |  Val Loss: 1.284 | Val Acc: 56.33  |  Test Loss: 1.361 | Tes Acc: 46.33

INFO >> Epoch: 6  |  Layer: 01  |  Train Loss: 1.472 | Train Acc: 45.71  |  Val Loss: 1.621 | Val Acc: 38.00  |  Test Loss: 1.450 | Tes Acc: 43.00
INFO >> Epoch: 6  |  Layer: 02  |  Train Loss: 1.521 | Train Acc: 42.50  |  Val Loss: 1.617 | Val Acc: 37.33  |  Test Loss: 1.493 | Tes Acc: 43.00
INFO >> Epoch: 6  |  Layer: 03  |  Train Loss: 1.486 | Train Acc: 44.17  |  Val Loss: 1.598 | Val Acc: 38.67  |  Test Loss: 1.477 | Tes Acc: 40.33
INFO >> Epoch: 6  |  Layer: 04  |  Train Loss: 1.474 | Train Acc: 44.64  |  Val Loss: 1.556 | Val Acc: 40.67  |  Test Loss: 1.466 | Tes Acc: 42.00
INFO >> Epoch: 6  |  Layer: 05  |  Train Loss: 1.437 | Train Acc: 45.83  |  Val Loss: 1.578 | Val Acc: 41.00  |  Test Loss: 1.472 | Tes Acc: 41.33
INFO >> Epoch: 6  |  Layer: 06  |  Train Loss: 1.399 | Train Acc: 48.69  |  Val Loss: 1.510 | Val Acc: 45.33  |  Test Loss: 1.439 | Tes Acc: 43.33
INFO >> Epoch: 6  |  Layer: 07  |  Train Loss: 1.355 | Train Acc: 49.40  |  Val Loss: 1.526 | Val Acc: 42.33  |  Test Loss: 1.431 | Tes Acc: 41.67
INFO >> Epoch: 6  |  Layer: 08  |  Train Loss: 1.316 | Train Acc: 51.07  |  Val Loss: 1.450 | Val Acc: 46.67  |  Test Loss: 1.384 | Tes Acc: 44.67
INFO >> Epoch: 6  |  Layer: 09  |  Train Loss: 1.295 | Train Acc: 52.14  |  Val Loss: 1.449 | Val Acc: 46.33  |  Test Loss: 1.420 | Tes Acc: 40.67
INFO >> Epoch: 6  |  Layer: 10  |  Train Loss: 1.251 | Train Acc: 53.81  |  Val Loss: 1.393 | Val Acc: 47.33  |  Test Loss: 1.348 | Tes Acc: 46.67
INFO >> Epoch: 6  |  Layer: 11  |  Train Loss: 1.210 | Train Acc: 55.24  |  Val Loss: 1.315 | Val Acc: 51.00  |  Test Loss: 1.332 | Tes Acc: 45.67
INFO >> Epoch: 6  |  Layer: 12  |  Train Loss: 1.186 | Train Acc: 55.60  |  Val Loss: 1.299 | Val Acc: 52.33  |  Test Loss: 1.323 | Tes Acc: 46.00
INFO >> Epoch: 6  |  Layer: 13  |  Train Loss: 1.186 | Train Acc: 55.24  |  Val Loss: 1.298 | Val Acc: 50.67  |  Test Loss: 1.333 | Tes Acc: 46.67

INFO >> Epoch: 7  |  Layer: 01  |  Train Loss: 1.406 | Train Acc: 46.67  |  Val Loss: 1.812 | Val Acc: 34.00  |  Test Loss: 1.558 | Tes Acc: 40.00
INFO >> Epoch: 7  |  Layer: 02  |  Train Loss: 1.442 | Train Acc: 45.83  |  Val Loss: 1.706 | Val Acc: 35.00  |  Test Loss: 1.499 | Tes Acc: 41.33
INFO >> Epoch: 7  |  Layer: 03  |  Train Loss: 1.406 | Train Acc: 46.79  |  Val Loss: 1.677 | Val Acc: 36.67  |  Test Loss: 1.468 | Tes Acc: 42.00
INFO >> Epoch: 7  |  Layer: 04  |  Train Loss: 1.385 | Train Acc: 46.31  |  Val Loss: 1.567 | Val Acc: 39.67  |  Test Loss: 1.415 | Tes Acc: 46.67
INFO >> Epoch: 7  |  Layer: 05  |  Train Loss: 1.352 | Train Acc: 47.74  |  Val Loss: 1.632 | Val Acc: 40.67  |  Test Loss: 1.443 | Tes Acc: 43.67
INFO >> Epoch: 7  |  Layer: 06  |  Train Loss: 1.312 | Train Acc: 49.17  |  Val Loss: 1.612 | Val Acc: 40.33  |  Test Loss: 1.423 | Tes Acc: 45.00
INFO >> Epoch: 7  |  Layer: 07  |  Train Loss: 1.276 | Train Acc: 51.43  |  Val Loss: 1.542 | Val Acc: 42.67  |  Test Loss: 1.394 | Tes Acc: 46.00
INFO >> Epoch: 7  |  Layer: 08  |  Train Loss: 1.215 | Train Acc: 54.05  |  Val Loss: 1.506 | Val Acc: 44.00  |  Test Loss: 1.359 | Tes Acc: 46.33
INFO >> Epoch: 7  |  Layer: 09  |  Train Loss: 1.198 | Train Acc: 54.29  |  Val Loss: 1.503 | Val Acc: 43.67  |  Test Loss: 1.375 | Tes Acc: 45.67
INFO >> Epoch: 7  |  Layer: 10  |  Train Loss: 1.148 | Train Acc: 57.74  |  Val Loss: 1.394 | Val Acc: 47.67  |  Test Loss: 1.317 | Tes Acc: 47.00
INFO >> Epoch: 7  |  Layer: 11  |  Train Loss: 1.095 | Train Acc: 59.52  |  Val Loss: 1.401 | Val Acc: 48.33  |  Test Loss: 1.293 | Tes Acc: 49.00
INFO >> Epoch: 7  |  Layer: 12  |  Train Loss: 1.066 | Train Acc: 61.43  |  Val Loss: 1.327 | Val Acc: 49.67  |  Test Loss: 1.285 | Tes Acc: 51.67
INFO >> Epoch: 7  |  Layer: 13  |  Train Loss: 1.074 | Train Acc: 60.12  |  Val Loss: 1.321 | Val Acc: 50.67  |  Test Loss: 1.299 | Tes Acc: 50.00

INFO >> Epoch: 8  |  Layer: 01  |  Train Loss: 1.347 | Train Acc: 48.21  |  Val Loss: 1.547 | Val Acc: 45.33  |  Test Loss: 1.341 | Tes Acc: 46.33
INFO >> Epoch: 8  |  Layer: 02  |  Train Loss: 1.366 | Train Acc: 47.98  |  Val Loss: 1.533 | Val Acc: 44.00  |  Test Loss: 1.343 | Tes Acc: 49.00
INFO >> Epoch: 8  |  Layer: 03  |  Train Loss: 1.325 | Train Acc: 49.17  |  Val Loss: 1.508 | Val Acc: 44.67  |  Test Loss: 1.332 | Tes Acc: 49.67
INFO >> Epoch: 8  |  Layer: 04  |  Train Loss: 1.294 | Train Acc: 50.95  |  Val Loss: 1.471 | Val Acc: 45.67  |  Test Loss: 1.326 | Tes Acc: 49.33
INFO >> Epoch: 8  |  Layer: 05  |  Train Loss: 1.262 | Train Acc: 51.43  |  Val Loss: 1.437 | Val Acc: 47.67  |  Test Loss: 1.314 | Tes Acc: 50.67
INFO >> Epoch: 8  |  Layer: 06  |  Train Loss: 1.224 | Train Acc: 52.62  |  Val Loss: 1.412 | Val Acc: 46.33  |  Test Loss: 1.317 | Tes Acc: 48.00
INFO >> Epoch: 8  |  Layer: 07  |  Train Loss: 1.171 | Train Acc: 54.88  |  Val Loss: 1.353 | Val Acc: 49.67  |  Test Loss: 1.279 | Tes Acc: 51.00
INFO >> Epoch: 8  |  Layer: 08  |  Train Loss: 1.106 | Train Acc: 57.62  |  Val Loss: 1.273 | Val Acc: 52.33  |  Test Loss: 1.248 | Tes Acc: 52.33
INFO >> Epoch: 8  |  Layer: 09  |  Train Loss: 1.085 | Train Acc: 58.45  |  Val Loss: 1.234 | Val Acc: 53.33  |  Test Loss: 1.260 | Tes Acc: 51.67
INFO >> Epoch: 8  |  Layer: 10  |  Train Loss: 1.022 | Train Acc: 61.79  |  Val Loss: 1.166 | Val Acc: 53.00  |  Test Loss: 1.195 | Tes Acc: 57.00
INFO >> Epoch: 8  |  Layer: 11  |  Train Loss: 0.975 | Train Acc: 64.17  |  Val Loss: 1.123 | Val Acc: 56.00  |  Test Loss: 1.205 | Tes Acc: 55.33
INFO >> Epoch: 8  |  Layer: 12  |  Train Loss: 0.953 | Train Acc: 64.05  |  Val Loss: 1.082 | Val Acc: 57.67  |  Test Loss: 1.187 | Tes Acc: 57.00
INFO >> Epoch: 8  |  Layer: 13  |  Train Loss: 0.962 | Train Acc: 65.00  |  Val Loss: 1.076 | Val Acc: 56.00  |  Test Loss: 1.209 | Tes Acc: 55.33

INFO >> Epoch: 9  |  Layer: 01  |  Train Loss: 1.331 | Train Acc: 50.60  |  Val Loss: 1.530 | Val Acc: 45.67  |  Test Loss: 1.287 | Tes Acc: 51.33
INFO >> Epoch: 9  |  Layer: 02  |  Train Loss: 1.361 | Train Acc: 48.33  |  Val Loss: 1.512 | Val Acc: 43.00  |  Test Loss: 1.294 | Tes Acc: 54.67
INFO >> Epoch: 9  |  Layer: 03  |  Train Loss: 1.330 | Train Acc: 48.81  |  Val Loss: 1.533 | Val Acc: 43.67  |  Test Loss: 1.297 | Tes Acc: 54.00
INFO >> Epoch: 9  |  Layer: 04  |  Train Loss: 1.277 | Train Acc: 51.79  |  Val Loss: 1.466 | Val Acc: 44.33  |  Test Loss: 1.272 | Tes Acc: 52.00
INFO >> Epoch: 9  |  Layer: 05  |  Train Loss: 1.240 | Train Acc: 52.14  |  Val Loss: 1.458 | Val Acc: 44.67  |  Test Loss: 1.285 | Tes Acc: 51.00
INFO >> Epoch: 9  |  Layer: 06  |  Train Loss: 1.194 | Train Acc: 53.10  |  Val Loss: 1.435 | Val Acc: 47.00  |  Test Loss: 1.279 | Tes Acc: 50.00
INFO >> Epoch: 9  |  Layer: 07  |  Train Loss: 1.142 | Train Acc: 57.62  |  Val Loss: 1.388 | Val Acc: 47.67  |  Test Loss: 1.268 | Tes Acc: 49.00
INFO >> Epoch: 9  |  Layer: 08  |  Train Loss: 1.061 | Train Acc: 60.71  |  Val Loss: 1.273 | Val Acc: 55.67  |  Test Loss: 1.228 | Tes Acc: 51.00
INFO >> Epoch: 9  |  Layer: 09  |  Train Loss: 1.038 | Train Acc: 62.38  |  Val Loss: 1.262 | Val Acc: 56.00  |  Test Loss: 1.267 | Tes Acc: 48.33
INFO >> Epoch: 9  |  Layer: 10  |  Train Loss: 0.989 | Train Acc: 63.10  |  Val Loss: 1.230 | Val Acc: 55.00  |  Test Loss: 1.164 | Tes Acc: 57.00
INFO >> Epoch: 9  |  Layer: 11  |  Train Loss: 0.911 | Train Acc: 66.79  |  Val Loss: 1.158 | Val Acc: 57.67  |  Test Loss: 1.203 | Tes Acc: 55.33
INFO >> Epoch: 9  |  Layer: 12  |  Train Loss: 0.887 | Train Acc: 68.69  |  Val Loss: 1.171 | Val Acc: 57.67  |  Test Loss: 1.268 | Tes Acc: 52.00
INFO >> Epoch: 9  |  Layer: 13  |  Train Loss: 0.906 | Train Acc: 67.50  |  Val Loss: 1.162 | Val Acc: 55.67  |  Test Loss: 1.247 | Tes Acc: 55.00

INFO >> Epoch: 10  |  Layer: 01  |  Train Loss: 1.274 | Train Acc: 51.19  |  Val Loss: 1.482 | Val Acc: 48.33  |  Test Loss: 1.244 | Tes Acc: 53.33
INFO >> Epoch: 10  |  Layer: 02  |  Train Loss: 1.295 | Train Acc: 51.79  |  Val Loss: 1.471 | Val Acc: 47.67  |  Test Loss: 1.266 | Tes Acc: 52.33
INFO >> Epoch: 10  |  Layer: 03  |  Train Loss: 1.261 | Train Acc: 52.98  |  Val Loss: 1.456 | Val Acc: 50.33  |  Test Loss: 1.276 | Tes Acc: 51.67
INFO >> Epoch: 10  |  Layer: 04  |  Train Loss: 1.207 | Train Acc: 54.88  |  Val Loss: 1.392 | Val Acc: 52.33  |  Test Loss: 1.245 | Tes Acc: 52.00
INFO >> Epoch: 10  |  Layer: 05  |  Train Loss: 1.173 | Train Acc: 56.19  |  Val Loss: 1.379 | Val Acc: 52.67  |  Test Loss: 1.265 | Tes Acc: 51.00
INFO >> Epoch: 10  |  Layer: 06  |  Train Loss: 1.131 | Train Acc: 57.50  |  Val Loss: 1.350 | Val Acc: 53.00  |  Test Loss: 1.284 | Tes Acc: 48.67
INFO >> Epoch: 10  |  Layer: 07  |  Train Loss: 1.055 | Train Acc: 59.52  |  Val Loss: 1.300 | Val Acc: 55.33  |  Test Loss: 1.252 | Tes Acc: 50.00
INFO >> Epoch: 10  |  Layer: 08  |  Train Loss: 0.972 | Train Acc: 62.50  |  Val Loss: 1.207 | Val Acc: 57.67  |  Test Loss: 1.227 | Tes Acc: 53.67
INFO >> Epoch: 10  |  Layer: 09  |  Train Loss: 0.958 | Train Acc: 63.21  |  Val Loss: 1.196 | Val Acc: 56.33  |  Test Loss: 1.246 | Tes Acc: 51.33
INFO >> Epoch: 10  |  Layer: 10  |  Train Loss: 0.899 | Train Acc: 66.90  |  Val Loss: 1.126 | Val Acc: 59.67  |  Test Loss: 1.215 | Tes Acc: 51.67
INFO >> Epoch: 10  |  Layer: 11  |  Train Loss: 0.847 | Train Acc: 69.88  |  Val Loss: 1.096 | Val Acc: 60.00  |  Test Loss: 1.199 | Tes Acc: 51.67
INFO >> Epoch: 10  |  Layer: 12  |  Train Loss: 0.814 | Train Acc: 71.07  |  Val Loss: 1.038 | Val Acc: 66.00  |  Test Loss: 1.241 | Tes Acc: 54.33
INFO >> Epoch: 10  |  Layer: 13  |  Train Loss: 0.834 | Train Acc: 69.05  |  Val Loss: 1.062 | Val Acc: 60.00  |  Test Loss: 1.252 | Tes Acc: 53.33

INFO >> Epoch: 11  |  Layer: 01  |  Train Loss: 1.196 | Train Acc: 54.64  |  Val Loss: 1.543 | Val Acc: 45.67  |  Test Loss: 1.302 | Tes Acc: 49.00
INFO >> Epoch: 11  |  Layer: 02  |  Train Loss: 1.227 | Train Acc: 54.29  |  Val Loss: 1.613 | Val Acc: 39.00  |  Test Loss: 1.375 | Tes Acc: 46.33
INFO >> Epoch: 11  |  Layer: 03  |  Train Loss: 1.194 | Train Acc: 56.55  |  Val Loss: 1.578 | Val Acc: 41.00  |  Test Loss: 1.351 | Tes Acc: 48.00
INFO >> Epoch: 11  |  Layer: 04  |  Train Loss: 1.121 | Train Acc: 57.62  |  Val Loss: 1.527 | Val Acc: 43.67  |  Test Loss: 1.304 | Tes Acc: 51.00
INFO >> Epoch: 11  |  Layer: 05  |  Train Loss: 1.067 | Train Acc: 60.71  |  Val Loss: 1.554 | Val Acc: 44.00  |  Test Loss: 1.328 | Tes Acc: 49.67
INFO >> Epoch: 11  |  Layer: 06  |  Train Loss: 1.007 | Train Acc: 63.57  |  Val Loss: 1.473 | Val Acc: 45.00  |  Test Loss: 1.279 | Tes Acc: 51.33
INFO >> Epoch: 11  |  Layer: 07  |  Train Loss: 0.929 | Train Acc: 67.02  |  Val Loss: 1.376 | Val Acc: 47.33  |  Test Loss: 1.258 | Tes Acc: 51.67
INFO >> Epoch: 11  |  Layer: 08  |  Train Loss: 0.842 | Train Acc: 70.71  |  Val Loss: 1.248 | Val Acc: 52.67  |  Test Loss: 1.193 | Tes Acc: 54.67
INFO >> Epoch: 11  |  Layer: 09  |  Train Loss: 0.816 | Train Acc: 70.95  |  Val Loss: 1.208 | Val Acc: 53.00  |  Test Loss: 1.202 | Tes Acc: 55.33
INFO >> Epoch: 11  |  Layer: 10  |  Train Loss: 0.766 | Train Acc: 73.21  |  Val Loss: 1.060 | Val Acc: 64.00  |  Test Loss: 1.194 | Tes Acc: 55.00
INFO >> Epoch: 11  |  Layer: 11  |  Train Loss: 0.700 | Train Acc: 76.67  |  Val Loss: 1.022 | Val Acc: 63.00  |  Test Loss: 1.187 | Tes Acc: 56.33
INFO >> Epoch: 11  |  Layer: 12  |  Train Loss: 0.683 | Train Acc: 77.38  |  Val Loss: 1.000 | Val Acc: 67.33  |  Test Loss: 1.205 | Tes Acc: 58.67
INFO >> Epoch: 11  |  Layer: 13  |  Train Loss: 0.706 | Train Acc: 76.79  |  Val Loss: 0.966 | Val Acc: 68.00  |  Test Loss: 1.218 | Tes Acc: 55.33

INFO >> Epoch: 12  |  Layer: 01  |  Train Loss: 1.160 | Train Acc: 57.26  |  Val Loss: 1.486 | Val Acc: 47.67  |  Test Loss: 1.331 | Tes Acc: 49.00
INFO >> Epoch: 12  |  Layer: 02  |  Train Loss: 1.207 | Train Acc: 54.64  |  Val Loss: 1.469 | Val Acc: 44.00  |  Test Loss: 1.306 | Tes Acc: 52.67
INFO >> Epoch: 12  |  Layer: 03  |  Train Loss: 1.165 | Train Acc: 55.83  |  Val Loss: 1.473 | Val Acc: 47.00  |  Test Loss: 1.282 | Tes Acc: 53.33
INFO >> Epoch: 12  |  Layer: 04  |  Train Loss: 1.087 | Train Acc: 58.21  |  Val Loss: 1.387 | Val Acc: 48.67  |  Test Loss: 1.279 | Tes Acc: 51.33
INFO >> Epoch: 12  |  Layer: 05  |  Train Loss: 1.030 | Train Acc: 61.55  |  Val Loss: 1.329 | Val Acc: 52.00  |  Test Loss: 1.250 | Tes Acc: 53.33
INFO >> Epoch: 12  |  Layer: 06  |  Train Loss: 0.966 | Train Acc: 64.64  |  Val Loss: 1.242 | Val Acc: 56.00  |  Test Loss: 1.237 | Tes Acc: 51.67
INFO >> Epoch: 12  |  Layer: 07  |  Train Loss: 0.871 | Train Acc: 69.17  |  Val Loss: 1.152 | Val Acc: 60.33  |  Test Loss: 1.225 | Tes Acc: 53.33
INFO >> Epoch: 12  |  Layer: 08  |  Train Loss: 0.783 | Train Acc: 73.81  |  Val Loss: 1.056 | Val Acc: 64.00  |  Test Loss: 1.198 | Tes Acc: 55.67
INFO >> Epoch: 12  |  Layer: 09  |  Train Loss: 0.765 | Train Acc: 74.52  |  Val Loss: 1.036 | Val Acc: 65.67  |  Test Loss: 1.176 | Tes Acc: 54.00
INFO >> Epoch: 12  |  Layer: 10  |  Train Loss: 0.729 | Train Acc: 75.95  |  Val Loss: 0.969 | Val Acc: 68.33  |  Test Loss: 1.135 | Tes Acc: 55.33
INFO >> Epoch: 12  |  Layer: 11  |  Train Loss: 0.662 | Train Acc: 77.86  |  Val Loss: 0.924 | Val Acc: 71.33  |  Test Loss: 1.167 | Tes Acc: 58.00
INFO >> Epoch: 12  |  Layer: 12  |  Train Loss: 0.655 | Train Acc: 78.45  |  Val Loss: 0.928 | Val Acc: 70.67  |  Test Loss: 1.181 | Tes Acc: 56.33
INFO >> Epoch: 12  |  Layer: 13  |  Train Loss: 0.673 | Train Acc: 77.26  |  Val Loss: 0.881 | Val Acc: 70.67  |  Test Loss: 1.174 | Tes Acc: 55.33

INFO >> Epoch: 13  |  Layer: 01  |  Train Loss: 1.099 | Train Acc: 58.81  |  Val Loss: 1.510 | Val Acc: 47.67  |  Test Loss: 1.247 | Tes Acc: 54.33
INFO >> Epoch: 13  |  Layer: 02  |  Train Loss: 1.139 | Train Acc: 56.55  |  Val Loss: 1.528 | Val Acc: 43.33  |  Test Loss: 1.278 | Tes Acc: 54.00
INFO >> Epoch: 13  |  Layer: 03  |  Train Loss: 1.111 | Train Acc: 57.50  |  Val Loss: 1.538 | Val Acc: 43.67  |  Test Loss: 1.263 | Tes Acc: 56.00
INFO >> Epoch: 13  |  Layer: 04  |  Train Loss: 1.018 | Train Acc: 60.71  |  Val Loss: 1.456 | Val Acc: 46.00  |  Test Loss: 1.244 | Tes Acc: 56.67
INFO >> Epoch: 13  |  Layer: 05  |  Train Loss: 0.958 | Train Acc: 63.10  |  Val Loss: 1.487 | Val Acc: 44.67  |  Test Loss: 1.248 | Tes Acc: 57.33
INFO >> Epoch: 13  |  Layer: 06  |  Train Loss: 0.880 | Train Acc: 67.74  |  Val Loss: 1.412 | Val Acc: 48.33  |  Test Loss: 1.216 | Tes Acc: 57.67
INFO >> Epoch: 13  |  Layer: 07  |  Train Loss: 0.777 | Train Acc: 73.10  |  Val Loss: 1.342 | Val Acc: 52.33  |  Test Loss: 1.159 | Tes Acc: 58.67
INFO >> Epoch: 13  |  Layer: 08  |  Train Loss: 0.693 | Train Acc: 77.38  |  Val Loss: 1.159 | Val Acc: 57.00  |  Test Loss: 1.082 | Tes Acc: 59.33
INFO >> Epoch: 13  |  Layer: 09  |  Train Loss: 0.669 | Train Acc: 77.26  |  Val Loss: 1.315 | Val Acc: 48.33  |  Test Loss: 1.093 | Tes Acc: 61.33
INFO >> Epoch: 13  |  Layer: 10  |  Train Loss: 0.632 | Train Acc: 78.57  |  Val Loss: 1.069 | Val Acc: 62.67  |  Test Loss: 1.044 | Tes Acc: 58.67
INFO >> Epoch: 13  |  Layer: 11  |  Train Loss: 0.569 | Train Acc: 81.31  |  Val Loss: 1.070 | Val Acc: 62.67  |  Test Loss: 1.015 | Tes Acc: 59.67
INFO >> Epoch: 13  |  Layer: 12  |  Train Loss: 0.560 | Train Acc: 81.55  |  Val Loss: 1.031 | Val Acc: 66.00  |  Test Loss: 1.040 | Tes Acc: 59.33
INFO >> Epoch: 13  |  Layer: 13  |  Train Loss: 0.581 | Train Acc: 80.48  |  Val Loss: 1.034 | Val Acc: 65.00  |  Test Loss: 1.037 | Tes Acc: 58.67

INFO >> Epoch: 14  |  Layer: 01  |  Train Loss: 1.081 | Train Acc: 57.38  |  Val Loss: 1.419 | Val Acc: 53.00  |  Test Loss: 1.281 | Tes Acc: 50.67
INFO >> Epoch: 14  |  Layer: 02  |  Train Loss: 1.119 | Train Acc: 58.10  |  Val Loss: 1.406 | Val Acc: 52.67  |  Test Loss: 1.338 | Tes Acc: 51.00
INFO >> Epoch: 14  |  Layer: 03  |  Train Loss: 1.071 | Train Acc: 59.76  |  Val Loss: 1.410 | Val Acc: 54.67  |  Test Loss: 1.405 | Tes Acc: 47.67
INFO >> Epoch: 14  |  Layer: 04  |  Train Loss: 0.973 | Train Acc: 65.00  |  Val Loss: 1.353 | Val Acc: 52.33  |  Test Loss: 1.393 | Tes Acc: 50.00
INFO >> Epoch: 14  |  Layer: 05  |  Train Loss: 0.909 | Train Acc: 68.45  |  Val Loss: 1.304 | Val Acc: 57.67  |  Test Loss: 1.447 | Tes Acc: 49.33
INFO >> Epoch: 14  |  Layer: 06  |  Train Loss: 0.838 | Train Acc: 70.83  |  Val Loss: 1.257 | Val Acc: 59.00  |  Test Loss: 1.494 | Tes Acc: 49.67
INFO >> Epoch: 14  |  Layer: 07  |  Train Loss: 0.758 | Train Acc: 73.33  |  Val Loss: 1.144 | Val Acc: 64.00  |  Test Loss: 1.388 | Tes Acc: 53.33
INFO >> Epoch: 14  |  Layer: 08  |  Train Loss: 0.669 | Train Acc: 76.19  |  Val Loss: 1.092 | Val Acc: 65.67  |  Test Loss: 1.403 | Tes Acc: 53.67
INFO >> Epoch: 14  |  Layer: 09  |  Train Loss: 0.680 | Train Acc: 76.19  |  Val Loss: 1.087 | Val Acc: 64.00  |  Test Loss: 1.487 | Tes Acc: 52.67
INFO >> Epoch: 14  |  Layer: 10  |  Train Loss: 0.632 | Train Acc: 78.57  |  Val Loss: 1.050 | Val Acc: 64.67  |  Test Loss: 1.366 | Tes Acc: 52.33
INFO >> Epoch: 14  |  Layer: 11  |  Train Loss: 0.575 | Train Acc: 79.76  |  Val Loss: 1.031 | Val Acc: 65.67  |  Test Loss: 1.463 | Tes Acc: 53.00
INFO >> Epoch: 14  |  Layer: 12  |  Train Loss: 0.565 | Train Acc: 80.95  |  Val Loss: 1.006 | Val Acc: 67.67  |  Test Loss: 1.348 | Tes Acc: 54.33
INFO >> Epoch: 14  |  Layer: 13  |  Train Loss: 0.584 | Train Acc: 80.12  |  Val Loss: 0.967 | Val Acc: 68.33  |  Test Loss: 1.449 | Tes Acc: 51.67

INFO >> Epoch: 15  |  Layer: 01  |  Train Loss: 1.132 | Train Acc: 55.60  |  Val Loss: 1.504 | Val Acc: 49.00  |  Test Loss: 1.341 | Tes Acc: 45.00
INFO >> Epoch: 15  |  Layer: 02  |  Train Loss: 1.175 | Train Acc: 54.52  |  Val Loss: 1.510 | Val Acc: 45.67  |  Test Loss: 1.353 | Tes Acc: 46.33
INFO >> Epoch: 15  |  Layer: 03  |  Train Loss: 1.137 | Train Acc: 55.60  |  Val Loss: 1.468 | Val Acc: 48.33  |  Test Loss: 1.311 | Tes Acc: 51.33
INFO >> Epoch: 15  |  Layer: 04  |  Train Loss: 1.043 | Train Acc: 60.48  |  Val Loss: 1.321 | Val Acc: 54.00  |  Test Loss: 1.288 | Tes Acc: 54.33
INFO >> Epoch: 15  |  Layer: 05  |  Train Loss: 0.980 | Train Acc: 62.38  |  Val Loss: 1.282 | Val Acc: 58.67  |  Test Loss: 1.270 | Tes Acc: 54.00
INFO >> Epoch: 15  |  Layer: 06  |  Train Loss: 0.887 | Train Acc: 65.83  |  Val Loss: 1.207 | Val Acc: 61.33  |  Test Loss: 1.352 | Tes Acc: 50.00
INFO >> Epoch: 15  |  Layer: 07  |  Train Loss: 0.805 | Train Acc: 69.52  |  Val Loss: 1.085 | Val Acc: 68.33  |  Test Loss: 1.223 | Tes Acc: 55.67
INFO >> Epoch: 15  |  Layer: 08  |  Train Loss: 0.697 | Train Acc: 73.93  |  Val Loss: 1.128 | Val Acc: 65.67  |  Test Loss: 1.349 | Tes Acc: 52.00
INFO >> Epoch: 15  |  Layer: 09  |  Train Loss: 0.659 | Train Acc: 76.67  |  Val Loss: 1.114 | Val Acc: 65.67  |  Test Loss: 1.477 | Tes Acc: 49.33
INFO >> Epoch: 15  |  Layer: 10  |  Train Loss: 0.644 | Train Acc: 77.38  |  Val Loss: 1.032 | Val Acc: 69.00  |  Test Loss: 1.366 | Tes Acc: 53.67
INFO >> Epoch: 15  |  Layer: 11  |  Train Loss: 0.565 | Train Acc: 80.36  |  Val Loss: 0.969 | Val Acc: 72.00  |  Test Loss: 1.439 | Tes Acc: 51.00
INFO >> Epoch: 15  |  Layer: 12  |  Train Loss: 0.544 | Train Acc: 81.43  |  Val Loss: 1.062 | Val Acc: 70.33  |  Test Loss: 1.641 | Tes Acc: 48.67
INFO >> Epoch: 15  |  Layer: 13  |  Train Loss: 0.564 | Train Acc: 81.31  |  Val Loss: 1.000 | Val Acc: 69.67  |  Test Loss: 1.577 | Tes Acc: 50.33

INFO >> Epoch: 16  |  Layer: 01  |  Train Loss: 1.054 | Train Acc: 62.02  |  Val Loss: 1.460 | Val Acc: 50.67  |  Test Loss: 1.221 | Tes Acc: 53.33
INFO >> Epoch: 16  |  Layer: 02  |  Train Loss: 1.101 | Train Acc: 57.62  |  Val Loss: 1.500 | Val Acc: 45.67  |  Test Loss: 1.259 | Tes Acc: 52.67
INFO >> Epoch: 16  |  Layer: 03  |  Train Loss: 1.083 | Train Acc: 58.93  |  Val Loss: 1.462 | Val Acc: 46.00  |  Test Loss: 1.222 | Tes Acc: 52.00
INFO >> Epoch: 16  |  Layer: 04  |  Train Loss: 1.007 | Train Acc: 62.14  |  Val Loss: 1.297 | Val Acc: 49.67  |  Test Loss: 1.163 | Tes Acc: 57.00
INFO >> Epoch: 16  |  Layer: 05  |  Train Loss: 0.913 | Train Acc: 65.48  |  Val Loss: 1.243 | Val Acc: 55.67  |  Test Loss: 1.166 | Tes Acc: 55.33
INFO >> Epoch: 16  |  Layer: 06  |  Train Loss: 0.846 | Train Acc: 67.26  |  Val Loss: 1.181 | Val Acc: 60.33  |  Test Loss: 1.147 | Tes Acc: 56.33
INFO >> Epoch: 16  |  Layer: 07  |  Train Loss: 0.728 | Train Acc: 72.50  |  Val Loss: 1.090 | Val Acc: 61.33  |  Test Loss: 1.076 | Tes Acc: 58.00
INFO >> Epoch: 16  |  Layer: 08  |  Train Loss: 0.656 | Train Acc: 76.19  |  Val Loss: 1.032 | Val Acc: 65.67  |  Test Loss: 1.064 | Tes Acc: 57.00
INFO >> Epoch: 16  |  Layer: 09  |  Train Loss: 0.648 | Train Acc: 77.14  |  Val Loss: 1.029 | Val Acc: 64.33  |  Test Loss: 1.086 | Tes Acc: 58.67
INFO >> Epoch: 16  |  Layer: 10  |  Train Loss: 0.605 | Train Acc: 78.10  |  Val Loss: 0.987 | Val Acc: 68.67  |  Test Loss: 1.085 | Tes Acc: 60.33
INFO >> Epoch: 16  |  Layer: 11  |  Train Loss: 0.535 | Train Acc: 81.90  |  Val Loss: 0.930 | Val Acc: 68.33  |  Test Loss: 1.059 | Tes Acc: 57.00
INFO >> Epoch: 16  |  Layer: 12  |  Train Loss: 0.556 | Train Acc: 80.60  |  Val Loss: 0.881 | Val Acc: 72.33  |  Test Loss: 1.134 | Tes Acc: 59.67
INFO >> Epoch: 16  |  Layer: 13  |  Train Loss: 0.552 | Train Acc: 80.24  |  Val Loss: 0.915 | Val Acc: 70.00  |  Test Loss: 1.176 | Tes Acc: 59.00

INFO >> Epoch: 17  |  Layer: 01  |  Train Loss: 0.963 | Train Acc: 65.36  |  Val Loss: 1.484 | Val Acc: 50.33  |  Test Loss: 1.230 | Tes Acc: 53.00
INFO >> Epoch: 17  |  Layer: 02  |  Train Loss: 1.004 | Train Acc: 64.40  |  Val Loss: 1.423 | Val Acc: 50.67  |  Test Loss: 1.210 | Tes Acc: 54.33
INFO >> Epoch: 17  |  Layer: 03  |  Train Loss: 0.958 | Train Acc: 66.19  |  Val Loss: 1.437 | Val Acc: 47.67  |  Test Loss: 1.210 | Tes Acc: 56.00
INFO >> Epoch: 17  |  Layer: 04  |  Train Loss: 0.861 | Train Acc: 70.83  |  Val Loss: 1.347 | Val Acc: 52.67  |  Test Loss: 1.203 | Tes Acc: 56.67
INFO >> Epoch: 17  |  Layer: 05  |  Train Loss: 0.786 | Train Acc: 72.38  |  Val Loss: 1.335 | Val Acc: 53.67  |  Test Loss: 1.236 | Tes Acc: 53.67
INFO >> Epoch: 17  |  Layer: 06  |  Train Loss: 0.701 | Train Acc: 75.95  |  Val Loss: 1.216 | Val Acc: 55.33  |  Test Loss: 1.227 | Tes Acc: 54.33
INFO >> Epoch: 17  |  Layer: 07  |  Train Loss: 0.616 | Train Acc: 78.81  |  Val Loss: 1.126 | Val Acc: 60.33  |  Test Loss: 1.202 | Tes Acc: 57.67
INFO >> Epoch: 17  |  Layer: 08  |  Train Loss: 0.558 | Train Acc: 79.76  |  Val Loss: 0.991 | Val Acc: 65.33  |  Test Loss: 1.143 | Tes Acc: 58.67
INFO >> Epoch: 17  |  Layer: 09  |  Train Loss: 0.545 | Train Acc: 80.60  |  Val Loss: 1.022 | Val Acc: 66.00  |  Test Loss: 1.214 | Tes Acc: 56.33
INFO >> Epoch: 17  |  Layer: 10  |  Train Loss: 0.518 | Train Acc: 82.62  |  Val Loss: 0.959 | Val Acc: 68.67  |  Test Loss: 1.179 | Tes Acc: 60.67
INFO >> Epoch: 17  |  Layer: 11  |  Train Loss: 0.451 | Train Acc: 85.12  |  Val Loss: 1.000 | Val Acc: 69.67  |  Test Loss: 1.284 | Tes Acc: 59.67
INFO >> Epoch: 17  |  Layer: 12  |  Train Loss: 0.480 | Train Acc: 82.62  |  Val Loss: 0.959 | Val Acc: 71.00  |  Test Loss: 1.234 | Tes Acc: 57.67
INFO >> Epoch: 17  |  Layer: 13  |  Train Loss: 0.492 | Train Acc: 83.10  |  Val Loss: 0.922 | Val Acc: 73.33  |  Test Loss: 1.270 | Tes Acc: 57.67

INFO >> Epoch: 18  |  Layer: 01  |  Train Loss: 0.953 | Train Acc: 65.12  |  Val Loss: 1.436 | Val Acc: 56.33  |  Test Loss: 1.228 | Tes Acc: 51.33
INFO >> Epoch: 18  |  Layer: 02  |  Train Loss: 0.979 | Train Acc: 64.05  |  Val Loss: 1.408 | Val Acc: 56.00  |  Test Loss: 1.273 | Tes Acc: 51.00
INFO >> Epoch: 18  |  Layer: 03  |  Train Loss: 0.941 | Train Acc: 65.48  |  Val Loss: 1.384 | Val Acc: 56.67  |  Test Loss: 1.292 | Tes Acc: 48.00
INFO >> Epoch: 18  |  Layer: 04  |  Train Loss: 0.883 | Train Acc: 68.10  |  Val Loss: 1.273 | Val Acc: 59.00  |  Test Loss: 1.282 | Tes Acc: 51.00
INFO >> Epoch: 18  |  Layer: 05  |  Train Loss: 0.804 | Train Acc: 69.40  |  Val Loss: 1.298 | Val Acc: 61.33  |  Test Loss: 1.314 | Tes Acc: 48.33
INFO >> Epoch: 18  |  Layer: 06  |  Train Loss: 0.704 | Train Acc: 74.40  |  Val Loss: 1.155 | Val Acc: 64.00  |  Test Loss: 1.312 | Tes Acc: 49.67
INFO >> Epoch: 18  |  Layer: 07  |  Train Loss: 0.620 | Train Acc: 77.62  |  Val Loss: 1.108 | Val Acc: 66.00  |  Test Loss: 1.281 | Tes Acc: 52.00
INFO >> Epoch: 18  |  Layer: 08  |  Train Loss: 0.540 | Train Acc: 80.24  |  Val Loss: 1.058 | Val Acc: 68.67  |  Test Loss: 1.229 | Tes Acc: 52.67
INFO >> Epoch: 18  |  Layer: 09  |  Train Loss: 0.511 | Train Acc: 81.43  |  Val Loss: 1.036 | Val Acc: 70.00  |  Test Loss: 1.268 | Tes Acc: 52.00
INFO >> Epoch: 18  |  Layer: 10  |  Train Loss: 0.487 | Train Acc: 83.33  |  Val Loss: 0.943 | Val Acc: 71.33  |  Test Loss: 1.273 | Tes Acc: 53.00
INFO >> Epoch: 18  |  Layer: 11  |  Train Loss: 0.432 | Train Acc: 85.60  |  Val Loss: 0.961 | Val Acc: 70.33  |  Test Loss: 1.293 | Tes Acc: 52.67
INFO >> Epoch: 18  |  Layer: 12  |  Train Loss: 0.458 | Train Acc: 83.33  |  Val Loss: 0.957 | Val Acc: 73.00  |  Test Loss: 1.441 | Tes Acc: 47.33
INFO >> Epoch: 18  |  Layer: 13  |  Train Loss: 0.462 | Train Acc: 83.81  |  Val Loss: 0.907 | Val Acc: 73.33  |  Test Loss: 1.394 | Tes Acc: 50.33

INFO >> Epoch: 19  |  Layer: 01  |  Train Loss: 0.903 | Train Acc: 67.74  |  Val Loss: 1.392 | Val Acc: 56.00  |  Test Loss: 1.192 | Tes Acc: 55.33
INFO >> Epoch: 19  |  Layer: 02  |  Train Loss: 0.983 | Train Acc: 62.50  |  Val Loss: 1.494 | Val Acc: 49.67  |  Test Loss: 1.256 | Tes Acc: 53.00
INFO >> Epoch: 19  |  Layer: 03  |  Train Loss: 0.943 | Train Acc: 64.76  |  Val Loss: 1.507 | Val Acc: 48.33  |  Test Loss: 1.229 | Tes Acc: 56.00
INFO >> Epoch: 19  |  Layer: 04  |  Train Loss: 0.870 | Train Acc: 68.93  |  Val Loss: 1.436 | Val Acc: 50.67  |  Test Loss: 1.207 | Tes Acc: 56.00
INFO >> Epoch: 19  |  Layer: 05  |  Train Loss: 0.772 | Train Acc: 72.14  |  Val Loss: 1.420 | Val Acc: 52.00  |  Test Loss: 1.226 | Tes Acc: 56.00
INFO >> Epoch: 19  |  Layer: 06  |  Train Loss: 0.677 | Train Acc: 75.36  |  Val Loss: 1.395 | Val Acc: 54.00  |  Test Loss: 1.176 | Tes Acc: 57.00
INFO >> Epoch: 19  |  Layer: 07  |  Train Loss: 0.584 | Train Acc: 78.45  |  Val Loss: 1.274 | Val Acc: 58.00  |  Test Loss: 1.092 | Tes Acc: 60.00
INFO >> Epoch: 19  |  Layer: 08  |  Train Loss: 0.481 | Train Acc: 82.50  |  Val Loss: 1.240 | Val Acc: 57.67  |  Test Loss: 1.046 | Tes Acc: 62.33
INFO >> Epoch: 19  |  Layer: 09  |  Train Loss: 0.479 | Train Acc: 83.10  |  Val Loss: 1.314 | Val Acc: 55.33  |  Test Loss: 1.077 | Tes Acc: 62.00
INFO >> Epoch: 19  |  Layer: 10  |  Train Loss: 0.467 | Train Acc: 82.86  |  Val Loss: 1.230 | Val Acc: 57.00  |  Test Loss: 1.093 | Tes Acc: 60.33
INFO >> Epoch: 19  |  Layer: 11  |  Train Loss: 0.410 | Train Acc: 85.95  |  Val Loss: 1.393 | Val Acc: 52.67  |  Test Loss: 1.139 | Tes Acc: 61.67
INFO >> Epoch: 19  |  Layer: 12  |  Train Loss: 0.398 | Train Acc: 86.19  |  Val Loss: 1.136 | Val Acc: 62.33  |  Test Loss: 1.093 | Tes Acc: 62.33
INFO >> Epoch: 19  |  Layer: 13  |  Train Loss: 0.420 | Train Acc: 86.67  |  Val Loss: 1.275 | Val Acc: 57.00  |  Test Loss: 1.125 | Tes Acc: 60.00

INFO >> Epoch: 20  |  Layer: 01  |  Train Loss: 0.861 | Train Acc: 68.21  |  Val Loss: 1.388 | Val Acc: 54.00  |  Test Loss: 1.203 | Tes Acc: 54.67
INFO >> Epoch: 20  |  Layer: 02  |  Train Loss: 0.905 | Train Acc: 65.00  |  Val Loss: 1.312 | Val Acc: 53.33  |  Test Loss: 1.216 | Tes Acc: 55.67
INFO >> Epoch: 20  |  Layer: 03  |  Train Loss: 0.837 | Train Acc: 68.33  |  Val Loss: 1.336 | Val Acc: 53.67  |  Test Loss: 1.170 | Tes Acc: 58.67
INFO >> Epoch: 20  |  Layer: 04  |  Train Loss: 0.756 | Train Acc: 72.86  |  Val Loss: 1.206 | Val Acc: 61.00  |  Test Loss: 1.171 | Tes Acc: 56.33
INFO >> Epoch: 20  |  Layer: 05  |  Train Loss: 0.675 | Train Acc: 75.60  |  Val Loss: 1.211 | Val Acc: 61.00  |  Test Loss: 1.207 | Tes Acc: 56.00
INFO >> Epoch: 20  |  Layer: 06  |  Train Loss: 0.577 | Train Acc: 80.83  |  Val Loss: 1.148 | Val Acc: 64.33  |  Test Loss: 1.199 | Tes Acc: 55.67
INFO >> Epoch: 20  |  Layer: 07  |  Train Loss: 0.495 | Train Acc: 83.33  |  Val Loss: 1.082 | Val Acc: 69.33  |  Test Loss: 1.188 | Tes Acc: 54.33
INFO >> Epoch: 20  |  Layer: 08  |  Train Loss: 0.424 | Train Acc: 85.36  |  Val Loss: 1.004 | Val Acc: 68.33  |  Test Loss: 1.186 | Tes Acc: 57.67
INFO >> Epoch: 20  |  Layer: 09  |  Train Loss: 0.436 | Train Acc: 84.40  |  Val Loss: 1.014 | Val Acc: 69.00  |  Test Loss: 1.258 | Tes Acc: 53.00
INFO >> Epoch: 20  |  Layer: 10  |  Train Loss: 0.399 | Train Acc: 86.07  |  Val Loss: 0.931 | Val Acc: 73.33  |  Test Loss: 1.239 | Tes Acc: 55.00
INFO >> Epoch: 20  |  Layer: 11  |  Train Loss: 0.380 | Train Acc: 85.83  |  Val Loss: 0.966 | Val Acc: 73.67  |  Test Loss: 1.353 | Tes Acc: 52.67
INFO >> Epoch: 20  |  Layer: 12  |  Train Loss: 0.349 | Train Acc: 87.74  |  Val Loss: 0.925 | Val Acc: 73.33  |  Test Loss: 1.359 | Tes Acc: 55.00
INFO >> Epoch: 20  |  Layer: 13  |  Train Loss: 0.387 | Train Acc: 85.71  |  Val Loss: 0.860 | Val Acc: 76.33  |  Test Loss: 1.385 | Tes Acc: 51.67

INFO >> Epoch: 21  |  Layer: 01  |  Train Loss: 0.832 | Train Acc: 71.43  |  Val Loss: 1.508 | Val Acc: 55.33  |  Test Loss: 1.321 | Tes Acc: 48.00
INFO >> Epoch: 21  |  Layer: 02  |  Train Loss: 0.858 | Train Acc: 69.17  |  Val Loss: 1.558 | Val Acc: 49.00  |  Test Loss: 1.352 | Tes Acc: 49.67
INFO >> Epoch: 21  |  Layer: 03  |  Train Loss: 0.803 | Train Acc: 73.45  |  Val Loss: 1.506 | Val Acc: 51.33  |  Test Loss: 1.327 | Tes Acc: 49.33
INFO >> Epoch: 21  |  Layer: 04  |  Train Loss: 0.713 | Train Acc: 75.95  |  Val Loss: 1.368 | Val Acc: 55.67  |  Test Loss: 1.302 | Tes Acc: 51.67
INFO >> Epoch: 21  |  Layer: 05  |  Train Loss: 0.633 | Train Acc: 78.33  |  Val Loss: 1.273 | Val Acc: 61.67  |  Test Loss: 1.352 | Tes Acc: 51.67
INFO >> Epoch: 21  |  Layer: 06  |  Train Loss: 0.533 | Train Acc: 82.50  |  Val Loss: 1.174 | Val Acc: 67.00  |  Test Loss: 1.408 | Tes Acc: 50.00
INFO >> Epoch: 21  |  Layer: 07  |  Train Loss: 0.461 | Train Acc: 85.48  |  Val Loss: 1.143 | Val Acc: 67.67  |  Test Loss: 1.365 | Tes Acc: 50.00
INFO >> Epoch: 21  |  Layer: 08  |  Train Loss: 0.383 | Train Acc: 88.21  |  Val Loss: 1.038 | Val Acc: 71.33  |  Test Loss: 1.370 | Tes Acc: 50.00
INFO >> Epoch: 21  |  Layer: 09  |  Train Loss: 0.371 | Train Acc: 88.69  |  Val Loss: 0.976 | Val Acc: 73.33  |  Test Loss: 1.389 | Tes Acc: 51.00
INFO >> Epoch: 21  |  Layer: 10  |  Train Loss: 0.366 | Train Acc: 89.29  |  Val Loss: 0.987 | Val Acc: 71.67  |  Test Loss: 1.410 | Tes Acc: 52.00
INFO >> Epoch: 21  |  Layer: 11  |  Train Loss: 0.331 | Train Acc: 90.12  |  Val Loss: 0.952 | Val Acc: 72.00  |  Test Loss: 1.453 | Tes Acc: 51.00
INFO >> Epoch: 21  |  Layer: 12  |  Train Loss: 0.312 | Train Acc: 90.48  |  Val Loss: 0.899 | Val Acc: 74.00  |  Test Loss: 1.424 | Tes Acc: 54.33
INFO >> Epoch: 21  |  Layer: 13  |  Train Loss: 0.337 | Train Acc: 89.05  |  Val Loss: 0.892 | Val Acc: 73.33  |  Test Loss: 1.451 | Tes Acc: 52.33

INFO >> Epoch: 22  |  Layer: 01  |  Train Loss: 0.784 | Train Acc: 71.90  |  Val Loss: 1.694 | Val Acc: 49.00  |  Test Loss: 1.406 | Tes Acc: 51.67
INFO >> Epoch: 22  |  Layer: 02  |  Train Loss: 0.818 | Train Acc: 69.17  |  Val Loss: 1.472 | Val Acc: 53.33  |  Test Loss: 1.267 | Tes Acc: 53.67
INFO >> Epoch: 22  |  Layer: 03  |  Train Loss: 0.767 | Train Acc: 71.19  |  Val Loss: 1.456 | Val Acc: 54.67  |  Test Loss: 1.219 | Tes Acc: 57.00
INFO >> Epoch: 22  |  Layer: 04  |  Train Loss: 0.686 | Train Acc: 76.07  |  Val Loss: 1.377 | Val Acc: 54.67  |  Test Loss: 1.167 | Tes Acc: 55.67
INFO >> Epoch: 22  |  Layer: 05  |  Train Loss: 0.612 | Train Acc: 78.21  |  Val Loss: 1.382 | Val Acc: 58.00  |  Test Loss: 1.225 | Tes Acc: 56.33
INFO >> Epoch: 22  |  Layer: 06  |  Train Loss: 0.518 | Train Acc: 82.62  |  Val Loss: 1.252 | Val Acc: 63.00  |  Test Loss: 1.181 | Tes Acc: 58.00
INFO >> Epoch: 22  |  Layer: 07  |  Train Loss: 0.442 | Train Acc: 84.88  |  Val Loss: 1.127 | Val Acc: 67.33  |  Test Loss: 1.171 | Tes Acc: 57.67
INFO >> Epoch: 22  |  Layer: 08  |  Train Loss: 0.373 | Train Acc: 87.26  |  Val Loss: 0.984 | Val Acc: 71.67  |  Test Loss: 1.191 | Tes Acc: 58.00
INFO >> Epoch: 22  |  Layer: 09  |  Train Loss: 0.351 | Train Acc: 88.21  |  Val Loss: 0.976 | Val Acc: 72.00  |  Test Loss: 1.195 | Tes Acc: 57.33
INFO >> Epoch: 22  |  Layer: 10  |  Train Loss: 0.346 | Train Acc: 88.57  |  Val Loss: 0.927 | Val Acc: 74.00  |  Test Loss: 1.244 | Tes Acc: 56.33
INFO >> Epoch: 22  |  Layer: 11  |  Train Loss: 0.306 | Train Acc: 89.40  |  Val Loss: 0.892 | Val Acc: 76.00  |  Test Loss: 1.301 | Tes Acc: 56.00
INFO >> Epoch: 22  |  Layer: 12  |  Train Loss: 0.301 | Train Acc: 90.12  |  Val Loss: 0.891 | Val Acc: 75.33  |  Test Loss: 1.361 | Tes Acc: 55.00
INFO >> Epoch: 22  |  Layer: 13  |  Train Loss: 0.308 | Train Acc: 90.24  |  Val Loss: 0.846 | Val Acc: 74.67  |  Test Loss: 1.330 | Tes Acc: 54.33

INFO >> Epoch: 23  |  Layer: 01  |  Train Loss: 0.744 | Train Acc: 73.33  |  Val Loss: 1.459 | Val Acc: 55.33  |  Test Loss: 1.423 | Tes Acc: 49.33
INFO >> Epoch: 23  |  Layer: 02  |  Train Loss: 0.789 | Train Acc: 71.31  |  Val Loss: 1.396 | Val Acc: 58.33  |  Test Loss: 1.504 | Tes Acc: 44.33
INFO >> Epoch: 23  |  Layer: 03  |  Train Loss: 0.732 | Train Acc: 73.57  |  Val Loss: 1.357 | Val Acc: 58.33  |  Test Loss: 1.410 | Tes Acc: 48.00
INFO >> Epoch: 23  |  Layer: 04  |  Train Loss: 0.644 | Train Acc: 76.90  |  Val Loss: 1.266 | Val Acc: 61.33  |  Test Loss: 1.327 | Tes Acc: 53.00
INFO >> Epoch: 23  |  Layer: 05  |  Train Loss: 0.565 | Train Acc: 79.40  |  Val Loss: 1.207 | Val Acc: 63.00  |  Test Loss: 1.300 | Tes Acc: 53.00
INFO >> Epoch: 23  |  Layer: 06  |  Train Loss: 0.468 | Train Acc: 84.17  |  Val Loss: 1.148 | Val Acc: 63.67  |  Test Loss: 1.301 | Tes Acc: 57.00
INFO >> Epoch: 23  |  Layer: 07  |  Train Loss: 0.405 | Train Acc: 86.19  |  Val Loss: 1.087 | Val Acc: 65.00  |  Test Loss: 1.208 | Tes Acc: 60.33
INFO >> Epoch: 23  |  Layer: 08  |  Train Loss: 0.342 | Train Acc: 87.98  |  Val Loss: 1.061 | Val Acc: 68.00  |  Test Loss: 1.209 | Tes Acc: 61.33
INFO >> Epoch: 23  |  Layer: 09  |  Train Loss: 0.342 | Train Acc: 88.10  |  Val Loss: 1.030 | Val Acc: 68.67  |  Test Loss: 1.223 | Tes Acc: 60.67
INFO >> Epoch: 23  |  Layer: 10  |  Train Loss: 0.331 | Train Acc: 88.10  |  Val Loss: 1.048 | Val Acc: 69.00  |  Test Loss: 1.201 | Tes Acc: 63.00
INFO >> Epoch: 23  |  Layer: 11  |  Train Loss: 0.297 | Train Acc: 89.29  |  Val Loss: 1.053 | Val Acc: 69.33  |  Test Loss: 1.210 | Tes Acc: 61.67
INFO >> Epoch: 23  |  Layer: 12  |  Train Loss: 0.289 | Train Acc: 89.76  |  Val Loss: 1.059 | Val Acc: 69.67  |  Test Loss: 1.278 | Tes Acc: 62.33
INFO >> Epoch: 23  |  Layer: 13  |  Train Loss: 0.293 | Train Acc: 90.36  |  Val Loss: 1.000 | Val Acc: 70.67  |  Test Loss: 1.268 | Tes Acc: 62.33

INFO >> Epoch: 24  |  Layer: 01  |  Train Loss: 0.799 | Train Acc: 71.31  |  Val Loss: 1.427 | Val Acc: 55.67  |  Test Loss: 1.224 | Tes Acc: 52.00
INFO >> Epoch: 24  |  Layer: 02  |  Train Loss: 0.847 | Train Acc: 68.10  |  Val Loss: 1.514 | Val Acc: 52.33  |  Test Loss: 1.271 | Tes Acc: 52.67
INFO >> Epoch: 24  |  Layer: 03  |  Train Loss: 0.759 | Train Acc: 73.69  |  Val Loss: 1.513 | Val Acc: 52.00  |  Test Loss: 1.202 | Tes Acc: 55.00
INFO >> Epoch: 24  |  Layer: 04  |  Train Loss: 0.666 | Train Acc: 76.31  |  Val Loss: 1.357 | Val Acc: 55.33  |  Test Loss: 1.160 | Tes Acc: 58.67
INFO >> Epoch: 24  |  Layer: 05  |  Train Loss: 0.578 | Train Acc: 79.52  |  Val Loss: 1.386 | Val Acc: 56.67  |  Test Loss: 1.235 | Tes Acc: 58.00
INFO >> Epoch: 24  |  Layer: 06  |  Train Loss: 0.479 | Train Acc: 82.86  |  Val Loss: 1.346 | Val Acc: 58.67  |  Test Loss: 1.208 | Tes Acc: 59.33
INFO >> Epoch: 24  |  Layer: 07  |  Train Loss: 0.389 | Train Acc: 86.43  |  Val Loss: 1.225 | Val Acc: 63.00  |  Test Loss: 1.170 | Tes Acc: 58.33
INFO >> Epoch: 24  |  Layer: 08  |  Train Loss: 0.312 | Train Acc: 89.64  |  Val Loss: 1.112 | Val Acc: 68.67  |  Test Loss: 1.150 | Tes Acc: 59.00
INFO >> Epoch: 24  |  Layer: 09  |  Train Loss: 0.305 | Train Acc: 89.76  |  Val Loss: 1.111 | Val Acc: 67.67  |  Test Loss: 1.205 | Tes Acc: 58.33
INFO >> Epoch: 24  |  Layer: 10  |  Train Loss: 0.305 | Train Acc: 90.24  |  Val Loss: 1.081 | Val Acc: 69.00  |  Test Loss: 1.169 | Tes Acc: 62.33
INFO >> Epoch: 24  |  Layer: 11  |  Train Loss: 0.250 | Train Acc: 92.86  |  Val Loss: 1.022 | Val Acc: 70.00  |  Test Loss: 1.264 | Tes Acc: 59.00
INFO >> Epoch: 24  |  Layer: 12  |  Train Loss: 0.240 | Train Acc: 93.10  |  Val Loss: 1.008 | Val Acc: 72.33  |  Test Loss: 1.295 | Tes Acc: 60.67
INFO >> Epoch: 24  |  Layer: 13  |  Train Loss: 0.259 | Train Acc: 92.62  |  Val Loss: 0.982 | Val Acc: 71.33  |  Test Loss: 1.278 | Tes Acc: 60.33

INFO >> Epoch: 25  |  Layer: 01  |  Train Loss: 0.736 | Train Acc: 73.10  |  Val Loss: 1.714 | Val Acc: 50.67  |  Test Loss: 1.502 | Tes Acc: 48.67
INFO >> Epoch: 25  |  Layer: 02  |  Train Loss: 0.771 | Train Acc: 72.02  |  Val Loss: 1.606 | Val Acc: 52.33  |  Test Loss: 1.450 | Tes Acc: 50.00
INFO >> Epoch: 25  |  Layer: 03  |  Train Loss: 0.688 | Train Acc: 76.07  |  Val Loss: 1.639 | Val Acc: 53.33  |  Test Loss: 1.429 | Tes Acc: 52.33
INFO >> Epoch: 25  |  Layer: 04  |  Train Loss: 0.616 | Train Acc: 79.29  |  Val Loss: 1.551 | Val Acc: 53.67  |  Test Loss: 1.417 | Tes Acc: 49.67
INFO >> Epoch: 25  |  Layer: 05  |  Train Loss: 0.541 | Train Acc: 81.55  |  Val Loss: 1.468 | Val Acc: 61.00  |  Test Loss: 1.444 | Tes Acc: 52.00
INFO >> Epoch: 25  |  Layer: 06  |  Train Loss: 0.422 | Train Acc: 85.95  |  Val Loss: 1.440 | Val Acc: 61.33  |  Test Loss: 1.511 | Tes Acc: 51.33
INFO >> Epoch: 25  |  Layer: 07  |  Train Loss: 0.355 | Train Acc: 88.33  |  Val Loss: 1.355 | Val Acc: 62.00  |  Test Loss: 1.462 | Tes Acc: 52.67
INFO >> Epoch: 25  |  Layer: 08  |  Train Loss: 0.268 | Train Acc: 92.74  |  Val Loss: 1.278 | Val Acc: 65.67  |  Test Loss: 1.476 | Tes Acc: 54.67
INFO >> Epoch: 25  |  Layer: 09  |  Train Loss: 0.269 | Train Acc: 91.79  |  Val Loss: 1.196 | Val Acc: 67.00  |  Test Loss: 1.498 | Tes Acc: 54.33
INFO >> Epoch: 25  |  Layer: 10  |  Train Loss: 0.259 | Train Acc: 92.74  |  Val Loss: 1.159 | Val Acc: 68.33  |  Test Loss: 1.491 | Tes Acc: 55.33
INFO >> Epoch: 25  |  Layer: 11  |  Train Loss: 0.225 | Train Acc: 93.33  |  Val Loss: 1.116 | Val Acc: 70.00  |  Test Loss: 1.494 | Tes Acc: 55.00
INFO >> Epoch: 25  |  Layer: 12  |  Train Loss: 0.225 | Train Acc: 93.57  |  Val Loss: 1.071 | Val Acc: 71.00  |  Test Loss: 1.503 | Tes Acc: 56.67
INFO >> Epoch: 25  |  Layer: 13  |  Train Loss: 0.231 | Train Acc: 92.62  |  Val Loss: 1.079 | Val Acc: 70.00  |  Test Loss: 1.547 | Tes Acc: 58.33

INFO >> Epoch: 26  |  Layer: 01  |  Train Loss: 0.767 | Train Acc: 71.55  |  Val Loss: 1.459 | Val Acc: 56.33  |  Test Loss: 1.383 | Tes Acc: 51.67
INFO >> Epoch: 26  |  Layer: 02  |  Train Loss: 0.801 | Train Acc: 69.05  |  Val Loss: 1.409 | Val Acc: 56.67  |  Test Loss: 1.370 | Tes Acc: 49.00
INFO >> Epoch: 26  |  Layer: 03  |  Train Loss: 0.715 | Train Acc: 73.21  |  Val Loss: 1.418 | Val Acc: 56.00  |  Test Loss: 1.342 | Tes Acc: 51.00
INFO >> Epoch: 26  |  Layer: 04  |  Train Loss: 0.613 | Train Acc: 77.74  |  Val Loss: 1.272 | Val Acc: 62.33  |  Test Loss: 1.280 | Tes Acc: 53.33
INFO >> Epoch: 26  |  Layer: 05  |  Train Loss: 0.528 | Train Acc: 81.31  |  Val Loss: 1.232 | Val Acc: 65.00  |  Test Loss: 1.320 | Tes Acc: 53.33
INFO >> Epoch: 26  |  Layer: 06  |  Train Loss: 0.439 | Train Acc: 84.40  |  Val Loss: 1.136 | Val Acc: 66.00  |  Test Loss: 1.285 | Tes Acc: 53.67
INFO >> Epoch: 26  |  Layer: 07  |  Train Loss: 0.372 | Train Acc: 88.21  |  Val Loss: 1.118 | Val Acc: 68.33  |  Test Loss: 1.279 | Tes Acc: 55.00
INFO >> Epoch: 26  |  Layer: 08  |  Train Loss: 0.288 | Train Acc: 90.60  |  Val Loss: 1.071 | Val Acc: 70.33  |  Test Loss: 1.302 | Tes Acc: 58.00
INFO >> Epoch: 26  |  Layer: 09  |  Train Loss: 0.279 | Train Acc: 90.60  |  Val Loss: 1.090 | Val Acc: 69.67  |  Test Loss: 1.319 | Tes Acc: 58.00
INFO >> Epoch: 26  |  Layer: 10  |  Train Loss: 0.273 | Train Acc: 91.55  |  Val Loss: 1.091 | Val Acc: 71.00  |  Test Loss: 1.362 | Tes Acc: 59.00
INFO >> Epoch: 26  |  Layer: 11  |  Train Loss: 0.224 | Train Acc: 93.69  |  Val Loss: 1.104 | Val Acc: 69.00  |  Test Loss: 1.388 | Tes Acc: 58.67
INFO >> Epoch: 26  |  Layer: 12  |  Train Loss: 0.226 | Train Acc: 93.33  |  Val Loss: 1.122 | Val Acc: 70.33  |  Test Loss: 1.436 | Tes Acc: 59.00
INFO >> Epoch: 26  |  Layer: 13  |  Train Loss: 0.232 | Train Acc: 93.93  |  Val Loss: 1.073 | Val Acc: 69.33  |  Test Loss: 1.464 | Tes Acc: 57.67

INFO >> Epoch: 27  |  Layer: 01  |  Train Loss: 0.700 | Train Acc: 74.17  |  Val Loss: 1.832 | Val Acc: 48.00  |  Test Loss: 1.469 | Tes Acc: 54.00
INFO >> Epoch: 27  |  Layer: 02  |  Train Loss: 0.725 | Train Acc: 73.57  |  Val Loss: 1.727 | Val Acc: 48.00  |  Test Loss: 1.432 | Tes Acc: 51.67
INFO >> Epoch: 27  |  Layer: 03  |  Train Loss: 0.668 | Train Acc: 75.48  |  Val Loss: 1.817 | Val Acc: 46.33  |  Test Loss: 1.409 | Tes Acc: 53.67
INFO >> Epoch: 27  |  Layer: 04  |  Train Loss: 0.581 | Train Acc: 77.26  |  Val Loss: 1.882 | Val Acc: 46.67  |  Test Loss: 1.475 | Tes Acc: 52.67
INFO >> Epoch: 27  |  Layer: 05  |  Train Loss: 0.501 | Train Acc: 81.90  |  Val Loss: 1.802 | Val Acc: 48.00  |  Test Loss: 1.428 | Tes Acc: 53.67
INFO >> Epoch: 27  |  Layer: 06  |  Train Loss: 0.394 | Train Acc: 86.79  |  Val Loss: 1.714 | Val Acc: 52.67  |  Test Loss: 1.473 | Tes Acc: 54.00
INFO >> Epoch: 27  |  Layer: 07  |  Train Loss: 0.330 | Train Acc: 89.52  |  Val Loss: 1.717 | Val Acc: 53.67  |  Test Loss: 1.507 | Tes Acc: 53.00
INFO >> Epoch: 27  |  Layer: 08  |  Train Loss: 0.266 | Train Acc: 91.79  |  Val Loss: 1.511 | Val Acc: 60.00  |  Test Loss: 1.539 | Tes Acc: 52.00
INFO >> Epoch: 27  |  Layer: 09  |  Train Loss: 0.249 | Train Acc: 91.90  |  Val Loss: 1.436 | Val Acc: 59.67  |  Test Loss: 1.420 | Tes Acc: 56.67
INFO >> Epoch: 27  |  Layer: 10  |  Train Loss: 0.245 | Train Acc: 92.38  |  Val Loss: 1.389 | Val Acc: 63.33  |  Test Loss: 1.490 | Tes Acc: 55.33
INFO >> Epoch: 27  |  Layer: 11  |  Train Loss: 0.196 | Train Acc: 93.93  |  Val Loss: 1.340 | Val Acc: 65.33  |  Test Loss: 1.478 | Tes Acc: 55.67
INFO >> Epoch: 27  |  Layer: 12  |  Train Loss: 0.196 | Train Acc: 94.40  |  Val Loss: 1.221 | Val Acc: 68.33  |  Test Loss: 1.455 | Tes Acc: 59.67
INFO >> Epoch: 27  |  Layer: 13  |  Train Loss: 0.209 | Train Acc: 93.69  |  Val Loss: 1.203 | Val Acc: 68.00  |  Test Loss: 1.493 | Tes Acc: 58.67

INFO >> Epoch: 28  |  Layer: 01  |  Train Loss: 0.731 | Train Acc: 72.26  |  Val Loss: 1.399 | Val Acc: 57.33  |  Test Loss: 1.210 | Tes Acc: 57.00
INFO >> Epoch: 28  |  Layer: 02  |  Train Loss: 0.759 | Train Acc: 71.19  |  Val Loss: 1.374 | Val Acc: 58.00  |  Test Loss: 1.217 | Tes Acc: 56.33
INFO >> Epoch: 28  |  Layer: 03  |  Train Loss: 0.672 | Train Acc: 75.83  |  Val Loss: 1.393 | Val Acc: 58.67  |  Test Loss: 1.185 | Tes Acc: 59.00
INFO >> Epoch: 28  |  Layer: 04  |  Train Loss: 0.611 | Train Acc: 78.81  |  Val Loss: 1.194 | Val Acc: 65.67  |  Test Loss: 1.156 | Tes Acc: 55.33
INFO >> Epoch: 28  |  Layer: 05  |  Train Loss: 0.536 | Train Acc: 81.55  |  Val Loss: 1.170 | Val Acc: 67.33  |  Test Loss: 1.251 | Tes Acc: 54.00
INFO >> Epoch: 28  |  Layer: 06  |  Train Loss: 0.426 | Train Acc: 85.36  |  Val Loss: 1.102 | Val Acc: 70.00  |  Test Loss: 1.359 | Tes Acc: 51.33
INFO >> Epoch: 28  |  Layer: 07  |  Train Loss: 0.358 | Train Acc: 88.45  |  Val Loss: 1.110 | Val Acc: 69.67  |  Test Loss: 1.428 | Tes Acc: 50.00
INFO >> Epoch: 28  |  Layer: 08  |  Train Loss: 0.289 | Train Acc: 91.67  |  Val Loss: 1.059 | Val Acc: 72.67  |  Test Loss: 1.533 | Tes Acc: 52.33
INFO >> Epoch: 28  |  Layer: 09  |  Train Loss: 0.259 | Train Acc: 92.98  |  Val Loss: 1.072 | Val Acc: 72.33  |  Test Loss: 1.615 | Tes Acc: 50.33
INFO >> Epoch: 28  |  Layer: 10  |  Train Loss: 0.262 | Train Acc: 93.21  |  Val Loss: 1.085 | Val Acc: 72.67  |  Test Loss: 1.598 | Tes Acc: 52.33
INFO >> Epoch: 28  |  Layer: 11  |  Train Loss: 0.215 | Train Acc: 94.52  |  Val Loss: 1.069 | Val Acc: 73.67  |  Test Loss: 1.673 | Tes Acc: 51.33
INFO >> Epoch: 28  |  Layer: 12  |  Train Loss: 0.219 | Train Acc: 94.29  |  Val Loss: 1.030 | Val Acc: 75.33  |  Test Loss: 1.725 | Tes Acc: 52.00
INFO >> Epoch: 28  |  Layer: 13  |  Train Loss: 0.232 | Train Acc: 93.69  |  Val Loss: 0.978 | Val Acc: 74.67  |  Test Loss: 1.670 | Tes Acc: 52.00

INFO >> Epoch: 29  |  Layer: 01  |  Train Loss: 0.637 | Train Acc: 77.50  |  Val Loss: 1.382 | Val Acc: 62.00  |  Test Loss: 1.420 | Tes Acc: 48.00
INFO >> Epoch: 29  |  Layer: 02  |  Train Loss: 0.691 | Train Acc: 74.76  |  Val Loss: 1.294 | Val Acc: 65.00  |  Test Loss: 1.431 | Tes Acc: 50.00
INFO >> Epoch: 29  |  Layer: 03  |  Train Loss: 0.604 | Train Acc: 79.52  |  Val Loss: 1.326 | Val Acc: 63.00  |  Test Loss: 1.397 | Tes Acc: 49.33
INFO >> Epoch: 29  |  Layer: 04  |  Train Loss: 0.512 | Train Acc: 83.21  |  Val Loss: 1.218 | Val Acc: 66.67  |  Test Loss: 1.327 | Tes Acc: 51.33
INFO >> Epoch: 29  |  Layer: 05  |  Train Loss: 0.433 | Train Acc: 85.71  |  Val Loss: 1.220 | Val Acc: 68.67  |  Test Loss: 1.454 | Tes Acc: 50.33
INFO >> Epoch: 29  |  Layer: 06  |  Train Loss: 0.327 | Train Acc: 90.24  |  Val Loss: 1.138 | Val Acc: 69.33  |  Test Loss: 1.473 | Tes Acc: 50.67
INFO >> Epoch: 29  |  Layer: 07  |  Train Loss: 0.278 | Train Acc: 91.79  |  Val Loss: 1.084 | Val Acc: 71.00  |  Test Loss: 1.558 | Tes Acc: 49.00
INFO >> Epoch: 29  |  Layer: 08  |  Train Loss: 0.220 | Train Acc: 93.57  |  Val Loss: 1.006 | Val Acc: 73.33  |  Test Loss: 1.532 | Tes Acc: 52.67
INFO >> Epoch: 29  |  Layer: 09  |  Train Loss: 0.237 | Train Acc: 91.67  |  Val Loss: 1.080 | Val Acc: 71.67  |  Test Loss: 1.687 | Tes Acc: 50.67
INFO >> Epoch: 29  |  Layer: 10  |  Train Loss: 0.231 | Train Acc: 92.62  |  Val Loss: 1.040 | Val Acc: 73.00  |  Test Loss: 1.641 | Tes Acc: 51.00
INFO >> Epoch: 29  |  Layer: 11  |  Train Loss: 0.203 | Train Acc: 93.57  |  Val Loss: 1.020 | Val Acc: 74.00  |  Test Loss: 1.696 | Tes Acc: 52.33
INFO >> Epoch: 29  |  Layer: 12  |  Train Loss: 0.211 | Train Acc: 92.38  |  Val Loss: 1.008 | Val Acc: 76.33  |  Test Loss: 1.734 | Tes Acc: 52.33
INFO >> Epoch: 29  |  Layer: 13  |  Train Loss: 0.211 | Train Acc: 92.86  |  Val Loss: 0.959 | Val Acc: 76.00  |  Test Loss: 1.781 | Tes Acc: 51.33

INFO >> Epoch: 30  |  Layer: 01  |  Train Loss: 0.621 | Train Acc: 77.86  |  Val Loss: 1.605 | Val Acc: 55.00  |  Test Loss: 1.355 | Tes Acc: 51.67
INFO >> Epoch: 30  |  Layer: 02  |  Train Loss: 0.670 | Train Acc: 75.60  |  Val Loss: 1.528 | Val Acc: 54.67  |  Test Loss: 1.337 | Tes Acc: 51.00
INFO >> Epoch: 30  |  Layer: 03  |  Train Loss: 0.584 | Train Acc: 80.36  |  Val Loss: 1.549 | Val Acc: 55.67  |  Test Loss: 1.285 | Tes Acc: 54.67
INFO >> Epoch: 30  |  Layer: 04  |  Train Loss: 0.487 | Train Acc: 83.93  |  Val Loss: 1.453 | Val Acc: 57.33  |  Test Loss: 1.266 | Tes Acc: 55.33
INFO >> Epoch: 30  |  Layer: 05  |  Train Loss: 0.417 | Train Acc: 85.83  |  Val Loss: 1.434 | Val Acc: 62.00  |  Test Loss: 1.329 | Tes Acc: 59.33
INFO >> Epoch: 30  |  Layer: 06  |  Train Loss: 0.295 | Train Acc: 91.19  |  Val Loss: 1.375 | Val Acc: 63.00  |  Test Loss: 1.352 | Tes Acc: 57.00
INFO >> Epoch: 30  |  Layer: 07  |  Train Loss: 0.261 | Train Acc: 91.67  |  Val Loss: 1.286 | Val Acc: 64.33  |  Test Loss: 1.298 | Tes Acc: 58.33
INFO >> Epoch: 30  |  Layer: 08  |  Train Loss: 0.210 | Train Acc: 93.21  |  Val Loss: 1.240 | Val Acc: 68.00  |  Test Loss: 1.364 | Tes Acc: 57.00
INFO >> Epoch: 30  |  Layer: 09  |  Train Loss: 0.212 | Train Acc: 93.45  |  Val Loss: 1.228 | Val Acc: 69.67  |  Test Loss: 1.377 | Tes Acc: 58.67
INFO >> Epoch: 30  |  Layer: 10  |  Train Loss: 0.214 | Train Acc: 92.98  |  Val Loss: 1.149 | Val Acc: 71.33  |  Test Loss: 1.370 | Tes Acc: 59.33
INFO >> Epoch: 30  |  Layer: 11  |  Train Loss: 0.191 | Train Acc: 93.57  |  Val Loss: 1.238 | Val Acc: 69.33  |  Test Loss: 1.440 | Tes Acc: 60.67
INFO >> Epoch: 30  |  Layer: 12  |  Train Loss: 0.184 | Train Acc: 93.81  |  Val Loss: 1.171 | Val Acc: 71.33  |  Test Loss: 1.517 | Tes Acc: 61.00
INFO >> Epoch: 30  |  Layer: 13  |  Train Loss: 0.205 | Train Acc: 93.33  |  Val Loss: 1.147 | Val Acc: 69.00  |  Test Loss: 1.478 | Tes Acc: 59.67



INFO >> Time Taken: 08:47

INFO >> Layer: 01  |  Best Val Acc: 62.00  |  Best Test Acc: 48.00
INFO >> Layer: 02  |  Best Val Acc: 65.00  |  Best Test Acc: 50.00
INFO >> Layer: 03  |  Best Val Acc: 63.00  |  Best Test Acc: 49.33
INFO >> Layer: 04  |  Best Val Acc: 66.67  |  Best Test Acc: 51.33
INFO >> Layer: 05  |  Best Val Acc: 68.67  |  Best Test Acc: 50.33
INFO >> Layer: 06  |  Best Val Acc: 70.00  |  Best Test Acc: 51.33
INFO >> Layer: 07  |  Best Val Acc: 71.00  |  Best Test Acc: 49.00
INFO >> Layer: 08  |  Best Val Acc: 73.33  |  Best Test Acc: 52.67
INFO >> Layer: 09  |  Best Val Acc: 73.33  |  Best Test Acc: 51.00
INFO >> Layer: 10  |  Best Val Acc: 74.00  |  Best Test Acc: 56.33
INFO >> Layer: 11  |  Best Val Acc: 76.00  |  Best Test Acc: 56.00
INFO >> Layer: 12  |  Best Val Acc: 76.33  |  Best Test Acc: 52.33
INFO >> Layer: 13  |  Best Val Acc: 76.33  |  Best Test Acc: 51.67

DEBUG >> Last state saved
INFO >> Mixing Weights (softmax): 
1.0
[0.5956661701202393, 0.40433385968208313]
[0.37418580055236816, 0.2989184260368347, 0.3268957734107971]
[0.2522047162055969, 0.21998098492622375, 0.2625909149646759, 0.2652234137058258]
[0.18779131770133972, 0.16765347123146057, 0.20576602220535278, 0.22343185544013977, 0.21535737812519073]
[0.14923182129859924, 0.1314665526151657, 0.16200174391269684, 0.1803615838289261, 0.18146540224552155, 0.19547291100025177]
[0.12644708156585693, 0.10695021599531174, 0.1297713667154312, 0.14494410157203674, 0.14740052819252014, 0.17291848361492157, 0.17156824469566345]
[0.10740602761507034, 0.08844613283872604, 0.10938387364149094, 0.1222912147641182, 0.12558552622795105, 0.1493128091096878, 0.1571142077445984, 0.14046025276184082]
[0.09316109865903854, 0.07562705129384995, 0.09218338131904602, 0.10374744236469269, 0.10676772147417068, 0.12768001854419708, 0.14461559057235718, 0.13680297136306763, 0.11941472440958023]
[0.08859167993068695, 0.06939048320055008, 0.08333834260702133, 0.09179291129112244, 0.09433633089065552, 0.11110390722751617, 0.12504732608795166, 0.11812186241149902, 0.11248957365751266, 0.10578758269548416]
[0.08072983473539352, 0.0622294545173645, 0.07378633320331573, 0.07964209467172623, 0.08242122828960419, 0.09683766961097717, 0.11082856357097626, 0.10894178599119186, 0.10550634562969208, 0.10015228390693665, 0.09892435371875763]
[0.07251835614442825, 0.056960999965667725, 0.06617040932178497, 0.07092045247554779, 0.07437953352928162, 0.08703073114156723, 0.10334551334381104, 0.10003621876239777, 0.09732828289270401, 0.09521578252315521, 0.09649328887462616, 0.07960041612386703]
[0.0694347694516182, 0.0525740422308445, 0.06033219397068024, 0.06462869048118591, 0.06723866611719131, 0.07619395852088928, 0.0904584676027298, 0.09090955555438995, 0.09088031202554703, 0.08668850362300873, 0.09078221023082733, 0.0798826515674591, 0.07999596744775772]


INFO >> History saved (./history/v1.5/RAVDESS/FX_HUBERT_BASE_CLF_CM_PROBING_DENSE/Run2/history.pt)
