
--------------------------------------------------
Multilingual SER System v1.4
--------------------------------------------------
Run Name      : Run1
Fx Model      : WAV2VEC2_BASE
Clf Model     : PROBING
Extract Mode  : gpu_memory
Dataset       : CaFE
Device        : gpu
Epochs        : 30
Num Workers   : 3
Data Dir      : ./data
History Dir   : ./history
Weights Dir   : ./weights
Log Level     : debug
Purge Cache   : False
Job Name      : Job251
Job Id        : 30913030
GPU           : Quadro RTX 8000
GPU Count     : 1
GPU Memory    : 44.49 GB

Timestamp : 2023-03-11 09:39:33.968088

INFO >> Running on CUDA


INFO >> Training Classifier

INFO >> Epoch: 1  |  Layer:  1  |  Train Loss: 1.951 | Train Acc: 16.12  |  Val Loss: 1.927 | Val Acc: 15.38  |  Test Loss: 1.927 | Tes Acc: 15.38
INFO >> Epoch: 1  |  Layer:  2  |  Train Loss: 1.929 | Train Acc: 15.57  |  Val Loss: 1.897 | Val Acc: 26.28  |  Test Loss: 1.904 | Tes Acc: 23.50
INFO >> Epoch: 1  |  Layer:  3  |  Train Loss: 1.929 | Train Acc: 15.57  |  Val Loss: 1.889 | Val Acc: 32.05  |  Test Loss: 1.897 | Tes Acc: 24.36
INFO >> Epoch: 1  |  Layer:  4  |  Train Loss: 1.921 | Train Acc: 17.95  |  Val Loss: 1.889 | Val Acc: 22.44  |  Test Loss: 1.897 | Tes Acc: 20.51
INFO >> Epoch: 1  |  Layer:  5  |  Train Loss: 1.919 | Train Acc: 17.77  |  Val Loss: 1.871 | Val Acc: 24.36  |  Test Loss: 1.878 | Tes Acc: 22.65
INFO >> Epoch: 1  |  Layer:  6  |  Train Loss: 1.915 | Train Acc: 19.41  |  Val Loss: 1.864 | Val Acc: 41.03  |  Test Loss: 1.877 | Tes Acc: 28.63
INFO >> Epoch: 1  |  Layer:  7  |  Train Loss: 1.912 | Train Acc: 18.86  |  Val Loss: 1.869 | Val Acc: 27.56  |  Test Loss: 1.877 | Tes Acc: 24.79
INFO >> Epoch: 1  |  Layer:  8  |  Train Loss: 1.912 | Train Acc: 18.68  |  Val Loss: 1.879 | Val Acc: 22.44  |  Test Loss: 1.881 | Tes Acc: 20.94
INFO >> Epoch: 1  |  Layer:  9  |  Train Loss: 1.912 | Train Acc: 17.03  |  Val Loss: 1.872 | Val Acc: 25.00  |  Test Loss: 1.875 | Tes Acc: 21.37
INFO >> Epoch: 1  |  Layer: 10  |  Train Loss: 1.924 | Train Acc: 16.12  |  Val Loss: 1.875 | Val Acc: 29.49  |  Test Loss: 1.889 | Tes Acc: 26.50
INFO >> Epoch: 1  |  Layer: 11  |  Train Loss: 1.925 | Train Acc: 16.67  |  Val Loss: 1.886 | Val Acc: 23.72  |  Test Loss: 1.900 | Tes Acc: 23.50
INFO >> Epoch: 1  |  Layer: 12  |  Train Loss: 1.929 | Train Acc: 15.57  |  Val Loss: 1.915 | Val Acc: 17.31  |  Test Loss: 1.927 | Tes Acc: 22.22
INFO >> Epoch: 1  |  Layer: 13  |  Train Loss: 1.925 | Train Acc: 15.20  |  Val Loss: 1.898 | Val Acc: 18.59  |  Test Loss: 1.909 | Tes Acc: 15.38

INFO >> Epoch: 2  |  Layer:  1  |  Train Loss: 1.900 | Train Acc: 19.78  |  Val Loss: 1.886 | Val Acc: 21.79  |  Test Loss: 1.877 | Tes Acc: 18.80
INFO >> Epoch: 2  |  Layer:  2  |  Train Loss: 1.894 | Train Acc: 18.50  |  Val Loss: 1.863 | Val Acc: 23.72  |  Test Loss: 1.868 | Tes Acc: 25.21
INFO >> Epoch: 2  |  Layer:  3  |  Train Loss: 1.885 | Train Acc: 20.88  |  Val Loss: 1.847 | Val Acc: 23.72  |  Test Loss: 1.861 | Tes Acc: 21.79
INFO >> Epoch: 2  |  Layer:  4  |  Train Loss: 1.873 | Train Acc: 20.88  |  Val Loss: 1.835 | Val Acc: 37.82  |  Test Loss: 1.843 | Tes Acc: 34.62
INFO >> Epoch: 2  |  Layer:  5  |  Train Loss: 1.844 | Train Acc: 24.91  |  Val Loss: 1.801 | Val Acc: 46.79  |  Test Loss: 1.814 | Tes Acc: 40.60
INFO >> Epoch: 2  |  Layer:  6  |  Train Loss: 1.831 | Train Acc: 30.77  |  Val Loss: 1.789 | Val Acc: 39.74  |  Test Loss: 1.806 | Tes Acc: 37.61
INFO >> Epoch: 2  |  Layer:  7  |  Train Loss: 1.825 | Train Acc: 30.04  |  Val Loss: 1.792 | Val Acc: 41.67  |  Test Loss: 1.801 | Tes Acc: 35.04
INFO >> Epoch: 2  |  Layer:  8  |  Train Loss: 1.836 | Train Acc: 23.63  |  Val Loss: 1.816 | Val Acc: 39.74  |  Test Loss: 1.814 | Tes Acc: 35.90
INFO >> Epoch: 2  |  Layer:  9  |  Train Loss: 1.824 | Train Acc: 27.66  |  Val Loss: 1.805 | Val Acc: 40.38  |  Test Loss: 1.806 | Tes Acc: 35.47
INFO >> Epoch: 2  |  Layer: 10  |  Train Loss: 1.862 | Train Acc: 24.54  |  Val Loss: 1.818 | Val Acc: 31.41  |  Test Loss: 1.838 | Tes Acc: 32.05
INFO >> Epoch: 2  |  Layer: 11  |  Train Loss: 1.876 | Train Acc: 21.25  |  Val Loss: 1.839 | Val Acc: 28.85  |  Test Loss: 1.862 | Tes Acc: 26.92
INFO >> Epoch: 2  |  Layer: 12  |  Train Loss: 1.906 | Train Acc: 17.03  |  Val Loss: 1.901 | Val Acc: 20.51  |  Test Loss: 1.918 | Tes Acc: 16.24
INFO >> Epoch: 2  |  Layer: 13  |  Train Loss: 1.902 | Train Acc: 17.03  |  Val Loss: 1.875 | Val Acc: 23.72  |  Test Loss: 1.888 | Tes Acc: 18.38

INFO >> Epoch: 3  |  Layer:  1  |  Train Loss: 1.878 | Train Acc: 18.50  |  Val Loss: 1.870 | Val Acc: 17.31  |  Test Loss: 1.849 | Tes Acc: 20.51
INFO >> Epoch: 3  |  Layer:  2  |  Train Loss: 1.841 | Train Acc: 26.56  |  Val Loss: 1.839 | Val Acc: 30.13  |  Test Loss: 1.843 | Tes Acc: 23.50
INFO >> Epoch: 3  |  Layer:  3  |  Train Loss: 1.821 | Train Acc: 26.74  |  Val Loss: 1.818 | Val Acc: 33.97  |  Test Loss: 1.834 | Tes Acc: 27.78
INFO >> Epoch: 3  |  Layer:  4  |  Train Loss: 1.790 | Train Acc: 37.00  |  Val Loss: 1.789 | Val Acc: 44.23  |  Test Loss: 1.800 | Tes Acc: 34.19
INFO >> Epoch: 3  |  Layer:  5  |  Train Loss: 1.739 | Train Acc: 41.76  |  Val Loss: 1.731 | Val Acc: 46.15  |  Test Loss: 1.743 | Tes Acc: 44.87
INFO >> Epoch: 3  |  Layer:  6  |  Train Loss: 1.719 | Train Acc: 44.14  |  Val Loss: 1.718 | Val Acc: 42.95  |  Test Loss: 1.733 | Tes Acc: 41.88
INFO >> Epoch: 3  |  Layer:  7  |  Train Loss: 1.709 | Train Acc: 40.84  |  Val Loss: 1.714 | Val Acc: 41.03  |  Test Loss: 1.720 | Tes Acc: 45.30
INFO >> Epoch: 3  |  Layer:  8  |  Train Loss: 1.734 | Train Acc: 36.63  |  Val Loss: 1.753 | Val Acc: 46.15  |  Test Loss: 1.745 | Tes Acc: 36.75
INFO >> Epoch: 3  |  Layer:  9  |  Train Loss: 1.722 | Train Acc: 36.63  |  Val Loss: 1.747 | Val Acc: 44.23  |  Test Loss: 1.736 | Tes Acc: 35.04
INFO >> Epoch: 3  |  Layer: 10  |  Train Loss: 1.768 | Train Acc: 32.60  |  Val Loss: 1.765 | Val Acc: 38.46  |  Test Loss: 1.784 | Tes Acc: 31.62
INFO >> Epoch: 3  |  Layer: 11  |  Train Loss: 1.799 | Train Acc: 28.57  |  Val Loss: 1.795 | Val Acc: 32.69  |  Test Loss: 1.824 | Tes Acc: 27.35
INFO >> Epoch: 3  |  Layer: 12  |  Train Loss: 1.877 | Train Acc: 18.50  |  Val Loss: 1.886 | Val Acc: 25.64  |  Test Loss: 1.908 | Tes Acc: 22.22
INFO >> Epoch: 3  |  Layer: 13  |  Train Loss: 1.857 | Train Acc: 18.13  |  Val Loss: 1.859 | Val Acc: 25.00  |  Test Loss: 1.879 | Tes Acc: 22.22

INFO >> Epoch: 4  |  Layer:  1  |  Train Loss: 1.829 | Train Acc: 26.19  |  Val Loss: 1.853 | Val Acc: 23.08  |  Test Loss: 1.817 | Tes Acc: 27.35
INFO >> Epoch: 4  |  Layer:  2  |  Train Loss: 1.807 | Train Acc: 28.75  |  Val Loss: 1.810 | Val Acc: 25.64  |  Test Loss: 1.803 | Tes Acc: 27.78
INFO >> Epoch: 4  |  Layer:  3  |  Train Loss: 1.787 | Train Acc: 29.49  |  Val Loss: 1.780 | Val Acc: 29.49  |  Test Loss: 1.794 | Tes Acc: 25.21
INFO >> Epoch: 4  |  Layer:  4  |  Train Loss: 1.729 | Train Acc: 42.49  |  Val Loss: 1.733 | Val Acc: 35.90  |  Test Loss: 1.739 | Tes Acc: 33.33
INFO >> Epoch: 4  |  Layer:  5  |  Train Loss: 1.656 | Train Acc: 43.77  |  Val Loss: 1.652 | Val Acc: 36.54  |  Test Loss: 1.661 | Tes Acc: 40.60
INFO >> Epoch: 4  |  Layer:  6  |  Train Loss: 1.611 | Train Acc: 44.69  |  Val Loss: 1.624 | Val Acc: 41.67  |  Test Loss: 1.651 | Tes Acc: 37.61
INFO >> Epoch: 4  |  Layer:  7  |  Train Loss: 1.601 | Train Acc: 48.90  |  Val Loss: 1.612 | Val Acc: 42.95  |  Test Loss: 1.628 | Tes Acc: 41.88
INFO >> Epoch: 4  |  Layer:  8  |  Train Loss: 1.640 | Train Acc: 46.15  |  Val Loss: 1.684 | Val Acc: 37.18  |  Test Loss: 1.668 | Tes Acc: 40.17
INFO >> Epoch: 4  |  Layer:  9  |  Train Loss: 1.631 | Train Acc: 43.41  |  Val Loss: 1.676 | Val Acc: 34.62  |  Test Loss: 1.667 | Tes Acc: 35.90
INFO >> Epoch: 4  |  Layer: 10  |  Train Loss: 1.702 | Train Acc: 38.83  |  Val Loss: 1.698 | Val Acc: 37.18  |  Test Loss: 1.723 | Tes Acc: 37.61
INFO >> Epoch: 4  |  Layer: 11  |  Train Loss: 1.752 | Train Acc: 33.88  |  Val Loss: 1.741 | Val Acc: 33.33  |  Test Loss: 1.780 | Tes Acc: 33.33
INFO >> Epoch: 4  |  Layer: 12  |  Train Loss: 1.855 | Train Acc: 23.99  |  Val Loss: 1.875 | Val Acc: 22.44  |  Test Loss: 1.897 | Tes Acc: 20.51
INFO >> Epoch: 4  |  Layer: 13  |  Train Loss: 1.830 | Train Acc: 25.46  |  Val Loss: 1.846 | Val Acc: 23.72  |  Test Loss: 1.865 | Tes Acc: 20.09

INFO >> Epoch: 5  |  Layer:  1  |  Train Loss: 1.852 | Train Acc: 23.44  |  Val Loss: 1.841 | Val Acc: 18.59  |  Test Loss: 1.785 | Tes Acc: 28.63
INFO >> Epoch: 5  |  Layer:  2  |  Train Loss: 1.788 | Train Acc: 26.37  |  Val Loss: 1.804 | Val Acc: 31.41  |  Test Loss: 1.790 | Tes Acc: 29.91
INFO >> Epoch: 5  |  Layer:  3  |  Train Loss: 1.748 | Train Acc: 28.94  |  Val Loss: 1.756 | Val Acc: 33.33  |  Test Loss: 1.771 | Tes Acc: 35.47
INFO >> Epoch: 5  |  Layer:  4  |  Train Loss: 1.655 | Train Acc: 37.18  |  Val Loss: 1.676 | Val Acc: 40.38  |  Test Loss: 1.686 | Tes Acc: 41.03
INFO >> Epoch: 5  |  Layer:  5  |  Train Loss: 1.566 | Train Acc: 42.12  |  Val Loss: 1.595 | Val Acc: 41.03  |  Test Loss: 1.584 | Tes Acc: 46.15
INFO >> Epoch: 5  |  Layer:  6  |  Train Loss: 1.527 | Train Acc: 44.87  |  Val Loss: 1.569 | Val Acc: 39.74  |  Test Loss: 1.571 | Tes Acc: 49.15
INFO >> Epoch: 5  |  Layer:  7  |  Train Loss: 1.498 | Train Acc: 46.15  |  Val Loss: 1.556 | Val Acc: 42.95  |  Test Loss: 1.555 | Tes Acc: 50.43
INFO >> Epoch: 5  |  Layer:  8  |  Train Loss: 1.557 | Train Acc: 43.96  |  Val Loss: 1.636 | Val Acc: 37.82  |  Test Loss: 1.600 | Tes Acc: 46.15
INFO >> Epoch: 5  |  Layer:  9  |  Train Loss: 1.559 | Train Acc: 41.94  |  Val Loss: 1.647 | Val Acc: 33.97  |  Test Loss: 1.612 | Tes Acc: 40.60
INFO >> Epoch: 5  |  Layer: 10  |  Train Loss: 1.651 | Train Acc: 36.81  |  Val Loss: 1.671 | Val Acc: 37.82  |  Test Loss: 1.669 | Tes Acc: 40.60
INFO >> Epoch: 5  |  Layer: 11  |  Train Loss: 1.710 | Train Acc: 33.70  |  Val Loss: 1.705 | Val Acc: 39.10  |  Test Loss: 1.730 | Tes Acc: 40.60
INFO >> Epoch: 5  |  Layer: 12  |  Train Loss: 1.848 | Train Acc: 23.63  |  Val Loss: 1.861 | Val Acc: 23.08  |  Test Loss: 1.888 | Tes Acc: 22.22
INFO >> Epoch: 5  |  Layer: 13  |  Train Loss: 1.831 | Train Acc: 24.73  |  Val Loss: 1.835 | Val Acc: 27.56  |  Test Loss: 1.853 | Tes Acc: 20.94

INFO >> Epoch: 6  |  Layer:  1  |  Train Loss: 1.797 | Train Acc: 25.27  |  Val Loss: 1.914 | Val Acc: 20.51  |  Test Loss: 1.875 | Tes Acc: 17.95
INFO >> Epoch: 6  |  Layer:  2  |  Train Loss: 1.740 | Train Acc: 29.12  |  Val Loss: 1.796 | Val Acc: 32.69  |  Test Loss: 1.767 | Tes Acc: 29.91
INFO >> Epoch: 6  |  Layer:  3  |  Train Loss: 1.694 | Train Acc: 32.60  |  Val Loss: 1.740 | Val Acc: 37.82  |  Test Loss: 1.760 | Tes Acc: 33.33
INFO >> Epoch: 6  |  Layer:  4  |  Train Loss: 1.582 | Train Acc: 41.58  |  Val Loss: 1.640 | Val Acc: 41.67  |  Test Loss: 1.696 | Tes Acc: 32.05
INFO >> Epoch: 6  |  Layer:  5  |  Train Loss: 1.477 | Train Acc: 47.07  |  Val Loss: 1.535 | Val Acc: 49.36  |  Test Loss: 1.567 | Tes Acc: 41.03
INFO >> Epoch: 6  |  Layer:  6  |  Train Loss: 1.421 | Train Acc: 50.18  |  Val Loss: 1.567 | Val Acc: 37.82  |  Test Loss: 1.575 | Tes Acc: 41.03
INFO >> Epoch: 6  |  Layer:  7  |  Train Loss: 1.394 | Train Acc: 50.37  |  Val Loss: 1.514 | Val Acc: 48.08  |  Test Loss: 1.539 | Tes Acc: 39.32
INFO >> Epoch: 6  |  Layer:  8  |  Train Loss: 1.454 | Train Acc: 50.00  |  Val Loss: 1.618 | Val Acc: 40.38  |  Test Loss: 1.591 | Tes Acc: 38.89
INFO >> Epoch: 6  |  Layer:  9  |  Train Loss: 1.461 | Train Acc: 47.80  |  Val Loss: 1.633 | Val Acc: 38.46  |  Test Loss: 1.614 | Tes Acc: 35.90
INFO >> Epoch: 6  |  Layer: 10  |  Train Loss: 1.573 | Train Acc: 43.22  |  Val Loss: 1.652 | Val Acc: 39.10  |  Test Loss: 1.663 | Tes Acc: 35.47
INFO >> Epoch: 6  |  Layer: 11  |  Train Loss: 1.647 | Train Acc: 39.19  |  Val Loss: 1.687 | Val Acc: 39.74  |  Test Loss: 1.705 | Tes Acc: 34.19
INFO >> Epoch: 6  |  Layer: 12  |  Train Loss: 1.825 | Train Acc: 21.79  |  Val Loss: 1.863 | Val Acc: 33.97  |  Test Loss: 1.888 | Tes Acc: 25.64
INFO >> Epoch: 6  |  Layer: 13  |  Train Loss: 1.791 | Train Acc: 24.36  |  Val Loss: 1.846 | Val Acc: 26.92  |  Test Loss: 1.854 | Tes Acc: 25.21

INFO >> Epoch: 7  |  Layer:  1  |  Train Loss: 1.803 | Train Acc: 21.43  |  Val Loss: 1.789 | Val Acc: 28.85  |  Test Loss: 1.740 | Tes Acc: 29.91
INFO >> Epoch: 7  |  Layer:  2  |  Train Loss: 1.733 | Train Acc: 31.68  |  Val Loss: 1.758 | Val Acc: 28.21  |  Test Loss: 1.729 | Tes Acc: 30.77
INFO >> Epoch: 7  |  Layer:  3  |  Train Loss: 1.691 | Train Acc: 38.46  |  Val Loss: 1.700 | Val Acc: 31.41  |  Test Loss: 1.705 | Tes Acc: 37.18
INFO >> Epoch: 7  |  Layer:  4  |  Train Loss: 1.548 | Train Acc: 44.69  |  Val Loss: 1.575 | Val Acc: 41.03  |  Test Loss: 1.590 | Tes Acc: 39.32
INFO >> Epoch: 7  |  Layer:  5  |  Train Loss: 1.427 | Train Acc: 52.93  |  Val Loss: 1.457 | Val Acc: 48.72  |  Test Loss: 1.462 | Tes Acc: 50.85
INFO >> Epoch: 7  |  Layer:  6  |  Train Loss: 1.352 | Train Acc: 52.75  |  Val Loss: 1.470 | Val Acc: 44.23  |  Test Loss: 1.479 | Tes Acc: 45.30
INFO >> Epoch: 7  |  Layer:  7  |  Train Loss: 1.325 | Train Acc: 58.42  |  Val Loss: 1.422 | Val Acc: 47.44  |  Test Loss: 1.469 | Tes Acc: 49.57
INFO >> Epoch: 7  |  Layer:  8  |  Train Loss: 1.401 | Train Acc: 53.48  |  Val Loss: 1.521 | Val Acc: 42.95  |  Test Loss: 1.486 | Tes Acc: 47.01
INFO >> Epoch: 7  |  Layer:  9  |  Train Loss: 1.426 | Train Acc: 50.00  |  Val Loss: 1.539 | Val Acc: 41.67  |  Test Loss: 1.515 | Tes Acc: 44.87
INFO >> Epoch: 7  |  Layer: 10  |  Train Loss: 1.544 | Train Acc: 43.77  |  Val Loss: 1.586 | Val Acc: 41.67  |  Test Loss: 1.582 | Tes Acc: 44.02
INFO >> Epoch: 7  |  Layer: 11  |  Train Loss: 1.607 | Train Acc: 41.94  |  Val Loss: 1.643 | Val Acc: 35.26  |  Test Loss: 1.656 | Tes Acc: 42.74
INFO >> Epoch: 7  |  Layer: 12  |  Train Loss: 1.813 | Train Acc: 28.02  |  Val Loss: 1.847 | Val Acc: 25.64  |  Test Loss: 1.873 | Tes Acc: 21.37
INFO >> Epoch: 7  |  Layer: 13  |  Train Loss: 1.767 | Train Acc: 29.49  |  Val Loss: 1.810 | Val Acc: 25.64  |  Test Loss: 1.831 | Tes Acc: 24.36

INFO >> Epoch: 8  |  Layer:  1  |  Train Loss: 1.750 | Train Acc: 28.39  |  Val Loss: 1.787 | Val Acc: 28.21  |  Test Loss: 1.704 | Tes Acc: 36.75
INFO >> Epoch: 8  |  Layer:  2  |  Train Loss: 1.693 | Train Acc: 35.71  |  Val Loss: 1.755 | Val Acc: 35.26  |  Test Loss: 1.714 | Tes Acc: 38.03
INFO >> Epoch: 8  |  Layer:  3  |  Train Loss: 1.634 | Train Acc: 39.38  |  Val Loss: 1.673 | Val Acc: 39.74  |  Test Loss: 1.666 | Tes Acc: 44.87
INFO >> Epoch: 8  |  Layer:  4  |  Train Loss: 1.459 | Train Acc: 52.20  |  Val Loss: 1.551 | Val Acc: 35.90  |  Test Loss: 1.516 | Tes Acc: 45.30
INFO >> Epoch: 8  |  Layer:  5  |  Train Loss: 1.316 | Train Acc: 58.79  |  Val Loss: 1.430 | Val Acc: 48.72  |  Test Loss: 1.374 | Tes Acc: 55.56
INFO >> Epoch: 8  |  Layer:  6  |  Train Loss: 1.255 | Train Acc: 59.71  |  Val Loss: 1.410 | Val Acc: 51.92  |  Test Loss: 1.380 | Tes Acc: 54.27
INFO >> Epoch: 8  |  Layer:  7  |  Train Loss: 1.216 | Train Acc: 61.72  |  Val Loss: 1.395 | Val Acc: 50.64  |  Test Loss: 1.373 | Tes Acc: 52.14
INFO >> Epoch: 8  |  Layer:  8  |  Train Loss: 1.300 | Train Acc: 58.97  |  Val Loss: 1.503 | Val Acc: 39.74  |  Test Loss: 1.414 | Tes Acc: 50.43
INFO >> Epoch: 8  |  Layer:  9  |  Train Loss: 1.324 | Train Acc: 59.52  |  Val Loss: 1.546 | Val Acc: 38.46  |  Test Loss: 1.452 | Tes Acc: 46.58
INFO >> Epoch: 8  |  Layer: 10  |  Train Loss: 1.472 | Train Acc: 51.28  |  Val Loss: 1.573 | Val Acc: 39.10  |  Test Loss: 1.526 | Tes Acc: 43.59
INFO >> Epoch: 8  |  Layer: 11  |  Train Loss: 1.557 | Train Acc: 48.90  |  Val Loss: 1.627 | Val Acc: 37.82  |  Test Loss: 1.594 | Tes Acc: 44.87
INFO >> Epoch: 8  |  Layer: 12  |  Train Loss: 1.831 | Train Acc: 26.37  |  Val Loss: 1.840 | Val Acc: 25.64  |  Test Loss: 1.869 | Tes Acc: 23.93
INFO >> Epoch: 8  |  Layer: 13  |  Train Loss: 1.760 | Train Acc: 30.59  |  Val Loss: 1.808 | Val Acc: 31.41  |  Test Loss: 1.821 | Tes Acc: 29.91

INFO >> Epoch: 9  |  Layer:  1  |  Train Loss: 1.780 | Train Acc: 27.84  |  Val Loss: 1.782 | Val Acc: 21.79  |  Test Loss: 1.718 | Tes Acc: 27.78
INFO >> Epoch: 9  |  Layer:  2  |  Train Loss: 1.657 | Train Acc: 38.28  |  Val Loss: 1.741 | Val Acc: 33.97  |  Test Loss: 1.687 | Tes Acc: 32.05
INFO >> Epoch: 9  |  Layer:  3  |  Train Loss: 1.578 | Train Acc: 42.12  |  Val Loss: 1.646 | Val Acc: 37.82  |  Test Loss: 1.642 | Tes Acc: 40.60
INFO >> Epoch: 9  |  Layer:  4  |  Train Loss: 1.385 | Train Acc: 52.20  |  Val Loss: 1.502 | Val Acc: 39.74  |  Test Loss: 1.501 | Tes Acc: 40.60
INFO >> Epoch: 9  |  Layer:  5  |  Train Loss: 1.240 | Train Acc: 58.79  |  Val Loss: 1.370 | Val Acc: 49.36  |  Test Loss: 1.341 | Tes Acc: 52.56
INFO >> Epoch: 9  |  Layer:  6  |  Train Loss: 1.176 | Train Acc: 60.44  |  Val Loss: 1.381 | Val Acc: 50.00  |  Test Loss: 1.375 | Tes Acc: 52.14
INFO >> Epoch: 9  |  Layer:  7  |  Train Loss: 1.130 | Train Acc: 62.09  |  Val Loss: 1.337 | Val Acc: 57.05  |  Test Loss: 1.361 | Tes Acc: 51.28
INFO >> Epoch: 9  |  Layer:  8  |  Train Loss: 1.214 | Train Acc: 62.27  |  Val Loss: 1.454 | Val Acc: 48.72  |  Test Loss: 1.398 | Tes Acc: 50.43
INFO >> Epoch: 9  |  Layer:  9  |  Train Loss: 1.248 | Train Acc: 58.61  |  Val Loss: 1.488 | Val Acc: 48.72  |  Test Loss: 1.436 | Tes Acc: 47.44
INFO >> Epoch: 9  |  Layer: 10  |  Train Loss: 1.391 | Train Acc: 52.93  |  Val Loss: 1.525 | Val Acc: 42.95  |  Test Loss: 1.507 | Tes Acc: 43.16
INFO >> Epoch: 9  |  Layer: 11  |  Train Loss: 1.479 | Train Acc: 50.00  |  Val Loss: 1.586 | Val Acc: 38.46  |  Test Loss: 1.565 | Tes Acc: 41.03
INFO >> Epoch: 9  |  Layer: 12  |  Train Loss: 1.794 | Train Acc: 30.59  |  Val Loss: 1.832 | Val Acc: 30.77  |  Test Loss: 1.856 | Tes Acc: 27.78
INFO >> Epoch: 9  |  Layer: 13  |  Train Loss: 1.729 | Train Acc: 33.70  |  Val Loss: 1.812 | Val Acc: 24.36  |  Test Loss: 1.820 | Tes Acc: 26.50

INFO >> Epoch: 10  |  Layer:  1  |  Train Loss: 1.723 | Train Acc: 27.29  |  Val Loss: 1.781 | Val Acc: 26.28  |  Test Loss: 1.703 | Tes Acc: 26.92
INFO >> Epoch: 10  |  Layer:  2  |  Train Loss: 1.623 | Train Acc: 37.36  |  Val Loss: 1.738 | Val Acc: 29.49  |  Test Loss: 1.664 | Tes Acc: 37.18
INFO >> Epoch: 10  |  Layer:  3  |  Train Loss: 1.536 | Train Acc: 47.62  |  Val Loss: 1.659 | Val Acc: 34.62  |  Test Loss: 1.599 | Tes Acc: 45.73
INFO >> Epoch: 10  |  Layer:  4  |  Train Loss: 1.326 | Train Acc: 54.95  |  Val Loss: 1.519 | Val Acc: 41.67  |  Test Loss: 1.458 | Tes Acc: 42.31
INFO >> Epoch: 10  |  Layer:  5  |  Train Loss: 1.174 | Train Acc: 61.36  |  Val Loss: 1.394 | Val Acc: 48.08  |  Test Loss: 1.345 | Tes Acc: 46.15
INFO >> Epoch: 10  |  Layer:  6  |  Train Loss: 1.093 | Train Acc: 63.00  |  Val Loss: 1.373 | Val Acc: 51.28  |  Test Loss: 1.394 | Tes Acc: 44.87
INFO >> Epoch: 10  |  Layer:  7  |  Train Loss: 1.039 | Train Acc: 68.13  |  Val Loss: 1.351 | Val Acc: 51.92  |  Test Loss: 1.355 | Tes Acc: 50.85
INFO >> Epoch: 10  |  Layer:  8  |  Train Loss: 1.132 | Train Acc: 63.19  |  Val Loss: 1.489 | Val Acc: 40.38  |  Test Loss: 1.393 | Tes Acc: 46.58
INFO >> Epoch: 10  |  Layer:  9  |  Train Loss: 1.175 | Train Acc: 60.44  |  Val Loss: 1.543 | Val Acc: 39.10  |  Test Loss: 1.429 | Tes Acc: 44.87
INFO >> Epoch: 10  |  Layer: 10  |  Train Loss: 1.323 | Train Acc: 56.59  |  Val Loss: 1.566 | Val Acc: 38.46  |  Test Loss: 1.502 | Tes Acc: 41.45
INFO >> Epoch: 10  |  Layer: 11  |  Train Loss: 1.425 | Train Acc: 49.27  |  Val Loss: 1.626 | Val Acc: 36.54  |  Test Loss: 1.537 | Tes Acc: 40.17
INFO >> Epoch: 10  |  Layer: 12  |  Train Loss: 1.759 | Train Acc: 31.87  |  Val Loss: 1.828 | Val Acc: 21.79  |  Test Loss: 1.854 | Tes Acc: 26.92
INFO >> Epoch: 10  |  Layer: 13  |  Train Loss: 1.690 | Train Acc: 33.15  |  Val Loss: 1.808 | Val Acc: 23.72  |  Test Loss: 1.805 | Tes Acc: 25.64

INFO >> Epoch: 11  |  Layer:  1  |  Train Loss: 1.757 | Train Acc: 27.66  |  Val Loss: 1.766 | Val Acc: 32.69  |  Test Loss: 1.669 | Tes Acc: 35.47
INFO >> Epoch: 11  |  Layer:  2  |  Train Loss: 1.628 | Train Acc: 35.53  |  Val Loss: 1.703 | Val Acc: 31.41  |  Test Loss: 1.639 | Tes Acc: 41.03
INFO >> Epoch: 11  |  Layer:  3  |  Train Loss: 1.531 | Train Acc: 43.96  |  Val Loss: 1.602 | Val Acc: 37.82  |  Test Loss: 1.578 | Tes Acc: 46.15
INFO >> Epoch: 11  |  Layer:  4  |  Train Loss: 1.298 | Train Acc: 54.03  |  Val Loss: 1.481 | Val Acc: 37.82  |  Test Loss: 1.393 | Tes Acc: 52.14
INFO >> Epoch: 11  |  Layer:  5  |  Train Loss: 1.154 | Train Acc: 59.89  |  Val Loss: 1.349 | Val Acc: 46.79  |  Test Loss: 1.245 | Tes Acc: 61.11
INFO >> Epoch: 11  |  Layer:  6  |  Train Loss: 1.078 | Train Acc: 63.00  |  Val Loss: 1.297 | Val Acc: 53.21  |  Test Loss: 1.270 | Tes Acc: 56.84
INFO >> Epoch: 11  |  Layer:  7  |  Train Loss: 1.016 | Train Acc: 68.86  |  Val Loss: 1.276 | Val Acc: 52.56  |  Test Loss: 1.259 | Tes Acc: 55.56
INFO >> Epoch: 11  |  Layer:  8  |  Train Loss: 1.117 | Train Acc: 62.64  |  Val Loss: 1.390 | Val Acc: 43.59  |  Test Loss: 1.304 | Tes Acc: 53.85
INFO >> Epoch: 11  |  Layer:  9  |  Train Loss: 1.153 | Train Acc: 62.82  |  Val Loss: 1.433 | Val Acc: 44.23  |  Test Loss: 1.338 | Tes Acc: 53.42
INFO >> Epoch: 11  |  Layer: 10  |  Train Loss: 1.317 | Train Acc: 56.59  |  Val Loss: 1.480 | Val Acc: 39.10  |  Test Loss: 1.400 | Tes Acc: 50.43
INFO >> Epoch: 11  |  Layer: 11  |  Train Loss: 1.417 | Train Acc: 48.53  |  Val Loss: 1.571 | Val Acc: 33.97  |  Test Loss: 1.499 | Tes Acc: 50.00
INFO >> Epoch: 11  |  Layer: 12  |  Train Loss: 1.759 | Train Acc: 32.05  |  Val Loss: 1.806 | Val Acc: 27.56  |  Test Loss: 1.840 | Tes Acc: 23.50
INFO >> Epoch: 11  |  Layer: 13  |  Train Loss: 1.687 | Train Acc: 31.50  |  Val Loss: 1.767 | Val Acc: 26.92  |  Test Loss: 1.778 | Tes Acc: 28.63

INFO >> Epoch: 12  |  Layer:  1  |  Train Loss: 1.687 | Train Acc: 32.97  |  Val Loss: 1.748 | Val Acc: 26.92  |  Test Loss: 1.689 | Tes Acc: 30.34
INFO >> Epoch: 12  |  Layer:  2  |  Train Loss: 1.590 | Train Acc: 40.66  |  Val Loss: 1.707 | Val Acc: 27.56  |  Test Loss: 1.625 | Tes Acc: 44.87
INFO >> Epoch: 12  |  Layer:  3  |  Train Loss: 1.474 | Train Acc: 47.44  |  Val Loss: 1.598 | Val Acc: 37.18  |  Test Loss: 1.537 | Tes Acc: 51.71
INFO >> Epoch: 12  |  Layer:  4  |  Train Loss: 1.230 | Train Acc: 59.89  |  Val Loss: 1.451 | Val Acc: 40.38  |  Test Loss: 1.360 | Tes Acc: 50.00
INFO >> Epoch: 12  |  Layer:  5  |  Train Loss: 1.076 | Train Acc: 65.93  |  Val Loss: 1.310 | Val Acc: 48.72  |  Test Loss: 1.198 | Tes Acc: 60.26
INFO >> Epoch: 12  |  Layer:  6  |  Train Loss: 0.985 | Train Acc: 69.96  |  Val Loss: 1.290 | Val Acc: 49.36  |  Test Loss: 1.241 | Tes Acc: 58.12
INFO >> Epoch: 12  |  Layer:  7  |  Train Loss: 0.915 | Train Acc: 72.89  |  Val Loss: 1.261 | Val Acc: 56.41  |  Test Loss: 1.260 | Tes Acc: 55.56
INFO >> Epoch: 12  |  Layer:  8  |  Train Loss: 1.010 | Train Acc: 68.86  |  Val Loss: 1.400 | Val Acc: 42.31  |  Test Loss: 1.284 | Tes Acc: 52.99
INFO >> Epoch: 12  |  Layer:  9  |  Train Loss: 1.059 | Train Acc: 63.92  |  Val Loss: 1.443 | Val Acc: 44.23  |  Test Loss: 1.326 | Tes Acc: 52.14
INFO >> Epoch: 12  |  Layer: 10  |  Train Loss: 1.235 | Train Acc: 58.42  |  Val Loss: 1.480 | Val Acc: 39.10  |  Test Loss: 1.380 | Tes Acc: 49.57
INFO >> Epoch: 12  |  Layer: 11  |  Train Loss: 1.358 | Train Acc: 54.58  |  Val Loss: 1.552 | Val Acc: 37.82  |  Test Loss: 1.444 | Tes Acc: 47.86
INFO >> Epoch: 12  |  Layer: 12  |  Train Loss: 1.735 | Train Acc: 31.14  |  Val Loss: 1.805 | Val Acc: 32.05  |  Test Loss: 1.836 | Tes Acc: 27.78
INFO >> Epoch: 12  |  Layer: 13  |  Train Loss: 1.651 | Train Acc: 35.71  |  Val Loss: 1.778 | Val Acc: 25.64  |  Test Loss: 1.779 | Tes Acc: 29.49

INFO >> Epoch: 13  |  Layer:  1  |  Train Loss: 1.751 | Train Acc: 27.11  |  Val Loss: 1.735 | Val Acc: 28.85  |  Test Loss: 1.644 | Tes Acc: 33.33
INFO >> Epoch: 13  |  Layer:  2  |  Train Loss: 1.595 | Train Acc: 42.12  |  Val Loss: 1.686 | Val Acc: 32.05  |  Test Loss: 1.584 | Tes Acc: 40.60
INFO >> Epoch: 13  |  Layer:  3  |  Train Loss: 1.468 | Train Acc: 51.47  |  Val Loss: 1.589 | Val Acc: 40.38  |  Test Loss: 1.490 | Tes Acc: 48.29
INFO >> Epoch: 13  |  Layer:  4  |  Train Loss: 1.207 | Train Acc: 61.17  |  Val Loss: 1.392 | Val Acc: 44.23  |  Test Loss: 1.328 | Tes Acc: 48.72
INFO >> Epoch: 13  |  Layer:  5  |  Train Loss: 1.049 | Train Acc: 66.12  |  Val Loss: 1.245 | Val Acc: 50.64  |  Test Loss: 1.202 | Tes Acc: 55.13
INFO >> Epoch: 13  |  Layer:  6  |  Train Loss: 0.956 | Train Acc: 69.78  |  Val Loss: 1.272 | Val Acc: 53.21  |  Test Loss: 1.273 | Tes Acc: 52.14
INFO >> Epoch: 13  |  Layer:  7  |  Train Loss: 0.923 | Train Acc: 70.51  |  Val Loss: 1.246 | Val Acc: 53.21  |  Test Loss: 1.264 | Tes Acc: 55.13
INFO >> Epoch: 13  |  Layer:  8  |  Train Loss: 1.025 | Train Acc: 68.50  |  Val Loss: 1.354 | Val Acc: 49.36  |  Test Loss: 1.283 | Tes Acc: 51.71
INFO >> Epoch: 13  |  Layer:  9  |  Train Loss: 1.069 | Train Acc: 66.30  |  Val Loss: 1.396 | Val Acc: 47.44  |  Test Loss: 1.320 | Tes Acc: 48.72
INFO >> Epoch: 13  |  Layer: 10  |  Train Loss: 1.235 | Train Acc: 60.44  |  Val Loss: 1.429 | Val Acc: 44.87  |  Test Loss: 1.378 | Tes Acc: 47.44
INFO >> Epoch: 13  |  Layer: 11  |  Train Loss: 1.351 | Train Acc: 56.59  |  Val Loss: 1.538 | Val Acc: 38.46  |  Test Loss: 1.432 | Tes Acc: 47.44
INFO >> Epoch: 13  |  Layer: 12  |  Train Loss: 1.733 | Train Acc: 35.35  |  Val Loss: 1.793 | Val Acc: 29.49  |  Test Loss: 1.824 | Tes Acc: 29.06
INFO >> Epoch: 13  |  Layer: 13  |  Train Loss: 1.644 | Train Acc: 36.81  |  Val Loss: 1.773 | Val Acc: 28.85  |  Test Loss: 1.777 | Tes Acc: 29.49

INFO >> Epoch: 14  |  Layer:  1  |  Train Loss: 1.690 | Train Acc: 31.68  |  Val Loss: 1.737 | Val Acc: 30.77  |  Test Loss: 1.665 | Tes Acc: 31.62
INFO >> Epoch: 14  |  Layer:  2  |  Train Loss: 1.520 | Train Acc: 44.14  |  Val Loss: 1.669 | Val Acc: 36.54  |  Test Loss: 1.591 | Tes Acc: 44.44
INFO >> Epoch: 14  |  Layer:  3  |  Train Loss: 1.382 | Train Acc: 50.00  |  Val Loss: 1.589 | Val Acc: 40.38  |  Test Loss: 1.497 | Tes Acc: 49.57
INFO >> Epoch: 14  |  Layer:  4  |  Train Loss: 1.121 | Train Acc: 61.90  |  Val Loss: 1.397 | Val Acc: 42.95  |  Test Loss: 1.310 | Tes Acc: 49.57
INFO >> Epoch: 14  |  Layer:  5  |  Train Loss: 0.970 | Train Acc: 68.50  |  Val Loss: 1.240 | Val Acc: 51.28  |  Test Loss: 1.141 | Tes Acc: 60.68
INFO >> Epoch: 14  |  Layer:  6  |  Train Loss: 0.885 | Train Acc: 71.43  |  Val Loss: 1.226 | Val Acc: 55.77  |  Test Loss: 1.193 | Tes Acc: 58.12
INFO >> Epoch: 14  |  Layer:  7  |  Train Loss: 0.845 | Train Acc: 75.64  |  Val Loss: 1.199 | Val Acc: 58.33  |  Test Loss: 1.211 | Tes Acc: 56.84
INFO >> Epoch: 14  |  Layer:  8  |  Train Loss: 0.947 | Train Acc: 70.88  |  Val Loss: 1.334 | Val Acc: 50.64  |  Test Loss: 1.227 | Tes Acc: 55.56
INFO >> Epoch: 14  |  Layer:  9  |  Train Loss: 1.013 | Train Acc: 68.13  |  Val Loss: 1.376 | Val Acc: 48.72  |  Test Loss: 1.262 | Tes Acc: 52.56
INFO >> Epoch: 14  |  Layer: 10  |  Train Loss: 1.147 | Train Acc: 62.82  |  Val Loss: 1.434 | Val Acc: 39.74  |  Test Loss: 1.310 | Tes Acc: 52.14
INFO >> Epoch: 14  |  Layer: 11  |  Train Loss: 1.253 | Train Acc: 58.06  |  Val Loss: 1.538 | Val Acc: 35.26  |  Test Loss: 1.388 | Tes Acc: 53.42
INFO >> Epoch: 14  |  Layer: 12  |  Train Loss: 1.689 | Train Acc: 30.59  |  Val Loss: 1.774 | Val Acc: 35.26  |  Test Loss: 1.807 | Tes Acc: 32.91
INFO >> Epoch: 14  |  Layer: 13  |  Train Loss: 1.604 | Train Acc: 36.63  |  Val Loss: 1.765 | Val Acc: 26.28  |  Test Loss: 1.771 | Tes Acc: 28.21

INFO >> Epoch: 15  |  Layer:  1  |  Train Loss: 1.679 | Train Acc: 29.12  |  Val Loss: 1.799 | Val Acc: 32.05  |  Test Loss: 1.669 | Tes Acc: 30.77
INFO >> Epoch: 15  |  Layer:  2  |  Train Loss: 1.503 | Train Acc: 43.96  |  Val Loss: 1.681 | Val Acc: 28.85  |  Test Loss: 1.549 | Tes Acc: 44.44
INFO >> Epoch: 15  |  Layer:  3  |  Train Loss: 1.346 | Train Acc: 55.49  |  Val Loss: 1.601 | Val Acc: 39.74  |  Test Loss: 1.435 | Tes Acc: 52.56
INFO >> Epoch: 15  |  Layer:  4  |  Train Loss: 1.082 | Train Acc: 65.02  |  Val Loss: 1.409 | Val Acc: 42.95  |  Test Loss: 1.232 | Tes Acc: 55.98
INFO >> Epoch: 15  |  Layer:  5  |  Train Loss: 0.937 | Train Acc: 70.33  |  Val Loss: 1.244 | Val Acc: 49.36  |  Test Loss: 1.074 | Tes Acc: 63.68
INFO >> Epoch: 15  |  Layer:  6  |  Train Loss: 0.871 | Train Acc: 74.18  |  Val Loss: 1.192 | Val Acc: 53.85  |  Test Loss: 1.125 | Tes Acc: 61.54
INFO >> Epoch: 15  |  Layer:  7  |  Train Loss: 0.835 | Train Acc: 76.19  |  Val Loss: 1.210 | Val Acc: 58.97  |  Test Loss: 1.164 | Tes Acc: 60.26
INFO >> Epoch: 15  |  Layer:  8  |  Train Loss: 0.955 | Train Acc: 70.33  |  Val Loss: 1.342 | Val Acc: 48.08  |  Test Loss: 1.179 | Tes Acc: 59.40
INFO >> Epoch: 15  |  Layer:  9  |  Train Loss: 0.994 | Train Acc: 70.88  |  Val Loss: 1.403 | Val Acc: 47.44  |  Test Loss: 1.208 | Tes Acc: 55.13
INFO >> Epoch: 15  |  Layer: 10  |  Train Loss: 1.123 | Train Acc: 65.75  |  Val Loss: 1.437 | Val Acc: 39.74  |  Test Loss: 1.248 | Tes Acc: 58.55
INFO >> Epoch: 15  |  Layer: 11  |  Train Loss: 1.245 | Train Acc: 59.71  |  Val Loss: 1.582 | Val Acc: 37.18  |  Test Loss: 1.335 | Tes Acc: 55.98
INFO >> Epoch: 15  |  Layer: 12  |  Train Loss: 1.707 | Train Acc: 29.49  |  Val Loss: 1.765 | Val Acc: 33.33  |  Test Loss: 1.803 | Tes Acc: 30.77
INFO >> Epoch: 15  |  Layer: 13  |  Train Loss: 1.601 | Train Acc: 34.43  |  Val Loss: 1.754 | Val Acc: 32.05  |  Test Loss: 1.737 | Tes Acc: 29.91

INFO >> Epoch: 16  |  Layer:  1  |  Train Loss: 1.728 | Train Acc: 32.97  |  Val Loss: 1.773 | Val Acc: 33.33  |  Test Loss: 1.656 | Tes Acc: 29.91
INFO >> Epoch: 16  |  Layer:  2  |  Train Loss: 1.559 | Train Acc: 45.60  |  Val Loss: 1.659 | Val Acc: 30.77  |  Test Loss: 1.551 | Tes Acc: 43.16
INFO >> Epoch: 16  |  Layer:  3  |  Train Loss: 1.399 | Train Acc: 56.96  |  Val Loss: 1.643 | Val Acc: 33.33  |  Test Loss: 1.431 | Tes Acc: 49.15
INFO >> Epoch: 16  |  Layer:  4  |  Train Loss: 1.115 | Train Acc: 68.68  |  Val Loss: 1.438 | Val Acc: 38.46  |  Test Loss: 1.237 | Tes Acc: 54.27
INFO >> Epoch: 16  |  Layer:  5  |  Train Loss: 0.925 | Train Acc: 73.99  |  Val Loss: 1.261 | Val Acc: 48.08  |  Test Loss: 1.090 | Tes Acc: 62.39
INFO >> Epoch: 16  |  Layer:  6  |  Train Loss: 0.845 | Train Acc: 74.73  |  Val Loss: 1.210 | Val Acc: 54.49  |  Test Loss: 1.163 | Tes Acc: 59.83
INFO >> Epoch: 16  |  Layer:  7  |  Train Loss: 0.794 | Train Acc: 80.04  |  Val Loss: 1.211 | Val Acc: 51.92  |  Test Loss: 1.170 | Tes Acc: 57.69
INFO >> Epoch: 16  |  Layer:  8  |  Train Loss: 0.887 | Train Acc: 73.26  |  Val Loss: 1.351 | Val Acc: 44.87  |  Test Loss: 1.181 | Tes Acc: 55.56
INFO >> Epoch: 16  |  Layer:  9  |  Train Loss: 0.927 | Train Acc: 71.25  |  Val Loss: 1.396 | Val Acc: 40.38  |  Test Loss: 1.225 | Tes Acc: 53.42
INFO >> Epoch: 16  |  Layer: 10  |  Train Loss: 1.126 | Train Acc: 65.57  |  Val Loss: 1.467 | Val Acc: 39.74  |  Test Loss: 1.259 | Tes Acc: 55.98
INFO >> Epoch: 16  |  Layer: 11  |  Train Loss: 1.269 | Train Acc: 57.88  |  Val Loss: 1.557 | Val Acc: 33.33  |  Test Loss: 1.359 | Tes Acc: 51.71
INFO >> Epoch: 16  |  Layer: 12  |  Train Loss: 1.761 | Train Acc: 37.91  |  Val Loss: 1.761 | Val Acc: 32.69  |  Test Loss: 1.789 | Tes Acc: 30.34
INFO >> Epoch: 16  |  Layer: 13  |  Train Loss: 1.682 | Train Acc: 37.91  |  Val Loss: 1.733 | Val Acc: 28.21  |  Test Loss: 1.737 | Tes Acc: 29.06

INFO >> Epoch: 17  |  Layer:  1  |  Train Loss: 1.663 | Train Acc: 30.22  |  Val Loss: 1.754 | Val Acc: 25.00  |  Test Loss: 1.658 | Tes Acc: 32.05
INFO >> Epoch: 17  |  Layer:  2  |  Train Loss: 1.449 | Train Acc: 45.79  |  Val Loss: 1.663 | Val Acc: 35.26  |  Test Loss: 1.498 | Tes Acc: 44.87
INFO >> Epoch: 17  |  Layer:  3  |  Train Loss: 1.274 | Train Acc: 56.59  |  Val Loss: 1.668 | Val Acc: 33.33  |  Test Loss: 1.378 | Tes Acc: 50.43
INFO >> Epoch: 17  |  Layer:  4  |  Train Loss: 0.997 | Train Acc: 67.58  |  Val Loss: 1.481 | Val Acc: 39.10  |  Test Loss: 1.217 | Tes Acc: 54.27
INFO >> Epoch: 17  |  Layer:  5  |  Train Loss: 0.839 | Train Acc: 74.91  |  Val Loss: 1.285 | Val Acc: 48.08  |  Test Loss: 1.079 | Tes Acc: 63.68
INFO >> Epoch: 17  |  Layer:  6  |  Train Loss: 0.762 | Train Acc: 79.30  |  Val Loss: 1.198 | Val Acc: 53.85  |  Test Loss: 1.170 | Tes Acc: 57.69
INFO >> Epoch: 17  |  Layer:  7  |  Train Loss: 0.705 | Train Acc: 80.22  |  Val Loss: 1.206 | Val Acc: 57.69  |  Test Loss: 1.192 | Tes Acc: 56.41
INFO >> Epoch: 17  |  Layer:  8  |  Train Loss: 0.814 | Train Acc: 75.46  |  Val Loss: 1.338 | Val Acc: 49.36  |  Test Loss: 1.180 | Tes Acc: 56.41
INFO >> Epoch: 17  |  Layer:  9  |  Train Loss: 0.852 | Train Acc: 73.08  |  Val Loss: 1.401 | Val Acc: 43.59  |  Test Loss: 1.224 | Tes Acc: 52.14
INFO >> Epoch: 17  |  Layer: 10  |  Train Loss: 1.019 | Train Acc: 67.95  |  Val Loss: 1.475 | Val Acc: 37.18  |  Test Loss: 1.282 | Tes Acc: 53.85
INFO >> Epoch: 17  |  Layer: 11  |  Train Loss: 1.157 | Train Acc: 63.00  |  Val Loss: 1.596 | Val Acc: 33.97  |  Test Loss: 1.325 | Tes Acc: 53.85
INFO >> Epoch: 17  |  Layer: 12  |  Train Loss: 1.647 | Train Acc: 38.83  |  Val Loss: 1.746 | Val Acc: 33.97  |  Test Loss: 1.772 | Tes Acc: 30.34
INFO >> Epoch: 17  |  Layer: 13  |  Train Loss: 1.539 | Train Acc: 41.58  |  Val Loss: 1.738 | Val Acc: 27.56  |  Test Loss: 1.746 | Tes Acc: 27.78

INFO >> Epoch: 18  |  Layer:  1  |  Train Loss: 1.678 | Train Acc: 35.90  |  Val Loss: 1.698 | Val Acc: 32.05  |  Test Loss: 1.614 | Tes Acc: 37.61
INFO >> Epoch: 18  |  Layer:  2  |  Train Loss: 1.496 | Train Acc: 50.37  |  Val Loss: 1.646 | Val Acc: 40.38  |  Test Loss: 1.483 | Tes Acc: 47.86
INFO >> Epoch: 18  |  Layer:  3  |  Train Loss: 1.321 | Train Acc: 60.07  |  Val Loss: 1.686 | Val Acc: 36.54  |  Test Loss: 1.341 | Tes Acc: 56.84
INFO >> Epoch: 18  |  Layer:  4  |  Train Loss: 1.065 | Train Acc: 68.32  |  Val Loss: 1.492 | Val Acc: 38.46  |  Test Loss: 1.151 | Tes Acc: 58.97
INFO >> Epoch: 18  |  Layer:  5  |  Train Loss: 0.917 | Train Acc: 75.82  |  Val Loss: 1.259 | Val Acc: 51.28  |  Test Loss: 1.008 | Tes Acc: 66.24
INFO >> Epoch: 18  |  Layer:  6  |  Train Loss: 0.831 | Train Acc: 80.22  |  Val Loss: 1.153 | Val Acc: 57.05  |  Test Loss: 1.076 | Tes Acc: 60.68
INFO >> Epoch: 18  |  Layer:  7  |  Train Loss: 0.773 | Train Acc: 82.42  |  Val Loss: 1.177 | Val Acc: 55.77  |  Test Loss: 1.096 | Tes Acc: 61.11
INFO >> Epoch: 18  |  Layer:  8  |  Train Loss: 0.894 | Train Acc: 78.57  |  Val Loss: 1.284 | Val Acc: 48.08  |  Test Loss: 1.088 | Tes Acc: 62.82
INFO >> Epoch: 18  |  Layer:  9  |  Train Loss: 0.958 | Train Acc: 77.47  |  Val Loss: 1.336 | Val Acc: 48.72  |  Test Loss: 1.120 | Tes Acc: 58.97
INFO >> Epoch: 18  |  Layer: 10  |  Train Loss: 1.130 | Train Acc: 71.06  |  Val Loss: 1.423 | Val Acc: 41.67  |  Test Loss: 1.150 | Tes Acc: 61.54
INFO >> Epoch: 18  |  Layer: 11  |  Train Loss: 1.240 | Train Acc: 65.02  |  Val Loss: 1.572 | Val Acc: 37.18  |  Test Loss: 1.246 | Tes Acc: 58.97
INFO >> Epoch: 18  |  Layer: 12  |  Train Loss: 1.700 | Train Acc: 38.46  |  Val Loss: 1.739 | Val Acc: 32.05  |  Test Loss: 1.766 | Tes Acc: 30.34
INFO >> Epoch: 18  |  Layer: 13  |  Train Loss: 1.572 | Train Acc: 43.41  |  Val Loss: 1.711 | Val Acc: 32.69  |  Test Loss: 1.709 | Tes Acc: 29.91

INFO >> Epoch: 19  |  Layer:  1  |  Train Loss: 1.637 | Train Acc: 33.15  |  Val Loss: 1.701 | Val Acc: 35.26  |  Test Loss: 1.609 | Tes Acc: 42.31
INFO >> Epoch: 19  |  Layer:  2  |  Train Loss: 1.425 | Train Acc: 48.35  |  Val Loss: 1.623 | Val Acc: 39.74  |  Test Loss: 1.509 | Tes Acc: 47.01
INFO >> Epoch: 19  |  Layer:  3  |  Train Loss: 1.230 | Train Acc: 57.51  |  Val Loss: 1.622 | Val Acc: 42.95  |  Test Loss: 1.371 | Tes Acc: 52.99
INFO >> Epoch: 19  |  Layer:  4  |  Train Loss: 0.968 | Train Acc: 69.05  |  Val Loss: 1.410 | Val Acc: 44.23  |  Test Loss: 1.152 | Tes Acc: 57.69
INFO >> Epoch: 19  |  Layer:  5  |  Train Loss: 0.805 | Train Acc: 74.91  |  Val Loss: 1.250 | Val Acc: 51.92  |  Test Loss: 1.012 | Tes Acc: 62.39
INFO >> Epoch: 19  |  Layer:  6  |  Train Loss: 0.745 | Train Acc: 79.85  |  Val Loss: 1.196 | Val Acc: 60.26  |  Test Loss: 1.091 | Tes Acc: 59.83
INFO >> Epoch: 19  |  Layer:  7  |  Train Loss: 0.691 | Train Acc: 82.42  |  Val Loss: 1.200 | Val Acc: 57.05  |  Test Loss: 1.132 | Tes Acc: 56.41
INFO >> Epoch: 19  |  Layer:  8  |  Train Loss: 0.786 | Train Acc: 78.57  |  Val Loss: 1.278 | Val Acc: 49.36  |  Test Loss: 1.120 | Tes Acc: 55.98
INFO >> Epoch: 19  |  Layer:  9  |  Train Loss: 0.847 | Train Acc: 76.19  |  Val Loss: 1.337 | Val Acc: 47.44  |  Test Loss: 1.135 | Tes Acc: 54.70
INFO >> Epoch: 19  |  Layer: 10  |  Train Loss: 1.003 | Train Acc: 70.15  |  Val Loss: 1.431 | Val Acc: 46.79  |  Test Loss: 1.167 | Tes Acc: 55.98
INFO >> Epoch: 19  |  Layer: 11  |  Train Loss: 1.139 | Train Acc: 62.45  |  Val Loss: 1.505 | Val Acc: 41.67  |  Test Loss: 1.292 | Tes Acc: 53.85
INFO >> Epoch: 19  |  Layer: 12  |  Train Loss: 1.628 | Train Acc: 36.45  |  Val Loss: 1.713 | Val Acc: 33.33  |  Test Loss: 1.755 | Tes Acc: 34.62
INFO >> Epoch: 19  |  Layer: 13  |  Train Loss: 1.523 | Train Acc: 39.01  |  Val Loss: 1.735 | Val Acc: 37.18  |  Test Loss: 1.714 | Tes Acc: 34.62

INFO >> Epoch: 20  |  Layer:  1  |  Train Loss: 1.610 | Train Acc: 35.16  |  Val Loss: 1.737 | Val Acc: 33.33  |  Test Loss: 1.605 | Tes Acc: 38.03
INFO >> Epoch: 20  |  Layer:  2  |  Train Loss: 1.374 | Train Acc: 52.20  |  Val Loss: 1.611 | Val Acc: 35.26  |  Test Loss: 1.450 | Tes Acc: 45.73
INFO >> Epoch: 20  |  Layer:  3  |  Train Loss: 1.148 | Train Acc: 61.36  |  Val Loss: 1.561 | Val Acc: 38.46  |  Test Loss: 1.319 | Tes Acc: 56.84
INFO >> Epoch: 20  |  Layer:  4  |  Train Loss: 0.885 | Train Acc: 72.53  |  Val Loss: 1.361 | Val Acc: 44.23  |  Test Loss: 1.145 | Tes Acc: 56.41
INFO >> Epoch: 20  |  Layer:  5  |  Train Loss: 0.747 | Train Acc: 77.11  |  Val Loss: 1.193 | Val Acc: 49.36  |  Test Loss: 1.033 | Tes Acc: 59.83
INFO >> Epoch: 20  |  Layer:  6  |  Train Loss: 0.692 | Train Acc: 79.12  |  Val Loss: 1.152 | Val Acc: 54.49  |  Test Loss: 1.175 | Tes Acc: 59.83
INFO >> Epoch: 20  |  Layer:  7  |  Train Loss: 0.647 | Train Acc: 82.42  |  Val Loss: 1.245 | Val Acc: 53.21  |  Test Loss: 1.211 | Tes Acc: 57.69
INFO >> Epoch: 20  |  Layer:  8  |  Train Loss: 0.752 | Train Acc: 78.75  |  Val Loss: 1.344 | Val Acc: 50.64  |  Test Loss: 1.187 | Tes Acc: 55.98
INFO >> Epoch: 20  |  Layer:  9  |  Train Loss: 0.795 | Train Acc: 77.66  |  Val Loss: 1.444 | Val Acc: 39.74  |  Test Loss: 1.250 | Tes Acc: 52.56
INFO >> Epoch: 20  |  Layer: 10  |  Train Loss: 0.939 | Train Acc: 70.15  |  Val Loss: 1.433 | Val Acc: 40.38  |  Test Loss: 1.252 | Tes Acc: 52.14
INFO >> Epoch: 20  |  Layer: 11  |  Train Loss: 1.081 | Train Acc: 64.10  |  Val Loss: 1.567 | Val Acc: 35.90  |  Test Loss: 1.303 | Tes Acc: 53.42
INFO >> Epoch: 20  |  Layer: 12  |  Train Loss: 1.615 | Train Acc: 40.11  |  Val Loss: 1.710 | Val Acc: 36.54  |  Test Loss: 1.756 | Tes Acc: 29.49
INFO >> Epoch: 20  |  Layer: 13  |  Train Loss: 1.494 | Train Acc: 44.69  |  Val Loss: 1.674 | Val Acc: 33.33  |  Test Loss: 1.677 | Tes Acc: 35.04

INFO >> Epoch: 21  |  Layer:  1  |  Train Loss: 1.659 | Train Acc: 33.33  |  Val Loss: 1.679 | Val Acc: 30.13  |  Test Loss: 1.580 | Tes Acc: 34.62
INFO >> Epoch: 21  |  Layer:  2  |  Train Loss: 1.380 | Train Acc: 48.72  |  Val Loss: 1.625 | Val Acc: 37.18  |  Test Loss: 1.422 | Tes Acc: 50.43
INFO >> Epoch: 21  |  Layer:  3  |  Train Loss: 1.157 | Train Acc: 61.54  |  Val Loss: 1.562 | Val Acc: 39.10  |  Test Loss: 1.312 | Tes Acc: 56.41
INFO >> Epoch: 21  |  Layer:  4  |  Train Loss: 0.878 | Train Acc: 72.71  |  Val Loss: 1.326 | Val Acc: 44.23  |  Test Loss: 1.156 | Tes Acc: 55.13
INFO >> Epoch: 21  |  Layer:  5  |  Train Loss: 0.734 | Train Acc: 79.49  |  Val Loss: 1.168 | Val Acc: 51.92  |  Test Loss: 1.029 | Tes Acc: 60.26
INFO >> Epoch: 21  |  Layer:  6  |  Train Loss: 0.652 | Train Acc: 82.78  |  Val Loss: 1.097 | Val Acc: 58.33  |  Test Loss: 1.095 | Tes Acc: 61.97
INFO >> Epoch: 21  |  Layer:  7  |  Train Loss: 0.598 | Train Acc: 82.78  |  Val Loss: 1.143 | Val Acc: 58.97  |  Test Loss: 1.088 | Tes Acc: 57.69
INFO >> Epoch: 21  |  Layer:  8  |  Train Loss: 0.715 | Train Acc: 77.84  |  Val Loss: 1.267 | Val Acc: 51.28  |  Test Loss: 1.065 | Tes Acc: 61.11
INFO >> Epoch: 21  |  Layer:  9  |  Train Loss: 0.770 | Train Acc: 75.27  |  Val Loss: 1.329 | Val Acc: 48.72  |  Test Loss: 1.108 | Tes Acc: 56.41
INFO >> Epoch: 21  |  Layer: 10  |  Train Loss: 0.918 | Train Acc: 70.70  |  Val Loss: 1.366 | Val Acc: 44.23  |  Test Loss: 1.165 | Tes Acc: 54.27
INFO >> Epoch: 21  |  Layer: 11  |  Train Loss: 1.067 | Train Acc: 63.37  |  Val Loss: 1.557 | Val Acc: 35.26  |  Test Loss: 1.210 | Tes Acc: 58.55
INFO >> Epoch: 21  |  Layer: 12  |  Train Loss: 1.604 | Train Acc: 40.11  |  Val Loss: 1.712 | Val Acc: 35.26  |  Test Loss: 1.752 | Tes Acc: 28.63
INFO >> Epoch: 21  |  Layer: 13  |  Train Loss: 1.479 | Train Acc: 43.22  |  Val Loss: 1.695 | Val Acc: 33.97  |  Test Loss: 1.704 | Tes Acc: 31.62

INFO >> Epoch: 22  |  Layer:  1  |  Train Loss: 1.597 | Train Acc: 35.90  |  Val Loss: 1.674 | Val Acc: 35.26  |  Test Loss: 1.580 | Tes Acc: 36.32
INFO >> Epoch: 22  |  Layer:  2  |  Train Loss: 1.355 | Train Acc: 50.92  |  Val Loss: 1.586 | Val Acc: 36.54  |  Test Loss: 1.431 | Tes Acc: 51.28
INFO >> Epoch: 22  |  Layer:  3  |  Train Loss: 1.133 | Train Acc: 62.27  |  Val Loss: 1.615 | Val Acc: 40.38  |  Test Loss: 1.277 | Tes Acc: 55.56
INFO >> Epoch: 22  |  Layer:  4  |  Train Loss: 0.877 | Train Acc: 73.44  |  Val Loss: 1.380 | Val Acc: 44.23  |  Test Loss: 1.097 | Tes Acc: 61.11
INFO >> Epoch: 22  |  Layer:  5  |  Train Loss: 0.725 | Train Acc: 78.21  |  Val Loss: 1.173 | Val Acc: 50.64  |  Test Loss: 0.982 | Tes Acc: 61.97
INFO >> Epoch: 22  |  Layer:  6  |  Train Loss: 0.659 | Train Acc: 81.50  |  Val Loss: 1.090 | Val Acc: 58.97  |  Test Loss: 1.066 | Tes Acc: 58.55
INFO >> Epoch: 22  |  Layer:  7  |  Train Loss: 0.610 | Train Acc: 84.62  |  Val Loss: 1.115 | Val Acc: 62.18  |  Test Loss: 1.131 | Tes Acc: 57.69
INFO >> Epoch: 22  |  Layer:  8  |  Train Loss: 0.750 | Train Acc: 79.67  |  Val Loss: 1.221 | Val Acc: 53.21  |  Test Loss: 1.077 | Tes Acc: 58.97
INFO >> Epoch: 22  |  Layer:  9  |  Train Loss: 0.789 | Train Acc: 78.39  |  Val Loss: 1.275 | Val Acc: 51.28  |  Test Loss: 1.095 | Tes Acc: 55.98
INFO >> Epoch: 22  |  Layer: 10  |  Train Loss: 0.894 | Train Acc: 73.08  |  Val Loss: 1.334 | Val Acc: 48.08  |  Test Loss: 1.122 | Tes Acc: 55.13
INFO >> Epoch: 22  |  Layer: 11  |  Train Loss: 1.041 | Train Acc: 66.12  |  Val Loss: 1.497 | Val Acc: 37.18  |  Test Loss: 1.197 | Tes Acc: 58.55
INFO >> Epoch: 22  |  Layer: 12  |  Train Loss: 1.563 | Train Acc: 36.81  |  Val Loss: 1.685 | Val Acc: 37.82  |  Test Loss: 1.729 | Tes Acc: 35.47
INFO >> Epoch: 22  |  Layer: 13  |  Train Loss: 1.438 | Train Acc: 45.24  |  Val Loss: 1.650 | Val Acc: 32.05  |  Test Loss: 1.648 | Tes Acc: 37.18

INFO >> Epoch: 23  |  Layer:  1  |  Train Loss: 1.694 | Train Acc: 34.80  |  Val Loss: 1.667 | Val Acc: 34.62  |  Test Loss: 1.614 | Tes Acc: 38.03
INFO >> Epoch: 23  |  Layer:  2  |  Train Loss: 1.442 | Train Acc: 53.48  |  Val Loss: 1.577 | Val Acc: 41.67  |  Test Loss: 1.414 | Tes Acc: 48.72
INFO >> Epoch: 23  |  Layer:  3  |  Train Loss: 1.204 | Train Acc: 63.37  |  Val Loss: 1.634 | Val Acc: 39.10  |  Test Loss: 1.308 | Tes Acc: 52.14
INFO >> Epoch: 23  |  Layer:  4  |  Train Loss: 0.895 | Train Acc: 73.26  |  Val Loss: 1.428 | Val Acc: 41.03  |  Test Loss: 1.122 | Tes Acc: 56.41
INFO >> Epoch: 23  |  Layer:  5  |  Train Loss: 0.744 | Train Acc: 79.67  |  Val Loss: 1.269 | Val Acc: 49.36  |  Test Loss: 1.018 | Tes Acc: 61.97
INFO >> Epoch: 23  |  Layer:  6  |  Train Loss: 0.674 | Train Acc: 79.85  |  Val Loss: 1.205 | Val Acc: 50.00  |  Test Loss: 1.097 | Tes Acc: 61.97
INFO >> Epoch: 23  |  Layer:  7  |  Train Loss: 0.603 | Train Acc: 83.33  |  Val Loss: 1.300 | Val Acc: 46.79  |  Test Loss: 1.137 | Tes Acc: 56.84
INFO >> Epoch: 23  |  Layer:  8  |  Train Loss: 0.727 | Train Acc: 80.59  |  Val Loss: 1.352 | Val Acc: 46.15  |  Test Loss: 1.106 | Tes Acc: 58.55
INFO >> Epoch: 23  |  Layer:  9  |  Train Loss: 0.784 | Train Acc: 77.84  |  Val Loss: 1.417 | Val Acc: 39.74  |  Test Loss: 1.136 | Tes Acc: 56.41
INFO >> Epoch: 23  |  Layer: 10  |  Train Loss: 0.953 | Train Acc: 72.89  |  Val Loss: 1.469 | Val Acc: 39.10  |  Test Loss: 1.157 | Tes Acc: 57.26
INFO >> Epoch: 23  |  Layer: 11  |  Train Loss: 1.094 | Train Acc: 65.75  |  Val Loss: 1.564 | Val Acc: 33.97  |  Test Loss: 1.210 | Tes Acc: 56.84
INFO >> Epoch: 23  |  Layer: 12  |  Train Loss: 1.607 | Train Acc: 40.11  |  Val Loss: 1.683 | Val Acc: 34.62  |  Test Loss: 1.737 | Tes Acc: 32.91
INFO >> Epoch: 23  |  Layer: 13  |  Train Loss: 1.488 | Train Acc: 46.34  |  Val Loss: 1.653 | Val Acc: 32.05  |  Test Loss: 1.666 | Tes Acc: 35.90

INFO >> Epoch: 24  |  Layer:  1  |  Train Loss: 1.684 | Train Acc: 31.32  |  Val Loss: 1.686 | Val Acc: 33.97  |  Test Loss: 1.589 | Tes Acc: 34.62
INFO >> Epoch: 24  |  Layer:  2  |  Train Loss: 1.360 | Train Acc: 50.55  |  Val Loss: 1.615 | Val Acc: 38.46  |  Test Loss: 1.392 | Tes Acc: 49.15
INFO >> Epoch: 24  |  Layer:  3  |  Train Loss: 1.135 | Train Acc: 58.06  |  Val Loss: 1.713 | Val Acc: 41.03  |  Test Loss: 1.240 | Tes Acc: 56.84
INFO >> Epoch: 24  |  Layer:  4  |  Train Loss: 0.848 | Train Acc: 71.43  |  Val Loss: 1.487 | Val Acc: 43.59  |  Test Loss: 1.052 | Tes Acc: 61.54
INFO >> Epoch: 24  |  Layer:  5  |  Train Loss: 0.699 | Train Acc: 76.37  |  Val Loss: 1.271 | Val Acc: 47.44  |  Test Loss: 0.939 | Tes Acc: 66.24
INFO >> Epoch: 24  |  Layer:  6  |  Train Loss: 0.635 | Train Acc: 80.22  |  Val Loss: 1.094 | Val Acc: 54.49  |  Test Loss: 1.023 | Tes Acc: 61.11
INFO >> Epoch: 24  |  Layer:  7  |  Train Loss: 0.589 | Train Acc: 82.23  |  Val Loss: 1.173 | Val Acc: 59.62  |  Test Loss: 1.071 | Tes Acc: 59.40
INFO >> Epoch: 24  |  Layer:  8  |  Train Loss: 0.681 | Train Acc: 78.94  |  Val Loss: 1.267 | Val Acc: 54.49  |  Test Loss: 1.045 | Tes Acc: 63.68
INFO >> Epoch: 24  |  Layer:  9  |  Train Loss: 0.714 | Train Acc: 76.01  |  Val Loss: 1.360 | Val Acc: 48.72  |  Test Loss: 1.057 | Tes Acc: 58.55
INFO >> Epoch: 24  |  Layer: 10  |  Train Loss: 0.885 | Train Acc: 64.84  |  Val Loss: 1.433 | Val Acc: 44.23  |  Test Loss: 1.088 | Tes Acc: 57.69
INFO >> Epoch: 24  |  Layer: 11  |  Train Loss: 1.065 | Train Acc: 59.52  |  Val Loss: 1.605 | Val Acc: 37.18  |  Test Loss: 1.160 | Tes Acc: 58.12
INFO >> Epoch: 24  |  Layer: 12  |  Train Loss: 1.564 | Train Acc: 39.19  |  Val Loss: 1.666 | Val Acc: 37.82  |  Test Loss: 1.717 | Tes Acc: 32.48
INFO >> Epoch: 24  |  Layer: 13  |  Train Loss: 1.482 | Train Acc: 44.69  |  Val Loss: 1.638 | Val Acc: 36.54  |  Test Loss: 1.621 | Tes Acc: 37.18

INFO >> Epoch: 25  |  Layer:  1  |  Train Loss: 1.570 | Train Acc: 39.19  |  Val Loss: 1.676 | Val Acc: 33.33  |  Test Loss: 1.560 | Tes Acc: 42.31
INFO >> Epoch: 25  |  Layer:  2  |  Train Loss: 1.281 | Train Acc: 57.51  |  Val Loss: 1.595 | Val Acc: 33.33  |  Test Loss: 1.389 | Tes Acc: 48.72
INFO >> Epoch: 25  |  Layer:  3  |  Train Loss: 1.053 | Train Acc: 65.57  |  Val Loss: 1.608 | Val Acc: 38.46  |  Test Loss: 1.236 | Tes Acc: 56.84
INFO >> Epoch: 25  |  Layer:  4  |  Train Loss: 0.787 | Train Acc: 76.56  |  Val Loss: 1.392 | Val Acc: 46.79  |  Test Loss: 1.052 | Tes Acc: 57.69
INFO >> Epoch: 25  |  Layer:  5  |  Train Loss: 0.631 | Train Acc: 81.87  |  Val Loss: 1.197 | Val Acc: 48.08  |  Test Loss: 0.944 | Tes Acc: 65.38
INFO >> Epoch: 25  |  Layer:  6  |  Train Loss: 0.563 | Train Acc: 86.26  |  Val Loss: 1.058 | Val Acc: 58.33  |  Test Loss: 1.029 | Tes Acc: 61.97
INFO >> Epoch: 25  |  Layer:  7  |  Train Loss: 0.507 | Train Acc: 88.10  |  Val Loss: 1.159 | Val Acc: 61.54  |  Test Loss: 1.086 | Tes Acc: 56.41
INFO >> Epoch: 25  |  Layer:  8  |  Train Loss: 0.619 | Train Acc: 84.62  |  Val Loss: 1.290 | Val Acc: 52.56  |  Test Loss: 1.070 | Tes Acc: 59.83
INFO >> Epoch: 25  |  Layer:  9  |  Train Loss: 0.655 | Train Acc: 82.42  |  Val Loss: 1.356 | Val Acc: 45.51  |  Test Loss: 1.099 | Tes Acc: 55.13
INFO >> Epoch: 25  |  Layer: 10  |  Train Loss: 0.820 | Train Acc: 76.56  |  Val Loss: 1.374 | Val Acc: 41.67  |  Test Loss: 1.120 | Tes Acc: 57.26
INFO >> Epoch: 25  |  Layer: 11  |  Train Loss: 0.990 | Train Acc: 68.86  |  Val Loss: 1.579 | Val Acc: 35.90  |  Test Loss: 1.194 | Tes Acc: 58.12
INFO >> Epoch: 25  |  Layer: 12  |  Train Loss: 1.557 | Train Acc: 43.41  |  Val Loss: 1.673 | Val Acc: 34.62  |  Test Loss: 1.731 | Tes Acc: 30.34
INFO >> Epoch: 25  |  Layer: 13  |  Train Loss: 1.431 | Train Acc: 46.52  |  Val Loss: 1.647 | Val Acc: 32.05  |  Test Loss: 1.661 | Tes Acc: 32.91

INFO >> Epoch: 26  |  Layer:  1  |  Train Loss: 1.721 | Train Acc: 35.35  |  Val Loss: 1.640 | Val Acc: 35.90  |  Test Loss: 1.546 | Tes Acc: 45.30
INFO >> Epoch: 26  |  Layer:  2  |  Train Loss: 1.352 | Train Acc: 58.61  |  Val Loss: 1.627 | Val Acc: 33.97  |  Test Loss: 1.361 | Tes Acc: 49.15
INFO >> Epoch: 26  |  Layer:  3  |  Train Loss: 1.108 | Train Acc: 67.40  |  Val Loss: 1.768 | Val Acc: 32.69  |  Test Loss: 1.218 | Tes Acc: 55.98
INFO >> Epoch: 26  |  Layer:  4  |  Train Loss: 0.813 | Train Acc: 77.47  |  Val Loss: 1.475 | Val Acc: 41.67  |  Test Loss: 1.072 | Tes Acc: 59.40
INFO >> Epoch: 26  |  Layer:  5  |  Train Loss: 0.650 | Train Acc: 85.35  |  Val Loss: 1.296 | Val Acc: 50.64  |  Test Loss: 0.983 | Tes Acc: 65.38
INFO >> Epoch: 26  |  Layer:  6  |  Train Loss: 0.566 | Train Acc: 85.90  |  Val Loss: 1.093 | Val Acc: 53.21  |  Test Loss: 1.046 | Tes Acc: 63.25
INFO >> Epoch: 26  |  Layer:  7  |  Train Loss: 0.547 | Train Acc: 86.63  |  Val Loss: 1.167 | Val Acc: 55.77  |  Test Loss: 1.086 | Tes Acc: 59.40
INFO >> Epoch: 26  |  Layer:  8  |  Train Loss: 0.650 | Train Acc: 84.07  |  Val Loss: 1.288 | Val Acc: 48.08  |  Test Loss: 1.040 | Tes Acc: 62.39
INFO >> Epoch: 26  |  Layer:  9  |  Train Loss: 0.696 | Train Acc: 82.78  |  Val Loss: 1.381 | Val Acc: 46.15  |  Test Loss: 1.069 | Tes Acc: 59.83
INFO >> Epoch: 26  |  Layer: 10  |  Train Loss: 0.836 | Train Acc: 75.82  |  Val Loss: 1.473 | Val Acc: 39.10  |  Test Loss: 1.131 | Tes Acc: 57.69
INFO >> Epoch: 26  |  Layer: 11  |  Train Loss: 1.025 | Train Acc: 69.41  |  Val Loss: 1.658 | Val Acc: 35.26  |  Test Loss: 1.175 | Tes Acc: 59.83
INFO >> Epoch: 26  |  Layer: 12  |  Train Loss: 1.621 | Train Acc: 46.52  |  Val Loss: 1.661 | Val Acc: 35.26  |  Test Loss: 1.718 | Tes Acc: 33.33
INFO >> Epoch: 26  |  Layer: 13  |  Train Loss: 1.472 | Train Acc: 49.08  |  Val Loss: 1.647 | Val Acc: 33.33  |  Test Loss: 1.677 | Tes Acc: 33.33

INFO >> Epoch: 27  |  Layer:  1  |  Train Loss: 1.617 | Train Acc: 34.80  |  Val Loss: 1.656 | Val Acc: 37.18  |  Test Loss: 1.565 | Tes Acc: 35.04
INFO >> Epoch: 27  |  Layer:  2  |  Train Loss: 1.294 | Train Acc: 57.14  |  Val Loss: 1.664 | Val Acc: 32.05  |  Test Loss: 1.333 | Tes Acc: 50.00
INFO >> Epoch: 27  |  Layer:  3  |  Train Loss: 1.026 | Train Acc: 68.32  |  Val Loss: 1.958 | Val Acc: 29.49  |  Test Loss: 1.195 | Tes Acc: 55.56
INFO >> Epoch: 27  |  Layer:  4  |  Train Loss: 0.741 | Train Acc: 79.30  |  Val Loss: 1.620 | Val Acc: 42.31  |  Test Loss: 1.033 | Tes Acc: 61.54
INFO >> Epoch: 27  |  Layer:  5  |  Train Loss: 0.585 | Train Acc: 84.43  |  Val Loss: 1.346 | Val Acc: 49.36  |  Test Loss: 0.913 | Tes Acc: 68.80
INFO >> Epoch: 27  |  Layer:  6  |  Train Loss: 0.515 | Train Acc: 87.18  |  Val Loss: 1.112 | Val Acc: 53.85  |  Test Loss: 0.988 | Tes Acc: 64.10
INFO >> Epoch: 27  |  Layer:  7  |  Train Loss: 0.480 | Train Acc: 88.28  |  Val Loss: 1.191 | Val Acc: 56.41  |  Test Loss: 1.056 | Tes Acc: 62.39
INFO >> Epoch: 27  |  Layer:  8  |  Train Loss: 0.576 | Train Acc: 84.43  |  Val Loss: 1.298 | Val Acc: 50.64  |  Test Loss: 1.012 | Tes Acc: 63.25
INFO >> Epoch: 27  |  Layer:  9  |  Train Loss: 0.632 | Train Acc: 83.52  |  Val Loss: 1.433 | Val Acc: 44.23  |  Test Loss: 1.017 | Tes Acc: 61.54
INFO >> Epoch: 27  |  Layer: 10  |  Train Loss: 0.797 | Train Acc: 77.11  |  Val Loss: 1.607 | Val Acc: 41.67  |  Test Loss: 1.029 | Tes Acc: 63.68
INFO >> Epoch: 27  |  Layer: 11  |  Train Loss: 0.976 | Train Acc: 68.32  |  Val Loss: 1.721 | Val Acc: 37.18  |  Test Loss: 1.114 | Tes Acc: 62.82
INFO >> Epoch: 27  |  Layer: 12  |  Train Loss: 1.616 | Train Acc: 41.03  |  Val Loss: 1.634 | Val Acc: 40.38  |  Test Loss: 1.663 | Tes Acc: 35.90
INFO >> Epoch: 27  |  Layer: 13  |  Train Loss: 1.498 | Train Acc: 46.15  |  Val Loss: 1.639 | Val Acc: 33.33  |  Test Loss: 1.643 | Tes Acc: 33.76

INFO >> Epoch: 28  |  Layer:  1  |  Train Loss: 1.589 | Train Acc: 38.10  |  Val Loss: 1.654 | Val Acc: 33.97  |  Test Loss: 1.536 | Tes Acc: 41.88
INFO >> Epoch: 28  |  Layer:  2  |  Train Loss: 1.249 | Train Acc: 57.88  |  Val Loss: 1.661 | Val Acc: 31.41  |  Test Loss: 1.325 | Tes Acc: 51.71
INFO >> Epoch: 28  |  Layer:  3  |  Train Loss: 1.011 | Train Acc: 68.13  |  Val Loss: 1.885 | Val Acc: 33.33  |  Test Loss: 1.176 | Tes Acc: 55.56
INFO >> Epoch: 28  |  Layer:  4  |  Train Loss: 0.738 | Train Acc: 78.75  |  Val Loss: 1.590 | Val Acc: 40.38  |  Test Loss: 1.019 | Tes Acc: 62.39
INFO >> Epoch: 28  |  Layer:  5  |  Train Loss: 0.589 | Train Acc: 86.08  |  Val Loss: 1.361 | Val Acc: 49.36  |  Test Loss: 0.924 | Tes Acc: 67.09
INFO >> Epoch: 28  |  Layer:  6  |  Train Loss: 0.515 | Train Acc: 87.73  |  Val Loss: 1.149 | Val Acc: 55.13  |  Test Loss: 0.977 | Tes Acc: 65.38
INFO >> Epoch: 28  |  Layer:  7  |  Train Loss: 0.466 | Train Acc: 88.83  |  Val Loss: 1.206 | Val Acc: 51.28  |  Test Loss: 1.076 | Tes Acc: 58.97
INFO >> Epoch: 28  |  Layer:  8  |  Train Loss: 0.565 | Train Acc: 85.53  |  Val Loss: 1.296 | Val Acc: 51.92  |  Test Loss: 1.026 | Tes Acc: 62.39
INFO >> Epoch: 28  |  Layer:  9  |  Train Loss: 0.611 | Train Acc: 85.53  |  Val Loss: 1.390 | Val Acc: 44.23  |  Test Loss: 1.029 | Tes Acc: 61.11
INFO >> Epoch: 28  |  Layer: 10  |  Train Loss: 0.770 | Train Acc: 77.11  |  Val Loss: 1.574 | Val Acc: 41.03  |  Test Loss: 1.012 | Tes Acc: 65.38
INFO >> Epoch: 28  |  Layer: 11  |  Train Loss: 0.930 | Train Acc: 71.98  |  Val Loss: 1.706 | Val Acc: 34.62  |  Test Loss: 1.117 | Tes Acc: 61.97
INFO >> Epoch: 28  |  Layer: 12  |  Train Loss: 1.541 | Train Acc: 46.34  |  Val Loss: 1.647 | Val Acc: 35.26  |  Test Loss: 1.654 | Tes Acc: 38.03
INFO >> Epoch: 28  |  Layer: 13  |  Train Loss: 1.387 | Train Acc: 49.45  |  Val Loss: 1.613 | Val Acc: 35.26  |  Test Loss: 1.588 | Tes Acc: 37.18

INFO >> Epoch: 29  |  Layer:  1  |  Train Loss: 1.571 | Train Acc: 39.38  |  Val Loss: 1.656 | Val Acc: 32.05  |  Test Loss: 1.576 | Tes Acc: 35.04
INFO >> Epoch: 29  |  Layer:  2  |  Train Loss: 1.296 | Train Acc: 58.06  |  Val Loss: 1.652 | Val Acc: 29.49  |  Test Loss: 1.329 | Tes Acc: 50.85
INFO >> Epoch: 29  |  Layer:  3  |  Train Loss: 1.002 | Train Acc: 70.51  |  Val Loss: 1.764 | Val Acc: 32.69  |  Test Loss: 1.183 | Tes Acc: 55.98
INFO >> Epoch: 29  |  Layer:  4  |  Train Loss: 0.726 | Train Acc: 79.85  |  Val Loss: 1.418 | Val Acc: 47.44  |  Test Loss: 1.073 | Tes Acc: 58.97
INFO >> Epoch: 29  |  Layer:  5  |  Train Loss: 0.569 | Train Acc: 84.43  |  Val Loss: 1.241 | Val Acc: 50.64  |  Test Loss: 0.981 | Tes Acc: 62.39
INFO >> Epoch: 29  |  Layer:  6  |  Train Loss: 0.526 | Train Acc: 87.00  |  Val Loss: 1.138 | Val Acc: 55.13  |  Test Loss: 1.060 | Tes Acc: 58.97
INFO >> Epoch: 29  |  Layer:  7  |  Train Loss: 0.456 | Train Acc: 89.56  |  Val Loss: 1.205 | Val Acc: 58.97  |  Test Loss: 1.126 | Tes Acc: 58.55
INFO >> Epoch: 29  |  Layer:  8  |  Train Loss: 0.551 | Train Acc: 87.55  |  Val Loss: 1.281 | Val Acc: 55.13  |  Test Loss: 1.091 | Tes Acc: 58.55
INFO >> Epoch: 29  |  Layer:  9  |  Train Loss: 0.608 | Train Acc: 86.45  |  Val Loss: 1.348 | Val Acc: 48.72  |  Test Loss: 1.128 | Tes Acc: 58.12
INFO >> Epoch: 29  |  Layer: 10  |  Train Loss: 0.756 | Train Acc: 78.02  |  Val Loss: 1.442 | Val Acc: 46.15  |  Test Loss: 1.165 | Tes Acc: 56.41
INFO >> Epoch: 29  |  Layer: 11  |  Train Loss: 0.957 | Train Acc: 71.43  |  Val Loss: 1.578 | Val Acc: 35.90  |  Test Loss: 1.200 | Tes Acc: 53.42
INFO >> Epoch: 29  |  Layer: 12  |  Train Loss: 1.531 | Train Acc: 44.87  |  Val Loss: 1.631 | Val Acc: 35.26  |  Test Loss: 1.660 | Tes Acc: 28.63
INFO >> Epoch: 29  |  Layer: 13  |  Train Loss: 1.393 | Train Acc: 48.72  |  Val Loss: 1.639 | Val Acc: 30.77  |  Test Loss: 1.633 | Tes Acc: 34.19

INFO >> Epoch: 30  |  Layer:  1  |  Train Loss: 1.584 | Train Acc: 39.74  |  Val Loss: 1.675 | Val Acc: 28.85  |  Test Loss: 1.573 | Tes Acc: 41.45
INFO >> Epoch: 30  |  Layer:  2  |  Train Loss: 1.227 | Train Acc: 58.42  |  Val Loss: 1.651 | Val Acc: 33.97  |  Test Loss: 1.321 | Tes Acc: 49.15
INFO >> Epoch: 30  |  Layer:  3  |  Train Loss: 0.954 | Train Acc: 70.51  |  Val Loss: 1.719 | Val Acc: 36.54  |  Test Loss: 1.149 | Tes Acc: 59.40
INFO >> Epoch: 30  |  Layer:  4  |  Train Loss: 0.692 | Train Acc: 80.04  |  Val Loss: 1.408 | Val Acc: 46.15  |  Test Loss: 0.995 | Tes Acc: 61.97
INFO >> Epoch: 30  |  Layer:  5  |  Train Loss: 0.534 | Train Acc: 85.90  |  Val Loss: 1.300 | Val Acc: 51.28  |  Test Loss: 0.905 | Tes Acc: 64.96
INFO >> Epoch: 30  |  Layer:  6  |  Train Loss: 0.477 | Train Acc: 87.36  |  Val Loss: 1.135 | Val Acc: 53.21  |  Test Loss: 0.996 | Tes Acc: 63.68
INFO >> Epoch: 30  |  Layer:  7  |  Train Loss: 0.456 | Train Acc: 88.46  |  Val Loss: 1.227 | Val Acc: 54.49  |  Test Loss: 1.054 | Tes Acc: 62.39
INFO >> Epoch: 30  |  Layer:  8  |  Train Loss: 0.548 | Train Acc: 85.90  |  Val Loss: 1.315 | Val Acc: 50.00  |  Test Loss: 0.999 | Tes Acc: 64.10
INFO >> Epoch: 30  |  Layer:  9  |  Train Loss: 0.585 | Train Acc: 85.53  |  Val Loss: 1.422 | Val Acc: 43.59  |  Test Loss: 0.996 | Tes Acc: 61.97
INFO >> Epoch: 30  |  Layer: 10  |  Train Loss: 0.728 | Train Acc: 78.75  |  Val Loss: 1.457 | Val Acc: 41.03  |  Test Loss: 1.006 | Tes Acc: 63.25
INFO >> Epoch: 30  |  Layer: 11  |  Train Loss: 0.923 | Train Acc: 73.26  |  Val Loss: 1.659 | Val Acc: 36.54  |  Test Loss: 1.087 | Tes Acc: 61.97
INFO >> Epoch: 30  |  Layer: 12  |  Train Loss: 1.505 | Train Acc: 45.42  |  Val Loss: 1.636 | Val Acc: 35.26  |  Test Loss: 1.645 | Tes Acc: 38.03
INFO >> Epoch: 30  |  Layer: 13  |  Train Loss: 1.364 | Train Acc: 52.75  |  Val Loss: 1.622 | Val Acc: 32.69  |  Test Loss: 1.588 | Tes Acc: 37.61



INFO >> Time Taken: 08:48

INFO >> Layer: 1  |  Best Val Acc: 37.18  |  Best Test Acc: 35.04
INFO >> Layer: 2  |  Best Val Acc: 41.67  |  Best Test Acc: 48.72
INFO >> Layer: 3  |  Best Val Acc: 42.95  |  Best Test Acc: 52.99
INFO >> Layer: 4  |  Best Val Acc: 47.44  |  Best Test Acc: 58.97
INFO >> Layer: 5  |  Best Val Acc: 51.92  |  Best Test Acc: 62.39
INFO >> Layer: 6  |  Best Val Acc: 60.26  |  Best Test Acc: 59.83
INFO >> Layer: 7  |  Best Val Acc: 62.18  |  Best Test Acc: 57.69
INFO >> Layer: 8  |  Best Val Acc: 55.13  |  Best Test Acc: 58.55
INFO >> Layer: 9  |  Best Val Acc: 51.28  |  Best Test Acc: 55.98
INFO >> Layer: 10  |  Best Val Acc: 48.08  |  Best Test Acc: 55.13
INFO >> Layer: 11  |  Best Val Acc: 41.67  |  Best Test Acc: 53.85
INFO >> Layer: 12  |  Best Val Acc: 40.38  |  Best Test Acc: 35.90
INFO >> Layer: 13  |  Best Val Acc: 37.18  |  Best Test Acc: 34.62

DEBUG >> Last state saved

INFO >> History saved (./history/v1.4/CaFE/WAV2VEC2_BASE_PROBING/Run1/history.pt)
