
--------------------------------------------------
Multilingual SER System v1.1
--------------------------------------------------
Run Name      : Run1
Model         : GE2E
Extract Mode  : disk
Device        : gpu
Dataset       : RAVDESS
Epochs        : 20
Data Dir      : ./data
History Dir   : ./history
Weights Dir   : ./weights
Log Level     : debug
Purge Cache   : False

Timestamp : 2023-02-27 02:21:27.187650

INFO >> Running on CUDA

INFO >> Waiting for other process to finish processing
INFO >> Feature cache found for train split
INFO >> Feature cache found for test split
INFO >> Feature cache found for validation split

INFO >> Training Classifier

DEBUG >> Best state saved | Val Acc 13.333334028720856 | Test Acc 13.333334028720856

INFO >> Epoch: 1 |   Train Loss: 2.081 | Train Acc: 12.74 |   Val Loss: 2.067 | Val Acc: 13.33 |   Test Loss: 2.067 | Tes Acc: 13.33
INFO >> Epoch: 2 |   Train Loss: 2.073 | Train Acc: 12.50 |   Val Loss: 2.064 | Val Acc: 13.33 |   Test Loss: 2.062 | Tes Acc: 13.33
INFO >> Epoch: 3 |   Train Loss: 2.068 | Train Acc: 9.64 |   Val Loss: 2.063 | Val Acc: 13.33 |   Test Loss: 2.062 | Tes Acc: 13.33
INFO >> Epoch: 4 |   Train Loss: 2.066 | Train Acc: 10.95 |   Val Loss: 2.064 | Val Acc: 13.33 |   Test Loss: 2.063 | Tes Acc: 13.33
INFO >> Epoch: 5 |   Train Loss: 2.068 | Train Acc: 12.86 |   Val Loss: 2.063 | Val Acc: 13.33 |   Test Loss: 2.064 | Tes Acc: 13.33
INFO >> Epoch: 6 |   Train Loss: 2.063 | Train Acc: 11.07 |   Val Loss: 2.062 | Val Acc: 13.33 |   Test Loss: 2.063 | Tes Acc: 13.33
INFO >> Epoch: 7 |   Train Loss: 2.064 | Train Acc: 11.90 |   Val Loss: 2.063 | Val Acc: 13.33 |   Test Loss: 2.062 | Tes Acc: 13.33
INFO >> Epoch: 8 |   Train Loss: 2.062 | Train Acc: 13.21 |   Val Loss: 2.062 | Val Acc: 13.33 |   Test Loss: 2.063 | Tes Acc: 13.33
INFO >> Epoch: 9 |   Train Loss: 2.066 | Train Acc: 13.33 |   Val Loss: 2.063 | Val Acc: 13.33 |   Test Loss: 2.062 | Tes Acc: 13.33
INFO >> Epoch: 10 |   Train Loss: 2.063 | Train Acc: 12.14 |   Val Loss: 2.062 | Val Acc: 13.33 |   Test Loss: 2.062 | Tes Acc: 13.33
INFO >> Epoch: 11 |   Train Loss: 2.064 | Train Acc: 12.86 |   Val Loss: 2.061 | Val Acc: 13.33 |   Test Loss: 2.062 | Tes Acc: 13.33
INFO >> Epoch: 12 |   Train Loss: 2.063 | Train Acc: 13.10 |   Val Loss: 2.062 | Val Acc: 13.33 |   Test Loss: 2.062 | Tes Acc: 13.33
INFO >> Epoch: 13 |   Train Loss: 2.065 | Train Acc: 10.83 |   Val Loss: 2.063 | Val Acc: 13.33 |   Test Loss: 2.062 | Tes Acc: 13.33
INFO >> Epoch: 14 |   Train Loss: 2.062 | Train Acc: 11.90 |   Val Loss: 2.062 | Val Acc: 13.33 |   Test Loss: 2.062 | Tes Acc: 13.33
INFO >> Epoch: 15 |   Train Loss: 2.066 | Train Acc: 11.90 |   Val Loss: 2.062 | Val Acc: 13.33 |   Test Loss: 2.062 | Tes Acc: 13.33
INFO >> Epoch: 16 |   Train Loss: 2.064 | Train Acc: 10.71 |   Val Loss: 2.062 | Val Acc: 13.33 |   Test Loss: 2.062 | Tes Acc: 13.33
INFO >> Epoch: 17 |   Train Loss: 2.065 | Train Acc: 11.43 |   Val Loss: 2.063 | Val Acc: 13.33 |   Test Loss: 2.062 | Tes Acc: 13.33
INFO >> Epoch: 18 |   Train Loss: 2.065 | Train Acc: 12.74 |   Val Loss: 2.062 | Val Acc: 13.33 |   Test Loss: 2.062 | Tes Acc: 13.33
INFO >> Epoch: 19 |   Train Loss: 2.066 | Train Acc: 12.14 |   Val Loss: 2.063 | Val Acc: 13.33 |   Test Loss: 2.062 | Tes Acc: 13.33
INFO >> Epoch: 20 |   Train Loss: 2.062 | Train Acc: 13.10 |   Val Loss: 2.061 | Val Acc: 13.33 |   Test Loss: 2.062 | Tes Acc: 13.33


INFO >> Time Taken: 00:38

INFO >> Best Val Acc : 13.333334028720856 | Best Test A : 13.333334028720856

DEBUG >> Last state saved | Val Acc 13.333334028720856 | Test Acc 13.333334028720856

INFO >> History saved (./history/v1.1/RAVDESS/GE2E/Run1/history.pt)
