
--------------------------------------------------
Multilingual SER System v1.3
--------------------------------------------------
Run Name      : Run1
Fx Model      : WAV2VEC2_LARGE_XLSR300M
Clf Model     : PROBING
Extract Mode  : gpu_memory
Dataset       : AESDD
Device        : gpu
Epochs        : 20
Num Workers   : 2
Data Dir      : ./data
History Dir   : ./history
Weights Dir   : ./weights
Log Level     : debug
Purge Cache   : False
Job Name      : Job3
Job Id        : 30721337
GPU           : Tesla V100-SXM2-16GB
GPU Count     : 1
GPU Memory    : 15.78 GB

Timestamp : 2023-03-03 09:32:38.888030

INFO >> Running on CUDA


INFO >> Training Classifier

INFO >> Epoch: 1  |  Layer:  1  |  Train Loss: 1.658 | Train Acc: 24.83  |  Val Loss: 1.441 | Val Acc: 24.24  |  Test Loss: 1.575 | Tes Acc: 29.47
INFO >> Epoch: 1  |  Layer:  2  |  Train Loss: 1.632 | Train Acc: 28.19  |  Val Loss: 1.488 | Val Acc: 34.34  |  Test Loss: 1.513 | Tes Acc: 30.92
INFO >> Epoch: 1  |  Layer:  3  |  Train Loss: 1.632 | Train Acc: 25.17  |  Val Loss: 1.529 | Val Acc: 24.24  |  Test Loss: 1.554 | Tes Acc: 23.19
INFO >> Epoch: 1  |  Layer:  4  |  Train Loss: 1.627 | Train Acc: 27.52  |  Val Loss: 1.556 | Val Acc: 19.19  |  Test Loss: 1.541 | Tes Acc: 31.40
INFO >> Epoch: 1  |  Layer:  5  |  Train Loss: 1.621 | Train Acc: 28.52  |  Val Loss: 1.522 | Val Acc: 25.25  |  Test Loss: 1.534 | Tes Acc: 29.95
INFO >> Epoch: 1  |  Layer:  6  |  Train Loss: 1.664 | Train Acc: 23.83  |  Val Loss: 1.508 | Val Acc: 27.27  |  Test Loss: 1.583 | Tes Acc: 24.15
INFO >> Epoch: 1  |  Layer:  7  |  Train Loss: 1.634 | Train Acc: 22.82  |  Val Loss: 1.449 | Val Acc: 58.59  |  Test Loss: 1.447 | Tes Acc: 42.03
INFO >> Epoch: 1  |  Layer:  8  |  Train Loss: 1.681 | Train Acc: 20.47  |  Val Loss: 1.522 | Val Acc: 28.28  |  Test Loss: 1.511 | Tes Acc: 32.85
INFO >> Epoch: 1  |  Layer:  9  |  Train Loss: 1.711 | Train Acc: 21.14  |  Val Loss: 1.566 | Val Acc: 26.26  |  Test Loss: 1.556 | Tes Acc: 32.85
INFO >> Epoch: 1  |  Layer: 10  |  Train Loss: 1.733 | Train Acc: 20.47  |  Val Loss: 1.594 | Val Acc: 27.27  |  Test Loss: 1.607 | Tes Acc: 23.67
INFO >> Epoch: 1  |  Layer: 11  |  Train Loss: 1.708 | Train Acc: 22.15  |  Val Loss: 1.562 | Val Acc: 20.20  |  Test Loss: 1.575 | Tes Acc: 26.57
INFO >> Epoch: 1  |  Layer: 12  |  Train Loss: 1.704 | Train Acc: 25.17  |  Val Loss: 1.550 | Val Acc: 19.19  |  Test Loss: 1.566 | Tes Acc: 26.57
INFO >> Epoch: 1  |  Layer: 13  |  Train Loss: 1.728 | Train Acc: 19.80  |  Val Loss: 1.491 | Val Acc: 28.28  |  Test Loss: 1.541 | Tes Acc: 30.92
INFO >> Epoch: 1  |  Layer: 14  |  Train Loss: 1.732 | Train Acc: 25.84  |  Val Loss: 1.513 | Val Acc: 41.41  |  Test Loss: 1.599 | Tes Acc: 28.99
INFO >> Epoch: 1  |  Layer: 15  |  Train Loss: 1.744 | Train Acc: 22.48  |  Val Loss: 1.487 | Val Acc: 34.34  |  Test Loss: 1.559 | Tes Acc: 28.02
INFO >> Epoch: 1  |  Layer: 16  |  Train Loss: 1.688 | Train Acc: 27.85  |  Val Loss: 1.445 | Val Acc: 42.42  |  Test Loss: 1.493 | Tes Acc: 34.78
INFO >> Epoch: 1  |  Layer: 17  |  Train Loss: 1.695 | Train Acc: 24.50  |  Val Loss: 1.505 | Val Acc: 40.40  |  Test Loss: 1.515 | Tes Acc: 40.10
INFO >> Epoch: 1  |  Layer: 18  |  Train Loss: 1.687 | Train Acc: 25.84  |  Val Loss: 1.430 | Val Acc: 40.40  |  Test Loss: 1.455 | Tes Acc: 39.13
INFO >> Epoch: 1  |  Layer: 19  |  Train Loss: 1.763 | Train Acc: 24.50  |  Val Loss: 1.491 | Val Acc: 36.36  |  Test Loss: 1.540 | Tes Acc: 29.95
INFO >> Epoch: 1  |  Layer: 20  |  Train Loss: 2.719 | Train Acc: 18.79  |  Val Loss: 1.695 | Val Acc: 32.32  |  Test Loss: 1.799 | Tes Acc: 25.12
INFO >> Epoch: 1  |  Layer: 21  |  Train Loss: 2.083 | Train Acc: 20.13  |  Val Loss: 1.508 | Val Acc: 40.40  |  Test Loss: 1.485 | Tes Acc: 34.30
INFO >> Epoch: 1  |  Layer: 22  |  Train Loss: 6.368 | Train Acc: 21.14  |  Val Loss: 3.876 | Val Acc: 20.20  |  Test Loss: 3.556 | Tes Acc: 20.77
INFO >> Epoch: 1  |  Layer: 23  |  Train Loss: 6.229 | Train Acc: 26.85  |  Val Loss: 2.043 | Val Acc: 24.24  |  Test Loss: 1.996 | Tes Acc: 20.29
INFO >> Epoch: 1  |  Layer: 24  |  Train Loss: 8.649 | Train Acc: 22.48  |  Val Loss: 3.704 | Val Acc: 23.23  |  Test Loss: 3.301 | Tes Acc: 21.74

INFO >> Epoch: 2  |  Layer:  1  |  Train Loss: 1.414 | Train Acc: 36.91  |  Val Loss: 1.486 | Val Acc: 31.31  |  Test Loss: 1.616 | Tes Acc: 26.57
INFO >> Epoch: 2  |  Layer:  2  |  Train Loss: 1.408 | Train Acc: 43.29  |  Val Loss: 1.397 | Val Acc: 30.30  |  Test Loss: 1.529 | Tes Acc: 29.95
INFO >> Epoch: 2  |  Layer:  3  |  Train Loss: 1.417 | Train Acc: 41.61  |  Val Loss: 1.484 | Val Acc: 24.24  |  Test Loss: 1.550 | Tes Acc: 33.82
INFO >> Epoch: 2  |  Layer:  4  |  Train Loss: 1.376 | Train Acc: 44.63  |  Val Loss: 1.390 | Val Acc: 31.31  |  Test Loss: 1.465 | Tes Acc: 42.51
INFO >> Epoch: 2  |  Layer:  5  |  Train Loss: 1.391 | Train Acc: 43.96  |  Val Loss: 1.424 | Val Acc: 33.33  |  Test Loss: 1.514 | Tes Acc: 36.23
INFO >> Epoch: 2  |  Layer:  6  |  Train Loss: 1.473 | Train Acc: 40.94  |  Val Loss: 1.445 | Val Acc: 30.30  |  Test Loss: 1.568 | Tes Acc: 34.30
INFO >> Epoch: 2  |  Layer:  7  |  Train Loss: 1.339 | Train Acc: 43.29  |  Val Loss: 1.335 | Val Acc: 43.43  |  Test Loss: 1.453 | Tes Acc: 32.85
INFO >> Epoch: 2  |  Layer:  8  |  Train Loss: 1.422 | Train Acc: 46.98  |  Val Loss: 1.415 | Val Acc: 39.39  |  Test Loss: 1.490 | Tes Acc: 42.03
INFO >> Epoch: 2  |  Layer:  9  |  Train Loss: 1.427 | Train Acc: 45.97  |  Val Loss: 1.477 | Val Acc: 22.22  |  Test Loss: 1.494 | Tes Acc: 31.40
INFO >> Epoch: 2  |  Layer: 10  |  Train Loss: 1.484 | Train Acc: 39.60  |  Val Loss: 1.524 | Val Acc: 21.21  |  Test Loss: 1.592 | Tes Acc: 28.99
INFO >> Epoch: 2  |  Layer: 11  |  Train Loss: 1.453 | Train Acc: 40.27  |  Val Loss: 1.488 | Val Acc: 32.32  |  Test Loss: 1.546 | Tes Acc: 33.82
INFO >> Epoch: 2  |  Layer: 12  |  Train Loss: 1.445 | Train Acc: 37.25  |  Val Loss: 1.457 | Val Acc: 26.26  |  Test Loss: 1.499 | Tes Acc: 30.92
INFO >> Epoch: 2  |  Layer: 13  |  Train Loss: 1.500 | Train Acc: 28.86  |  Val Loss: 1.555 | Val Acc: 20.20  |  Test Loss: 1.573 | Tes Acc: 25.12
INFO >> Epoch: 2  |  Layer: 14  |  Train Loss: 1.519 | Train Acc: 33.89  |  Val Loss: 1.511 | Val Acc: 40.40  |  Test Loss: 1.612 | Tes Acc: 31.88
INFO >> Epoch: 2  |  Layer: 15  |  Train Loss: 1.508 | Train Acc: 31.88  |  Val Loss: 1.564 | Val Acc: 21.21  |  Test Loss: 1.597 | Tes Acc: 28.02
INFO >> Epoch: 2  |  Layer: 16  |  Train Loss: 1.382 | Train Acc: 41.95  |  Val Loss: 1.349 | Val Acc: 46.46  |  Test Loss: 1.428 | Tes Acc: 31.88
INFO >> Epoch: 2  |  Layer: 17  |  Train Loss: 1.390 | Train Acc: 45.64  |  Val Loss: 1.360 | Val Acc: 37.37  |  Test Loss: 1.505 | Tes Acc: 27.05
INFO >> Epoch: 2  |  Layer: 18  |  Train Loss: 1.258 | Train Acc: 55.37  |  Val Loss: 1.159 | Val Acc: 49.49  |  Test Loss: 1.348 | Tes Acc: 34.30
INFO >> Epoch: 2  |  Layer: 19  |  Train Loss: 1.379 | Train Acc: 46.31  |  Val Loss: 1.259 | Val Acc: 50.51  |  Test Loss: 1.439 | Tes Acc: 33.82
INFO >> Epoch: 2  |  Layer: 20  |  Train Loss: 1.586 | Train Acc: 29.53  |  Val Loss: 1.556 | Val Acc: 30.30  |  Test Loss: 1.701 | Tes Acc: 28.99
INFO >> Epoch: 2  |  Layer: 21  |  Train Loss: 1.421 | Train Acc: 39.60  |  Val Loss: 1.497 | Val Acc: 38.38  |  Test Loss: 1.551 | Tes Acc: 38.65
INFO >> Epoch: 2  |  Layer: 22  |  Train Loss: 2.335 | Train Acc: 18.46  |  Val Loss: 1.671 | Val Acc: 28.28  |  Test Loss: 1.601 | Tes Acc: 22.22
INFO >> Epoch: 2  |  Layer: 23  |  Train Loss: 2.170 | Train Acc: 26.85  |  Val Loss: 1.877 | Val Acc: 35.35  |  Test Loss: 1.895 | Tes Acc: 27.05
INFO >> Epoch: 2  |  Layer: 24  |  Train Loss: 3.219 | Train Acc: 19.46  |  Val Loss: 2.840 | Val Acc: 21.21  |  Test Loss: 3.393 | Tes Acc: 19.81

INFO >> Epoch: 3  |  Layer:  1  |  Train Loss: 1.255 | Train Acc: 48.66  |  Val Loss: 1.360 | Val Acc: 49.49  |  Test Loss: 1.339 | Tes Acc: 47.34
INFO >> Epoch: 3  |  Layer:  2  |  Train Loss: 1.276 | Train Acc: 50.00  |  Val Loss: 1.479 | Val Acc: 45.45  |  Test Loss: 1.339 | Tes Acc: 47.34
INFO >> Epoch: 3  |  Layer:  3  |  Train Loss: 1.267 | Train Acc: 53.69  |  Val Loss: 1.416 | Val Acc: 53.54  |  Test Loss: 1.328 | Tes Acc: 51.69
INFO >> Epoch: 3  |  Layer:  4  |  Train Loss: 1.179 | Train Acc: 58.72  |  Val Loss: 1.338 | Val Acc: 47.47  |  Test Loss: 1.274 | Tes Acc: 47.83
INFO >> Epoch: 3  |  Layer:  5  |  Train Loss: 1.230 | Train Acc: 56.71  |  Val Loss: 1.375 | Val Acc: 63.64  |  Test Loss: 1.285 | Tes Acc: 50.24
INFO >> Epoch: 3  |  Layer:  6  |  Train Loss: 1.363 | Train Acc: 49.66  |  Val Loss: 1.410 | Val Acc: 47.47  |  Test Loss: 1.378 | Tes Acc: 41.55
INFO >> Epoch: 3  |  Layer:  7  |  Train Loss: 1.217 | Train Acc: 58.05  |  Val Loss: 1.566 | Val Acc: 26.26  |  Test Loss: 1.308 | Tes Acc: 43.00
INFO >> Epoch: 3  |  Layer:  8  |  Train Loss: 1.217 | Train Acc: 54.70  |  Val Loss: 1.282 | Val Acc: 63.64  |  Test Loss: 1.249 | Tes Acc: 53.62
INFO >> Epoch: 3  |  Layer:  9  |  Train Loss: 1.276 | Train Acc: 45.30  |  Val Loss: 1.283 | Val Acc: 57.58  |  Test Loss: 1.269 | Tes Acc: 54.11
INFO >> Epoch: 3  |  Layer: 10  |  Train Loss: 1.385 | Train Acc: 39.60  |  Val Loss: 1.408 | Val Acc: 52.53  |  Test Loss: 1.347 | Tes Acc: 47.34
INFO >> Epoch: 3  |  Layer: 11  |  Train Loss: 1.352 | Train Acc: 41.28  |  Val Loss: 1.314 | Val Acc: 66.67  |  Test Loss: 1.334 | Tes Acc: 46.38
INFO >> Epoch: 3  |  Layer: 12  |  Train Loss: 1.306 | Train Acc: 44.63  |  Val Loss: 1.267 | Val Acc: 66.67  |  Test Loss: 1.311 | Tes Acc: 46.86
INFO >> Epoch: 3  |  Layer: 13  |  Train Loss: 1.394 | Train Acc: 46.64  |  Val Loss: 1.455 | Val Acc: 48.48  |  Test Loss: 1.363 | Tes Acc: 46.86
INFO >> Epoch: 3  |  Layer: 14  |  Train Loss: 1.465 | Train Acc: 41.28  |  Val Loss: 1.467 | Val Acc: 42.42  |  Test Loss: 1.428 | Tes Acc: 43.96
INFO >> Epoch: 3  |  Layer: 15  |  Train Loss: 1.362 | Train Acc: 44.97  |  Val Loss: 1.360 | Val Acc: 51.52  |  Test Loss: 1.352 | Tes Acc: 49.76
INFO >> Epoch: 3  |  Layer: 16  |  Train Loss: 1.253 | Train Acc: 51.34  |  Val Loss: 1.305 | Val Acc: 61.62  |  Test Loss: 1.255 | Tes Acc: 58.94
INFO >> Epoch: 3  |  Layer: 17  |  Train Loss: 1.267 | Train Acc: 56.04  |  Val Loss: 1.207 | Val Acc: 66.67  |  Test Loss: 1.208 | Tes Acc: 58.45
INFO >> Epoch: 3  |  Layer: 18  |  Train Loss: 1.062 | Train Acc: 61.74  |  Val Loss: 1.053 | Val Acc: 75.76  |  Test Loss: 1.043 | Tes Acc: 67.15
INFO >> Epoch: 3  |  Layer: 19  |  Train Loss: 1.212 | Train Acc: 52.68  |  Val Loss: 1.333 | Val Acc: 62.63  |  Test Loss: 1.239 | Tes Acc: 56.04
INFO >> Epoch: 3  |  Layer: 20  |  Train Loss: 1.519 | Train Acc: 34.23  |  Val Loss: 1.488 | Val Acc: 42.42  |  Test Loss: 1.426 | Tes Acc: 40.10
INFO >> Epoch: 3  |  Layer: 21  |  Train Loss: 1.361 | Train Acc: 46.31  |  Val Loss: 1.432 | Val Acc: 41.41  |  Test Loss: 1.310 | Tes Acc: 46.86
INFO >> Epoch: 3  |  Layer: 22  |  Train Loss: 1.666 | Train Acc: 22.82  |  Val Loss: 1.784 | Val Acc: 21.21  |  Test Loss: 1.651 | Tes Acc: 25.12
INFO >> Epoch: 3  |  Layer: 23  |  Train Loss: 2.066 | Train Acc: 20.81  |  Val Loss: 2.192 | Val Acc: 20.20  |  Test Loss: 1.995 | Tes Acc: 20.77
INFO >> Epoch: 3  |  Layer: 24  |  Train Loss: 2.607 | Train Acc: 21.14  |  Val Loss: 2.460 | Val Acc: 20.20  |  Test Loss: 2.173 | Tes Acc: 21.26

INFO >> Epoch: 4  |  Layer:  1  |  Train Loss: 1.113 | Train Acc: 57.05  |  Val Loss: 1.463 | Val Acc: 47.47  |  Test Loss: 1.407 | Tes Acc: 39.13
INFO >> Epoch: 4  |  Layer:  2  |  Train Loss: 1.138 | Train Acc: 54.70  |  Val Loss: 1.370 | Val Acc: 45.45  |  Test Loss: 1.296 | Tes Acc: 47.34
INFO >> Epoch: 4  |  Layer:  3  |  Train Loss: 1.139 | Train Acc: 53.69  |  Val Loss: 1.361 | Val Acc: 49.49  |  Test Loss: 1.288 | Tes Acc: 44.93
INFO >> Epoch: 4  |  Layer:  4  |  Train Loss: 1.066 | Train Acc: 56.71  |  Val Loss: 1.395 | Val Acc: 45.45  |  Test Loss: 1.320 | Tes Acc: 44.93
INFO >> Epoch: 4  |  Layer:  5  |  Train Loss: 1.077 | Train Acc: 64.43  |  Val Loss: 1.192 | Val Acc: 56.57  |  Test Loss: 1.255 | Tes Acc: 45.41
INFO >> Epoch: 4  |  Layer:  6  |  Train Loss: 1.229 | Train Acc: 50.67  |  Val Loss: 1.277 | Val Acc: 47.47  |  Test Loss: 1.377 | Tes Acc: 40.58
INFO >> Epoch: 4  |  Layer:  7  |  Train Loss: 1.025 | Train Acc: 61.74  |  Val Loss: 1.221 | Val Acc: 61.62  |  Test Loss: 1.223 | Tes Acc: 49.28
INFO >> Epoch: 4  |  Layer:  8  |  Train Loss: 1.117 | Train Acc: 54.36  |  Val Loss: 1.288 | Val Acc: 55.56  |  Test Loss: 1.259 | Tes Acc: 46.38
INFO >> Epoch: 4  |  Layer:  9  |  Train Loss: 1.149 | Train Acc: 56.04  |  Val Loss: 1.277 | Val Acc: 50.51  |  Test Loss: 1.243 | Tes Acc: 46.86
INFO >> Epoch: 4  |  Layer: 10  |  Train Loss: 1.224 | Train Acc: 54.70  |  Val Loss: 1.389 | Val Acc: 40.40  |  Test Loss: 1.281 | Tes Acc: 51.21
INFO >> Epoch: 4  |  Layer: 11  |  Train Loss: 1.218 | Train Acc: 49.33  |  Val Loss: 1.314 | Val Acc: 51.52  |  Test Loss: 1.308 | Tes Acc: 46.86
INFO >> Epoch: 4  |  Layer: 12  |  Train Loss: 1.209 | Train Acc: 50.00  |  Val Loss: 1.273 | Val Acc: 52.53  |  Test Loss: 1.267 | Tes Acc: 50.24
INFO >> Epoch: 4  |  Layer: 13  |  Train Loss: 1.261 | Train Acc: 50.00  |  Val Loss: 1.382 | Val Acc: 50.51  |  Test Loss: 1.295 | Tes Acc: 54.11
INFO >> Epoch: 4  |  Layer: 14  |  Train Loss: 1.336 | Train Acc: 44.97  |  Val Loss: 1.283 | Val Acc: 65.66  |  Test Loss: 1.399 | Tes Acc: 43.96
INFO >> Epoch: 4  |  Layer: 15  |  Train Loss: 1.244 | Train Acc: 49.66  |  Val Loss: 1.294 | Val Acc: 50.51  |  Test Loss: 1.286 | Tes Acc: 49.28
INFO >> Epoch: 4  |  Layer: 16  |  Train Loss: 1.100 | Train Acc: 62.42  |  Val Loss: 1.170 | Val Acc: 57.58  |  Test Loss: 1.172 | Tes Acc: 53.62
INFO >> Epoch: 4  |  Layer: 17  |  Train Loss: 1.087 | Train Acc: 62.75  |  Val Loss: 1.159 | Val Acc: 68.69  |  Test Loss: 1.155 | Tes Acc: 59.90
INFO >> Epoch: 4  |  Layer: 18  |  Train Loss: 0.841 | Train Acc: 74.16  |  Val Loss: 1.062 | Val Acc: 72.73  |  Test Loss: 1.037 | Tes Acc: 62.80
INFO >> Epoch: 4  |  Layer: 19  |  Train Loss: 0.994 | Train Acc: 64.43  |  Val Loss: 1.125 | Val Acc: 70.71  |  Test Loss: 1.110 | Tes Acc: 61.84
INFO >> Epoch: 4  |  Layer: 20  |  Train Loss: 1.356 | Train Acc: 47.32  |  Val Loss: 1.509 | Val Acc: 26.26  |  Test Loss: 1.350 | Tes Acc: 37.20
INFO >> Epoch: 4  |  Layer: 21  |  Train Loss: 1.188 | Train Acc: 53.69  |  Val Loss: 1.309 | Val Acc: 68.69  |  Test Loss: 1.267 | Tes Acc: 51.21
INFO >> Epoch: 4  |  Layer: 22  |  Train Loss: 1.602 | Train Acc: 27.85  |  Val Loss: 1.641 | Val Acc: 33.33  |  Test Loss: 1.596 | Tes Acc: 27.05
INFO >> Epoch: 4  |  Layer: 23  |  Train Loss: 1.869 | Train Acc: 23.15  |  Val Loss: 2.116 | Val Acc: 20.20  |  Test Loss: 1.869 | Tes Acc: 21.26
INFO >> Epoch: 4  |  Layer: 24  |  Train Loss: 1.783 | Train Acc: 23.49  |  Val Loss: 1.778 | Val Acc: 25.25  |  Test Loss: 1.770 | Tes Acc: 23.19

INFO >> Epoch: 5  |  Layer:  1  |  Train Loss: 1.033 | Train Acc: 59.73  |  Val Loss: 1.611 | Val Acc: 28.28  |  Test Loss: 1.444 | Tes Acc: 40.10
INFO >> Epoch: 5  |  Layer:  2  |  Train Loss: 1.022 | Train Acc: 65.10  |  Val Loss: 1.630 | Val Acc: 24.24  |  Test Loss: 1.388 | Tes Acc: 39.13
INFO >> Epoch: 5  |  Layer:  3  |  Train Loss: 1.018 | Train Acc: 65.10  |  Val Loss: 1.422 | Val Acc: 34.34  |  Test Loss: 1.339 | Tes Acc: 39.61
INFO >> Epoch: 5  |  Layer:  4  |  Train Loss: 0.959 | Train Acc: 61.07  |  Val Loss: 1.484 | Val Acc: 31.31  |  Test Loss: 1.304 | Tes Acc: 47.34
INFO >> Epoch: 5  |  Layer:  5  |  Train Loss: 0.942 | Train Acc: 69.13  |  Val Loss: 1.347 | Val Acc: 37.37  |  Test Loss: 1.281 | Tes Acc: 40.10
INFO >> Epoch: 5  |  Layer:  6  |  Train Loss: 1.115 | Train Acc: 59.06  |  Val Loss: 1.361 | Val Acc: 41.41  |  Test Loss: 1.220 | Tes Acc: 53.14
INFO >> Epoch: 5  |  Layer:  7  |  Train Loss: 0.922 | Train Acc: 64.43  |  Val Loss: 1.417 | Val Acc: 31.31  |  Test Loss: 1.223 | Tes Acc: 45.41
INFO >> Epoch: 5  |  Layer:  8  |  Train Loss: 0.991 | Train Acc: 62.75  |  Val Loss: 1.222 | Val Acc: 43.43  |  Test Loss: 1.176 | Tes Acc: 49.76
INFO >> Epoch: 5  |  Layer:  9  |  Train Loss: 1.029 | Train Acc: 61.07  |  Val Loss: 1.304 | Val Acc: 35.35  |  Test Loss: 1.208 | Tes Acc: 50.24
INFO >> Epoch: 5  |  Layer: 10  |  Train Loss: 1.106 | Train Acc: 59.73  |  Val Loss: 1.517 | Val Acc: 27.27  |  Test Loss: 1.359 | Tes Acc: 38.65
INFO >> Epoch: 5  |  Layer: 11  |  Train Loss: 1.157 | Train Acc: 53.36  |  Val Loss: 1.385 | Val Acc: 34.34  |  Test Loss: 1.358 | Tes Acc: 43.48
INFO >> Epoch: 5  |  Layer: 12  |  Train Loss: 1.119 | Train Acc: 62.42  |  Val Loss: 1.326 | Val Acc: 42.42  |  Test Loss: 1.324 | Tes Acc: 46.86
INFO >> Epoch: 5  |  Layer: 13  |  Train Loss: 1.182 | Train Acc: 60.74  |  Val Loss: 1.527 | Val Acc: 24.24  |  Test Loss: 1.367 | Tes Acc: 37.20
INFO >> Epoch: 5  |  Layer: 14  |  Train Loss: 1.237 | Train Acc: 51.34  |  Val Loss: 1.322 | Val Acc: 35.35  |  Test Loss: 1.321 | Tes Acc: 49.28
INFO >> Epoch: 5  |  Layer: 15  |  Train Loss: 1.138 | Train Acc: 62.08  |  Val Loss: 1.385 | Val Acc: 31.31  |  Test Loss: 1.338 | Tes Acc: 42.03
INFO >> Epoch: 5  |  Layer: 16  |  Train Loss: 0.990 | Train Acc: 67.45  |  Val Loss: 1.225 | Val Acc: 53.54  |  Test Loss: 1.239 | Tes Acc: 46.86
INFO >> Epoch: 5  |  Layer: 17  |  Train Loss: 1.006 | Train Acc: 67.11  |  Val Loss: 1.035 | Val Acc: 67.68  |  Test Loss: 1.117 | Tes Acc: 53.62
INFO >> Epoch: 5  |  Layer: 18  |  Train Loss: 0.740 | Train Acc: 78.52  |  Val Loss: 0.880 | Val Acc: 63.64  |  Test Loss: 0.969 | Tes Acc: 59.90
INFO >> Epoch: 5  |  Layer: 19  |  Train Loss: 0.836 | Train Acc: 79.19  |  Val Loss: 1.165 | Val Acc: 57.58  |  Test Loss: 1.191 | Tes Acc: 50.24
INFO >> Epoch: 5  |  Layer: 20  |  Train Loss: 1.228 | Train Acc: 47.99  |  Val Loss: 1.276 | Val Acc: 53.54  |  Test Loss: 1.287 | Tes Acc: 49.76
INFO >> Epoch: 5  |  Layer: 21  |  Train Loss: 1.076 | Train Acc: 61.41  |  Val Loss: 1.455 | Val Acc: 33.33  |  Test Loss: 1.245 | Tes Acc: 44.93
INFO >> Epoch: 5  |  Layer: 22  |  Train Loss: 1.541 | Train Acc: 29.53  |  Val Loss: 1.724 | Val Acc: 24.24  |  Test Loss: 1.614 | Tes Acc: 33.82
INFO >> Epoch: 5  |  Layer: 23  |  Train Loss: 1.679 | Train Acc: 27.85  |  Val Loss: 1.698 | Val Acc: 34.34  |  Test Loss: 1.639 | Tes Acc: 30.43
INFO >> Epoch: 5  |  Layer: 24  |  Train Loss: 1.665 | Train Acc: 21.48  |  Val Loss: 1.675 | Val Acc: 33.33  |  Test Loss: 1.714 | Tes Acc: 26.09

INFO >> Epoch: 6  |  Layer:  1  |  Train Loss: 0.927 | Train Acc: 65.10  |  Val Loss: 1.388 | Val Acc: 52.53  |  Test Loss: 1.276 | Tes Acc: 50.72
INFO >> Epoch: 6  |  Layer:  2  |  Train Loss: 0.939 | Train Acc: 66.11  |  Val Loss: 1.313 | Val Acc: 50.51  |  Test Loss: 1.192 | Tes Acc: 53.62
INFO >> Epoch: 6  |  Layer:  3  |  Train Loss: 0.913 | Train Acc: 65.10  |  Val Loss: 1.257 | Val Acc: 45.45  |  Test Loss: 1.172 | Tes Acc: 57.49
INFO >> Epoch: 6  |  Layer:  4  |  Train Loss: 0.862 | Train Acc: 67.79  |  Val Loss: 1.247 | Val Acc: 44.44  |  Test Loss: 1.116 | Tes Acc: 62.32
INFO >> Epoch: 6  |  Layer:  5  |  Train Loss: 0.860 | Train Acc: 72.82  |  Val Loss: 1.097 | Val Acc: 65.66  |  Test Loss: 1.048 | Tes Acc: 63.29
INFO >> Epoch: 6  |  Layer:  6  |  Train Loss: 0.988 | Train Acc: 64.77  |  Val Loss: 1.368 | Val Acc: 49.49  |  Test Loss: 1.191 | Tes Acc: 57.97
INFO >> Epoch: 6  |  Layer:  7  |  Train Loss: 0.789 | Train Acc: 78.19  |  Val Loss: 1.107 | Val Acc: 54.55  |  Test Loss: 1.053 | Tes Acc: 65.22
INFO >> Epoch: 6  |  Layer:  8  |  Train Loss: 0.866 | Train Acc: 73.15  |  Val Loss: 1.088 | Val Acc: 60.61  |  Test Loss: 1.088 | Tes Acc: 60.39
INFO >> Epoch: 6  |  Layer:  9  |  Train Loss: 0.907 | Train Acc: 71.81  |  Val Loss: 1.172 | Val Acc: 53.54  |  Test Loss: 1.122 | Tes Acc: 59.90
INFO >> Epoch: 6  |  Layer: 10  |  Train Loss: 1.030 | Train Acc: 63.42  |  Val Loss: 1.349 | Val Acc: 39.39  |  Test Loss: 1.209 | Tes Acc: 54.11
INFO >> Epoch: 6  |  Layer: 11  |  Train Loss: 1.050 | Train Acc: 63.42  |  Val Loss: 1.195 | Val Acc: 54.55  |  Test Loss: 1.164 | Tes Acc: 60.39
INFO >> Epoch: 6  |  Layer: 12  |  Train Loss: 1.011 | Train Acc: 66.11  |  Val Loss: 1.144 | Val Acc: 55.56  |  Test Loss: 1.132 | Tes Acc: 58.94
INFO >> Epoch: 6  |  Layer: 13  |  Train Loss: 1.082 | Train Acc: 59.40  |  Val Loss: 1.180 | Val Acc: 58.59  |  Test Loss: 1.180 | Tes Acc: 59.42
INFO >> Epoch: 6  |  Layer: 14  |  Train Loss: 1.154 | Train Acc: 57.05  |  Val Loss: 1.272 | Val Acc: 45.45  |  Test Loss: 1.256 | Tes Acc: 55.56
INFO >> Epoch: 6  |  Layer: 15  |  Train Loss: 1.026 | Train Acc: 65.77  |  Val Loss: 1.214 | Val Acc: 52.53  |  Test Loss: 1.197 | Tes Acc: 52.66
INFO >> Epoch: 6  |  Layer: 16  |  Train Loss: 0.848 | Train Acc: 76.51  |  Val Loss: 0.952 | Val Acc: 66.67  |  Test Loss: 0.986 | Tes Acc: 65.22
INFO >> Epoch: 6  |  Layer: 17  |  Train Loss: 0.847 | Train Acc: 78.86  |  Val Loss: 0.850 | Val Acc: 78.79  |  Test Loss: 0.962 | Tes Acc: 71.01
INFO >> Epoch: 6  |  Layer: 18  |  Train Loss: 0.598 | Train Acc: 84.90  |  Val Loss: 0.715 | Val Acc: 72.73  |  Test Loss: 0.808 | Tes Acc: 73.91
INFO >> Epoch: 6  |  Layer: 19  |  Train Loss: 0.731 | Train Acc: 80.87  |  Val Loss: 1.019 | Val Acc: 64.65  |  Test Loss: 1.011 | Tes Acc: 63.29
INFO >> Epoch: 6  |  Layer: 20  |  Train Loss: 1.109 | Train Acc: 63.42  |  Val Loss: 1.281 | Val Acc: 45.45  |  Test Loss: 1.237 | Tes Acc: 49.76
INFO >> Epoch: 6  |  Layer: 21  |  Train Loss: 0.941 | Train Acc: 70.13  |  Val Loss: 1.300 | Val Acc: 45.45  |  Test Loss: 1.148 | Tes Acc: 61.35
INFO >> Epoch: 6  |  Layer: 22  |  Train Loss: 1.528 | Train Acc: 32.89  |  Val Loss: 1.563 | Val Acc: 42.42  |  Test Loss: 1.502 | Tes Acc: 29.95
INFO >> Epoch: 6  |  Layer: 23  |  Train Loss: 1.699 | Train Acc: 28.52  |  Val Loss: 1.866 | Val Acc: 24.24  |  Test Loss: 1.737 | Tes Acc: 23.19
INFO >> Epoch: 6  |  Layer: 24  |  Train Loss: 1.592 | Train Acc: 26.17  |  Val Loss: 1.696 | Val Acc: 33.33  |  Test Loss: 1.622 | Tes Acc: 25.12

INFO >> Epoch: 7  |  Layer:  1  |  Train Loss: 0.895 | Train Acc: 70.47  |  Val Loss: 1.273 | Val Acc: 54.55  |  Test Loss: 1.382 | Tes Acc: 43.00
INFO >> Epoch: 7  |  Layer:  2  |  Train Loss: 0.880 | Train Acc: 71.81  |  Val Loss: 1.214 | Val Acc: 50.51  |  Test Loss: 1.224 | Tes Acc: 49.76
INFO >> Epoch: 7  |  Layer:  3  |  Train Loss: 0.865 | Train Acc: 73.83  |  Val Loss: 1.163 | Val Acc: 53.54  |  Test Loss: 1.186 | Tes Acc: 48.31
INFO >> Epoch: 7  |  Layer:  4  |  Train Loss: 0.807 | Train Acc: 74.83  |  Val Loss: 1.110 | Val Acc: 48.48  |  Test Loss: 1.156 | Tes Acc: 52.17
INFO >> Epoch: 7  |  Layer:  5  |  Train Loss: 0.780 | Train Acc: 79.87  |  Val Loss: 0.988 | Val Acc: 68.69  |  Test Loss: 1.063 | Tes Acc: 57.49
INFO >> Epoch: 7  |  Layer:  6  |  Train Loss: 0.934 | Train Acc: 72.82  |  Val Loss: 1.149 | Val Acc: 48.48  |  Test Loss: 1.217 | Tes Acc: 51.21
INFO >> Epoch: 7  |  Layer:  7  |  Train Loss: 0.733 | Train Acc: 84.56  |  Val Loss: 0.994 | Val Acc: 62.63  |  Test Loss: 1.065 | Tes Acc: 54.59
INFO >> Epoch: 7  |  Layer:  8  |  Train Loss: 0.829 | Train Acc: 76.17  |  Val Loss: 1.089 | Val Acc: 49.49  |  Test Loss: 1.089 | Tes Acc: 54.59
INFO >> Epoch: 7  |  Layer:  9  |  Train Loss: 0.867 | Train Acc: 73.15  |  Val Loss: 1.069 | Val Acc: 49.49  |  Test Loss: 1.122 | Tes Acc: 50.24
INFO >> Epoch: 7  |  Layer: 10  |  Train Loss: 0.985 | Train Acc: 72.82  |  Val Loss: 1.180 | Val Acc: 49.49  |  Test Loss: 1.154 | Tes Acc: 53.14
INFO >> Epoch: 7  |  Layer: 11  |  Train Loss: 0.985 | Train Acc: 71.14  |  Val Loss: 1.075 | Val Acc: 58.59  |  Test Loss: 1.138 | Tes Acc: 54.59
INFO >> Epoch: 7  |  Layer: 12  |  Train Loss: 0.934 | Train Acc: 73.15  |  Val Loss: 1.107 | Val Acc: 50.51  |  Test Loss: 1.157 | Tes Acc: 48.79
INFO >> Epoch: 7  |  Layer: 13  |  Train Loss: 1.013 | Train Acc: 69.46  |  Val Loss: 1.287 | Val Acc: 34.34  |  Test Loss: 1.205 | Tes Acc: 50.72
INFO >> Epoch: 7  |  Layer: 14  |  Train Loss: 1.079 | Train Acc: 64.77  |  Val Loss: 1.134 | Val Acc: 62.63  |  Test Loss: 1.260 | Tes Acc: 48.79
INFO >> Epoch: 7  |  Layer: 15  |  Train Loss: 0.978 | Train Acc: 72.48  |  Val Loss: 1.139 | Val Acc: 45.45  |  Test Loss: 1.136 | Tes Acc: 52.66
INFO >> Epoch: 7  |  Layer: 16  |  Train Loss: 0.790 | Train Acc: 77.18  |  Val Loss: 0.912 | Val Acc: 63.64  |  Test Loss: 0.982 | Tes Acc: 62.80
INFO >> Epoch: 7  |  Layer: 17  |  Train Loss: 0.789 | Train Acc: 80.20  |  Val Loss: 0.890 | Val Acc: 62.63  |  Test Loss: 1.012 | Tes Acc: 59.42
INFO >> Epoch: 7  |  Layer: 18  |  Train Loss: 0.549 | Train Acc: 85.91  |  Val Loss: 0.618 | Val Acc: 75.76  |  Test Loss: 0.788 | Tes Acc: 75.36
INFO >> Epoch: 7  |  Layer: 19  |  Train Loss: 0.673 | Train Acc: 81.21  |  Val Loss: 0.737 | Val Acc: 75.76  |  Test Loss: 0.924 | Tes Acc: 70.05
INFO >> Epoch: 7  |  Layer: 20  |  Train Loss: 1.066 | Train Acc: 67.11  |  Val Loss: 1.235 | Val Acc: 46.46  |  Test Loss: 1.264 | Tes Acc: 41.06
INFO >> Epoch: 7  |  Layer: 21  |  Train Loss: 0.901 | Train Acc: 75.17  |  Val Loss: 1.010 | Val Acc: 62.63  |  Test Loss: 1.189 | Tes Acc: 48.79
INFO >> Epoch: 7  |  Layer: 22  |  Train Loss: 1.452 | Train Acc: 42.62  |  Val Loss: 1.495 | Val Acc: 40.40  |  Test Loss: 1.527 | Tes Acc: 28.99
INFO >> Epoch: 7  |  Layer: 23  |  Train Loss: 1.518 | Train Acc: 31.54  |  Val Loss: 1.552 | Val Acc: 36.36  |  Test Loss: 1.759 | Tes Acc: 28.02
INFO >> Epoch: 7  |  Layer: 24  |  Train Loss: 1.528 | Train Acc: 31.88  |  Val Loss: 1.494 | Val Acc: 37.37  |  Test Loss: 1.575 | Tes Acc: 26.57

INFO >> Epoch: 8  |  Layer:  1  |  Train Loss: 0.842 | Train Acc: 67.11  |  Val Loss: 1.273 | Val Acc: 58.59  |  Test Loss: 1.398 | Tes Acc: 45.41
INFO >> Epoch: 8  |  Layer:  2  |  Train Loss: 0.822 | Train Acc: 71.14  |  Val Loss: 1.201 | Val Acc: 56.57  |  Test Loss: 1.197 | Tes Acc: 53.14
INFO >> Epoch: 8  |  Layer:  3  |  Train Loss: 0.821 | Train Acc: 69.13  |  Val Loss: 1.162 | Val Acc: 63.64  |  Test Loss: 1.165 | Tes Acc: 51.21
INFO >> Epoch: 8  |  Layer:  4  |  Train Loss: 0.765 | Train Acc: 72.48  |  Val Loss: 1.121 | Val Acc: 59.60  |  Test Loss: 1.114 | Tes Acc: 55.07
INFO >> Epoch: 8  |  Layer:  5  |  Train Loss: 0.729 | Train Acc: 74.50  |  Val Loss: 1.043 | Val Acc: 70.71  |  Test Loss: 1.014 | Tes Acc: 59.90
INFO >> Epoch: 8  |  Layer:  6  |  Train Loss: 0.888 | Train Acc: 72.15  |  Val Loss: 1.134 | Val Acc: 69.70  |  Test Loss: 1.088 | Tes Acc: 57.00
INFO >> Epoch: 8  |  Layer:  7  |  Train Loss: 0.738 | Train Acc: 73.83  |  Val Loss: 1.053 | Val Acc: 65.66  |  Test Loss: 1.057 | Tes Acc: 55.07
INFO >> Epoch: 8  |  Layer:  8  |  Train Loss: 0.803 | Train Acc: 71.81  |  Val Loss: 1.007 | Val Acc: 67.68  |  Test Loss: 1.031 | Tes Acc: 60.39
INFO >> Epoch: 8  |  Layer:  9  |  Train Loss: 0.848 | Train Acc: 67.79  |  Val Loss: 1.005 | Val Acc: 60.61  |  Test Loss: 1.062 | Tes Acc: 54.11
INFO >> Epoch: 8  |  Layer: 10  |  Train Loss: 0.913 | Train Acc: 72.48  |  Val Loss: 1.103 | Val Acc: 59.60  |  Test Loss: 1.101 | Tes Acc: 61.35
INFO >> Epoch: 8  |  Layer: 11  |  Train Loss: 0.956 | Train Acc: 64.09  |  Val Loss: 1.177 | Val Acc: 58.59  |  Test Loss: 1.112 | Tes Acc: 58.94
INFO >> Epoch: 8  |  Layer: 12  |  Train Loss: 0.937 | Train Acc: 64.09  |  Val Loss: 1.141 | Val Acc: 53.54  |  Test Loss: 1.106 | Tes Acc: 58.45
INFO >> Epoch: 8  |  Layer: 13  |  Train Loss: 0.952 | Train Acc: 68.79  |  Val Loss: 1.166 | Val Acc: 57.58  |  Test Loss: 1.118 | Tes Acc: 57.00
INFO >> Epoch: 8  |  Layer: 14  |  Train Loss: 1.017 | Train Acc: 66.11  |  Val Loss: 1.199 | Val Acc: 55.56  |  Test Loss: 1.166 | Tes Acc: 58.94
INFO >> Epoch: 8  |  Layer: 15  |  Train Loss: 0.882 | Train Acc: 77.52  |  Val Loss: 1.001 | Val Acc: 64.65  |  Test Loss: 1.049 | Tes Acc: 64.25
INFO >> Epoch: 8  |  Layer: 16  |  Train Loss: 0.718 | Train Acc: 80.54  |  Val Loss: 1.023 | Val Acc: 57.58  |  Test Loss: 0.978 | Tes Acc: 59.42
INFO >> Epoch: 8  |  Layer: 17  |  Train Loss: 0.704 | Train Acc: 82.55  |  Val Loss: 0.813 | Val Acc: 70.71  |  Test Loss: 0.878 | Tes Acc: 69.08
INFO >> Epoch: 8  |  Layer: 18  |  Train Loss: 0.450 | Train Acc: 90.60  |  Val Loss: 0.655 | Val Acc: 73.74  |  Test Loss: 0.740 | Tes Acc: 75.85
INFO >> Epoch: 8  |  Layer: 19  |  Train Loss: 0.571 | Train Acc: 87.25  |  Val Loss: 0.831 | Val Acc: 68.69  |  Test Loss: 0.893 | Tes Acc: 72.46
INFO >> Epoch: 8  |  Layer: 20  |  Train Loss: 1.021 | Train Acc: 63.76  |  Val Loss: 1.087 | Val Acc: 65.66  |  Test Loss: 1.206 | Tes Acc: 44.44
INFO >> Epoch: 8  |  Layer: 21  |  Train Loss: 0.877 | Train Acc: 66.44  |  Val Loss: 1.038 | Val Acc: 59.60  |  Test Loss: 1.219 | Tes Acc: 48.79
INFO >> Epoch: 8  |  Layer: 22  |  Train Loss: 1.455 | Train Acc: 36.24  |  Val Loss: 1.479 | Val Acc: 38.38  |  Test Loss: 1.439 | Tes Acc: 39.61
INFO >> Epoch: 8  |  Layer: 23  |  Train Loss: 1.494 | Train Acc: 36.58  |  Val Loss: 1.624 | Val Acc: 27.27  |  Test Loss: 1.548 | Tes Acc: 27.54
INFO >> Epoch: 8  |  Layer: 24  |  Train Loss: 1.508 | Train Acc: 30.54  |  Val Loss: 1.639 | Val Acc: 32.32  |  Test Loss: 1.625 | Tes Acc: 28.50

INFO >> Epoch: 9  |  Layer:  1  |  Train Loss: 0.779 | Train Acc: 73.49  |  Val Loss: 1.449 | Val Acc: 42.42  |  Test Loss: 1.335 | Tes Acc: 48.31
INFO >> Epoch: 9  |  Layer:  2  |  Train Loss: 0.737 | Train Acc: 75.50  |  Val Loss: 1.369 | Val Acc: 42.42  |  Test Loss: 1.199 | Tes Acc: 51.21
INFO >> Epoch: 9  |  Layer:  3  |  Train Loss: 0.731 | Train Acc: 74.16  |  Val Loss: 1.392 | Val Acc: 44.44  |  Test Loss: 1.110 | Tes Acc: 57.97
INFO >> Epoch: 9  |  Layer:  4  |  Train Loss: 0.683 | Train Acc: 76.51  |  Val Loss: 1.417 | Val Acc: 39.39  |  Test Loss: 1.084 | Tes Acc: 58.45
INFO >> Epoch: 9  |  Layer:  5  |  Train Loss: 0.609 | Train Acc: 83.89  |  Val Loss: 1.076 | Val Acc: 64.65  |  Test Loss: 0.994 | Tes Acc: 58.94
INFO >> Epoch: 9  |  Layer:  6  |  Train Loss: 0.761 | Train Acc: 79.19  |  Val Loss: 1.352 | Val Acc: 42.42  |  Test Loss: 1.059 | Tes Acc: 61.35
INFO >> Epoch: 9  |  Layer:  7  |  Train Loss: 0.620 | Train Acc: 79.53  |  Val Loss: 1.078 | Val Acc: 56.57  |  Test Loss: 1.014 | Tes Acc: 60.39
INFO >> Epoch: 9  |  Layer:  8  |  Train Loss: 0.662 | Train Acc: 81.54  |  Val Loss: 1.094 | Val Acc: 54.55  |  Test Loss: 1.015 | Tes Acc: 60.87
INFO >> Epoch: 9  |  Layer:  9  |  Train Loss: 0.740 | Train Acc: 76.51  |  Val Loss: 1.075 | Val Acc: 55.56  |  Test Loss: 1.035 | Tes Acc: 60.39
INFO >> Epoch: 9  |  Layer: 10  |  Train Loss: 0.803 | Train Acc: 78.52  |  Val Loss: 1.237 | Val Acc: 48.48  |  Test Loss: 1.127 | Tes Acc: 53.14
INFO >> Epoch: 9  |  Layer: 11  |  Train Loss: 0.844 | Train Acc: 72.48  |  Val Loss: 1.154 | Val Acc: 57.58  |  Test Loss: 1.098 | Tes Acc: 56.04
INFO >> Epoch: 9  |  Layer: 12  |  Train Loss: 0.820 | Train Acc: 70.81  |  Val Loss: 1.206 | Val Acc: 48.48  |  Test Loss: 1.151 | Tes Acc: 45.89
INFO >> Epoch: 9  |  Layer: 13  |  Train Loss: 0.849 | Train Acc: 79.87  |  Val Loss: 1.299 | Val Acc: 47.47  |  Test Loss: 1.131 | Tes Acc: 52.17
INFO >> Epoch: 9  |  Layer: 14  |  Train Loss: 0.924 | Train Acc: 72.15  |  Val Loss: 1.184 | Val Acc: 56.57  |  Test Loss: 1.129 | Tes Acc: 57.00
INFO >> Epoch: 9  |  Layer: 15  |  Train Loss: 0.800 | Train Acc: 80.54  |  Val Loss: 1.145 | Val Acc: 57.58  |  Test Loss: 1.089 | Tes Acc: 56.52
INFO >> Epoch: 9  |  Layer: 16  |  Train Loss: 0.649 | Train Acc: 79.53  |  Val Loss: 0.987 | Val Acc: 60.61  |  Test Loss: 0.969 | Tes Acc: 60.39
INFO >> Epoch: 9  |  Layer: 17  |  Train Loss: 0.621 | Train Acc: 85.57  |  Val Loss: 0.774 | Val Acc: 69.70  |  Test Loss: 0.847 | Tes Acc: 71.50
INFO >> Epoch: 9  |  Layer: 18  |  Train Loss: 0.400 | Train Acc: 91.61  |  Val Loss: 0.618 | Val Acc: 74.75  |  Test Loss: 0.696 | Tes Acc: 77.78
INFO >> Epoch: 9  |  Layer: 19  |  Train Loss: 0.507 | Train Acc: 84.90  |  Val Loss: 0.917 | Val Acc: 63.64  |  Test Loss: 0.924 | Tes Acc: 65.22
INFO >> Epoch: 9  |  Layer: 20  |  Train Loss: 0.910 | Train Acc: 69.13  |  Val Loss: 1.206 | Val Acc: 47.47  |  Test Loss: 1.278 | Tes Acc: 46.86
INFO >> Epoch: 9  |  Layer: 21  |  Train Loss: 0.753 | Train Acc: 73.49  |  Val Loss: 1.125 | Val Acc: 58.59  |  Test Loss: 1.228 | Tes Acc: 52.66
INFO >> Epoch: 9  |  Layer: 22  |  Train Loss: 1.477 | Train Acc: 36.91  |  Val Loss: 1.477 | Val Acc: 41.41  |  Test Loss: 1.565 | Tes Acc: 30.43
INFO >> Epoch: 9  |  Layer: 23  |  Train Loss: 1.517 | Train Acc: 30.54  |  Val Loss: 1.787 | Val Acc: 30.30  |  Test Loss: 1.652 | Tes Acc: 38.16
INFO >> Epoch: 9  |  Layer: 24  |  Train Loss: 1.496 | Train Acc: 31.88  |  Val Loss: 1.914 | Val Acc: 26.26  |  Test Loss: 1.766 | Tes Acc: 26.09

INFO >> Epoch: 10  |  Layer:  1  |  Train Loss: 0.724 | Train Acc: 73.49  |  Val Loss: 1.056 | Val Acc: 65.66  |  Test Loss: 1.335 | Tes Acc: 44.44
INFO >> Epoch: 10  |  Layer:  2  |  Train Loss: 0.708 | Train Acc: 76.85  |  Val Loss: 0.941 | Val Acc: 70.71  |  Test Loss: 1.214 | Tes Acc: 53.62
INFO >> Epoch: 10  |  Layer:  3  |  Train Loss: 0.696 | Train Acc: 77.85  |  Val Loss: 0.929 | Val Acc: 72.73  |  Test Loss: 1.145 | Tes Acc: 54.59
INFO >> Epoch: 10  |  Layer:  4  |  Train Loss: 0.635 | Train Acc: 80.54  |  Val Loss: 1.010 | Val Acc: 61.62  |  Test Loss: 1.070 | Tes Acc: 60.87
INFO >> Epoch: 10  |  Layer:  5  |  Train Loss: 0.576 | Train Acc: 82.55  |  Val Loss: 0.792 | Val Acc: 80.81  |  Test Loss: 0.995 | Tes Acc: 62.32
INFO >> Epoch: 10  |  Layer:  6  |  Train Loss: 0.706 | Train Acc: 77.18  |  Val Loss: 0.942 | Val Acc: 69.70  |  Test Loss: 1.011 | Tes Acc: 65.22
INFO >> Epoch: 10  |  Layer:  7  |  Train Loss: 0.550 | Train Acc: 83.89  |  Val Loss: 0.813 | Val Acc: 74.75  |  Test Loss: 0.914 | Tes Acc: 68.60
INFO >> Epoch: 10  |  Layer:  8  |  Train Loss: 0.611 | Train Acc: 83.22  |  Val Loss: 0.815 | Val Acc: 81.82  |  Test Loss: 0.970 | Tes Acc: 62.32
INFO >> Epoch: 10  |  Layer:  9  |  Train Loss: 0.649 | Train Acc: 80.87  |  Val Loss: 0.850 | Val Acc: 71.72  |  Test Loss: 0.936 | Tes Acc: 66.18
INFO >> Epoch: 10  |  Layer: 10  |  Train Loss: 0.759 | Train Acc: 78.19  |  Val Loss: 0.993 | Val Acc: 68.69  |  Test Loss: 1.053 | Tes Acc: 63.29
INFO >> Epoch: 10  |  Layer: 11  |  Train Loss: 0.789 | Train Acc: 74.83  |  Val Loss: 0.926 | Val Acc: 69.70  |  Test Loss: 1.031 | Tes Acc: 66.67
INFO >> Epoch: 10  |  Layer: 12  |  Train Loss: 0.775 | Train Acc: 73.15  |  Val Loss: 0.897 | Val Acc: 68.69  |  Test Loss: 1.024 | Tes Acc: 66.67
INFO >> Epoch: 10  |  Layer: 13  |  Train Loss: 0.788 | Train Acc: 76.17  |  Val Loss: 0.996 | Val Acc: 63.64  |  Test Loss: 1.054 | Tes Acc: 59.42
INFO >> Epoch: 10  |  Layer: 14  |  Train Loss: 0.860 | Train Acc: 74.16  |  Val Loss: 0.981 | Val Acc: 69.70  |  Test Loss: 1.089 | Tes Acc: 61.35
INFO >> Epoch: 10  |  Layer: 15  |  Train Loss: 0.744 | Train Acc: 82.89  |  Val Loss: 0.903 | Val Acc: 68.69  |  Test Loss: 1.005 | Tes Acc: 66.67
INFO >> Epoch: 10  |  Layer: 16  |  Train Loss: 0.612 | Train Acc: 84.23  |  Val Loss: 0.691 | Val Acc: 73.74  |  Test Loss: 0.874 | Tes Acc: 67.63
INFO >> Epoch: 10  |  Layer: 17  |  Train Loss: 0.554 | Train Acc: 88.26  |  Val Loss: 0.601 | Val Acc: 80.81  |  Test Loss: 0.817 | Tes Acc: 72.46
INFO >> Epoch: 10  |  Layer: 18  |  Train Loss: 0.333 | Train Acc: 93.29  |  Val Loss: 0.432 | Val Acc: 85.86  |  Test Loss: 0.748 | Tes Acc: 73.43
INFO >> Epoch: 10  |  Layer: 19  |  Train Loss: 0.430 | Train Acc: 89.26  |  Val Loss: 0.603 | Val Acc: 76.77  |  Test Loss: 0.846 | Tes Acc: 70.05
INFO >> Epoch: 10  |  Layer: 20  |  Train Loss: 0.947 | Train Acc: 64.43  |  Val Loss: 0.976 | Val Acc: 67.68  |  Test Loss: 1.300 | Tes Acc: 46.38
INFO >> Epoch: 10  |  Layer: 21  |  Train Loss: 0.763 | Train Acc: 74.83  |  Val Loss: 0.870 | Val Acc: 68.69  |  Test Loss: 1.184 | Tes Acc: 52.17
INFO >> Epoch: 10  |  Layer: 22  |  Train Loss: 1.568 | Train Acc: 35.57  |  Val Loss: 1.474 | Val Acc: 32.32  |  Test Loss: 1.544 | Tes Acc: 28.02
INFO >> Epoch: 10  |  Layer: 23  |  Train Loss: 1.418 | Train Acc: 39.93  |  Val Loss: 1.650 | Val Acc: 32.32  |  Test Loss: 1.796 | Tes Acc: 29.47
INFO >> Epoch: 10  |  Layer: 24  |  Train Loss: 1.560 | Train Acc: 35.23  |  Val Loss: 1.631 | Val Acc: 32.32  |  Test Loss: 1.817 | Tes Acc: 31.40

INFO >> Epoch: 11  |  Layer:  1  |  Train Loss: 0.709 | Train Acc: 75.17  |  Val Loss: 1.510 | Val Acc: 42.42  |  Test Loss: 1.424 | Tes Acc: 43.96
INFO >> Epoch: 11  |  Layer:  2  |  Train Loss: 0.671 | Train Acc: 78.86  |  Val Loss: 1.374 | Val Acc: 45.45  |  Test Loss: 1.200 | Tes Acc: 49.28
INFO >> Epoch: 11  |  Layer:  3  |  Train Loss: 0.645 | Train Acc: 82.21  |  Val Loss: 1.253 | Val Acc: 54.55  |  Test Loss: 1.094 | Tes Acc: 52.17
INFO >> Epoch: 11  |  Layer:  4  |  Train Loss: 0.575 | Train Acc: 86.24  |  Val Loss: 1.123 | Val Acc: 57.58  |  Test Loss: 1.019 | Tes Acc: 62.32
INFO >> Epoch: 11  |  Layer:  5  |  Train Loss: 0.525 | Train Acc: 88.26  |  Val Loss: 0.983 | Val Acc: 71.72  |  Test Loss: 0.924 | Tes Acc: 66.67
INFO >> Epoch: 11  |  Layer:  6  |  Train Loss: 0.641 | Train Acc: 84.23  |  Val Loss: 1.171 | Val Acc: 58.59  |  Test Loss: 0.985 | Tes Acc: 65.70
INFO >> Epoch: 11  |  Layer:  7  |  Train Loss: 0.500 | Train Acc: 89.26  |  Val Loss: 0.989 | Val Acc: 67.68  |  Test Loss: 0.911 | Tes Acc: 66.67
INFO >> Epoch: 11  |  Layer:  8  |  Train Loss: 0.573 | Train Acc: 83.56  |  Val Loss: 0.995 | Val Acc: 62.63  |  Test Loss: 0.975 | Tes Acc: 62.80
INFO >> Epoch: 11  |  Layer:  9  |  Train Loss: 0.609 | Train Acc: 83.56  |  Val Loss: 1.107 | Val Acc: 47.47  |  Test Loss: 1.080 | Tes Acc: 56.52
INFO >> Epoch: 11  |  Layer: 10  |  Train Loss: 0.700 | Train Acc: 83.89  |  Val Loss: 1.061 | Val Acc: 56.57  |  Test Loss: 1.055 | Tes Acc: 58.45
INFO >> Epoch: 11  |  Layer: 11  |  Train Loss: 0.780 | Train Acc: 76.51  |  Val Loss: 1.097 | Val Acc: 50.51  |  Test Loss: 1.061 | Tes Acc: 57.97
INFO >> Epoch: 11  |  Layer: 12  |  Train Loss: 0.760 | Train Acc: 75.84  |  Val Loss: 1.182 | Val Acc: 46.46  |  Test Loss: 1.108 | Tes Acc: 53.14
INFO >> Epoch: 11  |  Layer: 13  |  Train Loss: 0.742 | Train Acc: 83.56  |  Val Loss: 1.293 | Val Acc: 42.42  |  Test Loss: 1.124 | Tes Acc: 54.59
INFO >> Epoch: 11  |  Layer: 14  |  Train Loss: 0.839 | Train Acc: 76.17  |  Val Loss: 1.079 | Val Acc: 55.56  |  Test Loss: 1.123 | Tes Acc: 48.79
INFO >> Epoch: 11  |  Layer: 15  |  Train Loss: 0.693 | Train Acc: 82.55  |  Val Loss: 1.161 | Val Acc: 49.49  |  Test Loss: 1.080 | Tes Acc: 51.69
INFO >> Epoch: 11  |  Layer: 16  |  Train Loss: 0.550 | Train Acc: 87.58  |  Val Loss: 1.047 | Val Acc: 57.58  |  Test Loss: 0.966 | Tes Acc: 58.94
INFO >> Epoch: 11  |  Layer: 17  |  Train Loss: 0.493 | Train Acc: 90.27  |  Val Loss: 0.802 | Val Acc: 67.68  |  Test Loss: 0.881 | Tes Acc: 67.63
INFO >> Epoch: 11  |  Layer: 18  |  Train Loss: 0.288 | Train Acc: 95.64  |  Val Loss: 0.582 | Val Acc: 80.81  |  Test Loss: 0.775 | Tes Acc: 71.98
INFO >> Epoch: 11  |  Layer: 19  |  Train Loss: 0.373 | Train Acc: 93.62  |  Val Loss: 0.750 | Val Acc: 74.75  |  Test Loss: 0.810 | Tes Acc: 74.88
INFO >> Epoch: 11  |  Layer: 20  |  Train Loss: 0.893 | Train Acc: 69.13  |  Val Loss: 1.148 | Val Acc: 49.49  |  Test Loss: 1.156 | Tes Acc: 48.31
INFO >> Epoch: 11  |  Layer: 21  |  Train Loss: 0.680 | Train Acc: 82.89  |  Val Loss: 0.957 | Val Acc: 67.68  |  Test Loss: 1.002 | Tes Acc: 58.94
INFO >> Epoch: 11  |  Layer: 22  |  Train Loss: 1.482 | Train Acc: 33.56  |  Val Loss: 1.564 | Val Acc: 19.19  |  Test Loss: 1.620 | Tes Acc: 22.22
INFO >> Epoch: 11  |  Layer: 23  |  Train Loss: 1.527 | Train Acc: 39.93  |  Val Loss: 1.922 | Val Acc: 40.40  |  Test Loss: 1.921 | Tes Acc: 27.05
INFO >> Epoch: 11  |  Layer: 24  |  Train Loss: 1.654 | Train Acc: 31.54  |  Val Loss: 1.649 | Val Acc: 34.34  |  Test Loss: 1.677 | Tes Acc: 28.99

INFO >> Epoch: 12  |  Layer:  1  |  Train Loss: 0.750 | Train Acc: 70.13  |  Val Loss: 1.033 | Val Acc: 62.63  |  Test Loss: 1.482 | Tes Acc: 44.44
INFO >> Epoch: 12  |  Layer:  2  |  Train Loss: 0.668 | Train Acc: 73.15  |  Val Loss: 0.917 | Val Acc: 65.66  |  Test Loss: 1.263 | Tes Acc: 49.28
INFO >> Epoch: 12  |  Layer:  3  |  Train Loss: 0.634 | Train Acc: 76.51  |  Val Loss: 0.938 | Val Acc: 68.69  |  Test Loss: 1.154 | Tes Acc: 50.72
INFO >> Epoch: 12  |  Layer:  4  |  Train Loss: 0.590 | Train Acc: 80.87  |  Val Loss: 1.054 | Val Acc: 63.64  |  Test Loss: 1.133 | Tes Acc: 53.62
INFO >> Epoch: 12  |  Layer:  5  |  Train Loss: 0.514 | Train Acc: 83.89  |  Val Loss: 0.840 | Val Acc: 74.75  |  Test Loss: 0.963 | Tes Acc: 59.90
INFO >> Epoch: 12  |  Layer:  6  |  Train Loss: 0.602 | Train Acc: 84.56  |  Val Loss: 0.935 | Val Acc: 72.73  |  Test Loss: 0.984 | Tes Acc: 59.90
INFO >> Epoch: 12  |  Layer:  7  |  Train Loss: 0.494 | Train Acc: 86.91  |  Val Loss: 0.887 | Val Acc: 66.67  |  Test Loss: 0.949 | Tes Acc: 62.80
INFO >> Epoch: 12  |  Layer:  8  |  Train Loss: 0.536 | Train Acc: 85.91  |  Val Loss: 0.841 | Val Acc: 71.72  |  Test Loss: 0.916 | Tes Acc: 68.12
INFO >> Epoch: 12  |  Layer:  9  |  Train Loss: 0.581 | Train Acc: 83.22  |  Val Loss: 0.842 | Val Acc: 64.65  |  Test Loss: 0.925 | Tes Acc: 65.70
INFO >> Epoch: 12  |  Layer: 10  |  Train Loss: 0.675 | Train Acc: 82.55  |  Val Loss: 0.985 | Val Acc: 62.63  |  Test Loss: 1.035 | Tes Acc: 57.00
INFO >> Epoch: 12  |  Layer: 11  |  Train Loss: 0.738 | Train Acc: 75.50  |  Val Loss: 0.957 | Val Acc: 59.60  |  Test Loss: 0.992 | Tes Acc: 67.15
INFO >> Epoch: 12  |  Layer: 12  |  Train Loss: 0.704 | Train Acc: 75.50  |  Val Loss: 0.878 | Val Acc: 61.62  |  Test Loss: 0.945 | Tes Acc: 66.67
INFO >> Epoch: 12  |  Layer: 13  |  Train Loss: 0.761 | Train Acc: 74.83  |  Val Loss: 1.016 | Val Acc: 60.61  |  Test Loss: 1.038 | Tes Acc: 59.90
INFO >> Epoch: 12  |  Layer: 14  |  Train Loss: 0.787 | Train Acc: 71.48  |  Val Loss: 0.921 | Val Acc: 58.59  |  Test Loss: 1.039 | Tes Acc: 62.32
INFO >> Epoch: 12  |  Layer: 15  |  Train Loss: 0.658 | Train Acc: 80.87  |  Val Loss: 0.877 | Val Acc: 62.63  |  Test Loss: 0.914 | Tes Acc: 64.25
INFO >> Epoch: 12  |  Layer: 16  |  Train Loss: 0.535 | Train Acc: 84.56  |  Val Loss: 0.870 | Val Acc: 65.66  |  Test Loss: 0.836 | Tes Acc: 69.08
INFO >> Epoch: 12  |  Layer: 17  |  Train Loss: 0.465 | Train Acc: 87.92  |  Val Loss: 0.757 | Val Acc: 71.72  |  Test Loss: 0.749 | Tes Acc: 71.01
INFO >> Epoch: 12  |  Layer: 18  |  Train Loss: 0.285 | Train Acc: 93.62  |  Val Loss: 0.738 | Val Acc: 71.72  |  Test Loss: 0.658 | Tes Acc: 75.85
INFO >> Epoch: 12  |  Layer: 19  |  Train Loss: 0.359 | Train Acc: 92.95  |  Val Loss: 0.860 | Val Acc: 70.71  |  Test Loss: 0.836 | Tes Acc: 68.60
INFO >> Epoch: 12  |  Layer: 20  |  Train Loss: 0.814 | Train Acc: 74.16  |  Val Loss: 1.197 | Val Acc: 58.59  |  Test Loss: 1.094 | Tes Acc: 57.00
INFO >> Epoch: 12  |  Layer: 21  |  Train Loss: 0.650 | Train Acc: 82.21  |  Val Loss: 1.064 | Val Acc: 75.76  |  Test Loss: 0.985 | Tes Acc: 58.45
INFO >> Epoch: 12  |  Layer: 22  |  Train Loss: 1.456 | Train Acc: 37.92  |  Val Loss: 1.408 | Val Acc: 37.37  |  Test Loss: 1.431 | Tes Acc: 34.30
INFO >> Epoch: 12  |  Layer: 23  |  Train Loss: 1.627 | Train Acc: 34.90  |  Val Loss: 1.629 | Val Acc: 29.29  |  Test Loss: 1.484 | Tes Acc: 35.27
INFO >> Epoch: 12  |  Layer: 24  |  Train Loss: 1.670 | Train Acc: 28.52  |  Val Loss: 1.695 | Val Acc: 31.31  |  Test Loss: 1.579 | Tes Acc: 32.85

INFO >> Epoch: 13  |  Layer:  1  |  Train Loss: 0.700 | Train Acc: 74.83  |  Val Loss: 0.908 | Val Acc: 68.69  |  Test Loss: 1.683 | Tes Acc: 42.03
INFO >> Epoch: 13  |  Layer:  2  |  Train Loss: 0.597 | Train Acc: 82.21  |  Val Loss: 0.823 | Val Acc: 69.70  |  Test Loss: 1.385 | Tes Acc: 43.48
INFO >> Epoch: 13  |  Layer:  3  |  Train Loss: 0.576 | Train Acc: 82.89  |  Val Loss: 0.864 | Val Acc: 67.68  |  Test Loss: 1.268 | Tes Acc: 47.34
INFO >> Epoch: 13  |  Layer:  4  |  Train Loss: 0.537 | Train Acc: 81.88  |  Val Loss: 0.849 | Val Acc: 62.63  |  Test Loss: 1.175 | Tes Acc: 54.59
INFO >> Epoch: 13  |  Layer:  5  |  Train Loss: 0.442 | Train Acc: 89.60  |  Val Loss: 0.793 | Val Acc: 74.75  |  Test Loss: 1.050 | Tes Acc: 55.56
INFO >> Epoch: 13  |  Layer:  6  |  Train Loss: 0.555 | Train Acc: 83.56  |  Val Loss: 0.887 | Val Acc: 73.74  |  Test Loss: 1.075 | Tes Acc: 57.97
INFO >> Epoch: 13  |  Layer:  7  |  Train Loss: 0.449 | Train Acc: 85.57  |  Val Loss: 0.745 | Val Acc: 73.74  |  Test Loss: 1.023 | Tes Acc: 60.87
INFO >> Epoch: 13  |  Layer:  8  |  Train Loss: 0.488 | Train Acc: 86.24  |  Val Loss: 0.700 | Val Acc: 74.75  |  Test Loss: 0.968 | Tes Acc: 63.77
INFO >> Epoch: 13  |  Layer:  9  |  Train Loss: 0.522 | Train Acc: 84.23  |  Val Loss: 0.702 | Val Acc: 68.69  |  Test Loss: 0.967 | Tes Acc: 63.77
INFO >> Epoch: 13  |  Layer: 10  |  Train Loss: 0.600 | Train Acc: 84.90  |  Val Loss: 0.947 | Val Acc: 62.63  |  Test Loss: 1.067 | Tes Acc: 58.94
INFO >> Epoch: 13  |  Layer: 11  |  Train Loss: 0.667 | Train Acc: 75.17  |  Val Loss: 1.008 | Val Acc: 51.52  |  Test Loss: 1.102 | Tes Acc: 57.97
INFO >> Epoch: 13  |  Layer: 12  |  Train Loss: 0.643 | Train Acc: 76.51  |  Val Loss: 0.919 | Val Acc: 53.54  |  Test Loss: 1.047 | Tes Acc: 59.90
INFO >> Epoch: 13  |  Layer: 13  |  Train Loss: 0.671 | Train Acc: 79.19  |  Val Loss: 0.960 | Val Acc: 58.59  |  Test Loss: 1.106 | Tes Acc: 58.45
INFO >> Epoch: 13  |  Layer: 14  |  Train Loss: 0.695 | Train Acc: 79.53  |  Val Loss: 0.947 | Val Acc: 57.58  |  Test Loss: 1.082 | Tes Acc: 52.66
INFO >> Epoch: 13  |  Layer: 15  |  Train Loss: 0.598 | Train Acc: 83.56  |  Val Loss: 0.821 | Val Acc: 66.67  |  Test Loss: 0.952 | Tes Acc: 65.70
INFO >> Epoch: 13  |  Layer: 16  |  Train Loss: 0.500 | Train Acc: 85.57  |  Val Loss: 0.731 | Val Acc: 70.71  |  Test Loss: 0.884 | Tes Acc: 69.08
INFO >> Epoch: 13  |  Layer: 17  |  Train Loss: 0.447 | Train Acc: 87.58  |  Val Loss: 0.632 | Val Acc: 71.72  |  Test Loss: 0.765 | Tes Acc: 72.95
INFO >> Epoch: 13  |  Layer: 18  |  Train Loss: 0.276 | Train Acc: 93.29  |  Val Loss: 0.665 | Val Acc: 76.77  |  Test Loss: 0.739 | Tes Acc: 73.91
INFO >> Epoch: 13  |  Layer: 19  |  Train Loss: 0.348 | Train Acc: 90.94  |  Val Loss: 0.847 | Val Acc: 72.73  |  Test Loss: 0.940 | Tes Acc: 63.29
INFO >> Epoch: 13  |  Layer: 20  |  Train Loss: 0.782 | Train Acc: 76.85  |  Val Loss: 1.001 | Val Acc: 67.68  |  Test Loss: 1.019 | Tes Acc: 60.87
INFO >> Epoch: 13  |  Layer: 21  |  Train Loss: 0.612 | Train Acc: 76.51  |  Val Loss: 0.960 | Val Acc: 71.72  |  Test Loss: 0.976 | Tes Acc: 60.39
INFO >> Epoch: 13  |  Layer: 22  |  Train Loss: 1.475 | Train Acc: 34.90  |  Val Loss: 1.823 | Val Acc: 20.20  |  Test Loss: 1.621 | Tes Acc: 34.78
INFO >> Epoch: 13  |  Layer: 23  |  Train Loss: 1.465 | Train Acc: 35.23  |  Val Loss: 1.537 | Val Acc: 38.38  |  Test Loss: 1.605 | Tes Acc: 29.95
INFO >> Epoch: 13  |  Layer: 24  |  Train Loss: 1.648 | Train Acc: 30.87  |  Val Loss: 1.613 | Val Acc: 31.31  |  Test Loss: 1.561 | Tes Acc: 30.43

INFO >> Epoch: 14  |  Layer:  1  |  Train Loss: 0.654 | Train Acc: 78.19  |  Val Loss: 1.262 | Val Acc: 56.57  |  Test Loss: 1.654 | Tes Acc: 42.03
INFO >> Epoch: 14  |  Layer:  2  |  Train Loss: 0.573 | Train Acc: 84.23  |  Val Loss: 0.958 | Val Acc: 64.65  |  Test Loss: 1.325 | Tes Acc: 49.28
INFO >> Epoch: 14  |  Layer:  3  |  Train Loss: 0.542 | Train Acc: 85.57  |  Val Loss: 0.879 | Val Acc: 64.65  |  Test Loss: 1.162 | Tes Acc: 53.14
INFO >> Epoch: 14  |  Layer:  4  |  Train Loss: 0.491 | Train Acc: 87.25  |  Val Loss: 0.861 | Val Acc: 68.69  |  Test Loss: 1.083 | Tes Acc: 61.84
INFO >> Epoch: 14  |  Layer:  5  |  Train Loss: 0.417 | Train Acc: 89.93  |  Val Loss: 0.761 | Val Acc: 70.71  |  Test Loss: 0.892 | Tes Acc: 69.57
INFO >> Epoch: 14  |  Layer:  6  |  Train Loss: 0.503 | Train Acc: 88.26  |  Val Loss: 0.938 | Val Acc: 71.72  |  Test Loss: 0.915 | Tes Acc: 65.70
INFO >> Epoch: 14  |  Layer:  7  |  Train Loss: 0.390 | Train Acc: 90.94  |  Val Loss: 0.778 | Val Acc: 70.71  |  Test Loss: 0.887 | Tes Acc: 67.15
INFO >> Epoch: 14  |  Layer:  8  |  Train Loss: 0.426 | Train Acc: 90.94  |  Val Loss: 0.752 | Val Acc: 71.72  |  Test Loss: 0.901 | Tes Acc: 68.12
INFO >> Epoch: 14  |  Layer:  9  |  Train Loss: 0.448 | Train Acc: 89.60  |  Val Loss: 0.741 | Val Acc: 70.71  |  Test Loss: 0.875 | Tes Acc: 69.57
INFO >> Epoch: 14  |  Layer: 10  |  Train Loss: 0.554 | Train Acc: 87.92  |  Val Loss: 0.870 | Val Acc: 67.68  |  Test Loss: 0.945 | Tes Acc: 68.60
INFO >> Epoch: 14  |  Layer: 11  |  Train Loss: 0.618 | Train Acc: 83.56  |  Val Loss: 0.853 | Val Acc: 67.68  |  Test Loss: 0.942 | Tes Acc: 66.18
INFO >> Epoch: 14  |  Layer: 12  |  Train Loss: 0.600 | Train Acc: 83.89  |  Val Loss: 0.798 | Val Acc: 65.66  |  Test Loss: 0.907 | Tes Acc: 67.63
INFO >> Epoch: 14  |  Layer: 13  |  Train Loss: 0.600 | Train Acc: 86.58  |  Val Loss: 0.959 | Val Acc: 61.62  |  Test Loss: 0.989 | Tes Acc: 63.29
INFO >> Epoch: 14  |  Layer: 14  |  Train Loss: 0.645 | Train Acc: 84.56  |  Val Loss: 0.826 | Val Acc: 68.69  |  Test Loss: 0.964 | Tes Acc: 65.22
INFO >> Epoch: 14  |  Layer: 15  |  Train Loss: 0.555 | Train Acc: 88.59  |  Val Loss: 0.863 | Val Acc: 62.63  |  Test Loss: 0.948 | Tes Acc: 64.73
INFO >> Epoch: 14  |  Layer: 16  |  Train Loss: 0.426 | Train Acc: 89.26  |  Val Loss: 0.682 | Val Acc: 66.67  |  Test Loss: 0.836 | Tes Acc: 70.05
INFO >> Epoch: 14  |  Layer: 17  |  Train Loss: 0.382 | Train Acc: 91.28  |  Val Loss: 0.542 | Val Acc: 76.77  |  Test Loss: 0.729 | Tes Acc: 74.88
INFO >> Epoch: 14  |  Layer: 18  |  Train Loss: 0.245 | Train Acc: 93.29  |  Val Loss: 0.400 | Val Acc: 81.82  |  Test Loss: 0.635 | Tes Acc: 78.74
INFO >> Epoch: 14  |  Layer: 19  |  Train Loss: 0.323 | Train Acc: 90.60  |  Val Loss: 0.633 | Val Acc: 72.73  |  Test Loss: 0.778 | Tes Acc: 73.91
INFO >> Epoch: 14  |  Layer: 20  |  Train Loss: 0.720 | Train Acc: 82.89  |  Val Loss: 1.014 | Val Acc: 64.65  |  Test Loss: 1.013 | Tes Acc: 59.90
INFO >> Epoch: 14  |  Layer: 21  |  Train Loss: 0.574 | Train Acc: 83.56  |  Val Loss: 0.993 | Val Acc: 62.63  |  Test Loss: 0.949 | Tes Acc: 62.80
INFO >> Epoch: 14  |  Layer: 22  |  Train Loss: 1.395 | Train Acc: 41.61  |  Val Loss: 1.387 | Val Acc: 48.48  |  Test Loss: 1.396 | Tes Acc: 38.16
INFO >> Epoch: 14  |  Layer: 23  |  Train Loss: 1.450 | Train Acc: 38.93  |  Val Loss: 1.759 | Val Acc: 29.29  |  Test Loss: 1.627 | Tes Acc: 25.12
INFO >> Epoch: 14  |  Layer: 24  |  Train Loss: 1.503 | Train Acc: 41.61  |  Val Loss: 1.547 | Val Acc: 37.37  |  Test Loss: 1.582 | Tes Acc: 27.54

INFO >> Epoch: 15  |  Layer:  1  |  Train Loss: 0.581 | Train Acc: 79.53  |  Val Loss: 1.112 | Val Acc: 72.73  |  Test Loss: 1.336 | Tes Acc: 48.31
INFO >> Epoch: 15  |  Layer:  2  |  Train Loss: 0.512 | Train Acc: 85.91  |  Val Loss: 1.075 | Val Acc: 60.61  |  Test Loss: 1.136 | Tes Acc: 55.07
INFO >> Epoch: 15  |  Layer:  3  |  Train Loss: 0.478 | Train Acc: 88.26  |  Val Loss: 0.947 | Val Acc: 71.72  |  Test Loss: 1.013 | Tes Acc: 63.29
INFO >> Epoch: 15  |  Layer:  4  |  Train Loss: 0.435 | Train Acc: 87.25  |  Val Loss: 0.989 | Val Acc: 72.73  |  Test Loss: 0.963 | Tes Acc: 62.80
INFO >> Epoch: 15  |  Layer:  5  |  Train Loss: 0.362 | Train Acc: 92.62  |  Val Loss: 0.738 | Val Acc: 75.76  |  Test Loss: 0.812 | Tes Acc: 72.95
INFO >> Epoch: 15  |  Layer:  6  |  Train Loss: 0.445 | Train Acc: 88.26  |  Val Loss: 0.939 | Val Acc: 73.74  |  Test Loss: 0.852 | Tes Acc: 70.53
INFO >> Epoch: 15  |  Layer:  7  |  Train Loss: 0.351 | Train Acc: 92.62  |  Val Loss: 0.834 | Val Acc: 76.77  |  Test Loss: 0.834 | Tes Acc: 73.43
INFO >> Epoch: 15  |  Layer:  8  |  Train Loss: 0.390 | Train Acc: 91.28  |  Val Loss: 0.765 | Val Acc: 72.73  |  Test Loss: 0.878 | Tes Acc: 68.12
INFO >> Epoch: 15  |  Layer:  9  |  Train Loss: 0.407 | Train Acc: 90.60  |  Val Loss: 0.699 | Val Acc: 73.74  |  Test Loss: 0.881 | Tes Acc: 69.57
INFO >> Epoch: 15  |  Layer: 10  |  Train Loss: 0.485 | Train Acc: 91.28  |  Val Loss: 0.779 | Val Acc: 71.72  |  Test Loss: 0.925 | Tes Acc: 67.63
INFO >> Epoch: 15  |  Layer: 11  |  Train Loss: 0.525 | Train Acc: 88.93  |  Val Loss: 0.812 | Val Acc: 71.72  |  Test Loss: 0.954 | Tes Acc: 66.18
INFO >> Epoch: 15  |  Layer: 12  |  Train Loss: 0.502 | Train Acc: 89.60  |  Val Loss: 0.730 | Val Acc: 71.72  |  Test Loss: 0.947 | Tes Acc: 68.12
INFO >> Epoch: 15  |  Layer: 13  |  Train Loss: 0.536 | Train Acc: 90.27  |  Val Loss: 0.925 | Val Acc: 64.65  |  Test Loss: 0.986 | Tes Acc: 63.29
INFO >> Epoch: 15  |  Layer: 14  |  Train Loss: 0.580 | Train Acc: 87.92  |  Val Loss: 0.776 | Val Acc: 70.71  |  Test Loss: 0.973 | Tes Acc: 64.73
INFO >> Epoch: 15  |  Layer: 15  |  Train Loss: 0.475 | Train Acc: 90.94  |  Val Loss: 0.756 | Val Acc: 69.70  |  Test Loss: 0.931 | Tes Acc: 66.67
INFO >> Epoch: 15  |  Layer: 16  |  Train Loss: 0.372 | Train Acc: 92.28  |  Val Loss: 0.631 | Val Acc: 76.77  |  Test Loss: 0.866 | Tes Acc: 69.57
INFO >> Epoch: 15  |  Layer: 17  |  Train Loss: 0.322 | Train Acc: 94.63  |  Val Loss: 0.485 | Val Acc: 83.84  |  Test Loss: 0.799 | Tes Acc: 75.36
INFO >> Epoch: 15  |  Layer: 18  |  Train Loss: 0.197 | Train Acc: 95.64  |  Val Loss: 0.338 | Val Acc: 90.91  |  Test Loss: 0.788 | Tes Acc: 73.43
INFO >> Epoch: 15  |  Layer: 19  |  Train Loss: 0.258 | Train Acc: 94.30  |  Val Loss: 0.493 | Val Acc: 83.84  |  Test Loss: 0.738 | Tes Acc: 75.85
INFO >> Epoch: 15  |  Layer: 20  |  Train Loss: 0.666 | Train Acc: 81.54  |  Val Loss: 1.001 | Val Acc: 64.65  |  Test Loss: 1.006 | Tes Acc: 60.39
INFO >> Epoch: 15  |  Layer: 21  |  Train Loss: 0.496 | Train Acc: 88.59  |  Val Loss: 1.079 | Val Acc: 64.65  |  Test Loss: 0.963 | Tes Acc: 62.80
INFO >> Epoch: 15  |  Layer: 22  |  Train Loss: 1.326 | Train Acc: 44.97  |  Val Loss: 1.321 | Val Acc: 53.54  |  Test Loss: 1.407 | Tes Acc: 39.13
INFO >> Epoch: 15  |  Layer: 23  |  Train Loss: 1.359 | Train Acc: 42.95  |  Val Loss: 1.523 | Val Acc: 36.36  |  Test Loss: 1.475 | Tes Acc: 38.65
INFO >> Epoch: 15  |  Layer: 24  |  Train Loss: 1.417 | Train Acc: 39.93  |  Val Loss: 1.604 | Val Acc: 32.32  |  Test Loss: 1.577 | Tes Acc: 27.54

INFO >> Epoch: 16  |  Layer:  1  |  Train Loss: 0.612 | Train Acc: 78.86  |  Val Loss: 0.982 | Val Acc: 61.62  |  Test Loss: 1.346 | Tes Acc: 51.69
INFO >> Epoch: 16  |  Layer:  2  |  Train Loss: 0.538 | Train Acc: 81.54  |  Val Loss: 0.705 | Val Acc: 74.75  |  Test Loss: 1.177 | Tes Acc: 55.07
INFO >> Epoch: 16  |  Layer:  3  |  Train Loss: 0.498 | Train Acc: 87.92  |  Val Loss: 0.672 | Val Acc: 77.78  |  Test Loss: 1.117 | Tes Acc: 55.07
INFO >> Epoch: 16  |  Layer:  4  |  Train Loss: 0.450 | Train Acc: 90.27  |  Val Loss: 0.737 | Val Acc: 68.69  |  Test Loss: 1.057 | Tes Acc: 59.42
INFO >> Epoch: 16  |  Layer:  5  |  Train Loss: 0.398 | Train Acc: 90.94  |  Val Loss: 0.662 | Val Acc: 73.74  |  Test Loss: 0.948 | Tes Acc: 61.35
INFO >> Epoch: 16  |  Layer:  6  |  Train Loss: 0.447 | Train Acc: 93.29  |  Val Loss: 0.692 | Val Acc: 73.74  |  Test Loss: 0.950 | Tes Acc: 65.22
INFO >> Epoch: 16  |  Layer:  7  |  Train Loss: 0.378 | Train Acc: 92.95  |  Val Loss: 0.765 | Val Acc: 66.67  |  Test Loss: 0.945 | Tes Acc: 63.77
INFO >> Epoch: 16  |  Layer:  8  |  Train Loss: 0.394 | Train Acc: 93.62  |  Val Loss: 0.714 | Val Acc: 67.68  |  Test Loss: 0.892 | Tes Acc: 67.63
INFO >> Epoch: 16  |  Layer:  9  |  Train Loss: 0.425 | Train Acc: 92.62  |  Val Loss: 0.729 | Val Acc: 67.68  |  Test Loss: 0.877 | Tes Acc: 69.57
INFO >> Epoch: 16  |  Layer: 10  |  Train Loss: 0.497 | Train Acc: 91.28  |  Val Loss: 0.759 | Val Acc: 69.70  |  Test Loss: 0.985 | Tes Acc: 65.70
INFO >> Epoch: 16  |  Layer: 11  |  Train Loss: 0.545 | Train Acc: 88.93  |  Val Loss: 0.778 | Val Acc: 71.72  |  Test Loss: 0.902 | Tes Acc: 68.12
INFO >> Epoch: 16  |  Layer: 12  |  Train Loss: 0.525 | Train Acc: 89.93  |  Val Loss: 0.692 | Val Acc: 71.72  |  Test Loss: 0.862 | Tes Acc: 69.08
INFO >> Epoch: 16  |  Layer: 13  |  Train Loss: 0.526 | Train Acc: 90.94  |  Val Loss: 0.751 | Val Acc: 69.70  |  Test Loss: 0.898 | Tes Acc: 67.15
INFO >> Epoch: 16  |  Layer: 14  |  Train Loss: 0.574 | Train Acc: 89.26  |  Val Loss: 0.820 | Val Acc: 68.69  |  Test Loss: 0.985 | Tes Acc: 61.84
INFO >> Epoch: 16  |  Layer: 15  |  Train Loss: 0.486 | Train Acc: 90.27  |  Val Loss: 0.679 | Val Acc: 68.69  |  Test Loss: 0.849 | Tes Acc: 68.12
INFO >> Epoch: 16  |  Layer: 16  |  Train Loss: 0.388 | Train Acc: 90.94  |  Val Loss: 0.575 | Val Acc: 76.77  |  Test Loss: 0.811 | Tes Acc: 70.53
INFO >> Epoch: 16  |  Layer: 17  |  Train Loss: 0.336 | Train Acc: 94.63  |  Val Loss: 0.464 | Val Acc: 82.83  |  Test Loss: 0.759 | Tes Acc: 74.40
INFO >> Epoch: 16  |  Layer: 18  |  Train Loss: 0.230 | Train Acc: 95.30  |  Val Loss: 0.345 | Val Acc: 86.87  |  Test Loss: 0.809 | Tes Acc: 70.05
INFO >> Epoch: 16  |  Layer: 19  |  Train Loss: 0.264 | Train Acc: 94.30  |  Val Loss: 0.460 | Val Acc: 83.84  |  Test Loss: 0.763 | Tes Acc: 75.36
INFO >> Epoch: 16  |  Layer: 20  |  Train Loss: 0.643 | Train Acc: 83.22  |  Val Loss: 0.858 | Val Acc: 73.74  |  Test Loss: 1.024 | Tes Acc: 57.97
INFO >> Epoch: 16  |  Layer: 21  |  Train Loss: 0.474 | Train Acc: 90.60  |  Val Loss: 0.683 | Val Acc: 82.83  |  Test Loss: 0.875 | Tes Acc: 68.12
INFO >> Epoch: 16  |  Layer: 22  |  Train Loss: 1.289 | Train Acc: 49.33  |  Val Loss: 1.379 | Val Acc: 45.45  |  Test Loss: 1.421 | Tes Acc: 40.58
INFO >> Epoch: 16  |  Layer: 23  |  Train Loss: 1.347 | Train Acc: 43.29  |  Val Loss: 1.463 | Val Acc: 37.37  |  Test Loss: 1.572 | Tes Acc: 34.30
INFO >> Epoch: 16  |  Layer: 24  |  Train Loss: 1.381 | Train Acc: 45.30  |  Val Loss: 1.546 | Val Acc: 38.38  |  Test Loss: 1.562 | Tes Acc: 28.02

INFO >> Epoch: 17  |  Layer:  1  |  Train Loss: 0.544 | Train Acc: 77.52  |  Val Loss: 1.136 | Val Acc: 55.56  |  Test Loss: 1.568 | Tes Acc: 43.00
INFO >> Epoch: 17  |  Layer:  2  |  Train Loss: 0.460 | Train Acc: 85.91  |  Val Loss: 0.783 | Val Acc: 68.69  |  Test Loss: 1.265 | Tes Acc: 51.21
INFO >> Epoch: 17  |  Layer:  3  |  Train Loss: 0.435 | Train Acc: 85.23  |  Val Loss: 0.746 | Val Acc: 67.68  |  Test Loss: 1.207 | Tes Acc: 52.66
INFO >> Epoch: 17  |  Layer:  4  |  Train Loss: 0.377 | Train Acc: 89.60  |  Val Loss: 0.785 | Val Acc: 64.65  |  Test Loss: 1.156 | Tes Acc: 54.59
INFO >> Epoch: 17  |  Layer:  5  |  Train Loss: 0.331 | Train Acc: 90.27  |  Val Loss: 0.676 | Val Acc: 72.73  |  Test Loss: 0.982 | Tes Acc: 62.80
INFO >> Epoch: 17  |  Layer:  6  |  Train Loss: 0.380 | Train Acc: 91.28  |  Val Loss: 0.663 | Val Acc: 78.79  |  Test Loss: 0.965 | Tes Acc: 63.29
INFO >> Epoch: 17  |  Layer:  7  |  Train Loss: 0.306 | Train Acc: 92.95  |  Val Loss: 0.622 | Val Acc: 76.77  |  Test Loss: 0.949 | Tes Acc: 65.70
INFO >> Epoch: 17  |  Layer:  8  |  Train Loss: 0.328 | Train Acc: 91.95  |  Val Loss: 0.616 | Val Acc: 76.77  |  Test Loss: 0.920 | Tes Acc: 66.18
INFO >> Epoch: 17  |  Layer:  9  |  Train Loss: 0.380 | Train Acc: 90.60  |  Val Loss: 0.656 | Val Acc: 70.71  |  Test Loss: 0.903 | Tes Acc: 66.18
INFO >> Epoch: 17  |  Layer: 10  |  Train Loss: 0.440 | Train Acc: 88.59  |  Val Loss: 0.731 | Val Acc: 67.68  |  Test Loss: 1.020 | Tes Acc: 61.35
INFO >> Epoch: 17  |  Layer: 11  |  Train Loss: 0.514 | Train Acc: 84.23  |  Val Loss: 0.898 | Val Acc: 57.58  |  Test Loss: 1.018 | Tes Acc: 61.84
INFO >> Epoch: 17  |  Layer: 12  |  Train Loss: 0.514 | Train Acc: 83.89  |  Val Loss: 0.923 | Val Acc: 56.57  |  Test Loss: 1.009 | Tes Acc: 59.42
INFO >> Epoch: 17  |  Layer: 13  |  Train Loss: 0.483 | Train Acc: 86.91  |  Val Loss: 0.834 | Val Acc: 60.61  |  Test Loss: 0.951 | Tes Acc: 65.22
INFO >> Epoch: 17  |  Layer: 14  |  Train Loss: 0.563 | Train Acc: 84.23  |  Val Loss: 0.941 | Val Acc: 55.56  |  Test Loss: 1.112 | Tes Acc: 51.69
INFO >> Epoch: 17  |  Layer: 15  |  Train Loss: 0.465 | Train Acc: 87.25  |  Val Loss: 0.823 | Val Acc: 63.64  |  Test Loss: 0.896 | Tes Acc: 65.22
INFO >> Epoch: 17  |  Layer: 16  |  Train Loss: 0.377 | Train Acc: 89.26  |  Val Loss: 0.626 | Val Acc: 70.71  |  Test Loss: 0.808 | Tes Acc: 73.43
INFO >> Epoch: 17  |  Layer: 17  |  Train Loss: 0.333 | Train Acc: 92.62  |  Val Loss: 0.480 | Val Acc: 79.80  |  Test Loss: 0.769 | Tes Acc: 75.36
INFO >> Epoch: 17  |  Layer: 18  |  Train Loss: 0.237 | Train Acc: 92.95  |  Val Loss: 0.419 | Val Acc: 83.84  |  Test Loss: 0.680 | Tes Acc: 78.26
INFO >> Epoch: 17  |  Layer: 19  |  Train Loss: 0.233 | Train Acc: 94.30  |  Val Loss: 0.468 | Val Acc: 79.80  |  Test Loss: 0.915 | Tes Acc: 68.12
INFO >> Epoch: 17  |  Layer: 20  |  Train Loss: 0.572 | Train Acc: 87.58  |  Val Loss: 0.901 | Val Acc: 64.65  |  Test Loss: 1.174 | Tes Acc: 51.21
INFO >> Epoch: 17  |  Layer: 21  |  Train Loss: 0.427 | Train Acc: 89.26  |  Val Loss: 0.617 | Val Acc: 82.83  |  Test Loss: 1.150 | Tes Acc: 56.04
INFO >> Epoch: 17  |  Layer: 22  |  Train Loss: 1.295 | Train Acc: 47.99  |  Val Loss: 1.496 | Val Acc: 32.32  |  Test Loss: 1.735 | Tes Acc: 25.60
INFO >> Epoch: 17  |  Layer: 23  |  Train Loss: 1.297 | Train Acc: 46.98  |  Val Loss: 1.642 | Val Acc: 33.33  |  Test Loss: 1.945 | Tes Acc: 23.19
INFO >> Epoch: 17  |  Layer: 24  |  Train Loss: 1.407 | Train Acc: 46.98  |  Val Loss: 1.618 | Val Acc: 36.36  |  Test Loss: 1.635 | Tes Acc: 34.30

INFO >> Epoch: 18  |  Layer:  1  |  Train Loss: 0.533 | Train Acc: 81.88  |  Val Loss: 0.729 | Val Acc: 74.75  |  Test Loss: 1.535 | Tes Acc: 44.93
INFO >> Epoch: 18  |  Layer:  2  |  Train Loss: 0.438 | Train Acc: 88.59  |  Val Loss: 0.687 | Val Acc: 73.74  |  Test Loss: 1.212 | Tes Acc: 49.76
INFO >> Epoch: 18  |  Layer:  3  |  Train Loss: 0.416 | Train Acc: 89.26  |  Val Loss: 0.688 | Val Acc: 73.74  |  Test Loss: 1.125 | Tes Acc: 54.59
INFO >> Epoch: 18  |  Layer:  4  |  Train Loss: 0.372 | Train Acc: 90.27  |  Val Loss: 0.582 | Val Acc: 83.84  |  Test Loss: 1.032 | Tes Acc: 57.49
INFO >> Epoch: 18  |  Layer:  5  |  Train Loss: 0.318 | Train Acc: 91.61  |  Val Loss: 0.533 | Val Acc: 84.85  |  Test Loss: 0.776 | Tes Acc: 72.95
INFO >> Epoch: 18  |  Layer:  6  |  Train Loss: 0.367 | Train Acc: 91.61  |  Val Loss: 0.583 | Val Acc: 83.84  |  Test Loss: 0.914 | Tes Acc: 65.22
INFO >> Epoch: 18  |  Layer:  7  |  Train Loss: 0.278 | Train Acc: 95.30  |  Val Loss: 0.568 | Val Acc: 81.82  |  Test Loss: 0.844 | Tes Acc: 68.12
INFO >> Epoch: 18  |  Layer:  8  |  Train Loss: 0.288 | Train Acc: 94.30  |  Val Loss: 0.528 | Val Acc: 85.86  |  Test Loss: 0.900 | Tes Acc: 67.15
INFO >> Epoch: 18  |  Layer:  9  |  Train Loss: 0.335 | Train Acc: 92.28  |  Val Loss: 0.493 | Val Acc: 83.84  |  Test Loss: 0.922 | Tes Acc: 65.70
INFO >> Epoch: 18  |  Layer: 10  |  Train Loss: 0.411 | Train Acc: 92.28  |  Val Loss: 0.589 | Val Acc: 82.83  |  Test Loss: 1.063 | Tes Acc: 62.80
INFO >> Epoch: 18  |  Layer: 11  |  Train Loss: 0.485 | Train Acc: 87.25  |  Val Loss: 0.575 | Val Acc: 81.82  |  Test Loss: 0.963 | Tes Acc: 66.18
INFO >> Epoch: 18  |  Layer: 12  |  Train Loss: 0.452 | Train Acc: 88.26  |  Val Loss: 0.589 | Val Acc: 79.80  |  Test Loss: 0.884 | Tes Acc: 66.18
INFO >> Epoch: 18  |  Layer: 13  |  Train Loss: 0.448 | Train Acc: 89.60  |  Val Loss: 0.664 | Val Acc: 77.78  |  Test Loss: 0.941 | Tes Acc: 68.60
INFO >> Epoch: 18  |  Layer: 14  |  Train Loss: 0.524 | Train Acc: 86.91  |  Val Loss: 0.549 | Val Acc: 87.88  |  Test Loss: 0.919 | Tes Acc: 67.15
INFO >> Epoch: 18  |  Layer: 15  |  Train Loss: 0.418 | Train Acc: 89.93  |  Val Loss: 0.616 | Val Acc: 77.78  |  Test Loss: 0.822 | Tes Acc: 71.98
INFO >> Epoch: 18  |  Layer: 16  |  Train Loss: 0.353 | Train Acc: 90.60  |  Val Loss: 0.430 | Val Acc: 87.88  |  Test Loss: 0.790 | Tes Acc: 74.40
INFO >> Epoch: 18  |  Layer: 17  |  Train Loss: 0.328 | Train Acc: 91.95  |  Val Loss: 0.333 | Val Acc: 87.88  |  Test Loss: 0.812 | Tes Acc: 74.88
INFO >> Epoch: 18  |  Layer: 18  |  Train Loss: 0.191 | Train Acc: 95.30  |  Val Loss: 0.294 | Val Acc: 85.86  |  Test Loss: 0.691 | Tes Acc: 76.81
INFO >> Epoch: 18  |  Layer: 19  |  Train Loss: 0.241 | Train Acc: 94.30  |  Val Loss: 0.378 | Val Acc: 86.87  |  Test Loss: 1.013 | Tes Acc: 62.80
INFO >> Epoch: 18  |  Layer: 20  |  Train Loss: 0.620 | Train Acc: 81.21  |  Val Loss: 0.749 | Val Acc: 72.73  |  Test Loss: 1.205 | Tes Acc: 54.11
INFO >> Epoch: 18  |  Layer: 21  |  Train Loss: 0.483 | Train Acc: 84.56  |  Val Loss: 0.582 | Val Acc: 79.80  |  Test Loss: 1.245 | Tes Acc: 52.17
INFO >> Epoch: 18  |  Layer: 22  |  Train Loss: 1.420 | Train Acc: 42.62  |  Val Loss: 1.514 | Val Acc: 39.39  |  Test Loss: 1.714 | Tes Acc: 27.05
INFO >> Epoch: 18  |  Layer: 23  |  Train Loss: 1.413 | Train Acc: 36.24  |  Val Loss: 1.597 | Val Acc: 34.34  |  Test Loss: 1.767 | Tes Acc: 23.67
INFO >> Epoch: 18  |  Layer: 24  |  Train Loss: 1.543 | Train Acc: 35.23  |  Val Loss: 1.968 | Val Acc: 28.28  |  Test Loss: 1.928 | Tes Acc: 29.47

INFO >> Epoch: 19  |  Layer:  1  |  Train Loss: 0.532 | Train Acc: 82.55  |  Val Loss: 1.092 | Val Acc: 60.61  |  Test Loss: 1.290 | Tes Acc: 50.24
INFO >> Epoch: 19  |  Layer:  2  |  Train Loss: 0.435 | Train Acc: 88.93  |  Val Loss: 0.855 | Val Acc: 65.66  |  Test Loss: 1.124 | Tes Acc: 58.94
INFO >> Epoch: 19  |  Layer:  3  |  Train Loss: 0.392 | Train Acc: 90.60  |  Val Loss: 0.855 | Val Acc: 65.66  |  Test Loss: 0.996 | Tes Acc: 65.70
INFO >> Epoch: 19  |  Layer:  4  |  Train Loss: 0.352 | Train Acc: 91.61  |  Val Loss: 0.915 | Val Acc: 62.63  |  Test Loss: 0.924 | Tes Acc: 69.57
INFO >> Epoch: 19  |  Layer:  5  |  Train Loss: 0.288 | Train Acc: 92.62  |  Val Loss: 0.635 | Val Acc: 78.79  |  Test Loss: 0.766 | Tes Acc: 75.36
INFO >> Epoch: 19  |  Layer:  6  |  Train Loss: 0.353 | Train Acc: 91.95  |  Val Loss: 0.830 | Val Acc: 73.74  |  Test Loss: 0.804 | Tes Acc: 72.95
INFO >> Epoch: 19  |  Layer:  7  |  Train Loss: 0.259 | Train Acc: 94.30  |  Val Loss: 0.791 | Val Acc: 68.69  |  Test Loss: 0.810 | Tes Acc: 70.05
INFO >> Epoch: 19  |  Layer:  8  |  Train Loss: 0.272 | Train Acc: 94.97  |  Val Loss: 0.672 | Val Acc: 73.74  |  Test Loss: 0.813 | Tes Acc: 73.91
INFO >> Epoch: 19  |  Layer:  9  |  Train Loss: 0.305 | Train Acc: 92.95  |  Val Loss: 0.665 | Val Acc: 72.73  |  Test Loss: 0.783 | Tes Acc: 72.95
INFO >> Epoch: 19  |  Layer: 10  |  Train Loss: 0.377 | Train Acc: 91.95  |  Val Loss: 0.692 | Val Acc: 72.73  |  Test Loss: 0.844 | Tes Acc: 70.53
INFO >> Epoch: 19  |  Layer: 11  |  Train Loss: 0.431 | Train Acc: 89.26  |  Val Loss: 0.709 | Val Acc: 68.69  |  Test Loss: 0.850 | Tes Acc: 68.12
INFO >> Epoch: 19  |  Layer: 12  |  Train Loss: 0.401 | Train Acc: 90.27  |  Val Loss: 0.662 | Val Acc: 69.70  |  Test Loss: 0.828 | Tes Acc: 70.05
INFO >> Epoch: 19  |  Layer: 13  |  Train Loss: 0.409 | Train Acc: 90.60  |  Val Loss: 0.753 | Val Acc: 68.69  |  Test Loss: 0.863 | Tes Acc: 70.53
INFO >> Epoch: 19  |  Layer: 14  |  Train Loss: 0.484 | Train Acc: 84.23  |  Val Loss: 0.758 | Val Acc: 66.67  |  Test Loss: 0.948 | Tes Acc: 63.29
INFO >> Epoch: 19  |  Layer: 15  |  Train Loss: 0.368 | Train Acc: 91.95  |  Val Loss: 0.636 | Val Acc: 72.73  |  Test Loss: 0.784 | Tes Acc: 72.95
INFO >> Epoch: 19  |  Layer: 16  |  Train Loss: 0.315 | Train Acc: 91.95  |  Val Loss: 0.543 | Val Acc: 76.77  |  Test Loss: 0.716 | Tes Acc: 75.85
INFO >> Epoch: 19  |  Layer: 17  |  Train Loss: 0.306 | Train Acc: 92.62  |  Val Loss: 0.414 | Val Acc: 84.85  |  Test Loss: 0.641 | Tes Acc: 80.19
INFO >> Epoch: 19  |  Layer: 18  |  Train Loss: 0.170 | Train Acc: 96.31  |  Val Loss: 0.475 | Val Acc: 80.81  |  Test Loss: 0.573 | Tes Acc: 82.13
INFO >> Epoch: 19  |  Layer: 19  |  Train Loss: 0.223 | Train Acc: 93.96  |  Val Loss: 0.441 | Val Acc: 82.83  |  Test Loss: 0.769 | Tes Acc: 73.91
INFO >> Epoch: 19  |  Layer: 20  |  Train Loss: 0.667 | Train Acc: 75.50  |  Val Loss: 0.865 | Val Acc: 68.69  |  Test Loss: 0.924 | Tes Acc: 62.32
INFO >> Epoch: 19  |  Layer: 21  |  Train Loss: 0.493 | Train Acc: 80.87  |  Val Loss: 0.709 | Val Acc: 78.79  |  Test Loss: 0.873 | Tes Acc: 69.57
INFO >> Epoch: 19  |  Layer: 22  |  Train Loss: 1.374 | Train Acc: 39.93  |  Val Loss: 1.251 | Val Acc: 58.59  |  Test Loss: 1.319 | Tes Acc: 39.13
INFO >> Epoch: 19  |  Layer: 23  |  Train Loss: 1.613 | Train Acc: 36.24  |  Val Loss: 2.468 | Val Acc: 25.25  |  Test Loss: 2.161 | Tes Acc: 20.29
INFO >> Epoch: 19  |  Layer: 24  |  Train Loss: 1.485 | Train Acc: 36.58  |  Val Loss: 1.759 | Val Acc: 31.31  |  Test Loss: 1.620 | Tes Acc: 25.60

INFO >> Epoch: 20  |  Layer:  1  |  Train Loss: 0.512 | Train Acc: 84.23  |  Val Loss: 1.202 | Val Acc: 59.60  |  Test Loss: 1.560 | Tes Acc: 48.31
INFO >> Epoch: 20  |  Layer:  2  |  Train Loss: 0.412 | Train Acc: 88.59  |  Val Loss: 0.746 | Val Acc: 69.70  |  Test Loss: 1.168 | Tes Acc: 57.49
INFO >> Epoch: 20  |  Layer:  3  |  Train Loss: 0.383 | Train Acc: 89.93  |  Val Loss: 0.670 | Val Acc: 73.74  |  Test Loss: 1.046 | Tes Acc: 62.32
INFO >> Epoch: 20  |  Layer:  4  |  Train Loss: 0.338 | Train Acc: 91.95  |  Val Loss: 0.707 | Val Acc: 75.76  |  Test Loss: 0.965 | Tes Acc: 68.60
INFO >> Epoch: 20  |  Layer:  5  |  Train Loss: 0.272 | Train Acc: 92.28  |  Val Loss: 0.600 | Val Acc: 73.74  |  Test Loss: 0.838 | Tes Acc: 69.57
INFO >> Epoch: 20  |  Layer:  6  |  Train Loss: 0.350 | Train Acc: 91.61  |  Val Loss: 0.740 | Val Acc: 74.75  |  Test Loss: 0.821 | Tes Acc: 69.08
INFO >> Epoch: 20  |  Layer:  7  |  Train Loss: 0.253 | Train Acc: 95.30  |  Val Loss: 0.642 | Val Acc: 77.78  |  Test Loss: 0.816 | Tes Acc: 71.50
INFO >> Epoch: 20  |  Layer:  8  |  Train Loss: 0.264 | Train Acc: 95.30  |  Val Loss: 0.582 | Val Acc: 77.78  |  Test Loss: 0.808 | Tes Acc: 71.98
INFO >> Epoch: 20  |  Layer:  9  |  Train Loss: 0.292 | Train Acc: 92.95  |  Val Loss: 0.598 | Val Acc: 72.73  |  Test Loss: 0.800 | Tes Acc: 70.53
INFO >> Epoch: 20  |  Layer: 10  |  Train Loss: 0.338 | Train Acc: 94.30  |  Val Loss: 0.649 | Val Acc: 72.73  |  Test Loss: 0.838 | Tes Acc: 70.53
INFO >> Epoch: 20  |  Layer: 11  |  Train Loss: 0.397 | Train Acc: 90.94  |  Val Loss: 0.805 | Val Acc: 63.64  |  Test Loss: 0.851 | Tes Acc: 68.60
INFO >> Epoch: 20  |  Layer: 12  |  Train Loss: 0.383 | Train Acc: 92.28  |  Val Loss: 0.695 | Val Acc: 69.70  |  Test Loss: 0.808 | Tes Acc: 71.01
INFO >> Epoch: 20  |  Layer: 13  |  Train Loss: 0.395 | Train Acc: 89.93  |  Val Loss: 0.703 | Val Acc: 68.69  |  Test Loss: 0.820 | Tes Acc: 69.57
INFO >> Epoch: 20  |  Layer: 14  |  Train Loss: 0.433 | Train Acc: 90.60  |  Val Loss: 0.728 | Val Acc: 65.66  |  Test Loss: 0.901 | Tes Acc: 65.22
INFO >> Epoch: 20  |  Layer: 15  |  Train Loss: 0.347 | Train Acc: 92.95  |  Val Loss: 0.718 | Val Acc: 68.69  |  Test Loss: 0.757 | Tes Acc: 75.36
INFO >> Epoch: 20  |  Layer: 16  |  Train Loss: 0.288 | Train Acc: 93.62  |  Val Loss: 0.735 | Val Acc: 66.67  |  Test Loss: 0.701 | Tes Acc: 75.36
INFO >> Epoch: 20  |  Layer: 17  |  Train Loss: 0.261 | Train Acc: 92.95  |  Val Loss: 0.644 | Val Acc: 71.72  |  Test Loss: 0.623 | Tes Acc: 80.19
INFO >> Epoch: 20  |  Layer: 18  |  Train Loss: 0.148 | Train Acc: 97.99  |  Val Loss: 0.542 | Val Acc: 73.74  |  Test Loss: 0.602 | Tes Acc: 79.71
INFO >> Epoch: 20  |  Layer: 19  |  Train Loss: 0.191 | Train Acc: 94.97  |  Val Loss: 0.667 | Val Acc: 75.76  |  Test Loss: 0.747 | Tes Acc: 76.33
INFO >> Epoch: 20  |  Layer: 20  |  Train Loss: 0.512 | Train Acc: 87.92  |  Val Loss: 0.780 | Val Acc: 73.74  |  Test Loss: 0.940 | Tes Acc: 64.73
INFO >> Epoch: 20  |  Layer: 21  |  Train Loss: 0.347 | Train Acc: 90.94  |  Val Loss: 0.655 | Val Acc: 79.80  |  Test Loss: 0.873 | Tes Acc: 68.60
INFO >> Epoch: 20  |  Layer: 22  |  Train Loss: 1.210 | Train Acc: 52.01  |  Val Loss: 1.413 | Val Acc: 43.43  |  Test Loss: 1.303 | Tes Acc: 48.79
INFO >> Epoch: 20  |  Layer: 23  |  Train Loss: 1.501 | Train Acc: 38.93  |  Val Loss: 1.735 | Val Acc: 34.34  |  Test Loss: 1.602 | Tes Acc: 32.37
INFO >> Epoch: 20  |  Layer: 24  |  Train Loss: 1.305 | Train Acc: 48.32  |  Val Loss: 1.654 | Val Acc: 32.32  |  Test Loss: 1.558 | Tes Acc: 27.05



INFO >> Time Taken: 06:45

INFO >> Layer: 1  |  Best Val Acc: 74.75  |  Best Test Acc: 44.93
INFO >> Layer: 2  |  Best Val Acc: 74.75  |  Best Test Acc: 55.07
INFO >> Layer: 3  |  Best Val Acc: 77.78  |  Best Test Acc: 55.07
INFO >> Layer: 4  |  Best Val Acc: 83.84  |  Best Test Acc: 57.49
INFO >> Layer: 5  |  Best Val Acc: 84.85  |  Best Test Acc: 72.95
INFO >> Layer: 6  |  Best Val Acc: 83.84  |  Best Test Acc: 65.22
INFO >> Layer: 7  |  Best Val Acc: 81.82  |  Best Test Acc: 68.12
INFO >> Layer: 8  |  Best Val Acc: 85.86  |  Best Test Acc: 67.15
INFO >> Layer: 9  |  Best Val Acc: 83.84  |  Best Test Acc: 65.70
INFO >> Layer: 10  |  Best Val Acc: 82.83  |  Best Test Acc: 62.80
INFO >> Layer: 11  |  Best Val Acc: 81.82  |  Best Test Acc: 66.18
INFO >> Layer: 12  |  Best Val Acc: 79.80  |  Best Test Acc: 66.18
INFO >> Layer: 13  |  Best Val Acc: 77.78  |  Best Test Acc: 68.60
INFO >> Layer: 14  |  Best Val Acc: 87.88  |  Best Test Acc: 67.15
INFO >> Layer: 15  |  Best Val Acc: 77.78  |  Best Test Acc: 71.98
INFO >> Layer: 16  |  Best Val Acc: 87.88  |  Best Test Acc: 74.40
INFO >> Layer: 17  |  Best Val Acc: 87.88  |  Best Test Acc: 74.88
INFO >> Layer: 18  |  Best Val Acc: 90.91  |  Best Test Acc: 73.43
INFO >> Layer: 19  |  Best Val Acc: 86.87  |  Best Test Acc: 62.80
INFO >> Layer: 20  |  Best Val Acc: 73.74  |  Best Test Acc: 57.97
INFO >> Layer: 21  |  Best Val Acc: 82.83  |  Best Test Acc: 68.12
INFO >> Layer: 22  |  Best Val Acc: 58.59  |  Best Test Acc: 39.13
INFO >> Layer: 23  |  Best Val Acc: 40.40  |  Best Test Acc: 27.05
INFO >> Layer: 24  |  Best Val Acc: 38.38  |  Best Test Acc: 28.02

DEBUG >> Last state saved

INFO >> History saved (./history/v1.3/AESDD/WAV2VEC2_LARGE_XLSR300M_PROBING/Run1/history.pt)
