
--------------------------------------------------
Multilingual SER System v1.1
--------------------------------------------------
Run Name      : Run3
Model         : GE2E
Extract Mode  : disk
Device        : gpu
Dataset       : ShEMO
Epochs        : 20
Data Dir      : ./data
History Dir   : ./history
Weights Dir   : ./weights
Log Level     : debug
Purge Cache   : False

Timestamp : 2023-02-27 02:21:26.820109

INFO >> Running on CUDA

INFO >> Waiting for other process to finish processing
INFO >> Feature cache found for train split
INFO >> Feature cache found for test split
INFO >> Feature cache found for validation split

INFO >> Training Classifier

DEBUG >> Best state saved | Val Acc 33.33333432674408 | Test Acc 36.82795763015747

INFO >> Epoch: 1 |   Train Loss: 1.505 | Train Acc: 34.73 |   Val Loss: 1.480 | Val Acc: 33.33 |   Test Loss: 1.260 | Tes Acc: 36.83
DEBUG >> Best state saved | Val Acc 34.40860211849213 | Test Acc 44.354838132858276

INFO >> Epoch: 2 |   Train Loss: 1.486 | Train Acc: 34.83 |   Val Loss: 1.483 | Val Acc: 34.41 |   Test Loss: 1.288 | Tes Acc: 44.35
INFO >> Epoch: 3 |   Train Loss: 1.481 | Train Acc: 35.51 |   Val Loss: 1.487 | Val Acc: 33.33 |   Test Loss: 1.315 | Tes Acc: 36.83
INFO >> Epoch: 4 |   Train Loss: 1.483 | Train Acc: 33.86 |   Val Loss: 1.484 | Val Acc: 33.33 |   Test Loss: 1.266 | Tes Acc: 36.83
INFO >> Epoch: 5 |   Train Loss: 1.482 | Train Acc: 33.24 |   Val Loss: 1.484 | Val Acc: 34.41 |   Test Loss: 1.291 | Tes Acc: 44.35
INFO >> Epoch: 6 |   Train Loss: 1.484 | Train Acc: 31.88 |   Val Loss: 1.481 | Val Acc: 33.33 |   Test Loss: 1.269 | Tes Acc: 36.83
INFO >> Epoch: 7 |   Train Loss: 1.480 | Train Acc: 34.25 |   Val Loss: 1.478 | Val Acc: 33.33 |   Test Loss: 1.267 | Tes Acc: 36.83
INFO >> Epoch: 8 |   Train Loss: 1.481 | Train Acc: 33.48 |   Val Loss: 1.481 | Val Acc: 34.41 |   Test Loss: 1.245 | Tes Acc: 44.35
INFO >> Epoch: 9 |   Train Loss: 1.479 | Train Acc: 34.49 |   Val Loss: 1.479 | Val Acc: 34.41 |   Test Loss: 1.278 | Tes Acc: 44.35
INFO >> Epoch: 10 |   Train Loss: 1.479 | Train Acc: 31.74 |   Val Loss: 1.479 | Val Acc: 33.33 |   Test Loss: 1.266 | Tes Acc: 36.83
INFO >> Epoch: 11 |   Train Loss: 1.481 | Train Acc: 32.85 |   Val Loss: 1.482 | Val Acc: 34.41 |   Test Loss: 1.273 | Tes Acc: 44.35
INFO >> Epoch: 12 |   Train Loss: 1.481 | Train Acc: 33.53 |   Val Loss: 1.483 | Val Acc: 33.33 |   Test Loss: 1.247 | Tes Acc: 36.83
INFO >> Epoch: 13 |   Train Loss: 1.478 | Train Acc: 33.82 |   Val Loss: 1.481 | Val Acc: 34.41 |   Test Loss: 1.254 | Tes Acc: 44.35
INFO >> Epoch: 14 |   Train Loss: 1.482 | Train Acc: 33.33 |   Val Loss: 1.481 | Val Acc: 33.33 |   Test Loss: 1.266 | Tes Acc: 36.83
INFO >> Epoch: 15 |   Train Loss: 1.481 | Train Acc: 35.07 |   Val Loss: 1.479 | Val Acc: 34.41 |   Test Loss: 1.268 | Tes Acc: 44.35
INFO >> Epoch: 16 |   Train Loss: 1.480 | Train Acc: 32.71 |   Val Loss: 1.481 | Val Acc: 33.33 |   Test Loss: 1.261 | Tes Acc: 36.83
INFO >> Epoch: 17 |   Train Loss: 1.478 | Train Acc: 35.51 |   Val Loss: 1.483 | Val Acc: 33.33 |   Test Loss: 1.296 | Tes Acc: 36.83
INFO >> Epoch: 18 |   Train Loss: 1.481 | Train Acc: 33.48 |   Val Loss: 1.479 | Val Acc: 34.41 |   Test Loss: 1.252 | Tes Acc: 44.35
INFO >> Epoch: 19 |   Train Loss: 1.479 | Train Acc: 34.25 |   Val Loss: 1.485 | Val Acc: 33.33 |   Test Loss: 1.265 | Tes Acc: 36.83
INFO >> Epoch: 20 |   Train Loss: 1.481 | Train Acc: 33.04 |   Val Loss: 1.481 | Val Acc: 33.33 |   Test Loss: 1.272 | Tes Acc: 36.83


INFO >> Time Taken: 01:01

INFO >> Best Val Acc : 34.40860211849213 | Best Test A : 44.354838132858276

DEBUG >> Last state saved | Val Acc 33.33333432674408 | Test Acc 36.82795763015747

INFO >> History saved (./history/v1.1/ShEMO/GE2E/Run3/history.pt)
