
--------------------------------------------------
Multilingual SER System v1.5
--------------------------------------------------
Run Name      : Run3
Fx Model      : WAV2VEC2_ASR_LARGE_960H
Clf Model     : DENSE
Extract Mode  : gpu_memory
Dataset       : ShEMO
Device        : gpu
Epochs        : 30
Num Workers   : 3
Data Dir      : ./data
History Dir   : ./history
Weights Dir   : ./weights
Log Level     : debug
Purge Cache   : False
Job Name      : Job181
Job Id        : 31168502
GPU           : NVIDIA A100-SXM4-80GB
GPU Count     : 1
GPU Memory    : 79.2 GB

Timestamp : 2023-03-20 02:52:45.681855

INFO >> Running on CUDA


INFO >> Training Classifier

INFO >> Epoch: 1  |  Train Loss: 1.375 | Train Acc: 47.68  |  Val Loss: 1.125 | Val Acc: 60.57  |  Test Loss: 0.806 | Tes Acc: 73.12
DEBUG >> Best state saved | Val Acc 60.57347655296326 | Test Acc 73.11828136444092

INFO >> Epoch: 2  |  Train Loss: 0.978 | Train Acc: 63.62  |  Val Loss: 0.842 | Val Acc: 70.61  |  Test Loss: 0.554 | Tes Acc: 81.45
DEBUG >> Best state saved | Val Acc 70.60931921005249 | Test Acc 81.45161271095276

INFO >> Epoch: 3  |  Train Loss: 0.772 | Train Acc: 72.17  |  Val Loss: 0.747 | Val Acc: 74.73  |  Test Loss: 0.436 | Tes Acc: 85.75
DEBUG >> Best state saved | Val Acc 74.73118305206299 | Test Acc 85.75268983840942

INFO >> Epoch: 4  |  Train Loss: 0.702 | Train Acc: 75.17  |  Val Loss: 0.711 | Val Acc: 75.81  |  Test Loss: 0.486 | Tes Acc: 83.33
DEBUG >> Best state saved | Val Acc 75.80645084381104 | Test Acc 83.33333134651184

INFO >> Epoch: 5  |  Train Loss: 0.661 | Train Acc: 77.25  |  Val Loss: 0.745 | Val Acc: 75.27  |  Test Loss: 0.426 | Tes Acc: 85.22
INFO >> Epoch: 6  |  Train Loss: 0.605 | Train Acc: 80.05  |  Val Loss: 0.669 | Val Acc: 77.96  |  Test Loss: 0.386 | Tes Acc: 86.56
DEBUG >> Best state saved | Val Acc 77.95698642730713 | Test Acc 86.55914068222046

INFO >> Epoch: 7  |  Train Loss: 0.555 | Train Acc: 80.97  |  Val Loss: 0.629 | Val Acc: 78.14  |  Test Loss: 0.364 | Tes Acc: 87.90
DEBUG >> Best state saved | Val Acc 78.1361997127533 | Test Acc 87.90322542190552

INFO >> Epoch: 8  |  Train Loss: 0.483 | Train Acc: 83.14  |  Val Loss: 0.672 | Val Acc: 79.21  |  Test Loss: 0.392 | Tes Acc: 87.90
DEBUG >> Best state saved | Val Acc 79.21146750450134 | Test Acc 87.90322542190552

INFO >> Epoch: 9  |  Train Loss: 0.473 | Train Acc: 83.77  |  Val Loss: 0.623 | Val Acc: 78.14  |  Test Loss: 0.373 | Tes Acc: 87.63
INFO >> Epoch: 10  |  Train Loss: 0.407 | Train Acc: 86.33  |  Val Loss: 0.621 | Val Acc: 81.00  |  Test Loss: 0.358 | Tes Acc: 88.44
DEBUG >> Best state saved | Val Acc 81.00358247756958 | Test Acc 88.44085931777954

INFO >> Epoch: 11  |  Train Loss: 0.384 | Train Acc: 87.05  |  Val Loss: 0.609 | Val Acc: 80.65  |  Test Loss: 0.311 | Tes Acc: 89.78
INFO >> Epoch: 12  |  Train Loss: 0.358 | Train Acc: 87.54  |  Val Loss: 0.596 | Val Acc: 80.29  |  Test Loss: 0.345 | Tes Acc: 89.52
INFO >> Epoch: 13  |  Train Loss: 0.323 | Train Acc: 89.18  |  Val Loss: 0.588 | Val Acc: 81.54  |  Test Loss: 0.342 | Tes Acc: 88.98
DEBUG >> Best state saved | Val Acc 81.5412163734436 | Test Acc 88.97849321365356

INFO >> Epoch: 14  |  Train Loss: 0.304 | Train Acc: 90.10  |  Val Loss: 0.645 | Val Acc: 80.11  |  Test Loss: 0.377 | Tes Acc: 88.71
INFO >> Epoch: 15  |  Train Loss: 0.291 | Train Acc: 89.76  |  Val Loss: 0.618 | Val Acc: 80.29  |  Test Loss: 0.372 | Tes Acc: 88.44
INFO >> Epoch: 16  |  Train Loss: 0.251 | Train Acc: 92.08  |  Val Loss: 0.688 | Val Acc: 81.54  |  Test Loss: 0.367 | Tes Acc: 90.05
INFO >> Epoch: 17  |  Train Loss: 0.259 | Train Acc: 91.35  |  Val Loss: 0.663 | Val Acc: 82.44  |  Test Loss: 0.400 | Tes Acc: 89.25
DEBUG >> Best state saved | Val Acc 82.43727684020996 | Test Acc 89.24731016159058

INFO >> Epoch: 18  |  Train Loss: 0.216 | Train Acc: 93.14  |  Val Loss: 0.669 | Val Acc: 81.54  |  Test Loss: 0.338 | Tes Acc: 91.13
INFO >> Epoch: 19  |  Train Loss: 0.191 | Train Acc: 93.91  |  Val Loss: 0.734 | Val Acc: 79.21  |  Test Loss: 0.519 | Tes Acc: 85.75
INFO >> Epoch: 20  |  Train Loss: 0.164 | Train Acc: 94.59  |  Val Loss: 0.746 | Val Acc: 81.36  |  Test Loss: 0.402 | Tes Acc: 89.78
INFO >> Epoch: 21  |  Train Loss: 0.169 | Train Acc: 94.25  |  Val Loss: 0.777 | Val Acc: 82.80  |  Test Loss: 0.409 | Tes Acc: 88.98
DEBUG >> Best state saved | Val Acc 82.79569745063782 | Test Acc 88.97849321365356

INFO >> Epoch: 22  |  Train Loss: 0.155 | Train Acc: 95.36  |  Val Loss: 0.734 | Val Acc: 81.18  |  Test Loss: 0.428 | Tes Acc: 89.25
INFO >> Epoch: 23  |  Train Loss: 0.168 | Train Acc: 94.25  |  Val Loss: 0.749 | Val Acc: 81.54  |  Test Loss: 0.383 | Tes Acc: 90.86
INFO >> Epoch: 24  |  Train Loss: 0.100 | Train Acc: 97.15  |  Val Loss: 0.782 | Val Acc: 81.36  |  Test Loss: 0.417 | Tes Acc: 90.05
INFO >> Epoch: 25  |  Train Loss: 0.114 | Train Acc: 96.18  |  Val Loss: 0.884 | Val Acc: 80.47  |  Test Loss: 0.430 | Tes Acc: 88.98
INFO >> Epoch: 26  |  Train Loss: 0.103 | Train Acc: 96.38  |  Val Loss: 0.845 | Val Acc: 80.47  |  Test Loss: 0.466 | Tes Acc: 88.98
INFO >> Epoch: 27  |  Train Loss: 0.130 | Train Acc: 95.46  |  Val Loss: 0.839 | Val Acc: 81.18  |  Test Loss: 0.441 | Tes Acc: 88.98
INFO >> Epoch: 28  |  Train Loss: 0.094 | Train Acc: 97.39  |  Val Loss: 1.074 | Val Acc: 79.93  |  Test Loss: 0.516 | Tes Acc: 89.52
INFO >> Epoch: 29  |  Train Loss: 0.081 | Train Acc: 97.92  |  Val Loss: 0.979 | Val Acc: 82.62  |  Test Loss: 0.510 | Tes Acc: 90.32
INFO >> Epoch: 30  |  Train Loss: 0.080 | Train Acc: 97.34  |  Val Loss: 0.899 | Val Acc: 80.47  |  Test Loss: 0.471 | Tes Acc: 89.25


INFO >> Time Taken: 58:16

INFO >> Best Val Acc : 82.79569745063782 | Best Test Acc : 88.97849321365356

INFO >> Agg. Weights : 
-0.05891144275665283 0.23004639148712158 0.28368905186653137 -0.07619264721870422 0.47824081778526306 0.3604925274848938 0.7052404880523682 -0.07866504788398743 -0.2511230707168579 0.4119592010974884 0.3879780173301697 0.4786290228366852 0.554084300994873 0.4806534945964813 -0.03526321426033974 0.16424094140529633 -0.03584948927164078 -0.21674387156963348 -0.15336765348911285 -0.013728302903473377 -0.11081889271736145 0.014269428327679634 0.050846703350543976 0.1566135734319687

DEBUG >> Last state saved | Val Acc 80.46594858169556 | Test Acc 89.24731016159058

INFO >> History saved (./history/v1.5/ShEMO/FX_WAV2VEC2_ASR_LARGE_960H_CLF_DENSE/Run3/history.pt)
