
--------------------------------------------------
Multilingual SER System v1.1
--------------------------------------------------
Run Name      : Run5
Model         : HUBERT_BASE
Extract Mode  : memory
Device        : gpu
Dataset       : CaFE
Epochs        : 20
Num Workers   : 2
Data Dir      : ./data
History Dir   : ./history
Weights Dir   : ./weights
Log Level     : debug
Purge Cache   : False
Job Name      : Job149
Job Id        : 30593672

Timestamp : 2023-02-28 04:31:45.074740

INFO >> Running on CUDA


INFO >> Training Classifier

DEBUG >> Best state saved | Val Acc 30.128204822540283 | Test Acc 31.196582317352295

INFO >> Epoch: 1 |   Train Loss: 1.929 | Train Acc: 14.47 |   Val Loss: 1.897 | Val Acc: 30.13 |   Test Loss: 1.893 | Tes Acc: 31.20
DEBUG >> Best state saved | Val Acc 40.38461446762085 | Test Acc 43.589743971824646

INFO >> Epoch: 2 |   Train Loss: 1.837 | Train Acc: 26.19 |   Val Loss: 1.805 | Val Acc: 40.38 |   Test Loss: 1.779 | Tes Acc: 43.59
INFO >> Epoch: 3 |   Train Loss: 1.666 | Train Acc: 38.10 |   Val Loss: 1.681 | Val Acc: 34.62 |   Test Loss: 1.600 | Tes Acc: 32.48
DEBUG >> Best state saved | Val Acc 42.307692766189575 | Test Acc 50.0

INFO >> Epoch: 4 |   Train Loss: 1.425 | Train Acc: 43.04 |   Val Loss: 1.498 | Val Acc: 42.31 |   Test Loss: 1.350 | Tes Acc: 50.00
DEBUG >> Best state saved | Val Acc 52.56410241127014 | Test Acc 55.55555820465088

INFO >> Epoch: 5 |   Train Loss: 1.193 | Train Acc: 58.06 |   Val Loss: 1.283 | Val Acc: 52.56 |   Test Loss: 1.157 | Tes Acc: 55.56
INFO >> Epoch: 6 |   Train Loss: 0.943 | Train Acc: 69.41 |   Val Loss: 1.517 | Val Acc: 41.03 |   Test Loss: 1.105 | Tes Acc: 55.56
INFO >> Epoch: 7 |   Train Loss: 0.801 | Train Acc: 71.06 |   Val Loss: 1.475 | Val Acc: 48.72 |   Test Loss: 1.020 | Tes Acc: 61.97
DEBUG >> Best state saved | Val Acc 56.41025900840759 | Test Acc 69.65811848640442

INFO >> Epoch: 8 |   Train Loss: 0.672 | Train Acc: 81.32 |   Val Loss: 1.127 | Val Acc: 56.41 |   Test Loss: 0.864 | Tes Acc: 69.66
INFO >> Epoch: 9 |   Train Loss: 0.505 | Train Acc: 85.16 |   Val Loss: 1.376 | Val Acc: 53.85 |   Test Loss: 0.908 | Tes Acc: 67.52
DEBUG >> Best state saved | Val Acc 58.974361419677734 | Test Acc 70.94017267227173

INFO >> Epoch: 10 |   Train Loss: 0.417 | Train Acc: 87.36 |   Val Loss: 1.102 | Val Acc: 58.97 |   Test Loss: 0.830 | Tes Acc: 70.94
INFO >> Epoch: 11 |   Train Loss: 0.351 | Train Acc: 89.56 |   Val Loss: 1.259 | Val Acc: 56.41 |   Test Loss: 0.834 | Tes Acc: 69.23
DEBUG >> Best state saved | Val Acc 68.58974099159241 | Test Acc 72.22222089767456

INFO >> Epoch: 12 |   Train Loss: 0.288 | Train Acc: 92.12 |   Val Loss: 0.954 | Val Acc: 68.59 |   Test Loss: 0.778 | Tes Acc: 72.22
INFO >> Epoch: 13 |   Train Loss: 0.254 | Train Acc: 93.77 |   Val Loss: 1.188 | Val Acc: 60.26 |   Test Loss: 0.884 | Tes Acc: 70.94
INFO >> Epoch: 14 |   Train Loss: 0.237 | Train Acc: 93.22 |   Val Loss: 1.473 | Val Acc: 59.62 |   Test Loss: 1.038 | Tes Acc: 66.24
INFO >> Epoch: 15 |   Train Loss: 0.193 | Train Acc: 94.32 |   Val Loss: 1.464 | Val Acc: 56.41 |   Test Loss: 1.090 | Tes Acc: 65.81
INFO >> Epoch: 16 |   Train Loss: 0.165 | Train Acc: 95.79 |   Val Loss: 1.042 | Val Acc: 67.95 |   Test Loss: 0.938 | Tes Acc: 70.09
INFO >> Epoch: 17 |   Train Loss: 0.133 | Train Acc: 96.70 |   Val Loss: 1.100 | Val Acc: 64.74 |   Test Loss: 0.920 | Tes Acc: 68.38
INFO >> Epoch: 18 |   Train Loss: 0.116 | Train Acc: 97.44 |   Val Loss: 1.435 | Val Acc: 59.62 |   Test Loss: 1.141 | Tes Acc: 66.67
INFO >> Epoch: 19 |   Train Loss: 0.093 | Train Acc: 97.99 |   Val Loss: 1.177 | Val Acc: 65.38 |   Test Loss: 0.960 | Tes Acc: 69.23
INFO >> Epoch: 20 |   Train Loss: 0.076 | Train Acc: 99.27 |   Val Loss: 1.352 | Val Acc: 62.82 |   Test Loss: 1.031 | Tes Acc: 66.67


INFO >> Time Taken: 2:10:03

INFO >> Best Val Acc : 68.58974099159241 | Best Test A : 72.22222089767456

INFO >> Agg. Weights : 
0.33814194798469543 -0.1600731909275055 -0.2752567231655121 -0.41499829292297363 -0.47016867995262146 -0.1406601518392563 -0.2522757947444916 0.4931420385837555 0.5545938014984131 -0.10596749931573868 0.47088509798049927 0.17828428745269775

DEBUG >> Last state saved | Val Acc 62.82051205635071 | Test Acc 66.66666865348816

INFO >> History saved (./history/v1.1/CaFE/HUBERT_BASE/Run5/history.pt)
