
--------------------------------------------------
Multilingual SER System v1.2
--------------------------------------------------
Run Name      : Run1
Fx Model      : WAV2VEC2_LARGE
Clf Model     : DENSE
Extract Mode  : gpu_memory
Dataset       : CaFE
Device        : gpu
Epochs        : 20
Num Workers   : 2
Data Dir      : ./data
History Dir   : ./history
Weights Dir   : ./weights
Log Level     : debug
Purge Cache   : False
Job Name      : Job87
Job Id        : 30684204
GPU           : Quadro RTX 8000
GPU Count     : 1

Timestamp : 2023-03-02 04:42:10.488117

INFO >> Running on CUDA


INFO >> Training Classifier

INFO >> Epoch: 1 |   Train Loss: 1.920 | Train Acc: 18.13 |   Val Loss: 1.884 | Val Acc: 21.15 |   Test Loss: 1.875 | Tes Acc: 17.09
DEBUG >> Best state saved | Val Acc 21.153846383094788 | Test Acc 17.094017565250397

INFO >> Epoch: 2 |   Train Loss: 1.826 | Train Acc: 28.94 |   Val Loss: 1.786 | Val Acc: 32.05 |   Test Loss: 1.739 | Tes Acc: 34.62
DEBUG >> Best state saved | Val Acc 32.05128312110901 | Test Acc 34.61538553237915

INFO >> Epoch: 3 |   Train Loss: 1.701 | Train Acc: 37.55 |   Val Loss: 1.566 | Val Acc: 43.59 |   Test Loss: 1.482 | Tes Acc: 45.73
DEBUG >> Best state saved | Val Acc 43.589743971824646 | Test Acc 45.72649598121643

INFO >> Epoch: 4 |   Train Loss: 1.338 | Train Acc: 48.53 |   Val Loss: 1.460 | Val Acc: 46.79 |   Test Loss: 1.434 | Tes Acc: 41.03
DEBUG >> Best state saved | Val Acc 46.794870495796204 | Test Acc 41.025641560554504

INFO >> Epoch: 5 |   Train Loss: 1.117 | Train Acc: 56.59 |   Val Loss: 1.467 | Val Acc: 48.72 |   Test Loss: 1.234 | Tes Acc: 51.71
DEBUG >> Best state saved | Val Acc 48.71794879436493 | Test Acc 51.70940160751343

INFO >> Epoch: 6 |   Train Loss: 0.924 | Train Acc: 67.22 |   Val Loss: 1.219 | Val Acc: 53.85 |   Test Loss: 1.028 | Tes Acc: 59.83
DEBUG >> Best state saved | Val Acc 53.84615659713745 | Test Acc 59.82906222343445

INFO >> Epoch: 7 |   Train Loss: 0.736 | Train Acc: 75.64 |   Val Loss: 1.308 | Val Acc: 48.72 |   Test Loss: 0.915 | Tes Acc: 63.68
INFO >> Epoch: 8 |   Train Loss: 0.707 | Train Acc: 76.92 |   Val Loss: 1.115 | Val Acc: 57.69 |   Test Loss: 0.731 | Tes Acc: 71.79
DEBUG >> Best state saved | Val Acc 57.692307233810425 | Test Acc 71.79487347602844

INFO >> Epoch: 9 |   Train Loss: 0.531 | Train Acc: 83.88 |   Val Loss: 1.011 | Val Acc: 63.46 |   Test Loss: 0.615 | Tes Acc: 75.21
DEBUG >> Best state saved | Val Acc 63.461536169052124 | Test Acc 75.2136766910553

INFO >> Epoch: 10 |   Train Loss: 0.648 | Train Acc: 83.70 |   Val Loss: 1.063 | Val Acc: 64.74 |   Test Loss: 0.822 | Tes Acc: 66.67
DEBUG >> Best state saved | Val Acc 64.74359035491943 | Test Acc 66.66666865348816

INFO >> Epoch: 11 |   Train Loss: 0.462 | Train Acc: 83.33 |   Val Loss: 0.878 | Val Acc: 66.67 |   Test Loss: 0.634 | Tes Acc: 73.08
DEBUG >> Best state saved | Val Acc 66.66666865348816 | Test Acc 73.07692170143127

INFO >> Epoch: 12 |   Train Loss: 0.348 | Train Acc: 89.19 |   Val Loss: 0.989 | Val Acc: 69.23 |   Test Loss: 0.572 | Tes Acc: 76.50
DEBUG >> Best state saved | Val Acc 69.2307710647583 | Test Acc 76.49572491645813

INFO >> Epoch: 13 |   Train Loss: 0.235 | Train Acc: 93.22 |   Val Loss: 1.051 | Val Acc: 68.59 |   Test Loss: 0.641 | Tes Acc: 75.21
INFO >> Epoch: 14 |   Train Loss: 0.192 | Train Acc: 94.32 |   Val Loss: 1.396 | Val Acc: 57.69 |   Test Loss: 0.818 | Tes Acc: 68.80
INFO >> Epoch: 15 |   Train Loss: 0.193 | Train Acc: 95.24 |   Val Loss: 1.807 | Val Acc: 56.41 |   Test Loss: 1.315 | Tes Acc: 67.09
INFO >> Epoch: 16 |   Train Loss: 0.330 | Train Acc: 87.73 |   Val Loss: 0.856 | Val Acc: 74.36 |   Test Loss: 0.756 | Tes Acc: 71.79
DEBUG >> Best state saved | Val Acc 74.35897588729858 | Test Acc 71.79487347602844

INFO >> Epoch: 17 |   Train Loss: 0.263 | Train Acc: 90.29 |   Val Loss: 0.947 | Val Acc: 71.79 |   Test Loss: 0.573 | Tes Acc: 76.07
INFO >> Epoch: 18 |   Train Loss: 0.145 | Train Acc: 95.97 |   Val Loss: 1.602 | Val Acc: 58.97 |   Test Loss: 0.731 | Tes Acc: 74.79
INFO >> Epoch: 19 |   Train Loss: 0.121 | Train Acc: 97.44 |   Val Loss: 1.251 | Val Acc: 66.03 |   Test Loss: 0.621 | Tes Acc: 78.21
INFO >> Epoch: 20 |   Train Loss: 0.103 | Train Acc: 97.25 |   Val Loss: 1.062 | Val Acc: 67.95 |   Test Loss: 0.611 | Tes Acc: 77.78


INFO >> Time Taken: 11:14

INFO >> Best Val Acc : 74.35897588729858 | Best Test Acc : 71.79487347602844

INFO >> Agg. Weights : 
0.005680185277014971 -0.18328015506267548 0.024677643552422523 0.2985260486602783 0.12050896883010864 -0.20354339480400085 -0.3342309594154358 -0.3015899956226349 0.18391866981983185 0.10328347980976105 0.031206844374537468 0.07190480083227158 -0.292022168636322 -0.39567720890045166 -0.23115570843219757 -0.38109758496284485 -0.24888074398040771 0.02008972503244877 -0.05154936760663986 0.1667887419462204 0.2775913178920746 0.11370693147182465 0.08545739203691483 -0.11065448820590973

DEBUG >> Last state saved | Val Acc 67.94871687889099 | Test Acc 77.77777910232544

INFO >> History saved (./history/v1.2/CaFE/WAV2VEC2_LARGE_DENSE/Run1/history.pt)
