
--------------------------------------------------
Multilingual SER System v1.4
--------------------------------------------------
Run Name      : Run3
Fx Model      : HUBERT_BASE
Clf Model     : PROBING_DENSE
Extract Mode  : gpu_memory
Dataset       : CaFE
Device        : gpu
Epochs        : 30
Num Workers   : 3
Data Dir      : ./data
History Dir   : ./history
Weights Dir   : ./weights
Log Level     : debug
Purge Cache   : False
Job Name      : Job79
Job Id        : 30912858
GPU           : Quadro RTX 8000
GPU Count     : 1
GPU Memory    : 44.49 GB

Timestamp : 2023-03-11 04:12:39.168042

INFO >> Running on CUDA


INFO >> Training Classifier

INFO >> Epoch: 1  |  Layer:  1  |  Train Loss: 1.930 | Train Acc: 18.13  |  Val Loss: 1.930 | Val Acc: 14.74  |  Test Loss: 1.929 | Tes Acc: 18.80
INFO >> Epoch: 1  |  Layer:  2  |  Train Loss: 1.931 | Train Acc: 17.40  |  Val Loss: 1.897 | Val Acc: 21.79  |  Test Loss: 1.892 | Tes Acc: 20.51
INFO >> Epoch: 1  |  Layer:  3  |  Train Loss: 1.933 | Train Acc: 16.67  |  Val Loss: 1.901 | Val Acc: 16.67  |  Test Loss: 1.898 | Tes Acc: 21.79
INFO >> Epoch: 1  |  Layer:  4  |  Train Loss: 1.931 | Train Acc: 15.57  |  Val Loss: 1.899 | Val Acc: 14.74  |  Test Loss: 1.896 | Tes Acc: 22.22
INFO >> Epoch: 1  |  Layer:  5  |  Train Loss: 1.930 | Train Acc: 15.57  |  Val Loss: 1.893 | Val Acc: 19.23  |  Test Loss: 1.895 | Tes Acc: 22.22
INFO >> Epoch: 1  |  Layer:  6  |  Train Loss: 1.933 | Train Acc: 15.75  |  Val Loss: 1.902 | Val Acc: 19.87  |  Test Loss: 1.900 | Tes Acc: 17.95
INFO >> Epoch: 1  |  Layer:  7  |  Train Loss: 1.932 | Train Acc: 14.65  |  Val Loss: 1.903 | Val Acc: 22.44  |  Test Loss: 1.898 | Tes Acc: 22.65
INFO >> Epoch: 1  |  Layer:  8  |  Train Loss: 1.931 | Train Acc: 15.38  |  Val Loss: 1.901 | Val Acc: 20.51  |  Test Loss: 1.896 | Tes Acc: 22.65
INFO >> Epoch: 1  |  Layer:  9  |  Train Loss: 1.930 | Train Acc: 15.20  |  Val Loss: 1.899 | Val Acc: 24.36  |  Test Loss: 1.894 | Tes Acc: 19.66
INFO >> Epoch: 1  |  Layer: 10  |  Train Loss: 1.930 | Train Acc: 15.75  |  Val Loss: 1.900 | Val Acc: 21.15  |  Test Loss: 1.892 | Tes Acc: 24.36
INFO >> Epoch: 1  |  Layer: 11  |  Train Loss: 1.929 | Train Acc: 15.75  |  Val Loss: 1.898 | Val Acc: 25.64  |  Test Loss: 1.892 | Tes Acc: 22.22
INFO >> Epoch: 1  |  Layer: 12  |  Train Loss: 1.929 | Train Acc: 15.75  |  Val Loss: 1.894 | Val Acc: 27.56  |  Test Loss: 1.894 | Tes Acc: 25.64
INFO >> Epoch: 1  |  Layer: 13  |  Train Loss: 1.930 | Train Acc: 15.57  |  Val Loss: 1.897 | Val Acc: 26.28  |  Test Loss: 1.898 | Tes Acc: 23.50

INFO >> Epoch: 2  |  Layer:  1  |  Train Loss: 1.906 | Train Acc: 20.88  |  Val Loss: 1.853 | Val Acc: 22.44  |  Test Loss: 1.833 | Tes Acc: 27.78
INFO >> Epoch: 2  |  Layer:  2  |  Train Loss: 1.863 | Train Acc: 25.09  |  Val Loss: 1.851 | Val Acc: 27.56  |  Test Loss: 1.826 | Tes Acc: 32.05
INFO >> Epoch: 2  |  Layer:  3  |  Train Loss: 1.867 | Train Acc: 26.19  |  Val Loss: 1.846 | Val Acc: 33.97  |  Test Loss: 1.830 | Tes Acc: 31.20
INFO >> Epoch: 2  |  Layer:  4  |  Train Loss: 1.864 | Train Acc: 27.47  |  Val Loss: 1.849 | Val Acc: 25.64  |  Test Loss: 1.827 | Tes Acc: 29.49
INFO >> Epoch: 2  |  Layer:  5  |  Train Loss: 1.867 | Train Acc: 28.39  |  Val Loss: 1.839 | Val Acc: 33.33  |  Test Loss: 1.823 | Tes Acc: 32.48
INFO >> Epoch: 2  |  Layer:  6  |  Train Loss: 1.870 | Train Acc: 26.74  |  Val Loss: 1.854 | Val Acc: 30.77  |  Test Loss: 1.834 | Tes Acc: 35.90
INFO >> Epoch: 2  |  Layer:  7  |  Train Loss: 1.868 | Train Acc: 29.49  |  Val Loss: 1.846 | Val Acc: 30.77  |  Test Loss: 1.827 | Tes Acc: 38.03
INFO >> Epoch: 2  |  Layer:  8  |  Train Loss: 1.866 | Train Acc: 30.77  |  Val Loss: 1.841 | Val Acc: 35.26  |  Test Loss: 1.824 | Tes Acc: 33.76
INFO >> Epoch: 2  |  Layer:  9  |  Train Loss: 1.860 | Train Acc: 26.92  |  Val Loss: 1.838 | Val Acc: 39.10  |  Test Loss: 1.809 | Tes Acc: 35.90
INFO >> Epoch: 2  |  Layer: 10  |  Train Loss: 1.865 | Train Acc: 29.30  |  Val Loss: 1.844 | Val Acc: 37.18  |  Test Loss: 1.811 | Tes Acc: 33.76
INFO >> Epoch: 2  |  Layer: 11  |  Train Loss: 1.866 | Train Acc: 27.47  |  Val Loss: 1.845 | Val Acc: 35.90  |  Test Loss: 1.822 | Tes Acc: 29.91
INFO >> Epoch: 2  |  Layer: 12  |  Train Loss: 1.862 | Train Acc: 26.56  |  Val Loss: 1.840 | Val Acc: 32.05  |  Test Loss: 1.825 | Tes Acc: 31.62
INFO >> Epoch: 2  |  Layer: 13  |  Train Loss: 1.873 | Train Acc: 27.84  |  Val Loss: 1.863 | Val Acc: 24.36  |  Test Loss: 1.853 | Tes Acc: 32.91

INFO >> Epoch: 3  |  Layer:  1  |  Train Loss: 1.784 | Train Acc: 25.27  |  Val Loss: 1.811 | Val Acc: 25.00  |  Test Loss: 1.762 | Tes Acc: 26.50
INFO >> Epoch: 3  |  Layer:  2  |  Train Loss: 1.746 | Train Acc: 29.67  |  Val Loss: 1.820 | Val Acc: 26.92  |  Test Loss: 1.731 | Tes Acc: 28.63
INFO >> Epoch: 3  |  Layer:  3  |  Train Loss: 1.740 | Train Acc: 31.14  |  Val Loss: 1.776 | Val Acc: 30.13  |  Test Loss: 1.733 | Tes Acc: 29.49
INFO >> Epoch: 3  |  Layer:  4  |  Train Loss: 1.713 | Train Acc: 32.23  |  Val Loss: 1.776 | Val Acc: 32.05  |  Test Loss: 1.686 | Tes Acc: 35.04
INFO >> Epoch: 3  |  Layer:  5  |  Train Loss: 1.715 | Train Acc: 34.62  |  Val Loss: 1.737 | Val Acc: 34.62  |  Test Loss: 1.666 | Tes Acc: 37.61
INFO >> Epoch: 3  |  Layer:  6  |  Train Loss: 1.721 | Train Acc: 35.53  |  Val Loss: 1.744 | Val Acc: 33.97  |  Test Loss: 1.673 | Tes Acc: 36.75
INFO >> Epoch: 3  |  Layer:  7  |  Train Loss: 1.709 | Train Acc: 38.28  |  Val Loss: 1.715 | Val Acc: 37.82  |  Test Loss: 1.649 | Tes Acc: 36.75
INFO >> Epoch: 3  |  Layer:  8  |  Train Loss: 1.706 | Train Acc: 39.01  |  Val Loss: 1.696 | Val Acc: 35.26  |  Test Loss: 1.623 | Tes Acc: 42.74
INFO >> Epoch: 3  |  Layer:  9  |  Train Loss: 1.697 | Train Acc: 37.36  |  Val Loss: 1.702 | Val Acc: 37.82  |  Test Loss: 1.605 | Tes Acc: 40.60
INFO >> Epoch: 3  |  Layer: 10  |  Train Loss: 1.704 | Train Acc: 36.26  |  Val Loss: 1.736 | Val Acc: 35.90  |  Test Loss: 1.623 | Tes Acc: 39.74
INFO >> Epoch: 3  |  Layer: 11  |  Train Loss: 1.718 | Train Acc: 34.98  |  Val Loss: 1.741 | Val Acc: 37.82  |  Test Loss: 1.648 | Tes Acc: 38.03
INFO >> Epoch: 3  |  Layer: 12  |  Train Loss: 1.719 | Train Acc: 33.15  |  Val Loss: 1.771 | Val Acc: 31.41  |  Test Loss: 1.672 | Tes Acc: 35.04
INFO >> Epoch: 3  |  Layer: 13  |  Train Loss: 1.765 | Train Acc: 33.33  |  Val Loss: 1.835 | Val Acc: 22.44  |  Test Loss: 1.742 | Tes Acc: 32.48

INFO >> Epoch: 4  |  Layer:  1  |  Train Loss: 1.779 | Train Acc: 26.37  |  Val Loss: 1.747 | Val Acc: 19.87  |  Test Loss: 1.712 | Tes Acc: 28.63
INFO >> Epoch: 4  |  Layer:  2  |  Train Loss: 1.714 | Train Acc: 34.98  |  Val Loss: 1.743 | Val Acc: 31.41  |  Test Loss: 1.668 | Tes Acc: 33.33
INFO >> Epoch: 4  |  Layer:  3  |  Train Loss: 1.707 | Train Acc: 32.97  |  Val Loss: 1.685 | Val Acc: 28.21  |  Test Loss: 1.640 | Tes Acc: 36.75
INFO >> Epoch: 4  |  Layer:  4  |  Train Loss: 1.662 | Train Acc: 37.73  |  Val Loss: 1.693 | Val Acc: 26.28  |  Test Loss: 1.561 | Tes Acc: 43.59
INFO >> Epoch: 4  |  Layer:  5  |  Train Loss: 1.648 | Train Acc: 39.19  |  Val Loss: 1.645 | Val Acc: 37.18  |  Test Loss: 1.505 | Tes Acc: 49.15
INFO >> Epoch: 4  |  Layer:  6  |  Train Loss: 1.646 | Train Acc: 40.48  |  Val Loss: 1.643 | Val Acc: 33.97  |  Test Loss: 1.490 | Tes Acc: 51.71
INFO >> Epoch: 4  |  Layer:  7  |  Train Loss: 1.595 | Train Acc: 40.29  |  Val Loss: 1.575 | Val Acc: 42.31  |  Test Loss: 1.436 | Tes Acc: 52.14
INFO >> Epoch: 4  |  Layer:  8  |  Train Loss: 1.563 | Train Acc: 41.94  |  Val Loss: 1.535 | Val Acc: 45.51  |  Test Loss: 1.417 | Tes Acc: 49.57
INFO >> Epoch: 4  |  Layer:  9  |  Train Loss: 1.562 | Train Acc: 42.12  |  Val Loss: 1.548 | Val Acc: 45.51  |  Test Loss: 1.444 | Tes Acc: 48.29
INFO >> Epoch: 4  |  Layer: 10  |  Train Loss: 1.587 | Train Acc: 41.03  |  Val Loss: 1.564 | Val Acc: 38.46  |  Test Loss: 1.443 | Tes Acc: 49.15
INFO >> Epoch: 4  |  Layer: 11  |  Train Loss: 1.626 | Train Acc: 38.83  |  Val Loss: 1.608 | Val Acc: 30.77  |  Test Loss: 1.478 | Tes Acc: 51.71
INFO >> Epoch: 4  |  Layer: 12  |  Train Loss: 1.674 | Train Acc: 37.73  |  Val Loss: 1.695 | Val Acc: 30.77  |  Test Loss: 1.542 | Tes Acc: 45.73
INFO >> Epoch: 4  |  Layer: 13  |  Train Loss: 1.760 | Train Acc: 32.78  |  Val Loss: 1.865 | Val Acc: 27.56  |  Test Loss: 1.667 | Tes Acc: 36.75

INFO >> Epoch: 5  |  Layer:  1  |  Train Loss: 1.655 | Train Acc: 28.94  |  Val Loss: 1.731 | Val Acc: 25.64  |  Test Loss: 1.692 | Tes Acc: 26.07
INFO >> Epoch: 5  |  Layer:  2  |  Train Loss: 1.536 | Train Acc: 41.76  |  Val Loss: 1.693 | Val Acc: 29.49  |  Test Loss: 1.571 | Tes Acc: 33.33
INFO >> Epoch: 5  |  Layer:  3  |  Train Loss: 1.502 | Train Acc: 43.77  |  Val Loss: 1.695 | Val Acc: 30.13  |  Test Loss: 1.572 | Tes Acc: 32.91
INFO >> Epoch: 5  |  Layer:  4  |  Train Loss: 1.418 | Train Acc: 47.99  |  Val Loss: 1.729 | Val Acc: 31.41  |  Test Loss: 1.492 | Tes Acc: 34.62
INFO >> Epoch: 5  |  Layer:  5  |  Train Loss: 1.367 | Train Acc: 48.35  |  Val Loss: 1.611 | Val Acc: 39.74  |  Test Loss: 1.390 | Tes Acc: 44.44
INFO >> Epoch: 5  |  Layer:  6  |  Train Loss: 1.336 | Train Acc: 49.45  |  Val Loss: 1.620 | Val Acc: 38.46  |  Test Loss: 1.353 | Tes Acc: 50.43
INFO >> Epoch: 5  |  Layer:  7  |  Train Loss: 1.260 | Train Acc: 52.56  |  Val Loss: 1.474 | Val Acc: 46.79  |  Test Loss: 1.288 | Tes Acc: 50.00
INFO >> Epoch: 5  |  Layer:  8  |  Train Loss: 1.256 | Train Acc: 52.01  |  Val Loss: 1.489 | Val Acc: 42.95  |  Test Loss: 1.281 | Tes Acc: 50.00
INFO >> Epoch: 5  |  Layer:  9  |  Train Loss: 1.263 | Train Acc: 51.47  |  Val Loss: 1.579 | Val Acc: 37.82  |  Test Loss: 1.291 | Tes Acc: 49.57
INFO >> Epoch: 5  |  Layer: 10  |  Train Loss: 1.278 | Train Acc: 54.40  |  Val Loss: 1.577 | Val Acc: 38.46  |  Test Loss: 1.299 | Tes Acc: 52.99
INFO >> Epoch: 5  |  Layer: 11  |  Train Loss: 1.331 | Train Acc: 48.72  |  Val Loss: 1.639 | Val Acc: 40.38  |  Test Loss: 1.377 | Tes Acc: 41.88
INFO >> Epoch: 5  |  Layer: 12  |  Train Loss: 1.403 | Train Acc: 45.60  |  Val Loss: 1.734 | Val Acc: 31.41  |  Test Loss: 1.493 | Tes Acc: 34.19
INFO >> Epoch: 5  |  Layer: 13  |  Train Loss: 1.545 | Train Acc: 38.83  |  Val Loss: 1.846 | Val Acc: 30.13  |  Test Loss: 1.609 | Tes Acc: 28.63

INFO >> Epoch: 6  |  Layer:  1  |  Train Loss: 1.729 | Train Acc: 28.75  |  Val Loss: 1.781 | Val Acc: 24.36  |  Test Loss: 1.764 | Tes Acc: 29.06
INFO >> Epoch: 6  |  Layer:  2  |  Train Loss: 1.483 | Train Acc: 41.94  |  Val Loss: 1.682 | Val Acc: 32.05  |  Test Loss: 1.565 | Tes Acc: 35.47
INFO >> Epoch: 6  |  Layer:  3  |  Train Loss: 1.446 | Train Acc: 45.97  |  Val Loss: 1.685 | Val Acc: 33.33  |  Test Loss: 1.547 | Tes Acc: 42.31
INFO >> Epoch: 6  |  Layer:  4  |  Train Loss: 1.382 | Train Acc: 46.52  |  Val Loss: 1.739 | Val Acc: 28.85  |  Test Loss: 1.406 | Tes Acc: 45.30
INFO >> Epoch: 6  |  Layer:  5  |  Train Loss: 1.280 | Train Acc: 51.65  |  Val Loss: 1.709 | Val Acc: 33.33  |  Test Loss: 1.318 | Tes Acc: 50.85
INFO >> Epoch: 6  |  Layer:  6  |  Train Loss: 1.230 | Train Acc: 54.76  |  Val Loss: 1.654 | Val Acc: 35.26  |  Test Loss: 1.275 | Tes Acc: 53.85
INFO >> Epoch: 6  |  Layer:  7  |  Train Loss: 1.129 | Train Acc: 55.86  |  Val Loss: 1.775 | Val Acc: 35.26  |  Test Loss: 1.320 | Tes Acc: 50.85
INFO >> Epoch: 6  |  Layer:  8  |  Train Loss: 1.153 | Train Acc: 58.42  |  Val Loss: 1.678 | Val Acc: 35.90  |  Test Loss: 1.214 | Tes Acc: 53.42
INFO >> Epoch: 6  |  Layer:  9  |  Train Loss: 1.123 | Train Acc: 58.61  |  Val Loss: 1.643 | Val Acc: 36.54  |  Test Loss: 1.190 | Tes Acc: 52.99
INFO >> Epoch: 6  |  Layer: 10  |  Train Loss: 1.148 | Train Acc: 56.96  |  Val Loss: 1.887 | Val Acc: 33.33  |  Test Loss: 1.236 | Tes Acc: 50.85
INFO >> Epoch: 6  |  Layer: 11  |  Train Loss: 1.194 | Train Acc: 55.31  |  Val Loss: 1.855 | Val Acc: 32.69  |  Test Loss: 1.318 | Tes Acc: 50.00
INFO >> Epoch: 6  |  Layer: 12  |  Train Loss: 1.318 | Train Acc: 49.82  |  Val Loss: 1.934 | Val Acc: 24.36  |  Test Loss: 1.390 | Tes Acc: 44.44
INFO >> Epoch: 6  |  Layer: 13  |  Train Loss: 1.462 | Train Acc: 42.86  |  Val Loss: 1.840 | Val Acc: 26.28  |  Test Loss: 1.532 | Tes Acc: 41.03

INFO >> Epoch: 7  |  Layer:  1  |  Train Loss: 1.715 | Train Acc: 31.68  |  Val Loss: 1.681 | Val Acc: 29.49  |  Test Loss: 1.649 | Tes Acc: 33.76
INFO >> Epoch: 7  |  Layer:  2  |  Train Loss: 1.382 | Train Acc: 49.82  |  Val Loss: 1.630 | Val Acc: 27.56  |  Test Loss: 1.427 | Tes Acc: 44.02
INFO >> Epoch: 7  |  Layer:  3  |  Train Loss: 1.333 | Train Acc: 51.28  |  Val Loss: 1.514 | Val Acc: 38.46  |  Test Loss: 1.330 | Tes Acc: 51.71
INFO >> Epoch: 7  |  Layer:  4  |  Train Loss: 1.228 | Train Acc: 54.95  |  Val Loss: 1.512 | Val Acc: 37.18  |  Test Loss: 1.244 | Tes Acc: 54.27
INFO >> Epoch: 7  |  Layer:  5  |  Train Loss: 1.173 | Train Acc: 56.23  |  Val Loss: 1.381 | Val Acc: 51.92  |  Test Loss: 1.216 | Tes Acc: 55.98
INFO >> Epoch: 7  |  Layer:  6  |  Train Loss: 1.106 | Train Acc: 60.07  |  Val Loss: 1.397 | Val Acc: 49.36  |  Test Loss: 1.169 | Tes Acc: 58.97
INFO >> Epoch: 7  |  Layer:  7  |  Train Loss: 1.035 | Train Acc: 65.02  |  Val Loss: 1.280 | Val Acc: 52.56  |  Test Loss: 1.109 | Tes Acc: 56.84
INFO >> Epoch: 7  |  Layer:  8  |  Train Loss: 1.027 | Train Acc: 63.00  |  Val Loss: 1.297 | Val Acc: 54.49  |  Test Loss: 1.126 | Tes Acc: 58.12
INFO >> Epoch: 7  |  Layer:  9  |  Train Loss: 0.990 | Train Acc: 64.47  |  Val Loss: 1.310 | Val Acc: 50.64  |  Test Loss: 1.094 | Tes Acc: 57.26
INFO >> Epoch: 7  |  Layer: 10  |  Train Loss: 1.049 | Train Acc: 62.27  |  Val Loss: 1.362 | Val Acc: 47.44  |  Test Loss: 1.146 | Tes Acc: 55.13
INFO >> Epoch: 7  |  Layer: 11  |  Train Loss: 1.095 | Train Acc: 61.36  |  Val Loss: 1.442 | Val Acc: 44.23  |  Test Loss: 1.123 | Tes Acc: 59.83
INFO >> Epoch: 7  |  Layer: 12  |  Train Loss: 1.216 | Train Acc: 58.79  |  Val Loss: 1.571 | Val Acc: 39.74  |  Test Loss: 1.226 | Tes Acc: 57.69
INFO >> Epoch: 7  |  Layer: 13  |  Train Loss: 1.353 | Train Acc: 51.10  |  Val Loss: 1.750 | Val Acc: 38.46  |  Test Loss: 1.379 | Tes Acc: 50.85

INFO >> Epoch: 8  |  Layer:  1  |  Train Loss: 1.654 | Train Acc: 33.88  |  Val Loss: 1.692 | Val Acc: 26.92  |  Test Loss: 1.683 | Tes Acc: 25.21
INFO >> Epoch: 8  |  Layer:  2  |  Train Loss: 1.343 | Train Acc: 46.70  |  Val Loss: 1.616 | Val Acc: 40.38  |  Test Loss: 1.409 | Tes Acc: 42.31
INFO >> Epoch: 8  |  Layer:  3  |  Train Loss: 1.198 | Train Acc: 54.03  |  Val Loss: 1.544 | Val Acc: 45.51  |  Test Loss: 1.405 | Tes Acc: 40.60
INFO >> Epoch: 8  |  Layer:  4  |  Train Loss: 1.103 | Train Acc: 59.52  |  Val Loss: 1.526 | Val Acc: 42.31  |  Test Loss: 1.285 | Tes Acc: 48.29
INFO >> Epoch: 8  |  Layer:  5  |  Train Loss: 1.044 | Train Acc: 59.89  |  Val Loss: 1.401 | Val Acc: 48.08  |  Test Loss: 1.124 | Tes Acc: 55.56
INFO >> Epoch: 8  |  Layer:  6  |  Train Loss: 0.991 | Train Acc: 63.37  |  Val Loss: 1.458 | Val Acc: 44.87  |  Test Loss: 1.152 | Tes Acc: 54.27
INFO >> Epoch: 8  |  Layer:  7  |  Train Loss: 0.915 | Train Acc: 66.30  |  Val Loss: 1.280 | Val Acc: 57.69  |  Test Loss: 1.023 | Tes Acc: 60.68
INFO >> Epoch: 8  |  Layer:  8  |  Train Loss: 0.927 | Train Acc: 66.12  |  Val Loss: 1.282 | Val Acc: 53.85  |  Test Loss: 0.999 | Tes Acc: 64.53
INFO >> Epoch: 8  |  Layer:  9  |  Train Loss: 0.904 | Train Acc: 67.58  |  Val Loss: 1.308 | Val Acc: 53.21  |  Test Loss: 1.061 | Tes Acc: 59.40
INFO >> Epoch: 8  |  Layer: 10  |  Train Loss: 0.905 | Train Acc: 68.68  |  Val Loss: 1.339 | Val Acc: 52.56  |  Test Loss: 1.095 | Tes Acc: 57.69
INFO >> Epoch: 8  |  Layer: 11  |  Train Loss: 0.948 | Train Acc: 66.12  |  Val Loss: 1.400 | Val Acc: 50.64  |  Test Loss: 1.109 | Tes Acc: 58.97
INFO >> Epoch: 8  |  Layer: 12  |  Train Loss: 1.094 | Train Acc: 60.26  |  Val Loss: 1.534 | Val Acc: 40.38  |  Test Loss: 1.122 | Tes Acc: 59.40
INFO >> Epoch: 8  |  Layer: 13  |  Train Loss: 1.260 | Train Acc: 50.92  |  Val Loss: 1.625 | Val Acc: 40.38  |  Test Loss: 1.260 | Tes Acc: 55.56

INFO >> Epoch: 9  |  Layer:  1  |  Train Loss: 1.662 | Train Acc: 31.68  |  Val Loss: 1.628 | Val Acc: 41.67  |  Test Loss: 1.592 | Tes Acc: 37.18
INFO >> Epoch: 9  |  Layer:  2  |  Train Loss: 1.314 | Train Acc: 51.10  |  Val Loss: 1.627 | Val Acc: 34.62  |  Test Loss: 1.334 | Tes Acc: 48.72
INFO >> Epoch: 9  |  Layer:  3  |  Train Loss: 1.187 | Train Acc: 58.61  |  Val Loss: 1.684 | Val Acc: 30.77  |  Test Loss: 1.238 | Tes Acc: 52.14
INFO >> Epoch: 9  |  Layer:  4  |  Train Loss: 1.052 | Train Acc: 65.93  |  Val Loss: 1.798 | Val Acc: 31.41  |  Test Loss: 1.101 | Tes Acc: 62.82
INFO >> Epoch: 9  |  Layer:  5  |  Train Loss: 0.997 | Train Acc: 66.85  |  Val Loss: 1.661 | Val Acc: 39.10  |  Test Loss: 1.040 | Tes Acc: 63.25
INFO >> Epoch: 9  |  Layer:  6  |  Train Loss: 0.953 | Train Acc: 68.50  |  Val Loss: 1.531 | Val Acc: 39.74  |  Test Loss: 1.000 | Tes Acc: 62.39
INFO >> Epoch: 9  |  Layer:  7  |  Train Loss: 0.807 | Train Acc: 73.81  |  Val Loss: 1.407 | Val Acc: 46.79  |  Test Loss: 0.975 | Tes Acc: 64.96
INFO >> Epoch: 9  |  Layer:  8  |  Train Loss: 0.805 | Train Acc: 74.18  |  Val Loss: 1.341 | Val Acc: 48.72  |  Test Loss: 0.905 | Tes Acc: 69.23
INFO >> Epoch: 9  |  Layer:  9  |  Train Loss: 0.813 | Train Acc: 72.89  |  Val Loss: 1.524 | Val Acc: 47.44  |  Test Loss: 0.992 | Tes Acc: 63.25
INFO >> Epoch: 9  |  Layer: 10  |  Train Loss: 0.816 | Train Acc: 72.53  |  Val Loss: 1.744 | Val Acc: 41.03  |  Test Loss: 1.002 | Tes Acc: 62.82
INFO >> Epoch: 9  |  Layer: 11  |  Train Loss: 0.880 | Train Acc: 69.23  |  Val Loss: 1.680 | Val Acc: 39.74  |  Test Loss: 1.092 | Tes Acc: 59.83
INFO >> Epoch: 9  |  Layer: 12  |  Train Loss: 0.964 | Train Acc: 67.95  |  Val Loss: 1.872 | Val Acc: 30.77  |  Test Loss: 1.092 | Tes Acc: 58.97
INFO >> Epoch: 9  |  Layer: 13  |  Train Loss: 1.167 | Train Acc: 60.44  |  Val Loss: 1.790 | Val Acc: 30.13  |  Test Loss: 1.226 | Tes Acc: 52.14

INFO >> Epoch: 10  |  Layer:  1  |  Train Loss: 1.603 | Train Acc: 42.67  |  Val Loss: 1.580 | Val Acc: 36.54  |  Test Loss: 1.558 | Tes Acc: 39.32
INFO >> Epoch: 10  |  Layer:  2  |  Train Loss: 1.170 | Train Acc: 61.90  |  Val Loss: 1.564 | Val Acc: 37.82  |  Test Loss: 1.258 | Tes Acc: 52.56
INFO >> Epoch: 10  |  Layer:  3  |  Train Loss: 1.073 | Train Acc: 63.92  |  Val Loss: 1.607 | Val Acc: 37.82  |  Test Loss: 1.134 | Tes Acc: 59.40
INFO >> Epoch: 10  |  Layer:  4  |  Train Loss: 0.946 | Train Acc: 67.77  |  Val Loss: 1.489 | Val Acc: 44.23  |  Test Loss: 1.031 | Tes Acc: 59.40
INFO >> Epoch: 10  |  Layer:  5  |  Train Loss: 0.945 | Train Acc: 68.86  |  Val Loss: 1.416 | Val Acc: 42.95  |  Test Loss: 0.948 | Tes Acc: 65.38
INFO >> Epoch: 10  |  Layer:  6  |  Train Loss: 0.895 | Train Acc: 67.77  |  Val Loss: 1.497 | Val Acc: 42.95  |  Test Loss: 0.999 | Tes Acc: 60.68
INFO >> Epoch: 10  |  Layer:  7  |  Train Loss: 0.724 | Train Acc: 75.64  |  Val Loss: 1.324 | Val Acc: 54.49  |  Test Loss: 0.930 | Tes Acc: 65.38
INFO >> Epoch: 10  |  Layer:  8  |  Train Loss: 0.734 | Train Acc: 76.74  |  Val Loss: 1.392 | Val Acc: 48.72  |  Test Loss: 0.894 | Tes Acc: 66.24
INFO >> Epoch: 10  |  Layer:  9  |  Train Loss: 0.723 | Train Acc: 76.19  |  Val Loss: 1.294 | Val Acc: 56.41  |  Test Loss: 0.895 | Tes Acc: 65.81
INFO >> Epoch: 10  |  Layer: 10  |  Train Loss: 0.735 | Train Acc: 74.54  |  Val Loss: 1.389 | Val Acc: 51.92  |  Test Loss: 0.958 | Tes Acc: 61.97
INFO >> Epoch: 10  |  Layer: 11  |  Train Loss: 0.738 | Train Acc: 74.73  |  Val Loss: 1.354 | Val Acc: 50.00  |  Test Loss: 0.929 | Tes Acc: 64.53
INFO >> Epoch: 10  |  Layer: 12  |  Train Loss: 0.900 | Train Acc: 69.41  |  Val Loss: 1.632 | Val Acc: 39.74  |  Test Loss: 1.050 | Tes Acc: 61.97
INFO >> Epoch: 10  |  Layer: 13  |  Train Loss: 1.055 | Train Acc: 63.92  |  Val Loss: 1.699 | Val Acc: 36.54  |  Test Loss: 1.173 | Tes Acc: 59.83

INFO >> Epoch: 11  |  Layer:  1  |  Train Loss: 1.633 | Train Acc: 40.84  |  Val Loss: 1.706 | Val Acc: 26.92  |  Test Loss: 1.649 | Tes Acc: 38.03
INFO >> Epoch: 11  |  Layer:  2  |  Train Loss: 1.162 | Train Acc: 63.74  |  Val Loss: 1.917 | Val Acc: 30.13  |  Test Loss: 1.344 | Tes Acc: 47.01
INFO >> Epoch: 11  |  Layer:  3  |  Train Loss: 1.010 | Train Acc: 66.67  |  Val Loss: 1.680 | Val Acc: 35.90  |  Test Loss: 1.110 | Tes Acc: 59.83
INFO >> Epoch: 11  |  Layer:  4  |  Train Loss: 0.833 | Train Acc: 72.16  |  Val Loss: 1.737 | Val Acc: 35.90  |  Test Loss: 0.978 | Tes Acc: 64.96
INFO >> Epoch: 11  |  Layer:  5  |  Train Loss: 0.800 | Train Acc: 74.73  |  Val Loss: 1.658 | Val Acc: 40.38  |  Test Loss: 0.895 | Tes Acc: 64.96
INFO >> Epoch: 11  |  Layer:  6  |  Train Loss: 0.806 | Train Acc: 77.29  |  Val Loss: 1.654 | Val Acc: 38.46  |  Test Loss: 1.031 | Tes Acc: 62.39
INFO >> Epoch: 11  |  Layer:  7  |  Train Loss: 0.711 | Train Acc: 80.22  |  Val Loss: 1.301 | Val Acc: 51.28  |  Test Loss: 0.995 | Tes Acc: 61.11
INFO >> Epoch: 11  |  Layer:  8  |  Train Loss: 0.767 | Train Acc: 78.21  |  Val Loss: 1.576 | Val Acc: 50.00  |  Test Loss: 1.017 | Tes Acc: 60.26
INFO >> Epoch: 11  |  Layer:  9  |  Train Loss: 0.746 | Train Acc: 82.78  |  Val Loss: 1.742 | Val Acc: 44.23  |  Test Loss: 1.077 | Tes Acc: 59.40
INFO >> Epoch: 11  |  Layer: 10  |  Train Loss: 0.721 | Train Acc: 83.52  |  Val Loss: 1.895 | Val Acc: 33.97  |  Test Loss: 1.015 | Tes Acc: 61.54
INFO >> Epoch: 11  |  Layer: 11  |  Train Loss: 0.787 | Train Acc: 82.42  |  Val Loss: 1.743 | Val Acc: 38.46  |  Test Loss: 1.112 | Tes Acc: 58.55
INFO >> Epoch: 11  |  Layer: 12  |  Train Loss: 0.780 | Train Acc: 76.56  |  Val Loss: 2.093 | Val Acc: 31.41  |  Test Loss: 1.124 | Tes Acc: 56.84
INFO >> Epoch: 11  |  Layer: 13  |  Train Loss: 0.951 | Train Acc: 69.78  |  Val Loss: 2.267 | Val Acc: 28.85  |  Test Loss: 1.307 | Tes Acc: 51.28

INFO >> Epoch: 12  |  Layer:  1  |  Train Loss: 1.660 | Train Acc: 40.11  |  Val Loss: 1.613 | Val Acc: 37.18  |  Test Loss: 1.561 | Tes Acc: 38.89
INFO >> Epoch: 12  |  Layer:  2  |  Train Loss: 1.113 | Train Acc: 57.69  |  Val Loss: 1.779 | Val Acc: 34.62  |  Test Loss: 1.274 | Tes Acc: 50.43
INFO >> Epoch: 12  |  Layer:  3  |  Train Loss: 0.952 | Train Acc: 66.85  |  Val Loss: 1.843 | Val Acc: 36.54  |  Test Loss: 1.141 | Tes Acc: 54.27
INFO >> Epoch: 12  |  Layer:  4  |  Train Loss: 0.821 | Train Acc: 70.51  |  Val Loss: 1.917 | Val Acc: 37.18  |  Test Loss: 1.082 | Tes Acc: 55.56
INFO >> Epoch: 12  |  Layer:  5  |  Train Loss: 0.806 | Train Acc: 71.61  |  Val Loss: 1.850 | Val Acc: 37.18  |  Test Loss: 1.005 | Tes Acc: 59.83
INFO >> Epoch: 12  |  Layer:  6  |  Train Loss: 0.818 | Train Acc: 72.71  |  Val Loss: 1.556 | Val Acc: 41.03  |  Test Loss: 0.918 | Tes Acc: 63.68
INFO >> Epoch: 12  |  Layer:  7  |  Train Loss: 0.691 | Train Acc: 72.71  |  Val Loss: 1.544 | Val Acc: 43.59  |  Test Loss: 1.124 | Tes Acc: 57.26
INFO >> Epoch: 12  |  Layer:  8  |  Train Loss: 0.740 | Train Acc: 72.53  |  Val Loss: 1.510 | Val Acc: 46.15  |  Test Loss: 1.107 | Tes Acc: 58.55
INFO >> Epoch: 12  |  Layer:  9  |  Train Loss: 0.775 | Train Acc: 71.98  |  Val Loss: 1.552 | Val Acc: 44.87  |  Test Loss: 1.036 | Tes Acc: 57.69
INFO >> Epoch: 12  |  Layer: 10  |  Train Loss: 0.759 | Train Acc: 72.53  |  Val Loss: 1.772 | Val Acc: 39.74  |  Test Loss: 1.117 | Tes Acc: 51.28
INFO >> Epoch: 12  |  Layer: 11  |  Train Loss: 0.858 | Train Acc: 69.05  |  Val Loss: 1.776 | Val Acc: 40.38  |  Test Loss: 1.188 | Tes Acc: 51.71
INFO >> Epoch: 12  |  Layer: 12  |  Train Loss: 0.800 | Train Acc: 69.78  |  Val Loss: 1.949 | Val Acc: 39.10  |  Test Loss: 1.211 | Tes Acc: 49.15
INFO >> Epoch: 12  |  Layer: 13  |  Train Loss: 0.993 | Train Acc: 63.55  |  Val Loss: 1.881 | Val Acc: 39.74  |  Test Loss: 1.364 | Tes Acc: 48.72

INFO >> Epoch: 13  |  Layer:  1  |  Train Loss: 1.544 | Train Acc: 37.73  |  Val Loss: 1.646 | Val Acc: 41.67  |  Test Loss: 1.571 | Tes Acc: 41.45
INFO >> Epoch: 13  |  Layer:  2  |  Train Loss: 1.092 | Train Acc: 58.61  |  Val Loss: 1.698 | Val Acc: 31.41  |  Test Loss: 1.106 | Tes Acc: 56.41
INFO >> Epoch: 13  |  Layer:  3  |  Train Loss: 0.977 | Train Acc: 63.19  |  Val Loss: 1.696 | Val Acc: 40.38  |  Test Loss: 1.026 | Tes Acc: 56.84
INFO >> Epoch: 13  |  Layer:  4  |  Train Loss: 0.875 | Train Acc: 66.12  |  Val Loss: 1.683 | Val Acc: 43.59  |  Test Loss: 0.945 | Tes Acc: 62.39
INFO >> Epoch: 13  |  Layer:  5  |  Train Loss: 0.819 | Train Acc: 68.68  |  Val Loss: 1.521 | Val Acc: 50.00  |  Test Loss: 0.894 | Tes Acc: 63.25
INFO >> Epoch: 13  |  Layer:  6  |  Train Loss: 0.723 | Train Acc: 73.99  |  Val Loss: 1.410 | Val Acc: 49.36  |  Test Loss: 0.882 | Tes Acc: 64.10
INFO >> Epoch: 13  |  Layer:  7  |  Train Loss: 0.683 | Train Acc: 77.29  |  Val Loss: 1.376 | Val Acc: 50.00  |  Test Loss: 0.889 | Tes Acc: 66.24
INFO >> Epoch: 13  |  Layer:  8  |  Train Loss: 0.666 | Train Acc: 78.21  |  Val Loss: 1.449 | Val Acc: 51.28  |  Test Loss: 0.863 | Tes Acc: 67.52
INFO >> Epoch: 13  |  Layer:  9  |  Train Loss: 0.667 | Train Acc: 79.67  |  Val Loss: 1.455 | Val Acc: 48.08  |  Test Loss: 0.855 | Tes Acc: 67.95
INFO >> Epoch: 13  |  Layer: 10  |  Train Loss: 0.678 | Train Acc: 78.57  |  Val Loss: 1.662 | Val Acc: 43.59  |  Test Loss: 0.891 | Tes Acc: 63.25
INFO >> Epoch: 13  |  Layer: 11  |  Train Loss: 0.793 | Train Acc: 75.27  |  Val Loss: 1.726 | Val Acc: 43.59  |  Test Loss: 1.053 | Tes Acc: 58.55
INFO >> Epoch: 13  |  Layer: 12  |  Train Loss: 0.830 | Train Acc: 70.70  |  Val Loss: 2.032 | Val Acc: 33.97  |  Test Loss: 1.317 | Tes Acc: 50.00
INFO >> Epoch: 13  |  Layer: 13  |  Train Loss: 1.093 | Train Acc: 60.62  |  Val Loss: 1.866 | Val Acc: 37.18  |  Test Loss: 1.420 | Tes Acc: 46.15

INFO >> Epoch: 14  |  Layer:  1  |  Train Loss: 1.419 | Train Acc: 47.07  |  Val Loss: 1.552 | Val Acc: 33.97  |  Test Loss: 1.471 | Tes Acc: 44.02
INFO >> Epoch: 14  |  Layer:  2  |  Train Loss: 0.929 | Train Acc: 68.32  |  Val Loss: 1.767 | Val Acc: 30.77  |  Test Loss: 1.087 | Tes Acc: 60.68
INFO >> Epoch: 14  |  Layer:  3  |  Train Loss: 0.790 | Train Acc: 73.99  |  Val Loss: 1.514 | Val Acc: 53.85  |  Test Loss: 0.992 | Tes Acc: 61.97
INFO >> Epoch: 14  |  Layer:  4  |  Train Loss: 0.671 | Train Acc: 79.12  |  Val Loss: 1.456 | Val Acc: 50.64  |  Test Loss: 0.949 | Tes Acc: 63.68
INFO >> Epoch: 14  |  Layer:  5  |  Train Loss: 0.631 | Train Acc: 80.95  |  Val Loss: 1.372 | Val Acc: 49.36  |  Test Loss: 0.861 | Tes Acc: 66.67
INFO >> Epoch: 14  |  Layer:  6  |  Train Loss: 0.590 | Train Acc: 80.77  |  Val Loss: 1.414 | Val Acc: 51.92  |  Test Loss: 0.858 | Tes Acc: 69.23
INFO >> Epoch: 14  |  Layer:  7  |  Train Loss: 0.538 | Train Acc: 82.78  |  Val Loss: 1.325 | Val Acc: 55.13  |  Test Loss: 0.832 | Tes Acc: 65.38
INFO >> Epoch: 14  |  Layer:  8  |  Train Loss: 0.552 | Train Acc: 82.23  |  Val Loss: 1.361 | Val Acc: 55.13  |  Test Loss: 0.809 | Tes Acc: 71.79
INFO >> Epoch: 14  |  Layer:  9  |  Train Loss: 0.527 | Train Acc: 83.52  |  Val Loss: 1.541 | Val Acc: 50.00  |  Test Loss: 0.804 | Tes Acc: 69.66
INFO >> Epoch: 14  |  Layer: 10  |  Train Loss: 0.524 | Train Acc: 84.62  |  Val Loss: 1.720 | Val Acc: 45.51  |  Test Loss: 0.817 | Tes Acc: 72.22
INFO >> Epoch: 14  |  Layer: 11  |  Train Loss: 0.619 | Train Acc: 81.87  |  Val Loss: 1.563 | Val Acc: 50.64  |  Test Loss: 0.882 | Tes Acc: 69.66
INFO >> Epoch: 14  |  Layer: 12  |  Train Loss: 0.753 | Train Acc: 76.74  |  Val Loss: 1.734 | Val Acc: 44.23  |  Test Loss: 0.943 | Tes Acc: 64.53
INFO >> Epoch: 14  |  Layer: 13  |  Train Loss: 1.010 | Train Acc: 67.77  |  Val Loss: 1.727 | Val Acc: 37.82  |  Test Loss: 1.010 | Tes Acc: 64.53

INFO >> Epoch: 15  |  Layer:  1  |  Train Loss: 1.439 | Train Acc: 48.35  |  Val Loss: 1.541 | Val Acc: 41.67  |  Test Loss: 1.446 | Tes Acc: 40.60
INFO >> Epoch: 15  |  Layer:  2  |  Train Loss: 0.879 | Train Acc: 69.41  |  Val Loss: 1.784 | Val Acc: 29.49  |  Test Loss: 1.080 | Tes Acc: 60.68
INFO >> Epoch: 15  |  Layer:  3  |  Train Loss: 0.789 | Train Acc: 73.99  |  Val Loss: 1.643 | Val Acc: 42.31  |  Test Loss: 0.935 | Tes Acc: 64.10
INFO >> Epoch: 15  |  Layer:  4  |  Train Loss: 0.651 | Train Acc: 79.49  |  Val Loss: 1.609 | Val Acc: 44.23  |  Test Loss: 0.889 | Tes Acc: 63.68
INFO >> Epoch: 15  |  Layer:  5  |  Train Loss: 0.605 | Train Acc: 79.85  |  Val Loss: 1.559 | Val Acc: 45.51  |  Test Loss: 0.788 | Tes Acc: 69.23
INFO >> Epoch: 15  |  Layer:  6  |  Train Loss: 0.544 | Train Acc: 82.60  |  Val Loss: 1.328 | Val Acc: 50.00  |  Test Loss: 0.829 | Tes Acc: 68.80
INFO >> Epoch: 15  |  Layer:  7  |  Train Loss: 0.472 | Train Acc: 84.98  |  Val Loss: 1.211 | Val Acc: 55.13  |  Test Loss: 0.831 | Tes Acc: 70.51
INFO >> Epoch: 15  |  Layer:  8  |  Train Loss: 0.555 | Train Acc: 82.97  |  Val Loss: 1.446 | Val Acc: 48.08  |  Test Loss: 0.901 | Tes Acc: 66.24
INFO >> Epoch: 15  |  Layer:  9  |  Train Loss: 0.465 | Train Acc: 86.81  |  Val Loss: 1.448 | Val Acc: 51.28  |  Test Loss: 0.839 | Tes Acc: 68.38
INFO >> Epoch: 15  |  Layer: 10  |  Train Loss: 0.474 | Train Acc: 86.26  |  Val Loss: 1.667 | Val Acc: 46.79  |  Test Loss: 0.849 | Tes Acc: 69.23
INFO >> Epoch: 15  |  Layer: 11  |  Train Loss: 0.557 | Train Acc: 83.88  |  Val Loss: 1.301 | Val Acc: 54.49  |  Test Loss: 0.891 | Tes Acc: 67.09
INFO >> Epoch: 15  |  Layer: 12  |  Train Loss: 0.698 | Train Acc: 78.02  |  Val Loss: 1.474 | Val Acc: 46.79  |  Test Loss: 0.941 | Tes Acc: 64.96
INFO >> Epoch: 15  |  Layer: 13  |  Train Loss: 0.805 | Train Acc: 74.54  |  Val Loss: 1.667 | Val Acc: 40.38  |  Test Loss: 1.033 | Tes Acc: 60.68

INFO >> Epoch: 16  |  Layer:  1  |  Train Loss: 1.397 | Train Acc: 49.27  |  Val Loss: 1.620 | Val Acc: 39.10  |  Test Loss: 1.513 | Tes Acc: 37.61
INFO >> Epoch: 16  |  Layer:  2  |  Train Loss: 0.869 | Train Acc: 73.44  |  Val Loss: 1.816 | Val Acc: 30.13  |  Test Loss: 1.072 | Tes Acc: 61.11
INFO >> Epoch: 16  |  Layer:  3  |  Train Loss: 0.743 | Train Acc: 76.19  |  Val Loss: 1.680 | Val Acc: 43.59  |  Test Loss: 0.908 | Tes Acc: 64.10
INFO >> Epoch: 16  |  Layer:  4  |  Train Loss: 0.601 | Train Acc: 80.77  |  Val Loss: 1.707 | Val Acc: 43.59  |  Test Loss: 0.883 | Tes Acc: 63.25
INFO >> Epoch: 16  |  Layer:  5  |  Train Loss: 0.566 | Train Acc: 79.85  |  Val Loss: 1.670 | Val Acc: 46.15  |  Test Loss: 0.758 | Tes Acc: 70.51
INFO >> Epoch: 16  |  Layer:  6  |  Train Loss: 0.514 | Train Acc: 84.98  |  Val Loss: 1.519 | Val Acc: 43.59  |  Test Loss: 0.838 | Tes Acc: 70.09
INFO >> Epoch: 16  |  Layer:  7  |  Train Loss: 0.423 | Train Acc: 88.28  |  Val Loss: 1.439 | Val Acc: 51.92  |  Test Loss: 0.883 | Tes Acc: 66.24
INFO >> Epoch: 16  |  Layer:  8  |  Train Loss: 0.522 | Train Acc: 83.33  |  Val Loss: 1.375 | Val Acc: 54.49  |  Test Loss: 0.842 | Tes Acc: 65.38
INFO >> Epoch: 16  |  Layer:  9  |  Train Loss: 0.434 | Train Acc: 88.64  |  Val Loss: 1.503 | Val Acc: 52.56  |  Test Loss: 0.816 | Tes Acc: 69.23
INFO >> Epoch: 16  |  Layer: 10  |  Train Loss: 0.426 | Train Acc: 87.91  |  Val Loss: 1.739 | Val Acc: 46.79  |  Test Loss: 0.879 | Tes Acc: 67.52
INFO >> Epoch: 16  |  Layer: 11  |  Train Loss: 0.460 | Train Acc: 86.08  |  Val Loss: 1.528 | Val Acc: 50.00  |  Test Loss: 0.870 | Tes Acc: 69.66
INFO >> Epoch: 16  |  Layer: 12  |  Train Loss: 0.614 | Train Acc: 81.68  |  Val Loss: 1.721 | Val Acc: 44.23  |  Test Loss: 0.924 | Tes Acc: 62.39
INFO >> Epoch: 16  |  Layer: 13  |  Train Loss: 0.809 | Train Acc: 74.18  |  Val Loss: 1.790 | Val Acc: 39.10  |  Test Loss: 1.001 | Tes Acc: 62.39

INFO >> Epoch: 17  |  Layer:  1  |  Train Loss: 1.450 | Train Acc: 44.14  |  Val Loss: 1.575 | Val Acc: 40.38  |  Test Loss: 1.446 | Tes Acc: 47.86
INFO >> Epoch: 17  |  Layer:  2  |  Train Loss: 0.815 | Train Acc: 74.36  |  Val Loss: 1.883 | Val Acc: 30.13  |  Test Loss: 1.065 | Tes Acc: 61.11
INFO >> Epoch: 17  |  Layer:  3  |  Train Loss: 0.682 | Train Acc: 77.47  |  Val Loss: 1.863 | Val Acc: 40.38  |  Test Loss: 0.919 | Tes Acc: 67.95
INFO >> Epoch: 17  |  Layer:  4  |  Train Loss: 0.606 | Train Acc: 79.30  |  Val Loss: 1.860 | Val Acc: 44.23  |  Test Loss: 0.845 | Tes Acc: 66.24
INFO >> Epoch: 17  |  Layer:  5  |  Train Loss: 0.562 | Train Acc: 82.23  |  Val Loss: 1.882 | Val Acc: 44.87  |  Test Loss: 0.778 | Tes Acc: 69.23
INFO >> Epoch: 17  |  Layer:  6  |  Train Loss: 0.510 | Train Acc: 82.97  |  Val Loss: 1.587 | Val Acc: 46.15  |  Test Loss: 0.782 | Tes Acc: 69.66
INFO >> Epoch: 17  |  Layer:  7  |  Train Loss: 0.428 | Train Acc: 85.71  |  Val Loss: 1.390 | Val Acc: 53.21  |  Test Loss: 0.806 | Tes Acc: 70.94
INFO >> Epoch: 17  |  Layer:  8  |  Train Loss: 0.422 | Train Acc: 87.73  |  Val Loss: 1.443 | Val Acc: 55.77  |  Test Loss: 0.784 | Tes Acc: 69.66
INFO >> Epoch: 17  |  Layer:  9  |  Train Loss: 0.414 | Train Acc: 86.08  |  Val Loss: 1.574 | Val Acc: 55.13  |  Test Loss: 0.763 | Tes Acc: 71.79
INFO >> Epoch: 17  |  Layer: 10  |  Train Loss: 0.399 | Train Acc: 86.81  |  Val Loss: 1.669 | Val Acc: 50.64  |  Test Loss: 0.812 | Tes Acc: 67.52
INFO >> Epoch: 17  |  Layer: 11  |  Train Loss: 0.424 | Train Acc: 85.90  |  Val Loss: 1.490 | Val Acc: 51.28  |  Test Loss: 0.852 | Tes Acc: 70.51
INFO >> Epoch: 17  |  Layer: 12  |  Train Loss: 0.516 | Train Acc: 84.62  |  Val Loss: 1.862 | Val Acc: 41.03  |  Test Loss: 0.927 | Tes Acc: 67.52
INFO >> Epoch: 17  |  Layer: 13  |  Train Loss: 0.702 | Train Acc: 77.11  |  Val Loss: 1.843 | Val Acc: 39.10  |  Test Loss: 1.018 | Tes Acc: 64.53

INFO >> Epoch: 18  |  Layer:  1  |  Train Loss: 1.441 | Train Acc: 47.07  |  Val Loss: 1.548 | Val Acc: 40.38  |  Test Loss: 1.427 | Tes Acc: 43.16
INFO >> Epoch: 18  |  Layer:  2  |  Train Loss: 0.743 | Train Acc: 74.73  |  Val Loss: 1.826 | Val Acc: 28.85  |  Test Loss: 1.012 | Tes Acc: 61.97
INFO >> Epoch: 18  |  Layer:  3  |  Train Loss: 0.627 | Train Acc: 78.75  |  Val Loss: 1.635 | Val Acc: 41.03  |  Test Loss: 0.841 | Tes Acc: 68.38
INFO >> Epoch: 18  |  Layer:  4  |  Train Loss: 0.527 | Train Acc: 81.14  |  Val Loss: 1.696 | Val Acc: 42.31  |  Test Loss: 0.808 | Tes Acc: 67.95
INFO >> Epoch: 18  |  Layer:  5  |  Train Loss: 0.484 | Train Acc: 83.33  |  Val Loss: 1.689 | Val Acc: 45.51  |  Test Loss: 0.730 | Tes Acc: 71.79
INFO >> Epoch: 18  |  Layer:  6  |  Train Loss: 0.440 | Train Acc: 85.53  |  Val Loss: 1.456 | Val Acc: 47.44  |  Test Loss: 0.763 | Tes Acc: 69.66
INFO >> Epoch: 18  |  Layer:  7  |  Train Loss: 0.377 | Train Acc: 89.74  |  Val Loss: 1.536 | Val Acc: 47.44  |  Test Loss: 0.821 | Tes Acc: 68.80
INFO >> Epoch: 18  |  Layer:  8  |  Train Loss: 0.411 | Train Acc: 91.03  |  Val Loss: 1.722 | Val Acc: 53.21  |  Test Loss: 0.800 | Tes Acc: 70.94
INFO >> Epoch: 18  |  Layer:  9  |  Train Loss: 0.366 | Train Acc: 91.39  |  Val Loss: 1.614 | Val Acc: 51.92  |  Test Loss: 0.776 | Tes Acc: 71.79
INFO >> Epoch: 18  |  Layer: 10  |  Train Loss: 0.385 | Train Acc: 90.84  |  Val Loss: 1.856 | Val Acc: 45.51  |  Test Loss: 0.810 | Tes Acc: 70.94
INFO >> Epoch: 18  |  Layer: 11  |  Train Loss: 0.412 | Train Acc: 89.56  |  Val Loss: 1.698 | Val Acc: 48.08  |  Test Loss: 0.888 | Tes Acc: 66.24
INFO >> Epoch: 18  |  Layer: 12  |  Train Loss: 0.450 | Train Acc: 88.64  |  Val Loss: 1.820 | Val Acc: 42.95  |  Test Loss: 0.919 | Tes Acc: 67.95
INFO >> Epoch: 18  |  Layer: 13  |  Train Loss: 0.618 | Train Acc: 81.32  |  Val Loss: 1.940 | Val Acc: 39.10  |  Test Loss: 1.051 | Tes Acc: 61.11

INFO >> Epoch: 19  |  Layer:  1  |  Train Loss: 1.327 | Train Acc: 51.28  |  Val Loss: 1.765 | Val Acc: 37.18  |  Test Loss: 1.540 | Tes Acc: 37.61
INFO >> Epoch: 19  |  Layer:  2  |  Train Loss: 0.681 | Train Acc: 77.84  |  Val Loss: 1.995 | Val Acc: 30.77  |  Test Loss: 0.975 | Tes Acc: 64.96
INFO >> Epoch: 19  |  Layer:  3  |  Train Loss: 0.552 | Train Acc: 81.68  |  Val Loss: 1.894 | Val Acc: 41.67  |  Test Loss: 0.901 | Tes Acc: 63.25
INFO >> Epoch: 19  |  Layer:  4  |  Train Loss: 0.432 | Train Acc: 87.18  |  Val Loss: 1.825 | Val Acc: 50.00  |  Test Loss: 0.846 | Tes Acc: 65.81
INFO >> Epoch: 19  |  Layer:  5  |  Train Loss: 0.386 | Train Acc: 88.83  |  Val Loss: 1.824 | Val Acc: 50.00  |  Test Loss: 0.753 | Tes Acc: 68.80
INFO >> Epoch: 19  |  Layer:  6  |  Train Loss: 0.368 | Train Acc: 90.84  |  Val Loss: 1.532 | Val Acc: 51.92  |  Test Loss: 0.785 | Tes Acc: 71.79
INFO >> Epoch: 19  |  Layer:  7  |  Train Loss: 0.310 | Train Acc: 90.84  |  Val Loss: 1.467 | Val Acc: 53.85  |  Test Loss: 0.811 | Tes Acc: 70.51
INFO >> Epoch: 19  |  Layer:  8  |  Train Loss: 0.360 | Train Acc: 88.10  |  Val Loss: 1.738 | Val Acc: 51.92  |  Test Loss: 0.775 | Tes Acc: 71.37
INFO >> Epoch: 19  |  Layer:  9  |  Train Loss: 0.322 | Train Acc: 90.84  |  Val Loss: 1.755 | Val Acc: 53.21  |  Test Loss: 0.743 | Tes Acc: 73.50
INFO >> Epoch: 19  |  Layer: 10  |  Train Loss: 0.371 | Train Acc: 87.36  |  Val Loss: 2.034 | Val Acc: 48.08  |  Test Loss: 0.862 | Tes Acc: 70.51
INFO >> Epoch: 19  |  Layer: 11  |  Train Loss: 0.385 | Train Acc: 88.28  |  Val Loss: 1.569 | Val Acc: 55.77  |  Test Loss: 0.829 | Tes Acc: 71.79
INFO >> Epoch: 19  |  Layer: 12  |  Train Loss: 0.400 | Train Acc: 87.73  |  Val Loss: 1.682 | Val Acc: 47.44  |  Test Loss: 0.841 | Tes Acc: 72.22
INFO >> Epoch: 19  |  Layer: 13  |  Train Loss: 0.548 | Train Acc: 84.98  |  Val Loss: 1.671 | Val Acc: 48.08  |  Test Loss: 0.957 | Tes Acc: 67.95

INFO >> Epoch: 20  |  Layer:  1  |  Train Loss: 1.325 | Train Acc: 50.73  |  Val Loss: 1.686 | Val Acc: 35.26  |  Test Loss: 1.444 | Tes Acc: 46.15
INFO >> Epoch: 20  |  Layer:  2  |  Train Loss: 0.658 | Train Acc: 77.84  |  Val Loss: 2.390 | Val Acc: 27.56  |  Test Loss: 1.083 | Tes Acc: 58.55
INFO >> Epoch: 20  |  Layer:  3  |  Train Loss: 0.536 | Train Acc: 81.14  |  Val Loss: 1.915 | Val Acc: 41.03  |  Test Loss: 0.862 | Tes Acc: 66.67
INFO >> Epoch: 20  |  Layer:  4  |  Train Loss: 0.408 | Train Acc: 88.64  |  Val Loss: 2.049 | Val Acc: 44.23  |  Test Loss: 0.866 | Tes Acc: 66.24
INFO >> Epoch: 20  |  Layer:  5  |  Train Loss: 0.364 | Train Acc: 88.10  |  Val Loss: 1.899 | Val Acc: 50.64  |  Test Loss: 0.759 | Tes Acc: 70.51
INFO >> Epoch: 20  |  Layer:  6  |  Train Loss: 0.352 | Train Acc: 90.84  |  Val Loss: 1.733 | Val Acc: 48.72  |  Test Loss: 0.826 | Tes Acc: 68.80
INFO >> Epoch: 20  |  Layer:  7  |  Train Loss: 0.289 | Train Acc: 91.03  |  Val Loss: 1.688 | Val Acc: 51.28  |  Test Loss: 0.856 | Tes Acc: 70.51
INFO >> Epoch: 20  |  Layer:  8  |  Train Loss: 0.312 | Train Acc: 93.22  |  Val Loss: 1.677 | Val Acc: 52.56  |  Test Loss: 0.778 | Tes Acc: 71.37
INFO >> Epoch: 20  |  Layer:  9  |  Train Loss: 0.272 | Train Acc: 93.41  |  Val Loss: 1.867 | Val Acc: 52.56  |  Test Loss: 0.790 | Tes Acc: 71.79
INFO >> Epoch: 20  |  Layer: 10  |  Train Loss: 0.377 | Train Acc: 86.63  |  Val Loss: 2.030 | Val Acc: 50.64  |  Test Loss: 0.935 | Tes Acc: 68.80
INFO >> Epoch: 20  |  Layer: 11  |  Train Loss: 0.341 | Train Acc: 90.11  |  Val Loss: 1.657 | Val Acc: 54.49  |  Test Loss: 0.869 | Tes Acc: 70.94
INFO >> Epoch: 20  |  Layer: 12  |  Train Loss: 0.390 | Train Acc: 87.73  |  Val Loss: 1.848 | Val Acc: 48.08  |  Test Loss: 0.891 | Tes Acc: 70.94
INFO >> Epoch: 20  |  Layer: 13  |  Train Loss: 0.550 | Train Acc: 81.87  |  Val Loss: 1.801 | Val Acc: 43.59  |  Test Loss: 0.942 | Tes Acc: 68.38

INFO >> Epoch: 21  |  Layer:  1  |  Train Loss: 1.290 | Train Acc: 54.76  |  Val Loss: 1.734 | Val Acc: 35.26  |  Test Loss: 1.438 | Tes Acc: 48.72
INFO >> Epoch: 21  |  Layer:  2  |  Train Loss: 0.605 | Train Acc: 81.14  |  Val Loss: 2.136 | Val Acc: 27.56  |  Test Loss: 1.000 | Tes Acc: 62.82
INFO >> Epoch: 21  |  Layer:  3  |  Train Loss: 0.497 | Train Acc: 85.53  |  Val Loss: 1.793 | Val Acc: 42.95  |  Test Loss: 0.823 | Tes Acc: 67.09
INFO >> Epoch: 21  |  Layer:  4  |  Train Loss: 0.389 | Train Acc: 90.11  |  Val Loss: 1.945 | Val Acc: 42.31  |  Test Loss: 0.832 | Tes Acc: 67.95
INFO >> Epoch: 21  |  Layer:  5  |  Train Loss: 0.338 | Train Acc: 90.84  |  Val Loss: 1.938 | Val Acc: 46.79  |  Test Loss: 0.792 | Tes Acc: 69.66
INFO >> Epoch: 21  |  Layer:  6  |  Train Loss: 0.332 | Train Acc: 92.12  |  Val Loss: 1.602 | Val Acc: 50.64  |  Test Loss: 0.799 | Tes Acc: 70.51
INFO >> Epoch: 21  |  Layer:  7  |  Train Loss: 0.259 | Train Acc: 93.77  |  Val Loss: 1.380 | Val Acc: 51.92  |  Test Loss: 0.821 | Tes Acc: 71.37
INFO >> Epoch: 21  |  Layer:  8  |  Train Loss: 0.283 | Train Acc: 93.96  |  Val Loss: 1.632 | Val Acc: 53.21  |  Test Loss: 0.854 | Tes Acc: 67.95
INFO >> Epoch: 21  |  Layer:  9  |  Train Loss: 0.255 | Train Acc: 93.96  |  Val Loss: 1.798 | Val Acc: 48.72  |  Test Loss: 0.887 | Tes Acc: 66.67
INFO >> Epoch: 21  |  Layer: 10  |  Train Loss: 0.312 | Train Acc: 92.12  |  Val Loss: 2.075 | Val Acc: 45.51  |  Test Loss: 0.867 | Tes Acc: 69.23
INFO >> Epoch: 21  |  Layer: 11  |  Train Loss: 0.326 | Train Acc: 91.03  |  Val Loss: 1.505 | Val Acc: 51.92  |  Test Loss: 0.892 | Tes Acc: 67.52
INFO >> Epoch: 21  |  Layer: 12  |  Train Loss: 0.347 | Train Acc: 90.84  |  Val Loss: 1.616 | Val Acc: 48.72  |  Test Loss: 0.961 | Tes Acc: 65.38
INFO >> Epoch: 21  |  Layer: 13  |  Train Loss: 0.460 | Train Acc: 86.63  |  Val Loss: 1.662 | Val Acc: 46.79  |  Test Loss: 0.984 | Tes Acc: 63.25

INFO >> Epoch: 22  |  Layer:  1  |  Train Loss: 1.328 | Train Acc: 50.18  |  Val Loss: 1.641 | Val Acc: 34.62  |  Test Loss: 1.405 | Tes Acc: 46.15
INFO >> Epoch: 22  |  Layer:  2  |  Train Loss: 0.562 | Train Acc: 82.60  |  Val Loss: 2.090 | Val Acc: 31.41  |  Test Loss: 1.013 | Tes Acc: 59.83
INFO >> Epoch: 22  |  Layer:  3  |  Train Loss: 0.465 | Train Acc: 85.16  |  Val Loss: 1.677 | Val Acc: 45.51  |  Test Loss: 0.826 | Tes Acc: 66.67
INFO >> Epoch: 22  |  Layer:  4  |  Train Loss: 0.355 | Train Acc: 90.48  |  Val Loss: 1.577 | Val Acc: 47.44  |  Test Loss: 0.866 | Tes Acc: 65.81
INFO >> Epoch: 22  |  Layer:  5  |  Train Loss: 0.313 | Train Acc: 90.29  |  Val Loss: 1.613 | Val Acc: 51.28  |  Test Loss: 0.760 | Tes Acc: 71.37
INFO >> Epoch: 22  |  Layer:  6  |  Train Loss: 0.303 | Train Acc: 91.94  |  Val Loss: 1.512 | Val Acc: 50.64  |  Test Loss: 0.725 | Tes Acc: 72.65
INFO >> Epoch: 22  |  Layer:  7  |  Train Loss: 0.234 | Train Acc: 93.22  |  Val Loss: 1.415 | Val Acc: 51.92  |  Test Loss: 0.879 | Tes Acc: 68.80
INFO >> Epoch: 22  |  Layer:  8  |  Train Loss: 0.250 | Train Acc: 93.59  |  Val Loss: 1.518 | Val Acc: 53.21  |  Test Loss: 0.872 | Tes Acc: 65.38
INFO >> Epoch: 22  |  Layer:  9  |  Train Loss: 0.248 | Train Acc: 93.96  |  Val Loss: 1.726 | Val Acc: 47.44  |  Test Loss: 0.861 | Tes Acc: 69.23
INFO >> Epoch: 22  |  Layer: 10  |  Train Loss: 0.285 | Train Acc: 93.41  |  Val Loss: 1.658 | Val Acc: 51.28  |  Test Loss: 0.838 | Tes Acc: 68.38
INFO >> Epoch: 22  |  Layer: 11  |  Train Loss: 0.348 | Train Acc: 88.10  |  Val Loss: 1.442 | Val Acc: 53.85  |  Test Loss: 0.857 | Tes Acc: 70.51
INFO >> Epoch: 22  |  Layer: 12  |  Train Loss: 0.375 | Train Acc: 88.28  |  Val Loss: 1.700 | Val Acc: 46.15  |  Test Loss: 1.032 | Tes Acc: 66.24
INFO >> Epoch: 22  |  Layer: 13  |  Train Loss: 0.473 | Train Acc: 84.25  |  Val Loss: 1.827 | Val Acc: 41.03  |  Test Loss: 1.165 | Tes Acc: 58.12

INFO >> Epoch: 23  |  Layer:  1  |  Train Loss: 1.228 | Train Acc: 54.40  |  Val Loss: 1.771 | Val Acc: 32.05  |  Test Loss: 1.423 | Tes Acc: 44.87
INFO >> Epoch: 23  |  Layer:  2  |  Train Loss: 0.512 | Train Acc: 85.35  |  Val Loss: 2.311 | Val Acc: 25.64  |  Test Loss: 1.100 | Tes Acc: 61.54
INFO >> Epoch: 23  |  Layer:  3  |  Train Loss: 0.441 | Train Acc: 85.35  |  Val Loss: 2.242 | Val Acc: 37.82  |  Test Loss: 1.036 | Tes Acc: 63.25
INFO >> Epoch: 23  |  Layer:  4  |  Train Loss: 0.344 | Train Acc: 88.64  |  Val Loss: 2.445 | Val Acc: 36.54  |  Test Loss: 1.008 | Tes Acc: 65.38
INFO >> Epoch: 23  |  Layer:  5  |  Train Loss: 0.292 | Train Acc: 90.48  |  Val Loss: 2.281 | Val Acc: 44.23  |  Test Loss: 0.869 | Tes Acc: 67.95
INFO >> Epoch: 23  |  Layer:  6  |  Train Loss: 0.256 | Train Acc: 94.51  |  Val Loss: 1.532 | Val Acc: 50.64  |  Test Loss: 0.785 | Tes Acc: 69.66
INFO >> Epoch: 23  |  Layer:  7  |  Train Loss: 0.196 | Train Acc: 95.79  |  Val Loss: 1.452 | Val Acc: 53.85  |  Test Loss: 0.867 | Tes Acc: 69.23
INFO >> Epoch: 23  |  Layer:  8  |  Train Loss: 0.230 | Train Acc: 93.77  |  Val Loss: 1.812 | Val Acc: 50.64  |  Test Loss: 0.860 | Tes Acc: 68.38
INFO >> Epoch: 23  |  Layer:  9  |  Train Loss: 0.222 | Train Acc: 93.77  |  Val Loss: 1.961 | Val Acc: 50.64  |  Test Loss: 0.885 | Tes Acc: 68.38
INFO >> Epoch: 23  |  Layer: 10  |  Train Loss: 0.292 | Train Acc: 90.48  |  Val Loss: 2.180 | Val Acc: 45.51  |  Test Loss: 0.944 | Tes Acc: 66.67
INFO >> Epoch: 23  |  Layer: 11  |  Train Loss: 0.262 | Train Acc: 93.41  |  Val Loss: 1.881 | Val Acc: 50.64  |  Test Loss: 0.985 | Tes Acc: 65.81
INFO >> Epoch: 23  |  Layer: 12  |  Train Loss: 0.340 | Train Acc: 89.56  |  Val Loss: 2.288 | Val Acc: 42.31  |  Test Loss: 1.164 | Tes Acc: 62.82
INFO >> Epoch: 23  |  Layer: 13  |  Train Loss: 0.415 | Train Acc: 87.00  |  Val Loss: 2.054 | Val Acc: 40.38  |  Test Loss: 1.201 | Tes Acc: 60.26

INFO >> Epoch: 24  |  Layer:  1  |  Train Loss: 1.254 | Train Acc: 53.85  |  Val Loss: 1.611 | Val Acc: 38.46  |  Test Loss: 1.372 | Tes Acc: 45.73
INFO >> Epoch: 24  |  Layer:  2  |  Train Loss: 0.531 | Train Acc: 84.07  |  Val Loss: 1.964 | Val Acc: 32.05  |  Test Loss: 0.954 | Tes Acc: 63.68
INFO >> Epoch: 24  |  Layer:  3  |  Train Loss: 0.447 | Train Acc: 85.35  |  Val Loss: 1.563 | Val Acc: 45.51  |  Test Loss: 0.824 | Tes Acc: 66.67
INFO >> Epoch: 24  |  Layer:  4  |  Train Loss: 0.340 | Train Acc: 90.11  |  Val Loss: 1.479 | Val Acc: 52.56  |  Test Loss: 0.840 | Tes Acc: 67.52
INFO >> Epoch: 24  |  Layer:  5  |  Train Loss: 0.273 | Train Acc: 92.67  |  Val Loss: 1.406 | Val Acc: 53.21  |  Test Loss: 0.820 | Tes Acc: 69.23
INFO >> Epoch: 24  |  Layer:  6  |  Train Loss: 0.236 | Train Acc: 95.05  |  Val Loss: 1.455 | Val Acc: 53.85  |  Test Loss: 0.720 | Tes Acc: 71.37
INFO >> Epoch: 24  |  Layer:  7  |  Train Loss: 0.180 | Train Acc: 97.44  |  Val Loss: 1.494 | Val Acc: 53.85  |  Test Loss: 0.815 | Tes Acc: 70.09
INFO >> Epoch: 24  |  Layer:  8  |  Train Loss: 0.211 | Train Acc: 95.60  |  Val Loss: 1.554 | Val Acc: 58.33  |  Test Loss: 0.742 | Tes Acc: 73.08
INFO >> Epoch: 24  |  Layer:  9  |  Train Loss: 0.208 | Train Acc: 95.42  |  Val Loss: 1.636 | Val Acc: 52.56  |  Test Loss: 0.777 | Tes Acc: 71.37
INFO >> Epoch: 24  |  Layer: 10  |  Train Loss: 0.264 | Train Acc: 93.59  |  Val Loss: 1.841 | Val Acc: 50.00  |  Test Loss: 0.861 | Tes Acc: 72.22
INFO >> Epoch: 24  |  Layer: 11  |  Train Loss: 0.279 | Train Acc: 92.12  |  Val Loss: 1.501 | Val Acc: 53.21  |  Test Loss: 0.886 | Tes Acc: 71.37
INFO >> Epoch: 24  |  Layer: 12  |  Train Loss: 0.335 | Train Acc: 90.84  |  Val Loss: 1.331 | Val Acc: 55.13  |  Test Loss: 0.906 | Tes Acc: 71.37
INFO >> Epoch: 24  |  Layer: 13  |  Train Loss: 0.392 | Train Acc: 88.83  |  Val Loss: 1.556 | Val Acc: 47.44  |  Test Loss: 1.042 | Tes Acc: 65.81

INFO >> Epoch: 25  |  Layer:  1  |  Train Loss: 1.175 | Train Acc: 57.14  |  Val Loss: 1.739 | Val Acc: 35.26  |  Test Loss: 1.379 | Tes Acc: 50.85
INFO >> Epoch: 25  |  Layer:  2  |  Train Loss: 0.555 | Train Acc: 83.33  |  Val Loss: 1.826 | Val Acc: 39.74  |  Test Loss: 1.119 | Tes Acc: 57.69
INFO >> Epoch: 25  |  Layer:  3  |  Train Loss: 0.469 | Train Acc: 85.16  |  Val Loss: 1.764 | Val Acc: 44.87  |  Test Loss: 0.922 | Tes Acc: 64.53
INFO >> Epoch: 25  |  Layer:  4  |  Train Loss: 0.382 | Train Acc: 87.18  |  Val Loss: 1.674 | Val Acc: 48.72  |  Test Loss: 0.858 | Tes Acc: 65.81
INFO >> Epoch: 25  |  Layer:  5  |  Train Loss: 0.306 | Train Acc: 90.29  |  Val Loss: 1.777 | Val Acc: 51.92  |  Test Loss: 0.835 | Tes Acc: 69.66
INFO >> Epoch: 25  |  Layer:  6  |  Train Loss: 0.299 | Train Acc: 90.66  |  Val Loss: 1.566 | Val Acc: 51.28  |  Test Loss: 0.923 | Tes Acc: 67.09
INFO >> Epoch: 25  |  Layer:  7  |  Train Loss: 0.240 | Train Acc: 94.32  |  Val Loss: 1.444 | Val Acc: 53.21  |  Test Loss: 0.972 | Tes Acc: 68.80
INFO >> Epoch: 25  |  Layer:  8  |  Train Loss: 0.248 | Train Acc: 93.04  |  Val Loss: 1.497 | Val Acc: 55.77  |  Test Loss: 0.874 | Tes Acc: 70.51
INFO >> Epoch: 25  |  Layer:  9  |  Train Loss: 0.240 | Train Acc: 93.59  |  Val Loss: 1.578 | Val Acc: 51.92  |  Test Loss: 1.010 | Tes Acc: 64.10
INFO >> Epoch: 25  |  Layer: 10  |  Train Loss: 0.336 | Train Acc: 89.74  |  Val Loss: 1.579 | Val Acc: 57.69  |  Test Loss: 1.196 | Tes Acc: 56.41
INFO >> Epoch: 25  |  Layer: 11  |  Train Loss: 0.390 | Train Acc: 88.46  |  Val Loss: 1.601 | Val Acc: 53.85  |  Test Loss: 1.144 | Tes Acc: 61.97
INFO >> Epoch: 25  |  Layer: 12  |  Train Loss: 0.422 | Train Acc: 86.08  |  Val Loss: 1.541 | Val Acc: 50.00  |  Test Loss: 1.167 | Tes Acc: 56.84
INFO >> Epoch: 25  |  Layer: 13  |  Train Loss: 0.475 | Train Acc: 85.16  |  Val Loss: 1.897 | Val Acc: 44.23  |  Test Loss: 1.194 | Tes Acc: 60.68

INFO >> Epoch: 26  |  Layer:  1  |  Train Loss: 1.148 | Train Acc: 55.31  |  Val Loss: 1.846 | Val Acc: 33.97  |  Test Loss: 1.486 | Tes Acc: 35.04
INFO >> Epoch: 26  |  Layer:  2  |  Train Loss: 0.479 | Train Acc: 84.80  |  Val Loss: 2.189 | Val Acc: 28.85  |  Test Loss: 1.077 | Tes Acc: 58.12
INFO >> Epoch: 26  |  Layer:  3  |  Train Loss: 0.394 | Train Acc: 85.16  |  Val Loss: 1.807 | Val Acc: 41.67  |  Test Loss: 0.876 | Tes Acc: 66.24
INFO >> Epoch: 26  |  Layer:  4  |  Train Loss: 0.300 | Train Acc: 90.84  |  Val Loss: 1.744 | Val Acc: 42.95  |  Test Loss: 0.860 | Tes Acc: 65.38
INFO >> Epoch: 26  |  Layer:  5  |  Train Loss: 0.253 | Train Acc: 91.94  |  Val Loss: 1.594 | Val Acc: 54.49  |  Test Loss: 0.835 | Tes Acc: 69.23
INFO >> Epoch: 26  |  Layer:  6  |  Train Loss: 0.290 | Train Acc: 92.12  |  Val Loss: 1.629 | Val Acc: 50.64  |  Test Loss: 0.930 | Tes Acc: 65.81
INFO >> Epoch: 26  |  Layer:  7  |  Train Loss: 0.283 | Train Acc: 90.48  |  Val Loss: 1.464 | Val Acc: 53.85  |  Test Loss: 1.014 | Tes Acc: 61.11
INFO >> Epoch: 26  |  Layer:  8  |  Train Loss: 0.212 | Train Acc: 94.69  |  Val Loss: 1.669 | Val Acc: 52.56  |  Test Loss: 0.932 | Tes Acc: 66.24
INFO >> Epoch: 26  |  Layer:  9  |  Train Loss: 0.222 | Train Acc: 93.22  |  Val Loss: 2.031 | Val Acc: 48.08  |  Test Loss: 1.120 | Tes Acc: 61.97
INFO >> Epoch: 26  |  Layer: 10  |  Train Loss: 0.304 | Train Acc: 90.11  |  Val Loss: 1.866 | Val Acc: 49.36  |  Test Loss: 1.178 | Tes Acc: 57.69
INFO >> Epoch: 26  |  Layer: 11  |  Train Loss: 0.280 | Train Acc: 91.58  |  Val Loss: 1.713 | Val Acc: 45.51  |  Test Loss: 1.129 | Tes Acc: 61.54
INFO >> Epoch: 26  |  Layer: 12  |  Train Loss: 0.337 | Train Acc: 89.01  |  Val Loss: 1.758 | Val Acc: 43.59  |  Test Loss: 1.162 | Tes Acc: 55.56
INFO >> Epoch: 26  |  Layer: 13  |  Train Loss: 0.373 | Train Acc: 89.74  |  Val Loss: 1.850 | Val Acc: 40.38  |  Test Loss: 1.335 | Tes Acc: 52.14

INFO >> Epoch: 27  |  Layer:  1  |  Train Loss: 1.195 | Train Acc: 52.38  |  Val Loss: 1.779 | Val Acc: 37.18  |  Test Loss: 1.385 | Tes Acc: 50.85
INFO >> Epoch: 27  |  Layer:  2  |  Train Loss: 0.470 | Train Acc: 87.91  |  Val Loss: 1.952 | Val Acc: 32.05  |  Test Loss: 0.981 | Tes Acc: 62.39
INFO >> Epoch: 27  |  Layer:  3  |  Train Loss: 0.379 | Train Acc: 89.56  |  Val Loss: 1.837 | Val Acc: 47.44  |  Test Loss: 0.843 | Tes Acc: 67.95
INFO >> Epoch: 27  |  Layer:  4  |  Train Loss: 0.281 | Train Acc: 92.86  |  Val Loss: 1.713 | Val Acc: 48.08  |  Test Loss: 0.850 | Tes Acc: 67.95
INFO >> Epoch: 27  |  Layer:  5  |  Train Loss: 0.220 | Train Acc: 94.87  |  Val Loss: 1.718 | Val Acc: 51.92  |  Test Loss: 0.804 | Tes Acc: 70.09
INFO >> Epoch: 27  |  Layer:  6  |  Train Loss: 0.275 | Train Acc: 90.66  |  Val Loss: 1.600 | Val Acc: 53.21  |  Test Loss: 0.878 | Tes Acc: 69.23
INFO >> Epoch: 27  |  Layer:  7  |  Train Loss: 0.180 | Train Acc: 94.87  |  Val Loss: 1.508 | Val Acc: 53.85  |  Test Loss: 0.943 | Tes Acc: 67.52
INFO >> Epoch: 27  |  Layer:  8  |  Train Loss: 0.180 | Train Acc: 96.52  |  Val Loss: 1.618 | Val Acc: 55.13  |  Test Loss: 0.930 | Tes Acc: 69.23
INFO >> Epoch: 27  |  Layer:  9  |  Train Loss: 0.179 | Train Acc: 96.15  |  Val Loss: 1.856 | Val Acc: 51.92  |  Test Loss: 0.972 | Tes Acc: 67.09
INFO >> Epoch: 27  |  Layer: 10  |  Train Loss: 0.335 | Train Acc: 89.19  |  Val Loss: 1.768 | Val Acc: 50.64  |  Test Loss: 0.830 | Tes Acc: 71.79
INFO >> Epoch: 27  |  Layer: 11  |  Train Loss: 0.226 | Train Acc: 94.32  |  Val Loss: 1.523 | Val Acc: 53.85  |  Test Loss: 0.923 | Tes Acc: 68.38
INFO >> Epoch: 27  |  Layer: 12  |  Train Loss: 0.279 | Train Acc: 91.94  |  Val Loss: 1.516 | Val Acc: 51.28  |  Test Loss: 0.962 | Tes Acc: 68.80
INFO >> Epoch: 27  |  Layer: 13  |  Train Loss: 0.324 | Train Acc: 91.94  |  Val Loss: 1.718 | Val Acc: 44.23  |  Test Loss: 1.252 | Tes Acc: 56.84

INFO >> Epoch: 28  |  Layer:  1  |  Train Loss: 1.124 | Train Acc: 55.86  |  Val Loss: 1.703 | Val Acc: 45.51  |  Test Loss: 1.378 | Tes Acc: 41.88
INFO >> Epoch: 28  |  Layer:  2  |  Train Loss: 0.477 | Train Acc: 85.16  |  Val Loss: 1.995 | Val Acc: 35.90  |  Test Loss: 1.020 | Tes Acc: 60.68
INFO >> Epoch: 28  |  Layer:  3  |  Train Loss: 0.382 | Train Acc: 87.91  |  Val Loss: 2.027 | Val Acc: 49.36  |  Test Loss: 1.009 | Tes Acc: 62.82
INFO >> Epoch: 28  |  Layer:  4  |  Train Loss: 0.311 | Train Acc: 90.11  |  Val Loss: 2.046 | Val Acc: 48.72  |  Test Loss: 0.998 | Tes Acc: 65.38
INFO >> Epoch: 28  |  Layer:  5  |  Train Loss: 0.207 | Train Acc: 95.42  |  Val Loss: 1.997 | Val Acc: 54.49  |  Test Loss: 0.971 | Tes Acc: 65.38
INFO >> Epoch: 28  |  Layer:  6  |  Train Loss: 0.204 | Train Acc: 95.05  |  Val Loss: 1.652 | Val Acc: 55.77  |  Test Loss: 0.862 | Tes Acc: 71.79
INFO >> Epoch: 28  |  Layer:  7  |  Train Loss: 0.153 | Train Acc: 96.70  |  Val Loss: 1.827 | Val Acc: 51.28  |  Test Loss: 1.038 | Tes Acc: 65.81
INFO >> Epoch: 28  |  Layer:  8  |  Train Loss: 0.161 | Train Acc: 96.89  |  Val Loss: 1.835 | Val Acc: 53.85  |  Test Loss: 0.917 | Tes Acc: 68.38
INFO >> Epoch: 28  |  Layer:  9  |  Train Loss: 0.139 | Train Acc: 97.25  |  Val Loss: 1.882 | Val Acc: 51.92  |  Test Loss: 0.900 | Tes Acc: 71.37
INFO >> Epoch: 28  |  Layer: 10  |  Train Loss: 0.186 | Train Acc: 95.79  |  Val Loss: 1.855 | Val Acc: 50.64  |  Test Loss: 0.883 | Tes Acc: 69.23
INFO >> Epoch: 28  |  Layer: 11  |  Train Loss: 0.167 | Train Acc: 97.25  |  Val Loss: 1.586 | Val Acc: 55.77  |  Test Loss: 0.927 | Tes Acc: 66.67
INFO >> Epoch: 28  |  Layer: 12  |  Train Loss: 0.215 | Train Acc: 95.79  |  Val Loss: 1.678 | Val Acc: 48.72  |  Test Loss: 1.023 | Tes Acc: 65.38
INFO >> Epoch: 28  |  Layer: 13  |  Train Loss: 0.302 | Train Acc: 92.12  |  Val Loss: 1.869 | Val Acc: 44.23  |  Test Loss: 1.289 | Tes Acc: 58.97

INFO >> Epoch: 29  |  Layer:  1  |  Train Loss: 1.256 | Train Acc: 58.79  |  Val Loss: 1.783 | Val Acc: 35.26  |  Test Loss: 1.384 | Tes Acc: 47.86
INFO >> Epoch: 29  |  Layer:  2  |  Train Loss: 0.438 | Train Acc: 88.83  |  Val Loss: 2.249 | Val Acc: 28.21  |  Test Loss: 1.070 | Tes Acc: 61.97
INFO >> Epoch: 29  |  Layer:  3  |  Train Loss: 0.366 | Train Acc: 89.74  |  Val Loss: 1.890 | Val Acc: 48.72  |  Test Loss: 0.892 | Tes Acc: 64.96
INFO >> Epoch: 29  |  Layer:  4  |  Train Loss: 0.259 | Train Acc: 92.86  |  Val Loss: 1.883 | Val Acc: 50.00  |  Test Loss: 0.912 | Tes Acc: 64.96
INFO >> Epoch: 29  |  Layer:  5  |  Train Loss: 0.199 | Train Acc: 95.24  |  Val Loss: 1.851 | Val Acc: 56.41  |  Test Loss: 0.934 | Tes Acc: 64.10
INFO >> Epoch: 29  |  Layer:  6  |  Train Loss: 0.194 | Train Acc: 97.07  |  Val Loss: 1.736 | Val Acc: 55.13  |  Test Loss: 0.959 | Tes Acc: 65.38
INFO >> Epoch: 29  |  Layer:  7  |  Train Loss: 0.143 | Train Acc: 97.44  |  Val Loss: 1.662 | Val Acc: 53.21  |  Test Loss: 0.985 | Tes Acc: 65.81
INFO >> Epoch: 29  |  Layer:  8  |  Train Loss: 0.150 | Train Acc: 97.80  |  Val Loss: 2.019 | Val Acc: 51.92  |  Test Loss: 1.080 | Tes Acc: 64.96
INFO >> Epoch: 29  |  Layer:  9  |  Train Loss: 0.128 | Train Acc: 97.99  |  Val Loss: 1.962 | Val Acc: 53.85  |  Test Loss: 0.976 | Tes Acc: 69.66
INFO >> Epoch: 29  |  Layer: 10  |  Train Loss: 0.212 | Train Acc: 97.25  |  Val Loss: 2.476 | Val Acc: 46.79  |  Test Loss: 1.118 | Tes Acc: 64.53
INFO >> Epoch: 29  |  Layer: 11  |  Train Loss: 0.209 | Train Acc: 97.44  |  Val Loss: 2.219 | Val Acc: 47.44  |  Test Loss: 1.311 | Tes Acc: 59.83
INFO >> Epoch: 29  |  Layer: 12  |  Train Loss: 0.269 | Train Acc: 97.07  |  Val Loss: 2.333 | Val Acc: 43.59  |  Test Loss: 1.435 | Tes Acc: 58.97
INFO >> Epoch: 29  |  Layer: 13  |  Train Loss: 0.371 | Train Acc: 91.39  |  Val Loss: 2.018 | Val Acc: 47.44  |  Test Loss: 1.316 | Tes Acc: 58.55

INFO >> Epoch: 30  |  Layer:  1  |  Train Loss: 1.245 | Train Acc: 50.73  |  Val Loss: 1.751 | Val Acc: 33.97  |  Test Loss: 1.361 | Tes Acc: 47.86
INFO >> Epoch: 30  |  Layer:  2  |  Train Loss: 0.466 | Train Acc: 84.80  |  Val Loss: 2.635 | Val Acc: 28.21  |  Test Loss: 1.173 | Tes Acc: 58.97
INFO >> Epoch: 30  |  Layer:  3  |  Train Loss: 0.423 | Train Acc: 86.45  |  Val Loss: 2.251 | Val Acc: 41.67  |  Test Loss: 1.009 | Tes Acc: 67.09
INFO >> Epoch: 30  |  Layer:  4  |  Train Loss: 0.296 | Train Acc: 91.94  |  Val Loss: 2.046 | Val Acc: 42.31  |  Test Loss: 0.929 | Tes Acc: 68.38
INFO >> Epoch: 30  |  Layer:  5  |  Train Loss: 0.226 | Train Acc: 95.05  |  Val Loss: 1.960 | Val Acc: 50.64  |  Test Loss: 0.869 | Tes Acc: 70.94
INFO >> Epoch: 30  |  Layer:  6  |  Train Loss: 0.317 | Train Acc: 91.94  |  Val Loss: 1.892 | Val Acc: 51.92  |  Test Loss: 0.983 | Tes Acc: 65.81
INFO >> Epoch: 30  |  Layer:  7  |  Train Loss: 0.141 | Train Acc: 96.89  |  Val Loss: 1.685 | Val Acc: 52.56  |  Test Loss: 0.943 | Tes Acc: 67.09
INFO >> Epoch: 30  |  Layer:  8  |  Train Loss: 0.214 | Train Acc: 93.59  |  Val Loss: 2.055 | Val Acc: 50.64  |  Test Loss: 1.008 | Tes Acc: 66.24
INFO >> Epoch: 30  |  Layer:  9  |  Train Loss: 0.154 | Train Acc: 96.15  |  Val Loss: 2.152 | Val Acc: 50.64  |  Test Loss: 1.056 | Tes Acc: 67.09
INFO >> Epoch: 30  |  Layer: 10  |  Train Loss: 0.334 | Train Acc: 89.93  |  Val Loss: 2.561 | Val Acc: 43.59  |  Test Loss: 1.066 | Tes Acc: 66.67
INFO >> Epoch: 30  |  Layer: 11  |  Train Loss: 0.368 | Train Acc: 87.91  |  Val Loss: 2.287 | Val Acc: 46.79  |  Test Loss: 1.189 | Tes Acc: 63.68
INFO >> Epoch: 30  |  Layer: 12  |  Train Loss: 0.461 | Train Acc: 83.52  |  Val Loss: 2.281 | Val Acc: 41.03  |  Test Loss: 1.217 | Tes Acc: 63.25
INFO >> Epoch: 30  |  Layer: 13  |  Train Loss: 0.479 | Train Acc: 84.98  |  Val Loss: 2.007 | Val Acc: 50.00  |  Test Loss: 1.224 | Tes Acc: 60.68



INFO >> Time Taken: 09:38

INFO >> Layer: 1  |  Best Val Acc: 45.51  |  Best Test Acc: 41.88
INFO >> Layer: 2  |  Best Val Acc: 40.38  |  Best Test Acc: 42.31
INFO >> Layer: 3  |  Best Val Acc: 53.85  |  Best Test Acc: 61.97
INFO >> Layer: 4  |  Best Val Acc: 52.56  |  Best Test Acc: 67.52
INFO >> Layer: 5  |  Best Val Acc: 56.41  |  Best Test Acc: 64.10
INFO >> Layer: 6  |  Best Val Acc: 55.77  |  Best Test Acc: 71.79
INFO >> Layer: 7  |  Best Val Acc: 57.69  |  Best Test Acc: 60.68
INFO >> Layer: 8  |  Best Val Acc: 58.33  |  Best Test Acc: 73.08
INFO >> Layer: 9  |  Best Val Acc: 56.41  |  Best Test Acc: 65.81
INFO >> Layer: 10  |  Best Val Acc: 57.69  |  Best Test Acc: 56.41
INFO >> Layer: 11  |  Best Val Acc: 55.77  |  Best Test Acc: 71.79
INFO >> Layer: 12  |  Best Val Acc: 55.13  |  Best Test Acc: 71.37
INFO >> Layer: 13  |  Best Val Acc: 50.00  |  Best Test Acc: 60.68

DEBUG >> Last state saved

INFO >> History saved (./history/v1.4/CaFE/HUBERT_BASE_PROBING_DENSE/Run3/history.pt)
