
--------------------------------------------------
Multilingual SER System v1.1
--------------------------------------------------
Run Name      : Run1
Model         : HUBERT_LARGE
Extract Mode  : memory
Device        : gpu
Dataset       : EMOVO
Epochs        : 20
Num Workers   : 2
Data Dir      : ./data
History Dir   : ./history
Weights Dir   : ./weights
Log Level     : debug
Purge Cache   : False
Job Name      : Job30
Job Id        : 30593553

Timestamp : 2023-02-27 20:29:31.191590

INFO >> Running on CUDA


INFO >> Training Classifier

DEBUG >> Best state saved | Val Acc 41.83673560619354 | Test Acc 19.897958636283875

INFO >> Epoch: 1 |   Train Loss: 2.801 | Train Acc: 17.35 |   Val Loss: 1.707 | Val Acc: 41.84 |   Test Loss: 1.937 | Tes Acc: 19.90
INFO >> Epoch: 2 |   Train Loss: 1.738 | Train Acc: 36.73 |   Val Loss: 1.568 | Val Acc: 38.78 |   Test Loss: 1.928 | Tes Acc: 26.02
DEBUG >> Best state saved | Val Acc 56.122446060180664 | Test Acc 24.48979616165161

INFO >> Epoch: 3 |   Train Loss: 1.589 | Train Acc: 45.24 |   Val Loss: 1.402 | Val Acc: 56.12 |   Test Loss: 2.033 | Tes Acc: 24.49
INFO >> Epoch: 4 |   Train Loss: 1.421 | Train Acc: 45.58 |   Val Loss: 1.323 | Val Acc: 56.12 |   Test Loss: 2.171 | Tes Acc: 33.16
INFO >> Epoch: 5 |   Train Loss: 1.227 | Train Acc: 56.46 |   Val Loss: 1.170 | Val Acc: 54.08 |   Test Loss: 1.901 | Tes Acc: 34.18
DEBUG >> Best state saved | Val Acc 59.183675050735474 | Test Acc 28.57142984867096

INFO >> Epoch: 6 |   Train Loss: 0.959 | Train Acc: 65.31 |   Val Loss: 1.058 | Val Acc: 59.18 |   Test Loss: 2.137 | Tes Acc: 28.57
INFO >> Epoch: 7 |   Train Loss: 0.828 | Train Acc: 66.33 |   Val Loss: 1.646 | Val Acc: 53.06 |   Test Loss: 2.238 | Tes Acc: 35.71
INFO >> Epoch: 8 |   Train Loss: 0.802 | Train Acc: 70.75 |   Val Loss: 1.559 | Val Acc: 56.12 |   Test Loss: 2.215 | Tes Acc: 38.78
INFO >> Epoch: 9 |   Train Loss: 0.570 | Train Acc: 83.67 |   Val Loss: 1.370 | Val Acc: 59.18 |   Test Loss: 1.992 | Tes Acc: 34.69
DEBUG >> Best state saved | Val Acc 62.244898080825806 | Test Acc 45.91836631298065

INFO >> Epoch: 10 |   Train Loss: 0.495 | Train Acc: 85.03 |   Val Loss: 1.415 | Val Acc: 62.24 |   Test Loss: 2.083 | Tes Acc: 45.92
INFO >> Epoch: 11 |   Train Loss: 0.373 | Train Acc: 88.44 |   Val Loss: 1.412 | Val Acc: 59.18 |   Test Loss: 2.357 | Tes Acc: 42.35
INFO >> Epoch: 12 |   Train Loss: 0.329 | Train Acc: 91.84 |   Val Loss: 1.888 | Val Acc: 51.02 |   Test Loss: 2.800 | Tes Acc: 40.82
INFO >> Epoch: 13 |   Train Loss: 0.368 | Train Acc: 87.07 |   Val Loss: 1.449 | Val Acc: 52.04 |   Test Loss: 2.931 | Tes Acc: 38.27
DEBUG >> Best state saved | Val Acc 63.26530575752258 | Test Acc 40.816327929496765

INFO >> Epoch: 14 |   Train Loss: 0.397 | Train Acc: 83.67 |   Val Loss: 1.249 | Val Acc: 63.27 |   Test Loss: 2.954 | Tes Acc: 40.82
INFO >> Epoch: 15 |   Train Loss: 0.339 | Train Acc: 89.12 |   Val Loss: 2.075 | Val Acc: 58.16 |   Test Loss: 2.783 | Tes Acc: 35.71
DEBUG >> Best state saved | Val Acc 67.34693646430969 | Test Acc 44.897958636283875

INFO >> Epoch: 16 |   Train Loss: 0.258 | Train Acc: 89.46 |   Val Loss: 1.755 | Val Acc: 67.35 |   Test Loss: 2.433 | Tes Acc: 44.90
INFO >> Epoch: 17 |   Train Loss: 0.166 | Train Acc: 94.56 |   Val Loss: 1.290 | Val Acc: 59.18 |   Test Loss: 2.579 | Tes Acc: 44.90
INFO >> Epoch: 18 |   Train Loss: 0.110 | Train Acc: 97.96 |   Val Loss: 1.302 | Val Acc: 60.20 |   Test Loss: 2.890 | Tes Acc: 39.80
INFO >> Epoch: 19 |   Train Loss: 0.074 | Train Acc: 99.66 |   Val Loss: 1.534 | Val Acc: 62.24 |   Test Loss: 3.088 | Tes Acc: 46.94
INFO >> Epoch: 20 |   Train Loss: 0.048 | Train Acc: 99.66 |   Val Loss: 2.243 | Val Acc: 60.20 |   Test Loss: 3.307 | Tes Acc: 42.35


INFO >> Time Taken: 2:30:39

INFO >> Best Val Acc : 67.34693646430969 | Best Test A : 44.897958636283875

INFO >> Agg. Weights : 
-0.005990320350974798 0.18421177566051483 -0.17923834919929504 0.17955058813095093 0.04245463386178017 -0.1260475367307663 -0.098568394780159 -0.1652221530675888 -0.10743840783834457 -0.1854436993598938 0.020731452852487564 0.12690266966819763 -0.15229645371437073 -0.14921316504478455 0.08718002587556839 -0.04884573817253113 -0.11519593000411987 -0.10274656116962433 -0.1687058061361313 -0.18031327426433563 0.09175093472003937 -0.15090134739875793 -0.18345166742801666 -0.16401593387126923

DEBUG >> Last state saved | Val Acc 60.20408272743225 | Test Acc 42.34693944454193

INFO >> History saved (./history/v1.1/EMOVO/HUBERT_LARGE/Run1/history.pt)
