
--------------------------------------------------
Multilingual SER System v1.5
--------------------------------------------------
Run Name      : Run1
Fx Model      : HUBERT_ASR_LARGE
Clf Model     : DENSE
Extract Mode  : gpu_memory
Dataset       : AESDD
Device        : gpu
Epochs        : 30
Num Workers   : 3
Data Dir      : ./data
History Dir   : ./history
Weights Dir   : ./weights
Log Level     : debug
Purge Cache   : False
Job Name      : Job142
Job Id        : 31168463
GPU           : NVIDIA A100-SXM4-80GB
GPU Count     : 1
GPU Memory    : 79.2 GB

Timestamp : 2023-03-20 00:44:40.047171

INFO >> Running on CUDA


INFO >> Training Classifier

INFO >> Epoch: 1  |  Train Loss: 2.919 | Train Acc: 22.82  |  Val Loss: 1.795 | Val Acc: 20.20  |  Test Loss: 1.809 | Tes Acc: 19.81
DEBUG >> Best state saved | Val Acc 20.202019810676575 | Test Acc 19.806763529777527

INFO >> Epoch: 2  |  Train Loss: 1.695 | Train Acc: 19.46  |  Val Loss: 1.571 | Val Acc: 26.26  |  Test Loss: 1.633 | Tes Acc: 19.81
DEBUG >> Best state saved | Val Acc 26.26262605190277 | Test Acc 19.806763529777527

INFO >> Epoch: 3  |  Train Loss: 1.578 | Train Acc: 25.50  |  Val Loss: 1.741 | Val Acc: 20.20  |  Test Loss: 1.607 | Tes Acc: 25.60
INFO >> Epoch: 4  |  Train Loss: 1.580 | Train Acc: 25.84  |  Val Loss: 1.506 | Val Acc: 36.36  |  Test Loss: 1.554 | Tes Acc: 24.64
DEBUG >> Best state saved | Val Acc 36.36363744735718 | Test Acc 24.637681245803833

INFO >> Epoch: 5  |  Train Loss: 1.534 | Train Acc: 34.23  |  Val Loss: 1.611 | Val Acc: 24.24  |  Test Loss: 1.549 | Tes Acc: 28.99
INFO >> Epoch: 6  |  Train Loss: 1.478 | Train Acc: 33.22  |  Val Loss: 1.503 | Val Acc: 31.31  |  Test Loss: 1.499 | Tes Acc: 33.33
INFO >> Epoch: 7  |  Train Loss: 1.479 | Train Acc: 30.20  |  Val Loss: 1.351 | Val Acc: 47.47  |  Test Loss: 1.512 | Tes Acc: 31.40
DEBUG >> Best state saved | Val Acc 47.47474789619446 | Test Acc 31.40096664428711

INFO >> Epoch: 8  |  Train Loss: 1.462 | Train Acc: 33.89  |  Val Loss: 1.591 | Val Acc: 26.26  |  Test Loss: 1.583 | Tes Acc: 26.09
INFO >> Epoch: 9  |  Train Loss: 1.430 | Train Acc: 35.91  |  Val Loss: 1.218 | Val Acc: 48.48  |  Test Loss: 1.397 | Tes Acc: 40.58
DEBUG >> Best state saved | Val Acc 48.48484992980957 | Test Acc 40.57970941066742

INFO >> Epoch: 10  |  Train Loss: 1.314 | Train Acc: 41.61  |  Val Loss: 1.247 | Val Acc: 52.53  |  Test Loss: 1.326 | Tes Acc: 41.55
DEBUG >> Best state saved | Val Acc 52.52525210380554 | Test Acc 41.545894742012024

INFO >> Epoch: 11  |  Train Loss: 1.155 | Train Acc: 53.02  |  Val Loss: 1.131 | Val Acc: 41.41  |  Test Loss: 1.294 | Tes Acc: 49.28
INFO >> Epoch: 12  |  Train Loss: 1.035 | Train Acc: 60.40  |  Val Loss: 0.996 | Val Acc: 66.67  |  Test Loss: 1.225 | Tes Acc: 56.04
DEBUG >> Best state saved | Val Acc 66.66666865348816 | Test Acc 56.03864789009094

INFO >> Epoch: 13  |  Train Loss: 0.882 | Train Acc: 66.78  |  Val Loss: 0.977 | Val Acc: 53.54  |  Test Loss: 1.265 | Tes Acc: 54.59
INFO >> Epoch: 14  |  Train Loss: 0.864 | Train Acc: 66.11  |  Val Loss: 1.237 | Val Acc: 50.51  |  Test Loss: 1.721 | Tes Acc: 43.48
INFO >> Epoch: 15  |  Train Loss: 0.848 | Train Acc: 61.74  |  Val Loss: 0.772 | Val Acc: 62.63  |  Test Loss: 1.387 | Tes Acc: 50.24
INFO >> Epoch: 16  |  Train Loss: 0.700 | Train Acc: 73.83  |  Val Loss: 0.616 | Val Acc: 72.73  |  Test Loss: 1.144 | Tes Acc: 48.79
DEBUG >> Best state saved | Val Acc 72.72727489471436 | Test Acc 48.792269825935364

INFO >> Epoch: 17  |  Train Loss: 0.519 | Train Acc: 85.91  |  Val Loss: 0.519 | Val Acc: 76.77  |  Test Loss: 1.111 | Tes Acc: 69.57
DEBUG >> Best state saved | Val Acc 76.76767706871033 | Test Acc 69.5652186870575

INFO >> Epoch: 18  |  Train Loss: 0.391 | Train Acc: 88.93  |  Val Loss: 0.998 | Val Acc: 70.71  |  Test Loss: 1.093 | Tes Acc: 63.77
INFO >> Epoch: 19  |  Train Loss: 0.315 | Train Acc: 89.60  |  Val Loss: 0.555 | Val Acc: 68.69  |  Test Loss: 1.200 | Tes Acc: 63.77
INFO >> Epoch: 20  |  Train Loss: 0.249 | Train Acc: 92.62  |  Val Loss: 0.552 | Val Acc: 75.76  |  Test Loss: 1.256 | Tes Acc: 61.84
INFO >> Epoch: 21  |  Train Loss: 0.227 | Train Acc: 91.61  |  Val Loss: 1.542 | Val Acc: 51.52  |  Test Loss: 1.288 | Tes Acc: 65.22
INFO >> Epoch: 22  |  Train Loss: 0.171 | Train Acc: 94.97  |  Val Loss: 1.048 | Val Acc: 56.57  |  Test Loss: 1.384 | Tes Acc: 60.87
INFO >> Epoch: 23  |  Train Loss: 0.133 | Train Acc: 96.64  |  Val Loss: 1.588 | Val Acc: 50.51  |  Test Loss: 1.826 | Tes Acc: 57.00
INFO >> Epoch: 24  |  Train Loss: 0.139 | Train Acc: 94.63  |  Val Loss: 1.020 | Val Acc: 55.56  |  Test Loss: 1.950 | Tes Acc: 58.45
INFO >> Epoch: 25  |  Train Loss: 0.133 | Train Acc: 96.98  |  Val Loss: 0.862 | Val Acc: 62.63  |  Test Loss: 1.772 | Tes Acc: 61.84
INFO >> Epoch: 26  |  Train Loss: 0.100 | Train Acc: 97.65  |  Val Loss: 0.485 | Val Acc: 80.81  |  Test Loss: 1.849 | Tes Acc: 63.29
DEBUG >> Best state saved | Val Acc 80.8080792427063 | Test Acc 63.28502297401428

INFO >> Epoch: 27  |  Train Loss: 0.094 | Train Acc: 98.32  |  Val Loss: 0.532 | Val Acc: 74.75  |  Test Loss: 1.809 | Tes Acc: 63.77
INFO >> Epoch: 28  |  Train Loss: 0.104 | Train Acc: 96.98  |  Val Loss: 0.296 | Val Acc: 80.81  |  Test Loss: 1.769 | Tes Acc: 60.87
INFO >> Epoch: 29  |  Train Loss: 0.078 | Train Acc: 97.65  |  Val Loss: 0.426 | Val Acc: 78.79  |  Test Loss: 1.929 | Tes Acc: 62.32
INFO >> Epoch: 30  |  Train Loss: 0.063 | Train Acc: 97.99  |  Val Loss: 0.935 | Val Acc: 68.69  |  Test Loss: 1.806 | Tes Acc: 63.29


INFO >> Time Taken: 07:55

INFO >> Best Val Acc : 80.8080792427063 | Best Test Acc : 63.28502297401428

INFO >> Agg. Weights : 
0.1178666278719902 0.025305870920419693 0.44871437549591064 0.40085890889167786 0.4287257492542267 0.19399888813495636 0.3747016191482544 -0.026761816814541817 0.2072094976902008 -0.0024812708143144846 0.08048737049102783 0.2633430063724518 0.1978406310081482 0.0494217574596405 -0.14885589480400085 -0.1574460119009018 0.16821658611297607 -0.11008003354072571 -0.14261473715305328 0.01983517035841942 -0.12259647250175476 -0.06994865089654922 -0.09702052175998688 -0.07529550045728683

DEBUG >> Last state saved | Val Acc 68.6868667602539 | Test Acc 63.28502297401428

INFO >> History saved (./history/v1.5/AESDD/FX_HUBERT_ASR_LARGE_CLF_DENSE/Run1/history.pt)
