
--------------------------------------------------
Multilingual SER System v1.1
--------------------------------------------------
Run Name      : Run5
Model         : WAV2VEC2_BASE
Extract Mode  : memory
Device        : gpu
Dataset       : EmoDB
Epochs        : 20
Num Workers   : 2
Data Dir      : ./data
History Dir   : ./history
Weights Dir   : ./weights
Log Level     : debug
Purge Cache   : False
Job Name      : Job163
Job Id        : 30593686

Timestamp : 2023-02-28 06:12:54.196646

INFO >> Running on CUDA


INFO >> Training Classifier

DEBUG >> Best state saved | Val Acc 24.29906576871872 | Test Acc 30.95238208770752

INFO >> Epoch: 1 |   Train Loss: 1.899 | Train Acc: 21.51 |   Val Loss: 1.796 | Val Acc: 24.30 |   Test Loss: 1.725 | Tes Acc: 30.95
DEBUG >> Best state saved | Val Acc 43.92523467540741 | Test Acc 47.61904776096344

INFO >> Epoch: 2 |   Train Loss: 1.603 | Train Acc: 41.57 |   Val Loss: 1.415 | Val Acc: 43.93 |   Test Loss: 1.331 | Tes Acc: 47.62
DEBUG >> Best state saved | Val Acc 64.4859790802002 | Test Acc 71.42857313156128

INFO >> Epoch: 3 |   Train Loss: 1.187 | Train Acc: 51.16 |   Val Loss: 1.029 | Val Acc: 64.49 |   Test Loss: 0.962 | Tes Acc: 71.43
DEBUG >> Best state saved | Val Acc 73.83177280426025 | Test Acc 76.1904776096344

INFO >> Epoch: 4 |   Train Loss: 0.839 | Train Acc: 70.35 |   Val Loss: 0.721 | Val Acc: 73.83 |   Test Loss: 0.704 | Tes Acc: 76.19
INFO >> Epoch: 5 |   Train Loss: 0.586 | Train Acc: 79.65 |   Val Loss: 0.638 | Val Acc: 71.96 |   Test Loss: 0.697 | Tes Acc: 75.00
DEBUG >> Best state saved | Val Acc 85.98130941390991 | Test Acc 84.52380895614624

INFO >> Epoch: 6 |   Train Loss: 0.435 | Train Acc: 84.88 |   Val Loss: 0.442 | Val Acc: 85.98 |   Test Loss: 0.497 | Tes Acc: 84.52
INFO >> Epoch: 7 |   Train Loss: 0.317 | Train Acc: 89.53 |   Val Loss: 0.432 | Val Acc: 83.18 |   Test Loss: 0.566 | Tes Acc: 78.57
INFO >> Epoch: 8 |   Train Loss: 0.252 | Train Acc: 90.70 |   Val Loss: 0.389 | Val Acc: 83.18 |   Test Loss: 0.479 | Tes Acc: 82.14
DEBUG >> Best state saved | Val Acc 89.71962332725525 | Test Acc 84.52380895614624

INFO >> Epoch: 9 |   Train Loss: 0.205 | Train Acc: 92.73 |   Val Loss: 0.292 | Val Acc: 89.72 |   Test Loss: 0.435 | Tes Acc: 84.52
INFO >> Epoch: 10 |   Train Loss: 0.125 | Train Acc: 98.26 |   Val Loss: 0.252 | Val Acc: 87.85 |   Test Loss: 0.412 | Tes Acc: 84.52
INFO >> Epoch: 11 |   Train Loss: 0.092 | Train Acc: 100.00 |   Val Loss: 0.251 | Val Acc: 88.79 |   Test Loss: 0.417 | Tes Acc: 83.33
DEBUG >> Best state saved | Val Acc 90.65420627593994 | Test Acc 85.71428656578064

INFO >> Epoch: 12 |   Train Loss: 0.071 | Train Acc: 99.71 |   Val Loss: 0.206 | Val Acc: 90.65 |   Test Loss: 0.325 | Tes Acc: 85.71
INFO >> Epoch: 13 |   Train Loss: 0.053 | Train Acc: 99.13 |   Val Loss: 0.235 | Val Acc: 89.72 |   Test Loss: 0.406 | Tes Acc: 84.52
INFO >> Epoch: 14 |   Train Loss: 0.037 | Train Acc: 100.00 |   Val Loss: 0.206 | Val Acc: 88.79 |   Test Loss: 0.288 | Tes Acc: 86.90
INFO >> Epoch: 15 |   Train Loss: 0.033 | Train Acc: 100.00 |   Val Loss: 0.244 | Val Acc: 87.85 |   Test Loss: 0.420 | Tes Acc: 85.71
INFO >> Epoch: 16 |   Train Loss: 0.027 | Train Acc: 100.00 |   Val Loss: 0.206 | Val Acc: 90.65 |   Test Loss: 0.372 | Tes Acc: 84.52
INFO >> Epoch: 17 |   Train Loss: 0.019 | Train Acc: 100.00 |   Val Loss: 0.236 | Val Acc: 88.79 |   Test Loss: 0.434 | Tes Acc: 84.52
INFO >> Epoch: 18 |   Train Loss: 0.019 | Train Acc: 100.00 |   Val Loss: 0.197 | Val Acc: 89.72 |   Test Loss: 0.348 | Tes Acc: 85.71
INFO >> Epoch: 19 |   Train Loss: 0.016 | Train Acc: 100.00 |   Val Loss: 0.206 | Val Acc: 89.72 |   Test Loss: 0.357 | Tes Acc: 84.52
DEBUG >> Best state saved | Val Acc 91.58878326416016 | Test Acc 83.33333134651184

INFO >> Epoch: 20 |   Train Loss: 0.012 | Train Acc: 100.00 |   Val Loss: 0.216 | Val Acc: 91.59 |   Test Loss: 0.418 | Tes Acc: 83.33


INFO >> Time Taken: 44:07

INFO >> Best Val Acc : 91.58878326416016 | Best Test A : 83.33333134651184

INFO >> Agg. Weights : 
-0.3623281419277191 0.035950951278209686 -0.32677239179611206 -0.35306841135025024 -0.020992640405893326 -0.3404395282268524 -0.14580678939819336 -0.1535048931837082 -0.29767680168151855 -0.1610347479581833 0.031225556507706642 -0.30706775188446045

DEBUG >> Last state saved | Val Acc 91.58878326416016 | Test Acc 83.33333134651184

INFO >> History saved (./history/v1.1/EmoDB/WAV2VEC2_BASE/Run5/history.pt)
