
--------------------------------------------------
Multilingual SER System v1.1
--------------------------------------------------
Run Name      : Run3
Model         : WAV2VEC2_LARGE_XLSR300M
Extract Mode  : memory
Device        : gpu
Dataset       : EmoDB
Epochs        : 20
Num Workers   : 2
Data Dir      : ./data
History Dir   : ./history
Weights Dir   : ./weights
Log Level     : debug
Purge Cache   : False
Job Name      : Job94
Job Id        : 30593617

Timestamp : 2023-02-28 00:48:45.025386

INFO >> Running on CUDA


INFO >> Training Classifier

DEBUG >> Best state saved | Val Acc 24.29906576871872 | Test Acc 30.95238208770752

INFO >> Epoch: 1 |   Train Loss: 2.002 | Train Acc: 16.57 |   Val Loss: 1.834 | Val Acc: 24.30 |   Test Loss: 1.765 | Tes Acc: 30.95
DEBUG >> Best state saved | Val Acc 37.38317787647247 | Test Acc 42.85714328289032

INFO >> Epoch: 2 |   Train Loss: 1.787 | Train Acc: 32.56 |   Val Loss: 1.704 | Val Acc: 37.38 |   Test Loss: 1.680 | Tes Acc: 42.86
DEBUG >> Best state saved | Val Acc 40.186914801597595 | Test Acc 44.04761791229248

INFO >> Epoch: 3 |   Train Loss: 1.569 | Train Acc: 42.15 |   Val Loss: 1.386 | Val Acc: 40.19 |   Test Loss: 1.369 | Tes Acc: 44.05
DEBUG >> Best state saved | Val Acc 53.27102541923523 | Test Acc 67.85714030265808

INFO >> Epoch: 4 |   Train Loss: 1.281 | Train Acc: 45.93 |   Val Loss: 1.054 | Val Acc: 53.27 |   Test Loss: 1.006 | Tes Acc: 67.86
DEBUG >> Best state saved | Val Acc 63.55140209197998 | Test Acc 61.90476417541504

INFO >> Epoch: 5 |   Train Loss: 1.019 | Train Acc: 59.88 |   Val Loss: 0.892 | Val Acc: 63.55 |   Test Loss: 0.900 | Tes Acc: 61.90
DEBUG >> Best state saved | Val Acc 84.112149477005 | Test Acc 78.57142686843872

INFO >> Epoch: 6 |   Train Loss: 0.731 | Train Acc: 77.03 |   Val Loss: 0.552 | Val Acc: 84.11 |   Test Loss: 0.686 | Tes Acc: 78.57
INFO >> Epoch: 7 |   Train Loss: 0.562 | Train Acc: 76.74 |   Val Loss: 0.608 | Val Acc: 64.49 |   Test Loss: 0.771 | Tes Acc: 69.05
INFO >> Epoch: 8 |   Train Loss: 0.507 | Train Acc: 79.94 |   Val Loss: 0.444 | Val Acc: 82.24 |   Test Loss: 0.638 | Tes Acc: 75.00
DEBUG >> Best state saved | Val Acc 85.04672646522522 | Test Acc 82.14285969734192

INFO >> Epoch: 9 |   Train Loss: 0.333 | Train Acc: 89.53 |   Val Loss: 0.373 | Val Acc: 85.05 |   Test Loss: 0.540 | Tes Acc: 82.14
DEBUG >> Best state saved | Val Acc 89.71962332725525 | Test Acc 83.33333134651184

INFO >> Epoch: 10 |   Train Loss: 0.226 | Train Acc: 95.64 |   Val Loss: 0.249 | Val Acc: 89.72 |   Test Loss: 0.417 | Tes Acc: 83.33
INFO >> Epoch: 11 |   Train Loss: 0.202 | Train Acc: 95.06 |   Val Loss: 0.252 | Val Acc: 87.85 |   Test Loss: 0.415 | Tes Acc: 82.14
INFO >> Epoch: 12 |   Train Loss: 0.151 | Train Acc: 96.51 |   Val Loss: 0.287 | Val Acc: 85.98 |   Test Loss: 0.473 | Tes Acc: 83.33
INFO >> Epoch: 13 |   Train Loss: 0.147 | Train Acc: 96.22 |   Val Loss: 0.409 | Val Acc: 81.31 |   Test Loss: 0.484 | Tes Acc: 84.52
INFO >> Epoch: 14 |   Train Loss: 0.171 | Train Acc: 93.90 |   Val Loss: 0.318 | Val Acc: 86.92 |   Test Loss: 0.395 | Tes Acc: 84.52
INFO >> Epoch: 15 |   Train Loss: 0.098 | Train Acc: 96.51 |   Val Loss: 0.209 | Val Acc: 88.79 |   Test Loss: 0.249 | Tes Acc: 89.29
DEBUG >> Best state saved | Val Acc 96.26168012619019 | Test Acc 90.47619104385376

INFO >> Epoch: 16 |   Train Loss: 0.058 | Train Acc: 98.84 |   Val Loss: 0.109 | Val Acc: 96.26 |   Test Loss: 0.300 | Tes Acc: 90.48
INFO >> Epoch: 17 |   Train Loss: 0.049 | Train Acc: 98.84 |   Val Loss: 0.148 | Val Acc: 93.46 |   Test Loss: 0.264 | Tes Acc: 91.67
INFO >> Epoch: 18 |   Train Loss: 0.062 | Train Acc: 97.97 |   Val Loss: 0.127 | Val Acc: 95.33 |   Test Loss: 0.212 | Tes Acc: 94.05
INFO >> Epoch: 19 |   Train Loss: 0.036 | Train Acc: 99.42 |   Val Loss: 0.110 | Val Acc: 94.39 |   Test Loss: 0.187 | Tes Acc: 90.48
DEBUG >> Best state saved | Val Acc 97.19626307487488 | Test Acc 94.04761791229248

INFO >> Epoch: 20 |   Train Loss: 0.023 | Train Acc: 99.71 |   Val Loss: 0.066 | Val Acc: 97.20 |   Test Loss: 0.121 | Tes Acc: 94.05


INFO >> Time Taken: 2:02:53

INFO >> Best Val Acc : 97.19626307487488 | Best Test A : 94.04761791229248

INFO >> Agg. Weights : 
-0.1704641729593277 0.08615367114543915 0.1297903209924698 0.013478109613060951 0.04243554547429085 0.1306188851594925 0.24846813082695007 0.10948380082845688 0.12995043396949768 0.13705947995185852 -0.008339038118720055 -0.025169946253299713 0.29843494296073914 0.14597047865390778 0.22280427813529968 -0.02995087020099163 0.2247357964515686 0.22151100635528564 0.11764546483755112 0.22905758023262024 0.038254838436841965 0.1755756288766861 0.10545827448368073 -0.14768759906291962

DEBUG >> Last state saved | Val Acc 97.19626307487488 | Test Acc 94.04761791229248

INFO >> History saved (./history/v1.1/EmoDB/WAV2VEC2_LARGE_XLSR300M/Run3/history.pt)
