
--------------------------------------------------
Multilingual SER System v1.4
--------------------------------------------------
Run Name      : Run3
Fx Model      : HUBERT_BASE
Clf Model     : PROBING_DENSE
Extract Mode  : gpu_memory
Dataset       : ShEMO
Device        : gpu
Epochs        : 30
Num Workers   : 3
Data Dir      : ./data
History Dir   : ./history
Weights Dir   : ./weights
Log Level     : debug
Purge Cache   : False
Job Name      : Job104
Job Id        : 30912883
GPU           : Quadro RTX 8000
GPU Count     : 1
GPU Memory    : 44.49 GB

Timestamp : 2023-03-11 04:51:29.474364

INFO >> Running on CUDA


INFO >> Training Classifier

INFO >> Epoch: 1  |  Layer:  1  |  Train Loss: 1.429 | Train Acc: 40.87  |  Val Loss: 1.332 | Val Acc: 50.90  |  Test Loss: 1.025 | Tes Acc: 67.74
INFO >> Epoch: 1  |  Layer:  2  |  Train Loss: 1.406 | Train Acc: 44.69  |  Val Loss: 1.213 | Val Acc: 58.96  |  Test Loss: 0.865 | Tes Acc: 73.66
INFO >> Epoch: 1  |  Layer:  3  |  Train Loss: 1.395 | Train Acc: 45.80  |  Val Loss: 1.209 | Val Acc: 55.20  |  Test Loss: 0.886 | Tes Acc: 66.94
INFO >> Epoch: 1  |  Layer:  4  |  Train Loss: 1.380 | Train Acc: 44.98  |  Val Loss: 1.181 | Val Acc: 55.38  |  Test Loss: 0.865 | Tes Acc: 65.86
INFO >> Epoch: 1  |  Layer:  5  |  Train Loss: 1.387 | Train Acc: 44.83  |  Val Loss: 1.166 | Val Acc: 55.91  |  Test Loss: 0.857 | Tes Acc: 67.74
INFO >> Epoch: 1  |  Layer:  6  |  Train Loss: 1.392 | Train Acc: 44.69  |  Val Loss: 1.169 | Val Acc: 57.71  |  Test Loss: 0.849 | Tes Acc: 72.31
INFO >> Epoch: 1  |  Layer:  7  |  Train Loss: 1.373 | Train Acc: 46.57  |  Val Loss: 1.187 | Val Acc: 54.66  |  Test Loss: 0.891 | Tes Acc: 63.98
INFO >> Epoch: 1  |  Layer:  8  |  Train Loss: 1.372 | Train Acc: 47.29  |  Val Loss: 1.187 | Val Acc: 54.66  |  Test Loss: 0.893 | Tes Acc: 66.13
INFO >> Epoch: 1  |  Layer:  9  |  Train Loss: 1.380 | Train Acc: 45.75  |  Val Loss: 1.182 | Val Acc: 55.20  |  Test Loss: 0.895 | Tes Acc: 65.32
INFO >> Epoch: 1  |  Layer: 10  |  Train Loss: 1.366 | Train Acc: 47.58  |  Val Loss: 1.176 | Val Acc: 53.76  |  Test Loss: 0.898 | Tes Acc: 64.25
INFO >> Epoch: 1  |  Layer: 11  |  Train Loss: 1.370 | Train Acc: 46.67  |  Val Loss: 1.150 | Val Acc: 56.81  |  Test Loss: 0.840 | Tes Acc: 70.97
INFO >> Epoch: 1  |  Layer: 12  |  Train Loss: 1.368 | Train Acc: 46.09  |  Val Loss: 1.153 | Val Acc: 56.27  |  Test Loss: 0.849 | Tes Acc: 68.55
INFO >> Epoch: 1  |  Layer: 13  |  Train Loss: 1.380 | Train Acc: 45.07  |  Val Loss: 1.203 | Val Acc: 53.23  |  Test Loss: 0.915 | Tes Acc: 63.44

INFO >> Epoch: 2  |  Layer:  1  |  Train Loss: 1.282 | Train Acc: 52.66  |  Val Loss: 1.212 | Val Acc: 55.02  |  Test Loss: 0.922 | Tes Acc: 70.43
INFO >> Epoch: 2  |  Layer:  2  |  Train Loss: 1.123 | Train Acc: 60.63  |  Val Loss: 1.075 | Val Acc: 64.87  |  Test Loss: 0.736 | Tes Acc: 80.11
INFO >> Epoch: 2  |  Layer:  3  |  Train Loss: 1.101 | Train Acc: 60.92  |  Val Loss: 1.002 | Val Acc: 67.38  |  Test Loss: 0.660 | Tes Acc: 81.18
INFO >> Epoch: 2  |  Layer:  4  |  Train Loss: 1.043 | Train Acc: 61.84  |  Val Loss: 0.933 | Val Acc: 69.35  |  Test Loss: 0.569 | Tes Acc: 83.33
INFO >> Epoch: 2  |  Layer:  5  |  Train Loss: 1.045 | Train Acc: 61.69  |  Val Loss: 0.915 | Val Acc: 71.33  |  Test Loss: 0.594 | Tes Acc: 86.83
INFO >> Epoch: 2  |  Layer:  6  |  Train Loss: 1.038 | Train Acc: 62.37  |  Val Loss: 0.909 | Val Acc: 70.79  |  Test Loss: 0.596 | Tes Acc: 84.95
INFO >> Epoch: 2  |  Layer:  7  |  Train Loss: 1.032 | Train Acc: 62.08  |  Val Loss: 0.891 | Val Acc: 70.79  |  Test Loss: 0.548 | Tes Acc: 82.80
INFO >> Epoch: 2  |  Layer:  8  |  Train Loss: 1.046 | Train Acc: 60.97  |  Val Loss: 0.899 | Val Acc: 70.25  |  Test Loss: 0.563 | Tes Acc: 82.80
INFO >> Epoch: 2  |  Layer:  9  |  Train Loss: 1.051 | Train Acc: 60.97  |  Val Loss: 0.910 | Val Acc: 72.22  |  Test Loss: 0.578 | Tes Acc: 86.02
INFO >> Epoch: 2  |  Layer: 10  |  Train Loss: 1.063 | Train Acc: 60.10  |  Val Loss: 0.947 | Val Acc: 68.82  |  Test Loss: 0.642 | Tes Acc: 82.26
INFO >> Epoch: 2  |  Layer: 11  |  Train Loss: 1.060 | Train Acc: 60.58  |  Val Loss: 0.989 | Val Acc: 64.16  |  Test Loss: 0.687 | Tes Acc: 80.38
INFO >> Epoch: 2  |  Layer: 12  |  Train Loss: 1.057 | Train Acc: 59.95  |  Val Loss: 1.085 | Val Acc: 60.93  |  Test Loss: 0.817 | Tes Acc: 74.19
INFO >> Epoch: 2  |  Layer: 13  |  Train Loss: 1.089 | Train Acc: 59.32  |  Val Loss: 0.969 | Val Acc: 67.20  |  Test Loss: 0.675 | Tes Acc: 81.72

INFO >> Epoch: 3  |  Layer:  1  |  Train Loss: 1.180 | Train Acc: 57.87  |  Val Loss: 1.125 | Val Acc: 60.22  |  Test Loss: 0.865 | Tes Acc: 70.97
INFO >> Epoch: 3  |  Layer:  2  |  Train Loss: 1.001 | Train Acc: 66.43  |  Val Loss: 0.935 | Val Acc: 71.15  |  Test Loss: 0.595 | Tes Acc: 86.29
INFO >> Epoch: 3  |  Layer:  3  |  Train Loss: 0.952 | Train Acc: 67.83  |  Val Loss: 0.881 | Val Acc: 70.43  |  Test Loss: 0.548 | Tes Acc: 84.68
INFO >> Epoch: 3  |  Layer:  4  |  Train Loss: 0.887 | Train Acc: 70.82  |  Val Loss: 0.818 | Val Acc: 69.89  |  Test Loss: 0.485 | Tes Acc: 86.02
INFO >> Epoch: 3  |  Layer:  5  |  Train Loss: 0.876 | Train Acc: 70.58  |  Val Loss: 0.808 | Val Acc: 71.33  |  Test Loss: 0.489 | Tes Acc: 87.63
INFO >> Epoch: 3  |  Layer:  6  |  Train Loss: 0.859 | Train Acc: 70.97  |  Val Loss: 0.783 | Val Acc: 72.04  |  Test Loss: 0.492 | Tes Acc: 87.63
INFO >> Epoch: 3  |  Layer:  7  |  Train Loss: 0.844 | Train Acc: 71.64  |  Val Loss: 0.774 | Val Acc: 72.76  |  Test Loss: 0.465 | Tes Acc: 85.75
INFO >> Epoch: 3  |  Layer:  8  |  Train Loss: 0.841 | Train Acc: 70.92  |  Val Loss: 0.761 | Val Acc: 76.34  |  Test Loss: 0.437 | Tes Acc: 85.48
INFO >> Epoch: 3  |  Layer:  9  |  Train Loss: 0.850 | Train Acc: 70.48  |  Val Loss: 0.801 | Val Acc: 72.40  |  Test Loss: 0.496 | Tes Acc: 85.48
INFO >> Epoch: 3  |  Layer: 10  |  Train Loss: 0.883 | Train Acc: 68.70  |  Val Loss: 0.793 | Val Acc: 72.58  |  Test Loss: 0.493 | Tes Acc: 84.68
INFO >> Epoch: 3  |  Layer: 11  |  Train Loss: 0.897 | Train Acc: 68.21  |  Val Loss: 0.840 | Val Acc: 69.35  |  Test Loss: 0.515 | Tes Acc: 83.87
INFO >> Epoch: 3  |  Layer: 12  |  Train Loss: 0.915 | Train Acc: 67.58  |  Val Loss: 0.815 | Val Acc: 72.04  |  Test Loss: 0.481 | Tes Acc: 85.22
INFO >> Epoch: 3  |  Layer: 13  |  Train Loss: 0.934 | Train Acc: 67.73  |  Val Loss: 0.852 | Val Acc: 71.33  |  Test Loss: 0.522 | Tes Acc: 84.41

INFO >> Epoch: 4  |  Layer:  1  |  Train Loss: 1.107 | Train Acc: 62.17  |  Val Loss: 1.043 | Val Acc: 66.67  |  Test Loss: 0.694 | Tes Acc: 79.30
INFO >> Epoch: 4  |  Layer:  2  |  Train Loss: 0.900 | Train Acc: 70.14  |  Val Loss: 0.901 | Val Acc: 73.12  |  Test Loss: 0.490 | Tes Acc: 86.02
INFO >> Epoch: 4  |  Layer:  3  |  Train Loss: 0.856 | Train Acc: 70.97  |  Val Loss: 0.816 | Val Acc: 74.37  |  Test Loss: 0.465 | Tes Acc: 86.56
INFO >> Epoch: 4  |  Layer:  4  |  Train Loss: 0.789 | Train Acc: 72.32  |  Val Loss: 0.772 | Val Acc: 74.37  |  Test Loss: 0.403 | Tes Acc: 86.83
INFO >> Epoch: 4  |  Layer:  5  |  Train Loss: 0.768 | Train Acc: 72.61  |  Val Loss: 0.752 | Val Acc: 73.48  |  Test Loss: 0.416 | Tes Acc: 86.56
INFO >> Epoch: 4  |  Layer:  6  |  Train Loss: 0.747 | Train Acc: 73.53  |  Val Loss: 0.728 | Val Acc: 74.91  |  Test Loss: 0.410 | Tes Acc: 86.29
INFO >> Epoch: 4  |  Layer:  7  |  Train Loss: 0.741 | Train Acc: 73.72  |  Val Loss: 0.739 | Val Acc: 74.37  |  Test Loss: 0.435 | Tes Acc: 86.56
INFO >> Epoch: 4  |  Layer:  8  |  Train Loss: 0.738 | Train Acc: 73.86  |  Val Loss: 0.732 | Val Acc: 74.55  |  Test Loss: 0.417 | Tes Acc: 86.56
INFO >> Epoch: 4  |  Layer:  9  |  Train Loss: 0.757 | Train Acc: 73.38  |  Val Loss: 0.730 | Val Acc: 73.66  |  Test Loss: 0.421 | Tes Acc: 85.48
INFO >> Epoch: 4  |  Layer: 10  |  Train Loss: 0.795 | Train Acc: 71.74  |  Val Loss: 0.737 | Val Acc: 74.37  |  Test Loss: 0.440 | Tes Acc: 85.48
INFO >> Epoch: 4  |  Layer: 11  |  Train Loss: 0.812 | Train Acc: 71.30  |  Val Loss: 0.747 | Val Acc: 75.63  |  Test Loss: 0.430 | Tes Acc: 84.68
INFO >> Epoch: 4  |  Layer: 12  |  Train Loss: 0.806 | Train Acc: 71.55  |  Val Loss: 0.770 | Val Acc: 74.73  |  Test Loss: 0.432 | Tes Acc: 84.68
INFO >> Epoch: 4  |  Layer: 13  |  Train Loss: 0.860 | Train Acc: 69.71  |  Val Loss: 0.843 | Val Acc: 72.40  |  Test Loss: 0.453 | Tes Acc: 83.33

INFO >> Epoch: 5  |  Layer:  1  |  Train Loss: 1.083 | Train Acc: 63.43  |  Val Loss: 1.013 | Val Acc: 65.95  |  Test Loss: 0.684 | Tes Acc: 78.49
INFO >> Epoch: 5  |  Layer:  2  |  Train Loss: 0.864 | Train Acc: 72.51  |  Val Loss: 0.842 | Val Acc: 74.01  |  Test Loss: 0.484 | Tes Acc: 86.02
INFO >> Epoch: 5  |  Layer:  3  |  Train Loss: 0.803 | Train Acc: 73.24  |  Val Loss: 0.771 | Val Acc: 75.27  |  Test Loss: 0.447 | Tes Acc: 86.56
INFO >> Epoch: 5  |  Layer:  4  |  Train Loss: 0.750 | Train Acc: 74.54  |  Val Loss: 0.730 | Val Acc: 75.81  |  Test Loss: 0.419 | Tes Acc: 87.63
INFO >> Epoch: 5  |  Layer:  5  |  Train Loss: 0.723 | Train Acc: 74.88  |  Val Loss: 0.702 | Val Acc: 76.16  |  Test Loss: 0.406 | Tes Acc: 88.98
INFO >> Epoch: 5  |  Layer:  6  |  Train Loss: 0.698 | Train Acc: 75.70  |  Val Loss: 0.695 | Val Acc: 76.34  |  Test Loss: 0.410 | Tes Acc: 88.17
INFO >> Epoch: 5  |  Layer:  7  |  Train Loss: 0.699 | Train Acc: 76.14  |  Val Loss: 0.681 | Val Acc: 78.14  |  Test Loss: 0.407 | Tes Acc: 87.90
INFO >> Epoch: 5  |  Layer:  8  |  Train Loss: 0.696 | Train Acc: 75.31  |  Val Loss: 0.706 | Val Acc: 77.96  |  Test Loss: 0.400 | Tes Acc: 88.44
INFO >> Epoch: 5  |  Layer:  9  |  Train Loss: 0.696 | Train Acc: 75.46  |  Val Loss: 0.712 | Val Acc: 77.78  |  Test Loss: 0.409 | Tes Acc: 86.56
INFO >> Epoch: 5  |  Layer: 10  |  Train Loss: 0.720 | Train Acc: 74.78  |  Val Loss: 0.701 | Val Acc: 77.06  |  Test Loss: 0.411 | Tes Acc: 87.10
INFO >> Epoch: 5  |  Layer: 11  |  Train Loss: 0.732 | Train Acc: 74.64  |  Val Loss: 0.729 | Val Acc: 75.81  |  Test Loss: 0.417 | Tes Acc: 87.63
INFO >> Epoch: 5  |  Layer: 12  |  Train Loss: 0.734 | Train Acc: 74.54  |  Val Loss: 0.725 | Val Acc: 75.99  |  Test Loss: 0.407 | Tes Acc: 87.90
INFO >> Epoch: 5  |  Layer: 13  |  Train Loss: 0.778 | Train Acc: 73.09  |  Val Loss: 0.766 | Val Acc: 74.73  |  Test Loss: 0.436 | Tes Acc: 87.63

INFO >> Epoch: 6  |  Layer:  1  |  Train Loss: 1.040 | Train Acc: 65.51  |  Val Loss: 0.968 | Val Acc: 67.56  |  Test Loss: 0.671 | Tes Acc: 81.99
INFO >> Epoch: 6  |  Layer:  2  |  Train Loss: 0.825 | Train Acc: 73.77  |  Val Loss: 0.840 | Val Acc: 73.84  |  Test Loss: 0.484 | Tes Acc: 88.71
INFO >> Epoch: 6  |  Layer:  3  |  Train Loss: 0.775 | Train Acc: 74.30  |  Val Loss: 0.783 | Val Acc: 74.91  |  Test Loss: 0.443 | Tes Acc: 86.29
INFO >> Epoch: 6  |  Layer:  4  |  Train Loss: 0.714 | Train Acc: 76.38  |  Val Loss: 0.724 | Val Acc: 74.73  |  Test Loss: 0.395 | Tes Acc: 88.17
INFO >> Epoch: 6  |  Layer:  5  |  Train Loss: 0.692 | Train Acc: 76.67  |  Val Loss: 0.712 | Val Acc: 77.06  |  Test Loss: 0.394 | Tes Acc: 87.90
INFO >> Epoch: 6  |  Layer:  6  |  Train Loss: 0.673 | Train Acc: 76.62  |  Val Loss: 0.717 | Val Acc: 76.34  |  Test Loss: 0.421 | Tes Acc: 87.10
INFO >> Epoch: 6  |  Layer:  7  |  Train Loss: 0.663 | Train Acc: 76.91  |  Val Loss: 0.700 | Val Acc: 77.24  |  Test Loss: 0.373 | Tes Acc: 88.98
INFO >> Epoch: 6  |  Layer:  8  |  Train Loss: 0.677 | Train Acc: 76.28  |  Val Loss: 0.761 | Val Acc: 75.63  |  Test Loss: 0.431 | Tes Acc: 86.02
INFO >> Epoch: 6  |  Layer:  9  |  Train Loss: 0.679 | Train Acc: 76.04  |  Val Loss: 0.744 | Val Acc: 75.27  |  Test Loss: 0.398 | Tes Acc: 87.63
INFO >> Epoch: 6  |  Layer: 10  |  Train Loss: 0.696 | Train Acc: 75.60  |  Val Loss: 0.700 | Val Acc: 77.42  |  Test Loss: 0.394 | Tes Acc: 86.83
INFO >> Epoch: 6  |  Layer: 11  |  Train Loss: 0.729 | Train Acc: 73.72  |  Val Loss: 0.765 | Val Acc: 73.66  |  Test Loss: 0.439 | Tes Acc: 86.02
INFO >> Epoch: 6  |  Layer: 12  |  Train Loss: 0.740 | Train Acc: 73.86  |  Val Loss: 0.808 | Val Acc: 71.51  |  Test Loss: 0.474 | Tes Acc: 84.14
INFO >> Epoch: 6  |  Layer: 13  |  Train Loss: 0.782 | Train Acc: 71.55  |  Val Loss: 0.834 | Val Acc: 70.07  |  Test Loss: 0.494 | Tes Acc: 84.68

INFO >> Epoch: 7  |  Layer:  1  |  Train Loss: 1.022 | Train Acc: 65.70  |  Val Loss: 0.966 | Val Acc: 66.85  |  Test Loss: 0.630 | Tes Acc: 83.06
INFO >> Epoch: 7  |  Layer:  2  |  Train Loss: 0.787 | Train Acc: 74.35  |  Val Loss: 0.789 | Val Acc: 76.16  |  Test Loss: 0.416 | Tes Acc: 89.78
INFO >> Epoch: 7  |  Layer:  3  |  Train Loss: 0.738 | Train Acc: 75.22  |  Val Loss: 0.732 | Val Acc: 77.06  |  Test Loss: 0.377 | Tes Acc: 88.17
INFO >> Epoch: 7  |  Layer:  4  |  Train Loss: 0.678 | Train Acc: 76.96  |  Val Loss: 0.742 | Val Acc: 75.09  |  Test Loss: 0.406 | Tes Acc: 86.83
INFO >> Epoch: 7  |  Layer:  5  |  Train Loss: 0.652 | Train Acc: 77.39  |  Val Loss: 0.687 | Val Acc: 78.49  |  Test Loss: 0.365 | Tes Acc: 89.25
INFO >> Epoch: 7  |  Layer:  6  |  Train Loss: 0.640 | Train Acc: 78.02  |  Val Loss: 0.682 | Val Acc: 78.32  |  Test Loss: 0.356 | Tes Acc: 88.71
INFO >> Epoch: 7  |  Layer:  7  |  Train Loss: 0.640 | Train Acc: 77.97  |  Val Loss: 0.721 | Val Acc: 76.88  |  Test Loss: 0.413 | Tes Acc: 87.37
INFO >> Epoch: 7  |  Layer:  8  |  Train Loss: 0.645 | Train Acc: 78.12  |  Val Loss: 0.688 | Val Acc: 77.78  |  Test Loss: 0.386 | Tes Acc: 89.52
INFO >> Epoch: 7  |  Layer:  9  |  Train Loss: 0.641 | Train Acc: 77.92  |  Val Loss: 0.691 | Val Acc: 77.24  |  Test Loss: 0.366 | Tes Acc: 89.52
INFO >> Epoch: 7  |  Layer: 10  |  Train Loss: 0.658 | Train Acc: 76.47  |  Val Loss: 0.713 | Val Acc: 76.34  |  Test Loss: 0.406 | Tes Acc: 88.44
INFO >> Epoch: 7  |  Layer: 11  |  Train Loss: 0.677 | Train Acc: 77.10  |  Val Loss: 0.713 | Val Acc: 78.67  |  Test Loss: 0.393 | Tes Acc: 88.44
INFO >> Epoch: 7  |  Layer: 12  |  Train Loss: 0.692 | Train Acc: 75.89  |  Val Loss: 0.713 | Val Acc: 76.88  |  Test Loss: 0.372 | Tes Acc: 88.17
INFO >> Epoch: 7  |  Layer: 13  |  Train Loss: 0.739 | Train Acc: 74.98  |  Val Loss: 0.728 | Val Acc: 75.09  |  Test Loss: 0.399 | Tes Acc: 87.90

INFO >> Epoch: 8  |  Layer:  1  |  Train Loss: 0.985 | Train Acc: 67.20  |  Val Loss: 0.968 | Val Acc: 67.74  |  Test Loss: 0.615 | Tes Acc: 81.99
INFO >> Epoch: 8  |  Layer:  2  |  Train Loss: 0.766 | Train Acc: 74.59  |  Val Loss: 0.803 | Val Acc: 74.73  |  Test Loss: 0.426 | Tes Acc: 87.90
INFO >> Epoch: 8  |  Layer:  3  |  Train Loss: 0.721 | Train Acc: 75.51  |  Val Loss: 0.744 | Val Acc: 76.52  |  Test Loss: 0.390 | Tes Acc: 87.10
INFO >> Epoch: 8  |  Layer:  4  |  Train Loss: 0.644 | Train Acc: 77.54  |  Val Loss: 0.705 | Val Acc: 78.67  |  Test Loss: 0.366 | Tes Acc: 89.52
INFO >> Epoch: 8  |  Layer:  5  |  Train Loss: 0.615 | Train Acc: 78.21  |  Val Loss: 0.695 | Val Acc: 78.32  |  Test Loss: 0.365 | Tes Acc: 87.90
INFO >> Epoch: 8  |  Layer:  6  |  Train Loss: 0.603 | Train Acc: 78.45  |  Val Loss: 0.654 | Val Acc: 79.21  |  Test Loss: 0.367 | Tes Acc: 88.44
INFO >> Epoch: 8  |  Layer:  7  |  Train Loss: 0.590 | Train Acc: 78.65  |  Val Loss: 0.659 | Val Acc: 80.47  |  Test Loss: 0.362 | Tes Acc: 88.71
INFO >> Epoch: 8  |  Layer:  8  |  Train Loss: 0.590 | Train Acc: 79.47  |  Val Loss: 0.662 | Val Acc: 79.75  |  Test Loss: 0.353 | Tes Acc: 89.52
INFO >> Epoch: 8  |  Layer:  9  |  Train Loss: 0.594 | Train Acc: 79.47  |  Val Loss: 0.677 | Val Acc: 79.57  |  Test Loss: 0.356 | Tes Acc: 89.25
INFO >> Epoch: 8  |  Layer: 10  |  Train Loss: 0.621 | Train Acc: 78.12  |  Val Loss: 0.687 | Val Acc: 78.85  |  Test Loss: 0.369 | Tes Acc: 87.90
INFO >> Epoch: 8  |  Layer: 11  |  Train Loss: 0.630 | Train Acc: 78.07  |  Val Loss: 0.729 | Val Acc: 77.78  |  Test Loss: 0.390 | Tes Acc: 86.02
INFO >> Epoch: 8  |  Layer: 12  |  Train Loss: 0.656 | Train Acc: 76.96  |  Val Loss: 0.710 | Val Acc: 77.60  |  Test Loss: 0.376 | Tes Acc: 87.37
INFO >> Epoch: 8  |  Layer: 13  |  Train Loss: 0.698 | Train Acc: 75.70  |  Val Loss: 0.736 | Val Acc: 76.70  |  Test Loss: 0.394 | Tes Acc: 87.63

INFO >> Epoch: 9  |  Layer:  1  |  Train Loss: 0.958 | Train Acc: 67.39  |  Val Loss: 0.926 | Val Acc: 70.61  |  Test Loss: 0.585 | Tes Acc: 81.45
INFO >> Epoch: 9  |  Layer:  2  |  Train Loss: 0.733 | Train Acc: 75.31  |  Val Loss: 0.773 | Val Acc: 75.99  |  Test Loss: 0.416 | Tes Acc: 87.37
INFO >> Epoch: 9  |  Layer:  3  |  Train Loss: 0.684 | Train Acc: 76.86  |  Val Loss: 0.714 | Val Acc: 75.45  |  Test Loss: 0.393 | Tes Acc: 87.37
INFO >> Epoch: 9  |  Layer:  4  |  Train Loss: 0.616 | Train Acc: 78.84  |  Val Loss: 0.700 | Val Acc: 76.34  |  Test Loss: 0.367 | Tes Acc: 87.37
INFO >> Epoch: 9  |  Layer:  5  |  Train Loss: 0.584 | Train Acc: 79.71  |  Val Loss: 0.680 | Val Acc: 76.70  |  Test Loss: 0.378 | Tes Acc: 87.63
INFO >> Epoch: 9  |  Layer:  6  |  Train Loss: 0.555 | Train Acc: 80.58  |  Val Loss: 0.650 | Val Acc: 77.60  |  Test Loss: 0.380 | Tes Acc: 87.63
INFO >> Epoch: 9  |  Layer:  7  |  Train Loss: 0.557 | Train Acc: 80.77  |  Val Loss: 0.665 | Val Acc: 79.21  |  Test Loss: 0.377 | Tes Acc: 86.56
INFO >> Epoch: 9  |  Layer:  8  |  Train Loss: 0.561 | Train Acc: 80.24  |  Val Loss: 0.672 | Val Acc: 78.67  |  Test Loss: 0.379 | Tes Acc: 88.44
INFO >> Epoch: 9  |  Layer:  9  |  Train Loss: 0.555 | Train Acc: 80.97  |  Val Loss: 0.677 | Val Acc: 78.85  |  Test Loss: 0.366 | Tes Acc: 88.44
INFO >> Epoch: 9  |  Layer: 10  |  Train Loss: 0.576 | Train Acc: 79.90  |  Val Loss: 0.660 | Val Acc: 78.67  |  Test Loss: 0.371 | Tes Acc: 88.44
INFO >> Epoch: 9  |  Layer: 11  |  Train Loss: 0.596 | Train Acc: 79.28  |  Val Loss: 0.695 | Val Acc: 78.32  |  Test Loss: 0.378 | Tes Acc: 86.56
INFO >> Epoch: 9  |  Layer: 12  |  Train Loss: 0.624 | Train Acc: 78.50  |  Val Loss: 0.712 | Val Acc: 75.63  |  Test Loss: 0.395 | Tes Acc: 86.56
INFO >> Epoch: 9  |  Layer: 13  |  Train Loss: 0.660 | Train Acc: 77.83  |  Val Loss: 0.725 | Val Acc: 74.73  |  Test Loss: 0.411 | Tes Acc: 86.56

INFO >> Epoch: 10  |  Layer:  1  |  Train Loss: 0.920 | Train Acc: 68.79  |  Val Loss: 0.917 | Val Acc: 70.79  |  Test Loss: 0.535 | Tes Acc: 82.26
INFO >> Epoch: 10  |  Layer:  2  |  Train Loss: 0.699 | Train Acc: 75.56  |  Val Loss: 0.804 | Val Acc: 75.81  |  Test Loss: 0.391 | Tes Acc: 87.10
INFO >> Epoch: 10  |  Layer:  3  |  Train Loss: 0.650 | Train Acc: 77.54  |  Val Loss: 0.721 | Val Acc: 77.24  |  Test Loss: 0.380 | Tes Acc: 87.63
INFO >> Epoch: 10  |  Layer:  4  |  Train Loss: 0.607 | Train Acc: 78.16  |  Val Loss: 0.686 | Val Acc: 77.24  |  Test Loss: 0.340 | Tes Acc: 88.44
INFO >> Epoch: 10  |  Layer:  5  |  Train Loss: 0.567 | Train Acc: 80.19  |  Val Loss: 0.641 | Val Acc: 79.75  |  Test Loss: 0.351 | Tes Acc: 89.25
INFO >> Epoch: 10  |  Layer:  6  |  Train Loss: 0.545 | Train Acc: 81.01  |  Val Loss: 0.643 | Val Acc: 79.03  |  Test Loss: 0.347 | Tes Acc: 88.98
INFO >> Epoch: 10  |  Layer:  7  |  Train Loss: 0.556 | Train Acc: 80.72  |  Val Loss: 0.641 | Val Acc: 80.65  |  Test Loss: 0.345 | Tes Acc: 90.59
INFO >> Epoch: 10  |  Layer:  8  |  Train Loss: 0.540 | Train Acc: 81.26  |  Val Loss: 0.636 | Val Acc: 81.18  |  Test Loss: 0.346 | Tes Acc: 89.25
INFO >> Epoch: 10  |  Layer:  9  |  Train Loss: 0.534 | Train Acc: 82.22  |  Val Loss: 0.671 | Val Acc: 79.03  |  Test Loss: 0.362 | Tes Acc: 89.25
INFO >> Epoch: 10  |  Layer: 10  |  Train Loss: 0.550 | Train Acc: 80.92  |  Val Loss: 0.661 | Val Acc: 77.42  |  Test Loss: 0.361 | Tes Acc: 88.98
INFO >> Epoch: 10  |  Layer: 11  |  Train Loss: 0.575 | Train Acc: 80.53  |  Val Loss: 0.683 | Val Acc: 78.49  |  Test Loss: 0.374 | Tes Acc: 86.83
INFO >> Epoch: 10  |  Layer: 12  |  Train Loss: 0.597 | Train Acc: 79.32  |  Val Loss: 0.677 | Val Acc: 77.60  |  Test Loss: 0.364 | Tes Acc: 87.10
INFO >> Epoch: 10  |  Layer: 13  |  Train Loss: 0.647 | Train Acc: 77.39  |  Val Loss: 0.701 | Val Acc: 77.24  |  Test Loss: 0.375 | Tes Acc: 88.71

INFO >> Epoch: 11  |  Layer:  1  |  Train Loss: 0.909 | Train Acc: 69.81  |  Val Loss: 1.002 | Val Acc: 65.23  |  Test Loss: 0.697 | Tes Acc: 75.00
INFO >> Epoch: 11  |  Layer:  2  |  Train Loss: 0.689 | Train Acc: 76.81  |  Val Loss: 0.739 | Val Acc: 76.52  |  Test Loss: 0.380 | Tes Acc: 87.63
INFO >> Epoch: 11  |  Layer:  3  |  Train Loss: 0.633 | Train Acc: 77.73  |  Val Loss: 0.685 | Val Acc: 77.42  |  Test Loss: 0.358 | Tes Acc: 89.52
INFO >> Epoch: 11  |  Layer:  4  |  Train Loss: 0.564 | Train Acc: 81.11  |  Val Loss: 0.651 | Val Acc: 79.03  |  Test Loss: 0.326 | Tes Acc: 90.32
INFO >> Epoch: 11  |  Layer:  5  |  Train Loss: 0.526 | Train Acc: 83.33  |  Val Loss: 0.621 | Val Acc: 80.47  |  Test Loss: 0.328 | Tes Acc: 90.05
INFO >> Epoch: 11  |  Layer:  6  |  Train Loss: 0.498 | Train Acc: 83.29  |  Val Loss: 0.615 | Val Acc: 80.82  |  Test Loss: 0.341 | Tes Acc: 90.86
INFO >> Epoch: 11  |  Layer:  7  |  Train Loss: 0.495 | Train Acc: 83.48  |  Val Loss: 0.622 | Val Acc: 81.00  |  Test Loss: 0.344 | Tes Acc: 90.86
INFO >> Epoch: 11  |  Layer:  8  |  Train Loss: 0.484 | Train Acc: 83.38  |  Val Loss: 0.649 | Val Acc: 81.00  |  Test Loss: 0.341 | Tes Acc: 90.86
INFO >> Epoch: 11  |  Layer:  9  |  Train Loss: 0.485 | Train Acc: 83.38  |  Val Loss: 0.684 | Val Acc: 79.03  |  Test Loss: 0.326 | Tes Acc: 89.52
INFO >> Epoch: 11  |  Layer: 10  |  Train Loss: 0.503 | Train Acc: 82.22  |  Val Loss: 0.671 | Val Acc: 77.60  |  Test Loss: 0.343 | Tes Acc: 89.52
INFO >> Epoch: 11  |  Layer: 11  |  Train Loss: 0.527 | Train Acc: 81.59  |  Val Loss: 0.678 | Val Acc: 76.16  |  Test Loss: 0.341 | Tes Acc: 89.52
INFO >> Epoch: 11  |  Layer: 12  |  Train Loss: 0.559 | Train Acc: 80.97  |  Val Loss: 0.671 | Val Acc: 78.14  |  Test Loss: 0.343 | Tes Acc: 90.32
INFO >> Epoch: 11  |  Layer: 13  |  Train Loss: 0.607 | Train Acc: 79.57  |  Val Loss: 0.703 | Val Acc: 76.70  |  Test Loss: 0.365 | Tes Acc: 87.90

INFO >> Epoch: 12  |  Layer:  1  |  Train Loss: 0.896 | Train Acc: 69.42  |  Val Loss: 0.896 | Val Acc: 68.10  |  Test Loss: 0.546 | Tes Acc: 83.60
INFO >> Epoch: 12  |  Layer:  2  |  Train Loss: 0.657 | Train Acc: 77.63  |  Val Loss: 0.744 | Val Acc: 76.34  |  Test Loss: 0.386 | Tes Acc: 87.90
INFO >> Epoch: 12  |  Layer:  3  |  Train Loss: 0.613 | Train Acc: 79.71  |  Val Loss: 0.693 | Val Acc: 77.60  |  Test Loss: 0.359 | Tes Acc: 87.90
INFO >> Epoch: 12  |  Layer:  4  |  Train Loss: 0.541 | Train Acc: 81.40  |  Val Loss: 0.667 | Val Acc: 79.03  |  Test Loss: 0.347 | Tes Acc: 88.98
INFO >> Epoch: 12  |  Layer:  5  |  Train Loss: 0.505 | Train Acc: 82.75  |  Val Loss: 0.635 | Val Acc: 79.75  |  Test Loss: 0.338 | Tes Acc: 90.05
INFO >> Epoch: 12  |  Layer:  6  |  Train Loss: 0.484 | Train Acc: 83.96  |  Val Loss: 0.619 | Val Acc: 79.93  |  Test Loss: 0.342 | Tes Acc: 90.05
INFO >> Epoch: 12  |  Layer:  7  |  Train Loss: 0.462 | Train Acc: 84.15  |  Val Loss: 0.596 | Val Acc: 80.82  |  Test Loss: 0.313 | Tes Acc: 90.59
INFO >> Epoch: 12  |  Layer:  8  |  Train Loss: 0.456 | Train Acc: 84.73  |  Val Loss: 0.650 | Val Acc: 80.11  |  Test Loss: 0.341 | Tes Acc: 88.71
INFO >> Epoch: 12  |  Layer:  9  |  Train Loss: 0.466 | Train Acc: 84.54  |  Val Loss: 0.685 | Val Acc: 78.14  |  Test Loss: 0.365 | Tes Acc: 87.37
INFO >> Epoch: 12  |  Layer: 10  |  Train Loss: 0.482 | Train Acc: 83.43  |  Val Loss: 0.739 | Val Acc: 74.55  |  Test Loss: 0.411 | Tes Acc: 85.75
INFO >> Epoch: 12  |  Layer: 11  |  Train Loss: 0.511 | Train Acc: 82.46  |  Val Loss: 0.758 | Val Acc: 74.73  |  Test Loss: 0.421 | Tes Acc: 86.02
INFO >> Epoch: 12  |  Layer: 12  |  Train Loss: 0.550 | Train Acc: 81.26  |  Val Loss: 0.701 | Val Acc: 76.34  |  Test Loss: 0.380 | Tes Acc: 86.83
INFO >> Epoch: 12  |  Layer: 13  |  Train Loss: 0.604 | Train Acc: 79.76  |  Val Loss: 0.698 | Val Acc: 73.84  |  Test Loss: 0.413 | Tes Acc: 85.75

INFO >> Epoch: 13  |  Layer:  1  |  Train Loss: 0.852 | Train Acc: 71.30  |  Val Loss: 0.967 | Val Acc: 67.38  |  Test Loss: 0.578 | Tes Acc: 80.65
INFO >> Epoch: 13  |  Layer:  2  |  Train Loss: 0.635 | Train Acc: 78.79  |  Val Loss: 0.702 | Val Acc: 78.85  |  Test Loss: 0.379 | Tes Acc: 87.90
INFO >> Epoch: 13  |  Layer:  3  |  Train Loss: 0.592 | Train Acc: 79.95  |  Val Loss: 0.669 | Val Acc: 77.42  |  Test Loss: 0.360 | Tes Acc: 87.63
INFO >> Epoch: 13  |  Layer:  4  |  Train Loss: 0.510 | Train Acc: 82.90  |  Val Loss: 0.640 | Val Acc: 79.57  |  Test Loss: 0.317 | Tes Acc: 89.78
INFO >> Epoch: 13  |  Layer:  5  |  Train Loss: 0.468 | Train Acc: 84.78  |  Val Loss: 0.618 | Val Acc: 79.93  |  Test Loss: 0.340 | Tes Acc: 90.32
INFO >> Epoch: 13  |  Layer:  6  |  Train Loss: 0.454 | Train Acc: 85.41  |  Val Loss: 0.617 | Val Acc: 80.47  |  Test Loss: 0.339 | Tes Acc: 90.86
INFO >> Epoch: 13  |  Layer:  7  |  Train Loss: 0.443 | Train Acc: 85.27  |  Val Loss: 0.619 | Val Acc: 80.47  |  Test Loss: 0.330 | Tes Acc: 91.13
INFO >> Epoch: 13  |  Layer:  8  |  Train Loss: 0.438 | Train Acc: 85.85  |  Val Loss: 0.682 | Val Acc: 80.11  |  Test Loss: 0.377 | Tes Acc: 89.25
INFO >> Epoch: 13  |  Layer:  9  |  Train Loss: 0.444 | Train Acc: 85.22  |  Val Loss: 0.672 | Val Acc: 77.96  |  Test Loss: 0.348 | Tes Acc: 88.98
INFO >> Epoch: 13  |  Layer: 10  |  Train Loss: 0.470 | Train Acc: 84.40  |  Val Loss: 0.679 | Val Acc: 76.52  |  Test Loss: 0.367 | Tes Acc: 88.98
INFO >> Epoch: 13  |  Layer: 11  |  Train Loss: 0.490 | Train Acc: 83.00  |  Val Loss: 0.670 | Val Acc: 76.70  |  Test Loss: 0.374 | Tes Acc: 87.63
INFO >> Epoch: 13  |  Layer: 12  |  Train Loss: 0.533 | Train Acc: 81.45  |  Val Loss: 0.642 | Val Acc: 77.78  |  Test Loss: 0.357 | Tes Acc: 88.44
INFO >> Epoch: 13  |  Layer: 13  |  Train Loss: 0.581 | Train Acc: 80.92  |  Val Loss: 0.699 | Val Acc: 78.14  |  Test Loss: 0.393 | Tes Acc: 86.02

INFO >> Epoch: 14  |  Layer:  1  |  Train Loss: 0.858 | Train Acc: 70.97  |  Val Loss: 1.078 | Val Acc: 60.93  |  Test Loss: 0.817 | Tes Acc: 71.51
INFO >> Epoch: 14  |  Layer:  2  |  Train Loss: 0.605 | Train Acc: 79.52  |  Val Loss: 0.834 | Val Acc: 69.18  |  Test Loss: 0.538 | Tes Acc: 80.38
INFO >> Epoch: 14  |  Layer:  3  |  Train Loss: 0.568 | Train Acc: 81.06  |  Val Loss: 0.826 | Val Acc: 70.79  |  Test Loss: 0.507 | Tes Acc: 81.18
INFO >> Epoch: 14  |  Layer:  4  |  Train Loss: 0.503 | Train Acc: 83.04  |  Val Loss: 0.761 | Val Acc: 72.94  |  Test Loss: 0.471 | Tes Acc: 81.72
INFO >> Epoch: 14  |  Layer:  5  |  Train Loss: 0.446 | Train Acc: 85.65  |  Val Loss: 0.810 | Val Acc: 72.04  |  Test Loss: 0.514 | Tes Acc: 79.84
INFO >> Epoch: 14  |  Layer:  6  |  Train Loss: 0.427 | Train Acc: 85.75  |  Val Loss: 0.766 | Val Acc: 71.15  |  Test Loss: 0.467 | Tes Acc: 83.33
INFO >> Epoch: 14  |  Layer:  7  |  Train Loss: 0.424 | Train Acc: 85.56  |  Val Loss: 0.808 | Val Acc: 72.94  |  Test Loss: 0.507 | Tes Acc: 81.99
INFO >> Epoch: 14  |  Layer:  8  |  Train Loss: 0.413 | Train Acc: 86.09  |  Val Loss: 0.731 | Val Acc: 75.81  |  Test Loss: 0.428 | Tes Acc: 84.68
INFO >> Epoch: 14  |  Layer:  9  |  Train Loss: 0.415 | Train Acc: 85.89  |  Val Loss: 0.820 | Val Acc: 71.86  |  Test Loss: 0.467 | Tes Acc: 84.68
INFO >> Epoch: 14  |  Layer: 10  |  Train Loss: 0.436 | Train Acc: 84.88  |  Val Loss: 0.810 | Val Acc: 70.61  |  Test Loss: 0.450 | Tes Acc: 83.87
INFO >> Epoch: 14  |  Layer: 11  |  Train Loss: 0.450 | Train Acc: 84.25  |  Val Loss: 0.866 | Val Acc: 67.20  |  Test Loss: 0.513 | Tes Acc: 80.38
INFO >> Epoch: 14  |  Layer: 12  |  Train Loss: 0.484 | Train Acc: 83.57  |  Val Loss: 0.800 | Val Acc: 71.86  |  Test Loss: 0.470 | Tes Acc: 82.26
INFO >> Epoch: 14  |  Layer: 13  |  Train Loss: 0.549 | Train Acc: 81.30  |  Val Loss: 0.897 | Val Acc: 65.05  |  Test Loss: 0.593 | Tes Acc: 78.76

INFO >> Epoch: 15  |  Layer:  1  |  Train Loss: 0.837 | Train Acc: 71.45  |  Val Loss: 0.809 | Val Acc: 73.30  |  Test Loss: 0.482 | Tes Acc: 85.22
INFO >> Epoch: 15  |  Layer:  2  |  Train Loss: 0.593 | Train Acc: 79.81  |  Val Loss: 0.756 | Val Acc: 75.45  |  Test Loss: 0.437 | Tes Acc: 86.56
INFO >> Epoch: 15  |  Layer:  3  |  Train Loss: 0.557 | Train Acc: 81.30  |  Val Loss: 0.716 | Val Acc: 77.96  |  Test Loss: 0.387 | Tes Acc: 86.56
INFO >> Epoch: 15  |  Layer:  4  |  Train Loss: 0.489 | Train Acc: 82.90  |  Val Loss: 0.684 | Val Acc: 77.60  |  Test Loss: 0.360 | Tes Acc: 89.25
INFO >> Epoch: 15  |  Layer:  5  |  Train Loss: 0.453 | Train Acc: 84.69  |  Val Loss: 0.619 | Val Acc: 79.75  |  Test Loss: 0.334 | Tes Acc: 91.13
INFO >> Epoch: 15  |  Layer:  6  |  Train Loss: 0.429 | Train Acc: 85.75  |  Val Loss: 0.599 | Val Acc: 80.11  |  Test Loss: 0.338 | Tes Acc: 90.05
INFO >> Epoch: 15  |  Layer:  7  |  Train Loss: 0.414 | Train Acc: 86.23  |  Val Loss: 0.608 | Val Acc: 79.93  |  Test Loss: 0.333 | Tes Acc: 90.59
INFO >> Epoch: 15  |  Layer:  8  |  Train Loss: 0.392 | Train Acc: 87.20  |  Val Loss: 0.635 | Val Acc: 80.82  |  Test Loss: 0.316 | Tes Acc: 90.86
INFO >> Epoch: 15  |  Layer:  9  |  Train Loss: 0.398 | Train Acc: 86.38  |  Val Loss: 0.660 | Val Acc: 79.75  |  Test Loss: 0.315 | Tes Acc: 89.78
INFO >> Epoch: 15  |  Layer: 10  |  Train Loss: 0.420 | Train Acc: 85.75  |  Val Loss: 0.688 | Val Acc: 77.60  |  Test Loss: 0.355 | Tes Acc: 90.05
INFO >> Epoch: 15  |  Layer: 11  |  Train Loss: 0.444 | Train Acc: 84.83  |  Val Loss: 0.688 | Val Acc: 78.32  |  Test Loss: 0.373 | Tes Acc: 88.17
INFO >> Epoch: 15  |  Layer: 12  |  Train Loss: 0.479 | Train Acc: 83.62  |  Val Loss: 0.648 | Val Acc: 78.14  |  Test Loss: 0.335 | Tes Acc: 89.78
INFO >> Epoch: 15  |  Layer: 13  |  Train Loss: 0.538 | Train Acc: 81.40  |  Val Loss: 0.653 | Val Acc: 78.14  |  Test Loss: 0.352 | Tes Acc: 88.44

INFO >> Epoch: 16  |  Layer:  1  |  Train Loss: 0.833 | Train Acc: 71.55  |  Val Loss: 0.783 | Val Acc: 72.58  |  Test Loss: 0.477 | Tes Acc: 86.56
INFO >> Epoch: 16  |  Layer:  2  |  Train Loss: 0.581 | Train Acc: 80.63  |  Val Loss: 0.678 | Val Acc: 78.67  |  Test Loss: 0.353 | Tes Acc: 90.59
INFO >> Epoch: 16  |  Layer:  3  |  Train Loss: 0.548 | Train Acc: 81.45  |  Val Loss: 0.686 | Val Acc: 77.96  |  Test Loss: 0.344 | Tes Acc: 90.59
INFO >> Epoch: 16  |  Layer:  4  |  Train Loss: 0.463 | Train Acc: 84.25  |  Val Loss: 0.642 | Val Acc: 79.57  |  Test Loss: 0.309 | Tes Acc: 90.86
INFO >> Epoch: 16  |  Layer:  5  |  Train Loss: 0.421 | Train Acc: 86.14  |  Val Loss: 0.618 | Val Acc: 79.75  |  Test Loss: 0.327 | Tes Acc: 90.32
INFO >> Epoch: 16  |  Layer:  6  |  Train Loss: 0.398 | Train Acc: 87.15  |  Val Loss: 0.613 | Val Acc: 79.75  |  Test Loss: 0.321 | Tes Acc: 91.13
INFO >> Epoch: 16  |  Layer:  7  |  Train Loss: 0.387 | Train Acc: 87.29  |  Val Loss: 0.644 | Val Acc: 79.21  |  Test Loss: 0.328 | Tes Acc: 90.05
INFO >> Epoch: 16  |  Layer:  8  |  Train Loss: 0.386 | Train Acc: 86.86  |  Val Loss: 0.633 | Val Acc: 80.11  |  Test Loss: 0.308 | Tes Acc: 90.86
INFO >> Epoch: 16  |  Layer:  9  |  Train Loss: 0.383 | Train Acc: 86.71  |  Val Loss: 0.677 | Val Acc: 77.78  |  Test Loss: 0.328 | Tes Acc: 88.98
INFO >> Epoch: 16  |  Layer: 10  |  Train Loss: 0.410 | Train Acc: 86.43  |  Val Loss: 0.690 | Val Acc: 76.88  |  Test Loss: 0.339 | Tes Acc: 88.98
INFO >> Epoch: 16  |  Layer: 11  |  Train Loss: 0.441 | Train Acc: 85.51  |  Val Loss: 0.658 | Val Acc: 77.78  |  Test Loss: 0.323 | Tes Acc: 88.44
INFO >> Epoch: 16  |  Layer: 12  |  Train Loss: 0.468 | Train Acc: 84.25  |  Val Loss: 0.643 | Val Acc: 78.14  |  Test Loss: 0.325 | Tes Acc: 90.05
INFO >> Epoch: 16  |  Layer: 13  |  Train Loss: 0.535 | Train Acc: 82.32  |  Val Loss: 0.648 | Val Acc: 77.06  |  Test Loss: 0.370 | Tes Acc: 87.90

INFO >> Epoch: 17  |  Layer:  1  |  Train Loss: 0.793 | Train Acc: 74.15  |  Val Loss: 0.799 | Val Acc: 73.84  |  Test Loss: 0.539 | Tes Acc: 86.29
INFO >> Epoch: 17  |  Layer:  2  |  Train Loss: 0.552 | Train Acc: 81.64  |  Val Loss: 0.671 | Val Acc: 79.39  |  Test Loss: 0.377 | Tes Acc: 90.59
INFO >> Epoch: 17  |  Layer:  3  |  Train Loss: 0.514 | Train Acc: 83.04  |  Val Loss: 0.655 | Val Acc: 79.93  |  Test Loss: 0.349 | Tes Acc: 89.78
INFO >> Epoch: 17  |  Layer:  4  |  Train Loss: 0.448 | Train Acc: 85.12  |  Val Loss: 0.603 | Val Acc: 81.54  |  Test Loss: 0.329 | Tes Acc: 89.52
INFO >> Epoch: 17  |  Layer:  5  |  Train Loss: 0.402 | Train Acc: 86.86  |  Val Loss: 0.593 | Val Acc: 81.36  |  Test Loss: 0.338 | Tes Acc: 90.32
INFO >> Epoch: 17  |  Layer:  6  |  Train Loss: 0.381 | Train Acc: 87.49  |  Val Loss: 0.580 | Val Acc: 81.36  |  Test Loss: 0.350 | Tes Acc: 90.05
INFO >> Epoch: 17  |  Layer:  7  |  Train Loss: 0.372 | Train Acc: 87.54  |  Val Loss: 0.570 | Val Acc: 81.36  |  Test Loss: 0.349 | Tes Acc: 89.52
INFO >> Epoch: 17  |  Layer:  8  |  Train Loss: 0.382 | Train Acc: 87.68  |  Val Loss: 0.599 | Val Acc: 80.82  |  Test Loss: 0.344 | Tes Acc: 90.32
INFO >> Epoch: 17  |  Layer:  9  |  Train Loss: 0.370 | Train Acc: 87.20  |  Val Loss: 0.675 | Val Acc: 79.03  |  Test Loss: 0.339 | Tes Acc: 88.44
INFO >> Epoch: 17  |  Layer: 10  |  Train Loss: 0.398 | Train Acc: 86.81  |  Val Loss: 0.670 | Val Acc: 76.88  |  Test Loss: 0.344 | Tes Acc: 89.78
INFO >> Epoch: 17  |  Layer: 11  |  Train Loss: 0.422 | Train Acc: 85.94  |  Val Loss: 0.711 | Val Acc: 75.81  |  Test Loss: 0.374 | Tes Acc: 87.90
INFO >> Epoch: 17  |  Layer: 12  |  Train Loss: 0.459 | Train Acc: 84.59  |  Val Loss: 0.644 | Val Acc: 78.32  |  Test Loss: 0.362 | Tes Acc: 88.71
INFO >> Epoch: 17  |  Layer: 13  |  Train Loss: 0.512 | Train Acc: 82.71  |  Val Loss: 0.628 | Val Acc: 78.32  |  Test Loss: 0.363 | Tes Acc: 87.90

INFO >> Epoch: 18  |  Layer:  1  |  Train Loss: 0.791 | Train Acc: 73.33  |  Val Loss: 0.871 | Val Acc: 69.89  |  Test Loss: 0.570 | Tes Acc: 81.45
INFO >> Epoch: 18  |  Layer:  2  |  Train Loss: 0.536 | Train Acc: 82.17  |  Val Loss: 0.705 | Val Acc: 78.32  |  Test Loss: 0.395 | Tes Acc: 87.63
INFO >> Epoch: 18  |  Layer:  3  |  Train Loss: 0.496 | Train Acc: 83.77  |  Val Loss: 0.699 | Val Acc: 78.85  |  Test Loss: 0.379 | Tes Acc: 87.10
INFO >> Epoch: 18  |  Layer:  4  |  Train Loss: 0.426 | Train Acc: 86.62  |  Val Loss: 0.689 | Val Acc: 79.39  |  Test Loss: 0.368 | Tes Acc: 89.52
INFO >> Epoch: 18  |  Layer:  5  |  Train Loss: 0.385 | Train Acc: 87.54  |  Val Loss: 0.631 | Val Acc: 80.29  |  Test Loss: 0.350 | Tes Acc: 90.59
INFO >> Epoch: 18  |  Layer:  6  |  Train Loss: 0.362 | Train Acc: 88.12  |  Val Loss: 0.630 | Val Acc: 81.54  |  Test Loss: 0.369 | Tes Acc: 90.59
INFO >> Epoch: 18  |  Layer:  7  |  Train Loss: 0.348 | Train Acc: 88.74  |  Val Loss: 0.634 | Val Acc: 81.00  |  Test Loss: 0.363 | Tes Acc: 89.25
INFO >> Epoch: 18  |  Layer:  8  |  Train Loss: 0.339 | Train Acc: 88.99  |  Val Loss: 0.706 | Val Acc: 79.57  |  Test Loss: 0.408 | Tes Acc: 87.63
INFO >> Epoch: 18  |  Layer:  9  |  Train Loss: 0.335 | Train Acc: 89.47  |  Val Loss: 0.749 | Val Acc: 77.60  |  Test Loss: 0.375 | Tes Acc: 87.10
INFO >> Epoch: 18  |  Layer: 10  |  Train Loss: 0.360 | Train Acc: 87.34  |  Val Loss: 0.778 | Val Acc: 76.16  |  Test Loss: 0.421 | Tes Acc: 86.83
INFO >> Epoch: 18  |  Layer: 11  |  Train Loss: 0.395 | Train Acc: 87.05  |  Val Loss: 0.762 | Val Acc: 77.24  |  Test Loss: 0.410 | Tes Acc: 87.10
INFO >> Epoch: 18  |  Layer: 12  |  Train Loss: 0.433 | Train Acc: 85.99  |  Val Loss: 0.769 | Val Acc: 76.16  |  Test Loss: 0.443 | Tes Acc: 87.63
INFO >> Epoch: 18  |  Layer: 13  |  Train Loss: 0.483 | Train Acc: 83.24  |  Val Loss: 0.720 | Val Acc: 77.06  |  Test Loss: 0.417 | Tes Acc: 86.56

INFO >> Epoch: 19  |  Layer:  1  |  Train Loss: 0.756 | Train Acc: 73.82  |  Val Loss: 0.746 | Val Acc: 74.19  |  Test Loss: 0.445 | Tes Acc: 86.56
INFO >> Epoch: 19  |  Layer:  2  |  Train Loss: 0.521 | Train Acc: 82.42  |  Val Loss: 0.675 | Val Acc: 79.75  |  Test Loss: 0.370 | Tes Acc: 88.71
INFO >> Epoch: 19  |  Layer:  3  |  Train Loss: 0.488 | Train Acc: 83.62  |  Val Loss: 0.679 | Val Acc: 80.47  |  Test Loss: 0.354 | Tes Acc: 88.98
INFO >> Epoch: 19  |  Layer:  4  |  Train Loss: 0.414 | Train Acc: 86.23  |  Val Loss: 0.642 | Val Acc: 81.00  |  Test Loss: 0.334 | Tes Acc: 89.78
INFO >> Epoch: 19  |  Layer:  5  |  Train Loss: 0.373 | Train Acc: 88.16  |  Val Loss: 0.627 | Val Acc: 81.72  |  Test Loss: 0.346 | Tes Acc: 89.78
INFO >> Epoch: 19  |  Layer:  6  |  Train Loss: 0.357 | Train Acc: 88.41  |  Val Loss: 0.607 | Val Acc: 82.44  |  Test Loss: 0.348 | Tes Acc: 90.32
INFO >> Epoch: 19  |  Layer:  7  |  Train Loss: 0.333 | Train Acc: 89.66  |  Val Loss: 0.613 | Val Acc: 81.18  |  Test Loss: 0.359 | Tes Acc: 88.98
INFO >> Epoch: 19  |  Layer:  8  |  Train Loss: 0.327 | Train Acc: 89.76  |  Val Loss: 0.619 | Val Acc: 81.90  |  Test Loss: 0.346 | Tes Acc: 89.52
INFO >> Epoch: 19  |  Layer:  9  |  Train Loss: 0.319 | Train Acc: 90.10  |  Val Loss: 0.682 | Val Acc: 78.32  |  Test Loss: 0.338 | Tes Acc: 88.44
INFO >> Epoch: 19  |  Layer: 10  |  Train Loss: 0.347 | Train Acc: 88.16  |  Val Loss: 0.681 | Val Acc: 78.14  |  Test Loss: 0.358 | Tes Acc: 88.17
INFO >> Epoch: 19  |  Layer: 11  |  Train Loss: 0.372 | Train Acc: 88.45  |  Val Loss: 0.686 | Val Acc: 77.60  |  Test Loss: 0.387 | Tes Acc: 87.10
INFO >> Epoch: 19  |  Layer: 12  |  Train Loss: 0.416 | Train Acc: 85.80  |  Val Loss: 0.645 | Val Acc: 78.67  |  Test Loss: 0.379 | Tes Acc: 87.63
INFO >> Epoch: 19  |  Layer: 13  |  Train Loss: 0.471 | Train Acc: 84.20  |  Val Loss: 0.636 | Val Acc: 79.57  |  Test Loss: 0.373 | Tes Acc: 87.90

INFO >> Epoch: 20  |  Layer:  1  |  Train Loss: 0.737 | Train Acc: 75.07  |  Val Loss: 0.758 | Val Acc: 74.01  |  Test Loss: 0.458 | Tes Acc: 85.22
INFO >> Epoch: 20  |  Layer:  2  |  Train Loss: 0.495 | Train Acc: 83.48  |  Val Loss: 0.667 | Val Acc: 79.57  |  Test Loss: 0.374 | Tes Acc: 88.71
INFO >> Epoch: 20  |  Layer:  3  |  Train Loss: 0.459 | Train Acc: 84.06  |  Val Loss: 0.664 | Val Acc: 80.11  |  Test Loss: 0.363 | Tes Acc: 87.90
INFO >> Epoch: 20  |  Layer:  4  |  Train Loss: 0.390 | Train Acc: 87.05  |  Val Loss: 0.689 | Val Acc: 78.85  |  Test Loss: 0.365 | Tes Acc: 87.90
INFO >> Epoch: 20  |  Layer:  5  |  Train Loss: 0.350 | Train Acc: 88.65  |  Val Loss: 0.675 | Val Acc: 80.29  |  Test Loss: 0.374 | Tes Acc: 89.52
INFO >> Epoch: 20  |  Layer:  6  |  Train Loss: 0.327 | Train Acc: 89.52  |  Val Loss: 0.651 | Val Acc: 81.36  |  Test Loss: 0.383 | Tes Acc: 90.32
INFO >> Epoch: 20  |  Layer:  7  |  Train Loss: 0.315 | Train Acc: 90.00  |  Val Loss: 0.621 | Val Acc: 81.72  |  Test Loss: 0.343 | Tes Acc: 90.05
INFO >> Epoch: 20  |  Layer:  8  |  Train Loss: 0.305 | Train Acc: 89.47  |  Val Loss: 0.664 | Val Acc: 81.36  |  Test Loss: 0.358 | Tes Acc: 88.98
INFO >> Epoch: 20  |  Layer:  9  |  Train Loss: 0.293 | Train Acc: 90.19  |  Val Loss: 0.720 | Val Acc: 79.21  |  Test Loss: 0.365 | Tes Acc: 87.10
INFO >> Epoch: 20  |  Layer: 10  |  Train Loss: 0.339 | Train Acc: 87.97  |  Val Loss: 0.725 | Val Acc: 76.70  |  Test Loss: 0.383 | Tes Acc: 87.63
INFO >> Epoch: 20  |  Layer: 11  |  Train Loss: 0.364 | Train Acc: 87.87  |  Val Loss: 0.728 | Val Acc: 77.60  |  Test Loss: 0.362 | Tes Acc: 88.71
INFO >> Epoch: 20  |  Layer: 12  |  Train Loss: 0.399 | Train Acc: 86.38  |  Val Loss: 0.658 | Val Acc: 78.49  |  Test Loss: 0.359 | Tes Acc: 89.52
INFO >> Epoch: 20  |  Layer: 13  |  Train Loss: 0.456 | Train Acc: 84.54  |  Val Loss: 0.679 | Val Acc: 76.34  |  Test Loss: 0.378 | Tes Acc: 87.63

INFO >> Epoch: 21  |  Layer:  1  |  Train Loss: 0.729 | Train Acc: 74.54  |  Val Loss: 0.893 | Val Acc: 68.10  |  Test Loss: 0.656 | Tes Acc: 80.11
INFO >> Epoch: 21  |  Layer:  2  |  Train Loss: 0.488 | Train Acc: 83.43  |  Val Loss: 0.716 | Val Acc: 78.14  |  Test Loss: 0.411 | Tes Acc: 87.90
INFO >> Epoch: 21  |  Layer:  3  |  Train Loss: 0.452 | Train Acc: 85.02  |  Val Loss: 0.659 | Val Acc: 79.93  |  Test Loss: 0.357 | Tes Acc: 88.17
INFO >> Epoch: 21  |  Layer:  4  |  Train Loss: 0.378 | Train Acc: 87.73  |  Val Loss: 0.631 | Val Acc: 80.82  |  Test Loss: 0.350 | Tes Acc: 87.90
INFO >> Epoch: 21  |  Layer:  5  |  Train Loss: 0.337 | Train Acc: 88.94  |  Val Loss: 0.610 | Val Acc: 81.90  |  Test Loss: 0.338 | Tes Acc: 90.59
INFO >> Epoch: 21  |  Layer:  6  |  Train Loss: 0.316 | Train Acc: 89.81  |  Val Loss: 0.672 | Val Acc: 80.47  |  Test Loss: 0.392 | Tes Acc: 89.25
INFO >> Epoch: 21  |  Layer:  7  |  Train Loss: 0.313 | Train Acc: 89.52  |  Val Loss: 0.606 | Val Acc: 81.36  |  Test Loss: 0.353 | Tes Acc: 89.78
INFO >> Epoch: 21  |  Layer:  8  |  Train Loss: 0.297 | Train Acc: 90.19  |  Val Loss: 0.651 | Val Acc: 79.39  |  Test Loss: 0.350 | Tes Acc: 89.52
INFO >> Epoch: 21  |  Layer:  9  |  Train Loss: 0.285 | Train Acc: 90.92  |  Val Loss: 0.709 | Val Acc: 78.14  |  Test Loss: 0.357 | Tes Acc: 87.10
INFO >> Epoch: 21  |  Layer: 10  |  Train Loss: 0.311 | Train Acc: 88.99  |  Val Loss: 0.750 | Val Acc: 77.78  |  Test Loss: 0.375 | Tes Acc: 86.83
INFO >> Epoch: 21  |  Layer: 11  |  Train Loss: 0.341 | Train Acc: 88.60  |  Val Loss: 0.705 | Val Acc: 76.88  |  Test Loss: 0.353 | Tes Acc: 87.10
INFO >> Epoch: 21  |  Layer: 12  |  Train Loss: 0.384 | Train Acc: 86.71  |  Val Loss: 0.678 | Val Acc: 77.24  |  Test Loss: 0.382 | Tes Acc: 87.90
INFO >> Epoch: 21  |  Layer: 13  |  Train Loss: 0.443 | Train Acc: 85.02  |  Val Loss: 0.630 | Val Acc: 77.96  |  Test Loss: 0.362 | Tes Acc: 87.10

INFO >> Epoch: 22  |  Layer:  1  |  Train Loss: 0.714 | Train Acc: 76.33  |  Val Loss: 0.774 | Val Acc: 73.48  |  Test Loss: 0.498 | Tes Acc: 83.87
INFO >> Epoch: 22  |  Layer:  2  |  Train Loss: 0.482 | Train Acc: 83.82  |  Val Loss: 0.698 | Val Acc: 79.75  |  Test Loss: 0.344 | Tes Acc: 90.05
INFO >> Epoch: 22  |  Layer:  3  |  Train Loss: 0.427 | Train Acc: 86.14  |  Val Loss: 0.694 | Val Acc: 79.21  |  Test Loss: 0.346 | Tes Acc: 87.63
INFO >> Epoch: 22  |  Layer:  4  |  Train Loss: 0.363 | Train Acc: 87.78  |  Val Loss: 0.697 | Val Acc: 78.85  |  Test Loss: 0.340 | Tes Acc: 89.25
INFO >> Epoch: 22  |  Layer:  5  |  Train Loss: 0.318 | Train Acc: 89.23  |  Val Loss: 0.634 | Val Acc: 82.62  |  Test Loss: 0.332 | Tes Acc: 90.86
INFO >> Epoch: 22  |  Layer:  6  |  Train Loss: 0.307 | Train Acc: 89.81  |  Val Loss: 0.692 | Val Acc: 81.00  |  Test Loss: 0.367 | Tes Acc: 90.05
INFO >> Epoch: 22  |  Layer:  7  |  Train Loss: 0.284 | Train Acc: 90.24  |  Val Loss: 0.687 | Val Acc: 81.00  |  Test Loss: 0.364 | Tes Acc: 88.17
INFO >> Epoch: 22  |  Layer:  8  |  Train Loss: 0.275 | Train Acc: 90.77  |  Val Loss: 0.740 | Val Acc: 79.03  |  Test Loss: 0.368 | Tes Acc: 88.44
INFO >> Epoch: 22  |  Layer:  9  |  Train Loss: 0.271 | Train Acc: 90.77  |  Val Loss: 0.770 | Val Acc: 76.88  |  Test Loss: 0.365 | Tes Acc: 87.90
INFO >> Epoch: 22  |  Layer: 10  |  Train Loss: 0.296 | Train Acc: 90.05  |  Val Loss: 0.736 | Val Acc: 75.27  |  Test Loss: 0.363 | Tes Acc: 88.17
INFO >> Epoch: 22  |  Layer: 11  |  Train Loss: 0.305 | Train Acc: 90.10  |  Val Loss: 0.726 | Val Acc: 77.60  |  Test Loss: 0.357 | Tes Acc: 86.83
INFO >> Epoch: 22  |  Layer: 12  |  Train Loss: 0.351 | Train Acc: 88.45  |  Val Loss: 0.655 | Val Acc: 77.42  |  Test Loss: 0.364 | Tes Acc: 89.52
INFO >> Epoch: 22  |  Layer: 13  |  Train Loss: 0.416 | Train Acc: 85.85  |  Val Loss: 0.662 | Val Acc: 77.42  |  Test Loss: 0.354 | Tes Acc: 89.25

INFO >> Epoch: 23  |  Layer:  1  |  Train Loss: 0.720 | Train Acc: 75.02  |  Val Loss: 0.729 | Val Acc: 76.34  |  Test Loss: 0.437 | Tes Acc: 87.37
INFO >> Epoch: 23  |  Layer:  2  |  Train Loss: 0.469 | Train Acc: 84.30  |  Val Loss: 0.680 | Val Acc: 79.39  |  Test Loss: 0.387 | Tes Acc: 88.71
INFO >> Epoch: 23  |  Layer:  3  |  Train Loss: 0.434 | Train Acc: 85.36  |  Val Loss: 0.669 | Val Acc: 80.82  |  Test Loss: 0.371 | Tes Acc: 88.44
INFO >> Epoch: 23  |  Layer:  4  |  Train Loss: 0.373 | Train Acc: 87.20  |  Val Loss: 0.645 | Val Acc: 81.54  |  Test Loss: 0.374 | Tes Acc: 87.37
INFO >> Epoch: 23  |  Layer:  5  |  Train Loss: 0.318 | Train Acc: 89.76  |  Val Loss: 0.609 | Val Acc: 81.90  |  Test Loss: 0.350 | Tes Acc: 90.86
INFO >> Epoch: 23  |  Layer:  6  |  Train Loss: 0.303 | Train Acc: 89.76  |  Val Loss: 0.593 | Val Acc: 81.36  |  Test Loss: 0.378 | Tes Acc: 89.25
INFO >> Epoch: 23  |  Layer:  7  |  Train Loss: 0.306 | Train Acc: 89.90  |  Val Loss: 0.584 | Val Acc: 82.08  |  Test Loss: 0.366 | Tes Acc: 89.25
INFO >> Epoch: 23  |  Layer:  8  |  Train Loss: 0.274 | Train Acc: 91.01  |  Val Loss: 0.729 | Val Acc: 80.29  |  Test Loss: 0.414 | Tes Acc: 86.83
INFO >> Epoch: 23  |  Layer:  9  |  Train Loss: 0.268 | Train Acc: 91.01  |  Val Loss: 0.785 | Val Acc: 78.67  |  Test Loss: 0.405 | Tes Acc: 86.02
INFO >> Epoch: 23  |  Layer: 10  |  Train Loss: 0.284 | Train Acc: 90.10  |  Val Loss: 0.764 | Val Acc: 75.63  |  Test Loss: 0.433 | Tes Acc: 85.22
INFO >> Epoch: 23  |  Layer: 11  |  Train Loss: 0.313 | Train Acc: 89.28  |  Val Loss: 0.753 | Val Acc: 76.16  |  Test Loss: 0.423 | Tes Acc: 86.02
INFO >> Epoch: 23  |  Layer: 12  |  Train Loss: 0.358 | Train Acc: 87.78  |  Val Loss: 0.667 | Val Acc: 78.67  |  Test Loss: 0.430 | Tes Acc: 86.83
INFO >> Epoch: 23  |  Layer: 13  |  Train Loss: 0.428 | Train Acc: 84.88  |  Val Loss: 0.656 | Val Acc: 76.16  |  Test Loss: 0.399 | Tes Acc: 87.10

INFO >> Epoch: 24  |  Layer:  1  |  Train Loss: 0.709 | Train Acc: 75.51  |  Val Loss: 0.761 | Val Acc: 73.84  |  Test Loss: 0.479 | Tes Acc: 85.48
INFO >> Epoch: 24  |  Layer:  2  |  Train Loss: 0.457 | Train Acc: 84.73  |  Val Loss: 0.732 | Val Acc: 78.49  |  Test Loss: 0.395 | Tes Acc: 88.17
INFO >> Epoch: 24  |  Layer:  3  |  Train Loss: 0.422 | Train Acc: 86.33  |  Val Loss: 0.692 | Val Acc: 80.11  |  Test Loss: 0.340 | Tes Acc: 89.52
INFO >> Epoch: 24  |  Layer:  4  |  Train Loss: 0.346 | Train Acc: 88.89  |  Val Loss: 0.723 | Val Acc: 80.47  |  Test Loss: 0.362 | Tes Acc: 90.05
INFO >> Epoch: 24  |  Layer:  5  |  Train Loss: 0.301 | Train Acc: 90.34  |  Val Loss: 0.742 | Val Acc: 80.82  |  Test Loss: 0.360 | Tes Acc: 91.40
INFO >> Epoch: 24  |  Layer:  6  |  Train Loss: 0.287 | Train Acc: 90.77  |  Val Loss: 0.710 | Val Acc: 81.00  |  Test Loss: 0.373 | Tes Acc: 89.78
INFO >> Epoch: 24  |  Layer:  7  |  Train Loss: 0.272 | Train Acc: 91.98  |  Val Loss: 0.641 | Val Acc: 81.72  |  Test Loss: 0.362 | Tes Acc: 88.98
INFO >> Epoch: 24  |  Layer:  8  |  Train Loss: 0.268 | Train Acc: 91.69  |  Val Loss: 0.769 | Val Acc: 81.36  |  Test Loss: 0.411 | Tes Acc: 89.25
INFO >> Epoch: 24  |  Layer:  9  |  Train Loss: 0.260 | Train Acc: 91.84  |  Val Loss: 0.775 | Val Acc: 78.67  |  Test Loss: 0.373 | Tes Acc: 87.90
INFO >> Epoch: 24  |  Layer: 10  |  Train Loss: 0.289 | Train Acc: 89.71  |  Val Loss: 0.860 | Val Acc: 75.09  |  Test Loss: 0.457 | Tes Acc: 86.83
INFO >> Epoch: 24  |  Layer: 11  |  Train Loss: 0.303 | Train Acc: 90.53  |  Val Loss: 0.820 | Val Acc: 76.52  |  Test Loss: 0.402 | Tes Acc: 88.17
INFO >> Epoch: 24  |  Layer: 12  |  Train Loss: 0.348 | Train Acc: 89.32  |  Val Loss: 0.682 | Val Acc: 77.96  |  Test Loss: 0.364 | Tes Acc: 89.52
INFO >> Epoch: 24  |  Layer: 13  |  Train Loss: 0.430 | Train Acc: 85.51  |  Val Loss: 0.744 | Val Acc: 76.52  |  Test Loss: 0.398 | Tes Acc: 87.63

INFO >> Epoch: 25  |  Layer:  1  |  Train Loss: 0.675 | Train Acc: 77.00  |  Val Loss: 0.719 | Val Acc: 75.99  |  Test Loss: 0.412 | Tes Acc: 86.83
INFO >> Epoch: 25  |  Layer:  2  |  Train Loss: 0.431 | Train Acc: 85.70  |  Val Loss: 0.725 | Val Acc: 79.03  |  Test Loss: 0.372 | Tes Acc: 88.98
INFO >> Epoch: 25  |  Layer:  3  |  Train Loss: 0.389 | Train Acc: 86.71  |  Val Loss: 0.698 | Val Acc: 79.75  |  Test Loss: 0.359 | Tes Acc: 88.98
INFO >> Epoch: 25  |  Layer:  4  |  Train Loss: 0.328 | Train Acc: 88.02  |  Val Loss: 0.694 | Val Acc: 81.00  |  Test Loss: 0.346 | Tes Acc: 89.78
INFO >> Epoch: 25  |  Layer:  5  |  Train Loss: 0.287 | Train Acc: 90.10  |  Val Loss: 0.656 | Val Acc: 81.36  |  Test Loss: 0.346 | Tes Acc: 90.59
INFO >> Epoch: 25  |  Layer:  6  |  Train Loss: 0.271 | Train Acc: 90.05  |  Val Loss: 0.633 | Val Acc: 81.54  |  Test Loss: 0.360 | Tes Acc: 89.25
INFO >> Epoch: 25  |  Layer:  7  |  Train Loss: 0.254 | Train Acc: 91.59  |  Val Loss: 0.635 | Val Acc: 81.72  |  Test Loss: 0.347 | Tes Acc: 89.52
INFO >> Epoch: 25  |  Layer:  8  |  Train Loss: 0.242 | Train Acc: 92.13  |  Val Loss: 0.748 | Val Acc: 81.36  |  Test Loss: 0.392 | Tes Acc: 88.17
INFO >> Epoch: 25  |  Layer:  9  |  Train Loss: 0.238 | Train Acc: 91.79  |  Val Loss: 0.810 | Val Acc: 78.49  |  Test Loss: 0.351 | Tes Acc: 89.78
INFO >> Epoch: 25  |  Layer: 10  |  Train Loss: 0.254 | Train Acc: 91.40  |  Val Loss: 0.805 | Val Acc: 76.34  |  Test Loss: 0.408 | Tes Acc: 87.63
INFO >> Epoch: 25  |  Layer: 11  |  Train Loss: 0.269 | Train Acc: 91.21  |  Val Loss: 0.756 | Val Acc: 77.60  |  Test Loss: 0.381 | Tes Acc: 87.10
INFO >> Epoch: 25  |  Layer: 12  |  Train Loss: 0.309 | Train Acc: 89.42  |  Val Loss: 0.680 | Val Acc: 78.14  |  Test Loss: 0.377 | Tes Acc: 88.71
INFO >> Epoch: 25  |  Layer: 13  |  Train Loss: 0.382 | Train Acc: 87.10  |  Val Loss: 0.645 | Val Acc: 78.67  |  Test Loss: 0.347 | Tes Acc: 88.17

INFO >> Epoch: 26  |  Layer:  1  |  Train Loss: 0.674 | Train Acc: 78.21  |  Val Loss: 0.743 | Val Acc: 74.73  |  Test Loss: 0.374 | Tes Acc: 87.90
INFO >> Epoch: 26  |  Layer:  2  |  Train Loss: 0.420 | Train Acc: 85.85  |  Val Loss: 0.697 | Val Acc: 79.93  |  Test Loss: 0.335 | Tes Acc: 91.67
INFO >> Epoch: 26  |  Layer:  3  |  Train Loss: 0.394 | Train Acc: 87.20  |  Val Loss: 0.696 | Val Acc: 78.14  |  Test Loss: 0.302 | Tes Acc: 90.59
INFO >> Epoch: 26  |  Layer:  4  |  Train Loss: 0.317 | Train Acc: 89.66  |  Val Loss: 0.693 | Val Acc: 79.21  |  Test Loss: 0.315 | Tes Acc: 91.13
INFO >> Epoch: 26  |  Layer:  5  |  Train Loss: 0.270 | Train Acc: 91.16  |  Val Loss: 0.731 | Val Acc: 77.96  |  Test Loss: 0.359 | Tes Acc: 90.05
INFO >> Epoch: 26  |  Layer:  6  |  Train Loss: 0.254 | Train Acc: 91.98  |  Val Loss: 0.671 | Val Acc: 80.47  |  Test Loss: 0.360 | Tes Acc: 89.78
INFO >> Epoch: 26  |  Layer:  7  |  Train Loss: 0.243 | Train Acc: 92.17  |  Val Loss: 0.647 | Val Acc: 80.11  |  Test Loss: 0.362 | Tes Acc: 89.78
INFO >> Epoch: 26  |  Layer:  8  |  Train Loss: 0.229 | Train Acc: 92.17  |  Val Loss: 0.726 | Val Acc: 78.85  |  Test Loss: 0.380 | Tes Acc: 88.98
INFO >> Epoch: 26  |  Layer:  9  |  Train Loss: 0.227 | Train Acc: 92.13  |  Val Loss: 0.764 | Val Acc: 79.21  |  Test Loss: 0.340 | Tes Acc: 88.17
INFO >> Epoch: 26  |  Layer: 10  |  Train Loss: 0.261 | Train Acc: 91.50  |  Val Loss: 0.728 | Val Acc: 76.34  |  Test Loss: 0.354 | Tes Acc: 88.44
INFO >> Epoch: 26  |  Layer: 11  |  Train Loss: 0.282 | Train Acc: 90.77  |  Val Loss: 0.713 | Val Acc: 78.85  |  Test Loss: 0.353 | Tes Acc: 87.90
INFO >> Epoch: 26  |  Layer: 12  |  Train Loss: 0.325 | Train Acc: 88.79  |  Val Loss: 0.666 | Val Acc: 77.78  |  Test Loss: 0.365 | Tes Acc: 87.90
INFO >> Epoch: 26  |  Layer: 13  |  Train Loss: 0.367 | Train Acc: 87.92  |  Val Loss: 0.675 | Val Acc: 76.16  |  Test Loss: 0.339 | Tes Acc: 88.98

INFO >> Epoch: 27  |  Layer:  1  |  Train Loss: 0.649 | Train Acc: 77.92  |  Val Loss: 0.742 | Val Acc: 74.37  |  Test Loss: 0.510 | Tes Acc: 82.80
INFO >> Epoch: 27  |  Layer:  2  |  Train Loss: 0.417 | Train Acc: 86.62  |  Val Loss: 0.680 | Val Acc: 79.39  |  Test Loss: 0.412 | Tes Acc: 88.71
INFO >> Epoch: 27  |  Layer:  3  |  Train Loss: 0.375 | Train Acc: 87.49  |  Val Loss: 0.678 | Val Acc: 79.75  |  Test Loss: 0.379 | Tes Acc: 88.98
INFO >> Epoch: 27  |  Layer:  4  |  Train Loss: 0.309 | Train Acc: 89.95  |  Val Loss: 0.666 | Val Acc: 80.11  |  Test Loss: 0.365 | Tes Acc: 89.25
INFO >> Epoch: 27  |  Layer:  5  |  Train Loss: 0.272 | Train Acc: 91.21  |  Val Loss: 0.663 | Val Acc: 81.00  |  Test Loss: 0.377 | Tes Acc: 89.52
INFO >> Epoch: 27  |  Layer:  6  |  Train Loss: 0.255 | Train Acc: 91.88  |  Val Loss: 0.650 | Val Acc: 81.72  |  Test Loss: 0.399 | Tes Acc: 88.71
INFO >> Epoch: 27  |  Layer:  7  |  Train Loss: 0.236 | Train Acc: 92.08  |  Val Loss: 0.658 | Val Acc: 81.72  |  Test Loss: 0.364 | Tes Acc: 88.44
INFO >> Epoch: 27  |  Layer:  8  |  Train Loss: 0.236 | Train Acc: 92.22  |  Val Loss: 0.729 | Val Acc: 81.00  |  Test Loss: 0.457 | Tes Acc: 85.48
INFO >> Epoch: 27  |  Layer:  9  |  Train Loss: 0.233 | Train Acc: 92.51  |  Val Loss: 0.773 | Val Acc: 78.85  |  Test Loss: 0.413 | Tes Acc: 86.56
INFO >> Epoch: 27  |  Layer: 10  |  Train Loss: 0.258 | Train Acc: 90.92  |  Val Loss: 0.754 | Val Acc: 76.34  |  Test Loss: 0.427 | Tes Acc: 86.29
INFO >> Epoch: 27  |  Layer: 11  |  Train Loss: 0.286 | Train Acc: 90.05  |  Val Loss: 0.751 | Val Acc: 77.42  |  Test Loss: 0.432 | Tes Acc: 86.02
INFO >> Epoch: 27  |  Layer: 12  |  Train Loss: 0.333 | Train Acc: 88.12  |  Val Loss: 0.645 | Val Acc: 77.96  |  Test Loss: 0.400 | Tes Acc: 88.17
INFO >> Epoch: 27  |  Layer: 13  |  Train Loss: 0.389 | Train Acc: 86.57  |  Val Loss: 0.648 | Val Acc: 77.60  |  Test Loss: 0.399 | Tes Acc: 86.29

INFO >> Epoch: 28  |  Layer:  1  |  Train Loss: 0.640 | Train Acc: 78.16  |  Val Loss: 0.688 | Val Acc: 76.88  |  Test Loss: 0.427 | Tes Acc: 87.63
INFO >> Epoch: 28  |  Layer:  2  |  Train Loss: 0.404 | Train Acc: 86.18  |  Val Loss: 0.736 | Val Acc: 77.42  |  Test Loss: 0.428 | Tes Acc: 87.10
INFO >> Epoch: 28  |  Layer:  3  |  Train Loss: 0.372 | Train Acc: 88.02  |  Val Loss: 0.717 | Val Acc: 77.24  |  Test Loss: 0.387 | Tes Acc: 88.17
INFO >> Epoch: 28  |  Layer:  4  |  Train Loss: 0.304 | Train Acc: 89.52  |  Val Loss: 0.684 | Val Acc: 79.75  |  Test Loss: 0.362 | Tes Acc: 89.25
INFO >> Epoch: 28  |  Layer:  5  |  Train Loss: 0.251 | Train Acc: 91.69  |  Val Loss: 0.711 | Val Acc: 82.26  |  Test Loss: 0.360 | Tes Acc: 90.59
INFO >> Epoch: 28  |  Layer:  6  |  Train Loss: 0.229 | Train Acc: 93.04  |  Val Loss: 0.635 | Val Acc: 81.90  |  Test Loss: 0.377 | Tes Acc: 89.25
INFO >> Epoch: 28  |  Layer:  7  |  Train Loss: 0.217 | Train Acc: 93.09  |  Val Loss: 0.649 | Val Acc: 80.29  |  Test Loss: 0.353 | Tes Acc: 89.25
INFO >> Epoch: 28  |  Layer:  8  |  Train Loss: 0.208 | Train Acc: 93.38  |  Val Loss: 0.725 | Val Acc: 79.93  |  Test Loss: 0.368 | Tes Acc: 88.98
INFO >> Epoch: 28  |  Layer:  9  |  Train Loss: 0.204 | Train Acc: 93.82  |  Val Loss: 0.774 | Val Acc: 77.60  |  Test Loss: 0.350 | Tes Acc: 87.90
INFO >> Epoch: 28  |  Layer: 10  |  Train Loss: 0.230 | Train Acc: 92.85  |  Val Loss: 0.792 | Val Acc: 76.88  |  Test Loss: 0.350 | Tes Acc: 88.17
INFO >> Epoch: 28  |  Layer: 11  |  Train Loss: 0.235 | Train Acc: 92.95  |  Val Loss: 0.727 | Val Acc: 77.78  |  Test Loss: 0.349 | Tes Acc: 88.44
INFO >> Epoch: 28  |  Layer: 12  |  Train Loss: 0.283 | Train Acc: 90.48  |  Val Loss: 0.643 | Val Acc: 78.85  |  Test Loss: 0.373 | Tes Acc: 88.98
INFO >> Epoch: 28  |  Layer: 13  |  Train Loss: 0.340 | Train Acc: 88.99  |  Val Loss: 0.629 | Val Acc: 78.14  |  Test Loss: 0.350 | Tes Acc: 87.63

INFO >> Epoch: 29  |  Layer:  1  |  Train Loss: 0.615 | Train Acc: 78.79  |  Val Loss: 0.694 | Val Acc: 77.78  |  Test Loss: 0.375 | Tes Acc: 86.56
INFO >> Epoch: 29  |  Layer:  2  |  Train Loss: 0.383 | Train Acc: 87.78  |  Val Loss: 0.689 | Val Acc: 80.47  |  Test Loss: 0.349 | Tes Acc: 89.78
INFO >> Epoch: 29  |  Layer:  3  |  Train Loss: 0.340 | Train Acc: 88.94  |  Val Loss: 0.671 | Val Acc: 79.93  |  Test Loss: 0.307 | Tes Acc: 90.86
INFO >> Epoch: 29  |  Layer:  4  |  Train Loss: 0.281 | Train Acc: 90.48  |  Val Loss: 0.666 | Val Acc: 79.93  |  Test Loss: 0.327 | Tes Acc: 90.32
INFO >> Epoch: 29  |  Layer:  5  |  Train Loss: 0.243 | Train Acc: 92.42  |  Val Loss: 0.682 | Val Acc: 81.36  |  Test Loss: 0.336 | Tes Acc: 91.13
INFO >> Epoch: 29  |  Layer:  6  |  Train Loss: 0.218 | Train Acc: 93.09  |  Val Loss: 0.672 | Val Acc: 80.82  |  Test Loss: 0.367 | Tes Acc: 90.05
INFO >> Epoch: 29  |  Layer:  7  |  Train Loss: 0.207 | Train Acc: 93.14  |  Val Loss: 0.659 | Val Acc: 81.00  |  Test Loss: 0.337 | Tes Acc: 90.05
INFO >> Epoch: 29  |  Layer:  8  |  Train Loss: 0.201 | Train Acc: 93.38  |  Val Loss: 0.726 | Val Acc: 80.47  |  Test Loss: 0.348 | Tes Acc: 88.98
INFO >> Epoch: 29  |  Layer:  9  |  Train Loss: 0.198 | Train Acc: 94.30  |  Val Loss: 0.801 | Val Acc: 78.14  |  Test Loss: 0.322 | Tes Acc: 88.98
INFO >> Epoch: 29  |  Layer: 10  |  Train Loss: 0.207 | Train Acc: 93.48  |  Val Loss: 0.782 | Val Acc: 77.60  |  Test Loss: 0.340 | Tes Acc: 88.17
INFO >> Epoch: 29  |  Layer: 11  |  Train Loss: 0.230 | Train Acc: 91.93  |  Val Loss: 0.772 | Val Acc: 77.78  |  Test Loss: 0.341 | Tes Acc: 88.71
INFO >> Epoch: 29  |  Layer: 12  |  Train Loss: 0.256 | Train Acc: 91.59  |  Val Loss: 0.671 | Val Acc: 78.14  |  Test Loss: 0.330 | Tes Acc: 88.17
INFO >> Epoch: 29  |  Layer: 13  |  Train Loss: 0.334 | Train Acc: 88.41  |  Val Loss: 0.631 | Val Acc: 79.75  |  Test Loss: 0.325 | Tes Acc: 89.52

INFO >> Epoch: 30  |  Layer:  1  |  Train Loss: 0.603 | Train Acc: 79.32  |  Val Loss: 0.692 | Val Acc: 76.70  |  Test Loss: 0.397 | Tes Acc: 87.37
INFO >> Epoch: 30  |  Layer:  2  |  Train Loss: 0.374 | Train Acc: 87.34  |  Val Loss: 0.684 | Val Acc: 80.82  |  Test Loss: 0.344 | Tes Acc: 91.40
INFO >> Epoch: 30  |  Layer:  3  |  Train Loss: 0.337 | Train Acc: 88.79  |  Val Loss: 0.670 | Val Acc: 79.93  |  Test Loss: 0.328 | Tes Acc: 90.32
INFO >> Epoch: 30  |  Layer:  4  |  Train Loss: 0.267 | Train Acc: 91.50  |  Val Loss: 0.707 | Val Acc: 80.29  |  Test Loss: 0.367 | Tes Acc: 89.52
INFO >> Epoch: 30  |  Layer:  5  |  Train Loss: 0.232 | Train Acc: 92.27  |  Val Loss: 0.685 | Val Acc: 80.65  |  Test Loss: 0.374 | Tes Acc: 89.25
INFO >> Epoch: 30  |  Layer:  6  |  Train Loss: 0.202 | Train Acc: 94.01  |  Val Loss: 0.709 | Val Acc: 81.54  |  Test Loss: 0.388 | Tes Acc: 89.78
INFO >> Epoch: 30  |  Layer:  7  |  Train Loss: 0.194 | Train Acc: 93.96  |  Val Loss: 0.687 | Val Acc: 80.82  |  Test Loss: 0.369 | Tes Acc: 90.05
INFO >> Epoch: 30  |  Layer:  8  |  Train Loss: 0.173 | Train Acc: 94.40  |  Val Loss: 0.742 | Val Acc: 81.00  |  Test Loss: 0.411 | Tes Acc: 88.44
INFO >> Epoch: 30  |  Layer:  9  |  Train Loss: 0.177 | Train Acc: 94.40  |  Val Loss: 0.816 | Val Acc: 77.06  |  Test Loss: 0.384 | Tes Acc: 86.83
INFO >> Epoch: 30  |  Layer: 10  |  Train Loss: 0.184 | Train Acc: 94.06  |  Val Loss: 0.797 | Val Acc: 75.99  |  Test Loss: 0.429 | Tes Acc: 86.56
INFO >> Epoch: 30  |  Layer: 11  |  Train Loss: 0.202 | Train Acc: 93.53  |  Val Loss: 0.766 | Val Acc: 77.78  |  Test Loss: 0.401 | Tes Acc: 86.83
INFO >> Epoch: 30  |  Layer: 12  |  Train Loss: 0.240 | Train Acc: 91.69  |  Val Loss: 0.666 | Val Acc: 78.32  |  Test Loss: 0.395 | Tes Acc: 87.10
INFO >> Epoch: 30  |  Layer: 13  |  Train Loss: 0.318 | Train Acc: 88.70  |  Val Loss: 0.650 | Val Acc: 78.32  |  Test Loss: 0.399 | Tes Acc: 85.75



INFO >> Time Taken: 53:43

INFO >> Layer: 1  |  Best Val Acc: 77.78  |  Best Test Acc: 86.56
INFO >> Layer: 2  |  Best Val Acc: 80.82  |  Best Test Acc: 91.40
INFO >> Layer: 3  |  Best Val Acc: 80.82  |  Best Test Acc: 88.44
INFO >> Layer: 4  |  Best Val Acc: 81.54  |  Best Test Acc: 89.52
INFO >> Layer: 5  |  Best Val Acc: 82.62  |  Best Test Acc: 90.86
INFO >> Layer: 6  |  Best Val Acc: 82.44  |  Best Test Acc: 90.32
INFO >> Layer: 7  |  Best Val Acc: 82.08  |  Best Test Acc: 89.25
INFO >> Layer: 8  |  Best Val Acc: 81.90  |  Best Test Acc: 89.52
INFO >> Layer: 9  |  Best Val Acc: 79.75  |  Best Test Acc: 89.78
INFO >> Layer: 10  |  Best Val Acc: 78.85  |  Best Test Acc: 87.90
INFO >> Layer: 11  |  Best Val Acc: 78.85  |  Best Test Acc: 87.90
INFO >> Layer: 12  |  Best Val Acc: 78.85  |  Best Test Acc: 88.98
INFO >> Layer: 13  |  Best Val Acc: 79.75  |  Best Test Acc: 89.52

DEBUG >> Last state saved

INFO >> History saved (./history/v1.4/ShEMO/HUBERT_BASE_PROBING_DENSE/Run3/history.pt)
