
--------------------------------------------------
Multilingual SER System v1.2
--------------------------------------------------
Run Name      : Run5
Fx Model      : HUBERT_LARGE
Clf Model     : DENSE
Extract Mode  : gpu_memory
Dataset       : IEMOCAP
Device        : gpu
Epochs        : 20
Num Workers   : 2
Data Dir      : ./data
History Dir   : ./history
Weights Dir   : ./weights
Log Level     : debug
Purge Cache   : False
Job Name      : Job38
Job Id        : 30684169
GPU           : Quadro RTX 8000
GPU Count     : 1

Timestamp : 2023-03-02 03:19:03.786767

INFO >> Running on CUDA


INFO >> Training Classifier

INFO >> Epoch: 1 |   Train Loss: 1.203 | Train Acc: 47.08 |   Val Loss: 0.920 | Val Acc: 59.64 |   Test Loss: 1.016 | Tes Acc: 56.06
DEBUG >> Best state saved | Val Acc 59.638553857803345 | Test Acc 56.060606241226196

INFO >> Epoch: 2 |   Train Loss: 0.908 | Train Acc: 61.18 |   Val Loss: 0.766 | Val Acc: 69.08 |   Test Loss: 1.020 | Tes Acc: 63.01
DEBUG >> Best state saved | Val Acc 69.07630562782288 | Test Acc 63.01247477531433

INFO >> Epoch: 3 |   Train Loss: 0.778 | Train Acc: 68.41 |   Val Loss: 0.744 | Val Acc: 65.26 |   Test Loss: 1.122 | Tes Acc: 58.02
INFO >> Epoch: 4 |   Train Loss: 0.639 | Train Acc: 74.04 |   Val Loss: 0.639 | Val Acc: 74.50 |   Test Loss: 0.851 | Tes Acc: 68.45
DEBUG >> Best state saved | Val Acc 74.49799180030823 | Test Acc 68.44919919967651

INFO >> Epoch: 5 |   Train Loss: 0.549 | Train Acc: 77.41 |   Val Loss: 0.615 | Val Acc: 74.40 |   Test Loss: 0.905 | Tes Acc: 67.38
INFO >> Epoch: 6 |   Train Loss: 0.486 | Train Acc: 81.25 |   Val Loss: 0.606 | Val Acc: 74.40 |   Test Loss: 1.016 | Tes Acc: 66.93
INFO >> Epoch: 7 |   Train Loss: 0.411 | Train Acc: 83.91 |   Val Loss: 0.722 | Val Acc: 74.10 |   Test Loss: 1.200 | Tes Acc: 64.44
INFO >> Epoch: 8 |   Train Loss: 0.343 | Train Acc: 86.84 |   Val Loss: 0.660 | Val Acc: 73.90 |   Test Loss: 1.186 | Tes Acc: 66.04
INFO >> Epoch: 9 |   Train Loss: 0.268 | Train Acc: 89.89 |   Val Loss: 0.636 | Val Acc: 76.00 |   Test Loss: 1.067 | Tes Acc: 70.41
DEBUG >> Best state saved | Val Acc 76.00401639938354 | Test Acc 70.40998339653015

INFO >> Epoch: 10 |   Train Loss: 0.215 | Train Acc: 91.50 |   Val Loss: 0.705 | Val Acc: 76.61 |   Test Loss: 1.025 | Tes Acc: 70.77
DEBUG >> Best state saved | Val Acc 76.60642862319946 | Test Acc 70.76649069786072

INFO >> Epoch: 11 |   Train Loss: 0.184 | Train Acc: 93.23 |   Val Loss: 0.875 | Val Acc: 75.30 |   Test Loss: 1.170 | Tes Acc: 69.96
INFO >> Epoch: 12 |   Train Loss: 0.137 | Train Acc: 94.87 |   Val Loss: 0.896 | Val Acc: 76.51 |   Test Loss: 1.502 | Tes Acc: 69.16
INFO >> Epoch: 13 |   Train Loss: 0.107 | Train Acc: 96.25 |   Val Loss: 1.041 | Val Acc: 75.30 |   Test Loss: 1.788 | Tes Acc: 68.09
INFO >> Epoch: 14 |   Train Loss: 0.072 | Train Acc: 97.83 |   Val Loss: 1.155 | Val Acc: 74.20 |   Test Loss: 1.476 | Tes Acc: 70.05
INFO >> Epoch: 15 |   Train Loss: 0.135 | Train Acc: 95.34 |   Val Loss: 0.951 | Val Acc: 76.91 |   Test Loss: 1.608 | Tes Acc: 69.25
DEBUG >> Best state saved | Val Acc 76.90762877464294 | Test Acc 69.25133466720581

INFO >> Epoch: 16 |   Train Loss: 0.074 | Train Acc: 97.45 |   Val Loss: 1.013 | Val Acc: 76.71 |   Test Loss: 1.812 | Tes Acc: 71.21
INFO >> Epoch: 17 |   Train Loss: 0.044 | Train Acc: 98.48 |   Val Loss: 1.281 | Val Acc: 75.60 |   Test Loss: 2.401 | Tes Acc: 68.54
INFO >> Epoch: 18 |   Train Loss: 0.031 | Train Acc: 99.09 |   Val Loss: 1.089 | Val Acc: 77.31 |   Test Loss: 2.125 | Tes Acc: 68.18
DEBUG >> Best state saved | Val Acc 77.30923891067505 | Test Acc 68.18181872367859

INFO >> Epoch: 19 |   Train Loss: 0.054 | Train Acc: 98.15 |   Val Loss: 1.439 | Val Acc: 75.00 |   Test Loss: 2.810 | Tes Acc: 64.62
INFO >> Epoch: 20 |   Train Loss: 0.047 | Train Acc: 98.68 |   Val Loss: 1.387 | Val Acc: 76.00 |   Test Loss: 2.362 | Tes Acc: 70.05


INFO >> Time Taken: 2:16:43

INFO >> Best Val Acc : 77.30923891067505 | Best Test Acc : 68.18181872367859

INFO >> Agg. Weights : 
-0.22558815777301788 -0.02824459783732891 0.012887404300272465 -0.0879916399717331 -0.3349071443080902 -0.30761539936065674 0.0873958095908165 0.19829420745372772 0.13658666610717773 0.3445492684841156 0.2618573009967804 0.08095520734786987 0.2989130914211273 0.3171675205230713 0.2540619373321533 0.23070849478244781 0.2926313877105713 -0.04543736204504967 0.21128258109092712 0.4572516679763794 0.21416392922401428 0.09452302753925323 -0.12911520898342133 0.2832587659358978

DEBUG >> Last state saved | Val Acc 76.00401639938354 | Test Acc 70.05347609519958

INFO >> History saved (./history/v1.2/IEMOCAP/HUBERT_LARGE_DENSE/Run5/history.pt)
