
--------------------------------------------------
Multilingual SER System v1.5
--------------------------------------------------
Run Name      : Run4
Fx Model      : HUBERT_ASR_LARGE
Clf Model     : DENSE
Extract Mode  : gpu_memory
Dataset       : EmoDB
Device        : gpu
Epochs        : 30
Num Workers   : 3
Data Dir      : ./data
History Dir   : ./history
Weights Dir   : ./weights
Log Level     : debug
Purge Cache   : False
Job Name      : Job188
Job Id        : 31168509
GPU           : NVIDIA A100-SXM4-80GB
GPU Count     : 1
GPU Memory    : 79.2 GB

Timestamp : 2023-03-20 03:03:14.658739

INFO >> Running on CUDA


INFO >> Training Classifier

INFO >> Epoch: 1  |  Train Loss: 2.196 | Train Acc: 21.51  |  Val Loss: 1.888 | Val Acc: 24.30  |  Test Loss: 1.829 | Tes Acc: 30.95
DEBUG >> Best state saved | Val Acc 24.29906576871872 | Test Acc 30.95238208770752

INFO >> Epoch: 2  |  Train Loss: 1.848 | Train Acc: 32.56  |  Val Loss: 1.755 | Val Acc: 27.10  |  Test Loss: 1.684 | Tes Acc: 36.90
DEBUG >> Best state saved | Val Acc 27.10280418395996 | Test Acc 36.9047611951828

INFO >> Epoch: 3  |  Train Loss: 1.666 | Train Acc: 39.83  |  Val Loss: 1.555 | Val Acc: 42.99  |  Test Loss: 1.374 | Tes Acc: 55.95
DEBUG >> Best state saved | Val Acc 42.990654706954956 | Test Acc 55.95238208770752

INFO >> Epoch: 4  |  Train Loss: 1.443 | Train Acc: 50.58  |  Val Loss: 1.480 | Val Acc: 49.53  |  Test Loss: 1.291 | Tes Acc: 65.48
DEBUG >> Best state saved | Val Acc 49.53271150588989 | Test Acc 65.47619104385376

INFO >> Epoch: 5  |  Train Loss: 1.162 | Train Acc: 56.69  |  Val Loss: 1.157 | Val Acc: 59.81  |  Test Loss: 1.046 | Tes Acc: 66.67
DEBUG >> Best state saved | Val Acc 59.813082218170166 | Test Acc 66.66666865348816

INFO >> Epoch: 6  |  Train Loss: 0.969 | Train Acc: 65.70  |  Val Loss: 0.981 | Val Acc: 49.53  |  Test Loss: 0.889 | Tes Acc: 61.90
INFO >> Epoch: 7  |  Train Loss: 0.795 | Train Acc: 68.31  |  Val Loss: 0.825 | Val Acc: 66.36  |  Test Loss: 0.779 | Tes Acc: 69.05
DEBUG >> Best state saved | Val Acc 66.3551390171051 | Test Acc 69.04761791229248

INFO >> Epoch: 8  |  Train Loss: 0.626 | Train Acc: 77.03  |  Val Loss: 0.641 | Val Acc: 75.70  |  Test Loss: 0.593 | Tes Acc: 80.95
DEBUG >> Best state saved | Val Acc 75.70093274116516 | Test Acc 80.95238208770752

INFO >> Epoch: 9  |  Train Loss: 0.466 | Train Acc: 84.88  |  Val Loss: 0.533 | Val Acc: 82.24  |  Test Loss: 0.500 | Tes Acc: 82.14
DEBUG >> Best state saved | Val Acc 82.2429895401001 | Test Acc 82.14285969734192

INFO >> Epoch: 10  |  Train Loss: 0.355 | Train Acc: 88.37  |  Val Loss: 0.724 | Val Acc: 69.16  |  Test Loss: 0.515 | Tes Acc: 78.57
INFO >> Epoch: 11  |  Train Loss: 0.291 | Train Acc: 89.53  |  Val Loss: 0.518 | Val Acc: 78.50  |  Test Loss: 0.405 | Tes Acc: 83.33
INFO >> Epoch: 12  |  Train Loss: 0.226 | Train Acc: 94.77  |  Val Loss: 0.497 | Val Acc: 84.11  |  Test Loss: 0.335 | Tes Acc: 89.29
DEBUG >> Best state saved | Val Acc 84.112149477005 | Test Acc 89.28571343421936

INFO >> Epoch: 13  |  Train Loss: 0.173 | Train Acc: 95.06  |  Val Loss: 0.442 | Val Acc: 84.11  |  Test Loss: 0.328 | Tes Acc: 84.52
INFO >> Epoch: 14  |  Train Loss: 0.150 | Train Acc: 94.77  |  Val Loss: 0.448 | Val Acc: 85.98  |  Test Loss: 0.333 | Tes Acc: 85.71
DEBUG >> Best state saved | Val Acc 85.98130941390991 | Test Acc 85.71428656578064

INFO >> Epoch: 15  |  Train Loss: 0.111 | Train Acc: 97.67  |  Val Loss: 0.497 | Val Acc: 85.98  |  Test Loss: 0.317 | Tes Acc: 88.10
INFO >> Epoch: 16  |  Train Loss: 0.109 | Train Acc: 96.51  |  Val Loss: 0.372 | Val Acc: 90.65  |  Test Loss: 0.189 | Tes Acc: 92.86
DEBUG >> Best state saved | Val Acc 90.65420627593994 | Test Acc 92.85714030265808

INFO >> Epoch: 17  |  Train Loss: 0.079 | Train Acc: 97.97  |  Val Loss: 0.415 | Val Acc: 87.85  |  Test Loss: 0.207 | Tes Acc: 92.86
INFO >> Epoch: 18  |  Train Loss: 0.065 | Train Acc: 98.55  |  Val Loss: 0.421 | Val Acc: 88.79  |  Test Loss: 0.227 | Tes Acc: 92.86
INFO >> Epoch: 19  |  Train Loss: 0.049 | Train Acc: 99.71  |  Val Loss: 0.518 | Val Acc: 87.85  |  Test Loss: 0.280 | Tes Acc: 90.48
INFO >> Epoch: 20  |  Train Loss: 0.035 | Train Acc: 99.42  |  Val Loss: 0.470 | Val Acc: 86.92  |  Test Loss: 0.241 | Tes Acc: 92.86
INFO >> Epoch: 21  |  Train Loss: 0.022 | Train Acc: 100.00  |  Val Loss: 0.370 | Val Acc: 88.79  |  Test Loss: 0.214 | Tes Acc: 92.86
INFO >> Epoch: 22  |  Train Loss: 0.021 | Train Acc: 99.71  |  Val Loss: 0.394 | Val Acc: 90.65  |  Test Loss: 0.160 | Tes Acc: 95.24
INFO >> Epoch: 23  |  Train Loss: 0.020 | Train Acc: 100.00  |  Val Loss: 0.415 | Val Acc: 88.79  |  Test Loss: 0.180 | Tes Acc: 94.05
INFO >> Epoch: 24  |  Train Loss: 0.014 | Train Acc: 100.00  |  Val Loss: 0.534 | Val Acc: 89.72  |  Test Loss: 0.292 | Tes Acc: 89.29
INFO >> Epoch: 25  |  Train Loss: 0.019 | Train Acc: 100.00  |  Val Loss: 0.332 | Val Acc: 90.65  |  Test Loss: 0.187 | Tes Acc: 94.05
INFO >> Epoch: 26  |  Train Loss: 0.012 | Train Acc: 100.00  |  Val Loss: 0.321 | Val Acc: 90.65  |  Test Loss: 0.180 | Tes Acc: 92.86
INFO >> Epoch: 27  |  Train Loss: 0.012 | Train Acc: 100.00  |  Val Loss: 0.474 | Val Acc: 89.72  |  Test Loss: 0.232 | Tes Acc: 91.67
INFO >> Epoch: 28  |  Train Loss: 0.007 | Train Acc: 100.00  |  Val Loss: 0.378 | Val Acc: 88.79  |  Test Loss: 0.238 | Tes Acc: 94.05
INFO >> Epoch: 29  |  Train Loss: 0.006 | Train Acc: 100.00  |  Val Loss: 0.383 | Val Acc: 92.52  |  Test Loss: 0.174 | Tes Acc: 95.24
DEBUG >> Best state saved | Val Acc 92.52336621284485 | Test Acc 95.23809552192688

INFO >> Epoch: 30  |  Train Loss: 0.005 | Train Acc: 100.00  |  Val Loss: 0.459 | Val Acc: 87.85  |  Test Loss: 0.222 | Tes Acc: 94.05


INFO >> Time Taken: 05:16

INFO >> Best Val Acc : 92.52336621284485 | Best Test Acc : 95.23809552192688

INFO >> Agg. Weights : 
0.15196987986564636 0.30180200934410095 -0.039040666073560715 0.30924761295318604 0.1686444729566574 0.039380840957164764 -0.20572127401828766 0.11211922764778137 -0.07910999655723572 -0.13688771426677704 0.024480795487761497 -0.2289201021194458 -0.09647632390260696 -0.29356375336647034 -0.07952037453651428 -0.2635798454284668 -0.2005617916584015 -0.07889897376298904 -0.08262515813112259 -0.04747476428747177 0.11221464723348618 -0.08484246581792831 0.1576121747493744 0.0012363659916445613

DEBUG >> Last state saved | Val Acc 87.85046935081482 | Test Acc 94.04761791229248

INFO >> History saved (./history/v1.5/EmoDB/FX_HUBERT_ASR_LARGE_CLF_DENSE/Run4/history.pt)
