
--------------------------------------------------
Multilingual SER System v1.2
--------------------------------------------------
Run Name      : Run5
Fx Model      : HUBERT_LARGE
Clf Model     : DENSE
Extract Mode  : gpu_memory
Dataset       : CaFE
Device        : gpu
Epochs        : 20
Num Workers   : 2
Data Dir      : ./data
History Dir   : ./history
Weights Dir   : ./weights
Log Level     : debug
Purge Cache   : False
Job Name      : Job138
Job Id        : 30684239
GPU           : Quadro RTX 8000
GPU Count     : 1

Timestamp : 2023-03-02 07:46:58.641888

INFO >> Running on CUDA


INFO >> Training Classifier

INFO >> Epoch: 1 |   Train Loss: 1.901 | Train Acc: 23.44 |   Val Loss: 1.784 | Val Acc: 30.77 |   Test Loss: 1.768 | Tes Acc: 28.63
DEBUG >> Best state saved | Val Acc 30.769231915473938 | Test Acc 28.632479906082153

INFO >> Epoch: 2 |   Train Loss: 1.632 | Train Acc: 35.53 |   Val Loss: 1.628 | Val Acc: 35.26 |   Test Loss: 1.496 | Tes Acc: 37.18
DEBUG >> Best state saved | Val Acc 35.256409645080566 | Test Acc 37.17948794364929

INFO >> Epoch: 3 |   Train Loss: 1.377 | Train Acc: 47.62 |   Val Loss: 1.540 | Val Acc: 42.95 |   Test Loss: 1.452 | Tes Acc: 41.88
DEBUG >> Best state saved | Val Acc 42.94871687889099 | Test Acc 41.88034236431122

INFO >> Epoch: 4 |   Train Loss: 1.144 | Train Acc: 56.59 |   Val Loss: 1.501 | Val Acc: 46.15 |   Test Loss: 1.163 | Tes Acc: 51.28
DEBUG >> Best state saved | Val Acc 46.15384638309479 | Test Acc 51.28205418586731

INFO >> Epoch: 5 |   Train Loss: 1.017 | Train Acc: 65.02 |   Val Loss: 1.585 | Val Acc: 36.54 |   Test Loss: 1.541 | Tes Acc: 43.16
INFO >> Epoch: 6 |   Train Loss: 0.812 | Train Acc: 70.15 |   Val Loss: 1.488 | Val Acc: 50.00 |   Test Loss: 1.067 | Tes Acc: 57.26
DEBUG >> Best state saved | Val Acc 50.0 | Test Acc 57.26495981216431

INFO >> Epoch: 7 |   Train Loss: 0.684 | Train Acc: 76.19 |   Val Loss: 1.472 | Val Acc: 52.56 |   Test Loss: 0.788 | Tes Acc: 71.37
DEBUG >> Best state saved | Val Acc 52.56410241127014 | Test Acc 71.36752009391785

INFO >> Epoch: 8 |   Train Loss: 0.484 | Train Acc: 83.33 |   Val Loss: 2.240 | Val Acc: 48.72 |   Test Loss: 1.044 | Tes Acc: 66.67
INFO >> Epoch: 9 |   Train Loss: 0.540 | Train Acc: 79.30 |   Val Loss: 2.149 | Val Acc: 42.95 |   Test Loss: 1.199 | Tes Acc: 60.68
INFO >> Epoch: 10 |   Train Loss: 0.416 | Train Acc: 84.80 |   Val Loss: 1.389 | Val Acc: 58.33 |   Test Loss: 0.738 | Tes Acc: 74.79
DEBUG >> Best state saved | Val Acc 58.33333134651184 | Test Acc 74.7863233089447

INFO >> Epoch: 11 |   Train Loss: 0.244 | Train Acc: 94.14 |   Val Loss: 1.652 | Val Acc: 54.49 |   Test Loss: 1.108 | Tes Acc: 64.10
INFO >> Epoch: 12 |   Train Loss: 0.387 | Train Acc: 86.08 |   Val Loss: 1.530 | Val Acc: 58.33 |   Test Loss: 1.177 | Tes Acc: 61.54
INFO >> Epoch: 13 |   Train Loss: 0.261 | Train Acc: 89.93 |   Val Loss: 1.587 | Val Acc: 60.26 |   Test Loss: 0.993 | Tes Acc: 67.09
DEBUG >> Best state saved | Val Acc 60.256409645080566 | Test Acc 67.09401607513428

INFO >> Epoch: 14 |   Train Loss: 0.149 | Train Acc: 96.70 |   Val Loss: 2.032 | Val Acc: 52.56 |   Test Loss: 1.311 | Tes Acc: 64.10
INFO >> Epoch: 15 |   Train Loss: 0.131 | Train Acc: 96.70 |   Val Loss: 1.919 | Val Acc: 54.49 |   Test Loss: 1.138 | Tes Acc: 68.80
INFO >> Epoch: 16 |   Train Loss: 0.143 | Train Acc: 95.24 |   Val Loss: 1.705 | Val Acc: 64.10 |   Test Loss: 1.074 | Tes Acc: 66.24
DEBUG >> Best state saved | Val Acc 64.10256624221802 | Test Acc 66.23931527137756

INFO >> Epoch: 17 |   Train Loss: 0.134 | Train Acc: 94.87 |   Val Loss: 2.871 | Val Acc: 50.00 |   Test Loss: 1.239 | Tes Acc: 68.80
INFO >> Epoch: 18 |   Train Loss: 0.213 | Train Acc: 93.41 |   Val Loss: 3.144 | Val Acc: 46.15 |   Test Loss: 1.255 | Tes Acc: 67.09
INFO >> Epoch: 19 |   Train Loss: 0.459 | Train Acc: 85.71 |   Val Loss: 1.774 | Val Acc: 53.21 |   Test Loss: 0.825 | Tes Acc: 73.93
INFO >> Epoch: 20 |   Train Loss: 0.122 | Train Acc: 97.25 |   Val Loss: 1.580 | Val Acc: 58.33 |   Test Loss: 0.680 | Tes Acc: 77.35


INFO >> Time Taken: 11:25

INFO >> Best Val Acc : 64.10256624221802 | Best Test Acc : 66.23931527137756

INFO >> Agg. Weights : 
-0.2325446456670761 -0.10711419582366943 0.11705955117940903 -0.19206692278385162 -0.07712140679359436 0.2575898766517639 0.18116216361522675 -0.08965270221233368 0.2183949202299118 0.005512096453458071 0.045397840440273285 0.3040575087070465 0.1787833422422409 0.2562180459499359 -0.07086677104234695 0.17126785218715668 -0.15758714079856873 -0.0009429510100744665 0.04587817192077637 0.08155333995819092 -0.08605651557445526 0.021947061643004417 -0.22188478708267212 -0.11717961728572845

DEBUG >> Last state saved | Val Acc 58.33333134651184 | Test Acc 77.35042572021484

INFO >> History saved (./history/v1.2/CaFE/HUBERT_LARGE_DENSE/Run5/history.pt)
