
--------------------------------------------------
Multilingual SER System v1.4
--------------------------------------------------
Run Name      : Run3
Fx Model      : WAV2VEC2_BASE
Clf Model     : PROBING
Extract Mode  : gpu_memory
Dataset       : AESDD
Device        : gpu
Epochs        : 30
Num Workers   : 3
Data Dir      : ./data
History Dir   : ./history
Weights Dir   : ./weights
Log Level     : debug
Purge Cache   : False
Job Name      : Job316
Job Id        : 30913095
GPU           : Quadro RTX 8000
GPU Count     : 1
GPU Memory    : 44.49 GB

Timestamp : 2023-03-11 11:30:39.517300

INFO >> Running on CUDA


INFO >> Training Classifier

INFO >> Epoch: 1  |  Layer:  1  |  Train Loss: 1.643 | Train Acc: 20.47  |  Val Loss: 1.588 | Val Acc: 35.35  |  Test Loss: 1.595 | Tes Acc: 22.22
INFO >> Epoch: 1  |  Layer:  2  |  Train Loss: 1.609 | Train Acc: 22.15  |  Val Loss: 1.588 | Val Acc: 22.22  |  Test Loss: 1.602 | Tes Acc: 19.81
INFO >> Epoch: 1  |  Layer:  3  |  Train Loss: 1.607 | Train Acc: 24.16  |  Val Loss: 1.583 | Val Acc: 22.22  |  Test Loss: 1.593 | Tes Acc: 19.81
INFO >> Epoch: 1  |  Layer:  4  |  Train Loss: 1.603 | Train Acc: 24.83  |  Val Loss: 1.579 | Val Acc: 20.20  |  Test Loss: 1.581 | Tes Acc: 19.81
INFO >> Epoch: 1  |  Layer:  5  |  Train Loss: 1.594 | Train Acc: 28.86  |  Val Loss: 1.568 | Val Acc: 20.20  |  Test Loss: 1.560 | Tes Acc: 20.77
INFO >> Epoch: 1  |  Layer:  6  |  Train Loss: 1.587 | Train Acc: 34.90  |  Val Loss: 1.560 | Val Acc: 21.21  |  Test Loss: 1.556 | Tes Acc: 27.05
INFO >> Epoch: 1  |  Layer:  7  |  Train Loss: 1.574 | Train Acc: 32.89  |  Val Loss: 1.525 | Val Acc: 21.21  |  Test Loss: 1.542 | Tes Acc: 30.43
INFO >> Epoch: 1  |  Layer:  8  |  Train Loss: 1.582 | Train Acc: 31.54  |  Val Loss: 1.525 | Val Acc: 23.23  |  Test Loss: 1.558 | Tes Acc: 26.57
INFO >> Epoch: 1  |  Layer:  9  |  Train Loss: 1.578 | Train Acc: 33.56  |  Val Loss: 1.517 | Val Acc: 33.33  |  Test Loss: 1.551 | Tes Acc: 37.20
INFO >> Epoch: 1  |  Layer: 10  |  Train Loss: 1.589 | Train Acc: 31.88  |  Val Loss: 1.546 | Val Acc: 25.25  |  Test Loss: 1.573 | Tes Acc: 33.33
INFO >> Epoch: 1  |  Layer: 11  |  Train Loss: 1.593 | Train Acc: 26.17  |  Val Loss: 1.559 | Val Acc: 20.20  |  Test Loss: 1.584 | Tes Acc: 22.22
INFO >> Epoch: 1  |  Layer: 12  |  Train Loss: 1.610 | Train Acc: 19.46  |  Val Loss: 1.603 | Val Acc: 33.33  |  Test Loss: 1.600 | Tes Acc: 25.12
INFO >> Epoch: 1  |  Layer: 13  |  Train Loss: 1.614 | Train Acc: 24.83  |  Val Loss: 1.600 | Val Acc: 20.20  |  Test Loss: 1.598 | Tes Acc: 22.22

INFO >> Epoch: 2  |  Layer:  1  |  Train Loss: 1.619 | Train Acc: 26.17  |  Val Loss: 1.608 | Val Acc: 35.35  |  Test Loss: 1.596 | Tes Acc: 25.12
INFO >> Epoch: 2  |  Layer:  2  |  Train Loss: 1.575 | Train Acc: 22.82  |  Val Loss: 1.576 | Val Acc: 46.46  |  Test Loss: 1.586 | Tes Acc: 32.37
INFO >> Epoch: 2  |  Layer:  3  |  Train Loss: 1.559 | Train Acc: 26.51  |  Val Loss: 1.574 | Val Acc: 52.53  |  Test Loss: 1.567 | Tes Acc: 39.61
INFO >> Epoch: 2  |  Layer:  4  |  Train Loss: 1.543 | Train Acc: 28.52  |  Val Loss: 1.554 | Val Acc: 53.54  |  Test Loss: 1.538 | Tes Acc: 53.62
INFO >> Epoch: 2  |  Layer:  5  |  Train Loss: 1.515 | Train Acc: 36.24  |  Val Loss: 1.530 | Val Acc: 57.58  |  Test Loss: 1.487 | Tes Acc: 48.31
INFO >> Epoch: 2  |  Layer:  6  |  Train Loss: 1.504 | Train Acc: 42.28  |  Val Loss: 1.518 | Val Acc: 60.61  |  Test Loss: 1.490 | Tes Acc: 52.66
INFO >> Epoch: 2  |  Layer:  7  |  Train Loss: 1.461 | Train Acc: 53.36  |  Val Loss: 1.448 | Val Acc: 58.59  |  Test Loss: 1.459 | Tes Acc: 56.52
INFO >> Epoch: 2  |  Layer:  8  |  Train Loss: 1.485 | Train Acc: 50.00  |  Val Loss: 1.460 | Val Acc: 65.66  |  Test Loss: 1.489 | Tes Acc: 47.34
INFO >> Epoch: 2  |  Layer:  9  |  Train Loss: 1.484 | Train Acc: 47.65  |  Val Loss: 1.440 | Val Acc: 63.64  |  Test Loss: 1.485 | Tes Acc: 45.41
INFO >> Epoch: 2  |  Layer: 10  |  Train Loss: 1.508 | Train Acc: 43.96  |  Val Loss: 1.485 | Val Acc: 49.49  |  Test Loss: 1.528 | Tes Acc: 42.03
INFO >> Epoch: 2  |  Layer: 11  |  Train Loss: 1.520 | Train Acc: 40.27  |  Val Loss: 1.517 | Val Acc: 47.47  |  Test Loss: 1.550 | Tes Acc: 38.16
INFO >> Epoch: 2  |  Layer: 12  |  Train Loss: 1.595 | Train Acc: 23.49  |  Val Loss: 1.591 | Val Acc: 25.25  |  Test Loss: 1.598 | Tes Acc: 22.22
INFO >> Epoch: 2  |  Layer: 13  |  Train Loss: 1.577 | Train Acc: 29.53  |  Val Loss: 1.579 | Val Acc: 30.30  |  Test Loss: 1.580 | Tes Acc: 24.64

INFO >> Epoch: 3  |  Layer:  1  |  Train Loss: 1.594 | Train Acc: 27.52  |  Val Loss: 1.607 | Val Acc: 27.27  |  Test Loss: 1.564 | Tes Acc: 29.95
INFO >> Epoch: 3  |  Layer:  2  |  Train Loss: 1.533 | Train Acc: 28.86  |  Val Loss: 1.558 | Val Acc: 49.49  |  Test Loss: 1.580 | Tes Acc: 25.12
INFO >> Epoch: 3  |  Layer:  3  |  Train Loss: 1.501 | Train Acc: 39.60  |  Val Loss: 1.547 | Val Acc: 58.59  |  Test Loss: 1.544 | Tes Acc: 28.99
INFO >> Epoch: 3  |  Layer:  4  |  Train Loss: 1.468 | Train Acc: 47.99  |  Val Loss: 1.512 | Val Acc: 38.38  |  Test Loss: 1.503 | Tes Acc: 30.92
INFO >> Epoch: 3  |  Layer:  5  |  Train Loss: 1.414 | Train Acc: 49.66  |  Val Loss: 1.477 | Val Acc: 53.54  |  Test Loss: 1.432 | Tes Acc: 47.34
INFO >> Epoch: 3  |  Layer:  6  |  Train Loss: 1.387 | Train Acc: 58.72  |  Val Loss: 1.462 | Val Acc: 45.45  |  Test Loss: 1.425 | Tes Acc: 51.21
INFO >> Epoch: 3  |  Layer:  7  |  Train Loss: 1.308 | Train Acc: 64.77  |  Val Loss: 1.365 | Val Acc: 58.59  |  Test Loss: 1.388 | Tes Acc: 55.07
INFO >> Epoch: 3  |  Layer:  8  |  Train Loss: 1.355 | Train Acc: 56.04  |  Val Loss: 1.392 | Val Acc: 61.62  |  Test Loss: 1.443 | Tes Acc: 48.79
INFO >> Epoch: 3  |  Layer:  9  |  Train Loss: 1.350 | Train Acc: 50.34  |  Val Loss: 1.375 | Val Acc: 55.56  |  Test Loss: 1.448 | Tes Acc: 46.38
INFO >> Epoch: 3  |  Layer: 10  |  Train Loss: 1.400 | Train Acc: 52.68  |  Val Loss: 1.435 | Val Acc: 48.48  |  Test Loss: 1.501 | Tes Acc: 42.03
INFO >> Epoch: 3  |  Layer: 11  |  Train Loss: 1.425 | Train Acc: 50.00  |  Val Loss: 1.474 | Val Acc: 41.41  |  Test Loss: 1.528 | Tes Acc: 33.33
INFO >> Epoch: 3  |  Layer: 12  |  Train Loss: 1.564 | Train Acc: 33.89  |  Val Loss: 1.580 | Val Acc: 27.27  |  Test Loss: 1.593 | Tes Acc: 24.15
INFO >> Epoch: 3  |  Layer: 13  |  Train Loss: 1.521 | Train Acc: 29.87  |  Val Loss: 1.571 | Val Acc: 32.32  |  Test Loss: 1.573 | Tes Acc: 27.05

INFO >> Epoch: 4  |  Layer:  1  |  Train Loss: 1.556 | Train Acc: 28.19  |  Val Loss: 1.625 | Val Acc: 30.30  |  Test Loss: 1.562 | Tes Acc: 24.15
INFO >> Epoch: 4  |  Layer:  2  |  Train Loss: 1.507 | Train Acc: 35.91  |  Val Loss: 1.550 | Val Acc: 41.41  |  Test Loss: 1.567 | Tes Acc: 38.65
INFO >> Epoch: 4  |  Layer:  3  |  Train Loss: 1.463 | Train Acc: 39.60  |  Val Loss: 1.528 | Val Acc: 50.51  |  Test Loss: 1.515 | Tes Acc: 49.28
INFO >> Epoch: 4  |  Layer:  4  |  Train Loss: 1.401 | Train Acc: 58.39  |  Val Loss: 1.468 | Val Acc: 67.68  |  Test Loss: 1.435 | Tes Acc: 56.04
INFO >> Epoch: 4  |  Layer:  5  |  Train Loss: 1.328 | Train Acc: 70.81  |  Val Loss: 1.419 | Val Acc: 64.65  |  Test Loss: 1.353 | Tes Acc: 57.97
INFO >> Epoch: 4  |  Layer:  6  |  Train Loss: 1.299 | Train Acc: 71.14  |  Val Loss: 1.387 | Val Acc: 67.68  |  Test Loss: 1.343 | Tes Acc: 60.39
INFO >> Epoch: 4  |  Layer:  7  |  Train Loss: 1.216 | Train Acc: 67.45  |  Val Loss: 1.271 | Val Acc: 61.62  |  Test Loss: 1.299 | Tes Acc: 57.00
INFO >> Epoch: 4  |  Layer:  8  |  Train Loss: 1.285 | Train Acc: 58.72  |  Val Loss: 1.313 | Val Acc: 64.65  |  Test Loss: 1.373 | Tes Acc: 52.66
INFO >> Epoch: 4  |  Layer:  9  |  Train Loss: 1.291 | Train Acc: 54.03  |  Val Loss: 1.298 | Val Acc: 58.59  |  Test Loss: 1.393 | Tes Acc: 47.83
INFO >> Epoch: 4  |  Layer: 10  |  Train Loss: 1.358 | Train Acc: 50.34  |  Val Loss: 1.374 | Val Acc: 46.46  |  Test Loss: 1.450 | Tes Acc: 41.55
INFO >> Epoch: 4  |  Layer: 11  |  Train Loss: 1.386 | Train Acc: 51.34  |  Val Loss: 1.417 | Val Acc: 38.38  |  Test Loss: 1.486 | Tes Acc: 39.13
INFO >> Epoch: 4  |  Layer: 12  |  Train Loss: 1.560 | Train Acc: 29.53  |  Val Loss: 1.577 | Val Acc: 32.32  |  Test Loss: 1.587 | Tes Acc: 27.05
INFO >> Epoch: 4  |  Layer: 13  |  Train Loss: 1.506 | Train Acc: 34.90  |  Val Loss: 1.579 | Val Acc: 23.23  |  Test Loss: 1.554 | Tes Acc: 31.88

INFO >> Epoch: 5  |  Layer:  1  |  Train Loss: 1.530 | Train Acc: 32.55  |  Val Loss: 1.646 | Val Acc: 26.26  |  Test Loss: 1.547 | Tes Acc: 32.85
INFO >> Epoch: 5  |  Layer:  2  |  Train Loss: 1.471 | Train Acc: 43.62  |  Val Loss: 1.535 | Val Acc: 48.48  |  Test Loss: 1.546 | Tes Acc: 38.16
INFO >> Epoch: 5  |  Layer:  3  |  Train Loss: 1.407 | Train Acc: 54.03  |  Val Loss: 1.502 | Val Acc: 56.57  |  Test Loss: 1.475 | Tes Acc: 62.32
INFO >> Epoch: 5  |  Layer:  4  |  Train Loss: 1.323 | Train Acc: 65.77  |  Val Loss: 1.420 | Val Acc: 70.71  |  Test Loss: 1.375 | Tes Acc: 54.59
INFO >> Epoch: 5  |  Layer:  5  |  Train Loss: 1.236 | Train Acc: 67.79  |  Val Loss: 1.357 | Val Acc: 68.69  |  Test Loss: 1.279 | Tes Acc: 56.04
INFO >> Epoch: 5  |  Layer:  6  |  Train Loss: 1.204 | Train Acc: 75.17  |  Val Loss: 1.328 | Val Acc: 67.68  |  Test Loss: 1.284 | Tes Acc: 57.49
INFO >> Epoch: 5  |  Layer:  7  |  Train Loss: 1.108 | Train Acc: 71.14  |  Val Loss: 1.188 | Val Acc: 65.66  |  Test Loss: 1.230 | Tes Acc: 60.39
INFO >> Epoch: 5  |  Layer:  8  |  Train Loss: 1.221 | Train Acc: 66.11  |  Val Loss: 1.246 | Val Acc: 63.64  |  Test Loss: 1.327 | Tes Acc: 51.21
INFO >> Epoch: 5  |  Layer:  9  |  Train Loss: 1.231 | Train Acc: 62.08  |  Val Loss: 1.245 | Val Acc: 63.64  |  Test Loss: 1.355 | Tes Acc: 48.31
INFO >> Epoch: 5  |  Layer: 10  |  Train Loss: 1.292 | Train Acc: 62.75  |  Val Loss: 1.320 | Val Acc: 51.52  |  Test Loss: 1.413 | Tes Acc: 42.03
INFO >> Epoch: 5  |  Layer: 11  |  Train Loss: 1.326 | Train Acc: 62.75  |  Val Loss: 1.370 | Val Acc: 41.41  |  Test Loss: 1.451 | Tes Acc: 40.10
INFO >> Epoch: 5  |  Layer: 12  |  Train Loss: 1.535 | Train Acc: 37.92  |  Val Loss: 1.564 | Val Acc: 36.36  |  Test Loss: 1.587 | Tes Acc: 26.09
INFO >> Epoch: 5  |  Layer: 13  |  Train Loss: 1.463 | Train Acc: 39.60  |  Val Loss: 1.549 | Val Acc: 35.35  |  Test Loss: 1.540 | Tes Acc: 33.82

INFO >> Epoch: 6  |  Layer:  1  |  Train Loss: 1.491 | Train Acc: 37.25  |  Val Loss: 1.572 | Val Acc: 39.39  |  Test Loss: 1.545 | Tes Acc: 29.47
INFO >> Epoch: 6  |  Layer:  2  |  Train Loss: 1.419 | Train Acc: 50.34  |  Val Loss: 1.511 | Val Acc: 45.45  |  Test Loss: 1.540 | Tes Acc: 37.20
INFO >> Epoch: 6  |  Layer:  3  |  Train Loss: 1.327 | Train Acc: 61.74  |  Val Loss: 1.448 | Val Acc: 56.57  |  Test Loss: 1.452 | Tes Acc: 47.34
INFO >> Epoch: 6  |  Layer:  4  |  Train Loss: 1.201 | Train Acc: 71.48  |  Val Loss: 1.375 | Val Acc: 59.60  |  Test Loss: 1.333 | Tes Acc: 56.52
INFO >> Epoch: 6  |  Layer:  5  |  Train Loss: 1.105 | Train Acc: 74.50  |  Val Loss: 1.310 | Val Acc: 60.61  |  Test Loss: 1.245 | Tes Acc: 55.56
INFO >> Epoch: 6  |  Layer:  6  |  Train Loss: 1.055 | Train Acc: 80.20  |  Val Loss: 1.269 | Val Acc: 68.69  |  Test Loss: 1.211 | Tes Acc: 61.84
INFO >> Epoch: 6  |  Layer:  7  |  Train Loss: 0.940 | Train Acc: 75.84  |  Val Loss: 1.142 | Val Acc: 56.57  |  Test Loss: 1.166 | Tes Acc: 62.32
INFO >> Epoch: 6  |  Layer:  8  |  Train Loss: 1.053 | Train Acc: 67.79  |  Val Loss: 1.215 | Val Acc: 54.55  |  Test Loss: 1.273 | Tes Acc: 52.66
INFO >> Epoch: 6  |  Layer:  9  |  Train Loss: 1.078 | Train Acc: 66.11  |  Val Loss: 1.221 | Val Acc: 56.57  |  Test Loss: 1.316 | Tes Acc: 51.21
INFO >> Epoch: 6  |  Layer: 10  |  Train Loss: 1.152 | Train Acc: 63.76  |  Val Loss: 1.300 | Val Acc: 46.46  |  Test Loss: 1.367 | Tes Acc: 45.41
INFO >> Epoch: 6  |  Layer: 11  |  Train Loss: 1.205 | Train Acc: 66.11  |  Val Loss: 1.354 | Val Acc: 41.41  |  Test Loss: 1.423 | Tes Acc: 42.03
INFO >> Epoch: 6  |  Layer: 12  |  Train Loss: 1.514 | Train Acc: 35.23  |  Val Loss: 1.552 | Val Acc: 31.31  |  Test Loss: 1.586 | Tes Acc: 23.67
INFO >> Epoch: 6  |  Layer: 13  |  Train Loss: 1.421 | Train Acc: 44.97  |  Val Loss: 1.555 | Val Acc: 38.38  |  Test Loss: 1.528 | Tes Acc: 35.75

INFO >> Epoch: 7  |  Layer:  1  |  Train Loss: 1.471 | Train Acc: 39.26  |  Val Loss: 1.588 | Val Acc: 41.41  |  Test Loss: 1.532 | Tes Acc: 34.30
INFO >> Epoch: 7  |  Layer:  2  |  Train Loss: 1.393 | Train Acc: 51.34  |  Val Loss: 1.504 | Val Acc: 42.42  |  Test Loss: 1.526 | Tes Acc: 36.23
INFO >> Epoch: 7  |  Layer:  3  |  Train Loss: 1.279 | Train Acc: 61.41  |  Val Loss: 1.430 | Val Acc: 53.54  |  Test Loss: 1.405 | Tes Acc: 58.94
INFO >> Epoch: 7  |  Layer:  4  |  Train Loss: 1.129 | Train Acc: 70.47  |  Val Loss: 1.324 | Val Acc: 66.67  |  Test Loss: 1.257 | Tes Acc: 59.90
INFO >> Epoch: 7  |  Layer:  5  |  Train Loss: 1.031 | Train Acc: 75.84  |  Val Loss: 1.252 | Val Acc: 70.71  |  Test Loss: 1.166 | Tes Acc: 58.94
INFO >> Epoch: 7  |  Layer:  6  |  Train Loss: 0.986 | Train Acc: 76.85  |  Val Loss: 1.216 | Val Acc: 67.68  |  Test Loss: 1.169 | Tes Acc: 60.39
INFO >> Epoch: 7  |  Layer:  7  |  Train Loss: 0.875 | Train Acc: 80.54  |  Val Loss: 1.073 | Val Acc: 63.64  |  Test Loss: 1.114 | Tes Acc: 62.32
INFO >> Epoch: 7  |  Layer:  8  |  Train Loss: 1.008 | Train Acc: 73.15  |  Val Loss: 1.162 | Val Acc: 57.58  |  Test Loss: 1.238 | Tes Acc: 52.17
INFO >> Epoch: 7  |  Layer:  9  |  Train Loss: 1.042 | Train Acc: 67.79  |  Val Loss: 1.180 | Val Acc: 57.58  |  Test Loss: 1.288 | Tes Acc: 51.21
INFO >> Epoch: 7  |  Layer: 10  |  Train Loss: 1.111 | Train Acc: 69.80  |  Val Loss: 1.255 | Val Acc: 49.49  |  Test Loss: 1.327 | Tes Acc: 47.83
INFO >> Epoch: 7  |  Layer: 11  |  Train Loss: 1.160 | Train Acc: 69.13  |  Val Loss: 1.302 | Val Acc: 43.43  |  Test Loss: 1.383 | Tes Acc: 40.58
INFO >> Epoch: 7  |  Layer: 12  |  Train Loss: 1.510 | Train Acc: 37.92  |  Val Loss: 1.549 | Val Acc: 39.39  |  Test Loss: 1.574 | Tes Acc: 33.82
INFO >> Epoch: 7  |  Layer: 13  |  Train Loss: 1.399 | Train Acc: 47.32  |  Val Loss: 1.542 | Val Acc: 30.30  |  Test Loss: 1.506 | Tes Acc: 38.65

INFO >> Epoch: 8  |  Layer:  1  |  Train Loss: 1.469 | Train Acc: 32.89  |  Val Loss: 1.575 | Val Acc: 28.28  |  Test Loss: 1.551 | Tes Acc: 28.02
INFO >> Epoch: 8  |  Layer:  2  |  Train Loss: 1.371 | Train Acc: 53.02  |  Val Loss: 1.503 | Val Acc: 33.33  |  Test Loss: 1.514 | Tes Acc: 37.20
INFO >> Epoch: 8  |  Layer:  3  |  Train Loss: 1.234 | Train Acc: 70.47  |  Val Loss: 1.383 | Val Acc: 52.53  |  Test Loss: 1.395 | Tes Acc: 47.83
INFO >> Epoch: 8  |  Layer:  4  |  Train Loss: 1.060 | Train Acc: 78.52  |  Val Loss: 1.305 | Val Acc: 58.59  |  Test Loss: 1.272 | Tes Acc: 50.24
INFO >> Epoch: 8  |  Layer:  5  |  Train Loss: 0.966 | Train Acc: 78.52  |  Val Loss: 1.227 | Val Acc: 65.66  |  Test Loss: 1.186 | Tes Acc: 55.56
INFO >> Epoch: 8  |  Layer:  6  |  Train Loss: 0.915 | Train Acc: 81.54  |  Val Loss: 1.187 | Val Acc: 60.61  |  Test Loss: 1.146 | Tes Acc: 58.94
INFO >> Epoch: 8  |  Layer:  7  |  Train Loss: 0.792 | Train Acc: 81.88  |  Val Loss: 1.048 | Val Acc: 61.62  |  Test Loss: 1.109 | Tes Acc: 56.52
INFO >> Epoch: 8  |  Layer:  8  |  Train Loss: 0.918 | Train Acc: 74.83  |  Val Loss: 1.133 | Val Acc: 56.57  |  Test Loss: 1.240 | Tes Acc: 50.72
INFO >> Epoch: 8  |  Layer:  9  |  Train Loss: 0.968 | Train Acc: 69.13  |  Val Loss: 1.146 | Val Acc: 55.56  |  Test Loss: 1.296 | Tes Acc: 48.31
INFO >> Epoch: 8  |  Layer: 10  |  Train Loss: 1.046 | Train Acc: 70.47  |  Val Loss: 1.236 | Val Acc: 42.42  |  Test Loss: 1.323 | Tes Acc: 46.38
INFO >> Epoch: 8  |  Layer: 11  |  Train Loss: 1.108 | Train Acc: 70.81  |  Val Loss: 1.302 | Val Acc: 42.42  |  Test Loss: 1.383 | Tes Acc: 37.20
INFO >> Epoch: 8  |  Layer: 12  |  Train Loss: 1.499 | Train Acc: 37.58  |  Val Loss: 1.549 | Val Acc: 34.34  |  Test Loss: 1.580 | Tes Acc: 26.57
INFO >> Epoch: 8  |  Layer: 13  |  Train Loss: 1.372 | Train Acc: 51.68  |  Val Loss: 1.553 | Val Acc: 34.34  |  Test Loss: 1.511 | Tes Acc: 36.71

INFO >> Epoch: 9  |  Layer:  1  |  Train Loss: 1.503 | Train Acc: 37.25  |  Val Loss: 1.639 | Val Acc: 36.36  |  Test Loss: 1.526 | Tes Acc: 28.50
INFO >> Epoch: 9  |  Layer:  2  |  Train Loss: 1.334 | Train Acc: 52.01  |  Val Loss: 1.471 | Val Acc: 37.37  |  Test Loss: 1.502 | Tes Acc: 38.16
INFO >> Epoch: 9  |  Layer:  3  |  Train Loss: 1.167 | Train Acc: 58.05  |  Val Loss: 1.354 | Val Acc: 57.58  |  Test Loss: 1.337 | Tes Acc: 58.94
INFO >> Epoch: 9  |  Layer:  4  |  Train Loss: 0.969 | Train Acc: 77.52  |  Val Loss: 1.206 | Val Acc: 71.72  |  Test Loss: 1.154 | Tes Acc: 64.25
INFO >> Epoch: 9  |  Layer:  5  |  Train Loss: 0.868 | Train Acc: 80.20  |  Val Loss: 1.134 | Val Acc: 72.73  |  Test Loss: 1.085 | Tes Acc: 63.77
INFO >> Epoch: 9  |  Layer:  6  |  Train Loss: 0.802 | Train Acc: 84.23  |  Val Loss: 1.090 | Val Acc: 71.72  |  Test Loss: 1.085 | Tes Acc: 62.32
INFO >> Epoch: 9  |  Layer:  7  |  Train Loss: 0.683 | Train Acc: 84.90  |  Val Loss: 0.968 | Val Acc: 65.66  |  Test Loss: 1.031 | Tes Acc: 64.73
INFO >> Epoch: 9  |  Layer:  8  |  Train Loss: 0.827 | Train Acc: 74.16  |  Val Loss: 1.086 | Val Acc: 57.58  |  Test Loss: 1.166 | Tes Acc: 52.66
INFO >> Epoch: 9  |  Layer:  9  |  Train Loss: 0.885 | Train Acc: 70.47  |  Val Loss: 1.105 | Val Acc: 57.58  |  Test Loss: 1.227 | Tes Acc: 51.69
INFO >> Epoch: 9  |  Layer: 10  |  Train Loss: 0.952 | Train Acc: 70.47  |  Val Loss: 1.193 | Val Acc: 50.51  |  Test Loss: 1.260 | Tes Acc: 51.21
INFO >> Epoch: 9  |  Layer: 11  |  Train Loss: 1.032 | Train Acc: 66.44  |  Val Loss: 1.231 | Val Acc: 50.51  |  Test Loss: 1.321 | Tes Acc: 47.34
INFO >> Epoch: 9  |  Layer: 12  |  Train Loss: 1.486 | Train Acc: 42.95  |  Val Loss: 1.545 | Val Acc: 34.34  |  Test Loss: 1.575 | Tes Acc: 25.60
INFO >> Epoch: 9  |  Layer: 13  |  Train Loss: 1.339 | Train Acc: 50.00  |  Val Loss: 1.510 | Val Acc: 36.36  |  Test Loss: 1.494 | Tes Acc: 34.30

INFO >> Epoch: 10  |  Layer:  1  |  Train Loss: 1.454 | Train Acc: 33.22  |  Val Loss: 1.536 | Val Acc: 42.42  |  Test Loss: 1.525 | Tes Acc: 31.40
INFO >> Epoch: 10  |  Layer:  2  |  Train Loss: 1.284 | Train Acc: 60.74  |  Val Loss: 1.468 | Val Acc: 42.42  |  Test Loss: 1.470 | Tes Acc: 41.06
INFO >> Epoch: 10  |  Layer:  3  |  Train Loss: 1.097 | Train Acc: 70.81  |  Val Loss: 1.302 | Val Acc: 63.64  |  Test Loss: 1.311 | Tes Acc: 53.62
INFO >> Epoch: 10  |  Layer:  4  |  Train Loss: 0.896 | Train Acc: 81.21  |  Val Loss: 1.222 | Val Acc: 60.61  |  Test Loss: 1.184 | Tes Acc: 51.69
INFO >> Epoch: 10  |  Layer:  5  |  Train Loss: 0.808 | Train Acc: 84.90  |  Val Loss: 1.140 | Val Acc: 66.67  |  Test Loss: 1.103 | Tes Acc: 59.90
INFO >> Epoch: 10  |  Layer:  6  |  Train Loss: 0.732 | Train Acc: 85.23  |  Val Loss: 1.089 | Val Acc: 65.66  |  Test Loss: 1.077 | Tes Acc: 61.35
INFO >> Epoch: 10  |  Layer:  7  |  Train Loss: 0.638 | Train Acc: 84.56  |  Val Loss: 0.967 | Val Acc: 62.63  |  Test Loss: 1.037 | Tes Acc: 60.39
INFO >> Epoch: 10  |  Layer:  8  |  Train Loss: 0.783 | Train Acc: 77.18  |  Val Loss: 1.053 | Val Acc: 57.58  |  Test Loss: 1.172 | Tes Acc: 52.17
INFO >> Epoch: 10  |  Layer:  9  |  Train Loss: 0.836 | Train Acc: 74.83  |  Val Loss: 1.054 | Val Acc: 60.61  |  Test Loss: 1.223 | Tes Acc: 52.17
INFO >> Epoch: 10  |  Layer: 10  |  Train Loss: 0.892 | Train Acc: 78.19  |  Val Loss: 1.155 | Val Acc: 50.51  |  Test Loss: 1.256 | Tes Acc: 51.69
INFO >> Epoch: 10  |  Layer: 11  |  Train Loss: 0.965 | Train Acc: 75.50  |  Val Loss: 1.229 | Val Acc: 45.45  |  Test Loss: 1.316 | Tes Acc: 42.51
INFO >> Epoch: 10  |  Layer: 12  |  Train Loss: 1.466 | Train Acc: 39.93  |  Val Loss: 1.520 | Val Acc: 32.32  |  Test Loss: 1.561 | Tes Acc: 28.50
INFO >> Epoch: 10  |  Layer: 13  |  Train Loss: 1.305 | Train Acc: 52.68  |  Val Loss: 1.524 | Val Acc: 49.49  |  Test Loss: 1.512 | Tes Acc: 34.30

INFO >> Epoch: 11  |  Layer:  1  |  Train Loss: 1.455 | Train Acc: 35.23  |  Val Loss: 1.577 | Val Acc: 37.37  |  Test Loss: 1.510 | Tes Acc: 34.30
INFO >> Epoch: 11  |  Layer:  2  |  Train Loss: 1.264 | Train Acc: 52.35  |  Val Loss: 1.488 | Val Acc: 34.34  |  Test Loss: 1.463 | Tes Acc: 38.16
INFO >> Epoch: 11  |  Layer:  3  |  Train Loss: 1.058 | Train Acc: 63.76  |  Val Loss: 1.298 | Val Acc: 54.55  |  Test Loss: 1.267 | Tes Acc: 60.39
INFO >> Epoch: 11  |  Layer:  4  |  Train Loss: 0.835 | Train Acc: 75.84  |  Val Loss: 1.137 | Val Acc: 68.69  |  Test Loss: 1.080 | Tes Acc: 63.77
INFO >> Epoch: 11  |  Layer:  5  |  Train Loss: 0.734 | Train Acc: 82.21  |  Val Loss: 1.067 | Val Acc: 72.73  |  Test Loss: 1.032 | Tes Acc: 63.77
INFO >> Epoch: 11  |  Layer:  6  |  Train Loss: 0.670 | Train Acc: 86.24  |  Val Loss: 1.003 | Val Acc: 70.71  |  Test Loss: 1.051 | Tes Acc: 58.45
INFO >> Epoch: 11  |  Layer:  7  |  Train Loss: 0.570 | Train Acc: 87.58  |  Val Loss: 0.908 | Val Acc: 66.67  |  Test Loss: 1.013 | Tes Acc: 60.87
INFO >> Epoch: 11  |  Layer:  8  |  Train Loss: 0.715 | Train Acc: 77.52  |  Val Loss: 1.020 | Val Acc: 60.61  |  Test Loss: 1.146 | Tes Acc: 53.14
INFO >> Epoch: 11  |  Layer:  9  |  Train Loss: 0.790 | Train Acc: 74.83  |  Val Loss: 1.046 | Val Acc: 60.61  |  Test Loss: 1.218 | Tes Acc: 53.14
INFO >> Epoch: 11  |  Layer: 10  |  Train Loss: 0.839 | Train Acc: 75.84  |  Val Loss: 1.137 | Val Acc: 51.52  |  Test Loss: 1.250 | Tes Acc: 50.72
INFO >> Epoch: 11  |  Layer: 11  |  Train Loss: 0.919 | Train Acc: 71.48  |  Val Loss: 1.181 | Val Acc: 52.53  |  Test Loss: 1.295 | Tes Acc: 43.48
INFO >> Epoch: 11  |  Layer: 12  |  Train Loss: 1.439 | Train Acc: 43.96  |  Val Loss: 1.535 | Val Acc: 35.35  |  Test Loss: 1.564 | Tes Acc: 28.02
INFO >> Epoch: 11  |  Layer: 13  |  Train Loss: 1.262 | Train Acc: 55.37  |  Val Loss: 1.516 | Val Acc: 34.34  |  Test Loss: 1.454 | Tes Acc: 38.65

INFO >> Epoch: 12  |  Layer:  1  |  Train Loss: 1.421 | Train Acc: 35.23  |  Val Loss: 1.529 | Val Acc: 42.42  |  Test Loss: 1.513 | Tes Acc: 33.33
INFO >> Epoch: 12  |  Layer:  2  |  Train Loss: 1.204 | Train Acc: 60.07  |  Val Loss: 1.432 | Val Acc: 46.46  |  Test Loss: 1.452 | Tes Acc: 32.85
INFO >> Epoch: 12  |  Layer:  3  |  Train Loss: 0.984 | Train Acc: 74.50  |  Val Loss: 1.234 | Val Acc: 62.63  |  Test Loss: 1.261 | Tes Acc: 54.11
INFO >> Epoch: 12  |  Layer:  4  |  Train Loss: 0.772 | Train Acc: 85.23  |  Val Loss: 1.137 | Val Acc: 62.63  |  Test Loss: 1.092 | Tes Acc: 57.00
INFO >> Epoch: 12  |  Layer:  5  |  Train Loss: 0.688 | Train Acc: 87.92  |  Val Loss: 1.055 | Val Acc: 66.67  |  Test Loss: 1.035 | Tes Acc: 61.35
INFO >> Epoch: 12  |  Layer:  6  |  Train Loss: 0.637 | Train Acc: 85.23  |  Val Loss: 1.013 | Val Acc: 68.69  |  Test Loss: 1.003 | Tes Acc: 65.22
INFO >> Epoch: 12  |  Layer:  7  |  Train Loss: 0.542 | Train Acc: 87.58  |  Val Loss: 0.928 | Val Acc: 58.59  |  Test Loss: 0.977 | Tes Acc: 67.15
INFO >> Epoch: 12  |  Layer:  8  |  Train Loss: 0.684 | Train Acc: 79.53  |  Val Loss: 1.015 | Val Acc: 59.60  |  Test Loss: 1.099 | Tes Acc: 55.56
INFO >> Epoch: 12  |  Layer:  9  |  Train Loss: 0.757 | Train Acc: 78.86  |  Val Loss: 1.022 | Val Acc: 56.57  |  Test Loss: 1.163 | Tes Acc: 53.62
INFO >> Epoch: 12  |  Layer: 10  |  Train Loss: 0.795 | Train Acc: 82.21  |  Val Loss: 1.133 | Val Acc: 46.46  |  Test Loss: 1.210 | Tes Acc: 51.69
INFO >> Epoch: 12  |  Layer: 11  |  Train Loss: 0.872 | Train Acc: 78.19  |  Val Loss: 1.203 | Val Acc: 46.46  |  Test Loss: 1.271 | Tes Acc: 46.86
INFO >> Epoch: 12  |  Layer: 12  |  Train Loss: 1.426 | Train Acc: 50.67  |  Val Loss: 1.522 | Val Acc: 33.33  |  Test Loss: 1.548 | Tes Acc: 31.88
INFO >> Epoch: 12  |  Layer: 13  |  Train Loss: 1.230 | Train Acc: 53.36  |  Val Loss: 1.491 | Val Acc: 47.47  |  Test Loss: 1.496 | Tes Acc: 37.68

INFO >> Epoch: 13  |  Layer:  1  |  Train Loss: 1.392 | Train Acc: 43.29  |  Val Loss: 1.615 | Val Acc: 35.35  |  Test Loss: 1.505 | Tes Acc: 33.82
INFO >> Epoch: 13  |  Layer:  2  |  Train Loss: 1.186 | Train Acc: 66.44  |  Val Loss: 1.502 | Val Acc: 33.33  |  Test Loss: 1.434 | Tes Acc: 41.06
INFO >> Epoch: 13  |  Layer:  3  |  Train Loss: 0.956 | Train Acc: 77.52  |  Val Loss: 1.256 | Val Acc: 56.57  |  Test Loss: 1.212 | Tes Acc: 58.94
INFO >> Epoch: 13  |  Layer:  4  |  Train Loss: 0.730 | Train Acc: 87.25  |  Val Loss: 1.084 | Val Acc: 65.66  |  Test Loss: 1.032 | Tes Acc: 60.39
INFO >> Epoch: 13  |  Layer:  5  |  Train Loss: 0.652 | Train Acc: 90.27  |  Val Loss: 1.019 | Val Acc: 72.73  |  Test Loss: 1.000 | Tes Acc: 64.73
INFO >> Epoch: 13  |  Layer:  6  |  Train Loss: 0.611 | Train Acc: 89.60  |  Val Loss: 0.954 | Val Acc: 70.71  |  Test Loss: 1.014 | Tes Acc: 62.32
INFO >> Epoch: 13  |  Layer:  7  |  Train Loss: 0.514 | Train Acc: 89.26  |  Val Loss: 0.900 | Val Acc: 59.60  |  Test Loss: 0.994 | Tes Acc: 61.35
INFO >> Epoch: 13  |  Layer:  8  |  Train Loss: 0.677 | Train Acc: 83.22  |  Val Loss: 1.018 | Val Acc: 54.55  |  Test Loss: 1.120 | Tes Acc: 52.17
INFO >> Epoch: 13  |  Layer:  9  |  Train Loss: 0.748 | Train Acc: 79.53  |  Val Loss: 1.022 | Val Acc: 57.58  |  Test Loss: 1.187 | Tes Acc: 52.17
INFO >> Epoch: 13  |  Layer: 10  |  Train Loss: 0.794 | Train Acc: 77.85  |  Val Loss: 1.120 | Val Acc: 52.53  |  Test Loss: 1.206 | Tes Acc: 52.66
INFO >> Epoch: 13  |  Layer: 11  |  Train Loss: 0.868 | Train Acc: 79.53  |  Val Loss: 1.160 | Val Acc: 55.56  |  Test Loss: 1.260 | Tes Acc: 46.86
INFO >> Epoch: 13  |  Layer: 12  |  Train Loss: 1.422 | Train Acc: 51.68  |  Val Loss: 1.516 | Val Acc: 33.33  |  Test Loss: 1.552 | Tes Acc: 29.95
INFO >> Epoch: 13  |  Layer: 13  |  Train Loss: 1.221 | Train Acc: 58.72  |  Val Loss: 1.510 | Val Acc: 35.35  |  Test Loss: 1.436 | Tes Acc: 43.00

INFO >> Epoch: 14  |  Layer:  1  |  Train Loss: 1.389 | Train Acc: 37.58  |  Val Loss: 1.725 | Val Acc: 35.35  |  Test Loss: 1.511 | Tes Acc: 35.75
INFO >> Epoch: 14  |  Layer:  2  |  Train Loss: 1.137 | Train Acc: 63.76  |  Val Loss: 1.468 | Val Acc: 35.35  |  Test Loss: 1.419 | Tes Acc: 41.55
INFO >> Epoch: 14  |  Layer:  3  |  Train Loss: 0.897 | Train Acc: 76.85  |  Val Loss: 1.205 | Val Acc: 62.63  |  Test Loss: 1.190 | Tes Acc: 60.39
INFO >> Epoch: 14  |  Layer:  4  |  Train Loss: 0.668 | Train Acc: 86.91  |  Val Loss: 1.090 | Val Acc: 64.65  |  Test Loss: 1.003 | Tes Acc: 63.77
INFO >> Epoch: 14  |  Layer:  5  |  Train Loss: 0.592 | Train Acc: 88.93  |  Val Loss: 0.997 | Val Acc: 65.66  |  Test Loss: 0.958 | Tes Acc: 64.73
INFO >> Epoch: 14  |  Layer:  6  |  Train Loss: 0.565 | Train Acc: 83.22  |  Val Loss: 0.918 | Val Acc: 72.73  |  Test Loss: 0.950 | Tes Acc: 67.63
INFO >> Epoch: 14  |  Layer:  7  |  Train Loss: 0.490 | Train Acc: 86.58  |  Val Loss: 0.895 | Val Acc: 57.58  |  Test Loss: 0.956 | Tes Acc: 63.77
INFO >> Epoch: 14  |  Layer:  8  |  Train Loss: 0.632 | Train Acc: 78.52  |  Val Loss: 0.970 | Val Acc: 56.57  |  Test Loss: 1.075 | Tes Acc: 57.49
INFO >> Epoch: 14  |  Layer:  9  |  Train Loss: 0.686 | Train Acc: 77.18  |  Val Loss: 0.947 | Val Acc: 60.61  |  Test Loss: 1.126 | Tes Acc: 54.59
INFO >> Epoch: 14  |  Layer: 10  |  Train Loss: 0.725 | Train Acc: 78.19  |  Val Loss: 1.062 | Val Acc: 55.56  |  Test Loss: 1.171 | Tes Acc: 56.52
INFO >> Epoch: 14  |  Layer: 11  |  Train Loss: 0.827 | Train Acc: 71.81  |  Val Loss: 1.140 | Val Acc: 51.52  |  Test Loss: 1.220 | Tes Acc: 49.28
INFO >> Epoch: 14  |  Layer: 12  |  Train Loss: 1.406 | Train Acc: 45.97  |  Val Loss: 1.515 | Val Acc: 25.25  |  Test Loss: 1.550 | Tes Acc: 25.60
INFO >> Epoch: 14  |  Layer: 13  |  Train Loss: 1.198 | Train Acc: 53.69  |  Val Loss: 1.505 | Val Acc: 38.38  |  Test Loss: 1.443 | Tes Acc: 40.10

INFO >> Epoch: 15  |  Layer:  1  |  Train Loss: 1.372 | Train Acc: 44.63  |  Val Loss: 1.543 | Val Acc: 37.37  |  Test Loss: 1.531 | Tes Acc: 32.37
INFO >> Epoch: 15  |  Layer:  2  |  Train Loss: 1.096 | Train Acc: 66.11  |  Val Loss: 1.485 | Val Acc: 35.35  |  Test Loss: 1.395 | Tes Acc: 41.06
INFO >> Epoch: 15  |  Layer:  3  |  Train Loss: 0.844 | Train Acc: 75.50  |  Val Loss: 1.177 | Val Acc: 64.65  |  Test Loss: 1.160 | Tes Acc: 58.94
INFO >> Epoch: 15  |  Layer:  4  |  Train Loss: 0.614 | Train Acc: 87.58  |  Val Loss: 1.007 | Val Acc: 67.68  |  Test Loss: 1.009 | Tes Acc: 60.87
INFO >> Epoch: 15  |  Layer:  5  |  Train Loss: 0.538 | Train Acc: 87.92  |  Val Loss: 0.948 | Val Acc: 71.72  |  Test Loss: 0.976 | Tes Acc: 66.18
INFO >> Epoch: 15  |  Layer:  6  |  Train Loss: 0.512 | Train Acc: 88.93  |  Val Loss: 0.898 | Val Acc: 70.71  |  Test Loss: 0.980 | Tes Acc: 63.29
INFO >> Epoch: 15  |  Layer:  7  |  Train Loss: 0.448 | Train Acc: 90.60  |  Val Loss: 0.885 | Val Acc: 60.61  |  Test Loss: 0.958 | Tes Acc: 64.25
INFO >> Epoch: 15  |  Layer:  8  |  Train Loss: 0.577 | Train Acc: 86.24  |  Val Loss: 1.008 | Val Acc: 54.55  |  Test Loss: 1.083 | Tes Acc: 56.04
INFO >> Epoch: 15  |  Layer:  9  |  Train Loss: 0.640 | Train Acc: 84.56  |  Val Loss: 0.974 | Val Acc: 57.58  |  Test Loss: 1.131 | Tes Acc: 53.62
INFO >> Epoch: 15  |  Layer: 10  |  Train Loss: 0.681 | Train Acc: 83.56  |  Val Loss: 1.086 | Val Acc: 55.56  |  Test Loss: 1.158 | Tes Acc: 55.56
INFO >> Epoch: 15  |  Layer: 11  |  Train Loss: 0.770 | Train Acc: 76.51  |  Val Loss: 1.125 | Val Acc: 58.59  |  Test Loss: 1.192 | Tes Acc: 52.66
INFO >> Epoch: 15  |  Layer: 12  |  Train Loss: 1.388 | Train Acc: 48.99  |  Val Loss: 1.533 | Val Acc: 29.29  |  Test Loss: 1.524 | Tes Acc: 35.27
INFO >> Epoch: 15  |  Layer: 13  |  Train Loss: 1.138 | Train Acc: 57.72  |  Val Loss: 1.449 | Val Acc: 51.52  |  Test Loss: 1.447 | Tes Acc: 38.65

INFO >> Epoch: 16  |  Layer:  1  |  Train Loss: 1.325 | Train Acc: 47.99  |  Val Loss: 1.686 | Val Acc: 34.34  |  Test Loss: 1.502 | Tes Acc: 33.33
INFO >> Epoch: 16  |  Layer:  2  |  Train Loss: 1.053 | Train Acc: 65.77  |  Val Loss: 1.494 | Val Acc: 35.35  |  Test Loss: 1.387 | Tes Acc: 43.48
INFO >> Epoch: 16  |  Layer:  3  |  Train Loss: 0.790 | Train Acc: 81.21  |  Val Loss: 1.175 | Val Acc: 61.62  |  Test Loss: 1.151 | Tes Acc: 59.90
INFO >> Epoch: 16  |  Layer:  4  |  Train Loss: 0.571 | Train Acc: 87.92  |  Val Loss: 1.045 | Val Acc: 63.64  |  Test Loss: 0.964 | Tes Acc: 65.22
INFO >> Epoch: 16  |  Layer:  5  |  Train Loss: 0.495 | Train Acc: 91.28  |  Val Loss: 0.948 | Val Acc: 66.67  |  Test Loss: 0.940 | Tes Acc: 66.18
INFO >> Epoch: 16  |  Layer:  6  |  Train Loss: 0.451 | Train Acc: 88.26  |  Val Loss: 0.846 | Val Acc: 72.73  |  Test Loss: 0.939 | Tes Acc: 65.70
INFO >> Epoch: 16  |  Layer:  7  |  Train Loss: 0.376 | Train Acc: 93.29  |  Val Loss: 0.843 | Val Acc: 63.64  |  Test Loss: 0.977 | Tes Acc: 58.45
INFO >> Epoch: 16  |  Layer:  8  |  Train Loss: 0.510 | Train Acc: 88.59  |  Val Loss: 0.922 | Val Acc: 63.64  |  Test Loss: 1.084 | Tes Acc: 56.52
INFO >> Epoch: 16  |  Layer:  9  |  Train Loss: 0.567 | Train Acc: 87.25  |  Val Loss: 0.894 | Val Acc: 66.67  |  Test Loss: 1.127 | Tes Acc: 53.14
INFO >> Epoch: 16  |  Layer: 10  |  Train Loss: 0.612 | Train Acc: 85.91  |  Val Loss: 1.012 | Val Acc: 56.57  |  Test Loss: 1.182 | Tes Acc: 57.00
INFO >> Epoch: 16  |  Layer: 11  |  Train Loss: 0.703 | Train Acc: 81.54  |  Val Loss: 1.082 | Val Acc: 53.54  |  Test Loss: 1.212 | Tes Acc: 49.76
INFO >> Epoch: 16  |  Layer: 12  |  Train Loss: 1.338 | Train Acc: 55.03  |  Val Loss: 1.514 | Val Acc: 36.36  |  Test Loss: 1.530 | Tes Acc: 35.75
INFO >> Epoch: 16  |  Layer: 13  |  Train Loss: 1.097 | Train Acc: 63.09  |  Val Loss: 1.469 | Val Acc: 35.35  |  Test Loss: 1.419 | Tes Acc: 42.03

INFO >> Epoch: 17  |  Layer:  1  |  Train Loss: 1.324 | Train Acc: 46.64  |  Val Loss: 1.593 | Val Acc: 36.36  |  Test Loss: 1.528 | Tes Acc: 33.33
INFO >> Epoch: 17  |  Layer:  2  |  Train Loss: 1.024 | Train Acc: 65.44  |  Val Loss: 1.453 | Val Acc: 40.40  |  Test Loss: 1.390 | Tes Acc: 44.44
INFO >> Epoch: 17  |  Layer:  3  |  Train Loss: 0.755 | Train Acc: 79.53  |  Val Loss: 1.153 | Val Acc: 62.63  |  Test Loss: 1.128 | Tes Acc: 62.32
INFO >> Epoch: 17  |  Layer:  4  |  Train Loss: 0.532 | Train Acc: 89.93  |  Val Loss: 0.995 | Val Acc: 65.66  |  Test Loss: 0.956 | Tes Acc: 64.25
INFO >> Epoch: 17  |  Layer:  5  |  Train Loss: 0.472 | Train Acc: 89.93  |  Val Loss: 0.934 | Val Acc: 67.68  |  Test Loss: 0.955 | Tes Acc: 66.18
INFO >> Epoch: 17  |  Layer:  6  |  Train Loss: 0.429 | Train Acc: 91.28  |  Val Loss: 0.888 | Val Acc: 70.71  |  Test Loss: 0.961 | Tes Acc: 64.25
INFO >> Epoch: 17  |  Layer:  7  |  Train Loss: 0.367 | Train Acc: 94.30  |  Val Loss: 0.916 | Val Acc: 60.61  |  Test Loss: 0.944 | Tes Acc: 64.73
INFO >> Epoch: 17  |  Layer:  8  |  Train Loss: 0.504 | Train Acc: 88.26  |  Val Loss: 1.019 | Val Acc: 55.56  |  Test Loss: 1.059 | Tes Acc: 57.00
INFO >> Epoch: 17  |  Layer:  9  |  Train Loss: 0.560 | Train Acc: 86.24  |  Val Loss: 0.972 | Val Acc: 59.60  |  Test Loss: 1.093 | Tes Acc: 57.00
INFO >> Epoch: 17  |  Layer: 10  |  Train Loss: 0.595 | Train Acc: 84.23  |  Val Loss: 1.093 | Val Acc: 55.56  |  Test Loss: 1.141 | Tes Acc: 55.56
INFO >> Epoch: 17  |  Layer: 11  |  Train Loss: 0.672 | Train Acc: 82.89  |  Val Loss: 1.120 | Val Acc: 52.53  |  Test Loss: 1.156 | Tes Acc: 52.17
INFO >> Epoch: 17  |  Layer: 12  |  Train Loss: 1.335 | Train Acc: 57.05  |  Val Loss: 1.499 | Val Acc: 40.40  |  Test Loss: 1.519 | Tes Acc: 34.78
INFO >> Epoch: 17  |  Layer: 13  |  Train Loss: 1.078 | Train Acc: 62.42  |  Val Loss: 1.440 | Val Acc: 57.58  |  Test Loss: 1.454 | Tes Acc: 38.16

INFO >> Epoch: 18  |  Layer:  1  |  Train Loss: 1.333 | Train Acc: 43.96  |  Val Loss: 1.689 | Val Acc: 35.35  |  Test Loss: 1.491 | Tes Acc: 33.33
INFO >> Epoch: 18  |  Layer:  2  |  Train Loss: 1.000 | Train Acc: 67.79  |  Val Loss: 1.443 | Val Acc: 49.49  |  Test Loss: 1.354 | Tes Acc: 47.34
INFO >> Epoch: 18  |  Layer:  3  |  Train Loss: 0.720 | Train Acc: 81.54  |  Val Loss: 1.090 | Val Acc: 66.67  |  Test Loss: 1.125 | Tes Acc: 58.94
INFO >> Epoch: 18  |  Layer:  4  |  Train Loss: 0.495 | Train Acc: 90.94  |  Val Loss: 0.994 | Val Acc: 64.65  |  Test Loss: 0.955 | Tes Acc: 66.18
INFO >> Epoch: 18  |  Layer:  5  |  Train Loss: 0.426 | Train Acc: 92.62  |  Val Loss: 0.912 | Val Acc: 66.67  |  Test Loss: 0.931 | Tes Acc: 70.05
INFO >> Epoch: 18  |  Layer:  6  |  Train Loss: 0.394 | Train Acc: 92.95  |  Val Loss: 0.817 | Val Acc: 73.74  |  Test Loss: 0.918 | Tes Acc: 65.70
INFO >> Epoch: 18  |  Layer:  7  |  Train Loss: 0.319 | Train Acc: 95.97  |  Val Loss: 0.871 | Val Acc: 60.61  |  Test Loss: 0.943 | Tes Acc: 60.39
INFO >> Epoch: 18  |  Layer:  8  |  Train Loss: 0.450 | Train Acc: 88.26  |  Val Loss: 0.932 | Val Acc: 57.58  |  Test Loss: 1.020 | Tes Acc: 58.94
INFO >> Epoch: 18  |  Layer:  9  |  Train Loss: 0.502 | Train Acc: 89.60  |  Val Loss: 0.893 | Val Acc: 63.64  |  Test Loss: 1.060 | Tes Acc: 57.49
INFO >> Epoch: 18  |  Layer: 10  |  Train Loss: 0.532 | Train Acc: 89.26  |  Val Loss: 1.006 | Val Acc: 56.57  |  Test Loss: 1.123 | Tes Acc: 56.04
INFO >> Epoch: 18  |  Layer: 11  |  Train Loss: 0.622 | Train Acc: 85.91  |  Val Loss: 1.058 | Val Acc: 55.56  |  Test Loss: 1.151 | Tes Acc: 57.49
INFO >> Epoch: 18  |  Layer: 12  |  Train Loss: 1.331 | Train Acc: 61.74  |  Val Loss: 1.493 | Val Acc: 39.39  |  Test Loss: 1.513 | Tes Acc: 40.58
INFO >> Epoch: 18  |  Layer: 13  |  Train Loss: 1.069 | Train Acc: 63.42  |  Val Loss: 1.429 | Val Acc: 42.42  |  Test Loss: 1.407 | Tes Acc: 42.51

INFO >> Epoch: 19  |  Layer:  1  |  Train Loss: 1.278 | Train Acc: 49.66  |  Val Loss: 1.637 | Val Acc: 41.41  |  Test Loss: 1.521 | Tes Acc: 34.30
INFO >> Epoch: 19  |  Layer:  2  |  Train Loss: 0.967 | Train Acc: 67.79  |  Val Loss: 1.463 | Val Acc: 48.48  |  Test Loss: 1.361 | Tes Acc: 46.86
INFO >> Epoch: 19  |  Layer:  3  |  Train Loss: 0.682 | Train Acc: 81.88  |  Val Loss: 1.125 | Val Acc: 63.64  |  Test Loss: 1.095 | Tes Acc: 61.84
INFO >> Epoch: 19  |  Layer:  4  |  Train Loss: 0.474 | Train Acc: 88.59  |  Val Loss: 0.967 | Val Acc: 64.65  |  Test Loss: 0.934 | Tes Acc: 67.63
INFO >> Epoch: 19  |  Layer:  5  |  Train Loss: 0.413 | Train Acc: 89.93  |  Val Loss: 0.878 | Val Acc: 66.67  |  Test Loss: 0.950 | Tes Acc: 69.57
INFO >> Epoch: 19  |  Layer:  6  |  Train Loss: 0.386 | Train Acc: 92.62  |  Val Loss: 0.839 | Val Acc: 72.73  |  Test Loss: 0.934 | Tes Acc: 64.73
INFO >> Epoch: 19  |  Layer:  7  |  Train Loss: 0.321 | Train Acc: 93.29  |  Val Loss: 0.904 | Val Acc: 58.59  |  Test Loss: 0.939 | Tes Acc: 64.25
INFO >> Epoch: 19  |  Layer:  8  |  Train Loss: 0.446 | Train Acc: 89.93  |  Val Loss: 0.957 | Val Acc: 56.57  |  Test Loss: 1.042 | Tes Acc: 58.94
INFO >> Epoch: 19  |  Layer:  9  |  Train Loss: 0.507 | Train Acc: 88.26  |  Val Loss: 0.902 | Val Acc: 59.60  |  Test Loss: 1.077 | Tes Acc: 57.49
INFO >> Epoch: 19  |  Layer: 10  |  Train Loss: 0.532 | Train Acc: 88.93  |  Val Loss: 1.051 | Val Acc: 55.56  |  Test Loss: 1.134 | Tes Acc: 56.04
INFO >> Epoch: 19  |  Layer: 11  |  Train Loss: 0.610 | Train Acc: 81.54  |  Val Loss: 1.093 | Val Acc: 53.54  |  Test Loss: 1.136 | Tes Acc: 55.56
INFO >> Epoch: 19  |  Layer: 12  |  Train Loss: 1.302 | Train Acc: 63.09  |  Val Loss: 1.532 | Val Acc: 33.33  |  Test Loss: 1.511 | Tes Acc: 43.48
INFO >> Epoch: 19  |  Layer: 13  |  Train Loss: 1.041 | Train Acc: 63.76  |  Val Loss: 1.458 | Val Acc: 40.40  |  Test Loss: 1.433 | Tes Acc: 39.61

INFO >> Epoch: 20  |  Layer:  1  |  Train Loss: 1.306 | Train Acc: 45.64  |  Val Loss: 1.427 | Val Acc: 40.40  |  Test Loss: 1.550 | Tes Acc: 27.05
INFO >> Epoch: 20  |  Layer:  2  |  Train Loss: 0.990 | Train Acc: 64.43  |  Val Loss: 1.328 | Val Acc: 50.51  |  Test Loss: 1.372 | Tes Acc: 47.34
INFO >> Epoch: 20  |  Layer:  3  |  Train Loss: 0.679 | Train Acc: 82.89  |  Val Loss: 1.012 | Val Acc: 68.69  |  Test Loss: 1.154 | Tes Acc: 55.56
INFO >> Epoch: 20  |  Layer:  4  |  Train Loss: 0.454 | Train Acc: 90.60  |  Val Loss: 0.946 | Val Acc: 63.64  |  Test Loss: 0.987 | Tes Acc: 64.73
INFO >> Epoch: 20  |  Layer:  5  |  Train Loss: 0.404 | Train Acc: 92.28  |  Val Loss: 0.863 | Val Acc: 65.66  |  Test Loss: 0.963 | Tes Acc: 68.60
INFO >> Epoch: 20  |  Layer:  6  |  Train Loss: 0.357 | Train Acc: 92.95  |  Val Loss: 0.789 | Val Acc: 73.74  |  Test Loss: 0.910 | Tes Acc: 66.18
INFO >> Epoch: 20  |  Layer:  7  |  Train Loss: 0.287 | Train Acc: 95.64  |  Val Loss: 0.875 | Val Acc: 59.60  |  Test Loss: 0.958 | Tes Acc: 60.87
INFO >> Epoch: 20  |  Layer:  8  |  Train Loss: 0.409 | Train Acc: 91.61  |  Val Loss: 0.926 | Val Acc: 59.60  |  Test Loss: 1.012 | Tes Acc: 59.42
INFO >> Epoch: 20  |  Layer:  9  |  Train Loss: 0.464 | Train Acc: 91.28  |  Val Loss: 0.864 | Val Acc: 61.62  |  Test Loss: 1.047 | Tes Acc: 58.45
INFO >> Epoch: 20  |  Layer: 10  |  Train Loss: 0.489 | Train Acc: 89.60  |  Val Loss: 0.974 | Val Acc: 56.57  |  Test Loss: 1.132 | Tes Acc: 58.94
INFO >> Epoch: 20  |  Layer: 11  |  Train Loss: 0.571 | Train Acc: 87.58  |  Val Loss: 1.047 | Val Acc: 54.55  |  Test Loss: 1.142 | Tes Acc: 57.97
INFO >> Epoch: 20  |  Layer: 12  |  Train Loss: 1.326 | Train Acc: 53.69  |  Val Loss: 1.523 | Val Acc: 32.32  |  Test Loss: 1.505 | Tes Acc: 43.48
INFO >> Epoch: 20  |  Layer: 13  |  Train Loss: 1.021 | Train Acc: 68.46  |  Val Loss: 1.314 | Val Acc: 49.49  |  Test Loss: 1.434 | Tes Acc: 38.65

INFO >> Epoch: 21  |  Layer:  1  |  Train Loss: 1.303 | Train Acc: 45.64  |  Val Loss: 1.701 | Val Acc: 40.40  |  Test Loss: 1.501 | Tes Acc: 36.71
INFO >> Epoch: 21  |  Layer:  2  |  Train Loss: 0.944 | Train Acc: 68.79  |  Val Loss: 1.430 | Val Acc: 50.51  |  Test Loss: 1.326 | Tes Acc: 52.17
INFO >> Epoch: 21  |  Layer:  3  |  Train Loss: 0.660 | Train Acc: 83.56  |  Val Loss: 1.093 | Val Acc: 63.64  |  Test Loss: 1.062 | Tes Acc: 61.84
INFO >> Epoch: 21  |  Layer:  4  |  Train Loss: 0.430 | Train Acc: 92.28  |  Val Loss: 0.967 | Val Acc: 64.65  |  Test Loss: 0.904 | Tes Acc: 66.67
INFO >> Epoch: 21  |  Layer:  5  |  Train Loss: 0.373 | Train Acc: 92.28  |  Val Loss: 0.862 | Val Acc: 65.66  |  Test Loss: 0.904 | Tes Acc: 71.01
INFO >> Epoch: 21  |  Layer:  6  |  Train Loss: 0.347 | Train Acc: 93.96  |  Val Loss: 0.820 | Val Acc: 73.74  |  Test Loss: 0.887 | Tes Acc: 65.70
INFO >> Epoch: 21  |  Layer:  7  |  Train Loss: 0.290 | Train Acc: 94.97  |  Val Loss: 0.921 | Val Acc: 57.58  |  Test Loss: 0.928 | Tes Acc: 63.29
INFO >> Epoch: 21  |  Layer:  8  |  Train Loss: 0.408 | Train Acc: 90.60  |  Val Loss: 0.928 | Val Acc: 58.59  |  Test Loss: 1.006 | Tes Acc: 61.35
INFO >> Epoch: 21  |  Layer:  9  |  Train Loss: 0.462 | Train Acc: 88.59  |  Val Loss: 0.872 | Val Acc: 61.62  |  Test Loss: 1.036 | Tes Acc: 57.00
INFO >> Epoch: 21  |  Layer: 10  |  Train Loss: 0.486 | Train Acc: 89.60  |  Val Loss: 1.013 | Val Acc: 56.57  |  Test Loss: 1.101 | Tes Acc: 57.97
INFO >> Epoch: 21  |  Layer: 11  |  Train Loss: 0.560 | Train Acc: 86.91  |  Val Loss: 1.062 | Val Acc: 57.58  |  Test Loss: 1.109 | Tes Acc: 57.97
INFO >> Epoch: 21  |  Layer: 12  |  Train Loss: 1.268 | Train Acc: 61.41  |  Val Loss: 1.459 | Val Acc: 38.38  |  Test Loss: 1.487 | Tes Acc: 37.68
INFO >> Epoch: 21  |  Layer: 13  |  Train Loss: 1.003 | Train Acc: 65.77  |  Val Loss: 1.416 | Val Acc: 46.46  |  Test Loss: 1.410 | Tes Acc: 42.03

INFO >> Epoch: 22  |  Layer:  1  |  Train Loss: 1.226 | Train Acc: 50.34  |  Val Loss: 1.474 | Val Acc: 42.42  |  Test Loss: 1.507 | Tes Acc: 28.50
INFO >> Epoch: 22  |  Layer:  2  |  Train Loss: 0.899 | Train Acc: 70.47  |  Val Loss: 1.296 | Val Acc: 53.54  |  Test Loss: 1.359 | Tes Acc: 47.34
INFO >> Epoch: 22  |  Layer:  3  |  Train Loss: 0.604 | Train Acc: 86.58  |  Val Loss: 1.016 | Val Acc: 63.64  |  Test Loss: 1.085 | Tes Acc: 58.94
INFO >> Epoch: 22  |  Layer:  4  |  Train Loss: 0.404 | Train Acc: 92.28  |  Val Loss: 0.937 | Val Acc: 63.64  |  Test Loss: 0.923 | Tes Acc: 67.63
INFO >> Epoch: 22  |  Layer:  5  |  Train Loss: 0.336 | Train Acc: 93.29  |  Val Loss: 0.853 | Val Acc: 67.68  |  Test Loss: 0.910 | Tes Acc: 71.98
INFO >> Epoch: 22  |  Layer:  6  |  Train Loss: 0.328 | Train Acc: 93.29  |  Val Loss: 0.765 | Val Acc: 73.74  |  Test Loss: 0.895 | Tes Acc: 65.70
INFO >> Epoch: 22  |  Layer:  7  |  Train Loss: 0.267 | Train Acc: 95.64  |  Val Loss: 0.865 | Val Acc: 59.60  |  Test Loss: 0.943 | Tes Acc: 62.32
INFO >> Epoch: 22  |  Layer:  8  |  Train Loss: 0.373 | Train Acc: 93.29  |  Val Loss: 0.918 | Val Acc: 58.59  |  Test Loss: 1.012 | Tes Acc: 61.84
INFO >> Epoch: 22  |  Layer:  9  |  Train Loss: 0.421 | Train Acc: 91.61  |  Val Loss: 0.854 | Val Acc: 61.62  |  Test Loss: 1.048 | Tes Acc: 58.94
INFO >> Epoch: 22  |  Layer: 10  |  Train Loss: 0.458 | Train Acc: 91.28  |  Val Loss: 1.019 | Val Acc: 54.55  |  Test Loss: 1.129 | Tes Acc: 58.94
INFO >> Epoch: 22  |  Layer: 11  |  Train Loss: 0.533 | Train Acc: 89.26  |  Val Loss: 1.073 | Val Acc: 54.55  |  Test Loss: 1.103 | Tes Acc: 57.97
INFO >> Epoch: 22  |  Layer: 12  |  Train Loss: 1.238 | Train Acc: 61.74  |  Val Loss: 1.492 | Val Acc: 35.35  |  Test Loss: 1.502 | Tes Acc: 39.61
INFO >> Epoch: 22  |  Layer: 13  |  Train Loss: 0.971 | Train Acc: 64.09  |  Val Loss: 1.376 | Val Acc: 52.53  |  Test Loss: 1.497 | Tes Acc: 35.27

INFO >> Epoch: 23  |  Layer:  1  |  Train Loss: 1.229 | Train Acc: 51.34  |  Val Loss: 1.573 | Val Acc: 43.43  |  Test Loss: 1.503 | Tes Acc: 34.78
INFO >> Epoch: 23  |  Layer:  2  |  Train Loss: 0.876 | Train Acc: 73.49  |  Val Loss: 1.391 | Val Acc: 54.55  |  Test Loss: 1.294 | Tes Acc: 52.17
INFO >> Epoch: 23  |  Layer:  3  |  Train Loss: 0.579 | Train Acc: 86.58  |  Val Loss: 1.064 | Val Acc: 64.65  |  Test Loss: 1.064 | Tes Acc: 62.32
INFO >> Epoch: 23  |  Layer:  4  |  Train Loss: 0.387 | Train Acc: 91.95  |  Val Loss: 0.949 | Val Acc: 63.64  |  Test Loss: 0.927 | Tes Acc: 67.63
INFO >> Epoch: 23  |  Layer:  5  |  Train Loss: 0.331 | Train Acc: 94.30  |  Val Loss: 0.846 | Val Acc: 67.68  |  Test Loss: 0.940 | Tes Acc: 69.57
INFO >> Epoch: 23  |  Layer:  6  |  Train Loss: 0.305 | Train Acc: 92.95  |  Val Loss: 0.790 | Val Acc: 72.73  |  Test Loss: 0.873 | Tes Acc: 67.15
INFO >> Epoch: 23  |  Layer:  7  |  Train Loss: 0.245 | Train Acc: 95.30  |  Val Loss: 0.941 | Val Acc: 58.59  |  Test Loss: 0.916 | Tes Acc: 63.77
INFO >> Epoch: 23  |  Layer:  8  |  Train Loss: 0.358 | Train Acc: 92.95  |  Val Loss: 0.960 | Val Acc: 58.59  |  Test Loss: 0.971 | Tes Acc: 62.32
INFO >> Epoch: 23  |  Layer:  9  |  Train Loss: 0.408 | Train Acc: 91.95  |  Val Loss: 0.896 | Val Acc: 60.61  |  Test Loss: 0.999 | Tes Acc: 60.87
INFO >> Epoch: 23  |  Layer: 10  |  Train Loss: 0.432 | Train Acc: 92.28  |  Val Loss: 1.036 | Val Acc: 54.55  |  Test Loss: 1.093 | Tes Acc: 57.49
INFO >> Epoch: 23  |  Layer: 11  |  Train Loss: 0.508 | Train Acc: 87.92  |  Val Loss: 1.079 | Val Acc: 56.57  |  Test Loss: 1.085 | Tes Acc: 56.04
INFO >> Epoch: 23  |  Layer: 12  |  Train Loss: 1.224 | Train Acc: 65.77  |  Val Loss: 1.441 | Val Acc: 45.45  |  Test Loss: 1.479 | Tes Acc: 42.51
INFO >> Epoch: 23  |  Layer: 13  |  Train Loss: 0.982 | Train Acc: 63.09  |  Val Loss: 1.355 | Val Acc: 46.46  |  Test Loss: 1.361 | Tes Acc: 44.44

INFO >> Epoch: 24  |  Layer:  1  |  Train Loss: 1.198 | Train Acc: 52.68  |  Val Loss: 1.404 | Val Acc: 41.41  |  Test Loss: 1.532 | Tes Acc: 31.40
INFO >> Epoch: 24  |  Layer:  2  |  Train Loss: 0.842 | Train Acc: 69.13  |  Val Loss: 1.263 | Val Acc: 55.56  |  Test Loss: 1.329 | Tes Acc: 46.86
INFO >> Epoch: 24  |  Layer:  3  |  Train Loss: 0.567 | Train Acc: 83.56  |  Val Loss: 0.994 | Val Acc: 63.64  |  Test Loss: 1.062 | Tes Acc: 59.90
INFO >> Epoch: 24  |  Layer:  4  |  Train Loss: 0.372 | Train Acc: 91.61  |  Val Loss: 0.922 | Val Acc: 64.65  |  Test Loss: 0.925 | Tes Acc: 66.67
INFO >> Epoch: 24  |  Layer:  5  |  Train Loss: 0.317 | Train Acc: 93.29  |  Val Loss: 0.828 | Val Acc: 68.69  |  Test Loss: 0.924 | Tes Acc: 70.53
INFO >> Epoch: 24  |  Layer:  6  |  Train Loss: 0.308 | Train Acc: 95.30  |  Val Loss: 0.764 | Val Acc: 72.73  |  Test Loss: 0.882 | Tes Acc: 65.70
INFO >> Epoch: 24  |  Layer:  7  |  Train Loss: 0.255 | Train Acc: 96.64  |  Val Loss: 0.876 | Val Acc: 59.60  |  Test Loss: 0.992 | Tes Acc: 61.84
INFO >> Epoch: 24  |  Layer:  8  |  Train Loss: 0.352 | Train Acc: 92.95  |  Val Loss: 0.920 | Val Acc: 59.60  |  Test Loss: 1.038 | Tes Acc: 60.87
INFO >> Epoch: 24  |  Layer:  9  |  Train Loss: 0.401 | Train Acc: 92.28  |  Val Loss: 0.837 | Val Acc: 62.63  |  Test Loss: 1.047 | Tes Acc: 57.97
INFO >> Epoch: 24  |  Layer: 10  |  Train Loss: 0.427 | Train Acc: 91.61  |  Val Loss: 0.980 | Val Acc: 59.60  |  Test Loss: 1.106 | Tes Acc: 57.49
INFO >> Epoch: 24  |  Layer: 11  |  Train Loss: 0.493 | Train Acc: 87.58  |  Val Loss: 1.033 | Val Acc: 56.57  |  Test Loss: 1.086 | Tes Acc: 60.39
INFO >> Epoch: 24  |  Layer: 12  |  Train Loss: 1.214 | Train Acc: 63.42  |  Val Loss: 1.484 | Val Acc: 37.37  |  Test Loss: 1.486 | Tes Acc: 39.61
INFO >> Epoch: 24  |  Layer: 13  |  Train Loss: 0.921 | Train Acc: 71.14  |  Val Loss: 1.269 | Val Acc: 55.56  |  Test Loss: 1.428 | Tes Acc: 40.58

INFO >> Epoch: 25  |  Layer:  1  |  Train Loss: 1.205 | Train Acc: 48.66  |  Val Loss: 1.917 | Val Acc: 32.32  |  Test Loss: 1.545 | Tes Acc: 34.30
INFO >> Epoch: 25  |  Layer:  2  |  Train Loss: 0.863 | Train Acc: 68.12  |  Val Loss: 1.369 | Val Acc: 50.51  |  Test Loss: 1.306 | Tes Acc: 48.31
INFO >> Epoch: 25  |  Layer:  3  |  Train Loss: 0.551 | Train Acc: 86.58  |  Val Loss: 1.062 | Val Acc: 63.64  |  Test Loss: 1.090 | Tes Acc: 57.00
INFO >> Epoch: 25  |  Layer:  4  |  Train Loss: 0.358 | Train Acc: 92.62  |  Val Loss: 1.020 | Val Acc: 60.61  |  Test Loss: 0.940 | Tes Acc: 62.32
INFO >> Epoch: 25  |  Layer:  5  |  Train Loss: 0.299 | Train Acc: 92.95  |  Val Loss: 0.897 | Val Acc: 64.65  |  Test Loss: 0.905 | Tes Acc: 70.53
INFO >> Epoch: 25  |  Layer:  6  |  Train Loss: 0.272 | Train Acc: 95.30  |  Val Loss: 0.789 | Val Acc: 72.73  |  Test Loss: 0.847 | Tes Acc: 70.05
INFO >> Epoch: 25  |  Layer:  7  |  Train Loss: 0.245 | Train Acc: 95.64  |  Val Loss: 0.955 | Val Acc: 59.60  |  Test Loss: 0.886 | Tes Acc: 66.67
INFO >> Epoch: 25  |  Layer:  8  |  Train Loss: 0.352 | Train Acc: 91.61  |  Val Loss: 0.928 | Val Acc: 58.59  |  Test Loss: 0.961 | Tes Acc: 62.32
INFO >> Epoch: 25  |  Layer:  9  |  Train Loss: 0.394 | Train Acc: 91.28  |  Val Loss: 0.829 | Val Acc: 62.63  |  Test Loss: 0.993 | Tes Acc: 60.39
INFO >> Epoch: 25  |  Layer: 10  |  Train Loss: 0.408 | Train Acc: 91.95  |  Val Loss: 0.977 | Val Acc: 56.57  |  Test Loss: 1.104 | Tes Acc: 57.49
INFO >> Epoch: 25  |  Layer: 11  |  Train Loss: 0.477 | Train Acc: 88.93  |  Val Loss: 1.058 | Val Acc: 54.55  |  Test Loss: 1.100 | Tes Acc: 54.59
INFO >> Epoch: 25  |  Layer: 12  |  Train Loss: 1.189 | Train Acc: 66.44  |  Val Loss: 1.419 | Val Acc: 42.42  |  Test Loss: 1.474 | Tes Acc: 42.03
INFO >> Epoch: 25  |  Layer: 13  |  Train Loss: 0.901 | Train Acc: 67.45  |  Val Loss: 1.398 | Val Acc: 53.54  |  Test Loss: 1.421 | Tes Acc: 39.61

INFO >> Epoch: 26  |  Layer:  1  |  Train Loss: 1.196 | Train Acc: 56.71  |  Val Loss: 1.563 | Val Acc: 44.44  |  Test Loss: 1.469 | Tes Acc: 36.23
INFO >> Epoch: 26  |  Layer:  2  |  Train Loss: 0.820 | Train Acc: 73.83  |  Val Loss: 1.278 | Val Acc: 57.58  |  Test Loss: 1.289 | Tes Acc: 46.86
INFO >> Epoch: 26  |  Layer:  3  |  Train Loss: 0.545 | Train Acc: 83.56  |  Val Loss: 0.991 | Val Acc: 65.66  |  Test Loss: 1.026 | Tes Acc: 59.90
INFO >> Epoch: 26  |  Layer:  4  |  Train Loss: 0.347 | Train Acc: 89.93  |  Val Loss: 0.891 | Val Acc: 65.66  |  Test Loss: 0.908 | Tes Acc: 69.08
INFO >> Epoch: 26  |  Layer:  5  |  Train Loss: 0.296 | Train Acc: 92.28  |  Val Loss: 0.803 | Val Acc: 69.70  |  Test Loss: 0.952 | Tes Acc: 69.57
INFO >> Epoch: 26  |  Layer:  6  |  Train Loss: 0.273 | Train Acc: 94.30  |  Val Loss: 0.756 | Val Acc: 72.73  |  Test Loss: 0.908 | Tes Acc: 66.67
INFO >> Epoch: 26  |  Layer:  7  |  Train Loss: 0.235 | Train Acc: 95.97  |  Val Loss: 0.921 | Val Acc: 59.60  |  Test Loss: 0.959 | Tes Acc: 61.84
INFO >> Epoch: 26  |  Layer:  8  |  Train Loss: 0.328 | Train Acc: 93.62  |  Val Loss: 0.975 | Val Acc: 58.59  |  Test Loss: 1.012 | Tes Acc: 60.87
INFO >> Epoch: 26  |  Layer:  9  |  Train Loss: 0.370 | Train Acc: 92.62  |  Val Loss: 0.852 | Val Acc: 60.61  |  Test Loss: 1.035 | Tes Acc: 60.39
INFO >> Epoch: 26  |  Layer: 10  |  Train Loss: 0.397 | Train Acc: 89.93  |  Val Loss: 1.000 | Val Acc: 55.56  |  Test Loss: 1.089 | Tes Acc: 57.00
INFO >> Epoch: 26  |  Layer: 11  |  Train Loss: 0.476 | Train Acc: 87.58  |  Val Loss: 1.017 | Val Acc: 58.59  |  Test Loss: 1.058 | Tes Acc: 59.90
INFO >> Epoch: 26  |  Layer: 12  |  Train Loss: 1.199 | Train Acc: 68.12  |  Val Loss: 1.477 | Val Acc: 38.38  |  Test Loss: 1.479 | Tes Acc: 42.51
INFO >> Epoch: 26  |  Layer: 13  |  Train Loss: 0.930 | Train Acc: 71.81  |  Val Loss: 1.280 | Val Acc: 54.55  |  Test Loss: 1.362 | Tes Acc: 45.41

INFO >> Epoch: 27  |  Layer:  1  |  Train Loss: 1.161 | Train Acc: 52.35  |  Val Loss: 1.721 | Val Acc: 37.37  |  Test Loss: 1.484 | Tes Acc: 34.30
INFO >> Epoch: 27  |  Layer:  2  |  Train Loss: 0.760 | Train Acc: 76.17  |  Val Loss: 1.301 | Val Acc: 48.48  |  Test Loss: 1.311 | Tes Acc: 46.38
INFO >> Epoch: 27  |  Layer:  3  |  Train Loss: 0.464 | Train Acc: 91.28  |  Val Loss: 0.981 | Val Acc: 64.65  |  Test Loss: 1.081 | Tes Acc: 61.84
INFO >> Epoch: 27  |  Layer:  4  |  Train Loss: 0.296 | Train Acc: 93.96  |  Val Loss: 0.938 | Val Acc: 61.62  |  Test Loss: 0.949 | Tes Acc: 65.70
INFO >> Epoch: 27  |  Layer:  5  |  Train Loss: 0.251 | Train Acc: 95.64  |  Val Loss: 0.815 | Val Acc: 66.67  |  Test Loss: 0.932 | Tes Acc: 71.01
INFO >> Epoch: 27  |  Layer:  6  |  Train Loss: 0.237 | Train Acc: 96.64  |  Val Loss: 0.697 | Val Acc: 74.75  |  Test Loss: 0.869 | Tes Acc: 67.63
INFO >> Epoch: 27  |  Layer:  7  |  Train Loss: 0.195 | Train Acc: 96.64  |  Val Loss: 0.795 | Val Acc: 60.61  |  Test Loss: 1.001 | Tes Acc: 58.45
INFO >> Epoch: 27  |  Layer:  8  |  Train Loss: 0.281 | Train Acc: 94.63  |  Val Loss: 0.792 | Val Acc: 61.62  |  Test Loss: 1.025 | Tes Acc: 60.87
INFO >> Epoch: 27  |  Layer:  9  |  Train Loss: 0.320 | Train Acc: 93.29  |  Val Loss: 0.712 | Val Acc: 68.69  |  Test Loss: 1.072 | Tes Acc: 56.52
INFO >> Epoch: 27  |  Layer: 10  |  Train Loss: 0.341 | Train Acc: 91.61  |  Val Loss: 0.863 | Val Acc: 60.61  |  Test Loss: 1.149 | Tes Acc: 58.94
INFO >> Epoch: 27  |  Layer: 11  |  Train Loss: 0.398 | Train Acc: 91.95  |  Val Loss: 0.954 | Val Acc: 53.54  |  Test Loss: 1.122 | Tes Acc: 57.00
INFO >> Epoch: 27  |  Layer: 12  |  Train Loss: 1.162 | Train Acc: 69.46  |  Val Loss: 1.457 | Val Acc: 35.35  |  Test Loss: 1.429 | Tes Acc: 43.48
INFO >> Epoch: 27  |  Layer: 13  |  Train Loss: 0.849 | Train Acc: 71.81  |  Val Loss: 1.279 | Val Acc: 55.56  |  Test Loss: 1.387 | Tes Acc: 42.03

INFO >> Epoch: 28  |  Layer:  1  |  Train Loss: 1.178 | Train Acc: 51.68  |  Val Loss: 1.541 | Val Acc: 42.42  |  Test Loss: 1.477 | Tes Acc: 36.71
INFO >> Epoch: 28  |  Layer:  2  |  Train Loss: 0.772 | Train Acc: 72.15  |  Val Loss: 1.206 | Val Acc: 55.56  |  Test Loss: 1.300 | Tes Acc: 49.28
INFO >> Epoch: 28  |  Layer:  3  |  Train Loss: 0.475 | Train Acc: 89.93  |  Val Loss: 0.966 | Val Acc: 64.65  |  Test Loss: 1.060 | Tes Acc: 58.94
INFO >> Epoch: 28  |  Layer:  4  |  Train Loss: 0.300 | Train Acc: 94.63  |  Val Loss: 0.947 | Val Acc: 62.63  |  Test Loss: 0.938 | Tes Acc: 68.12
INFO >> Epoch: 28  |  Layer:  5  |  Train Loss: 0.245 | Train Acc: 95.97  |  Val Loss: 0.818 | Val Acc: 65.66  |  Test Loss: 0.923 | Tes Acc: 71.01
INFO >> Epoch: 28  |  Layer:  6  |  Train Loss: 0.240 | Train Acc: 95.30  |  Val Loss: 0.717 | Val Acc: 73.74  |  Test Loss: 0.860 | Tes Acc: 69.08
INFO >> Epoch: 28  |  Layer:  7  |  Train Loss: 0.188 | Train Acc: 97.32  |  Val Loss: 0.891 | Val Acc: 57.58  |  Test Loss: 0.946 | Tes Acc: 61.84
INFO >> Epoch: 28  |  Layer:  8  |  Train Loss: 0.281 | Train Acc: 94.97  |  Val Loss: 0.891 | Val Acc: 58.59  |  Test Loss: 0.948 | Tes Acc: 63.77
INFO >> Epoch: 28  |  Layer:  9  |  Train Loss: 0.324 | Train Acc: 94.63  |  Val Loss: 0.770 | Val Acc: 64.65  |  Test Loss: 0.973 | Tes Acc: 61.35
INFO >> Epoch: 28  |  Layer: 10  |  Train Loss: 0.353 | Train Acc: 91.95  |  Val Loss: 0.938 | Val Acc: 57.58  |  Test Loss: 1.051 | Tes Acc: 58.94
INFO >> Epoch: 28  |  Layer: 11  |  Train Loss: 0.413 | Train Acc: 89.93  |  Val Loss: 1.018 | Val Acc: 56.57  |  Test Loss: 1.033 | Tes Acc: 59.90
INFO >> Epoch: 28  |  Layer: 12  |  Train Loss: 1.162 | Train Acc: 66.44  |  Val Loss: 1.435 | Val Acc: 37.37  |  Test Loss: 1.451 | Tes Acc: 42.51
INFO >> Epoch: 28  |  Layer: 13  |  Train Loss: 0.884 | Train Acc: 71.14  |  Val Loss: 1.269 | Val Acc: 58.59  |  Test Loss: 1.371 | Tes Acc: 42.03

INFO >> Epoch: 29  |  Layer:  1  |  Train Loss: 1.165 | Train Acc: 53.69  |  Val Loss: 1.704 | Val Acc: 32.32  |  Test Loss: 1.618 | Tes Acc: 29.95
INFO >> Epoch: 29  |  Layer:  2  |  Train Loss: 0.764 | Train Acc: 76.51  |  Val Loss: 1.322 | Val Acc: 50.51  |  Test Loss: 1.301 | Tes Acc: 47.34
INFO >> Epoch: 29  |  Layer:  3  |  Train Loss: 0.476 | Train Acc: 87.58  |  Val Loss: 0.991 | Val Acc: 63.64  |  Test Loss: 1.096 | Tes Acc: 61.35
INFO >> Epoch: 29  |  Layer:  4  |  Train Loss: 0.292 | Train Acc: 93.96  |  Val Loss: 0.895 | Val Acc: 63.64  |  Test Loss: 1.003 | Tes Acc: 63.77
INFO >> Epoch: 29  |  Layer:  5  |  Train Loss: 0.242 | Train Acc: 94.97  |  Val Loss: 0.779 | Val Acc: 71.72  |  Test Loss: 0.988 | Tes Acc: 68.60
INFO >> Epoch: 29  |  Layer:  6  |  Train Loss: 0.223 | Train Acc: 95.97  |  Val Loss: 0.703 | Val Acc: 73.74  |  Test Loss: 0.895 | Tes Acc: 66.67
INFO >> Epoch: 29  |  Layer:  7  |  Train Loss: 0.169 | Train Acc: 97.32  |  Val Loss: 0.874 | Val Acc: 59.60  |  Test Loss: 0.985 | Tes Acc: 61.35
INFO >> Epoch: 29  |  Layer:  8  |  Train Loss: 0.263 | Train Acc: 93.96  |  Val Loss: 0.872 | Val Acc: 59.60  |  Test Loss: 1.021 | Tes Acc: 61.84
INFO >> Epoch: 29  |  Layer:  9  |  Train Loss: 0.301 | Train Acc: 93.29  |  Val Loss: 0.774 | Val Acc: 62.63  |  Test Loss: 1.041 | Tes Acc: 60.87
INFO >> Epoch: 29  |  Layer: 10  |  Train Loss: 0.333 | Train Acc: 91.95  |  Val Loss: 0.904 | Val Acc: 57.58  |  Test Loss: 1.120 | Tes Acc: 57.49
INFO >> Epoch: 29  |  Layer: 11  |  Train Loss: 0.400 | Train Acc: 90.94  |  Val Loss: 0.992 | Val Acc: 55.56  |  Test Loss: 1.117 | Tes Acc: 55.56
INFO >> Epoch: 29  |  Layer: 12  |  Train Loss: 1.136 | Train Acc: 66.78  |  Val Loss: 1.505 | Val Acc: 32.32  |  Test Loss: 1.456 | Tes Acc: 49.28
INFO >> Epoch: 29  |  Layer: 13  |  Train Loss: 0.841 | Train Acc: 74.83  |  Val Loss: 1.303 | Val Acc: 53.54  |  Test Loss: 1.386 | Tes Acc: 39.13

INFO >> Epoch: 30  |  Layer:  1  |  Train Loss: 1.181 | Train Acc: 52.35  |  Val Loss: 1.668 | Val Acc: 41.41  |  Test Loss: 1.492 | Tes Acc: 33.82
INFO >> Epoch: 30  |  Layer:  2  |  Train Loss: 0.742 | Train Acc: 74.50  |  Val Loss: 1.198 | Val Acc: 55.56  |  Test Loss: 1.268 | Tes Acc: 54.11
INFO >> Epoch: 30  |  Layer:  3  |  Train Loss: 0.459 | Train Acc: 88.93  |  Val Loss: 0.970 | Val Acc: 60.61  |  Test Loss: 1.008 | Tes Acc: 61.84
INFO >> Epoch: 30  |  Layer:  4  |  Train Loss: 0.291 | Train Acc: 93.62  |  Val Loss: 0.995 | Val Acc: 61.62  |  Test Loss: 0.879 | Tes Acc: 66.67
INFO >> Epoch: 30  |  Layer:  5  |  Train Loss: 0.241 | Train Acc: 94.30  |  Val Loss: 0.874 | Val Acc: 64.65  |  Test Loss: 0.888 | Tes Acc: 69.08
INFO >> Epoch: 30  |  Layer:  6  |  Train Loss: 0.213 | Train Acc: 96.98  |  Val Loss: 0.715 | Val Acc: 73.74  |  Test Loss: 0.840 | Tes Acc: 69.08
INFO >> Epoch: 30  |  Layer:  7  |  Train Loss: 0.163 | Train Acc: 97.32  |  Val Loss: 0.848 | Val Acc: 60.61  |  Test Loss: 0.972 | Tes Acc: 61.35
INFO >> Epoch: 30  |  Layer:  8  |  Train Loss: 0.257 | Train Acc: 94.97  |  Val Loss: 0.828 | Val Acc: 59.60  |  Test Loss: 0.976 | Tes Acc: 63.77
INFO >> Epoch: 30  |  Layer:  9  |  Train Loss: 0.299 | Train Acc: 93.62  |  Val Loss: 0.736 | Val Acc: 65.66  |  Test Loss: 1.008 | Tes Acc: 57.49
INFO >> Epoch: 30  |  Layer: 10  |  Train Loss: 0.315 | Train Acc: 93.62  |  Val Loss: 0.902 | Val Acc: 62.63  |  Test Loss: 1.115 | Tes Acc: 59.42
INFO >> Epoch: 30  |  Layer: 11  |  Train Loss: 0.380 | Train Acc: 92.62  |  Val Loss: 1.001 | Val Acc: 59.60  |  Test Loss: 1.062 | Tes Acc: 59.90
INFO >> Epoch: 30  |  Layer: 12  |  Train Loss: 1.098 | Train Acc: 68.79  |  Val Loss: 1.418 | Val Acc: 36.36  |  Test Loss: 1.417 | Tes Acc: 43.00
INFO >> Epoch: 30  |  Layer: 13  |  Train Loss: 0.837 | Train Acc: 72.15  |  Val Loss: 1.194 | Val Acc: 55.56  |  Test Loss: 1.356 | Tes Acc: 45.89



INFO >> Time Taken: 05:46

INFO >> Layer: 1  |  Best Val Acc: 44.44  |  Best Test Acc: 36.23
INFO >> Layer: 2  |  Best Val Acc: 57.58  |  Best Test Acc: 46.86
INFO >> Layer: 3  |  Best Val Acc: 68.69  |  Best Test Acc: 55.56
INFO >> Layer: 4  |  Best Val Acc: 71.72  |  Best Test Acc: 64.25
INFO >> Layer: 5  |  Best Val Acc: 72.73  |  Best Test Acc: 63.77
INFO >> Layer: 6  |  Best Val Acc: 74.75  |  Best Test Acc: 67.63
INFO >> Layer: 7  |  Best Val Acc: 66.67  |  Best Test Acc: 60.87
INFO >> Layer: 8  |  Best Val Acc: 65.66  |  Best Test Acc: 47.34
INFO >> Layer: 9  |  Best Val Acc: 68.69  |  Best Test Acc: 56.52
INFO >> Layer: 10  |  Best Val Acc: 62.63  |  Best Test Acc: 59.42
INFO >> Layer: 11  |  Best Val Acc: 59.60  |  Best Test Acc: 59.90
INFO >> Layer: 12  |  Best Val Acc: 45.45  |  Best Test Acc: 42.51
INFO >> Layer: 13  |  Best Val Acc: 58.59  |  Best Test Acc: 42.03

DEBUG >> Last state saved

INFO >> History saved (./history/v1.4/AESDD/WAV2VEC2_BASE_PROBING/Run3/history.pt)
