
--------------------------------------------------
Multilingual SER System v1.2
--------------------------------------------------
Run Name      : Run4
Fx Model      : WAV2VEC2_LARGE
Clf Model     : DENSE
Extract Mode  : gpu_memory
Dataset       : IEMOCAP
Device        : gpu
Epochs        : 20
Num Workers   : 2
Data Dir      : ./data
History Dir   : ./history
Weights Dir   : ./weights
Log Level     : debug
Purge Cache   : False
Job Name      : Job26
Job Id        : 30659198
GPU           : Quadro RTX 8000
GPU Count     : 1

Timestamp : 2023-03-01 05:45:18.041048

INFO >> Running on CUDA


INFO >> Training Classifier

INFO >> Epoch: 1 |   Train Loss: 1.158 | Train Acc: 46.26 |   Val Loss: 0.918 | Val Acc: 58.43 |   Test Loss: 1.050 | Tes Acc: 55.88
DEBUG >> Best state saved | Val Acc 58.433735370635986 | Test Acc 55.88235259056091

INFO >> Epoch: 2 |   Train Loss: 0.920 | Train Acc: 61.15 |   Val Loss: 0.823 | Val Acc: 62.55 |   Test Loss: 1.078 | Tes Acc: 56.33
DEBUG >> Best state saved | Val Acc 62.550199031829834 | Test Acc 56.32798671722412

INFO >> Epoch: 3 |   Train Loss: 0.816 | Train Acc: 66.57 |   Val Loss: 0.785 | Val Acc: 67.27 |   Test Loss: 0.972 | Tes Acc: 64.08
DEBUG >> Best state saved | Val Acc 67.2690749168396 | Test Acc 64.08199667930603

INFO >> Epoch: 4 |   Train Loss: 0.754 | Train Acc: 68.59 |   Val Loss: 0.738 | Val Acc: 68.78 |   Test Loss: 1.003 | Tes Acc: 63.37
DEBUG >> Best state saved | Val Acc 68.77509951591492 | Test Acc 63.3689820766449

INFO >> Epoch: 5 |   Train Loss: 0.711 | Train Acc: 70.32 |   Val Loss: 0.723 | Val Acc: 68.98 |   Test Loss: 1.132 | Tes Acc: 61.85
DEBUG >> Best state saved | Val Acc 68.97590160369873 | Test Acc 61.85383200645447

INFO >> Epoch: 6 |   Train Loss: 0.672 | Train Acc: 72.93 |   Val Loss: 0.702 | Val Acc: 68.07 |   Test Loss: 0.966 | Tes Acc: 65.86
INFO >> Epoch: 7 |   Train Loss: 0.631 | Train Acc: 74.36 |   Val Loss: 0.680 | Val Acc: 71.29 |   Test Loss: 1.013 | Tes Acc: 66.04
DEBUG >> Best state saved | Val Acc 71.28514051437378 | Test Acc 66.04278087615967

INFO >> Epoch: 8 |   Train Loss: 0.597 | Train Acc: 75.36 |   Val Loss: 0.727 | Val Acc: 69.48 |   Test Loss: 0.935 | Tes Acc: 67.56
INFO >> Epoch: 9 |   Train Loss: 0.550 | Train Acc: 77.70 |   Val Loss: 0.737 | Val Acc: 69.38 |   Test Loss: 1.185 | Tes Acc: 62.92
INFO >> Epoch: 10 |   Train Loss: 0.533 | Train Acc: 77.53 |   Val Loss: 0.683 | Val Acc: 71.18 |   Test Loss: 0.974 | Tes Acc: 66.67
INFO >> Epoch: 11 |   Train Loss: 0.501 | Train Acc: 79.90 |   Val Loss: 0.750 | Val Acc: 71.08 |   Test Loss: 1.171 | Tes Acc: 64.71
INFO >> Epoch: 12 |   Train Loss: 0.458 | Train Acc: 81.63 |   Val Loss: 0.737 | Val Acc: 69.88 |   Test Loss: 1.194 | Tes Acc: 63.37
INFO >> Epoch: 13 |   Train Loss: 0.446 | Train Acc: 82.39 |   Val Loss: 0.674 | Val Acc: 71.39 |   Test Loss: 1.085 | Tes Acc: 64.88
DEBUG >> Best state saved | Val Acc 71.38554453849792 | Test Acc 64.8841381072998

INFO >> Epoch: 14 |   Train Loss: 0.408 | Train Acc: 83.89 |   Val Loss: 0.772 | Val Acc: 71.18 |   Test Loss: 1.004 | Tes Acc: 67.65
INFO >> Epoch: 15 |   Train Loss: 0.375 | Train Acc: 85.73 |   Val Loss: 0.741 | Val Acc: 72.29 |   Test Loss: 1.149 | Tes Acc: 64.35
DEBUG >> Best state saved | Val Acc 72.28915691375732 | Test Acc 64.34937715530396

INFO >> Epoch: 16 |   Train Loss: 0.351 | Train Acc: 86.58 |   Val Loss: 0.810 | Val Acc: 71.79 |   Test Loss: 1.101 | Tes Acc: 68.54
INFO >> Epoch: 17 |   Train Loss: 0.312 | Train Acc: 87.52 |   Val Loss: 0.808 | Val Acc: 72.19 |   Test Loss: 1.180 | Tes Acc: 66.93
INFO >> Epoch: 18 |   Train Loss: 0.312 | Train Acc: 87.55 |   Val Loss: 0.816 | Val Acc: 71.89 |   Test Loss: 1.334 | Tes Acc: 65.95
INFO >> Epoch: 19 |   Train Loss: 0.281 | Train Acc: 88.63 |   Val Loss: 0.845 | Val Acc: 70.68 |   Test Loss: 1.360 | Tes Acc: 64.71
INFO >> Epoch: 20 |   Train Loss: 0.245 | Train Acc: 90.92 |   Val Loss: 0.941 | Val Acc: 69.78 |   Test Loss: 1.641 | Tes Acc: 64.97


INFO >> Time Taken: 2:05:57

INFO >> Best Val Acc : 72.28915691375732 | Best Test Acc : 64.34937715530396

INFO >> Agg. Weights : 
0.39909985661506653 -0.23610815405845642 0.029706187546253204 -0.03366324305534363 0.10579192638397217 -0.33967822790145874 -0.436794251203537 -0.34294643998146057 -0.5337777733802795 -0.5533998608589172 -0.0615086704492569 -0.08153589814901352 0.09955903142690659 -0.49356698989868164 -0.5163450837135315 -0.2726256549358368 -0.10556599497795105 -0.3548721671104431 -0.24863369762897491 -0.19880753755569458 -0.14044807851314545 0.16722412407398224 0.0201798677444458 0.022840026766061783

DEBUG >> Last state saved | Val Acc 69.77911591529846 | Test Acc 64.97326493263245

INFO >> History saved (./history/v1.2/IEMOCAP/WAV2VEC2_LARGE_DENSE/Run4/history.pt)
