
--------------------------------------------------
Multilingual SER System v1.2
--------------------------------------------------
Run Name      : Run1
Fx Model      : WAV2VEC2_LARGE_XLSR300M
Clf Model     : DENSE
Extract Mode  : gpu_memory
Dataset       : ShEMO
Device        : gpu
Epochs        : 20
Num Workers   : 2
Data Dir      : ./data
History Dir   : ./history
Weights Dir   : ./weights
Log Level     : debug
Purge Cache   : False
Job Name      : Job44
Job Id        : 30684173
GPU           : Quadro RTX 8000
GPU Count     : 1

Timestamp : 2023-03-02 03:19:03.385253

INFO >> Running on CUDA


INFO >> Training Classifier

INFO >> Epoch: 1 |   Train Loss: 1.492 | Train Acc: 34.64 |   Val Loss: 1.427 | Val Acc: 37.63 |   Test Loss: 1.170 | Tes Acc: 48.39
DEBUG >> Best state saved | Val Acc 37.634408473968506 | Test Acc 48.38709533214569

INFO >> Epoch: 2 |   Train Loss: 1.364 | Train Acc: 43.96 |   Val Loss: 1.231 | Val Acc: 53.23 |   Test Loss: 0.929 | Tes Acc: 65.32
DEBUG >> Best state saved | Val Acc 53.22580933570862 | Test Acc 65.32257795333862

INFO >> Epoch: 3 |   Train Loss: 1.117 | Train Acc: 59.95 |   Val Loss: 0.915 | Val Acc: 68.82 |   Test Loss: 0.577 | Tes Acc: 83.33
DEBUG >> Best state saved | Val Acc 68.81720423698425 | Test Acc 83.33333134651184

INFO >> Epoch: 4 |   Train Loss: 0.869 | Train Acc: 69.95 |   Val Loss: 0.806 | Val Acc: 72.76 |   Test Loss: 0.453 | Tes Acc: 86.56
DEBUG >> Best state saved | Val Acc 72.75985479354858 | Test Acc 86.55914068222046

INFO >> Epoch: 5 |   Train Loss: 0.699 | Train Acc: 75.89 |   Val Loss: 0.660 | Val Acc: 78.67 |   Test Loss: 0.355 | Tes Acc: 88.98
DEBUG >> Best state saved | Val Acc 78.67383360862732 | Test Acc 88.97849321365356

INFO >> Epoch: 6 |   Train Loss: 0.625 | Train Acc: 78.65 |   Val Loss: 0.700 | Val Acc: 75.27 |   Test Loss: 0.403 | Tes Acc: 86.29
INFO >> Epoch: 7 |   Train Loss: 0.576 | Train Acc: 80.82 |   Val Loss: 0.623 | Val Acc: 79.03 |   Test Loss: 0.323 | Tes Acc: 90.32
DEBUG >> Best state saved | Val Acc 79.03226017951965 | Test Acc 90.32257795333862

INFO >> Epoch: 8 |   Train Loss: 0.490 | Train Acc: 83.38 |   Val Loss: 0.535 | Val Acc: 83.33 |   Test Loss: 0.255 | Tes Acc: 90.86
DEBUG >> Best state saved | Val Acc 83.33333134651184 | Test Acc 90.86021780967712

INFO >> Epoch: 9 |   Train Loss: 0.421 | Train Acc: 85.94 |   Val Loss: 0.480 | Val Acc: 83.87 |   Test Loss: 0.228 | Tes Acc: 93.82
DEBUG >> Best state saved | Val Acc 83.87096524238586 | Test Acc 93.81720423698425

INFO >> Epoch: 10 |   Train Loss: 0.391 | Train Acc: 87.20 |   Val Loss: 0.443 | Val Acc: 85.84 |   Test Loss: 0.254 | Tes Acc: 93.82
DEBUG >> Best state saved | Val Acc 85.84229350090027 | Test Acc 93.81720423698425

INFO >> Epoch: 11 |   Train Loss: 0.351 | Train Acc: 88.70 |   Val Loss: 0.503 | Val Acc: 85.66 |   Test Loss: 0.248 | Tes Acc: 91.94
INFO >> Epoch: 12 |   Train Loss: 0.321 | Train Acc: 88.94 |   Val Loss: 0.435 | Val Acc: 87.28 |   Test Loss: 0.247 | Tes Acc: 92.74
DEBUG >> Best state saved | Val Acc 87.27598786354065 | Test Acc 92.7419364452362

INFO >> Epoch: 13 |   Train Loss: 0.301 | Train Acc: 89.61 |   Val Loss: 0.446 | Val Acc: 86.38 |   Test Loss: 0.211 | Tes Acc: 93.55
INFO >> Epoch: 14 |   Train Loss: 0.253 | Train Acc: 91.40 |   Val Loss: 0.485 | Val Acc: 86.92 |   Test Loss: 0.252 | Tes Acc: 91.94
INFO >> Epoch: 15 |   Train Loss: 0.230 | Train Acc: 92.71 |   Val Loss: 0.413 | Val Acc: 87.10 |   Test Loss: 0.288 | Tes Acc: 92.20
INFO >> Epoch: 16 |   Train Loss: 0.228 | Train Acc: 92.03 |   Val Loss: 0.484 | Val Acc: 86.20 |   Test Loss: 0.225 | Tes Acc: 93.55
INFO >> Epoch: 17 |   Train Loss: 0.204 | Train Acc: 93.43 |   Val Loss: 0.607 | Val Acc: 84.41 |   Test Loss: 0.307 | Tes Acc: 88.71
INFO >> Epoch: 18 |   Train Loss: 0.186 | Train Acc: 93.33 |   Val Loss: 0.534 | Val Acc: 86.92 |   Test Loss: 0.250 | Tes Acc: 93.01
INFO >> Epoch: 19 |   Train Loss: 0.137 | Train Acc: 95.70 |   Val Loss: 0.580 | Val Acc: 86.74 |   Test Loss: 0.258 | Tes Acc: 91.67
INFO >> Epoch: 20 |   Train Loss: 0.107 | Train Acc: 96.43 |   Val Loss: 0.602 | Val Acc: 85.66 |   Test Loss: 0.252 | Tes Acc: 93.82


INFO >> Time Taken: 1:20:35

INFO >> Best Val Acc : 87.27598786354065 | Best Test Acc : 92.7419364452362

INFO >> Agg. Weights : 
-0.014636916108429432 0.261311799287796 0.20971842110157013 0.27479636669158936 0.05097802355885506 0.3290797173976898 -0.25946497917175293 0.1168481856584549 -0.305806964635849 -0.2150949239730835 -0.2101723551750183 -0.4036644697189331 -0.3443063497543335 -0.07301083207130432 -0.23803992569446564 -0.24550598859786987 -0.15988151729106903 -0.1573476940393448 0.14116361737251282 0.12947586178779602 0.18125665187835693 -0.011984976008534431 -0.003704515751451254 -0.02488075941801071

DEBUG >> Last state saved | Val Acc 85.6630802154541 | Test Acc 93.81720423698425

INFO >> History saved (./history/v1.2/ShEMO/WAV2VEC2_LARGE_XLSR300M_DENSE/Run1/history.pt)
