
--------------------------------------------------
Multilingual SER System v1.4
--------------------------------------------------
Run Name      : Run2
Fx Model      : WAV2VEC2_BASE
Clf Model     : PROBING_DENSE
Extract Mode  : gpu_memory
Dataset       : ShEMO
Device        : gpu
Epochs        : 30
Num Workers   : 3
Data Dir      : ./data
History Dir   : ./history
Weights Dir   : ./weights
Log Level     : debug
Purge Cache   : False
Job Name      : Job66
Job Id        : 30912845
GPU           : Quadro RTX 8000
GPU Count     : 1
GPU Memory    : 44.49 GB

Timestamp : 2023-03-11 03:57:10.308009

INFO >> Running on CUDA


INFO >> Training Classifier

INFO >> Epoch: 1  |  Layer:  1  |  Train Loss: 1.453 | Train Acc: 41.16  |  Val Loss: 1.356 | Val Acc: 54.84  |  Test Loss: 1.142 | Tes Acc: 68.55
INFO >> Epoch: 1  |  Layer:  2  |  Train Loss: 1.385 | Train Acc: 46.76  |  Val Loss: 1.167 | Val Acc: 61.29  |  Test Loss: 0.870 | Tes Acc: 74.19
INFO >> Epoch: 1  |  Layer:  3  |  Train Loss: 1.360 | Train Acc: 47.83  |  Val Loss: 1.107 | Val Acc: 65.95  |  Test Loss: 0.821 | Tes Acc: 76.34
INFO >> Epoch: 1  |  Layer:  4  |  Train Loss: 1.325 | Train Acc: 48.70  |  Val Loss: 1.059 | Val Acc: 64.34  |  Test Loss: 0.781 | Tes Acc: 77.96
INFO >> Epoch: 1  |  Layer:  5  |  Train Loss: 1.296 | Train Acc: 50.05  |  Val Loss: 0.989 | Val Acc: 67.92  |  Test Loss: 0.693 | Tes Acc: 80.38
INFO >> Epoch: 1  |  Layer:  6  |  Train Loss: 1.321 | Train Acc: 49.03  |  Val Loss: 1.045 | Val Acc: 64.87  |  Test Loss: 0.737 | Tes Acc: 78.23
INFO >> Epoch: 1  |  Layer:  7  |  Train Loss: 1.272 | Train Acc: 51.16  |  Val Loss: 0.996 | Val Acc: 61.83  |  Test Loss: 0.675 | Tes Acc: 78.23
INFO >> Epoch: 1  |  Layer:  8  |  Train Loss: 1.279 | Train Acc: 52.17  |  Val Loss: 1.033 | Val Acc: 62.37  |  Test Loss: 0.722 | Tes Acc: 79.03
INFO >> Epoch: 1  |  Layer:  9  |  Train Loss: 1.284 | Train Acc: 51.64  |  Val Loss: 1.051 | Val Acc: 61.29  |  Test Loss: 0.731 | Tes Acc: 77.96
INFO >> Epoch: 1  |  Layer: 10  |  Train Loss: 1.304 | Train Acc: 51.11  |  Val Loss: 1.077 | Val Acc: 62.01  |  Test Loss: 0.765 | Tes Acc: 76.08
INFO >> Epoch: 1  |  Layer: 11  |  Train Loss: 1.330 | Train Acc: 49.42  |  Val Loss: 1.108 | Val Acc: 62.01  |  Test Loss: 0.796 | Tes Acc: 78.76
INFO >> Epoch: 1  |  Layer: 12  |  Train Loss: 1.468 | Train Acc: 39.32  |  Val Loss: 1.385 | Val Acc: 47.13  |  Test Loss: 1.135 | Tes Acc: 57.80
INFO >> Epoch: 1  |  Layer: 13  |  Train Loss: 1.432 | Train Acc: 42.03  |  Val Loss: 1.295 | Val Acc: 51.43  |  Test Loss: 1.023 | Tes Acc: 65.05

INFO >> Epoch: 2  |  Layer:  1  |  Train Loss: 1.295 | Train Acc: 51.88  |  Val Loss: 1.216 | Val Acc: 54.84  |  Test Loss: 0.964 | Tes Acc: 68.28
INFO >> Epoch: 2  |  Layer:  2  |  Train Loss: 1.070 | Train Acc: 62.66  |  Val Loss: 0.984 | Val Acc: 66.67  |  Test Loss: 0.617 | Tes Acc: 80.11
INFO >> Epoch: 2  |  Layer:  3  |  Train Loss: 0.993 | Train Acc: 65.56  |  Val Loss: 0.876 | Val Acc: 72.22  |  Test Loss: 0.545 | Tes Acc: 84.14
INFO >> Epoch: 2  |  Layer:  4  |  Train Loss: 0.920 | Train Acc: 67.78  |  Val Loss: 0.924 | Val Acc: 65.77  |  Test Loss: 0.549 | Tes Acc: 80.91
INFO >> Epoch: 2  |  Layer:  5  |  Train Loss: 0.871 | Train Acc: 69.37  |  Val Loss: 0.871 | Val Acc: 68.82  |  Test Loss: 0.527 | Tes Acc: 81.72
INFO >> Epoch: 2  |  Layer:  6  |  Train Loss: 0.901 | Train Acc: 68.60  |  Val Loss: 0.907 | Val Acc: 68.10  |  Test Loss: 0.550 | Tes Acc: 82.26
INFO >> Epoch: 2  |  Layer:  7  |  Train Loss: 0.885 | Train Acc: 69.76  |  Val Loss: 0.867 | Val Acc: 69.89  |  Test Loss: 0.515 | Tes Acc: 84.14
INFO >> Epoch: 2  |  Layer:  8  |  Train Loss: 0.921 | Train Acc: 67.97  |  Val Loss: 0.904 | Val Acc: 67.74  |  Test Loss: 0.555 | Tes Acc: 83.60
INFO >> Epoch: 2  |  Layer:  9  |  Train Loss: 0.938 | Train Acc: 66.18  |  Val Loss: 0.915 | Val Acc: 68.10  |  Test Loss: 0.595 | Tes Acc: 83.87
INFO >> Epoch: 2  |  Layer: 10  |  Train Loss: 0.962 | Train Acc: 67.20  |  Val Loss: 0.935 | Val Acc: 65.23  |  Test Loss: 0.588 | Tes Acc: 83.06
INFO >> Epoch: 2  |  Layer: 11  |  Train Loss: 0.991 | Train Acc: 66.14  |  Val Loss: 0.937 | Val Acc: 67.56  |  Test Loss: 0.589 | Tes Acc: 82.80
INFO >> Epoch: 2  |  Layer: 12  |  Train Loss: 1.259 | Train Acc: 54.93  |  Val Loss: 1.241 | Val Acc: 52.87  |  Test Loss: 0.873 | Tes Acc: 68.01
INFO >> Epoch: 2  |  Layer: 13  |  Train Loss: 1.206 | Train Acc: 54.88  |  Val Loss: 1.165 | Val Acc: 55.20  |  Test Loss: 0.826 | Tes Acc: 67.47

INFO >> Epoch: 3  |  Layer:  1  |  Train Loss: 1.199 | Train Acc: 57.73  |  Val Loss: 1.195 | Val Acc: 55.20  |  Test Loss: 0.865 | Tes Acc: 62.10
INFO >> Epoch: 3  |  Layer:  2  |  Train Loss: 0.931 | Train Acc: 69.52  |  Val Loss: 0.922 | Val Acc: 71.33  |  Test Loss: 0.581 | Tes Acc: 81.18
INFO >> Epoch: 3  |  Layer:  3  |  Train Loss: 0.855 | Train Acc: 72.03  |  Val Loss: 0.843 | Val Acc: 72.94  |  Test Loss: 0.526 | Tes Acc: 82.26
INFO >> Epoch: 3  |  Layer:  4  |  Train Loss: 0.819 | Train Acc: 72.61  |  Val Loss: 0.815 | Val Acc: 72.58  |  Test Loss: 0.485 | Tes Acc: 84.68
INFO >> Epoch: 3  |  Layer:  5  |  Train Loss: 0.780 | Train Acc: 73.24  |  Val Loss: 0.783 | Val Acc: 74.19  |  Test Loss: 0.476 | Tes Acc: 84.41
INFO >> Epoch: 3  |  Layer:  6  |  Train Loss: 0.790 | Train Acc: 73.33  |  Val Loss: 0.736 | Val Acc: 75.27  |  Test Loss: 0.448 | Tes Acc: 84.68
INFO >> Epoch: 3  |  Layer:  7  |  Train Loss: 0.786 | Train Acc: 72.90  |  Val Loss: 0.770 | Val Acc: 73.12  |  Test Loss: 0.476 | Tes Acc: 83.87
INFO >> Epoch: 3  |  Layer:  8  |  Train Loss: 0.822 | Train Acc: 71.59  |  Val Loss: 0.785 | Val Acc: 73.48  |  Test Loss: 0.503 | Tes Acc: 83.60
INFO >> Epoch: 3  |  Layer:  9  |  Train Loss: 0.818 | Train Acc: 71.69  |  Val Loss: 0.770 | Val Acc: 73.66  |  Test Loss: 0.494 | Tes Acc: 84.14
INFO >> Epoch: 3  |  Layer: 10  |  Train Loss: 0.846 | Train Acc: 70.10  |  Val Loss: 0.786 | Val Acc: 72.04  |  Test Loss: 0.509 | Tes Acc: 83.87
INFO >> Epoch: 3  |  Layer: 11  |  Train Loss: 0.866 | Train Acc: 69.95  |  Val Loss: 0.791 | Val Acc: 72.76  |  Test Loss: 0.522 | Tes Acc: 82.26
INFO >> Epoch: 3  |  Layer: 12  |  Train Loss: 1.145 | Train Acc: 58.50  |  Val Loss: 1.089 | Val Acc: 61.83  |  Test Loss: 0.787 | Tes Acc: 75.00
INFO >> Epoch: 3  |  Layer: 13  |  Train Loss: 1.121 | Train Acc: 58.99  |  Val Loss: 1.048 | Val Acc: 63.80  |  Test Loss: 0.747 | Tes Acc: 75.81

INFO >> Epoch: 4  |  Layer:  1  |  Train Loss: 1.159 | Train Acc: 60.39  |  Val Loss: 1.083 | Val Acc: 65.23  |  Test Loss: 0.858 | Tes Acc: 81.45
INFO >> Epoch: 4  |  Layer:  2  |  Train Loss: 0.884 | Train Acc: 71.30  |  Val Loss: 0.812 | Val Acc: 73.84  |  Test Loss: 0.476 | Tes Acc: 88.71
INFO >> Epoch: 4  |  Layer:  3  |  Train Loss: 0.794 | Train Acc: 73.72  |  Val Loss: 0.752 | Val Acc: 74.73  |  Test Loss: 0.413 | Tes Acc: 88.98
INFO >> Epoch: 4  |  Layer:  4  |  Train Loss: 0.754 | Train Acc: 74.49  |  Val Loss: 0.718 | Val Acc: 74.73  |  Test Loss: 0.381 | Tes Acc: 89.25
INFO >> Epoch: 4  |  Layer:  5  |  Train Loss: 0.729 | Train Acc: 74.59  |  Val Loss: 0.703 | Val Acc: 74.55  |  Test Loss: 0.386 | Tes Acc: 88.71
INFO >> Epoch: 4  |  Layer:  6  |  Train Loss: 0.721 | Train Acc: 75.27  |  Val Loss: 0.712 | Val Acc: 75.99  |  Test Loss: 0.404 | Tes Acc: 86.83
INFO >> Epoch: 4  |  Layer:  7  |  Train Loss: 0.723 | Train Acc: 74.64  |  Val Loss: 0.701 | Val Acc: 76.70  |  Test Loss: 0.392 | Tes Acc: 88.71
INFO >> Epoch: 4  |  Layer:  8  |  Train Loss: 0.752 | Train Acc: 73.96  |  Val Loss: 0.714 | Val Acc: 75.09  |  Test Loss: 0.408 | Tes Acc: 87.37
INFO >> Epoch: 4  |  Layer:  9  |  Train Loss: 0.764 | Train Acc: 72.90  |  Val Loss: 0.725 | Val Acc: 74.55  |  Test Loss: 0.442 | Tes Acc: 88.17
INFO >> Epoch: 4  |  Layer: 10  |  Train Loss: 0.798 | Train Acc: 73.04  |  Val Loss: 0.742 | Val Acc: 74.91  |  Test Loss: 0.453 | Tes Acc: 87.37
INFO >> Epoch: 4  |  Layer: 11  |  Train Loss: 0.806 | Train Acc: 72.22  |  Val Loss: 0.748 | Val Acc: 72.22  |  Test Loss: 0.460 | Tes Acc: 86.29
INFO >> Epoch: 4  |  Layer: 12  |  Train Loss: 1.071 | Train Acc: 61.88  |  Val Loss: 1.040 | Val Acc: 65.59  |  Test Loss: 0.821 | Tes Acc: 75.54
INFO >> Epoch: 4  |  Layer: 13  |  Train Loss: 1.044 | Train Acc: 63.82  |  Val Loss: 0.966 | Val Acc: 65.77  |  Test Loss: 0.685 | Tes Acc: 76.61

INFO >> Epoch: 5  |  Layer:  1  |  Train Loss: 1.087 | Train Acc: 62.80  |  Val Loss: 1.031 | Val Acc: 65.95  |  Test Loss: 0.714 | Tes Acc: 79.03
INFO >> Epoch: 5  |  Layer:  2  |  Train Loss: 0.799 | Train Acc: 73.62  |  Val Loss: 0.783 | Val Acc: 74.91  |  Test Loss: 0.452 | Tes Acc: 86.29
INFO >> Epoch: 5  |  Layer:  3  |  Train Loss: 0.736 | Train Acc: 74.98  |  Val Loss: 0.717 | Val Acc: 76.88  |  Test Loss: 0.386 | Tes Acc: 88.98
INFO >> Epoch: 5  |  Layer:  4  |  Train Loss: 0.706 | Train Acc: 75.89  |  Val Loss: 0.696 | Val Acc: 77.42  |  Test Loss: 0.369 | Tes Acc: 90.05
INFO >> Epoch: 5  |  Layer:  5  |  Train Loss: 0.693 | Train Acc: 75.94  |  Val Loss: 0.681 | Val Acc: 76.16  |  Test Loss: 0.380 | Tes Acc: 89.78
INFO >> Epoch: 5  |  Layer:  6  |  Train Loss: 0.687 | Train Acc: 76.62  |  Val Loss: 0.662 | Val Acc: 79.03  |  Test Loss: 0.379 | Tes Acc: 88.44
INFO >> Epoch: 5  |  Layer:  7  |  Train Loss: 0.668 | Train Acc: 77.00  |  Val Loss: 0.657 | Val Acc: 76.88  |  Test Loss: 0.368 | Tes Acc: 89.25
INFO >> Epoch: 5  |  Layer:  8  |  Train Loss: 0.703 | Train Acc: 75.27  |  Val Loss: 0.684 | Val Acc: 76.34  |  Test Loss: 0.389 | Tes Acc: 88.71
INFO >> Epoch: 5  |  Layer:  9  |  Train Loss: 0.708 | Train Acc: 75.70  |  Val Loss: 0.696 | Val Acc: 74.55  |  Test Loss: 0.422 | Tes Acc: 88.71
INFO >> Epoch: 5  |  Layer: 10  |  Train Loss: 0.727 | Train Acc: 74.69  |  Val Loss: 0.713 | Val Acc: 74.37  |  Test Loss: 0.430 | Tes Acc: 88.71
INFO >> Epoch: 5  |  Layer: 11  |  Train Loss: 0.748 | Train Acc: 74.11  |  Val Loss: 0.711 | Val Acc: 75.27  |  Test Loss: 0.416 | Tes Acc: 88.17
INFO >> Epoch: 5  |  Layer: 12  |  Train Loss: 0.955 | Train Acc: 66.81  |  Val Loss: 0.893 | Val Acc: 69.35  |  Test Loss: 0.539 | Tes Acc: 84.95
INFO >> Epoch: 5  |  Layer: 13  |  Train Loss: 0.966 | Train Acc: 64.98  |  Val Loss: 0.939 | Val Acc: 66.67  |  Test Loss: 0.573 | Tes Acc: 81.72

INFO >> Epoch: 6  |  Layer:  1  |  Train Loss: 1.036 | Train Acc: 64.78  |  Val Loss: 0.979 | Val Acc: 67.56  |  Test Loss: 0.636 | Tes Acc: 80.91
INFO >> Epoch: 6  |  Layer:  2  |  Train Loss: 0.779 | Train Acc: 73.57  |  Val Loss: 0.775 | Val Acc: 72.58  |  Test Loss: 0.448 | Tes Acc: 87.63
INFO >> Epoch: 6  |  Layer:  3  |  Train Loss: 0.714 | Train Acc: 75.02  |  Val Loss: 0.734 | Val Acc: 74.73  |  Test Loss: 0.419 | Tes Acc: 86.29
INFO >> Epoch: 6  |  Layer:  4  |  Train Loss: 0.675 | Train Acc: 77.25  |  Val Loss: 0.722 | Val Acc: 76.34  |  Test Loss: 0.386 | Tes Acc: 88.44
INFO >> Epoch: 6  |  Layer:  5  |  Train Loss: 0.651 | Train Acc: 77.73  |  Val Loss: 0.690 | Val Acc: 76.88  |  Test Loss: 0.367 | Tes Acc: 88.98
INFO >> Epoch: 6  |  Layer:  6  |  Train Loss: 0.647 | Train Acc: 77.68  |  Val Loss: 0.668 | Val Acc: 76.70  |  Test Loss: 0.362 | Tes Acc: 88.98
INFO >> Epoch: 6  |  Layer:  7  |  Train Loss: 0.614 | Train Acc: 78.60  |  Val Loss: 0.692 | Val Acc: 77.24  |  Test Loss: 0.375 | Tes Acc: 87.37
INFO >> Epoch: 6  |  Layer:  8  |  Train Loss: 0.639 | Train Acc: 77.78  |  Val Loss: 0.778 | Val Acc: 72.76  |  Test Loss: 0.416 | Tes Acc: 86.56
INFO >> Epoch: 6  |  Layer:  9  |  Train Loss: 0.656 | Train Acc: 77.34  |  Val Loss: 0.725 | Val Acc: 74.37  |  Test Loss: 0.410 | Tes Acc: 88.71
INFO >> Epoch: 6  |  Layer: 10  |  Train Loss: 0.695 | Train Acc: 75.36  |  Val Loss: 0.727 | Val Acc: 74.91  |  Test Loss: 0.426 | Tes Acc: 87.90
INFO >> Epoch: 6  |  Layer: 11  |  Train Loss: 0.716 | Train Acc: 74.78  |  Val Loss: 0.735 | Val Acc: 74.19  |  Test Loss: 0.411 | Tes Acc: 88.71
INFO >> Epoch: 6  |  Layer: 12  |  Train Loss: 0.908 | Train Acc: 68.60  |  Val Loss: 0.897 | Val Acc: 69.71  |  Test Loss: 0.558 | Tes Acc: 85.48
INFO >> Epoch: 6  |  Layer: 13  |  Train Loss: 0.935 | Train Acc: 66.86  |  Val Loss: 0.894 | Val Acc: 69.00  |  Test Loss: 0.548 | Tes Acc: 83.33

INFO >> Epoch: 7  |  Layer:  1  |  Train Loss: 1.021 | Train Acc: 65.36  |  Val Loss: 0.937 | Val Acc: 70.07  |  Test Loss: 0.605 | Tes Acc: 84.14
INFO >> Epoch: 7  |  Layer:  2  |  Train Loss: 0.752 | Train Acc: 74.64  |  Val Loss: 0.766 | Val Acc: 75.27  |  Test Loss: 0.422 | Tes Acc: 88.17
INFO >> Epoch: 7  |  Layer:  3  |  Train Loss: 0.687 | Train Acc: 75.75  |  Val Loss: 0.724 | Val Acc: 76.16  |  Test Loss: 0.387 | Tes Acc: 88.17
INFO >> Epoch: 7  |  Layer:  4  |  Train Loss: 0.646 | Train Acc: 77.44  |  Val Loss: 0.686 | Val Acc: 76.88  |  Test Loss: 0.337 | Tes Acc: 90.05
INFO >> Epoch: 7  |  Layer:  5  |  Train Loss: 0.623 | Train Acc: 78.07  |  Val Loss: 0.666 | Val Acc: 76.16  |  Test Loss: 0.347 | Tes Acc: 89.52
INFO >> Epoch: 7  |  Layer:  6  |  Train Loss: 0.601 | Train Acc: 79.32  |  Val Loss: 0.647 | Val Acc: 78.67  |  Test Loss: 0.350 | Tes Acc: 89.78
INFO >> Epoch: 7  |  Layer:  7  |  Train Loss: 0.568 | Train Acc: 80.48  |  Val Loss: 0.657 | Val Acc: 77.60  |  Test Loss: 0.356 | Tes Acc: 88.98
INFO >> Epoch: 7  |  Layer:  8  |  Train Loss: 0.618 | Train Acc: 78.55  |  Val Loss: 0.690 | Val Acc: 76.52  |  Test Loss: 0.365 | Tes Acc: 88.98
INFO >> Epoch: 7  |  Layer:  9  |  Train Loss: 0.635 | Train Acc: 78.31  |  Val Loss: 0.687 | Val Acc: 77.06  |  Test Loss: 0.397 | Tes Acc: 89.25
INFO >> Epoch: 7  |  Layer: 10  |  Train Loss: 0.669 | Train Acc: 76.71  |  Val Loss: 0.703 | Val Acc: 74.19  |  Test Loss: 0.407 | Tes Acc: 88.71
INFO >> Epoch: 7  |  Layer: 11  |  Train Loss: 0.689 | Train Acc: 75.51  |  Val Loss: 0.717 | Val Acc: 75.99  |  Test Loss: 0.424 | Tes Acc: 88.17
INFO >> Epoch: 7  |  Layer: 12  |  Train Loss: 0.868 | Train Acc: 69.90  |  Val Loss: 0.817 | Val Acc: 72.22  |  Test Loss: 0.479 | Tes Acc: 86.02
INFO >> Epoch: 7  |  Layer: 13  |  Train Loss: 0.903 | Train Acc: 68.50  |  Val Loss: 0.870 | Val Acc: 70.43  |  Test Loss: 0.541 | Tes Acc: 81.72

INFO >> Epoch: 8  |  Layer:  1  |  Train Loss: 0.992 | Train Acc: 66.62  |  Val Loss: 0.971 | Val Acc: 69.53  |  Test Loss: 0.728 | Tes Acc: 83.33
INFO >> Epoch: 8  |  Layer:  2  |  Train Loss: 0.728 | Train Acc: 75.17  |  Val Loss: 0.749 | Val Acc: 76.16  |  Test Loss: 0.432 | Tes Acc: 89.78
INFO >> Epoch: 8  |  Layer:  3  |  Train Loss: 0.661 | Train Acc: 77.25  |  Val Loss: 0.712 | Val Acc: 75.99  |  Test Loss: 0.399 | Tes Acc: 90.05
INFO >> Epoch: 8  |  Layer:  4  |  Train Loss: 0.614 | Train Acc: 78.89  |  Val Loss: 0.670 | Val Acc: 78.85  |  Test Loss: 0.356 | Tes Acc: 90.05
INFO >> Epoch: 8  |  Layer:  5  |  Train Loss: 0.595 | Train Acc: 79.28  |  Val Loss: 0.637 | Val Acc: 80.82  |  Test Loss: 0.373 | Tes Acc: 88.98
INFO >> Epoch: 8  |  Layer:  6  |  Train Loss: 0.575 | Train Acc: 80.63  |  Val Loss: 0.610 | Val Acc: 80.82  |  Test Loss: 0.345 | Tes Acc: 89.78
INFO >> Epoch: 8  |  Layer:  7  |  Train Loss: 0.540 | Train Acc: 82.27  |  Val Loss: 0.642 | Val Acc: 78.67  |  Test Loss: 0.368 | Tes Acc: 88.98
INFO >> Epoch: 8  |  Layer:  8  |  Train Loss: 0.574 | Train Acc: 80.43  |  Val Loss: 0.664 | Val Acc: 76.52  |  Test Loss: 0.380 | Tes Acc: 88.71
INFO >> Epoch: 8  |  Layer:  9  |  Train Loss: 0.594 | Train Acc: 80.05  |  Val Loss: 0.659 | Val Acc: 76.52  |  Test Loss: 0.398 | Tes Acc: 88.98
INFO >> Epoch: 8  |  Layer: 10  |  Train Loss: 0.630 | Train Acc: 78.50  |  Val Loss: 0.696 | Val Acc: 76.70  |  Test Loss: 0.442 | Tes Acc: 87.10
INFO >> Epoch: 8  |  Layer: 11  |  Train Loss: 0.666 | Train Acc: 77.29  |  Val Loss: 0.711 | Val Acc: 77.42  |  Test Loss: 0.444 | Tes Acc: 88.44
INFO >> Epoch: 8  |  Layer: 12  |  Train Loss: 0.862 | Train Acc: 69.95  |  Val Loss: 0.797 | Val Acc: 71.68  |  Test Loss: 0.489 | Tes Acc: 86.56
INFO >> Epoch: 8  |  Layer: 13  |  Train Loss: 0.920 | Train Acc: 67.87  |  Val Loss: 0.841 | Val Acc: 70.97  |  Test Loss: 0.550 | Tes Acc: 84.41

INFO >> Epoch: 9  |  Layer:  1  |  Train Loss: 0.990 | Train Acc: 67.78  |  Val Loss: 0.889 | Val Acc: 71.15  |  Test Loss: 0.572 | Tes Acc: 85.48
INFO >> Epoch: 9  |  Layer:  2  |  Train Loss: 0.694 | Train Acc: 77.20  |  Val Loss: 0.723 | Val Acc: 78.14  |  Test Loss: 0.405 | Tes Acc: 89.78
INFO >> Epoch: 9  |  Layer:  3  |  Train Loss: 0.632 | Train Acc: 78.26  |  Val Loss: 0.671 | Val Acc: 76.34  |  Test Loss: 0.357 | Tes Acc: 90.59
INFO >> Epoch: 9  |  Layer:  4  |  Train Loss: 0.591 | Train Acc: 80.00  |  Val Loss: 0.650 | Val Acc: 77.96  |  Test Loss: 0.331 | Tes Acc: 89.78
INFO >> Epoch: 9  |  Layer:  5  |  Train Loss: 0.566 | Train Acc: 80.72  |  Val Loss: 0.629 | Val Acc: 79.03  |  Test Loss: 0.338 | Tes Acc: 90.05
INFO >> Epoch: 9  |  Layer:  6  |  Train Loss: 0.536 | Train Acc: 81.69  |  Val Loss: 0.628 | Val Acc: 78.85  |  Test Loss: 0.353 | Tes Acc: 88.71
INFO >> Epoch: 9  |  Layer:  7  |  Train Loss: 0.509 | Train Acc: 83.14  |  Val Loss: 0.613 | Val Acc: 78.67  |  Test Loss: 0.356 | Tes Acc: 90.05
INFO >> Epoch: 9  |  Layer:  8  |  Train Loss: 0.556 | Train Acc: 80.68  |  Val Loss: 0.644 | Val Acc: 77.96  |  Test Loss: 0.349 | Tes Acc: 89.52
INFO >> Epoch: 9  |  Layer:  9  |  Train Loss: 0.570 | Train Acc: 80.68  |  Val Loss: 0.658 | Val Acc: 76.16  |  Test Loss: 0.381 | Tes Acc: 89.78
INFO >> Epoch: 9  |  Layer: 10  |  Train Loss: 0.608 | Train Acc: 79.28  |  Val Loss: 0.703 | Val Acc: 75.99  |  Test Loss: 0.398 | Tes Acc: 88.44
INFO >> Epoch: 9  |  Layer: 11  |  Train Loss: 0.642 | Train Acc: 77.44  |  Val Loss: 0.670 | Val Acc: 75.63  |  Test Loss: 0.402 | Tes Acc: 88.44
INFO >> Epoch: 9  |  Layer: 12  |  Train Loss: 0.805 | Train Acc: 72.71  |  Val Loss: 0.781 | Val Acc: 72.22  |  Test Loss: 0.447 | Tes Acc: 87.90
INFO >> Epoch: 9  |  Layer: 13  |  Train Loss: 0.872 | Train Acc: 69.81  |  Val Loss: 0.871 | Val Acc: 68.82  |  Test Loss: 0.513 | Tes Acc: 84.95

INFO >> Epoch: 10  |  Layer:  1  |  Train Loss: 0.956 | Train Acc: 68.12  |  Val Loss: 0.887 | Val Acc: 71.68  |  Test Loss: 0.557 | Tes Acc: 84.41
INFO >> Epoch: 10  |  Layer:  2  |  Train Loss: 0.677 | Train Acc: 76.28  |  Val Loss: 0.770 | Val Acc: 74.55  |  Test Loss: 0.440 | Tes Acc: 86.02
INFO >> Epoch: 10  |  Layer:  3  |  Train Loss: 0.607 | Train Acc: 78.36  |  Val Loss: 0.722 | Val Acc: 74.55  |  Test Loss: 0.393 | Tes Acc: 85.48
INFO >> Epoch: 10  |  Layer:  4  |  Train Loss: 0.569 | Train Acc: 81.26  |  Val Loss: 0.678 | Val Acc: 78.32  |  Test Loss: 0.360 | Tes Acc: 87.90
INFO >> Epoch: 10  |  Layer:  5  |  Train Loss: 0.542 | Train Acc: 81.55  |  Val Loss: 0.663 | Val Acc: 77.24  |  Test Loss: 0.376 | Tes Acc: 86.29
INFO >> Epoch: 10  |  Layer:  6  |  Train Loss: 0.508 | Train Acc: 83.43  |  Val Loss: 0.613 | Val Acc: 79.21  |  Test Loss: 0.353 | Tes Acc: 88.17
INFO >> Epoch: 10  |  Layer:  7  |  Train Loss: 0.483 | Train Acc: 83.72  |  Val Loss: 0.625 | Val Acc: 80.11  |  Test Loss: 0.384 | Tes Acc: 87.10
INFO >> Epoch: 10  |  Layer:  8  |  Train Loss: 0.522 | Train Acc: 82.61  |  Val Loss: 0.659 | Val Acc: 76.34  |  Test Loss: 0.361 | Tes Acc: 88.44
INFO >> Epoch: 10  |  Layer:  9  |  Train Loss: 0.542 | Train Acc: 81.84  |  Val Loss: 0.670 | Val Acc: 76.16  |  Test Loss: 0.391 | Tes Acc: 86.83
INFO >> Epoch: 10  |  Layer: 10  |  Train Loss: 0.574 | Train Acc: 80.72  |  Val Loss: 0.691 | Val Acc: 75.99  |  Test Loss: 0.424 | Tes Acc: 86.56
INFO >> Epoch: 10  |  Layer: 11  |  Train Loss: 0.622 | Train Acc: 77.87  |  Val Loss: 0.681 | Val Acc: 77.60  |  Test Loss: 0.404 | Tes Acc: 87.90
INFO >> Epoch: 10  |  Layer: 12  |  Train Loss: 0.813 | Train Acc: 71.84  |  Val Loss: 0.800 | Val Acc: 72.04  |  Test Loss: 0.450 | Tes Acc: 86.02
INFO >> Epoch: 10  |  Layer: 13  |  Train Loss: 0.859 | Train Acc: 69.61  |  Val Loss: 0.870 | Val Acc: 68.64  |  Test Loss: 0.509 | Tes Acc: 83.60

INFO >> Epoch: 11  |  Layer:  1  |  Train Loss: 0.945 | Train Acc: 68.41  |  Val Loss: 0.903 | Val Acc: 71.68  |  Test Loss: 0.596 | Tes Acc: 82.26
INFO >> Epoch: 11  |  Layer:  2  |  Train Loss: 0.656 | Train Acc: 77.92  |  Val Loss: 0.754 | Val Acc: 77.24  |  Test Loss: 0.405 | Tes Acc: 87.90
INFO >> Epoch: 11  |  Layer:  3  |  Train Loss: 0.589 | Train Acc: 79.76  |  Val Loss: 0.694 | Val Acc: 75.99  |  Test Loss: 0.364 | Tes Acc: 88.44
INFO >> Epoch: 11  |  Layer:  4  |  Train Loss: 0.551 | Train Acc: 81.45  |  Val Loss: 0.645 | Val Acc: 78.85  |  Test Loss: 0.346 | Tes Acc: 89.25
INFO >> Epoch: 11  |  Layer:  5  |  Train Loss: 0.528 | Train Acc: 82.32  |  Val Loss: 0.601 | Val Acc: 80.82  |  Test Loss: 0.336 | Tes Acc: 88.98
INFO >> Epoch: 11  |  Layer:  6  |  Train Loss: 0.491 | Train Acc: 83.72  |  Val Loss: 0.598 | Val Acc: 80.11  |  Test Loss: 0.325 | Tes Acc: 90.59
INFO >> Epoch: 11  |  Layer:  7  |  Train Loss: 0.467 | Train Acc: 84.30  |  Val Loss: 0.623 | Val Acc: 78.85  |  Test Loss: 0.366 | Tes Acc: 89.25
INFO >> Epoch: 11  |  Layer:  8  |  Train Loss: 0.498 | Train Acc: 83.14  |  Val Loss: 0.674 | Val Acc: 76.70  |  Test Loss: 0.375 | Tes Acc: 88.44
INFO >> Epoch: 11  |  Layer:  9  |  Train Loss: 0.517 | Train Acc: 82.22  |  Val Loss: 0.675 | Val Acc: 75.63  |  Test Loss: 0.383 | Tes Acc: 87.90
INFO >> Epoch: 11  |  Layer: 10  |  Train Loss: 0.561 | Train Acc: 81.45  |  Val Loss: 0.707 | Val Acc: 75.63  |  Test Loss: 0.415 | Tes Acc: 87.10
INFO >> Epoch: 11  |  Layer: 11  |  Train Loss: 0.604 | Train Acc: 79.18  |  Val Loss: 0.686 | Val Acc: 77.06  |  Test Loss: 0.434 | Tes Acc: 88.44
INFO >> Epoch: 11  |  Layer: 12  |  Train Loss: 0.782 | Train Acc: 73.77  |  Val Loss: 0.846 | Val Acc: 71.15  |  Test Loss: 0.477 | Tes Acc: 84.68
INFO >> Epoch: 11  |  Layer: 13  |  Train Loss: 0.838 | Train Acc: 70.97  |  Val Loss: 0.847 | Val Acc: 72.04  |  Test Loss: 0.523 | Tes Acc: 85.48

INFO >> Epoch: 12  |  Layer:  1  |  Train Loss: 0.913 | Train Acc: 69.86  |  Val Loss: 0.843 | Val Acc: 72.58  |  Test Loss: 0.510 | Tes Acc: 85.75
INFO >> Epoch: 12  |  Layer:  2  |  Train Loss: 0.628 | Train Acc: 78.21  |  Val Loss: 0.711 | Val Acc: 76.70  |  Test Loss: 0.413 | Tes Acc: 88.71
INFO >> Epoch: 12  |  Layer:  3  |  Train Loss: 0.556 | Train Acc: 81.06  |  Val Loss: 0.652 | Val Acc: 78.32  |  Test Loss: 0.348 | Tes Acc: 91.13
INFO >> Epoch: 12  |  Layer:  4  |  Train Loss: 0.514 | Train Acc: 82.75  |  Val Loss: 0.644 | Val Acc: 79.39  |  Test Loss: 0.340 | Tes Acc: 91.67
INFO >> Epoch: 12  |  Layer:  5  |  Train Loss: 0.507 | Train Acc: 82.32  |  Val Loss: 0.678 | Val Acc: 77.78  |  Test Loss: 0.354 | Tes Acc: 88.98
INFO >> Epoch: 12  |  Layer:  6  |  Train Loss: 0.463 | Train Acc: 84.83  |  Val Loss: 0.601 | Val Acc: 79.93  |  Test Loss: 0.311 | Tes Acc: 90.86
INFO >> Epoch: 12  |  Layer:  7  |  Train Loss: 0.447 | Train Acc: 84.88  |  Val Loss: 0.623 | Val Acc: 79.93  |  Test Loss: 0.372 | Tes Acc: 86.56
INFO >> Epoch: 12  |  Layer:  8  |  Train Loss: 0.488 | Train Acc: 83.29  |  Val Loss: 0.644 | Val Acc: 78.14  |  Test Loss: 0.336 | Tes Acc: 88.71
INFO >> Epoch: 12  |  Layer:  9  |  Train Loss: 0.514 | Train Acc: 82.66  |  Val Loss: 0.657 | Val Acc: 75.81  |  Test Loss: 0.369 | Tes Acc: 89.52
INFO >> Epoch: 12  |  Layer: 10  |  Train Loss: 0.568 | Train Acc: 81.21  |  Val Loss: 0.690 | Val Acc: 74.91  |  Test Loss: 0.434 | Tes Acc: 86.02
INFO >> Epoch: 12  |  Layer: 11  |  Train Loss: 0.601 | Train Acc: 79.28  |  Val Loss: 0.666 | Val Acc: 77.06  |  Test Loss: 0.432 | Tes Acc: 85.75
INFO >> Epoch: 12  |  Layer: 12  |  Train Loss: 0.791 | Train Acc: 72.61  |  Val Loss: 0.775 | Val Acc: 72.04  |  Test Loss: 0.463 | Tes Acc: 85.22
INFO >> Epoch: 12  |  Layer: 13  |  Train Loss: 0.824 | Train Acc: 71.16  |  Val Loss: 0.881 | Val Acc: 69.71  |  Test Loss: 0.537 | Tes Acc: 81.18

INFO >> Epoch: 13  |  Layer:  1  |  Train Loss: 0.939 | Train Acc: 68.21  |  Val Loss: 0.846 | Val Acc: 72.22  |  Test Loss: 0.543 | Tes Acc: 85.22
INFO >> Epoch: 13  |  Layer:  2  |  Train Loss: 0.629 | Train Acc: 78.89  |  Val Loss: 0.678 | Val Acc: 77.96  |  Test Loss: 0.409 | Tes Acc: 88.71
INFO >> Epoch: 13  |  Layer:  3  |  Train Loss: 0.565 | Train Acc: 80.77  |  Val Loss: 0.643 | Val Acc: 78.67  |  Test Loss: 0.376 | Tes Acc: 87.37
INFO >> Epoch: 13  |  Layer:  4  |  Train Loss: 0.506 | Train Acc: 83.19  |  Val Loss: 0.622 | Val Acc: 79.21  |  Test Loss: 0.349 | Tes Acc: 88.98
INFO >> Epoch: 13  |  Layer:  5  |  Train Loss: 0.495 | Train Acc: 83.43  |  Val Loss: 0.608 | Val Acc: 79.75  |  Test Loss: 0.327 | Tes Acc: 88.98
INFO >> Epoch: 13  |  Layer:  6  |  Train Loss: 0.447 | Train Acc: 86.23  |  Val Loss: 0.572 | Val Acc: 82.26  |  Test Loss: 0.333 | Tes Acc: 89.25
INFO >> Epoch: 13  |  Layer:  7  |  Train Loss: 0.436 | Train Acc: 85.46  |  Val Loss: 0.568 | Val Acc: 82.44  |  Test Loss: 0.359 | Tes Acc: 88.71
INFO >> Epoch: 13  |  Layer:  8  |  Train Loss: 0.481 | Train Acc: 83.43  |  Val Loss: 0.645 | Val Acc: 76.34  |  Test Loss: 0.379 | Tes Acc: 87.37
INFO >> Epoch: 13  |  Layer:  9  |  Train Loss: 0.499 | Train Acc: 83.00  |  Val Loss: 0.648 | Val Acc: 74.91  |  Test Loss: 0.404 | Tes Acc: 88.17
INFO >> Epoch: 13  |  Layer: 10  |  Train Loss: 0.531 | Train Acc: 82.13  |  Val Loss: 0.706 | Val Acc: 77.06  |  Test Loss: 0.464 | Tes Acc: 84.68
INFO >> Epoch: 13  |  Layer: 11  |  Train Loss: 0.578 | Train Acc: 80.10  |  Val Loss: 0.649 | Val Acc: 77.42  |  Test Loss: 0.413 | Tes Acc: 87.10
INFO >> Epoch: 13  |  Layer: 12  |  Train Loss: 0.771 | Train Acc: 72.61  |  Val Loss: 0.748 | Val Acc: 74.01  |  Test Loss: 0.426 | Tes Acc: 88.17
INFO >> Epoch: 13  |  Layer: 13  |  Train Loss: 0.822 | Train Acc: 71.40  |  Val Loss: 0.830 | Val Acc: 72.94  |  Test Loss: 0.483 | Tes Acc: 85.22

INFO >> Epoch: 14  |  Layer:  1  |  Train Loss: 0.922 | Train Acc: 69.28  |  Val Loss: 0.829 | Val Acc: 71.68  |  Test Loss: 0.517 | Tes Acc: 86.29
INFO >> Epoch: 14  |  Layer:  2  |  Train Loss: 0.577 | Train Acc: 80.92  |  Val Loss: 0.696 | Val Acc: 78.32  |  Test Loss: 0.391 | Tes Acc: 88.44
INFO >> Epoch: 14  |  Layer:  3  |  Train Loss: 0.510 | Train Acc: 83.29  |  Val Loss: 0.657 | Val Acc: 79.03  |  Test Loss: 0.343 | Tes Acc: 90.05
INFO >> Epoch: 14  |  Layer:  4  |  Train Loss: 0.467 | Train Acc: 84.44  |  Val Loss: 0.613 | Val Acc: 81.72  |  Test Loss: 0.314 | Tes Acc: 90.59
INFO >> Epoch: 14  |  Layer:  5  |  Train Loss: 0.463 | Train Acc: 84.83  |  Val Loss: 0.607 | Val Acc: 81.18  |  Test Loss: 0.325 | Tes Acc: 89.25
INFO >> Epoch: 14  |  Layer:  6  |  Train Loss: 0.411 | Train Acc: 86.91  |  Val Loss: 0.603 | Val Acc: 81.90  |  Test Loss: 0.311 | Tes Acc: 90.32
INFO >> Epoch: 14  |  Layer:  7  |  Train Loss: 0.387 | Train Acc: 87.73  |  Val Loss: 0.595 | Val Acc: 81.90  |  Test Loss: 0.338 | Tes Acc: 90.32
INFO >> Epoch: 14  |  Layer:  8  |  Train Loss: 0.434 | Train Acc: 84.98  |  Val Loss: 0.656 | Val Acc: 79.39  |  Test Loss: 0.354 | Tes Acc: 88.71
INFO >> Epoch: 14  |  Layer:  9  |  Train Loss: 0.451 | Train Acc: 85.27  |  Val Loss: 0.648 | Val Acc: 77.96  |  Test Loss: 0.370 | Tes Acc: 89.52
INFO >> Epoch: 14  |  Layer: 10  |  Train Loss: 0.515 | Train Acc: 82.61  |  Val Loss: 0.698 | Val Acc: 76.88  |  Test Loss: 0.440 | Tes Acc: 86.56
INFO >> Epoch: 14  |  Layer: 11  |  Train Loss: 0.538 | Train Acc: 81.69  |  Val Loss: 0.643 | Val Acc: 79.21  |  Test Loss: 0.381 | Tes Acc: 90.59
INFO >> Epoch: 14  |  Layer: 12  |  Train Loss: 0.759 | Train Acc: 73.62  |  Val Loss: 0.761 | Val Acc: 75.09  |  Test Loss: 0.436 | Tes Acc: 88.98
INFO >> Epoch: 14  |  Layer: 13  |  Train Loss: 0.820 | Train Acc: 71.55  |  Val Loss: 0.809 | Val Acc: 72.40  |  Test Loss: 0.484 | Tes Acc: 85.75

INFO >> Epoch: 15  |  Layer:  1  |  Train Loss: 0.870 | Train Acc: 71.35  |  Val Loss: 0.830 | Val Acc: 69.71  |  Test Loss: 0.562 | Tes Acc: 85.48
INFO >> Epoch: 15  |  Layer:  2  |  Train Loss: 0.554 | Train Acc: 81.26  |  Val Loss: 0.682 | Val Acc: 78.32  |  Test Loss: 0.372 | Tes Acc: 90.05
INFO >> Epoch: 15  |  Layer:  3  |  Train Loss: 0.484 | Train Acc: 83.91  |  Val Loss: 0.642 | Val Acc: 79.21  |  Test Loss: 0.336 | Tes Acc: 90.32
INFO >> Epoch: 15  |  Layer:  4  |  Train Loss: 0.436 | Train Acc: 85.56  |  Val Loss: 0.628 | Val Acc: 80.82  |  Test Loss: 0.323 | Tes Acc: 89.78
INFO >> Epoch: 15  |  Layer:  5  |  Train Loss: 0.423 | Train Acc: 86.04  |  Val Loss: 0.601 | Val Acc: 78.67  |  Test Loss: 0.319 | Tes Acc: 89.25
INFO >> Epoch: 15  |  Layer:  6  |  Train Loss: 0.372 | Train Acc: 87.83  |  Val Loss: 0.610 | Val Acc: 79.93  |  Test Loss: 0.330 | Tes Acc: 90.05
INFO >> Epoch: 15  |  Layer:  7  |  Train Loss: 0.363 | Train Acc: 87.39  |  Val Loss: 0.602 | Val Acc: 80.47  |  Test Loss: 0.324 | Tes Acc: 90.59
INFO >> Epoch: 15  |  Layer:  8  |  Train Loss: 0.410 | Train Acc: 86.52  |  Val Loss: 0.631 | Val Acc: 81.72  |  Test Loss: 0.310 | Tes Acc: 91.94
INFO >> Epoch: 15  |  Layer:  9  |  Train Loss: 0.422 | Train Acc: 85.51  |  Val Loss: 0.646 | Val Acc: 78.32  |  Test Loss: 0.352 | Tes Acc: 89.52
INFO >> Epoch: 15  |  Layer: 10  |  Train Loss: 0.486 | Train Acc: 82.71  |  Val Loss: 0.695 | Val Acc: 76.88  |  Test Loss: 0.392 | Tes Acc: 89.52
INFO >> Epoch: 15  |  Layer: 11  |  Train Loss: 0.514 | Train Acc: 81.55  |  Val Loss: 0.643 | Val Acc: 78.49  |  Test Loss: 0.397 | Tes Acc: 90.59
INFO >> Epoch: 15  |  Layer: 12  |  Train Loss: 0.725 | Train Acc: 74.59  |  Val Loss: 0.745 | Val Acc: 74.37  |  Test Loss: 0.443 | Tes Acc: 87.37
INFO >> Epoch: 15  |  Layer: 13  |  Train Loss: 0.767 | Train Acc: 74.20  |  Val Loss: 0.787 | Val Acc: 75.63  |  Test Loss: 0.492 | Tes Acc: 86.83

INFO >> Epoch: 16  |  Layer:  1  |  Train Loss: 0.903 | Train Acc: 69.32  |  Val Loss: 0.820 | Val Acc: 72.40  |  Test Loss: 0.517 | Tes Acc: 86.83
INFO >> Epoch: 16  |  Layer:  2  |  Train Loss: 0.551 | Train Acc: 82.03  |  Val Loss: 0.699 | Val Acc: 76.70  |  Test Loss: 0.424 | Tes Acc: 87.10
INFO >> Epoch: 16  |  Layer:  3  |  Train Loss: 0.473 | Train Acc: 85.07  |  Val Loss: 0.637 | Val Acc: 79.75  |  Test Loss: 0.362 | Tes Acc: 90.59
INFO >> Epoch: 16  |  Layer:  4  |  Train Loss: 0.434 | Train Acc: 85.85  |  Val Loss: 0.632 | Val Acc: 80.65  |  Test Loss: 0.347 | Tes Acc: 88.98
INFO >> Epoch: 16  |  Layer:  5  |  Train Loss: 0.415 | Train Acc: 85.70  |  Val Loss: 0.684 | Val Acc: 75.63  |  Test Loss: 0.388 | Tes Acc: 84.95
INFO >> Epoch: 16  |  Layer:  6  |  Train Loss: 0.373 | Train Acc: 87.25  |  Val Loss: 0.661 | Val Acc: 78.32  |  Test Loss: 0.395 | Tes Acc: 87.63
INFO >> Epoch: 16  |  Layer:  7  |  Train Loss: 0.363 | Train Acc: 87.25  |  Val Loss: 0.728 | Val Acc: 76.16  |  Test Loss: 0.452 | Tes Acc: 85.48
INFO >> Epoch: 16  |  Layer:  8  |  Train Loss: 0.415 | Train Acc: 85.27  |  Val Loss: 0.672 | Val Acc: 76.88  |  Test Loss: 0.364 | Tes Acc: 90.32
INFO >> Epoch: 16  |  Layer:  9  |  Train Loss: 0.444 | Train Acc: 84.06  |  Val Loss: 0.643 | Val Acc: 77.96  |  Test Loss: 0.370 | Tes Acc: 89.52
INFO >> Epoch: 16  |  Layer: 10  |  Train Loss: 0.474 | Train Acc: 83.38  |  Val Loss: 0.688 | Val Acc: 75.27  |  Test Loss: 0.414 | Tes Acc: 88.44
INFO >> Epoch: 16  |  Layer: 11  |  Train Loss: 0.518 | Train Acc: 81.98  |  Val Loss: 0.679 | Val Acc: 75.63  |  Test Loss: 0.419 | Tes Acc: 87.90
INFO >> Epoch: 16  |  Layer: 12  |  Train Loss: 0.744 | Train Acc: 74.40  |  Val Loss: 0.760 | Val Acc: 73.66  |  Test Loss: 0.434 | Tes Acc: 86.83
INFO >> Epoch: 16  |  Layer: 13  |  Train Loss: 0.797 | Train Acc: 72.66  |  Val Loss: 0.765 | Val Acc: 74.19  |  Test Loss: 0.468 | Tes Acc: 86.29

INFO >> Epoch: 17  |  Layer:  1  |  Train Loss: 0.814 | Train Acc: 72.32  |  Val Loss: 0.803 | Val Acc: 74.01  |  Test Loss: 0.454 | Tes Acc: 86.56
INFO >> Epoch: 17  |  Layer:  2  |  Train Loss: 0.510 | Train Acc: 83.14  |  Val Loss: 0.689 | Val Acc: 77.24  |  Test Loss: 0.368 | Tes Acc: 89.25
INFO >> Epoch: 17  |  Layer:  3  |  Train Loss: 0.437 | Train Acc: 85.80  |  Val Loss: 0.655 | Val Acc: 80.29  |  Test Loss: 0.320 | Tes Acc: 90.86
INFO >> Epoch: 17  |  Layer:  4  |  Train Loss: 0.405 | Train Acc: 86.18  |  Val Loss: 0.606 | Val Acc: 82.44  |  Test Loss: 0.291 | Tes Acc: 90.32
INFO >> Epoch: 17  |  Layer:  5  |  Train Loss: 0.413 | Train Acc: 86.23  |  Val Loss: 0.584 | Val Acc: 82.26  |  Test Loss: 0.287 | Tes Acc: 90.86
INFO >> Epoch: 17  |  Layer:  6  |  Train Loss: 0.361 | Train Acc: 88.41  |  Val Loss: 0.597 | Val Acc: 83.15  |  Test Loss: 0.303 | Tes Acc: 90.05
INFO >> Epoch: 17  |  Layer:  7  |  Train Loss: 0.352 | Train Acc: 88.36  |  Val Loss: 0.603 | Val Acc: 80.82  |  Test Loss: 0.321 | Tes Acc: 91.40
INFO >> Epoch: 17  |  Layer:  8  |  Train Loss: 0.370 | Train Acc: 87.87  |  Val Loss: 0.655 | Val Acc: 81.18  |  Test Loss: 0.306 | Tes Acc: 90.59
INFO >> Epoch: 17  |  Layer:  9  |  Train Loss: 0.394 | Train Acc: 86.81  |  Val Loss: 0.646 | Val Acc: 78.67  |  Test Loss: 0.336 | Tes Acc: 90.32
INFO >> Epoch: 17  |  Layer: 10  |  Train Loss: 0.439 | Train Acc: 84.64  |  Val Loss: 0.676 | Val Acc: 78.32  |  Test Loss: 0.366 | Tes Acc: 88.17
INFO >> Epoch: 17  |  Layer: 11  |  Train Loss: 0.491 | Train Acc: 83.19  |  Val Loss: 0.646 | Val Acc: 79.21  |  Test Loss: 0.366 | Tes Acc: 90.05
INFO >> Epoch: 17  |  Layer: 12  |  Train Loss: 0.707 | Train Acc: 75.70  |  Val Loss: 0.740 | Val Acc: 74.73  |  Test Loss: 0.384 | Tes Acc: 88.71
INFO >> Epoch: 17  |  Layer: 13  |  Train Loss: 0.757 | Train Acc: 74.59  |  Val Loss: 0.789 | Val Acc: 73.30  |  Test Loss: 0.458 | Tes Acc: 85.75

INFO >> Epoch: 18  |  Layer:  1  |  Train Loss: 0.822 | Train Acc: 71.55  |  Val Loss: 0.765 | Val Acc: 73.84  |  Test Loss: 0.451 | Tes Acc: 86.83
INFO >> Epoch: 18  |  Layer:  2  |  Train Loss: 0.494 | Train Acc: 83.82  |  Val Loss: 0.674 | Val Acc: 79.03  |  Test Loss: 0.374 | Tes Acc: 89.78
INFO >> Epoch: 18  |  Layer:  3  |  Train Loss: 0.418 | Train Acc: 86.91  |  Val Loss: 0.638 | Val Acc: 81.00  |  Test Loss: 0.332 | Tes Acc: 88.98
INFO >> Epoch: 18  |  Layer:  4  |  Train Loss: 0.382 | Train Acc: 87.25  |  Val Loss: 0.609 | Val Acc: 82.80  |  Test Loss: 0.310 | Tes Acc: 91.40
INFO >> Epoch: 18  |  Layer:  5  |  Train Loss: 0.384 | Train Acc: 87.58  |  Val Loss: 0.606 | Val Acc: 80.65  |  Test Loss: 0.309 | Tes Acc: 89.78
INFO >> Epoch: 18  |  Layer:  6  |  Train Loss: 0.341 | Train Acc: 89.13  |  Val Loss: 0.619 | Val Acc: 81.72  |  Test Loss: 0.302 | Tes Acc: 90.86
INFO >> Epoch: 18  |  Layer:  7  |  Train Loss: 0.308 | Train Acc: 90.24  |  Val Loss: 0.627 | Val Acc: 80.29  |  Test Loss: 0.328 | Tes Acc: 89.25
INFO >> Epoch: 18  |  Layer:  8  |  Train Loss: 0.356 | Train Acc: 88.07  |  Val Loss: 0.732 | Val Acc: 77.06  |  Test Loss: 0.378 | Tes Acc: 87.37
INFO >> Epoch: 18  |  Layer:  9  |  Train Loss: 0.385 | Train Acc: 87.49  |  Val Loss: 0.708 | Val Acc: 77.24  |  Test Loss: 0.371 | Tes Acc: 88.17
INFO >> Epoch: 18  |  Layer: 10  |  Train Loss: 0.422 | Train Acc: 85.41  |  Val Loss: 0.706 | Val Acc: 77.78  |  Test Loss: 0.397 | Tes Acc: 86.83
INFO >> Epoch: 18  |  Layer: 11  |  Train Loss: 0.469 | Train Acc: 84.30  |  Val Loss: 0.681 | Val Acc: 77.42  |  Test Loss: 0.405 | Tes Acc: 86.83
INFO >> Epoch: 18  |  Layer: 12  |  Train Loss: 0.687 | Train Acc: 76.28  |  Val Loss: 0.716 | Val Acc: 74.37  |  Test Loss: 0.408 | Tes Acc: 88.44
INFO >> Epoch: 18  |  Layer: 13  |  Train Loss: 0.727 | Train Acc: 74.49  |  Val Loss: 0.751 | Val Acc: 74.37  |  Test Loss: 0.445 | Tes Acc: 86.29

INFO >> Epoch: 19  |  Layer:  1  |  Train Loss: 0.809 | Train Acc: 72.42  |  Val Loss: 0.901 | Val Acc: 69.35  |  Test Loss: 0.680 | Tes Acc: 82.26
INFO >> Epoch: 19  |  Layer:  2  |  Train Loss: 0.498 | Train Acc: 83.19  |  Val Loss: 0.673 | Val Acc: 78.67  |  Test Loss: 0.438 | Tes Acc: 88.44
INFO >> Epoch: 19  |  Layer:  3  |  Train Loss: 0.417 | Train Acc: 86.62  |  Val Loss: 0.639 | Val Acc: 80.29  |  Test Loss: 0.364 | Tes Acc: 88.98
INFO >> Epoch: 19  |  Layer:  4  |  Train Loss: 0.375 | Train Acc: 87.58  |  Val Loss: 0.601 | Val Acc: 82.97  |  Test Loss: 0.332 | Tes Acc: 90.59
INFO >> Epoch: 19  |  Layer:  5  |  Train Loss: 0.398 | Train Acc: 86.47  |  Val Loss: 0.615 | Val Acc: 80.47  |  Test Loss: 0.332 | Tes Acc: 90.59
INFO >> Epoch: 19  |  Layer:  6  |  Train Loss: 0.337 | Train Acc: 88.55  |  Val Loss: 0.639 | Val Acc: 80.82  |  Test Loss: 0.322 | Tes Acc: 90.32
INFO >> Epoch: 19  |  Layer:  7  |  Train Loss: 0.297 | Train Acc: 89.66  |  Val Loss: 0.703 | Val Acc: 78.32  |  Test Loss: 0.399 | Tes Acc: 87.63
INFO >> Epoch: 19  |  Layer:  8  |  Train Loss: 0.356 | Train Acc: 87.58  |  Val Loss: 0.759 | Val Acc: 79.03  |  Test Loss: 0.390 | Tes Acc: 87.63
INFO >> Epoch: 19  |  Layer:  9  |  Train Loss: 0.381 | Train Acc: 87.10  |  Val Loss: 0.720 | Val Acc: 76.70  |  Test Loss: 0.393 | Tes Acc: 88.44
INFO >> Epoch: 19  |  Layer: 10  |  Train Loss: 0.442 | Train Acc: 84.15  |  Val Loss: 0.705 | Val Acc: 75.63  |  Test Loss: 0.421 | Tes Acc: 87.37
INFO >> Epoch: 19  |  Layer: 11  |  Train Loss: 0.479 | Train Acc: 83.09  |  Val Loss: 0.654 | Val Acc: 77.42  |  Test Loss: 0.419 | Tes Acc: 87.63
INFO >> Epoch: 19  |  Layer: 12  |  Train Loss: 0.690 | Train Acc: 75.41  |  Val Loss: 0.767 | Val Acc: 73.30  |  Test Loss: 0.457 | Tes Acc: 86.56
INFO >> Epoch: 19  |  Layer: 13  |  Train Loss: 0.747 | Train Acc: 74.30  |  Val Loss: 0.831 | Val Acc: 71.68  |  Test Loss: 0.582 | Tes Acc: 82.53

INFO >> Epoch: 20  |  Layer:  1  |  Train Loss: 0.802 | Train Acc: 73.19  |  Val Loss: 0.776 | Val Acc: 73.30  |  Test Loss: 0.446 | Tes Acc: 86.29
INFO >> Epoch: 20  |  Layer:  2  |  Train Loss: 0.472 | Train Acc: 84.64  |  Val Loss: 0.681 | Val Acc: 79.03  |  Test Loss: 0.402 | Tes Acc: 87.90
INFO >> Epoch: 20  |  Layer:  3  |  Train Loss: 0.395 | Train Acc: 87.29  |  Val Loss: 0.674 | Val Acc: 80.29  |  Test Loss: 0.356 | Tes Acc: 88.98
INFO >> Epoch: 20  |  Layer:  4  |  Train Loss: 0.370 | Train Acc: 87.49  |  Val Loss: 0.709 | Val Acc: 80.11  |  Test Loss: 0.339 | Tes Acc: 90.32
INFO >> Epoch: 20  |  Layer:  5  |  Train Loss: 0.367 | Train Acc: 87.63  |  Val Loss: 0.619 | Val Acc: 81.18  |  Test Loss: 0.306 | Tes Acc: 91.40
INFO >> Epoch: 20  |  Layer:  6  |  Train Loss: 0.314 | Train Acc: 89.76  |  Val Loss: 0.680 | Val Acc: 79.75  |  Test Loss: 0.357 | Tes Acc: 89.78
INFO >> Epoch: 20  |  Layer:  7  |  Train Loss: 0.305 | Train Acc: 90.29  |  Val Loss: 0.754 | Val Acc: 79.21  |  Test Loss: 0.381 | Tes Acc: 90.32
INFO >> Epoch: 20  |  Layer:  8  |  Train Loss: 0.370 | Train Acc: 87.44  |  Val Loss: 0.803 | Val Acc: 77.60  |  Test Loss: 0.386 | Tes Acc: 89.25
INFO >> Epoch: 20  |  Layer:  9  |  Train Loss: 0.382 | Train Acc: 86.91  |  Val Loss: 0.813 | Val Acc: 77.96  |  Test Loss: 0.414 | Tes Acc: 88.44
INFO >> Epoch: 20  |  Layer: 10  |  Train Loss: 0.431 | Train Acc: 85.46  |  Val Loss: 0.761 | Val Acc: 77.24  |  Test Loss: 0.418 | Tes Acc: 87.63
INFO >> Epoch: 20  |  Layer: 11  |  Train Loss: 0.475 | Train Acc: 84.06  |  Val Loss: 0.686 | Val Acc: 79.03  |  Test Loss: 0.409 | Tes Acc: 89.25
INFO >> Epoch: 20  |  Layer: 12  |  Train Loss: 0.684 | Train Acc: 75.75  |  Val Loss: 0.767 | Val Acc: 74.91  |  Test Loss: 0.433 | Tes Acc: 86.83
INFO >> Epoch: 20  |  Layer: 13  |  Train Loss: 0.754 | Train Acc: 73.43  |  Val Loss: 0.837 | Val Acc: 70.97  |  Test Loss: 0.482 | Tes Acc: 84.68

INFO >> Epoch: 21  |  Layer:  1  |  Train Loss: 0.789 | Train Acc: 73.19  |  Val Loss: 0.752 | Val Acc: 74.91  |  Test Loss: 0.462 | Tes Acc: 88.44
INFO >> Epoch: 21  |  Layer:  2  |  Train Loss: 0.448 | Train Acc: 85.17  |  Val Loss: 0.663 | Val Acc: 78.85  |  Test Loss: 0.404 | Tes Acc: 87.63
INFO >> Epoch: 21  |  Layer:  3  |  Train Loss: 0.386 | Train Acc: 87.68  |  Val Loss: 0.646 | Val Acc: 81.00  |  Test Loss: 0.353 | Tes Acc: 88.71
INFO >> Epoch: 21  |  Layer:  4  |  Train Loss: 0.349 | Train Acc: 88.26  |  Val Loss: 0.619 | Val Acc: 82.80  |  Test Loss: 0.335 | Tes Acc: 90.59
INFO >> Epoch: 21  |  Layer:  5  |  Train Loss: 0.352 | Train Acc: 88.50  |  Val Loss: 0.611 | Val Acc: 82.62  |  Test Loss: 0.324 | Tes Acc: 91.13
INFO >> Epoch: 21  |  Layer:  6  |  Train Loss: 0.299 | Train Acc: 90.72  |  Val Loss: 0.621 | Val Acc: 81.90  |  Test Loss: 0.334 | Tes Acc: 89.52
INFO >> Epoch: 21  |  Layer:  7  |  Train Loss: 0.279 | Train Acc: 90.68  |  Val Loss: 0.662 | Val Acc: 79.93  |  Test Loss: 0.395 | Tes Acc: 88.44
INFO >> Epoch: 21  |  Layer:  8  |  Train Loss: 0.326 | Train Acc: 89.08  |  Val Loss: 0.654 | Val Acc: 79.75  |  Test Loss: 0.332 | Tes Acc: 90.05
INFO >> Epoch: 21  |  Layer:  9  |  Train Loss: 0.341 | Train Acc: 87.78  |  Val Loss: 0.656 | Val Acc: 77.78  |  Test Loss: 0.358 | Tes Acc: 89.78
INFO >> Epoch: 21  |  Layer: 10  |  Train Loss: 0.397 | Train Acc: 86.18  |  Val Loss: 0.689 | Val Acc: 77.60  |  Test Loss: 0.409 | Tes Acc: 87.37
INFO >> Epoch: 21  |  Layer: 11  |  Train Loss: 0.444 | Train Acc: 84.73  |  Val Loss: 0.658 | Val Acc: 77.96  |  Test Loss: 0.419 | Tes Acc: 87.90
INFO >> Epoch: 21  |  Layer: 12  |  Train Loss: 0.664 | Train Acc: 77.78  |  Val Loss: 0.720 | Val Acc: 74.91  |  Test Loss: 0.387 | Tes Acc: 89.25
INFO >> Epoch: 21  |  Layer: 13  |  Train Loss: 0.717 | Train Acc: 75.46  |  Val Loss: 0.764 | Val Acc: 74.55  |  Test Loss: 0.425 | Tes Acc: 88.17

INFO >> Epoch: 22  |  Layer:  1  |  Train Loss: 0.758 | Train Acc: 74.78  |  Val Loss: 0.823 | Val Acc: 71.15  |  Test Loss: 0.533 | Tes Acc: 85.22
INFO >> Epoch: 22  |  Layer:  2  |  Train Loss: 0.443 | Train Acc: 85.22  |  Val Loss: 0.666 | Val Acc: 79.03  |  Test Loss: 0.383 | Tes Acc: 88.98
INFO >> Epoch: 22  |  Layer:  3  |  Train Loss: 0.360 | Train Acc: 88.74  |  Val Loss: 0.644 | Val Acc: 81.00  |  Test Loss: 0.327 | Tes Acc: 89.78
INFO >> Epoch: 22  |  Layer:  4  |  Train Loss: 0.327 | Train Acc: 88.65  |  Val Loss: 0.615 | Val Acc: 82.80  |  Test Loss: 0.303 | Tes Acc: 90.32
INFO >> Epoch: 22  |  Layer:  5  |  Train Loss: 0.316 | Train Acc: 89.52  |  Val Loss: 0.626 | Val Acc: 81.90  |  Test Loss: 0.285 | Tes Acc: 91.13
INFO >> Epoch: 22  |  Layer:  6  |  Train Loss: 0.267 | Train Acc: 91.55  |  Val Loss: 0.674 | Val Acc: 81.54  |  Test Loss: 0.314 | Tes Acc: 91.40
INFO >> Epoch: 22  |  Layer:  7  |  Train Loss: 0.256 | Train Acc: 91.69  |  Val Loss: 0.644 | Val Acc: 81.54  |  Test Loss: 0.346 | Tes Acc: 88.98
INFO >> Epoch: 22  |  Layer:  8  |  Train Loss: 0.293 | Train Acc: 89.95  |  Val Loss: 0.672 | Val Acc: 79.93  |  Test Loss: 0.310 | Tes Acc: 90.86
INFO >> Epoch: 22  |  Layer:  9  |  Train Loss: 0.316 | Train Acc: 89.32  |  Val Loss: 0.676 | Val Acc: 77.78  |  Test Loss: 0.336 | Tes Acc: 90.86
INFO >> Epoch: 22  |  Layer: 10  |  Train Loss: 0.368 | Train Acc: 87.63  |  Val Loss: 0.695 | Val Acc: 77.24  |  Test Loss: 0.401 | Tes Acc: 88.71
INFO >> Epoch: 22  |  Layer: 11  |  Train Loss: 0.416 | Train Acc: 85.94  |  Val Loss: 0.641 | Val Acc: 78.49  |  Test Loss: 0.393 | Tes Acc: 89.25
INFO >> Epoch: 22  |  Layer: 12  |  Train Loss: 0.659 | Train Acc: 77.05  |  Val Loss: 0.716 | Val Acc: 72.94  |  Test Loss: 0.386 | Tes Acc: 88.71
INFO >> Epoch: 22  |  Layer: 13  |  Train Loss: 0.696 | Train Acc: 76.23  |  Val Loss: 0.758 | Val Acc: 73.84  |  Test Loss: 0.424 | Tes Acc: 87.63

INFO >> Epoch: 23  |  Layer:  1  |  Train Loss: 0.750 | Train Acc: 74.40  |  Val Loss: 0.746 | Val Acc: 74.37  |  Test Loss: 0.439 | Tes Acc: 86.29
INFO >> Epoch: 23  |  Layer:  2  |  Train Loss: 0.418 | Train Acc: 86.04  |  Val Loss: 0.684 | Val Acc: 77.78  |  Test Loss: 0.426 | Tes Acc: 87.63
INFO >> Epoch: 23  |  Layer:  3  |  Train Loss: 0.343 | Train Acc: 88.70  |  Val Loss: 0.700 | Val Acc: 78.85  |  Test Loss: 0.384 | Tes Acc: 87.90
INFO >> Epoch: 23  |  Layer:  4  |  Train Loss: 0.308 | Train Acc: 89.61  |  Val Loss: 0.678 | Val Acc: 79.57  |  Test Loss: 0.373 | Tes Acc: 88.71
INFO >> Epoch: 23  |  Layer:  5  |  Train Loss: 0.307 | Train Acc: 90.43  |  Val Loss: 0.689 | Val Acc: 78.67  |  Test Loss: 0.364 | Tes Acc: 87.10
INFO >> Epoch: 23  |  Layer:  6  |  Train Loss: 0.258 | Train Acc: 92.13  |  Val Loss: 0.658 | Val Acc: 80.65  |  Test Loss: 0.349 | Tes Acc: 89.52
INFO >> Epoch: 23  |  Layer:  7  |  Train Loss: 0.246 | Train Acc: 91.79  |  Val Loss: 0.673 | Val Acc: 80.11  |  Test Loss: 0.403 | Tes Acc: 88.17
INFO >> Epoch: 23  |  Layer:  8  |  Train Loss: 0.268 | Train Acc: 91.50  |  Val Loss: 0.708 | Val Acc: 79.39  |  Test Loss: 0.373 | Tes Acc: 89.25
INFO >> Epoch: 23  |  Layer:  9  |  Train Loss: 0.291 | Train Acc: 90.34  |  Val Loss: 0.687 | Val Acc: 78.32  |  Test Loss: 0.374 | Tes Acc: 89.25
INFO >> Epoch: 23  |  Layer: 10  |  Train Loss: 0.348 | Train Acc: 88.16  |  Val Loss: 0.702 | Val Acc: 77.42  |  Test Loss: 0.404 | Tes Acc: 88.17
INFO >> Epoch: 23  |  Layer: 11  |  Train Loss: 0.402 | Train Acc: 85.85  |  Val Loss: 0.719 | Val Acc: 75.99  |  Test Loss: 0.479 | Tes Acc: 84.68
INFO >> Epoch: 23  |  Layer: 12  |  Train Loss: 0.660 | Train Acc: 77.29  |  Val Loss: 0.768 | Val Acc: 72.94  |  Test Loss: 0.486 | Tes Acc: 84.41
INFO >> Epoch: 23  |  Layer: 13  |  Train Loss: 0.702 | Train Acc: 76.14  |  Val Loss: 0.795 | Val Acc: 74.19  |  Test Loss: 0.546 | Tes Acc: 80.91

INFO >> Epoch: 24  |  Layer:  1  |  Train Loss: 0.743 | Train Acc: 74.73  |  Val Loss: 0.763 | Val Acc: 74.19  |  Test Loss: 0.452 | Tes Acc: 85.48
INFO >> Epoch: 24  |  Layer:  2  |  Train Loss: 0.416 | Train Acc: 86.71  |  Val Loss: 0.700 | Val Acc: 79.57  |  Test Loss: 0.395 | Tes Acc: 88.98
INFO >> Epoch: 24  |  Layer:  3  |  Train Loss: 0.350 | Train Acc: 88.16  |  Val Loss: 0.707 | Val Acc: 81.36  |  Test Loss: 0.345 | Tes Acc: 90.05
INFO >> Epoch: 24  |  Layer:  4  |  Train Loss: 0.316 | Train Acc: 89.81  |  Val Loss: 0.619 | Val Acc: 82.44  |  Test Loss: 0.346 | Tes Acc: 89.25
INFO >> Epoch: 24  |  Layer:  5  |  Train Loss: 0.321 | Train Acc: 89.81  |  Val Loss: 0.611 | Val Acc: 81.36  |  Test Loss: 0.339 | Tes Acc: 89.78
INFO >> Epoch: 24  |  Layer:  6  |  Train Loss: 0.260 | Train Acc: 91.98  |  Val Loss: 0.690 | Val Acc: 78.67  |  Test Loss: 0.370 | Tes Acc: 88.71
INFO >> Epoch: 24  |  Layer:  7  |  Train Loss: 0.233 | Train Acc: 91.93  |  Val Loss: 0.689 | Val Acc: 80.29  |  Test Loss: 0.439 | Tes Acc: 87.63
INFO >> Epoch: 24  |  Layer:  8  |  Train Loss: 0.279 | Train Acc: 90.29  |  Val Loss: 0.685 | Val Acc: 80.47  |  Test Loss: 0.327 | Tes Acc: 88.98
INFO >> Epoch: 24  |  Layer:  9  |  Train Loss: 0.296 | Train Acc: 89.86  |  Val Loss: 0.676 | Val Acc: 78.14  |  Test Loss: 0.344 | Tes Acc: 90.05
INFO >> Epoch: 24  |  Layer: 10  |  Train Loss: 0.353 | Train Acc: 87.83  |  Val Loss: 0.718 | Val Acc: 78.85  |  Test Loss: 0.393 | Tes Acc: 88.71
INFO >> Epoch: 24  |  Layer: 11  |  Train Loss: 0.425 | Train Acc: 85.22  |  Val Loss: 0.682 | Val Acc: 79.57  |  Test Loss: 0.402 | Tes Acc: 88.71
INFO >> Epoch: 24  |  Layer: 12  |  Train Loss: 0.647 | Train Acc: 78.21  |  Val Loss: 0.728 | Val Acc: 76.70  |  Test Loss: 0.376 | Tes Acc: 88.98
INFO >> Epoch: 24  |  Layer: 13  |  Train Loss: 0.698 | Train Acc: 75.22  |  Val Loss: 0.745 | Val Acc: 74.19  |  Test Loss: 0.417 | Tes Acc: 87.63

INFO >> Epoch: 25  |  Layer:  1  |  Train Loss: 0.726 | Train Acc: 75.99  |  Val Loss: 0.736 | Val Acc: 76.88  |  Test Loss: 0.449 | Tes Acc: 88.44
INFO >> Epoch: 25  |  Layer:  2  |  Train Loss: 0.398 | Train Acc: 86.76  |  Val Loss: 0.760 | Val Acc: 77.78  |  Test Loss: 0.464 | Tes Acc: 87.10
INFO >> Epoch: 25  |  Layer:  3  |  Train Loss: 0.330 | Train Acc: 88.89  |  Val Loss: 0.711 | Val Acc: 80.11  |  Test Loss: 0.366 | Tes Acc: 88.71
INFO >> Epoch: 25  |  Layer:  4  |  Train Loss: 0.316 | Train Acc: 89.47  |  Val Loss: 0.694 | Val Acc: 81.36  |  Test Loss: 0.336 | Tes Acc: 92.47
INFO >> Epoch: 25  |  Layer:  5  |  Train Loss: 0.327 | Train Acc: 88.94  |  Val Loss: 0.669 | Val Acc: 78.14  |  Test Loss: 0.333 | Tes Acc: 90.05
INFO >> Epoch: 25  |  Layer:  6  |  Train Loss: 0.279 | Train Acc: 90.63  |  Val Loss: 0.782 | Val Acc: 79.03  |  Test Loss: 0.367 | Tes Acc: 89.25
INFO >> Epoch: 25  |  Layer:  7  |  Train Loss: 0.291 | Train Acc: 90.34  |  Val Loss: 0.809 | Val Acc: 77.96  |  Test Loss: 0.467 | Tes Acc: 84.68
INFO >> Epoch: 25  |  Layer:  8  |  Train Loss: 0.287 | Train Acc: 90.24  |  Val Loss: 0.849 | Val Acc: 76.70  |  Test Loss: 0.414 | Tes Acc: 88.17
INFO >> Epoch: 25  |  Layer:  9  |  Train Loss: 0.295 | Train Acc: 89.42  |  Val Loss: 1.020 | Val Acc: 73.66  |  Test Loss: 0.513 | Tes Acc: 83.87
INFO >> Epoch: 25  |  Layer: 10  |  Train Loss: 0.344 | Train Acc: 88.50  |  Val Loss: 0.853 | Val Acc: 75.09  |  Test Loss: 0.487 | Tes Acc: 85.22
INFO >> Epoch: 25  |  Layer: 11  |  Train Loss: 0.402 | Train Acc: 87.05  |  Val Loss: 0.720 | Val Acc: 77.78  |  Test Loss: 0.443 | Tes Acc: 85.75
INFO >> Epoch: 25  |  Layer: 12  |  Train Loss: 0.624 | Train Acc: 79.08  |  Val Loss: 0.719 | Val Acc: 74.55  |  Test Loss: 0.400 | Tes Acc: 86.29
INFO >> Epoch: 25  |  Layer: 13  |  Train Loss: 0.685 | Train Acc: 77.05  |  Val Loss: 0.788 | Val Acc: 73.12  |  Test Loss: 0.481 | Tes Acc: 83.60

INFO >> Epoch: 26  |  Layer:  1  |  Train Loss: 0.736 | Train Acc: 75.17  |  Val Loss: 0.721 | Val Acc: 75.81  |  Test Loss: 0.454 | Tes Acc: 87.37
INFO >> Epoch: 26  |  Layer:  2  |  Train Loss: 0.407 | Train Acc: 86.57  |  Val Loss: 0.661 | Val Acc: 80.11  |  Test Loss: 0.410 | Tes Acc: 88.98
INFO >> Epoch: 26  |  Layer:  3  |  Train Loss: 0.334 | Train Acc: 89.90  |  Val Loss: 0.635 | Val Acc: 80.65  |  Test Loss: 0.369 | Tes Acc: 88.71
INFO >> Epoch: 26  |  Layer:  4  |  Train Loss: 0.297 | Train Acc: 90.00  |  Val Loss: 0.605 | Val Acc: 82.44  |  Test Loss: 0.325 | Tes Acc: 91.67
INFO >> Epoch: 26  |  Layer:  5  |  Train Loss: 0.287 | Train Acc: 90.43  |  Val Loss: 0.600 | Val Acc: 81.72  |  Test Loss: 0.347 | Tes Acc: 89.25
INFO >> Epoch: 26  |  Layer:  6  |  Train Loss: 0.252 | Train Acc: 92.03  |  Val Loss: 0.656 | Val Acc: 82.26  |  Test Loss: 0.331 | Tes Acc: 90.05
INFO >> Epoch: 26  |  Layer:  7  |  Train Loss: 0.241 | Train Acc: 91.64  |  Val Loss: 0.695 | Val Acc: 80.47  |  Test Loss: 0.436 | Tes Acc: 87.63
INFO >> Epoch: 26  |  Layer:  8  |  Train Loss: 0.271 | Train Acc: 90.48  |  Val Loss: 0.736 | Val Acc: 79.03  |  Test Loss: 0.383 | Tes Acc: 90.32
INFO >> Epoch: 26  |  Layer:  9  |  Train Loss: 0.283 | Train Acc: 90.72  |  Val Loss: 0.672 | Val Acc: 79.57  |  Test Loss: 0.365 | Tes Acc: 89.52
INFO >> Epoch: 26  |  Layer: 10  |  Train Loss: 0.339 | Train Acc: 88.16  |  Val Loss: 0.691 | Val Acc: 78.85  |  Test Loss: 0.386 | Tes Acc: 87.90
INFO >> Epoch: 26  |  Layer: 11  |  Train Loss: 0.396 | Train Acc: 86.81  |  Val Loss: 0.631 | Val Acc: 79.03  |  Test Loss: 0.414 | Tes Acc: 88.98
INFO >> Epoch: 26  |  Layer: 12  |  Train Loss: 0.628 | Train Acc: 78.79  |  Val Loss: 0.704 | Val Acc: 75.45  |  Test Loss: 0.410 | Tes Acc: 88.17
INFO >> Epoch: 26  |  Layer: 13  |  Train Loss: 0.673 | Train Acc: 77.44  |  Val Loss: 0.769 | Val Acc: 74.01  |  Test Loss: 0.453 | Tes Acc: 87.37

INFO >> Epoch: 27  |  Layer:  1  |  Train Loss: 0.688 | Train Acc: 76.14  |  Val Loss: 0.749 | Val Acc: 73.30  |  Test Loss: 0.435 | Tes Acc: 86.29
INFO >> Epoch: 27  |  Layer:  2  |  Train Loss: 0.380 | Train Acc: 87.44  |  Val Loss: 0.674 | Val Acc: 80.65  |  Test Loss: 0.374 | Tes Acc: 90.05
INFO >> Epoch: 27  |  Layer:  3  |  Train Loss: 0.315 | Train Acc: 89.32  |  Val Loss: 0.688 | Val Acc: 80.47  |  Test Loss: 0.366 | Tes Acc: 88.71
INFO >> Epoch: 27  |  Layer:  4  |  Train Loss: 0.269 | Train Acc: 91.35  |  Val Loss: 0.650 | Val Acc: 82.97  |  Test Loss: 0.331 | Tes Acc: 90.32
INFO >> Epoch: 27  |  Layer:  5  |  Train Loss: 0.267 | Train Acc: 91.11  |  Val Loss: 0.638 | Val Acc: 80.82  |  Test Loss: 0.311 | Tes Acc: 90.05
INFO >> Epoch: 27  |  Layer:  6  |  Train Loss: 0.224 | Train Acc: 93.00  |  Val Loss: 0.677 | Val Acc: 81.18  |  Test Loss: 0.332 | Tes Acc: 88.98
INFO >> Epoch: 27  |  Layer:  7  |  Train Loss: 0.208 | Train Acc: 93.09  |  Val Loss: 0.685 | Val Acc: 81.90  |  Test Loss: 0.368 | Tes Acc: 89.25
INFO >> Epoch: 27  |  Layer:  8  |  Train Loss: 0.262 | Train Acc: 91.69  |  Val Loss: 0.734 | Val Acc: 80.65  |  Test Loss: 0.333 | Tes Acc: 90.59
INFO >> Epoch: 27  |  Layer:  9  |  Train Loss: 0.264 | Train Acc: 91.06  |  Val Loss: 0.686 | Val Acc: 79.57  |  Test Loss: 0.343 | Tes Acc: 89.25
INFO >> Epoch: 27  |  Layer: 10  |  Train Loss: 0.316 | Train Acc: 89.86  |  Val Loss: 0.736 | Val Acc: 78.32  |  Test Loss: 0.393 | Tes Acc: 87.90
INFO >> Epoch: 27  |  Layer: 11  |  Train Loss: 0.391 | Train Acc: 86.47  |  Val Loss: 0.661 | Val Acc: 78.32  |  Test Loss: 0.390 | Tes Acc: 88.44
INFO >> Epoch: 27  |  Layer: 12  |  Train Loss: 0.608 | Train Acc: 78.84  |  Val Loss: 0.715 | Val Acc: 75.27  |  Test Loss: 0.376 | Tes Acc: 87.63
INFO >> Epoch: 27  |  Layer: 13  |  Train Loss: 0.659 | Train Acc: 77.34  |  Val Loss: 0.757 | Val Acc: 74.37  |  Test Loss: 0.419 | Tes Acc: 87.63

INFO >> Epoch: 28  |  Layer:  1  |  Train Loss: 0.731 | Train Acc: 75.31  |  Val Loss: 0.716 | Val Acc: 76.52  |  Test Loss: 0.416 | Tes Acc: 88.17
INFO >> Epoch: 28  |  Layer:  2  |  Train Loss: 0.358 | Train Acc: 88.16  |  Val Loss: 0.682 | Val Acc: 79.21  |  Test Loss: 0.396 | Tes Acc: 89.52
INFO >> Epoch: 28  |  Layer:  3  |  Train Loss: 0.290 | Train Acc: 90.87  |  Val Loss: 0.660 | Val Acc: 82.62  |  Test Loss: 0.344 | Tes Acc: 90.05
INFO >> Epoch: 28  |  Layer:  4  |  Train Loss: 0.248 | Train Acc: 91.74  |  Val Loss: 0.702 | Val Acc: 80.82  |  Test Loss: 0.371 | Tes Acc: 89.25
INFO >> Epoch: 28  |  Layer:  5  |  Train Loss: 0.277 | Train Acc: 90.48  |  Val Loss: 0.617 | Val Acc: 82.80  |  Test Loss: 0.303 | Tes Acc: 90.59
INFO >> Epoch: 28  |  Layer:  6  |  Train Loss: 0.203 | Train Acc: 93.33  |  Val Loss: 0.705 | Val Acc: 81.00  |  Test Loss: 0.379 | Tes Acc: 88.98
INFO >> Epoch: 28  |  Layer:  7  |  Train Loss: 0.198 | Train Acc: 93.77  |  Val Loss: 0.686 | Val Acc: 81.00  |  Test Loss: 0.382 | Tes Acc: 89.52
INFO >> Epoch: 28  |  Layer:  8  |  Train Loss: 0.228 | Train Acc: 91.84  |  Val Loss: 0.724 | Val Acc: 80.11  |  Test Loss: 0.352 | Tes Acc: 89.52
INFO >> Epoch: 28  |  Layer:  9  |  Train Loss: 0.247 | Train Acc: 91.74  |  Val Loss: 0.707 | Val Acc: 79.39  |  Test Loss: 0.354 | Tes Acc: 90.05
INFO >> Epoch: 28  |  Layer: 10  |  Train Loss: 0.304 | Train Acc: 89.03  |  Val Loss: 0.743 | Val Acc: 77.06  |  Test Loss: 0.409 | Tes Acc: 88.44
INFO >> Epoch: 28  |  Layer: 11  |  Train Loss: 0.361 | Train Acc: 87.92  |  Val Loss: 0.682 | Val Acc: 77.06  |  Test Loss: 0.401 | Tes Acc: 90.32
INFO >> Epoch: 28  |  Layer: 12  |  Train Loss: 0.605 | Train Acc: 78.65  |  Val Loss: 0.684 | Val Acc: 76.34  |  Test Loss: 0.362 | Tes Acc: 87.90
INFO >> Epoch: 28  |  Layer: 13  |  Train Loss: 0.644 | Train Acc: 77.39  |  Val Loss: 0.731 | Val Acc: 74.37  |  Test Loss: 0.407 | Tes Acc: 86.56

INFO >> Epoch: 29  |  Layer:  1  |  Train Loss: 0.679 | Train Acc: 77.54  |  Val Loss: 0.730 | Val Acc: 74.01  |  Test Loss: 0.417 | Tes Acc: 88.98
INFO >> Epoch: 29  |  Layer:  2  |  Train Loss: 0.351 | Train Acc: 88.94  |  Val Loss: 0.654 | Val Acc: 80.82  |  Test Loss: 0.398 | Tes Acc: 88.44
INFO >> Epoch: 29  |  Layer:  3  |  Train Loss: 0.285 | Train Acc: 90.34  |  Val Loss: 0.655 | Val Acc: 82.97  |  Test Loss: 0.350 | Tes Acc: 90.32
INFO >> Epoch: 29  |  Layer:  4  |  Train Loss: 0.256 | Train Acc: 91.11  |  Val Loss: 0.707 | Val Acc: 82.08  |  Test Loss: 0.351 | Tes Acc: 90.05
INFO >> Epoch: 29  |  Layer:  5  |  Train Loss: 0.252 | Train Acc: 91.64  |  Val Loss: 0.660 | Val Acc: 83.15  |  Test Loss: 0.313 | Tes Acc: 91.40
INFO >> Epoch: 29  |  Layer:  6  |  Train Loss: 0.195 | Train Acc: 93.72  |  Val Loss: 0.729 | Val Acc: 82.44  |  Test Loss: 0.323 | Tes Acc: 91.40
INFO >> Epoch: 29  |  Layer:  7  |  Train Loss: 0.171 | Train Acc: 94.69  |  Val Loss: 0.748 | Val Acc: 81.18  |  Test Loss: 0.401 | Tes Acc: 88.98
INFO >> Epoch: 29  |  Layer:  8  |  Train Loss: 0.199 | Train Acc: 93.43  |  Val Loss: 0.759 | Val Acc: 80.11  |  Test Loss: 0.344 | Tes Acc: 91.40
INFO >> Epoch: 29  |  Layer:  9  |  Train Loss: 0.222 | Train Acc: 92.66  |  Val Loss: 0.706 | Val Acc: 79.21  |  Test Loss: 0.371 | Tes Acc: 90.05
INFO >> Epoch: 29  |  Layer: 10  |  Train Loss: 0.276 | Train Acc: 90.43  |  Val Loss: 0.747 | Val Acc: 77.96  |  Test Loss: 0.404 | Tes Acc: 88.71
INFO >> Epoch: 29  |  Layer: 11  |  Train Loss: 0.353 | Train Acc: 87.49  |  Val Loss: 0.690 | Val Acc: 79.75  |  Test Loss: 0.398 | Tes Acc: 90.32
INFO >> Epoch: 29  |  Layer: 12  |  Train Loss: 0.586 | Train Acc: 79.76  |  Val Loss: 0.777 | Val Acc: 76.52  |  Test Loss: 0.425 | Tes Acc: 84.68
INFO >> Epoch: 29  |  Layer: 13  |  Train Loss: 0.643 | Train Acc: 78.02  |  Val Loss: 0.770 | Val Acc: 73.48  |  Test Loss: 0.438 | Tes Acc: 86.02

INFO >> Epoch: 30  |  Layer:  1  |  Train Loss: 0.656 | Train Acc: 77.68  |  Val Loss: 0.748 | Val Acc: 73.30  |  Test Loss: 0.469 | Tes Acc: 86.29
INFO >> Epoch: 30  |  Layer:  2  |  Train Loss: 0.341 | Train Acc: 88.79  |  Val Loss: 0.693 | Val Acc: 79.93  |  Test Loss: 0.422 | Tes Acc: 87.63
INFO >> Epoch: 30  |  Layer:  3  |  Train Loss: 0.281 | Train Acc: 90.68  |  Val Loss: 0.728 | Val Acc: 79.03  |  Test Loss: 0.378 | Tes Acc: 88.44
INFO >> Epoch: 30  |  Layer:  4  |  Train Loss: 0.263 | Train Acc: 91.11  |  Val Loss: 0.673 | Val Acc: 82.26  |  Test Loss: 0.345 | Tes Acc: 92.20
INFO >> Epoch: 30  |  Layer:  5  |  Train Loss: 0.256 | Train Acc: 91.26  |  Val Loss: 0.654 | Val Acc: 81.00  |  Test Loss: 0.322 | Tes Acc: 90.32
INFO >> Epoch: 30  |  Layer:  6  |  Train Loss: 0.228 | Train Acc: 92.51  |  Val Loss: 0.753 | Val Acc: 80.65  |  Test Loss: 0.336 | Tes Acc: 91.67
INFO >> Epoch: 30  |  Layer:  7  |  Train Loss: 0.191 | Train Acc: 94.15  |  Val Loss: 0.780 | Val Acc: 80.11  |  Test Loss: 0.419 | Tes Acc: 88.71
INFO >> Epoch: 30  |  Layer:  8  |  Train Loss: 0.211 | Train Acc: 92.75  |  Val Loss: 0.778 | Val Acc: 79.57  |  Test Loss: 0.433 | Tes Acc: 88.44
INFO >> Epoch: 30  |  Layer:  9  |  Train Loss: 0.224 | Train Acc: 92.22  |  Val Loss: 0.751 | Val Acc: 78.49  |  Test Loss: 0.405 | Tes Acc: 89.52
INFO >> Epoch: 30  |  Layer: 10  |  Train Loss: 0.305 | Train Acc: 89.52  |  Val Loss: 0.718 | Val Acc: 77.78  |  Test Loss: 0.404 | Tes Acc: 88.44
INFO >> Epoch: 30  |  Layer: 11  |  Train Loss: 0.363 | Train Acc: 87.58  |  Val Loss: 0.671 | Val Acc: 79.03  |  Test Loss: 0.442 | Tes Acc: 88.17
INFO >> Epoch: 30  |  Layer: 12  |  Train Loss: 0.585 | Train Acc: 79.61  |  Val Loss: 0.690 | Val Acc: 76.88  |  Test Loss: 0.380 | Tes Acc: 88.17
INFO >> Epoch: 30  |  Layer: 13  |  Train Loss: 0.624 | Train Acc: 78.55  |  Val Loss: 0.727 | Val Acc: 76.70  |  Test Loss: 0.444 | Tes Acc: 88.17



INFO >> Time Taken: 53:29

INFO >> Layer: 1  |  Best Val Acc: 76.88  |  Best Test Acc: 88.44
INFO >> Layer: 2  |  Best Val Acc: 80.82  |  Best Test Acc: 88.44
INFO >> Layer: 3  |  Best Val Acc: 82.97  |  Best Test Acc: 90.32
INFO >> Layer: 4  |  Best Val Acc: 82.97  |  Best Test Acc: 90.59
INFO >> Layer: 5  |  Best Val Acc: 83.15  |  Best Test Acc: 91.40
INFO >> Layer: 6  |  Best Val Acc: 83.15  |  Best Test Acc: 90.05
INFO >> Layer: 7  |  Best Val Acc: 82.44  |  Best Test Acc: 88.71
INFO >> Layer: 8  |  Best Val Acc: 81.72  |  Best Test Acc: 91.94
INFO >> Layer: 9  |  Best Val Acc: 79.57  |  Best Test Acc: 89.52
INFO >> Layer: 10  |  Best Val Acc: 78.85  |  Best Test Acc: 88.71
INFO >> Layer: 11  |  Best Val Acc: 79.75  |  Best Test Acc: 90.32
INFO >> Layer: 12  |  Best Val Acc: 76.88  |  Best Test Acc: 88.17
INFO >> Layer: 13  |  Best Val Acc: 76.70  |  Best Test Acc: 88.17

DEBUG >> Last state saved

INFO >> History saved (./history/v1.4/ShEMO/WAV2VEC2_BASE_PROBING_DENSE/Run2/history.pt)
