
--------------------------------------------------
Multilingual SER System v1.1
--------------------------------------------------
Run Name      : Run1
Model         : GE2E
Extract Mode  : disk
Device        : gpu
Dataset       : EMOVO
Epochs        : 20
Data Dir      : ./data
History Dir   : ./history
Weights Dir   : ./weights
Log Level     : debug
Purge Cache   : False

Timestamp : 2023-02-27 02:21:24.645910

INFO >> Running on CUDA

INFO >> Feature cache not found for train split
INFO >> Feature cache not found for test split
INFO >> Feature cache not found for validation split

INFO >> Extracting Features

DEBUG >> FX processing lock active


INFO >> Time Taken: 00:10

INFO >> Feature extraction complete

DEBUG >> FX processing lock released

INFO >> Training Classifier

DEBUG >> Best state saved | Val Acc 14.28571492433548 | Test Acc 14.28571492433548

INFO >> Epoch: 1 |   Train Loss: 1.972 | Train Acc: 13.61 |   Val Loss: 1.936 | Val Acc: 14.29 |   Test Loss: 1.950 | Tes Acc: 14.29
INFO >> Epoch: 2 |   Train Loss: 1.956 | Train Acc: 13.27 |   Val Loss: 1.933 | Val Acc: 14.29 |   Test Loss: 1.951 | Tes Acc: 14.29
INFO >> Epoch: 3 |   Train Loss: 1.953 | Train Acc: 13.27 |   Val Loss: 1.950 | Val Acc: 14.29 |   Test Loss: 1.943 | Tes Acc: 14.29
INFO >> Epoch: 4 |   Train Loss: 1.957 | Train Acc: 11.56 |   Val Loss: 1.955 | Val Acc: 14.29 |   Test Loss: 1.950 | Tes Acc: 14.29
INFO >> Epoch: 5 |   Train Loss: 1.952 | Train Acc: 13.95 |   Val Loss: 1.951 | Val Acc: 14.29 |   Test Loss: 1.951 | Tes Acc: 14.29
INFO >> Epoch: 6 |   Train Loss: 1.948 | Train Acc: 14.29 |   Val Loss: 1.951 | Val Acc: 14.29 |   Test Loss: 1.947 | Tes Acc: 14.29
INFO >> Epoch: 7 |   Train Loss: 1.950 | Train Acc: 14.29 |   Val Loss: 1.954 | Val Acc: 14.29 |   Test Loss: 1.945 | Tes Acc: 14.29
INFO >> Epoch: 8 |   Train Loss: 1.955 | Train Acc: 14.29 |   Val Loss: 1.960 | Val Acc: 14.29 |   Test Loss: 1.945 | Tes Acc: 14.29
INFO >> Epoch: 9 |   Train Loss: 1.950 | Train Acc: 14.29 |   Val Loss: 1.957 | Val Acc: 14.29 |   Test Loss: 1.948 | Tes Acc: 14.29
INFO >> Epoch: 10 |   Train Loss: 1.957 | Train Acc: 14.29 |   Val Loss: 1.952 | Val Acc: 14.29 |   Test Loss: 1.950 | Tes Acc: 14.29
INFO >> Epoch: 11 |   Train Loss: 1.949 | Train Acc: 14.29 |   Val Loss: 1.946 | Val Acc: 14.29 |   Test Loss: 1.949 | Tes Acc: 14.29
INFO >> Epoch: 12 |   Train Loss: 1.947 | Train Acc: 14.29 |   Val Loss: 1.952 | Val Acc: 14.29 |   Test Loss: 1.950 | Tes Acc: 14.29
INFO >> Epoch: 13 |   Train Loss: 1.951 | Train Acc: 14.29 |   Val Loss: 1.960 | Val Acc: 14.29 |   Test Loss: 1.951 | Tes Acc: 14.29
INFO >> Epoch: 14 |   Train Loss: 1.949 | Train Acc: 12.93 |   Val Loss: 1.952 | Val Acc: 14.29 |   Test Loss: 1.949 | Tes Acc: 14.29
INFO >> Epoch: 15 |   Train Loss: 1.949 | Train Acc: 14.29 |   Val Loss: 1.948 | Val Acc: 14.29 |   Test Loss: 1.948 | Tes Acc: 14.29
INFO >> Epoch: 16 |   Train Loss: 1.947 | Train Acc: 14.29 |   Val Loss: 1.948 | Val Acc: 14.29 |   Test Loss: 1.946 | Tes Acc: 14.29
INFO >> Epoch: 17 |   Train Loss: 1.949 | Train Acc: 14.29 |   Val Loss: 1.944 | Val Acc: 14.29 |   Test Loss: 1.946 | Tes Acc: 14.29
INFO >> Epoch: 18 |   Train Loss: 1.947 | Train Acc: 13.95 |   Val Loss: 1.947 | Val Acc: 14.29 |   Test Loss: 1.945 | Tes Acc: 14.29
INFO >> Epoch: 19 |   Train Loss: 1.946 | Train Acc: 14.29 |   Val Loss: 1.952 | Val Acc: 14.29 |   Test Loss: 1.944 | Tes Acc: 14.29
INFO >> Epoch: 20 |   Train Loss: 1.947 | Train Acc: 14.29 |   Val Loss: 1.957 | Val Acc: 14.29 |   Test Loss: 1.943 | Tes Acc: 14.29


INFO >> Time Taken: 00:20

INFO >> Best Val Acc : 14.28571492433548 | Best Test A : 14.28571492433548

DEBUG >> Last state saved | Val Acc 14.28571492433548 | Test Acc 14.28571492433548

INFO >> History saved (./history/v1.1/EMOVO/GE2E/Run1/history.pt)
