
--------------------------------------------------
Multilingual SER System v1.4
--------------------------------------------------
Run Name      : Run1
Fx Model      : HUBERT_BASE
Clf Model     : PROBING_DENSE
Extract Mode  : gpu_memory
Dataset       : ShEMO
Device        : gpu
Epochs        : 30
Num Workers   : 3
Data Dir      : ./data
History Dir   : ./history
Weights Dir   : ./weights
Log Level     : debug
Purge Cache   : False
Job Name      : Job34
Job Id        : 30912813
GPU           : Quadro RTX 8000
GPU Count     : 1
GPU Memory    : 44.49 GB

Timestamp : 2023-03-11 03:37:32.913430

INFO >> Running on CUDA


INFO >> Training Classifier

INFO >> Epoch: 1  |  Layer:  1  |  Train Loss: 1.433 | Train Acc: 42.37  |  Val Loss: 1.324 | Val Acc: 51.25  |  Test Loss: 1.100 | Tes Acc: 67.20
INFO >> Epoch: 1  |  Layer:  2  |  Train Loss: 1.445 | Train Acc: 42.75  |  Val Loss: 1.260 | Val Acc: 50.36  |  Test Loss: 1.000 | Tes Acc: 68.28
INFO >> Epoch: 1  |  Layer:  3  |  Train Loss: 1.434 | Train Acc: 43.19  |  Val Loss: 1.224 | Val Acc: 53.94  |  Test Loss: 0.978 | Tes Acc: 71.24
INFO >> Epoch: 1  |  Layer:  4  |  Train Loss: 1.418 | Train Acc: 44.49  |  Val Loss: 1.189 | Val Acc: 56.09  |  Test Loss: 0.930 | Tes Acc: 71.77
INFO >> Epoch: 1  |  Layer:  5  |  Train Loss: 1.432 | Train Acc: 43.82  |  Val Loss: 1.224 | Val Acc: 54.12  |  Test Loss: 0.979 | Tes Acc: 71.51
INFO >> Epoch: 1  |  Layer:  6  |  Train Loss: 1.439 | Train Acc: 42.32  |  Val Loss: 1.244 | Val Acc: 54.30  |  Test Loss: 1.003 | Tes Acc: 69.62
INFO >> Epoch: 1  |  Layer:  7  |  Train Loss: 1.420 | Train Acc: 43.43  |  Val Loss: 1.186 | Val Acc: 61.83  |  Test Loss: 0.934 | Tes Acc: 72.31
INFO >> Epoch: 1  |  Layer:  8  |  Train Loss: 1.412 | Train Acc: 45.70  |  Val Loss: 1.166 | Val Acc: 62.37  |  Test Loss: 0.914 | Tes Acc: 73.39
INFO >> Epoch: 1  |  Layer:  9  |  Train Loss: 1.422 | Train Acc: 44.35  |  Val Loss: 1.205 | Val Acc: 58.42  |  Test Loss: 0.955 | Tes Acc: 72.58
INFO >> Epoch: 1  |  Layer: 10  |  Train Loss: 1.415 | Train Acc: 44.93  |  Val Loss: 1.189 | Val Acc: 58.78  |  Test Loss: 0.937 | Tes Acc: 72.58
INFO >> Epoch: 1  |  Layer: 11  |  Train Loss: 1.405 | Train Acc: 44.98  |  Val Loss: 1.167 | Val Acc: 60.39  |  Test Loss: 0.909 | Tes Acc: 72.31
INFO >> Epoch: 1  |  Layer: 12  |  Train Loss: 1.408 | Train Acc: 44.44  |  Val Loss: 1.182 | Val Acc: 60.39  |  Test Loss: 0.925 | Tes Acc: 72.04
INFO >> Epoch: 1  |  Layer: 13  |  Train Loss: 1.420 | Train Acc: 43.09  |  Val Loss: 1.240 | Val Acc: 55.56  |  Test Loss: 1.016 | Tes Acc: 69.62

INFO >> Epoch: 2  |  Layer:  1  |  Train Loss: 1.292 | Train Acc: 52.85  |  Val Loss: 1.187 | Val Acc: 58.96  |  Test Loss: 0.973 | Tes Acc: 70.97
INFO >> Epoch: 2  |  Layer:  2  |  Train Loss: 1.153 | Train Acc: 58.89  |  Val Loss: 1.028 | Val Acc: 67.03  |  Test Loss: 0.726 | Tes Acc: 80.11
INFO >> Epoch: 2  |  Layer:  3  |  Train Loss: 1.113 | Train Acc: 59.86  |  Val Loss: 0.967 | Val Acc: 69.00  |  Test Loss: 0.670 | Tes Acc: 80.91
INFO >> Epoch: 2  |  Layer:  4  |  Train Loss: 1.052 | Train Acc: 61.93  |  Val Loss: 0.901 | Val Acc: 69.18  |  Test Loss: 0.595 | Tes Acc: 81.72
INFO >> Epoch: 2  |  Layer:  5  |  Train Loss: 1.051 | Train Acc: 61.88  |  Val Loss: 0.915 | Val Acc: 67.20  |  Test Loss: 0.590 | Tes Acc: 79.84
INFO >> Epoch: 2  |  Layer:  6  |  Train Loss: 1.065 | Train Acc: 61.06  |  Val Loss: 0.920 | Val Acc: 66.49  |  Test Loss: 0.608 | Tes Acc: 79.03
INFO >> Epoch: 2  |  Layer:  7  |  Train Loss: 1.025 | Train Acc: 63.77  |  Val Loss: 0.862 | Val Acc: 72.94  |  Test Loss: 0.574 | Tes Acc: 83.33
INFO >> Epoch: 2  |  Layer:  8  |  Train Loss: 1.028 | Train Acc: 62.66  |  Val Loss: 0.917 | Val Acc: 66.31  |  Test Loss: 0.604 | Tes Acc: 79.03
INFO >> Epoch: 2  |  Layer:  9  |  Train Loss: 1.037 | Train Acc: 62.71  |  Val Loss: 0.909 | Val Acc: 67.03  |  Test Loss: 0.590 | Tes Acc: 79.30
INFO >> Epoch: 2  |  Layer: 10  |  Train Loss: 1.042 | Train Acc: 62.22  |  Val Loss: 0.885 | Val Acc: 68.82  |  Test Loss: 0.576 | Tes Acc: 80.91
INFO >> Epoch: 2  |  Layer: 11  |  Train Loss: 1.025 | Train Acc: 63.00  |  Val Loss: 0.902 | Val Acc: 68.82  |  Test Loss: 0.571 | Tes Acc: 78.49
INFO >> Epoch: 2  |  Layer: 12  |  Train Loss: 1.036 | Train Acc: 62.66  |  Val Loss: 0.929 | Val Acc: 67.56  |  Test Loss: 0.577 | Tes Acc: 78.23
INFO >> Epoch: 2  |  Layer: 13  |  Train Loss: 1.103 | Train Acc: 59.57  |  Val Loss: 0.980 | Val Acc: 64.52  |  Test Loss: 0.635 | Tes Acc: 76.34

INFO >> Epoch: 3  |  Layer:  1  |  Train Loss: 1.181 | Train Acc: 57.05  |  Val Loss: 1.117 | Val Acc: 63.26  |  Test Loss: 0.869 | Tes Acc: 75.27
INFO >> Epoch: 3  |  Layer:  2  |  Train Loss: 0.996 | Train Acc: 66.23  |  Val Loss: 0.948 | Val Acc: 70.43  |  Test Loss: 0.589 | Tes Acc: 83.60
INFO >> Epoch: 3  |  Layer:  3  |  Train Loss: 0.952 | Train Acc: 67.10  |  Val Loss: 0.909 | Val Acc: 70.61  |  Test Loss: 0.588 | Tes Acc: 81.18
INFO >> Epoch: 3  |  Layer:  4  |  Train Loss: 0.891 | Train Acc: 69.57  |  Val Loss: 0.858 | Val Acc: 71.86  |  Test Loss: 0.560 | Tes Acc: 80.91
INFO >> Epoch: 3  |  Layer:  5  |  Train Loss: 0.870 | Train Acc: 70.00  |  Val Loss: 0.828 | Val Acc: 72.58  |  Test Loss: 0.515 | Tes Acc: 83.06
INFO >> Epoch: 3  |  Layer:  6  |  Train Loss: 0.871 | Train Acc: 70.19  |  Val Loss: 0.810 | Val Acc: 72.76  |  Test Loss: 0.501 | Tes Acc: 84.95
INFO >> Epoch: 3  |  Layer:  7  |  Train Loss: 0.848 | Train Acc: 70.72  |  Val Loss: 0.856 | Val Acc: 71.33  |  Test Loss: 0.549 | Tes Acc: 82.53
INFO >> Epoch: 3  |  Layer:  8  |  Train Loss: 0.849 | Train Acc: 70.10  |  Val Loss: 0.841 | Val Acc: 72.58  |  Test Loss: 0.505 | Tes Acc: 83.60
INFO >> Epoch: 3  |  Layer:  9  |  Train Loss: 0.859 | Train Acc: 69.76  |  Val Loss: 0.878 | Val Acc: 70.61  |  Test Loss: 0.547 | Tes Acc: 82.80
INFO >> Epoch: 3  |  Layer: 10  |  Train Loss: 0.876 | Train Acc: 69.28  |  Val Loss: 0.893 | Val Acc: 69.71  |  Test Loss: 0.563 | Tes Acc: 82.53
INFO >> Epoch: 3  |  Layer: 11  |  Train Loss: 0.891 | Train Acc: 68.84  |  Val Loss: 0.912 | Val Acc: 68.82  |  Test Loss: 0.549 | Tes Acc: 83.06
INFO >> Epoch: 3  |  Layer: 12  |  Train Loss: 0.884 | Train Acc: 68.74  |  Val Loss: 0.873 | Val Acc: 69.71  |  Test Loss: 0.472 | Tes Acc: 83.60
INFO >> Epoch: 3  |  Layer: 13  |  Train Loss: 0.922 | Train Acc: 67.83  |  Val Loss: 0.873 | Val Acc: 70.25  |  Test Loss: 0.500 | Tes Acc: 82.53

INFO >> Epoch: 4  |  Layer:  1  |  Train Loss: 1.111 | Train Acc: 62.13  |  Val Loss: 1.057 | Val Acc: 68.10  |  Test Loss: 0.795 | Tes Acc: 77.42
INFO >> Epoch: 4  |  Layer:  2  |  Train Loss: 0.910 | Train Acc: 70.34  |  Val Loss: 0.868 | Val Acc: 72.40  |  Test Loss: 0.512 | Tes Acc: 85.22
INFO >> Epoch: 4  |  Layer:  3  |  Train Loss: 0.851 | Train Acc: 71.88  |  Val Loss: 0.793 | Val Acc: 74.91  |  Test Loss: 0.482 | Tes Acc: 86.02
INFO >> Epoch: 4  |  Layer:  4  |  Train Loss: 0.794 | Train Acc: 73.29  |  Val Loss: 0.749 | Val Acc: 75.09  |  Test Loss: 0.438 | Tes Acc: 85.75
INFO >> Epoch: 4  |  Layer:  5  |  Train Loss: 0.758 | Train Acc: 73.91  |  Val Loss: 0.738 | Val Acc: 74.55  |  Test Loss: 0.443 | Tes Acc: 86.29
INFO >> Epoch: 4  |  Layer:  6  |  Train Loss: 0.741 | Train Acc: 74.64  |  Val Loss: 0.701 | Val Acc: 76.16  |  Test Loss: 0.417 | Tes Acc: 87.63
INFO >> Epoch: 4  |  Layer:  7  |  Train Loss: 0.748 | Train Acc: 73.96  |  Val Loss: 0.723 | Val Acc: 75.63  |  Test Loss: 0.429 | Tes Acc: 85.75
INFO >> Epoch: 4  |  Layer:  8  |  Train Loss: 0.747 | Train Acc: 73.96  |  Val Loss: 0.734 | Val Acc: 74.91  |  Test Loss: 0.433 | Tes Acc: 87.63
INFO >> Epoch: 4  |  Layer:  9  |  Train Loss: 0.746 | Train Acc: 74.06  |  Val Loss: 0.737 | Val Acc: 75.63  |  Test Loss: 0.431 | Tes Acc: 87.90
INFO >> Epoch: 4  |  Layer: 10  |  Train Loss: 0.778 | Train Acc: 72.90  |  Val Loss: 0.727 | Val Acc: 74.01  |  Test Loss: 0.436 | Tes Acc: 86.02
INFO >> Epoch: 4  |  Layer: 11  |  Train Loss: 0.795 | Train Acc: 72.46  |  Val Loss: 0.746 | Val Acc: 74.37  |  Test Loss: 0.434 | Tes Acc: 85.75
INFO >> Epoch: 4  |  Layer: 12  |  Train Loss: 0.810 | Train Acc: 72.90  |  Val Loss: 0.746 | Val Acc: 74.91  |  Test Loss: 0.414 | Tes Acc: 86.56
INFO >> Epoch: 4  |  Layer: 13  |  Train Loss: 0.830 | Train Acc: 72.17  |  Val Loss: 0.774 | Val Acc: 73.66  |  Test Loss: 0.448 | Tes Acc: 84.68

INFO >> Epoch: 5  |  Layer:  1  |  Train Loss: 1.069 | Train Acc: 64.06  |  Val Loss: 1.043 | Val Acc: 66.67  |  Test Loss: 0.809 | Tes Acc: 75.81
INFO >> Epoch: 5  |  Layer:  2  |  Train Loss: 0.859 | Train Acc: 72.08  |  Val Loss: 0.859 | Val Acc: 72.22  |  Test Loss: 0.535 | Tes Acc: 83.06
INFO >> Epoch: 5  |  Layer:  3  |  Train Loss: 0.799 | Train Acc: 73.14  |  Val Loss: 0.779 | Val Acc: 74.37  |  Test Loss: 0.498 | Tes Acc: 84.41
INFO >> Epoch: 5  |  Layer:  4  |  Train Loss: 0.740 | Train Acc: 74.40  |  Val Loss: 0.717 | Val Acc: 77.06  |  Test Loss: 0.422 | Tes Acc: 88.17
INFO >> Epoch: 5  |  Layer:  5  |  Train Loss: 0.712 | Train Acc: 74.83  |  Val Loss: 0.689 | Val Acc: 77.24  |  Test Loss: 0.410 | Tes Acc: 88.71
INFO >> Epoch: 5  |  Layer:  6  |  Train Loss: 0.695 | Train Acc: 75.85  |  Val Loss: 0.687 | Val Acc: 77.42  |  Test Loss: 0.409 | Tes Acc: 88.17
INFO >> Epoch: 5  |  Layer:  7  |  Train Loss: 0.697 | Train Acc: 75.94  |  Val Loss: 0.703 | Val Acc: 77.06  |  Test Loss: 0.427 | Tes Acc: 88.17
INFO >> Epoch: 5  |  Layer:  8  |  Train Loss: 0.694 | Train Acc: 75.36  |  Val Loss: 0.703 | Val Acc: 78.32  |  Test Loss: 0.408 | Tes Acc: 88.98
INFO >> Epoch: 5  |  Layer:  9  |  Train Loss: 0.703 | Train Acc: 74.98  |  Val Loss: 0.721 | Val Acc: 77.60  |  Test Loss: 0.424 | Tes Acc: 88.17
INFO >> Epoch: 5  |  Layer: 10  |  Train Loss: 0.714 | Train Acc: 75.12  |  Val Loss: 0.716 | Val Acc: 75.99  |  Test Loss: 0.438 | Tes Acc: 86.56
INFO >> Epoch: 5  |  Layer: 11  |  Train Loss: 0.740 | Train Acc: 73.38  |  Val Loss: 0.736 | Val Acc: 76.16  |  Test Loss: 0.438 | Tes Acc: 86.56
INFO >> Epoch: 5  |  Layer: 12  |  Train Loss: 0.746 | Train Acc: 73.53  |  Val Loss: 0.733 | Val Acc: 76.34  |  Test Loss: 0.424 | Tes Acc: 87.10
INFO >> Epoch: 5  |  Layer: 13  |  Train Loss: 0.784 | Train Acc: 72.71  |  Val Loss: 0.816 | Val Acc: 71.51  |  Test Loss: 0.523 | Tes Acc: 85.48

INFO >> Epoch: 6  |  Layer:  1  |  Train Loss: 1.047 | Train Acc: 64.54  |  Val Loss: 1.012 | Val Acc: 66.67  |  Test Loss: 0.686 | Tes Acc: 77.96
INFO >> Epoch: 6  |  Layer:  2  |  Train Loss: 0.835 | Train Acc: 72.56  |  Val Loss: 0.809 | Val Acc: 75.45  |  Test Loss: 0.443 | Tes Acc: 88.17
INFO >> Epoch: 6  |  Layer:  3  |  Train Loss: 0.784 | Train Acc: 73.04  |  Val Loss: 0.752 | Val Acc: 77.06  |  Test Loss: 0.431 | Tes Acc: 86.56
INFO >> Epoch: 6  |  Layer:  4  |  Train Loss: 0.722 | Train Acc: 75.12  |  Val Loss: 0.696 | Val Acc: 77.06  |  Test Loss: 0.381 | Tes Acc: 88.44
INFO >> Epoch: 6  |  Layer:  5  |  Train Loss: 0.679 | Train Acc: 76.52  |  Val Loss: 0.659 | Val Acc: 77.60  |  Test Loss: 0.359 | Tes Acc: 89.25
INFO >> Epoch: 6  |  Layer:  6  |  Train Loss: 0.654 | Train Acc: 77.39  |  Val Loss: 0.654 | Val Acc: 78.14  |  Test Loss: 0.369 | Tes Acc: 88.44
INFO >> Epoch: 6  |  Layer:  7  |  Train Loss: 0.680 | Train Acc: 76.86  |  Val Loss: 0.668 | Val Acc: 77.96  |  Test Loss: 0.389 | Tes Acc: 87.37
INFO >> Epoch: 6  |  Layer:  8  |  Train Loss: 0.675 | Train Acc: 77.54  |  Val Loss: 0.680 | Val Acc: 77.60  |  Test Loss: 0.382 | Tes Acc: 87.10
INFO >> Epoch: 6  |  Layer:  9  |  Train Loss: 0.684 | Train Acc: 76.47  |  Val Loss: 0.689 | Val Acc: 78.14  |  Test Loss: 0.392 | Tes Acc: 87.10
INFO >> Epoch: 6  |  Layer: 10  |  Train Loss: 0.691 | Train Acc: 75.94  |  Val Loss: 0.683 | Val Acc: 77.60  |  Test Loss: 0.407 | Tes Acc: 86.02
INFO >> Epoch: 6  |  Layer: 11  |  Train Loss: 0.711 | Train Acc: 75.85  |  Val Loss: 0.696 | Val Acc: 77.06  |  Test Loss: 0.393 | Tes Acc: 86.02
INFO >> Epoch: 6  |  Layer: 12  |  Train Loss: 0.713 | Train Acc: 75.27  |  Val Loss: 0.700 | Val Acc: 75.99  |  Test Loss: 0.392 | Tes Acc: 86.83
INFO >> Epoch: 6  |  Layer: 13  |  Train Loss: 0.761 | Train Acc: 73.96  |  Val Loss: 0.718 | Val Acc: 75.81  |  Test Loss: 0.402 | Tes Acc: 86.56

INFO >> Epoch: 7  |  Layer:  1  |  Train Loss: 1.031 | Train Acc: 66.43  |  Val Loss: 1.030 | Val Acc: 66.49  |  Test Loss: 0.789 | Tes Acc: 76.08
INFO >> Epoch: 7  |  Layer:  2  |  Train Loss: 0.781 | Train Acc: 74.49  |  Val Loss: 0.792 | Val Acc: 75.63  |  Test Loss: 0.442 | Tes Acc: 87.63
INFO >> Epoch: 7  |  Layer:  3  |  Train Loss: 0.730 | Train Acc: 75.65  |  Val Loss: 0.733 | Val Acc: 76.88  |  Test Loss: 0.415 | Tes Acc: 87.90
INFO >> Epoch: 7  |  Layer:  4  |  Train Loss: 0.666 | Train Acc: 76.18  |  Val Loss: 0.669 | Val Acc: 77.42  |  Test Loss: 0.369 | Tes Acc: 89.78
INFO >> Epoch: 7  |  Layer:  5  |  Train Loss: 0.636 | Train Acc: 77.78  |  Val Loss: 0.652 | Val Acc: 77.42  |  Test Loss: 0.364 | Tes Acc: 87.90
INFO >> Epoch: 7  |  Layer:  6  |  Train Loss: 0.626 | Train Acc: 78.31  |  Val Loss: 0.648 | Val Acc: 79.03  |  Test Loss: 0.376 | Tes Acc: 88.71
INFO >> Epoch: 7  |  Layer:  7  |  Train Loss: 0.634 | Train Acc: 77.97  |  Val Loss: 0.659 | Val Acc: 79.03  |  Test Loss: 0.379 | Tes Acc: 89.25
INFO >> Epoch: 7  |  Layer:  8  |  Train Loss: 0.636 | Train Acc: 78.21  |  Val Loss: 0.675 | Val Acc: 78.67  |  Test Loss: 0.379 | Tes Acc: 88.44
INFO >> Epoch: 7  |  Layer:  9  |  Train Loss: 0.653 | Train Acc: 77.20  |  Val Loss: 0.691 | Val Acc: 77.42  |  Test Loss: 0.388 | Tes Acc: 89.25
INFO >> Epoch: 7  |  Layer: 10  |  Train Loss: 0.644 | Train Acc: 76.96  |  Val Loss: 0.722 | Val Acc: 75.63  |  Test Loss: 0.425 | Tes Acc: 86.83
INFO >> Epoch: 7  |  Layer: 11  |  Train Loss: 0.663 | Train Acc: 77.10  |  Val Loss: 0.725 | Val Acc: 74.91  |  Test Loss: 0.400 | Tes Acc: 87.63
INFO >> Epoch: 7  |  Layer: 12  |  Train Loss: 0.667 | Train Acc: 76.81  |  Val Loss: 0.700 | Val Acc: 75.81  |  Test Loss: 0.378 | Tes Acc: 89.52
INFO >> Epoch: 7  |  Layer: 13  |  Train Loss: 0.702 | Train Acc: 75.22  |  Val Loss: 0.741 | Val Acc: 74.91  |  Test Loss: 0.426 | Tes Acc: 87.10

INFO >> Epoch: 8  |  Layer:  1  |  Train Loss: 0.970 | Train Acc: 67.44  |  Val Loss: 0.933 | Val Acc: 70.25  |  Test Loss: 0.587 | Tes Acc: 82.53
INFO >> Epoch: 8  |  Layer:  2  |  Train Loss: 0.742 | Train Acc: 75.27  |  Val Loss: 0.797 | Val Acc: 75.63  |  Test Loss: 0.430 | Tes Acc: 85.48
INFO >> Epoch: 8  |  Layer:  3  |  Train Loss: 0.693 | Train Acc: 76.52  |  Val Loss: 0.722 | Val Acc: 76.70  |  Test Loss: 0.398 | Tes Acc: 87.37
INFO >> Epoch: 8  |  Layer:  4  |  Train Loss: 0.629 | Train Acc: 78.65  |  Val Loss: 0.692 | Val Acc: 76.88  |  Test Loss: 0.360 | Tes Acc: 87.37
INFO >> Epoch: 8  |  Layer:  5  |  Train Loss: 0.600 | Train Acc: 79.61  |  Val Loss: 0.663 | Val Acc: 77.96  |  Test Loss: 0.354 | Tes Acc: 88.71
INFO >> Epoch: 8  |  Layer:  6  |  Train Loss: 0.583 | Train Acc: 80.34  |  Val Loss: 0.660 | Val Acc: 79.57  |  Test Loss: 0.354 | Tes Acc: 89.25
INFO >> Epoch: 8  |  Layer:  7  |  Train Loss: 0.590 | Train Acc: 80.53  |  Val Loss: 0.679 | Val Acc: 78.67  |  Test Loss: 0.350 | Tes Acc: 88.17
INFO >> Epoch: 8  |  Layer:  8  |  Train Loss: 0.583 | Train Acc: 79.86  |  Val Loss: 0.685 | Val Acc: 78.67  |  Test Loss: 0.358 | Tes Acc: 87.37
INFO >> Epoch: 8  |  Layer:  9  |  Train Loss: 0.590 | Train Acc: 79.66  |  Val Loss: 0.699 | Val Acc: 77.06  |  Test Loss: 0.365 | Tes Acc: 88.17
INFO >> Epoch: 8  |  Layer: 10  |  Train Loss: 0.595 | Train Acc: 79.18  |  Val Loss: 0.672 | Val Acc: 76.52  |  Test Loss: 0.370 | Tes Acc: 87.37
INFO >> Epoch: 8  |  Layer: 11  |  Train Loss: 0.620 | Train Acc: 78.89  |  Val Loss: 0.690 | Val Acc: 76.34  |  Test Loss: 0.370 | Tes Acc: 87.90
INFO >> Epoch: 8  |  Layer: 12  |  Train Loss: 0.619 | Train Acc: 78.74  |  Val Loss: 0.693 | Val Acc: 76.52  |  Test Loss: 0.357 | Tes Acc: 88.17
INFO >> Epoch: 8  |  Layer: 13  |  Train Loss: 0.668 | Train Acc: 77.25  |  Val Loss: 0.710 | Val Acc: 75.99  |  Test Loss: 0.385 | Tes Acc: 87.63

INFO >> Epoch: 9  |  Layer:  1  |  Train Loss: 0.979 | Train Acc: 67.05  |  Val Loss: 0.986 | Val Acc: 68.64  |  Test Loss: 0.707 | Tes Acc: 79.03
INFO >> Epoch: 9  |  Layer:  2  |  Train Loss: 0.749 | Train Acc: 74.64  |  Val Loss: 0.789 | Val Acc: 75.27  |  Test Loss: 0.422 | Tes Acc: 87.63
INFO >> Epoch: 9  |  Layer:  3  |  Train Loss: 0.707 | Train Acc: 75.80  |  Val Loss: 0.748 | Val Acc: 76.52  |  Test Loss: 0.406 | Tes Acc: 86.56
INFO >> Epoch: 9  |  Layer:  4  |  Train Loss: 0.643 | Train Acc: 78.07  |  Val Loss: 0.698 | Val Acc: 78.67  |  Test Loss: 0.374 | Tes Acc: 87.10
INFO >> Epoch: 9  |  Layer:  5  |  Train Loss: 0.615 | Train Acc: 78.02  |  Val Loss: 0.684 | Val Acc: 78.67  |  Test Loss: 0.377 | Tes Acc: 86.56
INFO >> Epoch: 9  |  Layer:  6  |  Train Loss: 0.595 | Train Acc: 79.03  |  Val Loss: 0.661 | Val Acc: 79.21  |  Test Loss: 0.378 | Tes Acc: 88.17
INFO >> Epoch: 9  |  Layer:  7  |  Train Loss: 0.595 | Train Acc: 79.47  |  Val Loss: 0.662 | Val Acc: 79.93  |  Test Loss: 0.373 | Tes Acc: 88.44
INFO >> Epoch: 9  |  Layer:  8  |  Train Loss: 0.589 | Train Acc: 78.89  |  Val Loss: 0.674 | Val Acc: 80.29  |  Test Loss: 0.374 | Tes Acc: 87.90
INFO >> Epoch: 9  |  Layer:  9  |  Train Loss: 0.593 | Train Acc: 79.71  |  Val Loss: 0.690 | Val Acc: 78.14  |  Test Loss: 0.377 | Tes Acc: 87.90
INFO >> Epoch: 9  |  Layer: 10  |  Train Loss: 0.590 | Train Acc: 79.57  |  Val Loss: 0.673 | Val Acc: 78.32  |  Test Loss: 0.389 | Tes Acc: 86.83
INFO >> Epoch: 9  |  Layer: 11  |  Train Loss: 0.610 | Train Acc: 78.94  |  Val Loss: 0.678 | Val Acc: 78.14  |  Test Loss: 0.375 | Tes Acc: 88.17
INFO >> Epoch: 9  |  Layer: 12  |  Train Loss: 0.623 | Train Acc: 78.41  |  Val Loss: 0.693 | Val Acc: 76.16  |  Test Loss: 0.378 | Tes Acc: 87.90
INFO >> Epoch: 9  |  Layer: 13  |  Train Loss: 0.682 | Train Acc: 76.14  |  Val Loss: 0.707 | Val Acc: 77.60  |  Test Loss: 0.379 | Tes Acc: 87.10

INFO >> Epoch: 10  |  Layer:  1  |  Train Loss: 0.984 | Train Acc: 67.10  |  Val Loss: 0.891 | Val Acc: 71.86  |  Test Loss: 0.601 | Tes Acc: 83.33
INFO >> Epoch: 10  |  Layer:  2  |  Train Loss: 0.728 | Train Acc: 75.89  |  Val Loss: 0.756 | Val Acc: 77.42  |  Test Loss: 0.425 | Tes Acc: 89.25
INFO >> Epoch: 10  |  Layer:  3  |  Train Loss: 0.692 | Train Acc: 76.62  |  Val Loss: 0.701 | Val Acc: 78.49  |  Test Loss: 0.388 | Tes Acc: 89.52
INFO >> Epoch: 10  |  Layer:  4  |  Train Loss: 0.619 | Train Acc: 79.08  |  Val Loss: 0.677 | Val Acc: 78.32  |  Test Loss: 0.371 | Tes Acc: 88.44
INFO >> Epoch: 10  |  Layer:  5  |  Train Loss: 0.582 | Train Acc: 80.29  |  Val Loss: 0.635 | Val Acc: 80.29  |  Test Loss: 0.359 | Tes Acc: 89.25
INFO >> Epoch: 10  |  Layer:  6  |  Train Loss: 0.574 | Train Acc: 80.29  |  Val Loss: 0.636 | Val Acc: 79.75  |  Test Loss: 0.351 | Tes Acc: 88.98
INFO >> Epoch: 10  |  Layer:  7  |  Train Loss: 0.572 | Train Acc: 80.58  |  Val Loss: 0.629 | Val Acc: 80.11  |  Test Loss: 0.350 | Tes Acc: 89.52
INFO >> Epoch: 10  |  Layer:  8  |  Train Loss: 0.531 | Train Acc: 82.32  |  Val Loss: 0.648 | Val Acc: 81.36  |  Test Loss: 0.359 | Tes Acc: 89.25
INFO >> Epoch: 10  |  Layer:  9  |  Train Loss: 0.540 | Train Acc: 81.45  |  Val Loss: 0.695 | Val Acc: 77.60  |  Test Loss: 0.356 | Tes Acc: 88.44
INFO >> Epoch: 10  |  Layer: 10  |  Train Loss: 0.547 | Train Acc: 81.26  |  Val Loss: 0.705 | Val Acc: 77.42  |  Test Loss: 0.397 | Tes Acc: 87.63
INFO >> Epoch: 10  |  Layer: 11  |  Train Loss: 0.575 | Train Acc: 79.81  |  Val Loss: 0.731 | Val Acc: 74.55  |  Test Loss: 0.392 | Tes Acc: 89.78
INFO >> Epoch: 10  |  Layer: 12  |  Train Loss: 0.592 | Train Acc: 79.90  |  Val Loss: 0.731 | Val Acc: 74.73  |  Test Loss: 0.394 | Tes Acc: 89.52
INFO >> Epoch: 10  |  Layer: 13  |  Train Loss: 0.653 | Train Acc: 77.78  |  Val Loss: 0.759 | Val Acc: 74.91  |  Test Loss: 0.437 | Tes Acc: 87.63

INFO >> Epoch: 11  |  Layer:  1  |  Train Loss: 0.944 | Train Acc: 69.18  |  Val Loss: 0.937 | Val Acc: 68.64  |  Test Loss: 0.605 | Tes Acc: 80.38
INFO >> Epoch: 11  |  Layer:  2  |  Train Loss: 0.689 | Train Acc: 76.62  |  Val Loss: 0.728 | Val Acc: 77.42  |  Test Loss: 0.388 | Tes Acc: 90.32
INFO >> Epoch: 11  |  Layer:  3  |  Train Loss: 0.646 | Train Acc: 77.92  |  Val Loss: 0.698 | Val Acc: 77.24  |  Test Loss: 0.375 | Tes Acc: 88.71
INFO >> Epoch: 11  |  Layer:  4  |  Train Loss: 0.576 | Train Acc: 80.82  |  Val Loss: 0.659 | Val Acc: 77.96  |  Test Loss: 0.347 | Tes Acc: 90.32
INFO >> Epoch: 11  |  Layer:  5  |  Train Loss: 0.540 | Train Acc: 81.84  |  Val Loss: 0.635 | Val Acc: 77.60  |  Test Loss: 0.347 | Tes Acc: 90.05
INFO >> Epoch: 11  |  Layer:  6  |  Train Loss: 0.524 | Train Acc: 81.88  |  Val Loss: 0.648 | Val Acc: 79.03  |  Test Loss: 0.356 | Tes Acc: 90.59
INFO >> Epoch: 11  |  Layer:  7  |  Train Loss: 0.515 | Train Acc: 82.13  |  Val Loss: 0.666 | Val Acc: 79.39  |  Test Loss: 0.362 | Tes Acc: 88.98
INFO >> Epoch: 11  |  Layer:  8  |  Train Loss: 0.504 | Train Acc: 81.98  |  Val Loss: 0.697 | Val Acc: 78.67  |  Test Loss: 0.335 | Tes Acc: 89.52
INFO >> Epoch: 11  |  Layer:  9  |  Train Loss: 0.507 | Train Acc: 82.22  |  Val Loss: 0.673 | Val Acc: 78.32  |  Test Loss: 0.328 | Tes Acc: 89.78
INFO >> Epoch: 11  |  Layer: 10  |  Train Loss: 0.502 | Train Acc: 82.56  |  Val Loss: 0.671 | Val Acc: 77.60  |  Test Loss: 0.338 | Tes Acc: 89.78
INFO >> Epoch: 11  |  Layer: 11  |  Train Loss: 0.531 | Train Acc: 81.40  |  Val Loss: 0.683 | Val Acc: 78.67  |  Test Loss: 0.333 | Tes Acc: 88.17
INFO >> Epoch: 11  |  Layer: 12  |  Train Loss: 0.548 | Train Acc: 80.68  |  Val Loss: 0.667 | Val Acc: 77.06  |  Test Loss: 0.345 | Tes Acc: 87.63
INFO >> Epoch: 11  |  Layer: 13  |  Train Loss: 0.621 | Train Acc: 77.83  |  Val Loss: 0.672 | Val Acc: 77.06  |  Test Loss: 0.382 | Tes Acc: 87.90

INFO >> Epoch: 12  |  Layer:  1  |  Train Loss: 0.906 | Train Acc: 70.39  |  Val Loss: 0.909 | Val Acc: 67.56  |  Test Loss: 0.599 | Tes Acc: 83.87
INFO >> Epoch: 12  |  Layer:  2  |  Train Loss: 0.677 | Train Acc: 77.92  |  Val Loss: 0.720 | Val Acc: 77.60  |  Test Loss: 0.396 | Tes Acc: 88.98
INFO >> Epoch: 12  |  Layer:  3  |  Train Loss: 0.637 | Train Acc: 78.60  |  Val Loss: 0.684 | Val Acc: 76.88  |  Test Loss: 0.371 | Tes Acc: 88.71
INFO >> Epoch: 12  |  Layer:  4  |  Train Loss: 0.559 | Train Acc: 81.01  |  Val Loss: 0.653 | Val Acc: 78.49  |  Test Loss: 0.358 | Tes Acc: 87.37
INFO >> Epoch: 12  |  Layer:  5  |  Train Loss: 0.520 | Train Acc: 82.51  |  Val Loss: 0.655 | Val Acc: 76.52  |  Test Loss: 0.379 | Tes Acc: 87.10
INFO >> Epoch: 12  |  Layer:  6  |  Train Loss: 0.504 | Train Acc: 82.80  |  Val Loss: 0.640 | Val Acc: 78.85  |  Test Loss: 0.373 | Tes Acc: 88.71
INFO >> Epoch: 12  |  Layer:  7  |  Train Loss: 0.499 | Train Acc: 83.19  |  Val Loss: 0.676 | Val Acc: 77.24  |  Test Loss: 0.404 | Tes Acc: 86.56
INFO >> Epoch: 12  |  Layer:  8  |  Train Loss: 0.489 | Train Acc: 82.95  |  Val Loss: 0.683 | Val Acc: 79.21  |  Test Loss: 0.376 | Tes Acc: 87.10
INFO >> Epoch: 12  |  Layer:  9  |  Train Loss: 0.493 | Train Acc: 84.15  |  Val Loss: 0.676 | Val Acc: 78.67  |  Test Loss: 0.360 | Tes Acc: 87.63
INFO >> Epoch: 12  |  Layer: 10  |  Train Loss: 0.492 | Train Acc: 82.46  |  Val Loss: 0.685 | Val Acc: 77.24  |  Test Loss: 0.386 | Tes Acc: 86.29
INFO >> Epoch: 12  |  Layer: 11  |  Train Loss: 0.517 | Train Acc: 81.59  |  Val Loss: 0.772 | Val Acc: 73.30  |  Test Loss: 0.457 | Tes Acc: 84.68
INFO >> Epoch: 12  |  Layer: 12  |  Train Loss: 0.545 | Train Acc: 80.53  |  Val Loss: 0.716 | Val Acc: 74.91  |  Test Loss: 0.423 | Tes Acc: 84.95
INFO >> Epoch: 12  |  Layer: 13  |  Train Loss: 0.612 | Train Acc: 79.23  |  Val Loss: 0.716 | Val Acc: 74.73  |  Test Loss: 0.437 | Tes Acc: 85.48

INFO >> Epoch: 13  |  Layer:  1  |  Train Loss: 0.894 | Train Acc: 69.86  |  Val Loss: 0.869 | Val Acc: 72.40  |  Test Loss: 0.541 | Tes Acc: 83.60
INFO >> Epoch: 13  |  Layer:  2  |  Train Loss: 0.647 | Train Acc: 78.21  |  Val Loss: 0.752 | Val Acc: 76.16  |  Test Loss: 0.410 | Tes Acc: 88.98
INFO >> Epoch: 13  |  Layer:  3  |  Train Loss: 0.608 | Train Acc: 80.19  |  Val Loss: 0.698 | Val Acc: 77.60  |  Test Loss: 0.381 | Tes Acc: 88.44
INFO >> Epoch: 13  |  Layer:  4  |  Train Loss: 0.531 | Train Acc: 81.45  |  Val Loss: 0.696 | Val Acc: 77.24  |  Test Loss: 0.398 | Tes Acc: 87.10
INFO >> Epoch: 13  |  Layer:  5  |  Train Loss: 0.501 | Train Acc: 83.14  |  Val Loss: 0.641 | Val Acc: 79.75  |  Test Loss: 0.382 | Tes Acc: 88.71
INFO >> Epoch: 13  |  Layer:  6  |  Train Loss: 0.486 | Train Acc: 83.48  |  Val Loss: 0.626 | Val Acc: 80.82  |  Test Loss: 0.370 | Tes Acc: 89.52
INFO >> Epoch: 13  |  Layer:  7  |  Train Loss: 0.485 | Train Acc: 83.72  |  Val Loss: 0.615 | Val Acc: 81.90  |  Test Loss: 0.343 | Tes Acc: 88.71
INFO >> Epoch: 13  |  Layer:  8  |  Train Loss: 0.467 | Train Acc: 83.91  |  Val Loss: 0.642 | Val Acc: 81.00  |  Test Loss: 0.355 | Tes Acc: 88.71
INFO >> Epoch: 13  |  Layer:  9  |  Train Loss: 0.467 | Train Acc: 83.82  |  Val Loss: 0.674 | Val Acc: 79.39  |  Test Loss: 0.378 | Tes Acc: 87.90
INFO >> Epoch: 13  |  Layer: 10  |  Train Loss: 0.473 | Train Acc: 83.48  |  Val Loss: 0.634 | Val Acc: 78.49  |  Test Loss: 0.365 | Tes Acc: 88.44
INFO >> Epoch: 13  |  Layer: 11  |  Train Loss: 0.504 | Train Acc: 82.90  |  Val Loss: 0.669 | Val Acc: 77.60  |  Test Loss: 0.393 | Tes Acc: 87.37
INFO >> Epoch: 13  |  Layer: 12  |  Train Loss: 0.530 | Train Acc: 82.22  |  Val Loss: 0.688 | Val Acc: 76.88  |  Test Loss: 0.414 | Tes Acc: 87.37
INFO >> Epoch: 13  |  Layer: 13  |  Train Loss: 0.590 | Train Acc: 79.71  |  Val Loss: 0.680 | Val Acc: 76.88  |  Test Loss: 0.404 | Tes Acc: 86.83

INFO >> Epoch: 14  |  Layer:  1  |  Train Loss: 0.880 | Train Acc: 69.76  |  Val Loss: 0.823 | Val Acc: 72.40  |  Test Loss: 0.531 | Tes Acc: 86.02
INFO >> Epoch: 14  |  Layer:  2  |  Train Loss: 0.615 | Train Acc: 79.66  |  Val Loss: 0.693 | Val Acc: 77.60  |  Test Loss: 0.377 | Tes Acc: 90.86
INFO >> Epoch: 14  |  Layer:  3  |  Train Loss: 0.580 | Train Acc: 80.82  |  Val Loss: 0.663 | Val Acc: 78.14  |  Test Loss: 0.366 | Tes Acc: 90.59
INFO >> Epoch: 14  |  Layer:  4  |  Train Loss: 0.505 | Train Acc: 83.29  |  Val Loss: 0.618 | Val Acc: 80.65  |  Test Loss: 0.346 | Tes Acc: 89.52
INFO >> Epoch: 14  |  Layer:  5  |  Train Loss: 0.465 | Train Acc: 85.27  |  Val Loss: 0.607 | Val Acc: 80.65  |  Test Loss: 0.364 | Tes Acc: 89.52
INFO >> Epoch: 14  |  Layer:  6  |  Train Loss: 0.446 | Train Acc: 85.94  |  Val Loss: 0.603 | Val Acc: 80.65  |  Test Loss: 0.358 | Tes Acc: 90.05
INFO >> Epoch: 14  |  Layer:  7  |  Train Loss: 0.442 | Train Acc: 85.60  |  Val Loss: 0.630 | Val Acc: 79.75  |  Test Loss: 0.368 | Tes Acc: 88.98
INFO >> Epoch: 14  |  Layer:  8  |  Train Loss: 0.431 | Train Acc: 85.51  |  Val Loss: 0.619 | Val Acc: 79.39  |  Test Loss: 0.346 | Tes Acc: 89.25
INFO >> Epoch: 14  |  Layer:  9  |  Train Loss: 0.443 | Train Acc: 85.56  |  Val Loss: 0.645 | Val Acc: 78.49  |  Test Loss: 0.332 | Tes Acc: 88.44
INFO >> Epoch: 14  |  Layer: 10  |  Train Loss: 0.443 | Train Acc: 84.88  |  Val Loss: 0.659 | Val Acc: 76.16  |  Test Loss: 0.376 | Tes Acc: 88.17
INFO >> Epoch: 14  |  Layer: 11  |  Train Loss: 0.473 | Train Acc: 83.77  |  Val Loss: 0.672 | Val Acc: 75.81  |  Test Loss: 0.382 | Tes Acc: 87.63
INFO >> Epoch: 14  |  Layer: 12  |  Train Loss: 0.485 | Train Acc: 84.01  |  Val Loss: 0.639 | Val Acc: 77.24  |  Test Loss: 0.385 | Tes Acc: 86.02
INFO >> Epoch: 14  |  Layer: 13  |  Train Loss: 0.559 | Train Acc: 80.72  |  Val Loss: 0.655 | Val Acc: 77.60  |  Test Loss: 0.399 | Tes Acc: 85.22

INFO >> Epoch: 15  |  Layer:  1  |  Train Loss: 0.854 | Train Acc: 70.72  |  Val Loss: 0.811 | Val Acc: 73.12  |  Test Loss: 0.516 | Tes Acc: 84.95
INFO >> Epoch: 15  |  Layer:  2  |  Train Loss: 0.613 | Train Acc: 79.81  |  Val Loss: 0.698 | Val Acc: 75.81  |  Test Loss: 0.396 | Tes Acc: 89.78
INFO >> Epoch: 15  |  Layer:  3  |  Train Loss: 0.564 | Train Acc: 80.92  |  Val Loss: 0.665 | Val Acc: 76.16  |  Test Loss: 0.362 | Tes Acc: 87.63
INFO >> Epoch: 15  |  Layer:  4  |  Train Loss: 0.493 | Train Acc: 83.53  |  Val Loss: 0.627 | Val Acc: 77.60  |  Test Loss: 0.345 | Tes Acc: 87.63
INFO >> Epoch: 15  |  Layer:  5  |  Train Loss: 0.454 | Train Acc: 84.35  |  Val Loss: 0.594 | Val Acc: 80.29  |  Test Loss: 0.337 | Tes Acc: 89.25
INFO >> Epoch: 15  |  Layer:  6  |  Train Loss: 0.438 | Train Acc: 86.09  |  Val Loss: 0.617 | Val Acc: 81.72  |  Test Loss: 0.377 | Tes Acc: 88.98
INFO >> Epoch: 15  |  Layer:  7  |  Train Loss: 0.435 | Train Acc: 85.56  |  Val Loss: 0.607 | Val Acc: 80.65  |  Test Loss: 0.368 | Tes Acc: 87.90
INFO >> Epoch: 15  |  Layer:  8  |  Train Loss: 0.414 | Train Acc: 86.28  |  Val Loss: 0.663 | Val Acc: 77.60  |  Test Loss: 0.379 | Tes Acc: 87.37
INFO >> Epoch: 15  |  Layer:  9  |  Train Loss: 0.412 | Train Acc: 86.57  |  Val Loss: 0.671 | Val Acc: 75.63  |  Test Loss: 0.356 | Tes Acc: 87.63
INFO >> Epoch: 15  |  Layer: 10  |  Train Loss: 0.416 | Train Acc: 86.86  |  Val Loss: 0.673 | Val Acc: 76.16  |  Test Loss: 0.370 | Tes Acc: 85.75
INFO >> Epoch: 15  |  Layer: 11  |  Train Loss: 0.448 | Train Acc: 85.80  |  Val Loss: 0.684 | Val Acc: 76.70  |  Test Loss: 0.362 | Tes Acc: 86.02
INFO >> Epoch: 15  |  Layer: 12  |  Train Loss: 0.480 | Train Acc: 83.91  |  Val Loss: 0.649 | Val Acc: 76.52  |  Test Loss: 0.374 | Tes Acc: 86.83
INFO >> Epoch: 15  |  Layer: 13  |  Train Loss: 0.561 | Train Acc: 81.30  |  Val Loss: 0.635 | Val Acc: 78.14  |  Test Loss: 0.363 | Tes Acc: 88.98

INFO >> Epoch: 16  |  Layer:  1  |  Train Loss: 0.857 | Train Acc: 69.86  |  Val Loss: 0.798 | Val Acc: 71.51  |  Test Loss: 0.507 | Tes Acc: 84.95
INFO >> Epoch: 16  |  Layer:  2  |  Train Loss: 0.600 | Train Acc: 78.79  |  Val Loss: 0.714 | Val Acc: 77.42  |  Test Loss: 0.390 | Tes Acc: 88.71
INFO >> Epoch: 16  |  Layer:  3  |  Train Loss: 0.559 | Train Acc: 80.34  |  Val Loss: 0.700 | Val Acc: 76.70  |  Test Loss: 0.389 | Tes Acc: 87.90
INFO >> Epoch: 16  |  Layer:  4  |  Train Loss: 0.484 | Train Acc: 83.82  |  Val Loss: 0.641 | Val Acc: 78.67  |  Test Loss: 0.360 | Tes Acc: 87.63
INFO >> Epoch: 16  |  Layer:  5  |  Train Loss: 0.441 | Train Acc: 84.83  |  Val Loss: 0.609 | Val Acc: 79.93  |  Test Loss: 0.357 | Tes Acc: 90.86
INFO >> Epoch: 16  |  Layer:  6  |  Train Loss: 0.434 | Train Acc: 85.17  |  Val Loss: 0.643 | Val Acc: 79.39  |  Test Loss: 0.371 | Tes Acc: 90.86
INFO >> Epoch: 16  |  Layer:  7  |  Train Loss: 0.424 | Train Acc: 86.04  |  Val Loss: 0.631 | Val Acc: 79.75  |  Test Loss: 0.382 | Tes Acc: 89.52
INFO >> Epoch: 16  |  Layer:  8  |  Train Loss: 0.414 | Train Acc: 86.09  |  Val Loss: 0.679 | Val Acc: 77.42  |  Test Loss: 0.420 | Tes Acc: 86.02
INFO >> Epoch: 16  |  Layer:  9  |  Train Loss: 0.425 | Train Acc: 85.02  |  Val Loss: 0.727 | Val Acc: 75.45  |  Test Loss: 0.401 | Tes Acc: 86.56
INFO >> Epoch: 16  |  Layer: 10  |  Train Loss: 0.424 | Train Acc: 85.07  |  Val Loss: 0.712 | Val Acc: 76.52  |  Test Loss: 0.367 | Tes Acc: 88.98
INFO >> Epoch: 16  |  Layer: 11  |  Train Loss: 0.445 | Train Acc: 84.73  |  Val Loss: 0.709 | Val Acc: 75.99  |  Test Loss: 0.368 | Tes Acc: 87.63
INFO >> Epoch: 16  |  Layer: 12  |  Train Loss: 0.473 | Train Acc: 83.57  |  Val Loss: 0.688 | Val Acc: 76.16  |  Test Loss: 0.376 | Tes Acc: 88.98
INFO >> Epoch: 16  |  Layer: 13  |  Train Loss: 0.555 | Train Acc: 80.39  |  Val Loss: 0.674 | Val Acc: 77.06  |  Test Loss: 0.407 | Tes Acc: 87.63

INFO >> Epoch: 17  |  Layer:  1  |  Train Loss: 0.819 | Train Acc: 72.66  |  Val Loss: 0.789 | Val Acc: 72.40  |  Test Loss: 0.472 | Tes Acc: 85.48
INFO >> Epoch: 17  |  Layer:  2  |  Train Loss: 0.564 | Train Acc: 80.72  |  Val Loss: 0.705 | Val Acc: 77.42  |  Test Loss: 0.363 | Tes Acc: 89.52
INFO >> Epoch: 17  |  Layer:  3  |  Train Loss: 0.522 | Train Acc: 82.75  |  Val Loss: 0.648 | Val Acc: 78.85  |  Test Loss: 0.329 | Tes Acc: 89.52
INFO >> Epoch: 17  |  Layer:  4  |  Train Loss: 0.447 | Train Acc: 85.12  |  Val Loss: 0.616 | Val Acc: 79.75  |  Test Loss: 0.305 | Tes Acc: 90.05
INFO >> Epoch: 17  |  Layer:  5  |  Train Loss: 0.406 | Train Acc: 86.57  |  Val Loss: 0.613 | Val Acc: 80.47  |  Test Loss: 0.318 | Tes Acc: 90.05
INFO >> Epoch: 17  |  Layer:  6  |  Train Loss: 0.390 | Train Acc: 87.10  |  Val Loss: 0.627 | Val Acc: 77.78  |  Test Loss: 0.334 | Tes Acc: 91.40
INFO >> Epoch: 17  |  Layer:  7  |  Train Loss: 0.378 | Train Acc: 87.25  |  Val Loss: 0.608 | Val Acc: 79.93  |  Test Loss: 0.306 | Tes Acc: 91.40
INFO >> Epoch: 17  |  Layer:  8  |  Train Loss: 0.367 | Train Acc: 87.83  |  Val Loss: 0.625 | Val Acc: 80.82  |  Test Loss: 0.314 | Tes Acc: 91.40
INFO >> Epoch: 17  |  Layer:  9  |  Train Loss: 0.376 | Train Acc: 87.68  |  Val Loss: 0.662 | Val Acc: 77.42  |  Test Loss: 0.318 | Tes Acc: 88.98
INFO >> Epoch: 17  |  Layer: 10  |  Train Loss: 0.375 | Train Acc: 87.44  |  Val Loss: 0.686 | Val Acc: 76.70  |  Test Loss: 0.333 | Tes Acc: 88.44
INFO >> Epoch: 17  |  Layer: 11  |  Train Loss: 0.404 | Train Acc: 86.43  |  Val Loss: 0.670 | Val Acc: 78.14  |  Test Loss: 0.320 | Tes Acc: 88.71
INFO >> Epoch: 17  |  Layer: 12  |  Train Loss: 0.429 | Train Acc: 86.04  |  Val Loss: 0.647 | Val Acc: 76.70  |  Test Loss: 0.320 | Tes Acc: 90.86
INFO >> Epoch: 17  |  Layer: 13  |  Train Loss: 0.509 | Train Acc: 82.85  |  Val Loss: 0.644 | Val Acc: 76.70  |  Test Loss: 0.329 | Tes Acc: 89.52

INFO >> Epoch: 18  |  Layer:  1  |  Train Loss: 0.791 | Train Acc: 73.24  |  Val Loss: 0.768 | Val Acc: 73.30  |  Test Loss: 0.464 | Tes Acc: 85.75
INFO >> Epoch: 18  |  Layer:  2  |  Train Loss: 0.543 | Train Acc: 81.59  |  Val Loss: 0.731 | Val Acc: 75.99  |  Test Loss: 0.409 | Tes Acc: 88.98
INFO >> Epoch: 18  |  Layer:  3  |  Train Loss: 0.502 | Train Acc: 83.00  |  Val Loss: 0.668 | Val Acc: 79.57  |  Test Loss: 0.357 | Tes Acc: 88.71
INFO >> Epoch: 18  |  Layer:  4  |  Train Loss: 0.425 | Train Acc: 85.60  |  Val Loss: 0.635 | Val Acc: 80.11  |  Test Loss: 0.327 | Tes Acc: 89.52
INFO >> Epoch: 18  |  Layer:  5  |  Train Loss: 0.395 | Train Acc: 86.76  |  Val Loss: 0.622 | Val Acc: 80.29  |  Test Loss: 0.334 | Tes Acc: 90.59
INFO >> Epoch: 18  |  Layer:  6  |  Train Loss: 0.382 | Train Acc: 87.58  |  Val Loss: 0.681 | Val Acc: 78.49  |  Test Loss: 0.359 | Tes Acc: 90.86
INFO >> Epoch: 18  |  Layer:  7  |  Train Loss: 0.374 | Train Acc: 87.00  |  Val Loss: 0.616 | Val Acc: 81.18  |  Test Loss: 0.345 | Tes Acc: 90.32
INFO >> Epoch: 18  |  Layer:  8  |  Train Loss: 0.352 | Train Acc: 89.23  |  Val Loss: 0.631 | Val Acc: 80.82  |  Test Loss: 0.338 | Tes Acc: 89.52
INFO >> Epoch: 18  |  Layer:  9  |  Train Loss: 0.355 | Train Acc: 87.54  |  Val Loss: 0.699 | Val Acc: 77.60  |  Test Loss: 0.353 | Tes Acc: 88.71
INFO >> Epoch: 18  |  Layer: 10  |  Train Loss: 0.356 | Train Acc: 87.54  |  Val Loss: 0.676 | Val Acc: 78.67  |  Test Loss: 0.344 | Tes Acc: 88.44
INFO >> Epoch: 18  |  Layer: 11  |  Train Loss: 0.392 | Train Acc: 86.86  |  Val Loss: 0.688 | Val Acc: 77.24  |  Test Loss: 0.344 | Tes Acc: 89.78
INFO >> Epoch: 18  |  Layer: 12  |  Train Loss: 0.421 | Train Acc: 85.41  |  Val Loss: 0.667 | Val Acc: 77.78  |  Test Loss: 0.360 | Tes Acc: 88.71
INFO >> Epoch: 18  |  Layer: 13  |  Train Loss: 0.503 | Train Acc: 82.61  |  Val Loss: 0.693 | Val Acc: 75.09  |  Test Loss: 0.400 | Tes Acc: 87.10

INFO >> Epoch: 19  |  Layer:  1  |  Train Loss: 0.791 | Train Acc: 73.91  |  Val Loss: 0.784 | Val Acc: 72.04  |  Test Loss: 0.495 | Tes Acc: 86.83
INFO >> Epoch: 19  |  Layer:  2  |  Train Loss: 0.534 | Train Acc: 81.45  |  Val Loss: 0.661 | Val Acc: 79.93  |  Test Loss: 0.369 | Tes Acc: 89.78
INFO >> Epoch: 19  |  Layer:  3  |  Train Loss: 0.488 | Train Acc: 83.53  |  Val Loss: 0.636 | Val Acc: 80.65  |  Test Loss: 0.346 | Tes Acc: 88.98
INFO >> Epoch: 19  |  Layer:  4  |  Train Loss: 0.398 | Train Acc: 87.00  |  Val Loss: 0.609 | Val Acc: 81.54  |  Test Loss: 0.326 | Tes Acc: 89.52
INFO >> Epoch: 19  |  Layer:  5  |  Train Loss: 0.373 | Train Acc: 87.92  |  Val Loss: 0.588 | Val Acc: 81.90  |  Test Loss: 0.321 | Tes Acc: 91.13
INFO >> Epoch: 19  |  Layer:  6  |  Train Loss: 0.352 | Train Acc: 88.70  |  Val Loss: 0.608 | Val Acc: 81.18  |  Test Loss: 0.334 | Tes Acc: 91.13
INFO >> Epoch: 19  |  Layer:  7  |  Train Loss: 0.357 | Train Acc: 87.63  |  Val Loss: 0.591 | Val Acc: 80.82  |  Test Loss: 0.324 | Tes Acc: 90.32
INFO >> Epoch: 19  |  Layer:  8  |  Train Loss: 0.338 | Train Acc: 88.21  |  Val Loss: 0.644 | Val Acc: 79.39  |  Test Loss: 0.326 | Tes Acc: 89.52
INFO >> Epoch: 19  |  Layer:  9  |  Train Loss: 0.355 | Train Acc: 87.58  |  Val Loss: 0.698 | Val Acc: 78.85  |  Test Loss: 0.315 | Tes Acc: 88.98
INFO >> Epoch: 19  |  Layer: 10  |  Train Loss: 0.361 | Train Acc: 87.29  |  Val Loss: 0.769 | Val Acc: 74.19  |  Test Loss: 0.359 | Tes Acc: 87.63
INFO >> Epoch: 19  |  Layer: 11  |  Train Loss: 0.386 | Train Acc: 86.28  |  Val Loss: 0.737 | Val Acc: 74.01  |  Test Loss: 0.362 | Tes Acc: 87.10
INFO >> Epoch: 19  |  Layer: 12  |  Train Loss: 0.414 | Train Acc: 85.31  |  Val Loss: 0.640 | Val Acc: 78.14  |  Test Loss: 0.335 | Tes Acc: 87.90
INFO >> Epoch: 19  |  Layer: 13  |  Train Loss: 0.484 | Train Acc: 83.38  |  Val Loss: 0.606 | Val Acc: 79.21  |  Test Loss: 0.344 | Tes Acc: 88.71

INFO >> Epoch: 20  |  Layer:  1  |  Train Loss: 0.792 | Train Acc: 73.24  |  Val Loss: 0.776 | Val Acc: 74.37  |  Test Loss: 0.456 | Tes Acc: 86.02
INFO >> Epoch: 20  |  Layer:  2  |  Train Loss: 0.512 | Train Acc: 83.72  |  Val Loss: 0.666 | Val Acc: 80.11  |  Test Loss: 0.365 | Tes Acc: 90.05
INFO >> Epoch: 20  |  Layer:  3  |  Train Loss: 0.480 | Train Acc: 84.25  |  Val Loss: 0.644 | Val Acc: 79.21  |  Test Loss: 0.350 | Tes Acc: 89.52
INFO >> Epoch: 20  |  Layer:  4  |  Train Loss: 0.403 | Train Acc: 86.23  |  Val Loss: 0.631 | Val Acc: 81.00  |  Test Loss: 0.343 | Tes Acc: 89.52
INFO >> Epoch: 20  |  Layer:  5  |  Train Loss: 0.359 | Train Acc: 87.97  |  Val Loss: 0.633 | Val Acc: 79.93  |  Test Loss: 0.363 | Tes Acc: 89.25
INFO >> Epoch: 20  |  Layer:  6  |  Train Loss: 0.335 | Train Acc: 89.18  |  Val Loss: 0.616 | Val Acc: 80.82  |  Test Loss: 0.358 | Tes Acc: 89.78
INFO >> Epoch: 20  |  Layer:  7  |  Train Loss: 0.341 | Train Acc: 89.18  |  Val Loss: 0.608 | Val Acc: 81.18  |  Test Loss: 0.358 | Tes Acc: 88.98
INFO >> Epoch: 20  |  Layer:  8  |  Train Loss: 0.341 | Train Acc: 88.99  |  Val Loss: 0.641 | Val Acc: 81.00  |  Test Loss: 0.343 | Tes Acc: 89.78
INFO >> Epoch: 20  |  Layer:  9  |  Train Loss: 0.322 | Train Acc: 89.13  |  Val Loss: 0.697 | Val Acc: 78.85  |  Test Loss: 0.351 | Tes Acc: 87.63
INFO >> Epoch: 20  |  Layer: 10  |  Train Loss: 0.354 | Train Acc: 87.87  |  Val Loss: 0.695 | Val Acc: 77.78  |  Test Loss: 0.369 | Tes Acc: 88.17
INFO >> Epoch: 20  |  Layer: 11  |  Train Loss: 0.369 | Train Acc: 86.91  |  Val Loss: 0.716 | Val Acc: 78.85  |  Test Loss: 0.401 | Tes Acc: 88.17
INFO >> Epoch: 20  |  Layer: 12  |  Train Loss: 0.403 | Train Acc: 86.04  |  Val Loss: 0.663 | Val Acc: 78.67  |  Test Loss: 0.396 | Tes Acc: 87.63
INFO >> Epoch: 20  |  Layer: 13  |  Train Loss: 0.461 | Train Acc: 84.30  |  Val Loss: 0.618 | Val Acc: 79.39  |  Test Loss: 0.355 | Tes Acc: 87.37

INFO >> Epoch: 21  |  Layer:  1  |  Train Loss: 0.776 | Train Acc: 73.48  |  Val Loss: 0.790 | Val Acc: 70.43  |  Test Loss: 0.533 | Tes Acc: 84.14
INFO >> Epoch: 21  |  Layer:  2  |  Train Loss: 0.508 | Train Acc: 83.04  |  Val Loss: 0.708 | Val Acc: 77.24  |  Test Loss: 0.419 | Tes Acc: 88.44
INFO >> Epoch: 21  |  Layer:  3  |  Train Loss: 0.478 | Train Acc: 84.54  |  Val Loss: 0.681 | Val Acc: 77.60  |  Test Loss: 0.374 | Tes Acc: 88.44
INFO >> Epoch: 21  |  Layer:  4  |  Train Loss: 0.400 | Train Acc: 85.99  |  Val Loss: 0.702 | Val Acc: 77.06  |  Test Loss: 0.415 | Tes Acc: 86.02
INFO >> Epoch: 21  |  Layer:  5  |  Train Loss: 0.360 | Train Acc: 88.16  |  Val Loss: 0.621 | Val Acc: 80.82  |  Test Loss: 0.348 | Tes Acc: 89.52
INFO >> Epoch: 21  |  Layer:  6  |  Train Loss: 0.331 | Train Acc: 89.37  |  Val Loss: 0.637 | Val Acc: 80.47  |  Test Loss: 0.352 | Tes Acc: 90.59
INFO >> Epoch: 21  |  Layer:  7  |  Train Loss: 0.323 | Train Acc: 89.13  |  Val Loss: 0.604 | Val Acc: 80.11  |  Test Loss: 0.354 | Tes Acc: 89.52
INFO >> Epoch: 21  |  Layer:  8  |  Train Loss: 0.314 | Train Acc: 89.52  |  Val Loss: 0.629 | Val Acc: 79.93  |  Test Loss: 0.355 | Tes Acc: 88.44
INFO >> Epoch: 21  |  Layer:  9  |  Train Loss: 0.315 | Train Acc: 89.03  |  Val Loss: 0.709 | Val Acc: 76.52  |  Test Loss: 0.345 | Tes Acc: 88.98
INFO >> Epoch: 21  |  Layer: 10  |  Train Loss: 0.329 | Train Acc: 88.94  |  Val Loss: 0.700 | Val Acc: 76.88  |  Test Loss: 0.350 | Tes Acc: 87.37
INFO >> Epoch: 21  |  Layer: 11  |  Train Loss: 0.354 | Train Acc: 87.87  |  Val Loss: 0.710 | Val Acc: 77.42  |  Test Loss: 0.347 | Tes Acc: 87.10
INFO >> Epoch: 21  |  Layer: 12  |  Train Loss: 0.381 | Train Acc: 87.05  |  Val Loss: 0.665 | Val Acc: 77.24  |  Test Loss: 0.378 | Tes Acc: 87.63
INFO >> Epoch: 21  |  Layer: 13  |  Train Loss: 0.465 | Train Acc: 84.69  |  Val Loss: 0.622 | Val Acc: 78.32  |  Test Loss: 0.358 | Tes Acc: 88.44

INFO >> Epoch: 22  |  Layer:  1  |  Train Loss: 0.747 | Train Acc: 75.56  |  Val Loss: 0.771 | Val Acc: 74.19  |  Test Loss: 0.474 | Tes Acc: 87.63
INFO >> Epoch: 22  |  Layer:  2  |  Train Loss: 0.479 | Train Acc: 83.91  |  Val Loss: 0.658 | Val Acc: 79.57  |  Test Loss: 0.367 | Tes Acc: 90.05
INFO >> Epoch: 22  |  Layer:  3  |  Train Loss: 0.444 | Train Acc: 85.36  |  Val Loss: 0.646 | Val Acc: 79.21  |  Test Loss: 0.337 | Tes Acc: 89.52
INFO >> Epoch: 22  |  Layer:  4  |  Train Loss: 0.384 | Train Acc: 87.10  |  Val Loss: 0.653 | Val Acc: 79.57  |  Test Loss: 0.367 | Tes Acc: 88.17
INFO >> Epoch: 22  |  Layer:  5  |  Train Loss: 0.336 | Train Acc: 89.08  |  Val Loss: 0.637 | Val Acc: 79.39  |  Test Loss: 0.370 | Tes Acc: 90.86
INFO >> Epoch: 22  |  Layer:  6  |  Train Loss: 0.313 | Train Acc: 89.57  |  Val Loss: 0.612 | Val Acc: 81.54  |  Test Loss: 0.342 | Tes Acc: 91.13
INFO >> Epoch: 22  |  Layer:  7  |  Train Loss: 0.307 | Train Acc: 90.43  |  Val Loss: 0.585 | Val Acc: 80.65  |  Test Loss: 0.342 | Tes Acc: 89.78
INFO >> Epoch: 22  |  Layer:  8  |  Train Loss: 0.298 | Train Acc: 90.14  |  Val Loss: 0.632 | Val Acc: 80.65  |  Test Loss: 0.370 | Tes Acc: 87.90
INFO >> Epoch: 22  |  Layer:  9  |  Train Loss: 0.304 | Train Acc: 89.66  |  Val Loss: 0.691 | Val Acc: 79.57  |  Test Loss: 0.339 | Tes Acc: 88.17
INFO >> Epoch: 22  |  Layer: 10  |  Train Loss: 0.303 | Train Acc: 90.05  |  Val Loss: 0.688 | Val Acc: 78.14  |  Test Loss: 0.347 | Tes Acc: 88.71
INFO >> Epoch: 22  |  Layer: 11  |  Train Loss: 0.334 | Train Acc: 88.99  |  Val Loss: 0.703 | Val Acc: 77.60  |  Test Loss: 0.349 | Tes Acc: 88.44
INFO >> Epoch: 22  |  Layer: 12  |  Train Loss: 0.344 | Train Acc: 88.65  |  Val Loss: 0.624 | Val Acc: 78.67  |  Test Loss: 0.350 | Tes Acc: 88.98
INFO >> Epoch: 22  |  Layer: 13  |  Train Loss: 0.427 | Train Acc: 86.43  |  Val Loss: 0.614 | Val Acc: 78.67  |  Test Loss: 0.339 | Tes Acc: 88.98

INFO >> Epoch: 23  |  Layer:  1  |  Train Loss: 0.747 | Train Acc: 75.12  |  Val Loss: 0.841 | Val Acc: 73.12  |  Test Loss: 0.509 | Tes Acc: 82.26
INFO >> Epoch: 23  |  Layer:  2  |  Train Loss: 0.484 | Train Acc: 83.62  |  Val Loss: 0.670 | Val Acc: 80.29  |  Test Loss: 0.383 | Tes Acc: 90.32
INFO >> Epoch: 23  |  Layer:  3  |  Train Loss: 0.438 | Train Acc: 85.85  |  Val Loss: 0.661 | Val Acc: 79.03  |  Test Loss: 0.365 | Tes Acc: 88.44
INFO >> Epoch: 23  |  Layer:  4  |  Train Loss: 0.371 | Train Acc: 87.83  |  Val Loss: 0.674 | Val Acc: 78.67  |  Test Loss: 0.353 | Tes Acc: 88.44
INFO >> Epoch: 23  |  Layer:  5  |  Train Loss: 0.333 | Train Acc: 89.13  |  Val Loss: 0.642 | Val Acc: 79.93  |  Test Loss: 0.365 | Tes Acc: 88.44
INFO >> Epoch: 23  |  Layer:  6  |  Train Loss: 0.299 | Train Acc: 90.72  |  Val Loss: 0.644 | Val Acc: 81.18  |  Test Loss: 0.393 | Tes Acc: 88.17
INFO >> Epoch: 23  |  Layer:  7  |  Train Loss: 0.297 | Train Acc: 91.01  |  Val Loss: 0.627 | Val Acc: 80.29  |  Test Loss: 0.388 | Tes Acc: 88.98
INFO >> Epoch: 23  |  Layer:  8  |  Train Loss: 0.299 | Train Acc: 90.34  |  Val Loss: 0.664 | Val Acc: 78.85  |  Test Loss: 0.388 | Tes Acc: 87.37
INFO >> Epoch: 23  |  Layer:  9  |  Train Loss: 0.296 | Train Acc: 90.77  |  Val Loss: 0.691 | Val Acc: 78.32  |  Test Loss: 0.355 | Tes Acc: 87.90
INFO >> Epoch: 23  |  Layer: 10  |  Train Loss: 0.308 | Train Acc: 89.95  |  Val Loss: 0.752 | Val Acc: 74.91  |  Test Loss: 0.421 | Tes Acc: 85.48
INFO >> Epoch: 23  |  Layer: 11  |  Train Loss: 0.332 | Train Acc: 89.66  |  Val Loss: 0.786 | Val Acc: 74.91  |  Test Loss: 0.409 | Tes Acc: 87.37
INFO >> Epoch: 23  |  Layer: 12  |  Train Loss: 0.364 | Train Acc: 88.74  |  Val Loss: 0.764 | Val Acc: 75.99  |  Test Loss: 0.429 | Tes Acc: 87.10
INFO >> Epoch: 23  |  Layer: 13  |  Train Loss: 0.443 | Train Acc: 85.60  |  Val Loss: 0.717 | Val Acc: 76.34  |  Test Loss: 0.401 | Tes Acc: 87.37

INFO >> Epoch: 24  |  Layer:  1  |  Train Loss: 0.728 | Train Acc: 74.69  |  Val Loss: 0.728 | Val Acc: 75.81  |  Test Loss: 0.432 | Tes Acc: 86.29
INFO >> Epoch: 24  |  Layer:  2  |  Train Loss: 0.462 | Train Acc: 84.15  |  Val Loss: 0.697 | Val Acc: 79.03  |  Test Loss: 0.358 | Tes Acc: 89.78
INFO >> Epoch: 24  |  Layer:  3  |  Train Loss: 0.425 | Train Acc: 85.75  |  Val Loss: 0.666 | Val Acc: 79.75  |  Test Loss: 0.326 | Tes Acc: 90.59
INFO >> Epoch: 24  |  Layer:  4  |  Train Loss: 0.360 | Train Acc: 87.63  |  Val Loss: 0.700 | Val Acc: 80.29  |  Test Loss: 0.332 | Tes Acc: 90.86
INFO >> Epoch: 24  |  Layer:  5  |  Train Loss: 0.324 | Train Acc: 89.42  |  Val Loss: 0.689 | Val Acc: 80.65  |  Test Loss: 0.328 | Tes Acc: 91.94
INFO >> Epoch: 24  |  Layer:  6  |  Train Loss: 0.298 | Train Acc: 90.34  |  Val Loss: 0.668 | Val Acc: 81.00  |  Test Loss: 0.340 | Tes Acc: 90.32
INFO >> Epoch: 24  |  Layer:  7  |  Train Loss: 0.292 | Train Acc: 90.53  |  Val Loss: 0.672 | Val Acc: 80.47  |  Test Loss: 0.322 | Tes Acc: 91.40
INFO >> Epoch: 24  |  Layer:  8  |  Train Loss: 0.281 | Train Acc: 90.77  |  Val Loss: 0.748 | Val Acc: 81.00  |  Test Loss: 0.326 | Tes Acc: 90.86
INFO >> Epoch: 24  |  Layer:  9  |  Train Loss: 0.271 | Train Acc: 91.26  |  Val Loss: 0.723 | Val Acc: 79.93  |  Test Loss: 0.317 | Tes Acc: 89.25
INFO >> Epoch: 24  |  Layer: 10  |  Train Loss: 0.300 | Train Acc: 89.18  |  Val Loss: 0.714 | Val Acc: 78.14  |  Test Loss: 0.322 | Tes Acc: 89.52
INFO >> Epoch: 24  |  Layer: 11  |  Train Loss: 0.323 | Train Acc: 89.03  |  Val Loss: 0.714 | Val Acc: 77.42  |  Test Loss: 0.308 | Tes Acc: 89.52
INFO >> Epoch: 24  |  Layer: 12  |  Train Loss: 0.346 | Train Acc: 88.36  |  Val Loss: 0.703 | Val Acc: 77.78  |  Test Loss: 0.336 | Tes Acc: 89.78
INFO >> Epoch: 24  |  Layer: 13  |  Train Loss: 0.426 | Train Acc: 85.89  |  Val Loss: 0.656 | Val Acc: 78.67  |  Test Loss: 0.321 | Tes Acc: 91.40

INFO >> Epoch: 25  |  Layer:  1  |  Train Loss: 0.695 | Train Acc: 76.04  |  Val Loss: 0.743 | Val Acc: 75.45  |  Test Loss: 0.477 | Tes Acc: 85.48
INFO >> Epoch: 25  |  Layer:  2  |  Train Loss: 0.421 | Train Acc: 86.18  |  Val Loss: 0.683 | Val Acc: 80.11  |  Test Loss: 0.409 | Tes Acc: 87.37
INFO >> Epoch: 25  |  Layer:  3  |  Train Loss: 0.383 | Train Acc: 87.58  |  Val Loss: 0.660 | Val Acc: 80.82  |  Test Loss: 0.378 | Tes Acc: 88.44
INFO >> Epoch: 25  |  Layer:  4  |  Train Loss: 0.313 | Train Acc: 89.71  |  Val Loss: 0.691 | Val Acc: 79.21  |  Test Loss: 0.401 | Tes Acc: 87.90
INFO >> Epoch: 25  |  Layer:  5  |  Train Loss: 0.279 | Train Acc: 90.77  |  Val Loss: 0.662 | Val Acc: 80.29  |  Test Loss: 0.355 | Tes Acc: 90.86
INFO >> Epoch: 25  |  Layer:  6  |  Train Loss: 0.250 | Train Acc: 92.27  |  Val Loss: 0.669 | Val Acc: 81.90  |  Test Loss: 0.396 | Tes Acc: 88.17
INFO >> Epoch: 25  |  Layer:  7  |  Train Loss: 0.251 | Train Acc: 92.22  |  Val Loss: 0.621 | Val Acc: 80.65  |  Test Loss: 0.370 | Tes Acc: 88.17
INFO >> Epoch: 25  |  Layer:  8  |  Train Loss: 0.239 | Train Acc: 92.46  |  Val Loss: 0.670 | Val Acc: 80.47  |  Test Loss: 0.408 | Tes Acc: 86.83
INFO >> Epoch: 25  |  Layer:  9  |  Train Loss: 0.237 | Train Acc: 92.71  |  Val Loss: 0.704 | Val Acc: 78.49  |  Test Loss: 0.333 | Tes Acc: 88.71
INFO >> Epoch: 25  |  Layer: 10  |  Train Loss: 0.240 | Train Acc: 92.80  |  Val Loss: 0.700 | Val Acc: 77.42  |  Test Loss: 0.386 | Tes Acc: 87.63
INFO >> Epoch: 25  |  Layer: 11  |  Train Loss: 0.269 | Train Acc: 91.40  |  Val Loss: 0.707 | Val Acc: 77.42  |  Test Loss: 0.377 | Tes Acc: 87.37
INFO >> Epoch: 25  |  Layer: 12  |  Train Loss: 0.307 | Train Acc: 89.90  |  Val Loss: 0.665 | Val Acc: 77.96  |  Test Loss: 0.403 | Tes Acc: 87.10
INFO >> Epoch: 25  |  Layer: 13  |  Train Loss: 0.378 | Train Acc: 87.29  |  Val Loss: 0.625 | Val Acc: 76.70  |  Test Loss: 0.399 | Tes Acc: 85.22

INFO >> Epoch: 26  |  Layer:  1  |  Train Loss: 0.692 | Train Acc: 76.76  |  Val Loss: 0.759 | Val Acc: 75.99  |  Test Loss: 0.412 | Tes Acc: 85.75
INFO >> Epoch: 26  |  Layer:  2  |  Train Loss: 0.423 | Train Acc: 85.41  |  Val Loss: 0.663 | Val Acc: 80.47  |  Test Loss: 0.344 | Tes Acc: 91.67
INFO >> Epoch: 26  |  Layer:  3  |  Train Loss: 0.388 | Train Acc: 87.39  |  Val Loss: 0.676 | Val Acc: 79.93  |  Test Loss: 0.358 | Tes Acc: 89.25
INFO >> Epoch: 26  |  Layer:  4  |  Train Loss: 0.335 | Train Acc: 88.45  |  Val Loss: 0.698 | Val Acc: 77.78  |  Test Loss: 0.345 | Tes Acc: 90.05
INFO >> Epoch: 26  |  Layer:  5  |  Train Loss: 0.285 | Train Acc: 90.58  |  Val Loss: 0.666 | Val Acc: 79.57  |  Test Loss: 0.351 | Tes Acc: 90.59
INFO >> Epoch: 26  |  Layer:  6  |  Train Loss: 0.259 | Train Acc: 91.69  |  Val Loss: 0.657 | Val Acc: 81.54  |  Test Loss: 0.378 | Tes Acc: 89.52
INFO >> Epoch: 26  |  Layer:  7  |  Train Loss: 0.261 | Train Acc: 91.79  |  Val Loss: 0.610 | Val Acc: 80.29  |  Test Loss: 0.369 | Tes Acc: 89.25
INFO >> Epoch: 26  |  Layer:  8  |  Train Loss: 0.259 | Train Acc: 91.11  |  Val Loss: 0.657 | Val Acc: 80.82  |  Test Loss: 0.377 | Tes Acc: 88.71
INFO >> Epoch: 26  |  Layer:  9  |  Train Loss: 0.250 | Train Acc: 91.45  |  Val Loss: 0.717 | Val Acc: 78.67  |  Test Loss: 0.342 | Tes Acc: 88.17
INFO >> Epoch: 26  |  Layer: 10  |  Train Loss: 0.258 | Train Acc: 91.50  |  Val Loss: 0.724 | Val Acc: 77.60  |  Test Loss: 0.360 | Tes Acc: 88.98
INFO >> Epoch: 26  |  Layer: 11  |  Train Loss: 0.320 | Train Acc: 89.23  |  Val Loss: 0.717 | Val Acc: 78.32  |  Test Loss: 0.363 | Tes Acc: 88.98
INFO >> Epoch: 26  |  Layer: 12  |  Train Loss: 0.323 | Train Acc: 89.47  |  Val Loss: 0.701 | Val Acc: 75.99  |  Test Loss: 0.387 | Tes Acc: 88.17
INFO >> Epoch: 26  |  Layer: 13  |  Train Loss: 0.422 | Train Acc: 85.17  |  Val Loss: 0.711 | Val Acc: 75.09  |  Test Loss: 0.404 | Tes Acc: 87.37

INFO >> Epoch: 27  |  Layer:  1  |  Train Loss: 0.700 | Train Acc: 75.85  |  Val Loss: 0.769 | Val Acc: 73.66  |  Test Loss: 0.422 | Tes Acc: 85.75
INFO >> Epoch: 27  |  Layer:  2  |  Train Loss: 0.412 | Train Acc: 86.76  |  Val Loss: 0.705 | Val Acc: 79.39  |  Test Loss: 0.357 | Tes Acc: 91.13
INFO >> Epoch: 27  |  Layer:  3  |  Train Loss: 0.377 | Train Acc: 87.44  |  Val Loss: 0.696 | Val Acc: 80.11  |  Test Loss: 0.337 | Tes Acc: 90.05
INFO >> Epoch: 27  |  Layer:  4  |  Train Loss: 0.324 | Train Acc: 88.74  |  Val Loss: 0.708 | Val Acc: 79.75  |  Test Loss: 0.332 | Tes Acc: 90.32
INFO >> Epoch: 27  |  Layer:  5  |  Train Loss: 0.279 | Train Acc: 90.82  |  Val Loss: 0.723 | Val Acc: 80.29  |  Test Loss: 0.364 | Tes Acc: 90.59
INFO >> Epoch: 27  |  Layer:  6  |  Train Loss: 0.249 | Train Acc: 92.13  |  Val Loss: 0.703 | Val Acc: 80.29  |  Test Loss: 0.377 | Tes Acc: 90.32
INFO >> Epoch: 27  |  Layer:  7  |  Train Loss: 0.242 | Train Acc: 92.46  |  Val Loss: 0.631 | Val Acc: 81.90  |  Test Loss: 0.366 | Tes Acc: 89.25
INFO >> Epoch: 27  |  Layer:  8  |  Train Loss: 0.238 | Train Acc: 92.46  |  Val Loss: 0.708 | Val Acc: 82.08  |  Test Loss: 0.359 | Tes Acc: 90.05
INFO >> Epoch: 27  |  Layer:  9  |  Train Loss: 0.230 | Train Acc: 92.85  |  Val Loss: 0.775 | Val Acc: 78.85  |  Test Loss: 0.349 | Tes Acc: 89.25
INFO >> Epoch: 27  |  Layer: 10  |  Train Loss: 0.238 | Train Acc: 91.98  |  Val Loss: 0.785 | Val Acc: 77.24  |  Test Loss: 0.406 | Tes Acc: 88.17
INFO >> Epoch: 27  |  Layer: 11  |  Train Loss: 0.269 | Train Acc: 91.11  |  Val Loss: 0.771 | Val Acc: 78.67  |  Test Loss: 0.369 | Tes Acc: 88.44
INFO >> Epoch: 27  |  Layer: 12  |  Train Loss: 0.304 | Train Acc: 89.42  |  Val Loss: 0.700 | Val Acc: 77.96  |  Test Loss: 0.382 | Tes Acc: 88.98
INFO >> Epoch: 27  |  Layer: 13  |  Train Loss: 0.384 | Train Acc: 87.05  |  Val Loss: 0.683 | Val Acc: 78.67  |  Test Loss: 0.381 | Tes Acc: 87.63

INFO >> Epoch: 28  |  Layer:  1  |  Train Loss: 0.679 | Train Acc: 75.99  |  Val Loss: 0.721 | Val Acc: 77.60  |  Test Loss: 0.465 | Tes Acc: 86.83
INFO >> Epoch: 28  |  Layer:  2  |  Train Loss: 0.416 | Train Acc: 86.33  |  Val Loss: 0.690 | Val Acc: 78.49  |  Test Loss: 0.427 | Tes Acc: 87.63
INFO >> Epoch: 28  |  Layer:  3  |  Train Loss: 0.368 | Train Acc: 87.97  |  Val Loss: 0.684 | Val Acc: 79.21  |  Test Loss: 0.388 | Tes Acc: 87.63
INFO >> Epoch: 28  |  Layer:  4  |  Train Loss: 0.303 | Train Acc: 90.00  |  Val Loss: 0.702 | Val Acc: 78.85  |  Test Loss: 0.414 | Tes Acc: 86.56
INFO >> Epoch: 28  |  Layer:  5  |  Train Loss: 0.275 | Train Acc: 91.21  |  Val Loss: 0.667 | Val Acc: 79.21  |  Test Loss: 0.420 | Tes Acc: 86.56
INFO >> Epoch: 28  |  Layer:  6  |  Train Loss: 0.245 | Train Acc: 92.46  |  Val Loss: 0.737 | Val Acc: 78.14  |  Test Loss: 0.473 | Tes Acc: 85.22
INFO >> Epoch: 28  |  Layer:  7  |  Train Loss: 0.237 | Train Acc: 93.04  |  Val Loss: 0.689 | Val Acc: 78.14  |  Test Loss: 0.470 | Tes Acc: 84.95
INFO >> Epoch: 28  |  Layer:  8  |  Train Loss: 0.226 | Train Acc: 92.56  |  Val Loss: 0.698 | Val Acc: 78.85  |  Test Loss: 0.469 | Tes Acc: 85.22
INFO >> Epoch: 28  |  Layer:  9  |  Train Loss: 0.222 | Train Acc: 92.46  |  Val Loss: 0.759 | Val Acc: 77.42  |  Test Loss: 0.405 | Tes Acc: 86.02
INFO >> Epoch: 28  |  Layer: 10  |  Train Loss: 0.232 | Train Acc: 92.03  |  Val Loss: 0.769 | Val Acc: 74.19  |  Test Loss: 0.465 | Tes Acc: 85.22
INFO >> Epoch: 28  |  Layer: 11  |  Train Loss: 0.261 | Train Acc: 91.59  |  Val Loss: 0.742 | Val Acc: 75.45  |  Test Loss: 0.425 | Tes Acc: 84.68
INFO >> Epoch: 28  |  Layer: 12  |  Train Loss: 0.291 | Train Acc: 90.24  |  Val Loss: 0.713 | Val Acc: 77.60  |  Test Loss: 0.460 | Tes Acc: 86.02
INFO >> Epoch: 28  |  Layer: 13  |  Train Loss: 0.379 | Train Acc: 86.38  |  Val Loss: 0.686 | Val Acc: 75.27  |  Test Loss: 0.471 | Tes Acc: 83.87

INFO >> Epoch: 29  |  Layer:  1  |  Train Loss: 0.679 | Train Acc: 76.76  |  Val Loss: 0.783 | Val Acc: 74.19  |  Test Loss: 0.496 | Tes Acc: 83.60
INFO >> Epoch: 29  |  Layer:  2  |  Train Loss: 0.393 | Train Acc: 86.47  |  Val Loss: 0.673 | Val Acc: 80.11  |  Test Loss: 0.389 | Tes Acc: 89.25
INFO >> Epoch: 29  |  Layer:  3  |  Train Loss: 0.349 | Train Acc: 88.45  |  Val Loss: 0.666 | Val Acc: 80.29  |  Test Loss: 0.341 | Tes Acc: 89.25
INFO >> Epoch: 29  |  Layer:  4  |  Train Loss: 0.295 | Train Acc: 90.29  |  Val Loss: 0.687 | Val Acc: 81.72  |  Test Loss: 0.353 | Tes Acc: 89.52
INFO >> Epoch: 29  |  Layer:  5  |  Train Loss: 0.262 | Train Acc: 91.79  |  Val Loss: 0.679 | Val Acc: 80.82  |  Test Loss: 0.371 | Tes Acc: 89.25
INFO >> Epoch: 29  |  Layer:  6  |  Train Loss: 0.241 | Train Acc: 92.22  |  Val Loss: 0.660 | Val Acc: 81.36  |  Test Loss: 0.400 | Tes Acc: 88.71
INFO >> Epoch: 29  |  Layer:  7  |  Train Loss: 0.219 | Train Acc: 93.09  |  Val Loss: 0.626 | Val Acc: 82.44  |  Test Loss: 0.405 | Tes Acc: 88.17
INFO >> Epoch: 29  |  Layer:  8  |  Train Loss: 0.220 | Train Acc: 93.43  |  Val Loss: 0.691 | Val Acc: 80.11  |  Test Loss: 0.402 | Tes Acc: 88.44
INFO >> Epoch: 29  |  Layer:  9  |  Train Loss: 0.207 | Train Acc: 93.53  |  Val Loss: 0.785 | Val Acc: 78.32  |  Test Loss: 0.383 | Tes Acc: 86.29
INFO >> Epoch: 29  |  Layer: 10  |  Train Loss: 0.212 | Train Acc: 93.72  |  Val Loss: 0.772 | Val Acc: 76.16  |  Test Loss: 0.439 | Tes Acc: 86.29
INFO >> Epoch: 29  |  Layer: 11  |  Train Loss: 0.244 | Train Acc: 92.22  |  Val Loss: 0.752 | Val Acc: 76.52  |  Test Loss: 0.397 | Tes Acc: 86.02
INFO >> Epoch: 29  |  Layer: 12  |  Train Loss: 0.280 | Train Acc: 90.72  |  Val Loss: 0.674 | Val Acc: 78.49  |  Test Loss: 0.383 | Tes Acc: 88.98
INFO >> Epoch: 29  |  Layer: 13  |  Train Loss: 0.358 | Train Acc: 88.50  |  Val Loss: 0.634 | Val Acc: 77.96  |  Test Loss: 0.393 | Tes Acc: 88.17

INFO >> Epoch: 30  |  Layer:  1  |  Train Loss: 0.653 | Train Acc: 77.78  |  Val Loss: 0.743 | Val Acc: 73.30  |  Test Loss: 0.433 | Tes Acc: 87.37
INFO >> Epoch: 30  |  Layer:  2  |  Train Loss: 0.394 | Train Acc: 86.71  |  Val Loss: 0.719 | Val Acc: 77.96  |  Test Loss: 0.376 | Tes Acc: 89.25
INFO >> Epoch: 30  |  Layer:  3  |  Train Loss: 0.345 | Train Acc: 89.32  |  Val Loss: 0.681 | Val Acc: 78.49  |  Test Loss: 0.340 | Tes Acc: 90.32
INFO >> Epoch: 30  |  Layer:  4  |  Train Loss: 0.293 | Train Acc: 90.58  |  Val Loss: 0.683 | Val Acc: 80.47  |  Test Loss: 0.360 | Tes Acc: 89.52
INFO >> Epoch: 30  |  Layer:  5  |  Train Loss: 0.253 | Train Acc: 91.84  |  Val Loss: 0.660 | Val Acc: 80.11  |  Test Loss: 0.388 | Tes Acc: 88.44
INFO >> Epoch: 30  |  Layer:  6  |  Train Loss: 0.232 | Train Acc: 92.42  |  Val Loss: 0.667 | Val Acc: 79.39  |  Test Loss: 0.412 | Tes Acc: 87.10
INFO >> Epoch: 30  |  Layer:  7  |  Train Loss: 0.209 | Train Acc: 93.57  |  Val Loss: 0.651 | Val Acc: 79.39  |  Test Loss: 0.396 | Tes Acc: 89.25
INFO >> Epoch: 30  |  Layer:  8  |  Train Loss: 0.219 | Train Acc: 92.66  |  Val Loss: 0.672 | Val Acc: 79.93  |  Test Loss: 0.458 | Tes Acc: 85.22
INFO >> Epoch: 30  |  Layer:  9  |  Train Loss: 0.205 | Train Acc: 93.09  |  Val Loss: 0.738 | Val Acc: 78.32  |  Test Loss: 0.365 | Tes Acc: 87.63
INFO >> Epoch: 30  |  Layer: 10  |  Train Loss: 0.210 | Train Acc: 92.61  |  Val Loss: 0.794 | Val Acc: 75.99  |  Test Loss: 0.440 | Tes Acc: 84.68
INFO >> Epoch: 30  |  Layer: 11  |  Train Loss: 0.243 | Train Acc: 91.88  |  Val Loss: 0.793 | Val Acc: 75.09  |  Test Loss: 0.372 | Tes Acc: 88.44
INFO >> Epoch: 30  |  Layer: 12  |  Train Loss: 0.262 | Train Acc: 91.69  |  Val Loss: 0.681 | Val Acc: 78.14  |  Test Loss: 0.401 | Tes Acc: 88.17
INFO >> Epoch: 30  |  Layer: 13  |  Train Loss: 0.342 | Train Acc: 87.78  |  Val Loss: 0.676 | Val Acc: 77.42  |  Test Loss: 0.400 | Tes Acc: 87.37



INFO >> Time Taken: 53:48

INFO >> Layer: 1  |  Best Val Acc: 77.60  |  Best Test Acc: 86.83
INFO >> Layer: 2  |  Best Val Acc: 80.47  |  Best Test Acc: 91.67
INFO >> Layer: 3  |  Best Val Acc: 80.82  |  Best Test Acc: 88.44
INFO >> Layer: 4  |  Best Val Acc: 81.72  |  Best Test Acc: 89.52
INFO >> Layer: 5  |  Best Val Acc: 81.90  |  Best Test Acc: 91.13
INFO >> Layer: 6  |  Best Val Acc: 81.90  |  Best Test Acc: 88.17
INFO >> Layer: 7  |  Best Val Acc: 82.44  |  Best Test Acc: 88.17
INFO >> Layer: 8  |  Best Val Acc: 82.08  |  Best Test Acc: 90.05
INFO >> Layer: 9  |  Best Val Acc: 79.93  |  Best Test Acc: 89.25
INFO >> Layer: 10  |  Best Val Acc: 78.67  |  Best Test Acc: 88.44
INFO >> Layer: 11  |  Best Val Acc: 78.85  |  Best Test Acc: 88.17
INFO >> Layer: 12  |  Best Val Acc: 78.67  |  Best Test Acc: 87.63
INFO >> Layer: 13  |  Best Val Acc: 79.39  |  Best Test Acc: 87.37

DEBUG >> Last state saved

INFO >> History saved (./history/v1.4/ShEMO/HUBERT_BASE_PROBING_DENSE/Run1/history.pt)
