
--------------------------------------------------
Multilingual SER System v1.5
--------------------------------------------------
Run Name      : Run1
Fx Model      : HUBERT_ASR_LARGE
Clf Model     : DENSE
Extract Mode  : gpu_memory
Dataset       : RAVDESS
Device        : gpu
Epochs        : 30
Num Workers   : 3
Data Dir      : ./data
History Dir   : ./history
Weights Dir   : ./weights
Log Level     : debug
Purge Cache   : False
Job Name      : Job152
Job Id        : 31168473
GPU           : Quadro RTX 8000
GPU Count     : 1
GPU Memory    : 44.49 GB

Timestamp : 2023-03-20 01:07:47.275655

INFO >> Running on CUDA


INFO >> Training Classifier

INFO >> Epoch: 1  |  Train Loss: 2.364 | Train Acc: 17.86  |  Val Loss: 1.979 | Val Acc: 17.33  |  Test Loss: 1.995 | Tes Acc: 19.67
DEBUG >> Best state saved | Val Acc 17.33333319425583 | Test Acc 19.66666728258133

INFO >> Epoch: 2  |  Train Loss: 1.886 | Train Acc: 28.33  |  Val Loss: 1.880 | Val Acc: 27.67  |  Test Loss: 1.927 | Tes Acc: 28.67
DEBUG >> Best state saved | Val Acc 27.666667103767395 | Test Acc 28.66666615009308

INFO >> Epoch: 3  |  Train Loss: 1.575 | Train Acc: 40.00  |  Val Loss: 1.327 | Val Acc: 47.00  |  Test Loss: 1.422 | Tes Acc: 46.67
DEBUG >> Best state saved | Val Acc 46.99999988079071 | Test Acc 46.666666865348816

INFO >> Epoch: 4  |  Train Loss: 1.270 | Train Acc: 51.67  |  Val Loss: 1.309 | Val Acc: 51.00  |  Test Loss: 1.460 | Tes Acc: 45.67
DEBUG >> Best state saved | Val Acc 50.999999046325684 | Test Acc 45.66666781902313

INFO >> Epoch: 5  |  Train Loss: 1.001 | Train Acc: 62.86  |  Val Loss: 0.997 | Val Acc: 65.00  |  Test Loss: 1.429 | Tes Acc: 48.67
DEBUG >> Best state saved | Val Acc 64.99999761581421 | Test Acc 48.66666793823242

INFO >> Epoch: 6  |  Train Loss: 0.841 | Train Acc: 68.69  |  Val Loss: 0.881 | Val Acc: 70.00  |  Test Loss: 1.323 | Tes Acc: 54.00
DEBUG >> Best state saved | Val Acc 69.9999988079071 | Test Acc 54.00000214576721

INFO >> Epoch: 7  |  Train Loss: 0.714 | Train Acc: 74.64  |  Val Loss: 0.771 | Val Acc: 74.00  |  Test Loss: 1.108 | Tes Acc: 57.00
DEBUG >> Best state saved | Val Acc 74.00000095367432 | Test Acc 56.99999928474426

INFO >> Epoch: 8  |  Train Loss: 0.555 | Train Acc: 80.71  |  Val Loss: 0.725 | Val Acc: 72.67  |  Test Loss: 1.148 | Tes Acc: 60.67
INFO >> Epoch: 9  |  Train Loss: 0.476 | Train Acc: 84.05  |  Val Loss: 0.847 | Val Acc: 69.33  |  Test Loss: 1.307 | Tes Acc: 58.33
INFO >> Epoch: 10  |  Train Loss: 0.438 | Train Acc: 82.38  |  Val Loss: 0.631 | Val Acc: 74.67  |  Test Loss: 1.016 | Tes Acc: 65.67
DEBUG >> Best state saved | Val Acc 74.6666669845581 | Test Acc 65.66666960716248

INFO >> Epoch: 11  |  Train Loss: 0.385 | Train Acc: 84.88  |  Val Loss: 0.746 | Val Acc: 74.00  |  Test Loss: 1.053 | Tes Acc: 64.00
INFO >> Epoch: 12  |  Train Loss: 0.322 | Train Acc: 88.81  |  Val Loss: 0.656 | Val Acc: 77.00  |  Test Loss: 1.005 | Tes Acc: 65.33
DEBUG >> Best state saved | Val Acc 76.99999809265137 | Test Acc 65.3333306312561

INFO >> Epoch: 13  |  Train Loss: 0.222 | Train Acc: 92.50  |  Val Loss: 0.698 | Val Acc: 75.33  |  Test Loss: 1.224 | Tes Acc: 65.67
INFO >> Epoch: 14  |  Train Loss: 0.181 | Train Acc: 94.52  |  Val Loss: 0.651 | Val Acc: 78.00  |  Test Loss: 1.236 | Tes Acc: 67.33
DEBUG >> Best state saved | Val Acc 77.99999713897705 | Test Acc 67.33333468437195

INFO >> Epoch: 15  |  Train Loss: 0.131 | Train Acc: 96.79  |  Val Loss: 0.639 | Val Acc: 82.33  |  Test Loss: 1.046 | Tes Acc: 71.67
DEBUG >> Best state saved | Val Acc 82.33333230018616 | Test Acc 71.66666388511658

INFO >> Epoch: 16  |  Train Loss: 0.119 | Train Acc: 96.19  |  Val Loss: 0.896 | Val Acc: 74.00  |  Test Loss: 1.064 | Tes Acc: 72.67
INFO >> Epoch: 17  |  Train Loss: 0.107 | Train Acc: 96.55  |  Val Loss: 0.962 | Val Acc: 75.33  |  Test Loss: 1.257 | Tes Acc: 69.33
INFO >> Epoch: 18  |  Train Loss: 0.082 | Train Acc: 97.62  |  Val Loss: 0.786 | Val Acc: 79.00  |  Test Loss: 1.225 | Tes Acc: 70.00
INFO >> Epoch: 19  |  Train Loss: 0.099 | Train Acc: 96.90  |  Val Loss: 0.596 | Val Acc: 81.33  |  Test Loss: 1.577 | Tes Acc: 65.33
INFO >> Epoch: 20  |  Train Loss: 0.052 | Train Acc: 98.57  |  Val Loss: 0.740 | Val Acc: 79.67  |  Test Loss: 1.501 | Tes Acc: 65.33
INFO >> Epoch: 21  |  Train Loss: 0.070 | Train Acc: 97.98  |  Val Loss: 0.840 | Val Acc: 78.67  |  Test Loss: 1.420 | Tes Acc: 69.00
INFO >> Epoch: 22  |  Train Loss: 0.048 | Train Acc: 99.05  |  Val Loss: 1.035 | Val Acc: 73.33  |  Test Loss: 2.017 | Tes Acc: 60.67
INFO >> Epoch: 23  |  Train Loss: 0.060 | Train Acc: 98.21  |  Val Loss: 0.621 | Val Acc: 84.00  |  Test Loss: 1.264 | Tes Acc: 73.00
DEBUG >> Best state saved | Val Acc 83.99999737739563 | Test Acc 73.00000190734863

INFO >> Epoch: 24  |  Train Loss: 0.142 | Train Acc: 95.12  |  Val Loss: 0.934 | Val Acc: 76.00  |  Test Loss: 1.370 | Tes Acc: 66.00
INFO >> Epoch: 25  |  Train Loss: 0.047 | Train Acc: 98.45  |  Val Loss: 0.703 | Val Acc: 81.33  |  Test Loss: 1.573 | Tes Acc: 67.33
INFO >> Epoch: 26  |  Train Loss: 0.027 | Train Acc: 99.76  |  Val Loss: 0.837 | Val Acc: 78.67  |  Test Loss: 1.294 | Tes Acc: 72.67
INFO >> Epoch: 27  |  Train Loss: 0.033 | Train Acc: 99.29  |  Val Loss: 0.715 | Val Acc: 82.00  |  Test Loss: 1.340 | Tes Acc: 72.00
INFO >> Epoch: 28  |  Train Loss: 0.014 | Train Acc: 99.88  |  Val Loss: 0.885 | Val Acc: 79.00  |  Test Loss: 1.314 | Tes Acc: 74.67
INFO >> Epoch: 29  |  Train Loss: 0.007 | Train Acc: 100.00  |  Val Loss: 0.801 | Val Acc: 81.67  |  Test Loss: 1.514 | Tes Acc: 71.33
INFO >> Epoch: 30  |  Train Loss: 0.006 | Train Acc: 100.00  |  Val Loss: 0.841 | Val Acc: 81.67  |  Test Loss: 1.417 | Tes Acc: 72.67


INFO >> Time Taken: 14:57

INFO >> Best Val Acc : 83.99999737739563 | Best Test Acc : 73.00000190734863

INFO >> Agg. Weights : 
0.11593454331159592 -0.058315809816122055 0.24433405697345734 0.21142467856407166 0.309423565864563 0.3185648024082184 0.19641897082328796 0.29315927624702454 0.008236866444349289 0.03868110477924347 0.3345000743865967 0.2694737911224365 0.41364389657974243 0.24583856761455536 0.15585951507091522 0.2671490013599396 0.21254611015319824 0.23573295772075653 0.18221215903759003 0.18623849749565125 -0.1407669633626938 0.04823421314358711 0.1057441383600235 -0.0923907682299614

DEBUG >> Last state saved | Val Acc 81.66666626930237 | Test Acc 72.66666889190674

INFO >> History saved (./history/v1.5/RAVDESS/FX_HUBERT_ASR_LARGE_CLF_DENSE/Run1/history.pt)
