
--------------------------------------------------
Multilingual SER System v1.5
--------------------------------------------------
Run Name      : Run3
Fx Model      : HUBERT_ASR_LARGE
Clf Model     : DENSE
Extract Mode  : gpu_memory
Dataset       : EmoDB
Device        : gpu
Epochs        : 30
Num Workers   : 3
Data Dir      : ./data
History Dir   : ./history
Weights Dir   : ./weights
Log Level     : debug
Purge Cache   : False
Job Name      : Job174
Job Id        : 31168495
GPU           : NVIDIA A100-SXM4-80GB
GPU Count     : 1
GPU Memory    : 79.2 GB

Timestamp : 2023-03-20 02:30:03.742334

INFO >> Running on CUDA


INFO >> Training Classifier

INFO >> Epoch: 1  |  Train Loss: 2.411 | Train Acc: 16.86  |  Val Loss: 1.997 | Val Acc: 24.30  |  Test Loss: 1.858 | Tes Acc: 33.33
DEBUG >> Best state saved | Val Acc 24.29906576871872 | Test Acc 33.33333432674408

INFO >> Epoch: 2  |  Train Loss: 1.861 | Train Acc: 28.49  |  Val Loss: 1.772 | Val Acc: 23.36  |  Test Loss: 1.721 | Tes Acc: 34.52
INFO >> Epoch: 3  |  Train Loss: 1.718 | Train Acc: 31.69  |  Val Loss: 1.741 | Val Acc: 28.04  |  Test Loss: 1.643 | Tes Acc: 40.48
DEBUG >> Best state saved | Val Acc 28.037384152412415 | Test Acc 40.47619104385376

INFO >> Epoch: 4  |  Train Loss: 1.563 | Train Acc: 41.86  |  Val Loss: 1.490 | Val Acc: 54.21  |  Test Loss: 1.438 | Tes Acc: 54.76
DEBUG >> Best state saved | Val Acc 54.20560836791992 | Test Acc 54.76190447807312

INFO >> Epoch: 5  |  Train Loss: 1.298 | Train Acc: 51.74  |  Val Loss: 1.262 | Val Acc: 47.66  |  Test Loss: 1.202 | Tes Acc: 50.00
INFO >> Epoch: 6  |  Train Loss: 1.037 | Train Acc: 63.08  |  Val Loss: 0.854 | Val Acc: 67.29  |  Test Loss: 1.008 | Tes Acc: 65.48
DEBUG >> Best state saved | Val Acc 67.2897219657898 | Test Acc 65.47619104385376

INFO >> Epoch: 7  |  Train Loss: 0.800 | Train Acc: 72.67  |  Val Loss: 0.861 | Val Acc: 64.49  |  Test Loss: 0.958 | Tes Acc: 66.67
INFO >> Epoch: 8  |  Train Loss: 0.741 | Train Acc: 68.90  |  Val Loss: 0.720 | Val Acc: 69.16  |  Test Loss: 0.727 | Tes Acc: 73.81
DEBUG >> Best state saved | Val Acc 69.15887594223022 | Test Acc 73.8095223903656

INFO >> Epoch: 9  |  Train Loss: 0.473 | Train Acc: 84.59  |  Val Loss: 0.508 | Val Acc: 76.64  |  Test Loss: 0.548 | Tes Acc: 83.33
DEBUG >> Best state saved | Val Acc 76.63551568984985 | Test Acc 83.33333134651184

INFO >> Epoch: 10  |  Train Loss: 0.451 | Train Acc: 84.01  |  Val Loss: 0.559 | Val Acc: 72.90  |  Test Loss: 0.541 | Tes Acc: 80.95
INFO >> Epoch: 11  |  Train Loss: 0.362 | Train Acc: 88.37  |  Val Loss: 0.507 | Val Acc: 77.57  |  Test Loss: 0.664 | Tes Acc: 71.43
DEBUG >> Best state saved | Val Acc 77.57009267807007 | Test Acc 71.42857313156128

INFO >> Epoch: 12  |  Train Loss: 0.223 | Train Acc: 93.90  |  Val Loss: 0.570 | Val Acc: 77.57  |  Test Loss: 0.594 | Tes Acc: 83.33
INFO >> Epoch: 13  |  Train Loss: 0.188 | Train Acc: 95.64  |  Val Loss: 0.372 | Val Acc: 78.50  |  Test Loss: 0.305 | Tes Acc: 85.71
DEBUG >> Best state saved | Val Acc 78.50467562675476 | Test Acc 85.71428656578064

INFO >> Epoch: 14  |  Train Loss: 0.120 | Train Acc: 98.26  |  Val Loss: 0.321 | Val Acc: 87.85  |  Test Loss: 0.285 | Tes Acc: 89.29
DEBUG >> Best state saved | Val Acc 87.85046935081482 | Test Acc 89.28571343421936

INFO >> Epoch: 15  |  Train Loss: 0.085 | Train Acc: 98.55  |  Val Loss: 0.324 | Val Acc: 83.18  |  Test Loss: 0.220 | Tes Acc: 90.48
INFO >> Epoch: 16  |  Train Loss: 0.071 | Train Acc: 98.26  |  Val Loss: 0.315 | Val Acc: 85.05  |  Test Loss: 0.206 | Tes Acc: 92.86
INFO >> Epoch: 17  |  Train Loss: 0.055 | Train Acc: 99.13  |  Val Loss: 0.285 | Val Acc: 86.92  |  Test Loss: 0.210 | Tes Acc: 92.86
INFO >> Epoch: 18  |  Train Loss: 0.065 | Train Acc: 98.26  |  Val Loss: 0.296 | Val Acc: 85.98  |  Test Loss: 0.288 | Tes Acc: 91.67
INFO >> Epoch: 19  |  Train Loss: 0.078 | Train Acc: 97.09  |  Val Loss: 0.725 | Val Acc: 78.50  |  Test Loss: 0.875 | Tes Acc: 76.19
INFO >> Epoch: 20  |  Train Loss: 0.163 | Train Acc: 93.90  |  Val Loss: 0.509 | Val Acc: 78.50  |  Test Loss: 0.481 | Tes Acc: 84.52
INFO >> Epoch: 21  |  Train Loss: 0.107 | Train Acc: 96.80  |  Val Loss: 0.269 | Val Acc: 90.65  |  Test Loss: 0.223 | Tes Acc: 94.05
DEBUG >> Best state saved | Val Acc 90.65420627593994 | Test Acc 94.04761791229248

INFO >> Epoch: 22  |  Train Loss: 0.042 | Train Acc: 99.42  |  Val Loss: 0.352 | Val Acc: 86.92  |  Test Loss: 0.197 | Tes Acc: 91.67
INFO >> Epoch: 23  |  Train Loss: 0.028 | Train Acc: 99.71  |  Val Loss: 0.235 | Val Acc: 91.59  |  Test Loss: 0.163 | Tes Acc: 94.05
DEBUG >> Best state saved | Val Acc 91.58878326416016 | Test Acc 94.04761791229248

INFO >> Epoch: 24  |  Train Loss: 0.020 | Train Acc: 100.00  |  Val Loss: 0.294 | Val Acc: 91.59  |  Test Loss: 0.183 | Tes Acc: 94.05
INFO >> Epoch: 25  |  Train Loss: 0.014 | Train Acc: 100.00  |  Val Loss: 0.273 | Val Acc: 89.72  |  Test Loss: 0.210 | Tes Acc: 91.67
INFO >> Epoch: 26  |  Train Loss: 0.009 | Train Acc: 100.00  |  Val Loss: 0.256 | Val Acc: 90.65  |  Test Loss: 0.162 | Tes Acc: 94.05
INFO >> Epoch: 27  |  Train Loss: 0.008 | Train Acc: 100.00  |  Val Loss: 0.282 | Val Acc: 91.59  |  Test Loss: 0.172 | Tes Acc: 92.86
INFO >> Epoch: 28  |  Train Loss: 0.008 | Train Acc: 100.00  |  Val Loss: 0.239 | Val Acc: 92.52  |  Test Loss: 0.138 | Tes Acc: 94.05
DEBUG >> Best state saved | Val Acc 92.52336621284485 | Test Acc 94.04761791229248

INFO >> Epoch: 29  |  Train Loss: 0.007 | Train Acc: 100.00  |  Val Loss: 0.247 | Val Acc: 90.65  |  Test Loss: 0.186 | Tes Acc: 91.67
INFO >> Epoch: 30  |  Train Loss: 0.006 | Train Acc: 100.00  |  Val Loss: 0.262 | Val Acc: 92.52  |  Test Loss: 0.135 | Tes Acc: 96.43


INFO >> Time Taken: 05:01

INFO >> Best Val Acc : 92.52336621284485 | Best Test Acc : 94.04761791229248

INFO >> Agg. Weights : 
-0.18195407092571259 0.02564779296517372 0.30615416169166565 0.31597039103507996 0.08877149969339371 0.20202979445457458 0.05155168101191521 0.06173915043473244 0.17748139798641205 0.1193905919790268 -0.049163367599248886 -0.33709609508514404 -0.2949352562427521 -0.3313932418823242 -0.2872427999973297 -0.24413123726844788 -0.013182920403778553 0.018674608319997787 -0.19059394299983978 -0.10860360413789749 0.16281338036060333 0.14627104997634888 0.041753366589546204 0.03398001566529274

DEBUG >> Last state saved | Val Acc 92.52336621284485 | Test Acc 96.42857313156128

INFO >> History saved (./history/v1.5/EmoDB/FX_HUBERT_ASR_LARGE_CLF_DENSE/Run3/history.pt)
