
--------------------------------------------------
Multilingual SER System v1.5
--------------------------------------------------
Run Name      : Run3
Fx Model      : WAV2VEC2_ASR_LARGE_960H
Clf Model     : DENSE
Extract Mode  : gpu_memory
Dataset       : EmoDB
Device        : gpu
Epochs        : 30
Num Workers   : 3
Data Dir      : ./data
History Dir   : ./history
Weights Dir   : ./weights
Log Level     : debug
Purge Cache   : False
Job Name      : Job173
Job Id        : 31168494
GPU           : NVIDIA A100-SXM4-80GB
GPU Count     : 1
GPU Memory    : 79.2 GB

Timestamp : 2023-03-20 02:30:03.434167

INFO >> Running on CUDA


INFO >> Training Classifier

INFO >> Epoch: 1  |  Train Loss: 1.899 | Train Acc: 26.74  |  Val Loss: 1.841 | Val Acc: 24.30  |  Test Loss: 1.746 | Tes Acc: 30.95
DEBUG >> Best state saved | Val Acc 24.29906576871872 | Test Acc 30.95238208770752

INFO >> Epoch: 2  |  Train Loss: 1.723 | Train Acc: 32.27  |  Val Loss: 1.572 | Val Acc: 45.79  |  Test Loss: 1.460 | Tes Acc: 54.76
DEBUG >> Best state saved | Val Acc 45.79439163208008 | Test Acc 54.76190447807312

INFO >> Epoch: 3  |  Train Loss: 1.308 | Train Acc: 49.13  |  Val Loss: 1.150 | Val Acc: 60.75  |  Test Loss: 1.118 | Tes Acc: 66.67
DEBUG >> Best state saved | Val Acc 60.74766516685486 | Test Acc 66.66666865348816

INFO >> Epoch: 4  |  Train Loss: 0.995 | Train Acc: 61.63  |  Val Loss: 0.845 | Val Acc: 74.77  |  Test Loss: 0.950 | Tes Acc: 69.05
DEBUG >> Best state saved | Val Acc 74.76635575294495 | Test Acc 69.04761791229248

INFO >> Epoch: 5  |  Train Loss: 0.756 | Train Acc: 72.38  |  Val Loss: 0.712 | Val Acc: 71.96  |  Test Loss: 0.742 | Tes Acc: 76.19
INFO >> Epoch: 6  |  Train Loss: 0.589 | Train Acc: 78.20  |  Val Loss: 0.575 | Val Acc: 74.77  |  Test Loss: 0.614 | Tes Acc: 84.52
INFO >> Epoch: 7  |  Train Loss: 0.443 | Train Acc: 84.88  |  Val Loss: 0.538 | Val Acc: 76.64  |  Test Loss: 0.544 | Tes Acc: 88.10
DEBUG >> Best state saved | Val Acc 76.63551568984985 | Test Acc 88.09523582458496

INFO >> Epoch: 8  |  Train Loss: 0.334 | Train Acc: 91.28  |  Val Loss: 0.466 | Val Acc: 71.96  |  Test Loss: 0.470 | Tes Acc: 86.90
INFO >> Epoch: 9  |  Train Loss: 0.277 | Train Acc: 89.83  |  Val Loss: 0.414 | Val Acc: 83.18  |  Test Loss: 0.440 | Tes Acc: 84.52
DEBUG >> Best state saved | Val Acc 83.17757248878479 | Test Acc 84.52380895614624

INFO >> Epoch: 10  |  Train Loss: 0.223 | Train Acc: 93.90  |  Val Loss: 0.321 | Val Acc: 87.85  |  Test Loss: 0.386 | Tes Acc: 86.90
DEBUG >> Best state saved | Val Acc 87.85046935081482 | Test Acc 86.90476417541504

INFO >> Epoch: 11  |  Train Loss: 0.217 | Train Acc: 94.19  |  Val Loss: 0.412 | Val Acc: 82.24  |  Test Loss: 0.368 | Tes Acc: 84.52
INFO >> Epoch: 12  |  Train Loss: 0.178 | Train Acc: 93.60  |  Val Loss: 0.511 | Val Acc: 77.57  |  Test Loss: 0.522 | Tes Acc: 85.71
INFO >> Epoch: 13  |  Train Loss: 0.166 | Train Acc: 94.77  |  Val Loss: 0.383 | Val Acc: 82.24  |  Test Loss: 0.333 | Tes Acc: 89.29
INFO >> Epoch: 14  |  Train Loss: 0.176 | Train Acc: 93.60  |  Val Loss: 0.387 | Val Acc: 82.24  |  Test Loss: 0.308 | Tes Acc: 90.48
INFO >> Epoch: 15  |  Train Loss: 0.097 | Train Acc: 97.97  |  Val Loss: 0.329 | Val Acc: 88.79  |  Test Loss: 0.263 | Tes Acc: 92.86
DEBUG >> Best state saved | Val Acc 88.78504633903503 | Test Acc 92.85714030265808

INFO >> Epoch: 16  |  Train Loss: 0.062 | Train Acc: 99.13  |  Val Loss: 0.299 | Val Acc: 87.85  |  Test Loss: 0.201 | Tes Acc: 95.24
INFO >> Epoch: 17  |  Train Loss: 0.041 | Train Acc: 99.42  |  Val Loss: 0.332 | Val Acc: 86.92  |  Test Loss: 0.241 | Tes Acc: 92.86
INFO >> Epoch: 18  |  Train Loss: 0.037 | Train Acc: 99.71  |  Val Loss: 0.355 | Val Acc: 86.92  |  Test Loss: 0.242 | Tes Acc: 96.43
INFO >> Epoch: 19  |  Train Loss: 0.036 | Train Acc: 99.13  |  Val Loss: 0.326 | Val Acc: 86.92  |  Test Loss: 0.222 | Tes Acc: 94.05
INFO >> Epoch: 20  |  Train Loss: 0.035 | Train Acc: 99.42  |  Val Loss: 0.388 | Val Acc: 84.11  |  Test Loss: 0.232 | Tes Acc: 92.86
INFO >> Epoch: 21  |  Train Loss: 0.034 | Train Acc: 99.71  |  Val Loss: 0.330 | Val Acc: 86.92  |  Test Loss: 0.215 | Tes Acc: 91.67
INFO >> Epoch: 22  |  Train Loss: 0.026 | Train Acc: 100.00  |  Val Loss: 0.312 | Val Acc: 88.79  |  Test Loss: 0.178 | Tes Acc: 92.86
INFO >> Epoch: 23  |  Train Loss: 0.017 | Train Acc: 99.71  |  Val Loss: 0.324 | Val Acc: 87.85  |  Test Loss: 0.163 | Tes Acc: 94.05
INFO >> Epoch: 24  |  Train Loss: 0.012 | Train Acc: 100.00  |  Val Loss: 0.325 | Val Acc: 89.72  |  Test Loss: 0.187 | Tes Acc: 95.24
DEBUG >> Best state saved | Val Acc 89.71962332725525 | Test Acc 95.23809552192688

INFO >> Epoch: 25  |  Train Loss: 0.013 | Train Acc: 100.00  |  Val Loss: 0.339 | Val Acc: 86.92  |  Test Loss: 0.155 | Tes Acc: 95.24
INFO >> Epoch: 26  |  Train Loss: 0.010 | Train Acc: 100.00  |  Val Loss: 0.307 | Val Acc: 89.72  |  Test Loss: 0.173 | Tes Acc: 94.05
INFO >> Epoch: 27  |  Train Loss: 0.007 | Train Acc: 100.00  |  Val Loss: 0.318 | Val Acc: 88.79  |  Test Loss: 0.145 | Tes Acc: 94.05
INFO >> Epoch: 28  |  Train Loss: 0.006 | Train Acc: 100.00  |  Val Loss: 0.301 | Val Acc: 88.79  |  Test Loss: 0.147 | Tes Acc: 94.05
INFO >> Epoch: 29  |  Train Loss: 0.006 | Train Acc: 100.00  |  Val Loss: 0.292 | Val Acc: 88.79  |  Test Loss: 0.128 | Tes Acc: 95.24
INFO >> Epoch: 30  |  Train Loss: 0.008 | Train Acc: 100.00  |  Val Loss: 0.282 | Val Acc: 89.72  |  Test Loss: 0.144 | Tes Acc: 95.24


INFO >> Time Taken: 04:51

INFO >> Best Val Acc : 89.71962332725525 | Best Test Acc : 95.23809552192688

INFO >> Agg. Weights : 
-0.24288120865821838 0.2116038203239441 0.2923261523246765 0.23286475241184235 0.19582751393318176 -0.06976137310266495 0.3591371476650238 0.3046793043613434 0.2735918462276459 0.14884185791015625 0.01479006465524435 -0.043402884155511856 -0.2554931044578552 0.279462069272995 0.02681637927889824 -0.03156254068017006 -0.23275600373744965 0.18920397758483887 -0.23713436722755432 -0.15499138832092285 -0.044615909457206726 -0.12405902147293091 0.17398008704185486 0.1397380828857422

DEBUG >> Last state saved | Val Acc 89.71962332725525 | Test Acc 95.23809552192688

INFO >> History saved (./history/v1.5/EmoDB/FX_WAV2VEC2_ASR_LARGE_960H_CLF_DENSE/Run3/history.pt)
