
--------------------------------------------------
Multilingual SER System v1.1
--------------------------------------------------
Run Name      : Run1
Model         : WAV2VEC2_BASE
Extract Mode  : memory
Device        : gpu
Dataset       : CaFE
Epochs        : 20
Num Workers   : 2
Data Dir      : ./data
History Dir   : ./history
Weights Dir   : ./weights
Log Level     : debug
Purge Cache   : False
Job Name      : Job1
Job Id        : 30592360

Timestamp : 2023-02-27 19:45:25.334067

INFO >> Running on CUDA


INFO >> Training Classifier

DEBUG >> Best state saved | Val Acc 21.153846383094788 | Test Acc 26.49572789669037

INFO >> Epoch: 1 |   Train Loss: 1.927 | Train Acc: 15.02 |   Val Loss: 1.912 | Val Acc: 21.15 |   Test Loss: 1.909 | Tes Acc: 26.50
INFO >> Epoch: 2 |   Train Loss: 1.894 | Train Acc: 20.51 |   Val Loss: 1.873 | Val Acc: 17.31 |   Test Loss: 1.852 | Tes Acc: 30.34
DEBUG >> Best state saved | Val Acc 32.05128312110901 | Test Acc 35.89743673801422

INFO >> Epoch: 3 |   Train Loss: 1.797 | Train Acc: 27.47 |   Val Loss: 1.762 | Val Acc: 32.05 |   Test Loss: 1.695 | Tes Acc: 35.90
DEBUG >> Best state saved | Val Acc 34.61538553237915 | Test Acc 38.46153914928436

INFO >> Epoch: 4 |   Train Loss: 1.613 | Train Acc: 37.18 |   Val Loss: 1.703 | Val Acc: 34.62 |   Test Loss: 1.592 | Tes Acc: 38.46
DEBUG >> Best state saved | Val Acc 43.589743971824646 | Test Acc 55.12820482254028

INFO >> Epoch: 5 |   Train Loss: 1.447 | Train Acc: 44.14 |   Val Loss: 1.519 | Val Acc: 43.59 |   Test Loss: 1.269 | Tes Acc: 55.13
INFO >> Epoch: 6 |   Train Loss: 1.159 | Train Acc: 57.33 |   Val Loss: 1.504 | Val Acc: 40.38 |   Test Loss: 1.124 | Tes Acc: 58.55
DEBUG >> Best state saved | Val Acc 45.51281929016113 | Test Acc 56.41025900840759

INFO >> Epoch: 7 |   Train Loss: 0.941 | Train Acc: 65.75 |   Val Loss: 1.444 | Val Acc: 45.51 |   Test Loss: 1.079 | Tes Acc: 56.41
DEBUG >> Best state saved | Val Acc 50.0 | Test Acc 64.52991366386414

INFO >> Epoch: 8 |   Train Loss: 0.865 | Train Acc: 72.71 |   Val Loss: 1.389 | Val Acc: 50.00 |   Test Loss: 0.870 | Tes Acc: 64.53
INFO >> Epoch: 9 |   Train Loss: 0.763 | Train Acc: 71.43 |   Val Loss: 1.358 | Val Acc: 47.44 |   Test Loss: 0.899 | Tes Acc: 62.39
DEBUG >> Best state saved | Val Acc 51.28205418586731 | Test Acc 73.93162250518799

INFO >> Epoch: 10 |   Train Loss: 0.662 | Train Acc: 76.56 |   Val Loss: 1.170 | Val Acc: 51.28 |   Test Loss: 0.765 | Tes Acc: 73.93
INFO >> Epoch: 11 |   Train Loss: 0.618 | Train Acc: 78.75 |   Val Loss: 1.367 | Val Acc: 47.44 |   Test Loss: 0.840 | Tes Acc: 67.95
INFO >> Epoch: 12 |   Train Loss: 0.547 | Train Acc: 81.87 |   Val Loss: 1.679 | Val Acc: 44.87 |   Test Loss: 1.094 | Tes Acc: 58.97
DEBUG >> Best state saved | Val Acc 52.56410241127014 | Test Acc 75.2136766910553

INFO >> Epoch: 13 |   Train Loss: 0.466 | Train Acc: 82.78 |   Val Loss: 1.177 | Val Acc: 52.56 |   Test Loss: 0.689 | Tes Acc: 75.21
INFO >> Epoch: 14 |   Train Loss: 0.314 | Train Acc: 91.39 |   Val Loss: 1.515 | Val Acc: 50.00 |   Test Loss: 0.843 | Tes Acc: 67.95
INFO >> Epoch: 15 |   Train Loss: 0.319 | Train Acc: 89.56 |   Val Loss: 1.283 | Val Acc: 51.92 |   Test Loss: 0.724 | Tes Acc: 75.64
INFO >> Epoch: 16 |   Train Loss: 0.290 | Train Acc: 89.93 |   Val Loss: 1.665 | Val Acc: 51.28 |   Test Loss: 0.967 | Tes Acc: 64.10
DEBUG >> Best state saved | Val Acc 61.538463830947876 | Test Acc 70.94017267227173

INFO >> Epoch: 17 |   Train Loss: 0.226 | Train Acc: 93.04 |   Val Loss: 1.248 | Val Acc: 61.54 |   Test Loss: 0.755 | Tes Acc: 70.94
INFO >> Epoch: 18 |   Train Loss: 0.200 | Train Acc: 93.77 |   Val Loss: 1.795 | Val Acc: 48.72 |   Test Loss: 0.837 | Tes Acc: 67.09
INFO >> Epoch: 19 |   Train Loss: 0.168 | Train Acc: 94.87 |   Val Loss: 1.401 | Val Acc: 59.62 |   Test Loss: 0.788 | Tes Acc: 70.51
INFO >> Epoch: 20 |   Train Loss: 0.179 | Train Acc: 95.24 |   Val Loss: 1.496 | Val Acc: 50.64 |   Test Loss: 0.775 | Tes Acc: 74.36


INFO >> Time Taken: 2:11:14

INFO >> Best Val Acc : 61.538463830947876 | Best Test A : 70.94017267227173

INFO >> Agg. Weights : 
0.18327808380126953 -0.060155272483825684 -0.17506957054138184 -0.17521065473556519 0.49728310108184814 0.2643899619579315 0.2704339921474457 0.21230563521385193 0.46833574771881104 0.333906352519989 0.09297683089971542 0.26691558957099915

DEBUG >> Last state saved | Val Acc 50.641024112701416 | Test Acc 74.35897588729858

INFO >> History saved (./history/v1.1/CaFE/WAV2VEC2_BASE/Run1/history.pt)
