
--------------------------------------------------
Multilingual SER System v1.1
--------------------------------------------------
Run Name      : Run4
Model         : HUBERT_BASE
Extract Mode  : disk
Device        : gpu
Dataset       : AESDD
Epochs        : 20
Data Dir      : ./data
History Dir   : ./history
Weights Dir   : ./weights
Log Level     : debug
Purge Cache   : False

Timestamp : 2023-02-27 06:54:54.874100

INFO >> Running on CUDA


INFO >> Feature cache found for train split
INFO >> Feature cache found for test split
INFO >> Feature cache found for validation split

INFO >> Training Classifier

DEBUG >> Best state saved | Val Acc 20.202019810676575 | Test Acc 24.637681245803833

INFO >> Epoch: 1 |   Train Loss: 1.610 | Train Acc: 20.13 |   Val Loss: 1.594 | Val Acc: 20.20 |   Test Loss: 1.597 | Tes Acc: 24.64
DEBUG >> Best state saved | Val Acc 39.393940567970276 | Test Acc 38.164252042770386

INFO >> Epoch: 2 |   Train Loss: 1.584 | Train Acc: 30.20 |   Val Loss: 1.563 | Val Acc: 39.39 |   Test Loss: 1.571 | Tes Acc: 38.16
INFO >> Epoch: 3 |   Train Loss: 1.518 | Train Acc: 39.60 |   Val Loss: 1.473 | Val Acc: 37.37 |   Test Loss: 1.493 | Tes Acc: 38.65
INFO >> Epoch: 4 |   Train Loss: 1.358 | Train Acc: 42.62 |   Val Loss: 1.372 | Val Acc: 39.39 |   Test Loss: 1.457 | Tes Acc: 33.33
INFO >> Epoch: 5 |   Train Loss: 1.222 | Train Acc: 54.36 |   Val Loss: 1.232 | Val Acc: 34.34 |   Test Loss: 1.343 | Tes Acc: 42.03
DEBUG >> Best state saved | Val Acc 54.54545617103577 | Test Acc 52.657002210617065

INFO >> Epoch: 6 |   Train Loss: 1.070 | Train Acc: 60.40 |   Val Loss: 1.029 | Val Acc: 54.55 |   Test Loss: 1.214 | Tes Acc: 52.66
INFO >> Epoch: 7 |   Train Loss: 0.920 | Train Acc: 68.12 |   Val Loss: 1.012 | Val Acc: 47.47 |   Test Loss: 1.223 | Tes Acc: 49.76
DEBUG >> Best state saved | Val Acc 60.60606241226196 | Test Acc 52.657002210617065

INFO >> Epoch: 8 |   Train Loss: 0.819 | Train Acc: 68.79 |   Val Loss: 0.933 | Val Acc: 60.61 |   Test Loss: 1.116 | Tes Acc: 52.66
INFO >> Epoch: 9 |   Train Loss: 0.683 | Train Acc: 78.86 |   Val Loss: 1.116 | Val Acc: 57.58 |   Test Loss: 1.202 | Tes Acc: 49.28
DEBUG >> Best state saved | Val Acc 64.64646458625793 | Test Acc 61.35265827178955

INFO >> Epoch: 10 |   Train Loss: 0.650 | Train Acc: 78.19 |   Val Loss: 0.890 | Val Acc: 64.65 |   Test Loss: 1.001 | Tes Acc: 61.35
DEBUG >> Best state saved | Val Acc 70.70707082748413 | Test Acc 62.80193328857422

INFO >> Epoch: 11 |   Train Loss: 0.522 | Train Acc: 84.56 |   Val Loss: 0.771 | Val Acc: 70.71 |   Test Loss: 0.948 | Tes Acc: 62.80
INFO >> Epoch: 12 |   Train Loss: 0.430 | Train Acc: 87.25 |   Val Loss: 0.824 | Val Acc: 64.65 |   Test Loss: 0.975 | Tes Acc: 60.39
INFO >> Epoch: 13 |   Train Loss: 0.354 | Train Acc: 88.93 |   Val Loss: 0.898 | Val Acc: 61.62 |   Test Loss: 0.942 | Tes Acc: 62.80
INFO >> Epoch: 14 |   Train Loss: 0.296 | Train Acc: 90.27 |   Val Loss: 0.655 | Val Acc: 69.70 |   Test Loss: 0.858 | Tes Acc: 69.08
INFO >> Epoch: 15 |   Train Loss: 0.273 | Train Acc: 91.61 |   Val Loss: 0.682 | Val Acc: 65.66 |   Test Loss: 0.984 | Tes Acc: 65.22
INFO >> Epoch: 16 |   Train Loss: 0.292 | Train Acc: 88.26 |   Val Loss: 0.598 | Val Acc: 69.70 |   Test Loss: 0.890 | Tes Acc: 68.60
DEBUG >> Best state saved | Val Acc 82.82828330993652 | Test Acc 57.48792290687561

INFO >> Epoch: 17 |   Train Loss: 0.280 | Train Acc: 87.92 |   Val Loss: 0.392 | Val Acc: 82.83 |   Test Loss: 1.134 | Tes Acc: 57.49
INFO >> Epoch: 18 |   Train Loss: 0.229 | Train Acc: 92.95 |   Val Loss: 0.783 | Val Acc: 62.63 |   Test Loss: 0.933 | Tes Acc: 66.18
INFO >> Epoch: 19 |   Train Loss: 0.164 | Train Acc: 96.31 |   Val Loss: 0.665 | Val Acc: 64.65 |   Test Loss: 0.872 | Tes Acc: 71.98
INFO >> Epoch: 20 |   Train Loss: 0.137 | Train Acc: 96.31 |   Val Loss: 0.808 | Val Acc: 60.61 |   Test Loss: 0.937 | Tes Acc: 66.18


INFO >> Time Taken: 1:29:53

INFO >> Best Val Acc : 82.82828330993652 | Best Test A : 57.48792290687561

INFO >> Agg. Weights : 
-0.23772093653678894 -0.2798433303833008 -0.05030585080385208 -0.22134795784950256 -0.41164472699165344 -0.18364843726158142 -0.16041408479213715 0.2145487517118454 -0.29233911633491516 -0.28822124004364014 0.2453802525997162 0.2003624141216278

DEBUG >> Last state saved | Val Acc 60.60606241226196 | Test Acc 66.18357300758362

INFO >> History saved (./history/v1.1/AESDD/HUBERT_BASE/Run4/history.pt)
