
--------------------------------------------------
Multilingual SER System v1.3
--------------------------------------------------
Run Name      : Run3
Fx Model      : WAV2VEC2_LARGE
Clf Model     : PROBING
Extract Mode  : gpu_memory
Dataset       : ShEMO
Device        : gpu
Epochs        : 20
Num Workers   : 2
Data Dir      : ./data
History Dir   : ./history
Weights Dir   : ./weights
Log Level     : debug
Purge Cache   : False
Job Name      : Job162
Job Id        : 30721496
GPU           : Quadro RTX 8000
GPU Count     : 1
GPU Memory    : 44.49 GB

Timestamp : 2023-03-03 09:36:15.106252

INFO >> Running on CUDA


INFO >> Training Classifier

INFO >> Epoch: 1  |  Layer:  1  |  Train Loss: 1.442 | Train Acc: 44.54  |  Val Loss: 1.316 | Val Acc: 53.76  |  Test Loss: 1.090 | Tes Acc: 70.16
INFO >> Epoch: 1  |  Layer:  2  |  Train Loss: 1.402 | Train Acc: 47.00  |  Val Loss: 1.242 | Val Acc: 58.60  |  Test Loss: 1.025 | Tes Acc: 69.09
INFO >> Epoch: 1  |  Layer:  3  |  Train Loss: 1.387 | Train Acc: 47.83  |  Val Loss: 1.231 | Val Acc: 57.71  |  Test Loss: 0.982 | Tes Acc: 71.51
INFO >> Epoch: 1  |  Layer:  4  |  Train Loss: 1.343 | Train Acc: 51.21  |  Val Loss: 1.153 | Val Acc: 62.01  |  Test Loss: 0.921 | Tes Acc: 75.81
INFO >> Epoch: 1  |  Layer:  5  |  Train Loss: 1.321 | Train Acc: 54.15  |  Val Loss: 1.138 | Val Acc: 62.19  |  Test Loss: 0.891 | Tes Acc: 75.00
INFO >> Epoch: 1  |  Layer:  6  |  Train Loss: 1.327 | Train Acc: 53.00  |  Val Loss: 1.134 | Val Acc: 61.83  |  Test Loss: 0.883 | Tes Acc: 73.39
INFO >> Epoch: 1  |  Layer:  7  |  Train Loss: 1.327 | Train Acc: 51.93  |  Val Loss: 1.153 | Val Acc: 60.93  |  Test Loss: 0.943 | Tes Acc: 70.70
INFO >> Epoch: 1  |  Layer:  8  |  Train Loss: 1.302 | Train Acc: 55.02  |  Val Loss: 1.116 | Val Acc: 61.29  |  Test Loss: 0.867 | Tes Acc: 74.19
INFO >> Epoch: 1  |  Layer:  9  |  Train Loss: 1.295 | Train Acc: 55.60  |  Val Loss: 1.098 | Val Acc: 61.47  |  Test Loss: 0.832 | Tes Acc: 74.46
INFO >> Epoch: 1  |  Layer: 10  |  Train Loss: 1.335 | Train Acc: 52.27  |  Val Loss: 1.155 | Val Acc: 59.68  |  Test Loss: 0.908 | Tes Acc: 72.58
INFO >> Epoch: 1  |  Layer: 11  |  Train Loss: 1.334 | Train Acc: 51.88  |  Val Loss: 1.164 | Val Acc: 60.57  |  Test Loss: 0.941 | Tes Acc: 72.58
INFO >> Epoch: 1  |  Layer: 12  |  Train Loss: 1.332 | Train Acc: 51.84  |  Val Loss: 1.171 | Val Acc: 61.29  |  Test Loss: 0.943 | Tes Acc: 73.39
INFO >> Epoch: 1  |  Layer: 13  |  Train Loss: 1.310 | Train Acc: 53.91  |  Val Loss: 1.131 | Val Acc: 61.29  |  Test Loss: 0.881 | Tes Acc: 73.12
INFO >> Epoch: 1  |  Layer: 14  |  Train Loss: 1.307 | Train Acc: 52.85  |  Val Loss: 1.121 | Val Acc: 60.93  |  Test Loss: 0.877 | Tes Acc: 71.51
INFO >> Epoch: 1  |  Layer: 15  |  Train Loss: 1.315 | Train Acc: 50.68  |  Val Loss: 1.129 | Val Acc: 60.93  |  Test Loss: 0.901 | Tes Acc: 73.39
INFO >> Epoch: 1  |  Layer: 16  |  Train Loss: 1.314 | Train Acc: 50.39  |  Val Loss: 1.125 | Val Acc: 62.01  |  Test Loss: 0.891 | Tes Acc: 74.19
INFO >> Epoch: 1  |  Layer: 17  |  Train Loss: 1.297 | Train Acc: 50.87  |  Val Loss: 1.084 | Val Acc: 62.01  |  Test Loss: 0.849 | Tes Acc: 74.46
INFO >> Epoch: 1  |  Layer: 18  |  Train Loss: 1.292 | Train Acc: 52.08  |  Val Loss: 1.092 | Val Acc: 62.01  |  Test Loss: 0.856 | Tes Acc: 73.39
INFO >> Epoch: 1  |  Layer: 19  |  Train Loss: 1.299 | Train Acc: 52.61  |  Val Loss: 1.100 | Val Acc: 61.29  |  Test Loss: 0.867 | Tes Acc: 72.31
INFO >> Epoch: 1  |  Layer: 20  |  Train Loss: 1.283 | Train Acc: 53.86  |  Val Loss: 1.072 | Val Acc: 62.19  |  Test Loss: 0.831 | Tes Acc: 74.46
INFO >> Epoch: 1  |  Layer: 21  |  Train Loss: 1.282 | Train Acc: 53.29  |  Val Loss: 1.097 | Val Acc: 60.93  |  Test Loss: 0.853 | Tes Acc: 72.31
INFO >> Epoch: 1  |  Layer: 22  |  Train Loss: 1.371 | Train Acc: 47.83  |  Val Loss: 1.248 | Val Acc: 56.45  |  Test Loss: 1.026 | Tes Acc: 67.20
INFO >> Epoch: 1  |  Layer: 23  |  Train Loss: 1.495 | Train Acc: 37.29  |  Val Loss: 1.469 | Val Acc: 41.22  |  Test Loss: 1.262 | Tes Acc: 55.38
INFO >> Epoch: 1  |  Layer: 24  |  Train Loss: 1.500 | Train Acc: 35.12  |  Val Loss: 1.501 | Val Acc: 32.97  |  Test Loss: 1.343 | Tes Acc: 36.83

INFO >> Epoch: 2  |  Layer:  1  |  Train Loss: 1.240 | Train Acc: 55.12  |  Val Loss: 1.166 | Val Acc: 54.48  |  Test Loss: 0.898 | Tes Acc: 70.70
INFO >> Epoch: 2  |  Layer:  2  |  Train Loss: 1.165 | Train Acc: 58.55  |  Val Loss: 1.133 | Val Acc: 56.09  |  Test Loss: 0.824 | Tes Acc: 71.24
INFO >> Epoch: 2  |  Layer:  3  |  Train Loss: 1.128 | Train Acc: 60.82  |  Val Loss: 1.112 | Val Acc: 56.27  |  Test Loss: 0.782 | Tes Acc: 72.58
INFO >> Epoch: 2  |  Layer:  4  |  Train Loss: 1.057 | Train Acc: 64.40  |  Val Loss: 1.059 | Val Acc: 60.22  |  Test Loss: 0.708 | Tes Acc: 75.00
INFO >> Epoch: 2  |  Layer:  5  |  Train Loss: 1.029 | Train Acc: 65.07  |  Val Loss: 0.992 | Val Acc: 64.52  |  Test Loss: 0.652 | Tes Acc: 79.03
INFO >> Epoch: 2  |  Layer:  6  |  Train Loss: 1.039 | Train Acc: 63.82  |  Val Loss: 1.012 | Val Acc: 62.01  |  Test Loss: 0.669 | Tes Acc: 76.34
INFO >> Epoch: 2  |  Layer:  7  |  Train Loss: 1.046 | Train Acc: 63.72  |  Val Loss: 0.949 | Val Acc: 67.03  |  Test Loss: 0.633 | Tes Acc: 80.11
INFO >> Epoch: 2  |  Layer:  8  |  Train Loss: 1.019 | Train Acc: 65.02  |  Val Loss: 0.971 | Val Acc: 66.31  |  Test Loss: 0.628 | Tes Acc: 80.38
INFO >> Epoch: 2  |  Layer:  9  |  Train Loss: 1.015 | Train Acc: 65.07  |  Val Loss: 0.972 | Val Acc: 64.87  |  Test Loss: 0.617 | Tes Acc: 80.38
INFO >> Epoch: 2  |  Layer: 10  |  Train Loss: 1.068 | Train Acc: 62.08  |  Val Loss: 1.019 | Val Acc: 62.19  |  Test Loss: 0.662 | Tes Acc: 78.23
INFO >> Epoch: 2  |  Layer: 11  |  Train Loss: 1.064 | Train Acc: 62.42  |  Val Loss: 1.015 | Val Acc: 60.75  |  Test Loss: 0.660 | Tes Acc: 77.42
INFO >> Epoch: 2  |  Layer: 12  |  Train Loss: 1.068 | Train Acc: 61.50  |  Val Loss: 1.032 | Val Acc: 60.22  |  Test Loss: 0.674 | Tes Acc: 76.88
INFO >> Epoch: 2  |  Layer: 13  |  Train Loss: 1.037 | Train Acc: 63.19  |  Val Loss: 0.990 | Val Acc: 63.80  |  Test Loss: 0.652 | Tes Acc: 78.76
INFO >> Epoch: 2  |  Layer: 14  |  Train Loss: 1.016 | Train Acc: 64.44  |  Val Loss: 0.960 | Val Acc: 64.52  |  Test Loss: 0.613 | Tes Acc: 80.65
INFO >> Epoch: 2  |  Layer: 15  |  Train Loss: 1.016 | Train Acc: 64.93  |  Val Loss: 0.939 | Val Acc: 65.23  |  Test Loss: 0.609 | Tes Acc: 83.60
INFO >> Epoch: 2  |  Layer: 16  |  Train Loss: 1.016 | Train Acc: 64.49  |  Val Loss: 0.939 | Val Acc: 67.20  |  Test Loss: 0.610 | Tes Acc: 80.91
INFO >> Epoch: 2  |  Layer: 17  |  Train Loss: 0.991 | Train Acc: 64.98  |  Val Loss: 0.921 | Val Acc: 67.03  |  Test Loss: 0.585 | Tes Acc: 82.26
INFO >> Epoch: 2  |  Layer: 18  |  Train Loss: 0.988 | Train Acc: 66.09  |  Val Loss: 0.947 | Val Acc: 67.38  |  Test Loss: 0.612 | Tes Acc: 80.91
INFO >> Epoch: 2  |  Layer: 19  |  Train Loss: 1.000 | Train Acc: 64.78  |  Val Loss: 0.940 | Val Acc: 66.49  |  Test Loss: 0.597 | Tes Acc: 80.65
INFO >> Epoch: 2  |  Layer: 20  |  Train Loss: 0.987 | Train Acc: 65.22  |  Val Loss: 0.922 | Val Acc: 68.82  |  Test Loss: 0.579 | Tes Acc: 82.53
INFO >> Epoch: 2  |  Layer: 21  |  Train Loss: 1.022 | Train Acc: 62.85  |  Val Loss: 0.945 | Val Acc: 67.74  |  Test Loss: 0.611 | Tes Acc: 80.65
INFO >> Epoch: 2  |  Layer: 22  |  Train Loss: 1.158 | Train Acc: 57.83  |  Val Loss: 1.110 | Val Acc: 61.29  |  Test Loss: 0.766 | Tes Acc: 73.12
INFO >> Epoch: 2  |  Layer: 23  |  Train Loss: 1.423 | Train Acc: 42.17  |  Val Loss: 1.450 | Val Acc: 38.53  |  Test Loss: 1.193 | Tes Acc: 54.84
INFO >> Epoch: 2  |  Layer: 24  |  Train Loss: 1.448 | Train Acc: 36.76  |  Val Loss: 1.495 | Val Acc: 34.95  |  Test Loss: 1.212 | Tes Acc: 47.85

INFO >> Epoch: 3  |  Layer:  1  |  Train Loss: 1.148 | Train Acc: 59.42  |  Val Loss: 1.079 | Val Acc: 60.22  |  Test Loss: 0.798 | Tes Acc: 73.12
INFO >> Epoch: 3  |  Layer:  2  |  Train Loss: 1.074 | Train Acc: 61.45  |  Val Loss: 1.009 | Val Acc: 63.98  |  Test Loss: 0.708 | Tes Acc: 76.61
INFO >> Epoch: 3  |  Layer:  3  |  Train Loss: 1.024 | Train Acc: 64.73  |  Val Loss: 0.966 | Val Acc: 66.67  |  Test Loss: 0.651 | Tes Acc: 80.91
INFO >> Epoch: 3  |  Layer:  4  |  Train Loss: 0.964 | Train Acc: 66.14  |  Val Loss: 0.872 | Val Acc: 71.86  |  Test Loss: 0.582 | Tes Acc: 83.60
INFO >> Epoch: 3  |  Layer:  5  |  Train Loss: 0.923 | Train Acc: 68.36  |  Val Loss: 0.838 | Val Acc: 72.40  |  Test Loss: 0.532 | Tes Acc: 83.60
INFO >> Epoch: 3  |  Layer:  6  |  Train Loss: 0.920 | Train Acc: 67.39  |  Val Loss: 0.839 | Val Acc: 71.86  |  Test Loss: 0.525 | Tes Acc: 85.22
INFO >> Epoch: 3  |  Layer:  7  |  Train Loss: 0.918 | Train Acc: 67.78  |  Val Loss: 0.847 | Val Acc: 71.68  |  Test Loss: 0.547 | Tes Acc: 83.33
INFO >> Epoch: 3  |  Layer:  8  |  Train Loss: 0.910 | Train Acc: 68.36  |  Val Loss: 0.840 | Val Acc: 72.76  |  Test Loss: 0.528 | Tes Acc: 85.22
INFO >> Epoch: 3  |  Layer:  9  |  Train Loss: 0.924 | Train Acc: 67.44  |  Val Loss: 0.855 | Val Acc: 70.61  |  Test Loss: 0.548 | Tes Acc: 84.14
INFO >> Epoch: 3  |  Layer: 10  |  Train Loss: 0.957 | Train Acc: 66.14  |  Val Loss: 0.888 | Val Acc: 70.61  |  Test Loss: 0.570 | Tes Acc: 83.06
INFO >> Epoch: 3  |  Layer: 11  |  Train Loss: 0.957 | Train Acc: 66.33  |  Val Loss: 0.880 | Val Acc: 71.33  |  Test Loss: 0.577 | Tes Acc: 84.14
INFO >> Epoch: 3  |  Layer: 12  |  Train Loss: 0.965 | Train Acc: 64.64  |  Val Loss: 0.884 | Val Acc: 69.89  |  Test Loss: 0.582 | Tes Acc: 81.72
INFO >> Epoch: 3  |  Layer: 13  |  Train Loss: 0.935 | Train Acc: 66.33  |  Val Loss: 0.881 | Val Acc: 69.71  |  Test Loss: 0.588 | Tes Acc: 81.99
INFO >> Epoch: 3  |  Layer: 14  |  Train Loss: 0.909 | Train Acc: 68.36  |  Val Loss: 0.850 | Val Acc: 71.68  |  Test Loss: 0.554 | Tes Acc: 84.41
INFO >> Epoch: 3  |  Layer: 15  |  Train Loss: 0.908 | Train Acc: 68.79  |  Val Loss: 0.843 | Val Acc: 71.33  |  Test Loss: 0.550 | Tes Acc: 83.87
INFO >> Epoch: 3  |  Layer: 16  |  Train Loss: 0.897 | Train Acc: 68.99  |  Val Loss: 0.834 | Val Acc: 72.58  |  Test Loss: 0.556 | Tes Acc: 84.68
INFO >> Epoch: 3  |  Layer: 17  |  Train Loss: 0.891 | Train Acc: 69.08  |  Val Loss: 0.824 | Val Acc: 73.30  |  Test Loss: 0.547 | Tes Acc: 84.41
INFO >> Epoch: 3  |  Layer: 18  |  Train Loss: 0.896 | Train Acc: 68.45  |  Val Loss: 0.842 | Val Acc: 71.51  |  Test Loss: 0.574 | Tes Acc: 82.53
INFO >> Epoch: 3  |  Layer: 19  |  Train Loss: 0.906 | Train Acc: 68.02  |  Val Loss: 0.852 | Val Acc: 69.89  |  Test Loss: 0.566 | Tes Acc: 84.95
INFO >> Epoch: 3  |  Layer: 20  |  Train Loss: 0.893 | Train Acc: 68.89  |  Val Loss: 0.844 | Val Acc: 72.76  |  Test Loss: 0.550 | Tes Acc: 84.14
INFO >> Epoch: 3  |  Layer: 21  |  Train Loss: 0.922 | Train Acc: 68.12  |  Val Loss: 0.878 | Val Acc: 69.35  |  Test Loss: 0.569 | Tes Acc: 84.95
INFO >> Epoch: 3  |  Layer: 22  |  Train Loss: 1.065 | Train Acc: 61.35  |  Val Loss: 1.025 | Val Acc: 65.95  |  Test Loss: 0.735 | Tes Acc: 78.49
INFO >> Epoch: 3  |  Layer: 23  |  Train Loss: 1.396 | Train Acc: 46.33  |  Val Loss: 1.402 | Val Acc: 48.03  |  Test Loss: 1.122 | Tes Acc: 65.05
INFO >> Epoch: 3  |  Layer: 24  |  Train Loss: 1.428 | Train Acc: 41.21  |  Val Loss: 1.415 | Val Acc: 46.77  |  Test Loss: 1.202 | Tes Acc: 62.37

INFO >> Epoch: 4  |  Layer:  1  |  Train Loss: 1.123 | Train Acc: 58.65  |  Val Loss: 1.079 | Val Acc: 61.83  |  Test Loss: 0.784 | Tes Acc: 71.77
INFO >> Epoch: 4  |  Layer:  2  |  Train Loss: 1.012 | Train Acc: 63.09  |  Val Loss: 1.000 | Val Acc: 63.80  |  Test Loss: 0.702 | Tes Acc: 73.92
INFO >> Epoch: 4  |  Layer:  3  |  Train Loss: 0.964 | Train Acc: 65.07  |  Val Loss: 0.956 | Val Acc: 67.74  |  Test Loss: 0.629 | Tes Acc: 80.11
INFO >> Epoch: 4  |  Layer:  4  |  Train Loss: 0.882 | Train Acc: 68.84  |  Val Loss: 0.852 | Val Acc: 72.04  |  Test Loss: 0.540 | Tes Acc: 81.72
INFO >> Epoch: 4  |  Layer:  5  |  Train Loss: 0.835 | Train Acc: 71.16  |  Val Loss: 0.811 | Val Acc: 72.76  |  Test Loss: 0.486 | Tes Acc: 84.41
INFO >> Epoch: 4  |  Layer:  6  |  Train Loss: 0.841 | Train Acc: 70.10  |  Val Loss: 0.811 | Val Acc: 72.40  |  Test Loss: 0.490 | Tes Acc: 84.14
INFO >> Epoch: 4  |  Layer:  7  |  Train Loss: 0.839 | Train Acc: 70.43  |  Val Loss: 0.807 | Val Acc: 72.04  |  Test Loss: 0.503 | Tes Acc: 85.48
INFO >> Epoch: 4  |  Layer:  8  |  Train Loss: 0.835 | Train Acc: 70.92  |  Val Loss: 0.808 | Val Acc: 72.04  |  Test Loss: 0.483 | Tes Acc: 84.95
INFO >> Epoch: 4  |  Layer:  9  |  Train Loss: 0.851 | Train Acc: 69.90  |  Val Loss: 0.818 | Val Acc: 72.94  |  Test Loss: 0.504 | Tes Acc: 83.60
INFO >> Epoch: 4  |  Layer: 10  |  Train Loss: 0.871 | Train Acc: 70.05  |  Val Loss: 0.846 | Val Acc: 71.68  |  Test Loss: 0.521 | Tes Acc: 83.60
INFO >> Epoch: 4  |  Layer: 11  |  Train Loss: 0.881 | Train Acc: 69.37  |  Val Loss: 0.839 | Val Acc: 70.25  |  Test Loss: 0.509 | Tes Acc: 83.60
INFO >> Epoch: 4  |  Layer: 12  |  Train Loss: 0.899 | Train Acc: 67.83  |  Val Loss: 0.854 | Val Acc: 70.25  |  Test Loss: 0.532 | Tes Acc: 81.99
INFO >> Epoch: 4  |  Layer: 13  |  Train Loss: 0.869 | Train Acc: 69.37  |  Val Loss: 0.853 | Val Acc: 70.61  |  Test Loss: 0.537 | Tes Acc: 80.38
INFO >> Epoch: 4  |  Layer: 14  |  Train Loss: 0.851 | Train Acc: 70.53  |  Val Loss: 0.829 | Val Acc: 71.68  |  Test Loss: 0.531 | Tes Acc: 82.53
INFO >> Epoch: 4  |  Layer: 15  |  Train Loss: 0.844 | Train Acc: 70.10  |  Val Loss: 0.826 | Val Acc: 71.33  |  Test Loss: 0.530 | Tes Acc: 83.87
INFO >> Epoch: 4  |  Layer: 16  |  Train Loss: 0.833 | Train Acc: 70.58  |  Val Loss: 0.813 | Val Acc: 72.22  |  Test Loss: 0.521 | Tes Acc: 83.60
INFO >> Epoch: 4  |  Layer: 17  |  Train Loss: 0.832 | Train Acc: 70.87  |  Val Loss: 0.816 | Val Acc: 71.33  |  Test Loss: 0.550 | Tes Acc: 81.99
INFO >> Epoch: 4  |  Layer: 18  |  Train Loss: 0.838 | Train Acc: 70.82  |  Val Loss: 0.841 | Val Acc: 71.68  |  Test Loss: 0.563 | Tes Acc: 83.33
INFO >> Epoch: 4  |  Layer: 19  |  Train Loss: 0.834 | Train Acc: 70.34  |  Val Loss: 0.838 | Val Acc: 70.61  |  Test Loss: 0.536 | Tes Acc: 84.41
INFO >> Epoch: 4  |  Layer: 20  |  Train Loss: 0.832 | Train Acc: 71.50  |  Val Loss: 0.821 | Val Acc: 71.33  |  Test Loss: 0.526 | Tes Acc: 83.87
INFO >> Epoch: 4  |  Layer: 21  |  Train Loss: 0.864 | Train Acc: 69.13  |  Val Loss: 0.863 | Val Acc: 70.79  |  Test Loss: 0.551 | Tes Acc: 83.33
INFO >> Epoch: 4  |  Layer: 22  |  Train Loss: 1.012 | Train Acc: 64.40  |  Val Loss: 1.006 | Val Acc: 67.03  |  Test Loss: 0.695 | Tes Acc: 76.61
INFO >> Epoch: 4  |  Layer: 23  |  Train Loss: 1.348 | Train Acc: 49.71  |  Val Loss: 1.394 | Val Acc: 44.27  |  Test Loss: 1.110 | Tes Acc: 56.18
INFO >> Epoch: 4  |  Layer: 24  |  Train Loss: 1.390 | Train Acc: 43.00  |  Val Loss: 1.404 | Val Acc: 44.98  |  Test Loss: 1.123 | Tes Acc: 63.98

INFO >> Epoch: 5  |  Layer:  1  |  Train Loss: 1.059 | Train Acc: 61.93  |  Val Loss: 1.040 | Val Acc: 63.80  |  Test Loss: 0.836 | Tes Acc: 71.77
INFO >> Epoch: 5  |  Layer:  2  |  Train Loss: 0.954 | Train Acc: 66.33  |  Val Loss: 0.918 | Val Acc: 69.89  |  Test Loss: 0.670 | Tes Acc: 78.23
INFO >> Epoch: 5  |  Layer:  3  |  Train Loss: 0.914 | Train Acc: 68.55  |  Val Loss: 0.879 | Val Acc: 69.00  |  Test Loss: 0.612 | Tes Acc: 80.38
INFO >> Epoch: 5  |  Layer:  4  |  Train Loss: 0.841 | Train Acc: 71.50  |  Val Loss: 0.804 | Val Acc: 72.22  |  Test Loss: 0.518 | Tes Acc: 84.14
INFO >> Epoch: 5  |  Layer:  5  |  Train Loss: 0.792 | Train Acc: 73.14  |  Val Loss: 0.773 | Val Acc: 73.12  |  Test Loss: 0.464 | Tes Acc: 86.02
INFO >> Epoch: 5  |  Layer:  6  |  Train Loss: 0.804 | Train Acc: 72.13  |  Val Loss: 0.765 | Val Acc: 72.40  |  Test Loss: 0.459 | Tes Acc: 87.10
INFO >> Epoch: 5  |  Layer:  7  |  Train Loss: 0.797 | Train Acc: 72.61  |  Val Loss: 0.772 | Val Acc: 72.76  |  Test Loss: 0.463 | Tes Acc: 85.22
INFO >> Epoch: 5  |  Layer:  8  |  Train Loss: 0.792 | Train Acc: 72.71  |  Val Loss: 0.777 | Val Acc: 72.58  |  Test Loss: 0.463 | Tes Acc: 86.02
INFO >> Epoch: 5  |  Layer:  9  |  Train Loss: 0.799 | Train Acc: 72.46  |  Val Loss: 0.782 | Val Acc: 71.68  |  Test Loss: 0.467 | Tes Acc: 85.22
INFO >> Epoch: 5  |  Layer: 10  |  Train Loss: 0.817 | Train Acc: 71.84  |  Val Loss: 0.809 | Val Acc: 71.68  |  Test Loss: 0.485 | Tes Acc: 84.68
INFO >> Epoch: 5  |  Layer: 11  |  Train Loss: 0.822 | Train Acc: 71.40  |  Val Loss: 0.817 | Val Acc: 70.61  |  Test Loss: 0.494 | Tes Acc: 84.14
INFO >> Epoch: 5  |  Layer: 12  |  Train Loss: 0.839 | Train Acc: 71.01  |  Val Loss: 0.823 | Val Acc: 71.15  |  Test Loss: 0.507 | Tes Acc: 84.41
INFO >> Epoch: 5  |  Layer: 13  |  Train Loss: 0.814 | Train Acc: 71.50  |  Val Loss: 0.797 | Val Acc: 72.22  |  Test Loss: 0.498 | Tes Acc: 85.48
INFO >> Epoch: 5  |  Layer: 14  |  Train Loss: 0.797 | Train Acc: 73.09  |  Val Loss: 0.771 | Val Acc: 72.94  |  Test Loss: 0.479 | Tes Acc: 86.56
INFO >> Epoch: 5  |  Layer: 15  |  Train Loss: 0.793 | Train Acc: 73.62  |  Val Loss: 0.770 | Val Acc: 73.48  |  Test Loss: 0.473 | Tes Acc: 85.75
INFO >> Epoch: 5  |  Layer: 16  |  Train Loss: 0.794 | Train Acc: 72.27  |  Val Loss: 0.763 | Val Acc: 74.37  |  Test Loss: 0.470 | Tes Acc: 86.29
INFO >> Epoch: 5  |  Layer: 17  |  Train Loss: 0.796 | Train Acc: 72.95  |  Val Loss: 0.756 | Val Acc: 74.37  |  Test Loss: 0.475 | Tes Acc: 87.37
INFO >> Epoch: 5  |  Layer: 18  |  Train Loss: 0.812 | Train Acc: 71.55  |  Val Loss: 0.796 | Val Acc: 72.76  |  Test Loss: 0.508 | Tes Acc: 85.75
INFO >> Epoch: 5  |  Layer: 19  |  Train Loss: 0.809 | Train Acc: 71.59  |  Val Loss: 0.801 | Val Acc: 72.22  |  Test Loss: 0.498 | Tes Acc: 85.48
INFO >> Epoch: 5  |  Layer: 20  |  Train Loss: 0.805 | Train Acc: 72.42  |  Val Loss: 0.787 | Val Acc: 72.22  |  Test Loss: 0.484 | Tes Acc: 85.48
INFO >> Epoch: 5  |  Layer: 21  |  Train Loss: 0.830 | Train Acc: 71.59  |  Val Loss: 0.830 | Val Acc: 71.86  |  Test Loss: 0.497 | Tes Acc: 84.68
INFO >> Epoch: 5  |  Layer: 22  |  Train Loss: 0.964 | Train Acc: 65.27  |  Val Loss: 0.953 | Val Acc: 67.38  |  Test Loss: 0.584 | Tes Acc: 81.45
INFO >> Epoch: 5  |  Layer: 23  |  Train Loss: 1.311 | Train Acc: 52.22  |  Val Loss: 1.350 | Val Acc: 49.10  |  Test Loss: 1.030 | Tes Acc: 65.86
INFO >> Epoch: 5  |  Layer: 24  |  Train Loss: 1.371 | Train Acc: 45.89  |  Val Loss: 1.403 | Val Acc: 46.59  |  Test Loss: 1.134 | Tes Acc: 62.10

INFO >> Epoch: 6  |  Layer:  1  |  Train Loss: 1.036 | Train Acc: 63.24  |  Val Loss: 1.021 | Val Acc: 63.62  |  Test Loss: 0.693 | Tes Acc: 75.81
INFO >> Epoch: 6  |  Layer:  2  |  Train Loss: 0.918 | Train Acc: 67.34  |  Val Loss: 0.914 | Val Acc: 67.74  |  Test Loss: 0.580 | Tes Acc: 80.91
INFO >> Epoch: 6  |  Layer:  3  |  Train Loss: 0.870 | Train Acc: 69.28  |  Val Loss: 0.860 | Val Acc: 69.71  |  Test Loss: 0.527 | Tes Acc: 83.60
INFO >> Epoch: 6  |  Layer:  4  |  Train Loss: 0.795 | Train Acc: 72.71  |  Val Loss: 0.789 | Val Acc: 73.30  |  Test Loss: 0.455 | Tes Acc: 88.17
INFO >> Epoch: 6  |  Layer:  5  |  Train Loss: 0.743 | Train Acc: 74.64  |  Val Loss: 0.757 | Val Acc: 75.81  |  Test Loss: 0.418 | Tes Acc: 88.71
INFO >> Epoch: 6  |  Layer:  6  |  Train Loss: 0.751 | Train Acc: 74.88  |  Val Loss: 0.746 | Val Acc: 73.66  |  Test Loss: 0.413 | Tes Acc: 88.71
INFO >> Epoch: 6  |  Layer:  7  |  Train Loss: 0.751 | Train Acc: 74.30  |  Val Loss: 0.751 | Val Acc: 74.19  |  Test Loss: 0.413 | Tes Acc: 86.83
INFO >> Epoch: 6  |  Layer:  8  |  Train Loss: 0.745 | Train Acc: 74.01  |  Val Loss: 0.744 | Val Acc: 74.73  |  Test Loss: 0.403 | Tes Acc: 88.71
INFO >> Epoch: 6  |  Layer:  9  |  Train Loss: 0.767 | Train Acc: 73.38  |  Val Loss: 0.739 | Val Acc: 72.58  |  Test Loss: 0.409 | Tes Acc: 87.10
INFO >> Epoch: 6  |  Layer: 10  |  Train Loss: 0.782 | Train Acc: 73.33  |  Val Loss: 0.774 | Val Acc: 72.04  |  Test Loss: 0.425 | Tes Acc: 85.48
INFO >> Epoch: 6  |  Layer: 11  |  Train Loss: 0.782 | Train Acc: 72.80  |  Val Loss: 0.780 | Val Acc: 73.12  |  Test Loss: 0.450 | Tes Acc: 84.68
INFO >> Epoch: 6  |  Layer: 12  |  Train Loss: 0.797 | Train Acc: 72.27  |  Val Loss: 0.774 | Val Acc: 73.48  |  Test Loss: 0.441 | Tes Acc: 85.48
INFO >> Epoch: 6  |  Layer: 13  |  Train Loss: 0.764 | Train Acc: 73.09  |  Val Loss: 0.766 | Val Acc: 74.37  |  Test Loss: 0.445 | Tes Acc: 87.63
INFO >> Epoch: 6  |  Layer: 14  |  Train Loss: 0.739 | Train Acc: 73.96  |  Val Loss: 0.748 | Val Acc: 74.19  |  Test Loss: 0.430 | Tes Acc: 86.29
INFO >> Epoch: 6  |  Layer: 15  |  Train Loss: 0.748 | Train Acc: 73.67  |  Val Loss: 0.756 | Val Acc: 74.19  |  Test Loss: 0.431 | Tes Acc: 85.48
INFO >> Epoch: 6  |  Layer: 16  |  Train Loss: 0.755 | Train Acc: 73.57  |  Val Loss: 0.747 | Val Acc: 73.30  |  Test Loss: 0.432 | Tes Acc: 86.29
INFO >> Epoch: 6  |  Layer: 17  |  Train Loss: 0.756 | Train Acc: 73.24  |  Val Loss: 0.747 | Val Acc: 74.19  |  Test Loss: 0.445 | Tes Acc: 86.56
INFO >> Epoch: 6  |  Layer: 18  |  Train Loss: 0.768 | Train Acc: 73.00  |  Val Loss: 0.786 | Val Acc: 74.37  |  Test Loss: 0.474 | Tes Acc: 84.14
INFO >> Epoch: 6  |  Layer: 19  |  Train Loss: 0.769 | Train Acc: 72.56  |  Val Loss: 0.800 | Val Acc: 71.68  |  Test Loss: 0.450 | Tes Acc: 85.22
INFO >> Epoch: 6  |  Layer: 20  |  Train Loss: 0.764 | Train Acc: 73.53  |  Val Loss: 0.772 | Val Acc: 75.09  |  Test Loss: 0.434 | Tes Acc: 86.56
INFO >> Epoch: 6  |  Layer: 21  |  Train Loss: 0.788 | Train Acc: 72.42  |  Val Loss: 0.819 | Val Acc: 72.58  |  Test Loss: 0.442 | Tes Acc: 86.02
INFO >> Epoch: 6  |  Layer: 22  |  Train Loss: 0.927 | Train Acc: 67.29  |  Val Loss: 0.936 | Val Acc: 67.56  |  Test Loss: 0.559 | Tes Acc: 82.80
INFO >> Epoch: 6  |  Layer: 23  |  Train Loss: 1.286 | Train Acc: 51.98  |  Val Loss: 1.316 | Val Acc: 48.57  |  Test Loss: 1.002 | Tes Acc: 66.67
INFO >> Epoch: 6  |  Layer: 24  |  Train Loss: 1.370 | Train Acc: 45.17  |  Val Loss: 1.379 | Val Acc: 45.88  |  Test Loss: 1.076 | Tes Acc: 63.17

INFO >> Epoch: 7  |  Layer:  1  |  Train Loss: 1.000 | Train Acc: 64.01  |  Val Loss: 0.960 | Val Acc: 67.38  |  Test Loss: 0.728 | Tes Acc: 76.08
INFO >> Epoch: 7  |  Layer:  2  |  Train Loss: 0.893 | Train Acc: 68.60  |  Val Loss: 0.884 | Val Acc: 70.61  |  Test Loss: 0.622 | Tes Acc: 80.11
INFO >> Epoch: 7  |  Layer:  3  |  Train Loss: 0.853 | Train Acc: 70.10  |  Val Loss: 0.844 | Val Acc: 71.86  |  Test Loss: 0.570 | Tes Acc: 81.18
INFO >> Epoch: 7  |  Layer:  4  |  Train Loss: 0.775 | Train Acc: 72.80  |  Val Loss: 0.786 | Val Acc: 73.48  |  Test Loss: 0.484 | Tes Acc: 85.48
INFO >> Epoch: 7  |  Layer:  5  |  Train Loss: 0.726 | Train Acc: 74.73  |  Val Loss: 0.799 | Val Acc: 74.01  |  Test Loss: 0.456 | Tes Acc: 85.48
INFO >> Epoch: 7  |  Layer:  6  |  Train Loss: 0.741 | Train Acc: 74.54  |  Val Loss: 0.795 | Val Acc: 74.91  |  Test Loss: 0.462 | Tes Acc: 86.29
INFO >> Epoch: 7  |  Layer:  7  |  Train Loss: 0.730 | Train Acc: 73.96  |  Val Loss: 0.800 | Val Acc: 75.81  |  Test Loss: 0.460 | Tes Acc: 86.29
INFO >> Epoch: 7  |  Layer:  8  |  Train Loss: 0.726 | Train Acc: 74.11  |  Val Loss: 0.769 | Val Acc: 75.27  |  Test Loss: 0.432 | Tes Acc: 86.83
INFO >> Epoch: 7  |  Layer:  9  |  Train Loss: 0.728 | Train Acc: 73.57  |  Val Loss: 0.753 | Val Acc: 75.45  |  Test Loss: 0.439 | Tes Acc: 86.56
INFO >> Epoch: 7  |  Layer: 10  |  Train Loss: 0.743 | Train Acc: 74.06  |  Val Loss: 0.770 | Val Acc: 73.66  |  Test Loss: 0.444 | Tes Acc: 85.48
INFO >> Epoch: 7  |  Layer: 11  |  Train Loss: 0.740 | Train Acc: 73.91  |  Val Loss: 0.787 | Val Acc: 72.22  |  Test Loss: 0.479 | Tes Acc: 84.14
INFO >> Epoch: 7  |  Layer: 12  |  Train Loss: 0.761 | Train Acc: 74.01  |  Val Loss: 0.812 | Val Acc: 71.15  |  Test Loss: 0.480 | Tes Acc: 83.87
INFO >> Epoch: 7  |  Layer: 13  |  Train Loss: 0.725 | Train Acc: 74.15  |  Val Loss: 0.818 | Val Acc: 70.97  |  Test Loss: 0.489 | Tes Acc: 84.14
INFO >> Epoch: 7  |  Layer: 14  |  Train Loss: 0.702 | Train Acc: 75.89  |  Val Loss: 0.785 | Val Acc: 71.68  |  Test Loss: 0.465 | Tes Acc: 85.75
INFO >> Epoch: 7  |  Layer: 15  |  Train Loss: 0.714 | Train Acc: 75.36  |  Val Loss: 0.796 | Val Acc: 72.58  |  Test Loss: 0.462 | Tes Acc: 86.02
INFO >> Epoch: 7  |  Layer: 16  |  Train Loss: 0.710 | Train Acc: 74.54  |  Val Loss: 0.793 | Val Acc: 73.48  |  Test Loss: 0.477 | Tes Acc: 84.14
INFO >> Epoch: 7  |  Layer: 17  |  Train Loss: 0.706 | Train Acc: 74.49  |  Val Loss: 0.771 | Val Acc: 72.94  |  Test Loss: 0.474 | Tes Acc: 84.95
INFO >> Epoch: 7  |  Layer: 18  |  Train Loss: 0.713 | Train Acc: 74.25  |  Val Loss: 0.796 | Val Acc: 72.58  |  Test Loss: 0.492 | Tes Acc: 84.41
INFO >> Epoch: 7  |  Layer: 19  |  Train Loss: 0.725 | Train Acc: 74.15  |  Val Loss: 0.824 | Val Acc: 70.79  |  Test Loss: 0.501 | Tes Acc: 84.14
INFO >> Epoch: 7  |  Layer: 20  |  Train Loss: 0.725 | Train Acc: 74.44  |  Val Loss: 0.806 | Val Acc: 73.48  |  Test Loss: 0.476 | Tes Acc: 84.95
INFO >> Epoch: 7  |  Layer: 21  |  Train Loss: 0.757 | Train Acc: 72.71  |  Val Loss: 0.813 | Val Acc: 72.76  |  Test Loss: 0.457 | Tes Acc: 85.22
INFO >> Epoch: 7  |  Layer: 22  |  Train Loss: 0.885 | Train Acc: 67.87  |  Val Loss: 0.943 | Val Acc: 66.31  |  Test Loss: 0.559 | Tes Acc: 81.18
INFO >> Epoch: 7  |  Layer: 23  |  Train Loss: 1.243 | Train Acc: 54.78  |  Val Loss: 1.276 | Val Acc: 53.58  |  Test Loss: 0.967 | Tes Acc: 68.82
INFO >> Epoch: 7  |  Layer: 24  |  Train Loss: 1.333 | Train Acc: 48.65  |  Val Loss: 1.340 | Val Acc: 48.39  |  Test Loss: 1.067 | Tes Acc: 62.90

INFO >> Epoch: 8  |  Layer:  1  |  Train Loss: 0.959 | Train Acc: 66.52  |  Val Loss: 0.973 | Val Acc: 63.80  |  Test Loss: 0.645 | Tes Acc: 79.03
INFO >> Epoch: 8  |  Layer:  2  |  Train Loss: 0.856 | Train Acc: 71.16  |  Val Loss: 0.858 | Val Acc: 68.46  |  Test Loss: 0.547 | Tes Acc: 83.60
INFO >> Epoch: 8  |  Layer:  3  |  Train Loss: 0.814 | Train Acc: 71.98  |  Val Loss: 0.813 | Val Acc: 70.61  |  Test Loss: 0.482 | Tes Acc: 85.48
INFO >> Epoch: 8  |  Layer:  4  |  Train Loss: 0.731 | Train Acc: 74.64  |  Val Loss: 0.758 | Val Acc: 74.19  |  Test Loss: 0.420 | Tes Acc: 87.90
INFO >> Epoch: 8  |  Layer:  5  |  Train Loss: 0.689 | Train Acc: 76.09  |  Val Loss: 0.745 | Val Acc: 74.91  |  Test Loss: 0.390 | Tes Acc: 87.37
INFO >> Epoch: 8  |  Layer:  6  |  Train Loss: 0.699 | Train Acc: 75.94  |  Val Loss: 0.734 | Val Acc: 74.01  |  Test Loss: 0.386 | Tes Acc: 88.71
INFO >> Epoch: 8  |  Layer:  7  |  Train Loss: 0.687 | Train Acc: 75.94  |  Val Loss: 0.722 | Val Acc: 76.52  |  Test Loss: 0.388 | Tes Acc: 87.63
INFO >> Epoch: 8  |  Layer:  8  |  Train Loss: 0.675 | Train Acc: 76.81  |  Val Loss: 0.719 | Val Acc: 76.52  |  Test Loss: 0.380 | Tes Acc: 88.17
INFO >> Epoch: 8  |  Layer:  9  |  Train Loss: 0.687 | Train Acc: 76.14  |  Val Loss: 0.724 | Val Acc: 75.27  |  Test Loss: 0.394 | Tes Acc: 87.90
INFO >> Epoch: 8  |  Layer: 10  |  Train Loss: 0.701 | Train Acc: 76.43  |  Val Loss: 0.739 | Val Acc: 73.48  |  Test Loss: 0.414 | Tes Acc: 86.29
INFO >> Epoch: 8  |  Layer: 11  |  Train Loss: 0.711 | Train Acc: 74.98  |  Val Loss: 0.739 | Val Acc: 73.48  |  Test Loss: 0.408 | Tes Acc: 87.37
INFO >> Epoch: 8  |  Layer: 12  |  Train Loss: 0.721 | Train Acc: 74.93  |  Val Loss: 0.752 | Val Acc: 72.22  |  Test Loss: 0.406 | Tes Acc: 86.83
INFO >> Epoch: 8  |  Layer: 13  |  Train Loss: 0.683 | Train Acc: 75.17  |  Val Loss: 0.743 | Val Acc: 74.55  |  Test Loss: 0.403 | Tes Acc: 86.29
INFO >> Epoch: 8  |  Layer: 14  |  Train Loss: 0.663 | Train Acc: 77.73  |  Val Loss: 0.735 | Val Acc: 74.19  |  Test Loss: 0.395 | Tes Acc: 87.63
INFO >> Epoch: 8  |  Layer: 15  |  Train Loss: 0.680 | Train Acc: 76.33  |  Val Loss: 0.740 | Val Acc: 73.66  |  Test Loss: 0.403 | Tes Acc: 86.83
INFO >> Epoch: 8  |  Layer: 16  |  Train Loss: 0.685 | Train Acc: 75.46  |  Val Loss: 0.731 | Val Acc: 75.45  |  Test Loss: 0.397 | Tes Acc: 88.71
INFO >> Epoch: 8  |  Layer: 17  |  Train Loss: 0.679 | Train Acc: 76.18  |  Val Loss: 0.765 | Val Acc: 72.76  |  Test Loss: 0.430 | Tes Acc: 87.10
INFO >> Epoch: 8  |  Layer: 18  |  Train Loss: 0.695 | Train Acc: 75.70  |  Val Loss: 0.773 | Val Acc: 74.01  |  Test Loss: 0.429 | Tes Acc: 88.71
INFO >> Epoch: 8  |  Layer: 19  |  Train Loss: 0.701 | Train Acc: 75.31  |  Val Loss: 0.780 | Val Acc: 73.84  |  Test Loss: 0.426 | Tes Acc: 86.83
INFO >> Epoch: 8  |  Layer: 20  |  Train Loss: 0.700 | Train Acc: 75.51  |  Val Loss: 0.758 | Val Acc: 74.73  |  Test Loss: 0.418 | Tes Acc: 87.63
INFO >> Epoch: 8  |  Layer: 21  |  Train Loss: 0.728 | Train Acc: 75.51  |  Val Loss: 0.807 | Val Acc: 71.51  |  Test Loss: 0.434 | Tes Acc: 87.10
INFO >> Epoch: 8  |  Layer: 22  |  Train Loss: 0.865 | Train Acc: 69.71  |  Val Loss: 0.901 | Val Acc: 66.13  |  Test Loss: 0.505 | Tes Acc: 86.02
INFO >> Epoch: 8  |  Layer: 23  |  Train Loss: 1.223 | Train Acc: 54.54  |  Val Loss: 1.228 | Val Acc: 55.20  |  Test Loss: 0.923 | Tes Acc: 69.89
INFO >> Epoch: 8  |  Layer: 24  |  Train Loss: 1.325 | Train Acc: 49.71  |  Val Loss: 1.307 | Val Acc: 51.97  |  Test Loss: 1.010 | Tes Acc: 68.55

INFO >> Epoch: 9  |  Layer:  1  |  Train Loss: 0.975 | Train Acc: 65.89  |  Val Loss: 0.922 | Val Acc: 68.10  |  Test Loss: 0.667 | Tes Acc: 77.96
INFO >> Epoch: 9  |  Layer:  2  |  Train Loss: 0.856 | Train Acc: 69.57  |  Val Loss: 0.835 | Val Acc: 70.61  |  Test Loss: 0.570 | Tes Acc: 83.33
INFO >> Epoch: 9  |  Layer:  3  |  Train Loss: 0.805 | Train Acc: 72.80  |  Val Loss: 0.795 | Val Acc: 71.33  |  Test Loss: 0.543 | Tes Acc: 84.41
INFO >> Epoch: 9  |  Layer:  4  |  Train Loss: 0.731 | Train Acc: 75.02  |  Val Loss: 0.764 | Val Acc: 74.73  |  Test Loss: 0.506 | Tes Acc: 85.75
INFO >> Epoch: 9  |  Layer:  5  |  Train Loss: 0.684 | Train Acc: 76.62  |  Val Loss: 0.751 | Val Acc: 73.84  |  Test Loss: 0.467 | Tes Acc: 87.90
INFO >> Epoch: 9  |  Layer:  6  |  Train Loss: 0.689 | Train Acc: 76.43  |  Val Loss: 0.746 | Val Acc: 72.58  |  Test Loss: 0.471 | Tes Acc: 86.83
INFO >> Epoch: 9  |  Layer:  7  |  Train Loss: 0.681 | Train Acc: 76.18  |  Val Loss: 0.728 | Val Acc: 74.19  |  Test Loss: 0.469 | Tes Acc: 86.83
INFO >> Epoch: 9  |  Layer:  8  |  Train Loss: 0.673 | Train Acc: 76.14  |  Val Loss: 0.732 | Val Acc: 75.27  |  Test Loss: 0.458 | Tes Acc: 86.83
INFO >> Epoch: 9  |  Layer:  9  |  Train Loss: 0.681 | Train Acc: 76.67  |  Val Loss: 0.745 | Val Acc: 76.34  |  Test Loss: 0.486 | Tes Acc: 85.22
INFO >> Epoch: 9  |  Layer: 10  |  Train Loss: 0.695 | Train Acc: 75.70  |  Val Loss: 0.751 | Val Acc: 75.81  |  Test Loss: 0.465 | Tes Acc: 86.56
INFO >> Epoch: 9  |  Layer: 11  |  Train Loss: 0.698 | Train Acc: 75.31  |  Val Loss: 0.737 | Val Acc: 74.73  |  Test Loss: 0.458 | Tes Acc: 86.56
INFO >> Epoch: 9  |  Layer: 12  |  Train Loss: 0.714 | Train Acc: 74.88  |  Val Loss: 0.763 | Val Acc: 72.76  |  Test Loss: 0.452 | Tes Acc: 85.48
INFO >> Epoch: 9  |  Layer: 13  |  Train Loss: 0.679 | Train Acc: 76.18  |  Val Loss: 0.777 | Val Acc: 72.76  |  Test Loss: 0.485 | Tes Acc: 84.14
INFO >> Epoch: 9  |  Layer: 14  |  Train Loss: 0.668 | Train Acc: 77.00  |  Val Loss: 0.804 | Val Acc: 71.33  |  Test Loss: 0.504 | Tes Acc: 82.80
INFO >> Epoch: 9  |  Layer: 15  |  Train Loss: 0.674 | Train Acc: 76.28  |  Val Loss: 0.791 | Val Acc: 72.94  |  Test Loss: 0.491 | Tes Acc: 84.95
INFO >> Epoch: 9  |  Layer: 16  |  Train Loss: 0.667 | Train Acc: 76.43  |  Val Loss: 0.792 | Val Acc: 72.76  |  Test Loss: 0.477 | Tes Acc: 85.48
INFO >> Epoch: 9  |  Layer: 17  |  Train Loss: 0.682 | Train Acc: 75.70  |  Val Loss: 0.767 | Val Acc: 72.22  |  Test Loss: 0.484 | Tes Acc: 86.02
INFO >> Epoch: 9  |  Layer: 18  |  Train Loss: 0.693 | Train Acc: 74.54  |  Val Loss: 0.797 | Val Acc: 73.66  |  Test Loss: 0.499 | Tes Acc: 85.48
INFO >> Epoch: 9  |  Layer: 19  |  Train Loss: 0.688 | Train Acc: 75.46  |  Val Loss: 0.800 | Val Acc: 72.94  |  Test Loss: 0.490 | Tes Acc: 86.02
INFO >> Epoch: 9  |  Layer: 20  |  Train Loss: 0.683 | Train Acc: 76.23  |  Val Loss: 0.771 | Val Acc: 72.76  |  Test Loss: 0.461 | Tes Acc: 86.29
INFO >> Epoch: 9  |  Layer: 21  |  Train Loss: 0.724 | Train Acc: 74.54  |  Val Loss: 0.800 | Val Acc: 72.94  |  Test Loss: 0.474 | Tes Acc: 86.29
INFO >> Epoch: 9  |  Layer: 22  |  Train Loss: 0.858 | Train Acc: 69.95  |  Val Loss: 0.916 | Val Acc: 67.03  |  Test Loss: 0.544 | Tes Acc: 84.41
INFO >> Epoch: 9  |  Layer: 23  |  Train Loss: 1.188 | Train Acc: 56.18  |  Val Loss: 1.212 | Val Acc: 55.73  |  Test Loss: 0.883 | Tes Acc: 70.97
INFO >> Epoch: 9  |  Layer: 24  |  Train Loss: 1.281 | Train Acc: 52.37  |  Val Loss: 1.293 | Val Acc: 52.87  |  Test Loss: 0.999 | Tes Acc: 68.28

INFO >> Epoch: 10  |  Layer:  1  |  Train Loss: 0.956 | Train Acc: 66.43  |  Val Loss: 0.957 | Val Acc: 62.72  |  Test Loss: 0.682 | Tes Acc: 77.42
INFO >> Epoch: 10  |  Layer:  2  |  Train Loss: 0.844 | Train Acc: 70.82  |  Val Loss: 0.884 | Val Acc: 67.38  |  Test Loss: 0.596 | Tes Acc: 81.45
INFO >> Epoch: 10  |  Layer:  3  |  Train Loss: 0.796 | Train Acc: 73.33  |  Val Loss: 0.809 | Val Acc: 72.58  |  Test Loss: 0.536 | Tes Acc: 83.06
INFO >> Epoch: 10  |  Layer:  4  |  Train Loss: 0.719 | Train Acc: 76.18  |  Val Loss: 0.726 | Val Acc: 76.52  |  Test Loss: 0.459 | Tes Acc: 87.90
INFO >> Epoch: 10  |  Layer:  5  |  Train Loss: 0.673 | Train Acc: 77.58  |  Val Loss: 0.728 | Val Acc: 73.12  |  Test Loss: 0.413 | Tes Acc: 88.17
INFO >> Epoch: 10  |  Layer:  6  |  Train Loss: 0.687 | Train Acc: 76.67  |  Val Loss: 0.707 | Val Acc: 74.19  |  Test Loss: 0.402 | Tes Acc: 89.78
INFO >> Epoch: 10  |  Layer:  7  |  Train Loss: 0.671 | Train Acc: 77.10  |  Val Loss: 0.702 | Val Acc: 75.27  |  Test Loss: 0.426 | Tes Acc: 88.44
INFO >> Epoch: 10  |  Layer:  8  |  Train Loss: 0.670 | Train Acc: 76.67  |  Val Loss: 0.708 | Val Acc: 73.84  |  Test Loss: 0.400 | Tes Acc: 89.78
INFO >> Epoch: 10  |  Layer:  9  |  Train Loss: 0.688 | Train Acc: 76.38  |  Val Loss: 0.691 | Val Acc: 75.81  |  Test Loss: 0.403 | Tes Acc: 90.59
INFO >> Epoch: 10  |  Layer: 10  |  Train Loss: 0.703 | Train Acc: 75.60  |  Val Loss: 0.718 | Val Acc: 74.37  |  Test Loss: 0.423 | Tes Acc: 86.83
INFO >> Epoch: 10  |  Layer: 11  |  Train Loss: 0.706 | Train Acc: 75.75  |  Val Loss: 0.706 | Val Acc: 74.91  |  Test Loss: 0.410 | Tes Acc: 88.98
INFO >> Epoch: 10  |  Layer: 12  |  Train Loss: 0.717 | Train Acc: 75.75  |  Val Loss: 0.727 | Val Acc: 74.19  |  Test Loss: 0.410 | Tes Acc: 87.37
INFO >> Epoch: 10  |  Layer: 13  |  Train Loss: 0.684 | Train Acc: 76.62  |  Val Loss: 0.716 | Val Acc: 74.91  |  Test Loss: 0.399 | Tes Acc: 87.10
INFO >> Epoch: 10  |  Layer: 14  |  Train Loss: 0.677 | Train Acc: 76.81  |  Val Loss: 0.712 | Val Acc: 75.63  |  Test Loss: 0.404 | Tes Acc: 87.37
INFO >> Epoch: 10  |  Layer: 15  |  Train Loss: 0.692 | Train Acc: 75.89  |  Val Loss: 0.713 | Val Acc: 75.45  |  Test Loss: 0.404 | Tes Acc: 86.83
INFO >> Epoch: 10  |  Layer: 16  |  Train Loss: 0.685 | Train Acc: 76.57  |  Val Loss: 0.727 | Val Acc: 73.66  |  Test Loss: 0.412 | Tes Acc: 88.17
INFO >> Epoch: 10  |  Layer: 17  |  Train Loss: 0.689 | Train Acc: 76.81  |  Val Loss: 0.712 | Val Acc: 75.27  |  Test Loss: 0.436 | Tes Acc: 86.83
INFO >> Epoch: 10  |  Layer: 18  |  Train Loss: 0.694 | Train Acc: 75.94  |  Val Loss: 0.756 | Val Acc: 74.73  |  Test Loss: 0.458 | Tes Acc: 87.37
INFO >> Epoch: 10  |  Layer: 19  |  Train Loss: 0.688 | Train Acc: 75.80  |  Val Loss: 0.773 | Val Acc: 74.19  |  Test Loss: 0.457 | Tes Acc: 87.37
INFO >> Epoch: 10  |  Layer: 20  |  Train Loss: 0.687 | Train Acc: 76.57  |  Val Loss: 0.741 | Val Acc: 75.09  |  Test Loss: 0.429 | Tes Acc: 88.44
INFO >> Epoch: 10  |  Layer: 21  |  Train Loss: 0.727 | Train Acc: 75.31  |  Val Loss: 0.774 | Val Acc: 73.66  |  Test Loss: 0.441 | Tes Acc: 86.02
INFO >> Epoch: 10  |  Layer: 22  |  Train Loss: 0.863 | Train Acc: 69.66  |  Val Loss: 0.867 | Val Acc: 70.07  |  Test Loss: 0.492 | Tes Acc: 85.22
INFO >> Epoch: 10  |  Layer: 23  |  Train Loss: 1.175 | Train Acc: 56.18  |  Val Loss: 1.200 | Val Acc: 55.20  |  Test Loss: 0.879 | Tes Acc: 72.04
INFO >> Epoch: 10  |  Layer: 24  |  Train Loss: 1.281 | Train Acc: 51.88  |  Val Loss: 1.319 | Val Acc: 43.73  |  Test Loss: 1.007 | Tes Acc: 59.68

INFO >> Epoch: 11  |  Layer:  1  |  Train Loss: 0.956 | Train Acc: 67.00  |  Val Loss: 0.999 | Val Acc: 63.80  |  Test Loss: 0.776 | Tes Acc: 71.77
INFO >> Epoch: 11  |  Layer:  2  |  Train Loss: 0.850 | Train Acc: 70.24  |  Val Loss: 0.900 | Val Acc: 67.20  |  Test Loss: 0.679 | Tes Acc: 77.15
INFO >> Epoch: 11  |  Layer:  3  |  Train Loss: 0.811 | Train Acc: 72.61  |  Val Loss: 0.829 | Val Acc: 70.43  |  Test Loss: 0.591 | Tes Acc: 81.72
INFO >> Epoch: 11  |  Layer:  4  |  Train Loss: 0.713 | Train Acc: 76.18  |  Val Loss: 0.730 | Val Acc: 75.45  |  Test Loss: 0.458 | Tes Acc: 88.17
INFO >> Epoch: 11  |  Layer:  5  |  Train Loss: 0.677 | Train Acc: 77.29  |  Val Loss: 0.746 | Val Acc: 74.01  |  Test Loss: 0.452 | Tes Acc: 89.25
INFO >> Epoch: 11  |  Layer:  6  |  Train Loss: 0.691 | Train Acc: 77.20  |  Val Loss: 0.721 | Val Acc: 76.16  |  Test Loss: 0.434 | Tes Acc: 89.25
INFO >> Epoch: 11  |  Layer:  7  |  Train Loss: 0.671 | Train Acc: 77.44  |  Val Loss: 0.718 | Val Acc: 75.27  |  Test Loss: 0.433 | Tes Acc: 88.98
INFO >> Epoch: 11  |  Layer:  8  |  Train Loss: 0.672 | Train Acc: 77.00  |  Val Loss: 0.708 | Val Acc: 75.81  |  Test Loss: 0.408 | Tes Acc: 90.59
INFO >> Epoch: 11  |  Layer:  9  |  Train Loss: 0.670 | Train Acc: 76.86  |  Val Loss: 0.696 | Val Acc: 77.06  |  Test Loss: 0.406 | Tes Acc: 90.59
INFO >> Epoch: 11  |  Layer: 10  |  Train Loss: 0.694 | Train Acc: 76.14  |  Val Loss: 0.704 | Val Acc: 76.16  |  Test Loss: 0.397 | Tes Acc: 89.25
INFO >> Epoch: 11  |  Layer: 11  |  Train Loss: 0.705 | Train Acc: 75.70  |  Val Loss: 0.716 | Val Acc: 75.27  |  Test Loss: 0.419 | Tes Acc: 89.52
INFO >> Epoch: 11  |  Layer: 12  |  Train Loss: 0.718 | Train Acc: 75.02  |  Val Loss: 0.725 | Val Acc: 75.63  |  Test Loss: 0.424 | Tes Acc: 88.71
INFO >> Epoch: 11  |  Layer: 13  |  Train Loss: 0.683 | Train Acc: 76.18  |  Val Loss: 0.724 | Val Acc: 75.99  |  Test Loss: 0.421 | Tes Acc: 88.44
INFO >> Epoch: 11  |  Layer: 14  |  Train Loss: 0.657 | Train Acc: 77.44  |  Val Loss: 0.711 | Val Acc: 76.88  |  Test Loss: 0.420 | Tes Acc: 86.56
INFO >> Epoch: 11  |  Layer: 15  |  Train Loss: 0.667 | Train Acc: 76.96  |  Val Loss: 0.705 | Val Acc: 77.24  |  Test Loss: 0.419 | Tes Acc: 87.37
INFO >> Epoch: 11  |  Layer: 16  |  Train Loss: 0.665 | Train Acc: 76.57  |  Val Loss: 0.697 | Val Acc: 76.52  |  Test Loss: 0.404 | Tes Acc: 88.17
INFO >> Epoch: 11  |  Layer: 17  |  Train Loss: 0.671 | Train Acc: 76.14  |  Val Loss: 0.743 | Val Acc: 73.84  |  Test Loss: 0.457 | Tes Acc: 87.37
INFO >> Epoch: 11  |  Layer: 18  |  Train Loss: 0.690 | Train Acc: 75.36  |  Val Loss: 0.768 | Val Acc: 73.30  |  Test Loss: 0.461 | Tes Acc: 87.10
INFO >> Epoch: 11  |  Layer: 19  |  Train Loss: 0.687 | Train Acc: 76.09  |  Val Loss: 0.784 | Val Acc: 74.37  |  Test Loss: 0.446 | Tes Acc: 87.63
INFO >> Epoch: 11  |  Layer: 20  |  Train Loss: 0.681 | Train Acc: 76.43  |  Val Loss: 0.750 | Val Acc: 74.19  |  Test Loss: 0.412 | Tes Acc: 88.44
INFO >> Epoch: 11  |  Layer: 21  |  Train Loss: 0.728 | Train Acc: 75.12  |  Val Loss: 0.773 | Val Acc: 75.27  |  Test Loss: 0.446 | Tes Acc: 86.83
INFO >> Epoch: 11  |  Layer: 22  |  Train Loss: 0.839 | Train Acc: 70.68  |  Val Loss: 0.875 | Val Acc: 70.25  |  Test Loss: 0.534 | Tes Acc: 84.41
INFO >> Epoch: 11  |  Layer: 23  |  Train Loss: 1.160 | Train Acc: 57.83  |  Val Loss: 1.168 | Val Acc: 56.99  |  Test Loss: 0.850 | Tes Acc: 70.43
INFO >> Epoch: 11  |  Layer: 24  |  Train Loss: 1.271 | Train Acc: 52.08  |  Val Loss: 1.272 | Val Acc: 52.87  |  Test Loss: 0.956 | Tes Acc: 69.62

INFO >> Epoch: 12  |  Layer:  1  |  Train Loss: 0.936 | Train Acc: 67.54  |  Val Loss: 0.904 | Val Acc: 68.82  |  Test Loss: 0.662 | Tes Acc: 79.30
INFO >> Epoch: 12  |  Layer:  2  |  Train Loss: 0.819 | Train Acc: 72.17  |  Val Loss: 0.817 | Val Acc: 71.15  |  Test Loss: 0.564 | Tes Acc: 80.91
INFO >> Epoch: 12  |  Layer:  3  |  Train Loss: 0.770 | Train Acc: 73.72  |  Val Loss: 0.779 | Val Acc: 72.40  |  Test Loss: 0.533 | Tes Acc: 82.53
INFO >> Epoch: 12  |  Layer:  4  |  Train Loss: 0.674 | Train Acc: 76.81  |  Val Loss: 0.735 | Val Acc: 75.81  |  Test Loss: 0.488 | Tes Acc: 83.60
INFO >> Epoch: 12  |  Layer:  5  |  Train Loss: 0.638 | Train Acc: 78.65  |  Val Loss: 0.743 | Val Acc: 74.37  |  Test Loss: 0.461 | Tes Acc: 84.95
INFO >> Epoch: 12  |  Layer:  6  |  Train Loss: 0.646 | Train Acc: 78.55  |  Val Loss: 0.725 | Val Acc: 75.63  |  Test Loss: 0.458 | Tes Acc: 85.48
INFO >> Epoch: 12  |  Layer:  7  |  Train Loss: 0.633 | Train Acc: 78.41  |  Val Loss: 0.719 | Val Acc: 76.52  |  Test Loss: 0.446 | Tes Acc: 85.75
INFO >> Epoch: 12  |  Layer:  8  |  Train Loss: 0.624 | Train Acc: 78.21  |  Val Loss: 0.731 | Val Acc: 75.63  |  Test Loss: 0.459 | Tes Acc: 84.68
INFO >> Epoch: 12  |  Layer:  9  |  Train Loss: 0.635 | Train Acc: 77.49  |  Val Loss: 0.710 | Val Acc: 75.99  |  Test Loss: 0.462 | Tes Acc: 85.22
INFO >> Epoch: 12  |  Layer: 10  |  Train Loss: 0.648 | Train Acc: 77.44  |  Val Loss: 0.709 | Val Acc: 76.16  |  Test Loss: 0.445 | Tes Acc: 86.02
INFO >> Epoch: 12  |  Layer: 11  |  Train Loss: 0.649 | Train Acc: 77.15  |  Val Loss: 0.731 | Val Acc: 74.19  |  Test Loss: 0.464 | Tes Acc: 85.22
INFO >> Epoch: 12  |  Layer: 12  |  Train Loss: 0.664 | Train Acc: 76.91  |  Val Loss: 0.731 | Val Acc: 73.66  |  Test Loss: 0.445 | Tes Acc: 84.95
INFO >> Epoch: 12  |  Layer: 13  |  Train Loss: 0.631 | Train Acc: 77.54  |  Val Loss: 0.734 | Val Acc: 74.19  |  Test Loss: 0.448 | Tes Acc: 84.95
INFO >> Epoch: 12  |  Layer: 14  |  Train Loss: 0.605 | Train Acc: 78.70  |  Val Loss: 0.726 | Val Acc: 75.27  |  Test Loss: 0.439 | Tes Acc: 85.48
INFO >> Epoch: 12  |  Layer: 15  |  Train Loss: 0.614 | Train Acc: 78.50  |  Val Loss: 0.718 | Val Acc: 75.09  |  Test Loss: 0.441 | Tes Acc: 86.56
INFO >> Epoch: 12  |  Layer: 16  |  Train Loss: 0.618 | Train Acc: 77.87  |  Val Loss: 0.707 | Val Acc: 76.16  |  Test Loss: 0.432 | Tes Acc: 86.29
INFO >> Epoch: 12  |  Layer: 17  |  Train Loss: 0.620 | Train Acc: 77.34  |  Val Loss: 0.716 | Val Acc: 76.16  |  Test Loss: 0.461 | Tes Acc: 86.02
INFO >> Epoch: 12  |  Layer: 18  |  Train Loss: 0.633 | Train Acc: 77.49  |  Val Loss: 0.748 | Val Acc: 76.34  |  Test Loss: 0.475 | Tes Acc: 85.48
INFO >> Epoch: 12  |  Layer: 19  |  Train Loss: 0.644 | Train Acc: 77.73  |  Val Loss: 0.750 | Val Acc: 75.81  |  Test Loss: 0.467 | Tes Acc: 86.02
INFO >> Epoch: 12  |  Layer: 20  |  Train Loss: 0.631 | Train Acc: 78.31  |  Val Loss: 0.718 | Val Acc: 76.34  |  Test Loss: 0.423 | Tes Acc: 87.10
INFO >> Epoch: 12  |  Layer: 21  |  Train Loss: 0.685 | Train Acc: 76.52  |  Val Loss: 0.777 | Val Acc: 74.37  |  Test Loss: 0.456 | Tes Acc: 84.68
INFO >> Epoch: 12  |  Layer: 22  |  Train Loss: 0.817 | Train Acc: 71.50  |  Val Loss: 0.857 | Val Acc: 69.18  |  Test Loss: 0.488 | Tes Acc: 84.14
INFO >> Epoch: 12  |  Layer: 23  |  Train Loss: 1.129 | Train Acc: 57.78  |  Val Loss: 1.149 | Val Acc: 57.53  |  Test Loss: 0.819 | Tes Acc: 70.43
INFO >> Epoch: 12  |  Layer: 24  |  Train Loss: 1.243 | Train Acc: 52.80  |  Val Loss: 1.246 | Val Acc: 55.02  |  Test Loss: 0.963 | Tes Acc: 68.82

INFO >> Epoch: 13  |  Layer:  1  |  Train Loss: 0.894 | Train Acc: 68.65  |  Val Loss: 0.879 | Val Acc: 69.00  |  Test Loss: 0.616 | Tes Acc: 80.65
INFO >> Epoch: 13  |  Layer:  2  |  Train Loss: 0.772 | Train Acc: 72.85  |  Val Loss: 0.812 | Val Acc: 69.71  |  Test Loss: 0.530 | Tes Acc: 85.48
INFO >> Epoch: 13  |  Layer:  3  |  Train Loss: 0.727 | Train Acc: 75.12  |  Val Loss: 0.764 | Val Acc: 71.86  |  Test Loss: 0.497 | Tes Acc: 85.48
INFO >> Epoch: 13  |  Layer:  4  |  Train Loss: 0.645 | Train Acc: 77.63  |  Val Loss: 0.705 | Val Acc: 76.34  |  Test Loss: 0.421 | Tes Acc: 87.90
INFO >> Epoch: 13  |  Layer:  5  |  Train Loss: 0.607 | Train Acc: 79.66  |  Val Loss: 0.706 | Val Acc: 74.55  |  Test Loss: 0.381 | Tes Acc: 88.98
INFO >> Epoch: 13  |  Layer:  6  |  Train Loss: 0.608 | Train Acc: 80.10  |  Val Loss: 0.680 | Val Acc: 74.91  |  Test Loss: 0.362 | Tes Acc: 90.05
INFO >> Epoch: 13  |  Layer:  7  |  Train Loss: 0.602 | Train Acc: 79.32  |  Val Loss: 0.671 | Val Acc: 75.27  |  Test Loss: 0.375 | Tes Acc: 88.44
INFO >> Epoch: 13  |  Layer:  8  |  Train Loss: 0.608 | Train Acc: 78.79  |  Val Loss: 0.689 | Val Acc: 74.55  |  Test Loss: 0.387 | Tes Acc: 88.17
INFO >> Epoch: 13  |  Layer:  9  |  Train Loss: 0.610 | Train Acc: 79.42  |  Val Loss: 0.669 | Val Acc: 76.16  |  Test Loss: 0.373 | Tes Acc: 90.32
INFO >> Epoch: 13  |  Layer: 10  |  Train Loss: 0.624 | Train Acc: 79.32  |  Val Loss: 0.711 | Val Acc: 73.48  |  Test Loss: 0.401 | Tes Acc: 88.17
INFO >> Epoch: 13  |  Layer: 11  |  Train Loss: 0.630 | Train Acc: 78.41  |  Val Loss: 0.717 | Val Acc: 73.12  |  Test Loss: 0.405 | Tes Acc: 87.10
INFO >> Epoch: 13  |  Layer: 12  |  Train Loss: 0.635 | Train Acc: 78.02  |  Val Loss: 0.734 | Val Acc: 72.58  |  Test Loss: 0.403 | Tes Acc: 87.37
INFO >> Epoch: 13  |  Layer: 13  |  Train Loss: 0.608 | Train Acc: 78.41  |  Val Loss: 0.704 | Val Acc: 75.27  |  Test Loss: 0.381 | Tes Acc: 88.44
INFO >> Epoch: 13  |  Layer: 14  |  Train Loss: 0.593 | Train Acc: 79.32  |  Val Loss: 0.705 | Val Acc: 75.27  |  Test Loss: 0.379 | Tes Acc: 86.83
INFO >> Epoch: 13  |  Layer: 15  |  Train Loss: 0.614 | Train Acc: 78.79  |  Val Loss: 0.726 | Val Acc: 75.27  |  Test Loss: 0.393 | Tes Acc: 87.10
INFO >> Epoch: 13  |  Layer: 16  |  Train Loss: 0.616 | Train Acc: 78.99  |  Val Loss: 0.717 | Val Acc: 74.37  |  Test Loss: 0.389 | Tes Acc: 87.63
INFO >> Epoch: 13  |  Layer: 17  |  Train Loss: 0.624 | Train Acc: 78.45  |  Val Loss: 0.708 | Val Acc: 75.63  |  Test Loss: 0.402 | Tes Acc: 87.90
INFO >> Epoch: 13  |  Layer: 18  |  Train Loss: 0.634 | Train Acc: 78.45  |  Val Loss: 0.747 | Val Acc: 76.70  |  Test Loss: 0.422 | Tes Acc: 88.71
INFO >> Epoch: 13  |  Layer: 19  |  Train Loss: 0.640 | Train Acc: 77.49  |  Val Loss: 0.756 | Val Acc: 74.73  |  Test Loss: 0.427 | Tes Acc: 88.44
INFO >> Epoch: 13  |  Layer: 20  |  Train Loss: 0.630 | Train Acc: 77.83  |  Val Loss: 0.723 | Val Acc: 75.27  |  Test Loss: 0.399 | Tes Acc: 86.83
INFO >> Epoch: 13  |  Layer: 21  |  Train Loss: 0.669 | Train Acc: 77.44  |  Val Loss: 0.744 | Val Acc: 75.81  |  Test Loss: 0.398 | Tes Acc: 86.56
INFO >> Epoch: 13  |  Layer: 22  |  Train Loss: 0.793 | Train Acc: 73.09  |  Val Loss: 0.831 | Val Acc: 72.58  |  Test Loss: 0.460 | Tes Acc: 86.56
INFO >> Epoch: 13  |  Layer: 23  |  Train Loss: 1.113 | Train Acc: 59.23  |  Val Loss: 1.144 | Val Acc: 56.99  |  Test Loss: 0.843 | Tes Acc: 70.16
INFO >> Epoch: 13  |  Layer: 24  |  Train Loss: 1.213 | Train Acc: 55.17  |  Val Loss: 1.223 | Val Acc: 54.30  |  Test Loss: 0.941 | Tes Acc: 67.47

INFO >> Epoch: 14  |  Layer:  1  |  Train Loss: 0.919 | Train Acc: 68.12  |  Val Loss: 0.916 | Val Acc: 65.23  |  Test Loss: 0.615 | Tes Acc: 80.38
INFO >> Epoch: 14  |  Layer:  2  |  Train Loss: 0.797 | Train Acc: 72.66  |  Val Loss: 0.841 | Val Acc: 70.61  |  Test Loss: 0.538 | Tes Acc: 82.53
INFO >> Epoch: 14  |  Layer:  3  |  Train Loss: 0.748 | Train Acc: 74.83  |  Val Loss: 0.799 | Val Acc: 72.22  |  Test Loss: 0.501 | Tes Acc: 84.14
INFO >> Epoch: 14  |  Layer:  4  |  Train Loss: 0.668 | Train Acc: 76.76  |  Val Loss: 0.743 | Val Acc: 73.48  |  Test Loss: 0.456 | Tes Acc: 86.83
INFO >> Epoch: 14  |  Layer:  5  |  Train Loss: 0.631 | Train Acc: 78.31  |  Val Loss: 0.732 | Val Acc: 72.94  |  Test Loss: 0.418 | Tes Acc: 87.37
INFO >> Epoch: 14  |  Layer:  6  |  Train Loss: 0.639 | Train Acc: 78.50  |  Val Loss: 0.691 | Val Acc: 75.63  |  Test Loss: 0.394 | Tes Acc: 88.71
INFO >> Epoch: 14  |  Layer:  7  |  Train Loss: 0.607 | Train Acc: 79.47  |  Val Loss: 0.667 | Val Acc: 76.52  |  Test Loss: 0.385 | Tes Acc: 89.78
INFO >> Epoch: 14  |  Layer:  8  |  Train Loss: 0.606 | Train Acc: 79.81  |  Val Loss: 0.665 | Val Acc: 76.52  |  Test Loss: 0.368 | Tes Acc: 88.17
INFO >> Epoch: 14  |  Layer:  9  |  Train Loss: 0.616 | Train Acc: 79.03  |  Val Loss: 0.657 | Val Acc: 77.60  |  Test Loss: 0.369 | Tes Acc: 89.52
INFO >> Epoch: 14  |  Layer: 10  |  Train Loss: 0.638 | Train Acc: 78.45  |  Val Loss: 0.712 | Val Acc: 74.37  |  Test Loss: 0.399 | Tes Acc: 87.10
INFO >> Epoch: 14  |  Layer: 11  |  Train Loss: 0.644 | Train Acc: 77.49  |  Val Loss: 0.733 | Val Acc: 73.84  |  Test Loss: 0.408 | Tes Acc: 87.37
INFO >> Epoch: 14  |  Layer: 12  |  Train Loss: 0.642 | Train Acc: 77.39  |  Val Loss: 0.727 | Val Acc: 74.37  |  Test Loss: 0.390 | Tes Acc: 87.37
INFO >> Epoch: 14  |  Layer: 13  |  Train Loss: 0.615 | Train Acc: 78.70  |  Val Loss: 0.699 | Val Acc: 75.63  |  Test Loss: 0.370 | Tes Acc: 88.98
INFO >> Epoch: 14  |  Layer: 14  |  Train Loss: 0.601 | Train Acc: 79.08  |  Val Loss: 0.690 | Val Acc: 76.70  |  Test Loss: 0.356 | Tes Acc: 87.90
INFO >> Epoch: 14  |  Layer: 15  |  Train Loss: 0.629 | Train Acc: 77.44  |  Val Loss: 0.713 | Val Acc: 74.55  |  Test Loss: 0.373 | Tes Acc: 86.56
INFO >> Epoch: 14  |  Layer: 16  |  Train Loss: 0.633 | Train Acc: 77.00  |  Val Loss: 0.696 | Val Acc: 73.84  |  Test Loss: 0.383 | Tes Acc: 87.90
INFO >> Epoch: 14  |  Layer: 17  |  Train Loss: 0.632 | Train Acc: 77.68  |  Val Loss: 0.710 | Val Acc: 74.37  |  Test Loss: 0.419 | Tes Acc: 88.44
INFO >> Epoch: 14  |  Layer: 18  |  Train Loss: 0.644 | Train Acc: 77.25  |  Val Loss: 0.749 | Val Acc: 74.73  |  Test Loss: 0.424 | Tes Acc: 88.17
INFO >> Epoch: 14  |  Layer: 19  |  Train Loss: 0.633 | Train Acc: 77.63  |  Val Loss: 0.753 | Val Acc: 75.45  |  Test Loss: 0.415 | Tes Acc: 87.90
INFO >> Epoch: 14  |  Layer: 20  |  Train Loss: 0.622 | Train Acc: 78.26  |  Val Loss: 0.703 | Val Acc: 76.34  |  Test Loss: 0.383 | Tes Acc: 89.25
INFO >> Epoch: 14  |  Layer: 21  |  Train Loss: 0.667 | Train Acc: 76.81  |  Val Loss: 0.730 | Val Acc: 74.91  |  Test Loss: 0.405 | Tes Acc: 86.83
INFO >> Epoch: 14  |  Layer: 22  |  Train Loss: 0.798 | Train Acc: 71.88  |  Val Loss: 0.842 | Val Acc: 70.79  |  Test Loss: 0.494 | Tes Acc: 86.56
INFO >> Epoch: 14  |  Layer: 23  |  Train Loss: 1.126 | Train Acc: 58.12  |  Val Loss: 1.123 | Val Acc: 60.39  |  Test Loss: 0.828 | Tes Acc: 73.12
INFO >> Epoch: 14  |  Layer: 24  |  Train Loss: 1.226 | Train Acc: 54.15  |  Val Loss: 1.298 | Val Acc: 44.98  |  Test Loss: 0.961 | Tes Acc: 60.48

INFO >> Epoch: 15  |  Layer:  1  |  Train Loss: 0.879 | Train Acc: 69.90  |  Val Loss: 0.890 | Val Acc: 69.35  |  Test Loss: 0.555 | Tes Acc: 80.11
INFO >> Epoch: 15  |  Layer:  2  |  Train Loss: 0.761 | Train Acc: 74.98  |  Val Loss: 0.805 | Val Acc: 73.30  |  Test Loss: 0.493 | Tes Acc: 86.29
INFO >> Epoch: 15  |  Layer:  3  |  Train Loss: 0.714 | Train Acc: 76.33  |  Val Loss: 0.758 | Val Acc: 74.37  |  Test Loss: 0.455 | Tes Acc: 87.37
INFO >> Epoch: 15  |  Layer:  4  |  Train Loss: 0.627 | Train Acc: 79.32  |  Val Loss: 0.722 | Val Acc: 76.70  |  Test Loss: 0.403 | Tes Acc: 88.71
INFO >> Epoch: 15  |  Layer:  5  |  Train Loss: 0.594 | Train Acc: 80.63  |  Val Loss: 0.723 | Val Acc: 75.45  |  Test Loss: 0.371 | Tes Acc: 88.98
INFO >> Epoch: 15  |  Layer:  6  |  Train Loss: 0.603 | Train Acc: 79.90  |  Val Loss: 0.688 | Val Acc: 77.78  |  Test Loss: 0.363 | Tes Acc: 88.17
INFO >> Epoch: 15  |  Layer:  7  |  Train Loss: 0.589 | Train Acc: 80.34  |  Val Loss: 0.684 | Val Acc: 76.52  |  Test Loss: 0.366 | Tes Acc: 88.98
INFO >> Epoch: 15  |  Layer:  8  |  Train Loss: 0.598 | Train Acc: 79.86  |  Val Loss: 0.679 | Val Acc: 77.06  |  Test Loss: 0.356 | Tes Acc: 89.52
INFO >> Epoch: 15  |  Layer:  9  |  Train Loss: 0.601 | Train Acc: 79.32  |  Val Loss: 0.670 | Val Acc: 76.88  |  Test Loss: 0.366 | Tes Acc: 88.17
INFO >> Epoch: 15  |  Layer: 10  |  Train Loss: 0.609 | Train Acc: 79.57  |  Val Loss: 0.680 | Val Acc: 76.16  |  Test Loss: 0.368 | Tes Acc: 88.17
INFO >> Epoch: 15  |  Layer: 11  |  Train Loss: 0.614 | Train Acc: 78.55  |  Val Loss: 0.689 | Val Acc: 75.45  |  Test Loss: 0.364 | Tes Acc: 87.63
INFO >> Epoch: 15  |  Layer: 12  |  Train Loss: 0.616 | Train Acc: 79.32  |  Val Loss: 0.700 | Val Acc: 76.34  |  Test Loss: 0.361 | Tes Acc: 88.71
INFO >> Epoch: 15  |  Layer: 13  |  Train Loss: 0.592 | Train Acc: 79.18  |  Val Loss: 0.698 | Val Acc: 76.52  |  Test Loss: 0.355 | Tes Acc: 88.44
INFO >> Epoch: 15  |  Layer: 14  |  Train Loss: 0.592 | Train Acc: 78.89  |  Val Loss: 0.700 | Val Acc: 75.81  |  Test Loss: 0.349 | Tes Acc: 88.98
INFO >> Epoch: 15  |  Layer: 15  |  Train Loss: 0.618 | Train Acc: 79.18  |  Val Loss: 0.726 | Val Acc: 75.45  |  Test Loss: 0.359 | Tes Acc: 86.56
INFO >> Epoch: 15  |  Layer: 16  |  Train Loss: 0.607 | Train Acc: 78.94  |  Val Loss: 0.718 | Val Acc: 75.63  |  Test Loss: 0.360 | Tes Acc: 87.90
INFO >> Epoch: 15  |  Layer: 17  |  Train Loss: 0.606 | Train Acc: 79.28  |  Val Loss: 0.729 | Val Acc: 74.01  |  Test Loss: 0.387 | Tes Acc: 88.44
INFO >> Epoch: 15  |  Layer: 18  |  Train Loss: 0.614 | Train Acc: 78.41  |  Val Loss: 0.766 | Val Acc: 76.34  |  Test Loss: 0.405 | Tes Acc: 88.44
INFO >> Epoch: 15  |  Layer: 19  |  Train Loss: 0.618 | Train Acc: 79.03  |  Val Loss: 0.772 | Val Acc: 75.45  |  Test Loss: 0.394 | Tes Acc: 87.37
INFO >> Epoch: 15  |  Layer: 20  |  Train Loss: 0.620 | Train Acc: 78.60  |  Val Loss: 0.741 | Val Acc: 76.52  |  Test Loss: 0.368 | Tes Acc: 88.17
INFO >> Epoch: 15  |  Layer: 21  |  Train Loss: 0.654 | Train Acc: 77.25  |  Val Loss: 0.779 | Val Acc: 74.19  |  Test Loss: 0.379 | Tes Acc: 87.37
INFO >> Epoch: 15  |  Layer: 22  |  Train Loss: 0.787 | Train Acc: 73.82  |  Val Loss: 0.851 | Val Acc: 71.68  |  Test Loss: 0.451 | Tes Acc: 85.75
INFO >> Epoch: 15  |  Layer: 23  |  Train Loss: 1.103 | Train Acc: 60.10  |  Val Loss: 1.141 | Val Acc: 60.57  |  Test Loss: 0.823 | Tes Acc: 72.04
INFO >> Epoch: 15  |  Layer: 24  |  Train Loss: 1.196 | Train Acc: 55.07  |  Val Loss: 1.230 | Val Acc: 51.97  |  Test Loss: 0.914 | Tes Acc: 69.35

INFO >> Epoch: 16  |  Layer:  1  |  Train Loss: 0.896 | Train Acc: 68.94  |  Val Loss: 0.880 | Val Acc: 69.00  |  Test Loss: 0.598 | Tes Acc: 79.57
INFO >> Epoch: 16  |  Layer:  2  |  Train Loss: 0.769 | Train Acc: 74.30  |  Val Loss: 0.780 | Val Acc: 73.84  |  Test Loss: 0.509 | Tes Acc: 84.41
INFO >> Epoch: 16  |  Layer:  3  |  Train Loss: 0.711 | Train Acc: 76.71  |  Val Loss: 0.730 | Val Acc: 75.81  |  Test Loss: 0.483 | Tes Acc: 85.22
INFO >> Epoch: 16  |  Layer:  4  |  Train Loss: 0.619 | Train Acc: 79.66  |  Val Loss: 0.685 | Val Acc: 77.42  |  Test Loss: 0.404 | Tes Acc: 88.71
INFO >> Epoch: 16  |  Layer:  5  |  Train Loss: 0.586 | Train Acc: 80.29  |  Val Loss: 0.695 | Val Acc: 76.88  |  Test Loss: 0.368 | Tes Acc: 89.25
INFO >> Epoch: 16  |  Layer:  6  |  Train Loss: 0.598 | Train Acc: 79.61  |  Val Loss: 0.666 | Val Acc: 77.60  |  Test Loss: 0.373 | Tes Acc: 89.78
INFO >> Epoch: 16  |  Layer:  7  |  Train Loss: 0.583 | Train Acc: 80.19  |  Val Loss: 0.659 | Val Acc: 78.49  |  Test Loss: 0.377 | Tes Acc: 89.25
INFO >> Epoch: 16  |  Layer:  8  |  Train Loss: 0.585 | Train Acc: 79.71  |  Val Loss: 0.656 | Val Acc: 79.03  |  Test Loss: 0.365 | Tes Acc: 88.71
INFO >> Epoch: 16  |  Layer:  9  |  Train Loss: 0.583 | Train Acc: 80.24  |  Val Loss: 0.647 | Val Acc: 78.14  |  Test Loss: 0.371 | Tes Acc: 89.25
INFO >> Epoch: 16  |  Layer: 10  |  Train Loss: 0.611 | Train Acc: 79.52  |  Val Loss: 0.672 | Val Acc: 78.49  |  Test Loss: 0.389 | Tes Acc: 86.83
INFO >> Epoch: 16  |  Layer: 11  |  Train Loss: 0.606 | Train Acc: 79.28  |  Val Loss: 0.664 | Val Acc: 77.78  |  Test Loss: 0.397 | Tes Acc: 87.63
INFO >> Epoch: 16  |  Layer: 12  |  Train Loss: 0.610 | Train Acc: 79.32  |  Val Loss: 0.672 | Val Acc: 77.78  |  Test Loss: 0.375 | Tes Acc: 87.63
INFO >> Epoch: 16  |  Layer: 13  |  Train Loss: 0.580 | Train Acc: 80.10  |  Val Loss: 0.682 | Val Acc: 77.24  |  Test Loss: 0.366 | Tes Acc: 89.52
INFO >> Epoch: 16  |  Layer: 14  |  Train Loss: 0.566 | Train Acc: 80.05  |  Val Loss: 0.684 | Val Acc: 77.60  |  Test Loss: 0.369 | Tes Acc: 88.17
INFO >> Epoch: 16  |  Layer: 15  |  Train Loss: 0.586 | Train Acc: 79.76  |  Val Loss: 0.701 | Val Acc: 75.99  |  Test Loss: 0.405 | Tes Acc: 87.90
INFO >> Epoch: 16  |  Layer: 16  |  Train Loss: 0.578 | Train Acc: 80.19  |  Val Loss: 0.687 | Val Acc: 76.52  |  Test Loss: 0.397 | Tes Acc: 86.56
INFO >> Epoch: 16  |  Layer: 17  |  Train Loss: 0.589 | Train Acc: 80.00  |  Val Loss: 0.694 | Val Acc: 77.24  |  Test Loss: 0.431 | Tes Acc: 86.02
INFO >> Epoch: 16  |  Layer: 18  |  Train Loss: 0.586 | Train Acc: 80.24  |  Val Loss: 0.744 | Val Acc: 75.09  |  Test Loss: 0.456 | Tes Acc: 84.95
INFO >> Epoch: 16  |  Layer: 19  |  Train Loss: 0.603 | Train Acc: 78.79  |  Val Loss: 0.732 | Val Acc: 75.81  |  Test Loss: 0.416 | Tes Acc: 86.83
INFO >> Epoch: 16  |  Layer: 20  |  Train Loss: 0.603 | Train Acc: 78.65  |  Val Loss: 0.710 | Val Acc: 76.70  |  Test Loss: 0.376 | Tes Acc: 87.10
INFO >> Epoch: 16  |  Layer: 21  |  Train Loss: 0.645 | Train Acc: 77.15  |  Val Loss: 0.756 | Val Acc: 73.84  |  Test Loss: 0.391 | Tes Acc: 86.29
INFO >> Epoch: 16  |  Layer: 22  |  Train Loss: 0.780 | Train Acc: 72.46  |  Val Loss: 0.829 | Val Acc: 71.86  |  Test Loss: 0.452 | Tes Acc: 86.83
INFO >> Epoch: 16  |  Layer: 23  |  Train Loss: 1.080 | Train Acc: 60.24  |  Val Loss: 1.104 | Val Acc: 61.83  |  Test Loss: 0.797 | Tes Acc: 72.58
INFO >> Epoch: 16  |  Layer: 24  |  Train Loss: 1.192 | Train Acc: 55.27  |  Val Loss: 1.190 | Val Acc: 57.89  |  Test Loss: 0.938 | Tes Acc: 68.55

INFO >> Epoch: 17  |  Layer:  1  |  Train Loss: 0.871 | Train Acc: 70.00  |  Val Loss: 0.983 | Val Acc: 63.44  |  Test Loss: 0.621 | Tes Acc: 79.57
INFO >> Epoch: 17  |  Layer:  2  |  Train Loss: 0.740 | Train Acc: 75.65  |  Val Loss: 0.840 | Val Acc: 72.04  |  Test Loss: 0.492 | Tes Acc: 84.41
INFO >> Epoch: 17  |  Layer:  3  |  Train Loss: 0.690 | Train Acc: 77.29  |  Val Loss: 0.806 | Val Acc: 71.68  |  Test Loss: 0.456 | Tes Acc: 86.29
INFO >> Epoch: 17  |  Layer:  4  |  Train Loss: 0.602 | Train Acc: 79.90  |  Val Loss: 0.724 | Val Acc: 76.16  |  Test Loss: 0.401 | Tes Acc: 87.63
INFO >> Epoch: 17  |  Layer:  5  |  Train Loss: 0.566 | Train Acc: 81.11  |  Val Loss: 0.728 | Val Acc: 75.09  |  Test Loss: 0.362 | Tes Acc: 88.71
INFO >> Epoch: 17  |  Layer:  6  |  Train Loss: 0.582 | Train Acc: 80.68  |  Val Loss: 0.696 | Val Acc: 76.70  |  Test Loss: 0.358 | Tes Acc: 88.17
INFO >> Epoch: 17  |  Layer:  7  |  Train Loss: 0.566 | Train Acc: 80.87  |  Val Loss: 0.681 | Val Acc: 76.52  |  Test Loss: 0.366 | Tes Acc: 89.25
INFO >> Epoch: 17  |  Layer:  8  |  Train Loss: 0.572 | Train Acc: 80.14  |  Val Loss: 0.683 | Val Acc: 77.60  |  Test Loss: 0.343 | Tes Acc: 88.71
INFO >> Epoch: 17  |  Layer:  9  |  Train Loss: 0.575 | Train Acc: 80.05  |  Val Loss: 0.673 | Val Acc: 76.88  |  Test Loss: 0.348 | Tes Acc: 89.78
INFO >> Epoch: 17  |  Layer: 10  |  Train Loss: 0.586 | Train Acc: 80.00  |  Val Loss: 0.676 | Val Acc: 77.06  |  Test Loss: 0.356 | Tes Acc: 88.98
INFO >> Epoch: 17  |  Layer: 11  |  Train Loss: 0.596 | Train Acc: 79.18  |  Val Loss: 0.683 | Val Acc: 75.99  |  Test Loss: 0.350 | Tes Acc: 88.98
INFO >> Epoch: 17  |  Layer: 12  |  Train Loss: 0.605 | Train Acc: 78.55  |  Val Loss: 0.712 | Val Acc: 75.45  |  Test Loss: 0.360 | Tes Acc: 87.90
INFO >> Epoch: 17  |  Layer: 13  |  Train Loss: 0.566 | Train Acc: 80.68  |  Val Loss: 0.704 | Val Acc: 76.16  |  Test Loss: 0.367 | Tes Acc: 86.83
INFO >> Epoch: 17  |  Layer: 14  |  Train Loss: 0.552 | Train Acc: 80.14  |  Val Loss: 0.705 | Val Acc: 75.81  |  Test Loss: 0.366 | Tes Acc: 87.10
INFO >> Epoch: 17  |  Layer: 15  |  Train Loss: 0.570 | Train Acc: 79.81  |  Val Loss: 0.712 | Val Acc: 76.52  |  Test Loss: 0.381 | Tes Acc: 86.29
INFO >> Epoch: 17  |  Layer: 16  |  Train Loss: 0.573 | Train Acc: 79.23  |  Val Loss: 0.709 | Val Acc: 74.19  |  Test Loss: 0.382 | Tes Acc: 87.37
INFO >> Epoch: 17  |  Layer: 17  |  Train Loss: 0.576 | Train Acc: 79.03  |  Val Loss: 0.731 | Val Acc: 74.73  |  Test Loss: 0.416 | Tes Acc: 86.83
INFO >> Epoch: 17  |  Layer: 18  |  Train Loss: 0.587 | Train Acc: 78.07  |  Val Loss: 0.762 | Val Acc: 77.42  |  Test Loss: 0.418 | Tes Acc: 87.10
INFO >> Epoch: 17  |  Layer: 19  |  Train Loss: 0.581 | Train Acc: 78.94  |  Val Loss: 0.775 | Val Acc: 74.01  |  Test Loss: 0.427 | Tes Acc: 87.10
INFO >> Epoch: 17  |  Layer: 20  |  Train Loss: 0.583 | Train Acc: 78.84  |  Val Loss: 0.763 | Val Acc: 73.48  |  Test Loss: 0.397 | Tes Acc: 87.10
INFO >> Epoch: 17  |  Layer: 21  |  Train Loss: 0.623 | Train Acc: 78.65  |  Val Loss: 0.816 | Val Acc: 73.30  |  Test Loss: 0.410 | Tes Acc: 85.22
INFO >> Epoch: 17  |  Layer: 22  |  Train Loss: 0.769 | Train Acc: 72.90  |  Val Loss: 0.858 | Val Acc: 70.25  |  Test Loss: 0.436 | Tes Acc: 86.56
INFO >> Epoch: 17  |  Layer: 23  |  Train Loss: 1.069 | Train Acc: 60.68  |  Val Loss: 1.096 | Val Acc: 60.93  |  Test Loss: 0.752 | Tes Acc: 72.58
INFO >> Epoch: 17  |  Layer: 24  |  Train Loss: 1.185 | Train Acc: 54.64  |  Val Loss: 1.331 | Val Acc: 45.34  |  Test Loss: 0.939 | Tes Acc: 62.37

INFO >> Epoch: 18  |  Layer:  1  |  Train Loss: 0.866 | Train Acc: 69.52  |  Val Loss: 0.879 | Val Acc: 68.28  |  Test Loss: 0.630 | Tes Acc: 80.11
INFO >> Epoch: 18  |  Layer:  2  |  Train Loss: 0.733 | Train Acc: 75.46  |  Val Loss: 0.848 | Val Acc: 70.25  |  Test Loss: 0.576 | Tes Acc: 80.91
INFO >> Epoch: 18  |  Layer:  3  |  Train Loss: 0.677 | Train Acc: 77.39  |  Val Loss: 0.734 | Val Acc: 73.84  |  Test Loss: 0.468 | Tes Acc: 86.29
INFO >> Epoch: 18  |  Layer:  4  |  Train Loss: 0.599 | Train Acc: 79.95  |  Val Loss: 0.683 | Val Acc: 77.96  |  Test Loss: 0.392 | Tes Acc: 89.25
INFO >> Epoch: 18  |  Layer:  5  |  Train Loss: 0.582 | Train Acc: 80.39  |  Val Loss: 0.687 | Val Acc: 76.52  |  Test Loss: 0.365 | Tes Acc: 89.52
INFO >> Epoch: 18  |  Layer:  6  |  Train Loss: 0.592 | Train Acc: 79.47  |  Val Loss: 0.655 | Val Acc: 77.78  |  Test Loss: 0.351 | Tes Acc: 89.25
INFO >> Epoch: 18  |  Layer:  7  |  Train Loss: 0.571 | Train Acc: 80.58  |  Val Loss: 0.654 | Val Acc: 77.24  |  Test Loss: 0.357 | Tes Acc: 89.25
INFO >> Epoch: 18  |  Layer:  8  |  Train Loss: 0.572 | Train Acc: 79.61  |  Val Loss: 0.643 | Val Acc: 77.24  |  Test Loss: 0.347 | Tes Acc: 88.98
INFO >> Epoch: 18  |  Layer:  9  |  Train Loss: 0.561 | Train Acc: 80.58  |  Val Loss: 0.635 | Val Acc: 78.14  |  Test Loss: 0.350 | Tes Acc: 88.44
INFO >> Epoch: 18  |  Layer: 10  |  Train Loss: 0.573 | Train Acc: 80.19  |  Val Loss: 0.660 | Val Acc: 78.14  |  Test Loss: 0.355 | Tes Acc: 87.63
INFO >> Epoch: 18  |  Layer: 11  |  Train Loss: 0.579 | Train Acc: 80.39  |  Val Loss: 0.653 | Val Acc: 78.32  |  Test Loss: 0.364 | Tes Acc: 87.63
INFO >> Epoch: 18  |  Layer: 12  |  Train Loss: 0.583 | Train Acc: 79.71  |  Val Loss: 0.677 | Val Acc: 76.16  |  Test Loss: 0.355 | Tes Acc: 88.44
INFO >> Epoch: 18  |  Layer: 13  |  Train Loss: 0.555 | Train Acc: 80.53  |  Val Loss: 0.669 | Val Acc: 77.60  |  Test Loss: 0.353 | Tes Acc: 88.71
INFO >> Epoch: 18  |  Layer: 14  |  Train Loss: 0.542 | Train Acc: 80.77  |  Val Loss: 0.666 | Val Acc: 78.49  |  Test Loss: 0.356 | Tes Acc: 87.10
INFO >> Epoch: 18  |  Layer: 15  |  Train Loss: 0.560 | Train Acc: 80.58  |  Val Loss: 0.685 | Val Acc: 76.88  |  Test Loss: 0.378 | Tes Acc: 87.10
INFO >> Epoch: 18  |  Layer: 16  |  Train Loss: 0.548 | Train Acc: 80.97  |  Val Loss: 0.690 | Val Acc: 76.70  |  Test Loss: 0.377 | Tes Acc: 88.44
INFO >> Epoch: 18  |  Layer: 17  |  Train Loss: 0.563 | Train Acc: 79.66  |  Val Loss: 0.687 | Val Acc: 76.88  |  Test Loss: 0.409 | Tes Acc: 86.83
INFO >> Epoch: 18  |  Layer: 18  |  Train Loss: 0.562 | Train Acc: 80.82  |  Val Loss: 0.738 | Val Acc: 74.91  |  Test Loss: 0.416 | Tes Acc: 86.83
INFO >> Epoch: 18  |  Layer: 19  |  Train Loss: 0.567 | Train Acc: 80.29  |  Val Loss: 0.752 | Val Acc: 74.55  |  Test Loss: 0.394 | Tes Acc: 86.83
INFO >> Epoch: 18  |  Layer: 20  |  Train Loss: 0.562 | Train Acc: 80.14  |  Val Loss: 0.715 | Val Acc: 76.88  |  Test Loss: 0.363 | Tes Acc: 88.71
INFO >> Epoch: 18  |  Layer: 21  |  Train Loss: 0.623 | Train Acc: 77.87  |  Val Loss: 0.748 | Val Acc: 74.19  |  Test Loss: 0.377 | Tes Acc: 87.63
INFO >> Epoch: 18  |  Layer: 22  |  Train Loss: 0.741 | Train Acc: 74.35  |  Val Loss: 0.828 | Val Acc: 71.15  |  Test Loss: 0.417 | Tes Acc: 86.83
INFO >> Epoch: 18  |  Layer: 23  |  Train Loss: 1.057 | Train Acc: 62.13  |  Val Loss: 1.097 | Val Acc: 60.22  |  Test Loss: 0.757 | Tes Acc: 76.61
INFO >> Epoch: 18  |  Layer: 24  |  Train Loss: 1.200 | Train Acc: 54.20  |  Val Loss: 1.175 | Val Acc: 57.89  |  Test Loss: 0.883 | Tes Acc: 70.43

INFO >> Epoch: 19  |  Layer:  1  |  Train Loss: 0.867 | Train Acc: 70.29  |  Val Loss: 0.928 | Val Acc: 66.13  |  Test Loss: 0.695 | Tes Acc: 77.96
INFO >> Epoch: 19  |  Layer:  2  |  Train Loss: 0.764 | Train Acc: 73.82  |  Val Loss: 0.835 | Val Acc: 70.25  |  Test Loss: 0.566 | Tes Acc: 82.53
INFO >> Epoch: 19  |  Layer:  3  |  Train Loss: 0.702 | Train Acc: 76.28  |  Val Loss: 0.761 | Val Acc: 73.12  |  Test Loss: 0.508 | Tes Acc: 84.41
INFO >> Epoch: 19  |  Layer:  4  |  Train Loss: 0.608 | Train Acc: 79.37  |  Val Loss: 0.726 | Val Acc: 76.34  |  Test Loss: 0.440 | Tes Acc: 88.44
INFO >> Epoch: 19  |  Layer:  5  |  Train Loss: 0.575 | Train Acc: 81.26  |  Val Loss: 0.760 | Val Acc: 76.52  |  Test Loss: 0.437 | Tes Acc: 86.83
INFO >> Epoch: 19  |  Layer:  6  |  Train Loss: 0.583 | Train Acc: 80.68  |  Val Loss: 0.700 | Val Acc: 76.34  |  Test Loss: 0.407 | Tes Acc: 87.90
INFO >> Epoch: 19  |  Layer:  7  |  Train Loss: 0.563 | Train Acc: 81.59  |  Val Loss: 0.683 | Val Acc: 77.60  |  Test Loss: 0.407 | Tes Acc: 88.71
INFO >> Epoch: 19  |  Layer:  8  |  Train Loss: 0.565 | Train Acc: 80.72  |  Val Loss: 0.672 | Val Acc: 76.34  |  Test Loss: 0.385 | Tes Acc: 87.63
INFO >> Epoch: 19  |  Layer:  9  |  Train Loss: 0.560 | Train Acc: 80.92  |  Val Loss: 0.653 | Val Acc: 79.39  |  Test Loss: 0.388 | Tes Acc: 88.44
INFO >> Epoch: 19  |  Layer: 10  |  Train Loss: 0.572 | Train Acc: 80.97  |  Val Loss: 0.669 | Val Acc: 79.03  |  Test Loss: 0.394 | Tes Acc: 87.37
INFO >> Epoch: 19  |  Layer: 11  |  Train Loss: 0.579 | Train Acc: 80.82  |  Val Loss: 0.676 | Val Acc: 77.78  |  Test Loss: 0.404 | Tes Acc: 87.10
INFO >> Epoch: 19  |  Layer: 12  |  Train Loss: 0.604 | Train Acc: 78.31  |  Val Loss: 0.727 | Val Acc: 74.91  |  Test Loss: 0.432 | Tes Acc: 86.02
INFO >> Epoch: 19  |  Layer: 13  |  Train Loss: 0.559 | Train Acc: 80.10  |  Val Loss: 0.721 | Val Acc: 77.06  |  Test Loss: 0.422 | Tes Acc: 86.83
INFO >> Epoch: 19  |  Layer: 14  |  Train Loss: 0.549 | Train Acc: 80.77  |  Val Loss: 0.680 | Val Acc: 76.70  |  Test Loss: 0.376 | Tes Acc: 88.98
INFO >> Epoch: 19  |  Layer: 15  |  Train Loss: 0.562 | Train Acc: 79.81  |  Val Loss: 0.691 | Val Acc: 76.88  |  Test Loss: 0.397 | Tes Acc: 88.44
INFO >> Epoch: 19  |  Layer: 16  |  Train Loss: 0.562 | Train Acc: 80.10  |  Val Loss: 0.693 | Val Acc: 75.81  |  Test Loss: 0.401 | Tes Acc: 87.90
INFO >> Epoch: 19  |  Layer: 17  |  Train Loss: 0.557 | Train Acc: 80.68  |  Val Loss: 0.697 | Val Acc: 77.96  |  Test Loss: 0.443 | Tes Acc: 85.75
INFO >> Epoch: 19  |  Layer: 18  |  Train Loss: 0.589 | Train Acc: 79.76  |  Val Loss: 0.768 | Val Acc: 72.58  |  Test Loss: 0.466 | Tes Acc: 84.68
INFO >> Epoch: 19  |  Layer: 19  |  Train Loss: 0.599 | Train Acc: 78.36  |  Val Loss: 0.750 | Val Acc: 74.55  |  Test Loss: 0.440 | Tes Acc: 86.02
INFO >> Epoch: 19  |  Layer: 20  |  Train Loss: 0.574 | Train Acc: 79.52  |  Val Loss: 0.721 | Val Acc: 76.88  |  Test Loss: 0.387 | Tes Acc: 87.63
INFO >> Epoch: 19  |  Layer: 21  |  Train Loss: 0.612 | Train Acc: 78.16  |  Val Loss: 0.740 | Val Acc: 74.73  |  Test Loss: 0.400 | Tes Acc: 87.63
INFO >> Epoch: 19  |  Layer: 22  |  Train Loss: 0.752 | Train Acc: 72.56  |  Val Loss: 0.837 | Val Acc: 71.33  |  Test Loss: 0.481 | Tes Acc: 85.75
INFO >> Epoch: 19  |  Layer: 23  |  Train Loss: 1.060 | Train Acc: 60.72  |  Val Loss: 1.081 | Val Acc: 61.47  |  Test Loss: 0.750 | Tes Acc: 73.66
INFO >> Epoch: 19  |  Layer: 24  |  Train Loss: 1.181 | Train Acc: 55.17  |  Val Loss: 1.292 | Val Acc: 48.21  |  Test Loss: 1.040 | Tes Acc: 56.45

INFO >> Epoch: 20  |  Layer:  1  |  Train Loss: 0.847 | Train Acc: 71.06  |  Val Loss: 0.864 | Val Acc: 67.20  |  Test Loss: 0.609 | Tes Acc: 79.57
INFO >> Epoch: 20  |  Layer:  2  |  Train Loss: 0.710 | Train Acc: 75.99  |  Val Loss: 0.806 | Val Acc: 71.15  |  Test Loss: 0.547 | Tes Acc: 82.80
INFO >> Epoch: 20  |  Layer:  3  |  Train Loss: 0.663 | Train Acc: 77.73  |  Val Loss: 0.754 | Val Acc: 72.22  |  Test Loss: 0.512 | Tes Acc: 84.95
INFO >> Epoch: 20  |  Layer:  4  |  Train Loss: 0.586 | Train Acc: 80.43  |  Val Loss: 0.740 | Val Acc: 75.09  |  Test Loss: 0.492 | Tes Acc: 86.02
INFO >> Epoch: 20  |  Layer:  5  |  Train Loss: 0.562 | Train Acc: 81.06  |  Val Loss: 0.738 | Val Acc: 73.48  |  Test Loss: 0.455 | Tes Acc: 87.10
INFO >> Epoch: 20  |  Layer:  6  |  Train Loss: 0.576 | Train Acc: 80.48  |  Val Loss: 0.736 | Val Acc: 74.37  |  Test Loss: 0.461 | Tes Acc: 87.37
INFO >> Epoch: 20  |  Layer:  7  |  Train Loss: 0.544 | Train Acc: 81.06  |  Val Loss: 0.698 | Val Acc: 75.27  |  Test Loss: 0.439 | Tes Acc: 87.10
INFO >> Epoch: 20  |  Layer:  8  |  Train Loss: 0.547 | Train Acc: 81.40  |  Val Loss: 0.714 | Val Acc: 74.55  |  Test Loss: 0.450 | Tes Acc: 85.48
INFO >> Epoch: 20  |  Layer:  9  |  Train Loss: 0.548 | Train Acc: 80.97  |  Val Loss: 0.713 | Val Acc: 75.09  |  Test Loss: 0.460 | Tes Acc: 86.56
INFO >> Epoch: 20  |  Layer: 10  |  Train Loss: 0.566 | Train Acc: 81.45  |  Val Loss: 0.721 | Val Acc: 75.27  |  Test Loss: 0.459 | Tes Acc: 86.29
INFO >> Epoch: 20  |  Layer: 11  |  Train Loss: 0.572 | Train Acc: 79.71  |  Val Loss: 0.769 | Val Acc: 71.68  |  Test Loss: 0.486 | Tes Acc: 83.33
INFO >> Epoch: 20  |  Layer: 12  |  Train Loss: 0.574 | Train Acc: 80.00  |  Val Loss: 0.765 | Val Acc: 73.48  |  Test Loss: 0.464 | Tes Acc: 83.87
INFO >> Epoch: 20  |  Layer: 13  |  Train Loss: 0.553 | Train Acc: 80.19  |  Val Loss: 0.764 | Val Acc: 73.66  |  Test Loss: 0.484 | Tes Acc: 84.14
INFO >> Epoch: 20  |  Layer: 14  |  Train Loss: 0.529 | Train Acc: 81.11  |  Val Loss: 0.715 | Val Acc: 75.45  |  Test Loss: 0.450 | Tes Acc: 86.29
INFO >> Epoch: 20  |  Layer: 15  |  Train Loss: 0.552 | Train Acc: 80.82  |  Val Loss: 0.735 | Val Acc: 75.27  |  Test Loss: 0.465 | Tes Acc: 86.29
INFO >> Epoch: 20  |  Layer: 16  |  Train Loss: 0.563 | Train Acc: 80.82  |  Val Loss: 0.726 | Val Acc: 74.73  |  Test Loss: 0.460 | Tes Acc: 86.29
INFO >> Epoch: 20  |  Layer: 17  |  Train Loss: 0.559 | Train Acc: 80.92  |  Val Loss: 0.761 | Val Acc: 73.30  |  Test Loss: 0.504 | Tes Acc: 84.68
INFO >> Epoch: 20  |  Layer: 18  |  Train Loss: 0.578 | Train Acc: 80.53  |  Val Loss: 0.768 | Val Acc: 74.01  |  Test Loss: 0.490 | Tes Acc: 84.95
INFO >> Epoch: 20  |  Layer: 19  |  Train Loss: 0.573 | Train Acc: 80.24  |  Val Loss: 0.827 | Val Acc: 71.51  |  Test Loss: 0.513 | Tes Acc: 84.68
INFO >> Epoch: 20  |  Layer: 20  |  Train Loss: 0.555 | Train Acc: 80.97  |  Val Loss: 0.767 | Val Acc: 72.94  |  Test Loss: 0.439 | Tes Acc: 86.56
INFO >> Epoch: 20  |  Layer: 21  |  Train Loss: 0.595 | Train Acc: 79.90  |  Val Loss: 0.805 | Val Acc: 72.76  |  Test Loss: 0.454 | Tes Acc: 86.02
INFO >> Epoch: 20  |  Layer: 22  |  Train Loss: 0.734 | Train Acc: 75.12  |  Val Loss: 0.849 | Val Acc: 70.07  |  Test Loss: 0.464 | Tes Acc: 85.48
INFO >> Epoch: 20  |  Layer: 23  |  Train Loss: 1.032 | Train Acc: 63.14  |  Val Loss: 1.083 | Val Acc: 62.54  |  Test Loss: 0.777 | Tes Acc: 75.27
INFO >> Epoch: 20  |  Layer: 24  |  Train Loss: 1.167 | Train Acc: 56.04  |  Val Loss: 1.196 | Val Acc: 53.23  |  Test Loss: 0.903 | Tes Acc: 70.70



INFO >> Time Taken: 1:13:18

INFO >> Layer: 1  |  Best Val Acc: 69.35  |  Best Test Acc: 80.11
INFO >> Layer: 2  |  Best Val Acc: 73.84  |  Best Test Acc: 84.41
INFO >> Layer: 3  |  Best Val Acc: 75.81  |  Best Test Acc: 85.22
INFO >> Layer: 4  |  Best Val Acc: 77.96  |  Best Test Acc: 89.25
INFO >> Layer: 5  |  Best Val Acc: 76.88  |  Best Test Acc: 89.25
INFO >> Layer: 6  |  Best Val Acc: 77.78  |  Best Test Acc: 88.17
INFO >> Layer: 7  |  Best Val Acc: 78.49  |  Best Test Acc: 89.25
INFO >> Layer: 8  |  Best Val Acc: 79.03  |  Best Test Acc: 88.71
INFO >> Layer: 9  |  Best Val Acc: 79.39  |  Best Test Acc: 88.44
INFO >> Layer: 10  |  Best Val Acc: 79.03  |  Best Test Acc: 87.37
INFO >> Layer: 11  |  Best Val Acc: 78.32  |  Best Test Acc: 87.63
INFO >> Layer: 12  |  Best Val Acc: 77.78  |  Best Test Acc: 87.63
INFO >> Layer: 13  |  Best Val Acc: 77.60  |  Best Test Acc: 88.71
INFO >> Layer: 14  |  Best Val Acc: 78.49  |  Best Test Acc: 87.10
INFO >> Layer: 15  |  Best Val Acc: 77.24  |  Best Test Acc: 87.37
INFO >> Layer: 16  |  Best Val Acc: 76.70  |  Best Test Acc: 88.44
INFO >> Layer: 17  |  Best Val Acc: 77.96  |  Best Test Acc: 85.75
INFO >> Layer: 18  |  Best Val Acc: 77.42  |  Best Test Acc: 87.10
INFO >> Layer: 19  |  Best Val Acc: 75.81  |  Best Test Acc: 86.02
INFO >> Layer: 20  |  Best Val Acc: 76.88  |  Best Test Acc: 88.71
INFO >> Layer: 21  |  Best Val Acc: 75.81  |  Best Test Acc: 86.56
INFO >> Layer: 22  |  Best Val Acc: 72.58  |  Best Test Acc: 86.56
INFO >> Layer: 23  |  Best Val Acc: 62.54  |  Best Test Acc: 75.27
INFO >> Layer: 24  |  Best Val Acc: 57.89  |  Best Test Acc: 68.55

DEBUG >> Last state saved

INFO >> History saved (./history/v1.3/ShEMO/WAV2VEC2_LARGE_PROBING/Run3/history.pt)
