
--------------------------------------------------
Multilingual SER System v1.2
--------------------------------------------------
Run Name      : Run3
Fx Model      : WAV2VEC2_LARGE
Clf Model     : DENSE
Extract Mode  : gpu_memory
Dataset       : ShEMO
Device        : gpu
Epochs        : 20
Num Workers   : 2
Data Dir      : ./data
History Dir   : ./history
Weights Dir   : ./weights
Log Level     : debug
Purge Cache   : False
Job Name      : Job58
Job Id        : 30684183
GPU           : Quadro RTX 8000
GPU Count     : 1

Timestamp : 2023-03-02 03:19:55.174950

INFO >> Running on CUDA


INFO >> Training Classifier

INFO >> Epoch: 1 |   Train Loss: 1.329 | Train Acc: 49.95 |   Val Loss: 1.053 | Val Acc: 62.37 |   Test Loss: 0.759 | Tes Acc: 74.46
DEBUG >> Best state saved | Val Acc 62.365591526031494 | Test Acc 74.46236610412598

INFO >> Epoch: 2 |   Train Loss: 0.973 | Train Acc: 64.49 |   Val Loss: 0.986 | Val Acc: 65.23 |   Test Loss: 0.546 | Tes Acc: 80.11
DEBUG >> Best state saved | Val Acc 65.23297429084778 | Test Acc 80.1075279712677

INFO >> Epoch: 3 |   Train Loss: 0.818 | Train Acc: 71.06 |   Val Loss: 0.773 | Val Acc: 73.66 |   Test Loss: 0.421 | Tes Acc: 85.75
DEBUG >> Best state saved | Val Acc 73.65591526031494 | Test Acc 85.75268983840942

INFO >> Epoch: 4 |   Train Loss: 0.724 | Train Acc: 75.27 |   Val Loss: 0.746 | Val Acc: 72.94 |   Test Loss: 0.437 | Tes Acc: 87.63
INFO >> Epoch: 5 |   Train Loss: 0.675 | Train Acc: 77.39 |   Val Loss: 0.664 | Val Acc: 76.52 |   Test Loss: 0.380 | Tes Acc: 87.90
DEBUG >> Best state saved | Val Acc 76.52329802513123 | Test Acc 87.90322542190552

INFO >> Epoch: 6 |   Train Loss: 0.621 | Train Acc: 78.70 |   Val Loss: 0.693 | Val Acc: 75.45 |   Test Loss: 0.398 | Tes Acc: 87.63
INFO >> Epoch: 7 |   Train Loss: 0.606 | Train Acc: 79.32 |   Val Loss: 0.662 | Val Acc: 78.85 |   Test Loss: 0.357 | Tes Acc: 88.71
DEBUG >> Best state saved | Val Acc 78.85304689407349 | Test Acc 88.70967626571655

INFO >> Epoch: 8 |   Train Loss: 0.534 | Train Acc: 81.64 |   Val Loss: 0.605 | Val Acc: 80.11 |   Test Loss: 0.337 | Tes Acc: 89.52
DEBUG >> Best state saved | Val Acc 80.1075279712677 | Test Acc 89.51612710952759

INFO >> Epoch: 9 |   Train Loss: 0.519 | Train Acc: 82.90 |   Val Loss: 0.686 | Val Acc: 78.14 |   Test Loss: 0.359 | Tes Acc: 88.98
INFO >> Epoch: 10 |   Train Loss: 0.510 | Train Acc: 83.14 |   Val Loss: 0.670 | Val Acc: 78.14 |   Test Loss: 0.350 | Tes Acc: 88.71
INFO >> Epoch: 11 |   Train Loss: 0.449 | Train Acc: 84.59 |   Val Loss: 0.632 | Val Acc: 79.75 |   Test Loss: 0.391 | Tes Acc: 88.17
INFO >> Epoch: 12 |   Train Loss: 0.444 | Train Acc: 84.83 |   Val Loss: 0.626 | Val Acc: 79.75 |   Test Loss: 0.355 | Tes Acc: 88.17
INFO >> Epoch: 13 |   Train Loss: 0.432 | Train Acc: 85.56 |   Val Loss: 0.630 | Val Acc: 80.11 |   Test Loss: 0.311 | Tes Acc: 90.32
INFO >> Epoch: 14 |   Train Loss: 0.401 | Train Acc: 86.43 |   Val Loss: 0.593 | Val Acc: 80.65 |   Test Loss: 0.343 | Tes Acc: 90.32
DEBUG >> Best state saved | Val Acc 80.64516186714172 | Test Acc 90.32257795333862

INFO >> Epoch: 15 |   Train Loss: 0.368 | Train Acc: 87.73 |   Val Loss: 0.695 | Val Acc: 77.06 |   Test Loss: 0.399 | Tes Acc: 87.10
INFO >> Epoch: 16 |   Train Loss: 0.362 | Train Acc: 88.02 |   Val Loss: 0.647 | Val Acc: 80.47 |   Test Loss: 0.387 | Tes Acc: 88.98
INFO >> Epoch: 17 |   Train Loss: 0.325 | Train Acc: 88.41 |   Val Loss: 0.644 | Val Acc: 80.47 |   Test Loss: 0.345 | Tes Acc: 91.13
INFO >> Epoch: 18 |   Train Loss: 0.326 | Train Acc: 88.74 |   Val Loss: 0.673 | Val Acc: 79.93 |   Test Loss: 0.377 | Tes Acc: 88.98
INFO >> Epoch: 19 |   Train Loss: 0.306 | Train Acc: 89.28 |   Val Loss: 0.639 | Val Acc: 79.57 |   Test Loss: 0.356 | Tes Acc: 90.86
INFO >> Epoch: 20 |   Train Loss: 0.282 | Train Acc: 91.01 |   Val Loss: 0.679 | Val Acc: 80.65 |   Test Loss: 0.365 | Tes Acc: 91.40


INFO >> Time Taken: 1:14:43

INFO >> Best Val Acc : 80.64516186714172 | Best Test Acc : 90.32257795333862

INFO >> Agg. Weights : 
-0.01049572043120861 -0.1947251260280609 -0.17138007283210754 0.10971590131521225 0.02069058269262314 0.290150910615921 0.24672931432724 0.0324753075838089 0.18744593858718872 -0.24975889921188354 -0.41957995295524597 0.3170686364173889 -0.047202810645103455 0.027273058891296387 0.018864309415221214 0.3161068260669708 -0.2141304910182953 0.11403793841600418 -0.3547680974006653 0.037922825664281845 -0.17197078466415405 0.012987885624170303 0.09116893261671066 -0.007538813166320324

DEBUG >> Last state saved | Val Acc 80.64516186714172 | Test Acc 91.39785170555115

INFO >> History saved (./history/v1.2/ShEMO/WAV2VEC2_LARGE_DENSE/Run3/history.pt)
