
--------------------------------------------------
Multilingual SER System v1.4
--------------------------------------------------
Run Name      : Run2
Fx Model      : HUBERT_BASE
Clf Model     : PROBING
Extract Mode  : gpu_memory
Dataset       : RAVDESS
Device        : gpu
Epochs        : 30
Num Workers   : 3
Data Dir      : ./data
History Dir   : ./history
Weights Dir   : ./weights
Log Level     : debug
Purge Cache   : False
Job Name      : Job309
Job Id        : 30913088
GPU           : Quadro RTX 8000
GPU Count     : 1
GPU Memory    : 44.49 GB

Timestamp : 2023-03-11 11:17:32.230629

INFO >> Running on CUDA


INFO >> Training Classifier

INFO >> Epoch: 1  |  Layer:  1  |  Train Loss: 2.001 | Train Acc: 20.24  |  Val Loss: 1.904 | Val Acc: 28.00  |  Test Loss: 1.917 | Tes Acc: 32.33
INFO >> Epoch: 1  |  Layer:  2  |  Train Loss: 2.032 | Train Acc: 22.98  |  Val Loss: 1.960 | Val Acc: 25.67  |  Test Loss: 1.970 | Tes Acc: 30.33
INFO >> Epoch: 1  |  Layer:  3  |  Train Loss: 2.030 | Train Acc: 21.19  |  Val Loss: 1.969 | Val Acc: 27.33  |  Test Loss: 1.974 | Tes Acc: 33.33
INFO >> Epoch: 1  |  Layer:  4  |  Train Loss: 2.025 | Train Acc: 22.14  |  Val Loss: 1.960 | Val Acc: 34.00  |  Test Loss: 1.971 | Tes Acc: 33.67
INFO >> Epoch: 1  |  Layer:  5  |  Train Loss: 2.029 | Train Acc: 23.10  |  Val Loss: 1.960 | Val Acc: 34.33  |  Test Loss: 1.975 | Tes Acc: 32.00
INFO >> Epoch: 1  |  Layer:  6  |  Train Loss: 2.028 | Train Acc: 20.71  |  Val Loss: 1.962 | Val Acc: 37.67  |  Test Loss: 1.980 | Tes Acc: 40.00
INFO >> Epoch: 1  |  Layer:  7  |  Train Loss: 2.027 | Train Acc: 21.67  |  Val Loss: 1.948 | Val Acc: 42.00  |  Test Loss: 1.968 | Tes Acc: 39.33
INFO >> Epoch: 1  |  Layer:  8  |  Train Loss: 2.015 | Train Acc: 22.74  |  Val Loss: 1.929 | Val Acc: 41.67  |  Test Loss: 1.944 | Tes Acc: 38.33
INFO >> Epoch: 1  |  Layer:  9  |  Train Loss: 2.015 | Train Acc: 22.62  |  Val Loss: 1.925 | Val Acc: 43.00  |  Test Loss: 1.939 | Tes Acc: 42.67
INFO >> Epoch: 1  |  Layer: 10  |  Train Loss: 2.019 | Train Acc: 23.10  |  Val Loss: 1.936 | Val Acc: 40.00  |  Test Loss: 1.950 | Tes Acc: 36.00
INFO >> Epoch: 1  |  Layer: 11  |  Train Loss: 2.026 | Train Acc: 27.14  |  Val Loss: 1.947 | Val Acc: 42.33  |  Test Loss: 1.969 | Tes Acc: 35.33
INFO >> Epoch: 1  |  Layer: 12  |  Train Loss: 2.026 | Train Acc: 23.57  |  Val Loss: 1.945 | Val Acc: 41.67  |  Test Loss: 1.963 | Tes Acc: 36.00
INFO >> Epoch: 1  |  Layer: 13  |  Train Loss: 2.021 | Train Acc: 22.50  |  Val Loss: 1.956 | Val Acc: 35.67  |  Test Loss: 1.969 | Tes Acc: 32.67

INFO >> Epoch: 2  |  Layer:  1  |  Train Loss: 1.871 | Train Acc: 26.19  |  Val Loss: 1.757 | Val Acc: 30.67  |  Test Loss: 1.765 | Tes Acc: 34.00
INFO >> Epoch: 2  |  Layer:  2  |  Train Loss: 1.903 | Train Acc: 31.55  |  Val Loss: 1.826 | Val Acc: 31.00  |  Test Loss: 1.837 | Tes Acc: 35.33
INFO >> Epoch: 2  |  Layer:  3  |  Train Loss: 1.909 | Train Acc: 37.26  |  Val Loss: 1.845 | Val Acc: 31.33  |  Test Loss: 1.850 | Tes Acc: 35.33
INFO >> Epoch: 2  |  Layer:  4  |  Train Loss: 1.895 | Train Acc: 38.10  |  Val Loss: 1.821 | Val Acc: 37.33  |  Test Loss: 1.833 | Tes Acc: 35.33
INFO >> Epoch: 2  |  Layer:  5  |  Train Loss: 1.901 | Train Acc: 36.67  |  Val Loss: 1.821 | Val Acc: 35.00  |  Test Loss: 1.841 | Tes Acc: 39.00
INFO >> Epoch: 2  |  Layer:  6  |  Train Loss: 1.897 | Train Acc: 40.60  |  Val Loss: 1.815 | Val Acc: 34.33  |  Test Loss: 1.840 | Tes Acc: 36.00
INFO >> Epoch: 2  |  Layer:  7  |  Train Loss: 1.879 | Train Acc: 43.33  |  Val Loss: 1.782 | Val Acc: 41.33  |  Test Loss: 1.818 | Tes Acc: 37.33
INFO >> Epoch: 2  |  Layer:  8  |  Train Loss: 1.848 | Train Acc: 42.02  |  Val Loss: 1.758 | Val Acc: 37.33  |  Test Loss: 1.774 | Tes Acc: 36.67
INFO >> Epoch: 2  |  Layer:  9  |  Train Loss: 1.842 | Train Acc: 41.90  |  Val Loss: 1.747 | Val Acc: 38.67  |  Test Loss: 1.767 | Tes Acc: 36.67
INFO >> Epoch: 2  |  Layer: 10  |  Train Loss: 1.859 | Train Acc: 40.24  |  Val Loss: 1.766 | Val Acc: 39.33  |  Test Loss: 1.786 | Tes Acc: 38.33
INFO >> Epoch: 2  |  Layer: 11  |  Train Loss: 1.881 | Train Acc: 40.48  |  Val Loss: 1.789 | Val Acc: 39.67  |  Test Loss: 1.820 | Tes Acc: 38.33
INFO >> Epoch: 2  |  Layer: 12  |  Train Loss: 1.881 | Train Acc: 39.76  |  Val Loss: 1.791 | Val Acc: 40.33  |  Test Loss: 1.811 | Tes Acc: 38.00
INFO >> Epoch: 2  |  Layer: 13  |  Train Loss: 1.896 | Train Acc: 34.29  |  Val Loss: 1.824 | Val Acc: 36.00  |  Test Loss: 1.840 | Tes Acc: 35.33

INFO >> Epoch: 3  |  Layer:  1  |  Train Loss: 1.753 | Train Acc: 32.62  |  Val Loss: 1.699 | Val Acc: 35.00  |  Test Loss: 1.685 | Tes Acc: 34.00
INFO >> Epoch: 3  |  Layer:  2  |  Train Loss: 1.786 | Train Acc: 34.76  |  Val Loss: 1.721 | Val Acc: 35.67  |  Test Loss: 1.722 | Tes Acc: 44.00
INFO >> Epoch: 3  |  Layer:  3  |  Train Loss: 1.785 | Train Acc: 36.90  |  Val Loss: 1.734 | Val Acc: 37.00  |  Test Loss: 1.722 | Tes Acc: 43.67
INFO >> Epoch: 3  |  Layer:  4  |  Train Loss: 1.756 | Train Acc: 39.76  |  Val Loss: 1.694 | Val Acc: 41.00  |  Test Loss: 1.696 | Tes Acc: 44.67
INFO >> Epoch: 3  |  Layer:  5  |  Train Loss: 1.762 | Train Acc: 40.95  |  Val Loss: 1.690 | Val Acc: 41.33  |  Test Loss: 1.707 | Tes Acc: 42.00
INFO >> Epoch: 3  |  Layer:  6  |  Train Loss: 1.742 | Train Acc: 42.26  |  Val Loss: 1.672 | Val Acc: 44.00  |  Test Loss: 1.695 | Tes Acc: 42.33
INFO >> Epoch: 3  |  Layer:  7  |  Train Loss: 1.711 | Train Acc: 45.12  |  Val Loss: 1.617 | Val Acc: 47.33  |  Test Loss: 1.655 | Tes Acc: 43.67
INFO >> Epoch: 3  |  Layer:  8  |  Train Loss: 1.676 | Train Acc: 43.45  |  Val Loss: 1.599 | Val Acc: 44.33  |  Test Loss: 1.616 | Tes Acc: 42.33
INFO >> Epoch: 3  |  Layer:  9  |  Train Loss: 1.665 | Train Acc: 45.48  |  Val Loss: 1.572 | Val Acc: 45.00  |  Test Loss: 1.598 | Tes Acc: 44.00
INFO >> Epoch: 3  |  Layer: 10  |  Train Loss: 1.688 | Train Acc: 42.62  |  Val Loss: 1.603 | Val Acc: 46.00  |  Test Loss: 1.624 | Tes Acc: 41.00
INFO >> Epoch: 3  |  Layer: 11  |  Train Loss: 1.714 | Train Acc: 43.45  |  Val Loss: 1.629 | Val Acc: 44.00  |  Test Loss: 1.662 | Tes Acc: 42.67
INFO >> Epoch: 3  |  Layer: 12  |  Train Loss: 1.724 | Train Acc: 41.90  |  Val Loss: 1.637 | Val Acc: 44.67  |  Test Loss: 1.655 | Tes Acc: 43.33
INFO >> Epoch: 3  |  Layer: 13  |  Train Loss: 1.754 | Train Acc: 38.93  |  Val Loss: 1.701 | Val Acc: 37.67  |  Test Loss: 1.704 | Tes Acc: 39.33

INFO >> Epoch: 4  |  Layer:  1  |  Train Loss: 1.675 | Train Acc: 36.67  |  Val Loss: 1.625 | Val Acc: 41.33  |  Test Loss: 1.611 | Tes Acc: 43.33
INFO >> Epoch: 4  |  Layer:  2  |  Train Loss: 1.683 | Train Acc: 40.24  |  Val Loss: 1.667 | Val Acc: 35.00  |  Test Loss: 1.665 | Tes Acc: 37.33
INFO >> Epoch: 4  |  Layer:  3  |  Train Loss: 1.665 | Train Acc: 44.05  |  Val Loss: 1.665 | Val Acc: 35.00  |  Test Loss: 1.648 | Tes Acc: 39.00
INFO >> Epoch: 4  |  Layer:  4  |  Train Loss: 1.616 | Train Acc: 46.19  |  Val Loss: 1.615 | Val Acc: 39.00  |  Test Loss: 1.608 | Tes Acc: 40.67
INFO >> Epoch: 4  |  Layer:  5  |  Train Loss: 1.620 | Train Acc: 47.02  |  Val Loss: 1.603 | Val Acc: 39.67  |  Test Loss: 1.617 | Tes Acc: 40.67
INFO >> Epoch: 4  |  Layer:  6  |  Train Loss: 1.576 | Train Acc: 48.93  |  Val Loss: 1.568 | Val Acc: 40.33  |  Test Loss: 1.580 | Tes Acc: 46.67
INFO >> Epoch: 4  |  Layer:  7  |  Train Loss: 1.539 | Train Acc: 51.43  |  Val Loss: 1.505 | Val Acc: 46.33  |  Test Loss: 1.545 | Tes Acc: 47.67
INFO >> Epoch: 4  |  Layer:  8  |  Train Loss: 1.509 | Train Acc: 51.79  |  Val Loss: 1.487 | Val Acc: 47.33  |  Test Loss: 1.511 | Tes Acc: 47.67
INFO >> Epoch: 4  |  Layer:  9  |  Train Loss: 1.488 | Train Acc: 50.71  |  Val Loss: 1.459 | Val Acc: 48.33  |  Test Loss: 1.482 | Tes Acc: 49.67
INFO >> Epoch: 4  |  Layer: 10  |  Train Loss: 1.517 | Train Acc: 48.45  |  Val Loss: 1.488 | Val Acc: 47.33  |  Test Loss: 1.509 | Tes Acc: 48.00
INFO >> Epoch: 4  |  Layer: 11  |  Train Loss: 1.537 | Train Acc: 48.93  |  Val Loss: 1.503 | Val Acc: 46.67  |  Test Loss: 1.541 | Tes Acc: 45.67
INFO >> Epoch: 4  |  Layer: 12  |  Train Loss: 1.557 | Train Acc: 47.38  |  Val Loss: 1.525 | Val Acc: 44.33  |  Test Loss: 1.539 | Tes Acc: 49.00
INFO >> Epoch: 4  |  Layer: 13  |  Train Loss: 1.605 | Train Acc: 45.24  |  Val Loss: 1.601 | Val Acc: 37.67  |  Test Loss: 1.592 | Tes Acc: 45.00

INFO >> Epoch: 5  |  Layer:  1  |  Train Loss: 1.642 | Train Acc: 36.19  |  Val Loss: 1.656 | Val Acc: 31.67  |  Test Loss: 1.621 | Tes Acc: 35.00
INFO >> Epoch: 5  |  Layer:  2  |  Train Loss: 1.625 | Train Acc: 41.90  |  Val Loss: 1.604 | Val Acc: 38.67  |  Test Loss: 1.578 | Tes Acc: 45.33
INFO >> Epoch: 5  |  Layer:  3  |  Train Loss: 1.592 | Train Acc: 45.71  |  Val Loss: 1.589 | Val Acc: 40.33  |  Test Loss: 1.554 | Tes Acc: 47.33
INFO >> Epoch: 5  |  Layer:  4  |  Train Loss: 1.535 | Train Acc: 47.74  |  Val Loss: 1.522 | Val Acc: 44.33  |  Test Loss: 1.510 | Tes Acc: 48.67
INFO >> Epoch: 5  |  Layer:  5  |  Train Loss: 1.535 | Train Acc: 49.52  |  Val Loss: 1.499 | Val Acc: 48.00  |  Test Loss: 1.515 | Tes Acc: 47.33
INFO >> Epoch: 5  |  Layer:  6  |  Train Loss: 1.472 | Train Acc: 52.74  |  Val Loss: 1.444 | Val Acc: 48.33  |  Test Loss: 1.466 | Tes Acc: 49.33
INFO >> Epoch: 5  |  Layer:  7  |  Train Loss: 1.424 | Train Acc: 53.45  |  Val Loss: 1.365 | Val Acc: 55.33  |  Test Loss: 1.419 | Tes Acc: 50.33
INFO >> Epoch: 5  |  Layer:  8  |  Train Loss: 1.404 | Train Acc: 53.21  |  Val Loss: 1.354 | Val Acc: 53.00  |  Test Loss: 1.401 | Tes Acc: 49.00
INFO >> Epoch: 5  |  Layer:  9  |  Train Loss: 1.380 | Train Acc: 55.12  |  Val Loss: 1.311 | Val Acc: 57.67  |  Test Loss: 1.372 | Tes Acc: 53.33
INFO >> Epoch: 5  |  Layer: 10  |  Train Loss: 1.412 | Train Acc: 54.40  |  Val Loss: 1.351 | Val Acc: 56.33  |  Test Loss: 1.405 | Tes Acc: 50.33
INFO >> Epoch: 5  |  Layer: 11  |  Train Loss: 1.425 | Train Acc: 53.57  |  Val Loss: 1.357 | Val Acc: 56.33  |  Test Loss: 1.441 | Tes Acc: 48.00
INFO >> Epoch: 5  |  Layer: 12  |  Train Loss: 1.456 | Train Acc: 50.36  |  Val Loss: 1.400 | Val Acc: 49.67  |  Test Loss: 1.445 | Tes Acc: 47.67
INFO >> Epoch: 5  |  Layer: 13  |  Train Loss: 1.511 | Train Acc: 48.57  |  Val Loss: 1.475 | Val Acc: 50.00  |  Test Loss: 1.501 | Tes Acc: 45.00

INFO >> Epoch: 6  |  Layer:  1  |  Train Loss: 1.597 | Train Acc: 37.50  |  Val Loss: 1.557 | Val Acc: 40.67  |  Test Loss: 1.531 | Tes Acc: 44.00
INFO >> Epoch: 6  |  Layer:  2  |  Train Loss: 1.563 | Train Acc: 45.36  |  Val Loss: 1.570 | Val Acc: 38.67  |  Test Loss: 1.524 | Tes Acc: 46.33
INFO >> Epoch: 6  |  Layer:  3  |  Train Loss: 1.511 | Train Acc: 46.79  |  Val Loss: 1.549 | Val Acc: 41.00  |  Test Loss: 1.489 | Tes Acc: 47.33
INFO >> Epoch: 6  |  Layer:  4  |  Train Loss: 1.434 | Train Acc: 50.00  |  Val Loss: 1.479 | Val Acc: 44.67  |  Test Loss: 1.443 | Tes Acc: 50.33
INFO >> Epoch: 6  |  Layer:  5  |  Train Loss: 1.433 | Train Acc: 51.55  |  Val Loss: 1.440 | Val Acc: 46.33  |  Test Loss: 1.441 | Tes Acc: 49.00
INFO >> Epoch: 6  |  Layer:  6  |  Train Loss: 1.355 | Train Acc: 55.48  |  Val Loss: 1.377 | Val Acc: 51.00  |  Test Loss: 1.389 | Tes Acc: 51.67
INFO >> Epoch: 6  |  Layer:  7  |  Train Loss: 1.301 | Train Acc: 59.52  |  Val Loss: 1.278 | Val Acc: 56.67  |  Test Loss: 1.345 | Tes Acc: 54.00
INFO >> Epoch: 6  |  Layer:  8  |  Train Loss: 1.292 | Train Acc: 56.79  |  Val Loss: 1.272 | Val Acc: 57.00  |  Test Loss: 1.339 | Tes Acc: 53.33
INFO >> Epoch: 6  |  Layer:  9  |  Train Loss: 1.260 | Train Acc: 59.05  |  Val Loss: 1.229 | Val Acc: 58.67  |  Test Loss: 1.315 | Tes Acc: 55.67
INFO >> Epoch: 6  |  Layer: 10  |  Train Loss: 1.301 | Train Acc: 57.26  |  Val Loss: 1.272 | Val Acc: 57.33  |  Test Loss: 1.344 | Tes Acc: 53.00
INFO >> Epoch: 6  |  Layer: 11  |  Train Loss: 1.308 | Train Acc: 56.79  |  Val Loss: 1.271 | Val Acc: 59.00  |  Test Loss: 1.381 | Tes Acc: 50.67
INFO >> Epoch: 6  |  Layer: 12  |  Train Loss: 1.346 | Train Acc: 54.64  |  Val Loss: 1.324 | Val Acc: 54.00  |  Test Loss: 1.388 | Tes Acc: 50.67
INFO >> Epoch: 6  |  Layer: 13  |  Train Loss: 1.408 | Train Acc: 51.90  |  Val Loss: 1.400 | Val Acc: 52.33  |  Test Loss: 1.444 | Tes Acc: 48.67

INFO >> Epoch: 7  |  Layer:  1  |  Train Loss: 1.559 | Train Acc: 43.10  |  Val Loss: 1.545 | Val Acc: 40.33  |  Test Loss: 1.478 | Tes Acc: 48.00
INFO >> Epoch: 7  |  Layer:  2  |  Train Loss: 1.507 | Train Acc: 46.67  |  Val Loss: 1.547 | Val Acc: 40.67  |  Test Loss: 1.484 | Tes Acc: 48.33
INFO >> Epoch: 7  |  Layer:  3  |  Train Loss: 1.440 | Train Acc: 50.71  |  Val Loss: 1.518 | Val Acc: 40.00  |  Test Loss: 1.437 | Tes Acc: 48.67
INFO >> Epoch: 7  |  Layer:  4  |  Train Loss: 1.354 | Train Acc: 53.10  |  Val Loss: 1.446 | Val Acc: 47.67  |  Test Loss: 1.388 | Tes Acc: 51.67
INFO >> Epoch: 7  |  Layer:  5  |  Train Loss: 1.350 | Train Acc: 53.69  |  Val Loss: 1.395 | Val Acc: 50.33  |  Test Loss: 1.381 | Tes Acc: 51.33
INFO >> Epoch: 7  |  Layer:  6  |  Train Loss: 1.262 | Train Acc: 59.40  |  Val Loss: 1.341 | Val Acc: 52.00  |  Test Loss: 1.328 | Tes Acc: 53.33
INFO >> Epoch: 7  |  Layer:  7  |  Train Loss: 1.196 | Train Acc: 61.67  |  Val Loss: 1.218 | Val Acc: 58.00  |  Test Loss: 1.284 | Tes Acc: 57.00
INFO >> Epoch: 7  |  Layer:  8  |  Train Loss: 1.195 | Train Acc: 60.48  |  Val Loss: 1.215 | Val Acc: 56.67  |  Test Loss: 1.278 | Tes Acc: 54.33
INFO >> Epoch: 7  |  Layer:  9  |  Train Loss: 1.168 | Train Acc: 61.55  |  Val Loss: 1.169 | Val Acc: 61.00  |  Test Loss: 1.256 | Tes Acc: 56.00
INFO >> Epoch: 7  |  Layer: 10  |  Train Loss: 1.208 | Train Acc: 60.12  |  Val Loss: 1.210 | Val Acc: 58.67  |  Test Loss: 1.283 | Tes Acc: 55.67
INFO >> Epoch: 7  |  Layer: 11  |  Train Loss: 1.209 | Train Acc: 58.57  |  Val Loss: 1.210 | Val Acc: 58.00  |  Test Loss: 1.323 | Tes Acc: 54.00
INFO >> Epoch: 7  |  Layer: 12  |  Train Loss: 1.256 | Train Acc: 57.14  |  Val Loss: 1.275 | Val Acc: 54.33  |  Test Loss: 1.335 | Tes Acc: 52.67
INFO >> Epoch: 7  |  Layer: 13  |  Train Loss: 1.320 | Train Acc: 55.48  |  Val Loss: 1.357 | Val Acc: 52.00  |  Test Loss: 1.391 | Tes Acc: 50.67

INFO >> Epoch: 8  |  Layer:  1  |  Train Loss: 1.500 | Train Acc: 44.40  |  Val Loss: 1.558 | Val Acc: 42.00  |  Test Loss: 1.479 | Tes Acc: 44.67
INFO >> Epoch: 8  |  Layer:  2  |  Train Loss: 1.428 | Train Acc: 48.45  |  Val Loss: 1.522 | Val Acc: 39.33  |  Test Loss: 1.441 | Tes Acc: 48.33
INFO >> Epoch: 8  |  Layer:  3  |  Train Loss: 1.358 | Train Acc: 52.02  |  Val Loss: 1.491 | Val Acc: 43.67  |  Test Loss: 1.390 | Tes Acc: 50.67
INFO >> Epoch: 8  |  Layer:  4  |  Train Loss: 1.273 | Train Acc: 55.95  |  Val Loss: 1.410 | Val Acc: 50.00  |  Test Loss: 1.346 | Tes Acc: 54.33
INFO >> Epoch: 8  |  Layer:  5  |  Train Loss: 1.261 | Train Acc: 57.14  |  Val Loss: 1.345 | Val Acc: 53.67  |  Test Loss: 1.335 | Tes Acc: 52.33
INFO >> Epoch: 8  |  Layer:  6  |  Train Loss: 1.169 | Train Acc: 61.55  |  Val Loss: 1.286 | Val Acc: 54.67  |  Test Loss: 1.267 | Tes Acc: 57.67
INFO >> Epoch: 8  |  Layer:  7  |  Train Loss: 1.096 | Train Acc: 64.76  |  Val Loss: 1.160 | Val Acc: 61.00  |  Test Loss: 1.213 | Tes Acc: 60.33
INFO >> Epoch: 8  |  Layer:  8  |  Train Loss: 1.100 | Train Acc: 64.29  |  Val Loss: 1.148 | Val Acc: 60.67  |  Test Loss: 1.228 | Tes Acc: 57.00
INFO >> Epoch: 8  |  Layer:  9  |  Train Loss: 1.071 | Train Acc: 66.31  |  Val Loss: 1.107 | Val Acc: 60.00  |  Test Loss: 1.202 | Tes Acc: 60.33
INFO >> Epoch: 8  |  Layer: 10  |  Train Loss: 1.117 | Train Acc: 64.29  |  Val Loss: 1.148 | Val Acc: 58.67  |  Test Loss: 1.237 | Tes Acc: 60.33
INFO >> Epoch: 8  |  Layer: 11  |  Train Loss: 1.118 | Train Acc: 63.57  |  Val Loss: 1.139 | Val Acc: 58.67  |  Test Loss: 1.273 | Tes Acc: 56.33
INFO >> Epoch: 8  |  Layer: 12  |  Train Loss: 1.162 | Train Acc: 61.43  |  Val Loss: 1.196 | Val Acc: 57.67  |  Test Loss: 1.289 | Tes Acc: 53.00
INFO >> Epoch: 8  |  Layer: 13  |  Train Loss: 1.225 | Train Acc: 59.17  |  Val Loss: 1.293 | Val Acc: 56.00  |  Test Loss: 1.344 | Tes Acc: 53.00

INFO >> Epoch: 9  |  Layer:  1  |  Train Loss: 1.495 | Train Acc: 44.40  |  Val Loss: 1.519 | Val Acc: 43.00  |  Test Loss: 1.430 | Tes Acc: 49.33
INFO >> Epoch: 9  |  Layer:  2  |  Train Loss: 1.412 | Train Acc: 50.95  |  Val Loss: 1.530 | Val Acc: 40.67  |  Test Loss: 1.406 | Tes Acc: 52.00
INFO >> Epoch: 9  |  Layer:  3  |  Train Loss: 1.336 | Train Acc: 52.74  |  Val Loss: 1.508 | Val Acc: 42.33  |  Test Loss: 1.368 | Tes Acc: 51.67
INFO >> Epoch: 9  |  Layer:  4  |  Train Loss: 1.250 | Train Acc: 55.48  |  Val Loss: 1.398 | Val Acc: 49.00  |  Test Loss: 1.318 | Tes Acc: 53.67
INFO >> Epoch: 9  |  Layer:  5  |  Train Loss: 1.232 | Train Acc: 58.21  |  Val Loss: 1.324 | Val Acc: 51.33  |  Test Loss: 1.307 | Tes Acc: 53.33
INFO >> Epoch: 9  |  Layer:  6  |  Train Loss: 1.135 | Train Acc: 62.74  |  Val Loss: 1.242 | Val Acc: 56.00  |  Test Loss: 1.227 | Tes Acc: 58.00
INFO >> Epoch: 9  |  Layer:  7  |  Train Loss: 1.055 | Train Acc: 66.31  |  Val Loss: 1.110 | Val Acc: 61.00  |  Test Loss: 1.170 | Tes Acc: 60.00
INFO >> Epoch: 9  |  Layer:  8  |  Train Loss: 1.067 | Train Acc: 65.24  |  Val Loss: 1.095 | Val Acc: 63.00  |  Test Loss: 1.197 | Tes Acc: 60.00
INFO >> Epoch: 9  |  Layer:  9  |  Train Loss: 1.035 | Train Acc: 66.07  |  Val Loss: 1.056 | Val Acc: 61.00  |  Test Loss: 1.172 | Tes Acc: 59.00
INFO >> Epoch: 9  |  Layer: 10  |  Train Loss: 1.085 | Train Acc: 65.00  |  Val Loss: 1.099 | Val Acc: 58.00  |  Test Loss: 1.205 | Tes Acc: 56.00
INFO >> Epoch: 9  |  Layer: 11  |  Train Loss: 1.083 | Train Acc: 63.93  |  Val Loss: 1.092 | Val Acc: 60.67  |  Test Loss: 1.246 | Tes Acc: 54.67
INFO >> Epoch: 9  |  Layer: 12  |  Train Loss: 1.129 | Train Acc: 63.45  |  Val Loss: 1.151 | Val Acc: 59.67  |  Test Loss: 1.269 | Tes Acc: 53.67
INFO >> Epoch: 9  |  Layer: 13  |  Train Loss: 1.194 | Train Acc: 60.83  |  Val Loss: 1.239 | Val Acc: 56.00  |  Test Loss: 1.319 | Tes Acc: 53.00

INFO >> Epoch: 10  |  Layer:  1  |  Train Loss: 1.450 | Train Acc: 48.57  |  Val Loss: 1.609 | Val Acc: 40.67  |  Test Loss: 1.504 | Tes Acc: 44.33
INFO >> Epoch: 10  |  Layer:  2  |  Train Loss: 1.350 | Train Acc: 53.45  |  Val Loss: 1.470 | Val Acc: 45.67  |  Test Loss: 1.417 | Tes Acc: 47.00
INFO >> Epoch: 10  |  Layer:  3  |  Train Loss: 1.268 | Train Acc: 56.19  |  Val Loss: 1.442 | Val Acc: 46.67  |  Test Loss: 1.364 | Tes Acc: 49.00
INFO >> Epoch: 10  |  Layer:  4  |  Train Loss: 1.166 | Train Acc: 59.29  |  Val Loss: 1.354 | Val Acc: 51.67  |  Test Loss: 1.332 | Tes Acc: 50.33
INFO >> Epoch: 10  |  Layer:  5  |  Train Loss: 1.143 | Train Acc: 63.57  |  Val Loss: 1.291 | Val Acc: 53.00  |  Test Loss: 1.292 | Tes Acc: 53.67
INFO >> Epoch: 10  |  Layer:  6  |  Train Loss: 1.044 | Train Acc: 67.26  |  Val Loss: 1.219 | Val Acc: 55.33  |  Test Loss: 1.255 | Tes Acc: 57.00
INFO >> Epoch: 10  |  Layer:  7  |  Train Loss: 0.960 | Train Acc: 71.31  |  Val Loss: 1.064 | Val Acc: 62.33  |  Test Loss: 1.195 | Tes Acc: 58.67
INFO >> Epoch: 10  |  Layer:  8  |  Train Loss: 0.971 | Train Acc: 69.05  |  Val Loss: 1.074 | Val Acc: 65.00  |  Test Loss: 1.216 | Tes Acc: 57.00
INFO >> Epoch: 10  |  Layer:  9  |  Train Loss: 0.944 | Train Acc: 67.98  |  Val Loss: 1.028 | Val Acc: 63.67  |  Test Loss: 1.193 | Tes Acc: 58.33
INFO >> Epoch: 10  |  Layer: 10  |  Train Loss: 0.993 | Train Acc: 68.10  |  Val Loss: 1.063 | Val Acc: 61.33  |  Test Loss: 1.212 | Tes Acc: 58.00
INFO >> Epoch: 10  |  Layer: 11  |  Train Loss: 0.990 | Train Acc: 67.74  |  Val Loss: 1.054 | Val Acc: 61.67  |  Test Loss: 1.259 | Tes Acc: 55.00
INFO >> Epoch: 10  |  Layer: 12  |  Train Loss: 1.039 | Train Acc: 65.48  |  Val Loss: 1.120 | Val Acc: 58.67  |  Test Loss: 1.275 | Tes Acc: 53.67
INFO >> Epoch: 10  |  Layer: 13  |  Train Loss: 1.109 | Train Acc: 65.12  |  Val Loss: 1.242 | Val Acc: 52.67  |  Test Loss: 1.347 | Tes Acc: 46.00

INFO >> Epoch: 11  |  Layer:  1  |  Train Loss: 1.455 | Train Acc: 46.43  |  Val Loss: 1.495 | Val Acc: 43.33  |  Test Loss: 1.401 | Tes Acc: 47.00
INFO >> Epoch: 11  |  Layer:  2  |  Train Loss: 1.331 | Train Acc: 55.36  |  Val Loss: 1.452 | Val Acc: 44.67  |  Test Loss: 1.416 | Tes Acc: 46.33
INFO >> Epoch: 11  |  Layer:  3  |  Train Loss: 1.244 | Train Acc: 57.98  |  Val Loss: 1.438 | Val Acc: 45.33  |  Test Loss: 1.361 | Tes Acc: 47.00
INFO >> Epoch: 11  |  Layer:  4  |  Train Loss: 1.141 | Train Acc: 61.79  |  Val Loss: 1.372 | Val Acc: 48.67  |  Test Loss: 1.326 | Tes Acc: 48.67
INFO >> Epoch: 11  |  Layer:  5  |  Train Loss: 1.115 | Train Acc: 62.26  |  Val Loss: 1.311 | Val Acc: 52.00  |  Test Loss: 1.282 | Tes Acc: 53.33
INFO >> Epoch: 11  |  Layer:  6  |  Train Loss: 1.019 | Train Acc: 67.50  |  Val Loss: 1.240 | Val Acc: 55.33  |  Test Loss: 1.246 | Tes Acc: 53.33
INFO >> Epoch: 11  |  Layer:  7  |  Train Loss: 0.933 | Train Acc: 72.50  |  Val Loss: 1.061 | Val Acc: 62.00  |  Test Loss: 1.167 | Tes Acc: 58.67
INFO >> Epoch: 11  |  Layer:  8  |  Train Loss: 0.957 | Train Acc: 69.88  |  Val Loss: 1.055 | Val Acc: 64.00  |  Test Loss: 1.180 | Tes Acc: 56.33
INFO >> Epoch: 11  |  Layer:  9  |  Train Loss: 0.929 | Train Acc: 70.36  |  Val Loss: 1.013 | Val Acc: 65.33  |  Test Loss: 1.159 | Tes Acc: 58.33
INFO >> Epoch: 11  |  Layer: 10  |  Train Loss: 0.977 | Train Acc: 69.88  |  Val Loss: 1.044 | Val Acc: 62.33  |  Test Loss: 1.194 | Tes Acc: 57.00
INFO >> Epoch: 11  |  Layer: 11  |  Train Loss: 0.971 | Train Acc: 69.17  |  Val Loss: 1.039 | Val Acc: 61.67  |  Test Loss: 1.238 | Tes Acc: 56.00
INFO >> Epoch: 11  |  Layer: 12  |  Train Loss: 1.023 | Train Acc: 67.26  |  Val Loss: 1.110 | Val Acc: 58.33  |  Test Loss: 1.266 | Tes Acc: 54.00
INFO >> Epoch: 11  |  Layer: 13  |  Train Loss: 1.096 | Train Acc: 63.21  |  Val Loss: 1.234 | Val Acc: 49.33  |  Test Loss: 1.334 | Tes Acc: 46.33

INFO >> Epoch: 12  |  Layer:  1  |  Train Loss: 1.408 | Train Acc: 47.98  |  Val Loss: 1.479 | Val Acc: 47.00  |  Test Loss: 1.376 | Tes Acc: 50.00
INFO >> Epoch: 12  |  Layer:  2  |  Train Loss: 1.281 | Train Acc: 56.31  |  Val Loss: 1.397 | Val Acc: 49.00  |  Test Loss: 1.367 | Tes Acc: 52.67
INFO >> Epoch: 12  |  Layer:  3  |  Train Loss: 1.194 | Train Acc: 58.10  |  Val Loss: 1.365 | Val Acc: 48.67  |  Test Loss: 1.296 | Tes Acc: 55.33
INFO >> Epoch: 12  |  Layer:  4  |  Train Loss: 1.091 | Train Acc: 62.74  |  Val Loss: 1.277 | Val Acc: 55.33  |  Test Loss: 1.269 | Tes Acc: 55.33
INFO >> Epoch: 12  |  Layer:  5  |  Train Loss: 1.058 | Train Acc: 64.29  |  Val Loss: 1.203 | Val Acc: 59.00  |  Test Loss: 1.220 | Tes Acc: 60.33
INFO >> Epoch: 12  |  Layer:  6  |  Train Loss: 0.959 | Train Acc: 69.17  |  Val Loss: 1.119 | Val Acc: 61.33  |  Test Loss: 1.170 | Tes Acc: 62.00
INFO >> Epoch: 12  |  Layer:  7  |  Train Loss: 0.865 | Train Acc: 73.69  |  Val Loss: 0.963 | Val Acc: 67.67  |  Test Loss: 1.123 | Tes Acc: 63.00
INFO >> Epoch: 12  |  Layer:  8  |  Train Loss: 0.890 | Train Acc: 72.14  |  Val Loss: 0.962 | Val Acc: 68.00  |  Test Loss: 1.148 | Tes Acc: 61.33
INFO >> Epoch: 12  |  Layer:  9  |  Train Loss: 0.867 | Train Acc: 72.50  |  Val Loss: 0.932 | Val Acc: 67.00  |  Test Loss: 1.134 | Tes Acc: 61.00
INFO >> Epoch: 12  |  Layer: 10  |  Train Loss: 0.917 | Train Acc: 70.95  |  Val Loss: 0.968 | Val Acc: 66.33  |  Test Loss: 1.165 | Tes Acc: 61.33
INFO >> Epoch: 12  |  Layer: 11  |  Train Loss: 0.914 | Train Acc: 70.24  |  Val Loss: 0.964 | Val Acc: 65.67  |  Test Loss: 1.208 | Tes Acc: 58.33
INFO >> Epoch: 12  |  Layer: 12  |  Train Loss: 0.962 | Train Acc: 69.29  |  Val Loss: 1.017 | Val Acc: 65.33  |  Test Loss: 1.219 | Tes Acc: 58.33
INFO >> Epoch: 12  |  Layer: 13  |  Train Loss: 1.039 | Train Acc: 64.76  |  Val Loss: 1.134 | Val Acc: 57.33  |  Test Loss: 1.270 | Tes Acc: 54.33

INFO >> Epoch: 13  |  Layer:  1  |  Train Loss: 1.375 | Train Acc: 48.21  |  Val Loss: 1.435 | Val Acc: 46.00  |  Test Loss: 1.382 | Tes Acc: 48.67
INFO >> Epoch: 13  |  Layer:  2  |  Train Loss: 1.237 | Train Acc: 58.45  |  Val Loss: 1.384 | Val Acc: 48.33  |  Test Loss: 1.352 | Tes Acc: 52.00
INFO >> Epoch: 13  |  Layer:  3  |  Train Loss: 1.134 | Train Acc: 62.02  |  Val Loss: 1.347 | Val Acc: 47.67  |  Test Loss: 1.284 | Tes Acc: 54.33
INFO >> Epoch: 13  |  Layer:  4  |  Train Loss: 1.027 | Train Acc: 66.79  |  Val Loss: 1.262 | Val Acc: 52.00  |  Test Loss: 1.249 | Tes Acc: 55.67
INFO >> Epoch: 13  |  Layer:  5  |  Train Loss: 0.995 | Train Acc: 67.98  |  Val Loss: 1.194 | Val Acc: 58.33  |  Test Loss: 1.200 | Tes Acc: 60.67
INFO >> Epoch: 13  |  Layer:  6  |  Train Loss: 0.890 | Train Acc: 74.17  |  Val Loss: 1.125 | Val Acc: 59.00  |  Test Loss: 1.153 | Tes Acc: 59.33
INFO >> Epoch: 13  |  Layer:  7  |  Train Loss: 0.804 | Train Acc: 77.50  |  Val Loss: 0.975 | Val Acc: 65.00  |  Test Loss: 1.101 | Tes Acc: 63.00
INFO >> Epoch: 13  |  Layer:  8  |  Train Loss: 0.824 | Train Acc: 76.07  |  Val Loss: 0.972 | Val Acc: 64.67  |  Test Loss: 1.116 | Tes Acc: 63.00
INFO >> Epoch: 13  |  Layer:  9  |  Train Loss: 0.800 | Train Acc: 76.31  |  Val Loss: 0.944 | Val Acc: 64.00  |  Test Loss: 1.109 | Tes Acc: 64.00
INFO >> Epoch: 13  |  Layer: 10  |  Train Loss: 0.854 | Train Acc: 74.88  |  Val Loss: 0.979 | Val Acc: 63.00  |  Test Loss: 1.138 | Tes Acc: 62.67
INFO >> Epoch: 13  |  Layer: 11  |  Train Loss: 0.852 | Train Acc: 73.81  |  Val Loss: 0.972 | Val Acc: 62.67  |  Test Loss: 1.188 | Tes Acc: 61.33
INFO >> Epoch: 13  |  Layer: 12  |  Train Loss: 0.896 | Train Acc: 72.26  |  Val Loss: 1.007 | Val Acc: 64.67  |  Test Loss: 1.200 | Tes Acc: 59.00
INFO >> Epoch: 13  |  Layer: 13  |  Train Loss: 0.976 | Train Acc: 69.40  |  Val Loss: 1.114 | Val Acc: 59.00  |  Test Loss: 1.244 | Tes Acc: 53.67

INFO >> Epoch: 14  |  Layer:  1  |  Train Loss: 1.359 | Train Acc: 51.79  |  Val Loss: 1.522 | Val Acc: 42.67  |  Test Loss: 1.379 | Tes Acc: 44.67
INFO >> Epoch: 14  |  Layer:  2  |  Train Loss: 1.193 | Train Acc: 59.05  |  Val Loss: 1.439 | Val Acc: 42.00  |  Test Loss: 1.306 | Tes Acc: 53.00
INFO >> Epoch: 14  |  Layer:  3  |  Train Loss: 1.093 | Train Acc: 63.10  |  Val Loss: 1.405 | Val Acc: 43.67  |  Test Loss: 1.239 | Tes Acc: 54.33
INFO >> Epoch: 14  |  Layer:  4  |  Train Loss: 0.979 | Train Acc: 70.00  |  Val Loss: 1.304 | Val Acc: 48.33  |  Test Loss: 1.195 | Tes Acc: 58.00
INFO >> Epoch: 14  |  Layer:  5  |  Train Loss: 0.934 | Train Acc: 71.79  |  Val Loss: 1.207 | Val Acc: 52.33  |  Test Loss: 1.139 | Tes Acc: 59.33
INFO >> Epoch: 14  |  Layer:  6  |  Train Loss: 0.841 | Train Acc: 74.29  |  Val Loss: 1.126 | Val Acc: 58.67  |  Test Loss: 1.080 | Tes Acc: 62.33
INFO >> Epoch: 14  |  Layer:  7  |  Train Loss: 0.755 | Train Acc: 78.10  |  Val Loss: 0.981 | Val Acc: 62.33  |  Test Loss: 1.014 | Tes Acc: 66.67
INFO >> Epoch: 14  |  Layer:  8  |  Train Loss: 0.775 | Train Acc: 77.02  |  Val Loss: 0.971 | Val Acc: 63.67  |  Test Loss: 1.038 | Tes Acc: 64.33
INFO >> Epoch: 14  |  Layer:  9  |  Train Loss: 0.763 | Train Acc: 77.50  |  Val Loss: 0.953 | Val Acc: 64.00  |  Test Loss: 1.030 | Tes Acc: 63.00
INFO >> Epoch: 14  |  Layer: 10  |  Train Loss: 0.815 | Train Acc: 75.60  |  Val Loss: 1.000 | Val Acc: 60.67  |  Test Loss: 1.065 | Tes Acc: 62.33
INFO >> Epoch: 14  |  Layer: 11  |  Train Loss: 0.811 | Train Acc: 74.88  |  Val Loss: 0.989 | Val Acc: 62.67  |  Test Loss: 1.109 | Tes Acc: 61.00
INFO >> Epoch: 14  |  Layer: 12  |  Train Loss: 0.846 | Train Acc: 75.36  |  Val Loss: 1.016 | Val Acc: 60.00  |  Test Loss: 1.132 | Tes Acc: 59.00
INFO >> Epoch: 14  |  Layer: 13  |  Train Loss: 0.927 | Train Acc: 70.71  |  Val Loss: 1.123 | Val Acc: 55.00  |  Test Loss: 1.200 | Tes Acc: 55.33

INFO >> Epoch: 15  |  Layer:  1  |  Train Loss: 1.356 | Train Acc: 51.67  |  Val Loss: 1.477 | Val Acc: 43.00  |  Test Loss: 1.368 | Tes Acc: 45.00
INFO >> Epoch: 15  |  Layer:  2  |  Train Loss: 1.185 | Train Acc: 58.93  |  Val Loss: 1.391 | Val Acc: 49.67  |  Test Loss: 1.291 | Tes Acc: 55.67
INFO >> Epoch: 15  |  Layer:  3  |  Train Loss: 1.068 | Train Acc: 63.69  |  Val Loss: 1.360 | Val Acc: 48.67  |  Test Loss: 1.232 | Tes Acc: 55.33
INFO >> Epoch: 15  |  Layer:  4  |  Train Loss: 0.953 | Train Acc: 69.88  |  Val Loss: 1.263 | Val Acc: 52.33  |  Test Loss: 1.203 | Tes Acc: 56.33
INFO >> Epoch: 15  |  Layer:  5  |  Train Loss: 0.906 | Train Acc: 72.38  |  Val Loss: 1.169 | Val Acc: 56.67  |  Test Loss: 1.132 | Tes Acc: 60.00
INFO >> Epoch: 15  |  Layer:  6  |  Train Loss: 0.817 | Train Acc: 75.71  |  Val Loss: 1.083 | Val Acc: 62.00  |  Test Loss: 1.083 | Tes Acc: 61.67
INFO >> Epoch: 15  |  Layer:  7  |  Train Loss: 0.732 | Train Acc: 80.83  |  Val Loss: 0.925 | Val Acc: 67.33  |  Test Loss: 1.025 | Tes Acc: 66.33
INFO >> Epoch: 15  |  Layer:  8  |  Train Loss: 0.761 | Train Acc: 77.74  |  Val Loss: 0.918 | Val Acc: 66.33  |  Test Loss: 1.053 | Tes Acc: 64.00
INFO >> Epoch: 15  |  Layer:  9  |  Train Loss: 0.739 | Train Acc: 77.86  |  Val Loss: 0.895 | Val Acc: 68.33  |  Test Loss: 1.048 | Tes Acc: 62.67
INFO >> Epoch: 15  |  Layer: 10  |  Train Loss: 0.796 | Train Acc: 77.02  |  Val Loss: 0.928 | Val Acc: 66.67  |  Test Loss: 1.079 | Tes Acc: 62.33
INFO >> Epoch: 15  |  Layer: 11  |  Train Loss: 0.792 | Train Acc: 77.02  |  Val Loss: 0.927 | Val Acc: 65.33  |  Test Loss: 1.125 | Tes Acc: 61.00
INFO >> Epoch: 15  |  Layer: 12  |  Train Loss: 0.829 | Train Acc: 75.00  |  Val Loss: 0.956 | Val Acc: 64.00  |  Test Loss: 1.139 | Tes Acc: 61.00
INFO >> Epoch: 15  |  Layer: 13  |  Train Loss: 0.910 | Train Acc: 70.71  |  Val Loss: 1.081 | Val Acc: 57.33  |  Test Loss: 1.200 | Tes Acc: 55.67

INFO >> Epoch: 16  |  Layer:  1  |  Train Loss: 1.300 | Train Acc: 51.55  |  Val Loss: 1.487 | Val Acc: 43.33  |  Test Loss: 1.377 | Tes Acc: 49.67
INFO >> Epoch: 16  |  Layer:  2  |  Train Loss: 1.118 | Train Acc: 60.95  |  Val Loss: 1.319 | Val Acc: 52.00  |  Test Loss: 1.312 | Tes Acc: 52.00
INFO >> Epoch: 16  |  Layer:  3  |  Train Loss: 1.004 | Train Acc: 65.60  |  Val Loss: 1.259 | Val Acc: 51.67  |  Test Loss: 1.228 | Tes Acc: 56.67
INFO >> Epoch: 16  |  Layer:  4  |  Train Loss: 0.891 | Train Acc: 72.26  |  Val Loss: 1.176 | Val Acc: 57.33  |  Test Loss: 1.206 | Tes Acc: 55.00
INFO >> Epoch: 16  |  Layer:  5  |  Train Loss: 0.848 | Train Acc: 74.17  |  Val Loss: 1.099 | Val Acc: 61.67  |  Test Loss: 1.132 | Tes Acc: 64.67
INFO >> Epoch: 16  |  Layer:  6  |  Train Loss: 0.759 | Train Acc: 77.38  |  Val Loss: 1.030 | Val Acc: 64.00  |  Test Loss: 1.094 | Tes Acc: 61.00
INFO >> Epoch: 16  |  Layer:  7  |  Train Loss: 0.677 | Train Acc: 81.55  |  Val Loss: 0.894 | Val Acc: 67.00  |  Test Loss: 1.036 | Tes Acc: 68.33
INFO >> Epoch: 16  |  Layer:  8  |  Train Loss: 0.708 | Train Acc: 80.24  |  Val Loss: 0.897 | Val Acc: 67.00  |  Test Loss: 1.063 | Tes Acc: 63.00
INFO >> Epoch: 16  |  Layer:  9  |  Train Loss: 0.692 | Train Acc: 78.69  |  Val Loss: 0.873 | Val Acc: 68.00  |  Test Loss: 1.053 | Tes Acc: 62.33
INFO >> Epoch: 16  |  Layer: 10  |  Train Loss: 0.746 | Train Acc: 78.10  |  Val Loss: 0.896 | Val Acc: 67.67  |  Test Loss: 1.098 | Tes Acc: 61.33
INFO >> Epoch: 16  |  Layer: 11  |  Train Loss: 0.743 | Train Acc: 77.86  |  Val Loss: 0.888 | Val Acc: 67.00  |  Test Loss: 1.157 | Tes Acc: 59.67
INFO >> Epoch: 16  |  Layer: 12  |  Train Loss: 0.774 | Train Acc: 76.79  |  Val Loss: 0.914 | Val Acc: 67.33  |  Test Loss: 1.153 | Tes Acc: 59.00
INFO >> Epoch: 16  |  Layer: 13  |  Train Loss: 0.862 | Train Acc: 71.43  |  Val Loss: 1.023 | Val Acc: 60.33  |  Test Loss: 1.208 | Tes Acc: 55.67

INFO >> Epoch: 17  |  Layer:  1  |  Train Loss: 1.297 | Train Acc: 50.83  |  Val Loss: 1.517 | Val Acc: 43.67  |  Test Loss: 1.369 | Tes Acc: 43.67
INFO >> Epoch: 17  |  Layer:  2  |  Train Loss: 1.110 | Train Acc: 62.26  |  Val Loss: 1.317 | Val Acc: 53.00  |  Test Loss: 1.263 | Tes Acc: 55.33
INFO >> Epoch: 17  |  Layer:  3  |  Train Loss: 0.986 | Train Acc: 67.62  |  Val Loss: 1.275 | Val Acc: 52.33  |  Test Loss: 1.204 | Tes Acc: 54.00
INFO >> Epoch: 17  |  Layer:  4  |  Train Loss: 0.866 | Train Acc: 72.14  |  Val Loss: 1.186 | Val Acc: 55.67  |  Test Loss: 1.174 | Tes Acc: 56.67
INFO >> Epoch: 17  |  Layer:  5  |  Train Loss: 0.815 | Train Acc: 76.67  |  Val Loss: 1.074 | Val Acc: 63.33  |  Test Loss: 1.106 | Tes Acc: 62.00
INFO >> Epoch: 17  |  Layer:  6  |  Train Loss: 0.730 | Train Acc: 78.33  |  Val Loss: 0.995 | Val Acc: 64.00  |  Test Loss: 1.047 | Tes Acc: 65.00
INFO >> Epoch: 17  |  Layer:  7  |  Train Loss: 0.650 | Train Acc: 83.21  |  Val Loss: 0.860 | Val Acc: 69.33  |  Test Loss: 1.007 | Tes Acc: 65.33
INFO >> Epoch: 17  |  Layer:  8  |  Train Loss: 0.678 | Train Acc: 82.14  |  Val Loss: 0.866 | Val Acc: 69.00  |  Test Loss: 1.031 | Tes Acc: 64.33
INFO >> Epoch: 17  |  Layer:  9  |  Train Loss: 0.666 | Train Acc: 81.43  |  Val Loss: 0.856 | Val Acc: 69.00  |  Test Loss: 1.043 | Tes Acc: 62.33
INFO >> Epoch: 17  |  Layer: 10  |  Train Loss: 0.720 | Train Acc: 78.93  |  Val Loss: 0.888 | Val Acc: 69.00  |  Test Loss: 1.077 | Tes Acc: 62.00
INFO >> Epoch: 17  |  Layer: 11  |  Train Loss: 0.722 | Train Acc: 76.67  |  Val Loss: 0.888 | Val Acc: 69.67  |  Test Loss: 1.127 | Tes Acc: 59.33
INFO >> Epoch: 17  |  Layer: 12  |  Train Loss: 0.754 | Train Acc: 77.14  |  Val Loss: 0.904 | Val Acc: 65.33  |  Test Loss: 1.135 | Tes Acc: 59.33
INFO >> Epoch: 17  |  Layer: 13  |  Train Loss: 0.838 | Train Acc: 74.29  |  Val Loss: 1.015 | Val Acc: 59.67  |  Test Loss: 1.174 | Tes Acc: 57.67

INFO >> Epoch: 18  |  Layer:  1  |  Train Loss: 1.278 | Train Acc: 52.98  |  Val Loss: 1.566 | Val Acc: 41.00  |  Test Loss: 1.412 | Tes Acc: 46.00
INFO >> Epoch: 18  |  Layer:  2  |  Train Loss: 1.071 | Train Acc: 64.40  |  Val Loss: 1.332 | Val Acc: 52.00  |  Test Loss: 1.300 | Tes Acc: 53.67
INFO >> Epoch: 18  |  Layer:  3  |  Train Loss: 0.957 | Train Acc: 68.21  |  Val Loss: 1.273 | Val Acc: 53.67  |  Test Loss: 1.218 | Tes Acc: 56.33
INFO >> Epoch: 18  |  Layer:  4  |  Train Loss: 0.840 | Train Acc: 75.24  |  Val Loss: 1.174 | Val Acc: 58.00  |  Test Loss: 1.209 | Tes Acc: 55.67
INFO >> Epoch: 18  |  Layer:  5  |  Train Loss: 0.785 | Train Acc: 77.86  |  Val Loss: 1.110 | Val Acc: 59.33  |  Test Loss: 1.117 | Tes Acc: 62.33
INFO >> Epoch: 18  |  Layer:  6  |  Train Loss: 0.695 | Train Acc: 81.07  |  Val Loss: 1.048 | Val Acc: 63.33  |  Test Loss: 1.105 | Tes Acc: 62.33
INFO >> Epoch: 18  |  Layer:  7  |  Train Loss: 0.618 | Train Acc: 84.17  |  Val Loss: 0.889 | Val Acc: 70.00  |  Test Loss: 1.043 | Tes Acc: 63.67
INFO >> Epoch: 18  |  Layer:  8  |  Train Loss: 0.645 | Train Acc: 81.90  |  Val Loss: 0.900 | Val Acc: 67.00  |  Test Loss: 1.064 | Tes Acc: 64.33
INFO >> Epoch: 18  |  Layer:  9  |  Train Loss: 0.636 | Train Acc: 81.55  |  Val Loss: 0.877 | Val Acc: 66.33  |  Test Loss: 1.068 | Tes Acc: 62.00
INFO >> Epoch: 18  |  Layer: 10  |  Train Loss: 0.694 | Train Acc: 81.43  |  Val Loss: 0.895 | Val Acc: 67.00  |  Test Loss: 1.089 | Tes Acc: 63.00
INFO >> Epoch: 18  |  Layer: 11  |  Train Loss: 0.693 | Train Acc: 78.93  |  Val Loss: 0.884 | Val Acc: 66.00  |  Test Loss: 1.142 | Tes Acc: 60.33
INFO >> Epoch: 18  |  Layer: 12  |  Train Loss: 0.724 | Train Acc: 79.88  |  Val Loss: 0.902 | Val Acc: 67.33  |  Test Loss: 1.172 | Tes Acc: 57.33
INFO >> Epoch: 18  |  Layer: 13  |  Train Loss: 0.812 | Train Acc: 75.48  |  Val Loss: 1.041 | Val Acc: 59.67  |  Test Loss: 1.253 | Tes Acc: 49.67

INFO >> Epoch: 19  |  Layer:  1  |  Train Loss: 1.259 | Train Acc: 54.64  |  Val Loss: 1.431 | Val Acc: 48.67  |  Test Loss: 1.303 | Tes Acc: 49.33
INFO >> Epoch: 19  |  Layer:  2  |  Train Loss: 1.041 | Train Acc: 65.36  |  Val Loss: 1.313 | Val Acc: 49.33  |  Test Loss: 1.226 | Tes Acc: 57.67
INFO >> Epoch: 19  |  Layer:  3  |  Train Loss: 0.926 | Train Acc: 69.76  |  Val Loss: 1.246 | Val Acc: 53.33  |  Test Loss: 1.168 | Tes Acc: 57.33
INFO >> Epoch: 19  |  Layer:  4  |  Train Loss: 0.814 | Train Acc: 75.83  |  Val Loss: 1.126 | Val Acc: 59.33  |  Test Loss: 1.156 | Tes Acc: 56.33
INFO >> Epoch: 19  |  Layer:  5  |  Train Loss: 0.753 | Train Acc: 77.50  |  Val Loss: 1.035 | Val Acc: 62.00  |  Test Loss: 1.064 | Tes Acc: 65.67
INFO >> Epoch: 19  |  Layer:  6  |  Train Loss: 0.663 | Train Acc: 81.67  |  Val Loss: 0.955 | Val Acc: 64.67  |  Test Loss: 1.035 | Tes Acc: 64.33
INFO >> Epoch: 19  |  Layer:  7  |  Train Loss: 0.590 | Train Acc: 83.57  |  Val Loss: 0.820 | Val Acc: 70.33  |  Test Loss: 1.003 | Tes Acc: 64.67
INFO >> Epoch: 19  |  Layer:  8  |  Train Loss: 0.623 | Train Acc: 83.57  |  Val Loss: 0.836 | Val Acc: 68.33  |  Test Loss: 1.018 | Tes Acc: 65.67
INFO >> Epoch: 19  |  Layer:  9  |  Train Loss: 0.617 | Train Acc: 82.50  |  Val Loss: 0.828 | Val Acc: 71.00  |  Test Loss: 1.032 | Tes Acc: 62.33
INFO >> Epoch: 19  |  Layer: 10  |  Train Loss: 0.672 | Train Acc: 80.95  |  Val Loss: 0.864 | Val Acc: 69.00  |  Test Loss: 1.053 | Tes Acc: 62.67
INFO >> Epoch: 19  |  Layer: 11  |  Train Loss: 0.669 | Train Acc: 80.95  |  Val Loss: 0.848 | Val Acc: 68.67  |  Test Loss: 1.104 | Tes Acc: 60.00
INFO >> Epoch: 19  |  Layer: 12  |  Train Loss: 0.691 | Train Acc: 80.71  |  Val Loss: 0.860 | Val Acc: 68.00  |  Test Loss: 1.123 | Tes Acc: 59.67
INFO >> Epoch: 19  |  Layer: 13  |  Train Loss: 0.779 | Train Acc: 76.55  |  Val Loss: 0.987 | Val Acc: 61.67  |  Test Loss: 1.185 | Tes Acc: 55.67

INFO >> Epoch: 20  |  Layer:  1  |  Train Loss: 1.235 | Train Acc: 55.36  |  Val Loss: 1.417 | Val Acc: 49.00  |  Test Loss: 1.303 | Tes Acc: 50.33
INFO >> Epoch: 20  |  Layer:  2  |  Train Loss: 1.018 | Train Acc: 65.83  |  Val Loss: 1.362 | Val Acc: 50.67  |  Test Loss: 1.244 | Tes Acc: 56.33
INFO >> Epoch: 20  |  Layer:  3  |  Train Loss: 0.900 | Train Acc: 71.19  |  Val Loss: 1.309 | Val Acc: 52.00  |  Test Loss: 1.184 | Tes Acc: 55.00
INFO >> Epoch: 20  |  Layer:  4  |  Train Loss: 0.775 | Train Acc: 75.60  |  Val Loss: 1.184 | Val Acc: 58.00  |  Test Loss: 1.161 | Tes Acc: 56.33
INFO >> Epoch: 20  |  Layer:  5  |  Train Loss: 0.713 | Train Acc: 80.48  |  Val Loss: 1.095 | Val Acc: 59.67  |  Test Loss: 1.061 | Tes Acc: 63.33
INFO >> Epoch: 20  |  Layer:  6  |  Train Loss: 0.627 | Train Acc: 82.98  |  Val Loss: 1.027 | Val Acc: 63.67  |  Test Loss: 1.035 | Tes Acc: 62.67
INFO >> Epoch: 20  |  Layer:  7  |  Train Loss: 0.558 | Train Acc: 85.24  |  Val Loss: 0.869 | Val Acc: 69.67  |  Test Loss: 0.972 | Tes Acc: 67.33
INFO >> Epoch: 20  |  Layer:  8  |  Train Loss: 0.592 | Train Acc: 84.29  |  Val Loss: 0.876 | Val Acc: 68.00  |  Test Loss: 0.996 | Tes Acc: 65.00
INFO >> Epoch: 20  |  Layer:  9  |  Train Loss: 0.583 | Train Acc: 82.74  |  Val Loss: 0.863 | Val Acc: 68.33  |  Test Loss: 1.003 | Tes Acc: 63.33
INFO >> Epoch: 20  |  Layer: 10  |  Train Loss: 0.645 | Train Acc: 81.31  |  Val Loss: 0.887 | Val Acc: 69.33  |  Test Loss: 1.048 | Tes Acc: 64.00
INFO >> Epoch: 20  |  Layer: 11  |  Train Loss: 0.641 | Train Acc: 81.07  |  Val Loss: 0.878 | Val Acc: 68.67  |  Test Loss: 1.107 | Tes Acc: 61.67
INFO >> Epoch: 20  |  Layer: 12  |  Train Loss: 0.659 | Train Acc: 79.17  |  Val Loss: 0.894 | Val Acc: 65.67  |  Test Loss: 1.119 | Tes Acc: 60.33
INFO >> Epoch: 20  |  Layer: 13  |  Train Loss: 0.746 | Train Acc: 77.26  |  Val Loss: 1.058 | Val Acc: 59.67  |  Test Loss: 1.221 | Tes Acc: 53.33

INFO >> Epoch: 21  |  Layer:  1  |  Train Loss: 1.274 | Train Acc: 51.67  |  Val Loss: 1.492 | Val Acc: 46.67  |  Test Loss: 1.361 | Tes Acc: 45.67
INFO >> Epoch: 21  |  Layer:  2  |  Train Loss: 1.015 | Train Acc: 66.31  |  Val Loss: 1.345 | Val Acc: 50.67  |  Test Loss: 1.211 | Tes Acc: 58.00
INFO >> Epoch: 21  |  Layer:  3  |  Train Loss: 0.889 | Train Acc: 69.29  |  Val Loss: 1.256 | Val Acc: 52.33  |  Test Loss: 1.155 | Tes Acc: 55.67
INFO >> Epoch: 21  |  Layer:  4  |  Train Loss: 0.752 | Train Acc: 76.07  |  Val Loss: 1.163 | Val Acc: 57.33  |  Test Loss: 1.137 | Tes Acc: 55.67
INFO >> Epoch: 21  |  Layer:  5  |  Train Loss: 0.693 | Train Acc: 80.00  |  Val Loss: 1.060 | Val Acc: 61.00  |  Test Loss: 1.046 | Tes Acc: 64.00
INFO >> Epoch: 21  |  Layer:  6  |  Train Loss: 0.611 | Train Acc: 83.10  |  Val Loss: 0.997 | Val Acc: 64.33  |  Test Loss: 1.010 | Tes Acc: 63.67
INFO >> Epoch: 21  |  Layer:  7  |  Train Loss: 0.539 | Train Acc: 85.12  |  Val Loss: 0.868 | Val Acc: 68.67  |  Test Loss: 0.950 | Tes Acc: 65.33
INFO >> Epoch: 21  |  Layer:  8  |  Train Loss: 0.574 | Train Acc: 84.29  |  Val Loss: 0.880 | Val Acc: 64.67  |  Test Loss: 0.983 | Tes Acc: 64.33
INFO >> Epoch: 21  |  Layer:  9  |  Train Loss: 0.572 | Train Acc: 83.57  |  Val Loss: 0.872 | Val Acc: 68.00  |  Test Loss: 0.995 | Tes Acc: 64.00
INFO >> Epoch: 21  |  Layer: 10  |  Train Loss: 0.632 | Train Acc: 81.79  |  Val Loss: 0.906 | Val Acc: 66.33  |  Test Loss: 1.032 | Tes Acc: 61.67
INFO >> Epoch: 21  |  Layer: 11  |  Train Loss: 0.627 | Train Acc: 81.31  |  Val Loss: 0.886 | Val Acc: 66.67  |  Test Loss: 1.079 | Tes Acc: 61.67
INFO >> Epoch: 21  |  Layer: 12  |  Train Loss: 0.647 | Train Acc: 80.60  |  Val Loss: 0.882 | Val Acc: 65.00  |  Test Loss: 1.095 | Tes Acc: 60.67
INFO >> Epoch: 21  |  Layer: 13  |  Train Loss: 0.758 | Train Acc: 77.14  |  Val Loss: 0.986 | Val Acc: 60.33  |  Test Loss: 1.167 | Tes Acc: 55.00

INFO >> Epoch: 22  |  Layer:  1  |  Train Loss: 1.227 | Train Acc: 53.10  |  Val Loss: 1.459 | Val Acc: 45.00  |  Test Loss: 1.306 | Tes Acc: 51.00
INFO >> Epoch: 22  |  Layer:  2  |  Train Loss: 0.975 | Train Acc: 68.69  |  Val Loss: 1.273 | Val Acc: 53.33  |  Test Loss: 1.221 | Tes Acc: 55.67
INFO >> Epoch: 22  |  Layer:  3  |  Train Loss: 0.850 | Train Acc: 73.21  |  Val Loss: 1.202 | Val Acc: 52.67  |  Test Loss: 1.159 | Tes Acc: 58.67
INFO >> Epoch: 22  |  Layer:  4  |  Train Loss: 0.723 | Train Acc: 78.10  |  Val Loss: 1.102 | Val Acc: 59.00  |  Test Loss: 1.129 | Tes Acc: 58.67
INFO >> Epoch: 22  |  Layer:  5  |  Train Loss: 0.664 | Train Acc: 81.31  |  Val Loss: 1.005 | Val Acc: 63.33  |  Test Loss: 1.028 | Tes Acc: 66.67
INFO >> Epoch: 22  |  Layer:  6  |  Train Loss: 0.586 | Train Acc: 85.00  |  Val Loss: 0.940 | Val Acc: 66.33  |  Test Loss: 0.996 | Tes Acc: 64.67
INFO >> Epoch: 22  |  Layer:  7  |  Train Loss: 0.517 | Train Acc: 86.43  |  Val Loss: 0.819 | Val Acc: 69.33  |  Test Loss: 0.951 | Tes Acc: 67.00
INFO >> Epoch: 22  |  Layer:  8  |  Train Loss: 0.553 | Train Acc: 85.95  |  Val Loss: 0.825 | Val Acc: 69.00  |  Test Loss: 0.978 | Tes Acc: 66.00
INFO >> Epoch: 22  |  Layer:  9  |  Train Loss: 0.556 | Train Acc: 85.36  |  Val Loss: 0.823 | Val Acc: 71.00  |  Test Loss: 0.993 | Tes Acc: 65.00
INFO >> Epoch: 22  |  Layer: 10  |  Train Loss: 0.618 | Train Acc: 83.21  |  Val Loss: 0.853 | Val Acc: 71.00  |  Test Loss: 1.045 | Tes Acc: 63.67
INFO >> Epoch: 22  |  Layer: 11  |  Train Loss: 0.610 | Train Acc: 83.10  |  Val Loss: 0.858 | Val Acc: 68.67  |  Test Loss: 1.090 | Tes Acc: 62.00
INFO >> Epoch: 22  |  Layer: 12  |  Train Loss: 0.621 | Train Acc: 83.10  |  Val Loss: 0.848 | Val Acc: 70.00  |  Test Loss: 1.087 | Tes Acc: 58.67
INFO >> Epoch: 22  |  Layer: 13  |  Train Loss: 0.716 | Train Acc: 78.57  |  Val Loss: 0.919 | Val Acc: 66.00  |  Test Loss: 1.147 | Tes Acc: 57.33

INFO >> Epoch: 23  |  Layer:  1  |  Train Loss: 1.227 | Train Acc: 52.86  |  Val Loss: 1.458 | Val Acc: 42.67  |  Test Loss: 1.347 | Tes Acc: 43.67
INFO >> Epoch: 23  |  Layer:  2  |  Train Loss: 0.956 | Train Acc: 67.14  |  Val Loss: 1.251 | Val Acc: 57.00  |  Test Loss: 1.245 | Tes Acc: 55.00
INFO >> Epoch: 23  |  Layer:  3  |  Train Loss: 0.842 | Train Acc: 71.07  |  Val Loss: 1.175 | Val Acc: 58.00  |  Test Loss: 1.188 | Tes Acc: 55.67
INFO >> Epoch: 23  |  Layer:  4  |  Train Loss: 0.716 | Train Acc: 76.31  |  Val Loss: 1.088 | Val Acc: 60.67  |  Test Loss: 1.167 | Tes Acc: 59.33
INFO >> Epoch: 23  |  Layer:  5  |  Train Loss: 0.640 | Train Acc: 81.55  |  Val Loss: 0.997 | Val Acc: 68.67  |  Test Loss: 1.055 | Tes Acc: 62.33
INFO >> Epoch: 23  |  Layer:  6  |  Train Loss: 0.566 | Train Acc: 84.05  |  Val Loss: 0.936 | Val Acc: 67.67  |  Test Loss: 1.033 | Tes Acc: 61.67
INFO >> Epoch: 23  |  Layer:  7  |  Train Loss: 0.504 | Train Acc: 86.79  |  Val Loss: 0.813 | Val Acc: 69.67  |  Test Loss: 0.990 | Tes Acc: 64.33
INFO >> Epoch: 23  |  Layer:  8  |  Train Loss: 0.539 | Train Acc: 85.00  |  Val Loss: 0.824 | Val Acc: 71.00  |  Test Loss: 1.007 | Tes Acc: 65.67
INFO >> Epoch: 23  |  Layer:  9  |  Train Loss: 0.539 | Train Acc: 84.76  |  Val Loss: 0.816 | Val Acc: 73.33  |  Test Loss: 1.039 | Tes Acc: 62.00
INFO >> Epoch: 23  |  Layer: 10  |  Train Loss: 0.598 | Train Acc: 82.38  |  Val Loss: 0.847 | Val Acc: 67.67  |  Test Loss: 1.075 | Tes Acc: 63.33
INFO >> Epoch: 23  |  Layer: 11  |  Train Loss: 0.585 | Train Acc: 82.74  |  Val Loss: 0.822 | Val Acc: 70.00  |  Test Loss: 1.130 | Tes Acc: 60.33
INFO >> Epoch: 23  |  Layer: 12  |  Train Loss: 0.597 | Train Acc: 83.33  |  Val Loss: 0.810 | Val Acc: 70.67  |  Test Loss: 1.143 | Tes Acc: 58.33
INFO >> Epoch: 23  |  Layer: 13  |  Train Loss: 0.691 | Train Acc: 78.10  |  Val Loss: 0.896 | Val Acc: 66.67  |  Test Loss: 1.201 | Tes Acc: 55.33

INFO >> Epoch: 24  |  Layer:  1  |  Train Loss: 1.182 | Train Acc: 55.48  |  Val Loss: 1.459 | Val Acc: 46.67  |  Test Loss: 1.359 | Tes Acc: 50.67
INFO >> Epoch: 24  |  Layer:  2  |  Train Loss: 0.931 | Train Acc: 69.52  |  Val Loss: 1.256 | Val Acc: 54.67  |  Test Loss: 1.215 | Tes Acc: 55.00
INFO >> Epoch: 24  |  Layer:  3  |  Train Loss: 0.812 | Train Acc: 73.81  |  Val Loss: 1.205 | Val Acc: 56.00  |  Test Loss: 1.174 | Tes Acc: 55.00
INFO >> Epoch: 24  |  Layer:  4  |  Train Loss: 0.691 | Train Acc: 80.12  |  Val Loss: 1.128 | Val Acc: 60.00  |  Test Loss: 1.135 | Tes Acc: 57.67
INFO >> Epoch: 24  |  Layer:  5  |  Train Loss: 0.624 | Train Acc: 82.98  |  Val Loss: 1.002 | Val Acc: 65.33  |  Test Loss: 1.034 | Tes Acc: 61.33
INFO >> Epoch: 24  |  Layer:  6  |  Train Loss: 0.549 | Train Acc: 84.88  |  Val Loss: 0.946 | Val Acc: 64.33  |  Test Loss: 0.993 | Tes Acc: 62.67
INFO >> Epoch: 24  |  Layer:  7  |  Train Loss: 0.483 | Train Acc: 88.10  |  Val Loss: 0.823 | Val Acc: 68.67  |  Test Loss: 0.926 | Tes Acc: 65.33
INFO >> Epoch: 24  |  Layer:  8  |  Train Loss: 0.516 | Train Acc: 87.02  |  Val Loss: 0.816 | Val Acc: 71.00  |  Test Loss: 0.960 | Tes Acc: 65.00
INFO >> Epoch: 24  |  Layer:  9  |  Train Loss: 0.521 | Train Acc: 85.60  |  Val Loss: 0.814 | Val Acc: 72.00  |  Test Loss: 0.976 | Tes Acc: 61.33
INFO >> Epoch: 24  |  Layer: 10  |  Train Loss: 0.583 | Train Acc: 83.10  |  Val Loss: 0.859 | Val Acc: 67.67  |  Test Loss: 1.026 | Tes Acc: 62.67
INFO >> Epoch: 24  |  Layer: 11  |  Train Loss: 0.570 | Train Acc: 83.45  |  Val Loss: 0.842 | Val Acc: 69.67  |  Test Loss: 1.081 | Tes Acc: 60.33
INFO >> Epoch: 24  |  Layer: 12  |  Train Loss: 0.582 | Train Acc: 82.02  |  Val Loss: 0.819 | Val Acc: 72.33  |  Test Loss: 1.120 | Tes Acc: 60.00
INFO >> Epoch: 24  |  Layer: 13  |  Train Loss: 0.674 | Train Acc: 78.69  |  Val Loss: 0.903 | Val Acc: 65.67  |  Test Loss: 1.187 | Tes Acc: 55.33

INFO >> Epoch: 25  |  Layer:  1  |  Train Loss: 1.160 | Train Acc: 55.36  |  Val Loss: 1.475 | Val Acc: 45.00  |  Test Loss: 1.320 | Tes Acc: 48.00
INFO >> Epoch: 25  |  Layer:  2  |  Train Loss: 0.907 | Train Acc: 70.95  |  Val Loss: 1.221 | Val Acc: 54.67  |  Test Loss: 1.213 | Tes Acc: 55.67
INFO >> Epoch: 25  |  Layer:  3  |  Train Loss: 0.786 | Train Acc: 75.95  |  Val Loss: 1.141 | Val Acc: 58.33  |  Test Loss: 1.150 | Tes Acc: 57.67
INFO >> Epoch: 25  |  Layer:  4  |  Train Loss: 0.665 | Train Acc: 81.31  |  Val Loss: 1.042 | Val Acc: 64.00  |  Test Loss: 1.136 | Tes Acc: 55.00
INFO >> Epoch: 25  |  Layer:  5  |  Train Loss: 0.590 | Train Acc: 84.40  |  Val Loss: 0.954 | Val Acc: 68.67  |  Test Loss: 1.014 | Tes Acc: 66.00
INFO >> Epoch: 25  |  Layer:  6  |  Train Loss: 0.521 | Train Acc: 86.55  |  Val Loss: 0.888 | Val Acc: 71.67  |  Test Loss: 1.008 | Tes Acc: 63.00
INFO >> Epoch: 25  |  Layer:  7  |  Train Loss: 0.455 | Train Acc: 88.33  |  Val Loss: 0.780 | Val Acc: 71.00  |  Test Loss: 0.975 | Tes Acc: 65.67
INFO >> Epoch: 25  |  Layer:  8  |  Train Loss: 0.487 | Train Acc: 87.62  |  Val Loss: 0.783 | Val Acc: 71.33  |  Test Loss: 1.002 | Tes Acc: 63.67
INFO >> Epoch: 25  |  Layer:  9  |  Train Loss: 0.494 | Train Acc: 86.31  |  Val Loss: 0.782 | Val Acc: 71.00  |  Test Loss: 1.032 | Tes Acc: 61.33
INFO >> Epoch: 25  |  Layer: 10  |  Train Loss: 0.550 | Train Acc: 84.76  |  Val Loss: 0.803 | Val Acc: 70.33  |  Test Loss: 1.075 | Tes Acc: 61.67
INFO >> Epoch: 25  |  Layer: 11  |  Train Loss: 0.541 | Train Acc: 83.93  |  Val Loss: 0.807 | Val Acc: 70.67  |  Test Loss: 1.123 | Tes Acc: 59.00
INFO >> Epoch: 25  |  Layer: 12  |  Train Loss: 0.551 | Train Acc: 83.81  |  Val Loss: 0.771 | Val Acc: 73.33  |  Test Loss: 1.120 | Tes Acc: 58.00
INFO >> Epoch: 25  |  Layer: 13  |  Train Loss: 0.647 | Train Acc: 81.07  |  Val Loss: 0.852 | Val Acc: 67.67  |  Test Loss: 1.172 | Tes Acc: 57.00

INFO >> Epoch: 26  |  Layer:  1  |  Train Loss: 1.202 | Train Acc: 54.29  |  Val Loss: 1.454 | Val Acc: 47.33  |  Test Loss: 1.338 | Tes Acc: 46.33
INFO >> Epoch: 26  |  Layer:  2  |  Train Loss: 0.883 | Train Acc: 71.19  |  Val Loss: 1.235 | Val Acc: 57.33  |  Test Loss: 1.235 | Tes Acc: 54.00
INFO >> Epoch: 26  |  Layer:  3  |  Train Loss: 0.762 | Train Acc: 75.12  |  Val Loss: 1.162 | Val Acc: 56.67  |  Test Loss: 1.177 | Tes Acc: 56.00
INFO >> Epoch: 26  |  Layer:  4  |  Train Loss: 0.633 | Train Acc: 80.60  |  Val Loss: 1.064 | Val Acc: 63.67  |  Test Loss: 1.168 | Tes Acc: 57.33
INFO >> Epoch: 26  |  Layer:  5  |  Train Loss: 0.563 | Train Acc: 84.76  |  Val Loss: 0.999 | Val Acc: 64.00  |  Test Loss: 1.043 | Tes Acc: 63.33
INFO >> Epoch: 26  |  Layer:  6  |  Train Loss: 0.497 | Train Acc: 86.43  |  Val Loss: 0.935 | Val Acc: 69.00  |  Test Loss: 1.025 | Tes Acc: 63.33
INFO >> Epoch: 26  |  Layer:  7  |  Train Loss: 0.433 | Train Acc: 88.93  |  Val Loss: 0.800 | Val Acc: 69.67  |  Test Loss: 0.998 | Tes Acc: 66.33
INFO >> Epoch: 26  |  Layer:  8  |  Train Loss: 0.459 | Train Acc: 88.21  |  Val Loss: 0.809 | Val Acc: 69.33  |  Test Loss: 0.979 | Tes Acc: 64.33
INFO >> Epoch: 26  |  Layer:  9  |  Train Loss: 0.465 | Train Acc: 87.74  |  Val Loss: 0.807 | Val Acc: 71.33  |  Test Loss: 1.012 | Tes Acc: 64.33
INFO >> Epoch: 26  |  Layer: 10  |  Train Loss: 0.522 | Train Acc: 84.40  |  Val Loss: 0.832 | Val Acc: 70.33  |  Test Loss: 1.070 | Tes Acc: 63.33
INFO >> Epoch: 26  |  Layer: 11  |  Train Loss: 0.517 | Train Acc: 84.17  |  Val Loss: 0.839 | Val Acc: 68.33  |  Test Loss: 1.126 | Tes Acc: 60.00
INFO >> Epoch: 26  |  Layer: 12  |  Train Loss: 0.530 | Train Acc: 85.00  |  Val Loss: 0.796 | Val Acc: 71.67  |  Test Loss: 1.144 | Tes Acc: 57.67
INFO >> Epoch: 26  |  Layer: 13  |  Train Loss: 0.623 | Train Acc: 81.79  |  Val Loss: 0.902 | Val Acc: 65.00  |  Test Loss: 1.210 | Tes Acc: 52.00

INFO >> Epoch: 27  |  Layer:  1  |  Train Loss: 1.282 | Train Acc: 52.50  |  Val Loss: 1.466 | Val Acc: 46.67  |  Test Loss: 1.338 | Tes Acc: 48.67
INFO >> Epoch: 27  |  Layer:  2  |  Train Loss: 0.902 | Train Acc: 69.52  |  Val Loss: 1.328 | Val Acc: 49.67  |  Test Loss: 1.230 | Tes Acc: 52.67
INFO >> Epoch: 27  |  Layer:  3  |  Train Loss: 0.771 | Train Acc: 74.40  |  Val Loss: 1.246 | Val Acc: 51.00  |  Test Loss: 1.140 | Tes Acc: 55.67
INFO >> Epoch: 27  |  Layer:  4  |  Train Loss: 0.636 | Train Acc: 81.67  |  Val Loss: 1.109 | Val Acc: 61.67  |  Test Loss: 1.146 | Tes Acc: 56.33
INFO >> Epoch: 27  |  Layer:  5  |  Train Loss: 0.563 | Train Acc: 84.76  |  Val Loss: 1.020 | Val Acc: 62.67  |  Test Loss: 1.033 | Tes Acc: 64.33
INFO >> Epoch: 27  |  Layer:  6  |  Train Loss: 0.491 | Train Acc: 86.79  |  Val Loss: 0.976 | Val Acc: 65.33  |  Test Loss: 1.013 | Tes Acc: 64.00
INFO >> Epoch: 27  |  Layer:  7  |  Train Loss: 0.433 | Train Acc: 88.81  |  Val Loss: 0.837 | Val Acc: 68.00  |  Test Loss: 0.984 | Tes Acc: 66.33
INFO >> Epoch: 27  |  Layer:  8  |  Train Loss: 0.457 | Train Acc: 87.74  |  Val Loss: 0.838 | Val Acc: 69.00  |  Test Loss: 1.002 | Tes Acc: 65.00
INFO >> Epoch: 27  |  Layer:  9  |  Train Loss: 0.460 | Train Acc: 87.38  |  Val Loss: 0.833 | Val Acc: 70.00  |  Test Loss: 1.023 | Tes Acc: 66.67
INFO >> Epoch: 27  |  Layer: 10  |  Train Loss: 0.519 | Train Acc: 83.81  |  Val Loss: 0.862 | Val Acc: 69.00  |  Test Loss: 1.062 | Tes Acc: 65.67
INFO >> Epoch: 27  |  Layer: 11  |  Train Loss: 0.515 | Train Acc: 83.69  |  Val Loss: 0.855 | Val Acc: 67.00  |  Test Loss: 1.097 | Tes Acc: 63.00
INFO >> Epoch: 27  |  Layer: 12  |  Train Loss: 0.524 | Train Acc: 84.40  |  Val Loss: 0.795 | Val Acc: 71.00  |  Test Loss: 1.112 | Tes Acc: 58.67
INFO >> Epoch: 27  |  Layer: 13  |  Train Loss: 0.620 | Train Acc: 80.95  |  Val Loss: 0.923 | Val Acc: 62.67  |  Test Loss: 1.159 | Tes Acc: 56.67

INFO >> Epoch: 28  |  Layer:  1  |  Train Loss: 1.191 | Train Acc: 57.38  |  Val Loss: 1.652 | Val Acc: 41.00  |  Test Loss: 1.444 | Tes Acc: 45.00
INFO >> Epoch: 28  |  Layer:  2  |  Train Loss: 0.856 | Train Acc: 73.93  |  Val Loss: 1.262 | Val Acc: 51.67  |  Test Loss: 1.206 | Tes Acc: 55.00
INFO >> Epoch: 28  |  Layer:  3  |  Train Loss: 0.732 | Train Acc: 79.17  |  Val Loss: 1.155 | Val Acc: 55.67  |  Test Loss: 1.122 | Tes Acc: 57.00
INFO >> Epoch: 28  |  Layer:  4  |  Train Loss: 0.600 | Train Acc: 82.02  |  Val Loss: 1.044 | Val Acc: 64.67  |  Test Loss: 1.136 | Tes Acc: 54.67
INFO >> Epoch: 28  |  Layer:  5  |  Train Loss: 0.528 | Train Acc: 87.74  |  Val Loss: 0.958 | Val Acc: 67.00  |  Test Loss: 1.021 | Tes Acc: 61.67
INFO >> Epoch: 28  |  Layer:  6  |  Train Loss: 0.462 | Train Acc: 89.29  |  Val Loss: 0.913 | Val Acc: 68.33  |  Test Loss: 1.028 | Tes Acc: 61.67
INFO >> Epoch: 28  |  Layer:  7  |  Train Loss: 0.406 | Train Acc: 90.12  |  Val Loss: 0.778 | Val Acc: 70.00  |  Test Loss: 0.978 | Tes Acc: 65.00
INFO >> Epoch: 28  |  Layer:  8  |  Train Loss: 0.436 | Train Acc: 89.29  |  Val Loss: 0.788 | Val Acc: 71.33  |  Test Loss: 0.997 | Tes Acc: 65.33
INFO >> Epoch: 28  |  Layer:  9  |  Train Loss: 0.437 | Train Acc: 88.10  |  Val Loss: 0.816 | Val Acc: 71.00  |  Test Loss: 1.027 | Tes Acc: 61.67
INFO >> Epoch: 28  |  Layer: 10  |  Train Loss: 0.493 | Train Acc: 86.67  |  Val Loss: 0.827 | Val Acc: 66.33  |  Test Loss: 1.076 | Tes Acc: 64.00
INFO >> Epoch: 28  |  Layer: 11  |  Train Loss: 0.483 | Train Acc: 86.43  |  Val Loss: 0.797 | Val Acc: 68.67  |  Test Loss: 1.106 | Tes Acc: 61.33
INFO >> Epoch: 28  |  Layer: 12  |  Train Loss: 0.500 | Train Acc: 86.67  |  Val Loss: 0.757 | Val Acc: 72.67  |  Test Loss: 1.163 | Tes Acc: 58.00
INFO >> Epoch: 28  |  Layer: 13  |  Train Loss: 0.599 | Train Acc: 83.21  |  Val Loss: 0.867 | Val Acc: 68.33  |  Test Loss: 1.197 | Tes Acc: 57.00

INFO >> Epoch: 29  |  Layer:  1  |  Train Loss: 1.164 | Train Acc: 55.71  |  Val Loss: 1.426 | Val Acc: 44.67  |  Test Loss: 1.339 | Tes Acc: 49.00
INFO >> Epoch: 29  |  Layer:  2  |  Train Loss: 0.825 | Train Acc: 72.02  |  Val Loss: 1.264 | Val Acc: 53.33  |  Test Loss: 1.163 | Tes Acc: 58.33
INFO >> Epoch: 29  |  Layer:  3  |  Train Loss: 0.706 | Train Acc: 77.14  |  Val Loss: 1.166 | Val Acc: 53.67  |  Test Loss: 1.097 | Tes Acc: 58.33
INFO >> Epoch: 29  |  Layer:  4  |  Train Loss: 0.574 | Train Acc: 83.33  |  Val Loss: 1.052 | Val Acc: 62.00  |  Test Loss: 1.073 | Tes Acc: 60.00
INFO >> Epoch: 29  |  Layer:  5  |  Train Loss: 0.507 | Train Acc: 85.95  |  Val Loss: 0.929 | Val Acc: 68.67  |  Test Loss: 0.970 | Tes Acc: 66.33
INFO >> Epoch: 29  |  Layer:  6  |  Train Loss: 0.436 | Train Acc: 87.98  |  Val Loss: 0.877 | Val Acc: 72.00  |  Test Loss: 0.959 | Tes Acc: 65.67
INFO >> Epoch: 29  |  Layer:  7  |  Train Loss: 0.378 | Train Acc: 91.55  |  Val Loss: 0.760 | Val Acc: 73.00  |  Test Loss: 0.935 | Tes Acc: 66.33
INFO >> Epoch: 29  |  Layer:  8  |  Train Loss: 0.410 | Train Acc: 88.93  |  Val Loss: 0.785 | Val Acc: 69.67  |  Test Loss: 0.948 | Tes Acc: 68.67
INFO >> Epoch: 29  |  Layer:  9  |  Train Loss: 0.418 | Train Acc: 88.21  |  Val Loss: 0.786 | Val Acc: 71.00  |  Test Loss: 1.010 | Tes Acc: 64.00
INFO >> Epoch: 29  |  Layer: 10  |  Train Loss: 0.478 | Train Acc: 85.48  |  Val Loss: 0.832 | Val Acc: 69.33  |  Test Loss: 1.038 | Tes Acc: 62.67
INFO >> Epoch: 29  |  Layer: 11  |  Train Loss: 0.468 | Train Acc: 84.52  |  Val Loss: 0.797 | Val Acc: 70.00  |  Test Loss: 1.070 | Tes Acc: 60.67
INFO >> Epoch: 29  |  Layer: 12  |  Train Loss: 0.474 | Train Acc: 85.95  |  Val Loss: 0.751 | Val Acc: 72.00  |  Test Loss: 1.085 | Tes Acc: 58.67
INFO >> Epoch: 29  |  Layer: 13  |  Train Loss: 0.570 | Train Acc: 82.98  |  Val Loss: 0.849 | Val Acc: 67.00  |  Test Loss: 1.120 | Tes Acc: 59.00

INFO >> Epoch: 30  |  Layer:  1  |  Train Loss: 1.143 | Train Acc: 59.17  |  Val Loss: 1.446 | Val Acc: 45.00  |  Test Loss: 1.339 | Tes Acc: 50.67
INFO >> Epoch: 30  |  Layer:  2  |  Train Loss: 0.823 | Train Acc: 74.05  |  Val Loss: 1.291 | Val Acc: 52.00  |  Test Loss: 1.188 | Tes Acc: 58.33
INFO >> Epoch: 30  |  Layer:  3  |  Train Loss: 0.699 | Train Acc: 79.17  |  Val Loss: 1.192 | Val Acc: 54.67  |  Test Loss: 1.108 | Tes Acc: 59.67
INFO >> Epoch: 30  |  Layer:  4  |  Train Loss: 0.569 | Train Acc: 83.45  |  Val Loss: 1.080 | Val Acc: 62.33  |  Test Loss: 1.106 | Tes Acc: 59.00
INFO >> Epoch: 30  |  Layer:  5  |  Train Loss: 0.496 | Train Acc: 87.50  |  Val Loss: 0.969 | Val Acc: 65.33  |  Test Loss: 0.987 | Tes Acc: 63.67
INFO >> Epoch: 30  |  Layer:  6  |  Train Loss: 0.430 | Train Acc: 89.76  |  Val Loss: 0.902 | Val Acc: 71.00  |  Test Loss: 0.968 | Tes Acc: 64.33
INFO >> Epoch: 30  |  Layer:  7  |  Train Loss: 0.373 | Train Acc: 91.90  |  Val Loss: 0.779 | Val Acc: 71.33  |  Test Loss: 0.918 | Tes Acc: 66.67
INFO >> Epoch: 30  |  Layer:  8  |  Train Loss: 0.402 | Train Acc: 91.19  |  Val Loss: 0.803 | Val Acc: 67.67  |  Test Loss: 0.933 | Tes Acc: 67.67
INFO >> Epoch: 30  |  Layer:  9  |  Train Loss: 0.415 | Train Acc: 90.24  |  Val Loss: 0.815 | Val Acc: 71.00  |  Test Loss: 0.970 | Tes Acc: 67.33
INFO >> Epoch: 30  |  Layer: 10  |  Train Loss: 0.470 | Train Acc: 87.50  |  Val Loss: 0.852 | Val Acc: 68.00  |  Test Loss: 1.004 | Tes Acc: 63.33
INFO >> Epoch: 30  |  Layer: 11  |  Train Loss: 0.462 | Train Acc: 86.31  |  Val Loss: 0.832 | Val Acc: 69.00  |  Test Loss: 1.043 | Tes Acc: 63.00
INFO >> Epoch: 30  |  Layer: 12  |  Train Loss: 0.465 | Train Acc: 87.74  |  Val Loss: 0.772 | Val Acc: 71.00  |  Test Loss: 1.061 | Tes Acc: 59.67
INFO >> Epoch: 30  |  Layer: 13  |  Train Loss: 0.560 | Train Acc: 84.64  |  Val Loss: 0.848 | Val Acc: 68.00  |  Test Loss: 1.125 | Tes Acc: 59.00



INFO >> Time Taken: 06:44

INFO >> Layer: 1  |  Best Val Acc: 49.00  |  Best Test Acc: 50.33
INFO >> Layer: 2  |  Best Val Acc: 57.33  |  Best Test Acc: 54.00
INFO >> Layer: 3  |  Best Val Acc: 58.33  |  Best Test Acc: 57.67
INFO >> Layer: 4  |  Best Val Acc: 64.67  |  Best Test Acc: 54.67
INFO >> Layer: 5  |  Best Val Acc: 68.67  |  Best Test Acc: 62.33
INFO >> Layer: 6  |  Best Val Acc: 72.00  |  Best Test Acc: 65.67
INFO >> Layer: 7  |  Best Val Acc: 73.00  |  Best Test Acc: 66.33
INFO >> Layer: 8  |  Best Val Acc: 71.33  |  Best Test Acc: 63.67
INFO >> Layer: 9  |  Best Val Acc: 73.33  |  Best Test Acc: 62.00
INFO >> Layer: 10  |  Best Val Acc: 71.00  |  Best Test Acc: 63.67
INFO >> Layer: 11  |  Best Val Acc: 70.67  |  Best Test Acc: 59.00
INFO >> Layer: 12  |  Best Val Acc: 73.33  |  Best Test Acc: 58.00
INFO >> Layer: 13  |  Best Val Acc: 68.33  |  Best Test Acc: 57.00

DEBUG >> Last state saved

INFO >> History saved (./history/v1.4/RAVDESS/HUBERT_BASE_PROBING/Run2/history.pt)
