
--------------------------------------------------
Multilingual SER System v1.4
--------------------------------------------------
Run Name      : Run2
Fx Model      : HUBERT_BASE
Clf Model     : PROBING
Extract Mode  : gpu_memory
Dataset       : EMOVO
Device        : gpu
Epochs        : 30
Num Workers   : 3
Data Dir      : ./data
History Dir   : ./history
Weights Dir   : ./weights
Log Level     : debug
Purge Cache   : False
Job Name      : Job299
Job Id        : 30913078
GPU           : Quadro RTX 8000
GPU Count     : 1
GPU Memory    : 44.49 GB

Timestamp : 2023-03-11 11:06:36.603104

INFO >> Running on CUDA


INFO >> Training Classifier

INFO >> Epoch: 1  |  Layer:  1  |  Train Loss: 1.969 | Train Acc: 15.99  |  Val Loss: 1.963 | Val Acc: 22.45  |  Test Loss: 1.970 | Tes Acc: 21.43
INFO >> Epoch: 1  |  Layer:  2  |  Train Loss: 1.938 | Train Acc: 17.01  |  Val Loss: 1.923 | Val Acc: 28.57  |  Test Loss: 1.930 | Tes Acc: 26.02
INFO >> Epoch: 1  |  Layer:  3  |  Train Loss: 1.942 | Train Acc: 14.63  |  Val Loss: 1.918 | Val Acc: 24.49  |  Test Loss: 1.932 | Tes Acc: 26.02
INFO >> Epoch: 1  |  Layer:  4  |  Train Loss: 1.944 | Train Acc: 16.33  |  Val Loss: 1.918 | Val Acc: 24.49  |  Test Loss: 1.932 | Tes Acc: 20.92
INFO >> Epoch: 1  |  Layer:  5  |  Train Loss: 1.945 | Train Acc: 16.67  |  Val Loss: 1.929 | Val Acc: 18.37  |  Test Loss: 1.934 | Tes Acc: 24.49
INFO >> Epoch: 1  |  Layer:  6  |  Train Loss: 1.947 | Train Acc: 17.01  |  Val Loss: 1.929 | Val Acc: 22.45  |  Test Loss: 1.938 | Tes Acc: 26.02
INFO >> Epoch: 1  |  Layer:  7  |  Train Loss: 1.941 | Train Acc: 15.31  |  Val Loss: 1.920 | Val Acc: 25.51  |  Test Loss: 1.929 | Tes Acc: 28.57
INFO >> Epoch: 1  |  Layer:  8  |  Train Loss: 1.943 | Train Acc: 13.61  |  Val Loss: 1.925 | Val Acc: 34.69  |  Test Loss: 1.932 | Tes Acc: 32.65
INFO >> Epoch: 1  |  Layer:  9  |  Train Loss: 1.945 | Train Acc: 15.65  |  Val Loss: 1.931 | Val Acc: 20.41  |  Test Loss: 1.937 | Tes Acc: 21.94
INFO >> Epoch: 1  |  Layer: 10  |  Train Loss: 1.943 | Train Acc: 14.29  |  Val Loss: 1.929 | Val Acc: 19.39  |  Test Loss: 1.935 | Tes Acc: 26.02
INFO >> Epoch: 1  |  Layer: 11  |  Train Loss: 1.944 | Train Acc: 17.01  |  Val Loss: 1.928 | Val Acc: 21.43  |  Test Loss: 1.938 | Tes Acc: 22.45
INFO >> Epoch: 1  |  Layer: 12  |  Train Loss: 1.943 | Train Acc: 16.33  |  Val Loss: 1.925 | Val Acc: 20.41  |  Test Loss: 1.938 | Tes Acc: 25.51
INFO >> Epoch: 1  |  Layer: 13  |  Train Loss: 1.950 | Train Acc: 17.69  |  Val Loss: 1.935 | Val Acc: 18.37  |  Test Loss: 1.943 | Tes Acc: 19.39

INFO >> Epoch: 2  |  Layer:  1  |  Train Loss: 1.921 | Train Acc: 20.07  |  Val Loss: 1.933 | Val Acc: 18.37  |  Test Loss: 1.924 | Tes Acc: 24.49
INFO >> Epoch: 2  |  Layer:  2  |  Train Loss: 1.899 | Train Acc: 23.81  |  Val Loss: 1.908 | Val Acc: 31.63  |  Test Loss: 1.913 | Tes Acc: 28.06
INFO >> Epoch: 2  |  Layer:  3  |  Train Loss: 1.908 | Train Acc: 25.17  |  Val Loss: 1.905 | Val Acc: 33.67  |  Test Loss: 1.919 | Tes Acc: 29.08
INFO >> Epoch: 2  |  Layer:  4  |  Train Loss: 1.909 | Train Acc: 23.47  |  Val Loss: 1.901 | Val Acc: 30.61  |  Test Loss: 1.918 | Tes Acc: 32.65
INFO >> Epoch: 2  |  Layer:  5  |  Train Loss: 1.913 | Train Acc: 23.47  |  Val Loss: 1.918 | Val Acc: 27.55  |  Test Loss: 1.923 | Tes Acc: 26.53
INFO >> Epoch: 2  |  Layer:  6  |  Train Loss: 1.919 | Train Acc: 24.49  |  Val Loss: 1.924 | Val Acc: 28.57  |  Test Loss: 1.927 | Tes Acc: 27.55
INFO >> Epoch: 2  |  Layer:  7  |  Train Loss: 1.906 | Train Acc: 26.53  |  Val Loss: 1.901 | Val Acc: 39.80  |  Test Loss: 1.908 | Tes Acc: 30.61
INFO >> Epoch: 2  |  Layer:  8  |  Train Loss: 1.910 | Train Acc: 26.19  |  Val Loss: 1.914 | Val Acc: 38.78  |  Test Loss: 1.917 | Tes Acc: 29.08
INFO >> Epoch: 2  |  Layer:  9  |  Train Loss: 1.913 | Train Acc: 23.13  |  Val Loss: 1.925 | Val Acc: 26.53  |  Test Loss: 1.926 | Tes Acc: 25.00
INFO >> Epoch: 2  |  Layer: 10  |  Train Loss: 1.911 | Train Acc: 23.13  |  Val Loss: 1.921 | Val Acc: 22.45  |  Test Loss: 1.922 | Tes Acc: 22.96
INFO >> Epoch: 2  |  Layer: 11  |  Train Loss: 1.911 | Train Acc: 21.77  |  Val Loss: 1.922 | Val Acc: 24.49  |  Test Loss: 1.928 | Tes Acc: 22.96
INFO >> Epoch: 2  |  Layer: 12  |  Train Loss: 1.906 | Train Acc: 25.51  |  Val Loss: 1.919 | Val Acc: 26.53  |  Test Loss: 1.924 | Tes Acc: 28.57
INFO >> Epoch: 2  |  Layer: 13  |  Train Loss: 1.911 | Train Acc: 23.47  |  Val Loss: 1.931 | Val Acc: 22.45  |  Test Loss: 1.936 | Tes Acc: 25.51

INFO >> Epoch: 3  |  Layer:  1  |  Train Loss: 1.852 | Train Acc: 25.51  |  Val Loss: 1.955 | Val Acc: 16.33  |  Test Loss: 1.897 | Tes Acc: 13.78
INFO >> Epoch: 3  |  Layer:  2  |  Train Loss: 1.864 | Train Acc: 26.87  |  Val Loss: 1.889 | Val Acc: 24.49  |  Test Loss: 1.897 | Tes Acc: 23.47
INFO >> Epoch: 3  |  Layer:  3  |  Train Loss: 1.880 | Train Acc: 29.25  |  Val Loss: 1.881 | Val Acc: 31.63  |  Test Loss: 1.903 | Tes Acc: 24.49
INFO >> Epoch: 3  |  Layer:  4  |  Train Loss: 1.885 | Train Acc: 32.65  |  Val Loss: 1.869 | Val Acc: 33.67  |  Test Loss: 1.905 | Tes Acc: 25.51
INFO >> Epoch: 3  |  Layer:  5  |  Train Loss: 1.890 | Train Acc: 28.57  |  Val Loss: 1.894 | Val Acc: 23.47  |  Test Loss: 1.910 | Tes Acc: 23.98
INFO >> Epoch: 3  |  Layer:  6  |  Train Loss: 1.896 | Train Acc: 28.91  |  Val Loss: 1.904 | Val Acc: 31.63  |  Test Loss: 1.917 | Tes Acc: 20.41
INFO >> Epoch: 3  |  Layer:  7  |  Train Loss: 1.869 | Train Acc: 35.37  |  Val Loss: 1.870 | Val Acc: 32.65  |  Test Loss: 1.887 | Tes Acc: 32.14
INFO >> Epoch: 3  |  Layer:  8  |  Train Loss: 1.882 | Train Acc: 31.97  |  Val Loss: 1.892 | Val Acc: 36.73  |  Test Loss: 1.900 | Tes Acc: 30.61
INFO >> Epoch: 3  |  Layer:  9  |  Train Loss: 1.885 | Train Acc: 35.71  |  Val Loss: 1.903 | Val Acc: 25.51  |  Test Loss: 1.916 | Tes Acc: 27.04
INFO >> Epoch: 3  |  Layer: 10  |  Train Loss: 1.879 | Train Acc: 38.10  |  Val Loss: 1.903 | Val Acc: 28.57  |  Test Loss: 1.910 | Tes Acc: 25.51
INFO >> Epoch: 3  |  Layer: 11  |  Train Loss: 1.880 | Train Acc: 35.03  |  Val Loss: 1.902 | Val Acc: 28.57  |  Test Loss: 1.920 | Tes Acc: 25.00
INFO >> Epoch: 3  |  Layer: 12  |  Train Loss: 1.869 | Train Acc: 35.03  |  Val Loss: 1.901 | Val Acc: 25.51  |  Test Loss: 1.914 | Tes Acc: 20.92
INFO >> Epoch: 3  |  Layer: 13  |  Train Loss: 1.881 | Train Acc: 28.91  |  Val Loss: 1.911 | Val Acc: 20.41  |  Test Loss: 1.936 | Tes Acc: 23.47

INFO >> Epoch: 4  |  Layer:  1  |  Train Loss: 1.865 | Train Acc: 23.81  |  Val Loss: 1.895 | Val Acc: 22.45  |  Test Loss: 1.907 | Tes Acc: 23.47
INFO >> Epoch: 4  |  Layer:  2  |  Train Loss: 1.833 | Train Acc: 30.27  |  Val Loss: 1.874 | Val Acc: 22.45  |  Test Loss: 1.877 | Tes Acc: 16.84
INFO >> Epoch: 4  |  Layer:  3  |  Train Loss: 1.854 | Train Acc: 34.69  |  Val Loss: 1.856 | Val Acc: 31.63  |  Test Loss: 1.885 | Tes Acc: 19.90
INFO >> Epoch: 4  |  Layer:  4  |  Train Loss: 1.862 | Train Acc: 33.33  |  Val Loss: 1.844 | Val Acc: 24.49  |  Test Loss: 1.885 | Tes Acc: 23.47
INFO >> Epoch: 4  |  Layer:  5  |  Train Loss: 1.875 | Train Acc: 27.55  |  Val Loss: 1.879 | Val Acc: 19.39  |  Test Loss: 1.895 | Tes Acc: 22.45
INFO >> Epoch: 4  |  Layer:  6  |  Train Loss: 1.882 | Train Acc: 31.63  |  Val Loss: 1.888 | Val Acc: 19.39  |  Test Loss: 1.902 | Tes Acc: 22.96
INFO >> Epoch: 4  |  Layer:  7  |  Train Loss: 1.843 | Train Acc: 34.35  |  Val Loss: 1.851 | Val Acc: 23.47  |  Test Loss: 1.859 | Tes Acc: 27.55
INFO >> Epoch: 4  |  Layer:  8  |  Train Loss: 1.863 | Train Acc: 35.71  |  Val Loss: 1.867 | Val Acc: 21.43  |  Test Loss: 1.878 | Tes Acc: 24.49
INFO >> Epoch: 4  |  Layer:  9  |  Train Loss: 1.868 | Train Acc: 34.01  |  Val Loss: 1.880 | Val Acc: 22.45  |  Test Loss: 1.901 | Tes Acc: 17.35
INFO >> Epoch: 4  |  Layer: 10  |  Train Loss: 1.863 | Train Acc: 31.97  |  Val Loss: 1.883 | Val Acc: 20.41  |  Test Loss: 1.891 | Tes Acc: 15.82
INFO >> Epoch: 4  |  Layer: 11  |  Train Loss: 1.870 | Train Acc: 29.25  |  Val Loss: 1.892 | Val Acc: 24.49  |  Test Loss: 1.908 | Tes Acc: 20.41
INFO >> Epoch: 4  |  Layer: 12  |  Train Loss: 1.858 | Train Acc: 28.23  |  Val Loss: 1.878 | Val Acc: 25.51  |  Test Loss: 1.899 | Tes Acc: 20.41
INFO >> Epoch: 4  |  Layer: 13  |  Train Loss: 1.875 | Train Acc: 29.59  |  Val Loss: 1.912 | Val Acc: 25.51  |  Test Loss: 1.927 | Tes Acc: 19.39

INFO >> Epoch: 5  |  Layer:  1  |  Train Loss: 1.852 | Train Acc: 23.47  |  Val Loss: 1.855 | Val Acc: 25.51  |  Test Loss: 1.884 | Tes Acc: 20.92
INFO >> Epoch: 5  |  Layer:  2  |  Train Loss: 1.796 | Train Acc: 34.69  |  Val Loss: 1.832 | Val Acc: 22.45  |  Test Loss: 1.856 | Tes Acc: 24.49
INFO >> Epoch: 5  |  Layer:  3  |  Train Loss: 1.814 | Train Acc: 35.71  |  Val Loss: 1.824 | Val Acc: 25.51  |  Test Loss: 1.867 | Tes Acc: 30.10
INFO >> Epoch: 5  |  Layer:  4  |  Train Loss: 1.823 | Train Acc: 39.12  |  Val Loss: 1.805 | Val Acc: 29.59  |  Test Loss: 1.868 | Tes Acc: 26.53
INFO >> Epoch: 5  |  Layer:  5  |  Train Loss: 1.836 | Train Acc: 37.41  |  Val Loss: 1.851 | Val Acc: 25.51  |  Test Loss: 1.882 | Tes Acc: 28.57
INFO >> Epoch: 5  |  Layer:  6  |  Train Loss: 1.841 | Train Acc: 37.07  |  Val Loss: 1.849 | Val Acc: 24.49  |  Test Loss: 1.886 | Tes Acc: 28.57
INFO >> Epoch: 5  |  Layer:  7  |  Train Loss: 1.793 | Train Acc: 42.18  |  Val Loss: 1.796 | Val Acc: 31.63  |  Test Loss: 1.834 | Tes Acc: 30.61
INFO >> Epoch: 5  |  Layer:  8  |  Train Loss: 1.818 | Train Acc: 42.52  |  Val Loss: 1.829 | Val Acc: 30.61  |  Test Loss: 1.860 | Tes Acc: 31.12
INFO >> Epoch: 5  |  Layer:  9  |  Train Loss: 1.823 | Train Acc: 38.10  |  Val Loss: 1.846 | Val Acc: 20.41  |  Test Loss: 1.885 | Tes Acc: 24.49
INFO >> Epoch: 5  |  Layer: 10  |  Train Loss: 1.814 | Train Acc: 37.07  |  Val Loss: 1.843 | Val Acc: 25.51  |  Test Loss: 1.872 | Tes Acc: 25.51
INFO >> Epoch: 5  |  Layer: 11  |  Train Loss: 1.816 | Train Acc: 36.39  |  Val Loss: 1.845 | Val Acc: 26.53  |  Test Loss: 1.888 | Tes Acc: 28.57
INFO >> Epoch: 5  |  Layer: 12  |  Train Loss: 1.803 | Train Acc: 31.97  |  Val Loss: 1.835 | Val Acc: 26.53  |  Test Loss: 1.881 | Tes Acc: 28.57
INFO >> Epoch: 5  |  Layer: 13  |  Train Loss: 1.824 | Train Acc: 30.27  |  Val Loss: 1.878 | Val Acc: 24.49  |  Test Loss: 1.901 | Tes Acc: 25.51

INFO >> Epoch: 6  |  Layer:  1  |  Train Loss: 1.776 | Train Acc: 29.59  |  Val Loss: 1.923 | Val Acc: 26.53  |  Test Loss: 1.893 | Tes Acc: 11.22
INFO >> Epoch: 6  |  Layer:  2  |  Train Loss: 1.739 | Train Acc: 36.73  |  Val Loss: 1.833 | Val Acc: 28.57  |  Test Loss: 1.842 | Tes Acc: 21.43
INFO >> Epoch: 6  |  Layer:  3  |  Train Loss: 1.759 | Train Acc: 41.84  |  Val Loss: 1.812 | Val Acc: 32.65  |  Test Loss: 1.847 | Tes Acc: 26.53
INFO >> Epoch: 6  |  Layer:  4  |  Train Loss: 1.773 | Train Acc: 46.60  |  Val Loss: 1.783 | Val Acc: 31.63  |  Test Loss: 1.847 | Tes Acc: 26.02
INFO >> Epoch: 6  |  Layer:  5  |  Train Loss: 1.790 | Train Acc: 45.92  |  Val Loss: 1.842 | Val Acc: 24.49  |  Test Loss: 1.863 | Tes Acc: 22.45
INFO >> Epoch: 6  |  Layer:  6  |  Train Loss: 1.792 | Train Acc: 46.94  |  Val Loss: 1.839 | Val Acc: 31.63  |  Test Loss: 1.866 | Tes Acc: 27.04
INFO >> Epoch: 6  |  Layer:  7  |  Train Loss: 1.723 | Train Acc: 52.04  |  Val Loss: 1.780 | Val Acc: 35.71  |  Test Loss: 1.802 | Tes Acc: 35.71
INFO >> Epoch: 6  |  Layer:  8  |  Train Loss: 1.760 | Train Acc: 46.26  |  Val Loss: 1.813 | Val Acc: 32.65  |  Test Loss: 1.831 | Tes Acc: 32.65
INFO >> Epoch: 6  |  Layer:  9  |  Train Loss: 1.775 | Train Acc: 47.28  |  Val Loss: 1.828 | Val Acc: 28.57  |  Test Loss: 1.863 | Tes Acc: 28.57
INFO >> Epoch: 6  |  Layer: 10  |  Train Loss: 1.759 | Train Acc: 45.58  |  Val Loss: 1.819 | Val Acc: 29.59  |  Test Loss: 1.846 | Tes Acc: 29.08
INFO >> Epoch: 6  |  Layer: 11  |  Train Loss: 1.768 | Train Acc: 45.24  |  Val Loss: 1.836 | Val Acc: 29.59  |  Test Loss: 1.864 | Tes Acc: 26.53
INFO >> Epoch: 6  |  Layer: 12  |  Train Loss: 1.753 | Train Acc: 45.58  |  Val Loss: 1.840 | Val Acc: 30.61  |  Test Loss: 1.856 | Tes Acc: 29.59
INFO >> Epoch: 6  |  Layer: 13  |  Train Loss: 1.773 | Train Acc: 37.41  |  Val Loss: 1.904 | Val Acc: 26.53  |  Test Loss: 1.875 | Tes Acc: 29.08

INFO >> Epoch: 7  |  Layer:  1  |  Train Loss: 1.760 | Train Acc: 26.19  |  Val Loss: 1.831 | Val Acc: 26.53  |  Test Loss: 1.875 | Tes Acc: 26.02
INFO >> Epoch: 7  |  Layer:  2  |  Train Loss: 1.687 | Train Acc: 39.12  |  Val Loss: 1.806 | Val Acc: 29.59  |  Test Loss: 1.819 | Tes Acc: 28.57
INFO >> Epoch: 7  |  Layer:  3  |  Train Loss: 1.699 | Train Acc: 41.16  |  Val Loss: 1.778 | Val Acc: 34.69  |  Test Loss: 1.823 | Tes Acc: 28.06
INFO >> Epoch: 7  |  Layer:  4  |  Train Loss: 1.705 | Train Acc: 49.32  |  Val Loss: 1.740 | Val Acc: 33.67  |  Test Loss: 1.818 | Tes Acc: 28.57
INFO >> Epoch: 7  |  Layer:  5  |  Train Loss: 1.735 | Train Acc: 47.96  |  Val Loss: 1.810 | Val Acc: 35.71  |  Test Loss: 1.841 | Tes Acc: 27.55
INFO >> Epoch: 7  |  Layer:  6  |  Train Loss: 1.739 | Train Acc: 48.64  |  Val Loss: 1.805 | Val Acc: 35.71  |  Test Loss: 1.841 | Tes Acc: 29.08
INFO >> Epoch: 7  |  Layer:  7  |  Train Loss: 1.649 | Train Acc: 54.08  |  Val Loss: 1.730 | Val Acc: 38.78  |  Test Loss: 1.766 | Tes Acc: 35.20
INFO >> Epoch: 7  |  Layer:  8  |  Train Loss: 1.697 | Train Acc: 50.34  |  Val Loss: 1.768 | Val Acc: 39.80  |  Test Loss: 1.798 | Tes Acc: 35.20
INFO >> Epoch: 7  |  Layer:  9  |  Train Loss: 1.717 | Train Acc: 48.30  |  Val Loss: 1.784 | Val Acc: 31.63  |  Test Loss: 1.834 | Tes Acc: 33.16
INFO >> Epoch: 7  |  Layer: 10  |  Train Loss: 1.700 | Train Acc: 48.98  |  Val Loss: 1.777 | Val Acc: 33.67  |  Test Loss: 1.815 | Tes Acc: 31.12
INFO >> Epoch: 7  |  Layer: 11  |  Train Loss: 1.713 | Train Acc: 45.92  |  Val Loss: 1.798 | Val Acc: 33.67  |  Test Loss: 1.836 | Tes Acc: 29.59
INFO >> Epoch: 7  |  Layer: 12  |  Train Loss: 1.691 | Train Acc: 44.90  |  Val Loss: 1.799 | Val Acc: 33.67  |  Test Loss: 1.827 | Tes Acc: 35.20
INFO >> Epoch: 7  |  Layer: 13  |  Train Loss: 1.726 | Train Acc: 39.46  |  Val Loss: 1.888 | Val Acc: 29.59  |  Test Loss: 1.849 | Tes Acc: 34.18

INFO >> Epoch: 8  |  Layer:  1  |  Train Loss: 1.723 | Train Acc: 32.31  |  Val Loss: 1.848 | Val Acc: 31.63  |  Test Loss: 1.890 | Tes Acc: 21.43
INFO >> Epoch: 8  |  Layer:  2  |  Train Loss: 1.675 | Train Acc: 40.14  |  Val Loss: 1.798 | Val Acc: 27.55  |  Test Loss: 1.799 | Tes Acc: 26.02
INFO >> Epoch: 8  |  Layer:  3  |  Train Loss: 1.681 | Train Acc: 42.86  |  Val Loss: 1.757 | Val Acc: 33.67  |  Test Loss: 1.797 | Tes Acc: 27.04
INFO >> Epoch: 8  |  Layer:  4  |  Train Loss: 1.683 | Train Acc: 47.28  |  Val Loss: 1.693 | Val Acc: 37.76  |  Test Loss: 1.787 | Tes Acc: 33.16
INFO >> Epoch: 8  |  Layer:  5  |  Train Loss: 1.710 | Train Acc: 46.60  |  Val Loss: 1.781 | Val Acc: 35.71  |  Test Loss: 1.817 | Tes Acc: 27.55
INFO >> Epoch: 8  |  Layer:  6  |  Train Loss: 1.709 | Train Acc: 45.24  |  Val Loss: 1.786 | Val Acc: 32.65  |  Test Loss: 1.815 | Tes Acc: 31.12
INFO >> Epoch: 8  |  Layer:  7  |  Train Loss: 1.618 | Train Acc: 51.70  |  Val Loss: 1.690 | Val Acc: 37.76  |  Test Loss: 1.729 | Tes Acc: 37.24
INFO >> Epoch: 8  |  Layer:  8  |  Train Loss: 1.666 | Train Acc: 46.26  |  Val Loss: 1.734 | Val Acc: 39.80  |  Test Loss: 1.763 | Tes Acc: 36.22
INFO >> Epoch: 8  |  Layer:  9  |  Train Loss: 1.680 | Train Acc: 46.94  |  Val Loss: 1.752 | Val Acc: 33.67  |  Test Loss: 1.799 | Tes Acc: 33.16
INFO >> Epoch: 8  |  Layer: 10  |  Train Loss: 1.655 | Train Acc: 49.66  |  Val Loss: 1.741 | Val Acc: 35.71  |  Test Loss: 1.775 | Tes Acc: 31.63
INFO >> Epoch: 8  |  Layer: 11  |  Train Loss: 1.675 | Train Acc: 47.62  |  Val Loss: 1.769 | Val Acc: 32.65  |  Test Loss: 1.801 | Tes Acc: 31.63
INFO >> Epoch: 8  |  Layer: 12  |  Train Loss: 1.656 | Train Acc: 46.26  |  Val Loss: 1.779 | Val Acc: 30.61  |  Test Loss: 1.794 | Tes Acc: 31.63
INFO >> Epoch: 8  |  Layer: 13  |  Train Loss: 1.698 | Train Acc: 36.39  |  Val Loss: 1.912 | Val Acc: 25.51  |  Test Loss: 1.824 | Tes Acc: 32.14

INFO >> Epoch: 9  |  Layer:  1  |  Train Loss: 1.727 | Train Acc: 32.99  |  Val Loss: 1.823 | Val Acc: 28.57  |  Test Loss: 1.856 | Tes Acc: 17.86
INFO >> Epoch: 9  |  Layer:  2  |  Train Loss: 1.628 | Train Acc: 40.48  |  Val Loss: 1.777 | Val Acc: 33.67  |  Test Loss: 1.791 | Tes Acc: 25.51
INFO >> Epoch: 9  |  Layer:  3  |  Train Loss: 1.631 | Train Acc: 45.24  |  Val Loss: 1.730 | Val Acc: 36.73  |  Test Loss: 1.785 | Tes Acc: 28.57
INFO >> Epoch: 9  |  Layer:  4  |  Train Loss: 1.629 | Train Acc: 52.04  |  Val Loss: 1.659 | Val Acc: 38.78  |  Test Loss: 1.766 | Tes Acc: 31.12
INFO >> Epoch: 9  |  Layer:  5  |  Train Loss: 1.663 | Train Acc: 53.74  |  Val Loss: 1.751 | Val Acc: 37.76  |  Test Loss: 1.796 | Tes Acc: 27.04
INFO >> Epoch: 9  |  Layer:  6  |  Train Loss: 1.661 | Train Acc: 54.08  |  Val Loss: 1.747 | Val Acc: 37.76  |  Test Loss: 1.799 | Tes Acc: 29.59
INFO >> Epoch: 9  |  Layer:  7  |  Train Loss: 1.555 | Train Acc: 58.50  |  Val Loss: 1.650 | Val Acc: 48.98  |  Test Loss: 1.707 | Tes Acc: 33.67
INFO >> Epoch: 9  |  Layer:  8  |  Train Loss: 1.602 | Train Acc: 53.40  |  Val Loss: 1.695 | Val Acc: 42.86  |  Test Loss: 1.743 | Tes Acc: 36.73
INFO >> Epoch: 9  |  Layer:  9  |  Train Loss: 1.618 | Train Acc: 55.78  |  Val Loss: 1.716 | Val Acc: 36.73  |  Test Loss: 1.782 | Tes Acc: 35.71
INFO >> Epoch: 9  |  Layer: 10  |  Train Loss: 1.593 | Train Acc: 58.16  |  Val Loss: 1.699 | Val Acc: 34.69  |  Test Loss: 1.756 | Tes Acc: 34.69
INFO >> Epoch: 9  |  Layer: 11  |  Train Loss: 1.614 | Train Acc: 53.06  |  Val Loss: 1.719 | Val Acc: 34.69  |  Test Loss: 1.783 | Tes Acc: 29.08
INFO >> Epoch: 9  |  Layer: 12  |  Train Loss: 1.594 | Train Acc: 50.68  |  Val Loss: 1.731 | Val Acc: 36.73  |  Test Loss: 1.782 | Tes Acc: 29.08
INFO >> Epoch: 9  |  Layer: 13  |  Train Loss: 1.643 | Train Acc: 44.90  |  Val Loss: 1.898 | Val Acc: 28.57  |  Test Loss: 1.818 | Tes Acc: 34.69

INFO >> Epoch: 10  |  Layer:  1  |  Train Loss: 1.697 | Train Acc: 29.25  |  Val Loss: 1.848 | Val Acc: 22.45  |  Test Loss: 1.897 | Tes Acc: 20.41
INFO >> Epoch: 10  |  Layer:  2  |  Train Loss: 1.590 | Train Acc: 43.20  |  Val Loss: 1.769 | Val Acc: 31.63  |  Test Loss: 1.788 | Tes Acc: 22.96
INFO >> Epoch: 10  |  Layer:  3  |  Train Loss: 1.577 | Train Acc: 48.64  |  Val Loss: 1.719 | Val Acc: 32.65  |  Test Loss: 1.777 | Tes Acc: 22.45
INFO >> Epoch: 10  |  Layer:  4  |  Train Loss: 1.566 | Train Acc: 54.76  |  Val Loss: 1.618 | Val Acc: 33.67  |  Test Loss: 1.746 | Tes Acc: 28.06
INFO >> Epoch: 10  |  Layer:  5  |  Train Loss: 1.605 | Train Acc: 56.12  |  Val Loss: 1.721 | Val Acc: 34.69  |  Test Loss: 1.777 | Tes Acc: 29.08
INFO >> Epoch: 10  |  Layer:  6  |  Train Loss: 1.601 | Train Acc: 59.52  |  Val Loss: 1.714 | Val Acc: 34.69  |  Test Loss: 1.781 | Tes Acc: 29.08
INFO >> Epoch: 10  |  Layer:  7  |  Train Loss: 1.479 | Train Acc: 61.56  |  Val Loss: 1.602 | Val Acc: 40.82  |  Test Loss: 1.679 | Tes Acc: 37.24
INFO >> Epoch: 10  |  Layer:  8  |  Train Loss: 1.538 | Train Acc: 62.24  |  Val Loss: 1.660 | Val Acc: 39.80  |  Test Loss: 1.714 | Tes Acc: 36.22
INFO >> Epoch: 10  |  Layer:  9  |  Train Loss: 1.561 | Train Acc: 58.84  |  Val Loss: 1.686 | Val Acc: 35.71  |  Test Loss: 1.756 | Tes Acc: 34.69
INFO >> Epoch: 10  |  Layer: 10  |  Train Loss: 1.526 | Train Acc: 62.24  |  Val Loss: 1.673 | Val Acc: 34.69  |  Test Loss: 1.729 | Tes Acc: 31.63
INFO >> Epoch: 10  |  Layer: 11  |  Train Loss: 1.555 | Train Acc: 56.12  |  Val Loss: 1.708 | Val Acc: 33.67  |  Test Loss: 1.761 | Tes Acc: 31.12
INFO >> Epoch: 10  |  Layer: 12  |  Train Loss: 1.532 | Train Acc: 57.82  |  Val Loss: 1.730 | Val Acc: 37.76  |  Test Loss: 1.760 | Tes Acc: 32.14
INFO >> Epoch: 10  |  Layer: 13  |  Train Loss: 1.600 | Train Acc: 49.32  |  Val Loss: 1.929 | Val Acc: 30.61  |  Test Loss: 1.802 | Tes Acc: 31.63

INFO >> Epoch: 11  |  Layer:  1  |  Train Loss: 1.649 | Train Acc: 33.67  |  Val Loss: 1.817 | Val Acc: 32.65  |  Test Loss: 1.882 | Tes Acc: 18.88
INFO >> Epoch: 11  |  Layer:  2  |  Train Loss: 1.548 | Train Acc: 47.62  |  Val Loss: 1.776 | Val Acc: 31.63  |  Test Loss: 1.773 | Tes Acc: 26.02
INFO >> Epoch: 11  |  Layer:  3  |  Train Loss: 1.530 | Train Acc: 48.64  |  Val Loss: 1.713 | Val Acc: 35.71  |  Test Loss: 1.761 | Tes Acc: 23.98
INFO >> Epoch: 11  |  Layer:  4  |  Train Loss: 1.518 | Train Acc: 54.76  |  Val Loss: 1.617 | Val Acc: 36.73  |  Test Loss: 1.722 | Tes Acc: 27.04
INFO >> Epoch: 11  |  Layer:  5  |  Train Loss: 1.555 | Train Acc: 54.42  |  Val Loss: 1.720 | Val Acc: 33.67  |  Test Loss: 1.759 | Tes Acc: 26.53
INFO >> Epoch: 11  |  Layer:  6  |  Train Loss: 1.546 | Train Acc: 55.44  |  Val Loss: 1.708 | Val Acc: 34.69  |  Test Loss: 1.758 | Tes Acc: 32.14
INFO >> Epoch: 11  |  Layer:  7  |  Train Loss: 1.427 | Train Acc: 60.88  |  Val Loss: 1.589 | Val Acc: 43.88  |  Test Loss: 1.655 | Tes Acc: 35.20
INFO >> Epoch: 11  |  Layer:  8  |  Train Loss: 1.478 | Train Acc: 58.84  |  Val Loss: 1.645 | Val Acc: 41.84  |  Test Loss: 1.695 | Tes Acc: 36.73
INFO >> Epoch: 11  |  Layer:  9  |  Train Loss: 1.508 | Train Acc: 60.54  |  Val Loss: 1.672 | Val Acc: 40.82  |  Test Loss: 1.743 | Tes Acc: 35.20
INFO >> Epoch: 11  |  Layer: 10  |  Train Loss: 1.470 | Train Acc: 60.54  |  Val Loss: 1.665 | Val Acc: 36.73  |  Test Loss: 1.717 | Tes Acc: 33.16
INFO >> Epoch: 11  |  Layer: 11  |  Train Loss: 1.495 | Train Acc: 55.44  |  Val Loss: 1.684 | Val Acc: 35.71  |  Test Loss: 1.749 | Tes Acc: 28.57
INFO >> Epoch: 11  |  Layer: 12  |  Train Loss: 1.471 | Train Acc: 56.12  |  Val Loss: 1.703 | Val Acc: 33.67  |  Test Loss: 1.752 | Tes Acc: 34.18
INFO >> Epoch: 11  |  Layer: 13  |  Train Loss: 1.543 | Train Acc: 49.66  |  Val Loss: 1.943 | Val Acc: 27.55  |  Test Loss: 1.798 | Tes Acc: 29.08

INFO >> Epoch: 12  |  Layer:  1  |  Train Loss: 1.655 | Train Acc: 32.99  |  Val Loss: 1.848 | Val Acc: 20.41  |  Test Loss: 1.939 | Tes Acc: 16.84
INFO >> Epoch: 12  |  Layer:  2  |  Train Loss: 1.531 | Train Acc: 48.64  |  Val Loss: 1.737 | Val Acc: 32.65  |  Test Loss: 1.768 | Tes Acc: 26.53
INFO >> Epoch: 12  |  Layer:  3  |  Train Loss: 1.505 | Train Acc: 52.38  |  Val Loss: 1.691 | Val Acc: 35.71  |  Test Loss: 1.759 | Tes Acc: 25.51
INFO >> Epoch: 12  |  Layer:  4  |  Train Loss: 1.465 | Train Acc: 57.48  |  Val Loss: 1.561 | Val Acc: 39.80  |  Test Loss: 1.710 | Tes Acc: 29.59
INFO >> Epoch: 12  |  Layer:  5  |  Train Loss: 1.499 | Train Acc: 56.46  |  Val Loss: 1.670 | Val Acc: 40.82  |  Test Loss: 1.742 | Tes Acc: 29.08
INFO >> Epoch: 12  |  Layer:  6  |  Train Loss: 1.477 | Train Acc: 59.52  |  Val Loss: 1.672 | Val Acc: 33.67  |  Test Loss: 1.744 | Tes Acc: 33.16
INFO >> Epoch: 12  |  Layer:  7  |  Train Loss: 1.343 | Train Acc: 60.20  |  Val Loss: 1.535 | Val Acc: 47.96  |  Test Loss: 1.636 | Tes Acc: 36.73
INFO >> Epoch: 12  |  Layer:  8  |  Train Loss: 1.405 | Train Acc: 61.22  |  Val Loss: 1.594 | Val Acc: 43.88  |  Test Loss: 1.672 | Tes Acc: 37.76
INFO >> Epoch: 12  |  Layer:  9  |  Train Loss: 1.430 | Train Acc: 54.42  |  Val Loss: 1.633 | Val Acc: 42.86  |  Test Loss: 1.731 | Tes Acc: 36.73
INFO >> Epoch: 12  |  Layer: 10  |  Train Loss: 1.393 | Train Acc: 58.50  |  Val Loss: 1.627 | Val Acc: 35.71  |  Test Loss: 1.703 | Tes Acc: 32.65
INFO >> Epoch: 12  |  Layer: 11  |  Train Loss: 1.424 | Train Acc: 54.42  |  Val Loss: 1.663 | Val Acc: 33.67  |  Test Loss: 1.737 | Tes Acc: 29.59
INFO >> Epoch: 12  |  Layer: 12  |  Train Loss: 1.408 | Train Acc: 51.70  |  Val Loss: 1.689 | Val Acc: 37.76  |  Test Loss: 1.744 | Tes Acc: 33.67
INFO >> Epoch: 12  |  Layer: 13  |  Train Loss: 1.482 | Train Acc: 47.96  |  Val Loss: 1.986 | Val Acc: 28.57  |  Test Loss: 1.797 | Tes Acc: 34.18

INFO >> Epoch: 13  |  Layer:  1  |  Train Loss: 1.669 | Train Acc: 34.01  |  Val Loss: 1.872 | Val Acc: 26.53  |  Test Loss: 1.905 | Tes Acc: 23.98
INFO >> Epoch: 13  |  Layer:  2  |  Train Loss: 1.510 | Train Acc: 48.98  |  Val Loss: 1.747 | Val Acc: 25.51  |  Test Loss: 1.766 | Tes Acc: 28.06
INFO >> Epoch: 13  |  Layer:  3  |  Train Loss: 1.480 | Train Acc: 51.70  |  Val Loss: 1.676 | Val Acc: 39.80  |  Test Loss: 1.755 | Tes Acc: 29.59
INFO >> Epoch: 13  |  Layer:  4  |  Train Loss: 1.438 | Train Acc: 58.50  |  Val Loss: 1.531 | Val Acc: 45.92  |  Test Loss: 1.698 | Tes Acc: 28.57
INFO >> Epoch: 13  |  Layer:  5  |  Train Loss: 1.477 | Train Acc: 56.46  |  Val Loss: 1.643 | Val Acc: 45.92  |  Test Loss: 1.725 | Tes Acc: 28.57
INFO >> Epoch: 13  |  Layer:  6  |  Train Loss: 1.454 | Train Acc: 60.20  |  Val Loss: 1.654 | Val Acc: 40.82  |  Test Loss: 1.730 | Tes Acc: 31.63
INFO >> Epoch: 13  |  Layer:  7  |  Train Loss: 1.322 | Train Acc: 66.33  |  Val Loss: 1.501 | Val Acc: 51.02  |  Test Loss: 1.628 | Tes Acc: 33.67
INFO >> Epoch: 13  |  Layer:  8  |  Train Loss: 1.371 | Train Acc: 65.99  |  Val Loss: 1.570 | Val Acc: 44.90  |  Test Loss: 1.669 | Tes Acc: 35.20
INFO >> Epoch: 13  |  Layer:  9  |  Train Loss: 1.404 | Train Acc: 61.90  |  Val Loss: 1.613 | Val Acc: 43.88  |  Test Loss: 1.730 | Tes Acc: 32.14
INFO >> Epoch: 13  |  Layer: 10  |  Train Loss: 1.366 | Train Acc: 65.65  |  Val Loss: 1.597 | Val Acc: 37.76  |  Test Loss: 1.706 | Tes Acc: 32.14
INFO >> Epoch: 13  |  Layer: 11  |  Train Loss: 1.399 | Train Acc: 57.48  |  Val Loss: 1.633 | Val Acc: 40.82  |  Test Loss: 1.743 | Tes Acc: 26.53
INFO >> Epoch: 13  |  Layer: 12  |  Train Loss: 1.382 | Train Acc: 57.82  |  Val Loss: 1.649 | Val Acc: 37.76  |  Test Loss: 1.738 | Tes Acc: 34.69
INFO >> Epoch: 13  |  Layer: 13  |  Train Loss: 1.469 | Train Acc: 49.66  |  Val Loss: 1.985 | Val Acc: 29.59  |  Test Loss: 1.798 | Tes Acc: 32.65

INFO >> Epoch: 14  |  Layer:  1  |  Train Loss: 1.657 | Train Acc: 31.63  |  Val Loss: 1.838 | Val Acc: 20.41  |  Test Loss: 1.980 | Tes Acc: 15.82
INFO >> Epoch: 14  |  Layer:  2  |  Train Loss: 1.505 | Train Acc: 47.96  |  Val Loss: 1.713 | Val Acc: 31.63  |  Test Loss: 1.761 | Tes Acc: 26.53
INFO >> Epoch: 14  |  Layer:  3  |  Train Loss: 1.451 | Train Acc: 55.10  |  Val Loss: 1.674 | Val Acc: 33.67  |  Test Loss: 1.755 | Tes Acc: 26.53
INFO >> Epoch: 14  |  Layer:  4  |  Train Loss: 1.403 | Train Acc: 61.56  |  Val Loss: 1.521 | Val Acc: 31.63  |  Test Loss: 1.686 | Tes Acc: 27.04
INFO >> Epoch: 14  |  Layer:  5  |  Train Loss: 1.426 | Train Acc: 60.54  |  Val Loss: 1.613 | Val Acc: 33.67  |  Test Loss: 1.716 | Tes Acc: 25.51
INFO >> Epoch: 14  |  Layer:  6  |  Train Loss: 1.404 | Train Acc: 61.56  |  Val Loss: 1.614 | Val Acc: 31.63  |  Test Loss: 1.721 | Tes Acc: 31.63
INFO >> Epoch: 14  |  Layer:  7  |  Train Loss: 1.277 | Train Acc: 66.67  |  Val Loss: 1.498 | Val Acc: 37.76  |  Test Loss: 1.604 | Tes Acc: 38.27
INFO >> Epoch: 14  |  Layer:  8  |  Train Loss: 1.314 | Train Acc: 67.01  |  Val Loss: 1.544 | Val Acc: 42.86  |  Test Loss: 1.647 | Tes Acc: 37.24
INFO >> Epoch: 14  |  Layer:  9  |  Train Loss: 1.348 | Train Acc: 63.27  |  Val Loss: 1.573 | Val Acc: 43.88  |  Test Loss: 1.719 | Tes Acc: 34.69
INFO >> Epoch: 14  |  Layer: 10  |  Train Loss: 1.305 | Train Acc: 66.67  |  Val Loss: 1.576 | Val Acc: 33.67  |  Test Loss: 1.691 | Tes Acc: 34.18
INFO >> Epoch: 14  |  Layer: 11  |  Train Loss: 1.351 | Train Acc: 56.80  |  Val Loss: 1.578 | Val Acc: 37.76  |  Test Loss: 1.735 | Tes Acc: 33.16
INFO >> Epoch: 14  |  Layer: 12  |  Train Loss: 1.332 | Train Acc: 57.14  |  Val Loss: 1.607 | Val Acc: 35.71  |  Test Loss: 1.738 | Tes Acc: 33.16
INFO >> Epoch: 14  |  Layer: 13  |  Train Loss: 1.420 | Train Acc: 55.44  |  Val Loss: 1.949 | Val Acc: 29.59  |  Test Loss: 1.801 | Tes Acc: 33.67

INFO >> Epoch: 15  |  Layer:  1  |  Train Loss: 1.597 | Train Acc: 36.73  |  Val Loss: 1.826 | Val Acc: 40.82  |  Test Loss: 1.919 | Tes Acc: 18.88
INFO >> Epoch: 15  |  Layer:  2  |  Train Loss: 1.426 | Train Acc: 50.68  |  Val Loss: 1.679 | Val Acc: 32.65  |  Test Loss: 1.764 | Tes Acc: 26.53
INFO >> Epoch: 15  |  Layer:  3  |  Train Loss: 1.381 | Train Acc: 54.08  |  Val Loss: 1.644 | Val Acc: 36.73  |  Test Loss: 1.764 | Tes Acc: 23.47
INFO >> Epoch: 15  |  Layer:  4  |  Train Loss: 1.324 | Train Acc: 62.59  |  Val Loss: 1.477 | Val Acc: 40.82  |  Test Loss: 1.687 | Tes Acc: 27.04
INFO >> Epoch: 15  |  Layer:  5  |  Train Loss: 1.355 | Train Acc: 62.24  |  Val Loss: 1.576 | Val Acc: 45.92  |  Test Loss: 1.712 | Tes Acc: 30.10
INFO >> Epoch: 15  |  Layer:  6  |  Train Loss: 1.320 | Train Acc: 65.31  |  Val Loss: 1.589 | Val Acc: 39.80  |  Test Loss: 1.720 | Tes Acc: 34.18
INFO >> Epoch: 15  |  Layer:  7  |  Train Loss: 1.191 | Train Acc: 67.35  |  Val Loss: 1.468 | Val Acc: 47.96  |  Test Loss: 1.617 | Tes Acc: 35.20
INFO >> Epoch: 15  |  Layer:  8  |  Train Loss: 1.227 | Train Acc: 67.69  |  Val Loss: 1.511 | Val Acc: 45.92  |  Test Loss: 1.656 | Tes Acc: 36.22
INFO >> Epoch: 15  |  Layer:  9  |  Train Loss: 1.259 | Train Acc: 66.67  |  Val Loss: 1.543 | Val Acc: 43.88  |  Test Loss: 1.737 | Tes Acc: 35.20
INFO >> Epoch: 15  |  Layer: 10  |  Train Loss: 1.227 | Train Acc: 68.71  |  Val Loss: 1.553 | Val Acc: 36.73  |  Test Loss: 1.715 | Tes Acc: 32.65
INFO >> Epoch: 15  |  Layer: 11  |  Train Loss: 1.276 | Train Acc: 62.93  |  Val Loss: 1.581 | Val Acc: 36.73  |  Test Loss: 1.756 | Tes Acc: 30.61
INFO >> Epoch: 15  |  Layer: 12  |  Train Loss: 1.252 | Train Acc: 63.61  |  Val Loss: 1.592 | Val Acc: 37.76  |  Test Loss: 1.747 | Tes Acc: 32.65
INFO >> Epoch: 15  |  Layer: 13  |  Train Loss: 1.347 | Train Acc: 55.44  |  Val Loss: 1.989 | Val Acc: 29.59  |  Test Loss: 1.806 | Tes Acc: 32.65

INFO >> Epoch: 16  |  Layer:  1  |  Train Loss: 1.577 | Train Acc: 35.71  |  Val Loss: 1.832 | Val Acc: 32.65  |  Test Loss: 1.978 | Tes Acc: 21.94
INFO >> Epoch: 16  |  Layer:  2  |  Train Loss: 1.379 | Train Acc: 54.42  |  Val Loss: 1.695 | Val Acc: 35.71  |  Test Loss: 1.753 | Tes Acc: 28.06
INFO >> Epoch: 16  |  Layer:  3  |  Train Loss: 1.332 | Train Acc: 55.44  |  Val Loss: 1.623 | Val Acc: 41.84  |  Test Loss: 1.751 | Tes Acc: 24.49
INFO >> Epoch: 16  |  Layer:  4  |  Train Loss: 1.279 | Train Acc: 62.59  |  Val Loss: 1.444 | Val Acc: 40.82  |  Test Loss: 1.673 | Tes Acc: 28.57
INFO >> Epoch: 16  |  Layer:  5  |  Train Loss: 1.306 | Train Acc: 61.90  |  Val Loss: 1.555 | Val Acc: 42.86  |  Test Loss: 1.698 | Tes Acc: 27.55
INFO >> Epoch: 16  |  Layer:  6  |  Train Loss: 1.264 | Train Acc: 62.24  |  Val Loss: 1.573 | Val Acc: 41.84  |  Test Loss: 1.702 | Tes Acc: 32.14
INFO >> Epoch: 16  |  Layer:  7  |  Train Loss: 1.129 | Train Acc: 69.05  |  Val Loss: 1.414 | Val Acc: 47.96  |  Test Loss: 1.595 | Tes Acc: 37.24
INFO >> Epoch: 16  |  Layer:  8  |  Train Loss: 1.168 | Train Acc: 68.37  |  Val Loss: 1.508 | Val Acc: 45.92  |  Test Loss: 1.637 | Tes Acc: 36.73
INFO >> Epoch: 16  |  Layer:  9  |  Train Loss: 1.197 | Train Acc: 64.63  |  Val Loss: 1.550 | Val Acc: 40.82  |  Test Loss: 1.718 | Tes Acc: 34.69
INFO >> Epoch: 16  |  Layer: 10  |  Train Loss: 1.173 | Train Acc: 64.97  |  Val Loss: 1.559 | Val Acc: 39.80  |  Test Loss: 1.693 | Tes Acc: 31.63
INFO >> Epoch: 16  |  Layer: 11  |  Train Loss: 1.220 | Train Acc: 57.14  |  Val Loss: 1.573 | Val Acc: 39.80  |  Test Loss: 1.738 | Tes Acc: 29.08
INFO >> Epoch: 16  |  Layer: 12  |  Train Loss: 1.214 | Train Acc: 59.52  |  Val Loss: 1.600 | Val Acc: 37.76  |  Test Loss: 1.735 | Tes Acc: 35.71
INFO >> Epoch: 16  |  Layer: 13  |  Train Loss: 1.312 | Train Acc: 53.40  |  Val Loss: 2.036 | Val Acc: 30.61  |  Test Loss: 1.802 | Tes Acc: 33.67

INFO >> Epoch: 17  |  Layer:  1  |  Train Loss: 1.606 | Train Acc: 30.61  |  Val Loss: 1.782 | Val Acc: 24.49  |  Test Loss: 1.932 | Tes Acc: 13.27
INFO >> Epoch: 17  |  Layer:  2  |  Train Loss: 1.367 | Train Acc: 54.76  |  Val Loss: 1.640 | Val Acc: 36.73  |  Test Loss: 1.748 | Tes Acc: 24.49
INFO >> Epoch: 17  |  Layer:  3  |  Train Loss: 1.316 | Train Acc: 58.50  |  Val Loss: 1.621 | Val Acc: 39.80  |  Test Loss: 1.757 | Tes Acc: 23.98
INFO >> Epoch: 17  |  Layer:  4  |  Train Loss: 1.257 | Train Acc: 59.86  |  Val Loss: 1.457 | Val Acc: 36.73  |  Test Loss: 1.678 | Tes Acc: 28.06
INFO >> Epoch: 17  |  Layer:  5  |  Train Loss: 1.293 | Train Acc: 58.16  |  Val Loss: 1.558 | Val Acc: 42.86  |  Test Loss: 1.701 | Tes Acc: 28.57
INFO >> Epoch: 17  |  Layer:  6  |  Train Loss: 1.233 | Train Acc: 66.67  |  Val Loss: 1.547 | Val Acc: 37.76  |  Test Loss: 1.703 | Tes Acc: 31.12
INFO >> Epoch: 17  |  Layer:  7  |  Train Loss: 1.112 | Train Acc: 70.75  |  Val Loss: 1.488 | Val Acc: 34.69  |  Test Loss: 1.585 | Tes Acc: 34.69
INFO >> Epoch: 17  |  Layer:  8  |  Train Loss: 1.150 | Train Acc: 69.39  |  Val Loss: 1.502 | Val Acc: 42.86  |  Test Loss: 1.636 | Tes Acc: 37.76
INFO >> Epoch: 17  |  Layer:  9  |  Train Loss: 1.199 | Train Acc: 66.67  |  Val Loss: 1.526 | Val Acc: 46.94  |  Test Loss: 1.709 | Tes Acc: 39.29
INFO >> Epoch: 17  |  Layer: 10  |  Train Loss: 1.164 | Train Acc: 64.97  |  Val Loss: 1.558 | Val Acc: 35.71  |  Test Loss: 1.691 | Tes Acc: 34.69
INFO >> Epoch: 17  |  Layer: 11  |  Train Loss: 1.208 | Train Acc: 62.24  |  Val Loss: 1.569 | Val Acc: 34.69  |  Test Loss: 1.727 | Tes Acc: 33.67
INFO >> Epoch: 17  |  Layer: 12  |  Train Loss: 1.206 | Train Acc: 61.56  |  Val Loss: 1.589 | Val Acc: 33.67  |  Test Loss: 1.723 | Tes Acc: 36.22
INFO >> Epoch: 17  |  Layer: 13  |  Train Loss: 1.308 | Train Acc: 54.42  |  Val Loss: 2.001 | Val Acc: 28.57  |  Test Loss: 1.779 | Tes Acc: 31.12

INFO >> Epoch: 18  |  Layer:  1  |  Train Loss: 1.549 | Train Acc: 39.46  |  Val Loss: 1.727 | Val Acc: 37.76  |  Test Loss: 1.920 | Tes Acc: 20.92
INFO >> Epoch: 18  |  Layer:  2  |  Train Loss: 1.334 | Train Acc: 55.44  |  Val Loss: 1.655 | Val Acc: 32.65  |  Test Loss: 1.739 | Tes Acc: 26.53
INFO >> Epoch: 18  |  Layer:  3  |  Train Loss: 1.281 | Train Acc: 59.18  |  Val Loss: 1.596 | Val Acc: 39.80  |  Test Loss: 1.742 | Tes Acc: 30.10
INFO >> Epoch: 18  |  Layer:  4  |  Train Loss: 1.223 | Train Acc: 62.24  |  Val Loss: 1.415 | Val Acc: 42.86  |  Test Loss: 1.659 | Tes Acc: 30.10
INFO >> Epoch: 18  |  Layer:  5  |  Train Loss: 1.251 | Train Acc: 65.99  |  Val Loss: 1.535 | Val Acc: 40.82  |  Test Loss: 1.688 | Tes Acc: 29.08
INFO >> Epoch: 18  |  Layer:  6  |  Train Loss: 1.199 | Train Acc: 65.65  |  Val Loss: 1.545 | Val Acc: 38.78  |  Test Loss: 1.689 | Tes Acc: 33.67
INFO >> Epoch: 18  |  Layer:  7  |  Train Loss: 1.053 | Train Acc: 70.41  |  Val Loss: 1.403 | Val Acc: 45.92  |  Test Loss: 1.577 | Tes Acc: 37.24
INFO >> Epoch: 18  |  Layer:  8  |  Train Loss: 1.097 | Train Acc: 72.79  |  Val Loss: 1.504 | Val Acc: 44.90  |  Test Loss: 1.626 | Tes Acc: 38.78
INFO >> Epoch: 18  |  Layer:  9  |  Train Loss: 1.149 | Train Acc: 66.33  |  Val Loss: 1.550 | Val Acc: 42.86  |  Test Loss: 1.716 | Tes Acc: 37.76
INFO >> Epoch: 18  |  Layer: 10  |  Train Loss: 1.124 | Train Acc: 65.99  |  Val Loss: 1.597 | Val Acc: 39.80  |  Test Loss: 1.691 | Tes Acc: 36.22
INFO >> Epoch: 18  |  Layer: 11  |  Train Loss: 1.184 | Train Acc: 59.52  |  Val Loss: 1.591 | Val Acc: 38.78  |  Test Loss: 1.740 | Tes Acc: 35.71
INFO >> Epoch: 18  |  Layer: 12  |  Train Loss: 1.181 | Train Acc: 63.27  |  Val Loss: 1.596 | Val Acc: 39.80  |  Test Loss: 1.725 | Tes Acc: 38.78
INFO >> Epoch: 18  |  Layer: 13  |  Train Loss: 1.285 | Train Acc: 54.42  |  Val Loss: 1.960 | Val Acc: 29.59  |  Test Loss: 1.795 | Tes Acc: 37.76

INFO >> Epoch: 19  |  Layer:  1  |  Train Loss: 1.518 | Train Acc: 42.86  |  Val Loss: 1.737 | Val Acc: 34.69  |  Test Loss: 1.961 | Tes Acc: 19.39
INFO >> Epoch: 19  |  Layer:  2  |  Train Loss: 1.299 | Train Acc: 57.14  |  Val Loss: 1.572 | Val Acc: 38.78  |  Test Loss: 1.736 | Tes Acc: 29.59
INFO >> Epoch: 19  |  Layer:  3  |  Train Loss: 1.242 | Train Acc: 61.56  |  Val Loss: 1.564 | Val Acc: 41.84  |  Test Loss: 1.755 | Tes Acc: 27.04
INFO >> Epoch: 19  |  Layer:  4  |  Train Loss: 1.177 | Train Acc: 63.27  |  Val Loss: 1.399 | Val Acc: 36.73  |  Test Loss: 1.662 | Tes Acc: 29.08
INFO >> Epoch: 19  |  Layer:  5  |  Train Loss: 1.209 | Train Acc: 63.27  |  Val Loss: 1.522 | Val Acc: 39.80  |  Test Loss: 1.684 | Tes Acc: 28.57
INFO >> Epoch: 19  |  Layer:  6  |  Train Loss: 1.155 | Train Acc: 71.77  |  Val Loss: 1.519 | Val Acc: 37.76  |  Test Loss: 1.684 | Tes Acc: 33.16
INFO >> Epoch: 19  |  Layer:  7  |  Train Loss: 1.019 | Train Acc: 73.13  |  Val Loss: 1.432 | Val Acc: 42.86  |  Test Loss: 1.568 | Tes Acc: 35.20
INFO >> Epoch: 19  |  Layer:  8  |  Train Loss: 1.063 | Train Acc: 74.49  |  Val Loss: 1.472 | Val Acc: 40.82  |  Test Loss: 1.623 | Tes Acc: 37.24
INFO >> Epoch: 19  |  Layer:  9  |  Train Loss: 1.106 | Train Acc: 73.47  |  Val Loss: 1.489 | Val Acc: 42.86  |  Test Loss: 1.696 | Tes Acc: 39.29
INFO >> Epoch: 19  |  Layer: 10  |  Train Loss: 1.075 | Train Acc: 69.73  |  Val Loss: 1.529 | Val Acc: 38.78  |  Test Loss: 1.688 | Tes Acc: 36.73
INFO >> Epoch: 19  |  Layer: 11  |  Train Loss: 1.126 | Train Acc: 67.69  |  Val Loss: 1.496 | Val Acc: 36.73  |  Test Loss: 1.730 | Tes Acc: 36.73
INFO >> Epoch: 19  |  Layer: 12  |  Train Loss: 1.098 | Train Acc: 69.73  |  Val Loss: 1.510 | Val Acc: 35.71  |  Test Loss: 1.708 | Tes Acc: 38.27
INFO >> Epoch: 19  |  Layer: 13  |  Train Loss: 1.206 | Train Acc: 62.93  |  Val Loss: 1.915 | Val Acc: 30.61  |  Test Loss: 1.758 | Tes Acc: 34.18

INFO >> Epoch: 20  |  Layer:  1  |  Train Loss: 1.483 | Train Acc: 47.28  |  Val Loss: 1.749 | Val Acc: 35.71  |  Test Loss: 1.957 | Tes Acc: 17.86
INFO >> Epoch: 20  |  Layer:  2  |  Train Loss: 1.275 | Train Acc: 60.20  |  Val Loss: 1.594 | Val Acc: 35.71  |  Test Loss: 1.735 | Tes Acc: 26.02
INFO >> Epoch: 20  |  Layer:  3  |  Train Loss: 1.227 | Train Acc: 64.63  |  Val Loss: 1.560 | Val Acc: 41.84  |  Test Loss: 1.748 | Tes Acc: 23.98
INFO >> Epoch: 20  |  Layer:  4  |  Train Loss: 1.161 | Train Acc: 69.39  |  Val Loss: 1.362 | Val Acc: 40.82  |  Test Loss: 1.651 | Tes Acc: 30.10
INFO >> Epoch: 20  |  Layer:  5  |  Train Loss: 1.188 | Train Acc: 69.73  |  Val Loss: 1.514 | Val Acc: 38.78  |  Test Loss: 1.677 | Tes Acc: 30.10
INFO >> Epoch: 20  |  Layer:  6  |  Train Loss: 1.123 | Train Acc: 72.11  |  Val Loss: 1.526 | Val Acc: 35.71  |  Test Loss: 1.679 | Tes Acc: 33.67
INFO >> Epoch: 20  |  Layer:  7  |  Train Loss: 0.987 | Train Acc: 77.55  |  Val Loss: 1.392 | Val Acc: 47.96  |  Test Loss: 1.558 | Tes Acc: 40.31
INFO >> Epoch: 20  |  Layer:  8  |  Train Loss: 1.038 | Train Acc: 78.91  |  Val Loss: 1.478 | Val Acc: 45.92  |  Test Loss: 1.619 | Tes Acc: 38.27
INFO >> Epoch: 20  |  Layer:  9  |  Train Loss: 1.088 | Train Acc: 71.09  |  Val Loss: 1.518 | Val Acc: 42.86  |  Test Loss: 1.707 | Tes Acc: 38.78
INFO >> Epoch: 20  |  Layer: 10  |  Train Loss: 1.077 | Train Acc: 72.11  |  Val Loss: 1.565 | Val Acc: 37.76  |  Test Loss: 1.683 | Tes Acc: 37.76
INFO >> Epoch: 20  |  Layer: 11  |  Train Loss: 1.138 | Train Acc: 69.39  |  Val Loss: 1.553 | Val Acc: 40.82  |  Test Loss: 1.732 | Tes Acc: 35.20
INFO >> Epoch: 20  |  Layer: 12  |  Train Loss: 1.136 | Train Acc: 71.77  |  Val Loss: 1.577 | Val Acc: 36.73  |  Test Loss: 1.708 | Tes Acc: 40.31
INFO >> Epoch: 20  |  Layer: 13  |  Train Loss: 1.249 | Train Acc: 62.24  |  Val Loss: 1.993 | Val Acc: 31.63  |  Test Loss: 1.768 | Tes Acc: 35.71

INFO >> Epoch: 21  |  Layer:  1  |  Train Loss: 1.458 | Train Acc: 42.86  |  Val Loss: 1.778 | Val Acc: 22.45  |  Test Loss: 2.098 | Tes Acc: 18.37
INFO >> Epoch: 21  |  Layer:  2  |  Train Loss: 1.221 | Train Acc: 61.22  |  Val Loss: 1.566 | Val Acc: 36.73  |  Test Loss: 1.731 | Tes Acc: 27.04
INFO >> Epoch: 21  |  Layer:  3  |  Train Loss: 1.165 | Train Acc: 62.24  |  Val Loss: 1.544 | Val Acc: 37.76  |  Test Loss: 1.760 | Tes Acc: 27.04
INFO >> Epoch: 21  |  Layer:  4  |  Train Loss: 1.091 | Train Acc: 67.69  |  Val Loss: 1.405 | Val Acc: 34.69  |  Test Loss: 1.664 | Tes Acc: 31.12
INFO >> Epoch: 21  |  Layer:  5  |  Train Loss: 1.116 | Train Acc: 68.03  |  Val Loss: 1.560 | Val Acc: 35.71  |  Test Loss: 1.677 | Tes Acc: 31.12
INFO >> Epoch: 21  |  Layer:  6  |  Train Loss: 1.061 | Train Acc: 71.77  |  Val Loss: 1.564 | Val Acc: 34.69  |  Test Loss: 1.669 | Tes Acc: 34.69
INFO >> Epoch: 21  |  Layer:  7  |  Train Loss: 0.930 | Train Acc: 75.85  |  Val Loss: 1.429 | Val Acc: 41.84  |  Test Loss: 1.565 | Tes Acc: 39.80
INFO >> Epoch: 21  |  Layer:  8  |  Train Loss: 0.966 | Train Acc: 76.53  |  Val Loss: 1.538 | Val Acc: 39.80  |  Test Loss: 1.622 | Tes Acc: 39.29
INFO >> Epoch: 21  |  Layer:  9  |  Train Loss: 1.019 | Train Acc: 73.13  |  Val Loss: 1.555 | Val Acc: 39.80  |  Test Loss: 1.712 | Tes Acc: 38.78
INFO >> Epoch: 21  |  Layer: 10  |  Train Loss: 1.005 | Train Acc: 75.17  |  Val Loss: 1.563 | Val Acc: 36.73  |  Test Loss: 1.689 | Tes Acc: 38.27
INFO >> Epoch: 21  |  Layer: 11  |  Train Loss: 1.062 | Train Acc: 67.01  |  Val Loss: 1.527 | Val Acc: 39.80  |  Test Loss: 1.723 | Tes Acc: 33.67
INFO >> Epoch: 21  |  Layer: 12  |  Train Loss: 1.034 | Train Acc: 71.43  |  Val Loss: 1.569 | Val Acc: 37.76  |  Test Loss: 1.696 | Tes Acc: 40.82
INFO >> Epoch: 21  |  Layer: 13  |  Train Loss: 1.133 | Train Acc: 63.61  |  Val Loss: 2.026 | Val Acc: 27.55  |  Test Loss: 1.740 | Tes Acc: 35.71

INFO >> Epoch: 22  |  Layer:  1  |  Train Loss: 1.498 | Train Acc: 39.46  |  Val Loss: 1.768 | Val Acc: 37.76  |  Test Loss: 1.960 | Tes Acc: 19.39
INFO >> Epoch: 22  |  Layer:  2  |  Train Loss: 1.241 | Train Acc: 59.86  |  Val Loss: 1.592 | Val Acc: 34.69  |  Test Loss: 1.739 | Tes Acc: 27.55
INFO >> Epoch: 22  |  Layer:  3  |  Train Loss: 1.174 | Train Acc: 62.93  |  Val Loss: 1.555 | Val Acc: 42.86  |  Test Loss: 1.761 | Tes Acc: 25.51
INFO >> Epoch: 22  |  Layer:  4  |  Train Loss: 1.085 | Train Acc: 64.63  |  Val Loss: 1.364 | Val Acc: 40.82  |  Test Loss: 1.652 | Tes Acc: 30.61
INFO >> Epoch: 22  |  Layer:  5  |  Train Loss: 1.111 | Train Acc: 65.99  |  Val Loss: 1.537 | Val Acc: 36.73  |  Test Loss: 1.667 | Tes Acc: 29.59
INFO >> Epoch: 22  |  Layer:  6  |  Train Loss: 1.036 | Train Acc: 72.45  |  Val Loss: 1.544 | Val Acc: 35.71  |  Test Loss: 1.662 | Tes Acc: 33.16
INFO >> Epoch: 22  |  Layer:  7  |  Train Loss: 0.904 | Train Acc: 78.91  |  Val Loss: 1.416 | Val Acc: 43.88  |  Test Loss: 1.550 | Tes Acc: 37.76
INFO >> Epoch: 22  |  Layer:  8  |  Train Loss: 0.941 | Train Acc: 80.27  |  Val Loss: 1.537 | Val Acc: 42.86  |  Test Loss: 1.602 | Tes Acc: 37.76
INFO >> Epoch: 22  |  Layer:  9  |  Train Loss: 0.984 | Train Acc: 75.85  |  Val Loss: 1.574 | Val Acc: 39.80  |  Test Loss: 1.704 | Tes Acc: 37.24
INFO >> Epoch: 22  |  Layer: 10  |  Train Loss: 0.977 | Train Acc: 75.85  |  Val Loss: 1.641 | Val Acc: 34.69  |  Test Loss: 1.686 | Tes Acc: 34.18
INFO >> Epoch: 22  |  Layer: 11  |  Train Loss: 1.037 | Train Acc: 71.43  |  Val Loss: 1.589 | Val Acc: 38.78  |  Test Loss: 1.730 | Tes Acc: 33.16
INFO >> Epoch: 22  |  Layer: 12  |  Train Loss: 1.023 | Train Acc: 71.77  |  Val Loss: 1.629 | Val Acc: 36.73  |  Test Loss: 1.690 | Tes Acc: 38.27
INFO >> Epoch: 22  |  Layer: 13  |  Train Loss: 1.138 | Train Acc: 64.29  |  Val Loss: 2.069 | Val Acc: 30.61  |  Test Loss: 1.746 | Tes Acc: 35.20

INFO >> Epoch: 23  |  Layer:  1  |  Train Loss: 1.484 | Train Acc: 40.48  |  Val Loss: 1.736 | Val Acc: 22.45  |  Test Loss: 2.091 | Tes Acc: 19.39
INFO >> Epoch: 23  |  Layer:  2  |  Train Loss: 1.181 | Train Acc: 62.93  |  Val Loss: 1.545 | Val Acc: 41.84  |  Test Loss: 1.745 | Tes Acc: 25.00
INFO >> Epoch: 23  |  Layer:  3  |  Train Loss: 1.119 | Train Acc: 62.59  |  Val Loss: 1.543 | Val Acc: 38.78  |  Test Loss: 1.795 | Tes Acc: 23.98
INFO >> Epoch: 23  |  Layer:  4  |  Train Loss: 1.042 | Train Acc: 69.05  |  Val Loss: 1.379 | Val Acc: 34.69  |  Test Loss: 1.674 | Tes Acc: 30.61
INFO >> Epoch: 23  |  Layer:  5  |  Train Loss: 1.059 | Train Acc: 70.41  |  Val Loss: 1.538 | Val Acc: 38.78  |  Test Loss: 1.678 | Tes Acc: 31.12
INFO >> Epoch: 23  |  Layer:  6  |  Train Loss: 0.995 | Train Acc: 76.19  |  Val Loss: 1.540 | Val Acc: 32.65  |  Test Loss: 1.685 | Tes Acc: 31.63
INFO >> Epoch: 23  |  Layer:  7  |  Train Loss: 0.861 | Train Acc: 80.95  |  Val Loss: 1.439 | Val Acc: 40.82  |  Test Loss: 1.548 | Tes Acc: 38.78
INFO >> Epoch: 23  |  Layer:  8  |  Train Loss: 0.916 | Train Acc: 78.91  |  Val Loss: 1.537 | Val Acc: 37.76  |  Test Loss: 1.617 | Tes Acc: 38.78
INFO >> Epoch: 23  |  Layer:  9  |  Train Loss: 0.968 | Train Acc: 72.45  |  Val Loss: 1.539 | Val Acc: 37.76  |  Test Loss: 1.716 | Tes Acc: 37.76
INFO >> Epoch: 23  |  Layer: 10  |  Train Loss: 0.958 | Train Acc: 72.79  |  Val Loss: 1.574 | Val Acc: 43.88  |  Test Loss: 1.704 | Tes Acc: 35.71
INFO >> Epoch: 23  |  Layer: 11  |  Train Loss: 1.010 | Train Acc: 69.39  |  Val Loss: 1.509 | Val Acc: 38.78  |  Test Loss: 1.728 | Tes Acc: 34.18
INFO >> Epoch: 23  |  Layer: 12  |  Train Loss: 0.988 | Train Acc: 72.11  |  Val Loss: 1.544 | Val Acc: 38.78  |  Test Loss: 1.710 | Tes Acc: 35.20
INFO >> Epoch: 23  |  Layer: 13  |  Train Loss: 1.105 | Train Acc: 64.29  |  Val Loss: 2.010 | Val Acc: 32.65  |  Test Loss: 1.781 | Tes Acc: 34.18

INFO >> Epoch: 24  |  Layer:  1  |  Train Loss: 1.443 | Train Acc: 42.52  |  Val Loss: 1.727 | Val Acc: 28.57  |  Test Loss: 2.069 | Tes Acc: 17.35
INFO >> Epoch: 24  |  Layer:  2  |  Train Loss: 1.161 | Train Acc: 63.95  |  Val Loss: 1.551 | Val Acc: 30.61  |  Test Loss: 1.748 | Tes Acc: 29.59
INFO >> Epoch: 24  |  Layer:  3  |  Train Loss: 1.109 | Train Acc: 68.03  |  Val Loss: 1.552 | Val Acc: 32.65  |  Test Loss: 1.804 | Tes Acc: 31.12
INFO >> Epoch: 24  |  Layer:  4  |  Train Loss: 1.012 | Train Acc: 70.75  |  Val Loss: 1.412 | Val Acc: 35.71  |  Test Loss: 1.692 | Tes Acc: 32.65
INFO >> Epoch: 24  |  Layer:  5  |  Train Loss: 1.030 | Train Acc: 72.79  |  Val Loss: 1.583 | Val Acc: 33.67  |  Test Loss: 1.696 | Tes Acc: 31.12
INFO >> Epoch: 24  |  Layer:  6  |  Train Loss: 0.968 | Train Acc: 77.55  |  Val Loss: 1.570 | Val Acc: 33.67  |  Test Loss: 1.693 | Tes Acc: 36.73
INFO >> Epoch: 24  |  Layer:  7  |  Train Loss: 0.836 | Train Acc: 79.93  |  Val Loss: 1.483 | Val Acc: 40.82  |  Test Loss: 1.588 | Tes Acc: 35.71
INFO >> Epoch: 24  |  Layer:  8  |  Train Loss: 0.873 | Train Acc: 80.95  |  Val Loss: 1.596 | Val Acc: 38.78  |  Test Loss: 1.643 | Tes Acc: 39.29
INFO >> Epoch: 24  |  Layer:  9  |  Train Loss: 0.933 | Train Acc: 75.51  |  Val Loss: 1.590 | Val Acc: 37.76  |  Test Loss: 1.744 | Tes Acc: 38.27
INFO >> Epoch: 24  |  Layer: 10  |  Train Loss: 0.913 | Train Acc: 79.59  |  Val Loss: 1.624 | Val Acc: 33.67  |  Test Loss: 1.725 | Tes Acc: 35.71
INFO >> Epoch: 24  |  Layer: 11  |  Train Loss: 0.968 | Train Acc: 74.49  |  Val Loss: 1.538 | Val Acc: 39.80  |  Test Loss: 1.768 | Tes Acc: 36.22
INFO >> Epoch: 24  |  Layer: 12  |  Train Loss: 0.954 | Train Acc: 74.49  |  Val Loss: 1.581 | Val Acc: 37.76  |  Test Loss: 1.744 | Tes Acc: 38.27
INFO >> Epoch: 24  |  Layer: 13  |  Train Loss: 1.083 | Train Acc: 68.03  |  Val Loss: 2.079 | Val Acc: 27.55  |  Test Loss: 1.816 | Tes Acc: 35.71

INFO >> Epoch: 25  |  Layer:  1  |  Train Loss: 1.434 | Train Acc: 45.92  |  Val Loss: 1.663 | Val Acc: 32.65  |  Test Loss: 2.013 | Tes Acc: 18.88
INFO >> Epoch: 25  |  Layer:  2  |  Train Loss: 1.167 | Train Acc: 62.93  |  Val Loss: 1.530 | Val Acc: 33.67  |  Test Loss: 1.741 | Tes Acc: 30.10
INFO >> Epoch: 25  |  Layer:  3  |  Train Loss: 1.104 | Train Acc: 66.67  |  Val Loss: 1.521 | Val Acc: 39.80  |  Test Loss: 1.782 | Tes Acc: 28.57
INFO >> Epoch: 25  |  Layer:  4  |  Train Loss: 1.012 | Train Acc: 72.79  |  Val Loss: 1.352 | Val Acc: 36.73  |  Test Loss: 1.677 | Tes Acc: 31.12
INFO >> Epoch: 25  |  Layer:  5  |  Train Loss: 1.031 | Train Acc: 72.45  |  Val Loss: 1.505 | Val Acc: 36.73  |  Test Loss: 1.670 | Tes Acc: 31.12
INFO >> Epoch: 25  |  Layer:  6  |  Train Loss: 0.965 | Train Acc: 74.49  |  Val Loss: 1.511 | Val Acc: 33.67  |  Test Loss: 1.672 | Tes Acc: 34.18
INFO >> Epoch: 25  |  Layer:  7  |  Train Loss: 0.822 | Train Acc: 81.63  |  Val Loss: 1.435 | Val Acc: 41.84  |  Test Loss: 1.551 | Tes Acc: 38.78
INFO >> Epoch: 25  |  Layer:  8  |  Train Loss: 0.844 | Train Acc: 82.31  |  Val Loss: 1.521 | Val Acc: 40.82  |  Test Loss: 1.605 | Tes Acc: 38.78
INFO >> Epoch: 25  |  Layer:  9  |  Train Loss: 0.907 | Train Acc: 77.55  |  Val Loss: 1.521 | Val Acc: 38.78  |  Test Loss: 1.709 | Tes Acc: 40.82
INFO >> Epoch: 25  |  Layer: 10  |  Train Loss: 0.894 | Train Acc: 77.89  |  Val Loss: 1.581 | Val Acc: 40.82  |  Test Loss: 1.705 | Tes Acc: 37.76
INFO >> Epoch: 25  |  Layer: 11  |  Train Loss: 0.951 | Train Acc: 74.83  |  Val Loss: 1.520 | Val Acc: 39.80  |  Test Loss: 1.736 | Tes Acc: 35.71
INFO >> Epoch: 25  |  Layer: 12  |  Train Loss: 0.936 | Train Acc: 74.83  |  Val Loss: 1.548 | Val Acc: 40.82  |  Test Loss: 1.707 | Tes Acc: 36.73
INFO >> Epoch: 25  |  Layer: 13  |  Train Loss: 1.043 | Train Acc: 70.41  |  Val Loss: 2.071 | Val Acc: 33.67  |  Test Loss: 1.762 | Tes Acc: 37.76

INFO >> Epoch: 26  |  Layer:  1  |  Train Loss: 1.453 | Train Acc: 43.20  |  Val Loss: 1.687 | Val Acc: 21.43  |  Test Loss: 2.083 | Tes Acc: 21.43
INFO >> Epoch: 26  |  Layer:  2  |  Train Loss: 1.122 | Train Acc: 64.29  |  Val Loss: 1.518 | Val Acc: 35.71  |  Test Loss: 1.757 | Tes Acc: 26.02
INFO >> Epoch: 26  |  Layer:  3  |  Train Loss: 1.071 | Train Acc: 69.73  |  Val Loss: 1.497 | Val Acc: 34.69  |  Test Loss: 1.817 | Tes Acc: 26.02
INFO >> Epoch: 26  |  Layer:  4  |  Train Loss: 0.972 | Train Acc: 73.47  |  Val Loss: 1.347 | Val Acc: 36.73  |  Test Loss: 1.704 | Tes Acc: 31.63
INFO >> Epoch: 26  |  Layer:  5  |  Train Loss: 0.990 | Train Acc: 75.51  |  Val Loss: 1.512 | Val Acc: 38.78  |  Test Loss: 1.692 | Tes Acc: 32.65
INFO >> Epoch: 26  |  Layer:  6  |  Train Loss: 0.925 | Train Acc: 79.59  |  Val Loss: 1.521 | Val Acc: 35.71  |  Test Loss: 1.699 | Tes Acc: 29.08
INFO >> Epoch: 26  |  Layer:  7  |  Train Loss: 0.790 | Train Acc: 82.99  |  Val Loss: 1.458 | Val Acc: 40.82  |  Test Loss: 1.573 | Tes Acc: 35.20
INFO >> Epoch: 26  |  Layer:  8  |  Train Loss: 0.812 | Train Acc: 82.31  |  Val Loss: 1.523 | Val Acc: 39.80  |  Test Loss: 1.638 | Tes Acc: 37.24
INFO >> Epoch: 26  |  Layer:  9  |  Train Loss: 0.876 | Train Acc: 79.59  |  Val Loss: 1.498 | Val Acc: 42.86  |  Test Loss: 1.728 | Tes Acc: 35.20
INFO >> Epoch: 26  |  Layer: 10  |  Train Loss: 0.873 | Train Acc: 79.93  |  Val Loss: 1.549 | Val Acc: 40.82  |  Test Loss: 1.721 | Tes Acc: 33.16
INFO >> Epoch: 26  |  Layer: 11  |  Train Loss: 0.953 | Train Acc: 75.17  |  Val Loss: 1.481 | Val Acc: 38.78  |  Test Loss: 1.755 | Tes Acc: 36.22
INFO >> Epoch: 26  |  Layer: 12  |  Train Loss: 0.916 | Train Acc: 77.89  |  Val Loss: 1.498 | Val Acc: 39.80  |  Test Loss: 1.735 | Tes Acc: 36.22
INFO >> Epoch: 26  |  Layer: 13  |  Train Loss: 1.034 | Train Acc: 69.39  |  Val Loss: 2.031 | Val Acc: 30.61  |  Test Loss: 1.794 | Tes Acc: 34.69

INFO >> Epoch: 27  |  Layer:  1  |  Train Loss: 1.408 | Train Acc: 46.60  |  Val Loss: 1.663 | Val Acc: 30.61  |  Test Loss: 2.057 | Tes Acc: 16.33
INFO >> Epoch: 27  |  Layer:  2  |  Train Loss: 1.092 | Train Acc: 65.99  |  Val Loss: 1.494 | Val Acc: 32.65  |  Test Loss: 1.764 | Tes Acc: 28.06
INFO >> Epoch: 27  |  Layer:  3  |  Train Loss: 1.036 | Train Acc: 69.73  |  Val Loss: 1.489 | Val Acc: 36.73  |  Test Loss: 1.831 | Tes Acc: 26.53
INFO >> Epoch: 27  |  Layer:  4  |  Train Loss: 0.944 | Train Acc: 72.79  |  Val Loss: 1.304 | Val Acc: 34.69  |  Test Loss: 1.702 | Tes Acc: 30.10
INFO >> Epoch: 27  |  Layer:  5  |  Train Loss: 0.962 | Train Acc: 73.13  |  Val Loss: 1.438 | Val Acc: 40.82  |  Test Loss: 1.687 | Tes Acc: 32.14
INFO >> Epoch: 27  |  Layer:  6  |  Train Loss: 0.899 | Train Acc: 77.89  |  Val Loss: 1.470 | Val Acc: 32.65  |  Test Loss: 1.694 | Tes Acc: 34.18
INFO >> Epoch: 27  |  Layer:  7  |  Train Loss: 0.760 | Train Acc: 81.97  |  Val Loss: 1.431 | Val Acc: 39.80  |  Test Loss: 1.586 | Tes Acc: 39.80
INFO >> Epoch: 27  |  Layer:  8  |  Train Loss: 0.787 | Train Acc: 81.97  |  Val Loss: 1.498 | Val Acc: 39.80  |  Test Loss: 1.643 | Tes Acc: 38.78
INFO >> Epoch: 27  |  Layer:  9  |  Train Loss: 0.861 | Train Acc: 78.91  |  Val Loss: 1.532 | Val Acc: 35.71  |  Test Loss: 1.796 | Tes Acc: 36.22
INFO >> Epoch: 27  |  Layer: 10  |  Train Loss: 0.869 | Train Acc: 79.93  |  Val Loss: 1.529 | Val Acc: 41.84  |  Test Loss: 1.776 | Tes Acc: 38.27
INFO >> Epoch: 27  |  Layer: 11  |  Train Loss: 0.941 | Train Acc: 74.49  |  Val Loss: 1.434 | Val Acc: 38.78  |  Test Loss: 1.802 | Tes Acc: 37.24
INFO >> Epoch: 27  |  Layer: 12  |  Train Loss: 0.908 | Train Acc: 76.19  |  Val Loss: 1.446 | Val Acc: 41.84  |  Test Loss: 1.760 | Tes Acc: 34.69
INFO >> Epoch: 27  |  Layer: 13  |  Train Loss: 1.018 | Train Acc: 69.73  |  Val Loss: 1.935 | Val Acc: 29.59  |  Test Loss: 1.856 | Tes Acc: 33.16

INFO >> Epoch: 28  |  Layer:  1  |  Train Loss: 1.391 | Train Acc: 50.68  |  Val Loss: 1.794 | Val Acc: 20.41  |  Test Loss: 2.234 | Tes Acc: 16.33
INFO >> Epoch: 28  |  Layer:  2  |  Train Loss: 1.097 | Train Acc: 67.69  |  Val Loss: 1.531 | Val Acc: 28.57  |  Test Loss: 1.762 | Tes Acc: 28.06
INFO >> Epoch: 28  |  Layer:  3  |  Train Loss: 1.030 | Train Acc: 70.75  |  Val Loss: 1.497 | Val Acc: 34.69  |  Test Loss: 1.815 | Tes Acc: 26.02
INFO >> Epoch: 28  |  Layer:  4  |  Train Loss: 0.924 | Train Acc: 72.45  |  Val Loss: 1.299 | Val Acc: 43.88  |  Test Loss: 1.717 | Tes Acc: 31.12
INFO >> Epoch: 28  |  Layer:  5  |  Train Loss: 0.946 | Train Acc: 74.83  |  Val Loss: 1.463 | Val Acc: 39.80  |  Test Loss: 1.690 | Tes Acc: 31.63
INFO >> Epoch: 28  |  Layer:  6  |  Train Loss: 0.871 | Train Acc: 80.61  |  Val Loss: 1.477 | Val Acc: 37.76  |  Test Loss: 1.676 | Tes Acc: 34.18
INFO >> Epoch: 28  |  Layer:  7  |  Train Loss: 0.743 | Train Acc: 84.69  |  Val Loss: 1.397 | Val Acc: 41.84  |  Test Loss: 1.575 | Tes Acc: 37.76
INFO >> Epoch: 28  |  Layer:  8  |  Train Loss: 0.752 | Train Acc: 82.99  |  Val Loss: 1.427 | Val Acc: 45.92  |  Test Loss: 1.641 | Tes Acc: 37.76
INFO >> Epoch: 28  |  Layer:  9  |  Train Loss: 0.823 | Train Acc: 81.63  |  Val Loss: 1.435 | Val Acc: 50.00  |  Test Loss: 1.721 | Tes Acc: 39.29
INFO >> Epoch: 28  |  Layer: 10  |  Train Loss: 0.833 | Train Acc: 83.33  |  Val Loss: 1.532 | Val Acc: 38.78  |  Test Loss: 1.714 | Tes Acc: 36.22
INFO >> Epoch: 28  |  Layer: 11  |  Train Loss: 0.898 | Train Acc: 77.55  |  Val Loss: 1.512 | Val Acc: 40.82  |  Test Loss: 1.738 | Tes Acc: 34.69
INFO >> Epoch: 28  |  Layer: 12  |  Train Loss: 0.869 | Train Acc: 80.27  |  Val Loss: 1.483 | Val Acc: 44.90  |  Test Loss: 1.728 | Tes Acc: 36.73
INFO >> Epoch: 28  |  Layer: 13  |  Train Loss: 0.998 | Train Acc: 73.81  |  Val Loss: 2.250 | Val Acc: 27.55  |  Test Loss: 1.813 | Tes Acc: 37.24

INFO >> Epoch: 29  |  Layer:  1  |  Train Loss: 1.434 | Train Acc: 43.54  |  Val Loss: 1.687 | Val Acc: 33.67  |  Test Loss: 2.073 | Tes Acc: 17.86
INFO >> Epoch: 29  |  Layer:  2  |  Train Loss: 1.058 | Train Acc: 66.33  |  Val Loss: 1.498 | Val Acc: 31.63  |  Test Loss: 1.778 | Tes Acc: 29.08
INFO >> Epoch: 29  |  Layer:  3  |  Train Loss: 1.003 | Train Acc: 70.41  |  Val Loss: 1.464 | Val Acc: 35.71  |  Test Loss: 1.844 | Tes Acc: 27.04
INFO >> Epoch: 29  |  Layer:  4  |  Train Loss: 0.915 | Train Acc: 75.51  |  Val Loss: 1.246 | Val Acc: 41.84  |  Test Loss: 1.711 | Tes Acc: 27.55
INFO >> Epoch: 29  |  Layer:  5  |  Train Loss: 0.925 | Train Acc: 75.51  |  Val Loss: 1.393 | Val Acc: 41.84  |  Test Loss: 1.689 | Tes Acc: 30.61
INFO >> Epoch: 29  |  Layer:  6  |  Train Loss: 0.853 | Train Acc: 81.29  |  Val Loss: 1.432 | Val Acc: 37.76  |  Test Loss: 1.685 | Tes Acc: 31.63
INFO >> Epoch: 29  |  Layer:  7  |  Train Loss: 0.730 | Train Acc: 83.67  |  Val Loss: 1.367 | Val Acc: 39.80  |  Test Loss: 1.602 | Tes Acc: 38.78
INFO >> Epoch: 29  |  Layer:  8  |  Train Loss: 0.751 | Train Acc: 83.33  |  Val Loss: 1.467 | Val Acc: 42.86  |  Test Loss: 1.672 | Tes Acc: 36.73
INFO >> Epoch: 29  |  Layer:  9  |  Train Loss: 0.826 | Train Acc: 80.61  |  Val Loss: 1.492 | Val Acc: 39.80  |  Test Loss: 1.811 | Tes Acc: 34.69
INFO >> Epoch: 29  |  Layer: 10  |  Train Loss: 0.831 | Train Acc: 79.93  |  Val Loss: 1.523 | Val Acc: 45.92  |  Test Loss: 1.783 | Tes Acc: 34.69
INFO >> Epoch: 29  |  Layer: 11  |  Train Loss: 0.887 | Train Acc: 76.19  |  Val Loss: 1.467 | Val Acc: 36.73  |  Test Loss: 1.812 | Tes Acc: 35.20
INFO >> Epoch: 29  |  Layer: 12  |  Train Loss: 0.868 | Train Acc: 80.61  |  Val Loss: 1.478 | Val Acc: 44.90  |  Test Loss: 1.761 | Tes Acc: 33.67
INFO >> Epoch: 29  |  Layer: 13  |  Train Loss: 1.003 | Train Acc: 72.45  |  Val Loss: 2.031 | Val Acc: 31.63  |  Test Loss: 1.852 | Tes Acc: 32.14

INFO >> Epoch: 30  |  Layer:  1  |  Train Loss: 1.377 | Train Acc: 47.62  |  Val Loss: 1.630 | Val Acc: 33.67  |  Test Loss: 2.077 | Tes Acc: 20.41
INFO >> Epoch: 30  |  Layer:  2  |  Train Loss: 1.038 | Train Acc: 69.05  |  Val Loss: 1.449 | Val Acc: 33.67  |  Test Loss: 1.774 | Tes Acc: 28.57
INFO >> Epoch: 30  |  Layer:  3  |  Train Loss: 0.976 | Train Acc: 71.43  |  Val Loss: 1.454 | Val Acc: 35.71  |  Test Loss: 1.858 | Tes Acc: 31.12
INFO >> Epoch: 30  |  Layer:  4  |  Train Loss: 0.876 | Train Acc: 76.87  |  Val Loss: 1.292 | Val Acc: 36.73  |  Test Loss: 1.736 | Tes Acc: 32.65
INFO >> Epoch: 30  |  Layer:  5  |  Train Loss: 0.880 | Train Acc: 77.55  |  Val Loss: 1.458 | Val Acc: 40.82  |  Test Loss: 1.711 | Tes Acc: 33.67
INFO >> Epoch: 30  |  Layer:  6  |  Train Loss: 0.819 | Train Acc: 79.93  |  Val Loss: 1.452 | Val Acc: 34.69  |  Test Loss: 1.701 | Tes Acc: 38.78
INFO >> Epoch: 30  |  Layer:  7  |  Train Loss: 0.692 | Train Acc: 82.99  |  Val Loss: 1.415 | Val Acc: 39.80  |  Test Loss: 1.592 | Tes Acc: 42.86
INFO >> Epoch: 30  |  Layer:  8  |  Train Loss: 0.733 | Train Acc: 83.67  |  Val Loss: 1.458 | Val Acc: 42.86  |  Test Loss: 1.661 | Tes Acc: 40.31
INFO >> Epoch: 30  |  Layer:  9  |  Train Loss: 0.805 | Train Acc: 81.29  |  Val Loss: 1.471 | Val Acc: 43.88  |  Test Loss: 1.763 | Tes Acc: 41.33
INFO >> Epoch: 30  |  Layer: 10  |  Train Loss: 0.798 | Train Acc: 81.63  |  Val Loss: 1.531 | Val Acc: 44.90  |  Test Loss: 1.747 | Tes Acc: 39.80
INFO >> Epoch: 30  |  Layer: 11  |  Train Loss: 0.856 | Train Acc: 76.87  |  Val Loss: 1.484 | Val Acc: 36.73  |  Test Loss: 1.765 | Tes Acc: 37.76
INFO >> Epoch: 30  |  Layer: 12  |  Train Loss: 0.825 | Train Acc: 79.93  |  Val Loss: 1.452 | Val Acc: 44.90  |  Test Loss: 1.754 | Tes Acc: 38.27
INFO >> Epoch: 30  |  Layer: 13  |  Train Loss: 0.934 | Train Acc: 72.79  |  Val Loss: 2.110 | Val Acc: 31.63  |  Test Loss: 1.850 | Tes Acc: 37.76



INFO >> Time Taken: 04:45

INFO >> Layer: 1  |  Best Val Acc: 40.82  |  Best Test Acc: 18.88
INFO >> Layer: 2  |  Best Val Acc: 41.84  |  Best Test Acc: 25.00
INFO >> Layer: 3  |  Best Val Acc: 42.86  |  Best Test Acc: 25.51
INFO >> Layer: 4  |  Best Val Acc: 45.92  |  Best Test Acc: 28.57
INFO >> Layer: 5  |  Best Val Acc: 45.92  |  Best Test Acc: 28.57
INFO >> Layer: 6  |  Best Val Acc: 41.84  |  Best Test Acc: 32.14
INFO >> Layer: 7  |  Best Val Acc: 51.02  |  Best Test Acc: 33.67
INFO >> Layer: 8  |  Best Val Acc: 45.92  |  Best Test Acc: 36.22
INFO >> Layer: 9  |  Best Val Acc: 50.00  |  Best Test Acc: 39.29
INFO >> Layer: 10  |  Best Val Acc: 45.92  |  Best Test Acc: 34.69
INFO >> Layer: 11  |  Best Val Acc: 40.82  |  Best Test Acc: 26.53
INFO >> Layer: 12  |  Best Val Acc: 44.90  |  Best Test Acc: 36.73
INFO >> Layer: 13  |  Best Val Acc: 33.67  |  Best Test Acc: 37.76

DEBUG >> Last state saved

INFO >> History saved (./history/v1.4/EMOVO/HUBERT_BASE_PROBING/Run2/history.pt)
