
--------------------------------------------------
Multilingual SER System v1.3
--------------------------------------------------
Run Name      : Run3
Fx Model      : WAV2VEC2_LARGE_XLSR300M
Clf Model     : PROBING
Extract Mode  : gpu_memory
Dataset       : EMOVO
Device        : gpu
Epochs        : 20
Num Workers   : 2
Data Dir      : ./data
History Dir   : ./history
Weights Dir   : ./weights
Log Level     : debug
Purge Cache   : False
Job Name      : Job68
Job Id        : 30721402
GPU           : Quadro RTX 8000
GPU Count     : 1
GPU Memory    : 44.49 GB

Timestamp : 2023-03-03 12:17:50.385917

INFO >> Running on CUDA


INFO >> Training Classifier

INFO >> Epoch: 1  |  Layer:  1  |  Train Loss: 1.991 | Train Acc: 19.05  |  Val Loss: 1.896 | Val Acc: 25.51  |  Test Loss: 1.900 | Tes Acc: 16.84
INFO >> Epoch: 1  |  Layer:  2  |  Train Loss: 1.986 | Train Acc: 20.41  |  Val Loss: 1.837 | Val Acc: 20.41  |  Test Loss: 1.887 | Tes Acc: 25.51
INFO >> Epoch: 1  |  Layer:  3  |  Train Loss: 1.987 | Train Acc: 18.37  |  Val Loss: 1.862 | Val Acc: 16.33  |  Test Loss: 1.927 | Tes Acc: 15.82
INFO >> Epoch: 1  |  Layer:  4  |  Train Loss: 1.986 | Train Acc: 20.41  |  Val Loss: 1.927 | Val Acc: 14.29  |  Test Loss: 1.925 | Tes Acc: 16.33
INFO >> Epoch: 1  |  Layer:  5  |  Train Loss: 2.013 | Train Acc: 20.07  |  Val Loss: 1.996 | Val Acc: 16.33  |  Test Loss: 1.954 | Tes Acc: 17.35
INFO >> Epoch: 1  |  Layer:  6  |  Train Loss: 2.018 | Train Acc: 18.71  |  Val Loss: 1.955 | Val Acc: 13.27  |  Test Loss: 1.948 | Tes Acc: 15.31
INFO >> Epoch: 1  |  Layer:  7  |  Train Loss: 2.008 | Train Acc: 18.37  |  Val Loss: 1.924 | Val Acc: 14.29  |  Test Loss: 1.956 | Tes Acc: 16.84
INFO >> Epoch: 1  |  Layer:  8  |  Train Loss: 2.001 | Train Acc: 18.37  |  Val Loss: 1.990 | Val Acc: 14.29  |  Test Loss: 1.936 | Tes Acc: 18.37
INFO >> Epoch: 1  |  Layer:  9  |  Train Loss: 2.036 | Train Acc: 20.41  |  Val Loss: 2.036 | Val Acc: 17.35  |  Test Loss: 1.927 | Tes Acc: 20.92
INFO >> Epoch: 1  |  Layer: 10  |  Train Loss: 2.026 | Train Acc: 21.43  |  Val Loss: 2.068 | Val Acc: 13.27  |  Test Loss: 1.986 | Tes Acc: 14.80
INFO >> Epoch: 1  |  Layer: 11  |  Train Loss: 2.017 | Train Acc: 18.71  |  Val Loss: 1.951 | Val Acc: 17.35  |  Test Loss: 1.952 | Tes Acc: 16.84
INFO >> Epoch: 1  |  Layer: 12  |  Train Loss: 2.017 | Train Acc: 19.73  |  Val Loss: 1.931 | Val Acc: 15.31  |  Test Loss: 1.938 | Tes Acc: 15.31
INFO >> Epoch: 1  |  Layer: 13  |  Train Loss: 2.022 | Train Acc: 18.37  |  Val Loss: 1.995 | Val Acc: 13.27  |  Test Loss: 1.978 | Tes Acc: 13.78
INFO >> Epoch: 1  |  Layer: 14  |  Train Loss: 2.027 | Train Acc: 16.67  |  Val Loss: 1.996 | Val Acc: 15.31  |  Test Loss: 1.939 | Tes Acc: 15.82
INFO >> Epoch: 1  |  Layer: 15  |  Train Loss: 2.022 | Train Acc: 17.01  |  Val Loss: 1.960 | Val Acc: 14.29  |  Test Loss: 1.960 | Tes Acc: 13.78
INFO >> Epoch: 1  |  Layer: 16  |  Train Loss: 2.008 | Train Acc: 18.37  |  Val Loss: 1.943 | Val Acc: 13.27  |  Test Loss: 1.982 | Tes Acc: 13.78
INFO >> Epoch: 1  |  Layer: 17  |  Train Loss: 2.004 | Train Acc: 17.01  |  Val Loss: 1.904 | Val Acc: 15.31  |  Test Loss: 1.923 | Tes Acc: 17.86
INFO >> Epoch: 1  |  Layer: 18  |  Train Loss: 2.072 | Train Acc: 15.65  |  Val Loss: 1.950 | Val Acc: 17.35  |  Test Loss: 1.874 | Tes Acc: 21.94
INFO >> Epoch: 1  |  Layer: 19  |  Train Loss: 2.064 | Train Acc: 19.73  |  Val Loss: 2.112 | Val Acc: 15.31  |  Test Loss: 1.984 | Tes Acc: 15.82
INFO >> Epoch: 1  |  Layer: 20  |  Train Loss: 2.725 | Train Acc: 14.29  |  Val Loss: 2.105 | Val Acc: 14.29  |  Test Loss: 2.254 | Tes Acc: 14.29
INFO >> Epoch: 1  |  Layer: 21  |  Train Loss: 2.460 | Train Acc: 17.35  |  Val Loss: 2.081 | Val Acc: 19.39  |  Test Loss: 2.021 | Tes Acc: 18.37
INFO >> Epoch: 1  |  Layer: 22  |  Train Loss: 5.497 | Train Acc: 10.54  |  Val Loss: 3.790 | Val Acc: 14.29  |  Test Loss: 3.220 | Tes Acc: 14.29
INFO >> Epoch: 1  |  Layer: 23  |  Train Loss: 9.274 | Train Acc: 13.27  |  Val Loss: 4.785 | Val Acc: 14.29  |  Test Loss: 5.595 | Tes Acc: 14.29
INFO >> Epoch: 1  |  Layer: 24  |  Train Loss: 8.717 | Train Acc: 12.24  |  Val Loss: 8.863 | Val Acc: 12.24  |  Test Loss: 8.436 | Tes Acc: 13.78

INFO >> Epoch: 2  |  Layer:  1  |  Train Loss: 1.803 | Train Acc: 28.91  |  Val Loss: 1.923 | Val Acc: 25.51  |  Test Loss: 1.943 | Tes Acc: 23.98
INFO >> Epoch: 2  |  Layer:  2  |  Train Loss: 1.802 | Train Acc: 28.23  |  Val Loss: 1.838 | Val Acc: 21.43  |  Test Loss: 1.947 | Tes Acc: 18.88
INFO >> Epoch: 2  |  Layer:  3  |  Train Loss: 1.798 | Train Acc: 28.23  |  Val Loss: 1.895 | Val Acc: 23.47  |  Test Loss: 1.953 | Tes Acc: 21.43
INFO >> Epoch: 2  |  Layer:  4  |  Train Loss: 1.833 | Train Acc: 25.51  |  Val Loss: 1.939 | Val Acc: 12.24  |  Test Loss: 1.975 | Tes Acc: 19.90
INFO >> Epoch: 2  |  Layer:  5  |  Train Loss: 1.830 | Train Acc: 25.17  |  Val Loss: 1.926 | Val Acc: 15.31  |  Test Loss: 1.965 | Tes Acc: 12.76
INFO >> Epoch: 2  |  Layer:  6  |  Train Loss: 1.850 | Train Acc: 22.45  |  Val Loss: 1.887 | Val Acc: 20.41  |  Test Loss: 1.963 | Tes Acc: 21.43
INFO >> Epoch: 2  |  Layer:  7  |  Train Loss: 1.879 | Train Acc: 21.43  |  Val Loss: 1.905 | Val Acc: 15.31  |  Test Loss: 1.948 | Tes Acc: 17.86
INFO >> Epoch: 2  |  Layer:  8  |  Train Loss: 1.852 | Train Acc: 27.21  |  Val Loss: 1.901 | Val Acc: 15.31  |  Test Loss: 1.954 | Tes Acc: 25.51
INFO >> Epoch: 2  |  Layer:  9  |  Train Loss: 1.819 | Train Acc: 28.23  |  Val Loss: 1.864 | Val Acc: 18.37  |  Test Loss: 1.933 | Tes Acc: 26.02
INFO >> Epoch: 2  |  Layer: 10  |  Train Loss: 1.881 | Train Acc: 27.21  |  Val Loss: 1.857 | Val Acc: 20.41  |  Test Loss: 1.945 | Tes Acc: 23.47
INFO >> Epoch: 2  |  Layer: 11  |  Train Loss: 1.895 | Train Acc: 26.19  |  Val Loss: 1.854 | Val Acc: 15.31  |  Test Loss: 1.958 | Tes Acc: 17.86
INFO >> Epoch: 2  |  Layer: 12  |  Train Loss: 1.857 | Train Acc: 24.49  |  Val Loss: 1.891 | Val Acc: 17.35  |  Test Loss: 1.978 | Tes Acc: 16.33
INFO >> Epoch: 2  |  Layer: 13  |  Train Loss: 1.873 | Train Acc: 23.81  |  Val Loss: 1.898 | Val Acc: 15.31  |  Test Loss: 1.990 | Tes Acc: 17.35
INFO >> Epoch: 2  |  Layer: 14  |  Train Loss: 1.877 | Train Acc: 21.09  |  Val Loss: 1.892 | Val Acc: 23.47  |  Test Loss: 1.955 | Tes Acc: 17.86
INFO >> Epoch: 2  |  Layer: 15  |  Train Loss: 1.901 | Train Acc: 19.05  |  Val Loss: 1.917 | Val Acc: 16.33  |  Test Loss: 1.971 | Tes Acc: 17.35
INFO >> Epoch: 2  |  Layer: 16  |  Train Loss: 1.920 | Train Acc: 22.45  |  Val Loss: 1.895 | Val Acc: 16.33  |  Test Loss: 1.965 | Tes Acc: 16.33
INFO >> Epoch: 2  |  Layer: 17  |  Train Loss: 1.865 | Train Acc: 25.85  |  Val Loss: 1.812 | Val Acc: 18.37  |  Test Loss: 1.932 | Tes Acc: 22.45
INFO >> Epoch: 2  |  Layer: 18  |  Train Loss: 1.800 | Train Acc: 30.61  |  Val Loss: 1.858 | Val Acc: 17.35  |  Test Loss: 1.929 | Tes Acc: 20.41
INFO >> Epoch: 2  |  Layer: 19  |  Train Loss: 1.806 | Train Acc: 27.89  |  Val Loss: 2.012 | Val Acc: 16.33  |  Test Loss: 2.012 | Tes Acc: 18.88
INFO >> Epoch: 2  |  Layer: 20  |  Train Loss: 2.048 | Train Acc: 13.95  |  Val Loss: 1.887 | Val Acc: 22.45  |  Test Loss: 1.995 | Tes Acc: 14.29
INFO >> Epoch: 2  |  Layer: 21  |  Train Loss: 1.886 | Train Acc: 23.47  |  Val Loss: 1.966 | Val Acc: 27.55  |  Test Loss: 2.181 | Tes Acc: 14.80
INFO >> Epoch: 2  |  Layer: 22  |  Train Loss: 2.608 | Train Acc: 17.35  |  Val Loss: 2.330 | Val Acc: 14.29  |  Test Loss: 2.596 | Tes Acc: 13.78
INFO >> Epoch: 2  |  Layer: 23  |  Train Loss: 3.990 | Train Acc: 14.63  |  Val Loss: 2.854 | Val Acc: 12.24  |  Test Loss: 3.069 | Tes Acc: 15.82
INFO >> Epoch: 2  |  Layer: 24  |  Train Loss: 4.677 | Train Acc: 20.75  |  Val Loss: 2.431 | Val Acc: 13.27  |  Test Loss: 2.891 | Tes Acc: 12.76

INFO >> Epoch: 3  |  Layer:  1  |  Train Loss: 1.672 | Train Acc: 33.33  |  Val Loss: 1.985 | Val Acc: 36.73  |  Test Loss: 1.993 | Tes Acc: 16.33
INFO >> Epoch: 3  |  Layer:  2  |  Train Loss: 1.699 | Train Acc: 35.03  |  Val Loss: 1.891 | Val Acc: 27.55  |  Test Loss: 1.902 | Tes Acc: 19.39
INFO >> Epoch: 3  |  Layer:  3  |  Train Loss: 1.704 | Train Acc: 36.05  |  Val Loss: 1.929 | Val Acc: 24.49  |  Test Loss: 1.957 | Tes Acc: 12.76
INFO >> Epoch: 3  |  Layer:  4  |  Train Loss: 1.727 | Train Acc: 33.67  |  Val Loss: 1.923 | Val Acc: 23.47  |  Test Loss: 1.935 | Tes Acc: 17.35
INFO >> Epoch: 3  |  Layer:  5  |  Train Loss: 1.735 | Train Acc: 29.93  |  Val Loss: 1.959 | Val Acc: 27.55  |  Test Loss: 1.978 | Tes Acc: 19.39
INFO >> Epoch: 3  |  Layer:  6  |  Train Loss: 1.794 | Train Acc: 28.91  |  Val Loss: 1.897 | Val Acc: 27.55  |  Test Loss: 1.939 | Tes Acc: 14.80
INFO >> Epoch: 3  |  Layer:  7  |  Train Loss: 1.802 | Train Acc: 28.23  |  Val Loss: 1.834 | Val Acc: 17.35  |  Test Loss: 1.890 | Tes Acc: 21.94
INFO >> Epoch: 3  |  Layer:  8  |  Train Loss: 1.765 | Train Acc: 32.65  |  Val Loss: 1.877 | Val Acc: 36.73  |  Test Loss: 1.916 | Tes Acc: 25.51
INFO >> Epoch: 3  |  Layer:  9  |  Train Loss: 1.726 | Train Acc: 37.07  |  Val Loss: 1.872 | Val Acc: 33.67  |  Test Loss: 1.920 | Tes Acc: 21.94
INFO >> Epoch: 3  |  Layer: 10  |  Train Loss: 1.759 | Train Acc: 33.33  |  Val Loss: 1.853 | Val Acc: 25.51  |  Test Loss: 1.942 | Tes Acc: 16.33
INFO >> Epoch: 3  |  Layer: 11  |  Train Loss: 1.824 | Train Acc: 20.75  |  Val Loss: 1.842 | Val Acc: 30.61  |  Test Loss: 1.931 | Tes Acc: 15.82
INFO >> Epoch: 3  |  Layer: 12  |  Train Loss: 1.769 | Train Acc: 26.87  |  Val Loss: 1.913 | Val Acc: 26.53  |  Test Loss: 1.985 | Tes Acc: 14.80
INFO >> Epoch: 3  |  Layer: 13  |  Train Loss: 1.788 | Train Acc: 26.53  |  Val Loss: 1.907 | Val Acc: 30.61  |  Test Loss: 1.981 | Tes Acc: 17.86
INFO >> Epoch: 3  |  Layer: 14  |  Train Loss: 1.770 | Train Acc: 30.95  |  Val Loss: 1.901 | Val Acc: 26.53  |  Test Loss: 1.952 | Tes Acc: 16.84
INFO >> Epoch: 3  |  Layer: 15  |  Train Loss: 1.787 | Train Acc: 25.17  |  Val Loss: 1.917 | Val Acc: 23.47  |  Test Loss: 1.986 | Tes Acc: 11.73
INFO >> Epoch: 3  |  Layer: 16  |  Train Loss: 1.816 | Train Acc: 26.87  |  Val Loss: 1.845 | Val Acc: 38.78  |  Test Loss: 1.893 | Tes Acc: 22.45
INFO >> Epoch: 3  |  Layer: 17  |  Train Loss: 1.712 | Train Acc: 39.12  |  Val Loss: 1.794 | Val Acc: 30.61  |  Test Loss: 1.884 | Tes Acc: 14.29
INFO >> Epoch: 3  |  Layer: 18  |  Train Loss: 1.619 | Train Acc: 39.80  |  Val Loss: 1.772 | Val Acc: 34.69  |  Test Loss: 1.833 | Tes Acc: 28.06
INFO >> Epoch: 3  |  Layer: 19  |  Train Loss: 1.603 | Train Acc: 40.48  |  Val Loss: 1.795 | Val Acc: 33.67  |  Test Loss: 1.917 | Tes Acc: 21.43
INFO >> Epoch: 3  |  Layer: 20  |  Train Loss: 1.872 | Train Acc: 20.75  |  Val Loss: 1.975 | Val Acc: 15.31  |  Test Loss: 1.969 | Tes Acc: 13.27
INFO >> Epoch: 3  |  Layer: 21  |  Train Loss: 1.784 | Train Acc: 26.87  |  Val Loss: 1.830 | Val Acc: 30.61  |  Test Loss: 1.987 | Tes Acc: 25.00
INFO >> Epoch: 3  |  Layer: 22  |  Train Loss: 2.241 | Train Acc: 19.39  |  Val Loss: 2.860 | Val Acc: 14.29  |  Test Loss: 2.906 | Tes Acc: 14.29
INFO >> Epoch: 3  |  Layer: 23  |  Train Loss: 2.903 | Train Acc: 18.03  |  Val Loss: 2.766 | Val Acc: 15.31  |  Test Loss: 2.615 | Tes Acc: 12.76
INFO >> Epoch: 3  |  Layer: 24  |  Train Loss: 2.518 | Train Acc: 15.31  |  Val Loss: 2.212 | Val Acc: 15.31  |  Test Loss: 2.321 | Tes Acc: 14.80

INFO >> Epoch: 4  |  Layer:  1  |  Train Loss: 1.599 | Train Acc: 42.52  |  Val Loss: 1.942 | Val Acc: 40.82  |  Test Loss: 1.967 | Tes Acc: 24.49
INFO >> Epoch: 4  |  Layer:  2  |  Train Loss: 1.577 | Train Acc: 45.58  |  Val Loss: 1.808 | Val Acc: 21.43  |  Test Loss: 1.905 | Tes Acc: 25.00
INFO >> Epoch: 4  |  Layer:  3  |  Train Loss: 1.653 | Train Acc: 39.12  |  Val Loss: 1.915 | Val Acc: 22.45  |  Test Loss: 1.929 | Tes Acc: 19.90
INFO >> Epoch: 4  |  Layer:  4  |  Train Loss: 1.668 | Train Acc: 36.05  |  Val Loss: 2.062 | Val Acc: 26.53  |  Test Loss: 1.946 | Tes Acc: 21.43
INFO >> Epoch: 4  |  Layer:  5  |  Train Loss: 1.678 | Train Acc: 35.03  |  Val Loss: 2.026 | Val Acc: 31.63  |  Test Loss: 1.976 | Tes Acc: 19.39
INFO >> Epoch: 4  |  Layer:  6  |  Train Loss: 1.724 | Train Acc: 34.35  |  Val Loss: 1.848 | Val Acc: 35.71  |  Test Loss: 1.916 | Tes Acc: 22.96
INFO >> Epoch: 4  |  Layer:  7  |  Train Loss: 1.769 | Train Acc: 28.23  |  Val Loss: 1.943 | Val Acc: 26.53  |  Test Loss: 1.895 | Tes Acc: 20.41
INFO >> Epoch: 4  |  Layer:  8  |  Train Loss: 1.735 | Train Acc: 35.71  |  Val Loss: 1.856 | Val Acc: 27.55  |  Test Loss: 1.880 | Tes Acc: 22.45
INFO >> Epoch: 4  |  Layer:  9  |  Train Loss: 1.733 | Train Acc: 37.07  |  Val Loss: 1.876 | Val Acc: 32.65  |  Test Loss: 1.904 | Tes Acc: 14.80
INFO >> Epoch: 4  |  Layer: 10  |  Train Loss: 1.768 | Train Acc: 32.65  |  Val Loss: 1.903 | Val Acc: 21.43  |  Test Loss: 1.927 | Tes Acc: 13.78
INFO >> Epoch: 4  |  Layer: 11  |  Train Loss: 1.835 | Train Acc: 28.23  |  Val Loss: 1.970 | Val Acc: 26.53  |  Test Loss: 1.932 | Tes Acc: 17.35
INFO >> Epoch: 4  |  Layer: 12  |  Train Loss: 1.848 | Train Acc: 31.97  |  Val Loss: 1.996 | Val Acc: 15.31  |  Test Loss: 1.947 | Tes Acc: 16.84
INFO >> Epoch: 4  |  Layer: 13  |  Train Loss: 1.858 | Train Acc: 32.65  |  Val Loss: 1.935 | Val Acc: 28.57  |  Test Loss: 1.938 | Tes Acc: 18.88
INFO >> Epoch: 4  |  Layer: 14  |  Train Loss: 1.822 | Train Acc: 34.01  |  Val Loss: 1.930 | Val Acc: 23.47  |  Test Loss: 1.901 | Tes Acc: 20.92
INFO >> Epoch: 4  |  Layer: 15  |  Train Loss: 1.854 | Train Acc: 29.25  |  Val Loss: 1.943 | Val Acc: 36.73  |  Test Loss: 1.911 | Tes Acc: 25.51
INFO >> Epoch: 4  |  Layer: 16  |  Train Loss: 1.784 | Train Acc: 30.27  |  Val Loss: 1.952 | Val Acc: 29.59  |  Test Loss: 1.898 | Tes Acc: 18.88
INFO >> Epoch: 4  |  Layer: 17  |  Train Loss: 1.681 | Train Acc: 37.76  |  Val Loss: 1.849 | Val Acc: 35.71  |  Test Loss: 1.857 | Tes Acc: 15.31
INFO >> Epoch: 4  |  Layer: 18  |  Train Loss: 1.562 | Train Acc: 43.20  |  Val Loss: 1.701 | Val Acc: 40.82  |  Test Loss: 1.777 | Tes Acc: 28.06
INFO >> Epoch: 4  |  Layer: 19  |  Train Loss: 1.559 | Train Acc: 38.78  |  Val Loss: 1.856 | Val Acc: 39.80  |  Test Loss: 1.890 | Tes Acc: 21.94
INFO >> Epoch: 4  |  Layer: 20  |  Train Loss: 1.895 | Train Acc: 24.49  |  Val Loss: 1.858 | Val Acc: 23.47  |  Test Loss: 2.006 | Tes Acc: 18.37
INFO >> Epoch: 4  |  Layer: 21  |  Train Loss: 1.747 | Train Acc: 36.39  |  Val Loss: 1.824 | Val Acc: 26.53  |  Test Loss: 2.019 | Tes Acc: 10.20
INFO >> Epoch: 4  |  Layer: 22  |  Train Loss: 2.149 | Train Acc: 20.41  |  Val Loss: 2.126 | Val Acc: 28.57  |  Test Loss: 2.116 | Tes Acc: 11.73
INFO >> Epoch: 4  |  Layer: 23  |  Train Loss: 2.232 | Train Acc: 17.35  |  Val Loss: 2.087 | Val Acc: 20.41  |  Test Loss: 2.075 | Tes Acc: 11.73
INFO >> Epoch: 4  |  Layer: 24  |  Train Loss: 2.214 | Train Acc: 19.73  |  Val Loss: 2.405 | Val Acc: 16.33  |  Test Loss: 2.216 | Tes Acc: 13.78

INFO >> Epoch: 5  |  Layer:  1  |  Train Loss: 1.481 | Train Acc: 46.26  |  Val Loss: 2.049 | Val Acc: 31.63  |  Test Loss: 2.083 | Tes Acc: 22.96
INFO >> Epoch: 5  |  Layer:  2  |  Train Loss: 1.519 | Train Acc: 48.64  |  Val Loss: 1.785 | Val Acc: 38.78  |  Test Loss: 1.883 | Tes Acc: 22.45
INFO >> Epoch: 5  |  Layer:  3  |  Train Loss: 1.572 | Train Acc: 44.90  |  Val Loss: 1.814 | Val Acc: 29.59  |  Test Loss: 1.894 | Tes Acc: 22.96
INFO >> Epoch: 5  |  Layer:  4  |  Train Loss: 1.618 | Train Acc: 45.58  |  Val Loss: 1.912 | Val Acc: 23.47  |  Test Loss: 1.869 | Tes Acc: 20.92
INFO >> Epoch: 5  |  Layer:  5  |  Train Loss: 1.574 | Train Acc: 49.66  |  Val Loss: 1.866 | Val Acc: 33.67  |  Test Loss: 1.890 | Tes Acc: 20.92
INFO >> Epoch: 5  |  Layer:  6  |  Train Loss: 1.629 | Train Acc: 41.50  |  Val Loss: 1.806 | Val Acc: 24.49  |  Test Loss: 1.890 | Tes Acc: 29.08
INFO >> Epoch: 5  |  Layer:  7  |  Train Loss: 1.658 | Train Acc: 42.52  |  Val Loss: 1.743 | Val Acc: 20.41  |  Test Loss: 1.844 | Tes Acc: 23.98
INFO >> Epoch: 5  |  Layer:  8  |  Train Loss: 1.672 | Train Acc: 39.12  |  Val Loss: 1.711 | Val Acc: 31.63  |  Test Loss: 1.795 | Tes Acc: 29.08
INFO >> Epoch: 5  |  Layer:  9  |  Train Loss: 1.577 | Train Acc: 40.82  |  Val Loss: 1.756 | Val Acc: 22.45  |  Test Loss: 1.847 | Tes Acc: 24.49
INFO >> Epoch: 5  |  Layer: 10  |  Train Loss: 1.696 | Train Acc: 34.35  |  Val Loss: 1.692 | Val Acc: 25.51  |  Test Loss: 1.830 | Tes Acc: 36.22
INFO >> Epoch: 5  |  Layer: 11  |  Train Loss: 1.734 | Train Acc: 37.41  |  Val Loss: 1.719 | Val Acc: 20.41  |  Test Loss: 1.838 | Tes Acc: 17.35
INFO >> Epoch: 5  |  Layer: 12  |  Train Loss: 1.728 | Train Acc: 42.86  |  Val Loss: 1.672 | Val Acc: 35.71  |  Test Loss: 1.811 | Tes Acc: 29.59
INFO >> Epoch: 5  |  Layer: 13  |  Train Loss: 1.731 | Train Acc: 38.10  |  Val Loss: 1.695 | Val Acc: 22.45  |  Test Loss: 1.839 | Tes Acc: 23.47
INFO >> Epoch: 5  |  Layer: 14  |  Train Loss: 1.710 | Train Acc: 41.16  |  Val Loss: 1.690 | Val Acc: 28.57  |  Test Loss: 1.821 | Tes Acc: 23.47
INFO >> Epoch: 5  |  Layer: 15  |  Train Loss: 1.745 | Train Acc: 37.76  |  Val Loss: 1.686 | Val Acc: 25.51  |  Test Loss: 1.859 | Tes Acc: 21.94
INFO >> Epoch: 5  |  Layer: 16  |  Train Loss: 1.692 | Train Acc: 38.44  |  Val Loss: 1.656 | Val Acc: 23.47  |  Test Loss: 1.849 | Tes Acc: 26.53
INFO >> Epoch: 5  |  Layer: 17  |  Train Loss: 1.577 | Train Acc: 43.54  |  Val Loss: 1.596 | Val Acc: 30.61  |  Test Loss: 1.798 | Tes Acc: 37.24
INFO >> Epoch: 5  |  Layer: 18  |  Train Loss: 1.424 | Train Acc: 52.04  |  Val Loss: 1.491 | Val Acc: 42.86  |  Test Loss: 1.620 | Tes Acc: 42.35
INFO >> Epoch: 5  |  Layer: 19  |  Train Loss: 1.433 | Train Acc: 46.60  |  Val Loss: 1.700 | Val Acc: 25.51  |  Test Loss: 1.892 | Tes Acc: 22.96
INFO >> Epoch: 5  |  Layer: 20  |  Train Loss: 1.786 | Train Acc: 30.61  |  Val Loss: 1.940 | Val Acc: 33.67  |  Test Loss: 1.979 | Tes Acc: 16.33
INFO >> Epoch: 5  |  Layer: 21  |  Train Loss: 1.661 | Train Acc: 36.05  |  Val Loss: 1.728 | Val Acc: 22.45  |  Test Loss: 1.972 | Tes Acc: 17.35
INFO >> Epoch: 5  |  Layer: 22  |  Train Loss: 2.163 | Train Acc: 26.53  |  Val Loss: 2.633 | Val Acc: 14.29  |  Test Loss: 2.568 | Tes Acc: 14.29
INFO >> Epoch: 5  |  Layer: 23  |  Train Loss: 2.165 | Train Acc: 17.35  |  Val Loss: 2.299 | Val Acc: 21.43  |  Test Loss: 2.245 | Tes Acc: 15.82
INFO >> Epoch: 5  |  Layer: 24  |  Train Loss: 1.975 | Train Acc: 18.03  |  Val Loss: 2.294 | Val Acc: 14.29  |  Test Loss: 2.438 | Tes Acc: 14.29

INFO >> Epoch: 6  |  Layer:  1  |  Train Loss: 1.506 | Train Acc: 47.28  |  Val Loss: 2.181 | Val Acc: 23.47  |  Test Loss: 2.149 | Tes Acc: 23.47
INFO >> Epoch: 6  |  Layer:  2  |  Train Loss: 1.432 | Train Acc: 48.98  |  Val Loss: 1.988 | Val Acc: 30.61  |  Test Loss: 2.044 | Tes Acc: 21.43
INFO >> Epoch: 6  |  Layer:  3  |  Train Loss: 1.471 | Train Acc: 48.98  |  Val Loss: 1.919 | Val Acc: 27.55  |  Test Loss: 1.942 | Tes Acc: 22.45
INFO >> Epoch: 6  |  Layer:  4  |  Train Loss: 1.464 | Train Acc: 50.00  |  Val Loss: 2.046 | Val Acc: 20.41  |  Test Loss: 1.942 | Tes Acc: 19.39
INFO >> Epoch: 6  |  Layer:  5  |  Train Loss: 1.448 | Train Acc: 49.32  |  Val Loss: 1.981 | Val Acc: 22.45  |  Test Loss: 1.922 | Tes Acc: 22.45
INFO >> Epoch: 6  |  Layer:  6  |  Train Loss: 1.529 | Train Acc: 49.32  |  Val Loss: 1.832 | Val Acc: 29.59  |  Test Loss: 1.865 | Tes Acc: 21.43
INFO >> Epoch: 6  |  Layer:  7  |  Train Loss: 1.532 | Train Acc: 43.88  |  Val Loss: 1.890 | Val Acc: 25.51  |  Test Loss: 1.875 | Tes Acc: 20.92
INFO >> Epoch: 6  |  Layer:  8  |  Train Loss: 1.519 | Train Acc: 45.24  |  Val Loss: 1.747 | Val Acc: 25.51  |  Test Loss: 1.794 | Tes Acc: 29.08
INFO >> Epoch: 6  |  Layer:  9  |  Train Loss: 1.483 | Train Acc: 44.22  |  Val Loss: 1.665 | Val Acc: 40.82  |  Test Loss: 1.793 | Tes Acc: 28.57
INFO >> Epoch: 6  |  Layer: 10  |  Train Loss: 1.555 | Train Acc: 44.56  |  Val Loss: 1.677 | Val Acc: 33.67  |  Test Loss: 1.834 | Tes Acc: 23.47
INFO >> Epoch: 6  |  Layer: 11  |  Train Loss: 1.595 | Train Acc: 39.46  |  Val Loss: 1.756 | Val Acc: 28.57  |  Test Loss: 1.844 | Tes Acc: 21.43
INFO >> Epoch: 6  |  Layer: 12  |  Train Loss: 1.585 | Train Acc: 41.50  |  Val Loss: 1.882 | Val Acc: 24.49  |  Test Loss: 1.919 | Tes Acc: 19.90
INFO >> Epoch: 6  |  Layer: 13  |  Train Loss: 1.614 | Train Acc: 40.82  |  Val Loss: 1.820 | Val Acc: 24.49  |  Test Loss: 1.893 | Tes Acc: 17.86
INFO >> Epoch: 6  |  Layer: 14  |  Train Loss: 1.595 | Train Acc: 42.52  |  Val Loss: 1.782 | Val Acc: 28.57  |  Test Loss: 1.843 | Tes Acc: 21.94
INFO >> Epoch: 6  |  Layer: 15  |  Train Loss: 1.601 | Train Acc: 43.88  |  Val Loss: 1.799 | Val Acc: 25.51  |  Test Loss: 1.874 | Tes Acc: 18.88
INFO >> Epoch: 6  |  Layer: 16  |  Train Loss: 1.559 | Train Acc: 45.24  |  Val Loss: 1.711 | Val Acc: 29.59  |  Test Loss: 1.823 | Tes Acc: 19.90
INFO >> Epoch: 6  |  Layer: 17  |  Train Loss: 1.493 | Train Acc: 46.94  |  Val Loss: 1.631 | Val Acc: 40.82  |  Test Loss: 1.749 | Tes Acc: 22.96
INFO >> Epoch: 6  |  Layer: 18  |  Train Loss: 1.272 | Train Acc: 57.14  |  Val Loss: 1.613 | Val Acc: 30.61  |  Test Loss: 1.763 | Tes Acc: 29.08
INFO >> Epoch: 6  |  Layer: 19  |  Train Loss: 1.282 | Train Acc: 54.08  |  Val Loss: 1.811 | Val Acc: 30.61  |  Test Loss: 2.015 | Tes Acc: 19.90
INFO >> Epoch: 6  |  Layer: 20  |  Train Loss: 1.731 | Train Acc: 35.37  |  Val Loss: 1.954 | Val Acc: 15.31  |  Test Loss: 2.054 | Tes Acc: 11.73
INFO >> Epoch: 6  |  Layer: 21  |  Train Loss: 1.580 | Train Acc: 40.48  |  Val Loss: 1.937 | Val Acc: 18.37  |  Test Loss: 2.154 | Tes Acc: 14.80
INFO >> Epoch: 6  |  Layer: 22  |  Train Loss: 2.015 | Train Acc: 22.11  |  Val Loss: 2.514 | Val Acc: 24.49  |  Test Loss: 2.388 | Tes Acc: 17.35
INFO >> Epoch: 6  |  Layer: 23  |  Train Loss: 2.110 | Train Acc: 13.95  |  Val Loss: 1.938 | Val Acc: 14.29  |  Test Loss: 1.975 | Tes Acc: 11.22
INFO >> Epoch: 6  |  Layer: 24  |  Train Loss: 2.103 | Train Acc: 18.71  |  Val Loss: 2.232 | Val Acc: 19.39  |  Test Loss: 2.277 | Tes Acc: 15.82

INFO >> Epoch: 7  |  Layer:  1  |  Train Loss: 1.322 | Train Acc: 46.94  |  Val Loss: 1.941 | Val Acc: 32.65  |  Test Loss: 2.164 | Tes Acc: 14.29
INFO >> Epoch: 7  |  Layer:  2  |  Train Loss: 1.307 | Train Acc: 48.98  |  Val Loss: 1.882 | Val Acc: 33.67  |  Test Loss: 2.052 | Tes Acc: 17.35
INFO >> Epoch: 7  |  Layer:  3  |  Train Loss: 1.341 | Train Acc: 48.64  |  Val Loss: 1.808 | Val Acc: 31.63  |  Test Loss: 2.034 | Tes Acc: 15.31
INFO >> Epoch: 7  |  Layer:  4  |  Train Loss: 1.392 | Train Acc: 47.96  |  Val Loss: 1.895 | Val Acc: 34.69  |  Test Loss: 2.000 | Tes Acc: 21.94
INFO >> Epoch: 7  |  Layer:  5  |  Train Loss: 1.360 | Train Acc: 48.64  |  Val Loss: 1.889 | Val Acc: 36.73  |  Test Loss: 1.979 | Tes Acc: 23.98
INFO >> Epoch: 7  |  Layer:  6  |  Train Loss: 1.415 | Train Acc: 47.28  |  Val Loss: 1.741 | Val Acc: 32.65  |  Test Loss: 1.941 | Tes Acc: 20.92
INFO >> Epoch: 7  |  Layer:  7  |  Train Loss: 1.517 | Train Acc: 40.48  |  Val Loss: 1.784 | Val Acc: 30.61  |  Test Loss: 1.848 | Tes Acc: 22.45
INFO >> Epoch: 7  |  Layer:  8  |  Train Loss: 1.411 | Train Acc: 48.98  |  Val Loss: 1.718 | Val Acc: 30.61  |  Test Loss: 1.853 | Tes Acc: 22.96
INFO >> Epoch: 7  |  Layer:  9  |  Train Loss: 1.402 | Train Acc: 48.98  |  Val Loss: 1.688 | Val Acc: 29.59  |  Test Loss: 1.819 | Tes Acc: 26.02
INFO >> Epoch: 7  |  Layer: 10  |  Train Loss: 1.508 | Train Acc: 43.54  |  Val Loss: 1.792 | Val Acc: 28.57  |  Test Loss: 1.858 | Tes Acc: 23.98
INFO >> Epoch: 7  |  Layer: 11  |  Train Loss: 1.600 | Train Acc: 36.05  |  Val Loss: 1.720 | Val Acc: 28.57  |  Test Loss: 1.859 | Tes Acc: 20.92
INFO >> Epoch: 7  |  Layer: 12  |  Train Loss: 1.610 | Train Acc: 38.10  |  Val Loss: 1.745 | Val Acc: 24.49  |  Test Loss: 1.866 | Tes Acc: 25.00
INFO >> Epoch: 7  |  Layer: 13  |  Train Loss: 1.594 | Train Acc: 36.05  |  Val Loss: 1.811 | Val Acc: 25.51  |  Test Loss: 1.913 | Tes Acc: 22.45
INFO >> Epoch: 7  |  Layer: 14  |  Train Loss: 1.538 | Train Acc: 40.82  |  Val Loss: 1.858 | Val Acc: 30.61  |  Test Loss: 1.915 | Tes Acc: 22.45
INFO >> Epoch: 7  |  Layer: 15  |  Train Loss: 1.573 | Train Acc: 34.01  |  Val Loss: 1.767 | Val Acc: 30.61  |  Test Loss: 1.862 | Tes Acc: 21.43
INFO >> Epoch: 7  |  Layer: 16  |  Train Loss: 1.511 | Train Acc: 42.52  |  Val Loss: 1.637 | Val Acc: 36.73  |  Test Loss: 1.741 | Tes Acc: 29.08
INFO >> Epoch: 7  |  Layer: 17  |  Train Loss: 1.389 | Train Acc: 46.60  |  Val Loss: 1.564 | Val Acc: 35.71  |  Test Loss: 1.710 | Tes Acc: 27.04
INFO >> Epoch: 7  |  Layer: 18  |  Train Loss: 1.212 | Train Acc: 56.12  |  Val Loss: 1.556 | Val Acc: 33.67  |  Test Loss: 1.646 | Tes Acc: 30.61
INFO >> Epoch: 7  |  Layer: 19  |  Train Loss: 1.266 | Train Acc: 51.02  |  Val Loss: 1.691 | Val Acc: 38.78  |  Test Loss: 1.898 | Tes Acc: 18.88
INFO >> Epoch: 7  |  Layer: 20  |  Train Loss: 1.690 | Train Acc: 33.67  |  Val Loss: 1.918 | Val Acc: 22.45  |  Test Loss: 1.996 | Tes Acc: 17.35
INFO >> Epoch: 7  |  Layer: 21  |  Train Loss: 1.504 | Train Acc: 40.82  |  Val Loss: 1.704 | Val Acc: 35.71  |  Test Loss: 1.915 | Tes Acc: 22.45
INFO >> Epoch: 7  |  Layer: 22  |  Train Loss: 1.935 | Train Acc: 24.49  |  Val Loss: 2.282 | Val Acc: 27.55  |  Test Loss: 2.256 | Tes Acc: 15.82
INFO >> Epoch: 7  |  Layer: 23  |  Train Loss: 1.876 | Train Acc: 22.79  |  Val Loss: 1.987 | Val Acc: 20.41  |  Test Loss: 2.019 | Tes Acc: 17.35
INFO >> Epoch: 7  |  Layer: 24  |  Train Loss: 2.045 | Train Acc: 18.37  |  Val Loss: 2.061 | Val Acc: 21.43  |  Test Loss: 2.042 | Tes Acc: 14.29

INFO >> Epoch: 8  |  Layer:  1  |  Train Loss: 1.218 | Train Acc: 58.50  |  Val Loss: 1.857 | Val Acc: 40.82  |  Test Loss: 2.216 | Tes Acc: 24.49
INFO >> Epoch: 8  |  Layer:  2  |  Train Loss: 1.192 | Train Acc: 60.54  |  Val Loss: 1.696 | Val Acc: 35.71  |  Test Loss: 2.091 | Tes Acc: 26.02
INFO >> Epoch: 8  |  Layer:  3  |  Train Loss: 1.246 | Train Acc: 57.48  |  Val Loss: 1.770 | Val Acc: 29.59  |  Test Loss: 2.009 | Tes Acc: 28.06
INFO >> Epoch: 8  |  Layer:  4  |  Train Loss: 1.256 | Train Acc: 60.88  |  Val Loss: 1.836 | Val Acc: 32.65  |  Test Loss: 1.959 | Tes Acc: 28.57
INFO >> Epoch: 8  |  Layer:  5  |  Train Loss: 1.258 | Train Acc: 58.84  |  Val Loss: 1.820 | Val Acc: 34.69  |  Test Loss: 1.899 | Tes Acc: 31.63
INFO >> Epoch: 8  |  Layer:  6  |  Train Loss: 1.315 | Train Acc: 58.16  |  Val Loss: 1.701 | Val Acc: 28.57  |  Test Loss: 1.839 | Tes Acc: 36.22
INFO >> Epoch: 8  |  Layer:  7  |  Train Loss: 1.369 | Train Acc: 56.12  |  Val Loss: 1.744 | Val Acc: 36.73  |  Test Loss: 1.789 | Tes Acc: 35.20
INFO >> Epoch: 8  |  Layer:  8  |  Train Loss: 1.263 | Train Acc: 61.56  |  Val Loss: 1.606 | Val Acc: 29.59  |  Test Loss: 1.788 | Tes Acc: 38.27
INFO >> Epoch: 8  |  Layer:  9  |  Train Loss: 1.243 | Train Acc: 55.10  |  Val Loss: 1.577 | Val Acc: 40.82  |  Test Loss: 1.821 | Tes Acc: 29.08
INFO >> Epoch: 8  |  Layer: 10  |  Train Loss: 1.348 | Train Acc: 53.40  |  Val Loss: 1.592 | Val Acc: 39.80  |  Test Loss: 1.859 | Tes Acc: 28.06
INFO >> Epoch: 8  |  Layer: 11  |  Train Loss: 1.451 | Train Acc: 51.02  |  Val Loss: 1.620 | Val Acc: 34.69  |  Test Loss: 1.786 | Tes Acc: 29.59
INFO >> Epoch: 8  |  Layer: 12  |  Train Loss: 1.460 | Train Acc: 49.32  |  Val Loss: 1.739 | Val Acc: 39.80  |  Test Loss: 1.876 | Tes Acc: 20.41
INFO >> Epoch: 8  |  Layer: 13  |  Train Loss: 1.438 | Train Acc: 50.68  |  Val Loss: 1.759 | Val Acc: 27.55  |  Test Loss: 1.890 | Tes Acc: 25.00
INFO >> Epoch: 8  |  Layer: 14  |  Train Loss: 1.411 | Train Acc: 55.10  |  Val Loss: 1.698 | Val Acc: 35.71  |  Test Loss: 1.857 | Tes Acc: 27.04
INFO >> Epoch: 8  |  Layer: 15  |  Train Loss: 1.429 | Train Acc: 50.68  |  Val Loss: 1.701 | Val Acc: 29.59  |  Test Loss: 1.884 | Tes Acc: 30.10
INFO >> Epoch: 8  |  Layer: 16  |  Train Loss: 1.381 | Train Acc: 53.74  |  Val Loss: 1.526 | Val Acc: 45.92  |  Test Loss: 1.794 | Tes Acc: 24.49
INFO >> Epoch: 8  |  Layer: 17  |  Train Loss: 1.236 | Train Acc: 61.90  |  Val Loss: 1.456 | Val Acc: 51.02  |  Test Loss: 1.793 | Tes Acc: 31.63
INFO >> Epoch: 8  |  Layer: 18  |  Train Loss: 1.051 | Train Acc: 66.67  |  Val Loss: 1.445 | Val Acc: 44.90  |  Test Loss: 1.750 | Tes Acc: 38.27
INFO >> Epoch: 8  |  Layer: 19  |  Train Loss: 1.102 | Train Acc: 63.95  |  Val Loss: 1.701 | Val Acc: 31.63  |  Test Loss: 1.907 | Tes Acc: 31.12
INFO >> Epoch: 8  |  Layer: 20  |  Train Loss: 1.601 | Train Acc: 39.80  |  Val Loss: 1.832 | Val Acc: 30.61  |  Test Loss: 1.982 | Tes Acc: 14.29
INFO >> Epoch: 8  |  Layer: 21  |  Train Loss: 1.426 | Train Acc: 51.70  |  Val Loss: 1.763 | Val Acc: 35.71  |  Test Loss: 2.108 | Tes Acc: 15.82
INFO >> Epoch: 8  |  Layer: 22  |  Train Loss: 1.865 | Train Acc: 29.59  |  Val Loss: 2.296 | Val Acc: 20.41  |  Test Loss: 2.293 | Tes Acc: 17.86
INFO >> Epoch: 8  |  Layer: 23  |  Train Loss: 1.879 | Train Acc: 23.81  |  Val Loss: 2.047 | Val Acc: 27.55  |  Test Loss: 2.016 | Tes Acc: 15.31
INFO >> Epoch: 8  |  Layer: 24  |  Train Loss: 1.919 | Train Acc: 22.79  |  Val Loss: 2.302 | Val Acc: 16.33  |  Test Loss: 2.345 | Tes Acc: 14.80

INFO >> Epoch: 9  |  Layer:  1  |  Train Loss: 1.251 | Train Acc: 51.70  |  Val Loss: 2.029 | Val Acc: 26.53  |  Test Loss: 2.361 | Tes Acc: 18.37
INFO >> Epoch: 9  |  Layer:  2  |  Train Loss: 1.221 | Train Acc: 55.44  |  Val Loss: 1.837 | Val Acc: 34.69  |  Test Loss: 2.085 | Tes Acc: 24.49
INFO >> Epoch: 9  |  Layer:  3  |  Train Loss: 1.271 | Train Acc: 55.78  |  Val Loss: 1.839 | Val Acc: 34.69  |  Test Loss: 2.109 | Tes Acc: 18.88
INFO >> Epoch: 9  |  Layer:  4  |  Train Loss: 1.293 | Train Acc: 51.70  |  Val Loss: 1.920 | Val Acc: 31.63  |  Test Loss: 2.013 | Tes Acc: 24.49
INFO >> Epoch: 9  |  Layer:  5  |  Train Loss: 1.287 | Train Acc: 53.74  |  Val Loss: 1.871 | Val Acc: 40.82  |  Test Loss: 1.931 | Tes Acc: 31.12
INFO >> Epoch: 9  |  Layer:  6  |  Train Loss: 1.347 | Train Acc: 51.70  |  Val Loss: 1.689 | Val Acc: 28.57  |  Test Loss: 1.910 | Tes Acc: 28.06
INFO >> Epoch: 9  |  Layer:  7  |  Train Loss: 1.395 | Train Acc: 47.96  |  Val Loss: 1.763 | Val Acc: 38.78  |  Test Loss: 1.818 | Tes Acc: 21.94
INFO >> Epoch: 9  |  Layer:  8  |  Train Loss: 1.285 | Train Acc: 54.08  |  Val Loss: 1.704 | Val Acc: 30.61  |  Test Loss: 1.778 | Tes Acc: 33.67
INFO >> Epoch: 9  |  Layer:  9  |  Train Loss: 1.235 | Train Acc: 57.14  |  Val Loss: 1.606 | Val Acc: 34.69  |  Test Loss: 1.754 | Tes Acc: 33.16
INFO >> Epoch: 9  |  Layer: 10  |  Train Loss: 1.348 | Train Acc: 54.08  |  Val Loss: 1.807 | Val Acc: 23.47  |  Test Loss: 1.835 | Tes Acc: 29.08
INFO >> Epoch: 9  |  Layer: 11  |  Train Loss: 1.448 | Train Acc: 44.56  |  Val Loss: 1.785 | Val Acc: 24.49  |  Test Loss: 1.788 | Tes Acc: 28.06
INFO >> Epoch: 9  |  Layer: 12  |  Train Loss: 1.467 | Train Acc: 43.54  |  Val Loss: 1.864 | Val Acc: 22.45  |  Test Loss: 1.819 | Tes Acc: 25.00
INFO >> Epoch: 9  |  Layer: 13  |  Train Loss: 1.443 | Train Acc: 46.60  |  Val Loss: 1.840 | Val Acc: 25.51  |  Test Loss: 1.843 | Tes Acc: 23.98
INFO >> Epoch: 9  |  Layer: 14  |  Train Loss: 1.400 | Train Acc: 50.34  |  Val Loss: 1.724 | Val Acc: 25.51  |  Test Loss: 1.729 | Tes Acc: 30.10
INFO >> Epoch: 9  |  Layer: 15  |  Train Loss: 1.455 | Train Acc: 46.26  |  Val Loss: 1.820 | Val Acc: 33.67  |  Test Loss: 1.811 | Tes Acc: 22.96
INFO >> Epoch: 9  |  Layer: 16  |  Train Loss: 1.374 | Train Acc: 50.68  |  Val Loss: 1.614 | Val Acc: 41.84  |  Test Loss: 1.691 | Tes Acc: 28.06
INFO >> Epoch: 9  |  Layer: 17  |  Train Loss: 1.235 | Train Acc: 58.16  |  Val Loss: 1.476 | Val Acc: 41.84  |  Test Loss: 1.706 | Tes Acc: 37.76
INFO >> Epoch: 9  |  Layer: 18  |  Train Loss: 1.020 | Train Acc: 65.65  |  Val Loss: 1.383 | Val Acc: 41.84  |  Test Loss: 1.701 | Tes Acc: 42.86
INFO >> Epoch: 9  |  Layer: 19  |  Train Loss: 1.056 | Train Acc: 63.95  |  Val Loss: 1.672 | Val Acc: 33.67  |  Test Loss: 2.012 | Tes Acc: 25.51
INFO >> Epoch: 9  |  Layer: 20  |  Train Loss: 1.652 | Train Acc: 34.35  |  Val Loss: 1.809 | Val Acc: 42.86  |  Test Loss: 1.896 | Tes Acc: 17.35
INFO >> Epoch: 9  |  Layer: 21  |  Train Loss: 1.458 | Train Acc: 45.24  |  Val Loss: 1.786 | Val Acc: 35.71  |  Test Loss: 2.036 | Tes Acc: 27.04
INFO >> Epoch: 9  |  Layer: 22  |  Train Loss: 1.981 | Train Acc: 22.45  |  Val Loss: 1.993 | Val Acc: 30.61  |  Test Loss: 2.183 | Tes Acc: 21.43
INFO >> Epoch: 9  |  Layer: 23  |  Train Loss: 1.994 | Train Acc: 21.09  |  Val Loss: 1.977 | Val Acc: 14.29  |  Test Loss: 2.084 | Tes Acc: 14.29
INFO >> Epoch: 9  |  Layer: 24  |  Train Loss: 1.940 | Train Acc: 20.75  |  Val Loss: 2.169 | Val Acc: 20.41  |  Test Loss: 2.261 | Tes Acc: 13.78

INFO >> Epoch: 10  |  Layer:  1  |  Train Loss: 1.153 | Train Acc: 59.86  |  Val Loss: 2.053 | Val Acc: 36.73  |  Test Loss: 2.283 | Tes Acc: 22.96
INFO >> Epoch: 10  |  Layer:  2  |  Train Loss: 1.103 | Train Acc: 63.95  |  Val Loss: 1.849 | Val Acc: 27.55  |  Test Loss: 2.140 | Tes Acc: 23.47
INFO >> Epoch: 10  |  Layer:  3  |  Train Loss: 1.152 | Train Acc: 59.18  |  Val Loss: 1.883 | Val Acc: 28.57  |  Test Loss: 2.126 | Tes Acc: 22.96
INFO >> Epoch: 10  |  Layer:  4  |  Train Loss: 1.172 | Train Acc: 60.20  |  Val Loss: 1.999 | Val Acc: 23.47  |  Test Loss: 2.070 | Tes Acc: 23.98
INFO >> Epoch: 10  |  Layer:  5  |  Train Loss: 1.168 | Train Acc: 59.52  |  Val Loss: 1.944 | Val Acc: 40.82  |  Test Loss: 1.996 | Tes Acc: 21.94
INFO >> Epoch: 10  |  Layer:  6  |  Train Loss: 1.226 | Train Acc: 55.44  |  Val Loss: 1.698 | Val Acc: 34.69  |  Test Loss: 1.863 | Tes Acc: 29.08
INFO >> Epoch: 10  |  Layer:  7  |  Train Loss: 1.278 | Train Acc: 58.16  |  Val Loss: 1.813 | Val Acc: 29.59  |  Test Loss: 1.866 | Tes Acc: 23.98
INFO >> Epoch: 10  |  Layer:  8  |  Train Loss: 1.202 | Train Acc: 53.06  |  Val Loss: 1.837 | Val Acc: 26.53  |  Test Loss: 1.871 | Tes Acc: 28.57
INFO >> Epoch: 10  |  Layer:  9  |  Train Loss: 1.177 | Train Acc: 59.18  |  Val Loss: 1.894 | Val Acc: 26.53  |  Test Loss: 1.913 | Tes Acc: 26.02
INFO >> Epoch: 10  |  Layer: 10  |  Train Loss: 1.255 | Train Acc: 56.12  |  Val Loss: 1.835 | Val Acc: 30.61  |  Test Loss: 1.842 | Tes Acc: 27.55
INFO >> Epoch: 10  |  Layer: 11  |  Train Loss: 1.348 | Train Acc: 52.72  |  Val Loss: 1.845 | Val Acc: 24.49  |  Test Loss: 1.835 | Tes Acc: 24.49
INFO >> Epoch: 10  |  Layer: 12  |  Train Loss: 1.350 | Train Acc: 52.38  |  Val Loss: 1.877 | Val Acc: 27.55  |  Test Loss: 1.845 | Tes Acc: 25.00
INFO >> Epoch: 10  |  Layer: 13  |  Train Loss: 1.340 | Train Acc: 53.40  |  Val Loss: 1.885 | Val Acc: 31.63  |  Test Loss: 1.851 | Tes Acc: 23.47
INFO >> Epoch: 10  |  Layer: 14  |  Train Loss: 1.316 | Train Acc: 53.40  |  Val Loss: 1.894 | Val Acc: 29.59  |  Test Loss: 1.852 | Tes Acc: 30.10
INFO >> Epoch: 10  |  Layer: 15  |  Train Loss: 1.333 | Train Acc: 55.44  |  Val Loss: 1.711 | Val Acc: 41.84  |  Test Loss: 1.801 | Tes Acc: 27.55
INFO >> Epoch: 10  |  Layer: 16  |  Train Loss: 1.254 | Train Acc: 60.54  |  Val Loss: 1.604 | Val Acc: 41.84  |  Test Loss: 1.709 | Tes Acc: 31.12
INFO >> Epoch: 10  |  Layer: 17  |  Train Loss: 1.149 | Train Acc: 61.56  |  Val Loss: 1.592 | Val Acc: 39.80  |  Test Loss: 1.780 | Tes Acc: 32.14
INFO >> Epoch: 10  |  Layer: 18  |  Train Loss: 0.955 | Train Acc: 68.37  |  Val Loss: 1.446 | Val Acc: 38.78  |  Test Loss: 1.665 | Tes Acc: 33.16
INFO >> Epoch: 10  |  Layer: 19  |  Train Loss: 1.009 | Train Acc: 63.27  |  Val Loss: 1.734 | Val Acc: 39.80  |  Test Loss: 1.972 | Tes Acc: 27.55
INFO >> Epoch: 10  |  Layer: 20  |  Train Loss: 1.555 | Train Acc: 46.94  |  Val Loss: 1.900 | Val Acc: 34.69  |  Test Loss: 2.013 | Tes Acc: 18.88
INFO >> Epoch: 10  |  Layer: 21  |  Train Loss: 1.386 | Train Acc: 48.98  |  Val Loss: 1.762 | Val Acc: 25.51  |  Test Loss: 1.986 | Tes Acc: 21.43
INFO >> Epoch: 10  |  Layer: 22  |  Train Loss: 2.002 | Train Acc: 29.93  |  Val Loss: 2.177 | Val Acc: 21.43  |  Test Loss: 2.258 | Tes Acc: 16.84
INFO >> Epoch: 10  |  Layer: 23  |  Train Loss: 1.949 | Train Acc: 22.11  |  Val Loss: 1.941 | Val Acc: 17.35  |  Test Loss: 1.999 | Tes Acc: 12.24
INFO >> Epoch: 10  |  Layer: 24  |  Train Loss: 1.982 | Train Acc: 17.35  |  Val Loss: 2.118 | Val Acc: 18.37  |  Test Loss: 2.009 | Tes Acc: 15.31

INFO >> Epoch: 11  |  Layer:  1  |  Train Loss: 1.121 | Train Acc: 61.56  |  Val Loss: 1.725 | Val Acc: 36.73  |  Test Loss: 2.376 | Tes Acc: 17.35
INFO >> Epoch: 11  |  Layer:  2  |  Train Loss: 1.120 | Train Acc: 59.52  |  Val Loss: 1.552 | Val Acc: 35.71  |  Test Loss: 2.061 | Tes Acc: 25.51
INFO >> Epoch: 11  |  Layer:  3  |  Train Loss: 1.192 | Train Acc: 61.56  |  Val Loss: 1.686 | Val Acc: 29.59  |  Test Loss: 1.974 | Tes Acc: 27.55
INFO >> Epoch: 11  |  Layer:  4  |  Train Loss: 1.193 | Train Acc: 61.22  |  Val Loss: 1.686 | Val Acc: 37.76  |  Test Loss: 1.983 | Tes Acc: 16.84
INFO >> Epoch: 11  |  Layer:  5  |  Train Loss: 1.199 | Train Acc: 58.50  |  Val Loss: 1.665 | Val Acc: 50.00  |  Test Loss: 1.798 | Tes Acc: 29.08
INFO >> Epoch: 11  |  Layer:  6  |  Train Loss: 1.273 | Train Acc: 56.46  |  Val Loss: 1.662 | Val Acc: 27.55  |  Test Loss: 1.831 | Tes Acc: 23.47
INFO >> Epoch: 11  |  Layer:  7  |  Train Loss: 1.321 | Train Acc: 57.14  |  Val Loss: 1.661 | Val Acc: 26.53  |  Test Loss: 1.721 | Tes Acc: 32.14
INFO >> Epoch: 11  |  Layer:  8  |  Train Loss: 1.288 | Train Acc: 53.40  |  Val Loss: 1.691 | Val Acc: 25.51  |  Test Loss: 1.759 | Tes Acc: 30.10
INFO >> Epoch: 11  |  Layer:  9  |  Train Loss: 1.218 | Train Acc: 56.12  |  Val Loss: 1.577 | Val Acc: 39.80  |  Test Loss: 1.743 | Tes Acc: 29.59
INFO >> Epoch: 11  |  Layer: 10  |  Train Loss: 1.319 | Train Acc: 53.06  |  Val Loss: 1.525 | Val Acc: 34.69  |  Test Loss: 1.783 | Tes Acc: 25.51
INFO >> Epoch: 11  |  Layer: 11  |  Train Loss: 1.420 | Train Acc: 48.30  |  Val Loss: 1.464 | Val Acc: 37.76  |  Test Loss: 1.708 | Tes Acc: 28.06
INFO >> Epoch: 11  |  Layer: 12  |  Train Loss: 1.401 | Train Acc: 51.02  |  Val Loss: 1.554 | Val Acc: 31.63  |  Test Loss: 1.756 | Tes Acc: 31.12
INFO >> Epoch: 11  |  Layer: 13  |  Train Loss: 1.370 | Train Acc: 51.70  |  Val Loss: 1.651 | Val Acc: 33.67  |  Test Loss: 1.869 | Tes Acc: 20.41
INFO >> Epoch: 11  |  Layer: 14  |  Train Loss: 1.318 | Train Acc: 55.44  |  Val Loss: 1.575 | Val Acc: 32.65  |  Test Loss: 1.745 | Tes Acc: 29.08
INFO >> Epoch: 11  |  Layer: 15  |  Train Loss: 1.333 | Train Acc: 56.46  |  Val Loss: 1.530 | Val Acc: 25.51  |  Test Loss: 1.779 | Tes Acc: 30.10
INFO >> Epoch: 11  |  Layer: 16  |  Train Loss: 1.252 | Train Acc: 57.14  |  Val Loss: 1.399 | Val Acc: 39.80  |  Test Loss: 1.771 | Tes Acc: 22.96
INFO >> Epoch: 11  |  Layer: 17  |  Train Loss: 1.130 | Train Acc: 61.56  |  Val Loss: 1.250 | Val Acc: 50.00  |  Test Loss: 1.712 | Tes Acc: 37.24
INFO >> Epoch: 11  |  Layer: 18  |  Train Loss: 0.932 | Train Acc: 68.71  |  Val Loss: 1.322 | Val Acc: 45.92  |  Test Loss: 1.724 | Tes Acc: 30.10
INFO >> Epoch: 11  |  Layer: 19  |  Train Loss: 0.959 | Train Acc: 67.69  |  Val Loss: 1.657 | Val Acc: 39.80  |  Test Loss: 2.190 | Tes Acc: 19.90
INFO >> Epoch: 11  |  Layer: 20  |  Train Loss: 1.530 | Train Acc: 43.88  |  Val Loss: 1.782 | Val Acc: 21.43  |  Test Loss: 2.115 | Tes Acc: 11.73
INFO >> Epoch: 11  |  Layer: 21  |  Train Loss: 1.365 | Train Acc: 50.00  |  Val Loss: 1.661 | Val Acc: 28.57  |  Test Loss: 1.985 | Tes Acc: 20.92
INFO >> Epoch: 11  |  Layer: 22  |  Train Loss: 1.781 | Train Acc: 27.21  |  Val Loss: 1.887 | Val Acc: 27.55  |  Test Loss: 2.069 | Tes Acc: 12.76
INFO >> Epoch: 11  |  Layer: 23  |  Train Loss: 1.827 | Train Acc: 28.23  |  Val Loss: 2.016 | Val Acc: 14.29  |  Test Loss: 2.129 | Tes Acc: 15.31
INFO >> Epoch: 11  |  Layer: 24  |  Train Loss: 1.940 | Train Acc: 20.75  |  Val Loss: 2.120 | Val Acc: 15.31  |  Test Loss: 2.368 | Tes Acc: 13.78

INFO >> Epoch: 12  |  Layer:  1  |  Train Loss: 0.980 | Train Acc: 66.33  |  Val Loss: 1.749 | Val Acc: 40.82  |  Test Loss: 2.277 | Tes Acc: 23.98
INFO >> Epoch: 12  |  Layer:  2  |  Train Loss: 0.967 | Train Acc: 70.75  |  Val Loss: 1.701 | Val Acc: 34.69  |  Test Loss: 2.122 | Tes Acc: 20.41
INFO >> Epoch: 12  |  Layer:  3  |  Train Loss: 1.033 | Train Acc: 66.67  |  Val Loss: 1.739 | Val Acc: 36.73  |  Test Loss: 2.045 | Tes Acc: 16.33
INFO >> Epoch: 12  |  Layer:  4  |  Train Loss: 1.062 | Train Acc: 62.59  |  Val Loss: 1.744 | Val Acc: 41.84  |  Test Loss: 1.901 | Tes Acc: 28.57
INFO >> Epoch: 12  |  Layer:  5  |  Train Loss: 1.036 | Train Acc: 65.99  |  Val Loss: 1.652 | Val Acc: 42.86  |  Test Loss: 1.780 | Tes Acc: 30.10
INFO >> Epoch: 12  |  Layer:  6  |  Train Loss: 1.118 | Train Acc: 60.88  |  Val Loss: 1.626 | Val Acc: 35.71  |  Test Loss: 1.771 | Tes Acc: 28.57
INFO >> Epoch: 12  |  Layer:  7  |  Train Loss: 1.150 | Train Acc: 59.52  |  Val Loss: 1.593 | Val Acc: 39.80  |  Test Loss: 1.646 | Tes Acc: 29.59
INFO >> Epoch: 12  |  Layer:  8  |  Train Loss: 1.086 | Train Acc: 61.56  |  Val Loss: 1.628 | Val Acc: 31.63  |  Test Loss: 1.705 | Tes Acc: 32.14
INFO >> Epoch: 12  |  Layer:  9  |  Train Loss: 1.052 | Train Acc: 65.99  |  Val Loss: 1.449 | Val Acc: 35.71  |  Test Loss: 1.640 | Tes Acc: 34.69
INFO >> Epoch: 12  |  Layer: 10  |  Train Loss: 1.142 | Train Acc: 60.54  |  Val Loss: 1.590 | Val Acc: 25.51  |  Test Loss: 1.667 | Tes Acc: 34.18
INFO >> Epoch: 12  |  Layer: 11  |  Train Loss: 1.283 | Train Acc: 50.00  |  Val Loss: 1.544 | Val Acc: 33.67  |  Test Loss: 1.706 | Tes Acc: 27.55
INFO >> Epoch: 12  |  Layer: 12  |  Train Loss: 1.278 | Train Acc: 56.12  |  Val Loss: 1.603 | Val Acc: 30.61  |  Test Loss: 1.725 | Tes Acc: 28.06
INFO >> Epoch: 12  |  Layer: 13  |  Train Loss: 1.248 | Train Acc: 54.42  |  Val Loss: 1.666 | Val Acc: 25.51  |  Test Loss: 1.721 | Tes Acc: 31.63
INFO >> Epoch: 12  |  Layer: 14  |  Train Loss: 1.201 | Train Acc: 54.76  |  Val Loss: 1.612 | Val Acc: 27.55  |  Test Loss: 1.667 | Tes Acc: 33.16
INFO >> Epoch: 12  |  Layer: 15  |  Train Loss: 1.228 | Train Acc: 55.44  |  Val Loss: 1.622 | Val Acc: 31.63  |  Test Loss: 1.706 | Tes Acc: 31.12
INFO >> Epoch: 12  |  Layer: 16  |  Train Loss: 1.146 | Train Acc: 62.24  |  Val Loss: 1.406 | Val Acc: 39.80  |  Test Loss: 1.592 | Tes Acc: 40.31
INFO >> Epoch: 12  |  Layer: 17  |  Train Loss: 0.987 | Train Acc: 69.73  |  Val Loss: 1.220 | Val Acc: 41.84  |  Test Loss: 1.619 | Tes Acc: 41.33
INFO >> Epoch: 12  |  Layer: 18  |  Train Loss: 0.779 | Train Acc: 78.91  |  Val Loss: 1.289 | Val Acc: 40.82  |  Test Loss: 1.575 | Tes Acc: 41.33
INFO >> Epoch: 12  |  Layer: 19  |  Train Loss: 0.837 | Train Acc: 75.51  |  Val Loss: 1.555 | Val Acc: 35.71  |  Test Loss: 1.819 | Tes Acc: 34.18
INFO >> Epoch: 12  |  Layer: 20  |  Train Loss: 1.524 | Train Acc: 41.16  |  Val Loss: 1.853 | Val Acc: 30.61  |  Test Loss: 1.925 | Tes Acc: 20.41
INFO >> Epoch: 12  |  Layer: 21  |  Train Loss: 1.277 | Train Acc: 52.72  |  Val Loss: 1.661 | Val Acc: 36.73  |  Test Loss: 1.874 | Tes Acc: 25.00
INFO >> Epoch: 12  |  Layer: 22  |  Train Loss: 1.606 | Train Acc: 37.07  |  Val Loss: 2.025 | Val Acc: 18.37  |  Test Loss: 2.188 | Tes Acc: 16.84
INFO >> Epoch: 12  |  Layer: 23  |  Train Loss: 1.821 | Train Acc: 27.55  |  Val Loss: 1.910 | Val Acc: 15.31  |  Test Loss: 2.034 | Tes Acc: 15.82
INFO >> Epoch: 12  |  Layer: 24  |  Train Loss: 1.901 | Train Acc: 23.81  |  Val Loss: 2.142 | Val Acc: 25.51  |  Test Loss: 2.078 | Tes Acc: 18.37

INFO >> Epoch: 13  |  Layer:  1  |  Train Loss: 0.945 | Train Acc: 67.69  |  Val Loss: 1.712 | Val Acc: 41.84  |  Test Loss: 2.434 | Tes Acc: 23.47
INFO >> Epoch: 13  |  Layer:  2  |  Train Loss: 0.933 | Train Acc: 72.11  |  Val Loss: 1.675 | Val Acc: 41.84  |  Test Loss: 2.163 | Tes Acc: 26.02
INFO >> Epoch: 13  |  Layer:  3  |  Train Loss: 1.014 | Train Acc: 69.05  |  Val Loss: 1.756 | Val Acc: 33.67  |  Test Loss: 2.070 | Tes Acc: 27.55
INFO >> Epoch: 13  |  Layer:  4  |  Train Loss: 1.015 | Train Acc: 70.41  |  Val Loss: 1.682 | Val Acc: 45.92  |  Test Loss: 1.921 | Tes Acc: 27.55
INFO >> Epoch: 13  |  Layer:  5  |  Train Loss: 1.005 | Train Acc: 67.35  |  Val Loss: 1.661 | Val Acc: 40.82  |  Test Loss: 1.779 | Tes Acc: 34.18
INFO >> Epoch: 13  |  Layer:  6  |  Train Loss: 1.078 | Train Acc: 65.99  |  Val Loss: 1.585 | Val Acc: 35.71  |  Test Loss: 1.771 | Tes Acc: 31.63
INFO >> Epoch: 13  |  Layer:  7  |  Train Loss: 1.101 | Train Acc: 67.35  |  Val Loss: 1.568 | Val Acc: 42.86  |  Test Loss: 1.677 | Tes Acc: 29.59
INFO >> Epoch: 13  |  Layer:  8  |  Train Loss: 1.068 | Train Acc: 66.33  |  Val Loss: 1.534 | Val Acc: 42.86  |  Test Loss: 1.695 | Tes Acc: 30.61
INFO >> Epoch: 13  |  Layer:  9  |  Train Loss: 1.022 | Train Acc: 65.31  |  Val Loss: 1.377 | Val Acc: 44.90  |  Test Loss: 1.678 | Tes Acc: 39.29
INFO >> Epoch: 13  |  Layer: 10  |  Train Loss: 1.114 | Train Acc: 61.90  |  Val Loss: 1.512 | Val Acc: 39.80  |  Test Loss: 1.701 | Tes Acc: 35.71
INFO >> Epoch: 13  |  Layer: 11  |  Train Loss: 1.211 | Train Acc: 59.18  |  Val Loss: 1.561 | Val Acc: 36.73  |  Test Loss: 1.671 | Tes Acc: 34.18
INFO >> Epoch: 13  |  Layer: 12  |  Train Loss: 1.221 | Train Acc: 57.48  |  Val Loss: 1.588 | Val Acc: 35.71  |  Test Loss: 1.749 | Tes Acc: 27.55
INFO >> Epoch: 13  |  Layer: 13  |  Train Loss: 1.205 | Train Acc: 56.12  |  Val Loss: 1.660 | Val Acc: 38.78  |  Test Loss: 1.779 | Tes Acc: 28.06
INFO >> Epoch: 13  |  Layer: 14  |  Train Loss: 1.154 | Train Acc: 60.54  |  Val Loss: 1.667 | Val Acc: 31.63  |  Test Loss: 1.738 | Tes Acc: 33.67
INFO >> Epoch: 13  |  Layer: 15  |  Train Loss: 1.159 | Train Acc: 61.56  |  Val Loss: 1.580 | Val Acc: 38.78  |  Test Loss: 1.729 | Tes Acc: 35.20
INFO >> Epoch: 13  |  Layer: 16  |  Train Loss: 1.116 | Train Acc: 61.56  |  Val Loss: 1.373 | Val Acc: 43.88  |  Test Loss: 1.662 | Tes Acc: 28.57
INFO >> Epoch: 13  |  Layer: 17  |  Train Loss: 0.973 | Train Acc: 71.43  |  Val Loss: 1.230 | Val Acc: 56.12  |  Test Loss: 1.641 | Tes Acc: 39.80
INFO >> Epoch: 13  |  Layer: 18  |  Train Loss: 0.774 | Train Acc: 76.53  |  Val Loss: 1.229 | Val Acc: 47.96  |  Test Loss: 1.677 | Tes Acc: 36.73
INFO >> Epoch: 13  |  Layer: 19  |  Train Loss: 0.820 | Train Acc: 76.53  |  Val Loss: 1.417 | Val Acc: 46.94  |  Test Loss: 1.926 | Tes Acc: 26.02
INFO >> Epoch: 13  |  Layer: 20  |  Train Loss: 1.446 | Train Acc: 45.92  |  Val Loss: 1.711 | Val Acc: 45.92  |  Test Loss: 1.965 | Tes Acc: 16.84
INFO >> Epoch: 13  |  Layer: 21  |  Train Loss: 1.222 | Train Acc: 53.74  |  Val Loss: 1.617 | Val Acc: 41.84  |  Test Loss: 1.908 | Tes Acc: 17.86
INFO >> Epoch: 13  |  Layer: 22  |  Train Loss: 1.804 | Train Acc: 27.55  |  Val Loss: 2.396 | Val Acc: 17.35  |  Test Loss: 2.518 | Tes Acc: 15.31
INFO >> Epoch: 13  |  Layer: 23  |  Train Loss: 1.894 | Train Acc: 18.37  |  Val Loss: 2.100 | Val Acc: 12.24  |  Test Loss: 2.198 | Tes Acc: 14.29
INFO >> Epoch: 13  |  Layer: 24  |  Train Loss: 1.857 | Train Acc: 27.21  |  Val Loss: 2.079 | Val Acc: 19.39  |  Test Loss: 2.121 | Tes Acc: 15.31

INFO >> Epoch: 14  |  Layer:  1  |  Train Loss: 0.968 | Train Acc: 69.05  |  Val Loss: 1.690 | Val Acc: 35.71  |  Test Loss: 2.554 | Tes Acc: 19.90
INFO >> Epoch: 14  |  Layer:  2  |  Train Loss: 0.922 | Train Acc: 73.47  |  Val Loss: 1.609 | Val Acc: 33.67  |  Test Loss: 2.266 | Tes Acc: 20.92
INFO >> Epoch: 14  |  Layer:  3  |  Train Loss: 0.982 | Train Acc: 68.71  |  Val Loss: 1.751 | Val Acc: 38.78  |  Test Loss: 2.191 | Tes Acc: 20.92
INFO >> Epoch: 14  |  Layer:  4  |  Train Loss: 0.967 | Train Acc: 70.75  |  Val Loss: 1.686 | Val Acc: 36.73  |  Test Loss: 2.065 | Tes Acc: 20.92
INFO >> Epoch: 14  |  Layer:  5  |  Train Loss: 0.957 | Train Acc: 68.03  |  Val Loss: 1.756 | Val Acc: 38.78  |  Test Loss: 1.970 | Tes Acc: 23.47
INFO >> Epoch: 14  |  Layer:  6  |  Train Loss: 1.022 | Train Acc: 65.99  |  Val Loss: 1.568 | Val Acc: 43.88  |  Test Loss: 1.838 | Tes Acc: 27.55
INFO >> Epoch: 14  |  Layer:  7  |  Train Loss: 1.047 | Train Acc: 68.37  |  Val Loss: 1.539 | Val Acc: 38.78  |  Test Loss: 1.750 | Tes Acc: 25.51
INFO >> Epoch: 14  |  Layer:  8  |  Train Loss: 1.005 | Train Acc: 62.24  |  Val Loss: 1.554 | Val Acc: 41.84  |  Test Loss: 1.729 | Tes Acc: 28.57
INFO >> Epoch: 14  |  Layer:  9  |  Train Loss: 0.943 | Train Acc: 70.75  |  Val Loss: 1.420 | Val Acc: 40.82  |  Test Loss: 1.740 | Tes Acc: 29.59
INFO >> Epoch: 14  |  Layer: 10  |  Train Loss: 1.032 | Train Acc: 68.03  |  Val Loss: 1.474 | Val Acc: 37.76  |  Test Loss: 1.685 | Tes Acc: 30.10
INFO >> Epoch: 14  |  Layer: 11  |  Train Loss: 1.125 | Train Acc: 65.31  |  Val Loss: 1.504 | Val Acc: 36.73  |  Test Loss: 1.725 | Tes Acc: 26.02
INFO >> Epoch: 14  |  Layer: 12  |  Train Loss: 1.153 | Train Acc: 61.22  |  Val Loss: 1.684 | Val Acc: 27.55  |  Test Loss: 1.765 | Tes Acc: 26.02
INFO >> Epoch: 14  |  Layer: 13  |  Train Loss: 1.108 | Train Acc: 65.65  |  Val Loss: 1.663 | Val Acc: 30.61  |  Test Loss: 1.805 | Tes Acc: 24.49
INFO >> Epoch: 14  |  Layer: 14  |  Train Loss: 1.062 | Train Acc: 68.37  |  Val Loss: 1.567 | Val Acc: 37.76  |  Test Loss: 1.727 | Tes Acc: 27.55
INFO >> Epoch: 14  |  Layer: 15  |  Train Loss: 1.065 | Train Acc: 71.43  |  Val Loss: 1.505 | Val Acc: 44.90  |  Test Loss: 1.713 | Tes Acc: 29.59
INFO >> Epoch: 14  |  Layer: 16  |  Train Loss: 1.013 | Train Acc: 66.33  |  Val Loss: 1.319 | Val Acc: 53.06  |  Test Loss: 1.571 | Tes Acc: 33.67
INFO >> Epoch: 14  |  Layer: 17  |  Train Loss: 0.878 | Train Acc: 73.81  |  Val Loss: 1.300 | Val Acc: 43.88  |  Test Loss: 1.679 | Tes Acc: 37.76
INFO >> Epoch: 14  |  Layer: 18  |  Train Loss: 0.711 | Train Acc: 78.23  |  Val Loss: 1.227 | Val Acc: 57.14  |  Test Loss: 1.651 | Tes Acc: 41.33
INFO >> Epoch: 14  |  Layer: 19  |  Train Loss: 0.820 | Train Acc: 73.47  |  Val Loss: 1.354 | Val Acc: 55.10  |  Test Loss: 1.986 | Tes Acc: 29.59
INFO >> Epoch: 14  |  Layer: 20  |  Train Loss: 1.320 | Train Acc: 55.10  |  Val Loss: 1.706 | Val Acc: 38.78  |  Test Loss: 1.923 | Tes Acc: 15.31
INFO >> Epoch: 14  |  Layer: 21  |  Train Loss: 1.110 | Train Acc: 62.93  |  Val Loss: 1.667 | Val Acc: 39.80  |  Test Loss: 1.961 | Tes Acc: 19.39
INFO >> Epoch: 14  |  Layer: 22  |  Train Loss: 1.741 | Train Acc: 33.33  |  Val Loss: 2.117 | Val Acc: 28.57  |  Test Loss: 2.192 | Tes Acc: 18.88
INFO >> Epoch: 14  |  Layer: 23  |  Train Loss: 1.852 | Train Acc: 24.83  |  Val Loss: 1.990 | Val Acc: 13.27  |  Test Loss: 2.078 | Tes Acc: 12.24
INFO >> Epoch: 14  |  Layer: 24  |  Train Loss: 1.819 | Train Acc: 26.87  |  Val Loss: 2.031 | Val Acc: 15.31  |  Test Loss: 2.054 | Tes Acc: 18.88

INFO >> Epoch: 15  |  Layer:  1  |  Train Loss: 0.840 | Train Acc: 73.47  |  Val Loss: 1.526 | Val Acc: 37.76  |  Test Loss: 2.371 | Tes Acc: 26.53
INFO >> Epoch: 15  |  Layer:  2  |  Train Loss: 0.802 | Train Acc: 72.45  |  Val Loss: 1.583 | Val Acc: 33.67  |  Test Loss: 2.202 | Tes Acc: 25.00
INFO >> Epoch: 15  |  Layer:  3  |  Train Loss: 0.862 | Train Acc: 72.11  |  Val Loss: 1.705 | Val Acc: 22.45  |  Test Loss: 2.111 | Tes Acc: 25.00
INFO >> Epoch: 15  |  Layer:  4  |  Train Loss: 0.849 | Train Acc: 76.87  |  Val Loss: 1.731 | Val Acc: 32.65  |  Test Loss: 2.029 | Tes Acc: 28.57
INFO >> Epoch: 15  |  Layer:  5  |  Train Loss: 0.832 | Train Acc: 71.09  |  Val Loss: 1.661 | Val Acc: 48.98  |  Test Loss: 1.864 | Tes Acc: 36.22
INFO >> Epoch: 15  |  Layer:  6  |  Train Loss: 0.909 | Train Acc: 70.75  |  Val Loss: 1.664 | Val Acc: 25.51  |  Test Loss: 1.844 | Tes Acc: 39.80
INFO >> Epoch: 15  |  Layer:  7  |  Train Loss: 0.934 | Train Acc: 73.47  |  Val Loss: 1.613 | Val Acc: 35.71  |  Test Loss: 1.701 | Tes Acc: 35.71
INFO >> Epoch: 15  |  Layer:  8  |  Train Loss: 0.894 | Train Acc: 72.11  |  Val Loss: 1.637 | Val Acc: 26.53  |  Test Loss: 1.717 | Tes Acc: 37.24
INFO >> Epoch: 15  |  Layer:  9  |  Train Loss: 0.826 | Train Acc: 76.53  |  Val Loss: 1.405 | Val Acc: 43.88  |  Test Loss: 1.646 | Tes Acc: 41.33
INFO >> Epoch: 15  |  Layer: 10  |  Train Loss: 0.941 | Train Acc: 72.45  |  Val Loss: 1.518 | Val Acc: 30.61  |  Test Loss: 1.608 | Tes Acc: 43.37
INFO >> Epoch: 15  |  Layer: 11  |  Train Loss: 1.057 | Train Acc: 65.99  |  Val Loss: 1.435 | Val Acc: 38.78  |  Test Loss: 1.668 | Tes Acc: 36.22
INFO >> Epoch: 15  |  Layer: 12  |  Train Loss: 1.052 | Train Acc: 67.01  |  Val Loss: 1.542 | Val Acc: 32.65  |  Test Loss: 1.710 | Tes Acc: 31.63
INFO >> Epoch: 15  |  Layer: 13  |  Train Loss: 0.997 | Train Acc: 69.05  |  Val Loss: 1.639 | Val Acc: 28.57  |  Test Loss: 1.701 | Tes Acc: 34.69
INFO >> Epoch: 15  |  Layer: 14  |  Train Loss: 0.963 | Train Acc: 72.45  |  Val Loss: 1.585 | Val Acc: 27.55  |  Test Loss: 1.680 | Tes Acc: 35.20
INFO >> Epoch: 15  |  Layer: 15  |  Train Loss: 0.978 | Train Acc: 70.41  |  Val Loss: 1.489 | Val Acc: 31.63  |  Test Loss: 1.679 | Tes Acc: 35.20
INFO >> Epoch: 15  |  Layer: 16  |  Train Loss: 0.907 | Train Acc: 73.47  |  Val Loss: 1.313 | Val Acc: 41.84  |  Test Loss: 1.542 | Tes Acc: 42.86
INFO >> Epoch: 15  |  Layer: 17  |  Train Loss: 0.785 | Train Acc: 80.61  |  Val Loss: 1.186 | Val Acc: 52.04  |  Test Loss: 1.610 | Tes Acc: 45.41
INFO >> Epoch: 15  |  Layer: 18  |  Train Loss: 0.595 | Train Acc: 85.71  |  Val Loss: 1.188 | Val Acc: 51.02  |  Test Loss: 1.622 | Tes Acc: 39.80
INFO >> Epoch: 15  |  Layer: 19  |  Train Loss: 0.707 | Train Acc: 78.23  |  Val Loss: 1.397 | Val Acc: 50.00  |  Test Loss: 1.955 | Tes Acc: 30.61
INFO >> Epoch: 15  |  Layer: 20  |  Train Loss: 1.302 | Train Acc: 55.10  |  Val Loss: 1.669 | Val Acc: 34.69  |  Test Loss: 1.901 | Tes Acc: 23.47
INFO >> Epoch: 15  |  Layer: 21  |  Train Loss: 1.067 | Train Acc: 63.27  |  Val Loss: 1.548 | Val Acc: 39.80  |  Test Loss: 1.900 | Tes Acc: 30.10
INFO >> Epoch: 15  |  Layer: 22  |  Train Loss: 1.562 | Train Acc: 41.50  |  Val Loss: 1.809 | Val Acc: 22.45  |  Test Loss: 1.966 | Tes Acc: 20.92
INFO >> Epoch: 15  |  Layer: 23  |  Train Loss: 1.816 | Train Acc: 27.55  |  Val Loss: 1.943 | Val Acc: 12.24  |  Test Loss: 2.001 | Tes Acc: 16.33
INFO >> Epoch: 15  |  Layer: 24  |  Train Loss: 1.818 | Train Acc: 25.51  |  Val Loss: 2.036 | Val Acc: 23.47  |  Test Loss: 2.015 | Tes Acc: 15.82

INFO >> Epoch: 16  |  Layer:  1  |  Train Loss: 0.820 | Train Acc: 72.11  |  Val Loss: 1.791 | Val Acc: 20.41  |  Test Loss: 2.756 | Tes Acc: 21.94
INFO >> Epoch: 16  |  Layer:  2  |  Train Loss: 0.797 | Train Acc: 75.51  |  Val Loss: 1.623 | Val Acc: 28.57  |  Test Loss: 2.413 | Tes Acc: 26.02
INFO >> Epoch: 16  |  Layer:  3  |  Train Loss: 0.857 | Train Acc: 74.15  |  Val Loss: 1.638 | Val Acc: 29.59  |  Test Loss: 2.247 | Tes Acc: 24.49
INFO >> Epoch: 16  |  Layer:  4  |  Train Loss: 0.856 | Train Acc: 74.49  |  Val Loss: 1.724 | Val Acc: 40.82  |  Test Loss: 2.101 | Tes Acc: 27.04
INFO >> Epoch: 16  |  Layer:  5  |  Train Loss: 0.863 | Train Acc: 74.49  |  Val Loss: 1.687 | Val Acc: 37.76  |  Test Loss: 1.874 | Tes Acc: 30.10
INFO >> Epoch: 16  |  Layer:  6  |  Train Loss: 0.916 | Train Acc: 71.77  |  Val Loss: 1.696 | Val Acc: 36.73  |  Test Loss: 2.006 | Tes Acc: 25.51
INFO >> Epoch: 16  |  Layer:  7  |  Train Loss: 0.957 | Train Acc: 69.39  |  Val Loss: 1.596 | Val Acc: 32.65  |  Test Loss: 1.792 | Tes Acc: 28.57
INFO >> Epoch: 16  |  Layer:  8  |  Train Loss: 0.905 | Train Acc: 70.41  |  Val Loss: 1.805 | Val Acc: 33.67  |  Test Loss: 1.911 | Tes Acc: 34.69
INFO >> Epoch: 16  |  Layer:  9  |  Train Loss: 0.843 | Train Acc: 74.15  |  Val Loss: 1.608 | Val Acc: 35.71  |  Test Loss: 1.900 | Tes Acc: 35.20
INFO >> Epoch: 16  |  Layer: 10  |  Train Loss: 0.936 | Train Acc: 70.07  |  Val Loss: 1.677 | Val Acc: 34.69  |  Test Loss: 1.894 | Tes Acc: 28.06
INFO >> Epoch: 16  |  Layer: 11  |  Train Loss: 1.056 | Train Acc: 62.59  |  Val Loss: 1.487 | Val Acc: 40.82  |  Test Loss: 1.739 | Tes Acc: 32.14
INFO >> Epoch: 16  |  Layer: 12  |  Train Loss: 1.063 | Train Acc: 64.97  |  Val Loss: 1.681 | Val Acc: 27.55  |  Test Loss: 1.851 | Tes Acc: 28.06
INFO >> Epoch: 16  |  Layer: 13  |  Train Loss: 1.021 | Train Acc: 65.99  |  Val Loss: 1.832 | Val Acc: 24.49  |  Test Loss: 1.998 | Tes Acc: 26.02
INFO >> Epoch: 16  |  Layer: 14  |  Train Loss: 0.975 | Train Acc: 69.73  |  Val Loss: 1.565 | Val Acc: 34.69  |  Test Loss: 1.815 | Tes Acc: 29.08
INFO >> Epoch: 16  |  Layer: 15  |  Train Loss: 0.994 | Train Acc: 65.65  |  Val Loss: 1.535 | Val Acc: 38.78  |  Test Loss: 1.818 | Tes Acc: 33.16
INFO >> Epoch: 16  |  Layer: 16  |  Train Loss: 0.926 | Train Acc: 68.03  |  Val Loss: 1.378 | Val Acc: 35.71  |  Test Loss: 1.822 | Tes Acc: 29.08
INFO >> Epoch: 16  |  Layer: 17  |  Train Loss: 0.805 | Train Acc: 75.17  |  Val Loss: 1.262 | Val Acc: 35.71  |  Test Loss: 1.877 | Tes Acc: 36.73
INFO >> Epoch: 16  |  Layer: 18  |  Train Loss: 0.611 | Train Acc: 82.31  |  Val Loss: 1.187 | Val Acc: 47.96  |  Test Loss: 1.809 | Tes Acc: 40.31
INFO >> Epoch: 16  |  Layer: 19  |  Train Loss: 0.686 | Train Acc: 80.61  |  Val Loss: 1.429 | Val Acc: 44.90  |  Test Loss: 2.079 | Tes Acc: 33.16
INFO >> Epoch: 16  |  Layer: 20  |  Train Loss: 1.271 | Train Acc: 57.82  |  Val Loss: 1.802 | Val Acc: 30.61  |  Test Loss: 2.251 | Tes Acc: 15.82
INFO >> Epoch: 16  |  Layer: 21  |  Train Loss: 1.053 | Train Acc: 62.59  |  Val Loss: 1.737 | Val Acc: 32.65  |  Test Loss: 2.304 | Tes Acc: 19.90
INFO >> Epoch: 16  |  Layer: 22  |  Train Loss: 1.685 | Train Acc: 39.46  |  Val Loss: 1.907 | Val Acc: 17.35  |  Test Loss: 2.174 | Tes Acc: 17.35
INFO >> Epoch: 16  |  Layer: 23  |  Train Loss: 1.829 | Train Acc: 25.17  |  Val Loss: 2.003 | Val Acc: 18.37  |  Test Loss: 2.098 | Tes Acc: 12.24
INFO >> Epoch: 16  |  Layer: 24  |  Train Loss: 1.792 | Train Acc: 32.65  |  Val Loss: 2.045 | Val Acc: 11.22  |  Test Loss: 2.182 | Tes Acc: 17.86

INFO >> Epoch: 17  |  Layer:  1  |  Train Loss: 0.818 | Train Acc: 72.11  |  Val Loss: 1.589 | Val Acc: 41.84  |  Test Loss: 2.459 | Tes Acc: 26.02
INFO >> Epoch: 17  |  Layer:  2  |  Train Loss: 0.774 | Train Acc: 75.17  |  Val Loss: 1.639 | Val Acc: 38.78  |  Test Loss: 2.303 | Tes Acc: 21.94
INFO >> Epoch: 17  |  Layer:  3  |  Train Loss: 0.823 | Train Acc: 75.51  |  Val Loss: 1.636 | Val Acc: 45.92  |  Test Loss: 2.209 | Tes Acc: 23.47
INFO >> Epoch: 17  |  Layer:  4  |  Train Loss: 0.786 | Train Acc: 77.21  |  Val Loss: 1.680 | Val Acc: 46.94  |  Test Loss: 2.069 | Tes Acc: 26.53
INFO >> Epoch: 17  |  Layer:  5  |  Train Loss: 0.783 | Train Acc: 76.87  |  Val Loss: 1.692 | Val Acc: 45.92  |  Test Loss: 1.870 | Tes Acc: 30.61
INFO >> Epoch: 17  |  Layer:  6  |  Train Loss: 0.875 | Train Acc: 70.75  |  Val Loss: 1.534 | Val Acc: 42.86  |  Test Loss: 1.810 | Tes Acc: 28.57
INFO >> Epoch: 17  |  Layer:  7  |  Train Loss: 0.868 | Train Acc: 71.77  |  Val Loss: 1.505 | Val Acc: 56.12  |  Test Loss: 1.682 | Tes Acc: 29.08
INFO >> Epoch: 17  |  Layer:  8  |  Train Loss: 0.862 | Train Acc: 70.75  |  Val Loss: 1.523 | Val Acc: 43.88  |  Test Loss: 1.697 | Tes Acc: 34.18
INFO >> Epoch: 17  |  Layer:  9  |  Train Loss: 0.797 | Train Acc: 72.79  |  Val Loss: 1.315 | Val Acc: 46.94  |  Test Loss: 1.659 | Tes Acc: 43.88
INFO >> Epoch: 17  |  Layer: 10  |  Train Loss: 0.904 | Train Acc: 69.73  |  Val Loss: 1.446 | Val Acc: 40.82  |  Test Loss: 1.607 | Tes Acc: 38.78
INFO >> Epoch: 17  |  Layer: 11  |  Train Loss: 0.972 | Train Acc: 74.15  |  Val Loss: 1.348 | Val Acc: 41.84  |  Test Loss: 1.602 | Tes Acc: 34.18
INFO >> Epoch: 17  |  Layer: 12  |  Train Loss: 1.002 | Train Acc: 65.99  |  Val Loss: 1.427 | Val Acc: 36.73  |  Test Loss: 1.615 | Tes Acc: 33.16
INFO >> Epoch: 17  |  Layer: 13  |  Train Loss: 0.984 | Train Acc: 62.93  |  Val Loss: 1.589 | Val Acc: 35.71  |  Test Loss: 1.707 | Tes Acc: 34.69
INFO >> Epoch: 17  |  Layer: 14  |  Train Loss: 0.899 | Train Acc: 74.15  |  Val Loss: 1.319 | Val Acc: 44.90  |  Test Loss: 1.581 | Tes Acc: 38.78
INFO >> Epoch: 17  |  Layer: 15  |  Train Loss: 0.920 | Train Acc: 72.11  |  Val Loss: 1.420 | Val Acc: 47.96  |  Test Loss: 1.632 | Tes Acc: 36.22
INFO >> Epoch: 17  |  Layer: 16  |  Train Loss: 0.859 | Train Acc: 73.81  |  Val Loss: 1.237 | Val Acc: 53.06  |  Test Loss: 1.482 | Tes Acc: 42.86
INFO >> Epoch: 17  |  Layer: 17  |  Train Loss: 0.759 | Train Acc: 77.21  |  Val Loss: 1.186 | Val Acc: 56.12  |  Test Loss: 1.591 | Tes Acc: 43.37
INFO >> Epoch: 17  |  Layer: 18  |  Train Loss: 0.544 | Train Acc: 84.35  |  Val Loss: 1.175 | Val Acc: 53.06  |  Test Loss: 1.641 | Tes Acc: 39.80
INFO >> Epoch: 17  |  Layer: 19  |  Train Loss: 0.628 | Train Acc: 78.57  |  Val Loss: 1.504 | Val Acc: 51.02  |  Test Loss: 1.984 | Tes Acc: 29.59
INFO >> Epoch: 17  |  Layer: 20  |  Train Loss: 1.230 | Train Acc: 55.78  |  Val Loss: 1.805 | Val Acc: 42.86  |  Test Loss: 2.087 | Tes Acc: 23.98
INFO >> Epoch: 17  |  Layer: 21  |  Train Loss: 1.030 | Train Acc: 62.93  |  Val Loss: 1.544 | Val Acc: 47.96  |  Test Loss: 2.015 | Tes Acc: 30.61
INFO >> Epoch: 17  |  Layer: 22  |  Train Loss: 1.601 | Train Acc: 40.14  |  Val Loss: 1.987 | Val Acc: 24.49  |  Test Loss: 2.250 | Tes Acc: 23.47
INFO >> Epoch: 17  |  Layer: 23  |  Train Loss: 1.794 | Train Acc: 27.21  |  Val Loss: 1.859 | Val Acc: 18.37  |  Test Loss: 1.956 | Tes Acc: 16.33
INFO >> Epoch: 17  |  Layer: 24  |  Train Loss: 1.831 | Train Acc: 22.11  |  Val Loss: 2.049 | Val Acc: 24.49  |  Test Loss: 2.087 | Tes Acc: 11.73

INFO >> Epoch: 18  |  Layer:  1  |  Train Loss: 0.834 | Train Acc: 75.17  |  Val Loss: 1.807 | Val Acc: 34.69  |  Test Loss: 2.731 | Tes Acc: 20.92
INFO >> Epoch: 18  |  Layer:  2  |  Train Loss: 0.777 | Train Acc: 78.91  |  Val Loss: 1.656 | Val Acc: 34.69  |  Test Loss: 2.423 | Tes Acc: 26.02
INFO >> Epoch: 18  |  Layer:  3  |  Train Loss: 0.823 | Train Acc: 78.57  |  Val Loss: 1.697 | Val Acc: 37.76  |  Test Loss: 2.336 | Tes Acc: 25.00
INFO >> Epoch: 18  |  Layer:  4  |  Train Loss: 0.783 | Train Acc: 78.91  |  Val Loss: 1.754 | Val Acc: 38.78  |  Test Loss: 2.236 | Tes Acc: 28.06
INFO >> Epoch: 18  |  Layer:  5  |  Train Loss: 0.763 | Train Acc: 79.25  |  Val Loss: 1.744 | Val Acc: 46.94  |  Test Loss: 2.065 | Tes Acc: 31.63
INFO >> Epoch: 18  |  Layer:  6  |  Train Loss: 0.831 | Train Acc: 74.49  |  Val Loss: 1.532 | Val Acc: 48.98  |  Test Loss: 1.955 | Tes Acc: 29.08
INFO >> Epoch: 18  |  Layer:  7  |  Train Loss: 0.840 | Train Acc: 80.27  |  Val Loss: 1.574 | Val Acc: 47.96  |  Test Loss: 1.861 | Tes Acc: 33.67
INFO >> Epoch: 18  |  Layer:  8  |  Train Loss: 0.831 | Train Acc: 78.91  |  Val Loss: 1.620 | Val Acc: 40.82  |  Test Loss: 1.828 | Tes Acc: 35.20
INFO >> Epoch: 18  |  Layer:  9  |  Train Loss: 0.807 | Train Acc: 79.93  |  Val Loss: 1.442 | Val Acc: 46.94  |  Test Loss: 1.704 | Tes Acc: 35.71
INFO >> Epoch: 18  |  Layer: 10  |  Train Loss: 0.910 | Train Acc: 77.55  |  Val Loss: 1.522 | Val Acc: 31.63  |  Test Loss: 1.636 | Tes Acc: 35.20
INFO >> Epoch: 18  |  Layer: 11  |  Train Loss: 0.964 | Train Acc: 73.13  |  Val Loss: 1.534 | Val Acc: 36.73  |  Test Loss: 1.728 | Tes Acc: 32.14
INFO >> Epoch: 18  |  Layer: 12  |  Train Loss: 1.004 | Train Acc: 69.39  |  Val Loss: 1.681 | Val Acc: 28.57  |  Test Loss: 1.749 | Tes Acc: 31.63
INFO >> Epoch: 18  |  Layer: 13  |  Train Loss: 0.987 | Train Acc: 73.47  |  Val Loss: 1.631 | Val Acc: 33.67  |  Test Loss: 1.742 | Tes Acc: 32.14
INFO >> Epoch: 18  |  Layer: 14  |  Train Loss: 0.905 | Train Acc: 74.15  |  Val Loss: 1.604 | Val Acc: 34.69  |  Test Loss: 1.780 | Tes Acc: 32.65
INFO >> Epoch: 18  |  Layer: 15  |  Train Loss: 0.913 | Train Acc: 77.21  |  Val Loss: 1.459 | Val Acc: 44.90  |  Test Loss: 1.683 | Tes Acc: 36.22
INFO >> Epoch: 18  |  Layer: 16  |  Train Loss: 0.828 | Train Acc: 78.57  |  Val Loss: 1.273 | Val Acc: 52.04  |  Test Loss: 1.555 | Tes Acc: 41.84
INFO >> Epoch: 18  |  Layer: 17  |  Train Loss: 0.736 | Train Acc: 80.95  |  Val Loss: 1.162 | Val Acc: 52.04  |  Test Loss: 1.622 | Tes Acc: 38.27
INFO >> Epoch: 18  |  Layer: 18  |  Train Loss: 0.533 | Train Acc: 89.46  |  Val Loss: 1.171 | Val Acc: 51.02  |  Test Loss: 1.635 | Tes Acc: 41.33
INFO >> Epoch: 18  |  Layer: 19  |  Train Loss: 0.627 | Train Acc: 86.05  |  Val Loss: 1.360 | Val Acc: 55.10  |  Test Loss: 2.043 | Tes Acc: 35.20
INFO >> Epoch: 18  |  Layer: 20  |  Train Loss: 1.226 | Train Acc: 58.50  |  Val Loss: 1.621 | Val Acc: 52.04  |  Test Loss: 2.067 | Tes Acc: 19.90
INFO >> Epoch: 18  |  Layer: 21  |  Train Loss: 1.011 | Train Acc: 67.69  |  Val Loss: 1.481 | Val Acc: 43.88  |  Test Loss: 2.012 | Tes Acc: 20.41
INFO >> Epoch: 18  |  Layer: 22  |  Train Loss: 1.528 | Train Acc: 47.62  |  Val Loss: 1.763 | Val Acc: 29.59  |  Test Loss: 1.999 | Tes Acc: 28.06
INFO >> Epoch: 18  |  Layer: 23  |  Train Loss: 1.777 | Train Acc: 34.35  |  Val Loss: 1.916 | Val Acc: 14.29  |  Test Loss: 2.039 | Tes Acc: 14.80
INFO >> Epoch: 18  |  Layer: 24  |  Train Loss: 1.822 | Train Acc: 30.27  |  Val Loss: 2.069 | Val Acc: 22.45  |  Test Loss: 1.991 | Tes Acc: 17.86

INFO >> Epoch: 19  |  Layer:  1  |  Train Loss: 0.748 | Train Acc: 75.17  |  Val Loss: 1.449 | Val Acc: 30.61  |  Test Loss: 2.739 | Tes Acc: 25.00
INFO >> Epoch: 19  |  Layer:  2  |  Train Loss: 0.711 | Train Acc: 78.91  |  Val Loss: 1.477 | Val Acc: 38.78  |  Test Loss: 2.506 | Tes Acc: 26.02
INFO >> Epoch: 19  |  Layer:  3  |  Train Loss: 0.765 | Train Acc: 77.55  |  Val Loss: 1.631 | Val Acc: 28.57  |  Test Loss: 2.260 | Tes Acc: 25.00
INFO >> Epoch: 19  |  Layer:  4  |  Train Loss: 0.730 | Train Acc: 80.61  |  Val Loss: 1.459 | Val Acc: 36.73  |  Test Loss: 2.122 | Tes Acc: 28.06
INFO >> Epoch: 19  |  Layer:  5  |  Train Loss: 0.715 | Train Acc: 80.27  |  Val Loss: 1.412 | Val Acc: 41.84  |  Test Loss: 1.916 | Tes Acc: 33.16
INFO >> Epoch: 19  |  Layer:  6  |  Train Loss: 0.778 | Train Acc: 77.89  |  Val Loss: 1.596 | Val Acc: 31.63  |  Test Loss: 1.890 | Tes Acc: 31.12
INFO >> Epoch: 19  |  Layer:  7  |  Train Loss: 0.793 | Train Acc: 81.29  |  Val Loss: 1.497 | Val Acc: 30.61  |  Test Loss: 1.707 | Tes Acc: 40.31
INFO >> Epoch: 19  |  Layer:  8  |  Train Loss: 0.767 | Train Acc: 81.29  |  Val Loss: 1.581 | Val Acc: 24.49  |  Test Loss: 1.846 | Tes Acc: 40.31
INFO >> Epoch: 19  |  Layer:  9  |  Train Loss: 0.754 | Train Acc: 79.59  |  Val Loss: 1.206 | Val Acc: 52.04  |  Test Loss: 1.721 | Tes Acc: 42.86
INFO >> Epoch: 19  |  Layer: 10  |  Train Loss: 0.831 | Train Acc: 80.95  |  Val Loss: 1.329 | Val Acc: 41.84  |  Test Loss: 1.687 | Tes Acc: 40.82
INFO >> Epoch: 19  |  Layer: 11  |  Train Loss: 0.919 | Train Acc: 76.19  |  Val Loss: 1.272 | Val Acc: 47.96  |  Test Loss: 1.671 | Tes Acc: 38.78
INFO >> Epoch: 19  |  Layer: 12  |  Train Loss: 0.932 | Train Acc: 73.13  |  Val Loss: 1.391 | Val Acc: 34.69  |  Test Loss: 1.732 | Tes Acc: 32.14
INFO >> Epoch: 19  |  Layer: 13  |  Train Loss: 0.908 | Train Acc: 72.11  |  Val Loss: 1.433 | Val Acc: 33.67  |  Test Loss: 1.848 | Tes Acc: 32.14
INFO >> Epoch: 19  |  Layer: 14  |  Train Loss: 0.857 | Train Acc: 76.87  |  Val Loss: 1.435 | Val Acc: 37.76  |  Test Loss: 1.779 | Tes Acc: 34.69
INFO >> Epoch: 19  |  Layer: 15  |  Train Loss: 0.851 | Train Acc: 77.55  |  Val Loss: 1.338 | Val Acc: 36.73  |  Test Loss: 1.810 | Tes Acc: 37.24
INFO >> Epoch: 19  |  Layer: 16  |  Train Loss: 0.767 | Train Acc: 80.61  |  Val Loss: 1.052 | Val Acc: 56.12  |  Test Loss: 1.677 | Tes Acc: 36.73
INFO >> Epoch: 19  |  Layer: 17  |  Train Loss: 0.678 | Train Acc: 84.01  |  Val Loss: 0.999 | Val Acc: 57.14  |  Test Loss: 1.728 | Tes Acc: 39.29
INFO >> Epoch: 19  |  Layer: 18  |  Train Loss: 0.485 | Train Acc: 88.10  |  Val Loss: 1.098 | Val Acc: 47.96  |  Test Loss: 1.794 | Tes Acc: 41.84
INFO >> Epoch: 19  |  Layer: 19  |  Train Loss: 0.564 | Train Acc: 83.67  |  Val Loss: 1.322 | Val Acc: 43.88  |  Test Loss: 1.992 | Tes Acc: 37.24
INFO >> Epoch: 19  |  Layer: 20  |  Train Loss: 1.145 | Train Acc: 59.18  |  Val Loss: 1.529 | Val Acc: 31.63  |  Test Loss: 1.995 | Tes Acc: 25.00
INFO >> Epoch: 19  |  Layer: 21  |  Train Loss: 0.920 | Train Acc: 72.11  |  Val Loss: 1.583 | Val Acc: 34.69  |  Test Loss: 1.922 | Tes Acc: 35.20
INFO >> Epoch: 19  |  Layer: 22  |  Train Loss: 1.503 | Train Acc: 42.52  |  Val Loss: 1.725 | Val Acc: 26.53  |  Test Loss: 2.014 | Tes Acc: 22.96
INFO >> Epoch: 19  |  Layer: 23  |  Train Loss: 1.824 | Train Acc: 28.23  |  Val Loss: 1.875 | Val Acc: 17.35  |  Test Loss: 2.025 | Tes Acc: 16.84
INFO >> Epoch: 19  |  Layer: 24  |  Train Loss: 1.768 | Train Acc: 31.29  |  Val Loss: 1.960 | Val Acc: 11.22  |  Test Loss: 2.160 | Tes Acc: 17.35

INFO >> Epoch: 20  |  Layer:  1  |  Train Loss: 0.774 | Train Acc: 73.13  |  Val Loss: 1.499 | Val Acc: 43.88  |  Test Loss: 2.787 | Tes Acc: 23.47
INFO >> Epoch: 20  |  Layer:  2  |  Train Loss: 0.710 | Train Acc: 77.89  |  Val Loss: 1.573 | Val Acc: 40.82  |  Test Loss: 2.423 | Tes Acc: 26.53
INFO >> Epoch: 20  |  Layer:  3  |  Train Loss: 0.802 | Train Acc: 73.13  |  Val Loss: 1.722 | Val Acc: 41.84  |  Test Loss: 2.347 | Tes Acc: 22.45
INFO >> Epoch: 20  |  Layer:  4  |  Train Loss: 0.782 | Train Acc: 76.19  |  Val Loss: 1.678 | Val Acc: 47.96  |  Test Loss: 2.153 | Tes Acc: 27.55
INFO >> Epoch: 20  |  Layer:  5  |  Train Loss: 0.750 | Train Acc: 78.57  |  Val Loss: 1.724 | Val Acc: 43.88  |  Test Loss: 1.891 | Tes Acc: 32.65
INFO >> Epoch: 20  |  Layer:  6  |  Train Loss: 0.826 | Train Acc: 73.81  |  Val Loss: 1.578 | Val Acc: 46.94  |  Test Loss: 1.923 | Tes Acc: 34.18
INFO >> Epoch: 20  |  Layer:  7  |  Train Loss: 0.838 | Train Acc: 75.51  |  Val Loss: 1.512 | Val Acc: 54.08  |  Test Loss: 1.766 | Tes Acc: 32.14
INFO >> Epoch: 20  |  Layer:  8  |  Train Loss: 0.838 | Train Acc: 75.85  |  Val Loss: 1.624 | Val Acc: 40.82  |  Test Loss: 1.789 | Tes Acc: 35.20
INFO >> Epoch: 20  |  Layer:  9  |  Train Loss: 0.797 | Train Acc: 75.17  |  Val Loss: 1.509 | Val Acc: 50.00  |  Test Loss: 1.776 | Tes Acc: 34.69
INFO >> Epoch: 20  |  Layer: 10  |  Train Loss: 0.866 | Train Acc: 73.13  |  Val Loss: 1.620 | Val Acc: 38.78  |  Test Loss: 1.741 | Tes Acc: 34.18
INFO >> Epoch: 20  |  Layer: 11  |  Train Loss: 0.935 | Train Acc: 72.45  |  Val Loss: 1.486 | Val Acc: 40.82  |  Test Loss: 1.660 | Tes Acc: 32.14
INFO >> Epoch: 20  |  Layer: 12  |  Train Loss: 0.930 | Train Acc: 70.41  |  Val Loss: 1.608 | Val Acc: 33.67  |  Test Loss: 1.707 | Tes Acc: 31.12
INFO >> Epoch: 20  |  Layer: 13  |  Train Loss: 0.941 | Train Acc: 69.39  |  Val Loss: 1.677 | Val Acc: 38.78  |  Test Loss: 1.790 | Tes Acc: 28.57
INFO >> Epoch: 20  |  Layer: 14  |  Train Loss: 0.876 | Train Acc: 74.15  |  Val Loss: 1.501 | Val Acc: 40.82  |  Test Loss: 1.661 | Tes Acc: 37.24
INFO >> Epoch: 20  |  Layer: 15  |  Train Loss: 0.891 | Train Acc: 73.47  |  Val Loss: 1.507 | Val Acc: 46.94  |  Test Loss: 1.699 | Tes Acc: 34.18
INFO >> Epoch: 20  |  Layer: 16  |  Train Loss: 0.845 | Train Acc: 78.57  |  Val Loss: 1.326 | Val Acc: 51.02  |  Test Loss: 1.514 | Tes Acc: 43.37
INFO >> Epoch: 20  |  Layer: 17  |  Train Loss: 0.755 | Train Acc: 80.27  |  Val Loss: 1.230 | Val Acc: 58.16  |  Test Loss: 1.652 | Tes Acc: 42.35
INFO >> Epoch: 20  |  Layer: 18  |  Train Loss: 0.590 | Train Acc: 84.01  |  Val Loss: 1.165 | Val Acc: 53.06  |  Test Loss: 1.703 | Tes Acc: 41.84
INFO >> Epoch: 20  |  Layer: 19  |  Train Loss: 0.697 | Train Acc: 77.89  |  Val Loss: 1.429 | Val Acc: 47.96  |  Test Loss: 1.994 | Tes Acc: 34.69
INFO >> Epoch: 20  |  Layer: 20  |  Train Loss: 1.222 | Train Acc: 53.74  |  Val Loss: 1.678 | Val Acc: 48.98  |  Test Loss: 2.036 | Tes Acc: 19.39
INFO >> Epoch: 20  |  Layer: 21  |  Train Loss: 1.028 | Train Acc: 66.33  |  Val Loss: 1.495 | Val Acc: 46.94  |  Test Loss: 2.005 | Tes Acc: 23.98
INFO >> Epoch: 20  |  Layer: 22  |  Train Loss: 1.543 | Train Acc: 39.46  |  Val Loss: 1.936 | Val Acc: 27.55  |  Test Loss: 2.033 | Tes Acc: 15.31
INFO >> Epoch: 20  |  Layer: 23  |  Train Loss: 1.776 | Train Acc: 30.95  |  Val Loss: 1.940 | Val Acc: 24.49  |  Test Loss: 1.970 | Tes Acc: 13.27
INFO >> Epoch: 20  |  Layer: 24  |  Train Loss: 1.825 | Train Acc: 23.47  |  Val Loss: 2.083 | Val Acc: 20.41  |  Test Loss: 2.116 | Tes Acc: 18.88



INFO >> Time Taken: 06:24

INFO >> Layer: 1  |  Best Val Acc: 43.88  |  Best Test Acc: 23.47
INFO >> Layer: 2  |  Best Val Acc: 41.84  |  Best Test Acc: 26.02
INFO >> Layer: 3  |  Best Val Acc: 45.92  |  Best Test Acc: 23.47
INFO >> Layer: 4  |  Best Val Acc: 47.96  |  Best Test Acc: 27.55
INFO >> Layer: 5  |  Best Val Acc: 50.00  |  Best Test Acc: 29.08
INFO >> Layer: 6  |  Best Val Acc: 48.98  |  Best Test Acc: 29.08
INFO >> Layer: 7  |  Best Val Acc: 56.12  |  Best Test Acc: 29.08
INFO >> Layer: 8  |  Best Val Acc: 43.88  |  Best Test Acc: 34.18
INFO >> Layer: 9  |  Best Val Acc: 52.04  |  Best Test Acc: 42.86
INFO >> Layer: 10  |  Best Val Acc: 41.84  |  Best Test Acc: 40.82
INFO >> Layer: 11  |  Best Val Acc: 47.96  |  Best Test Acc: 38.78
INFO >> Layer: 12  |  Best Val Acc: 39.80  |  Best Test Acc: 20.41
INFO >> Layer: 13  |  Best Val Acc: 38.78  |  Best Test Acc: 28.06
INFO >> Layer: 14  |  Best Val Acc: 44.90  |  Best Test Acc: 38.78
INFO >> Layer: 15  |  Best Val Acc: 47.96  |  Best Test Acc: 36.22
INFO >> Layer: 16  |  Best Val Acc: 56.12  |  Best Test Acc: 36.73
INFO >> Layer: 17  |  Best Val Acc: 58.16  |  Best Test Acc: 42.35
INFO >> Layer: 18  |  Best Val Acc: 57.14  |  Best Test Acc: 41.33
INFO >> Layer: 19  |  Best Val Acc: 55.10  |  Best Test Acc: 29.59
INFO >> Layer: 20  |  Best Val Acc: 52.04  |  Best Test Acc: 19.90
INFO >> Layer: 21  |  Best Val Acc: 47.96  |  Best Test Acc: 30.61
INFO >> Layer: 22  |  Best Val Acc: 30.61  |  Best Test Acc: 21.43
INFO >> Layer: 23  |  Best Val Acc: 27.55  |  Best Test Acc: 15.31
INFO >> Layer: 24  |  Best Val Acc: 25.51  |  Best Test Acc: 18.37

DEBUG >> Last state saved

INFO >> History saved (./history/v1.3/EMOVO/WAV2VEC2_LARGE_XLSR300M_PROBING/Run3/history.pt)
