
--------------------------------------------------
Multilingual SER System v1.2
--------------------------------------------------
Run Name      : Run1
Fx Model      : HUBERT_LARGE
Clf Model     : DENSE
Extract Mode  : gpu_memory
Dataset       : ShEMO
Device        : gpu
Epochs        : 20
Num Workers   : 2
Data Dir      : ./data
History Dir   : ./history
Weights Dir   : ./weights
Log Level     : debug
Purge Cache   : False
Job Name      : Job46
Job Id        : 30684175
GPU           : Quadro RTX 8000
GPU Count     : 1

Timestamp : 2023-03-02 03:19:05.670912

INFO >> Running on CUDA


INFO >> Training Classifier

INFO >> Epoch: 1 |   Train Loss: 1.412 | Train Acc: 44.83 |   Val Loss: 1.218 | Val Acc: 51.43 |   Test Loss: 0.926 | Tes Acc: 66.13
DEBUG >> Best state saved | Val Acc 51.43369436264038 | Test Acc 66.12903475761414

INFO >> Epoch: 2 |   Train Loss: 1.012 | Train Acc: 63.62 |   Val Loss: 0.887 | Val Acc: 68.82 |   Test Loss: 0.522 | Tes Acc: 81.99
DEBUG >> Best state saved | Val Acc 68.81720423698425 | Test Acc 81.98924660682678

INFO >> Epoch: 3 |   Train Loss: 0.824 | Train Acc: 71.30 |   Val Loss: 0.857 | Val Acc: 69.89 |   Test Loss: 0.513 | Tes Acc: 82.26
DEBUG >> Best state saved | Val Acc 69.8924720287323 | Test Acc 82.2580635547638

INFO >> Epoch: 4 |   Train Loss: 0.729 | Train Acc: 74.44 |   Val Loss: 0.774 | Val Acc: 74.19 |   Test Loss: 0.450 | Tes Acc: 85.22
DEBUG >> Best state saved | Val Acc 74.19354915618896 | Test Acc 85.2150559425354

INFO >> Epoch: 5 |   Train Loss: 0.627 | Train Acc: 79.03 |   Val Loss: 0.723 | Val Acc: 73.84 |   Test Loss: 0.419 | Tes Acc: 86.02
INFO >> Epoch: 6 |   Train Loss: 0.599 | Train Acc: 79.52 |   Val Loss: 0.574 | Val Acc: 81.18 |   Test Loss: 0.296 | Tes Acc: 91.40
DEBUG >> Best state saved | Val Acc 81.18279576301575 | Test Acc 91.39785170555115

INFO >> Epoch: 7 |   Train Loss: 0.506 | Train Acc: 83.53 |   Val Loss: 0.592 | Val Acc: 81.00 |   Test Loss: 0.313 | Tes Acc: 90.05
INFO >> Epoch: 8 |   Train Loss: 0.470 | Train Acc: 84.69 |   Val Loss: 0.663 | Val Acc: 77.24 |   Test Loss: 0.443 | Tes Acc: 86.02
INFO >> Epoch: 9 |   Train Loss: 0.405 | Train Acc: 85.89 |   Val Loss: 0.589 | Val Acc: 80.82 |   Test Loss: 0.269 | Tes Acc: 92.74
INFO >> Epoch: 10 |   Train Loss: 0.382 | Train Acc: 86.81 |   Val Loss: 0.599 | Val Acc: 80.11 |   Test Loss: 0.304 | Tes Acc: 89.52
INFO >> Epoch: 11 |   Train Loss: 0.320 | Train Acc: 88.79 |   Val Loss: 0.586 | Val Acc: 81.90 |   Test Loss: 0.298 | Tes Acc: 90.32
DEBUG >> Best state saved | Val Acc 81.89964294433594 | Test Acc 90.32257795333862

INFO >> Epoch: 12 |   Train Loss: 0.284 | Train Acc: 90.82 |   Val Loss: 0.527 | Val Acc: 82.97 |   Test Loss: 0.315 | Tes Acc: 89.78
DEBUG >> Best state saved | Val Acc 82.97491073608398 | Test Acc 89.7849440574646

INFO >> Epoch: 13 |   Train Loss: 0.292 | Train Acc: 90.05 |   Val Loss: 0.531 | Val Acc: 83.15 |   Test Loss: 0.267 | Tes Acc: 91.94
DEBUG >> Best state saved | Val Acc 83.15412402153015 | Test Acc 91.93548560142517

INFO >> Epoch: 14 |   Train Loss: 0.223 | Train Acc: 92.51 |   Val Loss: 0.733 | Val Acc: 81.36 |   Test Loss: 0.349 | Tes Acc: 90.59
INFO >> Epoch: 15 |   Train Loss: 0.220 | Train Acc: 92.13 |   Val Loss: 0.708 | Val Acc: 83.15 |   Test Loss: 0.267 | Tes Acc: 91.67
INFO >> Epoch: 16 |   Train Loss: 0.170 | Train Acc: 94.69 |   Val Loss: 0.644 | Val Acc: 83.15 |   Test Loss: 0.281 | Tes Acc: 90.86
INFO >> Epoch: 17 |   Train Loss: 0.169 | Train Acc: 94.49 |   Val Loss: 0.693 | Val Acc: 80.29 |   Test Loss: 0.314 | Tes Acc: 89.25
INFO >> Epoch: 18 |   Train Loss: 0.124 | Train Acc: 96.14 |   Val Loss: 0.717 | Val Acc: 81.90 |   Test Loss: 0.301 | Tes Acc: 92.47
INFO >> Epoch: 19 |   Train Loss: 0.086 | Train Acc: 97.68 |   Val Loss: 0.804 | Val Acc: 82.97 |   Test Loss: 0.314 | Tes Acc: 91.67
INFO >> Epoch: 20 |   Train Loss: 0.088 | Train Acc: 96.76 |   Val Loss: 0.797 | Val Acc: 81.72 |   Test Loss: 0.379 | Tes Acc: 91.67


INFO >> Time Taken: 1:19:33

INFO >> Best Val Acc : 83.15412402153015 | Best Test Acc : 91.93548560142517

INFO >> Agg. Weights : 
0.18617205321788788 -0.035895928740501404 0.08101140707731247 -0.020706340670585632 0.1394014209508896 -0.2581906020641327 -0.1440168172121048 -0.16059119999408722 -0.12197049707174301 -0.0697619691491127 -0.43187907338142395 -0.24425897002220154 -0.11415904760360718 -0.17117680609226227 -0.3111408054828644 -0.18228697776794434 -0.15073435008525848 -0.15782074630260468 -0.055394865572452545 0.11262249201536179 -0.11150011420249939 0.04420747607946396 -0.220893993973732 -0.07323715835809708

DEBUG >> Last state saved | Val Acc 81.72042965888977 | Test Acc 91.66666865348816

INFO >> History saved (./history/v1.2/ShEMO/HUBERT_LARGE_DENSE/Run1/history.pt)
