
--------------------------------------------------
Multilingual SER System v1.3
--------------------------------------------------
Run Name      : Run2
Fx Model      : WAV2VEC2_LARGE_XLSR300M
Clf Model     : PROBING
Extract Mode  : gpu_memory
Dataset       : CaFE
Device        : gpu
Epochs        : 20
Num Workers   : 2
Data Dir      : ./data
History Dir   : ./history
Weights Dir   : ./weights
Log Level     : debug
Purge Cache   : False
Job Name      : Job33
Job Id        : 30721367
GPU           : Quadro RTX 8000
GPU Count     : 1
GPU Memory    : 44.49 GB

Timestamp : 2023-03-03 11:54:01.501165

INFO >> Running on CUDA


INFO >> Training Classifier

INFO >> Epoch: 1  |  Layer:  1  |  Train Loss: 1.922 | Train Acc: 21.79  |  Val Loss: 1.754 | Val Acc: 20.51  |  Test Loss: 1.833 | Tes Acc: 17.95
INFO >> Epoch: 1  |  Layer:  2  |  Train Loss: 1.899 | Train Acc: 21.61  |  Val Loss: 1.727 | Val Acc: 30.13  |  Test Loss: 1.817 | Tes Acc: 20.51
INFO >> Epoch: 1  |  Layer:  3  |  Train Loss: 1.925 | Train Acc: 20.15  |  Val Loss: 1.774 | Val Acc: 23.72  |  Test Loss: 1.840 | Tes Acc: 19.66
INFO >> Epoch: 1  |  Layer:  4  |  Train Loss: 1.887 | Train Acc: 23.08  |  Val Loss: 1.749 | Val Acc: 27.56  |  Test Loss: 1.820 | Tes Acc: 24.36
INFO >> Epoch: 1  |  Layer:  5  |  Train Loss: 1.906 | Train Acc: 21.43  |  Val Loss: 1.779 | Val Acc: 24.36  |  Test Loss: 1.858 | Tes Acc: 21.37
INFO >> Epoch: 1  |  Layer:  6  |  Train Loss: 1.928 | Train Acc: 20.51  |  Val Loss: 1.808 | Val Acc: 21.79  |  Test Loss: 1.851 | Tes Acc: 17.95
INFO >> Epoch: 1  |  Layer:  7  |  Train Loss: 1.940 | Train Acc: 19.05  |  Val Loss: 1.765 | Val Acc: 21.79  |  Test Loss: 1.821 | Tes Acc: 18.38
INFO >> Epoch: 1  |  Layer:  8  |  Train Loss: 1.914 | Train Acc: 20.15  |  Val Loss: 1.813 | Val Acc: 25.64  |  Test Loss: 1.885 | Tes Acc: 19.66
INFO >> Epoch: 1  |  Layer:  9  |  Train Loss: 1.932 | Train Acc: 23.44  |  Val Loss: 1.678 | Val Acc: 30.13  |  Test Loss: 1.739 | Tes Acc: 27.78
INFO >> Epoch: 1  |  Layer: 10  |  Train Loss: 1.931 | Train Acc: 20.88  |  Val Loss: 1.733 | Val Acc: 34.62  |  Test Loss: 1.772 | Tes Acc: 24.36
INFO >> Epoch: 1  |  Layer: 11  |  Train Loss: 1.968 | Train Acc: 21.06  |  Val Loss: 1.815 | Val Acc: 25.64  |  Test Loss: 1.848 | Tes Acc: 19.23
INFO >> Epoch: 1  |  Layer: 12  |  Train Loss: 1.973 | Train Acc: 20.33  |  Val Loss: 1.755 | Val Acc: 32.69  |  Test Loss: 1.790 | Tes Acc: 32.05
INFO >> Epoch: 1  |  Layer: 13  |  Train Loss: 1.983 | Train Acc: 19.96  |  Val Loss: 1.829 | Val Acc: 25.00  |  Test Loss: 1.857 | Tes Acc: 24.36
INFO >> Epoch: 1  |  Layer: 14  |  Train Loss: 1.986 | Train Acc: 17.58  |  Val Loss: 1.786 | Val Acc: 25.00  |  Test Loss: 1.825 | Tes Acc: 25.64
INFO >> Epoch: 1  |  Layer: 15  |  Train Loss: 1.963 | Train Acc: 21.61  |  Val Loss: 1.809 | Val Acc: 24.36  |  Test Loss: 1.821 | Tes Acc: 22.22
INFO >> Epoch: 1  |  Layer: 16  |  Train Loss: 1.921 | Train Acc: 22.16  |  Val Loss: 1.775 | Val Acc: 35.26  |  Test Loss: 1.791 | Tes Acc: 32.91
INFO >> Epoch: 1  |  Layer: 17  |  Train Loss: 1.878 | Train Acc: 21.98  |  Val Loss: 1.741 | Val Acc: 32.05  |  Test Loss: 1.753 | Tes Acc: 29.91
INFO >> Epoch: 1  |  Layer: 18  |  Train Loss: 1.850 | Train Acc: 27.47  |  Val Loss: 1.547 | Val Acc: 41.03  |  Test Loss: 1.617 | Tes Acc: 37.61
INFO >> Epoch: 1  |  Layer: 19  |  Train Loss: 1.968 | Train Acc: 24.18  |  Val Loss: 1.732 | Val Acc: 26.92  |  Test Loss: 1.794 | Tes Acc: 25.21
INFO >> Epoch: 1  |  Layer: 20  |  Train Loss: 2.500 | Train Acc: 17.03  |  Val Loss: 2.002 | Val Acc: 16.67  |  Test Loss: 1.981 | Tes Acc: 23.93
INFO >> Epoch: 1  |  Layer: 21  |  Train Loss: 2.259 | Train Acc: 21.98  |  Val Loss: 2.048 | Val Acc: 17.95  |  Test Loss: 2.082 | Tes Acc: 20.51
INFO >> Epoch: 1  |  Layer: 22  |  Train Loss: 6.435 | Train Acc: 12.09  |  Val Loss: 2.576 | Val Acc: 19.23  |  Test Loss: 2.752 | Tes Acc: 16.24
INFO >> Epoch: 1  |  Layer: 23  |  Train Loss: 8.585 | Train Acc: 14.10  |  Val Loss: 2.450 | Val Acc: 15.38  |  Test Loss: 2.545 | Tes Acc: 15.38
INFO >> Epoch: 1  |  Layer: 24  |  Train Loss: 8.314 | Train Acc: 13.19  |  Val Loss: 2.471 | Val Acc: 15.38  |  Test Loss: 2.606 | Tes Acc: 16.67

INFO >> Epoch: 2  |  Layer:  1  |  Train Loss: 1.815 | Train Acc: 29.12  |  Val Loss: 1.793 | Val Acc: 19.23  |  Test Loss: 1.821 | Tes Acc: 21.37
INFO >> Epoch: 2  |  Layer:  2  |  Train Loss: 1.792 | Train Acc: 31.50  |  Val Loss: 1.719 | Val Acc: 30.13  |  Test Loss: 1.785 | Tes Acc: 25.21
INFO >> Epoch: 2  |  Layer:  3  |  Train Loss: 1.789 | Train Acc: 30.04  |  Val Loss: 1.750 | Val Acc: 23.08  |  Test Loss: 1.809 | Tes Acc: 18.80
INFO >> Epoch: 2  |  Layer:  4  |  Train Loss: 1.778 | Train Acc: 29.12  |  Val Loss: 1.724 | Val Acc: 29.49  |  Test Loss: 1.814 | Tes Acc: 23.50
INFO >> Epoch: 2  |  Layer:  5  |  Train Loss: 1.773 | Train Acc: 29.49  |  Val Loss: 1.751 | Val Acc: 23.08  |  Test Loss: 1.801 | Tes Acc: 23.08
INFO >> Epoch: 2  |  Layer:  6  |  Train Loss: 1.769 | Train Acc: 30.04  |  Val Loss: 1.761 | Val Acc: 21.79  |  Test Loss: 1.764 | Tes Acc: 21.79
INFO >> Epoch: 2  |  Layer:  7  |  Train Loss: 1.756 | Train Acc: 30.22  |  Val Loss: 1.766 | Val Acc: 23.08  |  Test Loss: 1.831 | Tes Acc: 22.22
INFO >> Epoch: 2  |  Layer:  8  |  Train Loss: 1.827 | Train Acc: 29.12  |  Val Loss: 1.736 | Val Acc: 26.28  |  Test Loss: 1.817 | Tes Acc: 20.09
INFO >> Epoch: 2  |  Layer:  9  |  Train Loss: 1.731 | Train Acc: 32.42  |  Val Loss: 1.661 | Val Acc: 30.77  |  Test Loss: 1.692 | Tes Acc: 30.34
INFO >> Epoch: 2  |  Layer: 10  |  Train Loss: 1.780 | Train Acc: 32.05  |  Val Loss: 1.724 | Val Acc: 31.41  |  Test Loss: 1.772 | Tes Acc: 26.92
INFO >> Epoch: 2  |  Layer: 11  |  Train Loss: 1.818 | Train Acc: 28.02  |  Val Loss: 1.738 | Val Acc: 25.00  |  Test Loss: 1.766 | Tes Acc: 23.08
INFO >> Epoch: 2  |  Layer: 12  |  Train Loss: 1.805 | Train Acc: 29.85  |  Val Loss: 1.722 | Val Acc: 26.28  |  Test Loss: 1.747 | Tes Acc: 28.21
INFO >> Epoch: 2  |  Layer: 13  |  Train Loss: 1.841 | Train Acc: 26.74  |  Val Loss: 1.729 | Val Acc: 24.36  |  Test Loss: 1.755 | Tes Acc: 28.21
INFO >> Epoch: 2  |  Layer: 14  |  Train Loss: 1.802 | Train Acc: 26.92  |  Val Loss: 1.730 | Val Acc: 26.92  |  Test Loss: 1.737 | Tes Acc: 27.78
INFO >> Epoch: 2  |  Layer: 15  |  Train Loss: 1.822 | Train Acc: 30.59  |  Val Loss: 1.729 | Val Acc: 28.21  |  Test Loss: 1.733 | Tes Acc: 34.62
INFO >> Epoch: 2  |  Layer: 16  |  Train Loss: 1.756 | Train Acc: 30.04  |  Val Loss: 1.632 | Val Acc: 35.90  |  Test Loss: 1.624 | Tes Acc: 37.18
INFO >> Epoch: 2  |  Layer: 17  |  Train Loss: 1.705 | Train Acc: 31.14  |  Val Loss: 1.602 | Val Acc: 34.62  |  Test Loss: 1.611 | Tes Acc: 33.76
INFO >> Epoch: 2  |  Layer: 18  |  Train Loss: 1.594 | Train Acc: 39.01  |  Val Loss: 1.461 | Val Acc: 42.31  |  Test Loss: 1.441 | Tes Acc: 39.74
INFO >> Epoch: 2  |  Layer: 19  |  Train Loss: 1.768 | Train Acc: 33.33  |  Val Loss: 1.678 | Val Acc: 28.21  |  Test Loss: 1.673 | Tes Acc: 33.76
INFO >> Epoch: 2  |  Layer: 20  |  Train Loss: 1.903 | Train Acc: 21.98  |  Val Loss: 1.874 | Val Acc: 17.31  |  Test Loss: 1.874 | Tes Acc: 15.38
INFO >> Epoch: 2  |  Layer: 21  |  Train Loss: 1.933 | Train Acc: 30.95  |  Val Loss: 1.961 | Val Acc: 20.51  |  Test Loss: 1.816 | Tes Acc: 26.50
INFO >> Epoch: 2  |  Layer: 22  |  Train Loss: 2.528 | Train Acc: 15.93  |  Val Loss: 1.999 | Val Acc: 20.51  |  Test Loss: 2.052 | Tes Acc: 16.24
INFO >> Epoch: 2  |  Layer: 23  |  Train Loss: 2.102 | Train Acc: 17.40  |  Val Loss: 1.983 | Val Acc: 23.08  |  Test Loss: 1.989 | Tes Acc: 17.09
INFO >> Epoch: 2  |  Layer: 24  |  Train Loss: 2.399 | Train Acc: 18.50  |  Val Loss: 1.969 | Val Acc: 16.03  |  Test Loss: 1.987 | Tes Acc: 16.24

INFO >> Epoch: 3  |  Layer:  1  |  Train Loss: 1.681 | Train Acc: 33.52  |  Val Loss: 1.701 | Val Acc: 31.41  |  Test Loss: 1.658 | Tes Acc: 30.77
INFO >> Epoch: 3  |  Layer:  2  |  Train Loss: 1.664 | Train Acc: 37.18  |  Val Loss: 1.625 | Val Acc: 35.90  |  Test Loss: 1.653 | Tes Acc: 36.32
INFO >> Epoch: 3  |  Layer:  3  |  Train Loss: 1.677 | Train Acc: 33.52  |  Val Loss: 1.636 | Val Acc: 35.90  |  Test Loss: 1.646 | Tes Acc: 35.47
INFO >> Epoch: 3  |  Layer:  4  |  Train Loss: 1.643 | Train Acc: 34.62  |  Val Loss: 1.602 | Val Acc: 37.18  |  Test Loss: 1.632 | Tes Acc: 41.88
INFO >> Epoch: 3  |  Layer:  5  |  Train Loss: 1.626 | Train Acc: 37.73  |  Val Loss: 1.648 | Val Acc: 44.87  |  Test Loss: 1.665 | Tes Acc: 38.46
INFO >> Epoch: 3  |  Layer:  6  |  Train Loss: 1.622 | Train Acc: 38.83  |  Val Loss: 1.606 | Val Acc: 38.46  |  Test Loss: 1.588 | Tes Acc: 41.03
INFO >> Epoch: 3  |  Layer:  7  |  Train Loss: 1.659 | Train Acc: 35.71  |  Val Loss: 1.614 | Val Acc: 37.18  |  Test Loss: 1.643 | Tes Acc: 38.03
INFO >> Epoch: 3  |  Layer:  8  |  Train Loss: 1.653 | Train Acc: 35.16  |  Val Loss: 1.639 | Val Acc: 39.74  |  Test Loss: 1.684 | Tes Acc: 32.91
INFO >> Epoch: 3  |  Layer:  9  |  Train Loss: 1.575 | Train Acc: 43.59  |  Val Loss: 1.557 | Val Acc: 39.74  |  Test Loss: 1.491 | Tes Acc: 41.45
INFO >> Epoch: 3  |  Layer: 10  |  Train Loss: 1.642 | Train Acc: 38.83  |  Val Loss: 1.594 | Val Acc: 42.31  |  Test Loss: 1.560 | Tes Acc: 38.46
INFO >> Epoch: 3  |  Layer: 11  |  Train Loss: 1.685 | Train Acc: 36.45  |  Val Loss: 1.645 | Val Acc: 42.31  |  Test Loss: 1.642 | Tes Acc: 38.89
INFO >> Epoch: 3  |  Layer: 12  |  Train Loss: 1.646 | Train Acc: 41.21  |  Val Loss: 1.603 | Val Acc: 36.54  |  Test Loss: 1.574 | Tes Acc: 47.01
INFO >> Epoch: 3  |  Layer: 13  |  Train Loss: 1.656 | Train Acc: 39.19  |  Val Loss: 1.644 | Val Acc: 37.82  |  Test Loss: 1.631 | Tes Acc: 35.90
INFO >> Epoch: 3  |  Layer: 14  |  Train Loss: 1.647 | Train Acc: 37.91  |  Val Loss: 1.620 | Val Acc: 32.69  |  Test Loss: 1.572 | Tes Acc: 40.60
INFO >> Epoch: 3  |  Layer: 15  |  Train Loss: 1.624 | Train Acc: 39.56  |  Val Loss: 1.603 | Val Acc: 38.46  |  Test Loss: 1.530 | Tes Acc: 46.58
INFO >> Epoch: 3  |  Layer: 16  |  Train Loss: 1.535 | Train Acc: 46.89  |  Val Loss: 1.502 | Val Acc: 41.67  |  Test Loss: 1.452 | Tes Acc: 47.01
INFO >> Epoch: 3  |  Layer: 17  |  Train Loss: 1.505 | Train Acc: 46.34  |  Val Loss: 1.469 | Val Acc: 37.82  |  Test Loss: 1.380 | Tes Acc: 53.85
INFO >> Epoch: 3  |  Layer: 18  |  Train Loss: 1.342 | Train Acc: 51.83  |  Val Loss: 1.366 | Val Acc: 41.67  |  Test Loss: 1.204 | Tes Acc: 56.41
INFO >> Epoch: 3  |  Layer: 19  |  Train Loss: 1.569 | Train Acc: 44.14  |  Val Loss: 1.522 | Val Acc: 39.10  |  Test Loss: 1.467 | Tes Acc: 45.30
INFO >> Epoch: 3  |  Layer: 20  |  Train Loss: 1.829 | Train Acc: 24.73  |  Val Loss: 1.794 | Val Acc: 23.72  |  Test Loss: 1.786 | Tes Acc: 21.79
INFO >> Epoch: 3  |  Layer: 21  |  Train Loss: 1.819 | Train Acc: 31.50  |  Val Loss: 1.695 | Val Acc: 33.97  |  Test Loss: 1.601 | Tes Acc: 33.33
INFO >> Epoch: 3  |  Layer: 22  |  Train Loss: 2.080 | Train Acc: 16.30  |  Val Loss: 1.939 | Val Acc: 21.15  |  Test Loss: 2.031 | Tes Acc: 19.66
INFO >> Epoch: 3  |  Layer: 23  |  Train Loss: 1.972 | Train Acc: 17.95  |  Val Loss: 1.927 | Val Acc: 13.46  |  Test Loss: 1.925 | Tes Acc: 16.24
INFO >> Epoch: 3  |  Layer: 24  |  Train Loss: 2.131 | Train Acc: 15.93  |  Val Loss: 2.007 | Val Acc: 17.31  |  Test Loss: 2.041 | Tes Acc: 18.38

INFO >> Epoch: 4  |  Layer:  1  |  Train Loss: 1.504 | Train Acc: 44.32  |  Val Loss: 1.684 | Val Acc: 30.13  |  Test Loss: 1.621 | Tes Acc: 35.47
INFO >> Epoch: 4  |  Layer:  2  |  Train Loss: 1.476 | Train Acc: 41.21  |  Val Loss: 1.610 | Val Acc: 36.54  |  Test Loss: 1.590 | Tes Acc: 35.90
INFO >> Epoch: 4  |  Layer:  3  |  Train Loss: 1.476 | Train Acc: 44.69  |  Val Loss: 1.583 | Val Acc: 37.82  |  Test Loss: 1.574 | Tes Acc: 39.74
INFO >> Epoch: 4  |  Layer:  4  |  Train Loss: 1.403 | Train Acc: 53.48  |  Val Loss: 1.584 | Val Acc: 35.90  |  Test Loss: 1.569 | Tes Acc: 42.31
INFO >> Epoch: 4  |  Layer:  5  |  Train Loss: 1.385 | Train Acc: 52.56  |  Val Loss: 1.556 | Val Acc: 46.79  |  Test Loss: 1.505 | Tes Acc: 47.86
INFO >> Epoch: 4  |  Layer:  6  |  Train Loss: 1.372 | Train Acc: 53.85  |  Val Loss: 1.567 | Val Acc: 38.46  |  Test Loss: 1.498 | Tes Acc: 41.03
INFO >> Epoch: 4  |  Layer:  7  |  Train Loss: 1.422 | Train Acc: 53.30  |  Val Loss: 1.541 | Val Acc: 40.38  |  Test Loss: 1.559 | Tes Acc: 38.46
INFO >> Epoch: 4  |  Layer:  8  |  Train Loss: 1.474 | Train Acc: 48.53  |  Val Loss: 1.561 | Val Acc: 39.10  |  Test Loss: 1.584 | Tes Acc: 37.18
INFO >> Epoch: 4  |  Layer:  9  |  Train Loss: 1.329 | Train Acc: 58.24  |  Val Loss: 1.447 | Val Acc: 44.87  |  Test Loss: 1.437 | Tes Acc: 46.58
INFO >> Epoch: 4  |  Layer: 10  |  Train Loss: 1.390 | Train Acc: 53.48  |  Val Loss: 1.482 | Val Acc: 44.23  |  Test Loss: 1.478 | Tes Acc: 41.88
INFO >> Epoch: 4  |  Layer: 11  |  Train Loss: 1.475 | Train Acc: 49.08  |  Val Loss: 1.558 | Val Acc: 37.82  |  Test Loss: 1.547 | Tes Acc: 35.47
INFO >> Epoch: 4  |  Layer: 12  |  Train Loss: 1.440 | Train Acc: 52.75  |  Val Loss: 1.555 | Val Acc: 37.82  |  Test Loss: 1.511 | Tes Acc: 42.31
INFO >> Epoch: 4  |  Layer: 13  |  Train Loss: 1.472 | Train Acc: 48.72  |  Val Loss: 1.609 | Val Acc: 28.85  |  Test Loss: 1.551 | Tes Acc: 40.60
INFO >> Epoch: 4  |  Layer: 14  |  Train Loss: 1.457 | Train Acc: 45.97  |  Val Loss: 1.574 | Val Acc: 35.26  |  Test Loss: 1.518 | Tes Acc: 39.74
INFO >> Epoch: 4  |  Layer: 15  |  Train Loss: 1.405 | Train Acc: 54.95  |  Val Loss: 1.589 | Val Acc: 38.46  |  Test Loss: 1.471 | Tes Acc: 46.58
INFO >> Epoch: 4  |  Layer: 16  |  Train Loss: 1.316 | Train Acc: 60.07  |  Val Loss: 1.485 | Val Acc: 46.15  |  Test Loss: 1.357 | Tes Acc: 51.71
INFO >> Epoch: 4  |  Layer: 17  |  Train Loss: 1.261 | Train Acc: 60.81  |  Val Loss: 1.437 | Val Acc: 43.59  |  Test Loss: 1.284 | Tes Acc: 52.56
INFO >> Epoch: 4  |  Layer: 18  |  Train Loss: 1.045 | Train Acc: 65.93  |  Val Loss: 1.264 | Val Acc: 49.36  |  Test Loss: 1.127 | Tes Acc: 56.84
INFO >> Epoch: 4  |  Layer: 19  |  Train Loss: 1.312 | Train Acc: 54.40  |  Val Loss: 1.447 | Val Acc: 43.59  |  Test Loss: 1.345 | Tes Acc: 49.15
INFO >> Epoch: 4  |  Layer: 20  |  Train Loss: 1.699 | Train Acc: 34.25  |  Val Loss: 1.748 | Val Acc: 27.56  |  Test Loss: 1.742 | Tes Acc: 29.91
INFO >> Epoch: 4  |  Layer: 21  |  Train Loss: 1.507 | Train Acc: 37.36  |  Val Loss: 1.683 | Val Acc: 35.26  |  Test Loss: 1.613 | Tes Acc: 34.62
INFO >> Epoch: 4  |  Layer: 22  |  Train Loss: 1.880 | Train Acc: 21.25  |  Val Loss: 1.877 | Val Acc: 21.79  |  Test Loss: 1.870 | Tes Acc: 19.23
INFO >> Epoch: 4  |  Layer: 23  |  Train Loss: 1.928 | Train Acc: 19.05  |  Val Loss: 1.921 | Val Acc: 19.87  |  Test Loss: 1.924 | Tes Acc: 15.81
INFO >> Epoch: 4  |  Layer: 24  |  Train Loss: 1.939 | Train Acc: 21.43  |  Val Loss: 1.970 | Val Acc: 18.59  |  Test Loss: 1.952 | Tes Acc: 17.95

INFO >> Epoch: 5  |  Layer:  1  |  Train Loss: 1.516 | Train Acc: 43.77  |  Val Loss: 1.665 | Val Acc: 30.13  |  Test Loss: 1.562 | Tes Acc: 36.75
INFO >> Epoch: 5  |  Layer:  2  |  Train Loss: 1.448 | Train Acc: 48.90  |  Val Loss: 1.571 | Val Acc: 34.62  |  Test Loss: 1.495 | Tes Acc: 44.44
INFO >> Epoch: 5  |  Layer:  3  |  Train Loss: 1.465 | Train Acc: 45.97  |  Val Loss: 1.566 | Val Acc: 36.54  |  Test Loss: 1.513 | Tes Acc: 40.17
INFO >> Epoch: 5  |  Layer:  4  |  Train Loss: 1.373 | Train Acc: 51.28  |  Val Loss: 1.546 | Val Acc: 36.54  |  Test Loss: 1.434 | Tes Acc: 50.43
INFO >> Epoch: 5  |  Layer:  5  |  Train Loss: 1.338 | Train Acc: 55.31  |  Val Loss: 1.489 | Val Acc: 43.59  |  Test Loss: 1.382 | Tes Acc: 52.56
INFO >> Epoch: 5  |  Layer:  6  |  Train Loss: 1.320 | Train Acc: 57.51  |  Val Loss: 1.498 | Val Acc: 44.23  |  Test Loss: 1.340 | Tes Acc: 53.85
INFO >> Epoch: 5  |  Layer:  7  |  Train Loss: 1.377 | Train Acc: 52.93  |  Val Loss: 1.465 | Val Acc: 45.51  |  Test Loss: 1.417 | Tes Acc: 49.15
INFO >> Epoch: 5  |  Layer:  8  |  Train Loss: 1.422 | Train Acc: 49.27  |  Val Loss: 1.480 | Val Acc: 45.51  |  Test Loss: 1.463 | Tes Acc: 45.30
INFO >> Epoch: 5  |  Layer:  9  |  Train Loss: 1.232 | Train Acc: 58.06  |  Val Loss: 1.353 | Val Acc: 49.36  |  Test Loss: 1.248 | Tes Acc: 55.13
INFO >> Epoch: 5  |  Layer: 10  |  Train Loss: 1.312 | Train Acc: 55.13  |  Val Loss: 1.375 | Val Acc: 47.44  |  Test Loss: 1.307 | Tes Acc: 55.98
INFO >> Epoch: 5  |  Layer: 11  |  Train Loss: 1.403 | Train Acc: 52.56  |  Val Loss: 1.432 | Val Acc: 47.44  |  Test Loss: 1.390 | Tes Acc: 48.29
INFO >> Epoch: 5  |  Layer: 12  |  Train Loss: 1.380 | Train Acc: 53.66  |  Val Loss: 1.455 | Val Acc: 44.87  |  Test Loss: 1.363 | Tes Acc: 49.15
INFO >> Epoch: 5  |  Layer: 13  |  Train Loss: 1.397 | Train Acc: 51.28  |  Val Loss: 1.483 | Val Acc: 42.31  |  Test Loss: 1.358 | Tes Acc: 55.13
INFO >> Epoch: 5  |  Layer: 14  |  Train Loss: 1.380 | Train Acc: 52.75  |  Val Loss: 1.471 | Val Acc: 45.51  |  Test Loss: 1.355 | Tes Acc: 53.42
INFO >> Epoch: 5  |  Layer: 15  |  Train Loss: 1.338 | Train Acc: 56.96  |  Val Loss: 1.493 | Val Acc: 48.08  |  Test Loss: 1.326 | Tes Acc: 56.41
INFO >> Epoch: 5  |  Layer: 16  |  Train Loss: 1.236 | Train Acc: 59.89  |  Val Loss: 1.342 | Val Acc: 52.56  |  Test Loss: 1.187 | Tes Acc: 59.83
INFO >> Epoch: 5  |  Layer: 17  |  Train Loss: 1.164 | Train Acc: 65.02  |  Val Loss: 1.333 | Val Acc: 50.64  |  Test Loss: 1.153 | Tes Acc: 61.11
INFO >> Epoch: 5  |  Layer: 18  |  Train Loss: 0.934 | Train Acc: 71.43  |  Val Loss: 1.166 | Val Acc: 54.49  |  Test Loss: 0.941 | Tes Acc: 70.94
INFO >> Epoch: 5  |  Layer: 19  |  Train Loss: 1.227 | Train Acc: 61.17  |  Val Loss: 1.380 | Val Acc: 50.00  |  Test Loss: 1.271 | Tes Acc: 53.85
INFO >> Epoch: 5  |  Layer: 20  |  Train Loss: 1.693 | Train Acc: 35.71  |  Val Loss: 1.716 | Val Acc: 33.33  |  Test Loss: 1.690 | Tes Acc: 29.91
INFO >> Epoch: 5  |  Layer: 21  |  Train Loss: 1.407 | Train Acc: 50.37  |  Val Loss: 1.570 | Val Acc: 39.74  |  Test Loss: 1.389 | Tes Acc: 54.27
INFO >> Epoch: 5  |  Layer: 22  |  Train Loss: 1.897 | Train Acc: 21.79  |  Val Loss: 1.820 | Val Acc: 25.00  |  Test Loss: 1.821 | Tes Acc: 23.93
INFO >> Epoch: 5  |  Layer: 23  |  Train Loss: 1.933 | Train Acc: 17.95  |  Val Loss: 1.898 | Val Acc: 19.23  |  Test Loss: 1.895 | Tes Acc: 19.23
INFO >> Epoch: 5  |  Layer: 24  |  Train Loss: 2.073 | Train Acc: 19.60  |  Val Loss: 1.932 | Val Acc: 21.15  |  Test Loss: 1.919 | Tes Acc: 25.21

INFO >> Epoch: 6  |  Layer:  1  |  Train Loss: 1.510 | Train Acc: 46.34  |  Val Loss: 1.658 | Val Acc: 28.21  |  Test Loss: 1.643 | Tes Acc: 33.33
INFO >> Epoch: 6  |  Layer:  2  |  Train Loss: 1.443 | Train Acc: 49.27  |  Val Loss: 1.690 | Val Acc: 25.00  |  Test Loss: 1.716 | Tes Acc: 35.04
INFO >> Epoch: 6  |  Layer:  3  |  Train Loss: 1.456 | Train Acc: 48.90  |  Val Loss: 1.658 | Val Acc: 31.41  |  Test Loss: 1.722 | Tes Acc: 35.04
INFO >> Epoch: 6  |  Layer:  4  |  Train Loss: 1.356 | Train Acc: 54.40  |  Val Loss: 1.654 | Val Acc: 30.77  |  Test Loss: 1.629 | Tes Acc: 37.18
INFO >> Epoch: 6  |  Layer:  5  |  Train Loss: 1.299 | Train Acc: 57.14  |  Val Loss: 1.554 | Val Acc: 32.05  |  Test Loss: 1.535 | Tes Acc: 38.46
INFO >> Epoch: 6  |  Layer:  6  |  Train Loss: 1.278 | Train Acc: 57.88  |  Val Loss: 1.592 | Val Acc: 28.21  |  Test Loss: 1.573 | Tes Acc: 34.62
INFO >> Epoch: 6  |  Layer:  7  |  Train Loss: 1.320 | Train Acc: 55.49  |  Val Loss: 1.589 | Val Acc: 32.05  |  Test Loss: 1.641 | Tes Acc: 32.48
INFO >> Epoch: 6  |  Layer:  8  |  Train Loss: 1.359 | Train Acc: 56.04  |  Val Loss: 1.495 | Val Acc: 48.08  |  Test Loss: 1.497 | Tes Acc: 45.73
INFO >> Epoch: 6  |  Layer:  9  |  Train Loss: 1.199 | Train Acc: 61.90  |  Val Loss: 1.439 | Val Acc: 37.18  |  Test Loss: 1.551 | Tes Acc: 33.33
INFO >> Epoch: 6  |  Layer: 10  |  Train Loss: 1.269 | Train Acc: 61.17  |  Val Loss: 1.485 | Val Acc: 33.33  |  Test Loss: 1.532 | Tes Acc: 32.05
INFO >> Epoch: 6  |  Layer: 11  |  Train Loss: 1.360 | Train Acc: 55.31  |  Val Loss: 1.501 | Val Acc: 31.41  |  Test Loss: 1.532 | Tes Acc: 31.62
INFO >> Epoch: 6  |  Layer: 12  |  Train Loss: 1.348 | Train Acc: 58.97  |  Val Loss: 1.534 | Val Acc: 30.13  |  Test Loss: 1.564 | Tes Acc: 35.90
INFO >> Epoch: 6  |  Layer: 13  |  Train Loss: 1.376 | Train Acc: 53.48  |  Val Loss: 1.631 | Val Acc: 26.28  |  Test Loss: 1.647 | Tes Acc: 30.34
INFO >> Epoch: 6  |  Layer: 14  |  Train Loss: 1.359 | Train Acc: 55.68  |  Val Loss: 1.592 | Val Acc: 26.28  |  Test Loss: 1.601 | Tes Acc: 29.06
INFO >> Epoch: 6  |  Layer: 15  |  Train Loss: 1.337 | Train Acc: 58.61  |  Val Loss: 1.554 | Val Acc: 30.77  |  Test Loss: 1.551 | Tes Acc: 35.04
INFO >> Epoch: 6  |  Layer: 16  |  Train Loss: 1.189 | Train Acc: 64.10  |  Val Loss: 1.370 | Val Acc: 39.74  |  Test Loss: 1.281 | Tes Acc: 44.02
INFO >> Epoch: 6  |  Layer: 17  |  Train Loss: 1.134 | Train Acc: 68.50  |  Val Loss: 1.366 | Val Acc: 43.59  |  Test Loss: 1.287 | Tes Acc: 43.59
INFO >> Epoch: 6  |  Layer: 18  |  Train Loss: 0.902 | Train Acc: 75.64  |  Val Loss: 1.371 | Val Acc: 41.67  |  Test Loss: 1.302 | Tes Acc: 47.44
INFO >> Epoch: 6  |  Layer: 19  |  Train Loss: 1.206 | Train Acc: 58.97  |  Val Loss: 1.411 | Val Acc: 33.97  |  Test Loss: 1.519 | Tes Acc: 38.03
INFO >> Epoch: 6  |  Layer: 20  |  Train Loss: 1.637 | Train Acc: 40.29  |  Val Loss: 1.777 | Val Acc: 26.92  |  Test Loss: 1.808 | Tes Acc: 26.07
INFO >> Epoch: 6  |  Layer: 21  |  Train Loss: 1.374 | Train Acc: 50.92  |  Val Loss: 1.923 | Val Acc: 19.23  |  Test Loss: 1.951 | Tes Acc: 20.51
INFO >> Epoch: 6  |  Layer: 22  |  Train Loss: 1.841 | Train Acc: 23.08  |  Val Loss: 2.024 | Val Acc: 12.82  |  Test Loss: 2.135 | Tes Acc: 16.67
INFO >> Epoch: 6  |  Layer: 23  |  Train Loss: 1.968 | Train Acc: 16.30  |  Val Loss: 1.941 | Val Acc: 15.38  |  Test Loss: 1.944 | Tes Acc: 15.38
INFO >> Epoch: 6  |  Layer: 24  |  Train Loss: 1.947 | Train Acc: 20.88  |  Val Loss: 1.927 | Val Acc: 15.38  |  Test Loss: 1.979 | Tes Acc: 18.80

INFO >> Epoch: 7  |  Layer:  1  |  Train Loss: 1.517 | Train Acc: 45.60  |  Val Loss: 1.679 | Val Acc: 35.26  |  Test Loss: 1.623 | Tes Acc: 35.47
INFO >> Epoch: 7  |  Layer:  2  |  Train Loss: 1.472 | Train Acc: 45.05  |  Val Loss: 1.599 | Val Acc: 37.18  |  Test Loss: 1.629 | Tes Acc: 37.61
INFO >> Epoch: 7  |  Layer:  3  |  Train Loss: 1.480 | Train Acc: 44.32  |  Val Loss: 1.635 | Val Acc: 39.74  |  Test Loss: 1.624 | Tes Acc: 38.46
INFO >> Epoch: 7  |  Layer:  4  |  Train Loss: 1.336 | Train Acc: 48.90  |  Val Loss: 1.648 | Val Acc: 37.82  |  Test Loss: 1.493 | Tes Acc: 48.29
INFO >> Epoch: 7  |  Layer:  5  |  Train Loss: 1.268 | Train Acc: 51.83  |  Val Loss: 1.610 | Val Acc: 41.03  |  Test Loss: 1.421 | Tes Acc: 47.01
INFO >> Epoch: 7  |  Layer:  6  |  Train Loss: 1.275 | Train Acc: 51.65  |  Val Loss: 1.569 | Val Acc: 37.82  |  Test Loss: 1.333 | Tes Acc: 54.70
INFO >> Epoch: 7  |  Layer:  7  |  Train Loss: 1.313 | Train Acc: 51.10  |  Val Loss: 1.520 | Val Acc: 38.46  |  Test Loss: 1.446 | Tes Acc: 48.72
INFO >> Epoch: 7  |  Layer:  8  |  Train Loss: 1.314 | Train Acc: 51.10  |  Val Loss: 1.515 | Val Acc: 39.74  |  Test Loss: 1.427 | Tes Acc: 47.86
INFO >> Epoch: 7  |  Layer:  9  |  Train Loss: 1.170 | Train Acc: 59.16  |  Val Loss: 1.419 | Val Acc: 44.23  |  Test Loss: 1.313 | Tes Acc: 49.15
INFO >> Epoch: 7  |  Layer: 10  |  Train Loss: 1.232 | Train Acc: 58.24  |  Val Loss: 1.446 | Val Acc: 43.59  |  Test Loss: 1.319 | Tes Acc: 47.01
INFO >> Epoch: 7  |  Layer: 11  |  Train Loss: 1.330 | Train Acc: 50.92  |  Val Loss: 1.465 | Val Acc: 46.15  |  Test Loss: 1.397 | Tes Acc: 50.85
INFO >> Epoch: 7  |  Layer: 12  |  Train Loss: 1.333 | Train Acc: 52.38  |  Val Loss: 1.455 | Val Acc: 40.38  |  Test Loss: 1.315 | Tes Acc: 54.70
INFO >> Epoch: 7  |  Layer: 13  |  Train Loss: 1.400 | Train Acc: 47.62  |  Val Loss: 1.473 | Val Acc: 42.95  |  Test Loss: 1.363 | Tes Acc: 51.28
INFO >> Epoch: 7  |  Layer: 14  |  Train Loss: 1.371 | Train Acc: 49.63  |  Val Loss: 1.531 | Val Acc: 42.31  |  Test Loss: 1.402 | Tes Acc: 52.99
INFO >> Epoch: 7  |  Layer: 15  |  Train Loss: 1.335 | Train Acc: 50.92  |  Val Loss: 1.477 | Val Acc: 42.95  |  Test Loss: 1.247 | Tes Acc: 54.27
INFO >> Epoch: 7  |  Layer: 16  |  Train Loss: 1.137 | Train Acc: 62.64  |  Val Loss: 1.416 | Val Acc: 44.87  |  Test Loss: 1.152 | Tes Acc: 55.56
INFO >> Epoch: 7  |  Layer: 17  |  Train Loss: 1.090 | Train Acc: 62.45  |  Val Loss: 1.423 | Val Acc: 42.95  |  Test Loss: 1.138 | Tes Acc: 59.83
INFO >> Epoch: 7  |  Layer: 18  |  Train Loss: 0.899 | Train Acc: 68.32  |  Val Loss: 1.305 | Val Acc: 46.15  |  Test Loss: 0.971 | Tes Acc: 64.96
INFO >> Epoch: 7  |  Layer: 19  |  Train Loss: 1.207 | Train Acc: 56.23  |  Val Loss: 1.309 | Val Acc: 48.72  |  Test Loss: 1.195 | Tes Acc: 56.41
INFO >> Epoch: 7  |  Layer: 20  |  Train Loss: 1.669 | Train Acc: 39.74  |  Val Loss: 1.716 | Val Acc: 26.28  |  Test Loss: 1.742 | Tes Acc: 26.92
INFO >> Epoch: 7  |  Layer: 21  |  Train Loss: 1.446 | Train Acc: 45.42  |  Val Loss: 1.546 | Val Acc: 35.26  |  Test Loss: 1.387 | Tes Acc: 51.71
INFO >> Epoch: 7  |  Layer: 22  |  Train Loss: 1.924 | Train Acc: 20.70  |  Val Loss: 1.801 | Val Acc: 23.08  |  Test Loss: 1.817 | Tes Acc: 23.50
INFO >> Epoch: 7  |  Layer: 23  |  Train Loss: 1.940 | Train Acc: 15.38  |  Val Loss: 1.940 | Val Acc: 15.38  |  Test Loss: 1.943 | Tes Acc: 15.38
INFO >> Epoch: 7  |  Layer: 24  |  Train Loss: 1.927 | Train Acc: 23.81  |  Val Loss: 1.863 | Val Acc: 21.79  |  Test Loss: 1.880 | Tes Acc: 22.22

INFO >> Epoch: 8  |  Layer:  1  |  Train Loss: 1.404 | Train Acc: 47.44  |  Val Loss: 1.598 | Val Acc: 41.03  |  Test Loss: 1.452 | Tes Acc: 45.73
INFO >> Epoch: 8  |  Layer:  2  |  Train Loss: 1.320 | Train Acc: 50.92  |  Val Loss: 1.542 | Val Acc: 40.38  |  Test Loss: 1.409 | Tes Acc: 45.73
INFO >> Epoch: 8  |  Layer:  3  |  Train Loss: 1.301 | Train Acc: 54.21  |  Val Loss: 1.515 | Val Acc: 46.79  |  Test Loss: 1.417 | Tes Acc: 46.15
INFO >> Epoch: 8  |  Layer:  4  |  Train Loss: 1.178 | Train Acc: 61.17  |  Val Loss: 1.669 | Val Acc: 29.49  |  Test Loss: 1.397 | Tes Acc: 46.15
INFO >> Epoch: 8  |  Layer:  5  |  Train Loss: 1.092 | Train Acc: 62.09  |  Val Loss: 1.657 | Val Acc: 32.69  |  Test Loss: 1.361 | Tes Acc: 46.15
INFO >> Epoch: 8  |  Layer:  6  |  Train Loss: 1.082 | Train Acc: 62.09  |  Val Loss: 1.482 | Val Acc: 41.67  |  Test Loss: 1.308 | Tes Acc: 54.27
INFO >> Epoch: 8  |  Layer:  7  |  Train Loss: 1.156 | Train Acc: 59.89  |  Val Loss: 1.531 | Val Acc: 34.62  |  Test Loss: 1.428 | Tes Acc: 39.74
INFO >> Epoch: 8  |  Layer:  8  |  Train Loss: 1.164 | Train Acc: 62.45  |  Val Loss: 1.510 | Val Acc: 36.54  |  Test Loss: 1.382 | Tes Acc: 42.31
INFO >> Epoch: 8  |  Layer:  9  |  Train Loss: 1.002 | Train Acc: 64.84  |  Val Loss: 1.459 | Val Acc: 45.51  |  Test Loss: 1.313 | Tes Acc: 49.57
INFO >> Epoch: 8  |  Layer: 10  |  Train Loss: 1.086 | Train Acc: 62.82  |  Val Loss: 1.458 | Val Acc: 44.87  |  Test Loss: 1.331 | Tes Acc: 46.58
INFO >> Epoch: 8  |  Layer: 11  |  Train Loss: 1.172 | Train Acc: 59.52  |  Val Loss: 1.512 | Val Acc: 45.51  |  Test Loss: 1.414 | Tes Acc: 42.74
INFO >> Epoch: 8  |  Layer: 12  |  Train Loss: 1.169 | Train Acc: 58.97  |  Val Loss: 1.535 | Val Acc: 41.67  |  Test Loss: 1.363 | Tes Acc: 47.01
INFO >> Epoch: 8  |  Layer: 13  |  Train Loss: 1.210 | Train Acc: 55.68  |  Val Loss: 1.593 | Val Acc: 42.31  |  Test Loss: 1.355 | Tes Acc: 49.15
INFO >> Epoch: 8  |  Layer: 14  |  Train Loss: 1.177 | Train Acc: 58.79  |  Val Loss: 1.611 | Val Acc: 43.59  |  Test Loss: 1.382 | Tes Acc: 47.44
INFO >> Epoch: 8  |  Layer: 15  |  Train Loss: 1.161 | Train Acc: 55.13  |  Val Loss: 1.632 | Val Acc: 43.59  |  Test Loss: 1.307 | Tes Acc: 53.85
INFO >> Epoch: 8  |  Layer: 16  |  Train Loss: 0.977 | Train Acc: 67.95  |  Val Loss: 1.497 | Val Acc: 50.00  |  Test Loss: 1.168 | Tes Acc: 55.98
INFO >> Epoch: 8  |  Layer: 17  |  Train Loss: 0.904 | Train Acc: 71.61  |  Val Loss: 1.467 | Val Acc: 46.79  |  Test Loss: 1.120 | Tes Acc: 55.56
INFO >> Epoch: 8  |  Layer: 18  |  Train Loss: 0.679 | Train Acc: 79.67  |  Val Loss: 1.278 | Val Acc: 50.00  |  Test Loss: 0.904 | Tes Acc: 64.10
INFO >> Epoch: 8  |  Layer: 19  |  Train Loss: 0.991 | Train Acc: 65.02  |  Val Loss: 1.459 | Val Acc: 48.72  |  Test Loss: 1.234 | Tes Acc: 50.85
INFO >> Epoch: 8  |  Layer: 20  |  Train Loss: 1.592 | Train Acc: 37.91  |  Val Loss: 1.659 | Val Acc: 37.82  |  Test Loss: 1.658 | Tes Acc: 34.19
INFO >> Epoch: 8  |  Layer: 21  |  Train Loss: 1.186 | Train Acc: 57.88  |  Val Loss: 1.738 | Val Acc: 37.82  |  Test Loss: 1.442 | Tes Acc: 45.30
INFO >> Epoch: 8  |  Layer: 22  |  Train Loss: 1.895 | Train Acc: 22.34  |  Val Loss: 1.855 | Val Acc: 22.44  |  Test Loss: 1.912 | Tes Acc: 22.65
INFO >> Epoch: 8  |  Layer: 23  |  Train Loss: 1.939 | Train Acc: 15.38  |  Val Loss: 1.939 | Val Acc: 15.38  |  Test Loss: 1.942 | Tes Acc: 15.38
INFO >> Epoch: 8  |  Layer: 24  |  Train Loss: 1.878 | Train Acc: 24.18  |  Val Loss: 1.851 | Val Acc: 28.85  |  Test Loss: 1.878 | Tes Acc: 20.94

INFO >> Epoch: 9  |  Layer:  1  |  Train Loss: 1.346 | Train Acc: 51.83  |  Val Loss: 1.644 | Val Acc: 37.18  |  Test Loss: 1.511 | Tes Acc: 40.17
INFO >> Epoch: 9  |  Layer:  2  |  Train Loss: 1.293 | Train Acc: 56.23  |  Val Loss: 1.475 | Val Acc: 41.03  |  Test Loss: 1.411 | Tes Acc: 44.44
INFO >> Epoch: 9  |  Layer:  3  |  Train Loss: 1.224 | Train Acc: 58.06  |  Val Loss: 1.472 | Val Acc: 46.79  |  Test Loss: 1.423 | Tes Acc: 44.02
INFO >> Epoch: 9  |  Layer:  4  |  Train Loss: 1.122 | Train Acc: 61.90  |  Val Loss: 1.396 | Val Acc: 45.51  |  Test Loss: 1.305 | Tes Acc: 51.28
INFO >> Epoch: 9  |  Layer:  5  |  Train Loss: 1.062 | Train Acc: 63.74  |  Val Loss: 1.299 | Val Acc: 53.21  |  Test Loss: 1.294 | Tes Acc: 50.85
INFO >> Epoch: 9  |  Layer:  6  |  Train Loss: 1.046 | Train Acc: 67.03  |  Val Loss: 1.280 | Val Acc: 54.49  |  Test Loss: 1.234 | Tes Acc: 52.56
INFO >> Epoch: 9  |  Layer:  7  |  Train Loss: 1.163 | Train Acc: 58.42  |  Val Loss: 1.270 | Val Acc: 53.21  |  Test Loss: 1.285 | Tes Acc: 51.28
INFO >> Epoch: 9  |  Layer:  8  |  Train Loss: 1.131 | Train Acc: 62.45  |  Val Loss: 1.302 | Val Acc: 55.13  |  Test Loss: 1.327 | Tes Acc: 50.85
INFO >> Epoch: 9  |  Layer:  9  |  Train Loss: 0.969 | Train Acc: 69.05  |  Val Loss: 1.153 | Val Acc: 58.97  |  Test Loss: 1.167 | Tes Acc: 52.56
INFO >> Epoch: 9  |  Layer: 10  |  Train Loss: 1.062 | Train Acc: 64.65  |  Val Loss: 1.166 | Val Acc: 55.77  |  Test Loss: 1.165 | Tes Acc: 55.98
INFO >> Epoch: 9  |  Layer: 11  |  Train Loss: 1.152 | Train Acc: 62.09  |  Val Loss: 1.272 | Val Acc: 53.21  |  Test Loss: 1.264 | Tes Acc: 50.43
INFO >> Epoch: 9  |  Layer: 12  |  Train Loss: 1.119 | Train Acc: 64.10  |  Val Loss: 1.306 | Val Acc: 48.72  |  Test Loss: 1.246 | Tes Acc: 51.28
INFO >> Epoch: 9  |  Layer: 13  |  Train Loss: 1.166 | Train Acc: 60.99  |  Val Loss: 1.288 | Val Acc: 50.00  |  Test Loss: 1.206 | Tes Acc: 56.84
INFO >> Epoch: 9  |  Layer: 14  |  Train Loss: 1.130 | Train Acc: 60.81  |  Val Loss: 1.313 | Val Acc: 53.21  |  Test Loss: 1.210 | Tes Acc: 52.99
INFO >> Epoch: 9  |  Layer: 15  |  Train Loss: 1.133 | Train Acc: 64.10  |  Val Loss: 1.294 | Val Acc: 50.64  |  Test Loss: 1.177 | Tes Acc: 54.27
INFO >> Epoch: 9  |  Layer: 16  |  Train Loss: 0.958 | Train Acc: 71.61  |  Val Loss: 1.211 | Val Acc: 55.77  |  Test Loss: 1.116 | Tes Acc: 51.71
INFO >> Epoch: 9  |  Layer: 17  |  Train Loss: 0.892 | Train Acc: 73.99  |  Val Loss: 1.208 | Val Acc: 56.41  |  Test Loss: 1.124 | Tes Acc: 50.85
INFO >> Epoch: 9  |  Layer: 18  |  Train Loss: 0.717 | Train Acc: 81.32  |  Val Loss: 1.065 | Val Acc: 62.82  |  Test Loss: 0.951 | Tes Acc: 58.55
INFO >> Epoch: 9  |  Layer: 19  |  Train Loss: 1.012 | Train Acc: 69.23  |  Val Loss: 1.232 | Val Acc: 57.69  |  Test Loss: 1.200 | Tes Acc: 50.00
INFO >> Epoch: 9  |  Layer: 20  |  Train Loss: 1.534 | Train Acc: 41.39  |  Val Loss: 1.607 | Val Acc: 33.33  |  Test Loss: 1.620 | Tes Acc: 31.20
INFO >> Epoch: 9  |  Layer: 21  |  Train Loss: 1.244 | Train Acc: 53.66  |  Val Loss: 1.677 | Val Acc: 41.03  |  Test Loss: 1.666 | Tes Acc: 36.32
INFO >> Epoch: 9  |  Layer: 22  |  Train Loss: 1.849 | Train Acc: 23.99  |  Val Loss: 1.793 | Val Acc: 30.13  |  Test Loss: 1.810 | Tes Acc: 23.08
INFO >> Epoch: 9  |  Layer: 23  |  Train Loss: 1.937 | Train Acc: 15.38  |  Val Loss: 1.938 | Val Acc: 15.38  |  Test Loss: 1.941 | Tes Acc: 15.38
INFO >> Epoch: 9  |  Layer: 24  |  Train Loss: 1.879 | Train Acc: 22.53  |  Val Loss: 1.837 | Val Acc: 28.21  |  Test Loss: 1.865 | Tes Acc: 23.93

INFO >> Epoch: 10  |  Layer:  1  |  Train Loss: 1.286 | Train Acc: 52.56  |  Val Loss: 1.672 | Val Acc: 32.05  |  Test Loss: 1.391 | Tes Acc: 54.70
INFO >> Epoch: 10  |  Layer:  2  |  Train Loss: 1.206 | Train Acc: 58.24  |  Val Loss: 1.577 | Val Acc: 33.97  |  Test Loss: 1.333 | Tes Acc: 58.97
INFO >> Epoch: 10  |  Layer:  3  |  Train Loss: 1.175 | Train Acc: 60.62  |  Val Loss: 1.446 | Val Acc: 39.10  |  Test Loss: 1.327 | Tes Acc: 52.99
INFO >> Epoch: 10  |  Layer:  4  |  Train Loss: 1.022 | Train Acc: 65.57  |  Val Loss: 1.473 | Val Acc: 39.10  |  Test Loss: 1.200 | Tes Acc: 57.69
INFO >> Epoch: 10  |  Layer:  5  |  Train Loss: 0.970 | Train Acc: 67.58  |  Val Loss: 1.420 | Val Acc: 39.10  |  Test Loss: 1.201 | Tes Acc: 58.55
INFO >> Epoch: 10  |  Layer:  6  |  Train Loss: 0.974 | Train Acc: 65.93  |  Val Loss: 1.319 | Val Acc: 44.23  |  Test Loss: 1.127 | Tes Acc: 60.26
INFO >> Epoch: 10  |  Layer:  7  |  Train Loss: 1.043 | Train Acc: 64.84  |  Val Loss: 1.286 | Val Acc: 48.72  |  Test Loss: 1.196 | Tes Acc: 57.26
INFO >> Epoch: 10  |  Layer:  8  |  Train Loss: 1.103 | Train Acc: 63.92  |  Val Loss: 1.340 | Val Acc: 46.15  |  Test Loss: 1.202 | Tes Acc: 56.41
INFO >> Epoch: 10  |  Layer:  9  |  Train Loss: 0.942 | Train Acc: 68.68  |  Val Loss: 1.215 | Val Acc: 51.28  |  Test Loss: 1.083 | Tes Acc: 59.40
INFO >> Epoch: 10  |  Layer: 10  |  Train Loss: 0.985 | Train Acc: 65.75  |  Val Loss: 1.189 | Val Acc: 51.92  |  Test Loss: 1.115 | Tes Acc: 60.26
INFO >> Epoch: 10  |  Layer: 11  |  Train Loss: 1.094 | Train Acc: 65.02  |  Val Loss: 1.211 | Val Acc: 55.13  |  Test Loss: 1.164 | Tes Acc: 58.12
INFO >> Epoch: 10  |  Layer: 12  |  Train Loss: 1.046 | Train Acc: 66.67  |  Val Loss: 1.260 | Val Acc: 46.79  |  Test Loss: 1.179 | Tes Acc: 57.26
INFO >> Epoch: 10  |  Layer: 13  |  Train Loss: 1.066 | Train Acc: 66.30  |  Val Loss: 1.249 | Val Acc: 53.21  |  Test Loss: 1.200 | Tes Acc: 57.26
INFO >> Epoch: 10  |  Layer: 14  |  Train Loss: 1.044 | Train Acc: 67.22  |  Val Loss: 1.267 | Val Acc: 46.79  |  Test Loss: 1.139 | Tes Acc: 60.26
INFO >> Epoch: 10  |  Layer: 15  |  Train Loss: 1.029 | Train Acc: 67.03  |  Val Loss: 1.257 | Val Acc: 53.21  |  Test Loss: 1.162 | Tes Acc: 58.97
INFO >> Epoch: 10  |  Layer: 16  |  Train Loss: 0.937 | Train Acc: 69.60  |  Val Loss: 1.201 | Val Acc: 56.41  |  Test Loss: 1.103 | Tes Acc: 59.83
INFO >> Epoch: 10  |  Layer: 17  |  Train Loss: 0.873 | Train Acc: 69.05  |  Val Loss: 1.138 | Val Acc: 52.56  |  Test Loss: 0.963 | Tes Acc: 67.95
INFO >> Epoch: 10  |  Layer: 18  |  Train Loss: 0.784 | Train Acc: 73.08  |  Val Loss: 1.061 | Val Acc: 58.33  |  Test Loss: 0.867 | Tes Acc: 68.80
INFO >> Epoch: 10  |  Layer: 19  |  Train Loss: 0.951 | Train Acc: 66.30  |  Val Loss: 1.191 | Val Acc: 57.69  |  Test Loss: 1.092 | Tes Acc: 60.68
INFO >> Epoch: 10  |  Layer: 20  |  Train Loss: 1.516 | Train Acc: 39.38  |  Val Loss: 1.641 | Val Acc: 30.77  |  Test Loss: 1.593 | Tes Acc: 42.31
INFO >> Epoch: 10  |  Layer: 21  |  Train Loss: 1.282 | Train Acc: 50.37  |  Val Loss: 1.667 | Val Acc: 31.41  |  Test Loss: 1.300 | Tes Acc: 56.84
INFO >> Epoch: 10  |  Layer: 22  |  Train Loss: 1.781 | Train Acc: 28.02  |  Val Loss: 1.897 | Val Acc: 18.59  |  Test Loss: 1.929 | Tes Acc: 21.37
INFO >> Epoch: 10  |  Layer: 23  |  Train Loss: 1.945 | Train Acc: 14.84  |  Val Loss: 1.938 | Val Acc: 15.38  |  Test Loss: 1.941 | Tes Acc: 15.38
INFO >> Epoch: 10  |  Layer: 24  |  Train Loss: 1.847 | Train Acc: 23.63  |  Val Loss: 1.872 | Val Acc: 15.38  |  Test Loss: 1.912 | Tes Acc: 20.51

INFO >> Epoch: 11  |  Layer:  1  |  Train Loss: 1.328 | Train Acc: 51.83  |  Val Loss: 1.804 | Val Acc: 32.05  |  Test Loss: 1.411 | Tes Acc: 46.15
INFO >> Epoch: 11  |  Layer:  2  |  Train Loss: 1.206 | Train Acc: 59.16  |  Val Loss: 1.644 | Val Acc: 33.33  |  Test Loss: 1.281 | Tes Acc: 56.41
INFO >> Epoch: 11  |  Layer:  3  |  Train Loss: 1.185 | Train Acc: 61.17  |  Val Loss: 1.524 | Val Acc: 35.90  |  Test Loss: 1.280 | Tes Acc: 50.00
INFO >> Epoch: 11  |  Layer:  4  |  Train Loss: 1.061 | Train Acc: 67.58  |  Val Loss: 1.618 | Val Acc: 37.82  |  Test Loss: 1.167 | Tes Acc: 58.55
INFO >> Epoch: 11  |  Layer:  5  |  Train Loss: 0.989 | Train Acc: 69.05  |  Val Loss: 1.547 | Val Acc: 39.10  |  Test Loss: 1.138 | Tes Acc: 59.83
INFO >> Epoch: 11  |  Layer:  6  |  Train Loss: 0.970 | Train Acc: 70.70  |  Val Loss: 1.411 | Val Acc: 43.59  |  Test Loss: 1.073 | Tes Acc: 64.96
INFO >> Epoch: 11  |  Layer:  7  |  Train Loss: 1.012 | Train Acc: 68.13  |  Val Loss: 1.354 | Val Acc: 45.51  |  Test Loss: 1.185 | Tes Acc: 52.56
INFO >> Epoch: 11  |  Layer:  8  |  Train Loss: 1.100 | Train Acc: 62.09  |  Val Loss: 1.389 | Val Acc: 41.67  |  Test Loss: 1.179 | Tes Acc: 53.42
INFO >> Epoch: 11  |  Layer:  9  |  Train Loss: 0.945 | Train Acc: 69.96  |  Val Loss: 1.270 | Val Acc: 47.44  |  Test Loss: 1.007 | Tes Acc: 60.26
INFO >> Epoch: 11  |  Layer: 10  |  Train Loss: 0.940 | Train Acc: 71.61  |  Val Loss: 1.178 | Val Acc: 50.00  |  Test Loss: 1.046 | Tes Acc: 58.97
INFO >> Epoch: 11  |  Layer: 11  |  Train Loss: 1.054 | Train Acc: 67.77  |  Val Loss: 1.200 | Val Acc: 53.21  |  Test Loss: 1.131 | Tes Acc: 56.41
INFO >> Epoch: 11  |  Layer: 12  |  Train Loss: 1.024 | Train Acc: 70.51  |  Val Loss: 1.234 | Val Acc: 48.72  |  Test Loss: 1.063 | Tes Acc: 58.55
INFO >> Epoch: 11  |  Layer: 13  |  Train Loss: 1.053 | Train Acc: 67.22  |  Val Loss: 1.238 | Val Acc: 50.64  |  Test Loss: 1.074 | Tes Acc: 58.97
INFO >> Epoch: 11  |  Layer: 14  |  Train Loss: 1.009 | Train Acc: 68.50  |  Val Loss: 1.274 | Val Acc: 46.15  |  Test Loss: 1.062 | Tes Acc: 58.55
INFO >> Epoch: 11  |  Layer: 15  |  Train Loss: 1.006 | Train Acc: 67.22  |  Val Loss: 1.283 | Val Acc: 51.28  |  Test Loss: 1.013 | Tes Acc: 62.82
INFO >> Epoch: 11  |  Layer: 16  |  Train Loss: 0.927 | Train Acc: 70.70  |  Val Loss: 1.152 | Val Acc: 55.13  |  Test Loss: 0.900 | Tes Acc: 67.52
INFO >> Epoch: 11  |  Layer: 17  |  Train Loss: 0.811 | Train Acc: 74.54  |  Val Loss: 1.165 | Val Acc: 55.77  |  Test Loss: 0.846 | Tes Acc: 70.09
INFO >> Epoch: 11  |  Layer: 18  |  Train Loss: 0.625 | Train Acc: 77.66  |  Val Loss: 1.125 | Val Acc: 56.41  |  Test Loss: 0.740 | Tes Acc: 74.36
INFO >> Epoch: 11  |  Layer: 19  |  Train Loss: 0.884 | Train Acc: 70.51  |  Val Loss: 1.284 | Val Acc: 50.64  |  Test Loss: 0.958 | Tes Acc: 65.38
INFO >> Epoch: 11  |  Layer: 20  |  Train Loss: 1.463 | Train Acc: 45.24  |  Val Loss: 1.659 | Val Acc: 37.82  |  Test Loss: 1.550 | Tes Acc: 34.19
INFO >> Epoch: 11  |  Layer: 21  |  Train Loss: 1.164 | Train Acc: 57.33  |  Val Loss: 1.799 | Val Acc: 36.54  |  Test Loss: 1.254 | Tes Acc: 58.12
INFO >> Epoch: 11  |  Layer: 22  |  Train Loss: 1.866 | Train Acc: 23.08  |  Val Loss: 1.900 | Val Acc: 21.79  |  Test Loss: 1.913 | Tes Acc: 20.09
INFO >> Epoch: 11  |  Layer: 23  |  Train Loss: 1.936 | Train Acc: 15.38  |  Val Loss: 1.937 | Val Acc: 15.38  |  Test Loss: 1.940 | Tes Acc: 15.38
INFO >> Epoch: 11  |  Layer: 24  |  Train Loss: 1.860 | Train Acc: 24.18  |  Val Loss: 1.956 | Val Acc: 19.23  |  Test Loss: 2.004 | Tes Acc: 17.09

INFO >> Epoch: 12  |  Layer:  1  |  Train Loss: 1.278 | Train Acc: 53.30  |  Val Loss: 1.572 | Val Acc: 37.82  |  Test Loss: 1.324 | Tes Acc: 58.12
INFO >> Epoch: 12  |  Layer:  2  |  Train Loss: 1.180 | Train Acc: 56.59  |  Val Loss: 1.544 | Val Acc: 39.74  |  Test Loss: 1.314 | Tes Acc: 50.43
INFO >> Epoch: 12  |  Layer:  3  |  Train Loss: 1.151 | Train Acc: 61.36  |  Val Loss: 1.409 | Val Acc: 50.00  |  Test Loss: 1.229 | Tes Acc: 55.13
INFO >> Epoch: 12  |  Layer:  4  |  Train Loss: 0.974 | Train Acc: 69.23  |  Val Loss: 1.451 | Val Acc: 41.67  |  Test Loss: 1.083 | Tes Acc: 59.83
INFO >> Epoch: 12  |  Layer:  5  |  Train Loss: 0.893 | Train Acc: 70.51  |  Val Loss: 1.424 | Val Acc: 46.15  |  Test Loss: 1.044 | Tes Acc: 62.39
INFO >> Epoch: 12  |  Layer:  6  |  Train Loss: 0.838 | Train Acc: 75.46  |  Val Loss: 1.367 | Val Acc: 47.44  |  Test Loss: 1.021 | Tes Acc: 67.09
INFO >> Epoch: 12  |  Layer:  7  |  Train Loss: 0.940 | Train Acc: 70.51  |  Val Loss: 1.221 | Val Acc: 52.56  |  Test Loss: 1.104 | Tes Acc: 59.83
INFO >> Epoch: 12  |  Layer:  8  |  Train Loss: 0.968 | Train Acc: 69.41  |  Val Loss: 1.309 | Val Acc: 48.72  |  Test Loss: 1.109 | Tes Acc: 58.97
INFO >> Epoch: 12  |  Layer:  9  |  Train Loss: 0.796 | Train Acc: 74.18  |  Val Loss: 1.155 | Val Acc: 54.49  |  Test Loss: 0.950 | Tes Acc: 62.82
INFO >> Epoch: 12  |  Layer: 10  |  Train Loss: 0.822 | Train Acc: 72.89  |  Val Loss: 1.152 | Val Acc: 52.56  |  Test Loss: 0.947 | Tes Acc: 70.09
INFO >> Epoch: 12  |  Layer: 11  |  Train Loss: 0.931 | Train Acc: 69.05  |  Val Loss: 1.178 | Val Acc: 56.41  |  Test Loss: 1.045 | Tes Acc: 63.68
INFO >> Epoch: 12  |  Layer: 12  |  Train Loss: 0.917 | Train Acc: 69.41  |  Val Loss: 1.190 | Val Acc: 51.92  |  Test Loss: 0.995 | Tes Acc: 64.96
INFO >> Epoch: 12  |  Layer: 13  |  Train Loss: 0.962 | Train Acc: 67.40  |  Val Loss: 1.239 | Val Acc: 53.21  |  Test Loss: 1.050 | Tes Acc: 60.26
INFO >> Epoch: 12  |  Layer: 14  |  Train Loss: 0.914 | Train Acc: 68.50  |  Val Loss: 1.267 | Val Acc: 53.21  |  Test Loss: 1.022 | Tes Acc: 64.96
INFO >> Epoch: 12  |  Layer: 15  |  Train Loss: 0.883 | Train Acc: 73.81  |  Val Loss: 1.287 | Val Acc: 53.21  |  Test Loss: 0.970 | Tes Acc: 63.25
INFO >> Epoch: 12  |  Layer: 16  |  Train Loss: 0.775 | Train Acc: 75.27  |  Val Loss: 1.206 | Val Acc: 55.13  |  Test Loss: 0.857 | Tes Acc: 70.09
INFO >> Epoch: 12  |  Layer: 17  |  Train Loss: 0.701 | Train Acc: 77.29  |  Val Loss: 1.180 | Val Acc: 53.85  |  Test Loss: 0.802 | Tes Acc: 73.50
INFO >> Epoch: 12  |  Layer: 18  |  Train Loss: 0.533 | Train Acc: 83.70  |  Val Loss: 1.068 | Val Acc: 57.69  |  Test Loss: 0.665 | Tes Acc: 76.07
INFO >> Epoch: 12  |  Layer: 19  |  Train Loss: 0.818 | Train Acc: 73.08  |  Val Loss: 1.200 | Val Acc: 57.05  |  Test Loss: 0.894 | Tes Acc: 67.95
INFO >> Epoch: 12  |  Layer: 20  |  Train Loss: 1.482 | Train Acc: 44.14  |  Val Loss: 1.585 | Val Acc: 41.67  |  Test Loss: 1.486 | Tes Acc: 44.87
INFO >> Epoch: 12  |  Layer: 21  |  Train Loss: 1.124 | Train Acc: 57.88  |  Val Loss: 1.605 | Val Acc: 39.74  |  Test Loss: 1.126 | Tes Acc: 63.25
INFO >> Epoch: 12  |  Layer: 22  |  Train Loss: 1.886 | Train Acc: 20.70  |  Val Loss: 1.865 | Val Acc: 19.87  |  Test Loss: 1.912 | Tes Acc: 18.38
INFO >> Epoch: 12  |  Layer: 23  |  Train Loss: 1.941 | Train Acc: 14.29  |  Val Loss: 1.936 | Val Acc: 15.38  |  Test Loss: 1.940 | Tes Acc: 15.38
INFO >> Epoch: 12  |  Layer: 24  |  Train Loss: 1.921 | Train Acc: 21.43  |  Val Loss: 1.850 | Val Acc: 23.72  |  Test Loss: 1.899 | Tes Acc: 20.51

INFO >> Epoch: 13  |  Layer:  1  |  Train Loss: 1.273 | Train Acc: 55.86  |  Val Loss: 1.560 | Val Acc: 40.38  |  Test Loss: 1.412 | Tes Acc: 47.01
INFO >> Epoch: 13  |  Layer:  2  |  Train Loss: 1.165 | Train Acc: 65.57  |  Val Loss: 1.590 | Val Acc: 38.46  |  Test Loss: 1.365 | Tes Acc: 52.56
INFO >> Epoch: 13  |  Layer:  3  |  Train Loss: 1.076 | Train Acc: 66.12  |  Val Loss: 1.410 | Val Acc: 50.00  |  Test Loss: 1.364 | Tes Acc: 45.73
INFO >> Epoch: 13  |  Layer:  4  |  Train Loss: 0.920 | Train Acc: 73.99  |  Val Loss: 1.334 | Val Acc: 47.44  |  Test Loss: 1.166 | Tes Acc: 53.42
INFO >> Epoch: 13  |  Layer:  5  |  Train Loss: 0.829 | Train Acc: 75.46  |  Val Loss: 1.280 | Val Acc: 52.56  |  Test Loss: 1.113 | Tes Acc: 56.84
INFO >> Epoch: 13  |  Layer:  6  |  Train Loss: 0.851 | Train Acc: 72.71  |  Val Loss: 1.231 | Val Acc: 53.85  |  Test Loss: 1.101 | Tes Acc: 55.98
INFO >> Epoch: 13  |  Layer:  7  |  Train Loss: 0.905 | Train Acc: 73.44  |  Val Loss: 1.172 | Val Acc: 53.21  |  Test Loss: 1.165 | Tes Acc: 54.70
INFO >> Epoch: 13  |  Layer:  8  |  Train Loss: 0.938 | Train Acc: 68.50  |  Val Loss: 1.242 | Val Acc: 48.08  |  Test Loss: 1.210 | Tes Acc: 52.56
INFO >> Epoch: 13  |  Layer:  9  |  Train Loss: 0.801 | Train Acc: 73.99  |  Val Loss: 1.002 | Val Acc: 59.62  |  Test Loss: 1.060 | Tes Acc: 56.84
INFO >> Epoch: 13  |  Layer: 10  |  Train Loss: 0.835 | Train Acc: 75.09  |  Val Loss: 1.064 | Val Acc: 55.77  |  Test Loss: 1.034 | Tes Acc: 59.83
INFO >> Epoch: 13  |  Layer: 11  |  Train Loss: 0.939 | Train Acc: 70.88  |  Val Loss: 1.132 | Val Acc: 57.69  |  Test Loss: 1.100 | Tes Acc: 55.98
INFO >> Epoch: 13  |  Layer: 12  |  Train Loss: 0.926 | Train Acc: 69.96  |  Val Loss: 1.131 | Val Acc: 54.49  |  Test Loss: 1.116 | Tes Acc: 54.70
INFO >> Epoch: 13  |  Layer: 13  |  Train Loss: 0.968 | Train Acc: 68.86  |  Val Loss: 1.208 | Val Acc: 50.64  |  Test Loss: 1.160 | Tes Acc: 51.71
INFO >> Epoch: 13  |  Layer: 14  |  Train Loss: 0.934 | Train Acc: 70.88  |  Val Loss: 1.174 | Val Acc: 55.13  |  Test Loss: 1.118 | Tes Acc: 54.70
INFO >> Epoch: 13  |  Layer: 15  |  Train Loss: 0.908 | Train Acc: 72.34  |  Val Loss: 1.224 | Val Acc: 51.28  |  Test Loss: 1.099 | Tes Acc: 55.98
INFO >> Epoch: 13  |  Layer: 16  |  Train Loss: 0.727 | Train Acc: 79.12  |  Val Loss: 1.140 | Val Acc: 53.85  |  Test Loss: 0.925 | Tes Acc: 62.82
INFO >> Epoch: 13  |  Layer: 17  |  Train Loss: 0.664 | Train Acc: 81.87  |  Val Loss: 1.097 | Val Acc: 54.49  |  Test Loss: 0.879 | Tes Acc: 65.38
INFO >> Epoch: 13  |  Layer: 18  |  Train Loss: 0.490 | Train Acc: 85.90  |  Val Loss: 0.928 | Val Acc: 63.46  |  Test Loss: 0.739 | Tes Acc: 68.80
INFO >> Epoch: 13  |  Layer: 19  |  Train Loss: 0.786 | Train Acc: 74.73  |  Val Loss: 1.124 | Val Acc: 54.49  |  Test Loss: 0.974 | Tes Acc: 58.12
INFO >> Epoch: 13  |  Layer: 20  |  Train Loss: 1.409 | Train Acc: 47.99  |  Val Loss: 1.548 | Val Acc: 41.67  |  Test Loss: 1.529 | Tes Acc: 38.03
INFO >> Epoch: 13  |  Layer: 21  |  Train Loss: 1.060 | Train Acc: 59.89  |  Val Loss: 1.477 | Val Acc: 39.10  |  Test Loss: 1.159 | Tes Acc: 57.26
INFO >> Epoch: 13  |  Layer: 22  |  Train Loss: 1.847 | Train Acc: 18.86  |  Val Loss: 1.861 | Val Acc: 23.08  |  Test Loss: 1.911 | Tes Acc: 23.93
INFO >> Epoch: 13  |  Layer: 23  |  Train Loss: 1.939 | Train Acc: 15.38  |  Val Loss: 1.936 | Val Acc: 15.38  |  Test Loss: 1.939 | Tes Acc: 15.38
INFO >> Epoch: 13  |  Layer: 24  |  Train Loss: 1.838 | Train Acc: 22.89  |  Val Loss: 1.854 | Val Acc: 18.59  |  Test Loss: 1.921 | Tes Acc: 20.09

INFO >> Epoch: 14  |  Layer:  1  |  Train Loss: 1.265 | Train Acc: 56.23  |  Val Loss: 1.547 | Val Acc: 42.31  |  Test Loss: 1.308 | Tes Acc: 54.70
INFO >> Epoch: 14  |  Layer:  2  |  Train Loss: 1.126 | Train Acc: 61.36  |  Val Loss: 1.496 | Val Acc: 44.23  |  Test Loss: 1.268 | Tes Acc: 54.27
INFO >> Epoch: 14  |  Layer:  3  |  Train Loss: 1.036 | Train Acc: 63.37  |  Val Loss: 1.382 | Val Acc: 53.21  |  Test Loss: 1.145 | Tes Acc: 57.69
INFO >> Epoch: 14  |  Layer:  4  |  Train Loss: 0.843 | Train Acc: 73.44  |  Val Loss: 1.454 | Val Acc: 41.67  |  Test Loss: 1.020 | Tes Acc: 59.83
INFO >> Epoch: 14  |  Layer:  5  |  Train Loss: 0.768 | Train Acc: 76.37  |  Val Loss: 1.396 | Val Acc: 46.79  |  Test Loss: 0.984 | Tes Acc: 61.11
INFO >> Epoch: 14  |  Layer:  6  |  Train Loss: 0.804 | Train Acc: 75.27  |  Val Loss: 1.242 | Val Acc: 54.49  |  Test Loss: 0.981 | Tes Acc: 62.82
INFO >> Epoch: 14  |  Layer:  7  |  Train Loss: 0.838 | Train Acc: 73.81  |  Val Loss: 1.230 | Val Acc: 50.00  |  Test Loss: 1.037 | Tes Acc: 60.26
INFO >> Epoch: 14  |  Layer:  8  |  Train Loss: 0.849 | Train Acc: 74.91  |  Val Loss: 1.264 | Val Acc: 50.00  |  Test Loss: 1.068 | Tes Acc: 58.97
INFO >> Epoch: 14  |  Layer:  9  |  Train Loss: 0.707 | Train Acc: 77.66  |  Val Loss: 1.037 | Val Acc: 57.69  |  Test Loss: 0.910 | Tes Acc: 61.97
INFO >> Epoch: 14  |  Layer: 10  |  Train Loss: 0.785 | Train Acc: 73.81  |  Val Loss: 1.127 | Val Acc: 55.77  |  Test Loss: 0.916 | Tes Acc: 66.67
INFO >> Epoch: 14  |  Layer: 11  |  Train Loss: 0.841 | Train Acc: 73.99  |  Val Loss: 1.098 | Val Acc: 58.97  |  Test Loss: 0.990 | Tes Acc: 66.24
INFO >> Epoch: 14  |  Layer: 12  |  Train Loss: 0.857 | Train Acc: 74.36  |  Val Loss: 1.095 | Val Acc: 58.33  |  Test Loss: 0.981 | Tes Acc: 63.25
INFO >> Epoch: 14  |  Layer: 13  |  Train Loss: 0.911 | Train Acc: 71.61  |  Val Loss: 1.115 | Val Acc: 58.33  |  Test Loss: 0.982 | Tes Acc: 64.96
INFO >> Epoch: 14  |  Layer: 14  |  Train Loss: 0.864 | Train Acc: 71.61  |  Val Loss: 1.145 | Val Acc: 57.69  |  Test Loss: 0.978 | Tes Acc: 64.53
INFO >> Epoch: 14  |  Layer: 15  |  Train Loss: 0.876 | Train Acc: 71.25  |  Val Loss: 1.165 | Val Acc: 53.21  |  Test Loss: 0.921 | Tes Acc: 64.96
INFO >> Epoch: 14  |  Layer: 16  |  Train Loss: 0.651 | Train Acc: 81.50  |  Val Loss: 1.122 | Val Acc: 57.05  |  Test Loss: 0.806 | Tes Acc: 67.09
INFO >> Epoch: 14  |  Layer: 17  |  Train Loss: 0.633 | Train Acc: 80.22  |  Val Loss: 1.080 | Val Acc: 55.13  |  Test Loss: 0.741 | Tes Acc: 72.65
INFO >> Epoch: 14  |  Layer: 18  |  Train Loss: 0.465 | Train Acc: 85.90  |  Val Loss: 0.893 | Val Acc: 63.46  |  Test Loss: 0.632 | Tes Acc: 75.21
INFO >> Epoch: 14  |  Layer: 19  |  Train Loss: 0.761 | Train Acc: 76.56  |  Val Loss: 1.082 | Val Acc: 55.13  |  Test Loss: 0.873 | Tes Acc: 64.53
INFO >> Epoch: 14  |  Layer: 20  |  Train Loss: 1.501 | Train Acc: 47.80  |  Val Loss: 1.480 | Val Acc: 40.38  |  Test Loss: 1.445 | Tes Acc: 44.87
INFO >> Epoch: 14  |  Layer: 21  |  Train Loss: 1.064 | Train Acc: 64.65  |  Val Loss: 1.523 | Val Acc: 37.82  |  Test Loss: 1.116 | Tes Acc: 59.83
INFO >> Epoch: 14  |  Layer: 22  |  Train Loss: 1.866 | Train Acc: 23.81  |  Val Loss: 1.860 | Val Acc: 23.08  |  Test Loss: 1.901 | Tes Acc: 23.93
INFO >> Epoch: 14  |  Layer: 23  |  Train Loss: 1.941 | Train Acc: 13.74  |  Val Loss: 1.935 | Val Acc: 15.38  |  Test Loss: 1.939 | Tes Acc: 15.38
INFO >> Epoch: 14  |  Layer: 24  |  Train Loss: 1.897 | Train Acc: 21.25  |  Val Loss: 1.903 | Val Acc: 19.87  |  Test Loss: 1.916 | Tes Acc: 18.80

INFO >> Epoch: 15  |  Layer:  1  |  Train Loss: 1.151 | Train Acc: 60.44  |  Val Loss: 1.833 | Val Acc: 30.77  |  Test Loss: 1.293 | Tes Acc: 53.42
INFO >> Epoch: 15  |  Layer:  2  |  Train Loss: 1.029 | Train Acc: 61.72  |  Val Loss: 1.883 | Val Acc: 32.05  |  Test Loss: 1.252 | Tes Acc: 51.28
INFO >> Epoch: 15  |  Layer:  3  |  Train Loss: 0.922 | Train Acc: 69.41  |  Val Loss: 1.722 | Val Acc: 39.10  |  Test Loss: 1.195 | Tes Acc: 52.56
INFO >> Epoch: 15  |  Layer:  4  |  Train Loss: 0.744 | Train Acc: 80.40  |  Val Loss: 1.824 | Val Acc: 32.05  |  Test Loss: 1.022 | Tes Acc: 57.69
INFO >> Epoch: 15  |  Layer:  5  |  Train Loss: 0.671 | Train Acc: 80.95  |  Val Loss: 1.750 | Val Acc: 41.03  |  Test Loss: 0.966 | Tes Acc: 61.54
INFO >> Epoch: 15  |  Layer:  6  |  Train Loss: 0.664 | Train Acc: 81.32  |  Val Loss: 1.522 | Val Acc: 47.44  |  Test Loss: 0.967 | Tes Acc: 64.10
INFO >> Epoch: 15  |  Layer:  7  |  Train Loss: 0.719 | Train Acc: 78.39  |  Val Loss: 1.465 | Val Acc: 48.08  |  Test Loss: 0.983 | Tes Acc: 61.11
INFO >> Epoch: 15  |  Layer:  8  |  Train Loss: 0.755 | Train Acc: 76.74  |  Val Loss: 1.538 | Val Acc: 45.51  |  Test Loss: 0.990 | Tes Acc: 62.39
INFO >> Epoch: 15  |  Layer:  9  |  Train Loss: 0.591 | Train Acc: 83.70  |  Val Loss: 1.323 | Val Acc: 52.56  |  Test Loss: 0.872 | Tes Acc: 65.38
INFO >> Epoch: 15  |  Layer: 10  |  Train Loss: 0.681 | Train Acc: 79.30  |  Val Loss: 1.276 | Val Acc: 53.85  |  Test Loss: 0.896 | Tes Acc: 67.95
INFO >> Epoch: 15  |  Layer: 11  |  Train Loss: 0.751 | Train Acc: 75.27  |  Val Loss: 1.184 | Val Acc: 52.56  |  Test Loss: 0.892 | Tes Acc: 69.66
INFO >> Epoch: 15  |  Layer: 12  |  Train Loss: 0.749 | Train Acc: 76.01  |  Val Loss: 1.296 | Val Acc: 50.00  |  Test Loss: 0.900 | Tes Acc: 68.80
INFO >> Epoch: 15  |  Layer: 13  |  Train Loss: 0.813 | Train Acc: 70.88  |  Val Loss: 1.450 | Val Acc: 46.15  |  Test Loss: 0.955 | Tes Acc: 68.80
INFO >> Epoch: 15  |  Layer: 14  |  Train Loss: 0.793 | Train Acc: 70.51  |  Val Loss: 1.597 | Val Acc: 46.79  |  Test Loss: 0.973 | Tes Acc: 62.82
INFO >> Epoch: 15  |  Layer: 15  |  Train Loss: 0.750 | Train Acc: 75.82  |  Val Loss: 1.504 | Val Acc: 47.44  |  Test Loss: 0.895 | Tes Acc: 65.81
INFO >> Epoch: 15  |  Layer: 16  |  Train Loss: 0.597 | Train Acc: 82.23  |  Val Loss: 1.275 | Val Acc: 55.77  |  Test Loss: 0.757 | Tes Acc: 72.22
INFO >> Epoch: 15  |  Layer: 17  |  Train Loss: 0.550 | Train Acc: 85.35  |  Val Loss: 1.277 | Val Acc: 55.13  |  Test Loss: 0.716 | Tes Acc: 73.93
INFO >> Epoch: 15  |  Layer: 18  |  Train Loss: 0.413 | Train Acc: 89.38  |  Val Loss: 1.287 | Val Acc: 53.85  |  Test Loss: 0.628 | Tes Acc: 74.36
INFO >> Epoch: 15  |  Layer: 19  |  Train Loss: 0.626 | Train Acc: 81.14  |  Val Loss: 1.394 | Val Acc: 46.15  |  Test Loss: 0.878 | Tes Acc: 67.95
INFO >> Epoch: 15  |  Layer: 20  |  Train Loss: 1.348 | Train Acc: 51.10  |  Val Loss: 1.566 | Val Acc: 34.62  |  Test Loss: 1.387 | Tes Acc: 48.29
INFO >> Epoch: 15  |  Layer: 21  |  Train Loss: 0.995 | Train Acc: 63.55  |  Val Loss: 1.561 | Val Acc: 46.15  |  Test Loss: 1.062 | Tes Acc: 63.68
INFO >> Epoch: 15  |  Layer: 22  |  Train Loss: 1.852 | Train Acc: 21.06  |  Val Loss: 1.870 | Val Acc: 23.72  |  Test Loss: 1.903 | Tes Acc: 21.37
INFO >> Epoch: 15  |  Layer: 23  |  Train Loss: 1.935 | Train Acc: 14.29  |  Val Loss: 1.935 | Val Acc: 15.38  |  Test Loss: 1.938 | Tes Acc: 15.38
INFO >> Epoch: 15  |  Layer: 24  |  Train Loss: 1.895 | Train Acc: 22.71  |  Val Loss: 1.869 | Val Acc: 21.79  |  Test Loss: 1.900 | Tes Acc: 22.22

INFO >> Epoch: 16  |  Layer:  1  |  Train Loss: 1.151 | Train Acc: 55.49  |  Val Loss: 1.731 | Val Acc: 28.85  |  Test Loss: 1.458 | Tes Acc: 44.02
INFO >> Epoch: 16  |  Layer:  2  |  Train Loss: 1.025 | Train Acc: 60.99  |  Val Loss: 1.499 | Val Acc: 37.18  |  Test Loss: 1.245 | Tes Acc: 55.13
INFO >> Epoch: 16  |  Layer:  3  |  Train Loss: 0.953 | Train Acc: 64.29  |  Val Loss: 1.535 | Val Acc: 35.26  |  Test Loss: 1.172 | Tes Acc: 58.55
INFO >> Epoch: 16  |  Layer:  4  |  Train Loss: 0.737 | Train Acc: 74.73  |  Val Loss: 1.585 | Val Acc: 35.26  |  Test Loss: 1.064 | Tes Acc: 60.68
INFO >> Epoch: 16  |  Layer:  5  |  Train Loss: 0.657 | Train Acc: 79.67  |  Val Loss: 1.468 | Val Acc: 41.03  |  Test Loss: 1.013 | Tes Acc: 59.40
INFO >> Epoch: 16  |  Layer:  6  |  Train Loss: 0.658 | Train Acc: 78.21  |  Val Loss: 1.352 | Val Acc: 44.23  |  Test Loss: 0.979 | Tes Acc: 61.97
INFO >> Epoch: 16  |  Layer:  7  |  Train Loss: 0.700 | Train Acc: 79.85  |  Val Loss: 1.297 | Val Acc: 48.72  |  Test Loss: 1.027 | Tes Acc: 60.26
INFO >> Epoch: 16  |  Layer:  8  |  Train Loss: 0.749 | Train Acc: 78.57  |  Val Loss: 1.320 | Val Acc: 48.08  |  Test Loss: 1.107 | Tes Acc: 56.84
INFO >> Epoch: 16  |  Layer:  9  |  Train Loss: 0.574 | Train Acc: 82.42  |  Val Loss: 1.092 | Val Acc: 58.97  |  Test Loss: 0.906 | Tes Acc: 64.53
INFO >> Epoch: 16  |  Layer: 10  |  Train Loss: 0.650 | Train Acc: 80.22  |  Val Loss: 1.114 | Val Acc: 55.13  |  Test Loss: 0.923 | Tes Acc: 61.97
INFO >> Epoch: 16  |  Layer: 11  |  Train Loss: 0.709 | Train Acc: 78.94  |  Val Loss: 1.072 | Val Acc: 62.82  |  Test Loss: 1.018 | Tes Acc: 60.26
INFO >> Epoch: 16  |  Layer: 12  |  Train Loss: 0.711 | Train Acc: 76.19  |  Val Loss: 1.074 | Val Acc: 60.90  |  Test Loss: 1.009 | Tes Acc: 58.55
INFO >> Epoch: 16  |  Layer: 13  |  Train Loss: 0.771 | Train Acc: 74.36  |  Val Loss: 1.122 | Val Acc: 59.62  |  Test Loss: 1.015 | Tes Acc: 61.11
INFO >> Epoch: 16  |  Layer: 14  |  Train Loss: 0.727 | Train Acc: 78.21  |  Val Loss: 1.138 | Val Acc: 57.69  |  Test Loss: 0.987 | Tes Acc: 59.40
INFO >> Epoch: 16  |  Layer: 15  |  Train Loss: 0.687 | Train Acc: 78.94  |  Val Loss: 1.119 | Val Acc: 58.33  |  Test Loss: 0.971 | Tes Acc: 63.25
INFO >> Epoch: 16  |  Layer: 16  |  Train Loss: 0.549 | Train Acc: 82.60  |  Val Loss: 1.057 | Val Acc: 64.10  |  Test Loss: 0.875 | Tes Acc: 65.81
INFO >> Epoch: 16  |  Layer: 17  |  Train Loss: 0.509 | Train Acc: 84.62  |  Val Loss: 1.054 | Val Acc: 60.26  |  Test Loss: 0.825 | Tes Acc: 65.81
INFO >> Epoch: 16  |  Layer: 18  |  Train Loss: 0.379 | Train Acc: 89.56  |  Val Loss: 0.989 | Val Acc: 60.90  |  Test Loss: 0.657 | Tes Acc: 74.36
INFO >> Epoch: 16  |  Layer: 19  |  Train Loss: 0.609 | Train Acc: 80.95  |  Val Loss: 1.201 | Val Acc: 51.92  |  Test Loss: 0.928 | Tes Acc: 66.24
INFO >> Epoch: 16  |  Layer: 20  |  Train Loss: 1.351 | Train Acc: 48.90  |  Val Loss: 1.563 | Val Acc: 38.46  |  Test Loss: 1.474 | Tes Acc: 45.30
INFO >> Epoch: 16  |  Layer: 21  |  Train Loss: 0.905 | Train Acc: 70.15  |  Val Loss: 1.602 | Val Acc: 34.62  |  Test Loss: 1.192 | Tes Acc: 60.26
INFO >> Epoch: 16  |  Layer: 22  |  Train Loss: 1.851 | Train Acc: 22.71  |  Val Loss: 1.899 | Val Acc: 22.44  |  Test Loss: 1.982 | Tes Acc: 17.09
INFO >> Epoch: 16  |  Layer: 23  |  Train Loss: 1.938 | Train Acc: 14.47  |  Val Loss: 1.935 | Val Acc: 15.38  |  Test Loss: 1.938 | Tes Acc: 15.38
INFO >> Epoch: 16  |  Layer: 24  |  Train Loss: 1.902 | Train Acc: 17.40  |  Val Loss: 1.860 | Val Acc: 22.44  |  Test Loss: 1.898 | Tes Acc: 16.24

INFO >> Epoch: 17  |  Layer:  1  |  Train Loss: 1.120 | Train Acc: 58.42  |  Val Loss: 1.566 | Val Acc: 39.74  |  Test Loss: 1.274 | Tes Acc: 54.27
INFO >> Epoch: 17  |  Layer:  2  |  Train Loss: 0.937 | Train Acc: 66.67  |  Val Loss: 1.449 | Val Acc: 40.38  |  Test Loss: 1.176 | Tes Acc: 58.97
INFO >> Epoch: 17  |  Layer:  3  |  Train Loss: 0.883 | Train Acc: 70.88  |  Val Loss: 1.350 | Val Acc: 48.08  |  Test Loss: 1.153 | Tes Acc: 56.41
INFO >> Epoch: 17  |  Layer:  4  |  Train Loss: 0.678 | Train Acc: 79.85  |  Val Loss: 1.296 | Val Acc: 46.15  |  Test Loss: 0.983 | Tes Acc: 61.54
INFO >> Epoch: 17  |  Layer:  5  |  Train Loss: 0.604 | Train Acc: 81.32  |  Val Loss: 1.190 | Val Acc: 51.92  |  Test Loss: 0.968 | Tes Acc: 63.68
INFO >> Epoch: 17  |  Layer:  6  |  Train Loss: 0.616 | Train Acc: 82.97  |  Val Loss: 1.151 | Val Acc: 54.49  |  Test Loss: 0.983 | Tes Acc: 59.40
INFO >> Epoch: 17  |  Layer:  7  |  Train Loss: 0.684 | Train Acc: 80.77  |  Val Loss: 1.110 | Val Acc: 58.97  |  Test Loss: 1.017 | Tes Acc: 58.55
INFO >> Epoch: 17  |  Layer:  8  |  Train Loss: 0.710 | Train Acc: 76.56  |  Val Loss: 1.180 | Val Acc: 55.77  |  Test Loss: 1.058 | Tes Acc: 58.12
INFO >> Epoch: 17  |  Layer:  9  |  Train Loss: 0.537 | Train Acc: 86.08  |  Val Loss: 1.005 | Val Acc: 60.26  |  Test Loss: 0.912 | Tes Acc: 61.97
INFO >> Epoch: 17  |  Layer: 10  |  Train Loss: 0.610 | Train Acc: 84.07  |  Val Loss: 1.018 | Val Acc: 59.62  |  Test Loss: 0.957 | Tes Acc: 64.10
INFO >> Epoch: 17  |  Layer: 11  |  Train Loss: 0.683 | Train Acc: 80.40  |  Val Loss: 1.047 | Val Acc: 62.82  |  Test Loss: 0.999 | Tes Acc: 60.26
INFO >> Epoch: 17  |  Layer: 12  |  Train Loss: 0.662 | Train Acc: 80.22  |  Val Loss: 1.044 | Val Acc: 61.54  |  Test Loss: 0.972 | Tes Acc: 63.25
INFO >> Epoch: 17  |  Layer: 13  |  Train Loss: 0.708 | Train Acc: 79.12  |  Val Loss: 1.082 | Val Acc: 60.90  |  Test Loss: 0.988 | Tes Acc: 61.11
INFO >> Epoch: 17  |  Layer: 14  |  Train Loss: 0.673 | Train Acc: 81.68  |  Val Loss: 1.074 | Val Acc: 60.26  |  Test Loss: 0.956 | Tes Acc: 62.39
INFO >> Epoch: 17  |  Layer: 15  |  Train Loss: 0.645 | Train Acc: 81.14  |  Val Loss: 1.062 | Val Acc: 61.54  |  Test Loss: 0.937 | Tes Acc: 63.68
INFO >> Epoch: 17  |  Layer: 16  |  Train Loss: 0.522 | Train Acc: 85.90  |  Val Loss: 1.012 | Val Acc: 65.38  |  Test Loss: 0.782 | Tes Acc: 70.51
INFO >> Epoch: 17  |  Layer: 17  |  Train Loss: 0.469 | Train Acc: 88.46  |  Val Loss: 0.992 | Val Acc: 63.46  |  Test Loss: 0.778 | Tes Acc: 70.09
INFO >> Epoch: 17  |  Layer: 18  |  Train Loss: 0.324 | Train Acc: 93.41  |  Val Loss: 0.961 | Val Acc: 64.10  |  Test Loss: 0.657 | Tes Acc: 71.79
INFO >> Epoch: 17  |  Layer: 19  |  Train Loss: 0.562 | Train Acc: 82.78  |  Val Loss: 1.020 | Val Acc: 61.54  |  Test Loss: 0.845 | Tes Acc: 66.24
INFO >> Epoch: 17  |  Layer: 20  |  Train Loss: 1.387 | Train Acc: 47.80  |  Val Loss: 1.478 | Val Acc: 43.59  |  Test Loss: 1.432 | Tes Acc: 43.59
INFO >> Epoch: 17  |  Layer: 21  |  Train Loss: 0.883 | Train Acc: 71.61  |  Val Loss: 1.417 | Val Acc: 46.79  |  Test Loss: 1.100 | Tes Acc: 56.84
INFO >> Epoch: 17  |  Layer: 22  |  Train Loss: 1.887 | Train Acc: 21.06  |  Val Loss: 1.865 | Val Acc: 24.36  |  Test Loss: 1.927 | Tes Acc: 20.51
INFO >> Epoch: 17  |  Layer: 23  |  Train Loss: 1.943 | Train Acc: 15.38  |  Val Loss: 1.934 | Val Acc: 15.38  |  Test Loss: 1.937 | Tes Acc: 15.38
INFO >> Epoch: 17  |  Layer: 24  |  Train Loss: 1.863 | Train Acc: 21.43  |  Val Loss: 1.858 | Val Acc: 20.51  |  Test Loss: 1.912 | Tes Acc: 18.38

INFO >> Epoch: 18  |  Layer:  1  |  Train Loss: 1.155 | Train Acc: 62.45  |  Val Loss: 1.549 | Val Acc: 39.74  |  Test Loss: 1.226 | Tes Acc: 55.13
INFO >> Epoch: 18  |  Layer:  2  |  Train Loss: 0.989 | Train Acc: 70.51  |  Val Loss: 1.478 | Val Acc: 39.10  |  Test Loss: 1.202 | Tes Acc: 52.99
INFO >> Epoch: 18  |  Layer:  3  |  Train Loss: 0.888 | Train Acc: 72.71  |  Val Loss: 1.302 | Val Acc: 49.36  |  Test Loss: 1.104 | Tes Acc: 55.13
INFO >> Epoch: 18  |  Layer:  4  |  Train Loss: 0.687 | Train Acc: 79.12  |  Val Loss: 1.279 | Val Acc: 48.72  |  Test Loss: 1.005 | Tes Acc: 59.40
INFO >> Epoch: 18  |  Layer:  5  |  Train Loss: 0.628 | Train Acc: 84.07  |  Val Loss: 1.233 | Val Acc: 48.08  |  Test Loss: 0.938 | Tes Acc: 63.25
INFO >> Epoch: 18  |  Layer:  6  |  Train Loss: 0.640 | Train Acc: 82.78  |  Val Loss: 1.165 | Val Acc: 48.72  |  Test Loss: 0.930 | Tes Acc: 62.39
INFO >> Epoch: 18  |  Layer:  7  |  Train Loss: 0.701 | Train Acc: 79.49  |  Val Loss: 1.091 | Val Acc: 55.77  |  Test Loss: 0.984 | Tes Acc: 60.26
INFO >> Epoch: 18  |  Layer:  8  |  Train Loss: 0.728 | Train Acc: 80.04  |  Val Loss: 1.144 | Val Acc: 53.85  |  Test Loss: 1.020 | Tes Acc: 56.84
INFO >> Epoch: 18  |  Layer:  9  |  Train Loss: 0.654 | Train Acc: 84.98  |  Val Loss: 0.983 | Val Acc: 60.90  |  Test Loss: 0.889 | Tes Acc: 65.38
INFO >> Epoch: 18  |  Layer: 10  |  Train Loss: 0.691 | Train Acc: 80.04  |  Val Loss: 1.033 | Val Acc: 60.26  |  Test Loss: 0.888 | Tes Acc: 65.38
INFO >> Epoch: 18  |  Layer: 11  |  Train Loss: 0.733 | Train Acc: 78.75  |  Val Loss: 1.020 | Val Acc: 66.67  |  Test Loss: 0.963 | Tes Acc: 60.68
INFO >> Epoch: 18  |  Layer: 12  |  Train Loss: 0.724 | Train Acc: 80.04  |  Val Loss: 1.061 | Val Acc: 59.62  |  Test Loss: 1.024 | Tes Acc: 58.12
INFO >> Epoch: 18  |  Layer: 13  |  Train Loss: 0.773 | Train Acc: 79.12  |  Val Loss: 1.107 | Val Acc: 60.26  |  Test Loss: 1.012 | Tes Acc: 56.41
INFO >> Epoch: 18  |  Layer: 14  |  Train Loss: 0.737 | Train Acc: 78.39  |  Val Loss: 1.098 | Val Acc: 57.69  |  Test Loss: 0.952 | Tes Acc: 58.55
INFO >> Epoch: 18  |  Layer: 15  |  Train Loss: 0.732 | Train Acc: 79.49  |  Val Loss: 1.071 | Val Acc: 59.62  |  Test Loss: 0.944 | Tes Acc: 62.82
INFO >> Epoch: 18  |  Layer: 16  |  Train Loss: 0.639 | Train Acc: 84.43  |  Val Loss: 1.070 | Val Acc: 60.26  |  Test Loss: 0.828 | Tes Acc: 66.24
INFO >> Epoch: 18  |  Layer: 17  |  Train Loss: 0.512 | Train Acc: 89.56  |  Val Loss: 1.008 | Val Acc: 60.90  |  Test Loss: 0.787 | Tes Acc: 64.96
INFO >> Epoch: 18  |  Layer: 18  |  Train Loss: 0.345 | Train Acc: 93.41  |  Val Loss: 0.962 | Val Acc: 63.46  |  Test Loss: 0.692 | Tes Acc: 69.23
INFO >> Epoch: 18  |  Layer: 19  |  Train Loss: 0.556 | Train Acc: 86.63  |  Val Loss: 0.956 | Val Acc: 60.26  |  Test Loss: 0.904 | Tes Acc: 63.68
INFO >> Epoch: 18  |  Layer: 20  |  Train Loss: 1.327 | Train Acc: 52.01  |  Val Loss: 1.490 | Val Acc: 42.95  |  Test Loss: 1.426 | Tes Acc: 47.01
INFO >> Epoch: 18  |  Layer: 21  |  Train Loss: 0.983 | Train Acc: 71.06  |  Val Loss: 1.447 | Val Acc: 41.03  |  Test Loss: 1.288 | Tes Acc: 50.85
INFO >> Epoch: 18  |  Layer: 22  |  Train Loss: 1.918 | Train Acc: 18.32  |  Val Loss: 1.929 | Val Acc: 17.31  |  Test Loss: 1.939 | Tes Acc: 15.81
INFO >> Epoch: 18  |  Layer: 23  |  Train Loss: 1.933 | Train Acc: 15.38  |  Val Loss: 1.934 | Val Acc: 15.38  |  Test Loss: 1.937 | Tes Acc: 15.38
INFO >> Epoch: 18  |  Layer: 24  |  Train Loss: 1.911 | Train Acc: 17.95  |  Val Loss: 1.922 | Val Acc: 19.23  |  Test Loss: 1.929 | Tes Acc: 17.95

INFO >> Epoch: 19  |  Layer:  1  |  Train Loss: 1.102 | Train Acc: 59.52  |  Val Loss: 1.525 | Val Acc: 38.46  |  Test Loss: 1.247 | Tes Acc: 53.42
INFO >> Epoch: 19  |  Layer:  2  |  Train Loss: 0.949 | Train Acc: 66.48  |  Val Loss: 1.430 | Val Acc: 42.31  |  Test Loss: 1.227 | Tes Acc: 56.41
INFO >> Epoch: 19  |  Layer:  3  |  Train Loss: 0.843 | Train Acc: 71.43  |  Val Loss: 1.297 | Val Acc: 48.08  |  Test Loss: 1.186 | Tes Acc: 56.84
INFO >> Epoch: 19  |  Layer:  4  |  Train Loss: 0.695 | Train Acc: 76.01  |  Val Loss: 1.356 | Val Acc: 47.44  |  Test Loss: 0.972 | Tes Acc: 62.39
INFO >> Epoch: 19  |  Layer:  5  |  Train Loss: 0.595 | Train Acc: 81.50  |  Val Loss: 1.236 | Val Acc: 50.00  |  Test Loss: 0.969 | Tes Acc: 62.82
INFO >> Epoch: 19  |  Layer:  6  |  Train Loss: 0.600 | Train Acc: 80.95  |  Val Loss: 1.223 | Val Acc: 48.72  |  Test Loss: 0.905 | Tes Acc: 63.68
INFO >> Epoch: 19  |  Layer:  7  |  Train Loss: 0.650 | Train Acc: 79.67  |  Val Loss: 1.113 | Val Acc: 55.13  |  Test Loss: 0.946 | Tes Acc: 61.11
INFO >> Epoch: 19  |  Layer:  8  |  Train Loss: 0.673 | Train Acc: 79.49  |  Val Loss: 1.168 | Val Acc: 54.49  |  Test Loss: 0.988 | Tes Acc: 62.39
INFO >> Epoch: 19  |  Layer:  9  |  Train Loss: 0.569 | Train Acc: 80.95  |  Val Loss: 0.937 | Val Acc: 67.31  |  Test Loss: 0.863 | Tes Acc: 64.53
INFO >> Epoch: 19  |  Layer: 10  |  Train Loss: 0.590 | Train Acc: 80.59  |  Val Loss: 0.995 | Val Acc: 64.10  |  Test Loss: 0.836 | Tes Acc: 68.38
INFO >> Epoch: 19  |  Layer: 11  |  Train Loss: 0.637 | Train Acc: 80.40  |  Val Loss: 0.988 | Val Acc: 62.82  |  Test Loss: 0.914 | Tes Acc: 67.09
INFO >> Epoch: 19  |  Layer: 12  |  Train Loss: 0.683 | Train Acc: 78.75  |  Val Loss: 1.034 | Val Acc: 61.54  |  Test Loss: 0.982 | Tes Acc: 59.40
INFO >> Epoch: 19  |  Layer: 13  |  Train Loss: 0.681 | Train Acc: 77.84  |  Val Loss: 1.039 | Val Acc: 60.90  |  Test Loss: 0.955 | Tes Acc: 61.54
INFO >> Epoch: 19  |  Layer: 14  |  Train Loss: 0.622 | Train Acc: 79.12  |  Val Loss: 1.038 | Val Acc: 59.62  |  Test Loss: 0.938 | Tes Acc: 60.26
INFO >> Epoch: 19  |  Layer: 15  |  Train Loss: 0.660 | Train Acc: 76.19  |  Val Loss: 1.031 | Val Acc: 61.54  |  Test Loss: 0.958 | Tes Acc: 59.40
INFO >> Epoch: 19  |  Layer: 16  |  Train Loss: 0.593 | Train Acc: 78.75  |  Val Loss: 1.022 | Val Acc: 64.10  |  Test Loss: 0.842 | Tes Acc: 64.53
INFO >> Epoch: 19  |  Layer: 17  |  Train Loss: 0.476 | Train Acc: 84.07  |  Val Loss: 0.991 | Val Acc: 64.74  |  Test Loss: 0.845 | Tes Acc: 64.53
INFO >> Epoch: 19  |  Layer: 18  |  Train Loss: 0.363 | Train Acc: 89.38  |  Val Loss: 0.896 | Val Acc: 64.74  |  Test Loss: 0.763 | Tes Acc: 65.81
INFO >> Epoch: 19  |  Layer: 19  |  Train Loss: 0.586 | Train Acc: 80.95  |  Val Loss: 0.940 | Val Acc: 63.46  |  Test Loss: 0.881 | Tes Acc: 64.96
INFO >> Epoch: 19  |  Layer: 20  |  Train Loss: 1.265 | Train Acc: 52.75  |  Val Loss: 1.481 | Val Acc: 43.59  |  Test Loss: 1.427 | Tes Acc: 42.74
INFO >> Epoch: 19  |  Layer: 21  |  Train Loss: 0.958 | Train Acc: 64.29  |  Val Loss: 1.754 | Val Acc: 37.18  |  Test Loss: 1.042 | Tes Acc: 63.25
INFO >> Epoch: 19  |  Layer: 22  |  Train Loss: 1.916 | Train Acc: 18.68  |  Val Loss: 1.877 | Val Acc: 22.44  |  Test Loss: 1.903 | Tes Acc: 18.80
INFO >> Epoch: 19  |  Layer: 23  |  Train Loss: 1.935 | Train Acc: 15.38  |  Val Loss: 1.933 | Val Acc: 15.38  |  Test Loss: 1.936 | Tes Acc: 15.38
INFO >> Epoch: 19  |  Layer: 24  |  Train Loss: 1.879 | Train Acc: 20.15  |  Val Loss: 1.883 | Val Acc: 19.23  |  Test Loss: 1.958 | Tes Acc: 17.52

INFO >> Epoch: 20  |  Layer:  1  |  Train Loss: 1.042 | Train Acc: 69.41  |  Val Loss: 1.749 | Val Acc: 32.69  |  Test Loss: 1.210 | Tes Acc: 57.26
INFO >> Epoch: 20  |  Layer:  2  |  Train Loss: 0.931 | Train Acc: 69.96  |  Val Loss: 1.867 | Val Acc: 25.64  |  Test Loss: 1.321 | Tes Acc: 48.72
INFO >> Epoch: 20  |  Layer:  3  |  Train Loss: 0.795 | Train Acc: 75.64  |  Val Loss: 1.614 | Val Acc: 38.46  |  Test Loss: 1.202 | Tes Acc: 54.27
INFO >> Epoch: 20  |  Layer:  4  |  Train Loss: 0.632 | Train Acc: 81.14  |  Val Loss: 1.577 | Val Acc: 40.38  |  Test Loss: 0.973 | Tes Acc: 61.11
INFO >> Epoch: 20  |  Layer:  5  |  Train Loss: 0.545 | Train Acc: 84.80  |  Val Loss: 1.455 | Val Acc: 49.36  |  Test Loss: 0.975 | Tes Acc: 62.82
INFO >> Epoch: 20  |  Layer:  6  |  Train Loss: 0.557 | Train Acc: 83.88  |  Val Loss: 1.236 | Val Acc: 50.64  |  Test Loss: 0.999 | Tes Acc: 59.83
INFO >> Epoch: 20  |  Layer:  7  |  Train Loss: 0.594 | Train Acc: 85.16  |  Val Loss: 1.256 | Val Acc: 51.28  |  Test Loss: 1.046 | Tes Acc: 59.40
INFO >> Epoch: 20  |  Layer:  8  |  Train Loss: 0.638 | Train Acc: 84.25  |  Val Loss: 1.368 | Val Acc: 49.36  |  Test Loss: 1.023 | Tes Acc: 57.26
INFO >> Epoch: 20  |  Layer:  9  |  Train Loss: 0.509 | Train Acc: 84.80  |  Val Loss: 1.046 | Val Acc: 59.62  |  Test Loss: 1.087 | Tes Acc: 51.28
INFO >> Epoch: 20  |  Layer: 10  |  Train Loss: 0.528 | Train Acc: 85.53  |  Val Loss: 1.062 | Val Acc: 58.97  |  Test Loss: 0.956 | Tes Acc: 55.13
INFO >> Epoch: 20  |  Layer: 11  |  Train Loss: 0.583 | Train Acc: 85.16  |  Val Loss: 1.042 | Val Acc: 62.18  |  Test Loss: 0.983 | Tes Acc: 57.69
INFO >> Epoch: 20  |  Layer: 12  |  Train Loss: 0.597 | Train Acc: 83.52  |  Val Loss: 1.053 | Val Acc: 64.10  |  Test Loss: 0.971 | Tes Acc: 58.97
INFO >> Epoch: 20  |  Layer: 13  |  Train Loss: 0.614 | Train Acc: 84.07  |  Val Loss: 1.066 | Val Acc: 62.82  |  Test Loss: 0.942 | Tes Acc: 62.39
INFO >> Epoch: 20  |  Layer: 14  |  Train Loss: 0.581 | Train Acc: 85.35  |  Val Loss: 1.073 | Val Acc: 60.26  |  Test Loss: 0.964 | Tes Acc: 57.69
INFO >> Epoch: 20  |  Layer: 15  |  Train Loss: 0.586 | Train Acc: 82.60  |  Val Loss: 1.060 | Val Acc: 60.90  |  Test Loss: 0.996 | Tes Acc: 55.56
INFO >> Epoch: 20  |  Layer: 16  |  Train Loss: 0.513 | Train Acc: 84.43  |  Val Loss: 0.971 | Val Acc: 64.10  |  Test Loss: 0.864 | Tes Acc: 63.68
INFO >> Epoch: 20  |  Layer: 17  |  Train Loss: 0.478 | Train Acc: 85.71  |  Val Loss: 1.010 | Val Acc: 63.46  |  Test Loss: 0.931 | Tes Acc: 61.54
INFO >> Epoch: 20  |  Layer: 18  |  Train Loss: 0.345 | Train Acc: 92.12  |  Val Loss: 0.907 | Val Acc: 67.95  |  Test Loss: 0.794 | Tes Acc: 63.25
INFO >> Epoch: 20  |  Layer: 19  |  Train Loss: 0.533 | Train Acc: 87.73  |  Val Loss: 1.007 | Val Acc: 62.82  |  Test Loss: 0.834 | Tes Acc: 68.80
INFO >> Epoch: 20  |  Layer: 20  |  Train Loss: 1.182 | Train Acc: 62.45  |  Val Loss: 1.397 | Val Acc: 47.44  |  Test Loss: 1.334 | Tes Acc: 44.87
INFO >> Epoch: 20  |  Layer: 21  |  Train Loss: 0.816 | Train Acc: 74.36  |  Val Loss: 1.307 | Val Acc: 52.56  |  Test Loss: 1.145 | Tes Acc: 55.13
INFO >> Epoch: 20  |  Layer: 22  |  Train Loss: 1.841 | Train Acc: 22.89  |  Val Loss: 1.854 | Val Acc: 22.44  |  Test Loss: 1.913 | Tes Acc: 23.93
INFO >> Epoch: 20  |  Layer: 23  |  Train Loss: 1.933 | Train Acc: 15.38  |  Val Loss: 1.933 | Val Acc: 15.38  |  Test Loss: 1.936 | Tes Acc: 15.38
INFO >> Epoch: 20  |  Layer: 24  |  Train Loss: 1.885 | Train Acc: 19.23  |  Val Loss: 1.846 | Val Acc: 22.44  |  Test Loss: 1.899 | Tes Acc: 21.79



INFO >> Time Taken: 11:26

INFO >> Layer: 1  |  Best Val Acc: 42.31  |  Best Test Acc: 54.70
INFO >> Layer: 2  |  Best Val Acc: 44.23  |  Best Test Acc: 54.27
INFO >> Layer: 3  |  Best Val Acc: 53.21  |  Best Test Acc: 57.69
INFO >> Layer: 4  |  Best Val Acc: 48.72  |  Best Test Acc: 59.40
INFO >> Layer: 5  |  Best Val Acc: 53.21  |  Best Test Acc: 50.85
INFO >> Layer: 6  |  Best Val Acc: 54.49  |  Best Test Acc: 52.56
INFO >> Layer: 7  |  Best Val Acc: 58.97  |  Best Test Acc: 58.55
INFO >> Layer: 8  |  Best Val Acc: 55.77  |  Best Test Acc: 58.12
INFO >> Layer: 9  |  Best Val Acc: 67.31  |  Best Test Acc: 64.53
INFO >> Layer: 10  |  Best Val Acc: 64.10  |  Best Test Acc: 68.38
INFO >> Layer: 11  |  Best Val Acc: 66.67  |  Best Test Acc: 60.68
INFO >> Layer: 12  |  Best Val Acc: 64.10  |  Best Test Acc: 58.97
INFO >> Layer: 13  |  Best Val Acc: 62.82  |  Best Test Acc: 62.39
INFO >> Layer: 14  |  Best Val Acc: 60.26  |  Best Test Acc: 62.39
INFO >> Layer: 15  |  Best Val Acc: 61.54  |  Best Test Acc: 63.68
INFO >> Layer: 16  |  Best Val Acc: 65.38  |  Best Test Acc: 70.51
INFO >> Layer: 17  |  Best Val Acc: 64.74  |  Best Test Acc: 64.53
INFO >> Layer: 18  |  Best Val Acc: 67.95  |  Best Test Acc: 63.25
INFO >> Layer: 19  |  Best Val Acc: 63.46  |  Best Test Acc: 64.96
INFO >> Layer: 20  |  Best Val Acc: 47.44  |  Best Test Acc: 44.87
INFO >> Layer: 21  |  Best Val Acc: 52.56  |  Best Test Acc: 55.13
INFO >> Layer: 22  |  Best Val Acc: 30.13  |  Best Test Acc: 23.08
INFO >> Layer: 23  |  Best Val Acc: 23.08  |  Best Test Acc: 17.09
INFO >> Layer: 24  |  Best Val Acc: 28.85  |  Best Test Acc: 20.94

DEBUG >> Last state saved

INFO >> History saved (./history/v1.3/CaFE/WAV2VEC2_LARGE_XLSR300M_PROBING/Run2/history.pt)
