
--------------------------------------------------
Multilingual SER System v1.5
--------------------------------------------------
Run Name      : Run5
Fx Model      : WAV2VEC2_ASR_LARGE_960H
Clf Model     : DENSE
Extract Mode  : gpu_memory
Dataset       : CaFE
Device        : gpu
Epochs        : 30
Num Workers   : 3
Data Dir      : ./data
History Dir   : ./history
Weights Dir   : ./weights
Log Level     : debug
Purge Cache   : False
Job Name      : Job199
Job Id        : 31168520
GPU           : Quadro RTX 8000
GPU Count     : 1
GPU Memory    : 44.49 GB

Timestamp : 2023-03-20 03:10:17.956979

INFO >> Running on CUDA


INFO >> Training Classifier

INFO >> Epoch: 1  |  Train Loss: 1.926 | Train Acc: 19.96  |  Val Loss: 1.885 | Val Acc: 30.77  |  Test Loss: 1.879 | Tes Acc: 31.62
DEBUG >> Best state saved | Val Acc 30.769231915473938 | Test Acc 31.623932719230652

INFO >> Epoch: 2  |  Train Loss: 1.819 | Train Acc: 38.10  |  Val Loss: 1.722 | Val Acc: 42.31  |  Test Loss: 1.688 | Tes Acc: 32.91
DEBUG >> Best state saved | Val Acc 42.307692766189575 | Test Acc 32.90598392486572

INFO >> Epoch: 3  |  Train Loss: 1.536 | Train Acc: 44.32  |  Val Loss: 1.446 | Val Acc: 46.79  |  Test Loss: 1.306 | Tes Acc: 53.85
DEBUG >> Best state saved | Val Acc 46.794870495796204 | Test Acc 53.84615659713745

INFO >> Epoch: 4  |  Train Loss: 1.181 | Train Acc: 56.23  |  Val Loss: 1.532 | Val Acc: 41.67  |  Test Loss: 1.084 | Tes Acc: 59.40
INFO >> Epoch: 5  |  Train Loss: 0.892 | Train Acc: 70.33  |  Val Loss: 1.177 | Val Acc: 55.13  |  Test Loss: 0.971 | Tes Acc: 62.39
DEBUG >> Best state saved | Val Acc 55.12820482254028 | Test Acc 62.39316463470459

INFO >> Epoch: 6  |  Train Loss: 0.692 | Train Acc: 76.92  |  Val Loss: 1.971 | Val Acc: 39.10  |  Test Loss: 1.078 | Tes Acc: 64.10
INFO >> Epoch: 7  |  Train Loss: 0.525 | Train Acc: 81.87  |  Val Loss: 1.146 | Val Acc: 60.26  |  Test Loss: 0.638 | Tes Acc: 76.07
DEBUG >> Best state saved | Val Acc 60.256409645080566 | Test Acc 76.06837749481201

INFO >> Epoch: 8  |  Train Loss: 0.371 | Train Acc: 87.18  |  Val Loss: 1.468 | Val Acc: 55.13  |  Test Loss: 0.703 | Tes Acc: 75.21
INFO >> Epoch: 9  |  Train Loss: 0.362 | Train Acc: 86.63  |  Val Loss: 1.373 | Val Acc: 58.33  |  Test Loss: 0.790 | Tes Acc: 69.23
INFO >> Epoch: 10  |  Train Loss: 0.319 | Train Acc: 88.28  |  Val Loss: 1.176 | Val Acc: 60.26  |  Test Loss: 0.688 | Tes Acc: 73.08
INFO >> Epoch: 11  |  Train Loss: 0.224 | Train Acc: 92.49  |  Val Loss: 1.388 | Val Acc: 58.33  |  Test Loss: 0.844 | Tes Acc: 70.94
INFO >> Epoch: 12  |  Train Loss: 0.242 | Train Acc: 95.05  |  Val Loss: 1.540 | Val Acc: 58.97  |  Test Loss: 0.780 | Tes Acc: 73.93
INFO >> Epoch: 13  |  Train Loss: 0.369 | Train Acc: 87.36  |  Val Loss: 1.548 | Val Acc: 58.97  |  Test Loss: 0.735 | Tes Acc: 76.50
INFO >> Epoch: 14  |  Train Loss: 0.167 | Train Acc: 95.97  |  Val Loss: 1.243 | Val Acc: 60.90  |  Test Loss: 0.906 | Tes Acc: 69.66
DEBUG >> Best state saved | Val Acc 60.89743375778198 | Test Acc 69.65811848640442

INFO >> Epoch: 15  |  Train Loss: 0.135 | Train Acc: 95.97  |  Val Loss: 1.255 | Val Acc: 63.46  |  Test Loss: 0.824 | Tes Acc: 72.65
DEBUG >> Best state saved | Val Acc 63.461536169052124 | Test Acc 72.64957427978516

INFO >> Epoch: 16  |  Train Loss: 0.107 | Train Acc: 97.62  |  Val Loss: 1.445 | Val Acc: 63.46  |  Test Loss: 0.750 | Tes Acc: 73.93
INFO >> Epoch: 17  |  Train Loss: 0.072 | Train Acc: 99.45  |  Val Loss: 1.618 | Val Acc: 60.90  |  Test Loss: 0.965 | Tes Acc: 70.94
INFO >> Epoch: 18  |  Train Loss: 0.075 | Train Acc: 98.17  |  Val Loss: 1.595 | Val Acc: 61.54  |  Test Loss: 0.947 | Tes Acc: 73.50
INFO >> Epoch: 19  |  Train Loss: 0.049 | Train Acc: 99.45  |  Val Loss: 1.526 | Val Acc: 62.82  |  Test Loss: 0.849 | Tes Acc: 73.93
INFO >> Epoch: 20  |  Train Loss: 0.033 | Train Acc: 100.00  |  Val Loss: 1.611 | Val Acc: 64.10  |  Test Loss: 0.909 | Tes Acc: 73.08
DEBUG >> Best state saved | Val Acc 64.10256624221802 | Test Acc 73.07692170143127

INFO >> Epoch: 21  |  Train Loss: 0.025 | Train Acc: 100.00  |  Val Loss: 1.783 | Val Acc: 61.54  |  Test Loss: 1.002 | Tes Acc: 71.37
INFO >> Epoch: 22  |  Train Loss: 0.021 | Train Acc: 100.00  |  Val Loss: 1.706 | Val Acc: 64.74  |  Test Loss: 0.966 | Tes Acc: 74.36
DEBUG >> Best state saved | Val Acc 64.74359035491943 | Test Acc 74.35897588729858

INFO >> Epoch: 23  |  Train Loss: 0.019 | Train Acc: 100.00  |  Val Loss: 1.744 | Val Acc: 64.10  |  Test Loss: 0.994 | Tes Acc: 73.93
INFO >> Epoch: 24  |  Train Loss: 0.015 | Train Acc: 100.00  |  Val Loss: 1.733 | Val Acc: 63.46  |  Test Loss: 1.069 | Tes Acc: 72.65
INFO >> Epoch: 25  |  Train Loss: 0.014 | Train Acc: 100.00  |  Val Loss: 1.904 | Val Acc: 64.10  |  Test Loss: 1.062 | Tes Acc: 73.93
INFO >> Epoch: 26  |  Train Loss: 0.012 | Train Acc: 100.00  |  Val Loss: 1.928 | Val Acc: 63.46  |  Test Loss: 1.086 | Tes Acc: 72.65
INFO >> Epoch: 27  |  Train Loss: 0.011 | Train Acc: 100.00  |  Val Loss: 2.044 | Val Acc: 62.18  |  Test Loss: 1.021 | Tes Acc: 73.50
INFO >> Epoch: 28  |  Train Loss: 0.011 | Train Acc: 100.00  |  Val Loss: 2.002 | Val Acc: 63.46  |  Test Loss: 1.084 | Tes Acc: 73.08
INFO >> Epoch: 29  |  Train Loss: 0.008 | Train Acc: 100.00  |  Val Loss: 2.065 | Val Acc: 62.18  |  Test Loss: 1.156 | Tes Acc: 71.37
INFO >> Epoch: 30  |  Train Loss: 0.007 | Train Acc: 100.00  |  Val Loss: 2.186 | Val Acc: 62.82  |  Test Loss: 1.120 | Tes Acc: 73.50


INFO >> Time Taken: 16:22

INFO >> Best Val Acc : 64.74359035491943 | Best Test Acc : 74.35897588729858

INFO >> Agg. Weights : 
-0.08798450976610184 -0.11940160393714905 -0.14432664215564728 -0.35328608751296997 -0.20862658321857452 -0.4317992329597473 -0.3784646987915039 -0.27666956186294556 -0.35263481736183167 -0.4281516969203949 -0.3798452615737915 -0.3123401403427124 -0.06904181092977524 -0.37634512782096863 0.07855948060750961 0.20038209855556488 -0.12586858868598938 -0.2222599983215332 0.0397191196680069 -0.13056400418281555 0.18731187283992767 -0.11423873901367188 0.1345660388469696 0.09717763215303421

DEBUG >> Last state saved | Val Acc 62.82051205635071 | Test Acc 73.50427508354187

INFO >> History saved (./history/v1.5/CaFE/FX_WAV2VEC2_ASR_LARGE_960H_CLF_DENSE/Run5/history.pt)
