
--------------------------------------------------
Multilingual SER System v1.2
--------------------------------------------------
Run Name      : Run3
Fx Model      : WAV2VEC2_LARGE_XLSR
Clf Model     : DENSE
Extract Mode  : gpu_memory
Dataset       : EMOVO
Device        : gpu
Epochs        : 50
Num Workers   : 2
Data Dir      : ./data
History Dir   : ./history
Weights Dir   : ./weights
Log Level     : debug
Purge Cache   : False
Job Name      : Job18
Job Id        : 30703568
GPU           : Quadro RTX 8000
GPU Count     : 1

Timestamp : 2023-03-02 18:29:32.572599

INFO >> Running on CUDA


INFO >> Training Classifier

INFO >> Epoch: 1 |   Train Loss: 47.317 | Train Acc: 13.61 |   Val Loss: 16.876 | Val Acc: 14.29 |   Test Loss: 16.277 | Tes Acc: 14.29
DEBUG >> Best state saved | Val Acc 14.28571492433548 | Test Acc 14.28571492433548

INFO >> Epoch: 2 |   Train Loss: 12.645 | Train Acc: 14.63 |   Val Loss: 7.788 | Val Acc: 14.29 |   Test Loss: 6.328 | Tes Acc: 14.29
INFO >> Epoch: 3 |   Train Loss: 4.360 | Train Acc: 13.61 |   Val Loss: 2.161 | Val Acc: 14.29 |   Test Loss: 2.314 | Tes Acc: 14.29
INFO >> Epoch: 4 |   Train Loss: 2.544 | Train Acc: 14.63 |   Val Loss: 2.201 | Val Acc: 14.29 |   Test Loss: 2.048 | Tes Acc: 14.29
INFO >> Epoch: 5 |   Train Loss: 2.048 | Train Acc: 17.01 |   Val Loss: 1.981 | Val Acc: 14.29 |   Test Loss: 2.084 | Tes Acc: 15.82
INFO >> Epoch: 6 |   Train Loss: 2.052 | Train Acc: 13.27 |   Val Loss: 2.021 | Val Acc: 14.29 |   Test Loss: 1.971 | Tes Acc: 14.29
INFO >> Epoch: 7 |   Train Loss: 2.004 | Train Acc: 15.65 |   Val Loss: 1.959 | Val Acc: 14.29 |   Test Loss: 1.952 | Tes Acc: 14.29
INFO >> Epoch: 8 |   Train Loss: 2.016 | Train Acc: 14.97 |   Val Loss: 2.040 | Val Acc: 14.29 |   Test Loss: 2.002 | Tes Acc: 14.29
INFO >> Epoch: 9 |   Train Loss: 1.952 | Train Acc: 13.95 |   Val Loss: 1.953 | Val Acc: 20.41 |   Test Loss: 1.932 | Tes Acc: 14.80
DEBUG >> Best state saved | Val Acc 20.408163964748383 | Test Acc 14.795918762683868

INFO >> Epoch: 10 |   Train Loss: 1.955 | Train Acc: 20.07 |   Val Loss: 2.165 | Val Acc: 14.29 |   Test Loss: 2.098 | Tes Acc: 18.37
INFO >> Epoch: 11 |   Train Loss: 1.965 | Train Acc: 16.67 |   Val Loss: 1.931 | Val Acc: 14.29 |   Test Loss: 1.901 | Tes Acc: 17.35
INFO >> Epoch: 12 |   Train Loss: 1.964 | Train Acc: 19.05 |   Val Loss: 2.041 | Val Acc: 25.51 |   Test Loss: 1.914 | Tes Acc: 18.88
DEBUG >> Best state saved | Val Acc 25.51020383834839 | Test Acc 18.877550959587097

INFO >> Epoch: 13 |   Train Loss: 1.922 | Train Acc: 22.45 |   Val Loss: 1.944 | Val Acc: 19.39 |   Test Loss: 1.926 | Tes Acc: 21.94
INFO >> Epoch: 14 |   Train Loss: 1.925 | Train Acc: 19.73 |   Val Loss: 2.006 | Val Acc: 23.47 |   Test Loss: 2.001 | Tes Acc: 15.31
INFO >> Epoch: 15 |   Train Loss: 1.871 | Train Acc: 27.21 |   Val Loss: 2.074 | Val Acc: 19.39 |   Test Loss: 1.995 | Tes Acc: 19.90
INFO >> Epoch: 16 |   Train Loss: 1.861 | Train Acc: 29.59 |   Val Loss: 1.993 | Val Acc: 20.41 |   Test Loss: 1.943 | Tes Acc: 16.84
INFO >> Epoch: 17 |   Train Loss: 1.797 | Train Acc: 26.19 |   Val Loss: 2.044 | Val Acc: 19.39 |   Test Loss: 2.160 | Tes Acc: 19.90
INFO >> Epoch: 18 |   Train Loss: 1.729 | Train Acc: 28.91 |   Val Loss: 2.129 | Val Acc: 25.51 |   Test Loss: 2.384 | Tes Acc: 15.31
INFO >> Epoch: 19 |   Train Loss: 1.794 | Train Acc: 28.23 |   Val Loss: 2.123 | Val Acc: 24.49 |   Test Loss: 2.074 | Tes Acc: 18.37
INFO >> Epoch: 20 |   Train Loss: 1.736 | Train Acc: 31.63 |   Val Loss: 2.042 | Val Acc: 25.51 |   Test Loss: 2.103 | Tes Acc: 26.53
INFO >> Epoch: 21 |   Train Loss: 1.602 | Train Acc: 36.39 |   Val Loss: 2.131 | Val Acc: 23.47 |   Test Loss: 2.361 | Tes Acc: 18.88
INFO >> Epoch: 22 |   Train Loss: 1.664 | Train Acc: 34.01 |   Val Loss: 2.134 | Val Acc: 20.41 |   Test Loss: 2.100 | Tes Acc: 21.43
INFO >> Epoch: 23 |   Train Loss: 1.741 | Train Acc: 34.01 |   Val Loss: 2.118 | Val Acc: 24.49 |   Test Loss: 2.161 | Tes Acc: 27.55
INFO >> Epoch: 24 |   Train Loss: 1.582 | Train Acc: 35.37 |   Val Loss: 1.990 | Val Acc: 31.63 |   Test Loss: 2.287 | Tes Acc: 23.98
DEBUG >> Best state saved | Val Acc 31.63265287876129 | Test Acc 23.979592323303223

INFO >> Epoch: 25 |   Train Loss: 1.499 | Train Acc: 42.18 |   Val Loss: 2.154 | Val Acc: 19.39 |   Test Loss: 2.190 | Tes Acc: 22.96
INFO >> Epoch: 26 |   Train Loss: 1.520 | Train Acc: 42.52 |   Val Loss: 1.995 | Val Acc: 30.61 |   Test Loss: 2.220 | Tes Acc: 30.10
INFO >> Epoch: 27 |   Train Loss: 1.396 | Train Acc: 49.66 |   Val Loss: 2.069 | Val Acc: 31.63 |   Test Loss: 2.609 | Tes Acc: 26.53
INFO >> Epoch: 28 |   Train Loss: 1.355 | Train Acc: 51.36 |   Val Loss: 1.989 | Val Acc: 22.45 |   Test Loss: 2.421 | Tes Acc: 24.49
INFO >> Epoch: 29 |   Train Loss: 1.366 | Train Acc: 48.30 |   Val Loss: 1.995 | Val Acc: 28.57 |   Test Loss: 2.498 | Tes Acc: 23.98
INFO >> Epoch: 30 |   Train Loss: 1.157 | Train Acc: 52.72 |   Val Loss: 1.582 | Val Acc: 33.67 |   Test Loss: 2.348 | Tes Acc: 29.08
DEBUG >> Best state saved | Val Acc 33.673468232154846 | Test Acc 29.081633687019348

INFO >> Epoch: 31 |   Train Loss: 1.094 | Train Acc: 60.88 |   Val Loss: 1.601 | Val Acc: 33.67 |   Test Loss: 2.514 | Tes Acc: 28.57
INFO >> Epoch: 32 |   Train Loss: 0.947 | Train Acc: 61.90 |   Val Loss: 1.502 | Val Acc: 46.94 |   Test Loss: 2.927 | Tes Acc: 29.08
DEBUG >> Best state saved | Val Acc 46.93877696990967 | Test Acc 29.081633687019348

INFO >> Epoch: 33 |   Train Loss: 1.171 | Train Acc: 67.35 |   Val Loss: 1.725 | Val Acc: 32.65 |   Test Loss: 3.384 | Tes Acc: 28.06
INFO >> Epoch: 34 |   Train Loss: 1.245 | Train Acc: 53.40 |   Val Loss: 2.401 | Val Acc: 36.73 |   Test Loss: 3.560 | Tes Acc: 19.39
INFO >> Epoch: 35 |   Train Loss: 1.127 | Train Acc: 61.56 |   Val Loss: 1.583 | Val Acc: 38.78 |   Test Loss: 2.867 | Tes Acc: 23.47
INFO >> Epoch: 36 |   Train Loss: 0.941 | Train Acc: 64.63 |   Val Loss: 1.519 | Val Acc: 43.88 |   Test Loss: 2.998 | Tes Acc: 31.12
INFO >> Epoch: 37 |   Train Loss: 0.828 | Train Acc: 70.41 |   Val Loss: 1.445 | Val Acc: 45.92 |   Test Loss: 2.934 | Tes Acc: 27.04
INFO >> Epoch: 38 |   Train Loss: 0.683 | Train Acc: 74.15 |   Val Loss: 1.320 | Val Acc: 53.06 |   Test Loss: 3.137 | Tes Acc: 31.12
DEBUG >> Best state saved | Val Acc 53.06122303009033 | Test Acc 31.122449040412903

INFO >> Epoch: 39 |   Train Loss: 0.647 | Train Acc: 75.85 |   Val Loss: 1.562 | Val Acc: 36.73 |   Test Loss: 2.957 | Tes Acc: 28.06
INFO >> Epoch: 40 |   Train Loss: 0.738 | Train Acc: 70.07 |   Val Loss: 1.241 | Val Acc: 47.96 |   Test Loss: 3.448 | Tes Acc: 29.59
INFO >> Epoch: 41 |   Train Loss: 0.558 | Train Acc: 81.63 |   Val Loss: 1.363 | Val Acc: 55.10 |   Test Loss: 3.885 | Tes Acc: 28.06
DEBUG >> Best state saved | Val Acc 55.10203838348389 | Test Acc 28.061223030090332

INFO >> Epoch: 42 |   Train Loss: 0.585 | Train Acc: 79.59 |   Val Loss: 1.028 | Val Acc: 58.16 |   Test Loss: 3.038 | Tes Acc: 38.27
DEBUG >> Best state saved | Val Acc 58.163267374038696 | Test Acc 38.26530575752258

INFO >> Epoch: 43 |   Train Loss: 0.547 | Train Acc: 84.69 |   Val Loss: 1.413 | Val Acc: 50.00 |   Test Loss: 4.231 | Tes Acc: 30.10
INFO >> Epoch: 44 |   Train Loss: 0.595 | Train Acc: 76.19 |   Val Loss: 1.148 | Val Acc: 55.10 |   Test Loss: 3.146 | Tes Acc: 37.76
INFO >> Epoch: 45 |   Train Loss: 0.526 | Train Acc: 81.29 |   Val Loss: 1.143 | Val Acc: 55.10 |   Test Loss: 3.669 | Tes Acc: 37.76
INFO >> Epoch: 46 |   Train Loss: 0.419 | Train Acc: 87.76 |   Val Loss: 1.248 | Val Acc: 54.08 |   Test Loss: 3.190 | Tes Acc: 38.27
INFO >> Epoch: 47 |   Train Loss: 0.378 | Train Acc: 86.05 |   Val Loss: 1.004 | Val Acc: 63.27 |   Test Loss: 4.107 | Tes Acc: 34.18
DEBUG >> Best state saved | Val Acc 63.26530575752258 | Test Acc 34.183672070503235

INFO >> Epoch: 48 |   Train Loss: 0.417 | Train Acc: 84.35 |   Val Loss: 1.024 | Val Acc: 59.18 |   Test Loss: 2.788 | Tes Acc: 36.22
INFO >> Epoch: 49 |   Train Loss: 0.425 | Train Acc: 85.03 |   Val Loss: 1.081 | Val Acc: 53.06 |   Test Loss: 3.653 | Tes Acc: 34.18
INFO >> Epoch: 50 |   Train Loss: 0.285 | Train Acc: 89.12 |   Val Loss: 1.803 | Val Acc: 60.20 |   Test Loss: 5.954 | Tes Acc: 32.14


INFO >> Time Taken: 16:11

INFO >> Best Val Acc : 63.26530575752258 | Best Test Acc : 34.183672070503235

INFO >> Agg. Weights : 
-0.050901710987091064 -0.21992932260036469 -0.12507683038711548 -0.16611206531524658 -0.27410733699798584 -0.25200894474983215 -0.3149580955505371 -0.2581028938293457 -0.3079516887664795 -0.22740869224071503 0.03213720768690109 -0.27364563941955566 -0.2131762057542801 -0.2071327567100525 -0.1164449080824852 -0.22068573534488678 0.055344004184007645 -0.18127717077732086 -0.04309990629553795 -0.12461385130882263 -0.08065216988325119 0.14051665365695953 -0.15273833274841309 0.006164273712784052

DEBUG >> Last state saved | Val Acc 60.20408272743225 | Test Acc 32.14285671710968

INFO >> History saved (./history/v1.2/EMOVO/WAV2VEC2_LARGE_XLSR_DENSE/Run3/history.pt)
