
--------------------------------------------------
Multilingual SER System v1.4
--------------------------------------------------
Run Name      : Run5
Fx Model      : HUBERT_BASE
Clf Model     : PROBING
Extract Mode  : gpu_memory
Dataset       : EmoDB
Device        : gpu
Epochs        : 30
Num Workers   : 3
Data Dir      : ./data
History Dir   : ./history
Weights Dir   : ./weights
Log Level     : debug
Purge Cache   : False
Job Name      : Job399
Job Id        : 30913178
GPU           : Quadro RTX 8000
GPU Count     : 1
GPU Memory    : 44.49 GB

Timestamp : 2023-03-11 12:38:48.950692

INFO >> Running on CUDA


INFO >> Training Classifier

INFO >> Epoch: 1  |  Layer:  1  |  Train Loss: 1.955 | Train Acc: 17.73  |  Val Loss: 1.907 | Val Acc: 24.30  |  Test Loss: 1.788 | Tes Acc: 30.95
INFO >> Epoch: 1  |  Layer:  2  |  Train Loss: 1.908 | Train Acc: 22.38  |  Val Loss: 1.871 | Val Acc: 26.17  |  Test Loss: 1.815 | Tes Acc: 33.33
INFO >> Epoch: 1  |  Layer:  3  |  Train Loss: 1.910 | Train Acc: 21.80  |  Val Loss: 1.883 | Val Acc: 24.30  |  Test Loss: 1.804 | Tes Acc: 30.95
INFO >> Epoch: 1  |  Layer:  4  |  Train Loss: 1.906 | Train Acc: 21.80  |  Val Loss: 1.878 | Val Acc: 24.30  |  Test Loss: 1.802 | Tes Acc: 30.95
INFO >> Epoch: 1  |  Layer:  5  |  Train Loss: 1.911 | Train Acc: 21.80  |  Val Loss: 1.883 | Val Acc: 24.30  |  Test Loss: 1.815 | Tes Acc: 30.95
INFO >> Epoch: 1  |  Layer:  6  |  Train Loss: 1.909 | Train Acc: 22.38  |  Val Loss: 1.872 | Val Acc: 24.30  |  Test Loss: 1.811 | Tes Acc: 30.95
INFO >> Epoch: 1  |  Layer:  7  |  Train Loss: 1.906 | Train Acc: 21.80  |  Val Loss: 1.857 | Val Acc: 24.30  |  Test Loss: 1.798 | Tes Acc: 30.95
INFO >> Epoch: 1  |  Layer:  8  |  Train Loss: 1.906 | Train Acc: 21.51  |  Val Loss: 1.866 | Val Acc: 24.30  |  Test Loss: 1.788 | Tes Acc: 30.95
INFO >> Epoch: 1  |  Layer:  9  |  Train Loss: 1.902 | Train Acc: 22.09  |  Val Loss: 1.850 | Val Acc: 24.30  |  Test Loss: 1.782 | Tes Acc: 30.95
INFO >> Epoch: 1  |  Layer: 10  |  Train Loss: 1.908 | Train Acc: 22.09  |  Val Loss: 1.865 | Val Acc: 25.23  |  Test Loss: 1.792 | Tes Acc: 35.71
INFO >> Epoch: 1  |  Layer: 11  |  Train Loss: 1.908 | Train Acc: 21.51  |  Val Loss: 1.864 | Val Acc: 26.17  |  Test Loss: 1.792 | Tes Acc: 35.71
INFO >> Epoch: 1  |  Layer: 12  |  Train Loss: 1.903 | Train Acc: 21.51  |  Val Loss: 1.857 | Val Acc: 26.17  |  Test Loss: 1.777 | Tes Acc: 34.52
INFO >> Epoch: 1  |  Layer: 13  |  Train Loss: 1.905 | Train Acc: 19.48  |  Val Loss: 1.863 | Val Acc: 25.23  |  Test Loss: 1.760 | Tes Acc: 32.14

INFO >> Epoch: 2  |  Layer:  1  |  Train Loss: 1.828 | Train Acc: 27.62  |  Val Loss: 1.723 | Val Acc: 29.91  |  Test Loss: 1.731 | Tes Acc: 36.90
INFO >> Epoch: 2  |  Layer:  2  |  Train Loss: 1.827 | Train Acc: 28.20  |  Val Loss: 1.806 | Val Acc: 33.64  |  Test Loss: 1.743 | Tes Acc: 42.86
INFO >> Epoch: 2  |  Layer:  3  |  Train Loss: 1.832 | Train Acc: 25.00  |  Val Loss: 1.800 | Val Acc: 29.91  |  Test Loss: 1.742 | Tes Acc: 36.90
INFO >> Epoch: 2  |  Layer:  4  |  Train Loss: 1.815 | Train Acc: 29.07  |  Val Loss: 1.786 | Val Acc: 35.51  |  Test Loss: 1.725 | Tes Acc: 40.48
INFO >> Epoch: 2  |  Layer:  5  |  Train Loss: 1.825 | Train Acc: 28.78  |  Val Loss: 1.800 | Val Acc: 34.58  |  Test Loss: 1.732 | Tes Acc: 39.29
INFO >> Epoch: 2  |  Layer:  6  |  Train Loss: 1.826 | Train Acc: 26.16  |  Val Loss: 1.798 | Val Acc: 29.91  |  Test Loss: 1.733 | Tes Acc: 34.52
INFO >> Epoch: 2  |  Layer:  7  |  Train Loss: 1.796 | Train Acc: 30.23  |  Val Loss: 1.755 | Val Acc: 38.32  |  Test Loss: 1.694 | Tes Acc: 42.86
INFO >> Epoch: 2  |  Layer:  8  |  Train Loss: 1.801 | Train Acc: 31.40  |  Val Loss: 1.768 | Val Acc: 35.51  |  Test Loss: 1.693 | Tes Acc: 45.24
INFO >> Epoch: 2  |  Layer:  9  |  Train Loss: 1.786 | Train Acc: 28.49  |  Val Loss: 1.736 | Val Acc: 35.51  |  Test Loss: 1.674 | Tes Acc: 44.05
INFO >> Epoch: 2  |  Layer: 10  |  Train Loss: 1.800 | Train Acc: 28.49  |  Val Loss: 1.756 | Val Acc: 33.64  |  Test Loss: 1.691 | Tes Acc: 45.24
INFO >> Epoch: 2  |  Layer: 11  |  Train Loss: 1.802 | Train Acc: 31.10  |  Val Loss: 1.775 | Val Acc: 35.51  |  Test Loss: 1.699 | Tes Acc: 44.05
INFO >> Epoch: 2  |  Layer: 12  |  Train Loss: 1.794 | Train Acc: 29.94  |  Val Loss: 1.752 | Val Acc: 34.58  |  Test Loss: 1.693 | Tes Acc: 44.05
INFO >> Epoch: 2  |  Layer: 13  |  Train Loss: 1.809 | Train Acc: 30.81  |  Val Loss: 1.765 | Val Acc: 33.64  |  Test Loss: 1.705 | Tes Acc: 41.67

INFO >> Epoch: 3  |  Layer:  1  |  Train Loss: 1.738 | Train Acc: 35.47  |  Val Loss: 1.755 | Val Acc: 38.32  |  Test Loss: 1.701 | Tes Acc: 45.24
INFO >> Epoch: 3  |  Layer:  2  |  Train Loss: 1.753 | Train Acc: 35.17  |  Val Loss: 1.725 | Val Acc: 40.19  |  Test Loss: 1.675 | Tes Acc: 48.81
INFO >> Epoch: 3  |  Layer:  3  |  Train Loss: 1.756 | Train Acc: 34.30  |  Val Loss: 1.716 | Val Acc: 34.58  |  Test Loss: 1.670 | Tes Acc: 44.05
INFO >> Epoch: 3  |  Layer:  4  |  Train Loss: 1.724 | Train Acc: 37.21  |  Val Loss: 1.685 | Val Acc: 45.79  |  Test Loss: 1.636 | Tes Acc: 46.43
INFO >> Epoch: 3  |  Layer:  5  |  Train Loss: 1.747 | Train Acc: 37.50  |  Val Loss: 1.721 | Val Acc: 41.12  |  Test Loss: 1.651 | Tes Acc: 52.38
INFO >> Epoch: 3  |  Layer:  6  |  Train Loss: 1.753 | Train Acc: 37.21  |  Val Loss: 1.713 | Val Acc: 37.38  |  Test Loss: 1.652 | Tes Acc: 44.05
INFO >> Epoch: 3  |  Layer:  7  |  Train Loss: 1.694 | Train Acc: 42.73  |  Val Loss: 1.633 | Val Acc: 39.25  |  Test Loss: 1.571 | Tes Acc: 47.62
INFO >> Epoch: 3  |  Layer:  8  |  Train Loss: 1.703 | Train Acc: 44.19  |  Val Loss: 1.656 | Val Acc: 42.99  |  Test Loss: 1.574 | Tes Acc: 51.19
INFO >> Epoch: 3  |  Layer:  9  |  Train Loss: 1.690 | Train Acc: 43.31  |  Val Loss: 1.622 | Val Acc: 41.12  |  Test Loss: 1.563 | Tes Acc: 47.62
INFO >> Epoch: 3  |  Layer: 10  |  Train Loss: 1.706 | Train Acc: 41.57  |  Val Loss: 1.646 | Val Acc: 41.12  |  Test Loss: 1.581 | Tes Acc: 48.81
INFO >> Epoch: 3  |  Layer: 11  |  Train Loss: 1.719 | Train Acc: 38.37  |  Val Loss: 1.655 | Val Acc: 38.32  |  Test Loss: 1.583 | Tes Acc: 45.24
INFO >> Epoch: 3  |  Layer: 12  |  Train Loss: 1.713 | Train Acc: 36.05  |  Val Loss: 1.645 | Val Acc: 35.51  |  Test Loss: 1.592 | Tes Acc: 39.29
INFO >> Epoch: 3  |  Layer: 13  |  Train Loss: 1.740 | Train Acc: 34.30  |  Val Loss: 1.690 | Val Acc: 36.45  |  Test Loss: 1.622 | Tes Acc: 41.67

INFO >> Epoch: 4  |  Layer:  1  |  Train Loss: 1.671 | Train Acc: 33.43  |  Val Loss: 1.616 | Val Acc: 39.25  |  Test Loss: 1.572 | Tes Acc: 51.19
INFO >> Epoch: 4  |  Layer:  2  |  Train Loss: 1.651 | Train Acc: 44.19  |  Val Loss: 1.643 | Val Acc: 46.73  |  Test Loss: 1.599 | Tes Acc: 55.95
INFO >> Epoch: 4  |  Layer:  3  |  Train Loss: 1.655 | Train Acc: 40.99  |  Val Loss: 1.639 | Val Acc: 46.73  |  Test Loss: 1.594 | Tes Acc: 60.71
INFO >> Epoch: 4  |  Layer:  4  |  Train Loss: 1.600 | Train Acc: 46.51  |  Val Loss: 1.587 | Val Acc: 43.93  |  Test Loss: 1.535 | Tes Acc: 54.76
INFO >> Epoch: 4  |  Layer:  5  |  Train Loss: 1.640 | Train Acc: 44.19  |  Val Loss: 1.634 | Val Acc: 42.06  |  Test Loss: 1.566 | Tes Acc: 55.95
INFO >> Epoch: 4  |  Layer:  6  |  Train Loss: 1.642 | Train Acc: 43.60  |  Val Loss: 1.625 | Val Acc: 43.93  |  Test Loss: 1.561 | Tes Acc: 58.33
INFO >> Epoch: 4  |  Layer:  7  |  Train Loss: 1.545 | Train Acc: 45.64  |  Val Loss: 1.510 | Val Acc: 44.86  |  Test Loss: 1.448 | Tes Acc: 54.76
INFO >> Epoch: 4  |  Layer:  8  |  Train Loss: 1.564 | Train Acc: 48.26  |  Val Loss: 1.541 | Val Acc: 45.79  |  Test Loss: 1.454 | Tes Acc: 54.76
INFO >> Epoch: 4  |  Layer:  9  |  Train Loss: 1.541 | Train Acc: 49.71  |  Val Loss: 1.506 | Val Acc: 45.79  |  Test Loss: 1.454 | Tes Acc: 54.76
INFO >> Epoch: 4  |  Layer: 10  |  Train Loss: 1.563 | Train Acc: 46.51  |  Val Loss: 1.529 | Val Acc: 43.93  |  Test Loss: 1.476 | Tes Acc: 60.71
INFO >> Epoch: 4  |  Layer: 11  |  Train Loss: 1.579 | Train Acc: 43.90  |  Val Loss: 1.545 | Val Acc: 45.79  |  Test Loss: 1.490 | Tes Acc: 55.95
INFO >> Epoch: 4  |  Layer: 12  |  Train Loss: 1.581 | Train Acc: 42.44  |  Val Loss: 1.539 | Val Acc: 43.93  |  Test Loss: 1.502 | Tes Acc: 53.57
INFO >> Epoch: 4  |  Layer: 13  |  Train Loss: 1.617 | Train Acc: 41.57  |  Val Loss: 1.589 | Val Acc: 41.12  |  Test Loss: 1.530 | Tes Acc: 50.00

INFO >> Epoch: 5  |  Layer:  1  |  Train Loss: 1.637 | Train Acc: 42.15  |  Val Loss: 1.541 | Val Acc: 39.25  |  Test Loss: 1.518 | Tes Acc: 46.43
INFO >> Epoch: 5  |  Layer:  2  |  Train Loss: 1.560 | Train Acc: 49.42  |  Val Loss: 1.556 | Val Acc: 49.53  |  Test Loss: 1.542 | Tes Acc: 59.52
INFO >> Epoch: 5  |  Layer:  3  |  Train Loss: 1.557 | Train Acc: 48.84  |  Val Loss: 1.540 | Val Acc: 48.60  |  Test Loss: 1.523 | Tes Acc: 53.57
INFO >> Epoch: 5  |  Layer:  4  |  Train Loss: 1.480 | Train Acc: 49.42  |  Val Loss: 1.469 | Val Acc: 54.21  |  Test Loss: 1.449 | Tes Acc: 57.14
INFO >> Epoch: 5  |  Layer:  5  |  Train Loss: 1.527 | Train Acc: 49.13  |  Val Loss: 1.526 | Val Acc: 47.66  |  Test Loss: 1.480 | Tes Acc: 54.76
INFO >> Epoch: 5  |  Layer:  6  |  Train Loss: 1.530 | Train Acc: 50.58  |  Val Loss: 1.514 | Val Acc: 50.47  |  Test Loss: 1.472 | Tes Acc: 57.14
INFO >> Epoch: 5  |  Layer:  7  |  Train Loss: 1.400 | Train Acc: 52.62  |  Val Loss: 1.373 | Val Acc: 64.49  |  Test Loss: 1.346 | Tes Acc: 61.90
INFO >> Epoch: 5  |  Layer:  8  |  Train Loss: 1.426 | Train Acc: 52.33  |  Val Loss: 1.409 | Val Acc: 50.47  |  Test Loss: 1.344 | Tes Acc: 63.10
INFO >> Epoch: 5  |  Layer:  9  |  Train Loss: 1.397 | Train Acc: 51.74  |  Val Loss: 1.370 | Val Acc: 57.94  |  Test Loss: 1.343 | Tes Acc: 61.90
INFO >> Epoch: 5  |  Layer: 10  |  Train Loss: 1.421 | Train Acc: 51.45  |  Val Loss: 1.397 | Val Acc: 58.88  |  Test Loss: 1.377 | Tes Acc: 58.33
INFO >> Epoch: 5  |  Layer: 11  |  Train Loss: 1.446 | Train Acc: 50.87  |  Val Loss: 1.425 | Val Acc: 54.21  |  Test Loss: 1.398 | Tes Acc: 57.14
INFO >> Epoch: 5  |  Layer: 12  |  Train Loss: 1.452 | Train Acc: 52.33  |  Val Loss: 1.424 | Val Acc: 54.21  |  Test Loss: 1.421 | Tes Acc: 60.71
INFO >> Epoch: 5  |  Layer: 13  |  Train Loss: 1.495 | Train Acc: 49.42  |  Val Loss: 1.478 | Val Acc: 47.66  |  Test Loss: 1.441 | Tes Acc: 51.19

INFO >> Epoch: 6  |  Layer:  1  |  Train Loss: 1.551 | Train Acc: 41.86  |  Val Loss: 1.500 | Val Acc: 44.86  |  Test Loss: 1.467 | Tes Acc: 50.00
INFO >> Epoch: 6  |  Layer:  2  |  Train Loss: 1.463 | Train Acc: 48.55  |  Val Loss: 1.475 | Val Acc: 46.73  |  Test Loss: 1.442 | Tes Acc: 59.52
INFO >> Epoch: 6  |  Layer:  3  |  Train Loss: 1.451 | Train Acc: 48.55  |  Val Loss: 1.442 | Val Acc: 47.66  |  Test Loss: 1.412 | Tes Acc: 59.52
INFO >> Epoch: 6  |  Layer:  4  |  Train Loss: 1.367 | Train Acc: 50.58  |  Val Loss: 1.361 | Val Acc: 47.66  |  Test Loss: 1.333 | Tes Acc: 58.33
INFO >> Epoch: 6  |  Layer:  5  |  Train Loss: 1.413 | Train Acc: 48.26  |  Val Loss: 1.422 | Val Acc: 46.73  |  Test Loss: 1.360 | Tes Acc: 57.14
INFO >> Epoch: 6  |  Layer:  6  |  Train Loss: 1.417 | Train Acc: 52.03  |  Val Loss: 1.406 | Val Acc: 49.53  |  Test Loss: 1.342 | Tes Acc: 59.52
INFO >> Epoch: 6  |  Layer:  7  |  Train Loss: 1.296 | Train Acc: 54.36  |  Val Loss: 1.252 | Val Acc: 63.55  |  Test Loss: 1.221 | Tes Acc: 63.10
INFO >> Epoch: 6  |  Layer:  8  |  Train Loss: 1.309 | Train Acc: 54.94  |  Val Loss: 1.281 | Val Acc: 55.14  |  Test Loss: 1.208 | Tes Acc: 64.29
INFO >> Epoch: 6  |  Layer:  9  |  Train Loss: 1.305 | Train Acc: 53.78  |  Val Loss: 1.255 | Val Acc: 52.34  |  Test Loss: 1.222 | Tes Acc: 63.10
INFO >> Epoch: 6  |  Layer: 10  |  Train Loss: 1.327 | Train Acc: 54.07  |  Val Loss: 1.279 | Val Acc: 57.01  |  Test Loss: 1.252 | Tes Acc: 60.71
INFO >> Epoch: 6  |  Layer: 11  |  Train Loss: 1.357 | Train Acc: 52.62  |  Val Loss: 1.315 | Val Acc: 56.07  |  Test Loss: 1.281 | Tes Acc: 63.10
INFO >> Epoch: 6  |  Layer: 12  |  Train Loss: 1.358 | Train Acc: 51.74  |  Val Loss: 1.315 | Val Acc: 55.14  |  Test Loss: 1.311 | Tes Acc: 63.10
INFO >> Epoch: 6  |  Layer: 13  |  Train Loss: 1.413 | Train Acc: 49.42  |  Val Loss: 1.387 | Val Acc: 42.99  |  Test Loss: 1.342 | Tes Acc: 57.14

INFO >> Epoch: 7  |  Layer:  1  |  Train Loss: 1.499 | Train Acc: 44.77  |  Val Loss: 1.486 | Val Acc: 42.99  |  Test Loss: 1.544 | Tes Acc: 39.29
INFO >> Epoch: 7  |  Layer:  2  |  Train Loss: 1.377 | Train Acc: 51.74  |  Val Loss: 1.403 | Val Acc: 46.73  |  Test Loss: 1.399 | Tes Acc: 61.90
INFO >> Epoch: 7  |  Layer:  3  |  Train Loss: 1.351 | Train Acc: 53.20  |  Val Loss: 1.354 | Val Acc: 50.47  |  Test Loss: 1.356 | Tes Acc: 63.10
INFO >> Epoch: 7  |  Layer:  4  |  Train Loss: 1.258 | Train Acc: 53.20  |  Val Loss: 1.270 | Val Acc: 61.68  |  Test Loss: 1.281 | Tes Acc: 64.29
INFO >> Epoch: 7  |  Layer:  5  |  Train Loss: 1.308 | Train Acc: 51.45  |  Val Loss: 1.327 | Val Acc: 57.94  |  Test Loss: 1.302 | Tes Acc: 63.10
INFO >> Epoch: 7  |  Layer:  6  |  Train Loss: 1.299 | Train Acc: 51.45  |  Val Loss: 1.304 | Val Acc: 56.07  |  Test Loss: 1.269 | Tes Acc: 64.29
INFO >> Epoch: 7  |  Layer:  7  |  Train Loss: 1.155 | Train Acc: 59.88  |  Val Loss: 1.144 | Val Acc: 76.64  |  Test Loss: 1.150 | Tes Acc: 69.05
INFO >> Epoch: 7  |  Layer:  8  |  Train Loss: 1.168 | Train Acc: 58.43  |  Val Loss: 1.168 | Val Acc: 71.96  |  Test Loss: 1.131 | Tes Acc: 71.43
INFO >> Epoch: 7  |  Layer:  9  |  Train Loss: 1.159 | Train Acc: 59.59  |  Val Loss: 1.138 | Val Acc: 69.16  |  Test Loss: 1.147 | Tes Acc: 67.86
INFO >> Epoch: 7  |  Layer: 10  |  Train Loss: 1.180 | Train Acc: 59.01  |  Val Loss: 1.163 | Val Acc: 71.03  |  Test Loss: 1.178 | Tes Acc: 67.86
INFO >> Epoch: 7  |  Layer: 11  |  Train Loss: 1.217 | Train Acc: 55.81  |  Val Loss: 1.201 | Val Acc: 69.16  |  Test Loss: 1.207 | Tes Acc: 67.86
INFO >> Epoch: 7  |  Layer: 12  |  Train Loss: 1.221 | Train Acc: 56.40  |  Val Loss: 1.206 | Val Acc: 66.36  |  Test Loss: 1.237 | Tes Acc: 69.05
INFO >> Epoch: 7  |  Layer: 13  |  Train Loss: 1.279 | Train Acc: 50.87  |  Val Loss: 1.276 | Val Acc: 63.55  |  Test Loss: 1.271 | Tes Acc: 63.10

INFO >> Epoch: 8  |  Layer:  1  |  Train Loss: 1.422 | Train Acc: 45.93  |  Val Loss: 1.420 | Val Acc: 44.86  |  Test Loss: 1.440 | Tes Acc: 50.00
INFO >> Epoch: 8  |  Layer:  2  |  Train Loss: 1.301 | Train Acc: 55.23  |  Val Loss: 1.325 | Val Acc: 53.27  |  Test Loss: 1.339 | Tes Acc: 64.29
INFO >> Epoch: 8  |  Layer:  3  |  Train Loss: 1.266 | Train Acc: 55.81  |  Val Loss: 1.269 | Val Acc: 60.75  |  Test Loss: 1.293 | Tes Acc: 67.86
INFO >> Epoch: 8  |  Layer:  4  |  Train Loss: 1.168 | Train Acc: 65.41  |  Val Loss: 1.177 | Val Acc: 63.55  |  Test Loss: 1.206 | Tes Acc: 69.05
INFO >> Epoch: 8  |  Layer:  5  |  Train Loss: 1.206 | Train Acc: 63.08  |  Val Loss: 1.234 | Val Acc: 64.49  |  Test Loss: 1.221 | Tes Acc: 67.86
INFO >> Epoch: 8  |  Layer:  6  |  Train Loss: 1.198 | Train Acc: 63.95  |  Val Loss: 1.205 | Val Acc: 69.16  |  Test Loss: 1.190 | Tes Acc: 67.86
INFO >> Epoch: 8  |  Layer:  7  |  Train Loss: 1.065 | Train Acc: 72.97  |  Val Loss: 1.048 | Val Acc: 79.44  |  Test Loss: 1.070 | Tes Acc: 71.43
INFO >> Epoch: 8  |  Layer:  8  |  Train Loss: 1.063 | Train Acc: 71.80  |  Val Loss: 1.068 | Val Acc: 75.70  |  Test Loss: 1.041 | Tes Acc: 71.43
INFO >> Epoch: 8  |  Layer:  9  |  Train Loss: 1.063 | Train Acc: 68.90  |  Val Loss: 1.049 | Val Acc: 74.77  |  Test Loss: 1.070 | Tes Acc: 70.24
INFO >> Epoch: 8  |  Layer: 10  |  Train Loss: 1.087 | Train Acc: 68.90  |  Val Loss: 1.082 | Val Acc: 75.70  |  Test Loss: 1.119 | Tes Acc: 71.43
INFO >> Epoch: 8  |  Layer: 11  |  Train Loss: 1.140 | Train Acc: 67.15  |  Val Loss: 1.127 | Val Acc: 72.90  |  Test Loss: 1.154 | Tes Acc: 71.43
INFO >> Epoch: 8  |  Layer: 12  |  Train Loss: 1.146 | Train Acc: 68.02  |  Val Loss: 1.127 | Val Acc: 70.09  |  Test Loss: 1.179 | Tes Acc: 71.43
INFO >> Epoch: 8  |  Layer: 13  |  Train Loss: 1.207 | Train Acc: 61.05  |  Val Loss: 1.209 | Val Acc: 68.22  |  Test Loss: 1.216 | Tes Acc: 67.86

INFO >> Epoch: 9  |  Layer:  1  |  Train Loss: 1.385 | Train Acc: 50.87  |  Val Loss: 1.367 | Val Acc: 50.47  |  Test Loss: 1.417 | Tes Acc: 54.76
INFO >> Epoch: 9  |  Layer:  2  |  Train Loss: 1.239 | Train Acc: 54.65  |  Val Loss: 1.281 | Val Acc: 52.34  |  Test Loss: 1.288 | Tes Acc: 66.67
INFO >> Epoch: 9  |  Layer:  3  |  Train Loss: 1.195 | Train Acc: 55.81  |  Val Loss: 1.203 | Val Acc: 58.88  |  Test Loss: 1.234 | Tes Acc: 69.05
INFO >> Epoch: 9  |  Layer:  4  |  Train Loss: 1.104 | Train Acc: 62.21  |  Val Loss: 1.110 | Val Acc: 66.36  |  Test Loss: 1.155 | Tes Acc: 69.05
INFO >> Epoch: 9  |  Layer:  5  |  Train Loss: 1.136 | Train Acc: 60.17  |  Val Loss: 1.160 | Val Acc: 65.42  |  Test Loss: 1.155 | Tes Acc: 70.24
INFO >> Epoch: 9  |  Layer:  6  |  Train Loss: 1.119 | Train Acc: 61.63  |  Val Loss: 1.131 | Val Acc: 70.09  |  Test Loss: 1.124 | Tes Acc: 71.43
INFO >> Epoch: 9  |  Layer:  7  |  Train Loss: 0.986 | Train Acc: 69.48  |  Val Loss: 0.966 | Val Acc: 74.77  |  Test Loss: 1.008 | Tes Acc: 77.38
INFO >> Epoch: 9  |  Layer:  8  |  Train Loss: 0.979 | Train Acc: 71.22  |  Val Loss: 0.978 | Val Acc: 74.77  |  Test Loss: 0.971 | Tes Acc: 72.62
INFO >> Epoch: 9  |  Layer:  9  |  Train Loss: 0.996 | Train Acc: 68.31  |  Val Loss: 0.960 | Val Acc: 75.70  |  Test Loss: 1.004 | Tes Acc: 72.62
INFO >> Epoch: 9  |  Layer: 10  |  Train Loss: 1.024 | Train Acc: 66.86  |  Val Loss: 0.989 | Val Acc: 73.83  |  Test Loss: 1.032 | Tes Acc: 73.81
INFO >> Epoch: 9  |  Layer: 11  |  Train Loss: 1.078 | Train Acc: 64.24  |  Val Loss: 1.036 | Val Acc: 71.96  |  Test Loss: 1.070 | Tes Acc: 73.81
INFO >> Epoch: 9  |  Layer: 12  |  Train Loss: 1.089 | Train Acc: 61.92  |  Val Loss: 1.039 | Val Acc: 71.96  |  Test Loss: 1.113 | Tes Acc: 75.00
INFO >> Epoch: 9  |  Layer: 13  |  Train Loss: 1.150 | Train Acc: 57.27  |  Val Loss: 1.125 | Val Acc: 69.16  |  Test Loss: 1.157 | Tes Acc: 65.48

INFO >> Epoch: 10  |  Layer:  1  |  Train Loss: 1.371 | Train Acc: 48.84  |  Val Loss: 1.356 | Val Acc: 42.99  |  Test Loss: 1.418 | Tes Acc: 47.62
INFO >> Epoch: 10  |  Layer:  2  |  Train Loss: 1.190 | Train Acc: 59.01  |  Val Loss: 1.229 | Val Acc: 51.40  |  Test Loss: 1.238 | Tes Acc: 65.48
INFO >> Epoch: 10  |  Layer:  3  |  Train Loss: 1.144 | Train Acc: 61.92  |  Val Loss: 1.147 | Val Acc: 61.68  |  Test Loss: 1.177 | Tes Acc: 69.05
INFO >> Epoch: 10  |  Layer:  4  |  Train Loss: 1.043 | Train Acc: 65.41  |  Val Loss: 1.060 | Val Acc: 66.36  |  Test Loss: 1.100 | Tes Acc: 69.05
INFO >> Epoch: 10  |  Layer:  5  |  Train Loss: 1.080 | Train Acc: 62.79  |  Val Loss: 1.105 | Val Acc: 64.49  |  Test Loss: 1.102 | Tes Acc: 67.86
INFO >> Epoch: 10  |  Layer:  6  |  Train Loss: 1.065 | Train Acc: 67.15  |  Val Loss: 1.063 | Val Acc: 69.16  |  Test Loss: 1.061 | Tes Acc: 75.00
INFO >> Epoch: 10  |  Layer:  7  |  Train Loss: 0.924 | Train Acc: 72.38  |  Val Loss: 0.903 | Val Acc: 73.83  |  Test Loss: 0.945 | Tes Acc: 79.76
INFO >> Epoch: 10  |  Layer:  8  |  Train Loss: 0.915 | Train Acc: 73.55  |  Val Loss: 0.916 | Val Acc: 77.57  |  Test Loss: 0.907 | Tes Acc: 77.38
INFO >> Epoch: 10  |  Layer:  9  |  Train Loss: 0.922 | Train Acc: 74.13  |  Val Loss: 0.898 | Val Acc: 78.50  |  Test Loss: 0.945 | Tes Acc: 76.19
INFO >> Epoch: 10  |  Layer: 10  |  Train Loss: 0.949 | Train Acc: 74.42  |  Val Loss: 0.926 | Val Acc: 74.77  |  Test Loss: 0.985 | Tes Acc: 73.81
INFO >> Epoch: 10  |  Layer: 11  |  Train Loss: 1.006 | Train Acc: 69.48  |  Val Loss: 0.971 | Val Acc: 73.83  |  Test Loss: 1.027 | Tes Acc: 75.00
INFO >> Epoch: 10  |  Layer: 12  |  Train Loss: 1.017 | Train Acc: 67.73  |  Val Loss: 0.976 | Val Acc: 74.77  |  Test Loss: 1.059 | Tes Acc: 72.62
INFO >> Epoch: 10  |  Layer: 13  |  Train Loss: 1.088 | Train Acc: 63.95  |  Val Loss: 1.077 | Val Acc: 65.42  |  Test Loss: 1.104 | Tes Acc: 70.24

INFO >> Epoch: 11  |  Layer:  1  |  Train Loss: 1.341 | Train Acc: 53.49  |  Val Loss: 1.275 | Val Acc: 48.60  |  Test Loss: 1.284 | Tes Acc: 51.19
INFO >> Epoch: 11  |  Layer:  2  |  Train Loss: 1.153 | Train Acc: 61.92  |  Val Loss: 1.212 | Val Acc: 54.21  |  Test Loss: 1.231 | Tes Acc: 64.29
INFO >> Epoch: 11  |  Layer:  3  |  Train Loss: 1.102 | Train Acc: 65.41  |  Val Loss: 1.108 | Val Acc: 63.55  |  Test Loss: 1.155 | Tes Acc: 70.24
INFO >> Epoch: 11  |  Layer:  4  |  Train Loss: 1.007 | Train Acc: 68.90  |  Val Loss: 0.995 | Val Acc: 69.16  |  Test Loss: 1.055 | Tes Acc: 71.43
INFO >> Epoch: 11  |  Layer:  5  |  Train Loss: 1.033 | Train Acc: 70.06  |  Val Loss: 1.046 | Val Acc: 67.29  |  Test Loss: 1.053 | Tes Acc: 75.00
INFO >> Epoch: 11  |  Layer:  6  |  Train Loss: 1.016 | Train Acc: 72.67  |  Val Loss: 1.011 | Val Acc: 73.83  |  Test Loss: 1.020 | Tes Acc: 80.95
INFO >> Epoch: 11  |  Layer:  7  |  Train Loss: 0.883 | Train Acc: 79.36  |  Val Loss: 0.839 | Val Acc: 78.50  |  Test Loss: 0.905 | Tes Acc: 79.76
INFO >> Epoch: 11  |  Layer:  8  |  Train Loss: 0.853 | Train Acc: 79.07  |  Val Loss: 0.838 | Val Acc: 83.18  |  Test Loss: 0.849 | Tes Acc: 85.71
INFO >> Epoch: 11  |  Layer:  9  |  Train Loss: 0.886 | Train Acc: 77.33  |  Val Loss: 0.824 | Val Acc: 86.92  |  Test Loss: 0.893 | Tes Acc: 78.57
INFO >> Epoch: 11  |  Layer: 10  |  Train Loss: 0.916 | Train Acc: 75.29  |  Val Loss: 0.851 | Val Acc: 81.31  |  Test Loss: 0.926 | Tes Acc: 77.38
INFO >> Epoch: 11  |  Layer: 11  |  Train Loss: 0.973 | Train Acc: 75.87  |  Val Loss: 0.904 | Val Acc: 79.44  |  Test Loss: 0.972 | Tes Acc: 77.38
INFO >> Epoch: 11  |  Layer: 12  |  Train Loss: 0.985 | Train Acc: 74.42  |  Val Loss: 0.909 | Val Acc: 79.44  |  Test Loss: 1.009 | Tes Acc: 78.57
INFO >> Epoch: 11  |  Layer: 13  |  Train Loss: 1.062 | Train Acc: 68.02  |  Val Loss: 1.002 | Val Acc: 71.03  |  Test Loss: 1.042 | Tes Acc: 73.81

INFO >> Epoch: 12  |  Layer:  1  |  Train Loss: 1.294 | Train Acc: 50.87  |  Val Loss: 1.247 | Val Acc: 57.94  |  Test Loss: 1.306 | Tes Acc: 66.67
INFO >> Epoch: 12  |  Layer:  2  |  Train Loss: 1.102 | Train Acc: 63.37  |  Val Loss: 1.146 | Val Acc: 56.07  |  Test Loss: 1.142 | Tes Acc: 70.24
INFO >> Epoch: 12  |  Layer:  3  |  Train Loss: 1.030 | Train Acc: 68.02  |  Val Loss: 1.030 | Val Acc: 71.03  |  Test Loss: 1.070 | Tes Acc: 76.19
INFO >> Epoch: 12  |  Layer:  4  |  Train Loss: 0.917 | Train Acc: 74.42  |  Val Loss: 0.921 | Val Acc: 78.50  |  Test Loss: 0.989 | Tes Acc: 72.62
INFO >> Epoch: 12  |  Layer:  5  |  Train Loss: 0.953 | Train Acc: 72.38  |  Val Loss: 0.968 | Val Acc: 72.90  |  Test Loss: 0.985 | Tes Acc: 80.95
INFO >> Epoch: 12  |  Layer:  6  |  Train Loss: 0.929 | Train Acc: 73.55  |  Val Loss: 0.928 | Val Acc: 74.77  |  Test Loss: 0.951 | Tes Acc: 76.19
INFO >> Epoch: 12  |  Layer:  7  |  Train Loss: 0.783 | Train Acc: 80.52  |  Val Loss: 0.763 | Val Acc: 82.24  |  Test Loss: 0.826 | Tes Acc: 78.57
INFO >> Epoch: 12  |  Layer:  8  |  Train Loss: 0.763 | Train Acc: 78.78  |  Val Loss: 0.769 | Val Acc: 80.37  |  Test Loss: 0.783 | Tes Acc: 80.95
INFO >> Epoch: 12  |  Layer:  9  |  Train Loss: 0.783 | Train Acc: 79.36  |  Val Loss: 0.754 | Val Acc: 83.18  |  Test Loss: 0.823 | Tes Acc: 78.57
INFO >> Epoch: 12  |  Layer: 10  |  Train Loss: 0.815 | Train Acc: 78.78  |  Val Loss: 0.787 | Val Acc: 82.24  |  Test Loss: 0.853 | Tes Acc: 79.76
INFO >> Epoch: 12  |  Layer: 11  |  Train Loss: 0.875 | Train Acc: 77.62  |  Val Loss: 0.833 | Val Acc: 78.50  |  Test Loss: 0.893 | Tes Acc: 79.76
INFO >> Epoch: 12  |  Layer: 12  |  Train Loss: 0.884 | Train Acc: 76.16  |  Val Loss: 0.836 | Val Acc: 79.44  |  Test Loss: 0.931 | Tes Acc: 82.14
INFO >> Epoch: 12  |  Layer: 13  |  Train Loss: 0.964 | Train Acc: 68.02  |  Val Loss: 0.937 | Val Acc: 74.77  |  Test Loss: 0.985 | Tes Acc: 79.76

INFO >> Epoch: 13  |  Layer:  1  |  Train Loss: 1.237 | Train Acc: 57.85  |  Val Loss: 1.222 | Val Acc: 48.60  |  Test Loss: 1.251 | Tes Acc: 59.52
INFO >> Epoch: 13  |  Layer:  2  |  Train Loss: 1.052 | Train Acc: 66.57  |  Val Loss: 1.117 | Val Acc: 58.88  |  Test Loss: 1.136 | Tes Acc: 69.05
INFO >> Epoch: 13  |  Layer:  3  |  Train Loss: 0.982 | Train Acc: 70.93  |  Val Loss: 0.995 | Val Acc: 69.16  |  Test Loss: 1.052 | Tes Acc: 75.00
INFO >> Epoch: 13  |  Layer:  4  |  Train Loss: 0.863 | Train Acc: 77.62  |  Val Loss: 0.883 | Val Acc: 71.96  |  Test Loss: 0.957 | Tes Acc: 73.81
INFO >> Epoch: 13  |  Layer:  5  |  Train Loss: 0.896 | Train Acc: 77.91  |  Val Loss: 0.938 | Val Acc: 71.03  |  Test Loss: 0.960 | Tes Acc: 75.00
INFO >> Epoch: 13  |  Layer:  6  |  Train Loss: 0.860 | Train Acc: 81.40  |  Val Loss: 0.891 | Val Acc: 75.70  |  Test Loss: 0.912 | Tes Acc: 83.33
INFO >> Epoch: 13  |  Layer:  7  |  Train Loss: 0.714 | Train Acc: 84.59  |  Val Loss: 0.725 | Val Acc: 77.57  |  Test Loss: 0.788 | Tes Acc: 79.76
INFO >> Epoch: 13  |  Layer:  8  |  Train Loss: 0.695 | Train Acc: 83.72  |  Val Loss: 0.725 | Val Acc: 82.24  |  Test Loss: 0.739 | Tes Acc: 88.10
INFO >> Epoch: 13  |  Layer:  9  |  Train Loss: 0.721 | Train Acc: 85.17  |  Val Loss: 0.713 | Val Acc: 80.37  |  Test Loss: 0.784 | Tes Acc: 82.14
INFO >> Epoch: 13  |  Layer: 10  |  Train Loss: 0.750 | Train Acc: 84.59  |  Val Loss: 0.748 | Val Acc: 80.37  |  Test Loss: 0.820 | Tes Acc: 80.95
INFO >> Epoch: 13  |  Layer: 11  |  Train Loss: 0.815 | Train Acc: 80.52  |  Val Loss: 0.800 | Val Acc: 78.50  |  Test Loss: 0.875 | Tes Acc: 82.14
INFO >> Epoch: 13  |  Layer: 12  |  Train Loss: 0.828 | Train Acc: 80.52  |  Val Loss: 0.798 | Val Acc: 78.50  |  Test Loss: 0.903 | Tes Acc: 77.38
INFO >> Epoch: 13  |  Layer: 13  |  Train Loss: 0.913 | Train Acc: 77.03  |  Val Loss: 0.891 | Val Acc: 77.57  |  Test Loss: 0.949 | Tes Acc: 78.57

INFO >> Epoch: 14  |  Layer:  1  |  Train Loss: 1.212 | Train Acc: 56.69  |  Val Loss: 1.180 | Val Acc: 57.01  |  Test Loss: 1.259 | Tes Acc: 60.71
INFO >> Epoch: 14  |  Layer:  2  |  Train Loss: 1.015 | Train Acc: 66.57  |  Val Loss: 1.080 | Val Acc: 61.68  |  Test Loss: 1.107 | Tes Acc: 65.48
INFO >> Epoch: 14  |  Layer:  3  |  Train Loss: 0.936 | Train Acc: 75.29  |  Val Loss: 0.952 | Val Acc: 73.83  |  Test Loss: 1.022 | Tes Acc: 75.00
INFO >> Epoch: 14  |  Layer:  4  |  Train Loss: 0.819 | Train Acc: 80.52  |  Val Loss: 0.837 | Val Acc: 76.64  |  Test Loss: 0.932 | Tes Acc: 76.19
INFO >> Epoch: 14  |  Layer:  5  |  Train Loss: 0.863 | Train Acc: 77.33  |  Val Loss: 0.887 | Val Acc: 73.83  |  Test Loss: 0.926 | Tes Acc: 77.38
INFO >> Epoch: 14  |  Layer:  6  |  Train Loss: 0.829 | Train Acc: 79.07  |  Val Loss: 0.838 | Val Acc: 75.70  |  Test Loss: 0.882 | Tes Acc: 83.33
INFO >> Epoch: 14  |  Layer:  7  |  Train Loss: 0.684 | Train Acc: 84.59  |  Val Loss: 0.684 | Val Acc: 79.44  |  Test Loss: 0.763 | Tes Acc: 82.14
INFO >> Epoch: 14  |  Layer:  8  |  Train Loss: 0.651 | Train Acc: 84.59  |  Val Loss: 0.681 | Val Acc: 82.24  |  Test Loss: 0.704 | Tes Acc: 88.10
INFO >> Epoch: 14  |  Layer:  9  |  Train Loss: 0.672 | Train Acc: 84.30  |  Val Loss: 0.666 | Val Acc: 83.18  |  Test Loss: 0.753 | Tes Acc: 85.71
INFO >> Epoch: 14  |  Layer: 10  |  Train Loss: 0.697 | Train Acc: 84.59  |  Val Loss: 0.697 | Val Acc: 83.18  |  Test Loss: 0.782 | Tes Acc: 84.52
INFO >> Epoch: 14  |  Layer: 11  |  Train Loss: 0.769 | Train Acc: 80.52  |  Val Loss: 0.744 | Val Acc: 81.31  |  Test Loss: 0.838 | Tes Acc: 80.95
INFO >> Epoch: 14  |  Layer: 12  |  Train Loss: 0.783 | Train Acc: 80.81  |  Val Loss: 0.755 | Val Acc: 80.37  |  Test Loss: 0.878 | Tes Acc: 79.76
INFO >> Epoch: 14  |  Layer: 13  |  Train Loss: 0.870 | Train Acc: 77.03  |  Val Loss: 0.860 | Val Acc: 77.57  |  Test Loss: 0.928 | Tes Acc: 79.76

INFO >> Epoch: 15  |  Layer:  1  |  Train Loss: 1.197 | Train Acc: 57.56  |  Val Loss: 1.180 | Val Acc: 54.21  |  Test Loss: 1.235 | Tes Acc: 53.57
INFO >> Epoch: 15  |  Layer:  2  |  Train Loss: 0.993 | Train Acc: 66.86  |  Val Loss: 1.054 | Val Acc: 61.68  |  Test Loss: 1.055 | Tes Acc: 63.10
INFO >> Epoch: 15  |  Layer:  3  |  Train Loss: 0.911 | Train Acc: 70.35  |  Val Loss: 0.914 | Val Acc: 70.09  |  Test Loss: 0.963 | Tes Acc: 71.43
INFO >> Epoch: 15  |  Layer:  4  |  Train Loss: 0.792 | Train Acc: 78.20  |  Val Loss: 0.801 | Val Acc: 71.96  |  Test Loss: 0.871 | Tes Acc: 72.62
INFO >> Epoch: 15  |  Layer:  5  |  Train Loss: 0.821 | Train Acc: 77.62  |  Val Loss: 0.854 | Val Acc: 72.90  |  Test Loss: 0.865 | Tes Acc: 75.00
INFO >> Epoch: 15  |  Layer:  6  |  Train Loss: 0.777 | Train Acc: 82.85  |  Val Loss: 0.798 | Val Acc: 75.70  |  Test Loss: 0.822 | Tes Acc: 77.38
INFO >> Epoch: 15  |  Layer:  7  |  Train Loss: 0.632 | Train Acc: 84.59  |  Val Loss: 0.641 | Val Acc: 79.44  |  Test Loss: 0.698 | Tes Acc: 82.14
INFO >> Epoch: 15  |  Layer:  8  |  Train Loss: 0.609 | Train Acc: 85.76  |  Val Loss: 0.644 | Val Acc: 83.18  |  Test Loss: 0.651 | Tes Acc: 85.71
INFO >> Epoch: 15  |  Layer:  9  |  Train Loss: 0.631 | Train Acc: 84.59  |  Val Loss: 0.624 | Val Acc: 81.31  |  Test Loss: 0.697 | Tes Acc: 84.52
INFO >> Epoch: 15  |  Layer: 10  |  Train Loss: 0.656 | Train Acc: 83.72  |  Val Loss: 0.661 | Val Acc: 82.24  |  Test Loss: 0.726 | Tes Acc: 80.95
INFO >> Epoch: 15  |  Layer: 11  |  Train Loss: 0.726 | Train Acc: 82.27  |  Val Loss: 0.708 | Val Acc: 76.64  |  Test Loss: 0.780 | Tes Acc: 82.14
INFO >> Epoch: 15  |  Layer: 12  |  Train Loss: 0.739 | Train Acc: 83.43  |  Val Loss: 0.715 | Val Acc: 77.57  |  Test Loss: 0.812 | Tes Acc: 78.57
INFO >> Epoch: 15  |  Layer: 13  |  Train Loss: 0.825 | Train Acc: 76.16  |  Val Loss: 0.819 | Val Acc: 79.44  |  Test Loss: 0.875 | Tes Acc: 78.57

INFO >> Epoch: 16  |  Layer:  1  |  Train Loss: 1.151 | Train Acc: 58.43  |  Val Loss: 1.148 | Val Acc: 56.07  |  Test Loss: 1.196 | Tes Acc: 64.29
INFO >> Epoch: 16  |  Layer:  2  |  Train Loss: 0.954 | Train Acc: 70.06  |  Val Loss: 1.032 | Val Acc: 62.62  |  Test Loss: 1.055 | Tes Acc: 67.86
INFO >> Epoch: 16  |  Layer:  3  |  Train Loss: 0.861 | Train Acc: 74.71  |  Val Loss: 0.889 | Val Acc: 75.70  |  Test Loss: 0.973 | Tes Acc: 76.19
INFO >> Epoch: 16  |  Layer:  4  |  Train Loss: 0.739 | Train Acc: 81.98  |  Val Loss: 0.772 | Val Acc: 76.64  |  Test Loss: 0.884 | Tes Acc: 71.43
INFO >> Epoch: 16  |  Layer:  5  |  Train Loss: 0.775 | Train Acc: 79.07  |  Val Loss: 0.821 | Val Acc: 74.77  |  Test Loss: 0.876 | Tes Acc: 80.95
INFO >> Epoch: 16  |  Layer:  6  |  Train Loss: 0.730 | Train Acc: 82.56  |  Val Loss: 0.763 | Val Acc: 78.50  |  Test Loss: 0.827 | Tes Acc: 83.33
INFO >> Epoch: 16  |  Layer:  7  |  Train Loss: 0.582 | Train Acc: 88.08  |  Val Loss: 0.626 | Val Acc: 82.24  |  Test Loss: 0.713 | Tes Acc: 80.95
INFO >> Epoch: 16  |  Layer:  8  |  Train Loss: 0.551 | Train Acc: 88.37  |  Val Loss: 0.612 | Val Acc: 83.18  |  Test Loss: 0.645 | Tes Acc: 86.90
INFO >> Epoch: 16  |  Layer:  9  |  Train Loss: 0.575 | Train Acc: 87.79  |  Val Loss: 0.592 | Val Acc: 82.24  |  Test Loss: 0.694 | Tes Acc: 85.71
INFO >> Epoch: 16  |  Layer: 10  |  Train Loss: 0.603 | Train Acc: 89.24  |  Val Loss: 0.621 | Val Acc: 83.18  |  Test Loss: 0.730 | Tes Acc: 83.33
INFO >> Epoch: 16  |  Layer: 11  |  Train Loss: 0.678 | Train Acc: 85.17  |  Val Loss: 0.668 | Val Acc: 83.18  |  Test Loss: 0.789 | Tes Acc: 82.14
INFO >> Epoch: 16  |  Layer: 12  |  Train Loss: 0.684 | Train Acc: 86.34  |  Val Loss: 0.680 | Val Acc: 81.31  |  Test Loss: 0.825 | Tes Acc: 77.38
INFO >> Epoch: 16  |  Layer: 13  |  Train Loss: 0.772 | Train Acc: 80.23  |  Val Loss: 0.773 | Val Acc: 80.37  |  Test Loss: 0.873 | Tes Acc: 82.14

INFO >> Epoch: 17  |  Layer:  1  |  Train Loss: 1.159 | Train Acc: 57.27  |  Val Loss: 1.123 | Val Acc: 54.21  |  Test Loss: 1.239 | Tes Acc: 52.38
INFO >> Epoch: 17  |  Layer:  2  |  Train Loss: 0.920 | Train Acc: 70.93  |  Val Loss: 0.994 | Val Acc: 63.55  |  Test Loss: 1.019 | Tes Acc: 65.48
INFO >> Epoch: 17  |  Layer:  3  |  Train Loss: 0.827 | Train Acc: 75.58  |  Val Loss: 0.838 | Val Acc: 75.70  |  Test Loss: 0.915 | Tes Acc: 75.00
INFO >> Epoch: 17  |  Layer:  4  |  Train Loss: 0.708 | Train Acc: 80.81  |  Val Loss: 0.718 | Val Acc: 82.24  |  Test Loss: 0.814 | Tes Acc: 79.76
INFO >> Epoch: 17  |  Layer:  5  |  Train Loss: 0.741 | Train Acc: 78.49  |  Val Loss: 0.774 | Val Acc: 77.57  |  Test Loss: 0.809 | Tes Acc: 77.38
INFO >> Epoch: 17  |  Layer:  6  |  Train Loss: 0.696 | Train Acc: 84.30  |  Val Loss: 0.713 | Val Acc: 79.44  |  Test Loss: 0.767 | Tes Acc: 83.33
INFO >> Epoch: 17  |  Layer:  7  |  Train Loss: 0.548 | Train Acc: 87.50  |  Val Loss: 0.579 | Val Acc: 84.11  |  Test Loss: 0.648 | Tes Acc: 83.33
INFO >> Epoch: 17  |  Layer:  8  |  Train Loss: 0.522 | Train Acc: 88.37  |  Val Loss: 0.573 | Val Acc: 85.05  |  Test Loss: 0.590 | Tes Acc: 89.29
INFO >> Epoch: 17  |  Layer:  9  |  Train Loss: 0.542 | Train Acc: 88.95  |  Val Loss: 0.552 | Val Acc: 85.05  |  Test Loss: 0.643 | Tes Acc: 85.71
INFO >> Epoch: 17  |  Layer: 10  |  Train Loss: 0.571 | Train Acc: 86.92  |  Val Loss: 0.587 | Val Acc: 81.31  |  Test Loss: 0.672 | Tes Acc: 85.71
INFO >> Epoch: 17  |  Layer: 11  |  Train Loss: 0.645 | Train Acc: 83.43  |  Val Loss: 0.631 | Val Acc: 80.37  |  Test Loss: 0.724 | Tes Acc: 84.52
INFO >> Epoch: 17  |  Layer: 12  |  Train Loss: 0.661 | Train Acc: 84.59  |  Val Loss: 0.635 | Val Acc: 80.37  |  Test Loss: 0.755 | Tes Acc: 83.33
INFO >> Epoch: 17  |  Layer: 13  |  Train Loss: 0.752 | Train Acc: 78.78  |  Val Loss: 0.729 | Val Acc: 81.31  |  Test Loss: 0.817 | Tes Acc: 84.52

INFO >> Epoch: 18  |  Layer:  1  |  Train Loss: 1.096 | Train Acc: 56.98  |  Val Loss: 1.161 | Val Acc: 42.99  |  Test Loss: 1.252 | Tes Acc: 47.62
INFO >> Epoch: 18  |  Layer:  2  |  Train Loss: 0.894 | Train Acc: 70.06  |  Val Loss: 0.963 | Val Acc: 62.62  |  Test Loss: 0.982 | Tes Acc: 64.29
INFO >> Epoch: 18  |  Layer:  3  |  Train Loss: 0.788 | Train Acc: 75.29  |  Val Loss: 0.803 | Val Acc: 73.83  |  Test Loss: 0.884 | Tes Acc: 73.81
INFO >> Epoch: 18  |  Layer:  4  |  Train Loss: 0.678 | Train Acc: 81.10  |  Val Loss: 0.712 | Val Acc: 72.90  |  Test Loss: 0.820 | Tes Acc: 73.81
INFO >> Epoch: 18  |  Layer:  5  |  Train Loss: 0.702 | Train Acc: 80.23  |  Val Loss: 0.759 | Val Acc: 73.83  |  Test Loss: 0.814 | Tes Acc: 72.62
INFO >> Epoch: 18  |  Layer:  6  |  Train Loss: 0.667 | Train Acc: 81.69  |  Val Loss: 0.689 | Val Acc: 78.50  |  Test Loss: 0.742 | Tes Acc: 84.52
INFO >> Epoch: 18  |  Layer:  7  |  Train Loss: 0.526 | Train Acc: 87.79  |  Val Loss: 0.565 | Val Acc: 80.37  |  Test Loss: 0.633 | Tes Acc: 83.33
INFO >> Epoch: 18  |  Layer:  8  |  Train Loss: 0.505 | Train Acc: 88.37  |  Val Loss: 0.557 | Val Acc: 83.18  |  Test Loss: 0.580 | Tes Acc: 89.29
INFO >> Epoch: 18  |  Layer:  9  |  Train Loss: 0.532 | Train Acc: 86.34  |  Val Loss: 0.530 | Val Acc: 83.18  |  Test Loss: 0.619 | Tes Acc: 86.90
INFO >> Epoch: 18  |  Layer: 10  |  Train Loss: 0.547 | Train Acc: 85.47  |  Val Loss: 0.575 | Val Acc: 82.24  |  Test Loss: 0.642 | Tes Acc: 86.90
INFO >> Epoch: 18  |  Layer: 11  |  Train Loss: 0.615 | Train Acc: 83.72  |  Val Loss: 0.616 | Val Acc: 81.31  |  Test Loss: 0.704 | Tes Acc: 82.14
INFO >> Epoch: 18  |  Layer: 12  |  Train Loss: 0.629 | Train Acc: 82.85  |  Val Loss: 0.626 | Val Acc: 82.24  |  Test Loss: 0.739 | Tes Acc: 75.00
INFO >> Epoch: 18  |  Layer: 13  |  Train Loss: 0.724 | Train Acc: 74.13  |  Val Loss: 0.729 | Val Acc: 78.50  |  Test Loss: 0.809 | Tes Acc: 77.38

INFO >> Epoch: 19  |  Layer:  1  |  Train Loss: 1.059 | Train Acc: 61.92  |  Val Loss: 1.054 | Val Acc: 60.75  |  Test Loss: 1.149 | Tes Acc: 50.00
INFO >> Epoch: 19  |  Layer:  2  |  Train Loss: 0.868 | Train Acc: 74.42  |  Val Loss: 0.925 | Val Acc: 69.16  |  Test Loss: 0.979 | Tes Acc: 65.48
INFO >> Epoch: 19  |  Layer:  3  |  Train Loss: 0.776 | Train Acc: 80.52  |  Val Loss: 0.769 | Val Acc: 77.57  |  Test Loss: 0.864 | Tes Acc: 82.14
INFO >> Epoch: 19  |  Layer:  4  |  Train Loss: 0.668 | Train Acc: 82.85  |  Val Loss: 0.657 | Val Acc: 82.24  |  Test Loss: 0.775 | Tes Acc: 78.57
INFO >> Epoch: 19  |  Layer:  5  |  Train Loss: 0.681 | Train Acc: 82.56  |  Val Loss: 0.697 | Val Acc: 78.50  |  Test Loss: 0.761 | Tes Acc: 79.76
INFO >> Epoch: 19  |  Layer:  6  |  Train Loss: 0.645 | Train Acc: 84.01  |  Val Loss: 0.640 | Val Acc: 80.37  |  Test Loss: 0.719 | Tes Acc: 78.57
INFO >> Epoch: 19  |  Layer:  7  |  Train Loss: 0.512 | Train Acc: 88.08  |  Val Loss: 0.544 | Val Acc: 83.18  |  Test Loss: 0.602 | Tes Acc: 84.52
INFO >> Epoch: 19  |  Layer:  8  |  Train Loss: 0.492 | Train Acc: 87.50  |  Val Loss: 0.521 | Val Acc: 84.11  |  Test Loss: 0.541 | Tes Acc: 86.90
INFO >> Epoch: 19  |  Layer:  9  |  Train Loss: 0.517 | Train Acc: 86.05  |  Val Loss: 0.501 | Val Acc: 84.11  |  Test Loss: 0.578 | Tes Acc: 86.90
INFO >> Epoch: 19  |  Layer: 10  |  Train Loss: 0.538 | Train Acc: 86.63  |  Val Loss: 0.534 | Val Acc: 81.31  |  Test Loss: 0.606 | Tes Acc: 83.33
INFO >> Epoch: 19  |  Layer: 11  |  Train Loss: 0.604 | Train Acc: 84.30  |  Val Loss: 0.581 | Val Acc: 81.31  |  Test Loss: 0.668 | Tes Acc: 85.71
INFO >> Epoch: 19  |  Layer: 12  |  Train Loss: 0.625 | Train Acc: 81.98  |  Val Loss: 0.582 | Val Acc: 81.31  |  Test Loss: 0.688 | Tes Acc: 82.14
INFO >> Epoch: 19  |  Layer: 13  |  Train Loss: 0.703 | Train Acc: 79.36  |  Val Loss: 0.660 | Val Acc: 78.50  |  Test Loss: 0.751 | Tes Acc: 79.76

INFO >> Epoch: 20  |  Layer:  1  |  Train Loss: 1.105 | Train Acc: 59.30  |  Val Loss: 1.063 | Val Acc: 58.88  |  Test Loss: 1.151 | Tes Acc: 52.38
INFO >> Epoch: 20  |  Layer:  2  |  Train Loss: 0.850 | Train Acc: 72.67  |  Val Loss: 0.932 | Val Acc: 65.42  |  Test Loss: 0.966 | Tes Acc: 67.86
INFO >> Epoch: 20  |  Layer:  3  |  Train Loss: 0.748 | Train Acc: 79.36  |  Val Loss: 0.757 | Val Acc: 78.50  |  Test Loss: 0.850 | Tes Acc: 71.43
INFO >> Epoch: 20  |  Layer:  4  |  Train Loss: 0.633 | Train Acc: 81.10  |  Val Loss: 0.660 | Val Acc: 73.83  |  Test Loss: 0.778 | Tes Acc: 76.19
INFO >> Epoch: 20  |  Layer:  5  |  Train Loss: 0.664 | Train Acc: 81.98  |  Val Loss: 0.690 | Val Acc: 75.70  |  Test Loss: 0.750 | Tes Acc: 78.57
INFO >> Epoch: 20  |  Layer:  6  |  Train Loss: 0.614 | Train Acc: 82.56  |  Val Loss: 0.632 | Val Acc: 80.37  |  Test Loss: 0.679 | Tes Acc: 88.10
INFO >> Epoch: 20  |  Layer:  7  |  Train Loss: 0.463 | Train Acc: 89.53  |  Val Loss: 0.518 | Val Acc: 85.98  |  Test Loss: 0.578 | Tes Acc: 85.71
INFO >> Epoch: 20  |  Layer:  8  |  Train Loss: 0.443 | Train Acc: 89.24  |  Val Loss: 0.514 | Val Acc: 86.92  |  Test Loss: 0.524 | Tes Acc: 92.86
INFO >> Epoch: 20  |  Layer:  9  |  Train Loss: 0.464 | Train Acc: 88.66  |  Val Loss: 0.491 | Val Acc: 84.11  |  Test Loss: 0.577 | Tes Acc: 91.67
INFO >> Epoch: 20  |  Layer: 10  |  Train Loss: 0.498 | Train Acc: 86.34  |  Val Loss: 0.534 | Val Acc: 85.05  |  Test Loss: 0.597 | Tes Acc: 86.90
INFO >> Epoch: 20  |  Layer: 11  |  Train Loss: 0.559 | Train Acc: 85.47  |  Val Loss: 0.574 | Val Acc: 82.24  |  Test Loss: 0.662 | Tes Acc: 85.71
INFO >> Epoch: 20  |  Layer: 12  |  Train Loss: 0.569 | Train Acc: 84.88  |  Val Loss: 0.576 | Val Acc: 84.11  |  Test Loss: 0.690 | Tes Acc: 83.33
INFO >> Epoch: 20  |  Layer: 13  |  Train Loss: 0.670 | Train Acc: 79.65  |  Val Loss: 0.680 | Val Acc: 83.18  |  Test Loss: 0.763 | Tes Acc: 82.14

INFO >> Epoch: 21  |  Layer:  1  |  Train Loss: 1.053 | Train Acc: 61.05  |  Val Loss: 1.073 | Val Acc: 57.01  |  Test Loss: 1.172 | Tes Acc: 64.29
INFO >> Epoch: 21  |  Layer:  2  |  Train Loss: 0.823 | Train Acc: 73.55  |  Val Loss: 0.903 | Val Acc: 66.36  |  Test Loss: 0.947 | Tes Acc: 66.67
INFO >> Epoch: 21  |  Layer:  3  |  Train Loss: 0.712 | Train Acc: 81.10  |  Val Loss: 0.734 | Val Acc: 78.50  |  Test Loss: 0.819 | Tes Acc: 83.33
INFO >> Epoch: 21  |  Layer:  4  |  Train Loss: 0.581 | Train Acc: 86.05  |  Val Loss: 0.620 | Val Acc: 83.18  |  Test Loss: 0.730 | Tes Acc: 76.19
INFO >> Epoch: 21  |  Layer:  5  |  Train Loss: 0.615 | Train Acc: 85.17  |  Val Loss: 0.665 | Val Acc: 78.50  |  Test Loss: 0.730 | Tes Acc: 80.95
INFO >> Epoch: 21  |  Layer:  6  |  Train Loss: 0.568 | Train Acc: 87.79  |  Val Loss: 0.598 | Val Acc: 83.18  |  Test Loss: 0.665 | Tes Acc: 84.52
INFO >> Epoch: 21  |  Layer:  7  |  Train Loss: 0.416 | Train Acc: 92.15  |  Val Loss: 0.501 | Val Acc: 86.92  |  Test Loss: 0.556 | Tes Acc: 84.52
INFO >> Epoch: 21  |  Layer:  8  |  Train Loss: 0.395 | Train Acc: 93.60  |  Val Loss: 0.476 | Val Acc: 84.11  |  Test Loss: 0.494 | Tes Acc: 89.29
INFO >> Epoch: 21  |  Layer:  9  |  Train Loss: 0.429 | Train Acc: 89.83  |  Val Loss: 0.460 | Val Acc: 85.05  |  Test Loss: 0.535 | Tes Acc: 89.29
INFO >> Epoch: 21  |  Layer: 10  |  Train Loss: 0.446 | Train Acc: 91.86  |  Val Loss: 0.491 | Val Acc: 83.18  |  Test Loss: 0.572 | Tes Acc: 86.90
INFO >> Epoch: 21  |  Layer: 11  |  Train Loss: 0.516 | Train Acc: 89.24  |  Val Loss: 0.529 | Val Acc: 83.18  |  Test Loss: 0.627 | Tes Acc: 88.10
INFO >> Epoch: 21  |  Layer: 12  |  Train Loss: 0.535 | Train Acc: 87.79  |  Val Loss: 0.534 | Val Acc: 81.31  |  Test Loss: 0.649 | Tes Acc: 83.33
INFO >> Epoch: 21  |  Layer: 13  |  Train Loss: 0.612 | Train Acc: 86.05  |  Val Loss: 0.627 | Val Acc: 77.57  |  Test Loss: 0.717 | Tes Acc: 83.33

INFO >> Epoch: 22  |  Layer:  1  |  Train Loss: 1.053 | Train Acc: 62.21  |  Val Loss: 1.070 | Val Acc: 55.14  |  Test Loss: 1.181 | Tes Acc: 57.14
INFO >> Epoch: 22  |  Layer:  2  |  Train Loss: 0.791 | Train Acc: 76.45  |  Val Loss: 0.880 | Val Acc: 68.22  |  Test Loss: 0.933 | Tes Acc: 66.67
INFO >> Epoch: 22  |  Layer:  3  |  Train Loss: 0.683 | Train Acc: 79.65  |  Val Loss: 0.710 | Val Acc: 74.77  |  Test Loss: 0.815 | Tes Acc: 73.81
INFO >> Epoch: 22  |  Layer:  4  |  Train Loss: 0.558 | Train Acc: 85.76  |  Val Loss: 0.628 | Val Acc: 72.90  |  Test Loss: 0.741 | Tes Acc: 75.00
INFO >> Epoch: 22  |  Layer:  5  |  Train Loss: 0.595 | Train Acc: 84.59  |  Val Loss: 0.649 | Val Acc: 76.64  |  Test Loss: 0.711 | Tes Acc: 75.00
INFO >> Epoch: 22  |  Layer:  6  |  Train Loss: 0.542 | Train Acc: 88.66  |  Val Loss: 0.585 | Val Acc: 83.18  |  Test Loss: 0.645 | Tes Acc: 85.71
INFO >> Epoch: 22  |  Layer:  7  |  Train Loss: 0.403 | Train Acc: 92.73  |  Val Loss: 0.493 | Val Acc: 81.31  |  Test Loss: 0.552 | Tes Acc: 84.52
INFO >> Epoch: 22  |  Layer:  8  |  Train Loss: 0.389 | Train Acc: 92.15  |  Val Loss: 0.493 | Val Acc: 85.98  |  Test Loss: 0.499 | Tes Acc: 91.67
INFO >> Epoch: 22  |  Layer:  9  |  Train Loss: 0.407 | Train Acc: 91.28  |  Val Loss: 0.460 | Val Acc: 83.18  |  Test Loss: 0.544 | Tes Acc: 90.48
INFO >> Epoch: 22  |  Layer: 10  |  Train Loss: 0.430 | Train Acc: 91.28  |  Val Loss: 0.504 | Val Acc: 84.11  |  Test Loss: 0.562 | Tes Acc: 84.52
INFO >> Epoch: 22  |  Layer: 11  |  Train Loss: 0.497 | Train Acc: 88.66  |  Val Loss: 0.537 | Val Acc: 81.31  |  Test Loss: 0.622 | Tes Acc: 89.29
INFO >> Epoch: 22  |  Layer: 12  |  Train Loss: 0.516 | Train Acc: 88.08  |  Val Loss: 0.544 | Val Acc: 83.18  |  Test Loss: 0.646 | Tes Acc: 78.57
INFO >> Epoch: 22  |  Layer: 13  |  Train Loss: 0.608 | Train Acc: 82.56  |  Val Loss: 0.611 | Val Acc: 81.31  |  Test Loss: 0.702 | Tes Acc: 78.57

INFO >> Epoch: 23  |  Layer:  1  |  Train Loss: 0.985 | Train Acc: 63.95  |  Val Loss: 0.967 | Val Acc: 63.55  |  Test Loss: 1.066 | Tes Acc: 66.67
INFO >> Epoch: 23  |  Layer:  2  |  Train Loss: 0.771 | Train Acc: 73.55  |  Val Loss: 0.842 | Val Acc: 69.16  |  Test Loss: 0.882 | Tes Acc: 72.62
INFO >> Epoch: 23  |  Layer:  3  |  Train Loss: 0.648 | Train Acc: 80.23  |  Val Loss: 0.669 | Val Acc: 80.37  |  Test Loss: 0.761 | Tes Acc: 82.14
INFO >> Epoch: 23  |  Layer:  4  |  Train Loss: 0.537 | Train Acc: 85.47  |  Val Loss: 0.567 | Val Acc: 81.31  |  Test Loss: 0.682 | Tes Acc: 80.95
INFO >> Epoch: 23  |  Layer:  5  |  Train Loss: 0.556 | Train Acc: 85.76  |  Val Loss: 0.606 | Val Acc: 80.37  |  Test Loss: 0.674 | Tes Acc: 85.71
INFO >> Epoch: 23  |  Layer:  6  |  Train Loss: 0.514 | Train Acc: 87.79  |  Val Loss: 0.547 | Val Acc: 86.92  |  Test Loss: 0.613 | Tes Acc: 88.10
INFO >> Epoch: 23  |  Layer:  7  |  Train Loss: 0.386 | Train Acc: 91.86  |  Val Loss: 0.468 | Val Acc: 84.11  |  Test Loss: 0.520 | Tes Acc: 84.52
INFO >> Epoch: 23  |  Layer:  8  |  Train Loss: 0.372 | Train Acc: 89.83  |  Val Loss: 0.449 | Val Acc: 85.05  |  Test Loss: 0.474 | Tes Acc: 89.29
INFO >> Epoch: 23  |  Layer:  9  |  Train Loss: 0.394 | Train Acc: 87.21  |  Val Loss: 0.431 | Val Acc: 85.05  |  Test Loss: 0.511 | Tes Acc: 89.29
INFO >> Epoch: 23  |  Layer: 10  |  Train Loss: 0.409 | Train Acc: 88.66  |  Val Loss: 0.465 | Val Acc: 85.05  |  Test Loss: 0.550 | Tes Acc: 86.90
INFO >> Epoch: 23  |  Layer: 11  |  Train Loss: 0.478 | Train Acc: 86.92  |  Val Loss: 0.503 | Val Acc: 83.18  |  Test Loss: 0.606 | Tes Acc: 88.10
INFO >> Epoch: 23  |  Layer: 12  |  Train Loss: 0.488 | Train Acc: 85.17  |  Val Loss: 0.517 | Val Acc: 82.24  |  Test Loss: 0.633 | Tes Acc: 84.52
INFO >> Epoch: 23  |  Layer: 13  |  Train Loss: 0.578 | Train Acc: 83.14  |  Val Loss: 0.573 | Val Acc: 83.18  |  Test Loss: 0.683 | Tes Acc: 83.33

INFO >> Epoch: 24  |  Layer:  1  |  Train Loss: 0.960 | Train Acc: 65.12  |  Val Loss: 0.973 | Val Acc: 62.62  |  Test Loss: 1.063 | Tes Acc: 61.90
INFO >> Epoch: 24  |  Layer:  2  |  Train Loss: 0.732 | Train Acc: 78.20  |  Val Loss: 0.824 | Val Acc: 71.96  |  Test Loss: 0.886 | Tes Acc: 69.05
INFO >> Epoch: 24  |  Layer:  3  |  Train Loss: 0.621 | Train Acc: 84.59  |  Val Loss: 0.664 | Val Acc: 77.57  |  Test Loss: 0.768 | Tes Acc: 76.19
INFO >> Epoch: 24  |  Layer:  4  |  Train Loss: 0.513 | Train Acc: 86.63  |  Val Loss: 0.584 | Val Acc: 77.57  |  Test Loss: 0.701 | Tes Acc: 79.76
INFO >> Epoch: 24  |  Layer:  5  |  Train Loss: 0.530 | Train Acc: 88.66  |  Val Loss: 0.611 | Val Acc: 79.44  |  Test Loss: 0.690 | Tes Acc: 76.19
INFO >> Epoch: 24  |  Layer:  6  |  Train Loss: 0.484 | Train Acc: 89.24  |  Val Loss: 0.552 | Val Acc: 85.98  |  Test Loss: 0.607 | Tes Acc: 89.29
INFO >> Epoch: 24  |  Layer:  7  |  Train Loss: 0.361 | Train Acc: 94.48  |  Val Loss: 0.474 | Val Acc: 82.24  |  Test Loss: 0.514 | Tes Acc: 86.90
INFO >> Epoch: 24  |  Layer:  8  |  Train Loss: 0.343 | Train Acc: 94.48  |  Val Loss: 0.465 | Val Acc: 87.85  |  Test Loss: 0.457 | Tes Acc: 94.05
INFO >> Epoch: 24  |  Layer:  9  |  Train Loss: 0.358 | Train Acc: 94.77  |  Val Loss: 0.430 | Val Acc: 86.92  |  Test Loss: 0.496 | Tes Acc: 92.86
INFO >> Epoch: 24  |  Layer: 10  |  Train Loss: 0.388 | Train Acc: 93.60  |  Val Loss: 0.472 | Val Acc: 85.98  |  Test Loss: 0.520 | Tes Acc: 90.48
INFO >> Epoch: 24  |  Layer: 11  |  Train Loss: 0.454 | Train Acc: 90.70  |  Val Loss: 0.508 | Val Acc: 84.11  |  Test Loss: 0.590 | Tes Acc: 89.29
INFO >> Epoch: 24  |  Layer: 12  |  Train Loss: 0.473 | Train Acc: 87.50  |  Val Loss: 0.517 | Val Acc: 83.18  |  Test Loss: 0.610 | Tes Acc: 83.33
INFO >> Epoch: 24  |  Layer: 13  |  Train Loss: 0.550 | Train Acc: 86.63  |  Val Loss: 0.592 | Val Acc: 83.18  |  Test Loss: 0.688 | Tes Acc: 80.95

INFO >> Epoch: 25  |  Layer:  1  |  Train Loss: 0.949 | Train Acc: 67.15  |  Val Loss: 0.986 | Val Acc: 58.88  |  Test Loss: 1.129 | Tes Acc: 55.95
INFO >> Epoch: 25  |  Layer:  2  |  Train Loss: 0.710 | Train Acc: 77.03  |  Val Loss: 0.818 | Val Acc: 71.03  |  Test Loss: 0.881 | Tes Acc: 73.81
INFO >> Epoch: 25  |  Layer:  3  |  Train Loss: 0.595 | Train Acc: 84.01  |  Val Loss: 0.637 | Val Acc: 79.44  |  Test Loss: 0.753 | Tes Acc: 84.52
INFO >> Epoch: 25  |  Layer:  4  |  Train Loss: 0.494 | Train Acc: 87.21  |  Val Loss: 0.546 | Val Acc: 81.31  |  Test Loss: 0.667 | Tes Acc: 79.76
INFO >> Epoch: 25  |  Layer:  5  |  Train Loss: 0.514 | Train Acc: 87.79  |  Val Loss: 0.576 | Val Acc: 83.18  |  Test Loss: 0.655 | Tes Acc: 82.14
INFO >> Epoch: 25  |  Layer:  6  |  Train Loss: 0.469 | Train Acc: 89.24  |  Val Loss: 0.519 | Val Acc: 84.11  |  Test Loss: 0.586 | Tes Acc: 84.52
INFO >> Epoch: 25  |  Layer:  7  |  Train Loss: 0.354 | Train Acc: 94.48  |  Val Loss: 0.451 | Val Acc: 85.05  |  Test Loss: 0.509 | Tes Acc: 85.71
INFO >> Epoch: 25  |  Layer:  8  |  Train Loss: 0.336 | Train Acc: 94.19  |  Val Loss: 0.429 | Val Acc: 85.98  |  Test Loss: 0.451 | Tes Acc: 90.48
INFO >> Epoch: 25  |  Layer:  9  |  Train Loss: 0.357 | Train Acc: 93.02  |  Val Loss: 0.404 | Val Acc: 85.05  |  Test Loss: 0.484 | Tes Acc: 92.86
INFO >> Epoch: 25  |  Layer: 10  |  Train Loss: 0.378 | Train Acc: 93.02  |  Val Loss: 0.434 | Val Acc: 86.92  |  Test Loss: 0.509 | Tes Acc: 86.90
INFO >> Epoch: 25  |  Layer: 11  |  Train Loss: 0.446 | Train Acc: 89.24  |  Val Loss: 0.473 | Val Acc: 85.98  |  Test Loss: 0.567 | Tes Acc: 94.05
INFO >> Epoch: 25  |  Layer: 12  |  Train Loss: 0.462 | Train Acc: 88.95  |  Val Loss: 0.493 | Val Acc: 82.24  |  Test Loss: 0.600 | Tes Acc: 86.90
INFO >> Epoch: 25  |  Layer: 13  |  Train Loss: 0.537 | Train Acc: 84.88  |  Val Loss: 0.541 | Val Acc: 82.24  |  Test Loss: 0.650 | Tes Acc: 85.71

INFO >> Epoch: 26  |  Layer:  1  |  Train Loss: 1.002 | Train Acc: 63.66  |  Val Loss: 0.950 | Val Acc: 57.01  |  Test Loss: 1.054 | Tes Acc: 58.33
INFO >> Epoch: 26  |  Layer:  2  |  Train Loss: 0.704 | Train Acc: 80.23  |  Val Loss: 0.788 | Val Acc: 70.09  |  Test Loss: 0.847 | Tes Acc: 72.62
INFO >> Epoch: 26  |  Layer:  3  |  Train Loss: 0.586 | Train Acc: 86.34  |  Val Loss: 0.617 | Val Acc: 78.50  |  Test Loss: 0.712 | Tes Acc: 79.76
INFO >> Epoch: 26  |  Layer:  4  |  Train Loss: 0.470 | Train Acc: 89.24  |  Val Loss: 0.525 | Val Acc: 83.18  |  Test Loss: 0.636 | Tes Acc: 83.33
INFO >> Epoch: 26  |  Layer:  5  |  Train Loss: 0.486 | Train Acc: 88.08  |  Val Loss: 0.543 | Val Acc: 80.37  |  Test Loss: 0.611 | Tes Acc: 84.52
INFO >> Epoch: 26  |  Layer:  6  |  Train Loss: 0.447 | Train Acc: 90.41  |  Val Loss: 0.492 | Val Acc: 85.98  |  Test Loss: 0.575 | Tes Acc: 84.52
INFO >> Epoch: 26  |  Layer:  7  |  Train Loss: 0.320 | Train Acc: 94.19  |  Val Loss: 0.439 | Val Acc: 87.85  |  Test Loss: 0.482 | Tes Acc: 84.52
INFO >> Epoch: 26  |  Layer:  8  |  Train Loss: 0.307 | Train Acc: 93.60  |  Val Loss: 0.414 | Val Acc: 85.98  |  Test Loss: 0.420 | Tes Acc: 90.48
INFO >> Epoch: 26  |  Layer:  9  |  Train Loss: 0.323 | Train Acc: 93.31  |  Val Loss: 0.384 | Val Acc: 85.05  |  Test Loss: 0.459 | Tes Acc: 89.29
INFO >> Epoch: 26  |  Layer: 10  |  Train Loss: 0.336 | Train Acc: 94.48  |  Val Loss: 0.428 | Val Acc: 85.05  |  Test Loss: 0.471 | Tes Acc: 88.10
INFO >> Epoch: 26  |  Layer: 11  |  Train Loss: 0.398 | Train Acc: 90.41  |  Val Loss: 0.459 | Val Acc: 83.18  |  Test Loss: 0.521 | Tes Acc: 89.29
INFO >> Epoch: 26  |  Layer: 12  |  Train Loss: 0.410 | Train Acc: 89.83  |  Val Loss: 0.470 | Val Acc: 84.11  |  Test Loss: 0.551 | Tes Acc: 83.33
INFO >> Epoch: 26  |  Layer: 13  |  Train Loss: 0.499 | Train Acc: 88.37  |  Val Loss: 0.516 | Val Acc: 81.31  |  Test Loss: 0.623 | Tes Acc: 82.14

INFO >> Epoch: 27  |  Layer:  1  |  Train Loss: 0.950 | Train Acc: 65.41  |  Val Loss: 0.932 | Val Acc: 62.62  |  Test Loss: 1.080 | Tes Acc: 57.14
INFO >> Epoch: 27  |  Layer:  2  |  Train Loss: 0.680 | Train Acc: 77.62  |  Val Loss: 0.755 | Val Acc: 71.03  |  Test Loss: 0.834 | Tes Acc: 73.81
INFO >> Epoch: 27  |  Layer:  3  |  Train Loss: 0.557 | Train Acc: 85.76  |  Val Loss: 0.591 | Val Acc: 81.31  |  Test Loss: 0.700 | Tes Acc: 84.52
INFO >> Epoch: 27  |  Layer:  4  |  Train Loss: 0.451 | Train Acc: 89.83  |  Val Loss: 0.504 | Val Acc: 85.05  |  Test Loss: 0.611 | Tes Acc: 85.71
INFO >> Epoch: 27  |  Layer:  5  |  Train Loss: 0.462 | Train Acc: 89.83  |  Val Loss: 0.535 | Val Acc: 81.31  |  Test Loss: 0.601 | Tes Acc: 82.14
INFO >> Epoch: 27  |  Layer:  6  |  Train Loss: 0.428 | Train Acc: 90.41  |  Val Loss: 0.477 | Val Acc: 85.98  |  Test Loss: 0.539 | Tes Acc: 88.10
INFO >> Epoch: 27  |  Layer:  7  |  Train Loss: 0.308 | Train Acc: 95.93  |  Val Loss: 0.416 | Val Acc: 88.79  |  Test Loss: 0.453 | Tes Acc: 85.71
INFO >> Epoch: 27  |  Layer:  8  |  Train Loss: 0.294 | Train Acc: 94.77  |  Val Loss: 0.394 | Val Acc: 87.85  |  Test Loss: 0.396 | Tes Acc: 90.48
INFO >> Epoch: 27  |  Layer:  9  |  Train Loss: 0.317 | Train Acc: 93.60  |  Val Loss: 0.368 | Val Acc: 87.85  |  Test Loss: 0.437 | Tes Acc: 91.67
INFO >> Epoch: 27  |  Layer: 10  |  Train Loss: 0.333 | Train Acc: 93.02  |  Val Loss: 0.407 | Val Acc: 85.05  |  Test Loss: 0.457 | Tes Acc: 88.10
INFO >> Epoch: 27  |  Layer: 11  |  Train Loss: 0.390 | Train Acc: 90.70  |  Val Loss: 0.440 | Val Acc: 85.05  |  Test Loss: 0.505 | Tes Acc: 92.86
INFO >> Epoch: 27  |  Layer: 12  |  Train Loss: 0.411 | Train Acc: 90.70  |  Val Loss: 0.450 | Val Acc: 85.05  |  Test Loss: 0.520 | Tes Acc: 88.10
INFO >> Epoch: 27  |  Layer: 13  |  Train Loss: 0.495 | Train Acc: 85.47  |  Val Loss: 0.505 | Val Acc: 86.92  |  Test Loss: 0.586 | Tes Acc: 83.33

INFO >> Epoch: 28  |  Layer:  1  |  Train Loss: 0.915 | Train Acc: 64.83  |  Val Loss: 0.909 | Val Acc: 61.68  |  Test Loss: 1.056 | Tes Acc: 57.14
INFO >> Epoch: 28  |  Layer:  2  |  Train Loss: 0.661 | Train Acc: 81.69  |  Val Loss: 0.776 | Val Acc: 69.16  |  Test Loss: 0.836 | Tes Acc: 66.67
INFO >> Epoch: 28  |  Layer:  3  |  Train Loss: 0.542 | Train Acc: 88.37  |  Val Loss: 0.600 | Val Acc: 79.44  |  Test Loss: 0.696 | Tes Acc: 77.38
INFO >> Epoch: 28  |  Layer:  4  |  Train Loss: 0.447 | Train Acc: 87.79  |  Val Loss: 0.506 | Val Acc: 84.11  |  Test Loss: 0.613 | Tes Acc: 83.33
INFO >> Epoch: 28  |  Layer:  5  |  Train Loss: 0.452 | Train Acc: 90.12  |  Val Loss: 0.513 | Val Acc: 79.44  |  Test Loss: 0.581 | Tes Acc: 86.90
INFO >> Epoch: 28  |  Layer:  6  |  Train Loss: 0.412 | Train Acc: 90.70  |  Val Loss: 0.455 | Val Acc: 86.92  |  Test Loss: 0.519 | Tes Acc: 88.10
INFO >> Epoch: 28  |  Layer:  7  |  Train Loss: 0.297 | Train Acc: 95.06  |  Val Loss: 0.424 | Val Acc: 86.92  |  Test Loss: 0.440 | Tes Acc: 89.29
INFO >> Epoch: 28  |  Layer:  8  |  Train Loss: 0.281 | Train Acc: 94.77  |  Val Loss: 0.407 | Val Acc: 90.65  |  Test Loss: 0.382 | Tes Acc: 95.24
INFO >> Epoch: 28  |  Layer:  9  |  Train Loss: 0.304 | Train Acc: 93.02  |  Val Loss: 0.379 | Val Acc: 85.05  |  Test Loss: 0.428 | Tes Acc: 89.29
INFO >> Epoch: 28  |  Layer: 10  |  Train Loss: 0.321 | Train Acc: 94.48  |  Val Loss: 0.415 | Val Acc: 85.05  |  Test Loss: 0.434 | Tes Acc: 90.48
INFO >> Epoch: 28  |  Layer: 11  |  Train Loss: 0.384 | Train Acc: 90.41  |  Val Loss: 0.438 | Val Acc: 83.18  |  Test Loss: 0.483 | Tes Acc: 91.67
INFO >> Epoch: 28  |  Layer: 12  |  Train Loss: 0.405 | Train Acc: 89.83  |  Val Loss: 0.446 | Val Acc: 85.05  |  Test Loss: 0.499 | Tes Acc: 86.90
INFO >> Epoch: 28  |  Layer: 13  |  Train Loss: 0.478 | Train Acc: 88.08  |  Val Loss: 0.482 | Val Acc: 81.31  |  Test Loss: 0.565 | Tes Acc: 86.90

INFO >> Epoch: 29  |  Layer:  1  |  Train Loss: 0.943 | Train Acc: 61.92  |  Val Loss: 1.019 | Val Acc: 65.42  |  Test Loss: 1.179 | Tes Acc: 54.76
INFO >> Epoch: 29  |  Layer:  2  |  Train Loss: 0.641 | Train Acc: 79.36  |  Val Loss: 0.734 | Val Acc: 70.09  |  Test Loss: 0.800 | Tes Acc: 75.00
INFO >> Epoch: 29  |  Layer:  3  |  Train Loss: 0.521 | Train Acc: 87.21  |  Val Loss: 0.569 | Val Acc: 80.37  |  Test Loss: 0.657 | Tes Acc: 82.14
INFO >> Epoch: 29  |  Layer:  4  |  Train Loss: 0.420 | Train Acc: 89.24  |  Val Loss: 0.485 | Val Acc: 84.11  |  Test Loss: 0.572 | Tes Acc: 85.71
INFO >> Epoch: 29  |  Layer:  5  |  Train Loss: 0.432 | Train Acc: 90.70  |  Val Loss: 0.501 | Val Acc: 80.37  |  Test Loss: 0.560 | Tes Acc: 84.52
INFO >> Epoch: 29  |  Layer:  6  |  Train Loss: 0.391 | Train Acc: 92.73  |  Val Loss: 0.448 | Val Acc: 85.98  |  Test Loss: 0.500 | Tes Acc: 89.29
INFO >> Epoch: 29  |  Layer:  7  |  Train Loss: 0.276 | Train Acc: 95.35  |  Val Loss: 0.399 | Val Acc: 88.79  |  Test Loss: 0.433 | Tes Acc: 84.52
INFO >> Epoch: 29  |  Layer:  8  |  Train Loss: 0.272 | Train Acc: 94.77  |  Val Loss: 0.381 | Val Acc: 85.98  |  Test Loss: 0.381 | Tes Acc: 90.48
INFO >> Epoch: 29  |  Layer:  9  |  Train Loss: 0.286 | Train Acc: 94.77  |  Val Loss: 0.355 | Val Acc: 88.79  |  Test Loss: 0.416 | Tes Acc: 91.67
INFO >> Epoch: 29  |  Layer: 10  |  Train Loss: 0.305 | Train Acc: 95.64  |  Val Loss: 0.395 | Val Acc: 85.98  |  Test Loss: 0.430 | Tes Acc: 89.29
INFO >> Epoch: 29  |  Layer: 11  |  Train Loss: 0.360 | Train Acc: 91.57  |  Val Loss: 0.432 | Val Acc: 84.11  |  Test Loss: 0.480 | Tes Acc: 91.67
INFO >> Epoch: 29  |  Layer: 12  |  Train Loss: 0.378 | Train Acc: 91.86  |  Val Loss: 0.443 | Val Acc: 85.98  |  Test Loss: 0.500 | Tes Acc: 84.52
INFO >> Epoch: 29  |  Layer: 13  |  Train Loss: 0.439 | Train Acc: 88.66  |  Val Loss: 0.501 | Val Acc: 85.05  |  Test Loss: 0.571 | Tes Acc: 82.14

INFO >> Epoch: 30  |  Layer:  1  |  Train Loss: 0.931 | Train Acc: 67.15  |  Val Loss: 0.904 | Val Acc: 67.29  |  Test Loss: 1.063 | Tes Acc: 54.76
INFO >> Epoch: 30  |  Layer:  2  |  Train Loss: 0.622 | Train Acc: 82.85  |  Val Loss: 0.754 | Val Acc: 71.03  |  Test Loss: 0.816 | Tes Acc: 66.67
INFO >> Epoch: 30  |  Layer:  3  |  Train Loss: 0.504 | Train Acc: 89.53  |  Val Loss: 0.580 | Val Acc: 79.44  |  Test Loss: 0.674 | Tes Acc: 77.38
INFO >> Epoch: 30  |  Layer:  4  |  Train Loss: 0.402 | Train Acc: 92.73  |  Val Loss: 0.496 | Val Acc: 82.24  |  Test Loss: 0.589 | Tes Acc: 80.95
INFO >> Epoch: 30  |  Layer:  5  |  Train Loss: 0.399 | Train Acc: 92.44  |  Val Loss: 0.498 | Val Acc: 80.37  |  Test Loss: 0.563 | Tes Acc: 85.71
INFO >> Epoch: 30  |  Layer:  6  |  Train Loss: 0.370 | Train Acc: 92.73  |  Val Loss: 0.440 | Val Acc: 85.05  |  Test Loss: 0.487 | Tes Acc: 92.86
INFO >> Epoch: 30  |  Layer:  7  |  Train Loss: 0.262 | Train Acc: 96.22  |  Val Loss: 0.406 | Val Acc: 87.85  |  Test Loss: 0.423 | Tes Acc: 88.10
INFO >> Epoch: 30  |  Layer:  8  |  Train Loss: 0.247 | Train Acc: 95.06  |  Val Loss: 0.393 | Val Acc: 89.72  |  Test Loss: 0.362 | Tes Acc: 96.43
INFO >> Epoch: 30  |  Layer:  9  |  Train Loss: 0.255 | Train Acc: 95.06  |  Val Loss: 0.356 | Val Acc: 86.92  |  Test Loss: 0.407 | Tes Acc: 91.67
INFO >> Epoch: 30  |  Layer: 10  |  Train Loss: 0.270 | Train Acc: 95.35  |  Val Loss: 0.392 | Val Acc: 86.92  |  Test Loss: 0.421 | Tes Acc: 89.29
INFO >> Epoch: 30  |  Layer: 11  |  Train Loss: 0.332 | Train Acc: 92.73  |  Val Loss: 0.427 | Val Acc: 85.05  |  Test Loss: 0.476 | Tes Acc: 92.86
INFO >> Epoch: 30  |  Layer: 12  |  Train Loss: 0.353 | Train Acc: 93.31  |  Val Loss: 0.447 | Val Acc: 84.11  |  Test Loss: 0.496 | Tes Acc: 88.10
INFO >> Epoch: 30  |  Layer: 13  |  Train Loss: 0.430 | Train Acc: 90.12  |  Val Loss: 0.470 | Val Acc: 82.24  |  Test Loss: 0.549 | Tes Acc: 88.10



INFO >> Time Taken: 03:42

INFO >> Layer: 1  |  Best Val Acc: 67.29  |  Best Test Acc: 54.76
INFO >> Layer: 2  |  Best Val Acc: 71.96  |  Best Test Acc: 69.05
INFO >> Layer: 3  |  Best Val Acc: 81.31  |  Best Test Acc: 84.52
INFO >> Layer: 4  |  Best Val Acc: 85.05  |  Best Test Acc: 85.71
INFO >> Layer: 5  |  Best Val Acc: 83.18  |  Best Test Acc: 82.14
INFO >> Layer: 6  |  Best Val Acc: 86.92  |  Best Test Acc: 88.10
INFO >> Layer: 7  |  Best Val Acc: 88.79  |  Best Test Acc: 85.71
INFO >> Layer: 8  |  Best Val Acc: 90.65  |  Best Test Acc: 95.24
INFO >> Layer: 9  |  Best Val Acc: 88.79  |  Best Test Acc: 91.67
INFO >> Layer: 10  |  Best Val Acc: 86.92  |  Best Test Acc: 86.90
INFO >> Layer: 11  |  Best Val Acc: 85.98  |  Best Test Acc: 94.05
INFO >> Layer: 12  |  Best Val Acc: 85.98  |  Best Test Acc: 84.52
INFO >> Layer: 13  |  Best Val Acc: 86.92  |  Best Test Acc: 83.33

DEBUG >> Last state saved

INFO >> History saved (./history/v1.4/EmoDB/HUBERT_BASE_PROBING/Run5/history.pt)
