
--------------------------------------------------
Multilingual SER System v1.3
--------------------------------------------------
Run Name      : Run1
Fx Model      : WAV2VEC2_LARGE
Clf Model     : PROBING
Extract Mode  : gpu_memory
Dataset       : EmoDB
Device        : gpu
Epochs        : 20
Num Workers   : 2
Data Dir      : ./data
History Dir   : ./history
Weights Dir   : ./weights
Log Level     : debug
Purge Cache   : False
Job Name      : Job12
Job Id        : 30721346
GPU           : Tesla V100-SXM2-16GB
GPU Count     : 1
GPU Memory    : 15.78 GB

Timestamp : 2023-03-03 10:00:43.198348

INFO >> Running on CUDA


INFO >> Training Classifier

INFO >> Epoch: 1  |  Layer:  1  |  Train Loss: 1.877 | Train Acc: 21.51  |  Val Loss: 1.790 | Val Acc: 29.91  |  Test Loss: 1.724 | Tes Acc: 38.10
INFO >> Epoch: 1  |  Layer:  2  |  Train Loss: 1.871 | Train Acc: 23.55  |  Val Loss: 1.770 | Val Acc: 34.58  |  Test Loss: 1.727 | Tes Acc: 39.29
INFO >> Epoch: 1  |  Layer:  3  |  Train Loss: 1.875 | Train Acc: 21.51  |  Val Loss: 1.783 | Val Acc: 27.10  |  Test Loss: 1.727 | Tes Acc: 33.33
INFO >> Epoch: 1  |  Layer:  4  |  Train Loss: 1.859 | Train Acc: 22.67  |  Val Loss: 1.758 | Val Acc: 30.84  |  Test Loss: 1.710 | Tes Acc: 35.71
INFO >> Epoch: 1  |  Layer:  5  |  Train Loss: 1.852 | Train Acc: 26.16  |  Val Loss: 1.754 | Val Acc: 35.51  |  Test Loss: 1.696 | Tes Acc: 44.05
INFO >> Epoch: 1  |  Layer:  6  |  Train Loss: 1.857 | Train Acc: 27.03  |  Val Loss: 1.754 | Val Acc: 42.99  |  Test Loss: 1.689 | Tes Acc: 50.00
INFO >> Epoch: 1  |  Layer:  7  |  Train Loss: 1.844 | Train Acc: 27.03  |  Val Loss: 1.742 | Val Acc: 40.19  |  Test Loss: 1.683 | Tes Acc: 51.19
INFO >> Epoch: 1  |  Layer:  8  |  Train Loss: 1.843 | Train Acc: 22.97  |  Val Loss: 1.730 | Val Acc: 39.25  |  Test Loss: 1.668 | Tes Acc: 47.62
INFO >> Epoch: 1  |  Layer:  9  |  Train Loss: 1.835 | Train Acc: 27.91  |  Val Loss: 1.726 | Val Acc: 41.12  |  Test Loss: 1.671 | Tes Acc: 55.95
INFO >> Epoch: 1  |  Layer: 10  |  Train Loss: 1.842 | Train Acc: 24.13  |  Val Loss: 1.720 | Val Acc: 44.86  |  Test Loss: 1.670 | Tes Acc: 48.81
INFO >> Epoch: 1  |  Layer: 11  |  Train Loss: 1.834 | Train Acc: 27.62  |  Val Loss: 1.725 | Val Acc: 39.25  |  Test Loss: 1.660 | Tes Acc: 55.95
INFO >> Epoch: 1  |  Layer: 12  |  Train Loss: 1.827 | Train Acc: 27.03  |  Val Loss: 1.718 | Val Acc: 37.38  |  Test Loss: 1.636 | Tes Acc: 52.38
INFO >> Epoch: 1  |  Layer: 13  |  Train Loss: 1.843 | Train Acc: 25.29  |  Val Loss: 1.741 | Val Acc: 36.45  |  Test Loss: 1.677 | Tes Acc: 51.19
INFO >> Epoch: 1  |  Layer: 14  |  Train Loss: 1.850 | Train Acc: 29.07  |  Val Loss: 1.751 | Val Acc: 40.19  |  Test Loss: 1.686 | Tes Acc: 50.00
INFO >> Epoch: 1  |  Layer: 15  |  Train Loss: 1.850 | Train Acc: 24.42  |  Val Loss: 1.750 | Val Acc: 33.64  |  Test Loss: 1.676 | Tes Acc: 38.10
INFO >> Epoch: 1  |  Layer: 16  |  Train Loss: 1.831 | Train Acc: 26.16  |  Val Loss: 1.710 | Val Acc: 38.32  |  Test Loss: 1.639 | Tes Acc: 41.67
INFO >> Epoch: 1  |  Layer: 17  |  Train Loss: 1.826 | Train Acc: 27.33  |  Val Loss: 1.710 | Val Acc: 38.32  |  Test Loss: 1.630 | Tes Acc: 48.81
INFO >> Epoch: 1  |  Layer: 18  |  Train Loss: 1.821 | Train Acc: 28.49  |  Val Loss: 1.685 | Val Acc: 42.06  |  Test Loss: 1.610 | Tes Acc: 50.00
INFO >> Epoch: 1  |  Layer: 19  |  Train Loss: 1.821 | Train Acc: 31.98  |  Val Loss: 1.699 | Val Acc: 38.32  |  Test Loss: 1.640 | Tes Acc: 44.05
INFO >> Epoch: 1  |  Layer: 20  |  Train Loss: 1.835 | Train Acc: 24.42  |  Val Loss: 1.720 | Val Acc: 36.45  |  Test Loss: 1.670 | Tes Acc: 40.48
INFO >> Epoch: 1  |  Layer: 21  |  Train Loss: 1.836 | Train Acc: 25.29  |  Val Loss: 1.718 | Val Acc: 36.45  |  Test Loss: 1.679 | Tes Acc: 38.10
INFO >> Epoch: 1  |  Layer: 22  |  Train Loss: 1.898 | Train Acc: 21.51  |  Val Loss: 1.849 | Val Acc: 24.30  |  Test Loss: 1.799 | Tes Acc: 30.95
INFO >> Epoch: 1  |  Layer: 23  |  Train Loss: 1.930 | Train Acc: 20.35  |  Val Loss: 1.916 | Val Acc: 24.30  |  Test Loss: 1.868 | Tes Acc: 30.95
INFO >> Epoch: 1  |  Layer: 24  |  Train Loss: 1.967 | Train Acc: 18.02  |  Val Loss: 1.943 | Val Acc: 24.30  |  Test Loss: 1.869 | Tes Acc: 30.95

INFO >> Epoch: 2  |  Layer:  1  |  Train Loss: 1.689 | Train Acc: 40.99  |  Val Loss: 1.652 | Val Acc: 43.93  |  Test Loss: 1.620 | Tes Acc: 52.38
INFO >> Epoch: 2  |  Layer:  2  |  Train Loss: 1.681 | Train Acc: 42.44  |  Val Loss: 1.631 | Val Acc: 43.93  |  Test Loss: 1.598 | Tes Acc: 51.19
INFO >> Epoch: 2  |  Layer:  3  |  Train Loss: 1.685 | Train Acc: 40.99  |  Val Loss: 1.645 | Val Acc: 45.79  |  Test Loss: 1.608 | Tes Acc: 53.57
INFO >> Epoch: 2  |  Layer:  4  |  Train Loss: 1.649 | Train Acc: 42.15  |  Val Loss: 1.586 | Val Acc: 49.53  |  Test Loss: 1.566 | Tes Acc: 57.14
INFO >> Epoch: 2  |  Layer:  5  |  Train Loss: 1.621 | Train Acc: 45.93  |  Val Loss: 1.543 | Val Acc: 49.53  |  Test Loss: 1.509 | Tes Acc: 59.52
INFO >> Epoch: 2  |  Layer:  6  |  Train Loss: 1.636 | Train Acc: 41.57  |  Val Loss: 1.567 | Val Acc: 51.40  |  Test Loss: 1.502 | Tes Acc: 57.14
INFO >> Epoch: 2  |  Layer:  7  |  Train Loss: 1.624 | Train Acc: 44.48  |  Val Loss: 1.542 | Val Acc: 46.73  |  Test Loss: 1.487 | Tes Acc: 57.14
INFO >> Epoch: 2  |  Layer:  8  |  Train Loss: 1.609 | Train Acc: 41.57  |  Val Loss: 1.537 | Val Acc: 50.47  |  Test Loss: 1.495 | Tes Acc: 64.29
INFO >> Epoch: 2  |  Layer:  9  |  Train Loss: 1.580 | Train Acc: 43.02  |  Val Loss: 1.499 | Val Acc: 49.53  |  Test Loss: 1.473 | Tes Acc: 64.29
INFO >> Epoch: 2  |  Layer: 10  |  Train Loss: 1.604 | Train Acc: 43.90  |  Val Loss: 1.537 | Val Acc: 49.53  |  Test Loss: 1.504 | Tes Acc: 61.90
INFO >> Epoch: 2  |  Layer: 11  |  Train Loss: 1.597 | Train Acc: 45.35  |  Val Loss: 1.531 | Val Acc: 49.53  |  Test Loss: 1.510 | Tes Acc: 65.48
INFO >> Epoch: 2  |  Layer: 12  |  Train Loss: 1.593 | Train Acc: 43.60  |  Val Loss: 1.514 | Val Acc: 50.47  |  Test Loss: 1.488 | Tes Acc: 61.90
INFO >> Epoch: 2  |  Layer: 13  |  Train Loss: 1.632 | Train Acc: 41.57  |  Val Loss: 1.567 | Val Acc: 44.86  |  Test Loss: 1.530 | Tes Acc: 63.10
INFO >> Epoch: 2  |  Layer: 14  |  Train Loss: 1.638 | Train Acc: 42.73  |  Val Loss: 1.579 | Val Acc: 48.60  |  Test Loss: 1.536 | Tes Acc: 61.90
INFO >> Epoch: 2  |  Layer: 15  |  Train Loss: 1.637 | Train Acc: 40.70  |  Val Loss: 1.576 | Val Acc: 48.60  |  Test Loss: 1.538 | Tes Acc: 58.33
INFO >> Epoch: 2  |  Layer: 16  |  Train Loss: 1.570 | Train Acc: 46.22  |  Val Loss: 1.509 | Val Acc: 56.07  |  Test Loss: 1.489 | Tes Acc: 54.76
INFO >> Epoch: 2  |  Layer: 17  |  Train Loss: 1.540 | Train Acc: 52.03  |  Val Loss: 1.477 | Val Acc: 56.07  |  Test Loss: 1.451 | Tes Acc: 61.90
INFO >> Epoch: 2  |  Layer: 18  |  Train Loss: 1.536 | Train Acc: 49.42  |  Val Loss: 1.477 | Val Acc: 51.40  |  Test Loss: 1.425 | Tes Acc: 64.29
INFO >> Epoch: 2  |  Layer: 19  |  Train Loss: 1.534 | Train Acc: 47.97  |  Val Loss: 1.454 | Val Acc: 53.27  |  Test Loss: 1.427 | Tes Acc: 63.10
INFO >> Epoch: 2  |  Layer: 20  |  Train Loss: 1.577 | Train Acc: 43.60  |  Val Loss: 1.513 | Val Acc: 50.47  |  Test Loss: 1.505 | Tes Acc: 57.14
INFO >> Epoch: 2  |  Layer: 21  |  Train Loss: 1.563 | Train Acc: 47.67  |  Val Loss: 1.519 | Val Acc: 47.66  |  Test Loss: 1.535 | Tes Acc: 46.43
INFO >> Epoch: 2  |  Layer: 22  |  Train Loss: 1.769 | Train Acc: 27.62  |  Val Loss: 1.778 | Val Acc: 39.25  |  Test Loss: 1.721 | Tes Acc: 38.10
INFO >> Epoch: 2  |  Layer: 23  |  Train Loss: 1.903 | Train Acc: 21.80  |  Val Loss: 1.914 | Val Acc: 24.30  |  Test Loss: 1.840 | Tes Acc: 30.95
INFO >> Epoch: 2  |  Layer: 24  |  Train Loss: 1.924 | Train Acc: 22.38  |  Val Loss: 1.908 | Val Acc: 24.30  |  Test Loss: 1.863 | Tes Acc: 28.57

INFO >> Epoch: 3  |  Layer:  1  |  Train Loss: 1.526 | Train Acc: 46.80  |  Val Loss: 1.498 | Val Acc: 44.86  |  Test Loss: 1.469 | Tes Acc: 52.38
INFO >> Epoch: 3  |  Layer:  2  |  Train Loss: 1.505 | Train Acc: 50.87  |  Val Loss: 1.460 | Val Acc: 45.79  |  Test Loss: 1.450 | Tes Acc: 54.76
INFO >> Epoch: 3  |  Layer:  3  |  Train Loss: 1.513 | Train Acc: 50.00  |  Val Loss: 1.476 | Val Acc: 46.73  |  Test Loss: 1.441 | Tes Acc: 55.95
INFO >> Epoch: 3  |  Layer:  4  |  Train Loss: 1.450 | Train Acc: 54.94  |  Val Loss: 1.394 | Val Acc: 56.07  |  Test Loss: 1.373 | Tes Acc: 54.76
INFO >> Epoch: 3  |  Layer:  5  |  Train Loss: 1.388 | Train Acc: 57.27  |  Val Loss: 1.332 | Val Acc: 59.81  |  Test Loss: 1.300 | Tes Acc: 57.14
INFO >> Epoch: 3  |  Layer:  6  |  Train Loss: 1.422 | Train Acc: 56.98  |  Val Loss: 1.353 | Val Acc: 58.88  |  Test Loss: 1.293 | Tes Acc: 58.33
INFO >> Epoch: 3  |  Layer:  7  |  Train Loss: 1.402 | Train Acc: 58.43  |  Val Loss: 1.333 | Val Acc: 59.81  |  Test Loss: 1.290 | Tes Acc: 64.29
INFO >> Epoch: 3  |  Layer:  8  |  Train Loss: 1.383 | Train Acc: 59.88  |  Val Loss: 1.305 | Val Acc: 63.55  |  Test Loss: 1.281 | Tes Acc: 66.67
INFO >> Epoch: 3  |  Layer:  9  |  Train Loss: 1.340 | Train Acc: 60.47  |  Val Loss: 1.276 | Val Acc: 61.68  |  Test Loss: 1.262 | Tes Acc: 73.81
INFO >> Epoch: 3  |  Layer: 10  |  Train Loss: 1.389 | Train Acc: 60.47  |  Val Loss: 1.312 | Val Acc: 58.88  |  Test Loss: 1.294 | Tes Acc: 66.67
INFO >> Epoch: 3  |  Layer: 11  |  Train Loss: 1.379 | Train Acc: 56.98  |  Val Loss: 1.304 | Val Acc: 57.94  |  Test Loss: 1.288 | Tes Acc: 70.24
INFO >> Epoch: 3  |  Layer: 12  |  Train Loss: 1.370 | Train Acc: 55.52  |  Val Loss: 1.308 | Val Acc: 57.01  |  Test Loss: 1.262 | Tes Acc: 65.48
INFO >> Epoch: 3  |  Layer: 13  |  Train Loss: 1.417 | Train Acc: 52.33  |  Val Loss: 1.357 | Val Acc: 52.34  |  Test Loss: 1.326 | Tes Acc: 64.29
INFO >> Epoch: 3  |  Layer: 14  |  Train Loss: 1.421 | Train Acc: 56.40  |  Val Loss: 1.373 | Val Acc: 51.40  |  Test Loss: 1.346 | Tes Acc: 64.29
INFO >> Epoch: 3  |  Layer: 15  |  Train Loss: 1.423 | Train Acc: 52.91  |  Val Loss: 1.366 | Val Acc: 46.73  |  Test Loss: 1.319 | Tes Acc: 57.14
INFO >> Epoch: 3  |  Layer: 16  |  Train Loss: 1.338 | Train Acc: 57.56  |  Val Loss: 1.276 | Val Acc: 55.14  |  Test Loss: 1.249 | Tes Acc: 60.71
INFO >> Epoch: 3  |  Layer: 17  |  Train Loss: 1.281 | Train Acc: 59.88  |  Val Loss: 1.220 | Val Acc: 67.29  |  Test Loss: 1.208 | Tes Acc: 69.05
INFO >> Epoch: 3  |  Layer: 18  |  Train Loss: 1.274 | Train Acc: 63.08  |  Val Loss: 1.218 | Val Acc: 71.03  |  Test Loss: 1.194 | Tes Acc: 71.43
INFO >> Epoch: 3  |  Layer: 19  |  Train Loss: 1.267 | Train Acc: 64.53  |  Val Loss: 1.225 | Val Acc: 64.49  |  Test Loss: 1.214 | Tes Acc: 66.67
INFO >> Epoch: 3  |  Layer: 20  |  Train Loss: 1.337 | Train Acc: 58.43  |  Val Loss: 1.288 | Val Acc: 58.88  |  Test Loss: 1.312 | Tes Acc: 66.67
INFO >> Epoch: 3  |  Layer: 21  |  Train Loss: 1.336 | Train Acc: 56.40  |  Val Loss: 1.312 | Val Acc: 57.94  |  Test Loss: 1.375 | Tes Acc: 58.33
INFO >> Epoch: 3  |  Layer: 22  |  Train Loss: 1.654 | Train Acc: 44.48  |  Val Loss: 1.681 | Val Acc: 44.86  |  Test Loss: 1.662 | Tes Acc: 36.90
INFO >> Epoch: 3  |  Layer: 23  |  Train Loss: 1.891 | Train Acc: 21.80  |  Val Loss: 1.909 | Val Acc: 24.30  |  Test Loss: 1.831 | Tes Acc: 30.95
INFO >> Epoch: 3  |  Layer: 24  |  Train Loss: 1.893 | Train Acc: 21.80  |  Val Loss: 1.923 | Val Acc: 24.30  |  Test Loss: 1.845 | Tes Acc: 30.95

INFO >> Epoch: 4  |  Layer:  1  |  Train Loss: 1.370 | Train Acc: 49.42  |  Val Loss: 1.395 | Val Acc: 50.47  |  Test Loss: 1.420 | Tes Acc: 50.00
INFO >> Epoch: 4  |  Layer:  2  |  Train Loss: 1.344 | Train Acc: 52.62  |  Val Loss: 1.349 | Val Acc: 53.27  |  Test Loss: 1.380 | Tes Acc: 51.19
INFO >> Epoch: 4  |  Layer:  3  |  Train Loss: 1.337 | Train Acc: 55.81  |  Val Loss: 1.356 | Val Acc: 57.94  |  Test Loss: 1.357 | Tes Acc: 52.38
INFO >> Epoch: 4  |  Layer:  4  |  Train Loss: 1.243 | Train Acc: 60.47  |  Val Loss: 1.231 | Val Acc: 68.22  |  Test Loss: 1.259 | Tes Acc: 61.90
INFO >> Epoch: 4  |  Layer:  5  |  Train Loss: 1.180 | Train Acc: 65.41  |  Val Loss: 1.180 | Val Acc: 64.49  |  Test Loss: 1.187 | Tes Acc: 60.71
INFO >> Epoch: 4  |  Layer:  6  |  Train Loss: 1.198 | Train Acc: 62.50  |  Val Loss: 1.195 | Val Acc: 69.16  |  Test Loss: 1.175 | Tes Acc: 70.24
INFO >> Epoch: 4  |  Layer:  7  |  Train Loss: 1.191 | Train Acc: 66.28  |  Val Loss: 1.175 | Val Acc: 67.29  |  Test Loss: 1.157 | Tes Acc: 73.81
INFO >> Epoch: 4  |  Layer:  8  |  Train Loss: 1.161 | Train Acc: 67.15  |  Val Loss: 1.136 | Val Acc: 71.96  |  Test Loss: 1.141 | Tes Acc: 66.67
INFO >> Epoch: 4  |  Layer:  9  |  Train Loss: 1.130 | Train Acc: 67.44  |  Val Loss: 1.118 | Val Acc: 74.77  |  Test Loss: 1.133 | Tes Acc: 72.62
INFO >> Epoch: 4  |  Layer: 10  |  Train Loss: 1.184 | Train Acc: 63.37  |  Val Loss: 1.180 | Val Acc: 64.49  |  Test Loss: 1.179 | Tes Acc: 67.86
INFO >> Epoch: 4  |  Layer: 11  |  Train Loss: 1.180 | Train Acc: 62.50  |  Val Loss: 1.161 | Val Acc: 71.96  |  Test Loss: 1.181 | Tes Acc: 64.29
INFO >> Epoch: 4  |  Layer: 12  |  Train Loss: 1.186 | Train Acc: 61.92  |  Val Loss: 1.170 | Val Acc: 66.36  |  Test Loss: 1.156 | Tes Acc: 63.10
INFO >> Epoch: 4  |  Layer: 13  |  Train Loss: 1.222 | Train Acc: 61.63  |  Val Loss: 1.211 | Val Acc: 64.49  |  Test Loss: 1.222 | Tes Acc: 64.29
INFO >> Epoch: 4  |  Layer: 14  |  Train Loss: 1.220 | Train Acc: 61.05  |  Val Loss: 1.220 | Val Acc: 65.42  |  Test Loss: 1.207 | Tes Acc: 61.90
INFO >> Epoch: 4  |  Layer: 15  |  Train Loss: 1.211 | Train Acc: 63.66  |  Val Loss: 1.198 | Val Acc: 66.36  |  Test Loss: 1.209 | Tes Acc: 65.48
INFO >> Epoch: 4  |  Layer: 16  |  Train Loss: 1.132 | Train Acc: 66.57  |  Val Loss: 1.139 | Val Acc: 71.96  |  Test Loss: 1.163 | Tes Acc: 60.71
INFO >> Epoch: 4  |  Layer: 17  |  Train Loss: 1.068 | Train Acc: 68.60  |  Val Loss: 1.075 | Val Acc: 71.96  |  Test Loss: 1.111 | Tes Acc: 67.86
INFO >> Epoch: 4  |  Layer: 18  |  Train Loss: 1.057 | Train Acc: 71.22  |  Val Loss: 1.074 | Val Acc: 71.03  |  Test Loss: 1.080 | Tes Acc: 72.62
INFO >> Epoch: 4  |  Layer: 19  |  Train Loss: 1.060 | Train Acc: 68.60  |  Val Loss: 1.073 | Val Acc: 68.22  |  Test Loss: 1.136 | Tes Acc: 64.29
INFO >> Epoch: 4  |  Layer: 20  |  Train Loss: 1.137 | Train Acc: 65.99  |  Val Loss: 1.154 | Val Acc: 64.49  |  Test Loss: 1.224 | Tes Acc: 65.48
INFO >> Epoch: 4  |  Layer: 21  |  Train Loss: 1.167 | Train Acc: 63.66  |  Val Loss: 1.195 | Val Acc: 65.42  |  Test Loss: 1.308 | Tes Acc: 55.95
INFO >> Epoch: 4  |  Layer: 22  |  Train Loss: 1.556 | Train Acc: 46.22  |  Val Loss: 1.612 | Val Acc: 48.60  |  Test Loss: 1.620 | Tes Acc: 40.48
INFO >> Epoch: 4  |  Layer: 23  |  Train Loss: 1.884 | Train Acc: 21.80  |  Val Loss: 1.903 | Val Acc: 24.30  |  Test Loss: 1.844 | Tes Acc: 30.95
INFO >> Epoch: 4  |  Layer: 24  |  Train Loss: 1.886 | Train Acc: 22.67  |  Val Loss: 1.904 | Val Acc: 27.10  |  Test Loss: 1.882 | Tes Acc: 25.00

INFO >> Epoch: 5  |  Layer:  1  |  Train Loss: 1.260 | Train Acc: 52.91  |  Val Loss: 1.301 | Val Acc: 47.66  |  Test Loss: 1.338 | Tes Acc: 55.95
INFO >> Epoch: 5  |  Layer:  2  |  Train Loss: 1.223 | Train Acc: 56.98  |  Val Loss: 1.248 | Val Acc: 53.27  |  Test Loss: 1.295 | Tes Acc: 60.71
INFO >> Epoch: 5  |  Layer:  3  |  Train Loss: 1.196 | Train Acc: 59.30  |  Val Loss: 1.224 | Val Acc: 61.68  |  Test Loss: 1.252 | Tes Acc: 67.86
INFO >> Epoch: 5  |  Layer:  4  |  Train Loss: 1.082 | Train Acc: 68.60  |  Val Loss: 1.093 | Val Acc: 70.09  |  Test Loss: 1.126 | Tes Acc: 69.05
INFO >> Epoch: 5  |  Layer:  5  |  Train Loss: 1.016 | Train Acc: 71.80  |  Val Loss: 1.034 | Val Acc: 73.83  |  Test Loss: 1.063 | Tes Acc: 73.81
INFO >> Epoch: 5  |  Layer:  6  |  Train Loss: 1.024 | Train Acc: 70.64  |  Val Loss: 1.052 | Val Acc: 72.90  |  Test Loss: 1.021 | Tes Acc: 71.43
INFO >> Epoch: 5  |  Layer:  7  |  Train Loss: 1.013 | Train Acc: 76.74  |  Val Loss: 1.015 | Val Acc: 70.09  |  Test Loss: 1.007 | Tes Acc: 78.57
INFO >> Epoch: 5  |  Layer:  8  |  Train Loss: 0.982 | Train Acc: 76.16  |  Val Loss: 0.983 | Val Acc: 75.70  |  Test Loss: 1.005 | Tes Acc: 77.38
INFO >> Epoch: 5  |  Layer:  9  |  Train Loss: 0.964 | Train Acc: 77.33  |  Val Loss: 0.962 | Val Acc: 72.90  |  Test Loss: 0.995 | Tes Acc: 78.57
INFO >> Epoch: 5  |  Layer: 10  |  Train Loss: 1.014 | Train Acc: 72.97  |  Val Loss: 1.014 | Val Acc: 74.77  |  Test Loss: 1.050 | Tes Acc: 73.81
INFO >> Epoch: 5  |  Layer: 11  |  Train Loss: 1.010 | Train Acc: 71.22  |  Val Loss: 1.005 | Val Acc: 73.83  |  Test Loss: 1.046 | Tes Acc: 80.95
INFO >> Epoch: 5  |  Layer: 12  |  Train Loss: 1.016 | Train Acc: 70.93  |  Val Loss: 1.016 | Val Acc: 76.64  |  Test Loss: 1.025 | Tes Acc: 79.76
INFO >> Epoch: 5  |  Layer: 13  |  Train Loss: 1.057 | Train Acc: 67.44  |  Val Loss: 1.061 | Val Acc: 74.77  |  Test Loss: 1.080 | Tes Acc: 79.76
INFO >> Epoch: 5  |  Layer: 14  |  Train Loss: 1.038 | Train Acc: 72.67  |  Val Loss: 1.061 | Val Acc: 73.83  |  Test Loss: 1.065 | Tes Acc: 78.57
INFO >> Epoch: 5  |  Layer: 15  |  Train Loss: 1.028 | Train Acc: 71.51  |  Val Loss: 1.037 | Val Acc: 78.50  |  Test Loss: 1.062 | Tes Acc: 77.38
INFO >> Epoch: 5  |  Layer: 16  |  Train Loss: 0.967 | Train Acc: 73.55  |  Val Loss: 0.983 | Val Acc: 80.37  |  Test Loss: 1.029 | Tes Acc: 77.38
INFO >> Epoch: 5  |  Layer: 17  |  Train Loss: 0.904 | Train Acc: 75.29  |  Val Loss: 0.920 | Val Acc: 81.31  |  Test Loss: 0.987 | Tes Acc: 76.19
INFO >> Epoch: 5  |  Layer: 18  |  Train Loss: 0.882 | Train Acc: 77.62  |  Val Loss: 0.914 | Val Acc: 81.31  |  Test Loss: 0.955 | Tes Acc: 77.38
INFO >> Epoch: 5  |  Layer: 19  |  Train Loss: 0.895 | Train Acc: 74.71  |  Val Loss: 0.929 | Val Acc: 74.77  |  Test Loss: 0.996 | Tes Acc: 72.62
INFO >> Epoch: 5  |  Layer: 20  |  Train Loss: 0.984 | Train Acc: 72.67  |  Val Loss: 1.008 | Val Acc: 77.57  |  Test Loss: 1.120 | Tes Acc: 67.86
INFO >> Epoch: 5  |  Layer: 21  |  Train Loss: 1.034 | Train Acc: 65.70  |  Val Loss: 1.081 | Val Acc: 67.29  |  Test Loss: 1.220 | Tes Acc: 61.90
INFO >> Epoch: 5  |  Layer: 22  |  Train Loss: 1.446 | Train Acc: 49.13  |  Val Loss: 1.523 | Val Acc: 52.34  |  Test Loss: 1.552 | Tes Acc: 40.48
INFO >> Epoch: 5  |  Layer: 23  |  Train Loss: 1.866 | Train Acc: 21.80  |  Val Loss: 1.895 | Val Acc: 24.30  |  Test Loss: 1.857 | Tes Acc: 30.95
INFO >> Epoch: 5  |  Layer: 24  |  Train Loss: 1.871 | Train Acc: 22.38  |  Val Loss: 1.904 | Val Acc: 24.30  |  Test Loss: 1.877 | Tes Acc: 29.76

INFO >> Epoch: 6  |  Layer:  1  |  Train Loss: 1.150 | Train Acc: 60.47  |  Val Loss: 1.224 | Val Acc: 55.14  |  Test Loss: 1.338 | Tes Acc: 53.57
INFO >> Epoch: 6  |  Layer:  2  |  Train Loss: 1.114 | Train Acc: 63.37  |  Val Loss: 1.172 | Val Acc: 57.94  |  Test Loss: 1.274 | Tes Acc: 52.38
INFO >> Epoch: 6  |  Layer:  3  |  Train Loss: 1.069 | Train Acc: 67.15  |  Val Loss: 1.141 | Val Acc: 66.36  |  Test Loss: 1.218 | Tes Acc: 58.33
INFO >> Epoch: 6  |  Layer:  4  |  Train Loss: 0.950 | Train Acc: 72.09  |  Val Loss: 0.991 | Val Acc: 74.77  |  Test Loss: 1.098 | Tes Acc: 67.86
INFO >> Epoch: 6  |  Layer:  5  |  Train Loss: 0.893 | Train Acc: 76.16  |  Val Loss: 0.932 | Val Acc: 73.83  |  Test Loss: 1.010 | Tes Acc: 75.00
INFO >> Epoch: 6  |  Layer:  6  |  Train Loss: 0.890 | Train Acc: 76.45  |  Val Loss: 0.943 | Val Acc: 73.83  |  Test Loss: 0.979 | Tes Acc: 76.19
INFO >> Epoch: 6  |  Layer:  7  |  Train Loss: 0.873 | Train Acc: 79.65  |  Val Loss: 0.920 | Val Acc: 74.77  |  Test Loss: 0.951 | Tes Acc: 80.95
INFO >> Epoch: 6  |  Layer:  8  |  Train Loss: 0.848 | Train Acc: 80.52  |  Val Loss: 0.891 | Val Acc: 70.09  |  Test Loss: 0.955 | Tes Acc: 80.95
INFO >> Epoch: 6  |  Layer:  9  |  Train Loss: 0.842 | Train Acc: 81.98  |  Val Loss: 0.875 | Val Acc: 75.70  |  Test Loss: 0.946 | Tes Acc: 75.00
INFO >> Epoch: 6  |  Layer: 10  |  Train Loss: 0.883 | Train Acc: 77.62  |  Val Loss: 0.929 | Val Acc: 72.90  |  Test Loss: 0.990 | Tes Acc: 75.00
INFO >> Epoch: 6  |  Layer: 11  |  Train Loss: 0.879 | Train Acc: 78.49  |  Val Loss: 0.921 | Val Acc: 76.64  |  Test Loss: 1.002 | Tes Acc: 78.57
INFO >> Epoch: 6  |  Layer: 12  |  Train Loss: 0.889 | Train Acc: 77.03  |  Val Loss: 0.920 | Val Acc: 80.37  |  Test Loss: 0.983 | Tes Acc: 72.62
INFO >> Epoch: 6  |  Layer: 13  |  Train Loss: 0.937 | Train Acc: 75.00  |  Val Loss: 0.976 | Val Acc: 76.64  |  Test Loss: 1.049 | Tes Acc: 70.24
INFO >> Epoch: 6  |  Layer: 14  |  Train Loss: 0.904 | Train Acc: 77.33  |  Val Loss: 0.953 | Val Acc: 78.50  |  Test Loss: 1.020 | Tes Acc: 71.43
INFO >> Epoch: 6  |  Layer: 15  |  Train Loss: 0.881 | Train Acc: 78.78  |  Val Loss: 0.931 | Val Acc: 80.37  |  Test Loss: 1.028 | Tes Acc: 71.43
INFO >> Epoch: 6  |  Layer: 16  |  Train Loss: 0.846 | Train Acc: 80.23  |  Val Loss: 0.895 | Val Acc: 81.31  |  Test Loss: 1.016 | Tes Acc: 66.67
INFO >> Epoch: 6  |  Layer: 17  |  Train Loss: 0.774 | Train Acc: 82.85  |  Val Loss: 0.828 | Val Acc: 78.50  |  Test Loss: 0.976 | Tes Acc: 69.05
INFO >> Epoch: 6  |  Layer: 18  |  Train Loss: 0.756 | Train Acc: 81.98  |  Val Loss: 0.837 | Val Acc: 80.37  |  Test Loss: 0.949 | Tes Acc: 66.67
INFO >> Epoch: 6  |  Layer: 19  |  Train Loss: 0.774 | Train Acc: 79.65  |  Val Loss: 0.848 | Val Acc: 75.70  |  Test Loss: 1.008 | Tes Acc: 66.67
INFO >> Epoch: 6  |  Layer: 20  |  Train Loss: 0.862 | Train Acc: 75.00  |  Val Loss: 0.925 | Val Acc: 77.57  |  Test Loss: 1.098 | Tes Acc: 69.05
INFO >> Epoch: 6  |  Layer: 21  |  Train Loss: 0.940 | Train Acc: 68.31  |  Val Loss: 1.001 | Val Acc: 75.70  |  Test Loss: 1.233 | Tes Acc: 48.81
INFO >> Epoch: 6  |  Layer: 22  |  Train Loss: 1.375 | Train Acc: 51.74  |  Val Loss: 1.447 | Val Acc: 50.47  |  Test Loss: 1.511 | Tes Acc: 41.67
INFO >> Epoch: 6  |  Layer: 23  |  Train Loss: 1.865 | Train Acc: 22.09  |  Val Loss: 1.892 | Val Acc: 24.30  |  Test Loss: 1.862 | Tes Acc: 30.95
INFO >> Epoch: 6  |  Layer: 24  |  Train Loss: 1.881 | Train Acc: 22.09  |  Val Loss: 1.873 | Val Acc: 25.23  |  Test Loss: 1.915 | Tes Acc: 28.57

INFO >> Epoch: 7  |  Layer:  1  |  Train Loss: 1.069 | Train Acc: 63.95  |  Val Loss: 1.169 | Val Acc: 51.40  |  Test Loss: 1.200 | Tes Acc: 65.48
INFO >> Epoch: 7  |  Layer:  2  |  Train Loss: 1.033 | Train Acc: 69.77  |  Val Loss: 1.115 | Val Acc: 62.62  |  Test Loss: 1.162 | Tes Acc: 64.29
INFO >> Epoch: 7  |  Layer:  3  |  Train Loss: 0.972 | Train Acc: 72.67  |  Val Loss: 1.066 | Val Acc: 64.49  |  Test Loss: 1.091 | Tes Acc: 64.29
INFO >> Epoch: 7  |  Layer:  4  |  Train Loss: 0.846 | Train Acc: 78.20  |  Val Loss: 0.903 | Val Acc: 70.09  |  Test Loss: 0.958 | Tes Acc: 69.05
INFO >> Epoch: 7  |  Layer:  5  |  Train Loss: 0.782 | Train Acc: 82.56  |  Val Loss: 0.854 | Val Acc: 73.83  |  Test Loss: 0.893 | Tes Acc: 71.43
INFO >> Epoch: 7  |  Layer:  6  |  Train Loss: 0.780 | Train Acc: 79.94  |  Val Loss: 0.864 | Val Acc: 73.83  |  Test Loss: 0.847 | Tes Acc: 75.00
INFO >> Epoch: 7  |  Layer:  7  |  Train Loss: 0.752 | Train Acc: 83.43  |  Val Loss: 0.827 | Val Acc: 73.83  |  Test Loss: 0.806 | Tes Acc: 80.95
INFO >> Epoch: 7  |  Layer:  8  |  Train Loss: 0.722 | Train Acc: 84.01  |  Val Loss: 0.783 | Val Acc: 76.64  |  Test Loss: 0.802 | Tes Acc: 76.19
INFO >> Epoch: 7  |  Layer:  9  |  Train Loss: 0.724 | Train Acc: 82.56  |  Val Loss: 0.773 | Val Acc: 75.70  |  Test Loss: 0.798 | Tes Acc: 78.57
INFO >> Epoch: 7  |  Layer: 10  |  Train Loss: 0.757 | Train Acc: 84.01  |  Val Loss: 0.816 | Val Acc: 75.70  |  Test Loss: 0.844 | Tes Acc: 75.00
INFO >> Epoch: 7  |  Layer: 11  |  Train Loss: 0.762 | Train Acc: 80.52  |  Val Loss: 0.814 | Val Acc: 78.50  |  Test Loss: 0.856 | Tes Acc: 78.57
INFO >> Epoch: 7  |  Layer: 12  |  Train Loss: 0.772 | Train Acc: 79.94  |  Val Loss: 0.806 | Val Acc: 75.70  |  Test Loss: 0.842 | Tes Acc: 75.00
INFO >> Epoch: 7  |  Layer: 13  |  Train Loss: 0.820 | Train Acc: 78.49  |  Val Loss: 0.868 | Val Acc: 72.90  |  Test Loss: 0.900 | Tes Acc: 76.19
INFO >> Epoch: 7  |  Layer: 14  |  Train Loss: 0.774 | Train Acc: 83.43  |  Val Loss: 0.844 | Val Acc: 77.57  |  Test Loss: 0.865 | Tes Acc: 75.00
INFO >> Epoch: 7  |  Layer: 15  |  Train Loss: 0.756 | Train Acc: 81.10  |  Val Loss: 0.814 | Val Acc: 81.31  |  Test Loss: 0.861 | Tes Acc: 75.00
INFO >> Epoch: 7  |  Layer: 16  |  Train Loss: 0.728 | Train Acc: 82.56  |  Val Loss: 0.790 | Val Acc: 81.31  |  Test Loss: 0.862 | Tes Acc: 75.00
INFO >> Epoch: 7  |  Layer: 17  |  Train Loss: 0.660 | Train Acc: 86.05  |  Val Loss: 0.719 | Val Acc: 85.05  |  Test Loss: 0.815 | Tes Acc: 78.57
INFO >> Epoch: 7  |  Layer: 18  |  Train Loss: 0.638 | Train Acc: 85.47  |  Val Loss: 0.727 | Val Acc: 81.31  |  Test Loss: 0.799 | Tes Acc: 75.00
INFO >> Epoch: 7  |  Layer: 19  |  Train Loss: 0.662 | Train Acc: 83.14  |  Val Loss: 0.751 | Val Acc: 77.57  |  Test Loss: 0.862 | Tes Acc: 67.86
INFO >> Epoch: 7  |  Layer: 20  |  Train Loss: 0.758 | Train Acc: 79.36  |  Val Loss: 0.830 | Val Acc: 79.44  |  Test Loss: 0.973 | Tes Acc: 64.29
INFO >> Epoch: 7  |  Layer: 21  |  Train Loss: 0.845 | Train Acc: 76.16  |  Val Loss: 0.921 | Val Acc: 71.96  |  Test Loss: 1.077 | Tes Acc: 66.67
INFO >> Epoch: 7  |  Layer: 22  |  Train Loss: 1.281 | Train Acc: 55.23  |  Val Loss: 1.378 | Val Acc: 53.27  |  Test Loss: 1.449 | Tes Acc: 52.38
INFO >> Epoch: 7  |  Layer: 23  |  Train Loss: 1.859 | Train Acc: 22.09  |  Val Loss: 1.874 | Val Acc: 24.30  |  Test Loss: 1.883 | Tes Acc: 30.95
INFO >> Epoch: 7  |  Layer: 24  |  Train Loss: 1.874 | Train Acc: 23.84  |  Val Loss: 1.900 | Val Acc: 24.30  |  Test Loss: 1.877 | Tes Acc: 30.95

INFO >> Epoch: 8  |  Layer:  1  |  Train Loss: 1.037 | Train Acc: 64.83  |  Val Loss: 1.087 | Val Acc: 66.36  |  Test Loss: 1.195 | Tes Acc: 60.71
INFO >> Epoch: 8  |  Layer:  2  |  Train Loss: 0.998 | Train Acc: 65.12  |  Val Loss: 1.025 | Val Acc: 68.22  |  Test Loss: 1.131 | Tes Acc: 65.48
INFO >> Epoch: 8  |  Layer:  3  |  Train Loss: 0.919 | Train Acc: 71.51  |  Val Loss: 0.955 | Val Acc: 74.77  |  Test Loss: 1.049 | Tes Acc: 67.86
INFO >> Epoch: 8  |  Layer:  4  |  Train Loss: 0.780 | Train Acc: 77.03  |  Val Loss: 0.799 | Val Acc: 77.57  |  Test Loss: 0.912 | Tes Acc: 75.00
INFO >> Epoch: 8  |  Layer:  5  |  Train Loss: 0.724 | Train Acc: 80.81  |  Val Loss: 0.742 | Val Acc: 81.31  |  Test Loss: 0.836 | Tes Acc: 82.14
INFO >> Epoch: 8  |  Layer:  6  |  Train Loss: 0.719 | Train Acc: 80.23  |  Val Loss: 0.758 | Val Acc: 80.37  |  Test Loss: 0.790 | Tes Acc: 80.95
INFO >> Epoch: 8  |  Layer:  7  |  Train Loss: 0.684 | Train Acc: 84.01  |  Val Loss: 0.720 | Val Acc: 78.50  |  Test Loss: 0.746 | Tes Acc: 86.90
INFO >> Epoch: 8  |  Layer:  8  |  Train Loss: 0.655 | Train Acc: 82.85  |  Val Loss: 0.674 | Val Acc: 80.37  |  Test Loss: 0.731 | Tes Acc: 85.71
INFO >> Epoch: 8  |  Layer:  9  |  Train Loss: 0.665 | Train Acc: 84.01  |  Val Loss: 0.675 | Val Acc: 81.31  |  Test Loss: 0.738 | Tes Acc: 83.33
INFO >> Epoch: 8  |  Layer: 10  |  Train Loss: 0.699 | Train Acc: 83.72  |  Val Loss: 0.716 | Val Acc: 80.37  |  Test Loss: 0.784 | Tes Acc: 83.33
INFO >> Epoch: 8  |  Layer: 11  |  Train Loss: 0.702 | Train Acc: 82.27  |  Val Loss: 0.719 | Val Acc: 85.98  |  Test Loss: 0.805 | Tes Acc: 82.14
INFO >> Epoch: 8  |  Layer: 12  |  Train Loss: 0.728 | Train Acc: 77.33  |  Val Loss: 0.720 | Val Acc: 82.24  |  Test Loss: 0.814 | Tes Acc: 71.43
INFO >> Epoch: 8  |  Layer: 13  |  Train Loss: 0.779 | Train Acc: 74.42  |  Val Loss: 0.785 | Val Acc: 84.11  |  Test Loss: 0.878 | Tes Acc: 71.43
INFO >> Epoch: 8  |  Layer: 14  |  Train Loss: 0.717 | Train Acc: 82.27  |  Val Loss: 0.741 | Val Acc: 85.98  |  Test Loss: 0.826 | Tes Acc: 79.76
INFO >> Epoch: 8  |  Layer: 15  |  Train Loss: 0.699 | Train Acc: 81.40  |  Val Loss: 0.712 | Val Acc: 87.85  |  Test Loss: 0.816 | Tes Acc: 78.57
INFO >> Epoch: 8  |  Layer: 16  |  Train Loss: 0.681 | Train Acc: 82.27  |  Val Loss: 0.695 | Val Acc: 85.98  |  Test Loss: 0.843 | Tes Acc: 76.19
INFO >> Epoch: 8  |  Layer: 17  |  Train Loss: 0.606 | Train Acc: 85.17  |  Val Loss: 0.646 | Val Acc: 82.24  |  Test Loss: 0.807 | Tes Acc: 76.19
INFO >> Epoch: 8  |  Layer: 18  |  Train Loss: 0.584 | Train Acc: 87.50  |  Val Loss: 0.653 | Val Acc: 85.05  |  Test Loss: 0.766 | Tes Acc: 77.38
INFO >> Epoch: 8  |  Layer: 19  |  Train Loss: 0.610 | Train Acc: 84.59  |  Val Loss: 0.681 | Val Acc: 78.50  |  Test Loss: 0.846 | Tes Acc: 72.62
INFO >> Epoch: 8  |  Layer: 20  |  Train Loss: 0.702 | Train Acc: 78.20  |  Val Loss: 0.747 | Val Acc: 76.64  |  Test Loss: 0.938 | Tes Acc: 69.05
INFO >> Epoch: 8  |  Layer: 21  |  Train Loss: 0.797 | Train Acc: 72.38  |  Val Loss: 0.836 | Val Acc: 77.57  |  Test Loss: 1.088 | Tes Acc: 61.90
INFO >> Epoch: 8  |  Layer: 22  |  Train Loss: 1.267 | Train Acc: 50.58  |  Val Loss: 1.322 | Val Acc: 54.21  |  Test Loss: 1.412 | Tes Acc: 50.00
INFO >> Epoch: 8  |  Layer: 23  |  Train Loss: 1.856 | Train Acc: 22.09  |  Val Loss: 1.876 | Val Acc: 24.30  |  Test Loss: 1.870 | Tes Acc: 30.95
INFO >> Epoch: 8  |  Layer: 24  |  Train Loss: 1.892 | Train Acc: 20.64  |  Val Loss: 1.868 | Val Acc: 25.23  |  Test Loss: 1.919 | Tes Acc: 30.95

INFO >> Epoch: 9  |  Layer:  1  |  Train Loss: 0.959 | Train Acc: 68.31  |  Val Loss: 1.081 | Val Acc: 55.14  |  Test Loss: 1.117 | Tes Acc: 65.48
INFO >> Epoch: 9  |  Layer:  2  |  Train Loss: 0.920 | Train Acc: 72.38  |  Val Loss: 1.026 | Val Acc: 56.07  |  Test Loss: 1.054 | Tes Acc: 65.48
INFO >> Epoch: 9  |  Layer:  3  |  Train Loss: 0.831 | Train Acc: 77.03  |  Val Loss: 0.934 | Val Acc: 65.42  |  Test Loss: 0.977 | Tes Acc: 71.43
INFO >> Epoch: 9  |  Layer:  4  |  Train Loss: 0.693 | Train Acc: 80.52  |  Val Loss: 0.745 | Val Acc: 73.83  |  Test Loss: 0.809 | Tes Acc: 75.00
INFO >> Epoch: 9  |  Layer:  5  |  Train Loss: 0.646 | Train Acc: 81.10  |  Val Loss: 0.694 | Val Acc: 82.24  |  Test Loss: 0.744 | Tes Acc: 83.33
INFO >> Epoch: 9  |  Layer:  6  |  Train Loss: 0.640 | Train Acc: 83.72  |  Val Loss: 0.699 | Val Acc: 80.37  |  Test Loss: 0.692 | Tes Acc: 82.14
INFO >> Epoch: 9  |  Layer:  7  |  Train Loss: 0.594 | Train Acc: 87.79  |  Val Loss: 0.669 | Val Acc: 77.57  |  Test Loss: 0.645 | Tes Acc: 86.90
INFO >> Epoch: 9  |  Layer:  8  |  Train Loss: 0.569 | Train Acc: 88.95  |  Val Loss: 0.618 | Val Acc: 79.44  |  Test Loss: 0.637 | Tes Acc: 85.71
INFO >> Epoch: 9  |  Layer:  9  |  Train Loss: 0.576 | Train Acc: 87.21  |  Val Loss: 0.618 | Val Acc: 81.31  |  Test Loss: 0.642 | Tes Acc: 80.95
INFO >> Epoch: 9  |  Layer: 10  |  Train Loss: 0.610 | Train Acc: 86.63  |  Val Loss: 0.653 | Val Acc: 78.50  |  Test Loss: 0.681 | Tes Acc: 82.14
INFO >> Epoch: 9  |  Layer: 11  |  Train Loss: 0.618 | Train Acc: 84.30  |  Val Loss: 0.660 | Val Acc: 83.18  |  Test Loss: 0.703 | Tes Acc: 79.76
INFO >> Epoch: 9  |  Layer: 12  |  Train Loss: 0.643 | Train Acc: 85.76  |  Val Loss: 0.647 | Val Acc: 84.11  |  Test Loss: 0.708 | Tes Acc: 83.33
INFO >> Epoch: 9  |  Layer: 13  |  Train Loss: 0.696 | Train Acc: 83.72  |  Val Loss: 0.713 | Val Acc: 81.31  |  Test Loss: 0.760 | Tes Acc: 83.33
INFO >> Epoch: 9  |  Layer: 14  |  Train Loss: 0.623 | Train Acc: 87.79  |  Val Loss: 0.666 | Val Acc: 84.11  |  Test Loss: 0.729 | Tes Acc: 85.71
INFO >> Epoch: 9  |  Layer: 15  |  Train Loss: 0.606 | Train Acc: 86.92  |  Val Loss: 0.642 | Val Acc: 85.98  |  Test Loss: 0.749 | Tes Acc: 82.14
INFO >> Epoch: 9  |  Layer: 16  |  Train Loss: 0.591 | Train Acc: 86.92  |  Val Loss: 0.627 | Val Acc: 87.85  |  Test Loss: 0.754 | Tes Acc: 76.19
INFO >> Epoch: 9  |  Layer: 17  |  Train Loss: 0.529 | Train Acc: 87.79  |  Val Loss: 0.565 | Val Acc: 86.92  |  Test Loss: 0.703 | Tes Acc: 83.33
INFO >> Epoch: 9  |  Layer: 18  |  Train Loss: 0.509 | Train Acc: 87.79  |  Val Loss: 0.578 | Val Acc: 83.18  |  Test Loss: 0.679 | Tes Acc: 80.95
INFO >> Epoch: 9  |  Layer: 19  |  Train Loss: 0.537 | Train Acc: 84.88  |  Val Loss: 0.610 | Val Acc: 81.31  |  Test Loss: 0.753 | Tes Acc: 76.19
INFO >> Epoch: 9  |  Layer: 20  |  Train Loss: 0.629 | Train Acc: 82.85  |  Val Loss: 0.680 | Val Acc: 82.24  |  Test Loss: 0.839 | Tes Acc: 72.62
INFO >> Epoch: 9  |  Layer: 21  |  Train Loss: 0.730 | Train Acc: 78.49  |  Val Loss: 0.781 | Val Acc: 76.64  |  Test Loss: 0.940 | Tes Acc: 71.43
INFO >> Epoch: 9  |  Layer: 22  |  Train Loss: 1.184 | Train Acc: 57.56  |  Val Loss: 1.281 | Val Acc: 53.27  |  Test Loss: 1.341 | Tes Acc: 53.57
INFO >> Epoch: 9  |  Layer: 23  |  Train Loss: 1.828 | Train Acc: 21.80  |  Val Loss: 1.868 | Val Acc: 24.30  |  Test Loss: 1.874 | Tes Acc: 30.95
INFO >> Epoch: 9  |  Layer: 24  |  Train Loss: 1.860 | Train Acc: 29.36  |  Val Loss: 1.893 | Val Acc: 25.23  |  Test Loss: 1.884 | Tes Acc: 29.76

INFO >> Epoch: 10  |  Layer:  1  |  Train Loss: 0.918 | Train Acc: 71.22  |  Val Loss: 1.015 | Val Acc: 58.88  |  Test Loss: 1.104 | Tes Acc: 57.14
INFO >> Epoch: 10  |  Layer:  2  |  Train Loss: 0.872 | Train Acc: 73.26  |  Val Loss: 0.939 | Val Acc: 65.42  |  Test Loss: 1.072 | Tes Acc: 65.48
INFO >> Epoch: 10  |  Layer:  3  |  Train Loss: 0.771 | Train Acc: 77.91  |  Val Loss: 0.857 | Val Acc: 73.83  |  Test Loss: 0.934 | Tes Acc: 72.62
INFO >> Epoch: 10  |  Layer:  4  |  Train Loss: 0.623 | Train Acc: 83.72  |  Val Loss: 0.697 | Val Acc: 79.44  |  Test Loss: 0.805 | Tes Acc: 78.57
INFO >> Epoch: 10  |  Layer:  5  |  Train Loss: 0.569 | Train Acc: 85.76  |  Val Loss: 0.653 | Val Acc: 80.37  |  Test Loss: 0.724 | Tes Acc: 84.52
INFO >> Epoch: 10  |  Layer:  6  |  Train Loss: 0.563 | Train Acc: 85.76  |  Val Loss: 0.676 | Val Acc: 74.77  |  Test Loss: 0.678 | Tes Acc: 86.90
INFO >> Epoch: 10  |  Layer:  7  |  Train Loss: 0.516 | Train Acc: 89.24  |  Val Loss: 0.643 | Val Acc: 75.70  |  Test Loss: 0.626 | Tes Acc: 89.29
INFO >> Epoch: 10  |  Layer:  8  |  Train Loss: 0.496 | Train Acc: 90.70  |  Val Loss: 0.604 | Val Acc: 77.57  |  Test Loss: 0.615 | Tes Acc: 90.48
INFO >> Epoch: 10  |  Layer:  9  |  Train Loss: 0.499 | Train Acc: 91.57  |  Val Loss: 0.602 | Val Acc: 81.31  |  Test Loss: 0.643 | Tes Acc: 89.29
INFO >> Epoch: 10  |  Layer: 10  |  Train Loss: 0.529 | Train Acc: 89.53  |  Val Loss: 0.633 | Val Acc: 81.31  |  Test Loss: 0.683 | Tes Acc: 82.14
INFO >> Epoch: 10  |  Layer: 11  |  Train Loss: 0.538 | Train Acc: 88.95  |  Val Loss: 0.632 | Val Acc: 82.24  |  Test Loss: 0.716 | Tes Acc: 83.33
INFO >> Epoch: 10  |  Layer: 12  |  Train Loss: 0.562 | Train Acc: 87.21  |  Val Loss: 0.623 | Val Acc: 85.98  |  Test Loss: 0.723 | Tes Acc: 83.33
INFO >> Epoch: 10  |  Layer: 13  |  Train Loss: 0.615 | Train Acc: 85.76  |  Val Loss: 0.682 | Val Acc: 86.92  |  Test Loss: 0.786 | Tes Acc: 82.14
INFO >> Epoch: 10  |  Layer: 14  |  Train Loss: 0.545 | Train Acc: 89.24  |  Val Loss: 0.636 | Val Acc: 85.98  |  Test Loss: 0.723 | Tes Acc: 84.52
INFO >> Epoch: 10  |  Layer: 15  |  Train Loss: 0.535 | Train Acc: 88.37  |  Val Loss: 0.615 | Val Acc: 87.85  |  Test Loss: 0.719 | Tes Acc: 80.95
INFO >> Epoch: 10  |  Layer: 16  |  Train Loss: 0.517 | Train Acc: 88.37  |  Val Loss: 0.596 | Val Acc: 85.98  |  Test Loss: 0.731 | Tes Acc: 76.19
INFO >> Epoch: 10  |  Layer: 17  |  Train Loss: 0.459 | Train Acc: 91.57  |  Val Loss: 0.562 | Val Acc: 84.11  |  Test Loss: 0.691 | Tes Acc: 77.38
INFO >> Epoch: 10  |  Layer: 18  |  Train Loss: 0.441 | Train Acc: 91.86  |  Val Loss: 0.585 | Val Acc: 80.37  |  Test Loss: 0.653 | Tes Acc: 77.38
INFO >> Epoch: 10  |  Layer: 19  |  Train Loss: 0.459 | Train Acc: 89.24  |  Val Loss: 0.613 | Val Acc: 77.57  |  Test Loss: 0.723 | Tes Acc: 77.38
INFO >> Epoch: 10  |  Layer: 20  |  Train Loss: 0.548 | Train Acc: 85.47  |  Val Loss: 0.659 | Val Acc: 77.57  |  Test Loss: 0.827 | Tes Acc: 75.00
INFO >> Epoch: 10  |  Layer: 21  |  Train Loss: 0.651 | Train Acc: 83.43  |  Val Loss: 0.753 | Val Acc: 77.57  |  Test Loss: 0.975 | Tes Acc: 70.24
INFO >> Epoch: 10  |  Layer: 22  |  Train Loss: 1.126 | Train Acc: 63.08  |  Val Loss: 1.224 | Val Acc: 59.81  |  Test Loss: 1.344 | Tes Acc: 54.76
INFO >> Epoch: 10  |  Layer: 23  |  Train Loss: 1.820 | Train Acc: 21.80  |  Val Loss: 1.850 | Val Acc: 24.30  |  Test Loss: 1.879 | Tes Acc: 30.95
INFO >> Epoch: 10  |  Layer: 24  |  Train Loss: 1.855 | Train Acc: 22.38  |  Val Loss: 1.873 | Val Acc: 32.71  |  Test Loss: 1.906 | Tes Acc: 35.71

INFO >> Epoch: 11  |  Layer:  1  |  Train Loss: 0.883 | Train Acc: 70.35  |  Val Loss: 0.923 | Val Acc: 64.49  |  Test Loss: 1.014 | Tes Acc: 69.05
INFO >> Epoch: 11  |  Layer:  2  |  Train Loss: 0.835 | Train Acc: 73.55  |  Val Loss: 0.891 | Val Acc: 66.36  |  Test Loss: 0.961 | Tes Acc: 71.43
INFO >> Epoch: 11  |  Layer:  3  |  Train Loss: 0.726 | Train Acc: 78.49  |  Val Loss: 0.794 | Val Acc: 70.09  |  Test Loss: 0.872 | Tes Acc: 72.62
INFO >> Epoch: 11  |  Layer:  4  |  Train Loss: 0.578 | Train Acc: 85.76  |  Val Loss: 0.638 | Val Acc: 74.77  |  Test Loss: 0.745 | Tes Acc: 78.57
INFO >> Epoch: 11  |  Layer:  5  |  Train Loss: 0.534 | Train Acc: 85.17  |  Val Loss: 0.591 | Val Acc: 82.24  |  Test Loss: 0.677 | Tes Acc: 82.14
INFO >> Epoch: 11  |  Layer:  6  |  Train Loss: 0.528 | Train Acc: 87.21  |  Val Loss: 0.593 | Val Acc: 83.18  |  Test Loss: 0.619 | Tes Acc: 88.10
INFO >> Epoch: 11  |  Layer:  7  |  Train Loss: 0.476 | Train Acc: 90.12  |  Val Loss: 0.548 | Val Acc: 83.18  |  Test Loss: 0.555 | Tes Acc: 90.48
INFO >> Epoch: 11  |  Layer:  8  |  Train Loss: 0.457 | Train Acc: 90.12  |  Val Loss: 0.528 | Val Acc: 82.24  |  Test Loss: 0.579 | Tes Acc: 91.67
INFO >> Epoch: 11  |  Layer:  9  |  Train Loss: 0.466 | Train Acc: 90.70  |  Val Loss: 0.529 | Val Acc: 83.18  |  Test Loss: 0.589 | Tes Acc: 84.52
INFO >> Epoch: 11  |  Layer: 10  |  Train Loss: 0.494 | Train Acc: 88.95  |  Val Loss: 0.553 | Val Acc: 83.18  |  Test Loss: 0.625 | Tes Acc: 83.33
INFO >> Epoch: 11  |  Layer: 11  |  Train Loss: 0.501 | Train Acc: 89.24  |  Val Loss: 0.572 | Val Acc: 81.31  |  Test Loss: 0.654 | Tes Acc: 82.14
INFO >> Epoch: 11  |  Layer: 12  |  Train Loss: 0.535 | Train Acc: 89.83  |  Val Loss: 0.577 | Val Acc: 85.98  |  Test Loss: 0.686 | Tes Acc: 88.10
INFO >> Epoch: 11  |  Layer: 13  |  Train Loss: 0.581 | Train Acc: 87.21  |  Val Loss: 0.616 | Val Acc: 84.11  |  Test Loss: 0.724 | Tes Acc: 84.52
INFO >> Epoch: 11  |  Layer: 14  |  Train Loss: 0.505 | Train Acc: 93.02  |  Val Loss: 0.581 | Val Acc: 82.24  |  Test Loss: 0.692 | Tes Acc: 85.71
INFO >> Epoch: 11  |  Layer: 15  |  Train Loss: 0.497 | Train Acc: 90.70  |  Val Loss: 0.552 | Val Acc: 84.11  |  Test Loss: 0.705 | Tes Acc: 79.76
INFO >> Epoch: 11  |  Layer: 16  |  Train Loss: 0.482 | Train Acc: 90.12  |  Val Loss: 0.542 | Val Acc: 83.18  |  Test Loss: 0.703 | Tes Acc: 79.76
INFO >> Epoch: 11  |  Layer: 17  |  Train Loss: 0.414 | Train Acc: 92.73  |  Val Loss: 0.507 | Val Acc: 84.11  |  Test Loss: 0.703 | Tes Acc: 80.95
INFO >> Epoch: 11  |  Layer: 18  |  Train Loss: 0.400 | Train Acc: 91.57  |  Val Loss: 0.500 | Val Acc: 83.18  |  Test Loss: 0.651 | Tes Acc: 79.76
INFO >> Epoch: 11  |  Layer: 19  |  Train Loss: 0.421 | Train Acc: 90.99  |  Val Loss: 0.519 | Val Acc: 84.11  |  Test Loss: 0.706 | Tes Acc: 78.57
INFO >> Epoch: 11  |  Layer: 20  |  Train Loss: 0.511 | Train Acc: 86.92  |  Val Loss: 0.579 | Val Acc: 83.18  |  Test Loss: 0.789 | Tes Acc: 79.76
INFO >> Epoch: 11  |  Layer: 21  |  Train Loss: 0.622 | Train Acc: 83.14  |  Val Loss: 0.672 | Val Acc: 80.37  |  Test Loss: 0.934 | Tes Acc: 76.19
INFO >> Epoch: 11  |  Layer: 22  |  Train Loss: 1.107 | Train Acc: 60.47  |  Val Loss: 1.204 | Val Acc: 58.88  |  Test Loss: 1.304 | Tes Acc: 55.95
INFO >> Epoch: 11  |  Layer: 23  |  Train Loss: 1.814 | Train Acc: 22.67  |  Val Loss: 1.853 | Val Acc: 27.10  |  Test Loss: 1.885 | Tes Acc: 30.95
INFO >> Epoch: 11  |  Layer: 24  |  Train Loss: 1.852 | Train Acc: 26.45  |  Val Loss: 1.872 | Val Acc: 27.10  |  Test Loss: 1.904 | Tes Acc: 28.57

INFO >> Epoch: 12  |  Layer:  1  |  Train Loss: 0.853 | Train Acc: 71.51  |  Val Loss: 0.968 | Val Acc: 57.01  |  Test Loss: 1.030 | Tes Acc: 64.29
INFO >> Epoch: 12  |  Layer:  2  |  Train Loss: 0.788 | Train Acc: 75.87  |  Val Loss: 0.879 | Val Acc: 66.36  |  Test Loss: 0.950 | Tes Acc: 71.43
INFO >> Epoch: 12  |  Layer:  3  |  Train Loss: 0.681 | Train Acc: 80.52  |  Val Loss: 0.800 | Val Acc: 71.96  |  Test Loss: 0.848 | Tes Acc: 71.43
INFO >> Epoch: 12  |  Layer:  4  |  Train Loss: 0.537 | Train Acc: 86.63  |  Val Loss: 0.627 | Val Acc: 80.37  |  Test Loss: 0.719 | Tes Acc: 80.95
INFO >> Epoch: 12  |  Layer:  5  |  Train Loss: 0.493 | Train Acc: 87.21  |  Val Loss: 0.571 | Val Acc: 80.37  |  Test Loss: 0.640 | Tes Acc: 88.10
INFO >> Epoch: 12  |  Layer:  6  |  Train Loss: 0.487 | Train Acc: 87.21  |  Val Loss: 0.593 | Val Acc: 78.50  |  Test Loss: 0.592 | Tes Acc: 91.67
INFO >> Epoch: 12  |  Layer:  7  |  Train Loss: 0.433 | Train Acc: 90.99  |  Val Loss: 0.561 | Val Acc: 77.57  |  Test Loss: 0.521 | Tes Acc: 92.86
INFO >> Epoch: 12  |  Layer:  8  |  Train Loss: 0.422 | Train Acc: 91.57  |  Val Loss: 0.509 | Val Acc: 80.37  |  Test Loss: 0.509 | Tes Acc: 91.67
INFO >> Epoch: 12  |  Layer:  9  |  Train Loss: 0.416 | Train Acc: 92.15  |  Val Loss: 0.516 | Val Acc: 84.11  |  Test Loss: 0.536 | Tes Acc: 88.10
INFO >> Epoch: 12  |  Layer: 10  |  Train Loss: 0.448 | Train Acc: 90.70  |  Val Loss: 0.551 | Val Acc: 81.31  |  Test Loss: 0.577 | Tes Acc: 85.71
INFO >> Epoch: 12  |  Layer: 11  |  Train Loss: 0.457 | Train Acc: 91.57  |  Val Loss: 0.554 | Val Acc: 82.24  |  Test Loss: 0.608 | Tes Acc: 86.90
INFO >> Epoch: 12  |  Layer: 12  |  Train Loss: 0.486 | Train Acc: 89.24  |  Val Loss: 0.531 | Val Acc: 86.92  |  Test Loss: 0.625 | Tes Acc: 88.10
INFO >> Epoch: 12  |  Layer: 13  |  Train Loss: 0.530 | Train Acc: 88.37  |  Val Loss: 0.585 | Val Acc: 86.92  |  Test Loss: 0.670 | Tes Acc: 89.29
INFO >> Epoch: 12  |  Layer: 14  |  Train Loss: 0.458 | Train Acc: 90.70  |  Val Loss: 0.542 | Val Acc: 86.92  |  Test Loss: 0.635 | Tes Acc: 84.52
INFO >> Epoch: 12  |  Layer: 15  |  Train Loss: 0.451 | Train Acc: 90.41  |  Val Loss: 0.539 | Val Acc: 85.98  |  Test Loss: 0.664 | Tes Acc: 82.14
INFO >> Epoch: 12  |  Layer: 16  |  Train Loss: 0.438 | Train Acc: 90.12  |  Val Loss: 0.519 | Val Acc: 85.05  |  Test Loss: 0.666 | Tes Acc: 77.38
INFO >> Epoch: 12  |  Layer: 17  |  Train Loss: 0.389 | Train Acc: 90.99  |  Val Loss: 0.500 | Val Acc: 81.31  |  Test Loss: 0.639 | Tes Acc: 77.38
INFO >> Epoch: 12  |  Layer: 18  |  Train Loss: 0.370 | Train Acc: 91.86  |  Val Loss: 0.517 | Val Acc: 85.05  |  Test Loss: 0.578 | Tes Acc: 82.14
INFO >> Epoch: 12  |  Layer: 19  |  Train Loss: 0.403 | Train Acc: 88.37  |  Val Loss: 0.587 | Val Acc: 75.70  |  Test Loss: 0.676 | Tes Acc: 79.76
INFO >> Epoch: 12  |  Layer: 20  |  Train Loss: 0.480 | Train Acc: 86.92  |  Val Loss: 0.612 | Val Acc: 76.64  |  Test Loss: 0.758 | Tes Acc: 76.19
INFO >> Epoch: 12  |  Layer: 21  |  Train Loss: 0.593 | Train Acc: 82.56  |  Val Loss: 0.709 | Val Acc: 74.77  |  Test Loss: 0.883 | Tes Acc: 72.62
INFO >> Epoch: 12  |  Layer: 22  |  Train Loss: 1.057 | Train Acc: 63.08  |  Val Loss: 1.145 | Val Acc: 61.68  |  Test Loss: 1.302 | Tes Acc: 58.33
INFO >> Epoch: 12  |  Layer: 23  |  Train Loss: 1.788 | Train Acc: 23.26  |  Val Loss: 1.833 | Val Acc: 26.17  |  Test Loss: 1.883 | Tes Acc: 33.33
INFO >> Epoch: 12  |  Layer: 24  |  Train Loss: 1.821 | Train Acc: 28.20  |  Val Loss: 1.862 | Val Acc: 38.32  |  Test Loss: 1.901 | Tes Acc: 39.29

INFO >> Epoch: 13  |  Layer:  1  |  Train Loss: 0.775 | Train Acc: 77.03  |  Val Loss: 0.855 | Val Acc: 71.96  |  Test Loss: 0.981 | Tes Acc: 61.90
INFO >> Epoch: 13  |  Layer:  2  |  Train Loss: 0.722 | Train Acc: 77.03  |  Val Loss: 0.814 | Val Acc: 72.90  |  Test Loss: 0.920 | Tes Acc: 71.43
INFO >> Epoch: 13  |  Layer:  3  |  Train Loss: 0.616 | Train Acc: 82.85  |  Val Loss: 0.690 | Val Acc: 75.70  |  Test Loss: 0.805 | Tes Acc: 75.00
INFO >> Epoch: 13  |  Layer:  4  |  Train Loss: 0.474 | Train Acc: 88.95  |  Val Loss: 0.547 | Val Acc: 78.50  |  Test Loss: 0.673 | Tes Acc: 82.14
INFO >> Epoch: 13  |  Layer:  5  |  Train Loss: 0.435 | Train Acc: 89.53  |  Val Loss: 0.503 | Val Acc: 82.24  |  Test Loss: 0.600 | Tes Acc: 86.90
INFO >> Epoch: 13  |  Layer:  6  |  Train Loss: 0.418 | Train Acc: 91.86  |  Val Loss: 0.524 | Val Acc: 79.44  |  Test Loss: 0.550 | Tes Acc: 91.67
INFO >> Epoch: 13  |  Layer:  7  |  Train Loss: 0.367 | Train Acc: 95.06  |  Val Loss: 0.478 | Val Acc: 84.11  |  Test Loss: 0.465 | Tes Acc: 94.05
INFO >> Epoch: 13  |  Layer:  8  |  Train Loss: 0.348 | Train Acc: 95.93  |  Val Loss: 0.429 | Val Acc: 86.92  |  Test Loss: 0.457 | Tes Acc: 96.43
INFO >> Epoch: 13  |  Layer:  9  |  Train Loss: 0.354 | Train Acc: 95.64  |  Val Loss: 0.460 | Val Acc: 85.05  |  Test Loss: 0.519 | Tes Acc: 86.90
INFO >> Epoch: 13  |  Layer: 10  |  Train Loss: 0.382 | Train Acc: 95.06  |  Val Loss: 0.485 | Val Acc: 84.11  |  Test Loss: 0.545 | Tes Acc: 88.10
INFO >> Epoch: 13  |  Layer: 11  |  Train Loss: 0.391 | Train Acc: 93.31  |  Val Loss: 0.501 | Val Acc: 84.11  |  Test Loss: 0.582 | Tes Acc: 86.90
INFO >> Epoch: 13  |  Layer: 12  |  Train Loss: 0.415 | Train Acc: 92.44  |  Val Loss: 0.494 | Val Acc: 85.05  |  Test Loss: 0.624 | Tes Acc: 86.90
INFO >> Epoch: 13  |  Layer: 13  |  Train Loss: 0.461 | Train Acc: 92.15  |  Val Loss: 0.541 | Val Acc: 87.85  |  Test Loss: 0.702 | Tes Acc: 83.33
INFO >> Epoch: 13  |  Layer: 14  |  Train Loss: 0.391 | Train Acc: 94.19  |  Val Loss: 0.494 | Val Acc: 85.98  |  Test Loss: 0.627 | Tes Acc: 83.33
INFO >> Epoch: 13  |  Layer: 15  |  Train Loss: 0.387 | Train Acc: 95.35  |  Val Loss: 0.482 | Val Acc: 85.05  |  Test Loss: 0.650 | Tes Acc: 82.14
INFO >> Epoch: 13  |  Layer: 16  |  Train Loss: 0.381 | Train Acc: 93.90  |  Val Loss: 0.475 | Val Acc: 86.92  |  Test Loss: 0.672 | Tes Acc: 77.38
INFO >> Epoch: 13  |  Layer: 17  |  Train Loss: 0.341 | Train Acc: 93.60  |  Val Loss: 0.439 | Val Acc: 86.92  |  Test Loss: 0.619 | Tes Acc: 80.95
INFO >> Epoch: 13  |  Layer: 18  |  Train Loss: 0.322 | Train Acc: 94.19  |  Val Loss: 0.452 | Val Acc: 84.11  |  Test Loss: 0.583 | Tes Acc: 82.14
INFO >> Epoch: 13  |  Layer: 19  |  Train Loss: 0.341 | Train Acc: 92.73  |  Val Loss: 0.487 | Val Acc: 83.18  |  Test Loss: 0.670 | Tes Acc: 80.95
INFO >> Epoch: 13  |  Layer: 20  |  Train Loss: 0.423 | Train Acc: 90.12  |  Val Loss: 0.517 | Val Acc: 85.05  |  Test Loss: 0.731 | Tes Acc: 80.95
INFO >> Epoch: 13  |  Layer: 21  |  Train Loss: 0.540 | Train Acc: 87.21  |  Val Loss: 0.611 | Val Acc: 78.50  |  Test Loss: 0.917 | Tes Acc: 76.19
INFO >> Epoch: 13  |  Layer: 22  |  Train Loss: 1.005 | Train Acc: 64.53  |  Val Loss: 1.125 | Val Acc: 61.68  |  Test Loss: 1.295 | Tes Acc: 57.14
INFO >> Epoch: 13  |  Layer: 23  |  Train Loss: 1.766 | Train Acc: 31.40  |  Val Loss: 1.826 | Val Acc: 25.23  |  Test Loss: 1.883 | Tes Acc: 32.14
INFO >> Epoch: 13  |  Layer: 24  |  Train Loss: 1.810 | Train Acc: 29.65  |  Val Loss: 1.843 | Val Acc: 25.23  |  Test Loss: 1.903 | Tes Acc: 30.95

INFO >> Epoch: 14  |  Layer:  1  |  Train Loss: 0.756 | Train Acc: 75.58  |  Val Loss: 0.900 | Val Acc: 61.68  |  Test Loss: 0.947 | Tes Acc: 66.67
INFO >> Epoch: 14  |  Layer:  2  |  Train Loss: 0.689 | Train Acc: 79.94  |  Val Loss: 0.805 | Val Acc: 71.03  |  Test Loss: 0.852 | Tes Acc: 70.24
INFO >> Epoch: 14  |  Layer:  3  |  Train Loss: 0.571 | Train Acc: 84.88  |  Val Loss: 0.718 | Val Acc: 71.03  |  Test Loss: 0.755 | Tes Acc: 70.24
INFO >> Epoch: 14  |  Layer:  4  |  Train Loss: 0.437 | Train Acc: 90.41  |  Val Loss: 0.546 | Val Acc: 77.57  |  Test Loss: 0.626 | Tes Acc: 78.57
INFO >> Epoch: 14  |  Layer:  5  |  Train Loss: 0.396 | Train Acc: 90.12  |  Val Loss: 0.493 | Val Acc: 82.24  |  Test Loss: 0.547 | Tes Acc: 85.71
INFO >> Epoch: 14  |  Layer:  6  |  Train Loss: 0.386 | Train Acc: 92.44  |  Val Loss: 0.515 | Val Acc: 83.18  |  Test Loss: 0.492 | Tes Acc: 89.29
INFO >> Epoch: 14  |  Layer:  7  |  Train Loss: 0.339 | Train Acc: 96.22  |  Val Loss: 0.492 | Val Acc: 82.24  |  Test Loss: 0.424 | Tes Acc: 90.48
INFO >> Epoch: 14  |  Layer:  8  |  Train Loss: 0.322 | Train Acc: 94.48  |  Val Loss: 0.448 | Val Acc: 84.11  |  Test Loss: 0.418 | Tes Acc: 90.48
INFO >> Epoch: 14  |  Layer:  9  |  Train Loss: 0.325 | Train Acc: 96.51  |  Val Loss: 0.447 | Val Acc: 85.05  |  Test Loss: 0.449 | Tes Acc: 85.71
INFO >> Epoch: 14  |  Layer: 10  |  Train Loss: 0.351 | Train Acc: 94.77  |  Val Loss: 0.479 | Val Acc: 81.31  |  Test Loss: 0.484 | Tes Acc: 86.90
INFO >> Epoch: 14  |  Layer: 11  |  Train Loss: 0.366 | Train Acc: 93.31  |  Val Loss: 0.491 | Val Acc: 80.37  |  Test Loss: 0.504 | Tes Acc: 84.52
INFO >> Epoch: 14  |  Layer: 12  |  Train Loss: 0.395 | Train Acc: 92.73  |  Val Loss: 0.452 | Val Acc: 85.05  |  Test Loss: 0.521 | Tes Acc: 88.10
INFO >> Epoch: 14  |  Layer: 13  |  Train Loss: 0.433 | Train Acc: 91.86  |  Val Loss: 0.506 | Val Acc: 82.24  |  Test Loss: 0.568 | Tes Acc: 86.90
INFO >> Epoch: 14  |  Layer: 14  |  Train Loss: 0.351 | Train Acc: 96.51  |  Val Loss: 0.465 | Val Acc: 85.05  |  Test Loss: 0.523 | Tes Acc: 86.90
INFO >> Epoch: 14  |  Layer: 15  |  Train Loss: 0.351 | Train Acc: 94.77  |  Val Loss: 0.453 | Val Acc: 86.92  |  Test Loss: 0.569 | Tes Acc: 84.52
INFO >> Epoch: 14  |  Layer: 16  |  Train Loss: 0.351 | Train Acc: 96.22  |  Val Loss: 0.439 | Val Acc: 87.85  |  Test Loss: 0.583 | Tes Acc: 79.76
INFO >> Epoch: 14  |  Layer: 17  |  Train Loss: 0.305 | Train Acc: 96.51  |  Val Loss: 0.403 | Val Acc: 85.98  |  Test Loss: 0.533 | Tes Acc: 83.33
INFO >> Epoch: 14  |  Layer: 18  |  Train Loss: 0.282 | Train Acc: 95.64  |  Val Loss: 0.418 | Val Acc: 85.05  |  Test Loss: 0.520 | Tes Acc: 83.33
INFO >> Epoch: 14  |  Layer: 19  |  Train Loss: 0.311 | Train Acc: 94.19  |  Val Loss: 0.465 | Val Acc: 82.24  |  Test Loss: 0.583 | Tes Acc: 80.95
INFO >> Epoch: 14  |  Layer: 20  |  Train Loss: 0.379 | Train Acc: 92.44  |  Val Loss: 0.496 | Val Acc: 84.11  |  Test Loss: 0.659 | Tes Acc: 79.76
INFO >> Epoch: 14  |  Layer: 21  |  Train Loss: 0.500 | Train Acc: 86.05  |  Val Loss: 0.585 | Val Acc: 77.57  |  Test Loss: 0.823 | Tes Acc: 78.57
INFO >> Epoch: 14  |  Layer: 22  |  Train Loss: 0.988 | Train Acc: 68.90  |  Val Loss: 1.118 | Val Acc: 55.14  |  Test Loss: 1.276 | Tes Acc: 57.14
INFO >> Epoch: 14  |  Layer: 23  |  Train Loss: 1.760 | Train Acc: 25.00  |  Val Loss: 1.804 | Val Acc: 25.23  |  Test Loss: 1.911 | Tes Acc: 30.95
INFO >> Epoch: 14  |  Layer: 24  |  Train Loss: 1.807 | Train Acc: 27.33  |  Val Loss: 1.858 | Val Acc: 25.23  |  Test Loss: 1.901 | Tes Acc: 29.76

INFO >> Epoch: 15  |  Layer:  1  |  Train Loss: 0.732 | Train Acc: 76.45  |  Val Loss: 0.820 | Val Acc: 71.03  |  Test Loss: 0.937 | Tes Acc: 69.05
INFO >> Epoch: 15  |  Layer:  2  |  Train Loss: 0.651 | Train Acc: 81.40  |  Val Loss: 0.750 | Val Acc: 75.70  |  Test Loss: 0.879 | Tes Acc: 71.43
INFO >> Epoch: 15  |  Layer:  3  |  Train Loss: 0.540 | Train Acc: 84.01  |  Val Loss: 0.655 | Val Acc: 79.44  |  Test Loss: 0.748 | Tes Acc: 77.38
INFO >> Epoch: 15  |  Layer:  4  |  Train Loss: 0.404 | Train Acc: 90.99  |  Val Loss: 0.513 | Val Acc: 80.37  |  Test Loss: 0.624 | Tes Acc: 82.14
INFO >> Epoch: 15  |  Layer:  5  |  Train Loss: 0.362 | Train Acc: 90.41  |  Val Loss: 0.466 | Val Acc: 82.24  |  Test Loss: 0.553 | Tes Acc: 83.33
INFO >> Epoch: 15  |  Layer:  6  |  Train Loss: 0.349 | Train Acc: 93.31  |  Val Loss: 0.493 | Val Acc: 80.37  |  Test Loss: 0.494 | Tes Acc: 91.67
INFO >> Epoch: 15  |  Layer:  7  |  Train Loss: 0.297 | Train Acc: 93.90  |  Val Loss: 0.460 | Val Acc: 84.11  |  Test Loss: 0.420 | Tes Acc: 92.86
INFO >> Epoch: 15  |  Layer:  8  |  Train Loss: 0.282 | Train Acc: 95.06  |  Val Loss: 0.421 | Val Acc: 85.05  |  Test Loss: 0.412 | Tes Acc: 96.43
INFO >> Epoch: 15  |  Layer:  9  |  Train Loss: 0.284 | Train Acc: 95.93  |  Val Loss: 0.423 | Val Acc: 85.98  |  Test Loss: 0.456 | Tes Acc: 88.10
INFO >> Epoch: 15  |  Layer: 10  |  Train Loss: 0.310 | Train Acc: 93.90  |  Val Loss: 0.450 | Val Acc: 82.24  |  Test Loss: 0.486 | Tes Acc: 88.10
INFO >> Epoch: 15  |  Layer: 11  |  Train Loss: 0.325 | Train Acc: 93.31  |  Val Loss: 0.468 | Val Acc: 84.11  |  Test Loss: 0.521 | Tes Acc: 88.10
INFO >> Epoch: 15  |  Layer: 12  |  Train Loss: 0.350 | Train Acc: 93.31  |  Val Loss: 0.454 | Val Acc: 86.92  |  Test Loss: 0.548 | Tes Acc: 91.67
INFO >> Epoch: 15  |  Layer: 13  |  Train Loss: 0.392 | Train Acc: 90.99  |  Val Loss: 0.497 | Val Acc: 85.05  |  Test Loss: 0.612 | Tes Acc: 86.90
INFO >> Epoch: 15  |  Layer: 14  |  Train Loss: 0.322 | Train Acc: 94.19  |  Val Loss: 0.455 | Val Acc: 84.11  |  Test Loss: 0.572 | Tes Acc: 86.90
INFO >> Epoch: 15  |  Layer: 15  |  Train Loss: 0.327 | Train Acc: 94.19  |  Val Loss: 0.463 | Val Acc: 85.98  |  Test Loss: 0.612 | Tes Acc: 83.33
INFO >> Epoch: 15  |  Layer: 16  |  Train Loss: 0.333 | Train Acc: 92.44  |  Val Loss: 0.451 | Val Acc: 87.85  |  Test Loss: 0.619 | Tes Acc: 78.57
INFO >> Epoch: 15  |  Layer: 17  |  Train Loss: 0.295 | Train Acc: 93.90  |  Val Loss: 0.443 | Val Acc: 82.24  |  Test Loss: 0.603 | Tes Acc: 76.19
INFO >> Epoch: 15  |  Layer: 18  |  Train Loss: 0.266 | Train Acc: 95.93  |  Val Loss: 0.447 | Val Acc: 81.31  |  Test Loss: 0.546 | Tes Acc: 84.52
INFO >> Epoch: 15  |  Layer: 19  |  Train Loss: 0.282 | Train Acc: 92.73  |  Val Loss: 0.488 | Val Acc: 79.44  |  Test Loss: 0.637 | Tes Acc: 80.95
INFO >> Epoch: 15  |  Layer: 20  |  Train Loss: 0.349 | Train Acc: 91.86  |  Val Loss: 0.503 | Val Acc: 80.37  |  Test Loss: 0.724 | Tes Acc: 78.57
INFO >> Epoch: 15  |  Layer: 21  |  Train Loss: 0.448 | Train Acc: 88.37  |  Val Loss: 0.597 | Val Acc: 77.57  |  Test Loss: 0.920 | Tes Acc: 78.57
INFO >> Epoch: 15  |  Layer: 22  |  Train Loss: 0.940 | Train Acc: 67.15  |  Val Loss: 1.034 | Val Acc: 72.90  |  Test Loss: 1.292 | Tes Acc: 57.14
INFO >> Epoch: 15  |  Layer: 23  |  Train Loss: 1.726 | Train Acc: 35.76  |  Val Loss: 1.803 | Val Acc: 29.91  |  Test Loss: 1.890 | Tes Acc: 35.71
INFO >> Epoch: 15  |  Layer: 24  |  Train Loss: 1.802 | Train Acc: 30.23  |  Val Loss: 1.828 | Val Acc: 25.23  |  Test Loss: 1.890 | Tes Acc: 32.14

INFO >> Epoch: 16  |  Layer:  1  |  Train Loss: 0.670 | Train Acc: 78.78  |  Val Loss: 0.807 | Val Acc: 69.16  |  Test Loss: 0.914 | Tes Acc: 71.43
INFO >> Epoch: 16  |  Layer:  2  |  Train Loss: 0.606 | Train Acc: 83.14  |  Val Loss: 0.750 | Val Acc: 75.70  |  Test Loss: 0.812 | Tes Acc: 73.81
INFO >> Epoch: 16  |  Layer:  3  |  Train Loss: 0.489 | Train Acc: 86.34  |  Val Loss: 0.622 | Val Acc: 78.50  |  Test Loss: 0.707 | Tes Acc: 79.76
INFO >> Epoch: 16  |  Layer:  4  |  Train Loss: 0.354 | Train Acc: 94.48  |  Val Loss: 0.491 | Val Acc: 80.37  |  Test Loss: 0.581 | Tes Acc: 84.52
INFO >> Epoch: 16  |  Layer:  5  |  Train Loss: 0.317 | Train Acc: 94.77  |  Val Loss: 0.445 | Val Acc: 84.11  |  Test Loss: 0.509 | Tes Acc: 88.10
INFO >> Epoch: 16  |  Layer:  6  |  Train Loss: 0.307 | Train Acc: 94.77  |  Val Loss: 0.485 | Val Acc: 82.24  |  Test Loss: 0.454 | Tes Acc: 92.86
INFO >> Epoch: 16  |  Layer:  7  |  Train Loss: 0.265 | Train Acc: 97.09  |  Val Loss: 0.457 | Val Acc: 83.18  |  Test Loss: 0.382 | Tes Acc: 94.05
INFO >> Epoch: 16  |  Layer:  8  |  Train Loss: 0.250 | Train Acc: 97.38  |  Val Loss: 0.399 | Val Acc: 83.18  |  Test Loss: 0.366 | Tes Acc: 95.24
INFO >> Epoch: 16  |  Layer:  9  |  Train Loss: 0.257 | Train Acc: 97.67  |  Val Loss: 0.406 | Val Acc: 86.92  |  Test Loss: 0.412 | Tes Acc: 90.48
INFO >> Epoch: 16  |  Layer: 10  |  Train Loss: 0.277 | Train Acc: 97.97  |  Val Loss: 0.436 | Val Acc: 82.24  |  Test Loss: 0.450 | Tes Acc: 90.48
INFO >> Epoch: 16  |  Layer: 11  |  Train Loss: 0.292 | Train Acc: 97.97  |  Val Loss: 0.447 | Val Acc: 85.98  |  Test Loss: 0.485 | Tes Acc: 90.48
INFO >> Epoch: 16  |  Layer: 12  |  Train Loss: 0.326 | Train Acc: 95.93  |  Val Loss: 0.433 | Val Acc: 88.79  |  Test Loss: 0.547 | Tes Acc: 84.52
INFO >> Epoch: 16  |  Layer: 13  |  Train Loss: 0.362 | Train Acc: 95.06  |  Val Loss: 0.455 | Val Acc: 87.85  |  Test Loss: 0.568 | Tes Acc: 88.10
INFO >> Epoch: 16  |  Layer: 14  |  Train Loss: 0.286 | Train Acc: 96.51  |  Val Loss: 0.417 | Val Acc: 87.85  |  Test Loss: 0.519 | Tes Acc: 89.29
INFO >> Epoch: 16  |  Layer: 15  |  Train Loss: 0.284 | Train Acc: 96.80  |  Val Loss: 0.412 | Val Acc: 89.72  |  Test Loss: 0.561 | Tes Acc: 85.71
INFO >> Epoch: 16  |  Layer: 16  |  Train Loss: 0.285 | Train Acc: 95.93  |  Val Loss: 0.393 | Val Acc: 88.79  |  Test Loss: 0.567 | Tes Acc: 80.95
INFO >> Epoch: 16  |  Layer: 17  |  Train Loss: 0.247 | Train Acc: 96.51  |  Val Loss: 0.373 | Val Acc: 86.92  |  Test Loss: 0.517 | Tes Acc: 83.33
INFO >> Epoch: 16  |  Layer: 18  |  Train Loss: 0.231 | Train Acc: 97.67  |  Val Loss: 0.392 | Val Acc: 86.92  |  Test Loss: 0.493 | Tes Acc: 85.71
INFO >> Epoch: 16  |  Layer: 19  |  Train Loss: 0.253 | Train Acc: 95.93  |  Val Loss: 0.458 | Val Acc: 85.98  |  Test Loss: 0.572 | Tes Acc: 84.52
INFO >> Epoch: 16  |  Layer: 20  |  Train Loss: 0.318 | Train Acc: 93.02  |  Val Loss: 0.469 | Val Acc: 81.31  |  Test Loss: 0.635 | Tes Acc: 83.33
INFO >> Epoch: 16  |  Layer: 21  |  Train Loss: 0.425 | Train Acc: 89.53  |  Val Loss: 0.556 | Val Acc: 78.50  |  Test Loss: 0.805 | Tes Acc: 80.95
INFO >> Epoch: 16  |  Layer: 22  |  Train Loss: 0.910 | Train Acc: 71.22  |  Val Loss: 1.046 | Val Acc: 62.62  |  Test Loss: 1.231 | Tes Acc: 57.14
INFO >> Epoch: 16  |  Layer: 23  |  Train Loss: 1.728 | Train Acc: 33.43  |  Val Loss: 1.793 | Val Acc: 42.99  |  Test Loss: 1.886 | Tes Acc: 41.67
INFO >> Epoch: 16  |  Layer: 24  |  Train Loss: 1.777 | Train Acc: 34.59  |  Val Loss: 1.823 | Val Acc: 29.91  |  Test Loss: 1.891 | Tes Acc: 38.10

INFO >> Epoch: 17  |  Layer:  1  |  Train Loss: 0.647 | Train Acc: 79.94  |  Val Loss: 0.819 | Val Acc: 64.49  |  Test Loss: 0.884 | Tes Acc: 70.24
INFO >> Epoch: 17  |  Layer:  2  |  Train Loss: 0.575 | Train Acc: 84.30  |  Val Loss: 0.714 | Val Acc: 73.83  |  Test Loss: 0.801 | Tes Acc: 71.43
INFO >> Epoch: 17  |  Layer:  3  |  Train Loss: 0.461 | Train Acc: 88.37  |  Val Loss: 0.614 | Val Acc: 74.77  |  Test Loss: 0.682 | Tes Acc: 76.19
INFO >> Epoch: 17  |  Layer:  4  |  Train Loss: 0.338 | Train Acc: 92.44  |  Val Loss: 0.477 | Val Acc: 80.37  |  Test Loss: 0.566 | Tes Acc: 83.33
INFO >> Epoch: 17  |  Layer:  5  |  Train Loss: 0.311 | Train Acc: 94.19  |  Val Loss: 0.426 | Val Acc: 84.11  |  Test Loss: 0.502 | Tes Acc: 83.33
INFO >> Epoch: 17  |  Layer:  6  |  Train Loss: 0.294 | Train Acc: 95.06  |  Val Loss: 0.459 | Val Acc: 84.11  |  Test Loss: 0.439 | Tes Acc: 89.29
INFO >> Epoch: 17  |  Layer:  7  |  Train Loss: 0.245 | Train Acc: 95.35  |  Val Loss: 0.426 | Val Acc: 84.11  |  Test Loss: 0.361 | Tes Acc: 94.05
INFO >> Epoch: 17  |  Layer:  8  |  Train Loss: 0.232 | Train Acc: 95.93  |  Val Loss: 0.393 | Val Acc: 85.05  |  Test Loss: 0.361 | Tes Acc: 91.67
INFO >> Epoch: 17  |  Layer:  9  |  Train Loss: 0.240 | Train Acc: 95.93  |  Val Loss: 0.390 | Val Acc: 86.92  |  Test Loss: 0.396 | Tes Acc: 86.90
INFO >> Epoch: 17  |  Layer: 10  |  Train Loss: 0.270 | Train Acc: 95.93  |  Val Loss: 0.423 | Val Acc: 84.11  |  Test Loss: 0.421 | Tes Acc: 89.29
INFO >> Epoch: 17  |  Layer: 11  |  Train Loss: 0.276 | Train Acc: 96.51  |  Val Loss: 0.441 | Val Acc: 84.11  |  Test Loss: 0.454 | Tes Acc: 86.90
INFO >> Epoch: 17  |  Layer: 12  |  Train Loss: 0.315 | Train Acc: 94.48  |  Val Loss: 0.401 | Val Acc: 84.11  |  Test Loss: 0.468 | Tes Acc: 88.10
INFO >> Epoch: 17  |  Layer: 13  |  Train Loss: 0.347 | Train Acc: 94.77  |  Val Loss: 0.440 | Val Acc: 83.18  |  Test Loss: 0.519 | Tes Acc: 89.29
INFO >> Epoch: 17  |  Layer: 14  |  Train Loss: 0.276 | Train Acc: 95.64  |  Val Loss: 0.403 | Val Acc: 84.11  |  Test Loss: 0.475 | Tes Acc: 89.29
INFO >> Epoch: 17  |  Layer: 15  |  Train Loss: 0.285 | Train Acc: 94.19  |  Val Loss: 0.399 | Val Acc: 85.98  |  Test Loss: 0.523 | Tes Acc: 85.71
INFO >> Epoch: 17  |  Layer: 16  |  Train Loss: 0.285 | Train Acc: 95.35  |  Val Loss: 0.381 | Val Acc: 85.05  |  Test Loss: 0.548 | Tes Acc: 83.33
INFO >> Epoch: 17  |  Layer: 17  |  Train Loss: 0.244 | Train Acc: 95.93  |  Val Loss: 0.356 | Val Acc: 87.85  |  Test Loss: 0.495 | Tes Acc: 83.33
INFO >> Epoch: 17  |  Layer: 18  |  Train Loss: 0.231 | Train Acc: 96.51  |  Val Loss: 0.365 | Val Acc: 88.79  |  Test Loss: 0.461 | Tes Acc: 86.90
INFO >> Epoch: 17  |  Layer: 19  |  Train Loss: 0.252 | Train Acc: 94.77  |  Val Loss: 0.431 | Val Acc: 84.11  |  Test Loss: 0.569 | Tes Acc: 85.71
INFO >> Epoch: 17  |  Layer: 20  |  Train Loss: 0.315 | Train Acc: 92.73  |  Val Loss: 0.444 | Val Acc: 84.11  |  Test Loss: 0.653 | Tes Acc: 82.14
INFO >> Epoch: 17  |  Layer: 21  |  Train Loss: 0.422 | Train Acc: 88.95  |  Val Loss: 0.518 | Val Acc: 80.37  |  Test Loss: 0.828 | Tes Acc: 79.76
INFO >> Epoch: 17  |  Layer: 22  |  Train Loss: 0.894 | Train Acc: 69.77  |  Val Loss: 1.017 | Val Acc: 70.09  |  Test Loss: 1.246 | Tes Acc: 58.33
INFO >> Epoch: 17  |  Layer: 23  |  Train Loss: 1.720 | Train Acc: 37.50  |  Val Loss: 1.766 | Val Acc: 27.10  |  Test Loss: 1.891 | Tes Acc: 35.71
INFO >> Epoch: 17  |  Layer: 24  |  Train Loss: 1.782 | Train Acc: 31.69  |  Val Loss: 1.823 | Val Acc: 38.32  |  Test Loss: 1.869 | Tes Acc: 39.29

INFO >> Epoch: 18  |  Layer:  1  |  Train Loss: 0.657 | Train Acc: 79.07  |  Val Loss: 0.804 | Val Acc: 65.42  |  Test Loss: 0.927 | Tes Acc: 61.90
INFO >> Epoch: 18  |  Layer:  2  |  Train Loss: 0.566 | Train Acc: 83.14  |  Val Loss: 0.699 | Val Acc: 72.90  |  Test Loss: 0.790 | Tes Acc: 75.00
INFO >> Epoch: 18  |  Layer:  3  |  Train Loss: 0.465 | Train Acc: 84.59  |  Val Loss: 0.584 | Val Acc: 79.44  |  Test Loss: 0.670 | Tes Acc: 75.00
INFO >> Epoch: 18  |  Layer:  4  |  Train Loss: 0.339 | Train Acc: 90.70  |  Val Loss: 0.457 | Val Acc: 82.24  |  Test Loss: 0.539 | Tes Acc: 83.33
INFO >> Epoch: 18  |  Layer:  5  |  Train Loss: 0.313 | Train Acc: 90.99  |  Val Loss: 0.408 | Val Acc: 84.11  |  Test Loss: 0.452 | Tes Acc: 88.10
INFO >> Epoch: 18  |  Layer:  6  |  Train Loss: 0.290 | Train Acc: 93.60  |  Val Loss: 0.436 | Val Acc: 84.11  |  Test Loss: 0.398 | Tes Acc: 92.86
INFO >> Epoch: 18  |  Layer:  7  |  Train Loss: 0.236 | Train Acc: 96.51  |  Val Loss: 0.416 | Val Acc: 83.18  |  Test Loss: 0.328 | Tes Acc: 94.05
INFO >> Epoch: 18  |  Layer:  8  |  Train Loss: 0.232 | Train Acc: 96.22  |  Val Loss: 0.352 | Val Acc: 85.98  |  Test Loss: 0.305 | Tes Acc: 96.43
INFO >> Epoch: 18  |  Layer:  9  |  Train Loss: 0.237 | Train Acc: 97.38  |  Val Loss: 0.366 | Val Acc: 85.98  |  Test Loss: 0.355 | Tes Acc: 94.05
INFO >> Epoch: 18  |  Layer: 10  |  Train Loss: 0.264 | Train Acc: 95.93  |  Val Loss: 0.400 | Val Acc: 83.18  |  Test Loss: 0.393 | Tes Acc: 92.86
INFO >> Epoch: 18  |  Layer: 11  |  Train Loss: 0.266 | Train Acc: 96.80  |  Val Loss: 0.403 | Val Acc: 86.92  |  Test Loss: 0.418 | Tes Acc: 90.48
INFO >> Epoch: 18  |  Layer: 12  |  Train Loss: 0.301 | Train Acc: 93.90  |  Val Loss: 0.386 | Val Acc: 89.72  |  Test Loss: 0.476 | Tes Acc: 90.48
INFO >> Epoch: 18  |  Layer: 13  |  Train Loss: 0.337 | Train Acc: 91.86  |  Val Loss: 0.413 | Val Acc: 88.79  |  Test Loss: 0.503 | Tes Acc: 91.67
INFO >> Epoch: 18  |  Layer: 14  |  Train Loss: 0.273 | Train Acc: 95.06  |  Val Loss: 0.382 | Val Acc: 85.98  |  Test Loss: 0.462 | Tes Acc: 89.29
INFO >> Epoch: 18  |  Layer: 15  |  Train Loss: 0.275 | Train Acc: 95.64  |  Val Loss: 0.384 | Val Acc: 86.92  |  Test Loss: 0.508 | Tes Acc: 84.52
INFO >> Epoch: 18  |  Layer: 16  |  Train Loss: 0.275 | Train Acc: 94.48  |  Val Loss: 0.362 | Val Acc: 88.79  |  Test Loss: 0.496 | Tes Acc: 84.52
INFO >> Epoch: 18  |  Layer: 17  |  Train Loss: 0.234 | Train Acc: 95.06  |  Val Loss: 0.339 | Val Acc: 88.79  |  Test Loss: 0.448 | Tes Acc: 88.10
INFO >> Epoch: 18  |  Layer: 18  |  Train Loss: 0.214 | Train Acc: 97.09  |  Val Loss: 0.367 | Val Acc: 85.98  |  Test Loss: 0.428 | Tes Acc: 88.10
INFO >> Epoch: 18  |  Layer: 19  |  Train Loss: 0.231 | Train Acc: 95.93  |  Val Loss: 0.432 | Val Acc: 86.92  |  Test Loss: 0.515 | Tes Acc: 85.71
INFO >> Epoch: 18  |  Layer: 20  |  Train Loss: 0.293 | Train Acc: 93.02  |  Val Loss: 0.443 | Val Acc: 84.11  |  Test Loss: 0.588 | Tes Acc: 84.52
INFO >> Epoch: 18  |  Layer: 21  |  Train Loss: 0.392 | Train Acc: 89.83  |  Val Loss: 0.530 | Val Acc: 76.64  |  Test Loss: 0.759 | Tes Acc: 82.14
INFO >> Epoch: 18  |  Layer: 22  |  Train Loss: 0.854 | Train Acc: 70.64  |  Val Loss: 0.960 | Val Acc: 74.77  |  Test Loss: 1.189 | Tes Acc: 60.71
INFO >> Epoch: 18  |  Layer: 23  |  Train Loss: 1.681 | Train Acc: 44.19  |  Val Loss: 1.765 | Val Acc: 42.06  |  Test Loss: 1.866 | Tes Acc: 45.24
INFO >> Epoch: 18  |  Layer: 24  |  Train Loss: 1.740 | Train Acc: 36.92  |  Val Loss: 1.820 | Val Acc: 24.30  |  Test Loss: 1.882 | Tes Acc: 32.14

INFO >> Epoch: 19  |  Layer:  1  |  Train Loss: 0.602 | Train Acc: 80.52  |  Val Loss: 0.743 | Val Acc: 70.09  |  Test Loss: 0.853 | Tes Acc: 67.86
INFO >> Epoch: 19  |  Layer:  2  |  Train Loss: 0.517 | Train Acc: 86.63  |  Val Loss: 0.661 | Val Acc: 75.70  |  Test Loss: 0.747 | Tes Acc: 73.81
INFO >> Epoch: 19  |  Layer:  3  |  Train Loss: 0.409 | Train Acc: 89.83  |  Val Loss: 0.560 | Val Acc: 76.64  |  Test Loss: 0.639 | Tes Acc: 76.19
INFO >> Epoch: 19  |  Layer:  4  |  Train Loss: 0.290 | Train Acc: 95.06  |  Val Loss: 0.437 | Val Acc: 79.44  |  Test Loss: 0.522 | Tes Acc: 84.52
INFO >> Epoch: 19  |  Layer:  5  |  Train Loss: 0.263 | Train Acc: 95.06  |  Val Loss: 0.386 | Val Acc: 85.05  |  Test Loss: 0.462 | Tes Acc: 85.71
INFO >> Epoch: 19  |  Layer:  6  |  Train Loss: 0.254 | Train Acc: 95.06  |  Val Loss: 0.413 | Val Acc: 82.24  |  Test Loss: 0.392 | Tes Acc: 94.05
INFO >> Epoch: 19  |  Layer:  7  |  Train Loss: 0.212 | Train Acc: 96.80  |  Val Loss: 0.388 | Val Acc: 85.05  |  Test Loss: 0.321 | Tes Acc: 94.05
INFO >> Epoch: 19  |  Layer:  8  |  Train Loss: 0.202 | Train Acc: 96.51  |  Val Loss: 0.356 | Val Acc: 84.11  |  Test Loss: 0.315 | Tes Acc: 96.43
INFO >> Epoch: 19  |  Layer:  9  |  Train Loss: 0.206 | Train Acc: 97.09  |  Val Loss: 0.356 | Val Acc: 86.92  |  Test Loss: 0.354 | Tes Acc: 89.29
INFO >> Epoch: 19  |  Layer: 10  |  Train Loss: 0.227 | Train Acc: 96.80  |  Val Loss: 0.376 | Val Acc: 84.11  |  Test Loss: 0.371 | Tes Acc: 92.86
INFO >> Epoch: 19  |  Layer: 11  |  Train Loss: 0.236 | Train Acc: 97.38  |  Val Loss: 0.387 | Val Acc: 85.05  |  Test Loss: 0.395 | Tes Acc: 94.05
INFO >> Epoch: 19  |  Layer: 12  |  Train Loss: 0.270 | Train Acc: 97.09  |  Val Loss: 0.361 | Val Acc: 90.65  |  Test Loss: 0.434 | Tes Acc: 91.67
INFO >> Epoch: 19  |  Layer: 13  |  Train Loss: 0.301 | Train Acc: 95.93  |  Val Loss: 0.398 | Val Acc: 88.79  |  Test Loss: 0.492 | Tes Acc: 89.29
INFO >> Epoch: 19  |  Layer: 14  |  Train Loss: 0.237 | Train Acc: 97.97  |  Val Loss: 0.368 | Val Acc: 85.05  |  Test Loss: 0.428 | Tes Acc: 90.48
INFO >> Epoch: 19  |  Layer: 15  |  Train Loss: 0.238 | Train Acc: 96.80  |  Val Loss: 0.374 | Val Acc: 86.92  |  Test Loss: 0.495 | Tes Acc: 84.52
INFO >> Epoch: 19  |  Layer: 16  |  Train Loss: 0.244 | Train Acc: 95.93  |  Val Loss: 0.356 | Val Acc: 87.85  |  Test Loss: 0.509 | Tes Acc: 84.52
INFO >> Epoch: 19  |  Layer: 17  |  Train Loss: 0.213 | Train Acc: 96.22  |  Val Loss: 0.335 | Val Acc: 89.72  |  Test Loss: 0.458 | Tes Acc: 85.71
INFO >> Epoch: 19  |  Layer: 18  |  Train Loss: 0.194 | Train Acc: 97.38  |  Val Loss: 0.337 | Val Acc: 87.85  |  Test Loss: 0.429 | Tes Acc: 86.90
INFO >> Epoch: 19  |  Layer: 19  |  Train Loss: 0.206 | Train Acc: 95.93  |  Val Loss: 0.401 | Val Acc: 85.05  |  Test Loss: 0.546 | Tes Acc: 83.33
INFO >> Epoch: 19  |  Layer: 20  |  Train Loss: 0.252 | Train Acc: 95.93  |  Val Loss: 0.406 | Val Acc: 85.98  |  Test Loss: 0.628 | Tes Acc: 83.33
INFO >> Epoch: 19  |  Layer: 21  |  Train Loss: 0.356 | Train Acc: 90.99  |  Val Loss: 0.472 | Val Acc: 83.18  |  Test Loss: 0.833 | Tes Acc: 80.95
INFO >> Epoch: 19  |  Layer: 22  |  Train Loss: 0.825 | Train Acc: 72.67  |  Val Loss: 0.950 | Val Acc: 72.90  |  Test Loss: 1.241 | Tes Acc: 58.33
INFO >> Epoch: 19  |  Layer: 23  |  Train Loss: 1.660 | Train Acc: 34.01  |  Val Loss: 1.742 | Val Acc: 37.38  |  Test Loss: 1.867 | Tes Acc: 45.24
INFO >> Epoch: 19  |  Layer: 24  |  Train Loss: 1.738 | Train Acc: 32.85  |  Val Loss: 1.782 | Val Acc: 28.97  |  Test Loss: 1.865 | Tes Acc: 42.86

INFO >> Epoch: 20  |  Layer:  1  |  Train Loss: 0.565 | Train Acc: 84.30  |  Val Loss: 0.759 | Val Acc: 66.36  |  Test Loss: 0.855 | Tes Acc: 67.86
INFO >> Epoch: 20  |  Layer:  2  |  Train Loss: 0.481 | Train Acc: 88.08  |  Val Loss: 0.667 | Val Acc: 73.83  |  Test Loss: 0.743 | Tes Acc: 77.38
INFO >> Epoch: 20  |  Layer:  3  |  Train Loss: 0.384 | Train Acc: 90.99  |  Val Loss: 0.555 | Val Acc: 79.44  |  Test Loss: 0.634 | Tes Acc: 79.76
INFO >> Epoch: 20  |  Layer:  4  |  Train Loss: 0.274 | Train Acc: 95.35  |  Val Loss: 0.440 | Val Acc: 80.37  |  Test Loss: 0.511 | Tes Acc: 84.52
INFO >> Epoch: 20  |  Layer:  5  |  Train Loss: 0.245 | Train Acc: 95.06  |  Val Loss: 0.387 | Val Acc: 82.24  |  Test Loss: 0.436 | Tes Acc: 89.29
INFO >> Epoch: 20  |  Layer:  6  |  Train Loss: 0.230 | Train Acc: 96.80  |  Val Loss: 0.424 | Val Acc: 82.24  |  Test Loss: 0.375 | Tes Acc: 91.67
INFO >> Epoch: 20  |  Layer:  7  |  Train Loss: 0.186 | Train Acc: 98.26  |  Val Loss: 0.407 | Val Acc: 85.05  |  Test Loss: 0.312 | Tes Acc: 94.05
INFO >> Epoch: 20  |  Layer:  8  |  Train Loss: 0.179 | Train Acc: 98.26  |  Val Loss: 0.375 | Val Acc: 86.92  |  Test Loss: 0.299 | Tes Acc: 94.05
INFO >> Epoch: 20  |  Layer:  9  |  Train Loss: 0.184 | Train Acc: 98.55  |  Val Loss: 0.367 | Val Acc: 88.79  |  Test Loss: 0.343 | Tes Acc: 95.24
INFO >> Epoch: 20  |  Layer: 10  |  Train Loss: 0.204 | Train Acc: 97.67  |  Val Loss: 0.381 | Val Acc: 84.11  |  Test Loss: 0.367 | Tes Acc: 92.86
INFO >> Epoch: 20  |  Layer: 11  |  Train Loss: 0.209 | Train Acc: 97.97  |  Val Loss: 0.396 | Val Acc: 86.92  |  Test Loss: 0.405 | Tes Acc: 91.67
INFO >> Epoch: 20  |  Layer: 12  |  Train Loss: 0.238 | Train Acc: 97.09  |  Val Loss: 0.367 | Val Acc: 91.59  |  Test Loss: 0.450 | Tes Acc: 92.86
INFO >> Epoch: 20  |  Layer: 13  |  Train Loss: 0.264 | Train Acc: 97.09  |  Val Loss: 0.399 | Val Acc: 87.85  |  Test Loss: 0.498 | Tes Acc: 91.67
INFO >> Epoch: 20  |  Layer: 14  |  Train Loss: 0.208 | Train Acc: 98.55  |  Val Loss: 0.370 | Val Acc: 85.05  |  Test Loss: 0.456 | Tes Acc: 88.10
INFO >> Epoch: 20  |  Layer: 15  |  Train Loss: 0.212 | Train Acc: 97.67  |  Val Loss: 0.381 | Val Acc: 88.79  |  Test Loss: 0.505 | Tes Acc: 84.52
INFO >> Epoch: 20  |  Layer: 16  |  Train Loss: 0.214 | Train Acc: 97.97  |  Val Loss: 0.358 | Val Acc: 90.65  |  Test Loss: 0.495 | Tes Acc: 83.33
INFO >> Epoch: 20  |  Layer: 17  |  Train Loss: 0.181 | Train Acc: 98.55  |  Val Loss: 0.345 | Val Acc: 90.65  |  Test Loss: 0.458 | Tes Acc: 85.71
INFO >> Epoch: 20  |  Layer: 18  |  Train Loss: 0.167 | Train Acc: 98.55  |  Val Loss: 0.360 | Val Acc: 85.05  |  Test Loss: 0.429 | Tes Acc: 84.52
INFO >> Epoch: 20  |  Layer: 19  |  Train Loss: 0.185 | Train Acc: 97.09  |  Val Loss: 0.435 | Val Acc: 81.31  |  Test Loss: 0.512 | Tes Acc: 84.52
INFO >> Epoch: 20  |  Layer: 20  |  Train Loss: 0.236 | Train Acc: 97.67  |  Val Loss: 0.433 | Val Acc: 84.11  |  Test Loss: 0.583 | Tes Acc: 82.14
INFO >> Epoch: 20  |  Layer: 21  |  Train Loss: 0.330 | Train Acc: 93.60  |  Val Loss: 0.520 | Val Acc: 80.37  |  Test Loss: 0.769 | Tes Acc: 82.14
INFO >> Epoch: 20  |  Layer: 22  |  Train Loss: 0.792 | Train Acc: 76.16  |  Val Loss: 0.934 | Val Acc: 71.03  |  Test Loss: 1.235 | Tes Acc: 61.90
INFO >> Epoch: 20  |  Layer: 23  |  Train Loss: 1.643 | Train Acc: 46.51  |  Val Loss: 1.724 | Val Acc: 41.12  |  Test Loss: 1.873 | Tes Acc: 45.24
INFO >> Epoch: 20  |  Layer: 24  |  Train Loss: 1.723 | Train Acc: 37.21  |  Val Loss: 1.801 | Val Acc: 36.45  |  Test Loss: 1.849 | Tes Acc: 40.48



INFO >> Time Taken: 04:05

INFO >> Layer: 1  |  Best Val Acc: 71.96  |  Best Test Acc: 61.90
INFO >> Layer: 2  |  Best Val Acc: 75.70  |  Best Test Acc: 71.43
INFO >> Layer: 3  |  Best Val Acc: 79.44  |  Best Test Acc: 77.38
INFO >> Layer: 4  |  Best Val Acc: 82.24  |  Best Test Acc: 83.33
INFO >> Layer: 5  |  Best Val Acc: 85.05  |  Best Test Acc: 85.71
INFO >> Layer: 6  |  Best Val Acc: 84.11  |  Best Test Acc: 89.29
INFO >> Layer: 7  |  Best Val Acc: 85.05  |  Best Test Acc: 94.05
INFO >> Layer: 8  |  Best Val Acc: 86.92  |  Best Test Acc: 96.43
INFO >> Layer: 9  |  Best Val Acc: 88.79  |  Best Test Acc: 95.24
INFO >> Layer: 10  |  Best Val Acc: 84.11  |  Best Test Acc: 88.10
INFO >> Layer: 11  |  Best Val Acc: 86.92  |  Best Test Acc: 90.48
INFO >> Layer: 12  |  Best Val Acc: 91.59  |  Best Test Acc: 92.86
INFO >> Layer: 13  |  Best Val Acc: 88.79  |  Best Test Acc: 91.67
INFO >> Layer: 14  |  Best Val Acc: 87.85  |  Best Test Acc: 89.29
INFO >> Layer: 15  |  Best Val Acc: 89.72  |  Best Test Acc: 85.71
INFO >> Layer: 16  |  Best Val Acc: 90.65  |  Best Test Acc: 83.33
INFO >> Layer: 17  |  Best Val Acc: 90.65  |  Best Test Acc: 85.71
INFO >> Layer: 18  |  Best Val Acc: 88.79  |  Best Test Acc: 86.90
INFO >> Layer: 19  |  Best Val Acc: 86.92  |  Best Test Acc: 85.71
INFO >> Layer: 20  |  Best Val Acc: 85.98  |  Best Test Acc: 83.33
INFO >> Layer: 21  |  Best Val Acc: 83.18  |  Best Test Acc: 80.95
INFO >> Layer: 22  |  Best Val Acc: 74.77  |  Best Test Acc: 60.71
INFO >> Layer: 23  |  Best Val Acc: 42.99  |  Best Test Acc: 41.67
INFO >> Layer: 24  |  Best Val Acc: 38.32  |  Best Test Acc: 39.29

DEBUG >> Last state saved

INFO >> History saved (./history/v1.3/EmoDB/WAV2VEC2_LARGE_PROBING/Run1/history.pt)
