
--------------------------------------------------
Multilingual SER System v1.5
--------------------------------------------------
Run Name      : Run5
Fx Model      : WAV2VEC2_ASR_LARGE_960H
Clf Model     : DENSE
Extract Mode  : gpu_memory
Dataset       : EmoDB
Device        : gpu
Epochs        : 30
Num Workers   : 3
Data Dir      : ./data
History Dir   : ./history
Weights Dir   : ./weights
Log Level     : debug
Purge Cache   : False
Job Name      : Job201
Job Id        : 31168522
GPU           : Quadro RTX 8000
GPU Count     : 1
GPU Memory    : 44.49 GB

Timestamp : 2023-03-20 03:14:24.231144

INFO >> Running on CUDA


INFO >> Training Classifier

INFO >> Epoch: 1  |  Train Loss: 1.915 | Train Acc: 21.51  |  Val Loss: 1.852 | Val Acc: 24.30  |  Test Loss: 1.762 | Tes Acc: 30.95
DEBUG >> Best state saved | Val Acc 24.29906576871872 | Test Acc 30.95238208770752

INFO >> Epoch: 2  |  Train Loss: 1.740 | Train Acc: 32.56  |  Val Loss: 1.568 | Val Acc: 43.93  |  Test Loss: 1.440 | Tes Acc: 50.00
DEBUG >> Best state saved | Val Acc 43.92523467540741 | Test Acc 50.0

INFO >> Epoch: 3  |  Train Loss: 1.371 | Train Acc: 47.97  |  Val Loss: 1.217 | Val Acc: 50.47  |  Test Loss: 1.099 | Tes Acc: 61.90
DEBUG >> Best state saved | Val Acc 50.46728849411011 | Test Acc 61.90476417541504

INFO >> Epoch: 4  |  Train Loss: 1.023 | Train Acc: 61.92  |  Val Loss: 1.007 | Val Acc: 57.01  |  Test Loss: 1.065 | Tes Acc: 57.14
DEBUG >> Best state saved | Val Acc 57.009345293045044 | Test Acc 57.14285969734192

INFO >> Epoch: 5  |  Train Loss: 0.834 | Train Acc: 64.53  |  Val Loss: 0.739 | Val Acc: 69.16  |  Test Loss: 0.802 | Tes Acc: 70.24
DEBUG >> Best state saved | Val Acc 69.15887594223022 | Test Acc 70.23809552192688

INFO >> Epoch: 6  |  Train Loss: 0.779 | Train Acc: 65.70  |  Val Loss: 0.581 | Val Acc: 79.44  |  Test Loss: 0.737 | Tes Acc: 76.19
DEBUG >> Best state saved | Val Acc 79.43925261497498 | Test Acc 76.1904776096344

INFO >> Epoch: 7  |  Train Loss: 0.552 | Train Acc: 80.52  |  Val Loss: 0.555 | Val Acc: 75.70  |  Test Loss: 0.574 | Tes Acc: 86.90
INFO >> Epoch: 8  |  Train Loss: 0.434 | Train Acc: 84.88  |  Val Loss: 0.461 | Val Acc: 82.24  |  Test Loss: 0.527 | Tes Acc: 86.90
DEBUG >> Best state saved | Val Acc 82.2429895401001 | Test Acc 86.90476417541504

INFO >> Epoch: 9  |  Train Loss: 0.370 | Train Acc: 84.88  |  Val Loss: 0.479 | Val Acc: 74.77  |  Test Loss: 0.397 | Tes Acc: 90.48
INFO >> Epoch: 10  |  Train Loss: 0.381 | Train Acc: 84.30  |  Val Loss: 0.388 | Val Acc: 84.11  |  Test Loss: 0.352 | Tes Acc: 91.67
DEBUG >> Best state saved | Val Acc 84.112149477005 | Test Acc 91.66666865348816

INFO >> Epoch: 11  |  Train Loss: 0.341 | Train Acc: 88.37  |  Val Loss: 0.381 | Val Acc: 82.24  |  Test Loss: 0.466 | Tes Acc: 84.52
INFO >> Epoch: 12  |  Train Loss: 0.236 | Train Acc: 91.86  |  Val Loss: 0.409 | Val Acc: 82.24  |  Test Loss: 0.384 | Tes Acc: 86.90
INFO >> Epoch: 13  |  Train Loss: 0.176 | Train Acc: 95.06  |  Val Loss: 0.383 | Val Acc: 76.64  |  Test Loss: 0.375 | Tes Acc: 88.10
INFO >> Epoch: 14  |  Train Loss: 0.168 | Train Acc: 93.90  |  Val Loss: 0.361 | Val Acc: 83.18  |  Test Loss: 0.371 | Tes Acc: 88.10
INFO >> Epoch: 15  |  Train Loss: 0.123 | Train Acc: 97.09  |  Val Loss: 0.319 | Val Acc: 87.85  |  Test Loss: 0.307 | Tes Acc: 90.48
DEBUG >> Best state saved | Val Acc 87.85046935081482 | Test Acc 90.47619104385376

INFO >> Epoch: 16  |  Train Loss: 0.096 | Train Acc: 97.97  |  Val Loss: 0.374 | Val Acc: 82.24  |  Test Loss: 0.252 | Tes Acc: 89.29
INFO >> Epoch: 17  |  Train Loss: 0.074 | Train Acc: 99.42  |  Val Loss: 0.294 | Val Acc: 87.85  |  Test Loss: 0.207 | Tes Acc: 92.86
INFO >> Epoch: 18  |  Train Loss: 0.056 | Train Acc: 99.13  |  Val Loss: 0.325 | Val Acc: 86.92  |  Test Loss: 0.214 | Tes Acc: 95.24
INFO >> Epoch: 19  |  Train Loss: 0.048 | Train Acc: 99.42  |  Val Loss: 0.329 | Val Acc: 85.05  |  Test Loss: 0.218 | Tes Acc: 91.67
INFO >> Epoch: 20  |  Train Loss: 0.045 | Train Acc: 99.42  |  Val Loss: 0.362 | Val Acc: 89.72  |  Test Loss: 0.305 | Tes Acc: 90.48
DEBUG >> Best state saved | Val Acc 89.71962332725525 | Test Acc 90.47619104385376

INFO >> Epoch: 21  |  Train Loss: 0.056 | Train Acc: 98.84  |  Val Loss: 0.365 | Val Acc: 85.05  |  Test Loss: 0.281 | Tes Acc: 90.48
INFO >> Epoch: 22  |  Train Loss: 0.054 | Train Acc: 98.55  |  Val Loss: 0.342 | Val Acc: 85.98  |  Test Loss: 0.255 | Tes Acc: 92.86
INFO >> Epoch: 23  |  Train Loss: 0.074 | Train Acc: 97.38  |  Val Loss: 0.606 | Val Acc: 83.18  |  Test Loss: 0.564 | Tes Acc: 88.10
INFO >> Epoch: 24  |  Train Loss: 0.110 | Train Acc: 95.64  |  Val Loss: 0.334 | Val Acc: 86.92  |  Test Loss: 0.218 | Tes Acc: 92.86
INFO >> Epoch: 25  |  Train Loss: 0.053 | Train Acc: 98.84  |  Val Loss: 0.328 | Val Acc: 86.92  |  Test Loss: 0.180 | Tes Acc: 92.86
INFO >> Epoch: 26  |  Train Loss: 0.068 | Train Acc: 97.97  |  Val Loss: 0.411 | Val Acc: 84.11  |  Test Loss: 0.373 | Tes Acc: 91.67
INFO >> Epoch: 27  |  Train Loss: 0.044 | Train Acc: 99.13  |  Val Loss: 0.357 | Val Acc: 84.11  |  Test Loss: 0.174 | Tes Acc: 92.86
INFO >> Epoch: 28  |  Train Loss: 0.028 | Train Acc: 99.71  |  Val Loss: 0.305 | Val Acc: 88.79  |  Test Loss: 0.208 | Tes Acc: 94.05
INFO >> Epoch: 29  |  Train Loss: 0.068 | Train Acc: 96.80  |  Val Loss: 0.679 | Val Acc: 78.50  |  Test Loss: 0.726 | Tes Acc: 84.52
INFO >> Epoch: 30  |  Train Loss: 0.056 | Train Acc: 98.26  |  Val Loss: 0.374 | Val Acc: 87.85  |  Test Loss: 0.193 | Tes Acc: 95.24


INFO >> Time Taken: 07:13

INFO >> Best Val Acc : 89.71962332725525 | Best Test Acc : 90.47619104385376

INFO >> Agg. Weights : 
-0.22197957336902618 -0.01937190629541874 0.03656715154647827 0.28400829434394836 0.34636178612709045 0.2733989953994751 0.07874070852994919 0.03035571798682213 0.31596341729164124 -0.13448293507099152 -0.18531180918216705 -0.03267692029476166 -0.36253640055656433 -0.06163521111011505 0.027758564800024033 0.10404103249311447 0.1301882117986679 0.20603984594345093 -0.20423273742198944 -0.10147912800312042 -0.12556156516075134 0.024360377341508865 0.11691701412200928 0.04529421031475067

DEBUG >> Last state saved | Val Acc 87.85046935081482 | Test Acc 95.23809552192688

INFO >> History saved (./history/v1.5/EmoDB/FX_WAV2VEC2_ASR_LARGE_960H_CLF_DENSE/Run5/history.pt)
