
--------------------------------------------------
Multilingual SER System v1.3
--------------------------------------------------
Run Name      : Run1
Fx Model      : HUBERT_LARGE
Clf Model     : PROBING
Extract Mode  : gpu_memory
Dataset       : EmoDB
Device        : gpu
Epochs        : 20
Num Workers   : 2
Data Dir      : ./data
History Dir   : ./history
Weights Dir   : ./weights
Log Level     : debug
Purge Cache   : False
Job Name      : Job15
Job Id        : 30721349
GPU           : Tesla V100-SXM2-16GB
GPU Count     : 1
GPU Memory    : 15.78 GB

Timestamp : 2023-03-03 10:05:40.454113

INFO >> Running on CUDA


INFO >> Training Classifier

INFO >> Epoch: 1  |  Layer:  1  |  Train Loss: 1.884 | Train Acc: 25.58  |  Val Loss: 1.588 | Val Acc: 42.99  |  Test Loss: 1.609 | Tes Acc: 45.24
INFO >> Epoch: 1  |  Layer:  2  |  Train Loss: 1.758 | Train Acc: 35.17  |  Val Loss: 1.452 | Val Acc: 43.93  |  Test Loss: 1.394 | Tes Acc: 53.57
INFO >> Epoch: 1  |  Layer:  3  |  Train Loss: 1.732 | Train Acc: 35.76  |  Val Loss: 1.337 | Val Acc: 45.79  |  Test Loss: 1.311 | Tes Acc: 55.95
INFO >> Epoch: 1  |  Layer:  4  |  Train Loss: 1.819 | Train Acc: 34.30  |  Val Loss: 1.374 | Val Acc: 44.86  |  Test Loss: 1.332 | Tes Acc: 48.81
INFO >> Epoch: 1  |  Layer:  5  |  Train Loss: 1.939 | Train Acc: 28.78  |  Val Loss: 1.411 | Val Acc: 46.73  |  Test Loss: 1.355 | Tes Acc: 51.19
INFO >> Epoch: 1  |  Layer:  6  |  Train Loss: 1.828 | Train Acc: 33.72  |  Val Loss: 1.469 | Val Acc: 42.06  |  Test Loss: 1.420 | Tes Acc: 52.38
INFO >> Epoch: 1  |  Layer:  7  |  Train Loss: 1.884 | Train Acc: 29.07  |  Val Loss: 1.471 | Val Acc: 45.79  |  Test Loss: 1.372 | Tes Acc: 61.90
INFO >> Epoch: 1  |  Layer:  8  |  Train Loss: 1.906 | Train Acc: 28.78  |  Val Loss: 1.580 | Val Acc: 37.38  |  Test Loss: 1.499 | Tes Acc: 44.05
INFO >> Epoch: 1  |  Layer:  9  |  Train Loss: 1.829 | Train Acc: 29.94  |  Val Loss: 1.513 | Val Acc: 42.06  |  Test Loss: 1.447 | Tes Acc: 50.00
INFO >> Epoch: 1  |  Layer: 10  |  Train Loss: 1.771 | Train Acc: 33.14  |  Val Loss: 1.474 | Val Acc: 49.53  |  Test Loss: 1.365 | Tes Acc: 64.29
INFO >> Epoch: 1  |  Layer: 11  |  Train Loss: 1.832 | Train Acc: 34.30  |  Val Loss: 1.275 | Val Acc: 62.62  |  Test Loss: 1.216 | Tes Acc: 64.29
INFO >> Epoch: 1  |  Layer: 12  |  Train Loss: 1.870 | Train Acc: 29.36  |  Val Loss: 1.391 | Val Acc: 57.94  |  Test Loss: 1.342 | Tes Acc: 65.48
INFO >> Epoch: 1  |  Layer: 13  |  Train Loss: 1.861 | Train Acc: 37.21  |  Val Loss: 1.563 | Val Acc: 31.78  |  Test Loss: 1.501 | Tes Acc: 32.14
INFO >> Epoch: 1  |  Layer: 14  |  Train Loss: 1.947 | Train Acc: 30.81  |  Val Loss: 1.333 | Val Acc: 52.34  |  Test Loss: 1.298 | Tes Acc: 55.95
INFO >> Epoch: 1  |  Layer: 15  |  Train Loss: 1.917 | Train Acc: 32.56  |  Val Loss: 1.664 | Val Acc: 37.38  |  Test Loss: 1.592 | Tes Acc: 41.67
INFO >> Epoch: 1  |  Layer: 16  |  Train Loss: 2.135 | Train Acc: 26.74  |  Val Loss: 1.569 | Val Acc: 48.60  |  Test Loss: 1.496 | Tes Acc: 54.76
INFO >> Epoch: 1  |  Layer: 17  |  Train Loss: 2.811 | Train Acc: 23.84  |  Val Loss: 2.030 | Val Acc: 16.82  |  Test Loss: 2.074 | Tes Acc: 16.67
INFO >> Epoch: 1  |  Layer: 18  |  Train Loss: 2.558 | Train Acc: 20.06  |  Val Loss: 1.901 | Val Acc: 39.25  |  Test Loss: 1.822 | Tes Acc: 38.10
INFO >> Epoch: 1  |  Layer: 19  |  Train Loss: 2.399 | Train Acc: 20.93  |  Val Loss: 1.861 | Val Acc: 44.86  |  Test Loss: 1.791 | Tes Acc: 53.57
INFO >> Epoch: 1  |  Layer: 20  |  Train Loss: 2.796 | Train Acc: 19.77  |  Val Loss: 1.664 | Val Acc: 33.64  |  Test Loss: 1.622 | Tes Acc: 39.29
INFO >> Epoch: 1  |  Layer: 21  |  Train Loss: 4.168 | Train Acc: 23.26  |  Val Loss: 2.991 | Val Acc: 27.10  |  Test Loss: 2.611 | Tes Acc: 27.38
INFO >> Epoch: 1  |  Layer: 22  |  Train Loss: 9.643 | Train Acc: 18.02  |  Val Loss: 4.410 | Val Acc: 28.04  |  Test Loss: 3.883 | Tes Acc: 34.52
INFO >> Epoch: 1  |  Layer: 23  |  Train Loss: 8.452 | Train Acc: 20.06  |  Val Loss: 6.797 | Val Acc: 38.32  |  Test Loss: 5.977 | Tes Acc: 45.24
INFO >> Epoch: 1  |  Layer: 24  |  Train Loss: 10.026 | Train Acc: 23.55  |  Val Loss: 5.656 | Val Acc: 29.91  |  Test Loss: 4.890 | Tes Acc: 30.95

INFO >> Epoch: 2  |  Layer:  1  |  Train Loss: 1.561 | Train Acc: 41.86  |  Val Loss: 1.487 | Val Acc: 39.25  |  Test Loss: 1.483 | Tes Acc: 45.24
INFO >> Epoch: 2  |  Layer:  2  |  Train Loss: 1.278 | Train Acc: 56.10  |  Val Loss: 1.129 | Val Acc: 55.14  |  Test Loss: 1.287 | Tes Acc: 47.62
INFO >> Epoch: 2  |  Layer:  3  |  Train Loss: 1.202 | Train Acc: 57.85  |  Val Loss: 1.035 | Val Acc: 64.49  |  Test Loss: 1.189 | Tes Acc: 52.38
INFO >> Epoch: 2  |  Layer:  4  |  Train Loss: 1.245 | Train Acc: 52.33  |  Val Loss: 1.052 | Val Acc: 62.62  |  Test Loss: 1.178 | Tes Acc: 55.95
INFO >> Epoch: 2  |  Layer:  5  |  Train Loss: 1.272 | Train Acc: 51.74  |  Val Loss: 1.101 | Val Acc: 60.75  |  Test Loss: 1.150 | Tes Acc: 58.33
INFO >> Epoch: 2  |  Layer:  6  |  Train Loss: 1.236 | Train Acc: 53.20  |  Val Loss: 1.045 | Val Acc: 57.01  |  Test Loss: 1.088 | Tes Acc: 64.29
INFO >> Epoch: 2  |  Layer:  7  |  Train Loss: 1.226 | Train Acc: 55.52  |  Val Loss: 1.107 | Val Acc: 61.68  |  Test Loss: 1.208 | Tes Acc: 52.38
INFO >> Epoch: 2  |  Layer:  8  |  Train Loss: 1.272 | Train Acc: 54.07  |  Val Loss: 0.996 | Val Acc: 69.16  |  Test Loss: 1.074 | Tes Acc: 72.62
INFO >> Epoch: 2  |  Layer:  9  |  Train Loss: 1.224 | Train Acc: 63.37  |  Val Loss: 0.940 | Val Acc: 66.36  |  Test Loss: 0.993 | Tes Acc: 75.00
INFO >> Epoch: 2  |  Layer: 10  |  Train Loss: 1.139 | Train Acc: 61.63  |  Val Loss: 0.904 | Val Acc: 62.62  |  Test Loss: 0.995 | Tes Acc: 54.76
INFO >> Epoch: 2  |  Layer: 11  |  Train Loss: 1.102 | Train Acc: 64.53  |  Val Loss: 0.942 | Val Acc: 55.14  |  Test Loss: 0.986 | Tes Acc: 52.38
INFO >> Epoch: 2  |  Layer: 12  |  Train Loss: 1.119 | Train Acc: 65.70  |  Val Loss: 0.925 | Val Acc: 62.62  |  Test Loss: 0.966 | Tes Acc: 59.52
INFO >> Epoch: 2  |  Layer: 13  |  Train Loss: 1.308 | Train Acc: 55.52  |  Val Loss: 0.907 | Val Acc: 75.70  |  Test Loss: 0.909 | Tes Acc: 76.19
INFO >> Epoch: 2  |  Layer: 14  |  Train Loss: 1.301 | Train Acc: 55.23  |  Val Loss: 1.037 | Val Acc: 58.88  |  Test Loss: 1.088 | Tes Acc: 60.71
INFO >> Epoch: 2  |  Layer: 15  |  Train Loss: 1.372 | Train Acc: 50.87  |  Val Loss: 1.232 | Val Acc: 50.47  |  Test Loss: 1.339 | Tes Acc: 44.05
INFO >> Epoch: 2  |  Layer: 16  |  Train Loss: 1.442 | Train Acc: 50.29  |  Val Loss: 1.196 | Val Acc: 60.75  |  Test Loss: 1.272 | Tes Acc: 48.81
INFO >> Epoch: 2  |  Layer: 17  |  Train Loss: 1.759 | Train Acc: 41.28  |  Val Loss: 1.406 | Val Acc: 44.86  |  Test Loss: 1.385 | Tes Acc: 51.19
INFO >> Epoch: 2  |  Layer: 18  |  Train Loss: 1.537 | Train Acc: 48.26  |  Val Loss: 1.571 | Val Acc: 29.91  |  Test Loss: 1.664 | Tes Acc: 32.14
INFO >> Epoch: 2  |  Layer: 19  |  Train Loss: 1.400 | Train Acc: 52.03  |  Val Loss: 1.165 | Val Acc: 61.68  |  Test Loss: 1.271 | Tes Acc: 57.14
INFO >> Epoch: 2  |  Layer: 20  |  Train Loss: 1.388 | Train Acc: 47.09  |  Val Loss: 1.344 | Val Acc: 44.86  |  Test Loss: 1.459 | Tes Acc: 33.33
INFO >> Epoch: 2  |  Layer: 21  |  Train Loss: 1.839 | Train Acc: 32.85  |  Val Loss: 1.492 | Val Acc: 36.45  |  Test Loss: 1.609 | Tes Acc: 26.19
INFO >> Epoch: 2  |  Layer: 22  |  Train Loss: 3.266 | Train Acc: 30.23  |  Val Loss: 1.688 | Val Acc: 43.93  |  Test Loss: 1.972 | Tes Acc: 44.05
INFO >> Epoch: 2  |  Layer: 23  |  Train Loss: 3.670 | Train Acc: 33.43  |  Val Loss: 1.704 | Val Acc: 40.19  |  Test Loss: 1.716 | Tes Acc: 29.76
INFO >> Epoch: 2  |  Layer: 24  |  Train Loss: 4.298 | Train Acc: 25.00  |  Val Loss: 2.695 | Val Acc: 35.51  |  Test Loss: 2.271 | Tes Acc: 41.67

INFO >> Epoch: 3  |  Layer:  1  |  Train Loss: 1.389 | Train Acc: 46.80  |  Val Loss: 1.316 | Val Acc: 48.60  |  Test Loss: 1.331 | Tes Acc: 57.14
INFO >> Epoch: 3  |  Layer:  2  |  Train Loss: 1.041 | Train Acc: 56.40  |  Val Loss: 1.053 | Val Acc: 55.14  |  Test Loss: 1.043 | Tes Acc: 65.48
INFO >> Epoch: 3  |  Layer:  3  |  Train Loss: 0.940 | Train Acc: 62.50  |  Val Loss: 0.967 | Val Acc: 56.07  |  Test Loss: 0.964 | Tes Acc: 69.05
INFO >> Epoch: 3  |  Layer:  4  |  Train Loss: 0.981 | Train Acc: 66.57  |  Val Loss: 0.952 | Val Acc: 64.49  |  Test Loss: 0.926 | Tes Acc: 73.81
INFO >> Epoch: 3  |  Layer:  5  |  Train Loss: 1.002 | Train Acc: 62.50  |  Val Loss: 0.940 | Val Acc: 67.29  |  Test Loss: 0.920 | Tes Acc: 71.43
INFO >> Epoch: 3  |  Layer:  6  |  Train Loss: 0.923 | Train Acc: 67.15  |  Val Loss: 0.800 | Val Acc: 78.50  |  Test Loss: 0.874 | Tes Acc: 71.43
INFO >> Epoch: 3  |  Layer:  7  |  Train Loss: 0.949 | Train Acc: 67.44  |  Val Loss: 0.768 | Val Acc: 81.31  |  Test Loss: 0.858 | Tes Acc: 77.38
INFO >> Epoch: 3  |  Layer:  8  |  Train Loss: 0.932 | Train Acc: 66.86  |  Val Loss: 0.811 | Val Acc: 76.64  |  Test Loss: 0.878 | Tes Acc: 78.57
INFO >> Epoch: 3  |  Layer:  9  |  Train Loss: 0.857 | Train Acc: 72.97  |  Val Loss: 0.664 | Val Acc: 78.50  |  Test Loss: 0.713 | Tes Acc: 82.14
INFO >> Epoch: 3  |  Layer: 10  |  Train Loss: 0.765 | Train Acc: 74.42  |  Val Loss: 0.571 | Val Acc: 88.79  |  Test Loss: 0.618 | Tes Acc: 86.90
INFO >> Epoch: 3  |  Layer: 11  |  Train Loss: 0.762 | Train Acc: 75.87  |  Val Loss: 0.602 | Val Acc: 77.57  |  Test Loss: 0.613 | Tes Acc: 84.52
INFO >> Epoch: 3  |  Layer: 12  |  Train Loss: 0.725 | Train Acc: 75.00  |  Val Loss: 0.592 | Val Acc: 84.11  |  Test Loss: 0.595 | Tes Acc: 92.86
INFO >> Epoch: 3  |  Layer: 13  |  Train Loss: 0.912 | Train Acc: 68.90  |  Val Loss: 0.814 | Val Acc: 81.31  |  Test Loss: 0.740 | Tes Acc: 78.57
INFO >> Epoch: 3  |  Layer: 14  |  Train Loss: 0.995 | Train Acc: 65.99  |  Val Loss: 0.860 | Val Acc: 70.09  |  Test Loss: 0.896 | Tes Acc: 73.81
INFO >> Epoch: 3  |  Layer: 15  |  Train Loss: 0.982 | Train Acc: 66.86  |  Val Loss: 0.807 | Val Acc: 75.70  |  Test Loss: 0.829 | Tes Acc: 82.14
INFO >> Epoch: 3  |  Layer: 16  |  Train Loss: 1.069 | Train Acc: 61.34  |  Val Loss: 0.878 | Val Acc: 76.64  |  Test Loss: 0.929 | Tes Acc: 75.00
INFO >> Epoch: 3  |  Layer: 17  |  Train Loss: 1.419 | Train Acc: 40.99  |  Val Loss: 1.282 | Val Acc: 52.34  |  Test Loss: 1.264 | Tes Acc: 58.33
INFO >> Epoch: 3  |  Layer: 18  |  Train Loss: 1.162 | Train Acc: 59.01  |  Val Loss: 1.094 | Val Acc: 71.03  |  Test Loss: 1.086 | Tes Acc: 73.81
INFO >> Epoch: 3  |  Layer: 19  |  Train Loss: 1.017 | Train Acc: 63.08  |  Val Loss: 0.969 | Val Acc: 69.16  |  Test Loss: 1.133 | Tes Acc: 55.95
INFO >> Epoch: 3  |  Layer: 20  |  Train Loss: 1.059 | Train Acc: 64.53  |  Val Loss: 0.950 | Val Acc: 64.49  |  Test Loss: 1.023 | Tes Acc: 64.29
INFO >> Epoch: 3  |  Layer: 21  |  Train Loss: 1.321 | Train Acc: 52.62  |  Val Loss: 1.220 | Val Acc: 55.14  |  Test Loss: 1.263 | Tes Acc: 58.33
INFO >> Epoch: 3  |  Layer: 22  |  Train Loss: 1.730 | Train Acc: 31.69  |  Val Loss: 1.613 | Val Acc: 47.66  |  Test Loss: 1.470 | Tes Acc: 54.76
INFO >> Epoch: 3  |  Layer: 23  |  Train Loss: 1.223 | Train Acc: 54.65  |  Val Loss: 1.078 | Val Acc: 55.14  |  Test Loss: 1.308 | Tes Acc: 53.57
INFO >> Epoch: 3  |  Layer: 24  |  Train Loss: 2.706 | Train Acc: 42.73  |  Val Loss: 1.956 | Val Acc: 39.25  |  Test Loss: 2.528 | Tes Acc: 33.33

INFO >> Epoch: 4  |  Layer:  1  |  Train Loss: 1.219 | Train Acc: 57.27  |  Val Loss: 1.113 | Val Acc: 63.55  |  Test Loss: 1.204 | Tes Acc: 61.90
INFO >> Epoch: 4  |  Layer:  2  |  Train Loss: 0.846 | Train Acc: 67.15  |  Val Loss: 0.828 | Val Acc: 65.42  |  Test Loss: 0.989 | Tes Acc: 60.71
INFO >> Epoch: 4  |  Layer:  3  |  Train Loss: 0.753 | Train Acc: 74.13  |  Val Loss: 0.718 | Val Acc: 76.64  |  Test Loss: 0.824 | Tes Acc: 71.43
INFO >> Epoch: 4  |  Layer:  4  |  Train Loss: 0.794 | Train Acc: 72.97  |  Val Loss: 0.724 | Val Acc: 78.50  |  Test Loss: 0.862 | Tes Acc: 72.62
INFO >> Epoch: 4  |  Layer:  5  |  Train Loss: 0.819 | Train Acc: 72.38  |  Val Loss: 0.737 | Val Acc: 73.83  |  Test Loss: 0.863 | Tes Acc: 73.81
INFO >> Epoch: 4  |  Layer:  6  |  Train Loss: 0.715 | Train Acc: 77.62  |  Val Loss: 0.638 | Val Acc: 80.37  |  Test Loss: 0.778 | Tes Acc: 73.81
INFO >> Epoch: 4  |  Layer:  7  |  Train Loss: 0.734 | Train Acc: 76.45  |  Val Loss: 0.638 | Val Acc: 82.24  |  Test Loss: 0.774 | Tes Acc: 75.00
INFO >> Epoch: 4  |  Layer:  8  |  Train Loss: 0.751 | Train Acc: 77.03  |  Val Loss: 0.615 | Val Acc: 79.44  |  Test Loss: 0.714 | Tes Acc: 79.76
INFO >> Epoch: 4  |  Layer:  9  |  Train Loss: 0.645 | Train Acc: 81.69  |  Val Loss: 0.556 | Val Acc: 83.18  |  Test Loss: 0.646 | Tes Acc: 79.76
INFO >> Epoch: 4  |  Layer: 10  |  Train Loss: 0.559 | Train Acc: 84.01  |  Val Loss: 0.464 | Val Acc: 84.11  |  Test Loss: 0.513 | Tes Acc: 89.29
INFO >> Epoch: 4  |  Layer: 11  |  Train Loss: 0.553 | Train Acc: 83.14  |  Val Loss: 0.527 | Val Acc: 76.64  |  Test Loss: 0.533 | Tes Acc: 88.10
INFO >> Epoch: 4  |  Layer: 12  |  Train Loss: 0.531 | Train Acc: 85.47  |  Val Loss: 0.477 | Val Acc: 85.05  |  Test Loss: 0.479 | Tes Acc: 88.10
INFO >> Epoch: 4  |  Layer: 13  |  Train Loss: 0.695 | Train Acc: 79.07  |  Val Loss: 0.658 | Val Acc: 83.18  |  Test Loss: 0.723 | Tes Acc: 89.29
INFO >> Epoch: 4  |  Layer: 14  |  Train Loss: 0.751 | Train Acc: 74.13  |  Val Loss: 0.711 | Val Acc: 75.70  |  Test Loss: 0.734 | Tes Acc: 79.76
INFO >> Epoch: 4  |  Layer: 15  |  Train Loss: 0.735 | Train Acc: 78.49  |  Val Loss: 0.668 | Val Acc: 76.64  |  Test Loss: 0.703 | Tes Acc: 77.38
INFO >> Epoch: 4  |  Layer: 16  |  Train Loss: 0.831 | Train Acc: 77.03  |  Val Loss: 0.746 | Val Acc: 70.09  |  Test Loss: 0.818 | Tes Acc: 75.00
INFO >> Epoch: 4  |  Layer: 17  |  Train Loss: 1.094 | Train Acc: 58.43  |  Val Loss: 0.981 | Val Acc: 66.36  |  Test Loss: 1.048 | Tes Acc: 60.71
INFO >> Epoch: 4  |  Layer: 18  |  Train Loss: 0.936 | Train Acc: 65.70  |  Val Loss: 0.826 | Val Acc: 69.16  |  Test Loss: 0.941 | Tes Acc: 69.05
INFO >> Epoch: 4  |  Layer: 19  |  Train Loss: 0.834 | Train Acc: 71.22  |  Val Loss: 0.729 | Val Acc: 77.57  |  Test Loss: 0.834 | Tes Acc: 76.19
INFO >> Epoch: 4  |  Layer: 20  |  Train Loss: 0.840 | Train Acc: 70.06  |  Val Loss: 0.741 | Val Acc: 74.77  |  Test Loss: 0.819 | Tes Acc: 76.19
INFO >> Epoch: 4  |  Layer: 21  |  Train Loss: 1.089 | Train Acc: 57.56  |  Val Loss: 0.985 | Val Acc: 64.49  |  Test Loss: 1.046 | Tes Acc: 69.05
INFO >> Epoch: 4  |  Layer: 22  |  Train Loss: 1.358 | Train Acc: 45.35  |  Val Loss: 1.224 | Val Acc: 57.94  |  Test Loss: 1.222 | Tes Acc: 55.95
INFO >> Epoch: 4  |  Layer: 23  |  Train Loss: 0.875 | Train Acc: 64.53  |  Val Loss: 0.768 | Val Acc: 72.90  |  Test Loss: 0.848 | Tes Acc: 71.43
INFO >> Epoch: 4  |  Layer: 24  |  Train Loss: 1.369 | Train Acc: 47.67  |  Val Loss: 1.053 | Val Acc: 67.29  |  Test Loss: 1.213 | Tes Acc: 63.10

INFO >> Epoch: 5  |  Layer:  1  |  Train Loss: 1.131 | Train Acc: 58.43  |  Val Loss: 1.132 | Val Acc: 54.21  |  Test Loss: 1.156 | Tes Acc: 59.52
INFO >> Epoch: 5  |  Layer:  2  |  Train Loss: 0.773 | Train Acc: 72.09  |  Val Loss: 0.860 | Val Acc: 59.81  |  Test Loss: 0.956 | Tes Acc: 60.71
INFO >> Epoch: 5  |  Layer:  3  |  Train Loss: 0.662 | Train Acc: 77.91  |  Val Loss: 0.699 | Val Acc: 71.03  |  Test Loss: 0.799 | Tes Acc: 75.00
INFO >> Epoch: 5  |  Layer:  4  |  Train Loss: 0.710 | Train Acc: 76.45  |  Val Loss: 0.726 | Val Acc: 69.16  |  Test Loss: 0.822 | Tes Acc: 72.62
INFO >> Epoch: 5  |  Layer:  5  |  Train Loss: 0.752 | Train Acc: 74.13  |  Val Loss: 0.649 | Val Acc: 79.44  |  Test Loss: 0.738 | Tes Acc: 83.33
INFO >> Epoch: 5  |  Layer:  6  |  Train Loss: 0.650 | Train Acc: 79.94  |  Val Loss: 0.581 | Val Acc: 80.37  |  Test Loss: 0.677 | Tes Acc: 82.14
INFO >> Epoch: 5  |  Layer:  7  |  Train Loss: 0.651 | Train Acc: 80.52  |  Val Loss: 0.557 | Val Acc: 84.11  |  Test Loss: 0.643 | Tes Acc: 84.52
INFO >> Epoch: 5  |  Layer:  8  |  Train Loss: 0.648 | Train Acc: 82.56  |  Val Loss: 0.593 | Val Acc: 75.70  |  Test Loss: 0.669 | Tes Acc: 80.95
INFO >> Epoch: 5  |  Layer:  9  |  Train Loss: 0.531 | Train Acc: 88.95  |  Val Loss: 0.519 | Val Acc: 82.24  |  Test Loss: 0.572 | Tes Acc: 82.14
INFO >> Epoch: 5  |  Layer: 10  |  Train Loss: 0.452 | Train Acc: 89.24  |  Val Loss: 0.422 | Val Acc: 87.85  |  Test Loss: 0.441 | Tes Acc: 94.05
INFO >> Epoch: 5  |  Layer: 11  |  Train Loss: 0.464 | Train Acc: 85.47  |  Val Loss: 0.444 | Val Acc: 84.11  |  Test Loss: 0.444 | Tes Acc: 91.67
INFO >> Epoch: 5  |  Layer: 12  |  Train Loss: 0.426 | Train Acc: 90.12  |  Val Loss: 0.405 | Val Acc: 88.79  |  Test Loss: 0.388 | Tes Acc: 94.05
INFO >> Epoch: 5  |  Layer: 13  |  Train Loss: 0.560 | Train Acc: 84.01  |  Val Loss: 0.502 | Val Acc: 87.85  |  Test Loss: 0.493 | Tes Acc: 89.29
INFO >> Epoch: 5  |  Layer: 14  |  Train Loss: 0.616 | Train Acc: 81.10  |  Val Loss: 0.588 | Val Acc: 82.24  |  Test Loss: 0.598 | Tes Acc: 92.86
INFO >> Epoch: 5  |  Layer: 15  |  Train Loss: 0.619 | Train Acc: 82.56  |  Val Loss: 0.626 | Val Acc: 71.96  |  Test Loss: 0.657 | Tes Acc: 77.38
INFO >> Epoch: 5  |  Layer: 16  |  Train Loss: 0.695 | Train Acc: 77.91  |  Val Loss: 0.615 | Val Acc: 80.37  |  Test Loss: 0.683 | Tes Acc: 89.29
INFO >> Epoch: 5  |  Layer: 17  |  Train Loss: 0.935 | Train Acc: 70.06  |  Val Loss: 0.862 | Val Acc: 73.83  |  Test Loss: 0.872 | Tes Acc: 77.38
INFO >> Epoch: 5  |  Layer: 18  |  Train Loss: 0.751 | Train Acc: 75.00  |  Val Loss: 0.735 | Val Acc: 81.31  |  Test Loss: 0.862 | Tes Acc: 78.57
INFO >> Epoch: 5  |  Layer: 19  |  Train Loss: 0.724 | Train Acc: 75.00  |  Val Loss: 0.682 | Val Acc: 74.77  |  Test Loss: 0.754 | Tes Acc: 77.38
INFO >> Epoch: 5  |  Layer: 20  |  Train Loss: 0.742 | Train Acc: 75.29  |  Val Loss: 0.668 | Val Acc: 77.57  |  Test Loss: 0.730 | Tes Acc: 80.95
INFO >> Epoch: 5  |  Layer: 21  |  Train Loss: 0.910 | Train Acc: 69.48  |  Val Loss: 0.869 | Val Acc: 67.29  |  Test Loss: 0.907 | Tes Acc: 72.62
INFO >> Epoch: 5  |  Layer: 22  |  Train Loss: 1.258 | Train Acc: 51.74  |  Val Loss: 1.229 | Val Acc: 57.01  |  Test Loss: 1.179 | Tes Acc: 61.90
INFO >> Epoch: 5  |  Layer: 23  |  Train Loss: 0.738 | Train Acc: 70.93  |  Val Loss: 0.613 | Val Acc: 82.24  |  Test Loss: 0.699 | Tes Acc: 77.38
INFO >> Epoch: 5  |  Layer: 24  |  Train Loss: 1.030 | Train Acc: 63.37  |  Val Loss: 0.750 | Val Acc: 73.83  |  Test Loss: 0.794 | Tes Acc: 80.95

INFO >> Epoch: 6  |  Layer:  1  |  Train Loss: 1.059 | Train Acc: 57.56  |  Val Loss: 1.138 | Val Acc: 47.66  |  Test Loss: 1.241 | Tes Acc: 52.38
INFO >> Epoch: 6  |  Layer:  2  |  Train Loss: 0.692 | Train Acc: 74.71  |  Val Loss: 0.754 | Val Acc: 70.09  |  Test Loss: 0.813 | Tes Acc: 67.86
INFO >> Epoch: 6  |  Layer:  3  |  Train Loss: 0.571 | Train Acc: 83.72  |  Val Loss: 0.624 | Val Acc: 74.77  |  Test Loss: 0.711 | Tes Acc: 71.43
INFO >> Epoch: 6  |  Layer:  4  |  Train Loss: 0.642 | Train Acc: 77.33  |  Val Loss: 0.656 | Val Acc: 75.70  |  Test Loss: 0.725 | Tes Acc: 70.24
INFO >> Epoch: 6  |  Layer:  5  |  Train Loss: 0.642 | Train Acc: 77.33  |  Val Loss: 0.594 | Val Acc: 83.18  |  Test Loss: 0.650 | Tes Acc: 78.57
INFO >> Epoch: 6  |  Layer:  6  |  Train Loss: 0.576 | Train Acc: 80.81  |  Val Loss: 0.550 | Val Acc: 80.37  |  Test Loss: 0.637 | Tes Acc: 82.14
INFO >> Epoch: 6  |  Layer:  7  |  Train Loss: 0.609 | Train Acc: 80.52  |  Val Loss: 0.521 | Val Acc: 83.18  |  Test Loss: 0.606 | Tes Acc: 77.38
INFO >> Epoch: 6  |  Layer:  8  |  Train Loss: 0.556 | Train Acc: 84.01  |  Val Loss: 0.531 | Val Acc: 74.77  |  Test Loss: 0.585 | Tes Acc: 82.14
INFO >> Epoch: 6  |  Layer:  9  |  Train Loss: 0.473 | Train Acc: 86.34  |  Val Loss: 0.452 | Val Acc: 81.31  |  Test Loss: 0.483 | Tes Acc: 88.10
INFO >> Epoch: 6  |  Layer: 10  |  Train Loss: 0.395 | Train Acc: 89.24  |  Val Loss: 0.401 | Val Acc: 85.05  |  Test Loss: 0.426 | Tes Acc: 91.67
INFO >> Epoch: 6  |  Layer: 11  |  Train Loss: 0.390 | Train Acc: 90.41  |  Val Loss: 0.398 | Val Acc: 85.05  |  Test Loss: 0.384 | Tes Acc: 90.48
INFO >> Epoch: 6  |  Layer: 12  |  Train Loss: 0.349 | Train Acc: 91.86  |  Val Loss: 0.364 | Val Acc: 88.79  |  Test Loss: 0.356 | Tes Acc: 91.67
INFO >> Epoch: 6  |  Layer: 13  |  Train Loss: 0.465 | Train Acc: 87.21  |  Val Loss: 0.474 | Val Acc: 90.65  |  Test Loss: 0.476 | Tes Acc: 89.29
INFO >> Epoch: 6  |  Layer: 14  |  Train Loss: 0.540 | Train Acc: 82.56  |  Val Loss: 0.542 | Val Acc: 82.24  |  Test Loss: 0.557 | Tes Acc: 88.10
INFO >> Epoch: 6  |  Layer: 15  |  Train Loss: 0.530 | Train Acc: 83.43  |  Val Loss: 0.526 | Val Acc: 84.11  |  Test Loss: 0.561 | Tes Acc: 84.52
INFO >> Epoch: 6  |  Layer: 16  |  Train Loss: 0.595 | Train Acc: 82.56  |  Val Loss: 0.543 | Val Acc: 84.11  |  Test Loss: 0.642 | Tes Acc: 83.33
INFO >> Epoch: 6  |  Layer: 17  |  Train Loss: 0.835 | Train Acc: 70.06  |  Val Loss: 0.828 | Val Acc: 61.68  |  Test Loss: 0.869 | Tes Acc: 61.90
INFO >> Epoch: 6  |  Layer: 18  |  Train Loss: 0.660 | Train Acc: 80.81  |  Val Loss: 0.652 | Val Acc: 82.24  |  Test Loss: 0.792 | Tes Acc: 73.81
INFO >> Epoch: 6  |  Layer: 19  |  Train Loss: 0.600 | Train Acc: 80.81  |  Val Loss: 0.641 | Val Acc: 70.09  |  Test Loss: 0.756 | Tes Acc: 70.24
INFO >> Epoch: 6  |  Layer: 20  |  Train Loss: 0.590 | Train Acc: 85.47  |  Val Loss: 0.590 | Val Acc: 82.24  |  Test Loss: 0.672 | Tes Acc: 79.76
INFO >> Epoch: 6  |  Layer: 21  |  Train Loss: 0.789 | Train Acc: 76.74  |  Val Loss: 0.742 | Val Acc: 76.64  |  Test Loss: 0.813 | Tes Acc: 79.76
INFO >> Epoch: 6  |  Layer: 22  |  Train Loss: 1.176 | Train Acc: 54.36  |  Val Loss: 1.145 | Val Acc: 51.40  |  Test Loss: 1.121 | Tes Acc: 55.95
INFO >> Epoch: 6  |  Layer: 23  |  Train Loss: 0.573 | Train Acc: 79.07  |  Val Loss: 0.473 | Val Acc: 83.18  |  Test Loss: 0.530 | Tes Acc: 88.10
INFO >> Epoch: 6  |  Layer: 24  |  Train Loss: 0.809 | Train Acc: 71.22  |  Val Loss: 0.627 | Val Acc: 71.96  |  Test Loss: 0.840 | Tes Acc: 71.43

INFO >> Epoch: 7  |  Layer:  1  |  Train Loss: 1.003 | Train Acc: 60.76  |  Val Loss: 0.892 | Val Acc: 70.09  |  Test Loss: 0.998 | Tes Acc: 69.05
INFO >> Epoch: 7  |  Layer:  2  |  Train Loss: 0.579 | Train Acc: 84.01  |  Val Loss: 0.622 | Val Acc: 82.24  |  Test Loss: 0.687 | Tes Acc: 80.95
INFO >> Epoch: 7  |  Layer:  3  |  Train Loss: 0.470 | Train Acc: 87.50  |  Val Loss: 0.508 | Val Acc: 84.11  |  Test Loss: 0.567 | Tes Acc: 84.52
INFO >> Epoch: 7  |  Layer:  4  |  Train Loss: 0.539 | Train Acc: 81.69  |  Val Loss: 0.532 | Val Acc: 80.37  |  Test Loss: 0.610 | Tes Acc: 80.95
INFO >> Epoch: 7  |  Layer:  5  |  Train Loss: 0.546 | Train Acc: 82.27  |  Val Loss: 0.517 | Val Acc: 80.37  |  Test Loss: 0.583 | Tes Acc: 84.52
INFO >> Epoch: 7  |  Layer:  6  |  Train Loss: 0.470 | Train Acc: 85.76  |  Val Loss: 0.425 | Val Acc: 86.92  |  Test Loss: 0.482 | Tes Acc: 89.29
INFO >> Epoch: 7  |  Layer:  7  |  Train Loss: 0.488 | Train Acc: 84.88  |  Val Loss: 0.427 | Val Acc: 88.79  |  Test Loss: 0.488 | Tes Acc: 89.29
INFO >> Epoch: 7  |  Layer:  8  |  Train Loss: 0.463 | Train Acc: 86.92  |  Val Loss: 0.436 | Val Acc: 84.11  |  Test Loss: 0.468 | Tes Acc: 90.48
INFO >> Epoch: 7  |  Layer:  9  |  Train Loss: 0.371 | Train Acc: 91.57  |  Val Loss: 0.387 | Val Acc: 87.85  |  Test Loss: 0.405 | Tes Acc: 92.86
INFO >> Epoch: 7  |  Layer: 10  |  Train Loss: 0.320 | Train Acc: 90.99  |  Val Loss: 0.336 | Val Acc: 87.85  |  Test Loss: 0.336 | Tes Acc: 96.43
INFO >> Epoch: 7  |  Layer: 11  |  Train Loss: 0.301 | Train Acc: 94.77  |  Val Loss: 0.337 | Val Acc: 92.52  |  Test Loss: 0.292 | Tes Acc: 96.43
INFO >> Epoch: 7  |  Layer: 12  |  Train Loss: 0.276 | Train Acc: 96.22  |  Val Loss: 0.298 | Val Acc: 92.52  |  Test Loss: 0.258 | Tes Acc: 97.62
INFO >> Epoch: 7  |  Layer: 13  |  Train Loss: 0.389 | Train Acc: 92.44  |  Val Loss: 0.402 | Val Acc: 89.72  |  Test Loss: 0.368 | Tes Acc: 98.81
INFO >> Epoch: 7  |  Layer: 14  |  Train Loss: 0.442 | Train Acc: 88.66  |  Val Loss: 0.443 | Val Acc: 85.98  |  Test Loss: 0.404 | Tes Acc: 95.24
INFO >> Epoch: 7  |  Layer: 15  |  Train Loss: 0.456 | Train Acc: 85.76  |  Val Loss: 0.468 | Val Acc: 83.18  |  Test Loss: 0.457 | Tes Acc: 89.29
INFO >> Epoch: 7  |  Layer: 16  |  Train Loss: 0.510 | Train Acc: 84.30  |  Val Loss: 0.485 | Val Acc: 86.92  |  Test Loss: 0.558 | Tes Acc: 84.52
INFO >> Epoch: 7  |  Layer: 17  |  Train Loss: 0.717 | Train Acc: 76.74  |  Val Loss: 0.620 | Val Acc: 81.31  |  Test Loss: 0.694 | Tes Acc: 82.14
INFO >> Epoch: 7  |  Layer: 18  |  Train Loss: 0.567 | Train Acc: 84.30  |  Val Loss: 0.530 | Val Acc: 84.11  |  Test Loss: 0.622 | Tes Acc: 90.48
INFO >> Epoch: 7  |  Layer: 19  |  Train Loss: 0.515 | Train Acc: 82.56  |  Val Loss: 0.538 | Val Acc: 81.31  |  Test Loss: 0.598 | Tes Acc: 84.52
INFO >> Epoch: 7  |  Layer: 20  |  Train Loss: 0.485 | Train Acc: 90.99  |  Val Loss: 0.520 | Val Acc: 85.98  |  Test Loss: 0.579 | Tes Acc: 89.29
INFO >> Epoch: 7  |  Layer: 21  |  Train Loss: 0.661 | Train Acc: 84.30  |  Val Loss: 0.647 | Val Acc: 79.44  |  Test Loss: 0.706 | Tes Acc: 79.76
INFO >> Epoch: 7  |  Layer: 22  |  Train Loss: 0.943 | Train Acc: 66.86  |  Val Loss: 0.849 | Val Acc: 77.57  |  Test Loss: 0.935 | Tes Acc: 70.24
INFO >> Epoch: 7  |  Layer: 23  |  Train Loss: 0.444 | Train Acc: 85.76  |  Val Loss: 0.425 | Val Acc: 85.05  |  Test Loss: 0.517 | Tes Acc: 82.14
INFO >> Epoch: 7  |  Layer: 24  |  Train Loss: 0.714 | Train Acc: 71.80  |  Val Loss: 0.607 | Val Acc: 74.77  |  Test Loss: 0.711 | Tes Acc: 75.00

INFO >> Epoch: 8  |  Layer:  1  |  Train Loss: 0.941 | Train Acc: 67.15  |  Val Loss: 0.914 | Val Acc: 73.83  |  Test Loss: 1.017 | Tes Acc: 71.43
INFO >> Epoch: 8  |  Layer:  2  |  Train Loss: 0.518 | Train Acc: 84.59  |  Val Loss: 0.601 | Val Acc: 78.50  |  Test Loss: 0.747 | Tes Acc: 77.38
INFO >> Epoch: 8  |  Layer:  3  |  Train Loss: 0.402 | Train Acc: 90.99  |  Val Loss: 0.484 | Val Acc: 84.11  |  Test Loss: 0.571 | Tes Acc: 86.90
INFO >> Epoch: 8  |  Layer:  4  |  Train Loss: 0.459 | Train Acc: 86.63  |  Val Loss: 0.480 | Val Acc: 85.05  |  Test Loss: 0.606 | Tes Acc: 83.33
INFO >> Epoch: 8  |  Layer:  5  |  Train Loss: 0.480 | Train Acc: 84.88  |  Val Loss: 0.460 | Val Acc: 83.18  |  Test Loss: 0.551 | Tes Acc: 82.14
INFO >> Epoch: 8  |  Layer:  6  |  Train Loss: 0.416 | Train Acc: 89.83  |  Val Loss: 0.419 | Val Acc: 82.24  |  Test Loss: 0.517 | Tes Acc: 83.33
INFO >> Epoch: 8  |  Layer:  7  |  Train Loss: 0.429 | Train Acc: 86.63  |  Val Loss: 0.398 | Val Acc: 85.98  |  Test Loss: 0.502 | Tes Acc: 84.52
INFO >> Epoch: 8  |  Layer:  8  |  Train Loss: 0.394 | Train Acc: 92.44  |  Val Loss: 0.422 | Val Acc: 83.18  |  Test Loss: 0.467 | Tes Acc: 88.10
INFO >> Epoch: 8  |  Layer:  9  |  Train Loss: 0.329 | Train Acc: 90.99  |  Val Loss: 0.370 | Val Acc: 82.24  |  Test Loss: 0.423 | Tes Acc: 88.10
INFO >> Epoch: 8  |  Layer: 10  |  Train Loss: 0.289 | Train Acc: 92.44  |  Val Loss: 0.376 | Val Acc: 85.98  |  Test Loss: 0.388 | Tes Acc: 91.67
INFO >> Epoch: 8  |  Layer: 11  |  Train Loss: 0.270 | Train Acc: 93.90  |  Val Loss: 0.354 | Val Acc: 85.98  |  Test Loss: 0.311 | Tes Acc: 92.86
INFO >> Epoch: 8  |  Layer: 12  |  Train Loss: 0.251 | Train Acc: 94.77  |  Val Loss: 0.320 | Val Acc: 85.98  |  Test Loss: 0.300 | Tes Acc: 94.05
INFO >> Epoch: 8  |  Layer: 13  |  Train Loss: 0.350 | Train Acc: 91.86  |  Val Loss: 0.391 | Val Acc: 90.65  |  Test Loss: 0.340 | Tes Acc: 97.62
INFO >> Epoch: 8  |  Layer: 14  |  Train Loss: 0.386 | Train Acc: 90.70  |  Val Loss: 0.458 | Val Acc: 84.11  |  Test Loss: 0.411 | Tes Acc: 89.29
INFO >> Epoch: 8  |  Layer: 15  |  Train Loss: 0.393 | Train Acc: 90.41  |  Val Loss: 0.517 | Val Acc: 80.37  |  Test Loss: 0.529 | Tes Acc: 85.71
INFO >> Epoch: 8  |  Layer: 16  |  Train Loss: 0.433 | Train Acc: 90.12  |  Val Loss: 0.527 | Val Acc: 77.57  |  Test Loss: 0.639 | Tes Acc: 79.76
INFO >> Epoch: 8  |  Layer: 17  |  Train Loss: 0.579 | Train Acc: 84.01  |  Val Loss: 0.605 | Val Acc: 77.57  |  Test Loss: 0.724 | Tes Acc: 77.38
INFO >> Epoch: 8  |  Layer: 18  |  Train Loss: 0.508 | Train Acc: 86.05  |  Val Loss: 0.649 | Val Acc: 75.70  |  Test Loss: 0.814 | Tes Acc: 65.48
INFO >> Epoch: 8  |  Layer: 19  |  Train Loss: 0.429 | Train Acc: 88.37  |  Val Loss: 0.581 | Val Acc: 78.50  |  Test Loss: 0.704 | Tes Acc: 71.43
INFO >> Epoch: 8  |  Layer: 20  |  Train Loss: 0.437 | Train Acc: 88.66  |  Val Loss: 0.626 | Val Acc: 73.83  |  Test Loss: 0.734 | Tes Acc: 71.43
INFO >> Epoch: 8  |  Layer: 21  |  Train Loss: 0.620 | Train Acc: 79.07  |  Val Loss: 0.741 | Val Acc: 76.64  |  Test Loss: 0.856 | Tes Acc: 75.00
INFO >> Epoch: 8  |  Layer: 22  |  Train Loss: 0.862 | Train Acc: 74.42  |  Val Loss: 0.907 | Val Acc: 65.42  |  Test Loss: 1.004 | Tes Acc: 65.48
INFO >> Epoch: 8  |  Layer: 23  |  Train Loss: 0.374 | Train Acc: 87.50  |  Val Loss: 0.563 | Val Acc: 71.96  |  Test Loss: 0.558 | Tes Acc: 78.57
INFO >> Epoch: 8  |  Layer: 24  |  Train Loss: 0.660 | Train Acc: 74.42  |  Val Loss: 0.478 | Val Acc: 80.37  |  Test Loss: 0.618 | Tes Acc: 80.95

INFO >> Epoch: 9  |  Layer:  1  |  Train Loss: 0.886 | Train Acc: 67.73  |  Val Loss: 0.875 | Val Acc: 62.62  |  Test Loss: 0.926 | Tes Acc: 71.43
INFO >> Epoch: 9  |  Layer:  2  |  Train Loss: 0.485 | Train Acc: 86.92  |  Val Loss: 0.583 | Val Acc: 81.31  |  Test Loss: 0.631 | Tes Acc: 85.71
INFO >> Epoch: 9  |  Layer:  3  |  Train Loss: 0.363 | Train Acc: 91.57  |  Val Loss: 0.452 | Val Acc: 84.11  |  Test Loss: 0.485 | Tes Acc: 88.10
INFO >> Epoch: 9  |  Layer:  4  |  Train Loss: 0.408 | Train Acc: 91.28  |  Val Loss: 0.448 | Val Acc: 85.98  |  Test Loss: 0.523 | Tes Acc: 85.71
INFO >> Epoch: 9  |  Layer:  5  |  Train Loss: 0.412 | Train Acc: 90.99  |  Val Loss: 0.426 | Val Acc: 84.11  |  Test Loss: 0.498 | Tes Acc: 89.29
INFO >> Epoch: 9  |  Layer:  6  |  Train Loss: 0.362 | Train Acc: 92.44  |  Val Loss: 0.361 | Val Acc: 88.79  |  Test Loss: 0.430 | Tes Acc: 88.10
INFO >> Epoch: 9  |  Layer:  7  |  Train Loss: 0.366 | Train Acc: 92.73  |  Val Loss: 0.344 | Val Acc: 86.92  |  Test Loss: 0.439 | Tes Acc: 88.10
INFO >> Epoch: 9  |  Layer:  8  |  Train Loss: 0.344 | Train Acc: 93.60  |  Val Loss: 0.355 | Val Acc: 84.11  |  Test Loss: 0.390 | Tes Acc: 89.29
INFO >> Epoch: 9  |  Layer:  9  |  Train Loss: 0.291 | Train Acc: 95.64  |  Val Loss: 0.331 | Val Acc: 87.85  |  Test Loss: 0.383 | Tes Acc: 91.67
INFO >> Epoch: 9  |  Layer: 10  |  Train Loss: 0.253 | Train Acc: 94.77  |  Val Loss: 0.319 | Val Acc: 90.65  |  Test Loss: 0.304 | Tes Acc: 95.24
INFO >> Epoch: 9  |  Layer: 11  |  Train Loss: 0.232 | Train Acc: 95.35  |  Val Loss: 0.325 | Val Acc: 88.79  |  Test Loss: 0.268 | Tes Acc: 92.86
INFO >> Epoch: 9  |  Layer: 12  |  Train Loss: 0.221 | Train Acc: 95.93  |  Val Loss: 0.301 | Val Acc: 88.79  |  Test Loss: 0.258 | Tes Acc: 95.24
INFO >> Epoch: 9  |  Layer: 13  |  Train Loss: 0.295 | Train Acc: 95.06  |  Val Loss: 0.379 | Val Acc: 89.72  |  Test Loss: 0.293 | Tes Acc: 97.62
INFO >> Epoch: 9  |  Layer: 14  |  Train Loss: 0.361 | Train Acc: 90.99  |  Val Loss: 0.453 | Val Acc: 84.11  |  Test Loss: 0.355 | Tes Acc: 92.86
INFO >> Epoch: 9  |  Layer: 15  |  Train Loss: 0.371 | Train Acc: 91.86  |  Val Loss: 0.424 | Val Acc: 86.92  |  Test Loss: 0.399 | Tes Acc: 91.67
INFO >> Epoch: 9  |  Layer: 16  |  Train Loss: 0.412 | Train Acc: 88.66  |  Val Loss: 0.497 | Val Acc: 82.24  |  Test Loss: 0.568 | Tes Acc: 83.33
INFO >> Epoch: 9  |  Layer: 17  |  Train Loss: 0.524 | Train Acc: 87.50  |  Val Loss: 0.468 | Val Acc: 89.72  |  Test Loss: 0.558 | Tes Acc: 88.10
INFO >> Epoch: 9  |  Layer: 18  |  Train Loss: 0.494 | Train Acc: 85.76  |  Val Loss: 0.503 | Val Acc: 83.18  |  Test Loss: 0.625 | Tes Acc: 85.71
INFO >> Epoch: 9  |  Layer: 19  |  Train Loss: 0.402 | Train Acc: 89.53  |  Val Loss: 0.503 | Val Acc: 80.37  |  Test Loss: 0.550 | Tes Acc: 85.71
INFO >> Epoch: 9  |  Layer: 20  |  Train Loss: 0.439 | Train Acc: 87.50  |  Val Loss: 0.647 | Val Acc: 77.57  |  Test Loss: 0.712 | Tes Acc: 72.62
INFO >> Epoch: 9  |  Layer: 21  |  Train Loss: 0.583 | Train Acc: 83.14  |  Val Loss: 0.629 | Val Acc: 76.64  |  Test Loss: 0.736 | Tes Acc: 80.95
INFO >> Epoch: 9  |  Layer: 22  |  Train Loss: 0.806 | Train Acc: 78.49  |  Val Loss: 0.885 | Val Acc: 59.81  |  Test Loss: 0.925 | Tes Acc: 66.67
INFO >> Epoch: 9  |  Layer: 23  |  Train Loss: 0.398 | Train Acc: 87.21  |  Val Loss: 0.536 | Val Acc: 76.64  |  Test Loss: 0.582 | Tes Acc: 70.24
INFO >> Epoch: 9  |  Layer: 24  |  Train Loss: 0.627 | Train Acc: 76.74  |  Val Loss: 0.615 | Val Acc: 74.77  |  Test Loss: 0.605 | Tes Acc: 77.38

INFO >> Epoch: 10  |  Layer:  1  |  Train Loss: 0.836 | Train Acc: 71.80  |  Val Loss: 0.847 | Val Acc: 66.36  |  Test Loss: 1.002 | Tes Acc: 57.14
INFO >> Epoch: 10  |  Layer:  2  |  Train Loss: 0.427 | Train Acc: 90.12  |  Val Loss: 0.548 | Val Acc: 79.44  |  Test Loss: 0.678 | Tes Acc: 76.19
INFO >> Epoch: 10  |  Layer:  3  |  Train Loss: 0.322 | Train Acc: 93.02  |  Val Loss: 0.473 | Val Acc: 78.50  |  Test Loss: 0.567 | Tes Acc: 82.14
INFO >> Epoch: 10  |  Layer:  4  |  Train Loss: 0.372 | Train Acc: 91.28  |  Val Loss: 0.445 | Val Acc: 82.24  |  Test Loss: 0.560 | Tes Acc: 82.14
INFO >> Epoch: 10  |  Layer:  5  |  Train Loss: 0.383 | Train Acc: 91.57  |  Val Loss: 0.470 | Val Acc: 81.31  |  Test Loss: 0.549 | Tes Acc: 80.95
INFO >> Epoch: 10  |  Layer:  6  |  Train Loss: 0.335 | Train Acc: 92.15  |  Val Loss: 0.434 | Val Acc: 79.44  |  Test Loss: 0.519 | Tes Acc: 83.33
INFO >> Epoch: 10  |  Layer:  7  |  Train Loss: 0.335 | Train Acc: 91.57  |  Val Loss: 0.435 | Val Acc: 79.44  |  Test Loss: 0.523 | Tes Acc: 83.33
INFO >> Epoch: 10  |  Layer:  8  |  Train Loss: 0.310 | Train Acc: 93.02  |  Val Loss: 0.414 | Val Acc: 81.31  |  Test Loss: 0.426 | Tes Acc: 89.29
INFO >> Epoch: 10  |  Layer:  9  |  Train Loss: 0.263 | Train Acc: 94.19  |  Val Loss: 0.361 | Val Acc: 85.98  |  Test Loss: 0.376 | Tes Acc: 91.67
INFO >> Epoch: 10  |  Layer: 10  |  Train Loss: 0.222 | Train Acc: 94.19  |  Val Loss: 0.337 | Val Acc: 85.98  |  Test Loss: 0.287 | Tes Acc: 94.05
INFO >> Epoch: 10  |  Layer: 11  |  Train Loss: 0.205 | Train Acc: 95.06  |  Val Loss: 0.397 | Val Acc: 84.11  |  Test Loss: 0.308 | Tes Acc: 95.24
INFO >> Epoch: 10  |  Layer: 12  |  Train Loss: 0.196 | Train Acc: 95.64  |  Val Loss: 0.359 | Val Acc: 84.11  |  Test Loss: 0.273 | Tes Acc: 95.24
INFO >> Epoch: 10  |  Layer: 13  |  Train Loss: 0.284 | Train Acc: 92.73  |  Val Loss: 0.450 | Val Acc: 82.24  |  Test Loss: 0.398 | Tes Acc: 89.29
INFO >> Epoch: 10  |  Layer: 14  |  Train Loss: 0.332 | Train Acc: 91.86  |  Val Loss: 0.544 | Val Acc: 79.44  |  Test Loss: 0.456 | Tes Acc: 88.10
INFO >> Epoch: 10  |  Layer: 15  |  Train Loss: 0.320 | Train Acc: 94.19  |  Val Loss: 0.479 | Val Acc: 85.05  |  Test Loss: 0.453 | Tes Acc: 88.10
INFO >> Epoch: 10  |  Layer: 16  |  Train Loss: 0.369 | Train Acc: 92.15  |  Val Loss: 0.498 | Val Acc: 80.37  |  Test Loss: 0.576 | Tes Acc: 79.76
INFO >> Epoch: 10  |  Layer: 17  |  Train Loss: 0.476 | Train Acc: 87.79  |  Val Loss: 0.536 | Val Acc: 79.44  |  Test Loss: 0.634 | Tes Acc: 78.57
INFO >> Epoch: 10  |  Layer: 18  |  Train Loss: 0.412 | Train Acc: 89.53  |  Val Loss: 0.543 | Val Acc: 78.50  |  Test Loss: 0.690 | Tes Acc: 70.24
INFO >> Epoch: 10  |  Layer: 19  |  Train Loss: 0.349 | Train Acc: 92.73  |  Val Loss: 0.514 | Val Acc: 78.50  |  Test Loss: 0.591 | Tes Acc: 82.14
INFO >> Epoch: 10  |  Layer: 20  |  Train Loss: 0.403 | Train Acc: 89.24  |  Val Loss: 0.612 | Val Acc: 73.83  |  Test Loss: 0.690 | Tes Acc: 70.24
INFO >> Epoch: 10  |  Layer: 21  |  Train Loss: 0.522 | Train Acc: 84.01  |  Val Loss: 0.678 | Val Acc: 71.96  |  Test Loss: 0.796 | Tes Acc: 67.86
INFO >> Epoch: 10  |  Layer: 22  |  Train Loss: 0.784 | Train Acc: 72.67  |  Val Loss: 0.897 | Val Acc: 57.94  |  Test Loss: 1.031 | Tes Acc: 54.76
INFO >> Epoch: 10  |  Layer: 23  |  Train Loss: 0.379 | Train Acc: 87.50  |  Val Loss: 0.519 | Val Acc: 75.70  |  Test Loss: 0.464 | Tes Acc: 84.52
INFO >> Epoch: 10  |  Layer: 24  |  Train Loss: 0.496 | Train Acc: 83.43  |  Val Loss: 0.575 | Val Acc: 70.09  |  Test Loss: 0.665 | Tes Acc: 66.67

INFO >> Epoch: 11  |  Layer:  1  |  Train Loss: 0.773 | Train Acc: 74.71  |  Val Loss: 0.801 | Val Acc: 75.70  |  Test Loss: 0.928 | Tes Acc: 71.43
INFO >> Epoch: 11  |  Layer:  2  |  Train Loss: 0.364 | Train Acc: 90.12  |  Val Loss: 0.548 | Val Acc: 78.50  |  Test Loss: 0.661 | Tes Acc: 76.19
INFO >> Epoch: 11  |  Layer:  3  |  Train Loss: 0.270 | Train Acc: 93.31  |  Val Loss: 0.412 | Val Acc: 85.05  |  Test Loss: 0.477 | Tes Acc: 83.33
INFO >> Epoch: 11  |  Layer:  4  |  Train Loss: 0.300 | Train Acc: 92.73  |  Val Loss: 0.401 | Val Acc: 86.92  |  Test Loss: 0.503 | Tes Acc: 84.52
INFO >> Epoch: 11  |  Layer:  5  |  Train Loss: 0.320 | Train Acc: 91.28  |  Val Loss: 0.433 | Val Acc: 85.05  |  Test Loss: 0.492 | Tes Acc: 83.33
INFO >> Epoch: 11  |  Layer:  6  |  Train Loss: 0.274 | Train Acc: 92.73  |  Val Loss: 0.377 | Val Acc: 83.18  |  Test Loss: 0.420 | Tes Acc: 85.71
INFO >> Epoch: 11  |  Layer:  7  |  Train Loss: 0.294 | Train Acc: 93.60  |  Val Loss: 0.382 | Val Acc: 82.24  |  Test Loss: 0.438 | Tes Acc: 88.10
INFO >> Epoch: 11  |  Layer:  8  |  Train Loss: 0.264 | Train Acc: 94.77  |  Val Loss: 0.381 | Val Acc: 81.31  |  Test Loss: 0.378 | Tes Acc: 90.48
INFO >> Epoch: 11  |  Layer:  9  |  Train Loss: 0.225 | Train Acc: 95.64  |  Val Loss: 0.337 | Val Acc: 84.11  |  Test Loss: 0.333 | Tes Acc: 91.67
INFO >> Epoch: 11  |  Layer: 10  |  Train Loss: 0.192 | Train Acc: 95.93  |  Val Loss: 0.294 | Val Acc: 85.98  |  Test Loss: 0.256 | Tes Acc: 96.43
INFO >> Epoch: 11  |  Layer: 11  |  Train Loss: 0.191 | Train Acc: 95.93  |  Val Loss: 0.387 | Val Acc: 81.31  |  Test Loss: 0.300 | Tes Acc: 95.24
INFO >> Epoch: 11  |  Layer: 12  |  Train Loss: 0.170 | Train Acc: 97.38  |  Val Loss: 0.315 | Val Acc: 87.85  |  Test Loss: 0.245 | Tes Acc: 96.43
INFO >> Epoch: 11  |  Layer: 13  |  Train Loss: 0.261 | Train Acc: 92.73  |  Val Loss: 0.394 | Val Acc: 85.98  |  Test Loss: 0.298 | Tes Acc: 95.24
INFO >> Epoch: 11  |  Layer: 14  |  Train Loss: 0.283 | Train Acc: 94.48  |  Val Loss: 0.522 | Val Acc: 85.05  |  Test Loss: 0.412 | Tes Acc: 92.86
INFO >> Epoch: 11  |  Layer: 15  |  Train Loss: 0.279 | Train Acc: 95.35  |  Val Loss: 0.481 | Val Acc: 86.92  |  Test Loss: 0.463 | Tes Acc: 88.10
INFO >> Epoch: 11  |  Layer: 16  |  Train Loss: 0.330 | Train Acc: 92.73  |  Val Loss: 0.465 | Val Acc: 85.98  |  Test Loss: 0.543 | Tes Acc: 82.14
INFO >> Epoch: 11  |  Layer: 17  |  Train Loss: 0.406 | Train Acc: 92.44  |  Val Loss: 0.503 | Val Acc: 88.79  |  Test Loss: 0.601 | Tes Acc: 84.52
INFO >> Epoch: 11  |  Layer: 18  |  Train Loss: 0.358 | Train Acc: 90.41  |  Val Loss: 0.550 | Val Acc: 81.31  |  Test Loss: 0.695 | Tes Acc: 75.00
INFO >> Epoch: 11  |  Layer: 19  |  Train Loss: 0.326 | Train Acc: 91.86  |  Val Loss: 0.533 | Val Acc: 81.31  |  Test Loss: 0.607 | Tes Acc: 80.95
INFO >> Epoch: 11  |  Layer: 20  |  Train Loss: 0.383 | Train Acc: 85.47  |  Val Loss: 0.574 | Val Acc: 77.57  |  Test Loss: 0.603 | Tes Acc: 82.14
INFO >> Epoch: 11  |  Layer: 21  |  Train Loss: 0.470 | Train Acc: 86.34  |  Val Loss: 0.591 | Val Acc: 80.37  |  Test Loss: 0.602 | Tes Acc: 85.71
INFO >> Epoch: 11  |  Layer: 22  |  Train Loss: 0.691 | Train Acc: 78.78  |  Val Loss: 0.688 | Val Acc: 85.05  |  Test Loss: 0.879 | Tes Acc: 77.38
INFO >> Epoch: 11  |  Layer: 23  |  Train Loss: 0.273 | Train Acc: 92.73  |  Val Loss: 0.392 | Val Acc: 85.05  |  Test Loss: 0.380 | Tes Acc: 88.10
INFO >> Epoch: 11  |  Layer: 24  |  Train Loss: 0.448 | Train Acc: 83.43  |  Val Loss: 0.756 | Val Acc: 71.96  |  Test Loss: 0.967 | Tes Acc: 65.48

INFO >> Epoch: 12  |  Layer:  1  |  Train Loss: 0.798 | Train Acc: 73.26  |  Val Loss: 0.733 | Val Acc: 77.57  |  Test Loss: 0.801 | Tes Acc: 72.62
INFO >> Epoch: 12  |  Layer:  2  |  Train Loss: 0.372 | Train Acc: 91.57  |  Val Loss: 0.506 | Val Acc: 81.31  |  Test Loss: 0.610 | Tes Acc: 79.76
INFO >> Epoch: 12  |  Layer:  3  |  Train Loss: 0.259 | Train Acc: 95.06  |  Val Loss: 0.403 | Val Acc: 84.11  |  Test Loss: 0.444 | Tes Acc: 86.90
INFO >> Epoch: 12  |  Layer:  4  |  Train Loss: 0.293 | Train Acc: 95.35  |  Val Loss: 0.387 | Val Acc: 85.98  |  Test Loss: 0.476 | Tes Acc: 86.90
INFO >> Epoch: 12  |  Layer:  5  |  Train Loss: 0.317 | Train Acc: 93.31  |  Val Loss: 0.366 | Val Acc: 87.85  |  Test Loss: 0.474 | Tes Acc: 83.33
INFO >> Epoch: 12  |  Layer:  6  |  Train Loss: 0.256 | Train Acc: 95.64  |  Val Loss: 0.303 | Val Acc: 88.79  |  Test Loss: 0.396 | Tes Acc: 86.90
INFO >> Epoch: 12  |  Layer:  7  |  Train Loss: 0.277 | Train Acc: 95.06  |  Val Loss: 0.320 | Val Acc: 88.79  |  Test Loss: 0.409 | Tes Acc: 79.76
INFO >> Epoch: 12  |  Layer:  8  |  Train Loss: 0.246 | Train Acc: 95.64  |  Val Loss: 0.301 | Val Acc: 87.85  |  Test Loss: 0.330 | Tes Acc: 89.29
INFO >> Epoch: 12  |  Layer:  9  |  Train Loss: 0.217 | Train Acc: 96.51  |  Val Loss: 0.280 | Val Acc: 85.98  |  Test Loss: 0.311 | Tes Acc: 89.29
INFO >> Epoch: 12  |  Layer: 10  |  Train Loss: 0.172 | Train Acc: 97.09  |  Val Loss: 0.258 | Val Acc: 86.92  |  Test Loss: 0.243 | Tes Acc: 90.48
INFO >> Epoch: 12  |  Layer: 11  |  Train Loss: 0.165 | Train Acc: 97.67  |  Val Loss: 0.297 | Val Acc: 88.79  |  Test Loss: 0.228 | Tes Acc: 90.48
INFO >> Epoch: 12  |  Layer: 12  |  Train Loss: 0.153 | Train Acc: 97.97  |  Val Loss: 0.231 | Val Acc: 91.59  |  Test Loss: 0.192 | Tes Acc: 92.86
INFO >> Epoch: 12  |  Layer: 13  |  Train Loss: 0.245 | Train Acc: 96.22  |  Val Loss: 0.312 | Val Acc: 89.72  |  Test Loss: 0.210 | Tes Acc: 97.62
INFO >> Epoch: 12  |  Layer: 14  |  Train Loss: 0.261 | Train Acc: 95.64  |  Val Loss: 0.434 | Val Acc: 86.92  |  Test Loss: 0.294 | Tes Acc: 95.24
INFO >> Epoch: 12  |  Layer: 15  |  Train Loss: 0.255 | Train Acc: 95.93  |  Val Loss: 0.384 | Val Acc: 87.85  |  Test Loss: 0.331 | Tes Acc: 94.05
INFO >> Epoch: 12  |  Layer: 16  |  Train Loss: 0.291 | Train Acc: 94.48  |  Val Loss: 0.371 | Val Acc: 85.98  |  Test Loss: 0.398 | Tes Acc: 91.67
INFO >> Epoch: 12  |  Layer: 17  |  Train Loss: 0.358 | Train Acc: 93.02  |  Val Loss: 0.382 | Val Acc: 90.65  |  Test Loss: 0.438 | Tes Acc: 91.67
INFO >> Epoch: 12  |  Layer: 18  |  Train Loss: 0.314 | Train Acc: 93.31  |  Val Loss: 0.384 | Val Acc: 88.79  |  Test Loss: 0.464 | Tes Acc: 92.86
INFO >> Epoch: 12  |  Layer: 19  |  Train Loss: 0.285 | Train Acc: 93.31  |  Val Loss: 0.463 | Val Acc: 85.98  |  Test Loss: 0.482 | Tes Acc: 86.90
INFO >> Epoch: 12  |  Layer: 20  |  Train Loss: 0.321 | Train Acc: 90.12  |  Val Loss: 0.435 | Val Acc: 85.05  |  Test Loss: 0.407 | Tes Acc: 91.67
INFO >> Epoch: 12  |  Layer: 21  |  Train Loss: 0.432 | Train Acc: 89.24  |  Val Loss: 0.560 | Val Acc: 80.37  |  Test Loss: 0.528 | Tes Acc: 85.71
INFO >> Epoch: 12  |  Layer: 22  |  Train Loss: 0.643 | Train Acc: 84.30  |  Val Loss: 0.675 | Val Acc: 73.83  |  Test Loss: 0.720 | Tes Acc: 78.57
INFO >> Epoch: 12  |  Layer: 23  |  Train Loss: 0.238 | Train Acc: 94.19  |  Val Loss: 0.331 | Val Acc: 86.92  |  Test Loss: 0.290 | Tes Acc: 91.67
INFO >> Epoch: 12  |  Layer: 24  |  Train Loss: 0.447 | Train Acc: 85.47  |  Val Loss: 0.432 | Val Acc: 81.31  |  Test Loss: 0.405 | Tes Acc: 88.10

INFO >> Epoch: 13  |  Layer:  1  |  Train Loss: 0.694 | Train Acc: 79.94  |  Val Loss: 0.727 | Val Acc: 71.96  |  Test Loss: 0.865 | Tes Acc: 71.43
INFO >> Epoch: 13  |  Layer:  2  |  Train Loss: 0.302 | Train Acc: 93.31  |  Val Loss: 0.486 | Val Acc: 81.31  |  Test Loss: 0.624 | Tes Acc: 77.38
INFO >> Epoch: 13  |  Layer:  3  |  Train Loss: 0.212 | Train Acc: 93.90  |  Val Loss: 0.390 | Val Acc: 84.11  |  Test Loss: 0.518 | Tes Acc: 82.14
INFO >> Epoch: 13  |  Layer:  4  |  Train Loss: 0.245 | Train Acc: 95.06  |  Val Loss: 0.363 | Val Acc: 87.85  |  Test Loss: 0.482 | Tes Acc: 86.90
INFO >> Epoch: 13  |  Layer:  5  |  Train Loss: 0.262 | Train Acc: 93.31  |  Val Loss: 0.351 | Val Acc: 85.98  |  Test Loss: 0.417 | Tes Acc: 88.10
INFO >> Epoch: 13  |  Layer:  6  |  Train Loss: 0.221 | Train Acc: 94.19  |  Val Loss: 0.388 | Val Acc: 81.31  |  Test Loss: 0.389 | Tes Acc: 89.29
INFO >> Epoch: 13  |  Layer:  7  |  Train Loss: 0.231 | Train Acc: 94.48  |  Val Loss: 0.311 | Val Acc: 89.72  |  Test Loss: 0.388 | Tes Acc: 88.10
INFO >> Epoch: 13  |  Layer:  8  |  Train Loss: 0.201 | Train Acc: 96.22  |  Val Loss: 0.347 | Val Acc: 85.05  |  Test Loss: 0.334 | Tes Acc: 91.67
INFO >> Epoch: 13  |  Layer:  9  |  Train Loss: 0.173 | Train Acc: 97.97  |  Val Loss: 0.390 | Val Acc: 83.18  |  Test Loss: 0.355 | Tes Acc: 91.67
INFO >> Epoch: 13  |  Layer: 10  |  Train Loss: 0.151 | Train Acc: 97.09  |  Val Loss: 0.283 | Val Acc: 91.59  |  Test Loss: 0.238 | Tes Acc: 94.05
INFO >> Epoch: 13  |  Layer: 11  |  Train Loss: 0.140 | Train Acc: 97.97  |  Val Loss: 0.352 | Val Acc: 88.79  |  Test Loss: 0.254 | Tes Acc: 94.05
INFO >> Epoch: 13  |  Layer: 12  |  Train Loss: 0.121 | Train Acc: 97.67  |  Val Loss: 0.281 | Val Acc: 91.59  |  Test Loss: 0.219 | Tes Acc: 94.05
INFO >> Epoch: 13  |  Layer: 13  |  Train Loss: 0.195 | Train Acc: 95.93  |  Val Loss: 0.363 | Val Acc: 86.92  |  Test Loss: 0.285 | Tes Acc: 94.05
INFO >> Epoch: 13  |  Layer: 14  |  Train Loss: 0.253 | Train Acc: 93.02  |  Val Loss: 0.504 | Val Acc: 77.57  |  Test Loss: 0.419 | Tes Acc: 88.10
INFO >> Epoch: 13  |  Layer: 15  |  Train Loss: 0.243 | Train Acc: 93.90  |  Val Loss: 0.433 | Val Acc: 80.37  |  Test Loss: 0.448 | Tes Acc: 88.10
INFO >> Epoch: 13  |  Layer: 16  |  Train Loss: 0.281 | Train Acc: 92.73  |  Val Loss: 0.389 | Val Acc: 86.92  |  Test Loss: 0.446 | Tes Acc: 88.10
INFO >> Epoch: 13  |  Layer: 17  |  Train Loss: 0.350 | Train Acc: 92.15  |  Val Loss: 0.555 | Val Acc: 74.77  |  Test Loss: 0.681 | Tes Acc: 77.38
INFO >> Epoch: 13  |  Layer: 18  |  Train Loss: 0.290 | Train Acc: 93.60  |  Val Loss: 0.460 | Val Acc: 82.24  |  Test Loss: 0.604 | Tes Acc: 75.00
INFO >> Epoch: 13  |  Layer: 19  |  Train Loss: 0.324 | Train Acc: 92.15  |  Val Loss: 0.524 | Val Acc: 76.64  |  Test Loss: 0.623 | Tes Acc: 78.57
INFO >> Epoch: 13  |  Layer: 20  |  Train Loss: 0.316 | Train Acc: 90.70  |  Val Loss: 0.431 | Val Acc: 82.24  |  Test Loss: 0.520 | Tes Acc: 79.76
INFO >> Epoch: 13  |  Layer: 21  |  Train Loss: 0.418 | Train Acc: 86.05  |  Val Loss: 0.631 | Val Acc: 76.64  |  Test Loss: 0.627 | Tes Acc: 79.76
INFO >> Epoch: 13  |  Layer: 22  |  Train Loss: 0.625 | Train Acc: 79.94  |  Val Loss: 0.741 | Val Acc: 65.42  |  Test Loss: 0.861 | Tes Acc: 69.05
INFO >> Epoch: 13  |  Layer: 23  |  Train Loss: 0.238 | Train Acc: 94.77  |  Val Loss: 0.340 | Val Acc: 89.72  |  Test Loss: 0.340 | Tes Acc: 89.29
INFO >> Epoch: 13  |  Layer: 24  |  Train Loss: 0.446 | Train Acc: 84.59  |  Val Loss: 0.395 | Val Acc: 85.05  |  Test Loss: 0.539 | Tes Acc: 83.33

INFO >> Epoch: 14  |  Layer:  1  |  Train Loss: 0.676 | Train Acc: 79.65  |  Val Loss: 0.665 | Val Acc: 79.44  |  Test Loss: 0.850 | Tes Acc: 65.48
INFO >> Epoch: 14  |  Layer:  2  |  Train Loss: 0.287 | Train Acc: 94.19  |  Val Loss: 0.430 | Val Acc: 85.98  |  Test Loss: 0.581 | Tes Acc: 77.38
INFO >> Epoch: 14  |  Layer:  3  |  Train Loss: 0.205 | Train Acc: 97.09  |  Val Loss: 0.355 | Val Acc: 85.05  |  Test Loss: 0.434 | Tes Acc: 86.90
INFO >> Epoch: 14  |  Layer:  4  |  Train Loss: 0.228 | Train Acc: 95.64  |  Val Loss: 0.320 | Val Acc: 90.65  |  Test Loss: 0.450 | Tes Acc: 84.52
INFO >> Epoch: 14  |  Layer:  5  |  Train Loss: 0.238 | Train Acc: 95.93  |  Val Loss: 0.297 | Val Acc: 90.65  |  Test Loss: 0.372 | Tes Acc: 88.10
INFO >> Epoch: 14  |  Layer:  6  |  Train Loss: 0.207 | Train Acc: 96.51  |  Val Loss: 0.271 | Val Acc: 91.59  |  Test Loss: 0.330 | Tes Acc: 90.48
INFO >> Epoch: 14  |  Layer:  7  |  Train Loss: 0.226 | Train Acc: 97.09  |  Val Loss: 0.252 | Val Acc: 91.59  |  Test Loss: 0.329 | Tes Acc: 90.48
INFO >> Epoch: 14  |  Layer:  8  |  Train Loss: 0.201 | Train Acc: 97.09  |  Val Loss: 0.265 | Val Acc: 86.92  |  Test Loss: 0.294 | Tes Acc: 92.86
INFO >> Epoch: 14  |  Layer:  9  |  Train Loss: 0.190 | Train Acc: 98.26  |  Val Loss: 0.235 | Val Acc: 90.65  |  Test Loss: 0.279 | Tes Acc: 91.67
INFO >> Epoch: 14  |  Layer: 10  |  Train Loss: 0.164 | Train Acc: 97.38  |  Val Loss: 0.191 | Val Acc: 96.26  |  Test Loss: 0.157 | Tes Acc: 97.62
INFO >> Epoch: 14  |  Layer: 11  |  Train Loss: 0.155 | Train Acc: 97.38  |  Val Loss: 0.263 | Val Acc: 91.59  |  Test Loss: 0.181 | Tes Acc: 95.24
INFO >> Epoch: 14  |  Layer: 12  |  Train Loss: 0.136 | Train Acc: 97.09  |  Val Loss: 0.237 | Val Acc: 93.46  |  Test Loss: 0.181 | Tes Acc: 94.05
INFO >> Epoch: 14  |  Layer: 13  |  Train Loss: 0.202 | Train Acc: 95.06  |  Val Loss: 0.459 | Val Acc: 84.11  |  Test Loss: 0.317 | Tes Acc: 88.10
INFO >> Epoch: 14  |  Layer: 14  |  Train Loss: 0.254 | Train Acc: 93.31  |  Val Loss: 0.454 | Val Acc: 83.18  |  Test Loss: 0.315 | Tes Acc: 90.48
INFO >> Epoch: 14  |  Layer: 15  |  Train Loss: 0.277 | Train Acc: 93.60  |  Val Loss: 0.375 | Val Acc: 87.85  |  Test Loss: 0.355 | Tes Acc: 89.29
INFO >> Epoch: 14  |  Layer: 16  |  Train Loss: 0.281 | Train Acc: 93.60  |  Val Loss: 0.391 | Val Acc: 84.11  |  Test Loss: 0.479 | Tes Acc: 84.52
INFO >> Epoch: 14  |  Layer: 17  |  Train Loss: 0.366 | Train Acc: 90.99  |  Val Loss: 0.371 | Val Acc: 91.59  |  Test Loss: 0.431 | Tes Acc: 94.05
INFO >> Epoch: 14  |  Layer: 18  |  Train Loss: 0.282 | Train Acc: 95.06  |  Val Loss: 0.350 | Val Acc: 90.65  |  Test Loss: 0.439 | Tes Acc: 82.14
INFO >> Epoch: 14  |  Layer: 19  |  Train Loss: 0.268 | Train Acc: 93.02  |  Val Loss: 0.420 | Val Acc: 87.85  |  Test Loss: 0.451 | Tes Acc: 85.71
INFO >> Epoch: 14  |  Layer: 20  |  Train Loss: 0.267 | Train Acc: 93.90  |  Val Loss: 0.374 | Val Acc: 87.85  |  Test Loss: 0.399 | Tes Acc: 83.33
INFO >> Epoch: 14  |  Layer: 21  |  Train Loss: 0.363 | Train Acc: 91.57  |  Val Loss: 0.570 | Val Acc: 83.18  |  Test Loss: 0.535 | Tes Acc: 85.71
INFO >> Epoch: 14  |  Layer: 22  |  Train Loss: 0.572 | Train Acc: 81.40  |  Val Loss: 0.527 | Val Acc: 86.92  |  Test Loss: 0.707 | Tes Acc: 79.76
INFO >> Epoch: 14  |  Layer: 23  |  Train Loss: 0.207 | Train Acc: 95.35  |  Val Loss: 0.295 | Val Acc: 88.79  |  Test Loss: 0.252 | Tes Acc: 92.86
INFO >> Epoch: 14  |  Layer: 24  |  Train Loss: 0.363 | Train Acc: 86.63  |  Val Loss: 0.460 | Val Acc: 80.37  |  Test Loss: 0.583 | Tes Acc: 78.57

INFO >> Epoch: 15  |  Layer:  1  |  Train Loss: 0.623 | Train Acc: 81.40  |  Val Loss: 0.740 | Val Acc: 71.03  |  Test Loss: 0.865 | Tes Acc: 64.29
INFO >> Epoch: 15  |  Layer:  2  |  Train Loss: 0.257 | Train Acc: 93.31  |  Val Loss: 0.466 | Val Acc: 80.37  |  Test Loss: 0.599 | Tes Acc: 76.19
INFO >> Epoch: 15  |  Layer:  3  |  Train Loss: 0.171 | Train Acc: 97.38  |  Val Loss: 0.397 | Val Acc: 84.11  |  Test Loss: 0.479 | Tes Acc: 80.95
INFO >> Epoch: 15  |  Layer:  4  |  Train Loss: 0.198 | Train Acc: 95.35  |  Val Loss: 0.418 | Val Acc: 77.57  |  Test Loss: 0.522 | Tes Acc: 77.38
INFO >> Epoch: 15  |  Layer:  5  |  Train Loss: 0.218 | Train Acc: 96.22  |  Val Loss: 0.337 | Val Acc: 85.98  |  Test Loss: 0.428 | Tes Acc: 83.33
INFO >> Epoch: 15  |  Layer:  6  |  Train Loss: 0.192 | Train Acc: 95.93  |  Val Loss: 0.282 | Val Acc: 86.92  |  Test Loss: 0.306 | Tes Acc: 91.67
INFO >> Epoch: 15  |  Layer:  7  |  Train Loss: 0.191 | Train Acc: 97.97  |  Val Loss: 0.287 | Val Acc: 88.79  |  Test Loss: 0.336 | Tes Acc: 85.71
INFO >> Epoch: 15  |  Layer:  8  |  Train Loss: 0.162 | Train Acc: 97.67  |  Val Loss: 0.305 | Val Acc: 85.05  |  Test Loss: 0.285 | Tes Acc: 89.29
INFO >> Epoch: 15  |  Layer:  9  |  Train Loss: 0.141 | Train Acc: 97.97  |  Val Loss: 0.301 | Val Acc: 86.92  |  Test Loss: 0.246 | Tes Acc: 92.86
INFO >> Epoch: 15  |  Layer: 10  |  Train Loss: 0.142 | Train Acc: 97.67  |  Val Loss: 0.300 | Val Acc: 85.05  |  Test Loss: 0.219 | Tes Acc: 94.05
INFO >> Epoch: 15  |  Layer: 11  |  Train Loss: 0.136 | Train Acc: 97.09  |  Val Loss: 0.352 | Val Acc: 85.05  |  Test Loss: 0.243 | Tes Acc: 94.05
INFO >> Epoch: 15  |  Layer: 12  |  Train Loss: 0.140 | Train Acc: 96.51  |  Val Loss: 0.323 | Val Acc: 85.98  |  Test Loss: 0.229 | Tes Acc: 96.43
INFO >> Epoch: 15  |  Layer: 13  |  Train Loss: 0.234 | Train Acc: 94.19  |  Val Loss: 0.377 | Val Acc: 88.79  |  Test Loss: 0.240 | Tes Acc: 89.29
INFO >> Epoch: 15  |  Layer: 14  |  Train Loss: 0.196 | Train Acc: 96.22  |  Val Loss: 0.409 | Val Acc: 79.44  |  Test Loss: 0.313 | Tes Acc: 90.48
INFO >> Epoch: 15  |  Layer: 15  |  Train Loss: 0.229 | Train Acc: 93.60  |  Val Loss: 0.419 | Val Acc: 80.37  |  Test Loss: 0.386 | Tes Acc: 84.52
INFO >> Epoch: 15  |  Layer: 16  |  Train Loss: 0.256 | Train Acc: 93.90  |  Val Loss: 0.309 | Val Acc: 85.05  |  Test Loss: 0.362 | Tes Acc: 88.10
INFO >> Epoch: 15  |  Layer: 17  |  Train Loss: 0.316 | Train Acc: 92.44  |  Val Loss: 0.491 | Val Acc: 77.57  |  Test Loss: 0.562 | Tes Acc: 82.14
INFO >> Epoch: 15  |  Layer: 18  |  Train Loss: 0.252 | Train Acc: 93.31  |  Val Loss: 0.330 | Val Acc: 85.98  |  Test Loss: 0.405 | Tes Acc: 86.90
INFO >> Epoch: 15  |  Layer: 19  |  Train Loss: 0.226 | Train Acc: 95.06  |  Val Loss: 0.474 | Val Acc: 76.64  |  Test Loss: 0.539 | Tes Acc: 77.38
INFO >> Epoch: 15  |  Layer: 20  |  Train Loss: 0.259 | Train Acc: 93.90  |  Val Loss: 0.469 | Val Acc: 75.70  |  Test Loss: 0.537 | Tes Acc: 78.57
INFO >> Epoch: 15  |  Layer: 21  |  Train Loss: 0.344 | Train Acc: 88.37  |  Val Loss: 0.599 | Val Acc: 69.16  |  Test Loss: 0.675 | Tes Acc: 67.86
INFO >> Epoch: 15  |  Layer: 22  |  Train Loss: 0.546 | Train Acc: 84.59  |  Val Loss: 0.934 | Val Acc: 53.27  |  Test Loss: 1.012 | Tes Acc: 51.19
INFO >> Epoch: 15  |  Layer: 23  |  Train Loss: 0.230 | Train Acc: 92.73  |  Val Loss: 0.556 | Val Acc: 71.03  |  Test Loss: 0.494 | Tes Acc: 79.76
INFO >> Epoch: 15  |  Layer: 24  |  Train Loss: 0.302 | Train Acc: 89.24  |  Val Loss: 0.437 | Val Acc: 78.50  |  Test Loss: 0.432 | Tes Acc: 85.71

INFO >> Epoch: 16  |  Layer:  1  |  Train Loss: 0.646 | Train Acc: 78.49  |  Val Loss: 0.792 | Val Acc: 57.94  |  Test Loss: 0.866 | Tes Acc: 69.05
INFO >> Epoch: 16  |  Layer:  2  |  Train Loss: 0.254 | Train Acc: 94.48  |  Val Loss: 0.494 | Val Acc: 80.37  |  Test Loss: 0.531 | Tes Acc: 80.95
INFO >> Epoch: 16  |  Layer:  3  |  Train Loss: 0.178 | Train Acc: 96.51  |  Val Loss: 0.385 | Val Acc: 84.11  |  Test Loss: 0.379 | Tes Acc: 88.10
INFO >> Epoch: 16  |  Layer:  4  |  Train Loss: 0.213 | Train Acc: 94.48  |  Val Loss: 0.339 | Val Acc: 85.05  |  Test Loss: 0.351 | Tes Acc: 91.67
INFO >> Epoch: 16  |  Layer:  5  |  Train Loss: 0.213 | Train Acc: 95.35  |  Val Loss: 0.336 | Val Acc: 85.05  |  Test Loss: 0.331 | Tes Acc: 91.67
INFO >> Epoch: 16  |  Layer:  6  |  Train Loss: 0.192 | Train Acc: 96.22  |  Val Loss: 0.339 | Val Acc: 85.05  |  Test Loss: 0.362 | Tes Acc: 91.67
INFO >> Epoch: 16  |  Layer:  7  |  Train Loss: 0.191 | Train Acc: 96.22  |  Val Loss: 0.299 | Val Acc: 87.85  |  Test Loss: 0.318 | Tes Acc: 90.48
INFO >> Epoch: 16  |  Layer:  8  |  Train Loss: 0.183 | Train Acc: 96.22  |  Val Loss: 0.341 | Val Acc: 83.18  |  Test Loss: 0.312 | Tes Acc: 92.86
INFO >> Epoch: 16  |  Layer:  9  |  Train Loss: 0.178 | Train Acc: 95.64  |  Val Loss: 0.374 | Val Acc: 86.92  |  Test Loss: 0.348 | Tes Acc: 86.90
INFO >> Epoch: 16  |  Layer: 10  |  Train Loss: 0.130 | Train Acc: 97.67  |  Val Loss: 0.236 | Val Acc: 93.46  |  Test Loss: 0.140 | Tes Acc: 98.81
INFO >> Epoch: 16  |  Layer: 11  |  Train Loss: 0.142 | Train Acc: 97.09  |  Val Loss: 0.230 | Val Acc: 93.46  |  Test Loss: 0.133 | Tes Acc: 98.81
INFO >> Epoch: 16  |  Layer: 12  |  Train Loss: 0.178 | Train Acc: 95.06  |  Val Loss: 0.300 | Val Acc: 89.72  |  Test Loss: 0.205 | Tes Acc: 94.05
INFO >> Epoch: 16  |  Layer: 13  |  Train Loss: 0.247 | Train Acc: 91.86  |  Val Loss: 0.312 | Val Acc: 88.79  |  Test Loss: 0.248 | Tes Acc: 95.24
INFO >> Epoch: 16  |  Layer: 14  |  Train Loss: 0.280 | Train Acc: 89.24  |  Val Loss: 0.386 | Val Acc: 85.98  |  Test Loss: 0.240 | Tes Acc: 97.62
INFO >> Epoch: 16  |  Layer: 15  |  Train Loss: 0.307 | Train Acc: 91.28  |  Val Loss: 0.363 | Val Acc: 85.98  |  Test Loss: 0.320 | Tes Acc: 91.67
INFO >> Epoch: 16  |  Layer: 16  |  Train Loss: 0.316 | Train Acc: 89.53  |  Val Loss: 0.318 | Val Acc: 90.65  |  Test Loss: 0.380 | Tes Acc: 90.48
INFO >> Epoch: 16  |  Layer: 17  |  Train Loss: 0.399 | Train Acc: 86.05  |  Val Loss: 0.371 | Val Acc: 85.98  |  Test Loss: 0.427 | Tes Acc: 90.48
INFO >> Epoch: 16  |  Layer: 18  |  Train Loss: 0.310 | Train Acc: 91.57  |  Val Loss: 0.412 | Val Acc: 85.98  |  Test Loss: 0.459 | Tes Acc: 88.10
INFO >> Epoch: 16  |  Layer: 19  |  Train Loss: 0.305 | Train Acc: 90.41  |  Val Loss: 0.526 | Val Acc: 77.57  |  Test Loss: 0.481 | Tes Acc: 88.10
INFO >> Epoch: 16  |  Layer: 20  |  Train Loss: 0.340 | Train Acc: 88.95  |  Val Loss: 0.493 | Val Acc: 78.50  |  Test Loss: 0.381 | Tes Acc: 90.48
INFO >> Epoch: 16  |  Layer: 21  |  Train Loss: 0.437 | Train Acc: 84.01  |  Val Loss: 0.532 | Val Acc: 79.44  |  Test Loss: 0.482 | Tes Acc: 84.52
INFO >> Epoch: 16  |  Layer: 22  |  Train Loss: 0.708 | Train Acc: 73.84  |  Val Loss: 0.658 | Val Acc: 71.96  |  Test Loss: 0.809 | Tes Acc: 69.05
INFO >> Epoch: 16  |  Layer: 23  |  Train Loss: 0.340 | Train Acc: 85.76  |  Val Loss: 0.489 | Val Acc: 74.77  |  Test Loss: 0.320 | Tes Acc: 82.14
INFO >> Epoch: 16  |  Layer: 24  |  Train Loss: 0.368 | Train Acc: 87.79  |  Val Loss: 0.813 | Val Acc: 68.22  |  Test Loss: 0.801 | Tes Acc: 76.19

INFO >> Epoch: 17  |  Layer:  1  |  Train Loss: 0.654 | Train Acc: 76.45  |  Val Loss: 0.629 | Val Acc: 81.31  |  Test Loss: 0.751 | Tes Acc: 78.57
INFO >> Epoch: 17  |  Layer:  2  |  Train Loss: 0.259 | Train Acc: 92.15  |  Val Loss: 0.441 | Val Acc: 85.05  |  Test Loss: 0.525 | Tes Acc: 80.95
INFO >> Epoch: 17  |  Layer:  3  |  Train Loss: 0.158 | Train Acc: 97.67  |  Val Loss: 0.344 | Val Acc: 89.72  |  Test Loss: 0.343 | Tes Acc: 89.29
INFO >> Epoch: 17  |  Layer:  4  |  Train Loss: 0.194 | Train Acc: 95.06  |  Val Loss: 0.307 | Val Acc: 91.59  |  Test Loss: 0.329 | Tes Acc: 90.48
INFO >> Epoch: 17  |  Layer:  5  |  Train Loss: 0.203 | Train Acc: 95.64  |  Val Loss: 0.317 | Val Acc: 87.85  |  Test Loss: 0.316 | Tes Acc: 92.86
INFO >> Epoch: 17  |  Layer:  6  |  Train Loss: 0.165 | Train Acc: 97.38  |  Val Loss: 0.252 | Val Acc: 88.79  |  Test Loss: 0.245 | Tes Acc: 95.24
INFO >> Epoch: 17  |  Layer:  7  |  Train Loss: 0.168 | Train Acc: 98.26  |  Val Loss: 0.281 | Val Acc: 87.85  |  Test Loss: 0.274 | Tes Acc: 94.05
INFO >> Epoch: 17  |  Layer:  8  |  Train Loss: 0.168 | Train Acc: 95.93  |  Val Loss: 0.301 | Val Acc: 85.05  |  Test Loss: 0.228 | Tes Acc: 95.24
INFO >> Epoch: 17  |  Layer:  9  |  Train Loss: 0.155 | Train Acc: 96.51  |  Val Loss: 0.253 | Val Acc: 89.72  |  Test Loss: 0.198 | Tes Acc: 98.81
INFO >> Epoch: 17  |  Layer: 10  |  Train Loss: 0.119 | Train Acc: 97.97  |  Val Loss: 0.223 | Val Acc: 89.72  |  Test Loss: 0.154 | Tes Acc: 96.43
INFO >> Epoch: 17  |  Layer: 11  |  Train Loss: 0.126 | Train Acc: 97.09  |  Val Loss: 0.284 | Val Acc: 92.52  |  Test Loss: 0.157 | Tes Acc: 96.43
INFO >> Epoch: 17  |  Layer: 12  |  Train Loss: 0.157 | Train Acc: 96.22  |  Val Loss: 0.298 | Val Acc: 87.85  |  Test Loss: 0.241 | Tes Acc: 92.86
INFO >> Epoch: 17  |  Layer: 13  |  Train Loss: 0.214 | Train Acc: 94.48  |  Val Loss: 0.396 | Val Acc: 83.18  |  Test Loss: 0.260 | Tes Acc: 94.05
INFO >> Epoch: 17  |  Layer: 14  |  Train Loss: 0.237 | Train Acc: 93.90  |  Val Loss: 0.403 | Val Acc: 86.92  |  Test Loss: 0.270 | Tes Acc: 91.67
INFO >> Epoch: 17  |  Layer: 15  |  Train Loss: 0.242 | Train Acc: 92.73  |  Val Loss: 0.361 | Val Acc: 90.65  |  Test Loss: 0.336 | Tes Acc: 91.67
INFO >> Epoch: 17  |  Layer: 16  |  Train Loss: 0.249 | Train Acc: 93.60  |  Val Loss: 0.312 | Val Acc: 87.85  |  Test Loss: 0.335 | Tes Acc: 91.67
INFO >> Epoch: 17  |  Layer: 17  |  Train Loss: 0.301 | Train Acc: 92.44  |  Val Loss: 0.365 | Val Acc: 87.85  |  Test Loss: 0.377 | Tes Acc: 91.67
INFO >> Epoch: 17  |  Layer: 18  |  Train Loss: 0.264 | Train Acc: 93.02  |  Val Loss: 0.337 | Val Acc: 89.72  |  Test Loss: 0.417 | Tes Acc: 88.10
INFO >> Epoch: 17  |  Layer: 19  |  Train Loss: 0.273 | Train Acc: 92.15  |  Val Loss: 0.415 | Val Acc: 83.18  |  Test Loss: 0.461 | Tes Acc: 85.71
INFO >> Epoch: 17  |  Layer: 20  |  Train Loss: 0.265 | Train Acc: 90.99  |  Val Loss: 0.413 | Val Acc: 83.18  |  Test Loss: 0.428 | Tes Acc: 86.90
INFO >> Epoch: 17  |  Layer: 21  |  Train Loss: 0.356 | Train Acc: 86.92  |  Val Loss: 0.468 | Val Acc: 83.18  |  Test Loss: 0.364 | Tes Acc: 90.48
INFO >> Epoch: 17  |  Layer: 22  |  Train Loss: 0.566 | Train Acc: 79.36  |  Val Loss: 0.533 | Val Acc: 81.31  |  Test Loss: 0.677 | Tes Acc: 72.62
INFO >> Epoch: 17  |  Layer: 23  |  Train Loss: 0.276 | Train Acc: 90.70  |  Val Loss: 0.416 | Val Acc: 83.18  |  Test Loss: 0.376 | Tes Acc: 85.71
INFO >> Epoch: 17  |  Layer: 24  |  Train Loss: 0.502 | Train Acc: 83.43  |  Val Loss: 0.500 | Val Acc: 79.44  |  Test Loss: 0.527 | Tes Acc: 79.76

INFO >> Epoch: 18  |  Layer:  1  |  Train Loss: 0.585 | Train Acc: 81.40  |  Val Loss: 0.625 | Val Acc: 75.70  |  Test Loss: 0.735 | Tes Acc: 71.43
INFO >> Epoch: 18  |  Layer:  2  |  Train Loss: 0.232 | Train Acc: 94.48  |  Val Loss: 0.446 | Val Acc: 79.44  |  Test Loss: 0.531 | Tes Acc: 75.00
INFO >> Epoch: 18  |  Layer:  3  |  Train Loss: 0.129 | Train Acc: 98.55  |  Val Loss: 0.340 | Val Acc: 85.05  |  Test Loss: 0.377 | Tes Acc: 88.10
INFO >> Epoch: 18  |  Layer:  4  |  Train Loss: 0.156 | Train Acc: 97.97  |  Val Loss: 0.314 | Val Acc: 87.85  |  Test Loss: 0.368 | Tes Acc: 86.90
INFO >> Epoch: 18  |  Layer:  5  |  Train Loss: 0.166 | Train Acc: 97.38  |  Val Loss: 0.307 | Val Acc: 87.85  |  Test Loss: 0.332 | Tes Acc: 88.10
INFO >> Epoch: 18  |  Layer:  6  |  Train Loss: 0.138 | Train Acc: 98.26  |  Val Loss: 0.263 | Val Acc: 89.72  |  Test Loss: 0.291 | Tes Acc: 91.67
INFO >> Epoch: 18  |  Layer:  7  |  Train Loss: 0.145 | Train Acc: 97.97  |  Val Loss: 0.294 | Val Acc: 85.98  |  Test Loss: 0.299 | Tes Acc: 90.48
INFO >> Epoch: 18  |  Layer:  8  |  Train Loss: 0.143 | Train Acc: 97.38  |  Val Loss: 0.308 | Val Acc: 85.05  |  Test Loss: 0.256 | Tes Acc: 91.67
INFO >> Epoch: 18  |  Layer:  9  |  Train Loss: 0.118 | Train Acc: 98.26  |  Val Loss: 0.267 | Val Acc: 86.92  |  Test Loss: 0.224 | Tes Acc: 92.86
INFO >> Epoch: 18  |  Layer: 10  |  Train Loss: 0.097 | Train Acc: 97.97  |  Val Loss: 0.249 | Val Acc: 86.92  |  Test Loss: 0.165 | Tes Acc: 96.43
INFO >> Epoch: 18  |  Layer: 11  |  Train Loss: 0.098 | Train Acc: 97.38  |  Val Loss: 0.242 | Val Acc: 87.85  |  Test Loss: 0.144 | Tes Acc: 97.62
INFO >> Epoch: 18  |  Layer: 12  |  Train Loss: 0.105 | Train Acc: 97.67  |  Val Loss: 0.193 | Val Acc: 93.46  |  Test Loss: 0.136 | Tes Acc: 96.43
INFO >> Epoch: 18  |  Layer: 13  |  Train Loss: 0.178 | Train Acc: 93.90  |  Val Loss: 0.330 | Val Acc: 84.11  |  Test Loss: 0.213 | Tes Acc: 96.43
INFO >> Epoch: 18  |  Layer: 14  |  Train Loss: 0.163 | Train Acc: 96.80  |  Val Loss: 0.309 | Val Acc: 87.85  |  Test Loss: 0.190 | Tes Acc: 97.62
INFO >> Epoch: 18  |  Layer: 15  |  Train Loss: 0.189 | Train Acc: 95.64  |  Val Loss: 0.296 | Val Acc: 85.98  |  Test Loss: 0.299 | Tes Acc: 86.90
INFO >> Epoch: 18  |  Layer: 16  |  Train Loss: 0.213 | Train Acc: 95.35  |  Val Loss: 0.283 | Val Acc: 89.72  |  Test Loss: 0.348 | Tes Acc: 89.29
INFO >> Epoch: 18  |  Layer: 17  |  Train Loss: 0.246 | Train Acc: 94.19  |  Val Loss: 0.331 | Val Acc: 85.05  |  Test Loss: 0.399 | Tes Acc: 86.90
INFO >> Epoch: 18  |  Layer: 18  |  Train Loss: 0.200 | Train Acc: 96.51  |  Val Loss: 0.318 | Val Acc: 85.98  |  Test Loss: 0.408 | Tes Acc: 89.29
INFO >> Epoch: 18  |  Layer: 19  |  Train Loss: 0.240 | Train Acc: 92.73  |  Val Loss: 0.430 | Val Acc: 82.24  |  Test Loss: 0.455 | Tes Acc: 83.33
INFO >> Epoch: 18  |  Layer: 20  |  Train Loss: 0.210 | Train Acc: 93.60  |  Val Loss: 0.386 | Val Acc: 82.24  |  Test Loss: 0.387 | Tes Acc: 86.90
INFO >> Epoch: 18  |  Layer: 21  |  Train Loss: 0.267 | Train Acc: 93.02  |  Val Loss: 0.406 | Val Acc: 81.31  |  Test Loss: 0.343 | Tes Acc: 94.05
INFO >> Epoch: 18  |  Layer: 22  |  Train Loss: 0.492 | Train Acc: 86.34  |  Val Loss: 0.413 | Val Acc: 89.72  |  Test Loss: 0.478 | Tes Acc: 88.10
INFO >> Epoch: 18  |  Layer: 23  |  Train Loss: 0.177 | Train Acc: 94.48  |  Val Loss: 0.477 | Val Acc: 74.77  |  Test Loss: 0.325 | Tes Acc: 84.52
INFO >> Epoch: 18  |  Layer: 24  |  Train Loss: 0.377 | Train Acc: 87.21  |  Val Loss: 0.606 | Val Acc: 72.90  |  Test Loss: 0.606 | Tes Acc: 71.43

INFO >> Epoch: 19  |  Layer:  1  |  Train Loss: 0.560 | Train Acc: 79.65  |  Val Loss: 0.613 | Val Acc: 81.31  |  Test Loss: 0.810 | Tes Acc: 69.05
INFO >> Epoch: 19  |  Layer:  2  |  Train Loss: 0.209 | Train Acc: 94.19  |  Val Loss: 0.405 | Val Acc: 82.24  |  Test Loss: 0.529 | Tes Acc: 78.57
INFO >> Epoch: 19  |  Layer:  3  |  Train Loss: 0.124 | Train Acc: 98.26  |  Val Loss: 0.322 | Val Acc: 86.92  |  Test Loss: 0.386 | Tes Acc: 86.90
INFO >> Epoch: 19  |  Layer:  4  |  Train Loss: 0.147 | Train Acc: 96.80  |  Val Loss: 0.280 | Val Acc: 88.79  |  Test Loss: 0.381 | Tes Acc: 84.52
INFO >> Epoch: 19  |  Layer:  5  |  Train Loss: 0.146 | Train Acc: 98.26  |  Val Loss: 0.275 | Val Acc: 89.72  |  Test Loss: 0.336 | Tes Acc: 88.10
INFO >> Epoch: 19  |  Layer:  6  |  Train Loss: 0.116 | Train Acc: 98.84  |  Val Loss: 0.223 | Val Acc: 89.72  |  Test Loss: 0.273 | Tes Acc: 88.10
INFO >> Epoch: 19  |  Layer:  7  |  Train Loss: 0.130 | Train Acc: 98.26  |  Val Loss: 0.244 | Val Acc: 88.79  |  Test Loss: 0.284 | Tes Acc: 94.05
INFO >> Epoch: 19  |  Layer:  8  |  Train Loss: 0.112 | Train Acc: 98.55  |  Val Loss: 0.241 | Val Acc: 87.85  |  Test Loss: 0.225 | Tes Acc: 95.24
INFO >> Epoch: 19  |  Layer:  9  |  Train Loss: 0.096 | Train Acc: 98.84  |  Val Loss: 0.236 | Val Acc: 88.79  |  Test Loss: 0.195 | Tes Acc: 95.24
INFO >> Epoch: 19  |  Layer: 10  |  Train Loss: 0.092 | Train Acc: 98.26  |  Val Loss: 0.257 | Val Acc: 85.98  |  Test Loss: 0.166 | Tes Acc: 96.43
INFO >> Epoch: 19  |  Layer: 11  |  Train Loss: 0.082 | Train Acc: 98.84  |  Val Loss: 0.256 | Val Acc: 91.59  |  Test Loss: 0.151 | Tes Acc: 97.62
INFO >> Epoch: 19  |  Layer: 12  |  Train Loss: 0.072 | Train Acc: 99.13  |  Val Loss: 0.243 | Val Acc: 93.46  |  Test Loss: 0.156 | Tes Acc: 97.62
INFO >> Epoch: 19  |  Layer: 13  |  Train Loss: 0.136 | Train Acc: 97.09  |  Val Loss: 0.223 | Val Acc: 91.59  |  Test Loss: 0.163 | Tes Acc: 96.43
INFO >> Epoch: 19  |  Layer: 14  |  Train Loss: 0.154 | Train Acc: 97.09  |  Val Loss: 0.327 | Val Acc: 87.85  |  Test Loss: 0.241 | Tes Acc: 95.24
INFO >> Epoch: 19  |  Layer: 15  |  Train Loss: 0.184 | Train Acc: 95.64  |  Val Loss: 0.281 | Val Acc: 85.98  |  Test Loss: 0.376 | Tes Acc: 85.71
INFO >> Epoch: 19  |  Layer: 16  |  Train Loss: 0.174 | Train Acc: 95.93  |  Val Loss: 0.218 | Val Acc: 89.72  |  Test Loss: 0.329 | Tes Acc: 88.10
INFO >> Epoch: 19  |  Layer: 17  |  Train Loss: 0.216 | Train Acc: 96.22  |  Val Loss: 0.318 | Val Acc: 87.85  |  Test Loss: 0.414 | Tes Acc: 85.71
INFO >> Epoch: 19  |  Layer: 18  |  Train Loss: 0.174 | Train Acc: 96.80  |  Val Loss: 0.251 | Val Acc: 90.65  |  Test Loss: 0.337 | Tes Acc: 91.67
INFO >> Epoch: 19  |  Layer: 19  |  Train Loss: 0.204 | Train Acc: 95.35  |  Val Loss: 0.312 | Val Acc: 90.65  |  Test Loss: 0.355 | Tes Acc: 89.29
INFO >> Epoch: 19  |  Layer: 20  |  Train Loss: 0.170 | Train Acc: 95.93  |  Val Loss: 0.244 | Val Acc: 89.72  |  Test Loss: 0.288 | Tes Acc: 91.67
INFO >> Epoch: 19  |  Layer: 21  |  Train Loss: 0.245 | Train Acc: 95.64  |  Val Loss: 0.391 | Val Acc: 86.92  |  Test Loss: 0.345 | Tes Acc: 92.86
INFO >> Epoch: 19  |  Layer: 22  |  Train Loss: 0.398 | Train Acc: 88.95  |  Val Loss: 0.397 | Val Acc: 90.65  |  Test Loss: 0.533 | Tes Acc: 86.90
INFO >> Epoch: 19  |  Layer: 23  |  Train Loss: 0.169 | Train Acc: 94.48  |  Val Loss: 0.399 | Val Acc: 82.24  |  Test Loss: 0.322 | Tes Acc: 89.29
INFO >> Epoch: 19  |  Layer: 24  |  Train Loss: 0.278 | Train Acc: 89.83  |  Val Loss: 0.336 | Val Acc: 84.11  |  Test Loss: 0.436 | Tes Acc: 80.95

INFO >> Epoch: 20  |  Layer:  1  |  Train Loss: 0.529 | Train Acc: 84.88  |  Val Loss: 0.632 | Val Acc: 75.70  |  Test Loss: 0.893 | Tes Acc: 67.86
INFO >> Epoch: 20  |  Layer:  2  |  Train Loss: 0.190 | Train Acc: 96.22  |  Val Loss: 0.435 | Val Acc: 84.11  |  Test Loss: 0.575 | Tes Acc: 75.00
INFO >> Epoch: 20  |  Layer:  3  |  Train Loss: 0.107 | Train Acc: 98.84  |  Val Loss: 0.369 | Val Acc: 85.05  |  Test Loss: 0.501 | Tes Acc: 79.76
INFO >> Epoch: 20  |  Layer:  4  |  Train Loss: 0.132 | Train Acc: 97.97  |  Val Loss: 0.306 | Val Acc: 85.98  |  Test Loss: 0.462 | Tes Acc: 82.14
INFO >> Epoch: 20  |  Layer:  5  |  Train Loss: 0.142 | Train Acc: 98.26  |  Val Loss: 0.267 | Val Acc: 89.72  |  Test Loss: 0.313 | Tes Acc: 88.10
INFO >> Epoch: 20  |  Layer:  6  |  Train Loss: 0.111 | Train Acc: 99.42  |  Val Loss: 0.221 | Val Acc: 90.65  |  Test Loss: 0.281 | Tes Acc: 88.10
INFO >> Epoch: 20  |  Layer:  7  |  Train Loss: 0.122 | Train Acc: 98.84  |  Val Loss: 0.211 | Val Acc: 89.72  |  Test Loss: 0.269 | Tes Acc: 91.67
INFO >> Epoch: 20  |  Layer:  8  |  Train Loss: 0.105 | Train Acc: 99.71  |  Val Loss: 0.244 | Val Acc: 88.79  |  Test Loss: 0.267 | Tes Acc: 90.48
INFO >> Epoch: 20  |  Layer:  9  |  Train Loss: 0.090 | Train Acc: 99.13  |  Val Loss: 0.194 | Val Acc: 90.65  |  Test Loss: 0.204 | Tes Acc: 95.24
INFO >> Epoch: 20  |  Layer: 10  |  Train Loss: 0.072 | Train Acc: 99.13  |  Val Loss: 0.207 | Val Acc: 89.72  |  Test Loss: 0.175 | Tes Acc: 95.24
INFO >> Epoch: 20  |  Layer: 11  |  Train Loss: 0.071 | Train Acc: 99.13  |  Val Loss: 0.238 | Val Acc: 91.59  |  Test Loss: 0.148 | Tes Acc: 95.24
INFO >> Epoch: 20  |  Layer: 12  |  Train Loss: 0.069 | Train Acc: 99.13  |  Val Loss: 0.180 | Val Acc: 93.46  |  Test Loss: 0.137 | Tes Acc: 97.62
INFO >> Epoch: 20  |  Layer: 13  |  Train Loss: 0.104 | Train Acc: 98.55  |  Val Loss: 0.279 | Val Acc: 93.46  |  Test Loss: 0.216 | Tes Acc: 94.05
INFO >> Epoch: 20  |  Layer: 14  |  Train Loss: 0.136 | Train Acc: 97.97  |  Val Loss: 0.298 | Val Acc: 91.59  |  Test Loss: 0.191 | Tes Acc: 96.43
INFO >> Epoch: 20  |  Layer: 15  |  Train Loss: 0.168 | Train Acc: 95.64  |  Val Loss: 0.314 | Val Acc: 87.85  |  Test Loss: 0.336 | Tes Acc: 89.29
INFO >> Epoch: 20  |  Layer: 16  |  Train Loss: 0.157 | Train Acc: 97.09  |  Val Loss: 0.282 | Val Acc: 86.92  |  Test Loss: 0.335 | Tes Acc: 86.90
INFO >> Epoch: 20  |  Layer: 17  |  Train Loss: 0.211 | Train Acc: 93.90  |  Val Loss: 0.289 | Val Acc: 88.79  |  Test Loss: 0.341 | Tes Acc: 86.90
INFO >> Epoch: 20  |  Layer: 18  |  Train Loss: 0.172 | Train Acc: 95.06  |  Val Loss: 0.264 | Val Acc: 88.79  |  Test Loss: 0.335 | Tes Acc: 89.29
INFO >> Epoch: 20  |  Layer: 19  |  Train Loss: 0.165 | Train Acc: 96.22  |  Val Loss: 0.331 | Val Acc: 87.85  |  Test Loss: 0.341 | Tes Acc: 94.05
INFO >> Epoch: 20  |  Layer: 20  |  Train Loss: 0.157 | Train Acc: 96.51  |  Val Loss: 0.291 | Val Acc: 85.98  |  Test Loss: 0.350 | Tes Acc: 84.52
INFO >> Epoch: 20  |  Layer: 21  |  Train Loss: 0.254 | Train Acc: 93.90  |  Val Loss: 0.411 | Val Acc: 84.11  |  Test Loss: 0.350 | Tes Acc: 89.29
INFO >> Epoch: 20  |  Layer: 22  |  Train Loss: 0.382 | Train Acc: 91.28  |  Val Loss: 0.390 | Val Acc: 88.79  |  Test Loss: 0.549 | Tes Acc: 85.71
INFO >> Epoch: 20  |  Layer: 23  |  Train Loss: 0.122 | Train Acc: 98.84  |  Val Loss: 0.262 | Val Acc: 88.79  |  Test Loss: 0.169 | Tes Acc: 97.62
INFO >> Epoch: 20  |  Layer: 24  |  Train Loss: 0.240 | Train Acc: 92.44  |  Val Loss: 0.351 | Val Acc: 84.11  |  Test Loss: 0.343 | Tes Acc: 86.90



INFO >> Time Taken: 04:15

INFO >> Layer: 1  |  Best Val Acc: 81.31  |  Best Test Acc: 78.57
INFO >> Layer: 2  |  Best Val Acc: 85.98  |  Best Test Acc: 77.38
INFO >> Layer: 3  |  Best Val Acc: 89.72  |  Best Test Acc: 89.29
INFO >> Layer: 4  |  Best Val Acc: 91.59  |  Best Test Acc: 90.48
INFO >> Layer: 5  |  Best Val Acc: 90.65  |  Best Test Acc: 88.10
INFO >> Layer: 6  |  Best Val Acc: 91.59  |  Best Test Acc: 90.48
INFO >> Layer: 7  |  Best Val Acc: 91.59  |  Best Test Acc: 90.48
INFO >> Layer: 8  |  Best Val Acc: 88.79  |  Best Test Acc: 90.48
INFO >> Layer: 9  |  Best Val Acc: 90.65  |  Best Test Acc: 91.67
INFO >> Layer: 10  |  Best Val Acc: 96.26  |  Best Test Acc: 97.62
INFO >> Layer: 11  |  Best Val Acc: 93.46  |  Best Test Acc: 98.81
INFO >> Layer: 12  |  Best Val Acc: 93.46  |  Best Test Acc: 94.05
INFO >> Layer: 13  |  Best Val Acc: 93.46  |  Best Test Acc: 94.05
INFO >> Layer: 14  |  Best Val Acc: 91.59  |  Best Test Acc: 96.43
INFO >> Layer: 15  |  Best Val Acc: 90.65  |  Best Test Acc: 91.67
INFO >> Layer: 16  |  Best Val Acc: 90.65  |  Best Test Acc: 90.48
INFO >> Layer: 17  |  Best Val Acc: 91.59  |  Best Test Acc: 94.05
INFO >> Layer: 18  |  Best Val Acc: 90.65  |  Best Test Acc: 82.14
INFO >> Layer: 19  |  Best Val Acc: 90.65  |  Best Test Acc: 89.29
INFO >> Layer: 20  |  Best Val Acc: 89.72  |  Best Test Acc: 91.67
INFO >> Layer: 21  |  Best Val Acc: 86.92  |  Best Test Acc: 92.86
INFO >> Layer: 22  |  Best Val Acc: 90.65  |  Best Test Acc: 86.90
INFO >> Layer: 23  |  Best Val Acc: 89.72  |  Best Test Acc: 89.29
INFO >> Layer: 24  |  Best Val Acc: 85.05  |  Best Test Acc: 83.33

DEBUG >> Last state saved

INFO >> History saved (./history/v1.3/EmoDB/HUBERT_LARGE_PROBING/Run1/history.pt)
