
--------------------------------------------------
Multilingual SER System v1.2
--------------------------------------------------
Run Name      : Run2
Fx Model      : HUBERT_LARGE
Clf Model     : DENSE
Extract Mode  : gpu_memory
Dataset       : CaFE
Device        : gpu
Epochs        : 20
Num Workers   : 2
Data Dir      : ./data
History Dir   : ./history
Weights Dir   : ./weights
Log Level     : debug
Purge Cache   : False
Job Name      : Job102
Job Id        : 30684215
GPU           : Quadro RTX 8000
GPU Count     : 1

Timestamp : 2023-03-02 05:54:33.321234

INFO >> Running on CUDA


INFO >> Training Classifier

INFO >> Epoch: 1 |   Train Loss: 2.029 | Train Acc: 20.15 |   Val Loss: 1.908 | Val Acc: 19.87 |   Test Loss: 1.871 | Tes Acc: 20.51
DEBUG >> Best state saved | Val Acc 19.871795177459717 | Test Acc 20.512820780277252

INFO >> Epoch: 2 |   Train Loss: 1.813 | Train Acc: 22.71 |   Val Loss: 1.879 | Val Acc: 20.51 |   Test Loss: 1.816 | Tes Acc: 18.38
DEBUG >> Best state saved | Val Acc 20.512820780277252 | Test Acc 18.376068770885468

INFO >> Epoch: 3 |   Train Loss: 1.736 | Train Acc: 29.67 |   Val Loss: 1.779 | Val Acc: 28.21 |   Test Loss: 1.677 | Tes Acc: 27.35
DEBUG >> Best state saved | Val Acc 28.205129504203796 | Test Acc 27.350428700447083

INFO >> Epoch: 4 |   Train Loss: 1.601 | Train Acc: 37.18 |   Val Loss: 1.706 | Val Acc: 35.26 |   Test Loss: 1.603 | Tes Acc: 34.62
DEBUG >> Best state saved | Val Acc 35.256409645080566 | Test Acc 34.61538553237915

INFO >> Epoch: 5 |   Train Loss: 1.403 | Train Acc: 45.24 |   Val Loss: 1.494 | Val Acc: 46.15 |   Test Loss: 1.197 | Tes Acc: 61.11
DEBUG >> Best state saved | Val Acc 46.15384638309479 | Test Acc 61.11111044883728

INFO >> Epoch: 6 |   Train Loss: 1.236 | Train Acc: 55.13 |   Val Loss: 1.589 | Val Acc: 37.18 |   Test Loss: 1.515 | Tes Acc: 39.74
INFO >> Epoch: 7 |   Train Loss: 1.088 | Train Acc: 59.34 |   Val Loss: 1.286 | Val Acc: 55.13 |   Test Loss: 0.940 | Tes Acc: 66.67
DEBUG >> Best state saved | Val Acc 55.12820482254028 | Test Acc 66.66666865348816

INFO >> Epoch: 8 |   Train Loss: 0.896 | Train Acc: 67.95 |   Val Loss: 1.690 | Val Acc: 42.31 |   Test Loss: 0.925 | Tes Acc: 61.54
INFO >> Epoch: 9 |   Train Loss: 0.768 | Train Acc: 70.33 |   Val Loss: 1.255 | Val Acc: 57.69 |   Test Loss: 0.749 | Tes Acc: 73.93
DEBUG >> Best state saved | Val Acc 57.692307233810425 | Test Acc 73.93162250518799

INFO >> Epoch: 10 |   Train Loss: 0.636 | Train Acc: 78.75 |   Val Loss: 2.149 | Val Acc: 41.67 |   Test Loss: 1.032 | Tes Acc: 61.11
INFO >> Epoch: 11 |   Train Loss: 0.866 | Train Acc: 68.13 |   Val Loss: 1.573 | Val Acc: 48.08 |   Test Loss: 0.887 | Tes Acc: 67.95
INFO >> Epoch: 12 |   Train Loss: 0.558 | Train Acc: 82.23 |   Val Loss: 1.384 | Val Acc: 53.85 |   Test Loss: 0.762 | Tes Acc: 72.65
INFO >> Epoch: 13 |   Train Loss: 0.533 | Train Acc: 86.63 |   Val Loss: 1.708 | Val Acc: 50.00 |   Test Loss: 0.916 | Tes Acc: 66.67
INFO >> Epoch: 14 |   Train Loss: 0.967 | Train Acc: 69.23 |   Val Loss: 1.890 | Val Acc: 42.31 |   Test Loss: 0.955 | Tes Acc: 60.68
INFO >> Epoch: 15 |   Train Loss: 0.547 | Train Acc: 81.32 |   Val Loss: 1.437 | Val Acc: 50.64 |   Test Loss: 0.816 | Tes Acc: 67.95
INFO >> Epoch: 16 |   Train Loss: 0.421 | Train Acc: 85.53 |   Val Loss: 1.407 | Val Acc: 55.77 |   Test Loss: 0.739 | Tes Acc: 70.09
INFO >> Epoch: 17 |   Train Loss: 0.366 | Train Acc: 87.18 |   Val Loss: 1.736 | Val Acc: 52.56 |   Test Loss: 0.688 | Tes Acc: 73.50
INFO >> Epoch: 18 |   Train Loss: 0.219 | Train Acc: 94.14 |   Val Loss: 1.539 | Val Acc: 57.05 |   Test Loss: 1.029 | Tes Acc: 66.67
INFO >> Epoch: 19 |   Train Loss: 0.219 | Train Acc: 92.31 |   Val Loss: 1.729 | Val Acc: 57.05 |   Test Loss: 0.818 | Tes Acc: 75.21
INFO >> Epoch: 20 |   Train Loss: 0.232 | Train Acc: 93.04 |   Val Loss: 1.832 | Val Acc: 56.41 |   Test Loss: 0.718 | Tes Acc: 75.64


INFO >> Time Taken: 11:37

INFO >> Best Val Acc : 57.692307233810425 | Best Test Acc : 73.93162250518799

INFO >> Agg. Weights : 
-0.03351786360144615 -0.20882360637187958 0.03988322615623474 -0.03628718852996826 -0.24725863337516785 0.11006253957748413 0.22575223445892334 -0.08302664011716843 -0.01045230682939291 0.07955185323953629 -0.1297415941953659 0.2356177121400833 0.07861239463090897 0.09947123378515244 -0.13474975526332855 -0.04160521551966667 0.20577934384346008 0.12888063490390778 -0.10035756975412369 -0.02752758376300335 0.19430206716060638 0.18425126373767853 0.19522789120674133 0.11785521358251572

DEBUG >> Last state saved | Val Acc 56.41025900840759 | Test Acc 75.64102411270142

INFO >> History saved (./history/v1.2/CaFE/HUBERT_LARGE_DENSE/Run2/history.pt)
