
--------------------------------------------------
Multilingual SER System v1.2
--------------------------------------------------
Run Name      : Run2
Fx Model      : WAV2VEC2_LARGE
Clf Model     : DENSE
Extract Mode  : gpu_memory
Dataset       : IEMOCAP
Device        : gpu
Epochs        : 20
Num Workers   : 2
Data Dir      : ./data
History Dir   : ./history
Weights Dir   : ./weights
Log Level     : debug
Purge Cache   : False
Job Name      : Job10
Job Id        : 30659182
GPU           : Quadro RTX 8000
GPU Count     : 1

Timestamp : 2023-03-01 04:50:17.354260

INFO >> Running on CUDA


INFO >> Training Classifier

INFO >> Epoch: 1 |   Train Loss: 1.159 | Train Acc: 47.06 |   Val Loss: 0.979 | Val Acc: 55.82 |   Test Loss: 1.052 | Tes Acc: 54.55
DEBUG >> Best state saved | Val Acc 55.82329034805298 | Test Acc 54.54545617103577

INFO >> Epoch: 2 |   Train Loss: 0.917 | Train Acc: 60.83 |   Val Loss: 0.795 | Val Acc: 65.16 |   Test Loss: 1.048 | Tes Acc: 57.66
DEBUG >> Best state saved | Val Acc 65.16064405441284 | Test Acc 57.66488313674927

INFO >> Epoch: 3 |   Train Loss: 0.814 | Train Acc: 65.43 |   Val Loss: 0.768 | Val Acc: 66.57 |   Test Loss: 0.995 | Tes Acc: 62.30
DEBUG >> Best state saved | Val Acc 66.56626462936401 | Test Acc 62.299466133117676

INFO >> Epoch: 4 |   Train Loss: 0.746 | Train Acc: 69.70 |   Val Loss: 0.720 | Val Acc: 69.98 |   Test Loss: 1.003 | Tes Acc: 65.86
DEBUG >> Best state saved | Val Acc 69.97991800308228 | Test Acc 65.86452722549438

INFO >> Epoch: 5 |   Train Loss: 0.681 | Train Acc: 72.96 |   Val Loss: 0.677 | Val Acc: 69.48 |   Test Loss: 0.980 | Tes Acc: 65.42
INFO >> Epoch: 6 |   Train Loss: 0.614 | Train Acc: 75.80 |   Val Loss: 0.764 | Val Acc: 68.37 |   Test Loss: 0.901 | Tes Acc: 67.38
INFO >> Epoch: 7 |   Train Loss: 0.575 | Train Acc: 76.88 |   Val Loss: 0.659 | Val Acc: 70.58 |   Test Loss: 1.032 | Tes Acc: 66.58
DEBUG >> Best state saved | Val Acc 70.5823302268982 | Test Acc 66.57754182815552

INFO >> Epoch: 8 |   Train Loss: 0.511 | Train Acc: 79.29 |   Val Loss: 0.685 | Val Acc: 71.29 |   Test Loss: 1.033 | Tes Acc: 66.13
DEBUG >> Best state saved | Val Acc 71.28514051437378 | Test Acc 66.13190770149231

INFO >> Epoch: 9 |   Train Loss: 0.489 | Train Acc: 80.19 |   Val Loss: 0.633 | Val Acc: 74.30 |   Test Loss: 1.051 | Tes Acc: 66.49
DEBUG >> Best state saved | Val Acc 74.29718971252441 | Test Acc 66.48841500282288

INFO >> Epoch: 10 |   Train Loss: 0.445 | Train Acc: 82.33 |   Val Loss: 0.665 | Val Acc: 72.09 |   Test Loss: 1.151 | Tes Acc: 64.88
INFO >> Epoch: 11 |   Train Loss: 0.393 | Train Acc: 84.44 |   Val Loss: 0.694 | Val Acc: 73.69 |   Test Loss: 1.168 | Tes Acc: 67.29
INFO >> Epoch: 12 |   Train Loss: 0.357 | Train Acc: 86.29 |   Val Loss: 0.789 | Val Acc: 70.98 |   Test Loss: 1.120 | Tes Acc: 67.20
INFO >> Epoch: 13 |   Train Loss: 0.344 | Train Acc: 86.61 |   Val Loss: 0.791 | Val Acc: 72.09 |   Test Loss: 1.119 | Tes Acc: 68.27
INFO >> Epoch: 14 |   Train Loss: 0.293 | Train Acc: 89.07 |   Val Loss: 0.820 | Val Acc: 71.89 |   Test Loss: 1.279 | Tes Acc: 65.15
INFO >> Epoch: 15 |   Train Loss: 0.279 | Train Acc: 89.39 |   Val Loss: 0.813 | Val Acc: 73.69 |   Test Loss: 1.287 | Tes Acc: 69.43
INFO >> Epoch: 16 |   Train Loss: 0.232 | Train Acc: 91.24 |   Val Loss: 1.028 | Val Acc: 71.89 |   Test Loss: 1.310 | Tes Acc: 67.47
INFO >> Epoch: 17 |   Train Loss: 0.220 | Train Acc: 91.65 |   Val Loss: 0.899 | Val Acc: 73.29 |   Test Loss: 1.744 | Tes Acc: 65.15
INFO >> Epoch: 18 |   Train Loss: 0.218 | Train Acc: 91.53 |   Val Loss: 0.957 | Val Acc: 71.59 |   Test Loss: 1.524 | Tes Acc: 68.09
INFO >> Epoch: 19 |   Train Loss: 0.173 | Train Acc: 93.96 |   Val Loss: 1.112 | Val Acc: 70.48 |   Test Loss: 1.521 | Tes Acc: 67.38
INFO >> Epoch: 20 |   Train Loss: 0.164 | Train Acc: 93.79 |   Val Loss: 1.017 | Val Acc: 72.89 |   Test Loss: 1.820 | Tes Acc: 68.27


INFO >> Time Taken: 2:09:01

INFO >> Best Val Acc : 74.29718971252441 | Best Test Acc : 66.48841500282288

INFO >> Agg. Weights : 
-0.12365642935037613 0.1512807160615921 0.07160050421953201 -0.5175433158874512 -0.05940510705113411 -0.2117171436548233 0.15770459175109863 0.30326464772224426 -0.21707898378372192 -0.6306126117706299 -0.5010996460914612 -0.5151676535606384 -0.7874446511268616 -0.6812527179718018 -0.6141906380653381 -0.44426363706588745 -0.42667484283447266 -0.26498356461524963 0.2635962963104248 -0.016019461676478386 -0.13723276555538177 0.14052501320838928 0.02030300907790661 -0.03489671275019646

DEBUG >> Last state saved | Val Acc 72.89156913757324 | Test Acc 68.27094554901123

INFO >> History saved (./history/v1.2/IEMOCAP/WAV2VEC2_LARGE_DENSE/Run2/history.pt)
