
--------------------------------------------------
Multilingual SER System v1.1
--------------------------------------------------
Run Name      : Run1
Model         : WAV2VEC2_LARGE_XLSR300M
Extract Mode  : memory
Device        : gpu
Dataset       : EmoDB
Epochs        : 20
Num Workers   : 2
Data Dir      : ./data
History Dir   : ./history
Weights Dir   : ./weights
Log Level     : debug
Purge Cache   : False
Job Name      : Job22
Job Id        : 30593545

Timestamp : 2023-02-27 20:29:54.895316

INFO >> Running on CUDA


INFO >> Training Classifier

DEBUG >> Best state saved | Val Acc 33.6448609828949 | Test Acc 36.9047611951828

INFO >> Epoch: 1 |   Train Loss: 2.579 | Train Acc: 18.02 |   Val Loss: 1.884 | Val Acc: 33.64 |   Test Loss: 1.841 | Tes Acc: 36.90
INFO >> Epoch: 2 |   Train Loss: 1.887 | Train Acc: 25.58 |   Val Loss: 1.842 | Val Acc: 25.23 |   Test Loss: 1.760 | Tes Acc: 29.76
INFO >> Epoch: 3 |   Train Loss: 1.800 | Train Acc: 24.42 |   Val Loss: 1.679 | Val Acc: 29.91 |   Test Loss: 1.597 | Tes Acc: 30.95
DEBUG >> Best state saved | Val Acc 40.186914801597595 | Test Acc 42.85714328289032

INFO >> Epoch: 4 |   Train Loss: 1.609 | Train Acc: 36.05 |   Val Loss: 1.444 | Val Acc: 40.19 |   Test Loss: 1.465 | Tes Acc: 42.86
DEBUG >> Best state saved | Val Acc 50.46728849411011 | Test Acc 46.42857015132904

INFO >> Epoch: 5 |   Train Loss: 1.410 | Train Acc: 46.80 |   Val Loss: 1.227 | Val Acc: 50.47 |   Test Loss: 1.351 | Tes Acc: 46.43
DEBUG >> Best state saved | Val Acc 54.20560836791992 | Test Acc 65.47619104385376

INFO >> Epoch: 6 |   Train Loss: 1.240 | Train Acc: 51.45 |   Val Loss: 1.179 | Val Acc: 54.21 |   Test Loss: 1.140 | Tes Acc: 65.48
DEBUG >> Best state saved | Val Acc 72.89719581604004 | Test Acc 69.04761791229248

INFO >> Epoch: 7 |   Train Loss: 1.004 | Train Acc: 62.21 |   Val Loss: 0.891 | Val Acc: 72.90 |   Test Loss: 1.009 | Tes Acc: 69.05
DEBUG >> Best state saved | Val Acc 73.83177280426025 | Test Acc 58.33333134651184

INFO >> Epoch: 8 |   Train Loss: 0.907 | Train Acc: 63.95 |   Val Loss: 0.799 | Val Acc: 73.83 |   Test Loss: 0.989 | Tes Acc: 58.33
DEBUG >> Best state saved | Val Acc 75.70093274116516 | Test Acc 72.6190447807312

INFO >> Epoch: 9 |   Train Loss: 0.710 | Train Acc: 76.16 |   Val Loss: 0.724 | Val Acc: 75.70 |   Test Loss: 0.813 | Tes Acc: 72.62
INFO >> Epoch: 10 |   Train Loss: 0.711 | Train Acc: 71.51 |   Val Loss: 0.913 | Val Acc: 52.34 |   Test Loss: 0.981 | Tes Acc: 55.95
INFO >> Epoch: 11 |   Train Loss: 0.592 | Train Acc: 75.00 |   Val Loss: 0.730 | Val Acc: 75.70 |   Test Loss: 0.848 | Tes Acc: 72.62
DEBUG >> Best state saved | Val Acc 78.50467562675476 | Test Acc 76.1904776096344

INFO >> Epoch: 12 |   Train Loss: 0.525 | Train Acc: 81.10 |   Val Loss: 0.529 | Val Acc: 78.50 |   Test Loss: 0.629 | Tes Acc: 76.19
INFO >> Epoch: 13 |   Train Loss: 0.396 | Train Acc: 87.50 |   Val Loss: 0.568 | Val Acc: 73.83 |   Test Loss: 0.684 | Tes Acc: 75.00
DEBUG >> Best state saved | Val Acc 79.43925261497498 | Test Acc 78.57142686843872

INFO >> Epoch: 14 |   Train Loss: 0.319 | Train Acc: 91.28 |   Val Loss: 0.424 | Val Acc: 79.44 |   Test Loss: 0.519 | Tes Acc: 78.57
DEBUG >> Best state saved | Val Acc 93.45794320106506 | Test Acc 83.33333134651184

INFO >> Epoch: 15 |   Train Loss: 0.290 | Train Acc: 88.95 |   Val Loss: 0.295 | Val Acc: 93.46 |   Test Loss: 0.449 | Tes Acc: 83.33
INFO >> Epoch: 16 |   Train Loss: 0.220 | Train Acc: 93.60 |   Val Loss: 0.262 | Val Acc: 92.52 |   Test Loss: 0.361 | Tes Acc: 85.71
INFO >> Epoch: 17 |   Train Loss: 0.181 | Train Acc: 93.90 |   Val Loss: 0.239 | Val Acc: 90.65 |   Test Loss: 0.315 | Tes Acc: 86.90
INFO >> Epoch: 18 |   Train Loss: 0.135 | Train Acc: 95.93 |   Val Loss: 0.295 | Val Acc: 85.98 |   Test Loss: 0.355 | Tes Acc: 86.90
INFO >> Epoch: 19 |   Train Loss: 0.109 | Train Acc: 97.97 |   Val Loss: 0.454 | Val Acc: 77.57 |   Test Loss: 0.507 | Tes Acc: 84.52
INFO >> Epoch: 20 |   Train Loss: 0.118 | Train Acc: 96.51 |   Val Loss: 0.295 | Val Acc: 93.46 |   Test Loss: 0.377 | Tes Acc: 85.71


INFO >> Time Taken: 2:03:40

INFO >> Best Val Acc : 93.45794320106506 | Best Test A : 83.33333134651184

INFO >> Agg. Weights : 
0.06646101921796799 0.20069566369056702 -0.06706079840660095 0.22314029932022095 0.32143065333366394 0.07998388260602951 0.28661778569221497 0.11617623269557953 0.2392800748348236 0.36246687173843384 0.07655035704374313 0.3139778673648834 0.022188376635313034 0.33477166295051575 0.26574262976646423 0.1238119974732399 -0.013429277576506138 0.13188841938972473 0.31600528955459595 0.26531389355659485 -0.05875086784362793 0.09269988536834717 0.16170760989189148 0.1387384533882141

DEBUG >> Last state saved | Val Acc 93.45794320106506 | Test Acc 85.71428656578064

INFO >> History saved (./history/v1.1/EmoDB/WAV2VEC2_LARGE_XLSR300M/Run1/history.pt)
