
--------------------------------------------------
Multilingual SER System v1.1
--------------------------------------------------
Run Name      : Run4
Model         : GE2E
Extract Mode  : disk
Device        : gpu
Dataset       : EmoDB
Epochs        : 20
Data Dir      : ./data
History Dir   : ./history
Weights Dir   : ./weights
Log Level     : debug
Purge Cache   : False

Timestamp : 2023-02-27 02:21:25.061770

INFO >> Running on CUDA

INFO >> Waiting for other process to finish processing
INFO >> Feature cache found for train split
INFO >> Feature cache found for test split
INFO >> Feature cache found for validation split

INFO >> Training Classifier

DEBUG >> Best state saved | Val Acc 24.29906576871872 | Test Acc 30.95238208770752

INFO >> Epoch: 1 |   Train Loss: 1.942 | Train Acc: 18.60 |   Val Loss: 1.916 | Val Acc: 24.30 |   Test Loss: 1.848 | Tes Acc: 30.95
INFO >> Epoch: 2 |   Train Loss: 1.928 | Train Acc: 21.80 |   Val Loss: 1.927 | Val Acc: 24.30 |   Test Loss: 1.841 | Tes Acc: 30.95
INFO >> Epoch: 3 |   Train Loss: 1.914 | Train Acc: 21.80 |   Val Loss: 1.929 | Val Acc: 24.30 |   Test Loss: 1.863 | Tes Acc: 30.95
INFO >> Epoch: 4 |   Train Loss: 1.916 | Train Acc: 21.80 |   Val Loss: 1.918 | Val Acc: 24.30 |   Test Loss: 1.866 | Tes Acc: 30.95
INFO >> Epoch: 5 |   Train Loss: 1.917 | Train Acc: 21.80 |   Val Loss: 1.916 | Val Acc: 24.30 |   Test Loss: 1.860 | Tes Acc: 30.95
INFO >> Epoch: 6 |   Train Loss: 1.917 | Train Acc: 21.80 |   Val Loss: 1.915 | Val Acc: 24.30 |   Test Loss: 1.849 | Tes Acc: 30.95
INFO >> Epoch: 7 |   Train Loss: 1.916 | Train Acc: 21.80 |   Val Loss: 1.924 | Val Acc: 24.30 |   Test Loss: 1.855 | Tes Acc: 30.95
INFO >> Epoch: 8 |   Train Loss: 1.915 | Train Acc: 21.80 |   Val Loss: 1.919 | Val Acc: 24.30 |   Test Loss: 1.857 | Tes Acc: 30.95
INFO >> Epoch: 9 |   Train Loss: 1.914 | Train Acc: 21.80 |   Val Loss: 1.918 | Val Acc: 24.30 |   Test Loss: 1.857 | Tes Acc: 30.95
INFO >> Epoch: 10 |   Train Loss: 1.915 | Train Acc: 21.80 |   Val Loss: 1.928 | Val Acc: 24.30 |   Test Loss: 1.851 | Tes Acc: 30.95
INFO >> Epoch: 11 |   Train Loss: 1.917 | Train Acc: 21.80 |   Val Loss: 1.924 | Val Acc: 24.30 |   Test Loss: 1.858 | Tes Acc: 30.95
INFO >> Epoch: 12 |   Train Loss: 1.914 | Train Acc: 21.80 |   Val Loss: 1.923 | Val Acc: 24.30 |   Test Loss: 1.859 | Tes Acc: 30.95
INFO >> Epoch: 13 |   Train Loss: 1.915 | Train Acc: 21.80 |   Val Loss: 1.912 | Val Acc: 24.30 |   Test Loss: 1.849 | Tes Acc: 30.95
INFO >> Epoch: 14 |   Train Loss: 1.921 | Train Acc: 21.80 |   Val Loss: 1.921 | Val Acc: 24.30 |   Test Loss: 1.849 | Tes Acc: 30.95
INFO >> Epoch: 15 |   Train Loss: 1.918 | Train Acc: 21.80 |   Val Loss: 1.928 | Val Acc: 24.30 |   Test Loss: 1.872 | Tes Acc: 30.95
INFO >> Epoch: 16 |   Train Loss: 1.916 | Train Acc: 21.80 |   Val Loss: 1.916 | Val Acc: 24.30 |   Test Loss: 1.857 | Tes Acc: 30.95
INFO >> Epoch: 17 |   Train Loss: 1.917 | Train Acc: 21.80 |   Val Loss: 1.920 | Val Acc: 24.30 |   Test Loss: 1.853 | Tes Acc: 30.95
INFO >> Epoch: 18 |   Train Loss: 1.914 | Train Acc: 21.80 |   Val Loss: 1.919 | Val Acc: 24.30 |   Test Loss: 1.849 | Tes Acc: 30.95
INFO >> Epoch: 19 |   Train Loss: 1.918 | Train Acc: 21.80 |   Val Loss: 1.923 | Val Acc: 24.30 |   Test Loss: 1.852 | Tes Acc: 30.95
INFO >> Epoch: 20 |   Train Loss: 1.917 | Train Acc: 21.80 |   Val Loss: 1.915 | Val Acc: 24.30 |   Test Loss: 1.854 | Tes Acc: 30.95


INFO >> Time Taken: 00:23

INFO >> Best Val Acc : 24.29906576871872 | Best Test A : 30.95238208770752

DEBUG >> Last state saved | Val Acc 24.29906576871872 | Test Acc 30.95238208770752

INFO >> History saved (./history/v1.1/EmoDB/GE2E/Run4/history.pt)
