
--------------------------------------------------
Multilingual SER System v1.5
--------------------------------------------------
Run Name      : Run1
Fx Model      : WAV2VEC2_BASE
Clf Model     : CM_PROBING_LINEAR
Extract Mode  : gpu_memory
Dataset       : IEMOCAP
Device        : gpu
Epochs        : 30
Num Workers   : 3
Data Dir      : ./data
History Dir   : ./history
Weights Dir   : ./weights
Log Level     : debug
Purge Cache   : False
Job Name      : Job25
Job Id        : 31668371
GPU           : Quadro RTX 8000
GPU Count     : 1
GPU Memory    : 44.49 GB

Timestamp : 2023-04-06 01:52:39.701903

INFO >> Running on CUDA


INFO >> Training Classifier

INFO >> Epoch: 1  |  Layer: 01  |  Train Loss: 1.277 | Train Acc: 39.38  |  Val Loss: 1.147 | Val Acc: 42.87  |  Test Loss: 1.230 | Tes Acc: 37.61
INFO >> Epoch: 1  |  Layer: 02  |  Train Loss: 1.279 | Train Acc: 39.47  |  Val Loss: 1.138 | Val Acc: 45.78  |  Test Loss: 1.197 | Tes Acc: 43.40
INFO >> Epoch: 1  |  Layer: 03  |  Train Loss: 1.283 | Train Acc: 38.65  |  Val Loss: 1.137 | Val Acc: 46.08  |  Test Loss: 1.202 | Tes Acc: 43.05
INFO >> Epoch: 1  |  Layer: 04  |  Train Loss: 1.279 | Train Acc: 39.23  |  Val Loss: 1.143 | Val Acc: 46.59  |  Test Loss: 1.187 | Tes Acc: 45.81
INFO >> Epoch: 1  |  Layer: 05  |  Train Loss: 1.288 | Train Acc: 39.17  |  Val Loss: 1.142 | Val Acc: 48.80  |  Test Loss: 1.190 | Tes Acc: 46.43
INFO >> Epoch: 1  |  Layer: 06  |  Train Loss: 1.300 | Train Acc: 38.27  |  Val Loss: 1.158 | Val Acc: 47.39  |  Test Loss: 1.192 | Tes Acc: 45.99
INFO >> Epoch: 1  |  Layer: 07  |  Train Loss: 1.294 | Train Acc: 38.21  |  Val Loss: 1.150 | Val Acc: 47.49  |  Test Loss: 1.181 | Tes Acc: 48.31
INFO >> Epoch: 1  |  Layer: 08  |  Train Loss: 1.288 | Train Acc: 39.26  |  Val Loss: 1.146 | Val Acc: 49.50  |  Test Loss: 1.178 | Tes Acc: 49.91
INFO >> Epoch: 1  |  Layer: 09  |  Train Loss: 1.288 | Train Acc: 39.70  |  Val Loss: 1.150 | Val Acc: 47.59  |  Test Loss: 1.172 | Tes Acc: 47.50
INFO >> Epoch: 1  |  Layer: 10  |  Train Loss: 1.269 | Train Acc: 41.84  |  Val Loss: 1.120 | Val Acc: 47.59  |  Test Loss: 1.155 | Tes Acc: 50.27
INFO >> Epoch: 1  |  Layer: 11  |  Train Loss: 1.282 | Train Acc: 40.58  |  Val Loss: 1.128 | Val Acc: 51.10  |  Test Loss: 1.165 | Tes Acc: 50.62
INFO >> Epoch: 1  |  Layer: 12  |  Train Loss: 1.281 | Train Acc: 40.87  |  Val Loss: 1.131 | Val Acc: 47.09  |  Test Loss: 1.160 | Tes Acc: 49.82
INFO >> Epoch: 1  |  Layer: 13  |  Train Loss: 1.286 | Train Acc: 40.05  |  Val Loss: 1.143 | Val Acc: 47.19  |  Test Loss: 1.170 | Tes Acc: 47.42

INFO >> Epoch: 2  |  Layer: 01  |  Train Loss: 1.160 | Train Acc: 44.59  |  Val Loss: 1.084 | Val Acc: 46.39  |  Test Loss: 1.204 | Tes Acc: 40.37
INFO >> Epoch: 2  |  Layer: 02  |  Train Loss: 1.154 | Train Acc: 45.71  |  Val Loss: 1.086 | Val Acc: 46.08  |  Test Loss: 1.190 | Tes Acc: 42.07
INFO >> Epoch: 2  |  Layer: 03  |  Train Loss: 1.151 | Train Acc: 45.97  |  Val Loss: 1.077 | Val Acc: 47.49  |  Test Loss: 1.180 | Tes Acc: 43.14
INFO >> Epoch: 2  |  Layer: 04  |  Train Loss: 1.146 | Train Acc: 45.80  |  Val Loss: 1.080 | Val Acc: 45.68  |  Test Loss: 1.179 | Tes Acc: 41.71
INFO >> Epoch: 2  |  Layer: 05  |  Train Loss: 1.138 | Train Acc: 47.17  |  Val Loss: 1.070 | Val Acc: 46.08  |  Test Loss: 1.165 | Tes Acc: 44.39
INFO >> Epoch: 2  |  Layer: 06  |  Train Loss: 1.136 | Train Acc: 47.93  |  Val Loss: 1.077 | Val Acc: 45.38  |  Test Loss: 1.159 | Tes Acc: 44.21
INFO >> Epoch: 2  |  Layer: 07  |  Train Loss: 1.129 | Train Acc: 48.84  |  Val Loss: 1.076 | Val Acc: 43.88  |  Test Loss: 1.153 | Tes Acc: 43.05
INFO >> Epoch: 2  |  Layer: 08  |  Train Loss: 1.119 | Train Acc: 50.37  |  Val Loss: 1.059 | Val Acc: 46.89  |  Test Loss: 1.136 | Tes Acc: 45.19
INFO >> Epoch: 2  |  Layer: 09  |  Train Loss: 1.113 | Train Acc: 50.45  |  Val Loss: 1.056 | Val Acc: 45.68  |  Test Loss: 1.135 | Tes Acc: 44.65
INFO >> Epoch: 2  |  Layer: 10  |  Train Loss: 1.100 | Train Acc: 50.84  |  Val Loss: 1.037 | Val Acc: 49.10  |  Test Loss: 1.120 | Tes Acc: 47.24
INFO >> Epoch: 2  |  Layer: 11  |  Train Loss: 1.102 | Train Acc: 50.28  |  Val Loss: 1.042 | Val Acc: 47.99  |  Test Loss: 1.120 | Tes Acc: 45.63
INFO >> Epoch: 2  |  Layer: 12  |  Train Loss: 1.100 | Train Acc: 50.72  |  Val Loss: 1.043 | Val Acc: 46.69  |  Test Loss: 1.123 | Tes Acc: 45.01
INFO >> Epoch: 2  |  Layer: 13  |  Train Loss: 1.102 | Train Acc: 51.07  |  Val Loss: 1.045 | Val Acc: 47.99  |  Test Loss: 1.131 | Tes Acc: 45.37

INFO >> Epoch: 3  |  Layer: 01  |  Train Loss: 1.117 | Train Acc: 47.67  |  Val Loss: 1.035 | Val Acc: 52.91  |  Test Loss: 1.167 | Tes Acc: 46.79
INFO >> Epoch: 3  |  Layer: 02  |  Train Loss: 1.113 | Train Acc: 48.02  |  Val Loss: 1.038 | Val Acc: 51.81  |  Test Loss: 1.179 | Tes Acc: 43.85
INFO >> Epoch: 3  |  Layer: 03  |  Train Loss: 1.104 | Train Acc: 49.02  |  Val Loss: 1.034 | Val Acc: 51.31  |  Test Loss: 1.164 | Tes Acc: 45.72
INFO >> Epoch: 3  |  Layer: 04  |  Train Loss: 1.095 | Train Acc: 49.84  |  Val Loss: 1.023 | Val Acc: 52.71  |  Test Loss: 1.146 | Tes Acc: 47.24
INFO >> Epoch: 3  |  Layer: 05  |  Train Loss: 1.084 | Train Acc: 50.66  |  Val Loss: 1.015 | Val Acc: 52.51  |  Test Loss: 1.146 | Tes Acc: 46.35
INFO >> Epoch: 3  |  Layer: 06  |  Train Loss: 1.076 | Train Acc: 52.27  |  Val Loss: 1.018 | Val Acc: 51.41  |  Test Loss: 1.148 | Tes Acc: 46.61
INFO >> Epoch: 3  |  Layer: 07  |  Train Loss: 1.070 | Train Acc: 52.24  |  Val Loss: 1.024 | Val Acc: 50.50  |  Test Loss: 1.139 | Tes Acc: 44.92
INFO >> Epoch: 3  |  Layer: 08  |  Train Loss: 1.052 | Train Acc: 54.44  |  Val Loss: 0.994 | Val Acc: 55.42  |  Test Loss: 1.086 | Tes Acc: 53.21
INFO >> Epoch: 3  |  Layer: 09  |  Train Loss: 1.044 | Train Acc: 54.73  |  Val Loss: 0.978 | Val Acc: 58.13  |  Test Loss: 1.091 | Tes Acc: 52.50
INFO >> Epoch: 3  |  Layer: 10  |  Train Loss: 1.039 | Train Acc: 55.41  |  Val Loss: 0.981 | Val Acc: 55.62  |  Test Loss: 1.071 | Tes Acc: 54.28
INFO >> Epoch: 3  |  Layer: 11  |  Train Loss: 1.037 | Train Acc: 55.05  |  Val Loss: 0.980 | Val Acc: 55.82  |  Test Loss: 1.085 | Tes Acc: 53.92
INFO >> Epoch: 3  |  Layer: 12  |  Train Loss: 1.035 | Train Acc: 55.44  |  Val Loss: 0.977 | Val Acc: 55.42  |  Test Loss: 1.081 | Tes Acc: 53.74
INFO >> Epoch: 3  |  Layer: 13  |  Train Loss: 1.036 | Train Acc: 54.97  |  Val Loss: 0.982 | Val Acc: 56.12  |  Test Loss: 1.094 | Tes Acc: 51.69

INFO >> Epoch: 4  |  Layer: 01  |  Train Loss: 1.113 | Train Acc: 47.88  |  Val Loss: 1.047 | Val Acc: 50.10  |  Test Loss: 1.158 | Tes Acc: 46.08
INFO >> Epoch: 4  |  Layer: 02  |  Train Loss: 1.104 | Train Acc: 49.25  |  Val Loss: 1.026 | Val Acc: 53.11  |  Test Loss: 1.154 | Tes Acc: 47.50
INFO >> Epoch: 4  |  Layer: 03  |  Train Loss: 1.086 | Train Acc: 50.10  |  Val Loss: 1.007 | Val Acc: 55.72  |  Test Loss: 1.145 | Tes Acc: 49.38
INFO >> Epoch: 4  |  Layer: 04  |  Train Loss: 1.070 | Train Acc: 51.74  |  Val Loss: 0.996 | Val Acc: 56.63  |  Test Loss: 1.139 | Tes Acc: 49.82
INFO >> Epoch: 4  |  Layer: 05  |  Train Loss: 1.052 | Train Acc: 53.38  |  Val Loss: 0.981 | Val Acc: 57.03  |  Test Loss: 1.125 | Tes Acc: 51.07
INFO >> Epoch: 4  |  Layer: 06  |  Train Loss: 1.044 | Train Acc: 53.88  |  Val Loss: 0.979 | Val Acc: 55.62  |  Test Loss: 1.110 | Tes Acc: 51.96
INFO >> Epoch: 4  |  Layer: 07  |  Train Loss: 1.031 | Train Acc: 54.94  |  Val Loss: 0.966 | Val Acc: 58.63  |  Test Loss: 1.093 | Tes Acc: 52.41
INFO >> Epoch: 4  |  Layer: 08  |  Train Loss: 1.007 | Train Acc: 56.17  |  Val Loss: 0.942 | Val Acc: 59.04  |  Test Loss: 1.076 | Tes Acc: 54.46
INFO >> Epoch: 4  |  Layer: 09  |  Train Loss: 0.999 | Train Acc: 56.58  |  Val Loss: 0.927 | Val Acc: 60.64  |  Test Loss: 1.059 | Tes Acc: 55.53
INFO >> Epoch: 4  |  Layer: 10  |  Train Loss: 0.990 | Train Acc: 57.60  |  Val Loss: 0.920 | Val Acc: 60.04  |  Test Loss: 1.058 | Tes Acc: 55.53
INFO >> Epoch: 4  |  Layer: 11  |  Train Loss: 0.988 | Train Acc: 58.10  |  Val Loss: 0.925 | Val Acc: 59.64  |  Test Loss: 1.056 | Tes Acc: 55.35
INFO >> Epoch: 4  |  Layer: 12  |  Train Loss: 0.990 | Train Acc: 57.31  |  Val Loss: 0.922 | Val Acc: 59.94  |  Test Loss: 1.059 | Tes Acc: 54.90
INFO >> Epoch: 4  |  Layer: 13  |  Train Loss: 0.992 | Train Acc: 57.11  |  Val Loss: 0.927 | Val Acc: 60.34  |  Test Loss: 1.065 | Tes Acc: 54.01

INFO >> Epoch: 5  |  Layer: 01  |  Train Loss: 1.091 | Train Acc: 50.37  |  Val Loss: 1.033 | Val Acc: 53.01  |  Test Loss: 1.141 | Tes Acc: 48.48
INFO >> Epoch: 5  |  Layer: 02  |  Train Loss: 1.082 | Train Acc: 50.92  |  Val Loss: 1.014 | Val Acc: 54.22  |  Test Loss: 1.138 | Tes Acc: 50.36
INFO >> Epoch: 5  |  Layer: 03  |  Train Loss: 1.064 | Train Acc: 52.56  |  Val Loss: 0.989 | Val Acc: 54.42  |  Test Loss: 1.119 | Tes Acc: 51.52
INFO >> Epoch: 5  |  Layer: 04  |  Train Loss: 1.041 | Train Acc: 54.73  |  Val Loss: 0.976 | Val Acc: 56.43  |  Test Loss: 1.104 | Tes Acc: 54.28
INFO >> Epoch: 5  |  Layer: 05  |  Train Loss: 1.018 | Train Acc: 56.14  |  Val Loss: 0.954 | Val Acc: 56.53  |  Test Loss: 1.081 | Tes Acc: 55.26
INFO >> Epoch: 5  |  Layer: 06  |  Train Loss: 1.008 | Train Acc: 56.72  |  Val Loss: 0.954 | Val Acc: 57.33  |  Test Loss: 1.065 | Tes Acc: 55.53
INFO >> Epoch: 5  |  Layer: 07  |  Train Loss: 0.996 | Train Acc: 57.22  |  Val Loss: 0.938 | Val Acc: 57.93  |  Test Loss: 1.055 | Tes Acc: 55.97
INFO >> Epoch: 5  |  Layer: 08  |  Train Loss: 0.965 | Train Acc: 59.42  |  Val Loss: 0.912 | Val Acc: 60.14  |  Test Loss: 1.043 | Tes Acc: 56.51
INFO >> Epoch: 5  |  Layer: 09  |  Train Loss: 0.955 | Train Acc: 59.42  |  Val Loss: 0.897 | Val Acc: 60.64  |  Test Loss: 1.035 | Tes Acc: 56.95
INFO >> Epoch: 5  |  Layer: 10  |  Train Loss: 0.949 | Train Acc: 59.98  |  Val Loss: 0.889 | Val Acc: 60.64  |  Test Loss: 1.033 | Tes Acc: 56.60
INFO >> Epoch: 5  |  Layer: 11  |  Train Loss: 0.949 | Train Acc: 60.01  |  Val Loss: 0.895 | Val Acc: 59.94  |  Test Loss: 1.032 | Tes Acc: 56.33
INFO >> Epoch: 5  |  Layer: 12  |  Train Loss: 0.951 | Train Acc: 59.68  |  Val Loss: 0.892 | Val Acc: 60.24  |  Test Loss: 1.033 | Tes Acc: 55.53
INFO >> Epoch: 5  |  Layer: 13  |  Train Loss: 0.954 | Train Acc: 59.51  |  Val Loss: 0.897 | Val Acc: 61.04  |  Test Loss: 1.038 | Tes Acc: 55.61

INFO >> Epoch: 6  |  Layer: 01  |  Train Loss: 1.083 | Train Acc: 49.49  |  Val Loss: 1.022 | Val Acc: 52.71  |  Test Loss: 1.178 | Tes Acc: 49.64
INFO >> Epoch: 6  |  Layer: 02  |  Train Loss: 1.072 | Train Acc: 50.86  |  Val Loss: 1.034 | Val Acc: 50.60  |  Test Loss: 1.180 | Tes Acc: 47.50
INFO >> Epoch: 6  |  Layer: 03  |  Train Loss: 1.053 | Train Acc: 52.24  |  Val Loss: 1.010 | Val Acc: 52.81  |  Test Loss: 1.163 | Tes Acc: 48.04
INFO >> Epoch: 6  |  Layer: 04  |  Train Loss: 1.024 | Train Acc: 54.85  |  Val Loss: 0.986 | Val Acc: 53.51  |  Test Loss: 1.149 | Tes Acc: 49.64
INFO >> Epoch: 6  |  Layer: 05  |  Train Loss: 0.998 | Train Acc: 55.99  |  Val Loss: 0.964 | Val Acc: 54.72  |  Test Loss: 1.122 | Tes Acc: 51.25
INFO >> Epoch: 6  |  Layer: 06  |  Train Loss: 0.988 | Train Acc: 57.02  |  Val Loss: 0.970 | Val Acc: 54.52  |  Test Loss: 1.112 | Tes Acc: 50.89
INFO >> Epoch: 6  |  Layer: 07  |  Train Loss: 0.971 | Train Acc: 58.13  |  Val Loss: 0.939 | Val Acc: 56.53  |  Test Loss: 1.092 | Tes Acc: 51.16
INFO >> Epoch: 6  |  Layer: 08  |  Train Loss: 0.938 | Train Acc: 60.71  |  Val Loss: 0.892 | Val Acc: 60.74  |  Test Loss: 1.046 | Tes Acc: 55.53
INFO >> Epoch: 6  |  Layer: 09  |  Train Loss: 0.930 | Train Acc: 61.62  |  Val Loss: 0.879 | Val Acc: 61.14  |  Test Loss: 1.045 | Tes Acc: 55.26
INFO >> Epoch: 6  |  Layer: 10  |  Train Loss: 0.928 | Train Acc: 61.30  |  Val Loss: 0.871 | Val Acc: 61.24  |  Test Loss: 1.029 | Tes Acc: 56.42
INFO >> Epoch: 6  |  Layer: 11  |  Train Loss: 0.928 | Train Acc: 60.80  |  Val Loss: 0.878 | Val Acc: 60.54  |  Test Loss: 1.044 | Tes Acc: 55.26
INFO >> Epoch: 6  |  Layer: 12  |  Train Loss: 0.931 | Train Acc: 60.71  |  Val Loss: 0.888 | Val Acc: 58.73  |  Test Loss: 1.054 | Tes Acc: 53.57
INFO >> Epoch: 6  |  Layer: 13  |  Train Loss: 0.936 | Train Acc: 60.47  |  Val Loss: 0.900 | Val Acc: 58.03  |  Test Loss: 1.078 | Tes Acc: 52.94

INFO >> Epoch: 7  |  Layer: 01  |  Train Loss: 1.077 | Train Acc: 50.48  |  Val Loss: 1.083 | Val Acc: 49.50  |  Test Loss: 1.149 | Tes Acc: 46.26
INFO >> Epoch: 7  |  Layer: 02  |  Train Loss: 1.064 | Train Acc: 50.22  |  Val Loss: 1.025 | Val Acc: 53.41  |  Test Loss: 1.122 | Tes Acc: 50.89
INFO >> Epoch: 7  |  Layer: 03  |  Train Loss: 1.040 | Train Acc: 52.09  |  Val Loss: 0.972 | Val Acc: 55.62  |  Test Loss: 1.100 | Tes Acc: 52.94
INFO >> Epoch: 7  |  Layer: 04  |  Train Loss: 1.008 | Train Acc: 55.00  |  Val Loss: 0.964 | Val Acc: 56.43  |  Test Loss: 1.079 | Tes Acc: 54.37
INFO >> Epoch: 7  |  Layer: 05  |  Train Loss: 0.978 | Train Acc: 57.49  |  Val Loss: 0.918 | Val Acc: 59.54  |  Test Loss: 1.063 | Tes Acc: 55.53
INFO >> Epoch: 7  |  Layer: 06  |  Train Loss: 0.965 | Train Acc: 58.66  |  Val Loss: 0.918 | Val Acc: 59.64  |  Test Loss: 1.041 | Tes Acc: 56.33
INFO >> Epoch: 7  |  Layer: 07  |  Train Loss: 0.944 | Train Acc: 59.74  |  Val Loss: 0.892 | Val Acc: 60.74  |  Test Loss: 1.026 | Tes Acc: 57.40
INFO >> Epoch: 7  |  Layer: 08  |  Train Loss: 0.911 | Train Acc: 61.47  |  Val Loss: 0.867 | Val Acc: 62.55  |  Test Loss: 1.009 | Tes Acc: 59.54
INFO >> Epoch: 7  |  Layer: 09  |  Train Loss: 0.902 | Train Acc: 60.77  |  Val Loss: 0.869 | Val Acc: 62.15  |  Test Loss: 1.004 | Tes Acc: 58.56
INFO >> Epoch: 7  |  Layer: 10  |  Train Loss: 0.899 | Train Acc: 61.12  |  Val Loss: 0.854 | Val Acc: 62.25  |  Test Loss: 1.004 | Tes Acc: 58.56
INFO >> Epoch: 7  |  Layer: 11  |  Train Loss: 0.903 | Train Acc: 61.47  |  Val Loss: 0.853 | Val Acc: 62.85  |  Test Loss: 1.014 | Tes Acc: 57.40
INFO >> Epoch: 7  |  Layer: 12  |  Train Loss: 0.906 | Train Acc: 61.27  |  Val Loss: 0.857 | Val Acc: 62.75  |  Test Loss: 1.005 | Tes Acc: 58.20
INFO >> Epoch: 7  |  Layer: 13  |  Train Loss: 0.909 | Train Acc: 61.06  |  Val Loss: 0.857 | Val Acc: 63.35  |  Test Loss: 1.017 | Tes Acc: 57.66

INFO >> Epoch: 8  |  Layer: 01  |  Train Loss: 1.060 | Train Acc: 50.66  |  Val Loss: 1.006 | Val Acc: 53.31  |  Test Loss: 1.149 | Tes Acc: 49.64
INFO >> Epoch: 8  |  Layer: 02  |  Train Loss: 1.046 | Train Acc: 52.27  |  Val Loss: 1.006 | Val Acc: 52.31  |  Test Loss: 1.152 | Tes Acc: 49.02
INFO >> Epoch: 8  |  Layer: 03  |  Train Loss: 1.022 | Train Acc: 54.09  |  Val Loss: 0.962 | Val Acc: 56.02  |  Test Loss: 1.130 | Tes Acc: 50.53
INFO >> Epoch: 8  |  Layer: 04  |  Train Loss: 0.987 | Train Acc: 56.61  |  Val Loss: 0.929 | Val Acc: 58.53  |  Test Loss: 1.103 | Tes Acc: 51.78
INFO >> Epoch: 8  |  Layer: 05  |  Train Loss: 0.953 | Train Acc: 58.83  |  Val Loss: 0.898 | Val Acc: 60.14  |  Test Loss: 1.094 | Tes Acc: 52.76
INFO >> Epoch: 8  |  Layer: 06  |  Train Loss: 0.942 | Train Acc: 59.33  |  Val Loss: 0.888 | Val Acc: 60.74  |  Test Loss: 1.072 | Tes Acc: 53.39
INFO >> Epoch: 8  |  Layer: 07  |  Train Loss: 0.919 | Train Acc: 60.86  |  Val Loss: 0.864 | Val Acc: 61.75  |  Test Loss: 1.051 | Tes Acc: 55.08
INFO >> Epoch: 8  |  Layer: 08  |  Train Loss: 0.892 | Train Acc: 62.50  |  Val Loss: 0.845 | Val Acc: 63.05  |  Test Loss: 1.057 | Tes Acc: 53.83
INFO >> Epoch: 8  |  Layer: 09  |  Train Loss: 0.883 | Train Acc: 62.38  |  Val Loss: 0.839 | Val Acc: 63.96  |  Test Loss: 1.056 | Tes Acc: 55.17
INFO >> Epoch: 8  |  Layer: 10  |  Train Loss: 0.883 | Train Acc: 62.64  |  Val Loss: 0.838 | Val Acc: 63.45  |  Test Loss: 1.054 | Tes Acc: 55.26
INFO >> Epoch: 8  |  Layer: 11  |  Train Loss: 0.886 | Train Acc: 62.53  |  Val Loss: 0.847 | Val Acc: 62.15  |  Test Loss: 1.066 | Tes Acc: 54.19
INFO >> Epoch: 8  |  Layer: 12  |  Train Loss: 0.887 | Train Acc: 62.47  |  Val Loss: 0.842 | Val Acc: 63.25  |  Test Loss: 1.050 | Tes Acc: 54.55
INFO >> Epoch: 8  |  Layer: 13  |  Train Loss: 0.891 | Train Acc: 62.03  |  Val Loss: 0.848 | Val Acc: 62.65  |  Test Loss: 1.062 | Tes Acc: 53.03

INFO >> Epoch: 9  |  Layer: 01  |  Train Loss: 1.042 | Train Acc: 52.12  |  Val Loss: 1.003 | Val Acc: 55.12  |  Test Loss: 1.143 | Tes Acc: 52.05
INFO >> Epoch: 9  |  Layer: 02  |  Train Loss: 1.032 | Train Acc: 52.86  |  Val Loss: 1.001 | Val Acc: 54.02  |  Test Loss: 1.127 | Tes Acc: 51.43
INFO >> Epoch: 9  |  Layer: 03  |  Train Loss: 1.003 | Train Acc: 54.94  |  Val Loss: 0.963 | Val Acc: 56.02  |  Test Loss: 1.110 | Tes Acc: 53.57
INFO >> Epoch: 9  |  Layer: 04  |  Train Loss: 0.965 | Train Acc: 57.22  |  Val Loss: 0.926 | Val Acc: 57.63  |  Test Loss: 1.099 | Tes Acc: 54.19
INFO >> Epoch: 9  |  Layer: 05  |  Train Loss: 0.935 | Train Acc: 59.24  |  Val Loss: 0.897 | Val Acc: 59.34  |  Test Loss: 1.081 | Tes Acc: 54.01
INFO >> Epoch: 9  |  Layer: 06  |  Train Loss: 0.928 | Train Acc: 59.48  |  Val Loss: 0.888 | Val Acc: 61.35  |  Test Loss: 1.055 | Tes Acc: 54.90
INFO >> Epoch: 9  |  Layer: 07  |  Train Loss: 0.904 | Train Acc: 60.45  |  Val Loss: 0.860 | Val Acc: 63.25  |  Test Loss: 1.041 | Tes Acc: 55.97
INFO >> Epoch: 9  |  Layer: 08  |  Train Loss: 0.883 | Train Acc: 62.32  |  Val Loss: 0.843 | Val Acc: 63.55  |  Test Loss: 1.068 | Tes Acc: 54.99
INFO >> Epoch: 9  |  Layer: 09  |  Train Loss: 0.875 | Train Acc: 62.99  |  Val Loss: 0.832 | Val Acc: 63.65  |  Test Loss: 1.051 | Tes Acc: 56.06
INFO >> Epoch: 9  |  Layer: 10  |  Train Loss: 0.874 | Train Acc: 62.73  |  Val Loss: 0.834 | Val Acc: 64.66  |  Test Loss: 1.044 | Tes Acc: 56.24
INFO >> Epoch: 9  |  Layer: 11  |  Train Loss: 0.880 | Train Acc: 62.94  |  Val Loss: 0.838 | Val Acc: 64.36  |  Test Loss: 1.039 | Tes Acc: 57.04
INFO >> Epoch: 9  |  Layer: 12  |  Train Loss: 0.879 | Train Acc: 62.35  |  Val Loss: 0.836 | Val Acc: 65.26  |  Test Loss: 1.047 | Tes Acc: 56.42
INFO >> Epoch: 9  |  Layer: 13  |  Train Loss: 0.883 | Train Acc: 62.03  |  Val Loss: 0.842 | Val Acc: 63.86  |  Test Loss: 1.042 | Tes Acc: 54.90

INFO >> Epoch: 10  |  Layer: 01  |  Train Loss: 1.044 | Train Acc: 53.47  |  Val Loss: 1.016 | Val Acc: 51.41  |  Test Loss: 1.115 | Tes Acc: 47.59
INFO >> Epoch: 10  |  Layer: 02  |  Train Loss: 1.029 | Train Acc: 54.20  |  Val Loss: 0.995 | Val Acc: 54.72  |  Test Loss: 1.119 | Tes Acc: 51.16
INFO >> Epoch: 10  |  Layer: 03  |  Train Loss: 0.995 | Train Acc: 56.81  |  Val Loss: 0.966 | Val Acc: 56.33  |  Test Loss: 1.084 | Tes Acc: 55.97
INFO >> Epoch: 10  |  Layer: 04  |  Train Loss: 0.950 | Train Acc: 59.89  |  Val Loss: 0.954 | Val Acc: 56.83  |  Test Loss: 1.068 | Tes Acc: 55.79
INFO >> Epoch: 10  |  Layer: 05  |  Train Loss: 0.916 | Train Acc: 61.79  |  Val Loss: 0.913 | Val Acc: 59.24  |  Test Loss: 1.043 | Tes Acc: 58.02
INFO >> Epoch: 10  |  Layer: 06  |  Train Loss: 0.904 | Train Acc: 61.94  |  Val Loss: 0.906 | Val Acc: 59.34  |  Test Loss: 1.027 | Tes Acc: 58.20
INFO >> Epoch: 10  |  Layer: 07  |  Train Loss: 0.877 | Train Acc: 63.84  |  Val Loss: 0.871 | Val Acc: 59.64  |  Test Loss: 1.016 | Tes Acc: 58.65
INFO >> Epoch: 10  |  Layer: 08  |  Train Loss: 0.854 | Train Acc: 64.37  |  Val Loss: 0.848 | Val Acc: 62.35  |  Test Loss: 1.004 | Tes Acc: 59.36
INFO >> Epoch: 10  |  Layer: 09  |  Train Loss: 0.845 | Train Acc: 64.28  |  Val Loss: 0.837 | Val Acc: 63.35  |  Test Loss: 0.996 | Tes Acc: 59.80
INFO >> Epoch: 10  |  Layer: 10  |  Train Loss: 0.846 | Train Acc: 64.64  |  Val Loss: 0.842 | Val Acc: 62.95  |  Test Loss: 0.991 | Tes Acc: 60.07
INFO >> Epoch: 10  |  Layer: 11  |  Train Loss: 0.851 | Train Acc: 64.64  |  Val Loss: 0.841 | Val Acc: 63.45  |  Test Loss: 0.996 | Tes Acc: 59.27
INFO >> Epoch: 10  |  Layer: 12  |  Train Loss: 0.855 | Train Acc: 64.34  |  Val Loss: 0.845 | Val Acc: 63.76  |  Test Loss: 0.990 | Tes Acc: 59.71
INFO >> Epoch: 10  |  Layer: 13  |  Train Loss: 0.857 | Train Acc: 64.64  |  Val Loss: 0.841 | Val Acc: 63.35  |  Test Loss: 0.994 | Tes Acc: 59.63

INFO >> Epoch: 11  |  Layer: 01  |  Train Loss: 1.043 | Train Acc: 52.21  |  Val Loss: 0.976 | Val Acc: 55.52  |  Test Loss: 1.131 | Tes Acc: 51.69
INFO >> Epoch: 11  |  Layer: 02  |  Train Loss: 1.028 | Train Acc: 53.77  |  Val Loss: 0.972 | Val Acc: 54.62  |  Test Loss: 1.128 | Tes Acc: 52.23
INFO >> Epoch: 11  |  Layer: 03  |  Train Loss: 0.996 | Train Acc: 55.93  |  Val Loss: 0.953 | Val Acc: 56.43  |  Test Loss: 1.113 | Tes Acc: 54.72
INFO >> Epoch: 11  |  Layer: 04  |  Train Loss: 0.951 | Train Acc: 58.25  |  Val Loss: 0.920 | Val Acc: 57.43  |  Test Loss: 1.084 | Tes Acc: 56.60
INFO >> Epoch: 11  |  Layer: 05  |  Train Loss: 0.911 | Train Acc: 61.12  |  Val Loss: 0.890 | Val Acc: 59.84  |  Test Loss: 1.055 | Tes Acc: 57.58
INFO >> Epoch: 11  |  Layer: 06  |  Train Loss: 0.899 | Train Acc: 61.94  |  Val Loss: 0.888 | Val Acc: 59.74  |  Test Loss: 1.038 | Tes Acc: 58.56
INFO >> Epoch: 11  |  Layer: 07  |  Train Loss: 0.873 | Train Acc: 63.11  |  Val Loss: 0.848 | Val Acc: 63.45  |  Test Loss: 1.033 | Tes Acc: 58.02
INFO >> Epoch: 11  |  Layer: 08  |  Train Loss: 0.855 | Train Acc: 63.81  |  Val Loss: 0.835 | Val Acc: 63.65  |  Test Loss: 1.018 | Tes Acc: 59.18
INFO >> Epoch: 11  |  Layer: 09  |  Train Loss: 0.843 | Train Acc: 64.02  |  Val Loss: 0.825 | Val Acc: 64.46  |  Test Loss: 1.026 | Tes Acc: 59.63
INFO >> Epoch: 11  |  Layer: 10  |  Train Loss: 0.849 | Train Acc: 64.20  |  Val Loss: 0.824 | Val Acc: 64.36  |  Test Loss: 1.036 | Tes Acc: 59.71
INFO >> Epoch: 11  |  Layer: 11  |  Train Loss: 0.857 | Train Acc: 63.90  |  Val Loss: 0.831 | Val Acc: 64.26  |  Test Loss: 1.005 | Tes Acc: 59.63
INFO >> Epoch: 11  |  Layer: 12  |  Train Loss: 0.858 | Train Acc: 63.70  |  Val Loss: 0.833 | Val Acc: 63.55  |  Test Loss: 1.009 | Tes Acc: 59.00
INFO >> Epoch: 11  |  Layer: 13  |  Train Loss: 0.864 | Train Acc: 63.32  |  Val Loss: 0.837 | Val Acc: 63.15  |  Test Loss: 1.005 | Tes Acc: 58.11

INFO >> Epoch: 12  |  Layer: 01  |  Train Loss: 1.033 | Train Acc: 53.21  |  Val Loss: 0.988 | Val Acc: 54.02  |  Test Loss: 1.166 | Tes Acc: 48.66
INFO >> Epoch: 12  |  Layer: 02  |  Train Loss: 1.016 | Train Acc: 54.44  |  Val Loss: 0.997 | Val Acc: 54.42  |  Test Loss: 1.166 | Tes Acc: 48.93
INFO >> Epoch: 12  |  Layer: 03  |  Train Loss: 0.977 | Train Acc: 56.99  |  Val Loss: 0.948 | Val Acc: 57.73  |  Test Loss: 1.129 | Tes Acc: 53.57
INFO >> Epoch: 12  |  Layer: 04  |  Train Loss: 0.926 | Train Acc: 59.74  |  Val Loss: 0.919 | Val Acc: 57.83  |  Test Loss: 1.091 | Tes Acc: 55.53
INFO >> Epoch: 12  |  Layer: 05  |  Train Loss: 0.887 | Train Acc: 62.41  |  Val Loss: 0.880 | Val Acc: 61.24  |  Test Loss: 1.046 | Tes Acc: 57.13
INFO >> Epoch: 12  |  Layer: 06  |  Train Loss: 0.878 | Train Acc: 63.05  |  Val Loss: 0.880 | Val Acc: 62.25  |  Test Loss: 1.027 | Tes Acc: 57.13
INFO >> Epoch: 12  |  Layer: 07  |  Train Loss: 0.849 | Train Acc: 63.93  |  Val Loss: 0.832 | Val Acc: 64.56  |  Test Loss: 1.023 | Tes Acc: 58.11
INFO >> Epoch: 12  |  Layer: 08  |  Train Loss: 0.833 | Train Acc: 64.81  |  Val Loss: 0.821 | Val Acc: 64.36  |  Test Loss: 1.000 | Tes Acc: 58.56
INFO >> Epoch: 12  |  Layer: 09  |  Train Loss: 0.828 | Train Acc: 64.81  |  Val Loss: 0.804 | Val Acc: 65.66  |  Test Loss: 0.998 | Tes Acc: 59.63
INFO >> Epoch: 12  |  Layer: 10  |  Train Loss: 0.831 | Train Acc: 64.69  |  Val Loss: 0.808 | Val Acc: 65.26  |  Test Loss: 0.995 | Tes Acc: 59.89
INFO >> Epoch: 12  |  Layer: 11  |  Train Loss: 0.835 | Train Acc: 64.78  |  Val Loss: 0.824 | Val Acc: 64.16  |  Test Loss: 0.985 | Tes Acc: 59.45
INFO >> Epoch: 12  |  Layer: 12  |  Train Loss: 0.837 | Train Acc: 65.13  |  Val Loss: 0.821 | Val Acc: 63.96  |  Test Loss: 0.983 | Tes Acc: 59.71
INFO >> Epoch: 12  |  Layer: 13  |  Train Loss: 0.843 | Train Acc: 64.69  |  Val Loss: 0.828 | Val Acc: 63.65  |  Test Loss: 0.983 | Tes Acc: 58.56

INFO >> Epoch: 13  |  Layer: 01  |  Train Loss: 1.028 | Train Acc: 53.59  |  Val Loss: 0.955 | Val Acc: 57.13  |  Test Loss: 1.170 | Tes Acc: 50.98
INFO >> Epoch: 13  |  Layer: 02  |  Train Loss: 1.009 | Train Acc: 55.14  |  Val Loss: 0.959 | Val Acc: 57.53  |  Test Loss: 1.211 | Tes Acc: 49.02
INFO >> Epoch: 13  |  Layer: 03  |  Train Loss: 0.967 | Train Acc: 57.63  |  Val Loss: 0.935 | Val Acc: 58.43  |  Test Loss: 1.211 | Tes Acc: 50.71
INFO >> Epoch: 13  |  Layer: 04  |  Train Loss: 0.915 | Train Acc: 61.27  |  Val Loss: 0.904 | Val Acc: 61.14  |  Test Loss: 1.160 | Tes Acc: 53.30
INFO >> Epoch: 13  |  Layer: 05  |  Train Loss: 0.881 | Train Acc: 62.61  |  Val Loss: 0.875 | Val Acc: 61.55  |  Test Loss: 1.141 | Tes Acc: 54.90
INFO >> Epoch: 13  |  Layer: 06  |  Train Loss: 0.867 | Train Acc: 63.14  |  Val Loss: 0.866 | Val Acc: 61.95  |  Test Loss: 1.113 | Tes Acc: 55.35
INFO >> Epoch: 13  |  Layer: 07  |  Train Loss: 0.835 | Train Acc: 65.51  |  Val Loss: 0.820 | Val Acc: 65.76  |  Test Loss: 1.090 | Tes Acc: 55.79
INFO >> Epoch: 13  |  Layer: 08  |  Train Loss: 0.823 | Train Acc: 65.51  |  Val Loss: 0.806 | Val Acc: 67.87  |  Test Loss: 1.072 | Tes Acc: 56.77
INFO >> Epoch: 13  |  Layer: 09  |  Train Loss: 0.813 | Train Acc: 65.95  |  Val Loss: 0.800 | Val Acc: 68.47  |  Test Loss: 1.053 | Tes Acc: 56.77
INFO >> Epoch: 13  |  Layer: 10  |  Train Loss: 0.815 | Train Acc: 66.04  |  Val Loss: 0.804 | Val Acc: 67.57  |  Test Loss: 1.045 | Tes Acc: 56.86
INFO >> Epoch: 13  |  Layer: 11  |  Train Loss: 0.819 | Train Acc: 65.75  |  Val Loss: 0.808 | Val Acc: 67.37  |  Test Loss: 1.059 | Tes Acc: 56.77
INFO >> Epoch: 13  |  Layer: 12  |  Train Loss: 0.821 | Train Acc: 65.54  |  Val Loss: 0.807 | Val Acc: 66.47  |  Test Loss: 1.044 | Tes Acc: 57.49
INFO >> Epoch: 13  |  Layer: 13  |  Train Loss: 0.829 | Train Acc: 64.78  |  Val Loss: 0.810 | Val Acc: 66.47  |  Test Loss: 1.051 | Tes Acc: 57.31

INFO >> Epoch: 14  |  Layer: 01  |  Train Loss: 1.033 | Train Acc: 53.24  |  Val Loss: 0.960 | Val Acc: 56.53  |  Test Loss: 1.166 | Tes Acc: 48.22
INFO >> Epoch: 14  |  Layer: 02  |  Train Loss: 1.013 | Train Acc: 54.70  |  Val Loss: 0.939 | Val Acc: 58.13  |  Test Loss: 1.144 | Tes Acc: 49.64
INFO >> Epoch: 14  |  Layer: 03  |  Train Loss: 0.972 | Train Acc: 57.16  |  Val Loss: 0.904 | Val Acc: 58.43  |  Test Loss: 1.135 | Tes Acc: 51.69
INFO >> Epoch: 14  |  Layer: 04  |  Train Loss: 0.919 | Train Acc: 60.42  |  Val Loss: 0.870 | Val Acc: 59.54  |  Test Loss: 1.111 | Tes Acc: 53.30
INFO >> Epoch: 14  |  Layer: 05  |  Train Loss: 0.882 | Train Acc: 62.67  |  Val Loss: 0.847 | Val Acc: 61.45  |  Test Loss: 1.113 | Tes Acc: 53.92
INFO >> Epoch: 14  |  Layer: 06  |  Train Loss: 0.874 | Train Acc: 62.94  |  Val Loss: 0.841 | Val Acc: 62.45  |  Test Loss: 1.070 | Tes Acc: 55.53
INFO >> Epoch: 14  |  Layer: 07  |  Train Loss: 0.844 | Train Acc: 64.64  |  Val Loss: 0.805 | Val Acc: 65.76  |  Test Loss: 1.051 | Tes Acc: 56.51
INFO >> Epoch: 14  |  Layer: 08  |  Train Loss: 0.826 | Train Acc: 65.63  |  Val Loss: 0.792 | Val Acc: 66.97  |  Test Loss: 1.021 | Tes Acc: 58.29
INFO >> Epoch: 14  |  Layer: 09  |  Train Loss: 0.817 | Train Acc: 65.60  |  Val Loss: 0.791 | Val Acc: 67.67  |  Test Loss: 1.014 | Tes Acc: 58.47
INFO >> Epoch: 14  |  Layer: 10  |  Train Loss: 0.816 | Train Acc: 65.87  |  Val Loss: 0.789 | Val Acc: 66.37  |  Test Loss: 1.016 | Tes Acc: 58.38
INFO >> Epoch: 14  |  Layer: 11  |  Train Loss: 0.821 | Train Acc: 65.69  |  Val Loss: 0.796 | Val Acc: 66.67  |  Test Loss: 1.013 | Tes Acc: 58.20
INFO >> Epoch: 14  |  Layer: 12  |  Train Loss: 0.824 | Train Acc: 65.31  |  Val Loss: 0.798 | Val Acc: 65.66  |  Test Loss: 1.007 | Tes Acc: 58.29
INFO >> Epoch: 14  |  Layer: 13  |  Train Loss: 0.829 | Train Acc: 65.31  |  Val Loss: 0.802 | Val Acc: 65.66  |  Test Loss: 1.004 | Tes Acc: 57.75

INFO >> Epoch: 15  |  Layer: 01  |  Train Loss: 1.025 | Train Acc: 54.29  |  Val Loss: 1.023 | Val Acc: 52.11  |  Test Loss: 1.226 | Tes Acc: 48.57
INFO >> Epoch: 15  |  Layer: 02  |  Train Loss: 1.000 | Train Acc: 56.23  |  Val Loss: 0.998 | Val Acc: 53.51  |  Test Loss: 1.207 | Tes Acc: 48.31
INFO >> Epoch: 15  |  Layer: 03  |  Train Loss: 0.961 | Train Acc: 57.72  |  Val Loss: 0.951 | Val Acc: 55.92  |  Test Loss: 1.192 | Tes Acc: 50.36
INFO >> Epoch: 15  |  Layer: 04  |  Train Loss: 0.901 | Train Acc: 60.97  |  Val Loss: 0.897 | Val Acc: 59.54  |  Test Loss: 1.135 | Tes Acc: 51.78
INFO >> Epoch: 15  |  Layer: 05  |  Train Loss: 0.867 | Train Acc: 63.35  |  Val Loss: 0.865 | Val Acc: 62.35  |  Test Loss: 1.136 | Tes Acc: 53.12
INFO >> Epoch: 15  |  Layer: 06  |  Train Loss: 0.856 | Train Acc: 63.96  |  Val Loss: 0.853 | Val Acc: 61.75  |  Test Loss: 1.119 | Tes Acc: 53.21
INFO >> Epoch: 15  |  Layer: 07  |  Train Loss: 0.824 | Train Acc: 64.93  |  Val Loss: 0.826 | Val Acc: 63.25  |  Test Loss: 1.129 | Tes Acc: 51.52
INFO >> Epoch: 15  |  Layer: 08  |  Train Loss: 0.811 | Train Acc: 65.46  |  Val Loss: 0.814 | Val Acc: 64.96  |  Test Loss: 1.119 | Tes Acc: 52.23
INFO >> Epoch: 15  |  Layer: 09  |  Train Loss: 0.801 | Train Acc: 66.22  |  Val Loss: 0.808 | Val Acc: 64.96  |  Test Loss: 1.115 | Tes Acc: 52.67
INFO >> Epoch: 15  |  Layer: 10  |  Train Loss: 0.804 | Train Acc: 66.04  |  Val Loss: 0.806 | Val Acc: 65.46  |  Test Loss: 1.090 | Tes Acc: 54.10
INFO >> Epoch: 15  |  Layer: 11  |  Train Loss: 0.812 | Train Acc: 65.31  |  Val Loss: 0.813 | Val Acc: 65.46  |  Test Loss: 1.094 | Tes Acc: 53.83
INFO >> Epoch: 15  |  Layer: 12  |  Train Loss: 0.813 | Train Acc: 65.48  |  Val Loss: 0.820 | Val Acc: 64.56  |  Test Loss: 1.096 | Tes Acc: 53.12
INFO >> Epoch: 15  |  Layer: 13  |  Train Loss: 0.818 | Train Acc: 65.16  |  Val Loss: 0.826 | Val Acc: 64.46  |  Test Loss: 1.094 | Tes Acc: 52.23

INFO >> Epoch: 16  |  Layer: 01  |  Train Loss: 1.018 | Train Acc: 53.38  |  Val Loss: 1.002 | Val Acc: 55.12  |  Test Loss: 1.192 | Tes Acc: 50.89
INFO >> Epoch: 16  |  Layer: 02  |  Train Loss: 0.998 | Train Acc: 54.61  |  Val Loss: 1.011 | Val Acc: 53.92  |  Test Loss: 1.205 | Tes Acc: 50.45
INFO >> Epoch: 16  |  Layer: 03  |  Train Loss: 0.955 | Train Acc: 57.37  |  Val Loss: 0.992 | Val Acc: 55.82  |  Test Loss: 1.227 | Tes Acc: 48.93
INFO >> Epoch: 16  |  Layer: 04  |  Train Loss: 0.891 | Train Acc: 61.71  |  Val Loss: 0.950 | Val Acc: 57.33  |  Test Loss: 1.185 | Tes Acc: 50.18
INFO >> Epoch: 16  |  Layer: 05  |  Train Loss: 0.859 | Train Acc: 63.73  |  Val Loss: 0.915 | Val Acc: 58.63  |  Test Loss: 1.165 | Tes Acc: 49.38
INFO >> Epoch: 16  |  Layer: 06  |  Train Loss: 0.850 | Train Acc: 64.43  |  Val Loss: 0.914 | Val Acc: 58.23  |  Test Loss: 1.154 | Tes Acc: 51.16
INFO >> Epoch: 16  |  Layer: 07  |  Train Loss: 0.817 | Train Acc: 64.93  |  Val Loss: 0.848 | Val Acc: 62.35  |  Test Loss: 1.091 | Tes Acc: 53.83
INFO >> Epoch: 16  |  Layer: 08  |  Train Loss: 0.803 | Train Acc: 66.31  |  Val Loss: 0.840 | Val Acc: 61.35  |  Test Loss: 1.080 | Tes Acc: 55.08
INFO >> Epoch: 16  |  Layer: 09  |  Train Loss: 0.792 | Train Acc: 66.54  |  Val Loss: 0.839 | Val Acc: 60.44  |  Test Loss: 1.089 | Tes Acc: 55.35
INFO >> Epoch: 16  |  Layer: 10  |  Train Loss: 0.794 | Train Acc: 66.66  |  Val Loss: 0.831 | Val Acc: 61.24  |  Test Loss: 1.072 | Tes Acc: 55.44
INFO >> Epoch: 16  |  Layer: 11  |  Train Loss: 0.802 | Train Acc: 66.28  |  Val Loss: 0.832 | Val Acc: 62.05  |  Test Loss: 1.064 | Tes Acc: 54.37
INFO >> Epoch: 16  |  Layer: 12  |  Train Loss: 0.804 | Train Acc: 65.78  |  Val Loss: 0.840 | Val Acc: 62.65  |  Test Loss: 1.070 | Tes Acc: 55.08
INFO >> Epoch: 16  |  Layer: 13  |  Train Loss: 0.810 | Train Acc: 65.43  |  Val Loss: 0.836 | Val Acc: 62.75  |  Test Loss: 1.051 | Tes Acc: 55.70

INFO >> Epoch: 17  |  Layer: 01  |  Train Loss: 1.003 | Train Acc: 55.64  |  Val Loss: 1.064 | Val Acc: 51.81  |  Test Loss: 1.342 | Tes Acc: 43.85
INFO >> Epoch: 17  |  Layer: 02  |  Train Loss: 0.984 | Train Acc: 56.34  |  Val Loss: 1.009 | Val Acc: 54.62  |  Test Loss: 1.271 | Tes Acc: 46.79
INFO >> Epoch: 17  |  Layer: 03  |  Train Loss: 0.939 | Train Acc: 58.28  |  Val Loss: 1.008 | Val Acc: 54.82  |  Test Loss: 1.348 | Tes Acc: 44.65
INFO >> Epoch: 17  |  Layer: 04  |  Train Loss: 0.881 | Train Acc: 62.44  |  Val Loss: 0.970 | Val Acc: 56.73  |  Test Loss: 1.300 | Tes Acc: 46.61
INFO >> Epoch: 17  |  Layer: 05  |  Train Loss: 0.855 | Train Acc: 63.81  |  Val Loss: 0.875 | Val Acc: 59.24  |  Test Loss: 1.166 | Tes Acc: 51.16
INFO >> Epoch: 17  |  Layer: 06  |  Train Loss: 0.847 | Train Acc: 64.78  |  Val Loss: 0.863 | Val Acc: 58.53  |  Test Loss: 1.154 | Tes Acc: 50.18
INFO >> Epoch: 17  |  Layer: 07  |  Train Loss: 0.810 | Train Acc: 65.84  |  Val Loss: 0.819 | Val Acc: 64.26  |  Test Loss: 1.142 | Tes Acc: 51.25
INFO >> Epoch: 17  |  Layer: 08  |  Train Loss: 0.795 | Train Acc: 66.89  |  Val Loss: 0.816 | Val Acc: 63.65  |  Test Loss: 1.129 | Tes Acc: 52.58
INFO >> Epoch: 17  |  Layer: 09  |  Train Loss: 0.784 | Train Acc: 66.83  |  Val Loss: 0.808 | Val Acc: 64.66  |  Test Loss: 1.130 | Tes Acc: 53.12
INFO >> Epoch: 17  |  Layer: 10  |  Train Loss: 0.788 | Train Acc: 66.54  |  Val Loss: 0.829 | Val Acc: 62.55  |  Test Loss: 1.159 | Tes Acc: 52.23
INFO >> Epoch: 17  |  Layer: 11  |  Train Loss: 0.797 | Train Acc: 66.63  |  Val Loss: 0.814 | Val Acc: 63.96  |  Test Loss: 1.099 | Tes Acc: 53.83
INFO >> Epoch: 17  |  Layer: 12  |  Train Loss: 0.797 | Train Acc: 66.31  |  Val Loss: 0.823 | Val Acc: 63.76  |  Test Loss: 1.115 | Tes Acc: 53.57
INFO >> Epoch: 17  |  Layer: 13  |  Train Loss: 0.801 | Train Acc: 66.51  |  Val Loss: 0.818 | Val Acc: 63.15  |  Test Loss: 1.090 | Tes Acc: 52.76

INFO >> Epoch: 18  |  Layer: 01  |  Train Loss: 1.010 | Train Acc: 54.85  |  Val Loss: 0.939 | Val Acc: 58.03  |  Test Loss: 1.140 | Tes Acc: 51.34
INFO >> Epoch: 18  |  Layer: 02  |  Train Loss: 0.984 | Train Acc: 56.96  |  Val Loss: 0.911 | Val Acc: 59.34  |  Test Loss: 1.161 | Tes Acc: 50.62
INFO >> Epoch: 18  |  Layer: 03  |  Train Loss: 0.941 | Train Acc: 59.39  |  Val Loss: 0.896 | Val Acc: 58.94  |  Test Loss: 1.151 | Tes Acc: 53.57
INFO >> Epoch: 18  |  Layer: 04  |  Train Loss: 0.881 | Train Acc: 61.76  |  Val Loss: 0.846 | Val Acc: 61.14  |  Test Loss: 1.107 | Tes Acc: 54.46
INFO >> Epoch: 18  |  Layer: 05  |  Train Loss: 0.843 | Train Acc: 64.43  |  Val Loss: 0.818 | Val Acc: 63.55  |  Test Loss: 1.076 | Tes Acc: 55.79
INFO >> Epoch: 18  |  Layer: 06  |  Train Loss: 0.836 | Train Acc: 64.87  |  Val Loss: 0.810 | Val Acc: 64.36  |  Test Loss: 1.029 | Tes Acc: 57.40
INFO >> Epoch: 18  |  Layer: 07  |  Train Loss: 0.800 | Train Acc: 67.21  |  Val Loss: 0.774 | Val Acc: 67.07  |  Test Loss: 0.999 | Tes Acc: 57.84
INFO >> Epoch: 18  |  Layer: 08  |  Train Loss: 0.790 | Train Acc: 67.48  |  Val Loss: 0.777 | Val Acc: 66.16  |  Test Loss: 1.014 | Tes Acc: 58.11
INFO >> Epoch: 18  |  Layer: 09  |  Train Loss: 0.779 | Train Acc: 68.21  |  Val Loss: 0.769 | Val Acc: 66.77  |  Test Loss: 1.004 | Tes Acc: 58.91
INFO >> Epoch: 18  |  Layer: 10  |  Train Loss: 0.782 | Train Acc: 68.53  |  Val Loss: 0.779 | Val Acc: 65.76  |  Test Loss: 1.005 | Tes Acc: 58.91
INFO >> Epoch: 18  |  Layer: 11  |  Train Loss: 0.789 | Train Acc: 67.92  |  Val Loss: 0.775 | Val Acc: 66.37  |  Test Loss: 1.001 | Tes Acc: 59.00
INFO >> Epoch: 18  |  Layer: 12  |  Train Loss: 0.789 | Train Acc: 67.51  |  Val Loss: 0.781 | Val Acc: 66.16  |  Test Loss: 0.985 | Tes Acc: 59.18
INFO >> Epoch: 18  |  Layer: 13  |  Train Loss: 0.797 | Train Acc: 67.10  |  Val Loss: 0.778 | Val Acc: 66.16  |  Test Loss: 0.988 | Tes Acc: 59.80

INFO >> Epoch: 19  |  Layer: 01  |  Train Loss: 0.999 | Train Acc: 55.73  |  Val Loss: 0.940 | Val Acc: 56.43  |  Test Loss: 1.127 | Tes Acc: 51.60
INFO >> Epoch: 19  |  Layer: 02  |  Train Loss: 0.980 | Train Acc: 56.58  |  Val Loss: 0.924 | Val Acc: 58.23  |  Test Loss: 1.132 | Tes Acc: 53.65
INFO >> Epoch: 19  |  Layer: 03  |  Train Loss: 0.936 | Train Acc: 59.39  |  Val Loss: 0.894 | Val Acc: 59.74  |  Test Loss: 1.119 | Tes Acc: 55.44
INFO >> Epoch: 19  |  Layer: 04  |  Train Loss: 0.872 | Train Acc: 62.58  |  Val Loss: 0.844 | Val Acc: 60.94  |  Test Loss: 1.071 | Tes Acc: 55.88
INFO >> Epoch: 19  |  Layer: 05  |  Train Loss: 0.838 | Train Acc: 64.49  |  Val Loss: 0.816 | Val Acc: 63.05  |  Test Loss: 1.037 | Tes Acc: 57.84
INFO >> Epoch: 19  |  Layer: 06  |  Train Loss: 0.830 | Train Acc: 64.69  |  Val Loss: 0.805 | Val Acc: 64.66  |  Test Loss: 1.014 | Tes Acc: 58.91
INFO >> Epoch: 19  |  Layer: 07  |  Train Loss: 0.790 | Train Acc: 67.04  |  Val Loss: 0.772 | Val Acc: 67.17  |  Test Loss: 1.013 | Tes Acc: 58.29
INFO >> Epoch: 19  |  Layer: 08  |  Train Loss: 0.782 | Train Acc: 66.77  |  Val Loss: 0.769 | Val Acc: 67.17  |  Test Loss: 0.999 | Tes Acc: 59.18
INFO >> Epoch: 19  |  Layer: 09  |  Train Loss: 0.769 | Train Acc: 67.21  |  Val Loss: 0.762 | Val Acc: 68.27  |  Test Loss: 0.998 | Tes Acc: 59.27
INFO >> Epoch: 19  |  Layer: 10  |  Train Loss: 0.773 | Train Acc: 67.39  |  Val Loss: 0.774 | Val Acc: 67.17  |  Test Loss: 1.011 | Tes Acc: 59.80
INFO >> Epoch: 19  |  Layer: 11  |  Train Loss: 0.779 | Train Acc: 66.98  |  Val Loss: 0.775 | Val Acc: 65.66  |  Test Loss: 1.012 | Tes Acc: 58.11
INFO >> Epoch: 19  |  Layer: 12  |  Train Loss: 0.781 | Train Acc: 67.01  |  Val Loss: 0.782 | Val Acc: 65.66  |  Test Loss: 1.011 | Tes Acc: 59.54
INFO >> Epoch: 19  |  Layer: 13  |  Train Loss: 0.789 | Train Acc: 66.74  |  Val Loss: 0.781 | Val Acc: 65.36  |  Test Loss: 0.995 | Tes Acc: 58.82

INFO >> Epoch: 20  |  Layer: 01  |  Train Loss: 0.996 | Train Acc: 55.90  |  Val Loss: 0.946 | Val Acc: 57.93  |  Test Loss: 1.096 | Tes Acc: 51.69
INFO >> Epoch: 20  |  Layer: 02  |  Train Loss: 0.975 | Train Acc: 57.22  |  Val Loss: 0.925 | Val Acc: 59.54  |  Test Loss: 1.102 | Tes Acc: 53.12
INFO >> Epoch: 20  |  Layer: 03  |  Train Loss: 0.929 | Train Acc: 59.54  |  Val Loss: 0.886 | Val Acc: 62.75  |  Test Loss: 1.107 | Tes Acc: 53.83
INFO >> Epoch: 20  |  Layer: 04  |  Train Loss: 0.857 | Train Acc: 63.55  |  Val Loss: 0.849 | Val Acc: 63.45  |  Test Loss: 1.044 | Tes Acc: 57.04
INFO >> Epoch: 20  |  Layer: 05  |  Train Loss: 0.824 | Train Acc: 65.37  |  Val Loss: 0.817 | Val Acc: 65.66  |  Test Loss: 1.036 | Tes Acc: 57.93
INFO >> Epoch: 20  |  Layer: 06  |  Train Loss: 0.816 | Train Acc: 65.48  |  Val Loss: 0.803 | Val Acc: 66.67  |  Test Loss: 1.010 | Tes Acc: 59.45
INFO >> Epoch: 20  |  Layer: 07  |  Train Loss: 0.776 | Train Acc: 67.83  |  Val Loss: 0.773 | Val Acc: 68.57  |  Test Loss: 0.995 | Tes Acc: 57.84
INFO >> Epoch: 20  |  Layer: 08  |  Train Loss: 0.764 | Train Acc: 68.30  |  Val Loss: 0.770 | Val Acc: 68.47  |  Test Loss: 0.996 | Tes Acc: 58.91
INFO >> Epoch: 20  |  Layer: 09  |  Train Loss: 0.751 | Train Acc: 68.56  |  Val Loss: 0.771 | Val Acc: 68.57  |  Test Loss: 0.990 | Tes Acc: 58.20
INFO >> Epoch: 20  |  Layer: 10  |  Train Loss: 0.759 | Train Acc: 68.00  |  Val Loss: 0.778 | Val Acc: 67.57  |  Test Loss: 0.985 | Tes Acc: 58.38
INFO >> Epoch: 20  |  Layer: 11  |  Train Loss: 0.764 | Train Acc: 67.71  |  Val Loss: 0.776 | Val Acc: 67.57  |  Test Loss: 0.970 | Tes Acc: 59.45
INFO >> Epoch: 20  |  Layer: 12  |  Train Loss: 0.766 | Train Acc: 67.62  |  Val Loss: 0.782 | Val Acc: 67.17  |  Test Loss: 0.966 | Tes Acc: 60.07
INFO >> Epoch: 20  |  Layer: 13  |  Train Loss: 0.771 | Train Acc: 67.83  |  Val Loss: 0.779 | Val Acc: 67.77  |  Test Loss: 0.961 | Tes Acc: 59.45

INFO >> Epoch: 21  |  Layer: 01  |  Train Loss: 0.998 | Train Acc: 55.26  |  Val Loss: 0.969 | Val Acc: 55.02  |  Test Loss: 1.134 | Tes Acc: 51.52
INFO >> Epoch: 21  |  Layer: 02  |  Train Loss: 0.977 | Train Acc: 57.11  |  Val Loss: 0.993 | Val Acc: 54.72  |  Test Loss: 1.180 | Tes Acc: 50.18
INFO >> Epoch: 21  |  Layer: 03  |  Train Loss: 0.931 | Train Acc: 59.10  |  Val Loss: 0.949 | Val Acc: 57.03  |  Test Loss: 1.195 | Tes Acc: 50.00
INFO >> Epoch: 21  |  Layer: 04  |  Train Loss: 0.860 | Train Acc: 63.02  |  Val Loss: 0.903 | Val Acc: 59.04  |  Test Loss: 1.142 | Tes Acc: 53.48
INFO >> Epoch: 21  |  Layer: 05  |  Train Loss: 0.825 | Train Acc: 64.34  |  Val Loss: 0.865 | Val Acc: 61.35  |  Test Loss: 1.130 | Tes Acc: 54.46
INFO >> Epoch: 21  |  Layer: 06  |  Train Loss: 0.816 | Train Acc: 64.93  |  Val Loss: 0.841 | Val Acc: 62.05  |  Test Loss: 1.104 | Tes Acc: 54.37
INFO >> Epoch: 21  |  Layer: 07  |  Train Loss: 0.781 | Train Acc: 66.89  |  Val Loss: 0.793 | Val Acc: 65.66  |  Test Loss: 1.069 | Tes Acc: 56.95
INFO >> Epoch: 21  |  Layer: 08  |  Train Loss: 0.771 | Train Acc: 67.89  |  Val Loss: 0.796 | Val Acc: 65.16  |  Test Loss: 1.070 | Tes Acc: 56.51
INFO >> Epoch: 21  |  Layer: 09  |  Train Loss: 0.758 | Train Acc: 67.86  |  Val Loss: 0.802 | Val Acc: 63.65  |  Test Loss: 1.101 | Tes Acc: 55.79
INFO >> Epoch: 21  |  Layer: 10  |  Train Loss: 0.764 | Train Acc: 67.95  |  Val Loss: 0.799 | Val Acc: 64.26  |  Test Loss: 1.077 | Tes Acc: 57.84
INFO >> Epoch: 21  |  Layer: 11  |  Train Loss: 0.771 | Train Acc: 67.27  |  Val Loss: 0.823 | Val Acc: 62.25  |  Test Loss: 1.111 | Tes Acc: 54.99
INFO >> Epoch: 21  |  Layer: 12  |  Train Loss: 0.772 | Train Acc: 66.83  |  Val Loss: 0.816 | Val Acc: 62.55  |  Test Loss: 1.079 | Tes Acc: 55.70
INFO >> Epoch: 21  |  Layer: 13  |  Train Loss: 0.778 | Train Acc: 67.10  |  Val Loss: 0.814 | Val Acc: 62.95  |  Test Loss: 1.065 | Tes Acc: 55.79

INFO >> Epoch: 22  |  Layer: 01  |  Train Loss: 0.984 | Train Acc: 56.14  |  Val Loss: 0.989 | Val Acc: 54.92  |  Test Loss: 1.229 | Tes Acc: 51.16
INFO >> Epoch: 22  |  Layer: 02  |  Train Loss: 0.961 | Train Acc: 57.75  |  Val Loss: 0.983 | Val Acc: 55.82  |  Test Loss: 1.205 | Tes Acc: 51.69
INFO >> Epoch: 22  |  Layer: 03  |  Train Loss: 0.912 | Train Acc: 60.94  |  Val Loss: 0.954 | Val Acc: 57.13  |  Test Loss: 1.208 | Tes Acc: 53.12
INFO >> Epoch: 22  |  Layer: 04  |  Train Loss: 0.841 | Train Acc: 64.20  |  Val Loss: 0.921 | Val Acc: 59.04  |  Test Loss: 1.140 | Tes Acc: 56.33
INFO >> Epoch: 22  |  Layer: 05  |  Train Loss: 0.806 | Train Acc: 66.60  |  Val Loss: 0.917 | Val Acc: 59.44  |  Test Loss: 1.119 | Tes Acc: 56.77
INFO >> Epoch: 22  |  Layer: 06  |  Train Loss: 0.798 | Train Acc: 66.54  |  Val Loss: 0.914 | Val Acc: 59.24  |  Test Loss: 1.099 | Tes Acc: 57.22
INFO >> Epoch: 22  |  Layer: 07  |  Train Loss: 0.765 | Train Acc: 68.30  |  Val Loss: 0.831 | Val Acc: 64.16  |  Test Loss: 1.046 | Tes Acc: 59.18
INFO >> Epoch: 22  |  Layer: 08  |  Train Loss: 0.754 | Train Acc: 68.97  |  Val Loss: 0.820 | Val Acc: 64.86  |  Test Loss: 1.045 | Tes Acc: 59.80
INFO >> Epoch: 22  |  Layer: 09  |  Train Loss: 0.740 | Train Acc: 69.35  |  Val Loss: 0.795 | Val Acc: 66.16  |  Test Loss: 1.040 | Tes Acc: 59.98
INFO >> Epoch: 22  |  Layer: 10  |  Train Loss: 0.746 | Train Acc: 69.35  |  Val Loss: 0.837 | Val Acc: 63.55  |  Test Loss: 1.062 | Tes Acc: 59.45
INFO >> Epoch: 22  |  Layer: 11  |  Train Loss: 0.752 | Train Acc: 69.15  |  Val Loss: 0.813 | Val Acc: 65.06  |  Test Loss: 1.030 | Tes Acc: 59.80
INFO >> Epoch: 22  |  Layer: 12  |  Train Loss: 0.757 | Train Acc: 69.03  |  Val Loss: 0.814 | Val Acc: 64.46  |  Test Loss: 1.028 | Tes Acc: 59.45
INFO >> Epoch: 22  |  Layer: 13  |  Train Loss: 0.759 | Train Acc: 69.06  |  Val Loss: 0.828 | Val Acc: 64.66  |  Test Loss: 1.028 | Tes Acc: 59.45

INFO >> Epoch: 23  |  Layer: 01  |  Train Loss: 0.996 | Train Acc: 55.67  |  Val Loss: 0.951 | Val Acc: 55.72  |  Test Loss: 1.171 | Tes Acc: 48.66
INFO >> Epoch: 23  |  Layer: 02  |  Train Loss: 0.971 | Train Acc: 56.61  |  Val Loss: 0.929 | Val Acc: 57.83  |  Test Loss: 1.158 | Tes Acc: 51.25
INFO >> Epoch: 23  |  Layer: 03  |  Train Loss: 0.917 | Train Acc: 60.12  |  Val Loss: 0.877 | Val Acc: 59.64  |  Test Loss: 1.129 | Tes Acc: 52.05
INFO >> Epoch: 23  |  Layer: 04  |  Train Loss: 0.844 | Train Acc: 63.55  |  Val Loss: 0.824 | Val Acc: 63.65  |  Test Loss: 1.086 | Tes Acc: 54.55
INFO >> Epoch: 23  |  Layer: 05  |  Train Loss: 0.814 | Train Acc: 65.54  |  Val Loss: 0.797 | Val Acc: 65.06  |  Test Loss: 1.045 | Tes Acc: 56.77
INFO >> Epoch: 23  |  Layer: 06  |  Train Loss: 0.804 | Train Acc: 65.81  |  Val Loss: 0.784 | Val Acc: 66.16  |  Test Loss: 1.020 | Tes Acc: 58.91
INFO >> Epoch: 23  |  Layer: 07  |  Train Loss: 0.765 | Train Acc: 67.36  |  Val Loss: 0.754 | Val Acc: 68.07  |  Test Loss: 1.021 | Tes Acc: 56.42
INFO >> Epoch: 23  |  Layer: 08  |  Train Loss: 0.753 | Train Acc: 68.56  |  Val Loss: 0.753 | Val Acc: 68.47  |  Test Loss: 1.033 | Tes Acc: 57.40
INFO >> Epoch: 23  |  Layer: 09  |  Train Loss: 0.739 | Train Acc: 69.44  |  Val Loss: 0.748 | Val Acc: 67.87  |  Test Loss: 1.027 | Tes Acc: 59.18
INFO >> Epoch: 23  |  Layer: 10  |  Train Loss: 0.745 | Train Acc: 69.09  |  Val Loss: 0.751 | Val Acc: 67.97  |  Test Loss: 1.028 | Tes Acc: 58.65
INFO >> Epoch: 23  |  Layer: 11  |  Train Loss: 0.749 | Train Acc: 68.97  |  Val Loss: 0.757 | Val Acc: 68.27  |  Test Loss: 1.016 | Tes Acc: 57.40
INFO >> Epoch: 23  |  Layer: 12  |  Train Loss: 0.752 | Train Acc: 68.47  |  Val Loss: 0.766 | Val Acc: 66.97  |  Test Loss: 1.016 | Tes Acc: 57.22
INFO >> Epoch: 23  |  Layer: 13  |  Train Loss: 0.759 | Train Acc: 68.74  |  Val Loss: 0.762 | Val Acc: 67.07  |  Test Loss: 0.997 | Tes Acc: 58.47

INFO >> Epoch: 24  |  Layer: 01  |  Train Loss: 1.016 | Train Acc: 54.23  |  Val Loss: 0.941 | Val Acc: 57.03  |  Test Loss: 1.225 | Tes Acc: 46.97
INFO >> Epoch: 24  |  Layer: 02  |  Train Loss: 0.976 | Train Acc: 56.40  |  Val Loss: 0.941 | Val Acc: 57.23  |  Test Loss: 1.222 | Tes Acc: 49.02
INFO >> Epoch: 24  |  Layer: 03  |  Train Loss: 0.915 | Train Acc: 60.50  |  Val Loss: 0.956 | Val Acc: 57.13  |  Test Loss: 1.260 | Tes Acc: 49.64
INFO >> Epoch: 24  |  Layer: 04  |  Train Loss: 0.842 | Train Acc: 64.34  |  Val Loss: 0.873 | Val Acc: 61.24  |  Test Loss: 1.137 | Tes Acc: 55.79
INFO >> Epoch: 24  |  Layer: 05  |  Train Loss: 0.809 | Train Acc: 65.37  |  Val Loss: 0.852 | Val Acc: 62.45  |  Test Loss: 1.120 | Tes Acc: 56.42
INFO >> Epoch: 24  |  Layer: 06  |  Train Loss: 0.804 | Train Acc: 65.54  |  Val Loss: 0.839 | Val Acc: 62.45  |  Test Loss: 1.087 | Tes Acc: 57.13
INFO >> Epoch: 24  |  Layer: 07  |  Train Loss: 0.764 | Train Acc: 67.65  |  Val Loss: 0.780 | Val Acc: 66.47  |  Test Loss: 1.028 | Tes Acc: 59.36
INFO >> Epoch: 24  |  Layer: 08  |  Train Loss: 0.753 | Train Acc: 68.09  |  Val Loss: 0.794 | Val Acc: 65.16  |  Test Loss: 1.061 | Tes Acc: 59.18
INFO >> Epoch: 24  |  Layer: 09  |  Train Loss: 0.740 | Train Acc: 68.41  |  Val Loss: 0.779 | Val Acc: 64.96  |  Test Loss: 1.044 | Tes Acc: 59.89
INFO >> Epoch: 24  |  Layer: 10  |  Train Loss: 0.746 | Train Acc: 68.06  |  Val Loss: 0.796 | Val Acc: 64.16  |  Test Loss: 1.057 | Tes Acc: 58.20
INFO >> Epoch: 24  |  Layer: 11  |  Train Loss: 0.752 | Train Acc: 67.77  |  Val Loss: 0.780 | Val Acc: 65.36  |  Test Loss: 1.016 | Tes Acc: 59.63
INFO >> Epoch: 24  |  Layer: 12  |  Train Loss: 0.755 | Train Acc: 67.89  |  Val Loss: 0.790 | Val Acc: 64.26  |  Test Loss: 1.023 | Tes Acc: 59.63
INFO >> Epoch: 24  |  Layer: 13  |  Train Loss: 0.758 | Train Acc: 67.95  |  Val Loss: 0.783 | Val Acc: 65.16  |  Test Loss: 1.009 | Tes Acc: 59.80

INFO >> Epoch: 25  |  Layer: 01  |  Train Loss: 1.007 | Train Acc: 53.97  |  Val Loss: 0.960 | Val Acc: 52.01  |  Test Loss: 1.257 | Tes Acc: 45.19
INFO >> Epoch: 25  |  Layer: 02  |  Train Loss: 0.977 | Train Acc: 57.13  |  Val Loss: 0.950 | Val Acc: 53.92  |  Test Loss: 1.231 | Tes Acc: 46.61
INFO >> Epoch: 25  |  Layer: 03  |  Train Loss: 0.926 | Train Acc: 59.86  |  Val Loss: 0.899 | Val Acc: 58.43  |  Test Loss: 1.185 | Tes Acc: 47.86
INFO >> Epoch: 25  |  Layer: 04  |  Train Loss: 0.848 | Train Acc: 63.70  |  Val Loss: 0.829 | Val Acc: 64.06  |  Test Loss: 1.057 | Tes Acc: 54.55
INFO >> Epoch: 25  |  Layer: 05  |  Train Loss: 0.818 | Train Acc: 65.22  |  Val Loss: 0.796 | Val Acc: 66.16  |  Test Loss: 1.022 | Tes Acc: 56.33
INFO >> Epoch: 25  |  Layer: 06  |  Train Loss: 0.813 | Train Acc: 65.22  |  Val Loss: 0.792 | Val Acc: 66.77  |  Test Loss: 1.003 | Tes Acc: 57.75
INFO >> Epoch: 25  |  Layer: 07  |  Train Loss: 0.766 | Train Acc: 68.24  |  Val Loss: 0.772 | Val Acc: 66.06  |  Test Loss: 1.005 | Tes Acc: 56.51
INFO >> Epoch: 25  |  Layer: 08  |  Train Loss: 0.757 | Train Acc: 68.68  |  Val Loss: 0.776 | Val Acc: 65.46  |  Test Loss: 1.001 | Tes Acc: 58.47
INFO >> Epoch: 25  |  Layer: 09  |  Train Loss: 0.741 | Train Acc: 69.03  |  Val Loss: 0.779 | Val Acc: 65.36  |  Test Loss: 1.020 | Tes Acc: 58.65
INFO >> Epoch: 25  |  Layer: 10  |  Train Loss: 0.748 | Train Acc: 69.09  |  Val Loss: 0.777 | Val Acc: 65.06  |  Test Loss: 1.000 | Tes Acc: 59.45
INFO >> Epoch: 25  |  Layer: 11  |  Train Loss: 0.749 | Train Acc: 68.94  |  Val Loss: 0.785 | Val Acc: 65.26  |  Test Loss: 1.020 | Tes Acc: 57.49
INFO >> Epoch: 25  |  Layer: 12  |  Train Loss: 0.754 | Train Acc: 68.36  |  Val Loss: 0.777 | Val Acc: 65.66  |  Test Loss: 0.982 | Tes Acc: 59.36
INFO >> Epoch: 25  |  Layer: 13  |  Train Loss: 0.758 | Train Acc: 68.41  |  Val Loss: 0.778 | Val Acc: 65.36  |  Test Loss: 0.994 | Tes Acc: 58.29

INFO >> Epoch: 26  |  Layer: 01  |  Train Loss: 1.009 | Train Acc: 54.67  |  Val Loss: 0.960 | Val Acc: 56.43  |  Test Loss: 1.183 | Tes Acc: 51.78
INFO >> Epoch: 26  |  Layer: 02  |  Train Loss: 0.976 | Train Acc: 56.14  |  Val Loss: 0.939 | Val Acc: 56.43  |  Test Loss: 1.182 | Tes Acc: 51.78
INFO >> Epoch: 26  |  Layer: 03  |  Train Loss: 0.917 | Train Acc: 59.92  |  Val Loss: 0.900 | Val Acc: 59.84  |  Test Loss: 1.142 | Tes Acc: 54.55
INFO >> Epoch: 26  |  Layer: 04  |  Train Loss: 0.842 | Train Acc: 63.23  |  Val Loss: 0.841 | Val Acc: 62.45  |  Test Loss: 1.110 | Tes Acc: 55.70
INFO >> Epoch: 26  |  Layer: 05  |  Train Loss: 0.810 | Train Acc: 65.34  |  Val Loss: 0.808 | Val Acc: 64.86  |  Test Loss: 1.048 | Tes Acc: 58.56
INFO >> Epoch: 26  |  Layer: 06  |  Train Loss: 0.802 | Train Acc: 65.72  |  Val Loss: 0.785 | Val Acc: 65.86  |  Test Loss: 1.027 | Tes Acc: 59.89
INFO >> Epoch: 26  |  Layer: 07  |  Train Loss: 0.758 | Train Acc: 68.21  |  Val Loss: 0.752 | Val Acc: 68.37  |  Test Loss: 0.990 | Tes Acc: 60.70
INFO >> Epoch: 26  |  Layer: 08  |  Train Loss: 0.747 | Train Acc: 68.41  |  Val Loss: 0.747 | Val Acc: 68.67  |  Test Loss: 1.016 | Tes Acc: 59.36
INFO >> Epoch: 26  |  Layer: 09  |  Train Loss: 0.732 | Train Acc: 69.18  |  Val Loss: 0.748 | Val Acc: 68.67  |  Test Loss: 1.021 | Tes Acc: 59.00
INFO >> Epoch: 26  |  Layer: 10  |  Train Loss: 0.736 | Train Acc: 69.59  |  Val Loss: 0.747 | Val Acc: 68.37  |  Test Loss: 1.019 | Tes Acc: 59.80
INFO >> Epoch: 26  |  Layer: 11  |  Train Loss: 0.743 | Train Acc: 68.85  |  Val Loss: 0.750 | Val Acc: 68.37  |  Test Loss: 0.993 | Tes Acc: 60.52
INFO >> Epoch: 26  |  Layer: 12  |  Train Loss: 0.744 | Train Acc: 68.65  |  Val Loss: 0.755 | Val Acc: 67.17  |  Test Loss: 1.002 | Tes Acc: 59.36
INFO >> Epoch: 26  |  Layer: 13  |  Train Loss: 0.752 | Train Acc: 68.12  |  Val Loss: 0.751 | Val Acc: 68.78  |  Test Loss: 0.978 | Tes Acc: 60.61

INFO >> Epoch: 27  |  Layer: 01  |  Train Loss: 0.988 | Train Acc: 55.90  |  Val Loss: 0.952 | Val Acc: 55.52  |  Test Loss: 1.161 | Tes Acc: 51.25
INFO >> Epoch: 27  |  Layer: 02  |  Train Loss: 0.961 | Train Acc: 57.54  |  Val Loss: 0.937 | Val Acc: 56.53  |  Test Loss: 1.145 | Tes Acc: 52.67
INFO >> Epoch: 27  |  Layer: 03  |  Train Loss: 0.898 | Train Acc: 61.65  |  Val Loss: 0.923 | Val Acc: 58.13  |  Test Loss: 1.152 | Tes Acc: 52.76
INFO >> Epoch: 27  |  Layer: 04  |  Train Loss: 0.824 | Train Acc: 65.40  |  Val Loss: 0.853 | Val Acc: 60.14  |  Test Loss: 1.054 | Tes Acc: 57.75
INFO >> Epoch: 27  |  Layer: 05  |  Train Loss: 0.796 | Train Acc: 67.07  |  Val Loss: 0.825 | Val Acc: 62.25  |  Test Loss: 1.034 | Tes Acc: 58.47
INFO >> Epoch: 27  |  Layer: 06  |  Train Loss: 0.786 | Train Acc: 66.63  |  Val Loss: 0.816 | Val Acc: 63.35  |  Test Loss: 1.003 | Tes Acc: 58.82
INFO >> Epoch: 27  |  Layer: 07  |  Train Loss: 0.739 | Train Acc: 69.50  |  Val Loss: 0.771 | Val Acc: 65.46  |  Test Loss: 0.972 | Tes Acc: 61.94
INFO >> Epoch: 27  |  Layer: 08  |  Train Loss: 0.725 | Train Acc: 70.35  |  Val Loss: 0.798 | Val Acc: 65.06  |  Test Loss: 1.008 | Tes Acc: 60.70
INFO >> Epoch: 27  |  Layer: 09  |  Train Loss: 0.710 | Train Acc: 71.14  |  Val Loss: 0.797 | Val Acc: 64.66  |  Test Loss: 1.011 | Tes Acc: 60.70
INFO >> Epoch: 27  |  Layer: 10  |  Train Loss: 0.715 | Train Acc: 70.67  |  Val Loss: 0.789 | Val Acc: 63.86  |  Test Loss: 0.996 | Tes Acc: 61.05
INFO >> Epoch: 27  |  Layer: 11  |  Train Loss: 0.721 | Train Acc: 70.76  |  Val Loss: 0.786 | Val Acc: 63.96  |  Test Loss: 1.001 | Tes Acc: 60.43
INFO >> Epoch: 27  |  Layer: 12  |  Train Loss: 0.727 | Train Acc: 70.20  |  Val Loss: 0.789 | Val Acc: 64.96  |  Test Loss: 0.982 | Tes Acc: 61.41
INFO >> Epoch: 27  |  Layer: 13  |  Train Loss: 0.732 | Train Acc: 69.97  |  Val Loss: 0.774 | Val Acc: 65.16  |  Test Loss: 0.971 | Tes Acc: 61.05

INFO >> Epoch: 28  |  Layer: 01  |  Train Loss: 0.966 | Train Acc: 55.70  |  Val Loss: 0.923 | Val Acc: 58.33  |  Test Loss: 1.201 | Tes Acc: 47.50
INFO >> Epoch: 28  |  Layer: 02  |  Train Loss: 0.936 | Train Acc: 58.39  |  Val Loss: 0.909 | Val Acc: 59.14  |  Test Loss: 1.190 | Tes Acc: 50.53
INFO >> Epoch: 28  |  Layer: 03  |  Train Loss: 0.883 | Train Acc: 61.68  |  Val Loss: 0.887 | Val Acc: 59.64  |  Test Loss: 1.183 | Tes Acc: 51.96
INFO >> Epoch: 28  |  Layer: 04  |  Train Loss: 0.806 | Train Acc: 65.46  |  Val Loss: 0.845 | Val Acc: 61.45  |  Test Loss: 1.118 | Tes Acc: 55.08
INFO >> Epoch: 28  |  Layer: 05  |  Train Loss: 0.779 | Train Acc: 66.48  |  Val Loss: 0.851 | Val Acc: 61.65  |  Test Loss: 1.134 | Tes Acc: 55.79
INFO >> Epoch: 28  |  Layer: 06  |  Train Loss: 0.772 | Train Acc: 66.98  |  Val Loss: 0.829 | Val Acc: 62.85  |  Test Loss: 1.103 | Tes Acc: 56.51
INFO >> Epoch: 28  |  Layer: 07  |  Train Loss: 0.727 | Train Acc: 69.65  |  Val Loss: 0.762 | Val Acc: 67.47  |  Test Loss: 1.033 | Tes Acc: 58.56
INFO >> Epoch: 28  |  Layer: 08  |  Train Loss: 0.718 | Train Acc: 69.91  |  Val Loss: 0.763 | Val Acc: 66.67  |  Test Loss: 1.040 | Tes Acc: 58.65
INFO >> Epoch: 28  |  Layer: 09  |  Train Loss: 0.704 | Train Acc: 70.70  |  Val Loss: 0.768 | Val Acc: 67.47  |  Test Loss: 1.043 | Tes Acc: 59.80
INFO >> Epoch: 28  |  Layer: 10  |  Train Loss: 0.707 | Train Acc: 70.67  |  Val Loss: 0.768 | Val Acc: 66.47  |  Test Loss: 1.037 | Tes Acc: 59.45
INFO >> Epoch: 28  |  Layer: 11  |  Train Loss: 0.712 | Train Acc: 70.17  |  Val Loss: 0.767 | Val Acc: 66.87  |  Test Loss: 1.000 | Tes Acc: 60.78
INFO >> Epoch: 28  |  Layer: 12  |  Train Loss: 0.717 | Train Acc: 70.17  |  Val Loss: 0.771 | Val Acc: 66.37  |  Test Loss: 1.001 | Tes Acc: 59.89
INFO >> Epoch: 28  |  Layer: 13  |  Train Loss: 0.719 | Train Acc: 70.76  |  Val Loss: 0.774 | Val Acc: 66.87  |  Test Loss: 1.012 | Tes Acc: 59.89

INFO >> Epoch: 29  |  Layer: 01  |  Train Loss: 0.966 | Train Acc: 57.11  |  Val Loss: 0.919 | Val Acc: 59.14  |  Test Loss: 1.170 | Tes Acc: 52.14
INFO >> Epoch: 29  |  Layer: 02  |  Train Loss: 0.938 | Train Acc: 59.16  |  Val Loss: 0.907 | Val Acc: 58.84  |  Test Loss: 1.147 | Tes Acc: 53.48
INFO >> Epoch: 29  |  Layer: 03  |  Train Loss: 0.885 | Train Acc: 61.85  |  Val Loss: 0.871 | Val Acc: 61.65  |  Test Loss: 1.123 | Tes Acc: 54.63
INFO >> Epoch: 29  |  Layer: 04  |  Train Loss: 0.804 | Train Acc: 65.90  |  Val Loss: 0.831 | Val Acc: 63.35  |  Test Loss: 1.060 | Tes Acc: 57.13
INFO >> Epoch: 29  |  Layer: 05  |  Train Loss: 0.774 | Train Acc: 67.92  |  Val Loss: 0.806 | Val Acc: 64.06  |  Test Loss: 1.035 | Tes Acc: 58.38
INFO >> Epoch: 29  |  Layer: 06  |  Train Loss: 0.766 | Train Acc: 68.09  |  Val Loss: 0.786 | Val Acc: 64.76  |  Test Loss: 1.029 | Tes Acc: 59.71
INFO >> Epoch: 29  |  Layer: 07  |  Train Loss: 0.720 | Train Acc: 70.58  |  Val Loss: 0.759 | Val Acc: 67.97  |  Test Loss: 1.010 | Tes Acc: 59.00
INFO >> Epoch: 29  |  Layer: 08  |  Train Loss: 0.710 | Train Acc: 70.64  |  Val Loss: 0.768 | Val Acc: 68.07  |  Test Loss: 1.031 | Tes Acc: 59.18
INFO >> Epoch: 29  |  Layer: 09  |  Train Loss: 0.695 | Train Acc: 71.37  |  Val Loss: 0.758 | Val Acc: 68.47  |  Test Loss: 1.028 | Tes Acc: 60.25
INFO >> Epoch: 29  |  Layer: 10  |  Train Loss: 0.702 | Train Acc: 70.52  |  Val Loss: 0.766 | Val Acc: 67.87  |  Test Loss: 0.993 | Tes Acc: 61.23
INFO >> Epoch: 29  |  Layer: 11  |  Train Loss: 0.707 | Train Acc: 71.05  |  Val Loss: 0.767 | Val Acc: 68.57  |  Test Loss: 0.986 | Tes Acc: 60.78
INFO >> Epoch: 29  |  Layer: 12  |  Train Loss: 0.709 | Train Acc: 71.05  |  Val Loss: 0.768 | Val Acc: 67.47  |  Test Loss: 0.984 | Tes Acc: 60.61
INFO >> Epoch: 29  |  Layer: 13  |  Train Loss: 0.714 | Train Acc: 70.79  |  Val Loss: 0.770 | Val Acc: 68.47  |  Test Loss: 0.988 | Tes Acc: 60.16

INFO >> Epoch: 30  |  Layer: 01  |  Train Loss: 0.980 | Train Acc: 56.87  |  Val Loss: 0.929 | Val Acc: 57.43  |  Test Loss: 1.170 | Tes Acc: 49.38
INFO >> Epoch: 30  |  Layer: 02  |  Train Loss: 0.953 | Train Acc: 58.57  |  Val Loss: 0.896 | Val Acc: 60.04  |  Test Loss: 1.134 | Tes Acc: 52.23
INFO >> Epoch: 30  |  Layer: 03  |  Train Loss: 0.893 | Train Acc: 61.30  |  Val Loss: 0.879 | Val Acc: 61.45  |  Test Loss: 1.076 | Tes Acc: 55.79
INFO >> Epoch: 30  |  Layer: 04  |  Train Loss: 0.815 | Train Acc: 65.92  |  Val Loss: 0.835 | Val Acc: 65.16  |  Test Loss: 1.031 | Tes Acc: 58.02
INFO >> Epoch: 30  |  Layer: 05  |  Train Loss: 0.787 | Train Acc: 67.45  |  Val Loss: 0.817 | Val Acc: 65.66  |  Test Loss: 1.008 | Tes Acc: 59.80
INFO >> Epoch: 30  |  Layer: 06  |  Train Loss: 0.779 | Train Acc: 67.42  |  Val Loss: 0.816 | Val Acc: 65.96  |  Test Loss: 0.981 | Tes Acc: 60.16
INFO >> Epoch: 30  |  Layer: 07  |  Train Loss: 0.731 | Train Acc: 69.70  |  Val Loss: 0.790 | Val Acc: 66.06  |  Test Loss: 0.971 | Tes Acc: 60.78
INFO >> Epoch: 30  |  Layer: 08  |  Train Loss: 0.716 | Train Acc: 70.29  |  Val Loss: 0.801 | Val Acc: 65.76  |  Test Loss: 1.011 | Tes Acc: 59.63
INFO >> Epoch: 30  |  Layer: 09  |  Train Loss: 0.701 | Train Acc: 71.26  |  Val Loss: 0.806 | Val Acc: 64.96  |  Test Loss: 1.027 | Tes Acc: 59.00
INFO >> Epoch: 30  |  Layer: 10  |  Train Loss: 0.709 | Train Acc: 70.76  |  Val Loss: 0.806 | Val Acc: 65.06  |  Test Loss: 1.015 | Tes Acc: 60.07
INFO >> Epoch: 30  |  Layer: 11  |  Train Loss: 0.710 | Train Acc: 70.73  |  Val Loss: 0.809 | Val Acc: 65.06  |  Test Loss: 1.020 | Tes Acc: 58.91
INFO >> Epoch: 30  |  Layer: 12  |  Train Loss: 0.714 | Train Acc: 70.06  |  Val Loss: 0.818 | Val Acc: 65.36  |  Test Loss: 1.032 | Tes Acc: 58.02
INFO >> Epoch: 30  |  Layer: 13  |  Train Loss: 0.722 | Train Acc: 69.79  |  Val Loss: 0.813 | Val Acc: 64.86  |  Test Loss: 0.985 | Tes Acc: 60.16



INFO >> Time Taken: 1:26:46

INFO >> Layer: 01  |  Best Val Acc: 59.14  |  Best Test Acc: 52.14
INFO >> Layer: 02  |  Best Val Acc: 60.04  |  Best Test Acc: 52.23
INFO >> Layer: 03  |  Best Val Acc: 62.75  |  Best Test Acc: 53.83
INFO >> Layer: 04  |  Best Val Acc: 65.16  |  Best Test Acc: 58.02
INFO >> Layer: 05  |  Best Val Acc: 66.16  |  Best Test Acc: 56.33
INFO >> Layer: 06  |  Best Val Acc: 66.77  |  Best Test Acc: 57.75
INFO >> Layer: 07  |  Best Val Acc: 68.57  |  Best Test Acc: 57.84
INFO >> Layer: 08  |  Best Val Acc: 68.67  |  Best Test Acc: 59.36
INFO >> Layer: 09  |  Best Val Acc: 68.67  |  Best Test Acc: 59.00
INFO >> Layer: 10  |  Best Val Acc: 68.37  |  Best Test Acc: 59.80
INFO >> Layer: 11  |  Best Val Acc: 68.57  |  Best Test Acc: 60.78
INFO >> Layer: 12  |  Best Val Acc: 67.47  |  Best Test Acc: 60.61
INFO >> Layer: 13  |  Best Val Acc: 68.78  |  Best Test Acc: 60.61

DEBUG >> Last state saved
INFO >> Mixing Weights (softmax): 
1.0
[0.4642682373523712, 0.5357317924499512]
[0.22890709340572357, 0.2998001277446747, 0.47129273414611816]
[0.1454760581254959, 0.1267559975385666, 0.26282376050949097, 0.4649442732334137]
[0.10642347484827042, 0.07693937420845032, 0.12922975420951843, 0.37175464630126953, 0.3156527876853943]
[0.10167364776134491, 0.06158868223428726, 0.09529368579387665, 0.2547883987426758, 0.29375696182250977, 0.19289861619472504]
[0.07829718291759491, 0.045825399458408356, 0.06796297430992126, 0.13795191049575806, 0.17170371115207672, 0.11695805937051773, 0.38130074739456177]
[0.07757514715194702, 0.043944742530584335, 0.05936736986041069, 0.09502536058425903, 0.11715199798345566, 0.10190480947494507, 0.30438393354415894, 0.20064668357372284]
[0.06214951351284981, 0.03997398167848587, 0.05019209533929825, 0.07385161519050598, 0.09560443460941315, 0.08400566875934601, 0.2992047667503357, 0.17929288744926453, 0.11572504788637161]
[0.05638974532485008, 0.03952407464385033, 0.04989521577954292, 0.07190016657114029, 0.09016161412000656, 0.07855463027954102, 0.2639726400375366, 0.16927450895309448, 0.11718542128801346, 0.06314195692539215]
[0.060771699994802475, 0.03606453165411949, 0.045183032751083374, 0.06552646309137344, 0.08632756769657135, 0.07994860410690308, 0.21556584537029266, 0.1639464795589447, 0.12398325651884079, 0.060116760432720184, 0.06256570667028427]
[0.056992944329977036, 0.0353705957531929, 0.043272413313388824, 0.06199265271425247, 0.08452144265174866, 0.07512275129556656, 0.20121386647224426, 0.16212128102779388, 0.1118319183588028, 0.05997028201818466, 0.06150590628385544, 0.04608389735221863]
[0.05665791034698486, 0.03381690755486488, 0.03771378472447395, 0.05483795702457428, 0.07618964463472366, 0.07473199814558029, 0.1791260540485382, 0.15232111513614655, 0.11329486966133118, 0.05922146141529083, 0.0571453720331192, 0.04026029258966446, 0.06468256562948227]


INFO >> History saved (./history/v1.5/IEMOCAP/FX_WAV2VEC2_BASE_CLF_CM_PROBING_LINEAR/Run1/history.pt)
