
--------------------------------------------------
Multilingual SER System v1.4
--------------------------------------------------
Run Name      : Run3
Fx Model      : WAV2VEC2_BASE
Clf Model     : PROBING
Extract Mode  : gpu_memory
Dataset       : CaFE
Device        : gpu
Epochs        : 30
Num Workers   : 3
Data Dir      : ./data
History Dir   : ./history
Weights Dir   : ./weights
Log Level     : debug
Purge Cache   : False
Job Name      : Job321
Job Id        : 30913100
GPU           : Quadro RTX 8000
GPU Count     : 1
GPU Memory    : 44.49 GB

Timestamp : 2023-03-11 11:41:36.730543

INFO >> Running on CUDA


INFO >> Training Classifier

INFO >> Epoch: 1  |  Layer:  1  |  Train Loss: 1.939 | Train Acc: 16.12  |  Val Loss: 1.930 | Val Acc: 19.87  |  Test Loss: 1.924 | Tes Acc: 17.52
INFO >> Epoch: 1  |  Layer:  2  |  Train Loss: 1.922 | Train Acc: 15.02  |  Val Loss: 1.890 | Val Acc: 20.51  |  Test Loss: 1.892 | Tes Acc: 24.36
INFO >> Epoch: 1  |  Layer:  3  |  Train Loss: 1.918 | Train Acc: 16.12  |  Val Loss: 1.881 | Val Acc: 17.95  |  Test Loss: 1.885 | Tes Acc: 20.94
INFO >> Epoch: 1  |  Layer:  4  |  Train Loss: 1.921 | Train Acc: 16.85  |  Val Loss: 1.882 | Val Acc: 16.67  |  Test Loss: 1.885 | Tes Acc: 18.80
INFO >> Epoch: 1  |  Layer:  5  |  Train Loss: 1.906 | Train Acc: 19.23  |  Val Loss: 1.863 | Val Acc: 21.15  |  Test Loss: 1.867 | Tes Acc: 28.63
INFO >> Epoch: 1  |  Layer:  6  |  Train Loss: 1.916 | Train Acc: 18.68  |  Val Loss: 1.877 | Val Acc: 21.79  |  Test Loss: 1.880 | Tes Acc: 23.50
INFO >> Epoch: 1  |  Layer:  7  |  Train Loss: 1.908 | Train Acc: 17.58  |  Val Loss: 1.862 | Val Acc: 23.08  |  Test Loss: 1.870 | Tes Acc: 26.92
INFO >> Epoch: 1  |  Layer:  8  |  Train Loss: 1.908 | Train Acc: 19.41  |  Val Loss: 1.866 | Val Acc: 25.00  |  Test Loss: 1.869 | Tes Acc: 29.49
INFO >> Epoch: 1  |  Layer:  9  |  Train Loss: 1.913 | Train Acc: 17.95  |  Val Loss: 1.870 | Val Acc: 28.21  |  Test Loss: 1.875 | Tes Acc: 34.19
INFO >> Epoch: 1  |  Layer: 10  |  Train Loss: 1.915 | Train Acc: 17.58  |  Val Loss: 1.875 | Val Acc: 28.85  |  Test Loss: 1.881 | Tes Acc: 29.06
INFO >> Epoch: 1  |  Layer: 11  |  Train Loss: 1.914 | Train Acc: 15.57  |  Val Loss: 1.882 | Val Acc: 24.36  |  Test Loss: 1.891 | Tes Acc: 31.62
INFO >> Epoch: 1  |  Layer: 12  |  Train Loss: 1.930 | Train Acc: 14.47  |  Val Loss: 1.917 | Val Acc: 19.87  |  Test Loss: 1.928 | Tes Acc: 23.50
INFO >> Epoch: 1  |  Layer: 13  |  Train Loss: 1.923 | Train Acc: 14.47  |  Val Loss: 1.900 | Val Acc: 19.87  |  Test Loss: 1.904 | Tes Acc: 20.09

INFO >> Epoch: 2  |  Layer:  1  |  Train Loss: 1.885 | Train Acc: 16.67  |  Val Loss: 1.869 | Val Acc: 23.72  |  Test Loss: 1.858 | Tes Acc: 23.50
INFO >> Epoch: 2  |  Layer:  2  |  Train Loss: 1.877 | Train Acc: 23.99  |  Val Loss: 1.872 | Val Acc: 22.44  |  Test Loss: 1.862 | Tes Acc: 20.94
INFO >> Epoch: 2  |  Layer:  3  |  Train Loss: 1.866 | Train Acc: 24.36  |  Val Loss: 1.854 | Val Acc: 23.72  |  Test Loss: 1.848 | Tes Acc: 25.64
INFO >> Epoch: 2  |  Layer:  4  |  Train Loss: 1.852 | Train Acc: 32.42  |  Val Loss: 1.839 | Val Acc: 31.41  |  Test Loss: 1.839 | Tes Acc: 32.91
INFO >> Epoch: 2  |  Layer:  5  |  Train Loss: 1.825 | Train Acc: 34.98  |  Val Loss: 1.801 | Val Acc: 35.90  |  Test Loss: 1.796 | Tes Acc: 31.62
INFO >> Epoch: 2  |  Layer:  6  |  Train Loss: 1.836 | Train Acc: 33.33  |  Val Loss: 1.812 | Val Acc: 40.38  |  Test Loss: 1.813 | Tes Acc: 36.75
INFO >> Epoch: 2  |  Layer:  7  |  Train Loss: 1.808 | Train Acc: 38.10  |  Val Loss: 1.791 | Val Acc: 35.26  |  Test Loss: 1.790 | Tes Acc: 33.76
INFO >> Epoch: 2  |  Layer:  8  |  Train Loss: 1.814 | Train Acc: 32.23  |  Val Loss: 1.806 | Val Acc: 27.56  |  Test Loss: 1.802 | Tes Acc: 30.77
INFO >> Epoch: 2  |  Layer:  9  |  Train Loss: 1.824 | Train Acc: 32.23  |  Val Loss: 1.821 | Val Acc: 23.72  |  Test Loss: 1.810 | Tes Acc: 28.63
INFO >> Epoch: 2  |  Layer: 10  |  Train Loss: 1.840 | Train Acc: 29.30  |  Val Loss: 1.818 | Val Acc: 23.72  |  Test Loss: 1.828 | Tes Acc: 27.78
INFO >> Epoch: 2  |  Layer: 11  |  Train Loss: 1.850 | Train Acc: 26.92  |  Val Loss: 1.820 | Val Acc: 29.49  |  Test Loss: 1.836 | Tes Acc: 30.77
INFO >> Epoch: 2  |  Layer: 12  |  Train Loss: 1.897 | Train Acc: 19.96  |  Val Loss: 1.895 | Val Acc: 21.15  |  Test Loss: 1.913 | Tes Acc: 20.51
INFO >> Epoch: 2  |  Layer: 13  |  Train Loss: 1.887 | Train Acc: 20.88  |  Val Loss: 1.874 | Val Acc: 22.44  |  Test Loss: 1.875 | Tes Acc: 20.09

INFO >> Epoch: 3  |  Layer:  1  |  Train Loss: 1.848 | Train Acc: 21.61  |  Val Loss: 1.845 | Val Acc: 23.72  |  Test Loss: 1.829 | Tes Acc: 18.38
INFO >> Epoch: 3  |  Layer:  2  |  Train Loss: 1.832 | Train Acc: 26.56  |  Val Loss: 1.823 | Val Acc: 23.72  |  Test Loss: 1.822 | Tes Acc: 29.06
INFO >> Epoch: 3  |  Layer:  3  |  Train Loss: 1.816 | Train Acc: 26.37  |  Val Loss: 1.790 | Val Acc: 28.85  |  Test Loss: 1.799 | Tes Acc: 29.49
INFO >> Epoch: 3  |  Layer:  4  |  Train Loss: 1.788 | Train Acc: 32.60  |  Val Loss: 1.772 | Val Acc: 35.90  |  Test Loss: 1.780 | Tes Acc: 34.19
INFO >> Epoch: 3  |  Layer:  5  |  Train Loss: 1.742 | Train Acc: 36.45  |  Val Loss: 1.719 | Val Acc: 35.90  |  Test Loss: 1.719 | Tes Acc: 36.75
INFO >> Epoch: 3  |  Layer:  6  |  Train Loss: 1.744 | Train Acc: 45.24  |  Val Loss: 1.731 | Val Acc: 35.26  |  Test Loss: 1.741 | Tes Acc: 35.04
INFO >> Epoch: 3  |  Layer:  7  |  Train Loss: 1.699 | Train Acc: 48.90  |  Val Loss: 1.697 | Val Acc: 39.74  |  Test Loss: 1.708 | Tes Acc: 41.88
INFO >> Epoch: 3  |  Layer:  8  |  Train Loss: 1.713 | Train Acc: 44.51  |  Val Loss: 1.730 | Val Acc: 42.31  |  Test Loss: 1.737 | Tes Acc: 39.74
INFO >> Epoch: 3  |  Layer:  9  |  Train Loss: 1.733 | Train Acc: 39.19  |  Val Loss: 1.741 | Val Acc: 43.59  |  Test Loss: 1.749 | Tes Acc: 37.61
INFO >> Epoch: 3  |  Layer: 10  |  Train Loss: 1.764 | Train Acc: 31.14  |  Val Loss: 1.753 | Val Acc: 32.69  |  Test Loss: 1.770 | Tes Acc: 34.19
INFO >> Epoch: 3  |  Layer: 11  |  Train Loss: 1.784 | Train Acc: 31.50  |  Val Loss: 1.767 | Val Acc: 33.97  |  Test Loss: 1.794 | Tes Acc: 29.91
INFO >> Epoch: 3  |  Layer: 12  |  Train Loss: 1.872 | Train Acc: 21.61  |  Val Loss: 1.884 | Val Acc: 25.64  |  Test Loss: 1.903 | Tes Acc: 19.23
INFO >> Epoch: 3  |  Layer: 13  |  Train Loss: 1.854 | Train Acc: 23.63  |  Val Loss: 1.863 | Val Acc: 20.51  |  Test Loss: 1.871 | Tes Acc: 20.09

INFO >> Epoch: 4  |  Layer:  1  |  Train Loss: 1.840 | Train Acc: 21.06  |  Val Loss: 1.837 | Val Acc: 25.64  |  Test Loss: 1.828 | Tes Acc: 20.94
INFO >> Epoch: 4  |  Layer:  2  |  Train Loss: 1.788 | Train Acc: 28.02  |  Val Loss: 1.811 | Val Acc: 29.49  |  Test Loss: 1.791 | Tes Acc: 32.48
INFO >> Epoch: 4  |  Layer:  3  |  Train Loss: 1.753 | Train Acc: 31.87  |  Val Loss: 1.770 | Val Acc: 34.62  |  Test Loss: 1.760 | Tes Acc: 31.20
INFO >> Epoch: 4  |  Layer:  4  |  Train Loss: 1.714 | Train Acc: 38.46  |  Val Loss: 1.727 | Val Acc: 40.38  |  Test Loss: 1.726 | Tes Acc: 34.62
INFO >> Epoch: 4  |  Layer:  5  |  Train Loss: 1.651 | Train Acc: 44.69  |  Val Loss: 1.664 | Val Acc: 39.10  |  Test Loss: 1.652 | Tes Acc: 36.32
INFO >> Epoch: 4  |  Layer:  6  |  Train Loss: 1.646 | Train Acc: 45.97  |  Val Loss: 1.679 | Val Acc: 32.69  |  Test Loss: 1.683 | Tes Acc: 38.03
INFO >> Epoch: 4  |  Layer:  7  |  Train Loss: 1.586 | Train Acc: 50.55  |  Val Loss: 1.634 | Val Acc: 45.51  |  Test Loss: 1.631 | Tes Acc: 38.89
INFO >> Epoch: 4  |  Layer:  8  |  Train Loss: 1.615 | Train Acc: 47.44  |  Val Loss: 1.697 | Val Acc: 38.46  |  Test Loss: 1.676 | Tes Acc: 35.04
INFO >> Epoch: 4  |  Layer:  9  |  Train Loss: 1.636 | Train Acc: 46.89  |  Val Loss: 1.709 | Val Acc: 34.62  |  Test Loss: 1.688 | Tes Acc: 35.47
INFO >> Epoch: 4  |  Layer: 10  |  Train Loss: 1.692 | Train Acc: 40.29  |  Val Loss: 1.722 | Val Acc: 36.54  |  Test Loss: 1.720 | Tes Acc: 34.19
INFO >> Epoch: 4  |  Layer: 11  |  Train Loss: 1.721 | Train Acc: 35.90  |  Val Loss: 1.737 | Val Acc: 32.05  |  Test Loss: 1.740 | Tes Acc: 34.62
INFO >> Epoch: 4  |  Layer: 12  |  Train Loss: 1.855 | Train Acc: 21.06  |  Val Loss: 1.866 | Val Acc: 23.08  |  Test Loss: 1.891 | Tes Acc: 24.79
INFO >> Epoch: 4  |  Layer: 13  |  Train Loss: 1.840 | Train Acc: 21.98  |  Val Loss: 1.836 | Val Acc: 24.36  |  Test Loss: 1.839 | Tes Acc: 25.64

INFO >> Epoch: 5  |  Layer:  1  |  Train Loss: 1.824 | Train Acc: 21.79  |  Val Loss: 1.818 | Val Acc: 27.56  |  Test Loss: 1.779 | Tes Acc: 29.49
INFO >> Epoch: 5  |  Layer:  2  |  Train Loss: 1.731 | Train Acc: 29.12  |  Val Loss: 1.812 | Val Acc: 29.49  |  Test Loss: 1.773 | Tes Acc: 34.19
INFO >> Epoch: 5  |  Layer:  3  |  Train Loss: 1.704 | Train Acc: 31.32  |  Val Loss: 1.764 | Val Acc: 37.18  |  Test Loss: 1.740 | Tes Acc: 35.04
INFO >> Epoch: 5  |  Layer:  4  |  Train Loss: 1.636 | Train Acc: 37.36  |  Val Loss: 1.678 | Val Acc: 42.31  |  Test Loss: 1.677 | Tes Acc: 39.74
INFO >> Epoch: 5  |  Layer:  5  |  Train Loss: 1.554 | Train Acc: 43.59  |  Val Loss: 1.600 | Val Acc: 50.64  |  Test Loss: 1.581 | Tes Acc: 48.29
INFO >> Epoch: 5  |  Layer:  6  |  Train Loss: 1.520 | Train Acc: 45.60  |  Val Loss: 1.618 | Val Acc: 39.74  |  Test Loss: 1.593 | Tes Acc: 48.29
INFO >> Epoch: 5  |  Layer:  7  |  Train Loss: 1.444 | Train Acc: 52.93  |  Val Loss: 1.568 | Val Acc: 46.15  |  Test Loss: 1.535 | Tes Acc: 50.00
INFO >> Epoch: 5  |  Layer:  8  |  Train Loss: 1.507 | Train Acc: 48.72  |  Val Loss: 1.642 | Val Acc: 34.62  |  Test Loss: 1.585 | Tes Acc: 44.44
INFO >> Epoch: 5  |  Layer:  9  |  Train Loss: 1.538 | Train Acc: 46.70  |  Val Loss: 1.657 | Val Acc: 37.18  |  Test Loss: 1.614 | Tes Acc: 42.74
INFO >> Epoch: 5  |  Layer: 10  |  Train Loss: 1.608 | Train Acc: 39.19  |  Val Loss: 1.666 | Val Acc: 44.87  |  Test Loss: 1.659 | Tes Acc: 40.17
INFO >> Epoch: 5  |  Layer: 11  |  Train Loss: 1.646 | Train Acc: 36.08  |  Val Loss: 1.688 | Val Acc: 41.67  |  Test Loss: 1.692 | Tes Acc: 39.32
INFO >> Epoch: 5  |  Layer: 12  |  Train Loss: 1.820 | Train Acc: 25.09  |  Val Loss: 1.857 | Val Acc: 23.08  |  Test Loss: 1.878 | Tes Acc: 22.22
INFO >> Epoch: 5  |  Layer: 13  |  Train Loss: 1.779 | Train Acc: 28.02  |  Val Loss: 1.839 | Val Acc: 24.36  |  Test Loss: 1.834 | Tes Acc: 23.08

INFO >> Epoch: 6  |  Layer:  1  |  Train Loss: 1.780 | Train Acc: 27.11  |  Val Loss: 1.800 | Val Acc: 24.36  |  Test Loss: 1.749 | Tes Acc: 26.07
INFO >> Epoch: 6  |  Layer:  2  |  Train Loss: 1.716 | Train Acc: 31.14  |  Val Loss: 1.783 | Val Acc: 30.77  |  Test Loss: 1.745 | Tes Acc: 31.20
INFO >> Epoch: 6  |  Layer:  3  |  Train Loss: 1.670 | Train Acc: 37.00  |  Val Loss: 1.732 | Val Acc: 31.41  |  Test Loss: 1.714 | Tes Acc: 36.32
INFO >> Epoch: 6  |  Layer:  4  |  Train Loss: 1.566 | Train Acc: 43.22  |  Val Loss: 1.629 | Val Acc: 39.74  |  Test Loss: 1.628 | Tes Acc: 41.45
INFO >> Epoch: 6  |  Layer:  5  |  Train Loss: 1.482 | Train Acc: 47.62  |  Val Loss: 1.547 | Val Acc: 45.51  |  Test Loss: 1.523 | Tes Acc: 47.86
INFO >> Epoch: 6  |  Layer:  6  |  Train Loss: 1.451 | Train Acc: 50.00  |  Val Loss: 1.569 | Val Acc: 39.10  |  Test Loss: 1.571 | Tes Acc: 44.02
INFO >> Epoch: 6  |  Layer:  7  |  Train Loss: 1.365 | Train Acc: 55.86  |  Val Loss: 1.508 | Val Acc: 52.56  |  Test Loss: 1.517 | Tes Acc: 46.58
INFO >> Epoch: 6  |  Layer:  8  |  Train Loss: 1.434 | Train Acc: 52.01  |  Val Loss: 1.604 | Val Acc: 43.59  |  Test Loss: 1.583 | Tes Acc: 38.46
INFO >> Epoch: 6  |  Layer:  9  |  Train Loss: 1.471 | Train Acc: 47.44  |  Val Loss: 1.629 | Val Acc: 41.03  |  Test Loss: 1.611 | Tes Acc: 37.61
INFO >> Epoch: 6  |  Layer: 10  |  Train Loss: 1.551 | Train Acc: 45.24  |  Val Loss: 1.639 | Val Acc: 39.74  |  Test Loss: 1.632 | Tes Acc: 40.60
INFO >> Epoch: 6  |  Layer: 11  |  Train Loss: 1.590 | Train Acc: 43.22  |  Val Loss: 1.673 | Val Acc: 36.54  |  Test Loss: 1.662 | Tes Acc: 39.32
INFO >> Epoch: 6  |  Layer: 12  |  Train Loss: 1.814 | Train Acc: 26.74  |  Val Loss: 1.846 | Val Acc: 26.28  |  Test Loss: 1.866 | Tes Acc: 21.79
INFO >> Epoch: 6  |  Layer: 13  |  Train Loss: 1.778 | Train Acc: 27.11  |  Val Loss: 1.819 | Val Acc: 24.36  |  Test Loss: 1.820 | Tes Acc: 25.64

INFO >> Epoch: 7  |  Layer:  1  |  Train Loss: 1.760 | Train Acc: 28.21  |  Val Loss: 1.788 | Val Acc: 28.21  |  Test Loss: 1.749 | Tes Acc: 22.22
INFO >> Epoch: 7  |  Layer:  2  |  Train Loss: 1.696 | Train Acc: 35.16  |  Val Loss: 1.750 | Val Acc: 32.69  |  Test Loss: 1.720 | Tes Acc: 33.33
INFO >> Epoch: 7  |  Layer:  3  |  Train Loss: 1.643 | Train Acc: 37.91  |  Val Loss: 1.685 | Val Acc: 32.69  |  Test Loss: 1.680 | Tes Acc: 36.32
INFO >> Epoch: 7  |  Layer:  4  |  Train Loss: 1.519 | Train Acc: 47.62  |  Val Loss: 1.588 | Val Acc: 35.90  |  Test Loss: 1.565 | Tes Acc: 44.02
INFO >> Epoch: 7  |  Layer:  5  |  Train Loss: 1.426 | Train Acc: 52.20  |  Val Loss: 1.499 | Val Acc: 41.03  |  Test Loss: 1.464 | Tes Acc: 49.57
INFO >> Epoch: 7  |  Layer:  6  |  Train Loss: 1.396 | Train Acc: 53.66  |  Val Loss: 1.486 | Val Acc: 47.44  |  Test Loss: 1.488 | Tes Acc: 47.44
INFO >> Epoch: 7  |  Layer:  7  |  Train Loss: 1.296 | Train Acc: 61.36  |  Val Loss: 1.433 | Val Acc: 49.36  |  Test Loss: 1.415 | Tes Acc: 52.14
INFO >> Epoch: 7  |  Layer:  8  |  Train Loss: 1.386 | Train Acc: 56.23  |  Val Loss: 1.534 | Val Acc: 41.67  |  Test Loss: 1.506 | Tes Acc: 47.01
INFO >> Epoch: 7  |  Layer:  9  |  Train Loss: 1.433 | Train Acc: 52.56  |  Val Loss: 1.564 | Val Acc: 35.90  |  Test Loss: 1.554 | Tes Acc: 45.30
INFO >> Epoch: 7  |  Layer: 10  |  Train Loss: 1.522 | Train Acc: 48.53  |  Val Loss: 1.590 | Val Acc: 39.74  |  Test Loss: 1.587 | Tes Acc: 41.88
INFO >> Epoch: 7  |  Layer: 11  |  Train Loss: 1.566 | Train Acc: 44.51  |  Val Loss: 1.639 | Val Acc: 33.97  |  Test Loss: 1.647 | Tes Acc: 42.74
INFO >> Epoch: 7  |  Layer: 12  |  Train Loss: 1.800 | Train Acc: 26.19  |  Val Loss: 1.831 | Val Acc: 23.72  |  Test Loss: 1.857 | Tes Acc: 26.92
INFO >> Epoch: 7  |  Layer: 13  |  Train Loss: 1.751 | Train Acc: 30.77  |  Val Loss: 1.806 | Val Acc: 26.28  |  Test Loss: 1.817 | Tes Acc: 29.49

INFO >> Epoch: 8  |  Layer:  1  |  Train Loss: 1.747 | Train Acc: 26.19  |  Val Loss: 1.763 | Val Acc: 31.41  |  Test Loss: 1.709 | Tes Acc: 35.47
INFO >> Epoch: 8  |  Layer:  2  |  Train Loss: 1.663 | Train Acc: 35.90  |  Val Loss: 1.763 | Val Acc: 33.33  |  Test Loss: 1.699 | Tes Acc: 37.18
INFO >> Epoch: 8  |  Layer:  3  |  Train Loss: 1.607 | Train Acc: 41.03  |  Val Loss: 1.680 | Val Acc: 32.69  |  Test Loss: 1.632 | Tes Acc: 41.88
INFO >> Epoch: 8  |  Layer:  4  |  Train Loss: 1.453 | Train Acc: 49.63  |  Val Loss: 1.544 | Val Acc: 40.38  |  Test Loss: 1.500 | Tes Acc: 44.02
INFO >> Epoch: 8  |  Layer:  5  |  Train Loss: 1.358 | Train Acc: 53.85  |  Val Loss: 1.437 | Val Acc: 48.08  |  Test Loss: 1.382 | Tes Acc: 52.99
INFO >> Epoch: 8  |  Layer:  6  |  Train Loss: 1.301 | Train Acc: 54.40  |  Val Loss: 1.453 | Val Acc: 50.00  |  Test Loss: 1.415 | Tes Acc: 47.44
INFO >> Epoch: 8  |  Layer:  7  |  Train Loss: 1.201 | Train Acc: 63.55  |  Val Loss: 1.401 | Val Acc: 47.44  |  Test Loss: 1.358 | Tes Acc: 50.00
INFO >> Epoch: 8  |  Layer:  8  |  Train Loss: 1.298 | Train Acc: 58.61  |  Val Loss: 1.510 | Val Acc: 40.38  |  Test Loss: 1.427 | Tes Acc: 49.57
INFO >> Epoch: 8  |  Layer:  9  |  Train Loss: 1.362 | Train Acc: 57.88  |  Val Loss: 1.550 | Val Acc: 38.46  |  Test Loss: 1.485 | Tes Acc: 43.16
INFO >> Epoch: 8  |  Layer: 10  |  Train Loss: 1.456 | Train Acc: 52.56  |  Val Loss: 1.560 | Val Acc: 41.03  |  Test Loss: 1.530 | Tes Acc: 43.59
INFO >> Epoch: 8  |  Layer: 11  |  Train Loss: 1.508 | Train Acc: 48.72  |  Val Loss: 1.596 | Val Acc: 37.82  |  Test Loss: 1.563 | Tes Acc: 45.30
INFO >> Epoch: 8  |  Layer: 12  |  Train Loss: 1.787 | Train Acc: 28.39  |  Val Loss: 1.816 | Val Acc: 30.77  |  Test Loss: 1.842 | Tes Acc: 26.50
INFO >> Epoch: 8  |  Layer: 13  |  Train Loss: 1.721 | Train Acc: 30.04  |  Val Loss: 1.799 | Val Acc: 27.56  |  Test Loss: 1.800 | Tes Acc: 30.34

INFO >> Epoch: 9  |  Layer:  1  |  Train Loss: 1.726 | Train Acc: 29.67  |  Val Loss: 1.742 | Val Acc: 31.41  |  Test Loss: 1.691 | Tes Acc: 29.91
INFO >> Epoch: 9  |  Layer:  2  |  Train Loss: 1.639 | Train Acc: 39.38  |  Val Loss: 1.715 | Val Acc: 34.62  |  Test Loss: 1.662 | Tes Acc: 36.75
INFO >> Epoch: 9  |  Layer:  3  |  Train Loss: 1.564 | Train Acc: 44.69  |  Val Loss: 1.632 | Val Acc: 35.90  |  Test Loss: 1.589 | Tes Acc: 42.74
INFO >> Epoch: 9  |  Layer:  4  |  Train Loss: 1.392 | Train Acc: 56.41  |  Val Loss: 1.481 | Val Acc: 38.46  |  Test Loss: 1.447 | Tes Acc: 48.29
INFO >> Epoch: 9  |  Layer:  5  |  Train Loss: 1.298 | Train Acc: 59.89  |  Val Loss: 1.368 | Val Acc: 49.36  |  Test Loss: 1.327 | Tes Acc: 56.84
INFO >> Epoch: 9  |  Layer:  6  |  Train Loss: 1.242 | Train Acc: 62.27  |  Val Loss: 1.403 | Val Acc: 50.00  |  Test Loss: 1.390 | Tes Acc: 51.28
INFO >> Epoch: 9  |  Layer:  7  |  Train Loss: 1.129 | Train Acc: 68.86  |  Val Loss: 1.342 | Val Acc: 53.21  |  Test Loss: 1.335 | Tes Acc: 52.14
INFO >> Epoch: 9  |  Layer:  8  |  Train Loss: 1.214 | Train Acc: 64.84  |  Val Loss: 1.463 | Val Acc: 46.15  |  Test Loss: 1.410 | Tes Acc: 50.43
INFO >> Epoch: 9  |  Layer:  9  |  Train Loss: 1.283 | Train Acc: 62.09  |  Val Loss: 1.503 | Val Acc: 42.95  |  Test Loss: 1.457 | Tes Acc: 49.57
INFO >> Epoch: 9  |  Layer: 10  |  Train Loss: 1.388 | Train Acc: 57.33  |  Val Loss: 1.537 | Val Acc: 39.74  |  Test Loss: 1.500 | Tes Acc: 46.58
INFO >> Epoch: 9  |  Layer: 11  |  Train Loss: 1.448 | Train Acc: 53.11  |  Val Loss: 1.583 | Val Acc: 36.54  |  Test Loss: 1.533 | Tes Acc: 51.28
INFO >> Epoch: 9  |  Layer: 12  |  Train Loss: 1.750 | Train Acc: 34.43  |  Val Loss: 1.795 | Val Acc: 33.97  |  Test Loss: 1.832 | Tes Acc: 28.21
INFO >> Epoch: 9  |  Layer: 13  |  Train Loss: 1.698 | Train Acc: 33.33  |  Val Loss: 1.764 | Val Acc: 28.85  |  Test Loss: 1.785 | Tes Acc: 29.91

INFO >> Epoch: 10  |  Layer:  1  |  Train Loss: 1.698 | Train Acc: 29.12  |  Val Loss: 1.764 | Val Acc: 35.26  |  Test Loss: 1.673 | Tes Acc: 34.19
INFO >> Epoch: 10  |  Layer:  2  |  Train Loss: 1.592 | Train Acc: 38.46  |  Val Loss: 1.720 | Val Acc: 34.62  |  Test Loss: 1.641 | Tes Acc: 41.88
INFO >> Epoch: 10  |  Layer:  3  |  Train Loss: 1.506 | Train Acc: 43.41  |  Val Loss: 1.646 | Val Acc: 38.46  |  Test Loss: 1.544 | Tes Acc: 48.72
INFO >> Epoch: 10  |  Layer:  4  |  Train Loss: 1.311 | Train Acc: 55.49  |  Val Loss: 1.486 | Val Acc: 44.87  |  Test Loss: 1.387 | Tes Acc: 54.27
INFO >> Epoch: 10  |  Layer:  5  |  Train Loss: 1.211 | Train Acc: 61.72  |  Val Loss: 1.342 | Val Acc: 50.64  |  Test Loss: 1.264 | Tes Acc: 59.83
INFO >> Epoch: 10  |  Layer:  6  |  Train Loss: 1.145 | Train Acc: 63.55  |  Val Loss: 1.373 | Val Acc: 52.56  |  Test Loss: 1.298 | Tes Acc: 54.27
INFO >> Epoch: 10  |  Layer:  7  |  Train Loss: 1.039 | Train Acc: 71.61  |  Val Loss: 1.337 | Val Acc: 53.21  |  Test Loss: 1.259 | Tes Acc: 57.26
INFO >> Epoch: 10  |  Layer:  8  |  Train Loss: 1.136 | Train Acc: 65.93  |  Val Loss: 1.462 | Val Acc: 37.82  |  Test Loss: 1.321 | Tes Acc: 53.85
INFO >> Epoch: 10  |  Layer:  9  |  Train Loss: 1.203 | Train Acc: 62.64  |  Val Loss: 1.509 | Val Acc: 39.10  |  Test Loss: 1.378 | Tes Acc: 51.71
INFO >> Epoch: 10  |  Layer: 10  |  Train Loss: 1.325 | Train Acc: 56.78  |  Val Loss: 1.524 | Val Acc: 41.67  |  Test Loss: 1.438 | Tes Acc: 50.00
INFO >> Epoch: 10  |  Layer: 11  |  Train Loss: 1.398 | Train Acc: 55.13  |  Val Loss: 1.568 | Val Acc: 41.03  |  Test Loss: 1.472 | Tes Acc: 52.99
INFO >> Epoch: 10  |  Layer: 12  |  Train Loss: 1.716 | Train Acc: 32.23  |  Val Loss: 1.798 | Val Acc: 28.85  |  Test Loss: 1.823 | Tes Acc: 31.62
INFO >> Epoch: 10  |  Layer: 13  |  Train Loss: 1.645 | Train Acc: 36.45  |  Val Loss: 1.777 | Val Acc: 30.77  |  Test Loss: 1.768 | Tes Acc: 30.34

INFO >> Epoch: 11  |  Layer:  1  |  Train Loss: 1.679 | Train Acc: 35.71  |  Val Loss: 1.764 | Val Acc: 32.05  |  Test Loss: 1.676 | Tes Acc: 28.63
INFO >> Epoch: 11  |  Layer:  2  |  Train Loss: 1.589 | Train Acc: 42.67  |  Val Loss: 1.712 | Val Acc: 30.77  |  Test Loss: 1.644 | Tes Acc: 34.62
INFO >> Epoch: 11  |  Layer:  3  |  Train Loss: 1.492 | Train Acc: 47.44  |  Val Loss: 1.607 | Val Acc: 37.18  |  Test Loss: 1.560 | Tes Acc: 41.45
INFO >> Epoch: 11  |  Layer:  4  |  Train Loss: 1.274 | Train Acc: 59.34  |  Val Loss: 1.432 | Val Acc: 39.10  |  Test Loss: 1.399 | Tes Acc: 45.73
INFO >> Epoch: 11  |  Layer:  5  |  Train Loss: 1.167 | Train Acc: 61.54  |  Val Loss: 1.313 | Val Acc: 48.08  |  Test Loss: 1.280 | Tes Acc: 55.13
INFO >> Epoch: 11  |  Layer:  6  |  Train Loss: 1.110 | Train Acc: 65.02  |  Val Loss: 1.349 | Val Acc: 48.72  |  Test Loss: 1.380 | Tes Acc: 49.57
INFO >> Epoch: 11  |  Layer:  7  |  Train Loss: 1.006 | Train Acc: 69.96  |  Val Loss: 1.305 | Val Acc: 50.64  |  Test Loss: 1.353 | Tes Acc: 50.85
INFO >> Epoch: 11  |  Layer:  8  |  Train Loss: 1.100 | Train Acc: 66.12  |  Val Loss: 1.427 | Val Acc: 42.95  |  Test Loss: 1.398 | Tes Acc: 45.73
INFO >> Epoch: 11  |  Layer:  9  |  Train Loss: 1.172 | Train Acc: 62.09  |  Val Loss: 1.470 | Val Acc: 41.03  |  Test Loss: 1.451 | Tes Acc: 44.87
INFO >> Epoch: 11  |  Layer: 10  |  Train Loss: 1.304 | Train Acc: 55.68  |  Val Loss: 1.487 | Val Acc: 44.23  |  Test Loss: 1.484 | Tes Acc: 41.45
INFO >> Epoch: 11  |  Layer: 11  |  Train Loss: 1.358 | Train Acc: 55.31  |  Val Loss: 1.538 | Val Acc: 36.54  |  Test Loss: 1.510 | Tes Acc: 42.31
INFO >> Epoch: 11  |  Layer: 12  |  Train Loss: 1.716 | Train Acc: 34.80  |  Val Loss: 1.796 | Val Acc: 25.64  |  Test Loss: 1.834 | Tes Acc: 23.93
INFO >> Epoch: 11  |  Layer: 13  |  Train Loss: 1.630 | Train Acc: 38.83  |  Val Loss: 1.772 | Val Acc: 26.92  |  Test Loss: 1.790 | Tes Acc: 29.06

INFO >> Epoch: 12  |  Layer:  1  |  Train Loss: 1.711 | Train Acc: 26.37  |  Val Loss: 1.751 | Val Acc: 28.85  |  Test Loss: 1.659 | Tes Acc: 27.78
INFO >> Epoch: 12  |  Layer:  2  |  Train Loss: 1.619 | Train Acc: 37.55  |  Val Loss: 1.676 | Val Acc: 33.33  |  Test Loss: 1.598 | Tes Acc: 43.59
INFO >> Epoch: 12  |  Layer:  3  |  Train Loss: 1.485 | Train Acc: 43.04  |  Val Loss: 1.662 | Val Acc: 32.69  |  Test Loss: 1.520 | Tes Acc: 47.01
INFO >> Epoch: 12  |  Layer:  4  |  Train Loss: 1.244 | Train Acc: 56.04  |  Val Loss: 1.605 | Val Acc: 35.90  |  Test Loss: 1.352 | Tes Acc: 52.99
INFO >> Epoch: 12  |  Layer:  5  |  Train Loss: 1.121 | Train Acc: 61.54  |  Val Loss: 1.436 | Val Acc: 36.54  |  Test Loss: 1.239 | Tes Acc: 58.97
INFO >> Epoch: 12  |  Layer:  6  |  Train Loss: 1.060 | Train Acc: 64.29  |  Val Loss: 1.356 | Val Acc: 44.23  |  Test Loss: 1.288 | Tes Acc: 56.41
INFO >> Epoch: 12  |  Layer:  7  |  Train Loss: 0.951 | Train Acc: 68.13  |  Val Loss: 1.377 | Val Acc: 45.51  |  Test Loss: 1.261 | Tes Acc: 55.98
INFO >> Epoch: 12  |  Layer:  8  |  Train Loss: 1.041 | Train Acc: 65.38  |  Val Loss: 1.508 | Val Acc: 39.10  |  Test Loss: 1.344 | Tes Acc: 52.99
INFO >> Epoch: 12  |  Layer:  9  |  Train Loss: 1.110 | Train Acc: 60.26  |  Val Loss: 1.567 | Val Acc: 37.18  |  Test Loss: 1.401 | Tes Acc: 50.85
INFO >> Epoch: 12  |  Layer: 10  |  Train Loss: 1.264 | Train Acc: 57.51  |  Val Loss: 1.610 | Val Acc: 32.69  |  Test Loss: 1.436 | Tes Acc: 48.29
INFO >> Epoch: 12  |  Layer: 11  |  Train Loss: 1.339 | Train Acc: 50.18  |  Val Loss: 1.686 | Val Acc: 30.77  |  Test Loss: 1.503 | Tes Acc: 50.85
INFO >> Epoch: 12  |  Layer: 12  |  Train Loss: 1.724 | Train Acc: 30.04  |  Val Loss: 1.760 | Val Acc: 28.85  |  Test Loss: 1.807 | Tes Acc: 29.49
INFO >> Epoch: 12  |  Layer: 13  |  Train Loss: 1.638 | Train Acc: 34.43  |  Val Loss: 1.740 | Val Acc: 28.85  |  Test Loss: 1.777 | Tes Acc: 25.64

INFO >> Epoch: 13  |  Layer:  1  |  Train Loss: 1.724 | Train Acc: 30.04  |  Val Loss: 1.721 | Val Acc: 25.64  |  Test Loss: 1.703 | Tes Acc: 24.79
INFO >> Epoch: 13  |  Layer:  2  |  Train Loss: 1.566 | Train Acc: 41.94  |  Val Loss: 1.655 | Val Acc: 31.41  |  Test Loss: 1.596 | Tes Acc: 39.32
INFO >> Epoch: 13  |  Layer:  3  |  Train Loss: 1.465 | Train Acc: 45.97  |  Val Loss: 1.541 | Val Acc: 40.38  |  Test Loss: 1.485 | Tes Acc: 47.44
INFO >> Epoch: 13  |  Layer:  4  |  Train Loss: 1.249 | Train Acc: 58.79  |  Val Loss: 1.373 | Val Acc: 41.03  |  Test Loss: 1.280 | Tes Acc: 51.71
INFO >> Epoch: 13  |  Layer:  5  |  Train Loss: 1.126 | Train Acc: 62.09  |  Val Loss: 1.223 | Val Acc: 52.56  |  Test Loss: 1.151 | Tes Acc: 64.53
INFO >> Epoch: 13  |  Layer:  6  |  Train Loss: 1.073 | Train Acc: 65.38  |  Val Loss: 1.257 | Val Acc: 53.21  |  Test Loss: 1.222 | Tes Acc: 59.40
INFO >> Epoch: 13  |  Layer:  7  |  Train Loss: 0.952 | Train Acc: 69.78  |  Val Loss: 1.227 | Val Acc: 51.92  |  Test Loss: 1.220 | Tes Acc: 58.12
INFO >> Epoch: 13  |  Layer:  8  |  Train Loss: 1.071 | Train Acc: 63.00  |  Val Loss: 1.352 | Val Acc: 46.79  |  Test Loss: 1.264 | Tes Acc: 55.56
INFO >> Epoch: 13  |  Layer:  9  |  Train Loss: 1.173 | Train Acc: 58.61  |  Val Loss: 1.386 | Val Acc: 45.51  |  Test Loss: 1.333 | Tes Acc: 52.56
INFO >> Epoch: 13  |  Layer: 10  |  Train Loss: 1.301 | Train Acc: 53.30  |  Val Loss: 1.419 | Val Acc: 45.51  |  Test Loss: 1.368 | Tes Acc: 50.85
INFO >> Epoch: 13  |  Layer: 11  |  Train Loss: 1.350 | Train Acc: 50.73  |  Val Loss: 1.499 | Val Acc: 35.90  |  Test Loss: 1.413 | Tes Acc: 50.00
INFO >> Epoch: 13  |  Layer: 12  |  Train Loss: 1.702 | Train Acc: 31.68  |  Val Loss: 1.746 | Val Acc: 32.05  |  Test Loss: 1.799 | Tes Acc: 32.91
INFO >> Epoch: 13  |  Layer: 13  |  Train Loss: 1.626 | Train Acc: 37.73  |  Val Loss: 1.757 | Val Acc: 26.28  |  Test Loss: 1.777 | Tes Acc: 33.76

INFO >> Epoch: 14  |  Layer:  1  |  Train Loss: 1.717 | Train Acc: 32.23  |  Val Loss: 1.686 | Val Acc: 39.10  |  Test Loss: 1.629 | Tes Acc: 32.91
INFO >> Epoch: 14  |  Layer:  2  |  Train Loss: 1.539 | Train Acc: 43.41  |  Val Loss: 1.621 | Val Acc: 30.77  |  Test Loss: 1.553 | Tes Acc: 45.30
INFO >> Epoch: 14  |  Layer:  3  |  Train Loss: 1.408 | Train Acc: 50.92  |  Val Loss: 1.558 | Val Acc: 33.97  |  Test Loss: 1.429 | Tes Acc: 53.85
INFO >> Epoch: 14  |  Layer:  4  |  Train Loss: 1.167 | Train Acc: 61.36  |  Val Loss: 1.375 | Val Acc: 45.51  |  Test Loss: 1.253 | Tes Acc: 53.85
INFO >> Epoch: 14  |  Layer:  5  |  Train Loss: 1.032 | Train Acc: 67.22  |  Val Loss: 1.203 | Val Acc: 54.49  |  Test Loss: 1.137 | Tes Acc: 58.97
INFO >> Epoch: 14  |  Layer:  6  |  Train Loss: 0.993 | Train Acc: 67.95  |  Val Loss: 1.231 | Val Acc: 58.33  |  Test Loss: 1.219 | Tes Acc: 53.42
INFO >> Epoch: 14  |  Layer:  7  |  Train Loss: 0.865 | Train Acc: 75.27  |  Val Loss: 1.205 | Val Acc: 59.62  |  Test Loss: 1.201 | Tes Acc: 55.56
INFO >> Epoch: 14  |  Layer:  8  |  Train Loss: 0.998 | Train Acc: 71.06  |  Val Loss: 1.334 | Val Acc: 46.79  |  Test Loss: 1.239 | Tes Acc: 55.13
INFO >> Epoch: 14  |  Layer:  9  |  Train Loss: 1.075 | Train Acc: 65.02  |  Val Loss: 1.395 | Val Acc: 46.79  |  Test Loss: 1.275 | Tes Acc: 54.27
INFO >> Epoch: 14  |  Layer: 10  |  Train Loss: 1.237 | Train Acc: 60.81  |  Val Loss: 1.424 | Val Acc: 45.51  |  Test Loss: 1.320 | Tes Acc: 52.99
INFO >> Epoch: 14  |  Layer: 11  |  Train Loss: 1.297 | Train Acc: 57.14  |  Val Loss: 1.516 | Val Acc: 38.46  |  Test Loss: 1.349 | Tes Acc: 55.98
INFO >> Epoch: 14  |  Layer: 12  |  Train Loss: 1.706 | Train Acc: 33.33  |  Val Loss: 1.744 | Val Acc: 30.77  |  Test Loss: 1.792 | Tes Acc: 38.03
INFO >> Epoch: 14  |  Layer: 13  |  Train Loss: 1.607 | Train Acc: 39.74  |  Val Loss: 1.719 | Val Acc: 31.41  |  Test Loss: 1.727 | Tes Acc: 31.62

INFO >> Epoch: 15  |  Layer:  1  |  Train Loss: 1.659 | Train Acc: 33.70  |  Val Loss: 1.695 | Val Acc: 32.69  |  Test Loss: 1.640 | Tes Acc: 29.06
INFO >> Epoch: 15  |  Layer:  2  |  Train Loss: 1.491 | Train Acc: 45.79  |  Val Loss: 1.639 | Val Acc: 25.64  |  Test Loss: 1.542 | Tes Acc: 45.30
INFO >> Epoch: 15  |  Layer:  3  |  Train Loss: 1.342 | Train Acc: 55.86  |  Val Loss: 1.609 | Val Acc: 30.77  |  Test Loss: 1.420 | Tes Acc: 49.15
INFO >> Epoch: 15  |  Layer:  4  |  Train Loss: 1.087 | Train Acc: 65.02  |  Val Loss: 1.478 | Val Acc: 36.54  |  Test Loss: 1.216 | Tes Acc: 58.55
INFO >> Epoch: 15  |  Layer:  5  |  Train Loss: 0.948 | Train Acc: 73.08  |  Val Loss: 1.289 | Val Acc: 46.79  |  Test Loss: 1.103 | Tes Acc: 65.81
INFO >> Epoch: 15  |  Layer:  6  |  Train Loss: 0.890 | Train Acc: 73.63  |  Val Loss: 1.241 | Val Acc: 53.85  |  Test Loss: 1.208 | Tes Acc: 58.55
INFO >> Epoch: 15  |  Layer:  7  |  Train Loss: 0.787 | Train Acc: 79.49  |  Val Loss: 1.244 | Val Acc: 53.85  |  Test Loss: 1.189 | Tes Acc: 58.55
INFO >> Epoch: 15  |  Layer:  8  |  Train Loss: 0.901 | Train Acc: 75.46  |  Val Loss: 1.380 | Val Acc: 46.79  |  Test Loss: 1.229 | Tes Acc: 57.26
INFO >> Epoch: 15  |  Layer:  9  |  Train Loss: 0.986 | Train Acc: 71.06  |  Val Loss: 1.441 | Val Acc: 39.74  |  Test Loss: 1.294 | Tes Acc: 55.13
INFO >> Epoch: 15  |  Layer: 10  |  Train Loss: 1.133 | Train Acc: 66.30  |  Val Loss: 1.489 | Val Acc: 37.82  |  Test Loss: 1.323 | Tes Acc: 54.27
INFO >> Epoch: 15  |  Layer: 11  |  Train Loss: 1.203 | Train Acc: 60.81  |  Val Loss: 1.619 | Val Acc: 31.41  |  Test Loss: 1.396 | Tes Acc: 53.85
INFO >> Epoch: 15  |  Layer: 12  |  Train Loss: 1.657 | Train Acc: 37.36  |  Val Loss: 1.741 | Val Acc: 28.21  |  Test Loss: 1.796 | Tes Acc: 25.21
INFO >> Epoch: 15  |  Layer: 13  |  Train Loss: 1.568 | Train Acc: 41.03  |  Val Loss: 1.737 | Val Acc: 25.64  |  Test Loss: 1.766 | Tes Acc: 28.21

INFO >> Epoch: 16  |  Layer:  1  |  Train Loss: 1.657 | Train Acc: 32.05  |  Val Loss: 1.731 | Val Acc: 19.87  |  Test Loss: 1.668 | Tes Acc: 23.93
INFO >> Epoch: 16  |  Layer:  2  |  Train Loss: 1.468 | Train Acc: 45.60  |  Val Loss: 1.634 | Val Acc: 33.33  |  Test Loss: 1.535 | Tes Acc: 48.72
INFO >> Epoch: 16  |  Layer:  3  |  Train Loss: 1.311 | Train Acc: 54.21  |  Val Loss: 1.524 | Val Acc: 41.03  |  Test Loss: 1.396 | Tes Acc: 53.85
INFO >> Epoch: 16  |  Layer:  4  |  Train Loss: 1.037 | Train Acc: 66.30  |  Val Loss: 1.337 | Val Acc: 44.87  |  Test Loss: 1.194 | Tes Acc: 55.56
INFO >> Epoch: 16  |  Layer:  5  |  Train Loss: 0.905 | Train Acc: 74.73  |  Val Loss: 1.163 | Val Acc: 53.85  |  Test Loss: 1.077 | Tes Acc: 62.82
INFO >> Epoch: 16  |  Layer:  6  |  Train Loss: 0.852 | Train Acc: 73.99  |  Val Loss: 1.206 | Val Acc: 55.13  |  Test Loss: 1.158 | Tes Acc: 61.54
INFO >> Epoch: 16  |  Layer:  7  |  Train Loss: 0.744 | Train Acc: 78.39  |  Val Loss: 1.185 | Val Acc: 55.13  |  Test Loss: 1.165 | Tes Acc: 60.68
INFO >> Epoch: 16  |  Layer:  8  |  Train Loss: 0.839 | Train Acc: 75.82  |  Val Loss: 1.288 | Val Acc: 50.00  |  Test Loss: 1.186 | Tes Acc: 55.98
INFO >> Epoch: 16  |  Layer:  9  |  Train Loss: 0.927 | Train Acc: 69.41  |  Val Loss: 1.321 | Val Acc: 48.72  |  Test Loss: 1.245 | Tes Acc: 50.43
INFO >> Epoch: 16  |  Layer: 10  |  Train Loss: 1.079 | Train Acc: 64.65  |  Val Loss: 1.365 | Val Acc: 48.08  |  Test Loss: 1.298 | Tes Acc: 47.44
INFO >> Epoch: 16  |  Layer: 11  |  Train Loss: 1.145 | Train Acc: 61.90  |  Val Loss: 1.463 | Val Acc: 42.31  |  Test Loss: 1.321 | Tes Acc: 52.56
INFO >> Epoch: 16  |  Layer: 12  |  Train Loss: 1.639 | Train Acc: 34.62  |  Val Loss: 1.734 | Val Acc: 32.69  |  Test Loss: 1.766 | Tes Acc: 39.32
INFO >> Epoch: 16  |  Layer: 13  |  Train Loss: 1.540 | Train Acc: 40.29  |  Val Loss: 1.706 | Val Acc: 30.13  |  Test Loss: 1.694 | Tes Acc: 36.32

INFO >> Epoch: 17  |  Layer:  1  |  Train Loss: 1.626 | Train Acc: 29.49  |  Val Loss: 1.720 | Val Acc: 32.69  |  Test Loss: 1.601 | Tes Acc: 35.47
INFO >> Epoch: 17  |  Layer:  2  |  Train Loss: 1.450 | Train Acc: 45.60  |  Val Loss: 1.623 | Val Acc: 37.18  |  Test Loss: 1.517 | Tes Acc: 49.57
INFO >> Epoch: 17  |  Layer:  3  |  Train Loss: 1.288 | Train Acc: 54.95  |  Val Loss: 1.623 | Val Acc: 37.82  |  Test Loss: 1.392 | Tes Acc: 50.85
INFO >> Epoch: 17  |  Layer:  4  |  Train Loss: 1.028 | Train Acc: 67.95  |  Val Loss: 1.480 | Val Acc: 39.74  |  Test Loss: 1.163 | Tes Acc: 58.97
INFO >> Epoch: 17  |  Layer:  5  |  Train Loss: 0.880 | Train Acc: 74.18  |  Val Loss: 1.262 | Val Acc: 46.79  |  Test Loss: 1.036 | Tes Acc: 67.52
INFO >> Epoch: 17  |  Layer:  6  |  Train Loss: 0.814 | Train Acc: 75.46  |  Val Loss: 1.201 | Val Acc: 56.41  |  Test Loss: 1.106 | Tes Acc: 61.11
INFO >> Epoch: 17  |  Layer:  7  |  Train Loss: 0.709 | Train Acc: 79.49  |  Val Loss: 1.224 | Val Acc: 51.92  |  Test Loss: 1.133 | Tes Acc: 60.26
INFO >> Epoch: 17  |  Layer:  8  |  Train Loss: 0.816 | Train Acc: 75.46  |  Val Loss: 1.367 | Val Acc: 44.87  |  Test Loss: 1.159 | Tes Acc: 57.26
INFO >> Epoch: 17  |  Layer:  9  |  Train Loss: 0.910 | Train Acc: 70.15  |  Val Loss: 1.419 | Val Acc: 43.59  |  Test Loss: 1.199 | Tes Acc: 57.69
INFO >> Epoch: 17  |  Layer: 10  |  Train Loss: 1.054 | Train Acc: 66.30  |  Val Loss: 1.478 | Val Acc: 38.46  |  Test Loss: 1.229 | Tes Acc: 57.69
INFO >> Epoch: 17  |  Layer: 11  |  Train Loss: 1.140 | Train Acc: 63.19  |  Val Loss: 1.608 | Val Acc: 33.97  |  Test Loss: 1.297 | Tes Acc: 56.84
INFO >> Epoch: 17  |  Layer: 12  |  Train Loss: 1.619 | Train Acc: 38.83  |  Val Loss: 1.715 | Val Acc: 31.41  |  Test Loss: 1.766 | Tes Acc: 33.76
INFO >> Epoch: 17  |  Layer: 13  |  Train Loss: 1.518 | Train Acc: 40.84  |  Val Loss: 1.680 | Val Acc: 31.41  |  Test Loss: 1.682 | Tes Acc: 38.89

INFO >> Epoch: 18  |  Layer:  1  |  Train Loss: 1.637 | Train Acc: 32.60  |  Val Loss: 1.680 | Val Acc: 35.90  |  Test Loss: 1.618 | Tes Acc: 28.63
INFO >> Epoch: 18  |  Layer:  2  |  Train Loss: 1.427 | Train Acc: 50.18  |  Val Loss: 1.615 | Val Acc: 31.41  |  Test Loss: 1.501 | Tes Acc: 45.73
INFO >> Epoch: 18  |  Layer:  3  |  Train Loss: 1.266 | Train Acc: 56.78  |  Val Loss: 1.513 | Val Acc: 39.74  |  Test Loss: 1.367 | Tes Acc: 52.99
INFO >> Epoch: 18  |  Layer:  4  |  Train Loss: 0.984 | Train Acc: 68.68  |  Val Loss: 1.303 | Val Acc: 46.79  |  Test Loss: 1.161 | Tes Acc: 55.98
INFO >> Epoch: 18  |  Layer:  5  |  Train Loss: 0.846 | Train Acc: 75.09  |  Val Loss: 1.119 | Val Acc: 55.77  |  Test Loss: 1.052 | Tes Acc: 61.97
INFO >> Epoch: 18  |  Layer:  6  |  Train Loss: 0.784 | Train Acc: 78.75  |  Val Loss: 1.178 | Val Acc: 53.85  |  Test Loss: 1.173 | Tes Acc: 58.97
INFO >> Epoch: 18  |  Layer:  7  |  Train Loss: 0.654 | Train Acc: 81.50  |  Val Loss: 1.170 | Val Acc: 55.13  |  Test Loss: 1.191 | Tes Acc: 58.12
INFO >> Epoch: 18  |  Layer:  8  |  Train Loss: 0.754 | Train Acc: 77.84  |  Val Loss: 1.280 | Val Acc: 50.00  |  Test Loss: 1.191 | Tes Acc: 56.84
INFO >> Epoch: 18  |  Layer:  9  |  Train Loss: 0.850 | Train Acc: 75.09  |  Val Loss: 1.315 | Val Acc: 48.72  |  Test Loss: 1.223 | Tes Acc: 55.98
INFO >> Epoch: 18  |  Layer: 10  |  Train Loss: 1.031 | Train Acc: 67.77  |  Val Loss: 1.353 | Val Acc: 44.87  |  Test Loss: 1.263 | Tes Acc: 53.42
INFO >> Epoch: 18  |  Layer: 11  |  Train Loss: 1.120 | Train Acc: 62.82  |  Val Loss: 1.468 | Val Acc: 37.82  |  Test Loss: 1.312 | Tes Acc: 50.85
INFO >> Epoch: 18  |  Layer: 12  |  Train Loss: 1.609 | Train Acc: 37.91  |  Val Loss: 1.715 | Val Acc: 31.41  |  Test Loss: 1.761 | Tes Acc: 33.76
INFO >> Epoch: 18  |  Layer: 13  |  Train Loss: 1.534 | Train Acc: 42.86  |  Val Loss: 1.698 | Val Acc: 25.00  |  Test Loss: 1.719 | Tes Acc: 32.91

INFO >> Epoch: 19  |  Layer:  1  |  Train Loss: 1.654 | Train Acc: 30.22  |  Val Loss: 1.668 | Val Acc: 29.49  |  Test Loss: 1.593 | Tes Acc: 41.45
INFO >> Epoch: 19  |  Layer:  2  |  Train Loss: 1.403 | Train Acc: 46.34  |  Val Loss: 1.609 | Val Acc: 30.13  |  Test Loss: 1.471 | Tes Acc: 50.00
INFO >> Epoch: 19  |  Layer:  3  |  Train Loss: 1.193 | Train Acc: 60.26  |  Val Loss: 1.617 | Val Acc: 33.33  |  Test Loss: 1.333 | Tes Acc: 52.56
INFO >> Epoch: 19  |  Layer:  4  |  Train Loss: 0.933 | Train Acc: 69.41  |  Val Loss: 1.439 | Val Acc: 41.03  |  Test Loss: 1.108 | Tes Acc: 63.68
INFO >> Epoch: 19  |  Layer:  5  |  Train Loss: 0.803 | Train Acc: 74.18  |  Val Loss: 1.218 | Val Acc: 48.72  |  Test Loss: 0.993 | Tes Acc: 67.95
INFO >> Epoch: 19  |  Layer:  6  |  Train Loss: 0.750 | Train Acc: 75.27  |  Val Loss: 1.177 | Val Acc: 54.49  |  Test Loss: 1.086 | Tes Acc: 64.53
INFO >> Epoch: 19  |  Layer:  7  |  Train Loss: 0.647 | Train Acc: 81.87  |  Val Loss: 1.192 | Val Acc: 53.21  |  Test Loss: 1.107 | Tes Acc: 61.54
INFO >> Epoch: 19  |  Layer:  8  |  Train Loss: 0.740 | Train Acc: 78.02  |  Val Loss: 1.313 | Val Acc: 48.08  |  Test Loss: 1.115 | Tes Acc: 58.12
INFO >> Epoch: 19  |  Layer:  9  |  Train Loss: 0.843 | Train Acc: 74.36  |  Val Loss: 1.343 | Val Acc: 47.44  |  Test Loss: 1.150 | Tes Acc: 56.84
INFO >> Epoch: 19  |  Layer: 10  |  Train Loss: 1.018 | Train Acc: 65.93  |  Val Loss: 1.412 | Val Acc: 39.74  |  Test Loss: 1.195 | Tes Acc: 58.55
INFO >> Epoch: 19  |  Layer: 11  |  Train Loss: 1.089 | Train Acc: 63.55  |  Val Loss: 1.613 | Val Acc: 35.90  |  Test Loss: 1.266 | Tes Acc: 60.26
INFO >> Epoch: 19  |  Layer: 12  |  Train Loss: 1.596 | Train Acc: 38.46  |  Val Loss: 1.702 | Val Acc: 28.21  |  Test Loss: 1.750 | Tes Acc: 32.48
INFO >> Epoch: 19  |  Layer: 13  |  Train Loss: 1.502 | Train Acc: 44.87  |  Val Loss: 1.656 | Val Acc: 28.85  |  Test Loss: 1.655 | Tes Acc: 34.62

INFO >> Epoch: 20  |  Layer:  1  |  Train Loss: 1.653 | Train Acc: 34.62  |  Val Loss: 1.659 | Val Acc: 36.54  |  Test Loss: 1.580 | Tes Acc: 32.05
INFO >> Epoch: 20  |  Layer:  2  |  Train Loss: 1.398 | Train Acc: 49.08  |  Val Loss: 1.610 | Val Acc: 29.49  |  Test Loss: 1.454 | Tes Acc: 48.72
INFO >> Epoch: 20  |  Layer:  3  |  Train Loss: 1.181 | Train Acc: 61.90  |  Val Loss: 1.621 | Val Acc: 32.05  |  Test Loss: 1.296 | Tes Acc: 55.13
INFO >> Epoch: 20  |  Layer:  4  |  Train Loss: 0.900 | Train Acc: 71.79  |  Val Loss: 1.496 | Val Acc: 37.82  |  Test Loss: 1.100 | Tes Acc: 59.83
INFO >> Epoch: 20  |  Layer:  5  |  Train Loss: 0.760 | Train Acc: 77.47  |  Val Loss: 1.212 | Val Acc: 48.72  |  Test Loss: 0.997 | Tes Acc: 67.09
INFO >> Epoch: 20  |  Layer:  6  |  Train Loss: 0.703 | Train Acc: 79.12  |  Val Loss: 1.167 | Val Acc: 55.77  |  Test Loss: 1.098 | Tes Acc: 61.11
INFO >> Epoch: 20  |  Layer:  7  |  Train Loss: 0.613 | Train Acc: 84.62  |  Val Loss: 1.169 | Val Acc: 57.05  |  Test Loss: 1.126 | Tes Acc: 58.55
INFO >> Epoch: 20  |  Layer:  8  |  Train Loss: 0.733 | Train Acc: 80.95  |  Val Loss: 1.320 | Val Acc: 48.72  |  Test Loss: 1.138 | Tes Acc: 57.69
INFO >> Epoch: 20  |  Layer:  9  |  Train Loss: 0.849 | Train Acc: 77.84  |  Val Loss: 1.382 | Val Acc: 48.08  |  Test Loss: 1.157 | Tes Acc: 57.69
INFO >> Epoch: 20  |  Layer: 10  |  Train Loss: 0.984 | Train Acc: 69.96  |  Val Loss: 1.437 | Val Acc: 37.18  |  Test Loss: 1.175 | Tes Acc: 58.97
INFO >> Epoch: 20  |  Layer: 11  |  Train Loss: 1.057 | Train Acc: 63.92  |  Val Loss: 1.644 | Val Acc: 32.69  |  Test Loss: 1.252 | Tes Acc: 58.97
INFO >> Epoch: 20  |  Layer: 12  |  Train Loss: 1.598 | Train Acc: 38.28  |  Val Loss: 1.719 | Val Acc: 28.21  |  Test Loss: 1.758 | Tes Acc: 32.91
INFO >> Epoch: 20  |  Layer: 13  |  Train Loss: 1.492 | Train Acc: 41.94  |  Val Loss: 1.688 | Val Acc: 28.21  |  Test Loss: 1.687 | Tes Acc: 33.76

INFO >> Epoch: 21  |  Layer:  1  |  Train Loss: 1.622 | Train Acc: 37.18  |  Val Loss: 1.642 | Val Acc: 34.62  |  Test Loss: 1.599 | Tes Acc: 36.75
INFO >> Epoch: 21  |  Layer:  2  |  Train Loss: 1.352 | Train Acc: 53.85  |  Val Loss: 1.599 | Val Acc: 32.05  |  Test Loss: 1.439 | Tes Acc: 47.86
INFO >> Epoch: 21  |  Layer:  3  |  Train Loss: 1.136 | Train Acc: 63.19  |  Val Loss: 1.600 | Val Acc: 36.54  |  Test Loss: 1.291 | Tes Acc: 54.27
INFO >> Epoch: 21  |  Layer:  4  |  Train Loss: 0.871 | Train Acc: 73.26  |  Val Loss: 1.381 | Val Acc: 44.87  |  Test Loss: 1.072 | Tes Acc: 60.68
INFO >> Epoch: 21  |  Layer:  5  |  Train Loss: 0.727 | Train Acc: 79.12  |  Val Loss: 1.133 | Val Acc: 53.21  |  Test Loss: 0.972 | Tes Acc: 64.53
INFO >> Epoch: 21  |  Layer:  6  |  Train Loss: 0.673 | Train Acc: 82.60  |  Val Loss: 1.151 | Val Acc: 52.56  |  Test Loss: 1.068 | Tes Acc: 61.97
INFO >> Epoch: 21  |  Layer:  7  |  Train Loss: 0.571 | Train Acc: 85.71  |  Val Loss: 1.152 | Val Acc: 57.05  |  Test Loss: 1.092 | Tes Acc: 60.68
INFO >> Epoch: 21  |  Layer:  8  |  Train Loss: 0.678 | Train Acc: 80.77  |  Val Loss: 1.283 | Val Acc: 50.00  |  Test Loss: 1.087 | Tes Acc: 58.97
INFO >> Epoch: 21  |  Layer:  9  |  Train Loss: 0.764 | Train Acc: 77.47  |  Val Loss: 1.327 | Val Acc: 47.44  |  Test Loss: 1.115 | Tes Acc: 56.84
INFO >> Epoch: 21  |  Layer: 10  |  Train Loss: 0.918 | Train Acc: 70.33  |  Val Loss: 1.394 | Val Acc: 42.95  |  Test Loss: 1.153 | Tes Acc: 58.97
INFO >> Epoch: 21  |  Layer: 11  |  Train Loss: 1.018 | Train Acc: 67.58  |  Val Loss: 1.567 | Val Acc: 36.54  |  Test Loss: 1.214 | Tes Acc: 58.97
INFO >> Epoch: 21  |  Layer: 12  |  Train Loss: 1.552 | Train Acc: 42.12  |  Val Loss: 1.691 | Val Acc: 33.97  |  Test Loss: 1.726 | Tes Acc: 37.18
INFO >> Epoch: 21  |  Layer: 13  |  Train Loss: 1.445 | Train Acc: 46.52  |  Val Loss: 1.659 | Val Acc: 28.21  |  Test Loss: 1.652 | Tes Acc: 35.47

INFO >> Epoch: 22  |  Layer:  1  |  Train Loss: 1.581 | Train Acc: 36.63  |  Val Loss: 1.671 | Val Acc: 38.46  |  Test Loss: 1.565 | Tes Acc: 39.32
INFO >> Epoch: 22  |  Layer:  2  |  Train Loss: 1.326 | Train Acc: 53.30  |  Val Loss: 1.599 | Val Acc: 34.62  |  Test Loss: 1.429 | Tes Acc: 49.15
INFO >> Epoch: 22  |  Layer:  3  |  Train Loss: 1.108 | Train Acc: 63.74  |  Val Loss: 1.668 | Val Acc: 41.03  |  Test Loss: 1.283 | Tes Acc: 55.13
INFO >> Epoch: 22  |  Layer:  4  |  Train Loss: 0.844 | Train Acc: 74.54  |  Val Loss: 1.436 | Val Acc: 43.59  |  Test Loss: 1.060 | Tes Acc: 62.39
INFO >> Epoch: 22  |  Layer:  5  |  Train Loss: 0.729 | Train Acc: 81.68  |  Val Loss: 1.175 | Val Acc: 49.36  |  Test Loss: 0.962 | Tes Acc: 65.81
INFO >> Epoch: 22  |  Layer:  6  |  Train Loss: 0.661 | Train Acc: 82.97  |  Val Loss: 1.145 | Val Acc: 54.49  |  Test Loss: 1.057 | Tes Acc: 59.40
INFO >> Epoch: 22  |  Layer:  7  |  Train Loss: 0.545 | Train Acc: 86.08  |  Val Loss: 1.157 | Val Acc: 57.69  |  Test Loss: 1.104 | Tes Acc: 60.68
INFO >> Epoch: 22  |  Layer:  8  |  Train Loss: 0.634 | Train Acc: 82.05  |  Val Loss: 1.284 | Val Acc: 49.36  |  Test Loss: 1.111 | Tes Acc: 58.97
INFO >> Epoch: 22  |  Layer:  9  |  Train Loss: 0.736 | Train Acc: 76.74  |  Val Loss: 1.337 | Val Acc: 46.15  |  Test Loss: 1.134 | Tes Acc: 55.56
INFO >> Epoch: 22  |  Layer: 10  |  Train Loss: 0.897 | Train Acc: 71.06  |  Val Loss: 1.415 | Val Acc: 43.59  |  Test Loss: 1.140 | Tes Acc: 56.84
INFO >> Epoch: 22  |  Layer: 11  |  Train Loss: 0.995 | Train Acc: 67.40  |  Val Loss: 1.578 | Val Acc: 37.18  |  Test Loss: 1.201 | Tes Acc: 55.56
INFO >> Epoch: 22  |  Layer: 12  |  Train Loss: 1.555 | Train Acc: 40.11  |  Val Loss: 1.674 | Val Acc: 34.62  |  Test Loss: 1.716 | Tes Acc: 37.61
INFO >> Epoch: 22  |  Layer: 13  |  Train Loss: 1.423 | Train Acc: 46.34  |  Val Loss: 1.633 | Val Acc: 33.33  |  Test Loss: 1.631 | Tes Acc: 38.46

INFO >> Epoch: 23  |  Layer:  1  |  Train Loss: 1.655 | Train Acc: 36.08  |  Val Loss: 1.678 | Val Acc: 24.36  |  Test Loss: 1.629 | Tes Acc: 36.32
INFO >> Epoch: 23  |  Layer:  2  |  Train Loss: 1.397 | Train Acc: 53.48  |  Val Loss: 1.629 | Val Acc: 29.49  |  Test Loss: 1.421 | Tes Acc: 47.01
INFO >> Epoch: 23  |  Layer:  3  |  Train Loss: 1.178 | Train Acc: 62.82  |  Val Loss: 1.613 | Val Acc: 37.82  |  Test Loss: 1.264 | Tes Acc: 55.13
INFO >> Epoch: 23  |  Layer:  4  |  Train Loss: 0.884 | Train Acc: 75.46  |  Val Loss: 1.394 | Val Acc: 44.87  |  Test Loss: 1.072 | Tes Acc: 57.69
INFO >> Epoch: 23  |  Layer:  5  |  Train Loss: 0.777 | Train Acc: 80.04  |  Val Loss: 1.148 | Val Acc: 52.56  |  Test Loss: 0.954 | Tes Acc: 65.81
INFO >> Epoch: 23  |  Layer:  6  |  Train Loss: 0.706 | Train Acc: 82.05  |  Val Loss: 1.135 | Val Acc: 53.21  |  Test Loss: 1.062 | Tes Acc: 63.68
INFO >> Epoch: 23  |  Layer:  7  |  Train Loss: 0.610 | Train Acc: 87.91  |  Val Loss: 1.155 | Val Acc: 55.13  |  Test Loss: 1.093 | Tes Acc: 60.26
INFO >> Epoch: 23  |  Layer:  8  |  Train Loss: 0.693 | Train Acc: 85.90  |  Val Loss: 1.291 | Val Acc: 50.64  |  Test Loss: 1.075 | Tes Acc: 61.54
INFO >> Epoch: 23  |  Layer:  9  |  Train Loss: 0.793 | Train Acc: 81.32  |  Val Loss: 1.333 | Val Acc: 44.87  |  Test Loss: 1.099 | Tes Acc: 58.55
INFO >> Epoch: 23  |  Layer: 10  |  Train Loss: 0.969 | Train Acc: 75.09  |  Val Loss: 1.389 | Val Acc: 44.87  |  Test Loss: 1.150 | Tes Acc: 56.84
INFO >> Epoch: 23  |  Layer: 11  |  Train Loss: 1.065 | Train Acc: 69.60  |  Val Loss: 1.627 | Val Acc: 35.26  |  Test Loss: 1.220 | Tes Acc: 58.97
INFO >> Epoch: 23  |  Layer: 12  |  Train Loss: 1.615 | Train Acc: 41.39  |  Val Loss: 1.687 | Val Acc: 28.21  |  Test Loss: 1.715 | Tes Acc: 32.05
INFO >> Epoch: 23  |  Layer: 13  |  Train Loss: 1.489 | Train Acc: 45.24  |  Val Loss: 1.669 | Val Acc: 29.49  |  Test Loss: 1.663 | Tes Acc: 33.33

INFO >> Epoch: 24  |  Layer:  1  |  Train Loss: 1.538 | Train Acc: 36.26  |  Val Loss: 1.696 | Val Acc: 32.05  |  Test Loss: 1.546 | Tes Acc: 39.32
INFO >> Epoch: 24  |  Layer:  2  |  Train Loss: 1.270 | Train Acc: 52.20  |  Val Loss: 1.630 | Val Acc: 35.26  |  Test Loss: 1.390 | Tes Acc: 50.43
INFO >> Epoch: 24  |  Layer:  3  |  Train Loss: 1.047 | Train Acc: 65.93  |  Val Loss: 1.746 | Val Acc: 33.33  |  Test Loss: 1.198 | Tes Acc: 60.68
INFO >> Epoch: 24  |  Layer:  4  |  Train Loss: 0.779 | Train Acc: 76.19  |  Val Loss: 1.516 | Val Acc: 42.95  |  Test Loss: 1.014 | Tes Acc: 62.39
INFO >> Epoch: 24  |  Layer:  5  |  Train Loss: 0.640 | Train Acc: 83.33  |  Val Loss: 1.213 | Val Acc: 50.00  |  Test Loss: 0.913 | Tes Acc: 67.95
INFO >> Epoch: 24  |  Layer:  6  |  Train Loss: 0.594 | Train Acc: 83.70  |  Val Loss: 1.132 | Val Acc: 55.13  |  Test Loss: 0.996 | Tes Acc: 64.53
INFO >> Epoch: 24  |  Layer:  7  |  Train Loss: 0.513 | Train Acc: 85.71  |  Val Loss: 1.201 | Val Acc: 55.13  |  Test Loss: 1.024 | Tes Acc: 61.54
INFO >> Epoch: 24  |  Layer:  8  |  Train Loss: 0.577 | Train Acc: 84.80  |  Val Loss: 1.331 | Val Acc: 46.79  |  Test Loss: 1.027 | Tes Acc: 63.25
INFO >> Epoch: 24  |  Layer:  9  |  Train Loss: 0.672 | Train Acc: 81.68  |  Val Loss: 1.421 | Val Acc: 45.51  |  Test Loss: 1.061 | Tes Acc: 61.54
INFO >> Epoch: 24  |  Layer: 10  |  Train Loss: 0.834 | Train Acc: 73.81  |  Val Loss: 1.477 | Val Acc: 41.67  |  Test Loss: 1.079 | Tes Acc: 59.40
INFO >> Epoch: 24  |  Layer: 11  |  Train Loss: 0.937 | Train Acc: 69.78  |  Val Loss: 1.738 | Val Acc: 34.62  |  Test Loss: 1.133 | Tes Acc: 61.11
INFO >> Epoch: 24  |  Layer: 12  |  Train Loss: 1.493 | Train Acc: 44.51  |  Val Loss: 1.682 | Val Acc: 35.26  |  Test Loss: 1.686 | Tes Acc: 41.88
INFO >> Epoch: 24  |  Layer: 13  |  Train Loss: 1.350 | Train Acc: 50.37  |  Val Loss: 1.657 | Val Acc: 34.62  |  Test Loss: 1.614 | Tes Acc: 36.75

INFO >> Epoch: 25  |  Layer:  1  |  Train Loss: 1.541 | Train Acc: 38.83  |  Val Loss: 1.661 | Val Acc: 35.26  |  Test Loss: 1.529 | Tes Acc: 42.31
INFO >> Epoch: 25  |  Layer:  2  |  Train Loss: 1.260 | Train Acc: 56.41  |  Val Loss: 1.603 | Val Acc: 30.77  |  Test Loss: 1.384 | Tes Acc: 51.71
INFO >> Epoch: 25  |  Layer:  3  |  Train Loss: 1.035 | Train Acc: 66.67  |  Val Loss: 1.752 | Val Acc: 33.33  |  Test Loss: 1.213 | Tes Acc: 55.98
INFO >> Epoch: 25  |  Layer:  4  |  Train Loss: 0.751 | Train Acc: 77.29  |  Val Loss: 1.521 | Val Acc: 43.59  |  Test Loss: 1.011 | Tes Acc: 63.25
INFO >> Epoch: 25  |  Layer:  5  |  Train Loss: 0.613 | Train Acc: 83.70  |  Val Loss: 1.255 | Val Acc: 50.64  |  Test Loss: 0.916 | Tes Acc: 69.66
INFO >> Epoch: 25  |  Layer:  6  |  Train Loss: 0.582 | Train Acc: 84.25  |  Val Loss: 1.148 | Val Acc: 57.05  |  Test Loss: 1.009 | Tes Acc: 64.53
INFO >> Epoch: 25  |  Layer:  7  |  Train Loss: 0.524 | Train Acc: 86.63  |  Val Loss: 1.209 | Val Acc: 55.77  |  Test Loss: 1.058 | Tes Acc: 61.11
INFO >> Epoch: 25  |  Layer:  8  |  Train Loss: 0.575 | Train Acc: 84.25  |  Val Loss: 1.301 | Val Acc: 50.00  |  Test Loss: 1.038 | Tes Acc: 61.97
INFO >> Epoch: 25  |  Layer:  9  |  Train Loss: 0.673 | Train Acc: 80.40  |  Val Loss: 1.369 | Val Acc: 44.87  |  Test Loss: 1.072 | Tes Acc: 58.97
INFO >> Epoch: 25  |  Layer: 10  |  Train Loss: 0.821 | Train Acc: 75.46  |  Val Loss: 1.454 | Val Acc: 39.10  |  Test Loss: 1.086 | Tes Acc: 60.26
INFO >> Epoch: 25  |  Layer: 11  |  Train Loss: 0.912 | Train Acc: 70.88  |  Val Loss: 1.648 | Val Acc: 35.90  |  Test Loss: 1.172 | Tes Acc: 61.97
INFO >> Epoch: 25  |  Layer: 12  |  Train Loss: 1.504 | Train Acc: 41.76  |  Val Loss: 1.668 | Val Acc: 26.92  |  Test Loss: 1.711 | Tes Acc: 32.91
INFO >> Epoch: 25  |  Layer: 13  |  Train Loss: 1.374 | Train Acc: 47.80  |  Val Loss: 1.627 | Val Acc: 32.05  |  Test Loss: 1.620 | Tes Acc: 38.89

INFO >> Epoch: 26  |  Layer:  1  |  Train Loss: 1.557 | Train Acc: 40.29  |  Val Loss: 1.632 | Val Acc: 33.33  |  Test Loss: 1.527 | Tes Acc: 38.89
INFO >> Epoch: 26  |  Layer:  2  |  Train Loss: 1.270 | Train Acc: 57.33  |  Val Loss: 1.633 | Val Acc: 30.77  |  Test Loss: 1.385 | Tes Acc: 50.43
INFO >> Epoch: 26  |  Layer:  3  |  Train Loss: 1.032 | Train Acc: 69.60  |  Val Loss: 1.752 | Val Acc: 33.33  |  Test Loss: 1.218 | Tes Acc: 54.27
INFO >> Epoch: 26  |  Layer:  4  |  Train Loss: 0.745 | Train Acc: 78.75  |  Val Loss: 1.482 | Val Acc: 41.67  |  Test Loss: 1.027 | Tes Acc: 61.97
INFO >> Epoch: 26  |  Layer:  5  |  Train Loss: 0.598 | Train Acc: 83.33  |  Val Loss: 1.180 | Val Acc: 51.92  |  Test Loss: 0.947 | Tes Acc: 66.24
INFO >> Epoch: 26  |  Layer:  6  |  Train Loss: 0.563 | Train Acc: 83.52  |  Val Loss: 1.138 | Val Acc: 51.92  |  Test Loss: 1.049 | Tes Acc: 62.82
INFO >> Epoch: 26  |  Layer:  7  |  Train Loss: 0.477 | Train Acc: 86.08  |  Val Loss: 1.200 | Val Acc: 52.56  |  Test Loss: 1.105 | Tes Acc: 61.11
INFO >> Epoch: 26  |  Layer:  8  |  Train Loss: 0.541 | Train Acc: 84.62  |  Val Loss: 1.316 | Val Acc: 48.72  |  Test Loss: 1.077 | Tes Acc: 60.26
INFO >> Epoch: 26  |  Layer:  9  |  Train Loss: 0.633 | Train Acc: 83.33  |  Val Loss: 1.362 | Val Acc: 45.51  |  Test Loss: 1.102 | Tes Acc: 58.12
INFO >> Epoch: 26  |  Layer: 10  |  Train Loss: 0.806 | Train Acc: 77.29  |  Val Loss: 1.450 | Val Acc: 39.10  |  Test Loss: 1.128 | Tes Acc: 61.11
INFO >> Epoch: 26  |  Layer: 11  |  Train Loss: 0.903 | Train Acc: 70.51  |  Val Loss: 1.674 | Val Acc: 36.54  |  Test Loss: 1.192 | Tes Acc: 58.97
INFO >> Epoch: 26  |  Layer: 12  |  Train Loss: 1.509 | Train Acc: 49.27  |  Val Loss: 1.689 | Val Acc: 28.21  |  Test Loss: 1.702 | Tes Acc: 33.76
INFO >> Epoch: 26  |  Layer: 13  |  Train Loss: 1.369 | Train Acc: 49.82  |  Val Loss: 1.659 | Val Acc: 29.49  |  Test Loss: 1.669 | Tes Acc: 35.04

INFO >> Epoch: 27  |  Layer:  1  |  Train Loss: 1.594 | Train Acc: 37.73  |  Val Loss: 1.639 | Val Acc: 36.54  |  Test Loss: 1.524 | Tes Acc: 40.60
INFO >> Epoch: 27  |  Layer:  2  |  Train Loss: 1.277 | Train Acc: 55.86  |  Val Loss: 1.574 | Val Acc: 37.82  |  Test Loss: 1.372 | Tes Acc: 54.27
INFO >> Epoch: 27  |  Layer:  3  |  Train Loss: 1.021 | Train Acc: 67.22  |  Val Loss: 1.667 | Val Acc: 42.31  |  Test Loss: 1.199 | Tes Acc: 54.27
INFO >> Epoch: 27  |  Layer:  4  |  Train Loss: 0.697 | Train Acc: 81.68  |  Val Loss: 1.413 | Val Acc: 47.44  |  Test Loss: 0.982 | Tes Acc: 63.68
INFO >> Epoch: 27  |  Layer:  5  |  Train Loss: 0.568 | Train Acc: 86.26  |  Val Loss: 1.143 | Val Acc: 52.56  |  Test Loss: 0.910 | Tes Acc: 66.67
INFO >> Epoch: 27  |  Layer:  6  |  Train Loss: 0.532 | Train Acc: 86.26  |  Val Loss: 1.095 | Val Acc: 55.13  |  Test Loss: 1.021 | Tes Acc: 60.68
INFO >> Epoch: 27  |  Layer:  7  |  Train Loss: 0.450 | Train Acc: 90.48  |  Val Loss: 1.142 | Val Acc: 57.05  |  Test Loss: 1.082 | Tes Acc: 62.39
INFO >> Epoch: 27  |  Layer:  8  |  Train Loss: 0.548 | Train Acc: 88.10  |  Val Loss: 1.237 | Val Acc: 52.56  |  Test Loss: 1.041 | Tes Acc: 61.54
INFO >> Epoch: 27  |  Layer:  9  |  Train Loss: 0.632 | Train Acc: 84.98  |  Val Loss: 1.304 | Val Acc: 48.72  |  Test Loss: 1.061 | Tes Acc: 58.12
INFO >> Epoch: 27  |  Layer: 10  |  Train Loss: 0.785 | Train Acc: 78.57  |  Val Loss: 1.368 | Val Acc: 46.15  |  Test Loss: 1.072 | Tes Acc: 56.84
INFO >> Epoch: 27  |  Layer: 11  |  Train Loss: 0.871 | Train Acc: 70.70  |  Val Loss: 1.637 | Val Acc: 37.82  |  Test Loss: 1.137 | Tes Acc: 58.55
INFO >> Epoch: 27  |  Layer: 12  |  Train Loss: 1.509 | Train Acc: 43.41  |  Val Loss: 1.667 | Val Acc: 35.90  |  Test Loss: 1.688 | Tes Acc: 38.03
INFO >> Epoch: 27  |  Layer: 13  |  Train Loss: 1.360 | Train Acc: 52.01  |  Val Loss: 1.614 | Val Acc: 37.18  |  Test Loss: 1.588 | Tes Acc: 37.61

INFO >> Epoch: 28  |  Layer:  1  |  Train Loss: 1.570 | Train Acc: 38.46  |  Val Loss: 1.671 | Val Acc: 31.41  |  Test Loss: 1.530 | Tes Acc: 39.32
INFO >> Epoch: 28  |  Layer:  2  |  Train Loss: 1.239 | Train Acc: 57.14  |  Val Loss: 1.639 | Val Acc: 30.13  |  Test Loss: 1.330 | Tes Acc: 50.43
INFO >> Epoch: 28  |  Layer:  3  |  Train Loss: 1.003 | Train Acc: 67.77  |  Val Loss: 1.887 | Val Acc: 33.33  |  Test Loss: 1.158 | Tes Acc: 56.41
INFO >> Epoch: 28  |  Layer:  4  |  Train Loss: 0.706 | Train Acc: 80.22  |  Val Loss: 1.550 | Val Acc: 43.59  |  Test Loss: 0.992 | Tes Acc: 62.39
INFO >> Epoch: 28  |  Layer:  5  |  Train Loss: 0.560 | Train Acc: 85.16  |  Val Loss: 1.209 | Val Acc: 50.64  |  Test Loss: 0.907 | Tes Acc: 64.96
INFO >> Epoch: 28  |  Layer:  6  |  Train Loss: 0.523 | Train Acc: 86.45  |  Val Loss: 1.113 | Val Acc: 57.05  |  Test Loss: 0.986 | Tes Acc: 64.53
INFO >> Epoch: 28  |  Layer:  7  |  Train Loss: 0.432 | Train Acc: 89.01  |  Val Loss: 1.196 | Val Acc: 53.85  |  Test Loss: 1.073 | Tes Acc: 59.40
INFO >> Epoch: 28  |  Layer:  8  |  Train Loss: 0.514 | Train Acc: 87.73  |  Val Loss: 1.356 | Val Acc: 46.79  |  Test Loss: 1.039 | Tes Acc: 61.97
INFO >> Epoch: 28  |  Layer:  9  |  Train Loss: 0.601 | Train Acc: 84.43  |  Val Loss: 1.421 | Val Acc: 41.67  |  Test Loss: 1.062 | Tes Acc: 58.12
INFO >> Epoch: 28  |  Layer: 10  |  Train Loss: 0.769 | Train Acc: 76.19  |  Val Loss: 1.549 | Val Acc: 39.74  |  Test Loss: 1.058 | Tes Acc: 60.68
INFO >> Epoch: 28  |  Layer: 11  |  Train Loss: 0.859 | Train Acc: 72.34  |  Val Loss: 1.785 | Val Acc: 33.33  |  Test Loss: 1.119 | Tes Acc: 61.11
INFO >> Epoch: 28  |  Layer: 12  |  Train Loss: 1.471 | Train Acc: 47.80  |  Val Loss: 1.661 | Val Acc: 31.41  |  Test Loss: 1.668 | Tes Acc: 35.90
INFO >> Epoch: 28  |  Layer: 13  |  Train Loss: 1.338 | Train Acc: 50.73  |  Val Loss: 1.640 | Val Acc: 32.69  |  Test Loss: 1.623 | Tes Acc: 34.62

INFO >> Epoch: 29  |  Layer:  1  |  Train Loss: 1.559 | Train Acc: 39.19  |  Val Loss: 1.676 | Val Acc: 37.18  |  Test Loss: 1.530 | Tes Acc: 37.61
INFO >> Epoch: 29  |  Layer:  2  |  Train Loss: 1.202 | Train Acc: 59.34  |  Val Loss: 1.612 | Val Acc: 32.05  |  Test Loss: 1.333 | Tes Acc: 50.43
INFO >> Epoch: 29  |  Layer:  3  |  Train Loss: 0.942 | Train Acc: 69.23  |  Val Loss: 1.748 | Val Acc: 38.46  |  Test Loss: 1.159 | Tes Acc: 57.69
INFO >> Epoch: 29  |  Layer:  4  |  Train Loss: 0.663 | Train Acc: 82.05  |  Val Loss: 1.386 | Val Acc: 48.08  |  Test Loss: 0.994 | Tes Acc: 58.12
INFO >> Epoch: 29  |  Layer:  5  |  Train Loss: 0.521 | Train Acc: 86.26  |  Val Loss: 1.136 | Val Acc: 54.49  |  Test Loss: 0.922 | Tes Acc: 64.53
INFO >> Epoch: 29  |  Layer:  6  |  Train Loss: 0.478 | Train Acc: 88.10  |  Val Loss: 1.099 | Val Acc: 57.05  |  Test Loss: 1.008 | Tes Acc: 62.82
INFO >> Epoch: 29  |  Layer:  7  |  Train Loss: 0.395 | Train Acc: 91.03  |  Val Loss: 1.179 | Val Acc: 57.69  |  Test Loss: 1.047 | Tes Acc: 62.39
INFO >> Epoch: 29  |  Layer:  8  |  Train Loss: 0.477 | Train Acc: 88.10  |  Val Loss: 1.288 | Val Acc: 51.28  |  Test Loss: 0.999 | Tes Acc: 64.10
INFO >> Epoch: 29  |  Layer:  9  |  Train Loss: 0.554 | Train Acc: 86.63  |  Val Loss: 1.321 | Val Acc: 48.72  |  Test Loss: 1.041 | Tes Acc: 59.83
INFO >> Epoch: 29  |  Layer: 10  |  Train Loss: 0.712 | Train Acc: 78.75  |  Val Loss: 1.376 | Val Acc: 46.79  |  Test Loss: 1.093 | Tes Acc: 57.69
INFO >> Epoch: 29  |  Layer: 11  |  Train Loss: 0.813 | Train Acc: 74.36  |  Val Loss: 1.644 | Val Acc: 39.10  |  Test Loss: 1.129 | Tes Acc: 56.84
INFO >> Epoch: 29  |  Layer: 12  |  Train Loss: 1.436 | Train Acc: 48.17  |  Val Loss: 1.648 | Val Acc: 34.62  |  Test Loss: 1.666 | Tes Acc: 35.47
INFO >> Epoch: 29  |  Layer: 13  |  Train Loss: 1.295 | Train Acc: 54.40  |  Val Loss: 1.660 | Val Acc: 33.97  |  Test Loss: 1.640 | Tes Acc: 35.90

INFO >> Epoch: 30  |  Layer:  1  |  Train Loss: 1.532 | Train Acc: 38.83  |  Val Loss: 1.725 | Val Acc: 35.90  |  Test Loss: 1.566 | Tes Acc: 36.75
INFO >> Epoch: 30  |  Layer:  2  |  Train Loss: 1.210 | Train Acc: 54.21  |  Val Loss: 1.620 | Val Acc: 35.90  |  Test Loss: 1.380 | Tes Acc: 52.56
INFO >> Epoch: 30  |  Layer:  3  |  Train Loss: 0.940 | Train Acc: 69.05  |  Val Loss: 1.708 | Val Acc: 39.74  |  Test Loss: 1.174 | Tes Acc: 56.41
INFO >> Epoch: 30  |  Layer:  4  |  Train Loss: 0.651 | Train Acc: 80.95  |  Val Loss: 1.386 | Val Acc: 45.51  |  Test Loss: 1.013 | Tes Acc: 61.11
INFO >> Epoch: 30  |  Layer:  5  |  Train Loss: 0.511 | Train Acc: 86.45  |  Val Loss: 1.136 | Val Acc: 53.21  |  Test Loss: 0.946 | Tes Acc: 63.25
INFO >> Epoch: 30  |  Layer:  6  |  Train Loss: 0.467 | Train Acc: 86.81  |  Val Loss: 1.094 | Val Acc: 58.97  |  Test Loss: 1.028 | Tes Acc: 60.26
INFO >> Epoch: 30  |  Layer:  7  |  Train Loss: 0.395 | Train Acc: 91.21  |  Val Loss: 1.162 | Val Acc: 58.97  |  Test Loss: 1.075 | Tes Acc: 61.97
INFO >> Epoch: 30  |  Layer:  8  |  Train Loss: 0.479 | Train Acc: 87.55  |  Val Loss: 1.247 | Val Acc: 51.92  |  Test Loss: 1.057 | Tes Acc: 59.83
INFO >> Epoch: 30  |  Layer:  9  |  Train Loss: 0.561 | Train Acc: 84.43  |  Val Loss: 1.314 | Val Acc: 52.56  |  Test Loss: 1.075 | Tes Acc: 55.13
INFO >> Epoch: 30  |  Layer: 10  |  Train Loss: 0.713 | Train Acc: 77.47  |  Val Loss: 1.378 | Val Acc: 45.51  |  Test Loss: 1.061 | Tes Acc: 58.55
INFO >> Epoch: 30  |  Layer: 11  |  Train Loss: 0.816 | Train Acc: 74.54  |  Val Loss: 1.625 | Val Acc: 39.10  |  Test Loss: 1.117 | Tes Acc: 56.84
INFO >> Epoch: 30  |  Layer: 12  |  Train Loss: 1.427 | Train Acc: 48.90  |  Val Loss: 1.652 | Val Acc: 35.90  |  Test Loss: 1.660 | Tes Acc: 38.03
INFO >> Epoch: 30  |  Layer: 13  |  Train Loss: 1.280 | Train Acc: 52.56  |  Val Loss: 1.630 | Val Acc: 37.82  |  Test Loss: 1.604 | Tes Acc: 39.32



INFO >> Time Taken: 08:46

INFO >> Layer: 1  |  Best Val Acc: 39.10  |  Best Test Acc: 32.91
INFO >> Layer: 2  |  Best Val Acc: 37.82  |  Best Test Acc: 54.27
INFO >> Layer: 3  |  Best Val Acc: 42.31  |  Best Test Acc: 54.27
INFO >> Layer: 4  |  Best Val Acc: 48.08  |  Best Test Acc: 58.12
INFO >> Layer: 5  |  Best Val Acc: 55.77  |  Best Test Acc: 61.97
INFO >> Layer: 6  |  Best Val Acc: 58.97  |  Best Test Acc: 60.26
INFO >> Layer: 7  |  Best Val Acc: 59.62  |  Best Test Acc: 55.56
INFO >> Layer: 8  |  Best Val Acc: 52.56  |  Best Test Acc: 61.54
INFO >> Layer: 9  |  Best Val Acc: 52.56  |  Best Test Acc: 55.13
INFO >> Layer: 10  |  Best Val Acc: 48.08  |  Best Test Acc: 47.44
INFO >> Layer: 11  |  Best Val Acc: 42.31  |  Best Test Acc: 52.56
INFO >> Layer: 12  |  Best Val Acc: 35.90  |  Best Test Acc: 38.03
INFO >> Layer: 13  |  Best Val Acc: 37.82  |  Best Test Acc: 39.32

DEBUG >> Last state saved

INFO >> History saved (./history/v1.4/CaFE/WAV2VEC2_BASE_PROBING/Run3/history.pt)
