
--------------------------------------------------
Multilingual SER System v1.3
--------------------------------------------------
Run Name      : Run3
Fx Model      : HUBERT_BASE
Clf Model     : PROBING
Extract Mode  : gpu_memory
Dataset       : RAVDESS
Device        : gpu
Epochs        : 20
Num Workers   : 2
Data Dir      : ./data
History Dir   : ./history
Weights Dir   : ./weights
Log Level     : debug
Purge Cache   : False
Job Name      : Job74
Job Id        : 30721408
GPU           : Quadro RTX 8000
GPU Count     : 1
GPU Memory    : 44.49 GB

Timestamp : 2023-03-03 12:19:47.357773

INFO >> Running on CUDA


INFO >> Training Classifier

INFO >> Epoch: 1  |  Layer:  1  |  Train Loss: 2.031 | Train Acc: 22.26  |  Val Loss: 1.956 | Val Acc: 28.00  |  Test Loss: 1.967 | Tes Acc: 30.00
INFO >> Epoch: 1  |  Layer:  2  |  Train Loss: 2.031 | Train Acc: 22.26  |  Val Loss: 1.961 | Val Acc: 26.67  |  Test Loss: 1.966 | Tes Acc: 30.67
INFO >> Epoch: 1  |  Layer:  3  |  Train Loss: 2.034 | Train Acc: 23.45  |  Val Loss: 1.968 | Val Acc: 29.00  |  Test Loss: 1.976 | Tes Acc: 33.67
INFO >> Epoch: 1  |  Layer:  4  |  Train Loss: 2.031 | Train Acc: 22.62  |  Val Loss: 1.955 | Val Acc: 33.33  |  Test Loss: 1.967 | Tes Acc: 36.33
INFO >> Epoch: 1  |  Layer:  5  |  Train Loss: 2.030 | Train Acc: 24.76  |  Val Loss: 1.962 | Val Acc: 34.33  |  Test Loss: 1.975 | Tes Acc: 38.33
INFO >> Epoch: 1  |  Layer:  6  |  Train Loss: 2.025 | Train Acc: 28.21  |  Val Loss: 1.940 | Val Acc: 45.67  |  Test Loss: 1.958 | Tes Acc: 45.00
INFO >> Epoch: 1  |  Layer:  7  |  Train Loss: 2.027 | Train Acc: 24.05  |  Val Loss: 1.948 | Val Acc: 43.00  |  Test Loss: 1.960 | Tes Acc: 42.00
INFO >> Epoch: 1  |  Layer:  8  |  Train Loss: 2.027 | Train Acc: 23.69  |  Val Loss: 1.946 | Val Acc: 43.00  |  Test Loss: 1.959 | Tes Acc: 40.67
INFO >> Epoch: 1  |  Layer:  9  |  Train Loss: 2.019 | Train Acc: 26.55  |  Val Loss: 1.933 | Val Acc: 44.33  |  Test Loss: 1.948 | Tes Acc: 41.33
INFO >> Epoch: 1  |  Layer: 10  |  Train Loss: 2.024 | Train Acc: 25.71  |  Val Loss: 1.943 | Val Acc: 43.67  |  Test Loss: 1.958 | Tes Acc: 37.00
INFO >> Epoch: 1  |  Layer: 11  |  Train Loss: 2.029 | Train Acc: 25.00  |  Val Loss: 1.947 | Val Acc: 45.00  |  Test Loss: 1.962 | Tes Acc: 37.33
INFO >> Epoch: 1  |  Layer: 12  |  Train Loss: 2.024 | Train Acc: 23.45  |  Val Loss: 1.945 | Val Acc: 30.00  |  Test Loss: 1.953 | Tes Acc: 32.00

INFO >> Epoch: 2  |  Layer:  1  |  Train Loss: 1.897 | Train Acc: 33.33  |  Val Loss: 1.813 | Val Acc: 29.33  |  Test Loss: 1.821 | Tes Acc: 36.67
INFO >> Epoch: 2  |  Layer:  2  |  Train Loss: 1.894 | Train Acc: 34.88  |  Val Loss: 1.820 | Val Acc: 33.33  |  Test Loss: 1.822 | Tes Acc: 40.33
INFO >> Epoch: 2  |  Layer:  3  |  Train Loss: 1.898 | Train Acc: 39.52  |  Val Loss: 1.822 | Val Acc: 34.00  |  Test Loss: 1.833 | Tes Acc: 38.00
INFO >> Epoch: 2  |  Layer:  4  |  Train Loss: 1.885 | Train Acc: 40.83  |  Val Loss: 1.800 | Val Acc: 37.67  |  Test Loss: 1.823 | Tes Acc: 38.67
INFO >> Epoch: 2  |  Layer:  5  |  Train Loss: 1.885 | Train Acc: 44.76  |  Val Loss: 1.803 | Val Acc: 40.00  |  Test Loss: 1.825 | Tes Acc: 43.67
INFO >> Epoch: 2  |  Layer:  6  |  Train Loss: 1.853 | Train Acc: 47.26  |  Val Loss: 1.746 | Val Acc: 45.67  |  Test Loss: 1.779 | Tes Acc: 41.00
INFO >> Epoch: 2  |  Layer:  7  |  Train Loss: 1.863 | Train Acc: 45.12  |  Val Loss: 1.764 | Val Acc: 51.00  |  Test Loss: 1.786 | Tes Acc: 43.00
INFO >> Epoch: 2  |  Layer:  8  |  Train Loss: 1.866 | Train Acc: 43.57  |  Val Loss: 1.760 | Val Acc: 49.00  |  Test Loss: 1.787 | Tes Acc: 46.00
INFO >> Epoch: 2  |  Layer:  9  |  Train Loss: 1.846 | Train Acc: 43.93  |  Val Loss: 1.745 | Val Acc: 49.67  |  Test Loss: 1.771 | Tes Acc: 43.67
INFO >> Epoch: 2  |  Layer: 10  |  Train Loss: 1.859 | Train Acc: 44.64  |  Val Loss: 1.766 | Val Acc: 48.67  |  Test Loss: 1.799 | Tes Acc: 41.00
INFO >> Epoch: 2  |  Layer: 11  |  Train Loss: 1.872 | Train Acc: 42.26  |  Val Loss: 1.773 | Val Acc: 43.00  |  Test Loss: 1.803 | Tes Acc: 40.33
INFO >> Epoch: 2  |  Layer: 12  |  Train Loss: 1.864 | Train Acc: 37.86  |  Val Loss: 1.787 | Val Acc: 39.67  |  Test Loss: 1.800 | Tes Acc: 36.67

INFO >> Epoch: 3  |  Layer:  1  |  Train Loss: 1.753 | Train Acc: 37.98  |  Val Loss: 1.714 | Val Acc: 32.67  |  Test Loss: 1.699 | Tes Acc: 38.67
INFO >> Epoch: 3  |  Layer:  2  |  Train Loss: 1.744 | Train Acc: 40.60  |  Val Loss: 1.707 | Val Acc: 35.67  |  Test Loss: 1.688 | Tes Acc: 39.67
INFO >> Epoch: 3  |  Layer:  3  |  Train Loss: 1.735 | Train Acc: 44.40  |  Val Loss: 1.686 | Val Acc: 39.00  |  Test Loss: 1.684 | Tes Acc: 40.67
INFO >> Epoch: 3  |  Layer:  4  |  Train Loss: 1.721 | Train Acc: 45.71  |  Val Loss: 1.657 | Val Acc: 40.67  |  Test Loss: 1.673 | Tes Acc: 41.00
INFO >> Epoch: 3  |  Layer:  5  |  Train Loss: 1.704 | Train Acc: 47.26  |  Val Loss: 1.644 | Val Acc: 44.67  |  Test Loss: 1.657 | Tes Acc: 44.67
INFO >> Epoch: 3  |  Layer:  6  |  Train Loss: 1.648 | Train Acc: 52.26  |  Val Loss: 1.567 | Val Acc: 49.67  |  Test Loss: 1.598 | Tes Acc: 46.00
INFO >> Epoch: 3  |  Layer:  7  |  Train Loss: 1.666 | Train Acc: 49.29  |  Val Loss: 1.585 | Val Acc: 49.67  |  Test Loss: 1.609 | Tes Acc: 43.33
INFO >> Epoch: 3  |  Layer:  8  |  Train Loss: 1.666 | Train Acc: 50.36  |  Val Loss: 1.569 | Val Acc: 51.33  |  Test Loss: 1.608 | Tes Acc: 44.33
INFO >> Epoch: 3  |  Layer:  9  |  Train Loss: 1.648 | Train Acc: 49.17  |  Val Loss: 1.557 | Val Acc: 53.00  |  Test Loss: 1.594 | Tes Acc: 45.33
INFO >> Epoch: 3  |  Layer: 10  |  Train Loss: 1.669 | Train Acc: 48.69  |  Val Loss: 1.585 | Val Acc: 51.33  |  Test Loss: 1.631 | Tes Acc: 42.67
INFO >> Epoch: 3  |  Layer: 11  |  Train Loss: 1.690 | Train Acc: 46.19  |  Val Loss: 1.597 | Val Acc: 50.33  |  Test Loss: 1.634 | Tes Acc: 43.00
INFO >> Epoch: 3  |  Layer: 12  |  Train Loss: 1.696 | Train Acc: 43.93  |  Val Loss: 1.631 | Val Acc: 48.00  |  Test Loss: 1.646 | Tes Acc: 43.67

INFO >> Epoch: 4  |  Layer:  1  |  Train Loss: 1.676 | Train Acc: 38.81  |  Val Loss: 1.654 | Val Acc: 35.67  |  Test Loss: 1.627 | Tes Acc: 45.33
INFO >> Epoch: 4  |  Layer:  2  |  Train Loss: 1.647 | Train Acc: 41.67  |  Val Loss: 1.633 | Val Acc: 38.00  |  Test Loss: 1.606 | Tes Acc: 43.00
INFO >> Epoch: 4  |  Layer:  3  |  Train Loss: 1.611 | Train Acc: 45.24  |  Val Loss: 1.598 | Val Acc: 39.33  |  Test Loss: 1.579 | Tes Acc: 44.67
INFO >> Epoch: 4  |  Layer:  4  |  Train Loss: 1.595 | Train Acc: 48.33  |  Val Loss: 1.563 | Val Acc: 42.67  |  Test Loss: 1.572 | Tes Acc: 46.33
INFO >> Epoch: 4  |  Layer:  5  |  Train Loss: 1.549 | Train Acc: 51.19  |  Val Loss: 1.535 | Val Acc: 46.67  |  Test Loss: 1.531 | Tes Acc: 45.67
INFO >> Epoch: 4  |  Layer:  6  |  Train Loss: 1.489 | Train Acc: 51.67  |  Val Loss: 1.440 | Val Acc: 51.67  |  Test Loss: 1.472 | Tes Acc: 48.33
INFO >> Epoch: 4  |  Layer:  7  |  Train Loss: 1.506 | Train Acc: 52.50  |  Val Loss: 1.455 | Val Acc: 48.67  |  Test Loss: 1.477 | Tes Acc: 49.33
INFO >> Epoch: 4  |  Layer:  8  |  Train Loss: 1.499 | Train Acc: 52.02  |  Val Loss: 1.433 | Val Acc: 51.00  |  Test Loss: 1.474 | Tes Acc: 49.33
INFO >> Epoch: 4  |  Layer:  9  |  Train Loss: 1.486 | Train Acc: 51.79  |  Val Loss: 1.428 | Val Acc: 51.00  |  Test Loss: 1.468 | Tes Acc: 49.00
INFO >> Epoch: 4  |  Layer: 10  |  Train Loss: 1.510 | Train Acc: 50.95  |  Val Loss: 1.458 | Val Acc: 48.00  |  Test Loss: 1.510 | Tes Acc: 44.33
INFO >> Epoch: 4  |  Layer: 11  |  Train Loss: 1.535 | Train Acc: 50.00  |  Val Loss: 1.486 | Val Acc: 46.67  |  Test Loss: 1.512 | Tes Acc: 47.00
INFO >> Epoch: 4  |  Layer: 12  |  Train Loss: 1.556 | Train Acc: 48.21  |  Val Loss: 1.547 | Val Acc: 44.67  |  Test Loss: 1.554 | Tes Acc: 45.00

INFO >> Epoch: 5  |  Layer:  1  |  Train Loss: 1.608 | Train Acc: 44.05  |  Val Loss: 1.603 | Val Acc: 40.33  |  Test Loss: 1.622 | Tes Acc: 40.67
INFO >> Epoch: 5  |  Layer:  2  |  Train Loss: 1.566 | Train Acc: 45.60  |  Val Loss: 1.581 | Val Acc: 40.33  |  Test Loss: 1.580 | Tes Acc: 45.67
INFO >> Epoch: 5  |  Layer:  3  |  Train Loss: 1.508 | Train Acc: 48.69  |  Val Loss: 1.544 | Val Acc: 42.33  |  Test Loss: 1.543 | Tes Acc: 45.33
INFO >> Epoch: 5  |  Layer:  4  |  Train Loss: 1.484 | Train Acc: 50.00  |  Val Loss: 1.497 | Val Acc: 46.33  |  Test Loss: 1.511 | Tes Acc: 47.00
INFO >> Epoch: 5  |  Layer:  5  |  Train Loss: 1.415 | Train Acc: 52.50  |  Val Loss: 1.467 | Val Acc: 48.33  |  Test Loss: 1.471 | Tes Acc: 51.67
INFO >> Epoch: 5  |  Layer:  6  |  Train Loss: 1.347 | Train Acc: 55.95  |  Val Loss: 1.353 | Val Acc: 53.33  |  Test Loss: 1.410 | Tes Acc: 53.67
INFO >> Epoch: 5  |  Layer:  7  |  Train Loss: 1.367 | Train Acc: 54.64  |  Val Loss: 1.357 | Val Acc: 50.33  |  Test Loss: 1.406 | Tes Acc: 55.33
INFO >> Epoch: 5  |  Layer:  8  |  Train Loss: 1.359 | Train Acc: 54.40  |  Val Loss: 1.329 | Val Acc: 54.00  |  Test Loss: 1.400 | Tes Acc: 55.00
INFO >> Epoch: 5  |  Layer:  9  |  Train Loss: 1.354 | Train Acc: 55.36  |  Val Loss: 1.329 | Val Acc: 52.67  |  Test Loss: 1.394 | Tes Acc: 55.00
INFO >> Epoch: 5  |  Layer: 10  |  Train Loss: 1.379 | Train Acc: 53.69  |  Val Loss: 1.366 | Val Acc: 51.67  |  Test Loss: 1.442 | Tes Acc: 52.67
INFO >> Epoch: 5  |  Layer: 11  |  Train Loss: 1.403 | Train Acc: 52.26  |  Val Loss: 1.396 | Val Acc: 51.00  |  Test Loss: 1.436 | Tes Acc: 52.67
INFO >> Epoch: 5  |  Layer: 12  |  Train Loss: 1.441 | Train Acc: 51.43  |  Val Loss: 1.487 | Val Acc: 46.33  |  Test Loss: 1.492 | Tes Acc: 45.33

INFO >> Epoch: 6  |  Layer:  1  |  Train Loss: 1.531 | Train Acc: 47.26  |  Val Loss: 1.556 | Val Acc: 40.33  |  Test Loss: 1.550 | Tes Acc: 45.67
INFO >> Epoch: 6  |  Layer:  2  |  Train Loss: 1.463 | Train Acc: 50.36  |  Val Loss: 1.527 | Val Acc: 42.33  |  Test Loss: 1.496 | Tes Acc: 46.00
INFO >> Epoch: 6  |  Layer:  3  |  Train Loss: 1.407 | Train Acc: 52.26  |  Val Loss: 1.489 | Val Acc: 44.67  |  Test Loss: 1.468 | Tes Acc: 45.67
INFO >> Epoch: 6  |  Layer:  4  |  Train Loss: 1.373 | Train Acc: 54.64  |  Val Loss: 1.430 | Val Acc: 49.67  |  Test Loss: 1.433 | Tes Acc: 50.67
INFO >> Epoch: 6  |  Layer:  5  |  Train Loss: 1.301 | Train Acc: 57.74  |  Val Loss: 1.400 | Val Acc: 47.33  |  Test Loss: 1.388 | Tes Acc: 51.33
INFO >> Epoch: 6  |  Layer:  6  |  Train Loss: 1.224 | Train Acc: 59.64  |  Val Loss: 1.266 | Val Acc: 56.00  |  Test Loss: 1.341 | Tes Acc: 59.00
INFO >> Epoch: 6  |  Layer:  7  |  Train Loss: 1.250 | Train Acc: 57.38  |  Val Loss: 1.267 | Val Acc: 58.33  |  Test Loss: 1.345 | Tes Acc: 53.00
INFO >> Epoch: 6  |  Layer:  8  |  Train Loss: 1.238 | Train Acc: 58.21  |  Val Loss: 1.235 | Val Acc: 57.67  |  Test Loss: 1.325 | Tes Acc: 55.33
INFO >> Epoch: 6  |  Layer:  9  |  Train Loss: 1.229 | Train Acc: 57.74  |  Val Loss: 1.240 | Val Acc: 56.00  |  Test Loss: 1.328 | Tes Acc: 55.33
INFO >> Epoch: 6  |  Layer: 10  |  Train Loss: 1.260 | Train Acc: 55.48  |  Val Loss: 1.267 | Val Acc: 55.33  |  Test Loss: 1.379 | Tes Acc: 51.67
INFO >> Epoch: 6  |  Layer: 11  |  Train Loss: 1.287 | Train Acc: 54.40  |  Val Loss: 1.311 | Val Acc: 52.67  |  Test Loss: 1.377 | Tes Acc: 54.33
INFO >> Epoch: 6  |  Layer: 12  |  Train Loss: 1.327 | Train Acc: 54.88  |  Val Loss: 1.411 | Val Acc: 50.00  |  Test Loss: 1.426 | Tes Acc: 48.67

INFO >> Epoch: 7  |  Layer:  1  |  Train Loss: 1.489 | Train Acc: 46.90  |  Val Loss: 1.526 | Val Acc: 43.33  |  Test Loss: 1.481 | Tes Acc: 49.33
INFO >> Epoch: 7  |  Layer:  2  |  Train Loss: 1.412 | Train Acc: 50.24  |  Val Loss: 1.485 | Val Acc: 44.67  |  Test Loss: 1.413 | Tes Acc: 50.67
INFO >> Epoch: 7  |  Layer:  3  |  Train Loss: 1.351 | Train Acc: 52.62  |  Val Loss: 1.432 | Val Acc: 47.33  |  Test Loss: 1.391 | Tes Acc: 50.33
INFO >> Epoch: 7  |  Layer:  4  |  Train Loss: 1.304 | Train Acc: 55.60  |  Val Loss: 1.354 | Val Acc: 53.33  |  Test Loss: 1.352 | Tes Acc: 53.67
INFO >> Epoch: 7  |  Layer:  5  |  Train Loss: 1.218 | Train Acc: 59.29  |  Val Loss: 1.301 | Val Acc: 55.33  |  Test Loss: 1.289 | Tes Acc: 58.33
INFO >> Epoch: 7  |  Layer:  6  |  Train Loss: 1.142 | Train Acc: 64.76  |  Val Loss: 1.171 | Val Acc: 60.33  |  Test Loss: 1.237 | Tes Acc: 60.33
INFO >> Epoch: 7  |  Layer:  7  |  Train Loss: 1.172 | Train Acc: 62.14  |  Val Loss: 1.182 | Val Acc: 59.33  |  Test Loss: 1.261 | Tes Acc: 55.67
INFO >> Epoch: 7  |  Layer:  8  |  Train Loss: 1.160 | Train Acc: 62.86  |  Val Loss: 1.152 | Val Acc: 57.33  |  Test Loss: 1.251 | Tes Acc: 55.67
INFO >> Epoch: 7  |  Layer:  9  |  Train Loss: 1.156 | Train Acc: 62.26  |  Val Loss: 1.152 | Val Acc: 57.00  |  Test Loss: 1.250 | Tes Acc: 59.33
INFO >> Epoch: 7  |  Layer: 10  |  Train Loss: 1.182 | Train Acc: 61.31  |  Val Loss: 1.182 | Val Acc: 57.33  |  Test Loss: 1.304 | Tes Acc: 54.33
INFO >> Epoch: 7  |  Layer: 11  |  Train Loss: 1.217 | Train Acc: 59.88  |  Val Loss: 1.210 | Val Acc: 57.67  |  Test Loss: 1.300 | Tes Acc: 55.00
INFO >> Epoch: 7  |  Layer: 12  |  Train Loss: 1.259 | Train Acc: 58.10  |  Val Loss: 1.289 | Val Acc: 53.33  |  Test Loss: 1.328 | Tes Acc: 54.67

INFO >> Epoch: 8  |  Layer:  1  |  Train Loss: 1.433 | Train Acc: 50.24  |  Val Loss: 1.490 | Val Acc: 43.67  |  Test Loss: 1.439 | Tes Acc: 50.67
INFO >> Epoch: 8  |  Layer:  2  |  Train Loss: 1.353 | Train Acc: 53.81  |  Val Loss: 1.449 | Val Acc: 44.67  |  Test Loss: 1.369 | Tes Acc: 51.00
INFO >> Epoch: 8  |  Layer:  3  |  Train Loss: 1.286 | Train Acc: 55.83  |  Val Loss: 1.390 | Val Acc: 51.00  |  Test Loss: 1.350 | Tes Acc: 50.67
INFO >> Epoch: 8  |  Layer:  4  |  Train Loss: 1.233 | Train Acc: 60.60  |  Val Loss: 1.300 | Val Acc: 56.00  |  Test Loss: 1.301 | Tes Acc: 52.33
INFO >> Epoch: 8  |  Layer:  5  |  Train Loss: 1.149 | Train Acc: 64.40  |  Val Loss: 1.239 | Val Acc: 55.33  |  Test Loss: 1.234 | Tes Acc: 58.67
INFO >> Epoch: 8  |  Layer:  6  |  Train Loss: 1.068 | Train Acc: 66.07  |  Val Loss: 1.110 | Val Acc: 63.67  |  Test Loss: 1.183 | Tes Acc: 61.67
INFO >> Epoch: 8  |  Layer:  7  |  Train Loss: 1.107 | Train Acc: 64.29  |  Val Loss: 1.122 | Val Acc: 61.00  |  Test Loss: 1.211 | Tes Acc: 56.33
INFO >> Epoch: 8  |  Layer:  8  |  Train Loss: 1.090 | Train Acc: 65.48  |  Val Loss: 1.093 | Val Acc: 62.00  |  Test Loss: 1.203 | Tes Acc: 60.33
INFO >> Epoch: 8  |  Layer:  9  |  Train Loss: 1.081 | Train Acc: 66.07  |  Val Loss: 1.087 | Val Acc: 63.00  |  Test Loss: 1.205 | Tes Acc: 57.33
INFO >> Epoch: 8  |  Layer: 10  |  Train Loss: 1.114 | Train Acc: 64.88  |  Val Loss: 1.119 | Val Acc: 61.00  |  Test Loss: 1.261 | Tes Acc: 54.67
INFO >> Epoch: 8  |  Layer: 11  |  Train Loss: 1.142 | Train Acc: 63.10  |  Val Loss: 1.155 | Val Acc: 57.67  |  Test Loss: 1.257 | Tes Acc: 54.67
INFO >> Epoch: 8  |  Layer: 12  |  Train Loss: 1.186 | Train Acc: 63.10  |  Val Loss: 1.240 | Val Acc: 56.00  |  Test Loss: 1.288 | Tes Acc: 54.33

INFO >> Epoch: 9  |  Layer:  1  |  Train Loss: 1.377 | Train Acc: 51.55  |  Val Loss: 1.451 | Val Acc: 47.33  |  Test Loss: 1.441 | Tes Acc: 51.33
INFO >> Epoch: 9  |  Layer:  2  |  Train Loss: 1.291 | Train Acc: 53.81  |  Val Loss: 1.399 | Val Acc: 47.00  |  Test Loss: 1.370 | Tes Acc: 52.00
INFO >> Epoch: 9  |  Layer:  3  |  Train Loss: 1.224 | Train Acc: 56.90  |  Val Loss: 1.347 | Val Acc: 47.67  |  Test Loss: 1.349 | Tes Acc: 52.00
INFO >> Epoch: 9  |  Layer:  4  |  Train Loss: 1.163 | Train Acc: 60.60  |  Val Loss: 1.255 | Val Acc: 56.00  |  Test Loss: 1.290 | Tes Acc: 54.67
INFO >> Epoch: 9  |  Layer:  5  |  Train Loss: 1.070 | Train Acc: 65.00  |  Val Loss: 1.184 | Val Acc: 58.33  |  Test Loss: 1.218 | Tes Acc: 59.00
INFO >> Epoch: 9  |  Layer:  6  |  Train Loss: 0.990 | Train Acc: 68.45  |  Val Loss: 1.051 | Val Acc: 66.33  |  Test Loss: 1.168 | Tes Acc: 62.00
INFO >> Epoch: 9  |  Layer:  7  |  Train Loss: 1.028 | Train Acc: 67.14  |  Val Loss: 1.067 | Val Acc: 66.33  |  Test Loss: 1.201 | Tes Acc: 59.67
INFO >> Epoch: 9  |  Layer:  8  |  Train Loss: 1.009 | Train Acc: 68.10  |  Val Loss: 1.038 | Val Acc: 62.67  |  Test Loss: 1.189 | Tes Acc: 61.00
INFO >> Epoch: 9  |  Layer:  9  |  Train Loss: 1.008 | Train Acc: 68.33  |  Val Loss: 1.036 | Val Acc: 62.33  |  Test Loss: 1.202 | Tes Acc: 58.67
INFO >> Epoch: 9  |  Layer: 10  |  Train Loss: 1.043 | Train Acc: 66.31  |  Val Loss: 1.065 | Val Acc: 62.33  |  Test Loss: 1.252 | Tes Acc: 53.33
INFO >> Epoch: 9  |  Layer: 11  |  Train Loss: 1.064 | Train Acc: 66.67  |  Val Loss: 1.098 | Val Acc: 62.33  |  Test Loss: 1.247 | Tes Acc: 59.00
INFO >> Epoch: 9  |  Layer: 12  |  Train Loss: 1.108 | Train Acc: 62.50  |  Val Loss: 1.196 | Val Acc: 56.33  |  Test Loss: 1.284 | Tes Acc: 54.33

INFO >> Epoch: 10  |  Layer:  1  |  Train Loss: 1.331 | Train Acc: 52.74  |  Val Loss: 1.436 | Val Acc: 46.00  |  Test Loss: 1.391 | Tes Acc: 49.67
INFO >> Epoch: 10  |  Layer:  2  |  Train Loss: 1.236 | Train Acc: 56.07  |  Val Loss: 1.396 | Val Acc: 44.33  |  Test Loss: 1.322 | Tes Acc: 52.33
INFO >> Epoch: 10  |  Layer:  3  |  Train Loss: 1.167 | Train Acc: 59.05  |  Val Loss: 1.340 | Val Acc: 49.67  |  Test Loss: 1.303 | Tes Acc: 53.33
INFO >> Epoch: 10  |  Layer:  4  |  Train Loss: 1.095 | Train Acc: 65.36  |  Val Loss: 1.244 | Val Acc: 56.00  |  Test Loss: 1.239 | Tes Acc: 58.00
INFO >> Epoch: 10  |  Layer:  5  |  Train Loss: 0.998 | Train Acc: 68.45  |  Val Loss: 1.170 | Val Acc: 58.00  |  Test Loss: 1.169 | Tes Acc: 61.00
INFO >> Epoch: 10  |  Layer:  6  |  Train Loss: 0.921 | Train Acc: 72.74  |  Val Loss: 1.032 | Val Acc: 63.33  |  Test Loss: 1.110 | Tes Acc: 67.33
INFO >> Epoch: 10  |  Layer:  7  |  Train Loss: 0.965 | Train Acc: 69.05  |  Val Loss: 1.048 | Val Acc: 63.00  |  Test Loss: 1.134 | Tes Acc: 62.33
INFO >> Epoch: 10  |  Layer:  8  |  Train Loss: 0.951 | Train Acc: 70.48  |  Val Loss: 1.023 | Val Acc: 63.00  |  Test Loss: 1.127 | Tes Acc: 64.67
INFO >> Epoch: 10  |  Layer:  9  |  Train Loss: 0.949 | Train Acc: 70.95  |  Val Loss: 1.008 | Val Acc: 64.33  |  Test Loss: 1.141 | Tes Acc: 62.67
INFO >> Epoch: 10  |  Layer: 10  |  Train Loss: 0.983 | Train Acc: 69.29  |  Val Loss: 1.044 | Val Acc: 62.67  |  Test Loss: 1.202 | Tes Acc: 58.33
INFO >> Epoch: 10  |  Layer: 11  |  Train Loss: 1.008 | Train Acc: 68.81  |  Val Loss: 1.072 | Val Acc: 60.67  |  Test Loss: 1.201 | Tes Acc: 58.33
INFO >> Epoch: 10  |  Layer: 12  |  Train Loss: 1.058 | Train Acc: 66.55  |  Val Loss: 1.153 | Val Acc: 58.33  |  Test Loss: 1.246 | Tes Acc: 57.00

INFO >> Epoch: 11  |  Layer:  1  |  Train Loss: 1.290 | Train Acc: 53.81  |  Val Loss: 1.398 | Val Acc: 48.67  |  Test Loss: 1.367 | Tes Acc: 50.00
INFO >> Epoch: 11  |  Layer:  2  |  Train Loss: 1.194 | Train Acc: 57.14  |  Val Loss: 1.361 | Val Acc: 49.33  |  Test Loss: 1.298 | Tes Acc: 54.67
INFO >> Epoch: 11  |  Layer:  3  |  Train Loss: 1.122 | Train Acc: 61.55  |  Val Loss: 1.279 | Val Acc: 55.67  |  Test Loss: 1.282 | Tes Acc: 55.67
INFO >> Epoch: 11  |  Layer:  4  |  Train Loss: 1.044 | Train Acc: 66.31  |  Val Loss: 1.187 | Val Acc: 60.00  |  Test Loss: 1.209 | Tes Acc: 62.00
INFO >> Epoch: 11  |  Layer:  5  |  Train Loss: 0.938 | Train Acc: 71.43  |  Val Loss: 1.113 | Val Acc: 61.67  |  Test Loss: 1.144 | Tes Acc: 63.67
INFO >> Epoch: 11  |  Layer:  6  |  Train Loss: 0.862 | Train Acc: 74.52  |  Val Loss: 0.971 | Val Acc: 67.67  |  Test Loss: 1.108 | Tes Acc: 62.67
INFO >> Epoch: 11  |  Layer:  7  |  Train Loss: 0.903 | Train Acc: 72.74  |  Val Loss: 0.981 | Val Acc: 68.00  |  Test Loss: 1.144 | Tes Acc: 62.33
INFO >> Epoch: 11  |  Layer:  8  |  Train Loss: 0.887 | Train Acc: 73.33  |  Val Loss: 0.958 | Val Acc: 65.00  |  Test Loss: 1.144 | Tes Acc: 61.00
INFO >> Epoch: 11  |  Layer:  9  |  Train Loss: 0.891 | Train Acc: 73.93  |  Val Loss: 0.955 | Val Acc: 67.33  |  Test Loss: 1.149 | Tes Acc: 61.67
INFO >> Epoch: 11  |  Layer: 10  |  Train Loss: 0.928 | Train Acc: 72.26  |  Val Loss: 0.979 | Val Acc: 65.67  |  Test Loss: 1.222 | Tes Acc: 56.33
INFO >> Epoch: 11  |  Layer: 11  |  Train Loss: 0.949 | Train Acc: 70.60  |  Val Loss: 1.018 | Val Acc: 63.00  |  Test Loss: 1.212 | Tes Acc: 58.67
INFO >> Epoch: 11  |  Layer: 12  |  Train Loss: 0.999 | Train Acc: 67.50  |  Val Loss: 1.096 | Val Acc: 58.33  |  Test Loss: 1.244 | Tes Acc: 56.00

INFO >> Epoch: 12  |  Layer:  1  |  Train Loss: 1.251 | Train Acc: 58.93  |  Val Loss: 1.412 | Val Acc: 46.33  |  Test Loss: 1.356 | Tes Acc: 51.33
INFO >> Epoch: 12  |  Layer:  2  |  Train Loss: 1.145 | Train Acc: 62.02  |  Val Loss: 1.373 | Val Acc: 45.67  |  Test Loss: 1.274 | Tes Acc: 54.33
INFO >> Epoch: 12  |  Layer:  3  |  Train Loss: 1.066 | Train Acc: 66.55  |  Val Loss: 1.289 | Val Acc: 51.67  |  Test Loss: 1.254 | Tes Acc: 56.67
INFO >> Epoch: 12  |  Layer:  4  |  Train Loss: 0.980 | Train Acc: 70.95  |  Val Loss: 1.189 | Val Acc: 57.67  |  Test Loss: 1.168 | Tes Acc: 63.00
INFO >> Epoch: 12  |  Layer:  5  |  Train Loss: 0.885 | Train Acc: 73.69  |  Val Loss: 1.119 | Val Acc: 59.67  |  Test Loss: 1.105 | Tes Acc: 62.00
INFO >> Epoch: 12  |  Layer:  6  |  Train Loss: 0.804 | Train Acc: 76.31  |  Val Loss: 0.971 | Val Acc: 65.67  |  Test Loss: 1.042 | Tes Acc: 66.67
INFO >> Epoch: 12  |  Layer:  7  |  Train Loss: 0.855 | Train Acc: 75.24  |  Val Loss: 0.989 | Val Acc: 64.00  |  Test Loss: 1.081 | Tes Acc: 64.67
INFO >> Epoch: 12  |  Layer:  8  |  Train Loss: 0.847 | Train Acc: 74.52  |  Val Loss: 0.964 | Val Acc: 63.67  |  Test Loss: 1.075 | Tes Acc: 62.67
INFO >> Epoch: 12  |  Layer:  9  |  Train Loss: 0.852 | Train Acc: 74.88  |  Val Loss: 0.959 | Val Acc: 64.00  |  Test Loss: 1.090 | Tes Acc: 62.33
INFO >> Epoch: 12  |  Layer: 10  |  Train Loss: 0.885 | Train Acc: 72.62  |  Val Loss: 0.981 | Val Acc: 62.00  |  Test Loss: 1.153 | Tes Acc: 60.33
INFO >> Epoch: 12  |  Layer: 11  |  Train Loss: 0.900 | Train Acc: 74.88  |  Val Loss: 1.007 | Val Acc: 62.67  |  Test Loss: 1.161 | Tes Acc: 58.00
INFO >> Epoch: 12  |  Layer: 12  |  Train Loss: 0.959 | Train Acc: 70.83  |  Val Loss: 1.100 | Val Acc: 56.67  |  Test Loss: 1.193 | Tes Acc: 56.33

INFO >> Epoch: 13  |  Layer:  1  |  Train Loss: 1.228 | Train Acc: 60.36  |  Val Loss: 1.369 | Val Acc: 51.00  |  Test Loss: 1.339 | Tes Acc: 52.00
INFO >> Epoch: 13  |  Layer:  2  |  Train Loss: 1.121 | Train Acc: 63.93  |  Val Loss: 1.323 | Val Acc: 50.00  |  Test Loss: 1.285 | Tes Acc: 52.00
INFO >> Epoch: 13  |  Layer:  3  |  Train Loss: 1.042 | Train Acc: 67.02  |  Val Loss: 1.248 | Val Acc: 55.33  |  Test Loss: 1.273 | Tes Acc: 54.33
INFO >> Epoch: 13  |  Layer:  4  |  Train Loss: 0.948 | Train Acc: 71.67  |  Val Loss: 1.140 | Val Acc: 61.67  |  Test Loss: 1.184 | Tes Acc: 61.67
INFO >> Epoch: 13  |  Layer:  5  |  Train Loss: 0.843 | Train Acc: 76.43  |  Val Loss: 1.066 | Val Acc: 62.67  |  Test Loss: 1.132 | Tes Acc: 60.67
INFO >> Epoch: 13  |  Layer:  6  |  Train Loss: 0.758 | Train Acc: 78.81  |  Val Loss: 0.932 | Val Acc: 66.00  |  Test Loss: 1.070 | Tes Acc: 65.67
INFO >> Epoch: 13  |  Layer:  7  |  Train Loss: 0.807 | Train Acc: 76.07  |  Val Loss: 0.952 | Val Acc: 67.33  |  Test Loss: 1.093 | Tes Acc: 63.00
INFO >> Epoch: 13  |  Layer:  8  |  Train Loss: 0.801 | Train Acc: 76.43  |  Val Loss: 0.925 | Val Acc: 69.00  |  Test Loss: 1.104 | Tes Acc: 60.33
INFO >> Epoch: 13  |  Layer:  9  |  Train Loss: 0.809 | Train Acc: 77.26  |  Val Loss: 0.935 | Val Acc: 67.00  |  Test Loss: 1.127 | Tes Acc: 61.00
INFO >> Epoch: 13  |  Layer: 10  |  Train Loss: 0.845 | Train Acc: 75.60  |  Val Loss: 0.957 | Val Acc: 66.67  |  Test Loss: 1.181 | Tes Acc: 57.67
INFO >> Epoch: 13  |  Layer: 11  |  Train Loss: 0.855 | Train Acc: 74.88  |  Val Loss: 0.963 | Val Acc: 68.00  |  Test Loss: 1.200 | Tes Acc: 55.00
INFO >> Epoch: 13  |  Layer: 12  |  Train Loss: 0.903 | Train Acc: 72.50  |  Val Loss: 1.027 | Val Acc: 65.00  |  Test Loss: 1.234 | Tes Acc: 53.33

INFO >> Epoch: 14  |  Layer:  1  |  Train Loss: 1.184 | Train Acc: 58.93  |  Val Loss: 1.359 | Val Acc: 48.67  |  Test Loss: 1.300 | Tes Acc: 51.67
INFO >> Epoch: 14  |  Layer:  2  |  Train Loss: 1.081 | Train Acc: 63.33  |  Val Loss: 1.308 | Val Acc: 48.67  |  Test Loss: 1.233 | Tes Acc: 56.33
INFO >> Epoch: 14  |  Layer:  3  |  Train Loss: 0.997 | Train Acc: 68.21  |  Val Loss: 1.237 | Val Acc: 50.67  |  Test Loss: 1.210 | Tes Acc: 57.00
INFO >> Epoch: 14  |  Layer:  4  |  Train Loss: 0.905 | Train Acc: 71.90  |  Val Loss: 1.131 | Val Acc: 60.33  |  Test Loss: 1.116 | Tes Acc: 60.00
INFO >> Epoch: 14  |  Layer:  5  |  Train Loss: 0.806 | Train Acc: 76.19  |  Val Loss: 1.051 | Val Acc: 60.33  |  Test Loss: 1.062 | Tes Acc: 63.67
INFO >> Epoch: 14  |  Layer:  6  |  Train Loss: 0.732 | Train Acc: 79.40  |  Val Loss: 0.930 | Val Acc: 67.33  |  Test Loss: 0.989 | Tes Acc: 67.00
INFO >> Epoch: 14  |  Layer:  7  |  Train Loss: 0.781 | Train Acc: 76.19  |  Val Loss: 0.938 | Val Acc: 64.67  |  Test Loss: 1.041 | Tes Acc: 63.00
INFO >> Epoch: 14  |  Layer:  8  |  Train Loss: 0.774 | Train Acc: 75.95  |  Val Loss: 0.925 | Val Acc: 64.67  |  Test Loss: 1.045 | Tes Acc: 62.00
INFO >> Epoch: 14  |  Layer:  9  |  Train Loss: 0.783 | Train Acc: 76.55  |  Val Loss: 0.928 | Val Acc: 63.67  |  Test Loss: 1.067 | Tes Acc: 61.00
INFO >> Epoch: 14  |  Layer: 10  |  Train Loss: 0.817 | Train Acc: 73.33  |  Val Loss: 0.951 | Val Acc: 63.67  |  Test Loss: 1.107 | Tes Acc: 60.67
INFO >> Epoch: 14  |  Layer: 11  |  Train Loss: 0.832 | Train Acc: 73.10  |  Val Loss: 0.944 | Val Acc: 65.67  |  Test Loss: 1.129 | Tes Acc: 58.00
INFO >> Epoch: 14  |  Layer: 12  |  Train Loss: 0.883 | Train Acc: 70.95  |  Val Loss: 1.031 | Val Acc: 59.00  |  Test Loss: 1.196 | Tes Acc: 56.33

INFO >> Epoch: 15  |  Layer:  1  |  Train Loss: 1.136 | Train Acc: 62.62  |  Val Loss: 1.314 | Val Acc: 52.67  |  Test Loss: 1.295 | Tes Acc: 54.33
INFO >> Epoch: 15  |  Layer:  2  |  Train Loss: 1.019 | Train Acc: 67.02  |  Val Loss: 1.258 | Val Acc: 53.33  |  Test Loss: 1.232 | Tes Acc: 55.33
INFO >> Epoch: 15  |  Layer:  3  |  Train Loss: 0.928 | Train Acc: 72.38  |  Val Loss: 1.164 | Val Acc: 59.33  |  Test Loss: 1.217 | Tes Acc: 57.00
INFO >> Epoch: 15  |  Layer:  4  |  Train Loss: 0.837 | Train Acc: 76.67  |  Val Loss: 1.059 | Val Acc: 64.00  |  Test Loss: 1.108 | Tes Acc: 61.67
INFO >> Epoch: 15  |  Layer:  5  |  Train Loss: 0.744 | Train Acc: 79.29  |  Val Loss: 0.997 | Val Acc: 64.00  |  Test Loss: 1.053 | Tes Acc: 63.33
INFO >> Epoch: 15  |  Layer:  6  |  Train Loss: 0.672 | Train Acc: 82.74  |  Val Loss: 0.862 | Val Acc: 71.00  |  Test Loss: 1.000 | Tes Acc: 66.33
INFO >> Epoch: 15  |  Layer:  7  |  Train Loss: 0.728 | Train Acc: 79.29  |  Val Loss: 0.881 | Val Acc: 69.67  |  Test Loss: 1.054 | Tes Acc: 64.67
INFO >> Epoch: 15  |  Layer:  8  |  Train Loss: 0.726 | Train Acc: 78.81  |  Val Loss: 0.867 | Val Acc: 68.67  |  Test Loss: 1.074 | Tes Acc: 63.00
INFO >> Epoch: 15  |  Layer:  9  |  Train Loss: 0.731 | Train Acc: 80.00  |  Val Loss: 0.864 | Val Acc: 68.33  |  Test Loss: 1.084 | Tes Acc: 62.33
INFO >> Epoch: 15  |  Layer: 10  |  Train Loss: 0.762 | Train Acc: 76.79  |  Val Loss: 0.882 | Val Acc: 68.00  |  Test Loss: 1.147 | Tes Acc: 61.00
INFO >> Epoch: 15  |  Layer: 11  |  Train Loss: 0.764 | Train Acc: 78.69  |  Val Loss: 0.884 | Val Acc: 69.00  |  Test Loss: 1.150 | Tes Acc: 59.67
INFO >> Epoch: 15  |  Layer: 12  |  Train Loss: 0.820 | Train Acc: 75.83  |  Val Loss: 0.963 | Val Acc: 66.67  |  Test Loss: 1.199 | Tes Acc: 57.33

INFO >> Epoch: 16  |  Layer:  1  |  Train Loss: 1.095 | Train Acc: 63.45  |  Val Loss: 1.332 | Val Acc: 49.67  |  Test Loss: 1.281 | Tes Acc: 55.33
INFO >> Epoch: 16  |  Layer:  2  |  Train Loss: 0.984 | Train Acc: 67.74  |  Val Loss: 1.269 | Val Acc: 54.00  |  Test Loss: 1.204 | Tes Acc: 57.33
INFO >> Epoch: 16  |  Layer:  3  |  Train Loss: 0.889 | Train Acc: 72.26  |  Val Loss: 1.188 | Val Acc: 58.33  |  Test Loss: 1.179 | Tes Acc: 58.00
INFO >> Epoch: 16  |  Layer:  4  |  Train Loss: 0.790 | Train Acc: 78.45  |  Val Loss: 1.079 | Val Acc: 60.67  |  Test Loss: 1.080 | Tes Acc: 65.00
INFO >> Epoch: 16  |  Layer:  5  |  Train Loss: 0.698 | Train Acc: 81.19  |  Val Loss: 0.991 | Val Acc: 66.00  |  Test Loss: 1.031 | Tes Acc: 64.33
INFO >> Epoch: 16  |  Layer:  6  |  Train Loss: 0.628 | Train Acc: 82.62  |  Val Loss: 0.864 | Val Acc: 69.33  |  Test Loss: 0.973 | Tes Acc: 67.00
INFO >> Epoch: 16  |  Layer:  7  |  Train Loss: 0.681 | Train Acc: 81.55  |  Val Loss: 0.907 | Val Acc: 64.67  |  Test Loss: 1.008 | Tes Acc: 66.00
INFO >> Epoch: 16  |  Layer:  8  |  Train Loss: 0.680 | Train Acc: 79.52  |  Val Loss: 0.888 | Val Acc: 68.67  |  Test Loss: 1.028 | Tes Acc: 65.00
INFO >> Epoch: 16  |  Layer:  9  |  Train Loss: 0.688 | Train Acc: 80.48  |  Val Loss: 0.878 | Val Acc: 69.00  |  Test Loss: 1.049 | Tes Acc: 64.00
INFO >> Epoch: 16  |  Layer: 10  |  Train Loss: 0.718 | Train Acc: 77.98  |  Val Loss: 0.901 | Val Acc: 67.67  |  Test Loss: 1.114 | Tes Acc: 61.67
INFO >> Epoch: 16  |  Layer: 11  |  Train Loss: 0.721 | Train Acc: 78.81  |  Val Loss: 0.897 | Val Acc: 68.67  |  Test Loss: 1.116 | Tes Acc: 61.00
INFO >> Epoch: 16  |  Layer: 12  |  Train Loss: 0.779 | Train Acc: 76.79  |  Val Loss: 0.974 | Val Acc: 62.33  |  Test Loss: 1.154 | Tes Acc: 57.00

INFO >> Epoch: 17  |  Layer:  1  |  Train Loss: 1.084 | Train Acc: 64.40  |  Val Loss: 1.285 | Val Acc: 52.33  |  Test Loss: 1.311 | Tes Acc: 50.00
INFO >> Epoch: 17  |  Layer:  2  |  Train Loss: 0.966 | Train Acc: 70.24  |  Val Loss: 1.208 | Val Acc: 54.33  |  Test Loss: 1.232 | Tes Acc: 57.00
INFO >> Epoch: 17  |  Layer:  3  |  Train Loss: 0.867 | Train Acc: 74.52  |  Val Loss: 1.119 | Val Acc: 61.00  |  Test Loss: 1.219 | Tes Acc: 55.00
INFO >> Epoch: 17  |  Layer:  4  |  Train Loss: 0.770 | Train Acc: 78.93  |  Val Loss: 1.012 | Val Acc: 66.67  |  Test Loss: 1.116 | Tes Acc: 65.00
INFO >> Epoch: 17  |  Layer:  5  |  Train Loss: 0.676 | Train Acc: 82.86  |  Val Loss: 0.927 | Val Acc: 69.00  |  Test Loss: 1.075 | Tes Acc: 62.67
INFO >> Epoch: 17  |  Layer:  6  |  Train Loss: 0.603 | Train Acc: 85.24  |  Val Loss: 0.812 | Val Acc: 72.00  |  Test Loss: 1.036 | Tes Acc: 65.00
INFO >> Epoch: 17  |  Layer:  7  |  Train Loss: 0.652 | Train Acc: 82.86  |  Val Loss: 0.835 | Val Acc: 70.67  |  Test Loss: 1.073 | Tes Acc: 63.00
INFO >> Epoch: 17  |  Layer:  8  |  Train Loss: 0.655 | Train Acc: 81.55  |  Val Loss: 0.825 | Val Acc: 73.00  |  Test Loss: 1.086 | Tes Acc: 63.33
INFO >> Epoch: 17  |  Layer:  9  |  Train Loss: 0.660 | Train Acc: 82.14  |  Val Loss: 0.833 | Val Acc: 73.00  |  Test Loss: 1.104 | Tes Acc: 61.67
INFO >> Epoch: 17  |  Layer: 10  |  Train Loss: 0.694 | Train Acc: 80.00  |  Val Loss: 0.851 | Val Acc: 70.33  |  Test Loss: 1.180 | Tes Acc: 59.33
INFO >> Epoch: 17  |  Layer: 11  |  Train Loss: 0.696 | Train Acc: 80.71  |  Val Loss: 0.841 | Val Acc: 72.33  |  Test Loss: 1.161 | Tes Acc: 59.33
INFO >> Epoch: 17  |  Layer: 12  |  Train Loss: 0.754 | Train Acc: 78.93  |  Val Loss: 0.920 | Val Acc: 68.00  |  Test Loss: 1.184 | Tes Acc: 57.67

INFO >> Epoch: 18  |  Layer:  1  |  Train Loss: 1.036 | Train Acc: 66.55  |  Val Loss: 1.289 | Val Acc: 53.33  |  Test Loss: 1.259 | Tes Acc: 56.33
INFO >> Epoch: 18  |  Layer:  2  |  Train Loss: 0.921 | Train Acc: 70.83  |  Val Loss: 1.238 | Val Acc: 53.67  |  Test Loss: 1.190 | Tes Acc: 57.33
INFO >> Epoch: 18  |  Layer:  3  |  Train Loss: 0.822 | Train Acc: 74.64  |  Val Loss: 1.152 | Val Acc: 58.67  |  Test Loss: 1.169 | Tes Acc: 58.67
INFO >> Epoch: 18  |  Layer:  4  |  Train Loss: 0.723 | Train Acc: 79.76  |  Val Loss: 1.042 | Val Acc: 62.33  |  Test Loss: 1.075 | Tes Acc: 65.00
INFO >> Epoch: 18  |  Layer:  5  |  Train Loss: 0.638 | Train Acc: 82.74  |  Val Loss: 0.970 | Val Acc: 66.67  |  Test Loss: 1.032 | Tes Acc: 62.33
INFO >> Epoch: 18  |  Layer:  6  |  Train Loss: 0.569 | Train Acc: 84.64  |  Val Loss: 0.841 | Val Acc: 68.67  |  Test Loss: 0.967 | Tes Acc: 67.67
INFO >> Epoch: 18  |  Layer:  7  |  Train Loss: 0.621 | Train Acc: 82.26  |  Val Loss: 0.864 | Val Acc: 67.00  |  Test Loss: 1.009 | Tes Acc: 66.67
INFO >> Epoch: 18  |  Layer:  8  |  Train Loss: 0.625 | Train Acc: 82.26  |  Val Loss: 0.839 | Val Acc: 71.33  |  Test Loss: 1.028 | Tes Acc: 65.00
INFO >> Epoch: 18  |  Layer:  9  |  Train Loss: 0.631 | Train Acc: 81.07  |  Val Loss: 0.844 | Val Acc: 69.33  |  Test Loss: 1.063 | Tes Acc: 64.33
INFO >> Epoch: 18  |  Layer: 10  |  Train Loss: 0.660 | Train Acc: 79.76  |  Val Loss: 0.858 | Val Acc: 69.33  |  Test Loss: 1.128 | Tes Acc: 60.67
INFO >> Epoch: 18  |  Layer: 11  |  Train Loss: 0.662 | Train Acc: 80.83  |  Val Loss: 0.842 | Val Acc: 70.67  |  Test Loss: 1.121 | Tes Acc: 61.00
INFO >> Epoch: 18  |  Layer: 12  |  Train Loss: 0.721 | Train Acc: 77.50  |  Val Loss: 0.940 | Val Acc: 63.00  |  Test Loss: 1.169 | Tes Acc: 57.67

INFO >> Epoch: 19  |  Layer:  1  |  Train Loss: 1.030 | Train Acc: 65.83  |  Val Loss: 1.332 | Val Acc: 51.67  |  Test Loss: 1.334 | Tes Acc: 51.00
INFO >> Epoch: 19  |  Layer:  2  |  Train Loss: 0.906 | Train Acc: 70.71  |  Val Loss: 1.241 | Val Acc: 54.33  |  Test Loss: 1.270 | Tes Acc: 52.00
INFO >> Epoch: 19  |  Layer:  3  |  Train Loss: 0.805 | Train Acc: 76.31  |  Val Loss: 1.153 | Val Acc: 60.33  |  Test Loss: 1.233 | Tes Acc: 54.00
INFO >> Epoch: 19  |  Layer:  4  |  Train Loss: 0.700 | Train Acc: 81.67  |  Val Loss: 1.058 | Val Acc: 60.33  |  Test Loss: 1.108 | Tes Acc: 63.00
INFO >> Epoch: 19  |  Layer:  5  |  Train Loss: 0.609 | Train Acc: 85.24  |  Val Loss: 0.974 | Val Acc: 65.67  |  Test Loss: 1.074 | Tes Acc: 61.33
INFO >> Epoch: 19  |  Layer:  6  |  Train Loss: 0.544 | Train Acc: 85.71  |  Val Loss: 0.828 | Val Acc: 70.00  |  Test Loss: 0.973 | Tes Acc: 65.00
INFO >> Epoch: 19  |  Layer:  7  |  Train Loss: 0.596 | Train Acc: 83.81  |  Val Loss: 0.837 | Val Acc: 68.67  |  Test Loss: 1.013 | Tes Acc: 65.33
INFO >> Epoch: 19  |  Layer:  8  |  Train Loss: 0.603 | Train Acc: 84.05  |  Val Loss: 0.830 | Val Acc: 70.67  |  Test Loss: 1.036 | Tes Acc: 62.00
INFO >> Epoch: 19  |  Layer:  9  |  Train Loss: 0.620 | Train Acc: 83.21  |  Val Loss: 0.830 | Val Acc: 70.67  |  Test Loss: 1.072 | Tes Acc: 62.33
INFO >> Epoch: 19  |  Layer: 10  |  Train Loss: 0.649 | Train Acc: 81.07  |  Val Loss: 0.839 | Val Acc: 69.00  |  Test Loss: 1.151 | Tes Acc: 60.33
INFO >> Epoch: 19  |  Layer: 11  |  Train Loss: 0.646 | Train Acc: 82.14  |  Val Loss: 0.830 | Val Acc: 71.33  |  Test Loss: 1.152 | Tes Acc: 60.33
INFO >> Epoch: 19  |  Layer: 12  |  Train Loss: 0.713 | Train Acc: 79.17  |  Val Loss: 0.944 | Val Acc: 65.33  |  Test Loss: 1.251 | Tes Acc: 54.00

INFO >> Epoch: 20  |  Layer:  1  |  Train Loss: 1.007 | Train Acc: 66.79  |  Val Loss: 1.341 | Val Acc: 48.00  |  Test Loss: 1.247 | Tes Acc: 54.33
INFO >> Epoch: 20  |  Layer:  2  |  Train Loss: 0.883 | Train Acc: 71.90  |  Val Loss: 1.264 | Val Acc: 51.33  |  Test Loss: 1.164 | Tes Acc: 59.67
INFO >> Epoch: 20  |  Layer:  3  |  Train Loss: 0.769 | Train Acc: 76.67  |  Val Loss: 1.157 | Val Acc: 57.00  |  Test Loss: 1.166 | Tes Acc: 57.67
INFO >> Epoch: 20  |  Layer:  4  |  Train Loss: 0.662 | Train Acc: 82.14  |  Val Loss: 1.029 | Val Acc: 64.67  |  Test Loss: 1.061 | Tes Acc: 62.67
INFO >> Epoch: 20  |  Layer:  5  |  Train Loss: 0.576 | Train Acc: 85.24  |  Val Loss: 0.939 | Val Acc: 67.00  |  Test Loss: 1.008 | Tes Acc: 64.00
INFO >> Epoch: 20  |  Layer:  6  |  Train Loss: 0.513 | Train Acc: 87.50  |  Val Loss: 0.834 | Val Acc: 68.33  |  Test Loss: 0.950 | Tes Acc: 65.67
INFO >> Epoch: 20  |  Layer:  7  |  Train Loss: 0.566 | Train Acc: 84.40  |  Val Loss: 0.873 | Val Acc: 65.33  |  Test Loss: 0.995 | Tes Acc: 65.33
INFO >> Epoch: 20  |  Layer:  8  |  Train Loss: 0.576 | Train Acc: 82.86  |  Val Loss: 0.843 | Val Acc: 70.33  |  Test Loss: 1.021 | Tes Acc: 63.33
INFO >> Epoch: 20  |  Layer:  9  |  Train Loss: 0.585 | Train Acc: 83.33  |  Val Loss: 0.869 | Val Acc: 66.33  |  Test Loss: 1.047 | Tes Acc: 63.33
INFO >> Epoch: 20  |  Layer: 10  |  Train Loss: 0.620 | Train Acc: 82.38  |  Val Loss: 0.873 | Val Acc: 65.33  |  Test Loss: 1.093 | Tes Acc: 60.00
INFO >> Epoch: 20  |  Layer: 11  |  Train Loss: 0.612 | Train Acc: 82.50  |  Val Loss: 0.826 | Val Acc: 70.33  |  Test Loss: 1.106 | Tes Acc: 61.33
INFO >> Epoch: 20  |  Layer: 12  |  Train Loss: 0.679 | Train Acc: 79.52  |  Val Loss: 0.886 | Val Acc: 68.33  |  Test Loss: 1.151 | Tes Acc: 57.00



INFO >> Time Taken: 04:22

INFO >> Layer: 1  |  Best Val Acc: 53.33  |  Best Test Acc: 56.33
INFO >> Layer: 2  |  Best Val Acc: 54.33  |  Best Test Acc: 57.00
INFO >> Layer: 3  |  Best Val Acc: 61.00  |  Best Test Acc: 55.00
INFO >> Layer: 4  |  Best Val Acc: 66.67  |  Best Test Acc: 65.00
INFO >> Layer: 5  |  Best Val Acc: 69.00  |  Best Test Acc: 62.67
INFO >> Layer: 6  |  Best Val Acc: 72.00  |  Best Test Acc: 65.00
INFO >> Layer: 7  |  Best Val Acc: 70.67  |  Best Test Acc: 63.00
INFO >> Layer: 8  |  Best Val Acc: 73.00  |  Best Test Acc: 63.33
INFO >> Layer: 9  |  Best Val Acc: 73.00  |  Best Test Acc: 61.67
INFO >> Layer: 10  |  Best Val Acc: 70.33  |  Best Test Acc: 59.33
INFO >> Layer: 11  |  Best Val Acc: 72.33  |  Best Test Acc: 59.33
INFO >> Layer: 12  |  Best Val Acc: 68.33  |  Best Test Acc: 57.00

DEBUG >> Last state saved

INFO >> History saved (./history/v1.3/RAVDESS/HUBERT_BASE_PROBING/Run3/history.pt)
