
--------------------------------------------------
Multilingual SER System v1.4
--------------------------------------------------
Run Name      : Run3
Fx Model      : WAV2VEC2_BASE
Clf Model     : PROBING
Extract Mode  : gpu_memory
Dataset       : RAVDESS
Device        : gpu
Epochs        : 30
Num Workers   : 3
Data Dir      : ./data
History Dir   : ./history
Weights Dir   : ./weights
Log Level     : debug
Purge Cache   : False
Job Name      : Job341
Job Id        : 30913120
GPU           : Quadro RTX 8000
GPU Count     : 1
GPU Memory    : 44.49 GB

Timestamp : 2023-03-11 12:07:34.694304

INFO >> Running on CUDA


INFO >> Training Classifier

INFO >> Epoch: 1  |  Layer:  1  |  Train Loss: 2.058 | Train Acc: 15.24  |  Val Loss: 1.977 | Val Acc: 30.00  |  Test Loss: 1.986 | Tes Acc: 29.33
INFO >> Epoch: 1  |  Layer:  2  |  Train Loss: 2.043 | Train Acc: 18.45  |  Val Loss: 1.985 | Val Acc: 25.33  |  Test Loss: 1.997 | Tes Acc: 23.00
INFO >> Epoch: 1  |  Layer:  3  |  Train Loss: 2.037 | Train Acc: 21.19  |  Val Loss: 1.967 | Val Acc: 31.33  |  Test Loss: 1.986 | Tes Acc: 27.67
INFO >> Epoch: 1  |  Layer:  4  |  Train Loss: 2.031 | Train Acc: 22.02  |  Val Loss: 1.953 | Val Acc: 33.33  |  Test Loss: 1.974 | Tes Acc: 33.33
INFO >> Epoch: 1  |  Layer:  5  |  Train Loss: 2.016 | Train Acc: 26.07  |  Val Loss: 1.922 | Val Acc: 32.67  |  Test Loss: 1.941 | Tes Acc: 33.00
INFO >> Epoch: 1  |  Layer:  6  |  Train Loss: 2.019 | Train Acc: 25.95  |  Val Loss: 1.932 | Val Acc: 39.33  |  Test Loss: 1.947 | Tes Acc: 38.00
INFO >> Epoch: 1  |  Layer:  7  |  Train Loss: 2.020 | Train Acc: 29.64  |  Val Loss: 1.930 | Val Acc: 41.00  |  Test Loss: 1.944 | Tes Acc: 37.67
INFO >> Epoch: 1  |  Layer:  8  |  Train Loss: 2.024 | Train Acc: 25.24  |  Val Loss: 1.936 | Val Acc: 38.00  |  Test Loss: 1.955 | Tes Acc: 37.33
INFO >> Epoch: 1  |  Layer:  9  |  Train Loss: 2.024 | Train Acc: 24.76  |  Val Loss: 1.939 | Val Acc: 37.00  |  Test Loss: 1.957 | Tes Acc: 39.00
INFO >> Epoch: 1  |  Layer: 10  |  Train Loss: 2.035 | Train Acc: 22.02  |  Val Loss: 1.968 | Val Acc: 35.67  |  Test Loss: 1.985 | Tes Acc: 31.67
INFO >> Epoch: 1  |  Layer: 11  |  Train Loss: 2.041 | Train Acc: 21.07  |  Val Loss: 1.978 | Val Acc: 32.67  |  Test Loss: 1.998 | Tes Acc: 30.67
INFO >> Epoch: 1  |  Layer: 12  |  Train Loss: 2.068 | Train Acc: 15.00  |  Val Loss: 2.038 | Val Acc: 18.67  |  Test Loss: 2.053 | Tes Acc: 17.00
INFO >> Epoch: 1  |  Layer: 13  |  Train Loss: 2.053 | Train Acc: 13.10  |  Val Loss: 2.013 | Val Acc: 19.33  |  Test Loss: 2.025 | Tes Acc: 15.67

INFO >> Epoch: 2  |  Layer:  1  |  Train Loss: 1.966 | Train Acc: 23.93  |  Val Loss: 1.881 | Val Acc: 31.67  |  Test Loss: 1.879 | Tes Acc: 32.67
INFO >> Epoch: 2  |  Layer:  2  |  Train Loss: 1.940 | Train Acc: 27.98  |  Val Loss: 1.856 | Val Acc: 36.67  |  Test Loss: 1.876 | Tes Acc: 39.67
INFO >> Epoch: 2  |  Layer:  3  |  Train Loss: 1.912 | Train Acc: 32.50  |  Val Loss: 1.822 | Val Acc: 37.33  |  Test Loss: 1.852 | Tes Acc: 43.67
INFO >> Epoch: 2  |  Layer:  4  |  Train Loss: 1.892 | Train Acc: 35.95  |  Val Loss: 1.796 | Val Acc: 38.33  |  Test Loss: 1.823 | Tes Acc: 46.33
INFO >> Epoch: 2  |  Layer:  5  |  Train Loss: 1.849 | Train Acc: 37.14  |  Val Loss: 1.747 | Val Acc: 38.33  |  Test Loss: 1.766 | Tes Acc: 46.67
INFO >> Epoch: 2  |  Layer:  6  |  Train Loss: 1.848 | Train Acc: 40.24  |  Val Loss: 1.757 | Val Acc: 42.67  |  Test Loss: 1.768 | Tes Acc: 46.67
INFO >> Epoch: 2  |  Layer:  7  |  Train Loss: 1.840 | Train Acc: 40.71  |  Val Loss: 1.743 | Val Acc: 45.67  |  Test Loss: 1.753 | Tes Acc: 47.33
INFO >> Epoch: 2  |  Layer:  8  |  Train Loss: 1.853 | Train Acc: 41.31  |  Val Loss: 1.748 | Val Acc: 45.00  |  Test Loss: 1.781 | Tes Acc: 45.00
INFO >> Epoch: 2  |  Layer:  9  |  Train Loss: 1.857 | Train Acc: 41.31  |  Val Loss: 1.761 | Val Acc: 44.67  |  Test Loss: 1.785 | Tes Acc: 46.67
INFO >> Epoch: 2  |  Layer: 10  |  Train Loss: 1.907 | Train Acc: 35.71  |  Val Loss: 1.821 | Val Acc: 40.33  |  Test Loss: 1.847 | Tes Acc: 42.00
INFO >> Epoch: 2  |  Layer: 11  |  Train Loss: 1.937 | Train Acc: 32.98  |  Val Loss: 1.856 | Val Acc: 42.00  |  Test Loss: 1.890 | Tes Acc: 41.00
INFO >> Epoch: 2  |  Layer: 12  |  Train Loss: 2.028 | Train Acc: 20.60  |  Val Loss: 1.993 | Val Acc: 27.00  |  Test Loss: 2.014 | Tes Acc: 29.67
INFO >> Epoch: 2  |  Layer: 13  |  Train Loss: 1.978 | Train Acc: 19.88  |  Val Loss: 1.917 | Val Acc: 29.00  |  Test Loss: 1.939 | Tes Acc: 27.33

INFO >> Epoch: 3  |  Layer:  1  |  Train Loss: 1.863 | Train Acc: 32.98  |  Val Loss: 1.789 | Val Acc: 34.67  |  Test Loss: 1.782 | Tes Acc: 38.00
INFO >> Epoch: 3  |  Layer:  2  |  Train Loss: 1.809 | Train Acc: 38.45  |  Val Loss: 1.744 | Val Acc: 35.33  |  Test Loss: 1.745 | Tes Acc: 40.67
INFO >> Epoch: 3  |  Layer:  3  |  Train Loss: 1.759 | Train Acc: 42.98  |  Val Loss: 1.690 | Val Acc: 40.00  |  Test Loss: 1.705 | Tes Acc: 47.33
INFO >> Epoch: 3  |  Layer:  4  |  Train Loss: 1.724 | Train Acc: 45.60  |  Val Loss: 1.646 | Val Acc: 42.33  |  Test Loss: 1.663 | Tes Acc: 48.67
INFO >> Epoch: 3  |  Layer:  5  |  Train Loss: 1.669 | Train Acc: 47.26  |  Val Loss: 1.604 | Val Acc: 43.67  |  Test Loss: 1.605 | Tes Acc: 49.33
INFO >> Epoch: 3  |  Layer:  6  |  Train Loss: 1.654 | Train Acc: 48.45  |  Val Loss: 1.596 | Val Acc: 46.33  |  Test Loss: 1.594 | Tes Acc: 50.33
INFO >> Epoch: 3  |  Layer:  7  |  Train Loss: 1.634 | Train Acc: 51.90  |  Val Loss: 1.570 | Val Acc: 51.67  |  Test Loss: 1.564 | Tes Acc: 52.00
INFO >> Epoch: 3  |  Layer:  8  |  Train Loss: 1.648 | Train Acc: 50.71  |  Val Loss: 1.557 | Val Acc: 51.00  |  Test Loss: 1.594 | Tes Acc: 50.67
INFO >> Epoch: 3  |  Layer:  9  |  Train Loss: 1.659 | Train Acc: 48.45  |  Val Loss: 1.569 | Val Acc: 52.00  |  Test Loss: 1.597 | Tes Acc: 52.33
INFO >> Epoch: 3  |  Layer: 10  |  Train Loss: 1.742 | Train Acc: 44.88  |  Val Loss: 1.658 | Val Acc: 46.00  |  Test Loss: 1.685 | Tes Acc: 46.33
INFO >> Epoch: 3  |  Layer: 11  |  Train Loss: 1.804 | Train Acc: 42.50  |  Val Loss: 1.724 | Val Acc: 43.67  |  Test Loss: 1.763 | Tes Acc: 44.33
INFO >> Epoch: 3  |  Layer: 12  |  Train Loss: 1.978 | Train Acc: 28.81  |  Val Loss: 1.938 | Val Acc: 28.33  |  Test Loss: 1.963 | Tes Acc: 28.67
INFO >> Epoch: 3  |  Layer: 13  |  Train Loss: 1.891 | Train Acc: 29.17  |  Val Loss: 1.838 | Val Acc: 32.67  |  Test Loss: 1.866 | Tes Acc: 31.33

INFO >> Epoch: 4  |  Layer:  1  |  Train Loss: 1.775 | Train Acc: 34.88  |  Val Loss: 1.756 | Val Acc: 28.67  |  Test Loss: 1.715 | Tes Acc: 35.00
INFO >> Epoch: 4  |  Layer:  2  |  Train Loss: 1.682 | Train Acc: 44.05  |  Val Loss: 1.679 | Val Acc: 35.00  |  Test Loss: 1.660 | Tes Acc: 41.00
INFO >> Epoch: 4  |  Layer:  3  |  Train Loss: 1.613 | Train Acc: 49.05  |  Val Loss: 1.608 | Val Acc: 40.00  |  Test Loss: 1.606 | Tes Acc: 43.33
INFO >> Epoch: 4  |  Layer:  4  |  Train Loss: 1.560 | Train Acc: 50.95  |  Val Loss: 1.547 | Val Acc: 46.00  |  Test Loss: 1.564 | Tes Acc: 43.00
INFO >> Epoch: 4  |  Layer:  5  |  Train Loss: 1.503 | Train Acc: 54.64  |  Val Loss: 1.507 | Val Acc: 43.67  |  Test Loss: 1.505 | Tes Acc: 45.33
INFO >> Epoch: 4  |  Layer:  6  |  Train Loss: 1.472 | Train Acc: 55.95  |  Val Loss: 1.491 | Val Acc: 50.67  |  Test Loss: 1.485 | Tes Acc: 47.67
INFO >> Epoch: 4  |  Layer:  7  |  Train Loss: 1.440 | Train Acc: 57.74  |  Val Loss: 1.451 | Val Acc: 51.67  |  Test Loss: 1.452 | Tes Acc: 49.33
INFO >> Epoch: 4  |  Layer:  8  |  Train Loss: 1.444 | Train Acc: 57.50  |  Val Loss: 1.432 | Val Acc: 50.00  |  Test Loss: 1.475 | Tes Acc: 50.00
INFO >> Epoch: 4  |  Layer:  9  |  Train Loss: 1.450 | Train Acc: 58.10  |  Val Loss: 1.437 | Val Acc: 51.33  |  Test Loss: 1.478 | Tes Acc: 49.33
INFO >> Epoch: 4  |  Layer: 10  |  Train Loss: 1.563 | Train Acc: 54.29  |  Val Loss: 1.534 | Val Acc: 46.67  |  Test Loss: 1.566 | Tes Acc: 45.67
INFO >> Epoch: 4  |  Layer: 11  |  Train Loss: 1.661 | Train Acc: 48.69  |  Val Loss: 1.622 | Val Acc: 42.33  |  Test Loss: 1.661 | Tes Acc: 41.00
INFO >> Epoch: 4  |  Layer: 12  |  Train Loss: 1.916 | Train Acc: 32.50  |  Val Loss: 1.879 | Val Acc: 32.67  |  Test Loss: 1.909 | Tes Acc: 34.33
INFO >> Epoch: 4  |  Layer: 13  |  Train Loss: 1.804 | Train Acc: 34.05  |  Val Loss: 1.801 | Val Acc: 29.33  |  Test Loss: 1.816 | Tes Acc: 29.00

INFO >> Epoch: 5  |  Layer:  1  |  Train Loss: 1.735 | Train Acc: 35.48  |  Val Loss: 1.714 | Val Acc: 40.33  |  Test Loss: 1.682 | Tes Acc: 40.33
INFO >> Epoch: 5  |  Layer:  2  |  Train Loss: 1.616 | Train Acc: 44.05  |  Val Loss: 1.607 | Val Acc: 40.33  |  Test Loss: 1.585 | Tes Acc: 44.67
INFO >> Epoch: 5  |  Layer:  3  |  Train Loss: 1.527 | Train Acc: 47.50  |  Val Loss: 1.523 | Val Acc: 43.33  |  Test Loss: 1.523 | Tes Acc: 46.67
INFO >> Epoch: 5  |  Layer:  4  |  Train Loss: 1.462 | Train Acc: 50.48  |  Val Loss: 1.451 | Val Acc: 48.33  |  Test Loss: 1.468 | Tes Acc: 51.67
INFO >> Epoch: 5  |  Layer:  5  |  Train Loss: 1.405 | Train Acc: 55.24  |  Val Loss: 1.409 | Val Acc: 46.67  |  Test Loss: 1.417 | Tes Acc: 56.00
INFO >> Epoch: 5  |  Layer:  6  |  Train Loss: 1.360 | Train Acc: 55.83  |  Val Loss: 1.386 | Val Acc: 48.00  |  Test Loss: 1.392 | Tes Acc: 57.33
INFO >> Epoch: 5  |  Layer:  7  |  Train Loss: 1.315 | Train Acc: 59.76  |  Val Loss: 1.341 | Val Acc: 52.67  |  Test Loss: 1.368 | Tes Acc: 56.33
INFO >> Epoch: 5  |  Layer:  8  |  Train Loss: 1.314 | Train Acc: 58.33  |  Val Loss: 1.320 | Val Acc: 55.00  |  Test Loss: 1.394 | Tes Acc: 57.67
INFO >> Epoch: 5  |  Layer:  9  |  Train Loss: 1.321 | Train Acc: 59.40  |  Val Loss: 1.332 | Val Acc: 55.00  |  Test Loss: 1.391 | Tes Acc: 56.67
INFO >> Epoch: 5  |  Layer: 10  |  Train Loss: 1.446 | Train Acc: 51.31  |  Val Loss: 1.425 | Val Acc: 49.33  |  Test Loss: 1.469 | Tes Acc: 54.67
INFO >> Epoch: 5  |  Layer: 11  |  Train Loss: 1.567 | Train Acc: 46.67  |  Val Loss: 1.519 | Val Acc: 52.00  |  Test Loss: 1.573 | Tes Acc: 51.00
INFO >> Epoch: 5  |  Layer: 12  |  Train Loss: 1.870 | Train Acc: 31.19  |  Val Loss: 1.829 | Val Acc: 36.00  |  Test Loss: 1.858 | Tes Acc: 35.33
INFO >> Epoch: 5  |  Layer: 13  |  Train Loss: 1.771 | Train Acc: 32.62  |  Val Loss: 1.746 | Val Acc: 33.67  |  Test Loss: 1.769 | Tes Acc: 33.00

INFO >> Epoch: 6  |  Layer:  1  |  Train Loss: 1.738 | Train Acc: 36.19  |  Val Loss: 1.736 | Val Acc: 37.33  |  Test Loss: 1.681 | Tes Acc: 36.33
INFO >> Epoch: 6  |  Layer:  2  |  Train Loss: 1.554 | Train Acc: 48.93  |  Val Loss: 1.572 | Val Acc: 40.67  |  Test Loss: 1.516 | Tes Acc: 48.33
INFO >> Epoch: 6  |  Layer:  3  |  Train Loss: 1.453 | Train Acc: 52.62  |  Val Loss: 1.490 | Val Acc: 43.00  |  Test Loss: 1.453 | Tes Acc: 48.33
INFO >> Epoch: 6  |  Layer:  4  |  Train Loss: 1.366 | Train Acc: 57.50  |  Val Loss: 1.404 | Val Acc: 46.00  |  Test Loss: 1.393 | Tes Acc: 53.33
INFO >> Epoch: 6  |  Layer:  5  |  Train Loss: 1.312 | Train Acc: 58.57  |  Val Loss: 1.370 | Val Acc: 46.00  |  Test Loss: 1.328 | Tes Acc: 54.33
INFO >> Epoch: 6  |  Layer:  6  |  Train Loss: 1.250 | Train Acc: 62.86  |  Val Loss: 1.314 | Val Acc: 51.67  |  Test Loss: 1.294 | Tes Acc: 59.33
INFO >> Epoch: 6  |  Layer:  7  |  Train Loss: 1.210 | Train Acc: 65.00  |  Val Loss: 1.270 | Val Acc: 54.33  |  Test Loss: 1.268 | Tes Acc: 58.33
INFO >> Epoch: 6  |  Layer:  8  |  Train Loss: 1.207 | Train Acc: 61.90  |  Val Loss: 1.249 | Val Acc: 56.67  |  Test Loss: 1.296 | Tes Acc: 60.33
INFO >> Epoch: 6  |  Layer:  9  |  Train Loss: 1.215 | Train Acc: 61.90  |  Val Loss: 1.258 | Val Acc: 56.67  |  Test Loss: 1.293 | Tes Acc: 60.67
INFO >> Epoch: 6  |  Layer: 10  |  Train Loss: 1.346 | Train Acc: 57.38  |  Val Loss: 1.352 | Val Acc: 50.33  |  Test Loss: 1.377 | Tes Acc: 54.33
INFO >> Epoch: 6  |  Layer: 11  |  Train Loss: 1.476 | Train Acc: 52.98  |  Val Loss: 1.451 | Val Acc: 48.33  |  Test Loss: 1.484 | Tes Acc: 49.00
INFO >> Epoch: 6  |  Layer: 12  |  Train Loss: 1.820 | Train Acc: 37.98  |  Val Loss: 1.789 | Val Acc: 36.33  |  Test Loss: 1.815 | Tes Acc: 35.33
INFO >> Epoch: 6  |  Layer: 13  |  Train Loss: 1.725 | Train Acc: 37.14  |  Val Loss: 1.711 | Val Acc: 34.00  |  Test Loss: 1.716 | Tes Acc: 34.67

INFO >> Epoch: 7  |  Layer:  1  |  Train Loss: 1.680 | Train Acc: 35.00  |  Val Loss: 1.696 | Val Acc: 38.00  |  Test Loss: 1.640 | Tes Acc: 39.67
INFO >> Epoch: 7  |  Layer:  2  |  Train Loss: 1.484 | Train Acc: 49.64  |  Val Loss: 1.526 | Val Acc: 43.00  |  Test Loss: 1.507 | Tes Acc: 46.33
INFO >> Epoch: 7  |  Layer:  3  |  Train Loss: 1.380 | Train Acc: 52.98  |  Val Loss: 1.428 | Val Acc: 46.00  |  Test Loss: 1.440 | Tes Acc: 51.33
INFO >> Epoch: 7  |  Layer:  4  |  Train Loss: 1.282 | Train Acc: 56.43  |  Val Loss: 1.350 | Val Acc: 49.33  |  Test Loss: 1.365 | Tes Acc: 50.33
INFO >> Epoch: 7  |  Layer:  5  |  Train Loss: 1.225 | Train Acc: 59.76  |  Val Loss: 1.310 | Val Acc: 52.00  |  Test Loss: 1.309 | Tes Acc: 55.00
INFO >> Epoch: 7  |  Layer:  6  |  Train Loss: 1.151 | Train Acc: 63.81  |  Val Loss: 1.263 | Val Acc: 53.67  |  Test Loss: 1.293 | Tes Acc: 54.33
INFO >> Epoch: 7  |  Layer:  7  |  Train Loss: 1.104 | Train Acc: 65.71  |  Val Loss: 1.207 | Val Acc: 58.67  |  Test Loss: 1.252 | Tes Acc: 56.67
INFO >> Epoch: 7  |  Layer:  8  |  Train Loss: 1.111 | Train Acc: 65.48  |  Val Loss: 1.199 | Val Acc: 56.33  |  Test Loss: 1.271 | Tes Acc: 56.00
INFO >> Epoch: 7  |  Layer:  9  |  Train Loss: 1.114 | Train Acc: 66.43  |  Val Loss: 1.206 | Val Acc: 59.33  |  Test Loss: 1.271 | Tes Acc: 56.33
INFO >> Epoch: 7  |  Layer: 10  |  Train Loss: 1.251 | Train Acc: 58.93  |  Val Loss: 1.292 | Val Acc: 54.00  |  Test Loss: 1.359 | Tes Acc: 51.67
INFO >> Epoch: 7  |  Layer: 11  |  Train Loss: 1.392 | Train Acc: 54.64  |  Val Loss: 1.393 | Val Acc: 51.67  |  Test Loss: 1.454 | Tes Acc: 53.33
INFO >> Epoch: 7  |  Layer: 12  |  Train Loss: 1.772 | Train Acc: 37.62  |  Val Loss: 1.761 | Val Acc: 34.33  |  Test Loss: 1.784 | Tes Acc: 35.33
INFO >> Epoch: 7  |  Layer: 13  |  Train Loss: 1.678 | Train Acc: 39.52  |  Val Loss: 1.701 | Val Acc: 33.00  |  Test Loss: 1.709 | Tes Acc: 36.67

INFO >> Epoch: 8  |  Layer:  1  |  Train Loss: 1.632 | Train Acc: 37.86  |  Val Loss: 1.708 | Val Acc: 34.00  |  Test Loss: 1.658 | Tes Acc: 37.67
INFO >> Epoch: 8  |  Layer:  2  |  Train Loss: 1.418 | Train Acc: 52.26  |  Val Loss: 1.491 | Val Acc: 44.33  |  Test Loss: 1.489 | Tes Acc: 46.00
INFO >> Epoch: 8  |  Layer:  3  |  Train Loss: 1.304 | Train Acc: 55.71  |  Val Loss: 1.384 | Val Acc: 48.00  |  Test Loss: 1.431 | Tes Acc: 45.00
INFO >> Epoch: 8  |  Layer:  4  |  Train Loss: 1.193 | Train Acc: 59.64  |  Val Loss: 1.289 | Val Acc: 55.33  |  Test Loss: 1.338 | Tes Acc: 57.33
INFO >> Epoch: 8  |  Layer:  5  |  Train Loss: 1.129 | Train Acc: 65.24  |  Val Loss: 1.243 | Val Acc: 55.00  |  Test Loss: 1.280 | Tes Acc: 58.33
INFO >> Epoch: 8  |  Layer:  6  |  Train Loss: 1.060 | Train Acc: 68.10  |  Val Loss: 1.213 | Val Acc: 56.33  |  Test Loss: 1.274 | Tes Acc: 54.67
INFO >> Epoch: 8  |  Layer:  7  |  Train Loss: 1.015 | Train Acc: 68.93  |  Val Loss: 1.167 | Val Acc: 59.00  |  Test Loss: 1.243 | Tes Acc: 54.00
INFO >> Epoch: 8  |  Layer:  8  |  Train Loss: 1.013 | Train Acc: 68.57  |  Val Loss: 1.193 | Val Acc: 57.67  |  Test Loss: 1.304 | Tes Acc: 55.00
INFO >> Epoch: 8  |  Layer:  9  |  Train Loss: 1.023 | Train Acc: 69.29  |  Val Loss: 1.203 | Val Acc: 58.67  |  Test Loss: 1.299 | Tes Acc: 54.00
INFO >> Epoch: 8  |  Layer: 10  |  Train Loss: 1.166 | Train Acc: 63.93  |  Val Loss: 1.267 | Val Acc: 55.67  |  Test Loss: 1.372 | Tes Acc: 52.33
INFO >> Epoch: 8  |  Layer: 11  |  Train Loss: 1.306 | Train Acc: 58.81  |  Val Loss: 1.340 | Val Acc: 53.67  |  Test Loss: 1.433 | Tes Acc: 51.33
INFO >> Epoch: 8  |  Layer: 12  |  Train Loss: 1.744 | Train Acc: 37.14  |  Val Loss: 1.730 | Val Acc: 39.00  |  Test Loss: 1.743 | Tes Acc: 39.33
INFO >> Epoch: 8  |  Layer: 13  |  Train Loss: 1.645 | Train Acc: 39.29  |  Val Loss: 1.677 | Val Acc: 34.33  |  Test Loss: 1.692 | Tes Acc: 36.00

INFO >> Epoch: 9  |  Layer:  1  |  Train Loss: 1.636 | Train Acc: 37.50  |  Val Loss: 1.621 | Val Acc: 37.00  |  Test Loss: 1.544 | Tes Acc: 43.00
INFO >> Epoch: 9  |  Layer:  2  |  Train Loss: 1.369 | Train Acc: 53.21  |  Val Loss: 1.448 | Val Acc: 48.00  |  Test Loss: 1.415 | Tes Acc: 50.33
INFO >> Epoch: 9  |  Layer:  3  |  Train Loss: 1.247 | Train Acc: 57.74  |  Val Loss: 1.341 | Val Acc: 54.00  |  Test Loss: 1.353 | Tes Acc: 53.00
INFO >> Epoch: 9  |  Layer:  4  |  Train Loss: 1.123 | Train Acc: 63.21  |  Val Loss: 1.220 | Val Acc: 61.33  |  Test Loss: 1.278 | Tes Acc: 61.33
INFO >> Epoch: 9  |  Layer:  5  |  Train Loss: 1.057 | Train Acc: 66.90  |  Val Loss: 1.178 | Val Acc: 60.00  |  Test Loss: 1.218 | Tes Acc: 63.00
INFO >> Epoch: 9  |  Layer:  6  |  Train Loss: 0.981 | Train Acc: 69.17  |  Val Loss: 1.142 | Val Acc: 60.33  |  Test Loss: 1.210 | Tes Acc: 59.33
INFO >> Epoch: 9  |  Layer:  7  |  Train Loss: 0.931 | Train Acc: 71.67  |  Val Loss: 1.097 | Val Acc: 62.00  |  Test Loss: 1.181 | Tes Acc: 58.00
INFO >> Epoch: 9  |  Layer:  8  |  Train Loss: 0.946 | Train Acc: 70.48  |  Val Loss: 1.105 | Val Acc: 65.00  |  Test Loss: 1.220 | Tes Acc: 58.33
INFO >> Epoch: 9  |  Layer:  9  |  Train Loss: 0.948 | Train Acc: 71.90  |  Val Loss: 1.117 | Val Acc: 64.67  |  Test Loss: 1.228 | Tes Acc: 59.00
INFO >> Epoch: 9  |  Layer: 10  |  Train Loss: 1.091 | Train Acc: 64.76  |  Val Loss: 1.179 | Val Acc: 60.67  |  Test Loss: 1.297 | Tes Acc: 60.33
INFO >> Epoch: 9  |  Layer: 11  |  Train Loss: 1.241 | Train Acc: 58.81  |  Val Loss: 1.264 | Val Acc: 58.00  |  Test Loss: 1.354 | Tes Acc: 56.67
INFO >> Epoch: 9  |  Layer: 12  |  Train Loss: 1.697 | Train Acc: 41.79  |  Val Loss: 1.707 | Val Acc: 37.67  |  Test Loss: 1.710 | Tes Acc: 40.67
INFO >> Epoch: 9  |  Layer: 13  |  Train Loss: 1.612 | Train Acc: 42.50  |  Val Loss: 1.624 | Val Acc: 40.67  |  Test Loss: 1.620 | Tes Acc: 44.33

INFO >> Epoch: 10  |  Layer:  1  |  Train Loss: 1.605 | Train Acc: 37.38  |  Val Loss: 1.594 | Val Acc: 43.33  |  Test Loss: 1.536 | Tes Acc: 44.33
INFO >> Epoch: 10  |  Layer:  2  |  Train Loss: 1.300 | Train Acc: 56.43  |  Val Loss: 1.417 | Val Acc: 49.00  |  Test Loss: 1.379 | Tes Acc: 54.67
INFO >> Epoch: 10  |  Layer:  3  |  Train Loss: 1.167 | Train Acc: 61.67  |  Val Loss: 1.304 | Val Acc: 52.67  |  Test Loss: 1.312 | Tes Acc: 55.00
INFO >> Epoch: 10  |  Layer:  4  |  Train Loss: 1.037 | Train Acc: 68.33  |  Val Loss: 1.154 | Val Acc: 61.00  |  Test Loss: 1.244 | Tes Acc: 60.00
INFO >> Epoch: 10  |  Layer:  5  |  Train Loss: 0.970 | Train Acc: 70.71  |  Val Loss: 1.131 | Val Acc: 58.00  |  Test Loss: 1.160 | Tes Acc: 64.67
INFO >> Epoch: 10  |  Layer:  6  |  Train Loss: 0.898 | Train Acc: 74.29  |  Val Loss: 1.085 | Val Acc: 59.33  |  Test Loss: 1.135 | Tes Acc: 61.67
INFO >> Epoch: 10  |  Layer:  7  |  Train Loss: 0.845 | Train Acc: 76.31  |  Val Loss: 1.047 | Val Acc: 63.00  |  Test Loss: 1.111 | Tes Acc: 59.00
INFO >> Epoch: 10  |  Layer:  8  |  Train Loss: 0.858 | Train Acc: 75.36  |  Val Loss: 1.057 | Val Acc: 66.67  |  Test Loss: 1.136 | Tes Acc: 60.67
INFO >> Epoch: 10  |  Layer:  9  |  Train Loss: 0.865 | Train Acc: 73.81  |  Val Loss: 1.043 | Val Acc: 69.33  |  Test Loss: 1.151 | Tes Acc: 61.00
INFO >> Epoch: 10  |  Layer: 10  |  Train Loss: 1.009 | Train Acc: 68.10  |  Val Loss: 1.101 | Val Acc: 63.33  |  Test Loss: 1.239 | Tes Acc: 60.00
INFO >> Epoch: 10  |  Layer: 11  |  Train Loss: 1.158 | Train Acc: 62.62  |  Val Loss: 1.210 | Val Acc: 57.67  |  Test Loss: 1.308 | Tes Acc: 57.33
INFO >> Epoch: 10  |  Layer: 12  |  Train Loss: 1.657 | Train Acc: 38.93  |  Val Loss: 1.689 | Val Acc: 35.67  |  Test Loss: 1.686 | Tes Acc: 39.33
INFO >> Epoch: 10  |  Layer: 13  |  Train Loss: 1.560 | Train Acc: 43.33  |  Val Loss: 1.596 | Val Acc: 39.67  |  Test Loss: 1.595 | Tes Acc: 43.00

INFO >> Epoch: 11  |  Layer:  1  |  Train Loss: 1.568 | Train Acc: 39.17  |  Val Loss: 1.590 | Val Acc: 41.00  |  Test Loss: 1.519 | Tes Acc: 44.33
INFO >> Epoch: 11  |  Layer:  2  |  Train Loss: 1.242 | Train Acc: 59.17  |  Val Loss: 1.378 | Val Acc: 52.33  |  Test Loss: 1.378 | Tes Acc: 52.67
INFO >> Epoch: 11  |  Layer:  3  |  Train Loss: 1.102 | Train Acc: 64.64  |  Val Loss: 1.252 | Val Acc: 57.00  |  Test Loss: 1.325 | Tes Acc: 52.33
INFO >> Epoch: 11  |  Layer:  4  |  Train Loss: 0.971 | Train Acc: 69.52  |  Val Loss: 1.112 | Val Acc: 66.33  |  Test Loss: 1.231 | Tes Acc: 57.67
INFO >> Epoch: 11  |  Layer:  5  |  Train Loss: 0.902 | Train Acc: 73.57  |  Val Loss: 1.082 | Val Acc: 65.67  |  Test Loss: 1.160 | Tes Acc: 61.00
INFO >> Epoch: 11  |  Layer:  6  |  Train Loss: 0.825 | Train Acc: 75.48  |  Val Loss: 1.043 | Val Acc: 66.33  |  Test Loss: 1.149 | Tes Acc: 60.67
INFO >> Epoch: 11  |  Layer:  7  |  Train Loss: 0.776 | Train Acc: 77.02  |  Val Loss: 1.005 | Val Acc: 66.67  |  Test Loss: 1.135 | Tes Acc: 58.67
INFO >> Epoch: 11  |  Layer:  8  |  Train Loss: 0.793 | Train Acc: 76.67  |  Val Loss: 1.003 | Val Acc: 67.67  |  Test Loss: 1.149 | Tes Acc: 59.67
INFO >> Epoch: 11  |  Layer:  9  |  Train Loss: 0.806 | Train Acc: 76.90  |  Val Loss: 1.013 | Val Acc: 67.00  |  Test Loss: 1.189 | Tes Acc: 59.67
INFO >> Epoch: 11  |  Layer: 10  |  Train Loss: 0.949 | Train Acc: 70.36  |  Val Loss: 1.074 | Val Acc: 65.67  |  Test Loss: 1.272 | Tes Acc: 56.00
INFO >> Epoch: 11  |  Layer: 11  |  Train Loss: 1.095 | Train Acc: 65.48  |  Val Loss: 1.166 | Val Acc: 60.33  |  Test Loss: 1.315 | Tes Acc: 55.67
INFO >> Epoch: 11  |  Layer: 12  |  Train Loss: 1.629 | Train Acc: 40.71  |  Val Loss: 1.672 | Val Acc: 39.00  |  Test Loss: 1.666 | Tes Acc: 40.33
INFO >> Epoch: 11  |  Layer: 13  |  Train Loss: 1.533 | Train Acc: 45.48  |  Val Loss: 1.586 | Val Acc: 39.67  |  Test Loss: 1.592 | Tes Acc: 40.67

INFO >> Epoch: 12  |  Layer:  1  |  Train Loss: 1.543 | Train Acc: 42.50  |  Val Loss: 1.603 | Val Acc: 41.67  |  Test Loss: 1.495 | Tes Acc: 47.33
INFO >> Epoch: 12  |  Layer:  2  |  Train Loss: 1.211 | Train Acc: 58.93  |  Val Loss: 1.361 | Val Acc: 49.00  |  Test Loss: 1.347 | Tes Acc: 51.33
INFO >> Epoch: 12  |  Layer:  3  |  Train Loss: 1.068 | Train Acc: 64.64  |  Val Loss: 1.231 | Val Acc: 53.00  |  Test Loss: 1.290 | Tes Acc: 47.67
INFO >> Epoch: 12  |  Layer:  4  |  Train Loss: 0.923 | Train Acc: 72.26  |  Val Loss: 1.086 | Val Acc: 63.67  |  Test Loss: 1.219 | Tes Acc: 56.00
INFO >> Epoch: 12  |  Layer:  5  |  Train Loss: 0.857 | Train Acc: 75.00  |  Val Loss: 1.077 | Val Acc: 62.67  |  Test Loss: 1.139 | Tes Acc: 57.33
INFO >> Epoch: 12  |  Layer:  6  |  Train Loss: 0.780 | Train Acc: 77.62  |  Val Loss: 1.051 | Val Acc: 65.00  |  Test Loss: 1.150 | Tes Acc: 58.33
INFO >> Epoch: 12  |  Layer:  7  |  Train Loss: 0.730 | Train Acc: 79.88  |  Val Loss: 0.996 | Val Acc: 66.00  |  Test Loss: 1.123 | Tes Acc: 58.67
INFO >> Epoch: 12  |  Layer:  8  |  Train Loss: 0.753 | Train Acc: 78.69  |  Val Loss: 1.017 | Val Acc: 67.33  |  Test Loss: 1.150 | Tes Acc: 59.00
INFO >> Epoch: 12  |  Layer:  9  |  Train Loss: 0.772 | Train Acc: 78.93  |  Val Loss: 1.009 | Val Acc: 66.00  |  Test Loss: 1.187 | Tes Acc: 58.33
INFO >> Epoch: 12  |  Layer: 10  |  Train Loss: 0.903 | Train Acc: 71.67  |  Val Loss: 1.072 | Val Acc: 64.00  |  Test Loss: 1.275 | Tes Acc: 51.67
INFO >> Epoch: 12  |  Layer: 11  |  Train Loss: 1.056 | Train Acc: 66.07  |  Val Loss: 1.130 | Val Acc: 61.33  |  Test Loss: 1.288 | Tes Acc: 53.33
INFO >> Epoch: 12  |  Layer: 12  |  Train Loss: 1.600 | Train Acc: 43.81  |  Val Loss: 1.644 | Val Acc: 40.33  |  Test Loss: 1.627 | Tes Acc: 42.67
INFO >> Epoch: 12  |  Layer: 13  |  Train Loss: 1.511 | Train Acc: 45.71  |  Val Loss: 1.566 | Val Acc: 42.67  |  Test Loss: 1.548 | Tes Acc: 44.33

INFO >> Epoch: 13  |  Layer:  1  |  Train Loss: 1.536 | Train Acc: 41.19  |  Val Loss: 1.593 | Val Acc: 40.67  |  Test Loss: 1.477 | Tes Acc: 44.67
INFO >> Epoch: 13  |  Layer:  2  |  Train Loss: 1.188 | Train Acc: 58.45  |  Val Loss: 1.351 | Val Acc: 48.00  |  Test Loss: 1.320 | Tes Acc: 52.33
INFO >> Epoch: 13  |  Layer:  3  |  Train Loss: 1.044 | Train Acc: 65.36  |  Val Loss: 1.215 | Val Acc: 54.67  |  Test Loss: 1.267 | Tes Acc: 53.33
INFO >> Epoch: 13  |  Layer:  4  |  Train Loss: 0.905 | Train Acc: 69.40  |  Val Loss: 1.088 | Val Acc: 63.67  |  Test Loss: 1.189 | Tes Acc: 58.33
INFO >> Epoch: 13  |  Layer:  5  |  Train Loss: 0.833 | Train Acc: 74.17  |  Val Loss: 1.077 | Val Acc: 62.00  |  Test Loss: 1.093 | Tes Acc: 62.67
INFO >> Epoch: 13  |  Layer:  6  |  Train Loss: 0.754 | Train Acc: 77.02  |  Val Loss: 1.032 | Val Acc: 64.33  |  Test Loss: 1.107 | Tes Acc: 59.67
INFO >> Epoch: 13  |  Layer:  7  |  Train Loss: 0.703 | Train Acc: 80.71  |  Val Loss: 0.990 | Val Acc: 66.00  |  Test Loss: 1.085 | Tes Acc: 61.00
INFO >> Epoch: 13  |  Layer:  8  |  Train Loss: 0.725 | Train Acc: 77.86  |  Val Loss: 1.004 | Val Acc: 67.67  |  Test Loss: 1.107 | Tes Acc: 60.00
INFO >> Epoch: 13  |  Layer:  9  |  Train Loss: 0.748 | Train Acc: 77.38  |  Val Loss: 0.995 | Val Acc: 68.67  |  Test Loss: 1.147 | Tes Acc: 60.33
INFO >> Epoch: 13  |  Layer: 10  |  Train Loss: 0.885 | Train Acc: 72.38  |  Val Loss: 1.037 | Val Acc: 66.33  |  Test Loss: 1.229 | Tes Acc: 55.67
INFO >> Epoch: 13  |  Layer: 11  |  Train Loss: 1.028 | Train Acc: 66.07  |  Val Loss: 1.114 | Val Acc: 62.00  |  Test Loss: 1.263 | Tes Acc: 56.00
INFO >> Epoch: 13  |  Layer: 12  |  Train Loss: 1.587 | Train Acc: 45.60  |  Val Loss: 1.638 | Val Acc: 43.00  |  Test Loss: 1.614 | Tes Acc: 43.00
INFO >> Epoch: 13  |  Layer: 13  |  Train Loss: 1.510 | Train Acc: 46.31  |  Val Loss: 1.565 | Val Acc: 41.67  |  Test Loss: 1.539 | Tes Acc: 44.67

INFO >> Epoch: 14  |  Layer:  1  |  Train Loss: 1.515 | Train Acc: 44.17  |  Val Loss: 1.652 | Val Acc: 33.67  |  Test Loss: 1.534 | Tes Acc: 39.67
INFO >> Epoch: 14  |  Layer:  2  |  Train Loss: 1.136 | Train Acc: 62.38  |  Val Loss: 1.372 | Val Acc: 44.00  |  Test Loss: 1.286 | Tes Acc: 52.33
INFO >> Epoch: 14  |  Layer:  3  |  Train Loss: 0.985 | Train Acc: 69.17  |  Val Loss: 1.226 | Val Acc: 50.67  |  Test Loss: 1.203 | Tes Acc: 55.67
INFO >> Epoch: 14  |  Layer:  4  |  Train Loss: 0.845 | Train Acc: 74.40  |  Val Loss: 1.087 | Val Acc: 60.00  |  Test Loss: 1.128 | Tes Acc: 60.00
INFO >> Epoch: 14  |  Layer:  5  |  Train Loss: 0.771 | Train Acc: 78.45  |  Val Loss: 1.076 | Val Acc: 59.33  |  Test Loss: 1.048 | Tes Acc: 63.33
INFO >> Epoch: 14  |  Layer:  6  |  Train Loss: 0.691 | Train Acc: 81.31  |  Val Loss: 1.015 | Val Acc: 64.00  |  Test Loss: 1.040 | Tes Acc: 60.67
INFO >> Epoch: 14  |  Layer:  7  |  Train Loss: 0.643 | Train Acc: 82.62  |  Val Loss: 0.970 | Val Acc: 67.67  |  Test Loss: 1.038 | Tes Acc: 60.67
INFO >> Epoch: 14  |  Layer:  8  |  Train Loss: 0.678 | Train Acc: 80.24  |  Val Loss: 0.985 | Val Acc: 65.67  |  Test Loss: 1.041 | Tes Acc: 62.67
INFO >> Epoch: 14  |  Layer:  9  |  Train Loss: 0.690 | Train Acc: 80.12  |  Val Loss: 0.955 | Val Acc: 67.33  |  Test Loss: 1.072 | Tes Acc: 61.67
INFO >> Epoch: 14  |  Layer: 10  |  Train Loss: 0.827 | Train Acc: 74.05  |  Val Loss: 1.008 | Val Acc: 64.00  |  Test Loss: 1.138 | Tes Acc: 59.67
INFO >> Epoch: 14  |  Layer: 11  |  Train Loss: 0.967 | Train Acc: 69.64  |  Val Loss: 1.114 | Val Acc: 57.67  |  Test Loss: 1.198 | Tes Acc: 57.33
INFO >> Epoch: 14  |  Layer: 12  |  Train Loss: 1.555 | Train Acc: 46.31  |  Val Loss: 1.620 | Val Acc: 36.67  |  Test Loss: 1.596 | Tes Acc: 39.00
INFO >> Epoch: 14  |  Layer: 13  |  Train Loss: 1.468 | Train Acc: 45.95  |  Val Loss: 1.561 | Val Acc: 37.67  |  Test Loss: 1.532 | Tes Acc: 42.33

INFO >> Epoch: 15  |  Layer:  1  |  Train Loss: 1.520 | Train Acc: 43.21  |  Val Loss: 1.512 | Val Acc: 48.67  |  Test Loss: 1.450 | Tes Acc: 50.67
INFO >> Epoch: 15  |  Layer:  2  |  Train Loss: 1.098 | Train Acc: 63.33  |  Val Loss: 1.314 | Val Acc: 48.67  |  Test Loss: 1.275 | Tes Acc: 55.00
INFO >> Epoch: 15  |  Layer:  3  |  Train Loss: 0.936 | Train Acc: 69.52  |  Val Loss: 1.173 | Val Acc: 54.33  |  Test Loss: 1.207 | Tes Acc: 57.67
INFO >> Epoch: 15  |  Layer:  4  |  Train Loss: 0.784 | Train Acc: 75.48  |  Val Loss: 1.021 | Val Acc: 65.67  |  Test Loss: 1.120 | Tes Acc: 63.33
INFO >> Epoch: 15  |  Layer:  5  |  Train Loss: 0.707 | Train Acc: 80.83  |  Val Loss: 1.017 | Val Acc: 65.00  |  Test Loss: 1.037 | Tes Acc: 63.00
INFO >> Epoch: 15  |  Layer:  6  |  Train Loss: 0.627 | Train Acc: 83.10  |  Val Loss: 0.989 | Val Acc: 65.33  |  Test Loss: 1.029 | Tes Acc: 64.00
INFO >> Epoch: 15  |  Layer:  7  |  Train Loss: 0.580 | Train Acc: 84.88  |  Val Loss: 0.942 | Val Acc: 68.33  |  Test Loss: 1.032 | Tes Acc: 61.67
INFO >> Epoch: 15  |  Layer:  8  |  Train Loss: 0.606 | Train Acc: 83.21  |  Val Loss: 0.980 | Val Acc: 67.00  |  Test Loss: 1.047 | Tes Acc: 60.67
INFO >> Epoch: 15  |  Layer:  9  |  Train Loss: 0.626 | Train Acc: 82.50  |  Val Loss: 0.953 | Val Acc: 68.67  |  Test Loss: 1.072 | Tes Acc: 61.00
INFO >> Epoch: 15  |  Layer: 10  |  Train Loss: 0.762 | Train Acc: 77.62  |  Val Loss: 0.980 | Val Acc: 65.67  |  Test Loss: 1.144 | Tes Acc: 60.00
INFO >> Epoch: 15  |  Layer: 11  |  Train Loss: 0.911 | Train Acc: 71.43  |  Val Loss: 1.069 | Val Acc: 62.33  |  Test Loss: 1.190 | Tes Acc: 57.67
INFO >> Epoch: 15  |  Layer: 12  |  Train Loss: 1.512 | Train Acc: 47.86  |  Val Loss: 1.593 | Val Acc: 42.33  |  Test Loss: 1.576 | Tes Acc: 43.67
INFO >> Epoch: 15  |  Layer: 13  |  Train Loss: 1.431 | Train Acc: 49.88  |  Val Loss: 1.505 | Val Acc: 44.00  |  Test Loss: 1.486 | Tes Acc: 47.67

INFO >> Epoch: 16  |  Layer:  1  |  Train Loss: 1.466 | Train Acc: 46.07  |  Val Loss: 1.533 | Val Acc: 40.00  |  Test Loss: 1.480 | Tes Acc: 43.33
INFO >> Epoch: 16  |  Layer:  2  |  Train Loss: 1.070 | Train Acc: 63.69  |  Val Loss: 1.329 | Val Acc: 49.67  |  Test Loss: 1.303 | Tes Acc: 55.00
INFO >> Epoch: 16  |  Layer:  3  |  Train Loss: 0.901 | Train Acc: 70.36  |  Val Loss: 1.166 | Val Acc: 56.67  |  Test Loss: 1.229 | Tes Acc: 54.00
INFO >> Epoch: 16  |  Layer:  4  |  Train Loss: 0.744 | Train Acc: 78.10  |  Val Loss: 1.030 | Val Acc: 65.00  |  Test Loss: 1.155 | Tes Acc: 61.67
INFO >> Epoch: 16  |  Layer:  5  |  Train Loss: 0.672 | Train Acc: 80.83  |  Val Loss: 1.043 | Val Acc: 62.33  |  Test Loss: 1.072 | Tes Acc: 62.00
INFO >> Epoch: 16  |  Layer:  6  |  Train Loss: 0.594 | Train Acc: 84.40  |  Val Loss: 1.027 | Val Acc: 62.67  |  Test Loss: 1.056 | Tes Acc: 62.00
INFO >> Epoch: 16  |  Layer:  7  |  Train Loss: 0.555 | Train Acc: 86.19  |  Val Loss: 0.964 | Val Acc: 65.67  |  Test Loss: 1.071 | Tes Acc: 58.67
INFO >> Epoch: 16  |  Layer:  8  |  Train Loss: 0.581 | Train Acc: 84.40  |  Val Loss: 1.011 | Val Acc: 65.33  |  Test Loss: 1.097 | Tes Acc: 58.67
INFO >> Epoch: 16  |  Layer:  9  |  Train Loss: 0.603 | Train Acc: 82.50  |  Val Loss: 1.010 | Val Acc: 65.67  |  Test Loss: 1.126 | Tes Acc: 59.67
INFO >> Epoch: 16  |  Layer: 10  |  Train Loss: 0.726 | Train Acc: 77.98  |  Val Loss: 1.013 | Val Acc: 63.00  |  Test Loss: 1.183 | Tes Acc: 58.33
INFO >> Epoch: 16  |  Layer: 11  |  Train Loss: 0.877 | Train Acc: 72.02  |  Val Loss: 1.094 | Val Acc: 59.33  |  Test Loss: 1.213 | Tes Acc: 56.67
INFO >> Epoch: 16  |  Layer: 12  |  Train Loss: 1.511 | Train Acc: 46.55  |  Val Loss: 1.626 | Val Acc: 38.00  |  Test Loss: 1.608 | Tes Acc: 42.00
INFO >> Epoch: 16  |  Layer: 13  |  Train Loss: 1.417 | Train Acc: 48.69  |  Val Loss: 1.569 | Val Acc: 39.00  |  Test Loss: 1.590 | Tes Acc: 36.67

INFO >> Epoch: 17  |  Layer:  1  |  Train Loss: 1.485 | Train Acc: 44.52  |  Val Loss: 1.546 | Val Acc: 41.67  |  Test Loss: 1.479 | Tes Acc: 46.33
INFO >> Epoch: 17  |  Layer:  2  |  Train Loss: 1.061 | Train Acc: 64.40  |  Val Loss: 1.280 | Val Acc: 52.33  |  Test Loss: 1.280 | Tes Acc: 57.33
INFO >> Epoch: 17  |  Layer:  3  |  Train Loss: 0.883 | Train Acc: 72.26  |  Val Loss: 1.124 | Val Acc: 58.33  |  Test Loss: 1.233 | Tes Acc: 53.33
INFO >> Epoch: 17  |  Layer:  4  |  Train Loss: 0.731 | Train Acc: 79.17  |  Val Loss: 0.972 | Val Acc: 68.00  |  Test Loss: 1.131 | Tes Acc: 60.00
INFO >> Epoch: 17  |  Layer:  5  |  Train Loss: 0.654 | Train Acc: 82.74  |  Val Loss: 0.978 | Val Acc: 66.00  |  Test Loss: 1.068 | Tes Acc: 61.33
INFO >> Epoch: 17  |  Layer:  6  |  Train Loss: 0.578 | Train Acc: 83.81  |  Val Loss: 0.940 | Val Acc: 68.67  |  Test Loss: 1.086 | Tes Acc: 60.33
INFO >> Epoch: 17  |  Layer:  7  |  Train Loss: 0.533 | Train Acc: 85.83  |  Val Loss: 0.894 | Val Acc: 70.00  |  Test Loss: 1.075 | Tes Acc: 59.33
INFO >> Epoch: 17  |  Layer:  8  |  Train Loss: 0.559 | Train Acc: 85.00  |  Val Loss: 0.939 | Val Acc: 71.00  |  Test Loss: 1.124 | Tes Acc: 59.67
INFO >> Epoch: 17  |  Layer:  9  |  Train Loss: 0.590 | Train Acc: 82.62  |  Val Loss: 0.914 | Val Acc: 69.67  |  Test Loss: 1.160 | Tes Acc: 58.00
INFO >> Epoch: 17  |  Layer: 10  |  Train Loss: 0.724 | Train Acc: 77.38  |  Val Loss: 0.907 | Val Acc: 68.33  |  Test Loss: 1.208 | Tes Acc: 58.00
INFO >> Epoch: 17  |  Layer: 11  |  Train Loss: 0.877 | Train Acc: 71.55  |  Val Loss: 1.006 | Val Acc: 63.00  |  Test Loss: 1.205 | Tes Acc: 58.00
INFO >> Epoch: 17  |  Layer: 12  |  Train Loss: 1.485 | Train Acc: 48.21  |  Val Loss: 1.586 | Val Acc: 43.00  |  Test Loss: 1.564 | Tes Acc: 44.67
INFO >> Epoch: 17  |  Layer: 13  |  Train Loss: 1.411 | Train Acc: 50.24  |  Val Loss: 1.501 | Val Acc: 49.33  |  Test Loss: 1.505 | Tes Acc: 48.67

INFO >> Epoch: 18  |  Layer:  1  |  Train Loss: 1.465 | Train Acc: 45.12  |  Val Loss: 1.490 | Val Acc: 47.67  |  Test Loss: 1.412 | Tes Acc: 51.33
INFO >> Epoch: 18  |  Layer:  2  |  Train Loss: 1.034 | Train Acc: 64.05  |  Val Loss: 1.256 | Val Acc: 54.67  |  Test Loss: 1.283 | Tes Acc: 56.67
INFO >> Epoch: 18  |  Layer:  3  |  Train Loss: 0.859 | Train Acc: 71.07  |  Val Loss: 1.095 | Val Acc: 60.33  |  Test Loss: 1.228 | Tes Acc: 54.33
INFO >> Epoch: 18  |  Layer:  4  |  Train Loss: 0.702 | Train Acc: 78.45  |  Val Loss: 0.963 | Val Acc: 69.33  |  Test Loss: 1.124 | Tes Acc: 62.67
INFO >> Epoch: 18  |  Layer:  5  |  Train Loss: 0.619 | Train Acc: 82.50  |  Val Loss: 0.992 | Val Acc: 64.67  |  Test Loss: 1.029 | Tes Acc: 63.33
INFO >> Epoch: 18  |  Layer:  6  |  Train Loss: 0.541 | Train Acc: 85.83  |  Val Loss: 0.979 | Val Acc: 68.00  |  Test Loss: 1.025 | Tes Acc: 62.33
INFO >> Epoch: 18  |  Layer:  7  |  Train Loss: 0.503 | Train Acc: 87.26  |  Val Loss: 0.932 | Val Acc: 67.00  |  Test Loss: 1.039 | Tes Acc: 60.33
INFO >> Epoch: 18  |  Layer:  8  |  Train Loss: 0.539 | Train Acc: 85.60  |  Val Loss: 0.963 | Val Acc: 67.33  |  Test Loss: 1.067 | Tes Acc: 59.33
INFO >> Epoch: 18  |  Layer:  9  |  Train Loss: 0.565 | Train Acc: 84.52  |  Val Loss: 0.957 | Val Acc: 67.67  |  Test Loss: 1.099 | Tes Acc: 60.67
INFO >> Epoch: 18  |  Layer: 10  |  Train Loss: 0.687 | Train Acc: 80.00  |  Val Loss: 0.951 | Val Acc: 66.00  |  Test Loss: 1.177 | Tes Acc: 58.00
INFO >> Epoch: 18  |  Layer: 11  |  Train Loss: 0.833 | Train Acc: 72.50  |  Val Loss: 1.007 | Val Acc: 62.33  |  Test Loss: 1.189 | Tes Acc: 60.00
INFO >> Epoch: 18  |  Layer: 12  |  Train Loss: 1.470 | Train Acc: 47.14  |  Val Loss: 1.572 | Val Acc: 43.33  |  Test Loss: 1.559 | Tes Acc: 43.33
INFO >> Epoch: 18  |  Layer: 13  |  Train Loss: 1.387 | Train Acc: 48.45  |  Val Loss: 1.472 | Val Acc: 46.33  |  Test Loss: 1.499 | Tes Acc: 48.33

INFO >> Epoch: 19  |  Layer:  1  |  Train Loss: 1.425 | Train Acc: 47.26  |  Val Loss: 1.490 | Val Acc: 46.67  |  Test Loss: 1.425 | Tes Acc: 48.33
INFO >> Epoch: 19  |  Layer:  2  |  Train Loss: 0.993 | Train Acc: 67.02  |  Val Loss: 1.231 | Val Acc: 56.00  |  Test Loss: 1.259 | Tes Acc: 57.33
INFO >> Epoch: 19  |  Layer:  3  |  Train Loss: 0.821 | Train Acc: 74.05  |  Val Loss: 1.060 | Val Acc: 60.00  |  Test Loss: 1.206 | Tes Acc: 55.33
INFO >> Epoch: 19  |  Layer:  4  |  Train Loss: 0.657 | Train Acc: 81.43  |  Val Loss: 0.937 | Val Acc: 68.67  |  Test Loss: 1.107 | Tes Acc: 62.67
INFO >> Epoch: 19  |  Layer:  5  |  Train Loss: 0.580 | Train Acc: 83.57  |  Val Loss: 0.954 | Val Acc: 66.00  |  Test Loss: 1.052 | Tes Acc: 63.00
INFO >> Epoch: 19  |  Layer:  6  |  Train Loss: 0.502 | Train Acc: 86.67  |  Val Loss: 0.930 | Val Acc: 68.67  |  Test Loss: 1.047 | Tes Acc: 61.33
INFO >> Epoch: 19  |  Layer:  7  |  Train Loss: 0.469 | Train Acc: 88.69  |  Val Loss: 0.871 | Val Acc: 70.00  |  Test Loss: 1.057 | Tes Acc: 63.33
INFO >> Epoch: 19  |  Layer:  8  |  Train Loss: 0.499 | Train Acc: 85.71  |  Val Loss: 0.888 | Val Acc: 73.33  |  Test Loss: 1.075 | Tes Acc: 61.67
INFO >> Epoch: 19  |  Layer:  9  |  Train Loss: 0.524 | Train Acc: 85.48  |  Val Loss: 0.858 | Val Acc: 74.00  |  Test Loss: 1.111 | Tes Acc: 60.00
INFO >> Epoch: 19  |  Layer: 10  |  Train Loss: 0.651 | Train Acc: 80.48  |  Val Loss: 0.880 | Val Acc: 71.00  |  Test Loss: 1.179 | Tes Acc: 57.33
INFO >> Epoch: 19  |  Layer: 11  |  Train Loss: 0.790 | Train Acc: 74.17  |  Val Loss: 0.960 | Val Acc: 65.33  |  Test Loss: 1.179 | Tes Acc: 60.33
INFO >> Epoch: 19  |  Layer: 12  |  Train Loss: 1.449 | Train Acc: 51.67  |  Val Loss: 1.544 | Val Acc: 42.67  |  Test Loss: 1.517 | Tes Acc: 44.00
INFO >> Epoch: 19  |  Layer: 13  |  Train Loss: 1.335 | Train Acc: 52.86  |  Val Loss: 1.449 | Val Acc: 49.00  |  Test Loss: 1.460 | Tes Acc: 51.00

INFO >> Epoch: 20  |  Layer:  1  |  Train Loss: 1.424 | Train Acc: 49.40  |  Val Loss: 1.487 | Val Acc: 46.00  |  Test Loss: 1.401 | Tes Acc: 50.00
INFO >> Epoch: 20  |  Layer:  2  |  Train Loss: 0.974 | Train Acc: 69.52  |  Val Loss: 1.239 | Val Acc: 53.00  |  Test Loss: 1.238 | Tes Acc: 54.67
INFO >> Epoch: 20  |  Layer:  3  |  Train Loss: 0.786 | Train Acc: 76.79  |  Val Loss: 1.059 | Val Acc: 59.67  |  Test Loss: 1.198 | Tes Acc: 55.67
INFO >> Epoch: 20  |  Layer:  4  |  Train Loss: 0.634 | Train Acc: 83.45  |  Val Loss: 0.935 | Val Acc: 65.67  |  Test Loss: 1.095 | Tes Acc: 61.00
INFO >> Epoch: 20  |  Layer:  5  |  Train Loss: 0.554 | Train Acc: 84.40  |  Val Loss: 0.958 | Val Acc: 65.67  |  Test Loss: 1.075 | Tes Acc: 61.67
INFO >> Epoch: 20  |  Layer:  6  |  Train Loss: 0.479 | Train Acc: 88.10  |  Val Loss: 0.925 | Val Acc: 69.67  |  Test Loss: 1.070 | Tes Acc: 59.67
INFO >> Epoch: 20  |  Layer:  7  |  Train Loss: 0.452 | Train Acc: 89.64  |  Val Loss: 0.892 | Val Acc: 70.00  |  Test Loss: 1.082 | Tes Acc: 59.00
INFO >> Epoch: 20  |  Layer:  8  |  Train Loss: 0.485 | Train Acc: 87.74  |  Val Loss: 0.925 | Val Acc: 71.67  |  Test Loss: 1.081 | Tes Acc: 62.00
INFO >> Epoch: 20  |  Layer:  9  |  Train Loss: 0.505 | Train Acc: 85.95  |  Val Loss: 0.879 | Val Acc: 72.67  |  Test Loss: 1.135 | Tes Acc: 59.67
INFO >> Epoch: 20  |  Layer: 10  |  Train Loss: 0.619 | Train Acc: 83.10  |  Val Loss: 0.878 | Val Acc: 71.33  |  Test Loss: 1.173 | Tes Acc: 58.00
INFO >> Epoch: 20  |  Layer: 11  |  Train Loss: 0.759 | Train Acc: 77.38  |  Val Loss: 0.968 | Val Acc: 61.00  |  Test Loss: 1.173 | Tes Acc: 59.33
INFO >> Epoch: 20  |  Layer: 12  |  Train Loss: 1.429 | Train Acc: 52.38  |  Val Loss: 1.540 | Val Acc: 47.67  |  Test Loss: 1.501 | Tes Acc: 47.67
INFO >> Epoch: 20  |  Layer: 13  |  Train Loss: 1.337 | Train Acc: 53.33  |  Val Loss: 1.471 | Val Acc: 46.00  |  Test Loss: 1.441 | Tes Acc: 52.00

INFO >> Epoch: 21  |  Layer:  1  |  Train Loss: 1.400 | Train Acc: 49.52  |  Val Loss: 1.507 | Val Acc: 43.33  |  Test Loss: 1.397 | Tes Acc: 52.33
INFO >> Epoch: 21  |  Layer:  2  |  Train Loss: 0.930 | Train Acc: 70.12  |  Val Loss: 1.234 | Val Acc: 51.00  |  Test Loss: 1.232 | Tes Acc: 56.67
INFO >> Epoch: 21  |  Layer:  3  |  Train Loss: 0.752 | Train Acc: 78.10  |  Val Loss: 1.059 | Val Acc: 60.00  |  Test Loss: 1.194 | Tes Acc: 54.00
INFO >> Epoch: 21  |  Layer:  4  |  Train Loss: 0.599 | Train Acc: 84.29  |  Val Loss: 0.967 | Val Acc: 65.33  |  Test Loss: 1.108 | Tes Acc: 61.33
INFO >> Epoch: 21  |  Layer:  5  |  Train Loss: 0.523 | Train Acc: 85.95  |  Val Loss: 0.965 | Val Acc: 64.00  |  Test Loss: 1.084 | Tes Acc: 60.33
INFO >> Epoch: 21  |  Layer:  6  |  Train Loss: 0.453 | Train Acc: 87.62  |  Val Loss: 0.916 | Val Acc: 69.00  |  Test Loss: 1.106 | Tes Acc: 60.00
INFO >> Epoch: 21  |  Layer:  7  |  Train Loss: 0.416 | Train Acc: 90.24  |  Val Loss: 0.860 | Val Acc: 69.67  |  Test Loss: 1.087 | Tes Acc: 58.33
INFO >> Epoch: 21  |  Layer:  8  |  Train Loss: 0.453 | Train Acc: 87.74  |  Val Loss: 0.906 | Val Acc: 70.33  |  Test Loss: 1.093 | Tes Acc: 59.33
INFO >> Epoch: 21  |  Layer:  9  |  Train Loss: 0.472 | Train Acc: 87.14  |  Val Loss: 0.875 | Val Acc: 71.00  |  Test Loss: 1.160 | Tes Acc: 58.67
INFO >> Epoch: 21  |  Layer: 10  |  Train Loss: 0.576 | Train Acc: 85.00  |  Val Loss: 0.889 | Val Acc: 69.67  |  Test Loss: 1.198 | Tes Acc: 57.00
INFO >> Epoch: 21  |  Layer: 11  |  Train Loss: 0.717 | Train Acc: 77.50  |  Val Loss: 0.976 | Val Acc: 63.00  |  Test Loss: 1.177 | Tes Acc: 59.00
INFO >> Epoch: 21  |  Layer: 12  |  Train Loss: 1.377 | Train Acc: 54.05  |  Val Loss: 1.518 | Val Acc: 44.33  |  Test Loss: 1.486 | Tes Acc: 49.00
INFO >> Epoch: 21  |  Layer: 13  |  Train Loss: 1.287 | Train Acc: 53.81  |  Val Loss: 1.425 | Val Acc: 47.33  |  Test Loss: 1.421 | Tes Acc: 51.67

INFO >> Epoch: 22  |  Layer:  1  |  Train Loss: 1.408 | Train Acc: 46.55  |  Val Loss: 1.465 | Val Acc: 44.67  |  Test Loss: 1.390 | Tes Acc: 49.67
INFO >> Epoch: 22  |  Layer:  2  |  Train Loss: 0.930 | Train Acc: 70.95  |  Val Loss: 1.308 | Val Acc: 47.00  |  Test Loss: 1.268 | Tes Acc: 53.33
INFO >> Epoch: 22  |  Layer:  3  |  Train Loss: 0.739 | Train Acc: 78.21  |  Val Loss: 1.138 | Val Acc: 56.33  |  Test Loss: 1.204 | Tes Acc: 54.00
INFO >> Epoch: 22  |  Layer:  4  |  Train Loss: 0.590 | Train Acc: 85.00  |  Val Loss: 1.024 | Val Acc: 63.33  |  Test Loss: 1.130 | Tes Acc: 60.00
INFO >> Epoch: 22  |  Layer:  5  |  Train Loss: 0.515 | Train Acc: 88.10  |  Val Loss: 1.019 | Val Acc: 63.00  |  Test Loss: 1.116 | Tes Acc: 57.67
INFO >> Epoch: 22  |  Layer:  6  |  Train Loss: 0.441 | Train Acc: 90.24  |  Val Loss: 0.990 | Val Acc: 64.33  |  Test Loss: 1.097 | Tes Acc: 57.33
INFO >> Epoch: 22  |  Layer:  7  |  Train Loss: 0.407 | Train Acc: 90.95  |  Val Loss: 0.936 | Val Acc: 66.67  |  Test Loss: 1.092 | Tes Acc: 58.67
INFO >> Epoch: 22  |  Layer:  8  |  Train Loss: 0.443 | Train Acc: 89.17  |  Val Loss: 0.952 | Val Acc: 67.33  |  Test Loss: 1.077 | Tes Acc: 59.33
INFO >> Epoch: 22  |  Layer:  9  |  Train Loss: 0.468 | Train Acc: 87.74  |  Val Loss: 0.927 | Val Acc: 68.00  |  Test Loss: 1.116 | Tes Acc: 60.00
INFO >> Epoch: 22  |  Layer: 10  |  Train Loss: 0.581 | Train Acc: 84.52  |  Val Loss: 0.952 | Val Acc: 65.00  |  Test Loss: 1.201 | Tes Acc: 56.00
INFO >> Epoch: 22  |  Layer: 11  |  Train Loss: 0.722 | Train Acc: 76.90  |  Val Loss: 1.069 | Val Acc: 60.33  |  Test Loss: 1.186 | Tes Acc: 60.00
INFO >> Epoch: 22  |  Layer: 12  |  Train Loss: 1.398 | Train Acc: 52.62  |  Val Loss: 1.525 | Val Acc: 42.33  |  Test Loss: 1.497 | Tes Acc: 47.00
INFO >> Epoch: 22  |  Layer: 13  |  Train Loss: 1.292 | Train Acc: 55.60  |  Val Loss: 1.465 | Val Acc: 43.33  |  Test Loss: 1.468 | Tes Acc: 45.67

INFO >> Epoch: 23  |  Layer:  1  |  Train Loss: 1.364 | Train Acc: 49.29  |  Val Loss: 1.615 | Val Acc: 43.00  |  Test Loss: 1.471 | Tes Acc: 43.33
INFO >> Epoch: 23  |  Layer:  2  |  Train Loss: 0.908 | Train Acc: 71.90  |  Val Loss: 1.232 | Val Acc: 53.33  |  Test Loss: 1.240 | Tes Acc: 58.00
INFO >> Epoch: 23  |  Layer:  3  |  Train Loss: 0.715 | Train Acc: 78.45  |  Val Loss: 1.040 | Val Acc: 61.67  |  Test Loss: 1.208 | Tes Acc: 56.00
INFO >> Epoch: 23  |  Layer:  4  |  Train Loss: 0.554 | Train Acc: 84.40  |  Val Loss: 0.956 | Val Acc: 65.33  |  Test Loss: 1.126 | Tes Acc: 59.67
INFO >> Epoch: 23  |  Layer:  5  |  Train Loss: 0.499 | Train Acc: 86.90  |  Val Loss: 0.992 | Val Acc: 65.00  |  Test Loss: 1.103 | Tes Acc: 60.67
INFO >> Epoch: 23  |  Layer:  6  |  Train Loss: 0.418 | Train Acc: 90.60  |  Val Loss: 0.959 | Val Acc: 68.00  |  Test Loss: 1.087 | Tes Acc: 61.00
INFO >> Epoch: 23  |  Layer:  7  |  Train Loss: 0.379 | Train Acc: 91.19  |  Val Loss: 0.899 | Val Acc: 71.00  |  Test Loss: 1.092 | Tes Acc: 58.00
INFO >> Epoch: 23  |  Layer:  8  |  Train Loss: 0.410 | Train Acc: 89.64  |  Val Loss: 0.951 | Val Acc: 70.00  |  Test Loss: 1.090 | Tes Acc: 60.33
INFO >> Epoch: 23  |  Layer:  9  |  Train Loss: 0.434 | Train Acc: 88.33  |  Val Loss: 0.924 | Val Acc: 72.00  |  Test Loss: 1.130 | Tes Acc: 59.00
INFO >> Epoch: 23  |  Layer: 10  |  Train Loss: 0.552 | Train Acc: 84.40  |  Val Loss: 0.931 | Val Acc: 68.67  |  Test Loss: 1.220 | Tes Acc: 58.67
INFO >> Epoch: 23  |  Layer: 11  |  Train Loss: 0.693 | Train Acc: 77.86  |  Val Loss: 1.010 | Val Acc: 61.00  |  Test Loss: 1.202 | Tes Acc: 56.67
INFO >> Epoch: 23  |  Layer: 12  |  Train Loss: 1.371 | Train Acc: 53.33  |  Val Loss: 1.519 | Val Acc: 46.67  |  Test Loss: 1.489 | Tes Acc: 46.33
INFO >> Epoch: 23  |  Layer: 13  |  Train Loss: 1.280 | Train Acc: 55.48  |  Val Loss: 1.470 | Val Acc: 49.00  |  Test Loss: 1.461 | Tes Acc: 51.00

INFO >> Epoch: 24  |  Layer:  1  |  Train Loss: 1.356 | Train Acc: 48.33  |  Val Loss: 1.499 | Val Acc: 42.67  |  Test Loss: 1.439 | Tes Acc: 43.67
INFO >> Epoch: 24  |  Layer:  2  |  Train Loss: 0.872 | Train Acc: 72.14  |  Val Loss: 1.256 | Val Acc: 50.33  |  Test Loss: 1.192 | Tes Acc: 55.00
INFO >> Epoch: 24  |  Layer:  3  |  Train Loss: 0.684 | Train Acc: 79.29  |  Val Loss: 1.051 | Val Acc: 61.33  |  Test Loss: 1.130 | Tes Acc: 56.67
INFO >> Epoch: 24  |  Layer:  4  |  Train Loss: 0.527 | Train Acc: 86.43  |  Val Loss: 0.920 | Val Acc: 69.00  |  Test Loss: 1.051 | Tes Acc: 63.33
INFO >> Epoch: 24  |  Layer:  5  |  Train Loss: 0.459 | Train Acc: 88.81  |  Val Loss: 0.971 | Val Acc: 64.33  |  Test Loss: 0.998 | Tes Acc: 62.00
INFO >> Epoch: 24  |  Layer:  6  |  Train Loss: 0.388 | Train Acc: 91.43  |  Val Loss: 0.946 | Val Acc: 67.67  |  Test Loss: 0.982 | Tes Acc: 63.33
INFO >> Epoch: 24  |  Layer:  7  |  Train Loss: 0.355 | Train Acc: 91.55  |  Val Loss: 0.909 | Val Acc: 68.33  |  Test Loss: 1.020 | Tes Acc: 60.67
INFO >> Epoch: 24  |  Layer:  8  |  Train Loss: 0.390 | Train Acc: 90.60  |  Val Loss: 0.977 | Val Acc: 69.33  |  Test Loss: 0.999 | Tes Acc: 63.00
INFO >> Epoch: 24  |  Layer:  9  |  Train Loss: 0.408 | Train Acc: 89.17  |  Val Loss: 0.933 | Val Acc: 69.33  |  Test Loss: 1.051 | Tes Acc: 63.00
INFO >> Epoch: 24  |  Layer: 10  |  Train Loss: 0.521 | Train Acc: 86.07  |  Val Loss: 0.930 | Val Acc: 66.00  |  Test Loss: 1.138 | Tes Acc: 58.67
INFO >> Epoch: 24  |  Layer: 11  |  Train Loss: 0.664 | Train Acc: 80.48  |  Val Loss: 0.989 | Val Acc: 64.33  |  Test Loss: 1.133 | Tes Acc: 60.33
INFO >> Epoch: 24  |  Layer: 12  |  Train Loss: 1.347 | Train Acc: 54.29  |  Val Loss: 1.474 | Val Acc: 45.67  |  Test Loss: 1.453 | Tes Acc: 48.33
INFO >> Epoch: 24  |  Layer: 13  |  Train Loss: 1.260 | Train Acc: 55.00  |  Val Loss: 1.433 | Val Acc: 46.00  |  Test Loss: 1.399 | Tes Acc: 48.67

INFO >> Epoch: 25  |  Layer:  1  |  Train Loss: 1.330 | Train Acc: 50.60  |  Val Loss: 1.530 | Val Acc: 43.33  |  Test Loss: 1.438 | Tes Acc: 46.67
INFO >> Epoch: 25  |  Layer:  2  |  Train Loss: 0.845 | Train Acc: 72.62  |  Val Loss: 1.278 | Val Acc: 49.00  |  Test Loss: 1.238 | Tes Acc: 55.67
INFO >> Epoch: 25  |  Layer:  3  |  Train Loss: 0.655 | Train Acc: 81.79  |  Val Loss: 1.129 | Val Acc: 57.33  |  Test Loss: 1.178 | Tes Acc: 53.67
INFO >> Epoch: 25  |  Layer:  4  |  Train Loss: 0.511 | Train Acc: 86.55  |  Val Loss: 0.982 | Val Acc: 65.67  |  Test Loss: 1.085 | Tes Acc: 60.33
INFO >> Epoch: 25  |  Layer:  5  |  Train Loss: 0.438 | Train Acc: 87.62  |  Val Loss: 1.052 | Val Acc: 63.00  |  Test Loss: 1.057 | Tes Acc: 63.00
INFO >> Epoch: 25  |  Layer:  6  |  Train Loss: 0.367 | Train Acc: 91.19  |  Val Loss: 1.005 | Val Acc: 67.33  |  Test Loss: 1.048 | Tes Acc: 62.67
INFO >> Epoch: 25  |  Layer:  7  |  Train Loss: 0.333 | Train Acc: 92.38  |  Val Loss: 0.942 | Val Acc: 69.67  |  Test Loss: 1.037 | Tes Acc: 60.67
INFO >> Epoch: 25  |  Layer:  8  |  Train Loss: 0.367 | Train Acc: 90.24  |  Val Loss: 0.982 | Val Acc: 71.67  |  Test Loss: 1.038 | Tes Acc: 63.67
INFO >> Epoch: 25  |  Layer:  9  |  Train Loss: 0.389 | Train Acc: 89.17  |  Val Loss: 0.968 | Val Acc: 70.67  |  Test Loss: 1.087 | Tes Acc: 62.33
INFO >> Epoch: 25  |  Layer: 10  |  Train Loss: 0.493 | Train Acc: 86.67  |  Val Loss: 0.945 | Val Acc: 66.67  |  Test Loss: 1.183 | Tes Acc: 60.67
INFO >> Epoch: 25  |  Layer: 11  |  Train Loss: 0.621 | Train Acc: 80.24  |  Val Loss: 1.012 | Val Acc: 62.67  |  Test Loss: 1.196 | Tes Acc: 58.00
INFO >> Epoch: 25  |  Layer: 12  |  Train Loss: 1.295 | Train Acc: 56.31  |  Val Loss: 1.482 | Val Acc: 48.67  |  Test Loss: 1.465 | Tes Acc: 49.00
INFO >> Epoch: 25  |  Layer: 13  |  Train Loss: 1.200 | Train Acc: 57.50  |  Val Loss: 1.431 | Val Acc: 48.67  |  Test Loss: 1.404 | Tes Acc: 53.00

INFO >> Epoch: 26  |  Layer:  1  |  Train Loss: 1.338 | Train Acc: 49.17  |  Val Loss: 1.548 | Val Acc: 43.33  |  Test Loss: 1.388 | Tes Acc: 48.67
INFO >> Epoch: 26  |  Layer:  2  |  Train Loss: 0.826 | Train Acc: 74.05  |  Val Loss: 1.256 | Val Acc: 51.67  |  Test Loss: 1.223 | Tes Acc: 57.33
INFO >> Epoch: 26  |  Layer:  3  |  Train Loss: 0.645 | Train Acc: 81.79  |  Val Loss: 1.047 | Val Acc: 61.00  |  Test Loss: 1.163 | Tes Acc: 55.67
INFO >> Epoch: 26  |  Layer:  4  |  Train Loss: 0.499 | Train Acc: 86.67  |  Val Loss: 0.921 | Val Acc: 67.67  |  Test Loss: 1.080 | Tes Acc: 60.33
INFO >> Epoch: 26  |  Layer:  5  |  Train Loss: 0.431 | Train Acc: 89.17  |  Val Loss: 0.968 | Val Acc: 65.67  |  Test Loss: 1.080 | Tes Acc: 59.00
INFO >> Epoch: 26  |  Layer:  6  |  Train Loss: 0.359 | Train Acc: 91.90  |  Val Loss: 0.940 | Val Acc: 69.00  |  Test Loss: 1.054 | Tes Acc: 63.00
INFO >> Epoch: 26  |  Layer:  7  |  Train Loss: 0.330 | Train Acc: 92.26  |  Val Loss: 0.865 | Val Acc: 69.67  |  Test Loss: 1.066 | Tes Acc: 59.67
INFO >> Epoch: 26  |  Layer:  8  |  Train Loss: 0.359 | Train Acc: 92.14  |  Val Loss: 0.908 | Val Acc: 72.67  |  Test Loss: 1.052 | Tes Acc: 62.00
INFO >> Epoch: 26  |  Layer:  9  |  Train Loss: 0.384 | Train Acc: 90.36  |  Val Loss: 0.861 | Val Acc: 72.00  |  Test Loss: 1.083 | Tes Acc: 62.00
INFO >> Epoch: 26  |  Layer: 10  |  Train Loss: 0.492 | Train Acc: 86.67  |  Val Loss: 0.898 | Val Acc: 67.67  |  Test Loss: 1.163 | Tes Acc: 60.33
INFO >> Epoch: 26  |  Layer: 11  |  Train Loss: 0.621 | Train Acc: 82.02  |  Val Loss: 0.973 | Val Acc: 61.33  |  Test Loss: 1.176 | Tes Acc: 58.00
INFO >> Epoch: 26  |  Layer: 12  |  Train Loss: 1.299 | Train Acc: 57.74  |  Val Loss: 1.480 | Val Acc: 46.33  |  Test Loss: 1.443 | Tes Acc: 47.00
INFO >> Epoch: 26  |  Layer: 13  |  Train Loss: 1.201 | Train Acc: 59.52  |  Val Loss: 1.458 | Val Acc: 45.67  |  Test Loss: 1.402 | Tes Acc: 48.33

INFO >> Epoch: 27  |  Layer:  1  |  Train Loss: 1.302 | Train Acc: 51.43  |  Val Loss: 1.509 | Val Acc: 43.33  |  Test Loss: 1.407 | Tes Acc: 44.67
INFO >> Epoch: 27  |  Layer:  2  |  Train Loss: 0.797 | Train Acc: 75.12  |  Val Loss: 1.179 | Val Acc: 54.33  |  Test Loss: 1.261 | Tes Acc: 52.00
INFO >> Epoch: 27  |  Layer:  3  |  Train Loss: 0.610 | Train Acc: 82.38  |  Val Loss: 0.979 | Val Acc: 62.33  |  Test Loss: 1.220 | Tes Acc: 52.67
INFO >> Epoch: 27  |  Layer:  4  |  Train Loss: 0.466 | Train Acc: 88.21  |  Val Loss: 0.911 | Val Acc: 69.00  |  Test Loss: 1.146 | Tes Acc: 61.00
INFO >> Epoch: 27  |  Layer:  5  |  Train Loss: 0.395 | Train Acc: 90.60  |  Val Loss: 0.951 | Val Acc: 68.00  |  Test Loss: 1.102 | Tes Acc: 62.00
INFO >> Epoch: 27  |  Layer:  6  |  Train Loss: 0.331 | Train Acc: 91.79  |  Val Loss: 0.922 | Val Acc: 71.00  |  Test Loss: 1.113 | Tes Acc: 59.67
INFO >> Epoch: 27  |  Layer:  7  |  Train Loss: 0.301 | Train Acc: 94.17  |  Val Loss: 0.881 | Val Acc: 69.67  |  Test Loss: 1.151 | Tes Acc: 57.67
INFO >> Epoch: 27  |  Layer:  8  |  Train Loss: 0.342 | Train Acc: 92.26  |  Val Loss: 0.922 | Val Acc: 72.67  |  Test Loss: 1.135 | Tes Acc: 60.00
INFO >> Epoch: 27  |  Layer:  9  |  Train Loss: 0.365 | Train Acc: 91.19  |  Val Loss: 0.889 | Val Acc: 73.00  |  Test Loss: 1.163 | Tes Acc: 59.67
INFO >> Epoch: 27  |  Layer: 10  |  Train Loss: 0.460 | Train Acc: 87.74  |  Val Loss: 0.890 | Val Acc: 70.00  |  Test Loss: 1.238 | Tes Acc: 59.33
INFO >> Epoch: 27  |  Layer: 11  |  Train Loss: 0.588 | Train Acc: 81.31  |  Val Loss: 0.950 | Val Acc: 65.00  |  Test Loss: 1.219 | Tes Acc: 57.67
INFO >> Epoch: 27  |  Layer: 12  |  Train Loss: 1.279 | Train Acc: 55.60  |  Val Loss: 1.463 | Val Acc: 48.67  |  Test Loss: 1.472 | Tes Acc: 47.67
INFO >> Epoch: 27  |  Layer: 13  |  Train Loss: 1.173 | Train Acc: 57.14  |  Val Loss: 1.368 | Val Acc: 50.67  |  Test Loss: 1.410 | Tes Acc: 52.33

INFO >> Epoch: 28  |  Layer:  1  |  Train Loss: 1.317 | Train Acc: 52.02  |  Val Loss: 1.410 | Val Acc: 50.00  |  Test Loss: 1.345 | Tes Acc: 53.67
INFO >> Epoch: 28  |  Layer:  2  |  Train Loss: 0.798 | Train Acc: 75.24  |  Val Loss: 1.204 | Val Acc: 52.33  |  Test Loss: 1.161 | Tes Acc: 58.00
INFO >> Epoch: 28  |  Layer:  3  |  Train Loss: 0.595 | Train Acc: 83.69  |  Val Loss: 1.034 | Val Acc: 61.67  |  Test Loss: 1.112 | Tes Acc: 56.33
INFO >> Epoch: 28  |  Layer:  4  |  Train Loss: 0.449 | Train Acc: 88.93  |  Val Loss: 0.967 | Val Acc: 66.33  |  Test Loss: 1.024 | Tes Acc: 66.33
INFO >> Epoch: 28  |  Layer:  5  |  Train Loss: 0.394 | Train Acc: 90.71  |  Val Loss: 0.985 | Val Acc: 64.67  |  Test Loss: 0.989 | Tes Acc: 61.33
INFO >> Epoch: 28  |  Layer:  6  |  Train Loss: 0.326 | Train Acc: 92.98  |  Val Loss: 0.921 | Val Acc: 70.00  |  Test Loss: 0.966 | Tes Acc: 65.67
INFO >> Epoch: 28  |  Layer:  7  |  Train Loss: 0.294 | Train Acc: 94.17  |  Val Loss: 0.862 | Val Acc: 71.00  |  Test Loss: 1.029 | Tes Acc: 60.33
INFO >> Epoch: 28  |  Layer:  8  |  Train Loss: 0.332 | Train Acc: 92.26  |  Val Loss: 0.920 | Val Acc: 73.00  |  Test Loss: 0.991 | Tes Acc: 64.00
INFO >> Epoch: 28  |  Layer:  9  |  Train Loss: 0.355 | Train Acc: 91.07  |  Val Loss: 0.875 | Val Acc: 73.00  |  Test Loss: 1.033 | Tes Acc: 63.33
INFO >> Epoch: 28  |  Layer: 10  |  Train Loss: 0.442 | Train Acc: 88.69  |  Val Loss: 0.887 | Val Acc: 67.00  |  Test Loss: 1.111 | Tes Acc: 60.00
INFO >> Epoch: 28  |  Layer: 11  |  Train Loss: 0.571 | Train Acc: 83.45  |  Val Loss: 0.966 | Val Acc: 63.00  |  Test Loss: 1.095 | Tes Acc: 63.33
INFO >> Epoch: 28  |  Layer: 12  |  Train Loss: 1.269 | Train Acc: 56.67  |  Val Loss: 1.425 | Val Acc: 47.00  |  Test Loss: 1.417 | Tes Acc: 50.67
INFO >> Epoch: 28  |  Layer: 13  |  Train Loss: 1.170 | Train Acc: 59.05  |  Val Loss: 1.364 | Val Acc: 49.00  |  Test Loss: 1.372 | Tes Acc: 52.67

INFO >> Epoch: 29  |  Layer:  1  |  Train Loss: 1.317 | Train Acc: 51.79  |  Val Loss: 1.414 | Val Acc: 49.33  |  Test Loss: 1.354 | Tes Acc: 55.00
INFO >> Epoch: 29  |  Layer:  2  |  Train Loss: 0.782 | Train Acc: 75.60  |  Val Loss: 1.167 | Val Acc: 54.33  |  Test Loss: 1.199 | Tes Acc: 57.00
INFO >> Epoch: 29  |  Layer:  3  |  Train Loss: 0.589 | Train Acc: 82.38  |  Val Loss: 0.968 | Val Acc: 66.33  |  Test Loss: 1.176 | Tes Acc: 55.67
INFO >> Epoch: 29  |  Layer:  4  |  Train Loss: 0.445 | Train Acc: 88.21  |  Val Loss: 0.905 | Val Acc: 68.67  |  Test Loss: 1.092 | Tes Acc: 59.33
INFO >> Epoch: 29  |  Layer:  5  |  Train Loss: 0.382 | Train Acc: 90.36  |  Val Loss: 0.942 | Val Acc: 66.33  |  Test Loss: 1.080 | Tes Acc: 60.00
INFO >> Epoch: 29  |  Layer:  6  |  Train Loss: 0.312 | Train Acc: 92.74  |  Val Loss: 0.907 | Val Acc: 70.67  |  Test Loss: 1.075 | Tes Acc: 60.00
INFO >> Epoch: 29  |  Layer:  7  |  Train Loss: 0.278 | Train Acc: 93.45  |  Val Loss: 0.840 | Val Acc: 72.00  |  Test Loss: 1.095 | Tes Acc: 59.33
INFO >> Epoch: 29  |  Layer:  8  |  Train Loss: 0.313 | Train Acc: 92.98  |  Val Loss: 0.882 | Val Acc: 74.33  |  Test Loss: 1.098 | Tes Acc: 60.67
INFO >> Epoch: 29  |  Layer:  9  |  Train Loss: 0.337 | Train Acc: 92.14  |  Val Loss: 0.851 | Val Acc: 74.00  |  Test Loss: 1.132 | Tes Acc: 61.33
INFO >> Epoch: 29  |  Layer: 10  |  Train Loss: 0.431 | Train Acc: 88.93  |  Val Loss: 0.846 | Val Acc: 71.67  |  Test Loss: 1.227 | Tes Acc: 58.00
INFO >> Epoch: 29  |  Layer: 11  |  Train Loss: 0.566 | Train Acc: 84.05  |  Val Loss: 0.906 | Val Acc: 66.00  |  Test Loss: 1.156 | Tes Acc: 56.33
INFO >> Epoch: 29  |  Layer: 12  |  Train Loss: 1.242 | Train Acc: 57.98  |  Val Loss: 1.411 | Val Acc: 50.67  |  Test Loss: 1.407 | Tes Acc: 51.67
INFO >> Epoch: 29  |  Layer: 13  |  Train Loss: 1.155 | Train Acc: 58.10  |  Val Loss: 1.352 | Val Acc: 53.67  |  Test Loss: 1.384 | Tes Acc: 53.67

INFO >> Epoch: 30  |  Layer:  1  |  Train Loss: 1.287 | Train Acc: 51.31  |  Val Loss: 1.407 | Val Acc: 50.67  |  Test Loss: 1.339 | Tes Acc: 50.33
INFO >> Epoch: 30  |  Layer:  2  |  Train Loss: 0.752 | Train Acc: 78.33  |  Val Loss: 1.263 | Val Acc: 49.00  |  Test Loss: 1.216 | Tes Acc: 56.67
INFO >> Epoch: 30  |  Layer:  3  |  Train Loss: 0.554 | Train Acc: 84.40  |  Val Loss: 1.064 | Val Acc: 60.33  |  Test Loss: 1.173 | Tes Acc: 55.33
INFO >> Epoch: 30  |  Layer:  4  |  Train Loss: 0.415 | Train Acc: 90.24  |  Val Loss: 0.960 | Val Acc: 66.33  |  Test Loss: 1.080 | Tes Acc: 63.00
INFO >> Epoch: 30  |  Layer:  5  |  Train Loss: 0.355 | Train Acc: 92.50  |  Val Loss: 1.023 | Val Acc: 65.00  |  Test Loss: 1.070 | Tes Acc: 59.33
INFO >> Epoch: 30  |  Layer:  6  |  Train Loss: 0.294 | Train Acc: 94.64  |  Val Loss: 0.995 | Val Acc: 65.33  |  Test Loss: 1.074 | Tes Acc: 61.00
INFO >> Epoch: 30  |  Layer:  7  |  Train Loss: 0.268 | Train Acc: 95.60  |  Val Loss: 0.905 | Val Acc: 68.33  |  Test Loss: 1.111 | Tes Acc: 57.67
INFO >> Epoch: 30  |  Layer:  8  |  Train Loss: 0.303 | Train Acc: 93.45  |  Val Loss: 0.912 | Val Acc: 70.33  |  Test Loss: 1.083 | Tes Acc: 60.33
INFO >> Epoch: 30  |  Layer:  9  |  Train Loss: 0.321 | Train Acc: 92.50  |  Val Loss: 0.874 | Val Acc: 72.67  |  Test Loss: 1.105 | Tes Acc: 60.33
INFO >> Epoch: 30  |  Layer: 10  |  Train Loss: 0.409 | Train Acc: 90.60  |  Val Loss: 0.883 | Val Acc: 68.00  |  Test Loss: 1.185 | Tes Acc: 59.00
INFO >> Epoch: 30  |  Layer: 11  |  Train Loss: 0.539 | Train Acc: 86.31  |  Val Loss: 0.985 | Val Acc: 61.67  |  Test Loss: 1.139 | Tes Acc: 63.33
INFO >> Epoch: 30  |  Layer: 12  |  Train Loss: 1.225 | Train Acc: 57.74  |  Val Loss: 1.448 | Val Acc: 45.33  |  Test Loss: 1.425 | Tes Acc: 51.00
INFO >> Epoch: 30  |  Layer: 13  |  Train Loss: 1.134 | Train Acc: 59.64  |  Val Loss: 1.383 | Val Acc: 47.00  |  Test Loss: 1.375 | Tes Acc: 50.67



INFO >> Time Taken: 06:44

INFO >> Layer: 1  |  Best Val Acc: 50.67  |  Best Test Acc: 50.33
INFO >> Layer: 2  |  Best Val Acc: 56.00  |  Best Test Acc: 57.33
INFO >> Layer: 3  |  Best Val Acc: 66.33  |  Best Test Acc: 55.67
INFO >> Layer: 4  |  Best Val Acc: 69.33  |  Best Test Acc: 62.67
INFO >> Layer: 5  |  Best Val Acc: 68.00  |  Best Test Acc: 62.00
INFO >> Layer: 6  |  Best Val Acc: 71.00  |  Best Test Acc: 59.67
INFO >> Layer: 7  |  Best Val Acc: 72.00  |  Best Test Acc: 59.33
INFO >> Layer: 8  |  Best Val Acc: 74.33  |  Best Test Acc: 60.67
INFO >> Layer: 9  |  Best Val Acc: 74.00  |  Best Test Acc: 60.00
INFO >> Layer: 10  |  Best Val Acc: 71.67  |  Best Test Acc: 58.00
INFO >> Layer: 11  |  Best Val Acc: 66.00  |  Best Test Acc: 56.33
INFO >> Layer: 12  |  Best Val Acc: 50.67  |  Best Test Acc: 51.67
INFO >> Layer: 13  |  Best Val Acc: 53.67  |  Best Test Acc: 53.67

DEBUG >> Last state saved

INFO >> History saved (./history/v1.4/RAVDESS/WAV2VEC2_BASE_PROBING/Run3/history.pt)
