
--------------------------------------------------
Multilingual SER System v1.3
--------------------------------------------------
Run Name      : Run1
Fx Model      : WAV2VEC2_LARGE
Clf Model     : PROBING
Extract Mode  : gpu_memory
Dataset       : RAVDESS
Device        : gpu
Epochs        : 20
Num Workers   : 2
Data Dir      : ./data
History Dir   : ./history
Weights Dir   : ./weights
Log Level     : debug
Purge Cache   : False
Job Name      : Job22
Job Id        : 30721356
GPU           : Quadro RTX 8000
GPU Count     : 1
GPU Memory    : 44.49 GB

Timestamp : 2023-03-03 11:53:49.040620

INFO >> Running on CUDA


INFO >> Training Classifier

INFO >> Epoch: 1  |  Layer:  1  |  Train Loss: 2.018 | Train Acc: 20.71  |  Val Loss: 1.895 | Val Acc: 30.67  |  Test Loss: 1.922 | Tes Acc: 34.00
INFO >> Epoch: 1  |  Layer:  2  |  Train Loss: 2.012 | Train Acc: 23.81  |  Val Loss: 1.883 | Val Acc: 33.33  |  Test Loss: 1.906 | Tes Acc: 36.33
INFO >> Epoch: 1  |  Layer:  3  |  Train Loss: 2.001 | Train Acc: 26.07  |  Val Loss: 1.871 | Val Acc: 32.33  |  Test Loss: 1.891 | Tes Acc: 39.67
INFO >> Epoch: 1  |  Layer:  4  |  Train Loss: 1.991 | Train Acc: 27.02  |  Val Loss: 1.852 | Val Acc: 39.33  |  Test Loss: 1.875 | Tes Acc: 40.00
INFO >> Epoch: 1  |  Layer:  5  |  Train Loss: 1.988 | Train Acc: 26.67  |  Val Loss: 1.847 | Val Acc: 36.67  |  Test Loss: 1.868 | Tes Acc: 41.00
INFO >> Epoch: 1  |  Layer:  6  |  Train Loss: 1.996 | Train Acc: 25.24  |  Val Loss: 1.862 | Val Acc: 37.00  |  Test Loss: 1.879 | Tes Acc: 41.33
INFO >> Epoch: 1  |  Layer:  7  |  Train Loss: 1.985 | Train Acc: 29.05  |  Val Loss: 1.834 | Val Acc: 45.33  |  Test Loss: 1.853 | Tes Acc: 41.67
INFO >> Epoch: 1  |  Layer:  8  |  Train Loss: 1.977 | Train Acc: 28.21  |  Val Loss: 1.809 | Val Acc: 45.33  |  Test Loss: 1.836 | Tes Acc: 43.00
INFO >> Epoch: 1  |  Layer:  9  |  Train Loss: 1.977 | Train Acc: 28.33  |  Val Loss: 1.818 | Val Acc: 42.00  |  Test Loss: 1.836 | Tes Acc: 41.33
INFO >> Epoch: 1  |  Layer: 10  |  Train Loss: 1.966 | Train Acc: 29.64  |  Val Loss: 1.800 | Val Acc: 45.67  |  Test Loss: 1.819 | Tes Acc: 44.67
INFO >> Epoch: 1  |  Layer: 11  |  Train Loss: 1.971 | Train Acc: 28.10  |  Val Loss: 1.813 | Val Acc: 47.67  |  Test Loss: 1.834 | Tes Acc: 45.00
INFO >> Epoch: 1  |  Layer: 12  |  Train Loss: 1.971 | Train Acc: 29.76  |  Val Loss: 1.807 | Val Acc: 46.33  |  Test Loss: 1.827 | Tes Acc: 44.67
INFO >> Epoch: 1  |  Layer: 13  |  Train Loss: 1.976 | Train Acc: 29.05  |  Val Loss: 1.813 | Val Acc: 47.00  |  Test Loss: 1.835 | Tes Acc: 48.00
INFO >> Epoch: 1  |  Layer: 14  |  Train Loss: 1.966 | Train Acc: 29.64  |  Val Loss: 1.782 | Val Acc: 49.00  |  Test Loss: 1.810 | Tes Acc: 45.67
INFO >> Epoch: 1  |  Layer: 15  |  Train Loss: 1.958 | Train Acc: 30.48  |  Val Loss: 1.768 | Val Acc: 50.00  |  Test Loss: 1.800 | Tes Acc: 45.33
INFO >> Epoch: 1  |  Layer: 16  |  Train Loss: 1.961 | Train Acc: 29.64  |  Val Loss: 1.767 | Val Acc: 51.67  |  Test Loss: 1.803 | Tes Acc: 42.33
INFO >> Epoch: 1  |  Layer: 17  |  Train Loss: 1.960 | Train Acc: 28.45  |  Val Loss: 1.757 | Val Acc: 49.67  |  Test Loss: 1.791 | Tes Acc: 44.33
INFO >> Epoch: 1  |  Layer: 18  |  Train Loss: 1.941 | Train Acc: 31.55  |  Val Loss: 1.725 | Val Acc: 44.33  |  Test Loss: 1.762 | Tes Acc: 44.67
INFO >> Epoch: 1  |  Layer: 19  |  Train Loss: 1.942 | Train Acc: 30.48  |  Val Loss: 1.726 | Val Acc: 45.67  |  Test Loss: 1.751 | Tes Acc: 44.00
INFO >> Epoch: 1  |  Layer: 20  |  Train Loss: 1.952 | Train Acc: 30.71  |  Val Loss: 1.758 | Val Acc: 44.33  |  Test Loss: 1.784 | Tes Acc: 41.67
INFO >> Epoch: 1  |  Layer: 21  |  Train Loss: 1.976 | Train Acc: 27.38  |  Val Loss: 1.817 | Val Acc: 35.67  |  Test Loss: 1.840 | Tes Acc: 35.67
INFO >> Epoch: 1  |  Layer: 22  |  Train Loss: 2.049 | Train Acc: 20.60  |  Val Loss: 1.979 | Val Acc: 26.67  |  Test Loss: 1.992 | Tes Acc: 27.67
INFO >> Epoch: 1  |  Layer: 23  |  Train Loss: 2.077 | Train Acc: 12.38  |  Val Loss: 2.058 | Val Acc: 13.67  |  Test Loss: 2.058 | Tes Acc: 12.33
INFO >> Epoch: 1  |  Layer: 24  |  Train Loss: 2.103 | Train Acc: 12.14  |  Val Loss: 2.069 | Val Acc: 13.00  |  Test Loss: 2.072 | Tes Acc: 12.33

INFO >> Epoch: 2  |  Layer:  1  |  Train Loss: 1.821 | Train Acc: 36.90  |  Val Loss: 1.738 | Val Acc: 35.33  |  Test Loss: 1.786 | Tes Acc: 38.00
INFO >> Epoch: 2  |  Layer:  2  |  Train Loss: 1.793 | Train Acc: 39.29  |  Val Loss: 1.715 | Val Acc: 38.67  |  Test Loss: 1.740 | Tes Acc: 41.00
INFO >> Epoch: 2  |  Layer:  3  |  Train Loss: 1.779 | Train Acc: 39.40  |  Val Loss: 1.712 | Val Acc: 36.67  |  Test Loss: 1.723 | Tes Acc: 37.00
INFO >> Epoch: 2  |  Layer:  4  |  Train Loss: 1.748 | Train Acc: 42.02  |  Val Loss: 1.659 | Val Acc: 43.67  |  Test Loss: 1.680 | Tes Acc: 43.67
INFO >> Epoch: 2  |  Layer:  5  |  Train Loss: 1.738 | Train Acc: 43.57  |  Val Loss: 1.626 | Val Acc: 47.33  |  Test Loss: 1.651 | Tes Acc: 50.00
INFO >> Epoch: 2  |  Layer:  6  |  Train Loss: 1.748 | Train Acc: 43.81  |  Val Loss: 1.628 | Val Acc: 50.33  |  Test Loss: 1.652 | Tes Acc: 49.33
INFO >> Epoch: 2  |  Layer:  7  |  Train Loss: 1.711 | Train Acc: 47.38  |  Val Loss: 1.581 | Val Acc: 55.33  |  Test Loss: 1.614 | Tes Acc: 54.33
INFO >> Epoch: 2  |  Layer:  8  |  Train Loss: 1.691 | Train Acc: 49.76  |  Val Loss: 1.546 | Val Acc: 54.00  |  Test Loss: 1.595 | Tes Acc: 48.00
INFO >> Epoch: 2  |  Layer:  9  |  Train Loss: 1.692 | Train Acc: 49.05  |  Val Loss: 1.568 | Val Acc: 55.00  |  Test Loss: 1.596 | Tes Acc: 47.67
INFO >> Epoch: 2  |  Layer: 10  |  Train Loss: 1.658 | Train Acc: 48.10  |  Val Loss: 1.552 | Val Acc: 49.33  |  Test Loss: 1.555 | Tes Acc: 51.00
INFO >> Epoch: 2  |  Layer: 11  |  Train Loss: 1.685 | Train Acc: 49.05  |  Val Loss: 1.561 | Val Acc: 53.33  |  Test Loss: 1.582 | Tes Acc: 52.67
INFO >> Epoch: 2  |  Layer: 12  |  Train Loss: 1.687 | Train Acc: 48.10  |  Val Loss: 1.558 | Val Acc: 54.00  |  Test Loss: 1.590 | Tes Acc: 54.33
INFO >> Epoch: 2  |  Layer: 13  |  Train Loss: 1.688 | Train Acc: 49.40  |  Val Loss: 1.555 | Val Acc: 54.00  |  Test Loss: 1.594 | Tes Acc: 53.67
INFO >> Epoch: 2  |  Layer: 14  |  Train Loss: 1.647 | Train Acc: 50.12  |  Val Loss: 1.507 | Val Acc: 54.00  |  Test Loss: 1.549 | Tes Acc: 55.33
INFO >> Epoch: 2  |  Layer: 15  |  Train Loss: 1.629 | Train Acc: 50.36  |  Val Loss: 1.475 | Val Acc: 57.33  |  Test Loss: 1.535 | Tes Acc: 52.00
INFO >> Epoch: 2  |  Layer: 16  |  Train Loss: 1.630 | Train Acc: 50.60  |  Val Loss: 1.469 | Val Acc: 57.00  |  Test Loss: 1.546 | Tes Acc: 47.33
INFO >> Epoch: 2  |  Layer: 17  |  Train Loss: 1.617 | Train Acc: 50.36  |  Val Loss: 1.474 | Val Acc: 54.33  |  Test Loss: 1.540 | Tes Acc: 49.00
INFO >> Epoch: 2  |  Layer: 18  |  Train Loss: 1.585 | Train Acc: 50.95  |  Val Loss: 1.468 | Val Acc: 50.00  |  Test Loss: 1.517 | Tes Acc: 48.33
INFO >> Epoch: 2  |  Layer: 19  |  Train Loss: 1.584 | Train Acc: 49.17  |  Val Loss: 1.494 | Val Acc: 47.33  |  Test Loss: 1.523 | Tes Acc: 46.00
INFO >> Epoch: 2  |  Layer: 20  |  Train Loss: 1.620 | Train Acc: 46.67  |  Val Loss: 1.552 | Val Acc: 46.33  |  Test Loss: 1.580 | Tes Acc: 45.33
INFO >> Epoch: 2  |  Layer: 21  |  Train Loss: 1.699 | Train Acc: 40.83  |  Val Loss: 1.648 | Val Acc: 33.33  |  Test Loss: 1.669 | Tes Acc: 38.00
INFO >> Epoch: 2  |  Layer: 22  |  Train Loss: 1.935 | Train Acc: 29.88  |  Val Loss: 1.888 | Val Acc: 31.67  |  Test Loss: 1.905 | Tes Acc: 31.00
INFO >> Epoch: 2  |  Layer: 23  |  Train Loss: 2.054 | Train Acc: 20.12  |  Val Loss: 2.052 | Val Acc: 14.33  |  Test Loss: 2.053 | Tes Acc: 15.00
INFO >> Epoch: 2  |  Layer: 24  |  Train Loss: 2.064 | Train Acc: 13.10  |  Val Loss: 2.060 | Val Acc: 15.00  |  Test Loss: 2.063 | Tes Acc: 13.67

INFO >> Epoch: 3  |  Layer:  1  |  Train Loss: 1.683 | Train Acc: 41.31  |  Val Loss: 1.633 | Val Acc: 37.33  |  Test Loss: 1.637 | Tes Acc: 43.33
INFO >> Epoch: 3  |  Layer:  2  |  Train Loss: 1.631 | Train Acc: 43.45  |  Val Loss: 1.590 | Val Acc: 40.00  |  Test Loss: 1.579 | Tes Acc: 42.67
INFO >> Epoch: 3  |  Layer:  3  |  Train Loss: 1.622 | Train Acc: 43.57  |  Val Loss: 1.587 | Val Acc: 40.67  |  Test Loss: 1.564 | Tes Acc: 46.33
INFO >> Epoch: 3  |  Layer:  4  |  Train Loss: 1.562 | Train Acc: 48.10  |  Val Loss: 1.501 | Val Acc: 44.67  |  Test Loss: 1.498 | Tes Acc: 50.33
INFO >> Epoch: 3  |  Layer:  5  |  Train Loss: 1.527 | Train Acc: 51.55  |  Val Loss: 1.449 | Val Acc: 47.67  |  Test Loss: 1.463 | Tes Acc: 50.67
INFO >> Epoch: 3  |  Layer:  6  |  Train Loss: 1.523 | Train Acc: 52.98  |  Val Loss: 1.434 | Val Acc: 50.33  |  Test Loss: 1.448 | Tes Acc: 52.33
INFO >> Epoch: 3  |  Layer:  7  |  Train Loss: 1.468 | Train Acc: 55.24  |  Val Loss: 1.383 | Val Acc: 52.00  |  Test Loss: 1.407 | Tes Acc: 54.33
INFO >> Epoch: 3  |  Layer:  8  |  Train Loss: 1.443 | Train Acc: 56.79  |  Val Loss: 1.346 | Val Acc: 52.67  |  Test Loss: 1.376 | Tes Acc: 54.00
INFO >> Epoch: 3  |  Layer:  9  |  Train Loss: 1.443 | Train Acc: 57.98  |  Val Loss: 1.366 | Val Acc: 53.33  |  Test Loss: 1.379 | Tes Acc: 55.33
INFO >> Epoch: 3  |  Layer: 10  |  Train Loss: 1.403 | Train Acc: 57.74  |  Val Loss: 1.348 | Val Acc: 53.33  |  Test Loss: 1.329 | Tes Acc: 57.67
INFO >> Epoch: 3  |  Layer: 11  |  Train Loss: 1.438 | Train Acc: 57.98  |  Val Loss: 1.366 | Val Acc: 53.67  |  Test Loss: 1.362 | Tes Acc: 56.00
INFO >> Epoch: 3  |  Layer: 12  |  Train Loss: 1.453 | Train Acc: 55.71  |  Val Loss: 1.353 | Val Acc: 55.33  |  Test Loss: 1.376 | Tes Acc: 52.67
INFO >> Epoch: 3  |  Layer: 13  |  Train Loss: 1.444 | Train Acc: 56.55  |  Val Loss: 1.338 | Val Acc: 57.67  |  Test Loss: 1.374 | Tes Acc: 50.67
INFO >> Epoch: 3  |  Layer: 14  |  Train Loss: 1.391 | Train Acc: 58.21  |  Val Loss: 1.283 | Val Acc: 59.67  |  Test Loss: 1.320 | Tes Acc: 55.67
INFO >> Epoch: 3  |  Layer: 15  |  Train Loss: 1.363 | Train Acc: 58.81  |  Val Loss: 1.233 | Val Acc: 61.00  |  Test Loss: 1.301 | Tes Acc: 55.00
INFO >> Epoch: 3  |  Layer: 16  |  Train Loss: 1.368 | Train Acc: 58.10  |  Val Loss: 1.236 | Val Acc: 62.00  |  Test Loss: 1.325 | Tes Acc: 51.00
INFO >> Epoch: 3  |  Layer: 17  |  Train Loss: 1.363 | Train Acc: 57.62  |  Val Loss: 1.236 | Val Acc: 58.67  |  Test Loss: 1.307 | Tes Acc: 54.33
INFO >> Epoch: 3  |  Layer: 18  |  Train Loss: 1.342 | Train Acc: 58.21  |  Val Loss: 1.250 | Val Acc: 57.67  |  Test Loss: 1.307 | Tes Acc: 53.33
INFO >> Epoch: 3  |  Layer: 19  |  Train Loss: 1.353 | Train Acc: 54.29  |  Val Loss: 1.318 | Val Acc: 51.67  |  Test Loss: 1.329 | Tes Acc: 51.00
INFO >> Epoch: 3  |  Layer: 20  |  Train Loss: 1.404 | Train Acc: 52.02  |  Val Loss: 1.381 | Val Acc: 49.00  |  Test Loss: 1.387 | Tes Acc: 51.00
INFO >> Epoch: 3  |  Layer: 21  |  Train Loss: 1.537 | Train Acc: 45.48  |  Val Loss: 1.520 | Val Acc: 40.67  |  Test Loss: 1.497 | Tes Acc: 46.67
INFO >> Epoch: 3  |  Layer: 22  |  Train Loss: 1.841 | Train Acc: 35.00  |  Val Loss: 1.795 | Val Acc: 28.00  |  Test Loss: 1.803 | Tes Acc: 30.00
INFO >> Epoch: 3  |  Layer: 23  |  Train Loss: 2.047 | Train Acc: 18.81  |  Val Loss: 2.046 | Val Acc: 17.33  |  Test Loss: 2.052 | Tes Acc: 17.33
INFO >> Epoch: 3  |  Layer: 24  |  Train Loss: 2.055 | Train Acc: 13.33  |  Val Loss: 2.048 | Val Acc: 16.00  |  Test Loss: 2.060 | Tes Acc: 13.33

INFO >> Epoch: 4  |  Layer:  1  |  Train Loss: 1.582 | Train Acc: 42.50  |  Val Loss: 1.576 | Val Acc: 39.33  |  Test Loss: 1.596 | Tes Acc: 42.33
INFO >> Epoch: 4  |  Layer:  2  |  Train Loss: 1.510 | Train Acc: 46.19  |  Val Loss: 1.518 | Val Acc: 42.33  |  Test Loss: 1.509 | Tes Acc: 46.67
INFO >> Epoch: 4  |  Layer:  3  |  Train Loss: 1.495 | Train Acc: 46.19  |  Val Loss: 1.515 | Val Acc: 43.67  |  Test Loss: 1.481 | Tes Acc: 48.67
INFO >> Epoch: 4  |  Layer:  4  |  Train Loss: 1.403 | Train Acc: 52.50  |  Val Loss: 1.391 | Val Acc: 50.67  |  Test Loss: 1.403 | Tes Acc: 53.00
INFO >> Epoch: 4  |  Layer:  5  |  Train Loss: 1.365 | Train Acc: 53.69  |  Val Loss: 1.327 | Val Acc: 51.33  |  Test Loss: 1.364 | Tes Acc: 52.33
INFO >> Epoch: 4  |  Layer:  6  |  Train Loss: 1.341 | Train Acc: 54.29  |  Val Loss: 1.297 | Val Acc: 55.00  |  Test Loss: 1.337 | Tes Acc: 54.67
INFO >> Epoch: 4  |  Layer:  7  |  Train Loss: 1.273 | Train Acc: 57.62  |  Val Loss: 1.228 | Val Acc: 57.67  |  Test Loss: 1.296 | Tes Acc: 57.00
INFO >> Epoch: 4  |  Layer:  8  |  Train Loss: 1.241 | Train Acc: 61.55  |  Val Loss: 1.189 | Val Acc: 58.00  |  Test Loss: 1.257 | Tes Acc: 56.67
INFO >> Epoch: 4  |  Layer:  9  |  Train Loss: 1.252 | Train Acc: 60.24  |  Val Loss: 1.223 | Val Acc: 60.67  |  Test Loss: 1.264 | Tes Acc: 57.00
INFO >> Epoch: 4  |  Layer: 10  |  Train Loss: 1.217 | Train Acc: 60.71  |  Val Loss: 1.215 | Val Acc: 58.33  |  Test Loss: 1.219 | Tes Acc: 55.33
INFO >> Epoch: 4  |  Layer: 11  |  Train Loss: 1.254 | Train Acc: 59.40  |  Val Loss: 1.229 | Val Acc: 58.67  |  Test Loss: 1.240 | Tes Acc: 57.00
INFO >> Epoch: 4  |  Layer: 12  |  Train Loss: 1.277 | Train Acc: 57.02  |  Val Loss: 1.215 | Val Acc: 59.67  |  Test Loss: 1.266 | Tes Acc: 57.00
INFO >> Epoch: 4  |  Layer: 13  |  Train Loss: 1.267 | Train Acc: 58.10  |  Val Loss: 1.207 | Val Acc: 60.67  |  Test Loss: 1.264 | Tes Acc: 55.00
INFO >> Epoch: 4  |  Layer: 14  |  Train Loss: 1.209 | Train Acc: 60.71  |  Val Loss: 1.147 | Val Acc: 63.33  |  Test Loss: 1.224 | Tes Acc: 56.00
INFO >> Epoch: 4  |  Layer: 15  |  Train Loss: 1.171 | Train Acc: 62.14  |  Val Loss: 1.091 | Val Acc: 66.33  |  Test Loss: 1.215 | Tes Acc: 54.67
INFO >> Epoch: 4  |  Layer: 16  |  Train Loss: 1.174 | Train Acc: 61.67  |  Val Loss: 1.085 | Val Acc: 66.67  |  Test Loss: 1.240 | Tes Acc: 52.00
INFO >> Epoch: 4  |  Layer: 17  |  Train Loss: 1.165 | Train Acc: 61.43  |  Val Loss: 1.083 | Val Acc: 64.00  |  Test Loss: 1.214 | Tes Acc: 55.67
INFO >> Epoch: 4  |  Layer: 18  |  Train Loss: 1.147 | Train Acc: 63.93  |  Val Loss: 1.111 | Val Acc: 64.33  |  Test Loss: 1.223 | Tes Acc: 55.33
INFO >> Epoch: 4  |  Layer: 19  |  Train Loss: 1.176 | Train Acc: 58.33  |  Val Loss: 1.195 | Val Acc: 56.33  |  Test Loss: 1.255 | Tes Acc: 53.67
INFO >> Epoch: 4  |  Layer: 20  |  Train Loss: 1.233 | Train Acc: 56.43  |  Val Loss: 1.265 | Val Acc: 54.00  |  Test Loss: 1.318 | Tes Acc: 52.67
INFO >> Epoch: 4  |  Layer: 21  |  Train Loss: 1.400 | Train Acc: 49.52  |  Val Loss: 1.432 | Val Acc: 44.33  |  Test Loss: 1.431 | Tes Acc: 47.33
INFO >> Epoch: 4  |  Layer: 22  |  Train Loss: 1.757 | Train Acc: 36.19  |  Val Loss: 1.737 | Val Acc: 31.33  |  Test Loss: 1.740 | Tes Acc: 30.67
INFO >> Epoch: 4  |  Layer: 23  |  Train Loss: 2.044 | Train Acc: 16.07  |  Val Loss: 2.038 | Val Acc: 15.67  |  Test Loss: 2.054 | Tes Acc: 15.33
INFO >> Epoch: 4  |  Layer: 24  |  Train Loss: 2.056 | Train Acc: 15.24  |  Val Loss: 2.052 | Val Acc: 20.00  |  Test Loss: 2.074 | Tes Acc: 16.33

INFO >> Epoch: 5  |  Layer:  1  |  Train Loss: 1.478 | Train Acc: 47.02  |  Val Loss: 1.517 | Val Acc: 44.33  |  Test Loss: 1.513 | Tes Acc: 46.00
INFO >> Epoch: 5  |  Layer:  2  |  Train Loss: 1.392 | Train Acc: 50.60  |  Val Loss: 1.453 | Val Acc: 46.33  |  Test Loss: 1.442 | Tes Acc: 49.33
INFO >> Epoch: 5  |  Layer:  3  |  Train Loss: 1.369 | Train Acc: 55.00  |  Val Loss: 1.430 | Val Acc: 48.33  |  Test Loss: 1.410 | Tes Acc: 52.00
INFO >> Epoch: 5  |  Layer:  4  |  Train Loss: 1.258 | Train Acc: 58.57  |  Val Loss: 1.297 | Val Acc: 56.33  |  Test Loss: 1.335 | Tes Acc: 57.33
INFO >> Epoch: 5  |  Layer:  5  |  Train Loss: 1.213 | Train Acc: 60.95  |  Val Loss: 1.212 | Val Acc: 59.67  |  Test Loss: 1.301 | Tes Acc: 57.00
INFO >> Epoch: 5  |  Layer:  6  |  Train Loss: 1.189 | Train Acc: 63.33  |  Val Loss: 1.174 | Val Acc: 63.00  |  Test Loss: 1.271 | Tes Acc: 57.67
INFO >> Epoch: 5  |  Layer:  7  |  Train Loss: 1.113 | Train Acc: 66.43  |  Val Loss: 1.093 | Val Acc: 65.33  |  Test Loss: 1.227 | Tes Acc: 57.67
INFO >> Epoch: 5  |  Layer:  8  |  Train Loss: 1.067 | Train Acc: 70.36  |  Val Loss: 1.052 | Val Acc: 67.33  |  Test Loss: 1.169 | Tes Acc: 62.00
INFO >> Epoch: 5  |  Layer:  9  |  Train Loss: 1.085 | Train Acc: 68.69  |  Val Loss: 1.094 | Val Acc: 67.00  |  Test Loss: 1.190 | Tes Acc: 59.00
INFO >> Epoch: 5  |  Layer: 10  |  Train Loss: 1.064 | Train Acc: 67.86  |  Val Loss: 1.117 | Val Acc: 64.67  |  Test Loss: 1.160 | Tes Acc: 62.67
INFO >> Epoch: 5  |  Layer: 11  |  Train Loss: 1.092 | Train Acc: 67.38  |  Val Loss: 1.127 | Val Acc: 61.33  |  Test Loss: 1.171 | Tes Acc: 63.33
INFO >> Epoch: 5  |  Layer: 12  |  Train Loss: 1.120 | Train Acc: 65.48  |  Val Loss: 1.108 | Val Acc: 65.00  |  Test Loss: 1.196 | Tes Acc: 60.67
INFO >> Epoch: 5  |  Layer: 13  |  Train Loss: 1.109 | Train Acc: 66.31  |  Val Loss: 1.103 | Val Acc: 65.67  |  Test Loss: 1.205 | Tes Acc: 62.00
INFO >> Epoch: 5  |  Layer: 14  |  Train Loss: 1.055 | Train Acc: 66.55  |  Val Loss: 1.042 | Val Acc: 69.00  |  Test Loss: 1.157 | Tes Acc: 62.33
INFO >> Epoch: 5  |  Layer: 15  |  Train Loss: 1.010 | Train Acc: 69.76  |  Val Loss: 0.973 | Val Acc: 71.33  |  Test Loss: 1.136 | Tes Acc: 58.00
INFO >> Epoch: 5  |  Layer: 16  |  Train Loss: 1.008 | Train Acc: 70.48  |  Val Loss: 0.969 | Val Acc: 73.33  |  Test Loss: 1.152 | Tes Acc: 57.33
INFO >> Epoch: 5  |  Layer: 17  |  Train Loss: 0.999 | Train Acc: 71.07  |  Val Loss: 0.955 | Val Acc: 72.00  |  Test Loss: 1.142 | Tes Acc: 59.00
INFO >> Epoch: 5  |  Layer: 18  |  Train Loss: 0.986 | Train Acc: 70.83  |  Val Loss: 0.995 | Val Acc: 67.33  |  Test Loss: 1.173 | Tes Acc: 60.33
INFO >> Epoch: 5  |  Layer: 19  |  Train Loss: 1.024 | Train Acc: 68.33  |  Val Loss: 1.077 | Val Acc: 63.33  |  Test Loss: 1.222 | Tes Acc: 56.00
INFO >> Epoch: 5  |  Layer: 20  |  Train Loss: 1.078 | Train Acc: 67.02  |  Val Loss: 1.156 | Val Acc: 59.33  |  Test Loss: 1.283 | Tes Acc: 54.00
INFO >> Epoch: 5  |  Layer: 21  |  Train Loss: 1.277 | Train Acc: 55.83  |  Val Loss: 1.353 | Val Acc: 46.33  |  Test Loss: 1.413 | Tes Acc: 49.00
INFO >> Epoch: 5  |  Layer: 22  |  Train Loss: 1.682 | Train Acc: 39.40  |  Val Loss: 1.695 | Val Acc: 29.33  |  Test Loss: 1.674 | Tes Acc: 35.33
INFO >> Epoch: 5  |  Layer: 23  |  Train Loss: 2.027 | Train Acc: 18.69  |  Val Loss: 2.032 | Val Acc: 14.67  |  Test Loss: 2.051 | Tes Acc: 15.33
INFO >> Epoch: 5  |  Layer: 24  |  Train Loss: 2.048 | Train Acc: 17.74  |  Val Loss: 2.044 | Val Acc: 14.67  |  Test Loss: 2.063 | Tes Acc: 15.00

INFO >> Epoch: 6  |  Layer:  1  |  Train Loss: 1.384 | Train Acc: 50.95  |  Val Loss: 1.461 | Val Acc: 46.00  |  Test Loss: 1.461 | Tes Acc: 47.33
INFO >> Epoch: 6  |  Layer:  2  |  Train Loss: 1.283 | Train Acc: 55.36  |  Val Loss: 1.393 | Val Acc: 48.67  |  Test Loss: 1.402 | Tes Acc: 49.67
INFO >> Epoch: 6  |  Layer:  3  |  Train Loss: 1.253 | Train Acc: 58.45  |  Val Loss: 1.356 | Val Acc: 53.67  |  Test Loss: 1.355 | Tes Acc: 52.00
INFO >> Epoch: 6  |  Layer:  4  |  Train Loss: 1.124 | Train Acc: 62.98  |  Val Loss: 1.219 | Val Acc: 60.33  |  Test Loss: 1.287 | Tes Acc: 57.67
INFO >> Epoch: 6  |  Layer:  5  |  Train Loss: 1.075 | Train Acc: 66.07  |  Val Loss: 1.118 | Val Acc: 64.00  |  Test Loss: 1.252 | Tes Acc: 61.00
INFO >> Epoch: 6  |  Layer:  6  |  Train Loss: 1.041 | Train Acc: 65.95  |  Val Loss: 1.080 | Val Acc: 66.67  |  Test Loss: 1.214 | Tes Acc: 63.33
INFO >> Epoch: 6  |  Layer:  7  |  Train Loss: 0.955 | Train Acc: 71.55  |  Val Loss: 0.997 | Val Acc: 71.67  |  Test Loss: 1.182 | Tes Acc: 61.33
INFO >> Epoch: 6  |  Layer:  8  |  Train Loss: 0.905 | Train Acc: 74.64  |  Val Loss: 0.965 | Val Acc: 70.67  |  Test Loss: 1.138 | Tes Acc: 62.67
INFO >> Epoch: 6  |  Layer:  9  |  Train Loss: 0.929 | Train Acc: 73.33  |  Val Loss: 1.001 | Val Acc: 72.33  |  Test Loss: 1.128 | Tes Acc: 64.33
INFO >> Epoch: 6  |  Layer: 10  |  Train Loss: 0.927 | Train Acc: 73.10  |  Val Loss: 1.041 | Val Acc: 67.33  |  Test Loss: 1.096 | Tes Acc: 66.00
INFO >> Epoch: 6  |  Layer: 11  |  Train Loss: 0.952 | Train Acc: 70.83  |  Val Loss: 1.043 | Val Acc: 66.33  |  Test Loss: 1.105 | Tes Acc: 66.67
INFO >> Epoch: 6  |  Layer: 12  |  Train Loss: 0.976 | Train Acc: 69.29  |  Val Loss: 1.027 | Val Acc: 69.67  |  Test Loss: 1.127 | Tes Acc: 64.00
INFO >> Epoch: 6  |  Layer: 13  |  Train Loss: 0.974 | Train Acc: 69.76  |  Val Loss: 1.017 | Val Acc: 70.67  |  Test Loss: 1.136 | Tes Acc: 63.33
INFO >> Epoch: 6  |  Layer: 14  |  Train Loss: 0.922 | Train Acc: 70.48  |  Val Loss: 0.970 | Val Acc: 74.67  |  Test Loss: 1.102 | Tes Acc: 65.00
INFO >> Epoch: 6  |  Layer: 15  |  Train Loss: 0.871 | Train Acc: 72.98  |  Val Loss: 0.904 | Val Acc: 75.00  |  Test Loss: 1.100 | Tes Acc: 60.67
INFO >> Epoch: 6  |  Layer: 16  |  Train Loss: 0.865 | Train Acc: 73.93  |  Val Loss: 0.901 | Val Acc: 75.00  |  Test Loss: 1.121 | Tes Acc: 63.00
INFO >> Epoch: 6  |  Layer: 17  |  Train Loss: 0.855 | Train Acc: 74.29  |  Val Loss: 0.890 | Val Acc: 75.00  |  Test Loss: 1.125 | Tes Acc: 63.00
INFO >> Epoch: 6  |  Layer: 18  |  Train Loss: 0.848 | Train Acc: 75.12  |  Val Loss: 0.925 | Val Acc: 70.00  |  Test Loss: 1.170 | Tes Acc: 58.33
INFO >> Epoch: 6  |  Layer: 19  |  Train Loss: 0.884 | Train Acc: 72.86  |  Val Loss: 1.007 | Val Acc: 70.00  |  Test Loss: 1.220 | Tes Acc: 56.33
INFO >> Epoch: 6  |  Layer: 20  |  Train Loss: 0.937 | Train Acc: 70.71  |  Val Loss: 1.087 | Val Acc: 66.33  |  Test Loss: 1.288 | Tes Acc: 55.33
INFO >> Epoch: 6  |  Layer: 21  |  Train Loss: 1.163 | Train Acc: 60.95  |  Val Loss: 1.293 | Val Acc: 51.33  |  Test Loss: 1.378 | Tes Acc: 50.33
INFO >> Epoch: 6  |  Layer: 22  |  Train Loss: 1.623 | Train Acc: 41.67  |  Val Loss: 1.631 | Val Acc: 35.33  |  Test Loss: 1.622 | Tes Acc: 40.00
INFO >> Epoch: 6  |  Layer: 23  |  Train Loss: 2.023 | Train Acc: 22.50  |  Val Loss: 2.022 | Val Acc: 20.33  |  Test Loss: 2.056 | Tes Acc: 20.67
INFO >> Epoch: 6  |  Layer: 24  |  Train Loss: 2.045 | Train Acc: 18.45  |  Val Loss: 2.044 | Val Acc: 16.00  |  Test Loss: 2.072 | Tes Acc: 13.00

INFO >> Epoch: 7  |  Layer:  1  |  Train Loss: 1.321 | Train Acc: 55.83  |  Val Loss: 1.421 | Val Acc: 47.33  |  Test Loss: 1.445 | Tes Acc: 44.33
INFO >> Epoch: 7  |  Layer:  2  |  Train Loss: 1.216 | Train Acc: 60.48  |  Val Loss: 1.344 | Val Acc: 52.33  |  Test Loss: 1.365 | Tes Acc: 49.00
INFO >> Epoch: 7  |  Layer:  3  |  Train Loss: 1.173 | Train Acc: 64.52  |  Val Loss: 1.302 | Val Acc: 58.67  |  Test Loss: 1.319 | Tes Acc: 50.67
INFO >> Epoch: 7  |  Layer:  4  |  Train Loss: 1.037 | Train Acc: 67.50  |  Val Loss: 1.136 | Val Acc: 63.67  |  Test Loss: 1.246 | Tes Acc: 55.00
INFO >> Epoch: 7  |  Layer:  5  |  Train Loss: 0.993 | Train Acc: 69.40  |  Val Loss: 1.037 | Val Acc: 68.00  |  Test Loss: 1.218 | Tes Acc: 56.33
INFO >> Epoch: 7  |  Layer:  6  |  Train Loss: 0.964 | Train Acc: 69.64  |  Val Loss: 1.002 | Val Acc: 66.33  |  Test Loss: 1.174 | Tes Acc: 57.33
INFO >> Epoch: 7  |  Layer:  7  |  Train Loss: 0.867 | Train Acc: 76.19  |  Val Loss: 0.913 | Val Acc: 71.67  |  Test Loss: 1.114 | Tes Acc: 59.67
INFO >> Epoch: 7  |  Layer:  8  |  Train Loss: 0.818 | Train Acc: 78.57  |  Val Loss: 0.878 | Val Acc: 72.00  |  Test Loss: 1.065 | Tes Acc: 61.33
INFO >> Epoch: 7  |  Layer:  9  |  Train Loss: 0.844 | Train Acc: 77.86  |  Val Loss: 0.930 | Val Acc: 71.00  |  Test Loss: 1.086 | Tes Acc: 60.00
INFO >> Epoch: 7  |  Layer: 10  |  Train Loss: 0.860 | Train Acc: 76.43  |  Val Loss: 0.968 | Val Acc: 70.67  |  Test Loss: 1.077 | Tes Acc: 59.67
INFO >> Epoch: 7  |  Layer: 11  |  Train Loss: 0.884 | Train Acc: 75.00  |  Val Loss: 0.978 | Val Acc: 72.00  |  Test Loss: 1.078 | Tes Acc: 62.00
INFO >> Epoch: 7  |  Layer: 12  |  Train Loss: 0.918 | Train Acc: 73.45  |  Val Loss: 0.937 | Val Acc: 72.67  |  Test Loss: 1.092 | Tes Acc: 58.33
INFO >> Epoch: 7  |  Layer: 13  |  Train Loss: 0.911 | Train Acc: 72.26  |  Val Loss: 0.929 | Val Acc: 71.33  |  Test Loss: 1.105 | Tes Acc: 59.00
INFO >> Epoch: 7  |  Layer: 14  |  Train Loss: 0.863 | Train Acc: 73.10  |  Val Loss: 0.885 | Val Acc: 73.67  |  Test Loss: 1.077 | Tes Acc: 60.33
INFO >> Epoch: 7  |  Layer: 15  |  Train Loss: 0.806 | Train Acc: 75.12  |  Val Loss: 0.816 | Val Acc: 76.00  |  Test Loss: 1.054 | Tes Acc: 61.33
INFO >> Epoch: 7  |  Layer: 16  |  Train Loss: 0.793 | Train Acc: 77.50  |  Val Loss: 0.800 | Val Acc: 75.67  |  Test Loss: 1.083 | Tes Acc: 59.33
INFO >> Epoch: 7  |  Layer: 17  |  Train Loss: 0.785 | Train Acc: 78.10  |  Val Loss: 0.806 | Val Acc: 73.00  |  Test Loss: 1.068 | Tes Acc: 61.33
INFO >> Epoch: 7  |  Layer: 18  |  Train Loss: 0.767 | Train Acc: 78.45  |  Val Loss: 0.823 | Val Acc: 74.67  |  Test Loss: 1.115 | Tes Acc: 60.00
INFO >> Epoch: 7  |  Layer: 19  |  Train Loss: 0.803 | Train Acc: 76.43  |  Val Loss: 0.926 | Val Acc: 67.67  |  Test Loss: 1.176 | Tes Acc: 57.00
INFO >> Epoch: 7  |  Layer: 20  |  Train Loss: 0.858 | Train Acc: 74.17  |  Val Loss: 1.011 | Val Acc: 67.00  |  Test Loss: 1.228 | Tes Acc: 57.00
INFO >> Epoch: 7  |  Layer: 21  |  Train Loss: 1.089 | Train Acc: 63.81  |  Val Loss: 1.222 | Val Acc: 55.00  |  Test Loss: 1.344 | Tes Acc: 49.00
INFO >> Epoch: 7  |  Layer: 22  |  Train Loss: 1.575 | Train Acc: 45.00  |  Val Loss: 1.636 | Val Acc: 32.67  |  Test Loss: 1.608 | Tes Acc: 36.33
INFO >> Epoch: 7  |  Layer: 23  |  Train Loss: 2.009 | Train Acc: 22.86  |  Val Loss: 2.020 | Val Acc: 15.33  |  Test Loss: 2.042 | Tes Acc: 18.00
INFO >> Epoch: 7  |  Layer: 24  |  Train Loss: 2.036 | Train Acc: 15.36  |  Val Loss: 2.058 | Val Acc: 14.33  |  Test Loss: 2.074 | Tes Acc: 13.33

INFO >> Epoch: 8  |  Layer:  1  |  Train Loss: 1.266 | Train Acc: 57.62  |  Val Loss: 1.392 | Val Acc: 47.33  |  Test Loss: 1.384 | Tes Acc: 47.33
INFO >> Epoch: 8  |  Layer:  2  |  Train Loss: 1.151 | Train Acc: 62.62  |  Val Loss: 1.309 | Val Acc: 51.67  |  Test Loss: 1.313 | Tes Acc: 50.33
INFO >> Epoch: 8  |  Layer:  3  |  Train Loss: 1.092 | Train Acc: 65.60  |  Val Loss: 1.251 | Val Acc: 56.33  |  Test Loss: 1.277 | Tes Acc: 53.00
INFO >> Epoch: 8  |  Layer:  4  |  Train Loss: 0.946 | Train Acc: 70.36  |  Val Loss: 1.082 | Val Acc: 64.00  |  Test Loss: 1.216 | Tes Acc: 56.67
INFO >> Epoch: 8  |  Layer:  5  |  Train Loss: 0.907 | Train Acc: 72.50  |  Val Loss: 0.960 | Val Acc: 70.00  |  Test Loss: 1.187 | Tes Acc: 57.33
INFO >> Epoch: 8  |  Layer:  6  |  Train Loss: 0.873 | Train Acc: 75.36  |  Val Loss: 0.921 | Val Acc: 70.67  |  Test Loss: 1.120 | Tes Acc: 60.67
INFO >> Epoch: 8  |  Layer:  7  |  Train Loss: 0.774 | Train Acc: 78.45  |  Val Loss: 0.832 | Val Acc: 74.67  |  Test Loss: 1.096 | Tes Acc: 57.67
INFO >> Epoch: 8  |  Layer:  8  |  Train Loss: 0.726 | Train Acc: 79.29  |  Val Loss: 0.806 | Val Acc: 74.67  |  Test Loss: 1.023 | Tes Acc: 60.33
INFO >> Epoch: 8  |  Layer:  9  |  Train Loss: 0.757 | Train Acc: 79.29  |  Val Loss: 0.829 | Val Acc: 76.33  |  Test Loss: 1.051 | Tes Acc: 58.33
INFO >> Epoch: 8  |  Layer: 10  |  Train Loss: 0.777 | Train Acc: 76.67  |  Val Loss: 0.876 | Val Acc: 74.00  |  Test Loss: 1.027 | Tes Acc: 62.33
INFO >> Epoch: 8  |  Layer: 11  |  Train Loss: 0.793 | Train Acc: 77.38  |  Val Loss: 0.899 | Val Acc: 72.67  |  Test Loss: 1.024 | Tes Acc: 64.33
INFO >> Epoch: 8  |  Layer: 12  |  Train Loss: 0.828 | Train Acc: 74.05  |  Val Loss: 0.868 | Val Acc: 74.33  |  Test Loss: 1.049 | Tes Acc: 63.33
INFO >> Epoch: 8  |  Layer: 13  |  Train Loss: 0.826 | Train Acc: 74.88  |  Val Loss: 0.860 | Val Acc: 76.00  |  Test Loss: 1.066 | Tes Acc: 63.00
INFO >> Epoch: 8  |  Layer: 14  |  Train Loss: 0.785 | Train Acc: 74.88  |  Val Loss: 0.815 | Val Acc: 78.67  |  Test Loss: 1.031 | Tes Acc: 64.00
INFO >> Epoch: 8  |  Layer: 15  |  Train Loss: 0.730 | Train Acc: 77.26  |  Val Loss: 0.753 | Val Acc: 79.00  |  Test Loss: 1.026 | Tes Acc: 62.67
INFO >> Epoch: 8  |  Layer: 16  |  Train Loss: 0.710 | Train Acc: 78.93  |  Val Loss: 0.744 | Val Acc: 78.33  |  Test Loss: 1.057 | Tes Acc: 60.67
INFO >> Epoch: 8  |  Layer: 17  |  Train Loss: 0.704 | Train Acc: 79.64  |  Val Loss: 0.744 | Val Acc: 76.33  |  Test Loss: 1.040 | Tes Acc: 61.67
INFO >> Epoch: 8  |  Layer: 18  |  Train Loss: 0.687 | Train Acc: 80.24  |  Val Loss: 0.786 | Val Acc: 73.33  |  Test Loss: 1.115 | Tes Acc: 58.67
INFO >> Epoch: 8  |  Layer: 19  |  Train Loss: 0.725 | Train Acc: 78.93  |  Val Loss: 0.880 | Val Acc: 70.67  |  Test Loss: 1.167 | Tes Acc: 55.67
INFO >> Epoch: 8  |  Layer: 20  |  Train Loss: 0.780 | Train Acc: 77.02  |  Val Loss: 0.984 | Val Acc: 66.67  |  Test Loss: 1.237 | Tes Acc: 53.00
INFO >> Epoch: 8  |  Layer: 21  |  Train Loss: 1.034 | Train Acc: 65.00  |  Val Loss: 1.187 | Val Acc: 59.33  |  Test Loss: 1.341 | Tes Acc: 48.00
INFO >> Epoch: 8  |  Layer: 22  |  Train Loss: 1.553 | Train Acc: 45.48  |  Val Loss: 1.605 | Val Acc: 35.33  |  Test Loss: 1.585 | Tes Acc: 35.67
INFO >> Epoch: 8  |  Layer: 23  |  Train Loss: 2.017 | Train Acc: 18.45  |  Val Loss: 2.003 | Val Acc: 21.67  |  Test Loss: 2.033 | Tes Acc: 20.67
INFO >> Epoch: 8  |  Layer: 24  |  Train Loss: 2.052 | Train Acc: 15.00  |  Val Loss: 2.043 | Val Acc: 15.67  |  Test Loss: 2.060 | Tes Acc: 14.33

INFO >> Epoch: 9  |  Layer:  1  |  Train Loss: 1.207 | Train Acc: 55.83  |  Val Loss: 1.382 | Val Acc: 48.33  |  Test Loss: 1.349 | Tes Acc: 51.00
INFO >> Epoch: 9  |  Layer:  2  |  Train Loss: 1.080 | Train Acc: 64.17  |  Val Loss: 1.285 | Val Acc: 52.67  |  Test Loss: 1.294 | Tes Acc: 51.67
INFO >> Epoch: 9  |  Layer:  3  |  Train Loss: 1.017 | Train Acc: 66.19  |  Val Loss: 1.229 | Val Acc: 56.67  |  Test Loss: 1.255 | Tes Acc: 51.00
INFO >> Epoch: 9  |  Layer:  4  |  Train Loss: 0.863 | Train Acc: 73.93  |  Val Loss: 1.070 | Val Acc: 61.33  |  Test Loss: 1.194 | Tes Acc: 55.67
INFO >> Epoch: 9  |  Layer:  5  |  Train Loss: 0.817 | Train Acc: 75.36  |  Val Loss: 0.941 | Val Acc: 69.67  |  Test Loss: 1.159 | Tes Acc: 57.67
INFO >> Epoch: 9  |  Layer:  6  |  Train Loss: 0.779 | Train Acc: 76.79  |  Val Loss: 0.909 | Val Acc: 70.67  |  Test Loss: 1.101 | Tes Acc: 63.00
INFO >> Epoch: 9  |  Layer:  7  |  Train Loss: 0.676 | Train Acc: 81.19  |  Val Loss: 0.824 | Val Acc: 73.33  |  Test Loss: 1.054 | Tes Acc: 62.00
INFO >> Epoch: 9  |  Layer:  8  |  Train Loss: 0.629 | Train Acc: 83.93  |  Val Loss: 0.804 | Val Acc: 72.67  |  Test Loss: 0.974 | Tes Acc: 64.67
INFO >> Epoch: 9  |  Layer:  9  |  Train Loss: 0.662 | Train Acc: 82.38  |  Val Loss: 0.825 | Val Acc: 73.67  |  Test Loss: 0.989 | Tes Acc: 66.00
INFO >> Epoch: 9  |  Layer: 10  |  Train Loss: 0.693 | Train Acc: 79.88  |  Val Loss: 0.853 | Val Acc: 73.67  |  Test Loss: 0.944 | Tes Acc: 68.00
INFO >> Epoch: 9  |  Layer: 11  |  Train Loss: 0.715 | Train Acc: 78.81  |  Val Loss: 0.882 | Val Acc: 71.33  |  Test Loss: 0.943 | Tes Acc: 71.00
INFO >> Epoch: 9  |  Layer: 12  |  Train Loss: 0.748 | Train Acc: 77.26  |  Val Loss: 0.861 | Val Acc: 74.67  |  Test Loss: 0.961 | Tes Acc: 68.00
INFO >> Epoch: 9  |  Layer: 13  |  Train Loss: 0.743 | Train Acc: 77.26  |  Val Loss: 0.838 | Val Acc: 76.67  |  Test Loss: 0.975 | Tes Acc: 68.00
INFO >> Epoch: 9  |  Layer: 14  |  Train Loss: 0.706 | Train Acc: 77.38  |  Val Loss: 0.798 | Val Acc: 78.67  |  Test Loss: 0.945 | Tes Acc: 68.67
INFO >> Epoch: 9  |  Layer: 15  |  Train Loss: 0.663 | Train Acc: 78.10  |  Val Loss: 0.740 | Val Acc: 80.67  |  Test Loss: 0.962 | Tes Acc: 66.33
INFO >> Epoch: 9  |  Layer: 16  |  Train Loss: 0.634 | Train Acc: 80.24  |  Val Loss: 0.739 | Val Acc: 79.33  |  Test Loss: 0.996 | Tes Acc: 62.33
INFO >> Epoch: 9  |  Layer: 17  |  Train Loss: 0.629 | Train Acc: 80.36  |  Val Loss: 0.738 | Val Acc: 76.33  |  Test Loss: 1.036 | Tes Acc: 63.00
INFO >> Epoch: 9  |  Layer: 18  |  Train Loss: 0.608 | Train Acc: 80.48  |  Val Loss: 0.782 | Val Acc: 73.67  |  Test Loss: 1.102 | Tes Acc: 58.33
INFO >> Epoch: 9  |  Layer: 19  |  Train Loss: 0.646 | Train Acc: 80.12  |  Val Loss: 0.865 | Val Acc: 72.33  |  Test Loss: 1.130 | Tes Acc: 59.33
INFO >> Epoch: 9  |  Layer: 20  |  Train Loss: 0.705 | Train Acc: 78.21  |  Val Loss: 0.964 | Val Acc: 69.33  |  Test Loss: 1.218 | Tes Acc: 58.00
INFO >> Epoch: 9  |  Layer: 21  |  Train Loss: 0.958 | Train Acc: 65.48  |  Val Loss: 1.198 | Val Acc: 55.33  |  Test Loss: 1.316 | Tes Acc: 52.33
INFO >> Epoch: 9  |  Layer: 22  |  Train Loss: 1.467 | Train Acc: 45.71  |  Val Loss: 1.566 | Val Acc: 37.00  |  Test Loss: 1.531 | Tes Acc: 40.67
INFO >> Epoch: 9  |  Layer: 23  |  Train Loss: 1.986 | Train Acc: 23.81  |  Val Loss: 1.996 | Val Acc: 19.67  |  Test Loss: 2.015 | Tes Acc: 21.67
INFO >> Epoch: 9  |  Layer: 24  |  Train Loss: 2.027 | Train Acc: 16.79  |  Val Loss: 2.041 | Val Acc: 16.33  |  Test Loss: 2.061 | Tes Acc: 15.67

INFO >> Epoch: 10  |  Layer:  1  |  Train Loss: 1.133 | Train Acc: 63.57  |  Val Loss: 1.352 | Val Acc: 49.00  |  Test Loss: 1.311 | Tes Acc: 55.00
INFO >> Epoch: 10  |  Layer:  2  |  Train Loss: 1.015 | Train Acc: 68.93  |  Val Loss: 1.242 | Val Acc: 55.00  |  Test Loss: 1.242 | Tes Acc: 54.67
INFO >> Epoch: 10  |  Layer:  3  |  Train Loss: 0.948 | Train Acc: 71.79  |  Val Loss: 1.170 | Val Acc: 59.00  |  Test Loss: 1.187 | Tes Acc: 56.33
INFO >> Epoch: 10  |  Layer:  4  |  Train Loss: 0.795 | Train Acc: 76.19  |  Val Loss: 1.009 | Val Acc: 65.67  |  Test Loss: 1.114 | Tes Acc: 61.67
INFO >> Epoch: 10  |  Layer:  5  |  Train Loss: 0.753 | Train Acc: 79.05  |  Val Loss: 0.890 | Val Acc: 71.00  |  Test Loss: 1.086 | Tes Acc: 63.00
INFO >> Epoch: 10  |  Layer:  6  |  Train Loss: 0.716 | Train Acc: 78.93  |  Val Loss: 0.864 | Val Acc: 71.67  |  Test Loss: 1.031 | Tes Acc: 67.00
INFO >> Epoch: 10  |  Layer:  7  |  Train Loss: 0.619 | Train Acc: 83.57  |  Val Loss: 0.792 | Val Acc: 74.00  |  Test Loss: 0.996 | Tes Acc: 63.00
INFO >> Epoch: 10  |  Layer:  8  |  Train Loss: 0.575 | Train Acc: 85.24  |  Val Loss: 0.791 | Val Acc: 74.00  |  Test Loss: 0.917 | Tes Acc: 65.67
INFO >> Epoch: 10  |  Layer:  9  |  Train Loss: 0.609 | Train Acc: 84.40  |  Val Loss: 0.795 | Val Acc: 72.67  |  Test Loss: 0.920 | Tes Acc: 67.67
INFO >> Epoch: 10  |  Layer: 10  |  Train Loss: 0.634 | Train Acc: 83.21  |  Val Loss: 0.850 | Val Acc: 72.67  |  Test Loss: 0.894 | Tes Acc: 70.00
INFO >> Epoch: 10  |  Layer: 11  |  Train Loss: 0.656 | Train Acc: 81.31  |  Val Loss: 0.846 | Val Acc: 72.33  |  Test Loss: 0.888 | Tes Acc: 68.67
INFO >> Epoch: 10  |  Layer: 12  |  Train Loss: 0.696 | Train Acc: 80.00  |  Val Loss: 0.824 | Val Acc: 72.67  |  Test Loss: 0.907 | Tes Acc: 70.33
INFO >> Epoch: 10  |  Layer: 13  |  Train Loss: 0.692 | Train Acc: 79.52  |  Val Loss: 0.814 | Val Acc: 72.67  |  Test Loss: 0.942 | Tes Acc: 68.33
INFO >> Epoch: 10  |  Layer: 14  |  Train Loss: 0.656 | Train Acc: 80.24  |  Val Loss: 0.765 | Val Acc: 76.00  |  Test Loss: 0.900 | Tes Acc: 66.00
INFO >> Epoch: 10  |  Layer: 15  |  Train Loss: 0.614 | Train Acc: 82.62  |  Val Loss: 0.721 | Val Acc: 77.67  |  Test Loss: 0.922 | Tes Acc: 66.67
INFO >> Epoch: 10  |  Layer: 16  |  Train Loss: 0.587 | Train Acc: 83.45  |  Val Loss: 0.726 | Val Acc: 77.67  |  Test Loss: 0.960 | Tes Acc: 65.33
INFO >> Epoch: 10  |  Layer: 17  |  Train Loss: 0.579 | Train Acc: 83.10  |  Val Loss: 0.705 | Val Acc: 75.00  |  Test Loss: 0.977 | Tes Acc: 64.67
INFO >> Epoch: 10  |  Layer: 18  |  Train Loss: 0.558 | Train Acc: 84.05  |  Val Loss: 0.758 | Val Acc: 73.00  |  Test Loss: 1.053 | Tes Acc: 64.00
INFO >> Epoch: 10  |  Layer: 19  |  Train Loss: 0.593 | Train Acc: 83.21  |  Val Loss: 0.872 | Val Acc: 69.00  |  Test Loss: 1.115 | Tes Acc: 57.67
INFO >> Epoch: 10  |  Layer: 20  |  Train Loss: 0.651 | Train Acc: 81.07  |  Val Loss: 0.949 | Val Acc: 67.67  |  Test Loss: 1.146 | Tes Acc: 59.00
INFO >> Epoch: 10  |  Layer: 21  |  Train Loss: 0.900 | Train Acc: 71.90  |  Val Loss: 1.148 | Val Acc: 55.33  |  Test Loss: 1.252 | Tes Acc: 54.00
INFO >> Epoch: 10  |  Layer: 22  |  Train Loss: 1.435 | Train Acc: 47.98  |  Val Loss: 1.529 | Val Acc: 39.67  |  Test Loss: 1.509 | Tes Acc: 42.00
INFO >> Epoch: 10  |  Layer: 23  |  Train Loss: 1.976 | Train Acc: 22.38  |  Val Loss: 1.984 | Val Acc: 16.00  |  Test Loss: 2.014 | Tes Acc: 23.33
INFO >> Epoch: 10  |  Layer: 24  |  Train Loss: 2.018 | Train Acc: 18.21  |  Val Loss: 2.035 | Val Acc: 14.33  |  Test Loss: 2.070 | Tes Acc: 18.00

INFO >> Epoch: 11  |  Layer:  1  |  Train Loss: 1.086 | Train Acc: 66.55  |  Val Loss: 1.402 | Val Acc: 48.00  |  Test Loss: 1.299 | Tes Acc: 55.33
INFO >> Epoch: 11  |  Layer:  2  |  Train Loss: 0.963 | Train Acc: 71.07  |  Val Loss: 1.299 | Val Acc: 51.33  |  Test Loss: 1.260 | Tes Acc: 52.67
INFO >> Epoch: 11  |  Layer:  3  |  Train Loss: 0.885 | Train Acc: 73.93  |  Val Loss: 1.187 | Val Acc: 59.33  |  Test Loss: 1.201 | Tes Acc: 55.00
INFO >> Epoch: 11  |  Layer:  4  |  Train Loss: 0.736 | Train Acc: 79.40  |  Val Loss: 1.007 | Val Acc: 64.00  |  Test Loss: 1.118 | Tes Acc: 60.67
INFO >> Epoch: 11  |  Layer:  5  |  Train Loss: 0.686 | Train Acc: 80.83  |  Val Loss: 0.873 | Val Acc: 71.33  |  Test Loss: 1.082 | Tes Acc: 62.00
INFO >> Epoch: 11  |  Layer:  6  |  Train Loss: 0.650 | Train Acc: 81.79  |  Val Loss: 0.834 | Val Acc: 71.33  |  Test Loss: 1.025 | Tes Acc: 64.33
INFO >> Epoch: 11  |  Layer:  7  |  Train Loss: 0.555 | Train Acc: 87.26  |  Val Loss: 0.758 | Val Acc: 76.00  |  Test Loss: 1.012 | Tes Acc: 62.67
INFO >> Epoch: 11  |  Layer:  8  |  Train Loss: 0.516 | Train Acc: 88.33  |  Val Loss: 0.765 | Val Acc: 75.33  |  Test Loss: 0.908 | Tes Acc: 65.00
INFO >> Epoch: 11  |  Layer:  9  |  Train Loss: 0.540 | Train Acc: 87.74  |  Val Loss: 0.770 | Val Acc: 75.00  |  Test Loss: 0.913 | Tes Acc: 66.67
INFO >> Epoch: 11  |  Layer: 10  |  Train Loss: 0.574 | Train Acc: 85.83  |  Val Loss: 0.810 | Val Acc: 75.00  |  Test Loss: 0.876 | Tes Acc: 69.33
INFO >> Epoch: 11  |  Layer: 11  |  Train Loss: 0.596 | Train Acc: 84.64  |  Val Loss: 0.818 | Val Acc: 73.67  |  Test Loss: 0.857 | Tes Acc: 70.33
INFO >> Epoch: 11  |  Layer: 12  |  Train Loss: 0.629 | Train Acc: 81.55  |  Val Loss: 0.800 | Val Acc: 73.00  |  Test Loss: 0.878 | Tes Acc: 70.00
INFO >> Epoch: 11  |  Layer: 13  |  Train Loss: 0.627 | Train Acc: 80.36  |  Val Loss: 0.790 | Val Acc: 75.33  |  Test Loss: 0.901 | Tes Acc: 71.33
INFO >> Epoch: 11  |  Layer: 14  |  Train Loss: 0.593 | Train Acc: 82.50  |  Val Loss: 0.751 | Val Acc: 78.33  |  Test Loss: 0.874 | Tes Acc: 70.33
INFO >> Epoch: 11  |  Layer: 15  |  Train Loss: 0.548 | Train Acc: 83.33  |  Val Loss: 0.693 | Val Acc: 78.33  |  Test Loss: 0.888 | Tes Acc: 69.33
INFO >> Epoch: 11  |  Layer: 16  |  Train Loss: 0.521 | Train Acc: 86.55  |  Val Loss: 0.705 | Val Acc: 78.33  |  Test Loss: 0.932 | Tes Acc: 67.00
INFO >> Epoch: 11  |  Layer: 17  |  Train Loss: 0.510 | Train Acc: 86.31  |  Val Loss: 0.689 | Val Acc: 76.00  |  Test Loss: 0.950 | Tes Acc: 67.33
INFO >> Epoch: 11  |  Layer: 18  |  Train Loss: 0.493 | Train Acc: 88.21  |  Val Loss: 0.730 | Val Acc: 75.67  |  Test Loss: 1.031 | Tes Acc: 64.00
INFO >> Epoch: 11  |  Layer: 19  |  Train Loss: 0.523 | Train Acc: 86.55  |  Val Loss: 0.838 | Val Acc: 71.33  |  Test Loss: 1.090 | Tes Acc: 61.33
INFO >> Epoch: 11  |  Layer: 20  |  Train Loss: 0.568 | Train Acc: 84.88  |  Val Loss: 0.943 | Val Acc: 67.33  |  Test Loss: 1.134 | Tes Acc: 60.00
INFO >> Epoch: 11  |  Layer: 21  |  Train Loss: 0.823 | Train Acc: 74.52  |  Val Loss: 1.164 | Val Acc: 54.00  |  Test Loss: 1.236 | Tes Acc: 50.67
INFO >> Epoch: 11  |  Layer: 22  |  Train Loss: 1.406 | Train Acc: 49.76  |  Val Loss: 1.544 | Val Acc: 42.33  |  Test Loss: 1.508 | Tes Acc: 43.67
INFO >> Epoch: 11  |  Layer: 23  |  Train Loss: 1.974 | Train Acc: 23.81  |  Val Loss: 1.970 | Val Acc: 24.00  |  Test Loss: 1.998 | Tes Acc: 29.33
INFO >> Epoch: 11  |  Layer: 24  |  Train Loss: 2.023 | Train Acc: 20.00  |  Val Loss: 2.035 | Val Acc: 15.33  |  Test Loss: 2.071 | Tes Acc: 14.67

INFO >> Epoch: 12  |  Layer:  1  |  Train Loss: 1.053 | Train Acc: 65.48  |  Val Loss: 1.324 | Val Acc: 50.00  |  Test Loss: 1.285 | Tes Acc: 57.67
INFO >> Epoch: 12  |  Layer:  2  |  Train Loss: 0.928 | Train Acc: 70.12  |  Val Loss: 1.212 | Val Acc: 56.67  |  Test Loss: 1.244 | Tes Acc: 56.00
INFO >> Epoch: 12  |  Layer:  3  |  Train Loss: 0.840 | Train Acc: 75.00  |  Val Loss: 1.118 | Val Acc: 62.67  |  Test Loss: 1.163 | Tes Acc: 57.67
INFO >> Epoch: 12  |  Layer:  4  |  Train Loss: 0.687 | Train Acc: 79.52  |  Val Loss: 0.952 | Val Acc: 67.33  |  Test Loss: 1.081 | Tes Acc: 60.67
INFO >> Epoch: 12  |  Layer:  5  |  Train Loss: 0.634 | Train Acc: 83.69  |  Val Loss: 0.857 | Val Acc: 71.33  |  Test Loss: 1.047 | Tes Acc: 65.67
INFO >> Epoch: 12  |  Layer:  6  |  Train Loss: 0.596 | Train Acc: 84.05  |  Val Loss: 0.829 | Val Acc: 71.33  |  Test Loss: 0.966 | Tes Acc: 67.00
INFO >> Epoch: 12  |  Layer:  7  |  Train Loss: 0.507 | Train Acc: 88.81  |  Val Loss: 0.775 | Val Acc: 73.67  |  Test Loss: 0.940 | Tes Acc: 66.67
INFO >> Epoch: 12  |  Layer:  8  |  Train Loss: 0.475 | Train Acc: 89.17  |  Val Loss: 0.792 | Val Acc: 73.67  |  Test Loss: 0.871 | Tes Acc: 68.00
INFO >> Epoch: 12  |  Layer:  9  |  Train Loss: 0.502 | Train Acc: 88.33  |  Val Loss: 0.782 | Val Acc: 76.67  |  Test Loss: 0.863 | Tes Acc: 69.67
INFO >> Epoch: 12  |  Layer: 10  |  Train Loss: 0.538 | Train Acc: 86.67  |  Val Loss: 0.831 | Val Acc: 73.00  |  Test Loss: 0.845 | Tes Acc: 71.00
INFO >> Epoch: 12  |  Layer: 11  |  Train Loss: 0.558 | Train Acc: 85.60  |  Val Loss: 0.830 | Val Acc: 72.67  |  Test Loss: 0.829 | Tes Acc: 71.33
INFO >> Epoch: 12  |  Layer: 12  |  Train Loss: 0.592 | Train Acc: 83.57  |  Val Loss: 0.812 | Val Acc: 72.67  |  Test Loss: 0.872 | Tes Acc: 68.33
INFO >> Epoch: 12  |  Layer: 13  |  Train Loss: 0.587 | Train Acc: 83.21  |  Val Loss: 0.806 | Val Acc: 71.67  |  Test Loss: 0.889 | Tes Acc: 67.33
INFO >> Epoch: 12  |  Layer: 14  |  Train Loss: 0.560 | Train Acc: 83.81  |  Val Loss: 0.780 | Val Acc: 73.67  |  Test Loss: 0.869 | Tes Acc: 68.33
INFO >> Epoch: 12  |  Layer: 15  |  Train Loss: 0.513 | Train Acc: 85.48  |  Val Loss: 0.727 | Val Acc: 75.67  |  Test Loss: 0.879 | Tes Acc: 69.67
INFO >> Epoch: 12  |  Layer: 16  |  Train Loss: 0.485 | Train Acc: 87.62  |  Val Loss: 0.744 | Val Acc: 74.33  |  Test Loss: 0.934 | Tes Acc: 67.00
INFO >> Epoch: 12  |  Layer: 17  |  Train Loss: 0.474 | Train Acc: 87.74  |  Val Loss: 0.705 | Val Acc: 76.33  |  Test Loss: 0.938 | Tes Acc: 67.00
INFO >> Epoch: 12  |  Layer: 18  |  Train Loss: 0.458 | Train Acc: 88.57  |  Val Loss: 0.733 | Val Acc: 76.67  |  Test Loss: 1.000 | Tes Acc: 64.33
INFO >> Epoch: 12  |  Layer: 19  |  Train Loss: 0.489 | Train Acc: 87.02  |  Val Loss: 0.854 | Val Acc: 72.33  |  Test Loss: 1.067 | Tes Acc: 63.33
INFO >> Epoch: 12  |  Layer: 20  |  Train Loss: 0.536 | Train Acc: 86.55  |  Val Loss: 0.930 | Val Acc: 68.33  |  Test Loss: 1.108 | Tes Acc: 60.00
INFO >> Epoch: 12  |  Layer: 21  |  Train Loss: 0.785 | Train Acc: 76.07  |  Val Loss: 1.108 | Val Acc: 57.67  |  Test Loss: 1.227 | Tes Acc: 55.67
INFO >> Epoch: 12  |  Layer: 22  |  Train Loss: 1.372 | Train Acc: 52.38  |  Val Loss: 1.495 | Val Acc: 39.67  |  Test Loss: 1.487 | Tes Acc: 42.67
INFO >> Epoch: 12  |  Layer: 23  |  Train Loss: 1.956 | Train Acc: 27.02  |  Val Loss: 1.961 | Val Acc: 22.00  |  Test Loss: 1.983 | Tes Acc: 25.33
INFO >> Epoch: 12  |  Layer: 24  |  Train Loss: 2.020 | Train Acc: 20.24  |  Val Loss: 2.032 | Val Acc: 17.67  |  Test Loss: 2.060 | Tes Acc: 15.67

INFO >> Epoch: 13  |  Layer:  1  |  Train Loss: 1.008 | Train Acc: 67.26  |  Val Loss: 1.298 | Val Acc: 51.00  |  Test Loss: 1.313 | Tes Acc: 51.00
INFO >> Epoch: 13  |  Layer:  2  |  Train Loss: 0.877 | Train Acc: 72.98  |  Val Loss: 1.196 | Val Acc: 56.33  |  Test Loss: 1.263 | Tes Acc: 53.33
INFO >> Epoch: 13  |  Layer:  3  |  Train Loss: 0.793 | Train Acc: 76.90  |  Val Loss: 1.091 | Val Acc: 62.67  |  Test Loss: 1.208 | Tes Acc: 54.67
INFO >> Epoch: 13  |  Layer:  4  |  Train Loss: 0.637 | Train Acc: 82.50  |  Val Loss: 0.929 | Val Acc: 68.00  |  Test Loss: 1.166 | Tes Acc: 56.67
INFO >> Epoch: 13  |  Layer:  5  |  Train Loss: 0.582 | Train Acc: 84.76  |  Val Loss: 0.796 | Val Acc: 74.00  |  Test Loss: 1.145 | Tes Acc: 59.33
INFO >> Epoch: 13  |  Layer:  6  |  Train Loss: 0.553 | Train Acc: 86.07  |  Val Loss: 0.755 | Val Acc: 75.33  |  Test Loss: 1.065 | Tes Acc: 63.33
INFO >> Epoch: 13  |  Layer:  7  |  Train Loss: 0.466 | Train Acc: 89.76  |  Val Loss: 0.674 | Val Acc: 79.67  |  Test Loss: 1.051 | Tes Acc: 61.33
INFO >> Epoch: 13  |  Layer:  8  |  Train Loss: 0.430 | Train Acc: 90.48  |  Val Loss: 0.689 | Val Acc: 77.67  |  Test Loss: 0.922 | Tes Acc: 64.00
INFO >> Epoch: 13  |  Layer:  9  |  Train Loss: 0.454 | Train Acc: 90.48  |  Val Loss: 0.702 | Val Acc: 78.67  |  Test Loss: 0.929 | Tes Acc: 66.33
INFO >> Epoch: 13  |  Layer: 10  |  Train Loss: 0.493 | Train Acc: 87.02  |  Val Loss: 0.740 | Val Acc: 77.67  |  Test Loss: 0.889 | Tes Acc: 68.00
INFO >> Epoch: 13  |  Layer: 11  |  Train Loss: 0.516 | Train Acc: 86.31  |  Val Loss: 0.761 | Val Acc: 77.33  |  Test Loss: 0.869 | Tes Acc: 68.67
INFO >> Epoch: 13  |  Layer: 12  |  Train Loss: 0.551 | Train Acc: 85.12  |  Val Loss: 0.733 | Val Acc: 78.00  |  Test Loss: 0.900 | Tes Acc: 67.33
INFO >> Epoch: 13  |  Layer: 13  |  Train Loss: 0.546 | Train Acc: 84.40  |  Val Loss: 0.715 | Val Acc: 80.33  |  Test Loss: 0.911 | Tes Acc: 67.67
INFO >> Epoch: 13  |  Layer: 14  |  Train Loss: 0.514 | Train Acc: 84.76  |  Val Loss: 0.690 | Val Acc: 81.67  |  Test Loss: 0.886 | Tes Acc: 67.00
INFO >> Epoch: 13  |  Layer: 15  |  Train Loss: 0.475 | Train Acc: 85.95  |  Val Loss: 0.639 | Val Acc: 81.33  |  Test Loss: 0.910 | Tes Acc: 67.33
INFO >> Epoch: 13  |  Layer: 16  |  Train Loss: 0.445 | Train Acc: 87.74  |  Val Loss: 0.649 | Val Acc: 78.67  |  Test Loss: 0.956 | Tes Acc: 64.67
INFO >> Epoch: 13  |  Layer: 17  |  Train Loss: 0.436 | Train Acc: 88.21  |  Val Loss: 0.630 | Val Acc: 80.67  |  Test Loss: 0.973 | Tes Acc: 65.33
INFO >> Epoch: 13  |  Layer: 18  |  Train Loss: 0.416 | Train Acc: 89.40  |  Val Loss: 0.680 | Val Acc: 78.67  |  Test Loss: 1.045 | Tes Acc: 63.67
INFO >> Epoch: 13  |  Layer: 19  |  Train Loss: 0.447 | Train Acc: 88.57  |  Val Loss: 0.783 | Val Acc: 72.67  |  Test Loss: 1.085 | Tes Acc: 62.00
INFO >> Epoch: 13  |  Layer: 20  |  Train Loss: 0.498 | Train Acc: 87.50  |  Val Loss: 0.888 | Val Acc: 71.00  |  Test Loss: 1.135 | Tes Acc: 60.67
INFO >> Epoch: 13  |  Layer: 21  |  Train Loss: 0.741 | Train Acc: 77.14  |  Val Loss: 1.078 | Val Acc: 58.33  |  Test Loss: 1.224 | Tes Acc: 54.00
INFO >> Epoch: 13  |  Layer: 22  |  Train Loss: 1.359 | Train Acc: 51.19  |  Val Loss: 1.462 | Val Acc: 46.33  |  Test Loss: 1.449 | Tes Acc: 46.33
INFO >> Epoch: 13  |  Layer: 23  |  Train Loss: 1.949 | Train Acc: 24.76  |  Val Loss: 1.954 | Val Acc: 16.00  |  Test Loss: 1.976 | Tes Acc: 19.67
INFO >> Epoch: 13  |  Layer: 24  |  Train Loss: 2.020 | Train Acc: 17.38  |  Val Loss: 2.029 | Val Acc: 14.33  |  Test Loss: 2.055 | Tes Acc: 15.67

INFO >> Epoch: 14  |  Layer:  1  |  Train Loss: 0.951 | Train Acc: 67.98  |  Val Loss: 1.356 | Val Acc: 47.00  |  Test Loss: 1.258 | Tes Acc: 56.00
INFO >> Epoch: 14  |  Layer:  2  |  Train Loss: 0.814 | Train Acc: 74.05  |  Val Loss: 1.260 | Val Acc: 51.33  |  Test Loss: 1.228 | Tes Acc: 54.67
INFO >> Epoch: 14  |  Layer:  3  |  Train Loss: 0.727 | Train Acc: 78.45  |  Val Loss: 1.115 | Val Acc: 61.67  |  Test Loss: 1.160 | Tes Acc: 53.67
INFO >> Epoch: 14  |  Layer:  4  |  Train Loss: 0.592 | Train Acc: 82.62  |  Val Loss: 0.955 | Val Acc: 64.67  |  Test Loss: 1.075 | Tes Acc: 62.33
INFO >> Epoch: 14  |  Layer:  5  |  Train Loss: 0.547 | Train Acc: 84.64  |  Val Loss: 0.852 | Val Acc: 71.33  |  Test Loss: 1.024 | Tes Acc: 66.00
INFO >> Epoch: 14  |  Layer:  6  |  Train Loss: 0.511 | Train Acc: 87.14  |  Val Loss: 0.808 | Val Acc: 72.00  |  Test Loss: 0.950 | Tes Acc: 68.33
INFO >> Epoch: 14  |  Layer:  7  |  Train Loss: 0.427 | Train Acc: 90.83  |  Val Loss: 0.735 | Val Acc: 76.67  |  Test Loss: 0.933 | Tes Acc: 66.33
INFO >> Epoch: 14  |  Layer:  8  |  Train Loss: 0.398 | Train Acc: 91.07  |  Val Loss: 0.746 | Val Acc: 75.67  |  Test Loss: 0.845 | Tes Acc: 68.00
INFO >> Epoch: 14  |  Layer:  9  |  Train Loss: 0.420 | Train Acc: 89.64  |  Val Loss: 0.711 | Val Acc: 77.67  |  Test Loss: 0.852 | Tes Acc: 68.67
INFO >> Epoch: 14  |  Layer: 10  |  Train Loss: 0.448 | Train Acc: 89.29  |  Val Loss: 0.748 | Val Acc: 76.33  |  Test Loss: 0.826 | Tes Acc: 73.67
INFO >> Epoch: 14  |  Layer: 11  |  Train Loss: 0.474 | Train Acc: 87.74  |  Val Loss: 0.751 | Val Acc: 77.67  |  Test Loss: 0.825 | Tes Acc: 70.67
INFO >> Epoch: 14  |  Layer: 12  |  Train Loss: 0.504 | Train Acc: 87.02  |  Val Loss: 0.710 | Val Acc: 80.00  |  Test Loss: 0.860 | Tes Acc: 70.67
INFO >> Epoch: 14  |  Layer: 13  |  Train Loss: 0.506 | Train Acc: 85.95  |  Val Loss: 0.698 | Val Acc: 79.00  |  Test Loss: 0.873 | Tes Acc: 69.33
INFO >> Epoch: 14  |  Layer: 14  |  Train Loss: 0.480 | Train Acc: 86.43  |  Val Loss: 0.668 | Val Acc: 81.33  |  Test Loss: 0.852 | Tes Acc: 68.33
INFO >> Epoch: 14  |  Layer: 15  |  Train Loss: 0.443 | Train Acc: 88.10  |  Val Loss: 0.623 | Val Acc: 82.33  |  Test Loss: 0.866 | Tes Acc: 67.67
INFO >> Epoch: 14  |  Layer: 16  |  Train Loss: 0.414 | Train Acc: 89.29  |  Val Loss: 0.648 | Val Acc: 80.33  |  Test Loss: 0.919 | Tes Acc: 66.33
INFO >> Epoch: 14  |  Layer: 17  |  Train Loss: 0.403 | Train Acc: 89.40  |  Val Loss: 0.651 | Val Acc: 77.00  |  Test Loss: 0.948 | Tes Acc: 67.00
INFO >> Epoch: 14  |  Layer: 18  |  Train Loss: 0.378 | Train Acc: 91.07  |  Val Loss: 0.714 | Val Acc: 76.00  |  Test Loss: 1.009 | Tes Acc: 66.67
INFO >> Epoch: 14  |  Layer: 19  |  Train Loss: 0.403 | Train Acc: 90.36  |  Val Loss: 0.863 | Val Acc: 71.33  |  Test Loss: 1.080 | Tes Acc: 61.67
INFO >> Epoch: 14  |  Layer: 20  |  Train Loss: 0.453 | Train Acc: 87.26  |  Val Loss: 0.975 | Val Acc: 66.00  |  Test Loss: 1.108 | Tes Acc: 64.33
INFO >> Epoch: 14  |  Layer: 21  |  Train Loss: 0.697 | Train Acc: 77.98  |  Val Loss: 1.121 | Val Acc: 57.33  |  Test Loss: 1.205 | Tes Acc: 54.00
INFO >> Epoch: 14  |  Layer: 22  |  Train Loss: 1.289 | Train Acc: 54.64  |  Val Loss: 1.434 | Val Acc: 44.67  |  Test Loss: 1.455 | Tes Acc: 47.00
INFO >> Epoch: 14  |  Layer: 23  |  Train Loss: 1.921 | Train Acc: 27.74  |  Val Loss: 1.932 | Val Acc: 23.67  |  Test Loss: 1.963 | Tes Acc: 30.00
INFO >> Epoch: 14  |  Layer: 24  |  Train Loss: 2.005 | Train Acc: 21.43  |  Val Loss: 2.022 | Val Acc: 17.67  |  Test Loss: 2.066 | Tes Acc: 23.00

INFO >> Epoch: 15  |  Layer:  1  |  Train Loss: 0.907 | Train Acc: 72.38  |  Val Loss: 1.359 | Val Acc: 48.33  |  Test Loss: 1.308 | Tes Acc: 52.00
INFO >> Epoch: 15  |  Layer:  2  |  Train Loss: 0.774 | Train Acc: 78.57  |  Val Loss: 1.244 | Val Acc: 52.67  |  Test Loss: 1.252 | Tes Acc: 52.00
INFO >> Epoch: 15  |  Layer:  3  |  Train Loss: 0.676 | Train Acc: 82.62  |  Val Loss: 1.103 | Val Acc: 60.33  |  Test Loss: 1.200 | Tes Acc: 52.67
INFO >> Epoch: 15  |  Layer:  4  |  Train Loss: 0.545 | Train Acc: 86.43  |  Val Loss: 0.937 | Val Acc: 65.33  |  Test Loss: 1.173 | Tes Acc: 57.00
INFO >> Epoch: 15  |  Layer:  5  |  Train Loss: 0.505 | Train Acc: 87.62  |  Val Loss: 0.826 | Val Acc: 70.67  |  Test Loss: 1.132 | Tes Acc: 59.33
INFO >> Epoch: 15  |  Layer:  6  |  Train Loss: 0.477 | Train Acc: 88.81  |  Val Loss: 0.785 | Val Acc: 74.33  |  Test Loss: 1.040 | Tes Acc: 65.33
INFO >> Epoch: 15  |  Layer:  7  |  Train Loss: 0.391 | Train Acc: 91.43  |  Val Loss: 0.724 | Val Acc: 73.67  |  Test Loss: 1.034 | Tes Acc: 61.67
INFO >> Epoch: 15  |  Layer:  8  |  Train Loss: 0.359 | Train Acc: 92.38  |  Val Loss: 0.747 | Val Acc: 77.00  |  Test Loss: 0.969 | Tes Acc: 64.00
INFO >> Epoch: 15  |  Layer:  9  |  Train Loss: 0.379 | Train Acc: 91.90  |  Val Loss: 0.716 | Val Acc: 77.67  |  Test Loss: 0.958 | Tes Acc: 64.33
INFO >> Epoch: 15  |  Layer: 10  |  Train Loss: 0.410 | Train Acc: 90.71  |  Val Loss: 0.751 | Val Acc: 76.00  |  Test Loss: 0.905 | Tes Acc: 67.33
INFO >> Epoch: 15  |  Layer: 11  |  Train Loss: 0.440 | Train Acc: 89.76  |  Val Loss: 0.775 | Val Acc: 74.33  |  Test Loss: 0.914 | Tes Acc: 68.33
INFO >> Epoch: 15  |  Layer: 12  |  Train Loss: 0.475 | Train Acc: 88.10  |  Val Loss: 0.735 | Val Acc: 76.00  |  Test Loss: 0.905 | Tes Acc: 68.33
INFO >> Epoch: 15  |  Layer: 13  |  Train Loss: 0.463 | Train Acc: 87.62  |  Val Loss: 0.731 | Val Acc: 77.00  |  Test Loss: 0.936 | Tes Acc: 68.67
INFO >> Epoch: 15  |  Layer: 14  |  Train Loss: 0.438 | Train Acc: 88.57  |  Val Loss: 0.688 | Val Acc: 78.00  |  Test Loss: 0.928 | Tes Acc: 67.33
INFO >> Epoch: 15  |  Layer: 15  |  Train Loss: 0.400 | Train Acc: 89.40  |  Val Loss: 0.650 | Val Acc: 79.00  |  Test Loss: 0.950 | Tes Acc: 66.67
INFO >> Epoch: 15  |  Layer: 16  |  Train Loss: 0.372 | Train Acc: 90.95  |  Val Loss: 0.683 | Val Acc: 79.33  |  Test Loss: 1.031 | Tes Acc: 63.00
INFO >> Epoch: 15  |  Layer: 17  |  Train Loss: 0.362 | Train Acc: 90.60  |  Val Loss: 0.665 | Val Acc: 76.00  |  Test Loss: 1.057 | Tes Acc: 63.33
INFO >> Epoch: 15  |  Layer: 18  |  Train Loss: 0.343 | Train Acc: 92.14  |  Val Loss: 0.734 | Val Acc: 75.00  |  Test Loss: 1.137 | Tes Acc: 61.33
INFO >> Epoch: 15  |  Layer: 19  |  Train Loss: 0.366 | Train Acc: 91.07  |  Val Loss: 0.837 | Val Acc: 72.00  |  Test Loss: 1.216 | Tes Acc: 56.67
INFO >> Epoch: 15  |  Layer: 20  |  Train Loss: 0.413 | Train Acc: 88.81  |  Val Loss: 0.954 | Val Acc: 66.33  |  Test Loss: 1.223 | Tes Acc: 58.33
INFO >> Epoch: 15  |  Layer: 21  |  Train Loss: 0.644 | Train Acc: 81.07  |  Val Loss: 1.078 | Val Acc: 61.67  |  Test Loss: 1.243 | Tes Acc: 53.67
INFO >> Epoch: 15  |  Layer: 22  |  Train Loss: 1.261 | Train Acc: 54.52  |  Val Loss: 1.441 | Val Acc: 44.67  |  Test Loss: 1.435 | Tes Acc: 45.00
INFO >> Epoch: 15  |  Layer: 23  |  Train Loss: 1.917 | Train Acc: 30.36  |  Val Loss: 1.913 | Val Acc: 26.00  |  Test Loss: 1.947 | Tes Acc: 31.00
INFO >> Epoch: 15  |  Layer: 24  |  Train Loss: 2.008 | Train Acc: 24.52  |  Val Loss: 2.019 | Val Acc: 19.00  |  Test Loss: 2.069 | Tes Acc: 21.00

INFO >> Epoch: 16  |  Layer:  1  |  Train Loss: 0.906 | Train Acc: 70.48  |  Val Loss: 1.304 | Val Acc: 48.67  |  Test Loss: 1.313 | Tes Acc: 52.67
INFO >> Epoch: 16  |  Layer:  2  |  Train Loss: 0.775 | Train Acc: 77.62  |  Val Loss: 1.178 | Val Acc: 54.67  |  Test Loss: 1.266 | Tes Acc: 52.67
INFO >> Epoch: 16  |  Layer:  3  |  Train Loss: 0.667 | Train Acc: 82.14  |  Val Loss: 1.053 | Val Acc: 62.33  |  Test Loss: 1.207 | Tes Acc: 54.00
INFO >> Epoch: 16  |  Layer:  4  |  Train Loss: 0.533 | Train Acc: 86.19  |  Val Loss: 0.905 | Val Acc: 67.33  |  Test Loss: 1.199 | Tes Acc: 55.67
INFO >> Epoch: 16  |  Layer:  5  |  Train Loss: 0.486 | Train Acc: 88.10  |  Val Loss: 0.775 | Val Acc: 73.33  |  Test Loss: 1.152 | Tes Acc: 58.00
INFO >> Epoch: 16  |  Layer:  6  |  Train Loss: 0.453 | Train Acc: 88.57  |  Val Loss: 0.725 | Val Acc: 75.33  |  Test Loss: 1.041 | Tes Acc: 64.00
INFO >> Epoch: 16  |  Layer:  7  |  Train Loss: 0.376 | Train Acc: 90.48  |  Val Loss: 0.665 | Val Acc: 77.33  |  Test Loss: 1.002 | Tes Acc: 64.33
INFO >> Epoch: 16  |  Layer:  8  |  Train Loss: 0.349 | Train Acc: 91.79  |  Val Loss: 0.685 | Val Acc: 78.33  |  Test Loss: 0.900 | Tes Acc: 64.33
INFO >> Epoch: 16  |  Layer:  9  |  Train Loss: 0.370 | Train Acc: 91.19  |  Val Loss: 0.680 | Val Acc: 79.33  |  Test Loss: 0.881 | Tes Acc: 67.00
INFO >> Epoch: 16  |  Layer: 10  |  Train Loss: 0.398 | Train Acc: 90.00  |  Val Loss: 0.705 | Val Acc: 79.33  |  Test Loss: 0.845 | Tes Acc: 70.67
INFO >> Epoch: 16  |  Layer: 11  |  Train Loss: 0.422 | Train Acc: 89.29  |  Val Loss: 0.727 | Val Acc: 76.00  |  Test Loss: 0.858 | Tes Acc: 69.33
INFO >> Epoch: 16  |  Layer: 12  |  Train Loss: 0.460 | Train Acc: 86.79  |  Val Loss: 0.707 | Val Acc: 78.67  |  Test Loss: 0.865 | Tes Acc: 69.33
INFO >> Epoch: 16  |  Layer: 13  |  Train Loss: 0.459 | Train Acc: 86.79  |  Val Loss: 0.701 | Val Acc: 78.00  |  Test Loss: 0.905 | Tes Acc: 68.33
INFO >> Epoch: 16  |  Layer: 14  |  Train Loss: 0.430 | Train Acc: 87.38  |  Val Loss: 0.661 | Val Acc: 80.00  |  Test Loss: 0.880 | Tes Acc: 69.67
INFO >> Epoch: 16  |  Layer: 15  |  Train Loss: 0.392 | Train Acc: 89.29  |  Val Loss: 0.616 | Val Acc: 80.67  |  Test Loss: 0.898 | Tes Acc: 68.00
INFO >> Epoch: 16  |  Layer: 16  |  Train Loss: 0.357 | Train Acc: 90.48  |  Val Loss: 0.629 | Val Acc: 78.67  |  Test Loss: 0.954 | Tes Acc: 63.33
INFO >> Epoch: 16  |  Layer: 17  |  Train Loss: 0.353 | Train Acc: 91.55  |  Val Loss: 0.598 | Val Acc: 79.33  |  Test Loss: 0.971 | Tes Acc: 65.00
INFO >> Epoch: 16  |  Layer: 18  |  Train Loss: 0.338 | Train Acc: 91.67  |  Val Loss: 0.665 | Val Acc: 77.00  |  Test Loss: 1.064 | Tes Acc: 64.00
INFO >> Epoch: 16  |  Layer: 19  |  Train Loss: 0.361 | Train Acc: 91.31  |  Val Loss: 0.773 | Val Acc: 74.67  |  Test Loss: 1.153 | Tes Acc: 59.00
INFO >> Epoch: 16  |  Layer: 20  |  Train Loss: 0.405 | Train Acc: 90.60  |  Val Loss: 0.897 | Val Acc: 68.33  |  Test Loss: 1.204 | Tes Acc: 56.67
INFO >> Epoch: 16  |  Layer: 21  |  Train Loss: 0.637 | Train Acc: 82.38  |  Val Loss: 1.047 | Val Acc: 63.00  |  Test Loss: 1.250 | Tes Acc: 54.67
INFO >> Epoch: 16  |  Layer: 22  |  Train Loss: 1.265 | Train Acc: 53.81  |  Val Loss: 1.400 | Val Acc: 48.67  |  Test Loss: 1.431 | Tes Acc: 45.67
INFO >> Epoch: 16  |  Layer: 23  |  Train Loss: 1.891 | Train Acc: 30.12  |  Val Loss: 1.897 | Val Acc: 27.33  |  Test Loss: 1.933 | Tes Acc: 31.33
INFO >> Epoch: 16  |  Layer: 24  |  Train Loss: 2.004 | Train Acc: 21.07  |  Val Loss: 2.017 | Val Acc: 19.00  |  Test Loss: 2.060 | Tes Acc: 17.67

INFO >> Epoch: 17  |  Layer:  1  |  Train Loss: 0.854 | Train Acc: 72.50  |  Val Loss: 1.271 | Val Acc: 50.33  |  Test Loss: 1.249 | Tes Acc: 56.00
INFO >> Epoch: 17  |  Layer:  2  |  Train Loss: 0.729 | Train Acc: 77.98  |  Val Loss: 1.170 | Val Acc: 56.00  |  Test Loss: 1.227 | Tes Acc: 54.00
INFO >> Epoch: 17  |  Layer:  3  |  Train Loss: 0.628 | Train Acc: 83.10  |  Val Loss: 1.046 | Val Acc: 62.67  |  Test Loss: 1.156 | Tes Acc: 57.00
INFO >> Epoch: 17  |  Layer:  4  |  Train Loss: 0.507 | Train Acc: 87.38  |  Val Loss: 0.895 | Val Acc: 68.00  |  Test Loss: 1.107 | Tes Acc: 59.67
INFO >> Epoch: 17  |  Layer:  5  |  Train Loss: 0.455 | Train Acc: 89.29  |  Val Loss: 0.810 | Val Acc: 72.00  |  Test Loss: 1.046 | Tes Acc: 63.00
INFO >> Epoch: 17  |  Layer:  6  |  Train Loss: 0.431 | Train Acc: 89.64  |  Val Loss: 0.780 | Val Acc: 74.33  |  Test Loss: 0.977 | Tes Acc: 66.33
INFO >> Epoch: 17  |  Layer:  7  |  Train Loss: 0.352 | Train Acc: 92.50  |  Val Loss: 0.741 | Val Acc: 76.00  |  Test Loss: 0.948 | Tes Acc: 65.67
INFO >> Epoch: 17  |  Layer:  8  |  Train Loss: 0.328 | Train Acc: 93.45  |  Val Loss: 0.760 | Val Acc: 77.00  |  Test Loss: 0.883 | Tes Acc: 67.33
INFO >> Epoch: 17  |  Layer:  9  |  Train Loss: 0.341 | Train Acc: 93.10  |  Val Loss: 0.725 | Val Acc: 77.00  |  Test Loss: 0.879 | Tes Acc: 67.33
INFO >> Epoch: 17  |  Layer: 10  |  Train Loss: 0.369 | Train Acc: 92.26  |  Val Loss: 0.751 | Val Acc: 77.00  |  Test Loss: 0.881 | Tes Acc: 69.00
INFO >> Epoch: 17  |  Layer: 11  |  Train Loss: 0.402 | Train Acc: 90.36  |  Val Loss: 0.737 | Val Acc: 77.33  |  Test Loss: 0.848 | Tes Acc: 69.00
INFO >> Epoch: 17  |  Layer: 12  |  Train Loss: 0.431 | Train Acc: 89.29  |  Val Loss: 0.709 | Val Acc: 76.67  |  Test Loss: 0.845 | Tes Acc: 68.67
INFO >> Epoch: 17  |  Layer: 13  |  Train Loss: 0.426 | Train Acc: 89.05  |  Val Loss: 0.714 | Val Acc: 77.67  |  Test Loss: 0.888 | Tes Acc: 68.67
INFO >> Epoch: 17  |  Layer: 14  |  Train Loss: 0.406 | Train Acc: 88.57  |  Val Loss: 0.708 | Val Acc: 78.67  |  Test Loss: 0.863 | Tes Acc: 69.33
INFO >> Epoch: 17  |  Layer: 15  |  Train Loss: 0.373 | Train Acc: 90.71  |  Val Loss: 0.673 | Val Acc: 78.67  |  Test Loss: 0.891 | Tes Acc: 69.00
INFO >> Epoch: 17  |  Layer: 16  |  Train Loss: 0.342 | Train Acc: 91.31  |  Val Loss: 0.740 | Val Acc: 76.00  |  Test Loss: 0.962 | Tes Acc: 65.67
INFO >> Epoch: 17  |  Layer: 17  |  Train Loss: 0.333 | Train Acc: 92.50  |  Val Loss: 0.694 | Val Acc: 75.33  |  Test Loss: 0.979 | Tes Acc: 68.00
INFO >> Epoch: 17  |  Layer: 18  |  Train Loss: 0.312 | Train Acc: 92.86  |  Val Loss: 0.722 | Val Acc: 78.00  |  Test Loss: 1.057 | Tes Acc: 63.00
INFO >> Epoch: 17  |  Layer: 19  |  Train Loss: 0.334 | Train Acc: 92.86  |  Val Loss: 0.880 | Val Acc: 70.67  |  Test Loss: 1.131 | Tes Acc: 62.33
INFO >> Epoch: 17  |  Layer: 20  |  Train Loss: 0.382 | Train Acc: 90.00  |  Val Loss: 0.983 | Val Acc: 65.67  |  Test Loss: 1.178 | Tes Acc: 58.33
INFO >> Epoch: 17  |  Layer: 21  |  Train Loss: 0.610 | Train Acc: 82.38  |  Val Loss: 1.052 | Val Acc: 62.67  |  Test Loss: 1.224 | Tes Acc: 54.67
INFO >> Epoch: 17  |  Layer: 22  |  Train Loss: 1.249 | Train Acc: 56.31  |  Val Loss: 1.399 | Val Acc: 47.33  |  Test Loss: 1.448 | Tes Acc: 43.00
INFO >> Epoch: 17  |  Layer: 23  |  Train Loss: 1.895 | Train Acc: 30.71  |  Val Loss: 1.899 | Val Acc: 28.67  |  Test Loss: 1.930 | Tes Acc: 28.00
INFO >> Epoch: 17  |  Layer: 24  |  Train Loss: 2.010 | Train Acc: 19.52  |  Val Loss: 2.013 | Val Acc: 20.33  |  Test Loss: 2.064 | Tes Acc: 20.00

INFO >> Epoch: 18  |  Layer:  1  |  Train Loss: 0.830 | Train Acc: 74.40  |  Val Loss: 1.299 | Val Acc: 53.33  |  Test Loss: 1.234 | Tes Acc: 55.67
INFO >> Epoch: 18  |  Layer:  2  |  Train Loss: 0.699 | Train Acc: 79.05  |  Val Loss: 1.156 | Val Acc: 59.33  |  Test Loss: 1.191 | Tes Acc: 57.67
INFO >> Epoch: 18  |  Layer:  3  |  Train Loss: 0.589 | Train Acc: 85.83  |  Val Loss: 1.028 | Val Acc: 63.67  |  Test Loss: 1.140 | Tes Acc: 56.00
INFO >> Epoch: 18  |  Layer:  4  |  Train Loss: 0.460 | Train Acc: 87.62  |  Val Loss: 0.848 | Val Acc: 72.67  |  Test Loss: 1.077 | Tes Acc: 62.67
INFO >> Epoch: 18  |  Layer:  5  |  Train Loss: 0.412 | Train Acc: 90.36  |  Val Loss: 0.731 | Val Acc: 77.33  |  Test Loss: 1.048 | Tes Acc: 62.67
INFO >> Epoch: 18  |  Layer:  6  |  Train Loss: 0.386 | Train Acc: 91.43  |  Val Loss: 0.708 | Val Acc: 76.33  |  Test Loss: 0.964 | Tes Acc: 65.67
INFO >> Epoch: 18  |  Layer:  7  |  Train Loss: 0.318 | Train Acc: 93.10  |  Val Loss: 0.645 | Val Acc: 78.33  |  Test Loss: 0.971 | Tes Acc: 65.33
INFO >> Epoch: 18  |  Layer:  8  |  Train Loss: 0.296 | Train Acc: 94.52  |  Val Loss: 0.680 | Val Acc: 78.67  |  Test Loss: 0.832 | Tes Acc: 66.33
INFO >> Epoch: 18  |  Layer:  9  |  Train Loss: 0.310 | Train Acc: 94.40  |  Val Loss: 0.669 | Val Acc: 78.33  |  Test Loss: 0.833 | Tes Acc: 68.33
INFO >> Epoch: 18  |  Layer: 10  |  Train Loss: 0.343 | Train Acc: 93.57  |  Val Loss: 0.699 | Val Acc: 77.67  |  Test Loss: 0.772 | Tes Acc: 72.67
INFO >> Epoch: 18  |  Layer: 11  |  Train Loss: 0.378 | Train Acc: 92.26  |  Val Loss: 0.705 | Val Acc: 79.67  |  Test Loss: 0.760 | Tes Acc: 70.33
INFO >> Epoch: 18  |  Layer: 12  |  Train Loss: 0.409 | Train Acc: 90.60  |  Val Loss: 0.674 | Val Acc: 79.33  |  Test Loss: 0.787 | Tes Acc: 71.33
INFO >> Epoch: 18  |  Layer: 13  |  Train Loss: 0.400 | Train Acc: 89.88  |  Val Loss: 0.659 | Val Acc: 79.33  |  Test Loss: 0.822 | Tes Acc: 69.33
INFO >> Epoch: 18  |  Layer: 14  |  Train Loss: 0.374 | Train Acc: 90.83  |  Val Loss: 0.639 | Val Acc: 80.67  |  Test Loss: 0.793 | Tes Acc: 68.33
INFO >> Epoch: 18  |  Layer: 15  |  Train Loss: 0.348 | Train Acc: 92.38  |  Val Loss: 0.594 | Val Acc: 82.33  |  Test Loss: 0.817 | Tes Acc: 69.00
INFO >> Epoch: 18  |  Layer: 16  |  Train Loss: 0.319 | Train Acc: 92.38  |  Val Loss: 0.620 | Val Acc: 81.00  |  Test Loss: 0.894 | Tes Acc: 66.33
INFO >> Epoch: 18  |  Layer: 17  |  Train Loss: 0.306 | Train Acc: 92.74  |  Val Loss: 0.598 | Val Acc: 79.33  |  Test Loss: 0.896 | Tes Acc: 69.00
INFO >> Epoch: 18  |  Layer: 18  |  Train Loss: 0.287 | Train Acc: 93.81  |  Val Loss: 0.654 | Val Acc: 76.33  |  Test Loss: 0.993 | Tes Acc: 67.67
INFO >> Epoch: 18  |  Layer: 19  |  Train Loss: 0.304 | Train Acc: 94.29  |  Val Loss: 0.774 | Val Acc: 74.33  |  Test Loss: 1.052 | Tes Acc: 63.00
INFO >> Epoch: 18  |  Layer: 20  |  Train Loss: 0.333 | Train Acc: 92.26  |  Val Loss: 0.899 | Val Acc: 68.33  |  Test Loss: 1.105 | Tes Acc: 63.33
INFO >> Epoch: 18  |  Layer: 21  |  Train Loss: 0.557 | Train Acc: 85.36  |  Val Loss: 1.028 | Val Acc: 63.67  |  Test Loss: 1.182 | Tes Acc: 57.67
INFO >> Epoch: 18  |  Layer: 22  |  Train Loss: 1.195 | Train Acc: 59.29  |  Val Loss: 1.388 | Val Acc: 47.67  |  Test Loss: 1.409 | Tes Acc: 47.67
INFO >> Epoch: 18  |  Layer: 23  |  Train Loss: 1.868 | Train Acc: 31.55  |  Val Loss: 1.881 | Val Acc: 27.67  |  Test Loss: 1.902 | Tes Acc: 28.67
INFO >> Epoch: 18  |  Layer: 24  |  Train Loss: 2.000 | Train Acc: 20.36  |  Val Loss: 2.009 | Val Acc: 20.67  |  Test Loss: 2.039 | Tes Acc: 19.00

INFO >> Epoch: 19  |  Layer:  1  |  Train Loss: 0.784 | Train Acc: 76.67  |  Val Loss: 1.258 | Val Acc: 54.00  |  Test Loss: 1.229 | Tes Acc: 55.00
INFO >> Epoch: 19  |  Layer:  2  |  Train Loss: 0.656 | Train Acc: 80.60  |  Val Loss: 1.140 | Val Acc: 59.33  |  Test Loss: 1.197 | Tes Acc: 54.00
INFO >> Epoch: 19  |  Layer:  3  |  Train Loss: 0.550 | Train Acc: 86.79  |  Val Loss: 0.997 | Val Acc: 64.67  |  Test Loss: 1.146 | Tes Acc: 58.00
INFO >> Epoch: 19  |  Layer:  4  |  Train Loss: 0.432 | Train Acc: 88.93  |  Val Loss: 0.861 | Val Acc: 68.33  |  Test Loss: 1.156 | Tes Acc: 59.33
INFO >> Epoch: 19  |  Layer:  5  |  Train Loss: 0.383 | Train Acc: 91.67  |  Val Loss: 0.751 | Val Acc: 74.33  |  Test Loss: 1.109 | Tes Acc: 63.00
INFO >> Epoch: 19  |  Layer:  6  |  Train Loss: 0.359 | Train Acc: 92.14  |  Val Loss: 0.743 | Val Acc: 75.33  |  Test Loss: 0.992 | Tes Acc: 65.33
INFO >> Epoch: 19  |  Layer:  7  |  Train Loss: 0.291 | Train Acc: 93.57  |  Val Loss: 0.671 | Val Acc: 78.67  |  Test Loss: 1.001 | Tes Acc: 65.00
INFO >> Epoch: 19  |  Layer:  8  |  Train Loss: 0.273 | Train Acc: 94.29  |  Val Loss: 0.695 | Val Acc: 80.00  |  Test Loss: 0.896 | Tes Acc: 65.67
INFO >> Epoch: 19  |  Layer:  9  |  Train Loss: 0.285 | Train Acc: 95.60  |  Val Loss: 0.680 | Val Acc: 78.33  |  Test Loss: 0.877 | Tes Acc: 67.67
INFO >> Epoch: 19  |  Layer: 10  |  Train Loss: 0.322 | Train Acc: 93.10  |  Val Loss: 0.706 | Val Acc: 79.33  |  Test Loss: 0.826 | Tes Acc: 73.00
INFO >> Epoch: 19  |  Layer: 11  |  Train Loss: 0.352 | Train Acc: 91.19  |  Val Loss: 0.722 | Val Acc: 77.67  |  Test Loss: 0.818 | Tes Acc: 72.00
INFO >> Epoch: 19  |  Layer: 12  |  Train Loss: 0.378 | Train Acc: 89.64  |  Val Loss: 0.685 | Val Acc: 77.33  |  Test Loss: 0.841 | Tes Acc: 68.33
INFO >> Epoch: 19  |  Layer: 13  |  Train Loss: 0.365 | Train Acc: 90.60  |  Val Loss: 0.691 | Val Acc: 78.67  |  Test Loss: 0.885 | Tes Acc: 66.67
INFO >> Epoch: 19  |  Layer: 14  |  Train Loss: 0.341 | Train Acc: 92.14  |  Val Loss: 0.689 | Val Acc: 79.33  |  Test Loss: 0.878 | Tes Acc: 65.67
INFO >> Epoch: 19  |  Layer: 15  |  Train Loss: 0.313 | Train Acc: 92.26  |  Val Loss: 0.631 | Val Acc: 81.00  |  Test Loss: 0.918 | Tes Acc: 65.33
INFO >> Epoch: 19  |  Layer: 16  |  Train Loss: 0.285 | Train Acc: 94.29  |  Val Loss: 0.670 | Val Acc: 78.67  |  Test Loss: 1.000 | Tes Acc: 64.00
INFO >> Epoch: 19  |  Layer: 17  |  Train Loss: 0.276 | Train Acc: 94.40  |  Val Loss: 0.615 | Val Acc: 80.33  |  Test Loss: 0.989 | Tes Acc: 67.67
INFO >> Epoch: 19  |  Layer: 18  |  Train Loss: 0.257 | Train Acc: 95.12  |  Val Loss: 0.684 | Val Acc: 78.33  |  Test Loss: 1.076 | Tes Acc: 62.67
INFO >> Epoch: 19  |  Layer: 19  |  Train Loss: 0.268 | Train Acc: 94.88  |  Val Loss: 0.792 | Val Acc: 75.33  |  Test Loss: 1.145 | Tes Acc: 62.67
INFO >> Epoch: 19  |  Layer: 20  |  Train Loss: 0.304 | Train Acc: 93.21  |  Val Loss: 0.933 | Val Acc: 68.33  |  Test Loss: 1.183 | Tes Acc: 60.00
INFO >> Epoch: 19  |  Layer: 21  |  Train Loss: 0.518 | Train Acc: 84.76  |  Val Loss: 1.050 | Val Acc: 64.00  |  Test Loss: 1.213 | Tes Acc: 53.67
INFO >> Epoch: 19  |  Layer: 22  |  Train Loss: 1.155 | Train Acc: 58.93  |  Val Loss: 1.369 | Val Acc: 48.00  |  Test Loss: 1.410 | Tes Acc: 47.67
INFO >> Epoch: 19  |  Layer: 23  |  Train Loss: 1.835 | Train Acc: 33.33  |  Val Loss: 1.885 | Val Acc: 26.33  |  Test Loss: 1.896 | Tes Acc: 28.67
INFO >> Epoch: 19  |  Layer: 24  |  Train Loss: 1.980 | Train Acc: 22.50  |  Val Loss: 2.010 | Val Acc: 17.33  |  Test Loss: 2.034 | Tes Acc: 21.00

INFO >> Epoch: 20  |  Layer:  1  |  Train Loss: 0.754 | Train Acc: 75.95  |  Val Loss: 1.310 | Val Acc: 53.33  |  Test Loss: 1.196 | Tes Acc: 59.67
INFO >> Epoch: 20  |  Layer:  2  |  Train Loss: 0.624 | Train Acc: 80.24  |  Val Loss: 1.188 | Val Acc: 54.33  |  Test Loss: 1.198 | Tes Acc: 56.00
INFO >> Epoch: 20  |  Layer:  3  |  Train Loss: 0.524 | Train Acc: 86.07  |  Val Loss: 1.027 | Val Acc: 63.33  |  Test Loss: 1.113 | Tes Acc: 57.67
INFO >> Epoch: 20  |  Layer:  4  |  Train Loss: 0.411 | Train Acc: 90.48  |  Val Loss: 0.895 | Val Acc: 66.33  |  Test Loss: 1.099 | Tes Acc: 61.00
INFO >> Epoch: 20  |  Layer:  5  |  Train Loss: 0.367 | Train Acc: 91.90  |  Val Loss: 0.788 | Val Acc: 73.33  |  Test Loss: 1.063 | Tes Acc: 62.33
INFO >> Epoch: 20  |  Layer:  6  |  Train Loss: 0.343 | Train Acc: 92.98  |  Val Loss: 0.742 | Val Acc: 76.33  |  Test Loss: 0.994 | Tes Acc: 64.33
INFO >> Epoch: 20  |  Layer:  7  |  Train Loss: 0.276 | Train Acc: 94.76  |  Val Loss: 0.682 | Val Acc: 77.67  |  Test Loss: 0.991 | Tes Acc: 67.67
INFO >> Epoch: 20  |  Layer:  8  |  Train Loss: 0.255 | Train Acc: 95.12  |  Val Loss: 0.710 | Val Acc: 78.67  |  Test Loss: 0.883 | Tes Acc: 65.67
INFO >> Epoch: 20  |  Layer:  9  |  Train Loss: 0.262 | Train Acc: 95.60  |  Val Loss: 0.694 | Val Acc: 78.67  |  Test Loss: 0.881 | Tes Acc: 68.00
INFO >> Epoch: 20  |  Layer: 10  |  Train Loss: 0.292 | Train Acc: 93.45  |  Val Loss: 0.724 | Val Acc: 75.00  |  Test Loss: 0.846 | Tes Acc: 70.00
INFO >> Epoch: 20  |  Layer: 11  |  Train Loss: 0.320 | Train Acc: 92.74  |  Val Loss: 0.724 | Val Acc: 77.00  |  Test Loss: 0.819 | Tes Acc: 71.33
INFO >> Epoch: 20  |  Layer: 12  |  Train Loss: 0.351 | Train Acc: 90.83  |  Val Loss: 0.694 | Val Acc: 77.33  |  Test Loss: 0.811 | Tes Acc: 71.00
INFO >> Epoch: 20  |  Layer: 13  |  Train Loss: 0.348 | Train Acc: 91.19  |  Val Loss: 0.689 | Val Acc: 79.33  |  Test Loss: 0.875 | Tes Acc: 68.33
INFO >> Epoch: 20  |  Layer: 14  |  Train Loss: 0.322 | Train Acc: 92.14  |  Val Loss: 0.667 | Val Acc: 79.00  |  Test Loss: 0.871 | Tes Acc: 69.67
INFO >> Epoch: 20  |  Layer: 15  |  Train Loss: 0.294 | Train Acc: 92.74  |  Val Loss: 0.635 | Val Acc: 80.00  |  Test Loss: 0.903 | Tes Acc: 68.67
INFO >> Epoch: 20  |  Layer: 16  |  Train Loss: 0.264 | Train Acc: 93.93  |  Val Loss: 0.678 | Val Acc: 78.67  |  Test Loss: 0.986 | Tes Acc: 64.67
INFO >> Epoch: 20  |  Layer: 17  |  Train Loss: 0.253 | Train Acc: 94.64  |  Val Loss: 0.629 | Val Acc: 80.00  |  Test Loss: 0.998 | Tes Acc: 66.00
INFO >> Epoch: 20  |  Layer: 18  |  Train Loss: 0.243 | Train Acc: 95.36  |  Val Loss: 0.701 | Val Acc: 76.67  |  Test Loss: 1.081 | Tes Acc: 62.33
INFO >> Epoch: 20  |  Layer: 19  |  Train Loss: 0.253 | Train Acc: 94.76  |  Val Loss: 0.839 | Val Acc: 74.00  |  Test Loss: 1.160 | Tes Acc: 61.00
INFO >> Epoch: 20  |  Layer: 20  |  Train Loss: 0.287 | Train Acc: 93.69  |  Val Loss: 0.935 | Val Acc: 68.67  |  Test Loss: 1.154 | Tes Acc: 60.33
INFO >> Epoch: 20  |  Layer: 21  |  Train Loss: 0.500 | Train Acc: 85.24  |  Val Loss: 1.033 | Val Acc: 61.33  |  Test Loss: 1.151 | Tes Acc: 56.33
INFO >> Epoch: 20  |  Layer: 22  |  Train Loss: 1.151 | Train Acc: 59.05  |  Val Loss: 1.340 | Val Acc: 48.33  |  Test Loss: 1.380 | Tes Acc: 49.67
INFO >> Epoch: 20  |  Layer: 23  |  Train Loss: 1.838 | Train Acc: 30.71  |  Val Loss: 1.856 | Val Acc: 25.00  |  Test Loss: 1.870 | Tes Acc: 31.00
INFO >> Epoch: 20  |  Layer: 24  |  Train Loss: 1.977 | Train Acc: 22.14  |  Val Loss: 2.006 | Val Acc: 17.33  |  Test Loss: 2.029 | Tes Acc: 20.00



INFO >> Time Taken: 09:14

INFO >> Layer: 1  |  Best Val Acc: 54.00  |  Best Test Acc: 55.00
INFO >> Layer: 2  |  Best Val Acc: 59.33  |  Best Test Acc: 57.67
INFO >> Layer: 3  |  Best Val Acc: 64.67  |  Best Test Acc: 58.00
INFO >> Layer: 4  |  Best Val Acc: 72.67  |  Best Test Acc: 62.67
INFO >> Layer: 5  |  Best Val Acc: 77.33  |  Best Test Acc: 62.67
INFO >> Layer: 6  |  Best Val Acc: 76.33  |  Best Test Acc: 65.67
INFO >> Layer: 7  |  Best Val Acc: 79.67  |  Best Test Acc: 61.33
INFO >> Layer: 8  |  Best Val Acc: 80.00  |  Best Test Acc: 65.67
INFO >> Layer: 9  |  Best Val Acc: 79.33  |  Best Test Acc: 67.00
INFO >> Layer: 10  |  Best Val Acc: 79.33  |  Best Test Acc: 70.67
INFO >> Layer: 11  |  Best Val Acc: 79.67  |  Best Test Acc: 70.33
INFO >> Layer: 12  |  Best Val Acc: 80.00  |  Best Test Acc: 70.67
INFO >> Layer: 13  |  Best Val Acc: 80.33  |  Best Test Acc: 67.67
INFO >> Layer: 14  |  Best Val Acc: 81.67  |  Best Test Acc: 67.00
INFO >> Layer: 15  |  Best Val Acc: 82.33  |  Best Test Acc: 67.67
INFO >> Layer: 16  |  Best Val Acc: 81.00  |  Best Test Acc: 66.33
INFO >> Layer: 17  |  Best Val Acc: 80.67  |  Best Test Acc: 65.33
INFO >> Layer: 18  |  Best Val Acc: 78.67  |  Best Test Acc: 63.67
INFO >> Layer: 19  |  Best Val Acc: 75.33  |  Best Test Acc: 62.67
INFO >> Layer: 20  |  Best Val Acc: 71.00  |  Best Test Acc: 60.67
INFO >> Layer: 21  |  Best Val Acc: 64.00  |  Best Test Acc: 53.67
INFO >> Layer: 22  |  Best Val Acc: 48.67  |  Best Test Acc: 45.67
INFO >> Layer: 23  |  Best Val Acc: 28.67  |  Best Test Acc: 28.00
INFO >> Layer: 24  |  Best Val Acc: 20.67  |  Best Test Acc: 19.00

DEBUG >> Last state saved

INFO >> History saved (./history/v1.3/RAVDESS/WAV2VEC2_LARGE_PROBING/Run1/history.pt)
