
--------------------------------------------------
Multilingual SER System v1.2
--------------------------------------------------
Run Name      : Run1
Fx Model      : WAV2VEC2_LARGE_XLSR300M
Clf Model     : DENSE
Extract Mode  : gpu_memory
Dataset       : CaFE
Device        : gpu
Epochs        : 20
Num Workers   : 2
Data Dir      : ./data
History Dir   : ./history
Weights Dir   : ./weights
Log Level     : debug
Purge Cache   : False
Job Name      : Job89
Job Id        : 30684206
GPU           : Quadro RTX 8000
GPU Count     : 1

Timestamp : 2023-03-02 04:43:26.867460

INFO >> Running on CUDA


INFO >> Training Classifier

INFO >> Epoch: 1 |   Train Loss: 2.109 | Train Acc: 15.02 |   Val Loss: 1.917 | Val Acc: 15.38 |   Test Loss: 1.958 | Tes Acc: 15.38
DEBUG >> Best state saved | Val Acc 15.384615957736969 | Test Acc 15.384615957736969

INFO >> Epoch: 2 |   Train Loss: 1.911 | Train Acc: 20.51 |   Val Loss: 1.815 | Val Acc: 26.28 |   Test Loss: 1.898 | Tes Acc: 21.37
DEBUG >> Best state saved | Val Acc 26.28205120563507 | Test Acc 21.367521584033966

INFO >> Epoch: 3 |   Train Loss: 1.840 | Train Acc: 21.79 |   Val Loss: 1.832 | Val Acc: 19.87 |   Test Loss: 1.963 | Tes Acc: 17.95
INFO >> Epoch: 4 |   Train Loss: 1.851 | Train Acc: 25.09 |   Val Loss: 1.771 | Val Acc: 37.82 |   Test Loss: 1.865 | Tes Acc: 26.92
DEBUG >> Best state saved | Val Acc 37.82051205635071 | Test Acc 26.923078298568726

INFO >> Epoch: 5 |   Train Loss: 1.739 | Train Acc: 26.92 |   Val Loss: 1.792 | Val Acc: 30.13 |   Test Loss: 1.885 | Tes Acc: 27.78
INFO >> Epoch: 6 |   Train Loss: 1.698 | Train Acc: 35.35 |   Val Loss: 1.645 | Val Acc: 28.21 |   Test Loss: 1.679 | Tes Acc: 29.06
INFO >> Epoch: 7 |   Train Loss: 1.523 | Train Acc: 42.31 |   Val Loss: 1.616 | Val Acc: 39.10 |   Test Loss: 1.639 | Tes Acc: 39.32
DEBUG >> Best state saved | Val Acc 39.10256326198578 | Test Acc 39.31623995304108

INFO >> Epoch: 8 |   Train Loss: 1.357 | Train Acc: 47.07 |   Val Loss: 1.439 | Val Acc: 40.38 |   Test Loss: 1.467 | Tes Acc: 44.02
DEBUG >> Best state saved | Val Acc 40.38461446762085 | Test Acc 44.017094373703

INFO >> Epoch: 9 |   Train Loss: 1.088 | Train Acc: 57.14 |   Val Loss: 1.298 | Val Acc: 48.08 |   Test Loss: 1.313 | Tes Acc: 52.56
DEBUG >> Best state saved | Val Acc 48.076921701431274 | Test Acc 52.56410241127014

INFO >> Epoch: 10 |   Train Loss: 0.993 | Train Acc: 61.72 |   Val Loss: 1.273 | Val Acc: 44.23 |   Test Loss: 1.149 | Tes Acc: 55.13
INFO >> Epoch: 11 |   Train Loss: 0.792 | Train Acc: 70.88 |   Val Loss: 1.083 | Val Acc: 57.69 |   Test Loss: 0.827 | Tes Acc: 71.37
DEBUG >> Best state saved | Val Acc 57.692307233810425 | Test Acc 71.36752009391785

INFO >> Epoch: 12 |   Train Loss: 0.659 | Train Acc: 76.37 |   Val Loss: 1.193 | Val Acc: 57.69 |   Test Loss: 0.923 | Tes Acc: 67.52
INFO >> Epoch: 13 |   Train Loss: 0.612 | Train Acc: 75.64 |   Val Loss: 1.270 | Val Acc: 48.72 |   Test Loss: 0.872 | Tes Acc: 66.24
INFO >> Epoch: 14 |   Train Loss: 0.634 | Train Acc: 81.68 |   Val Loss: 1.825 | Val Acc: 43.59 |   Test Loss: 1.237 | Tes Acc: 53.42
INFO >> Epoch: 15 |   Train Loss: 0.842 | Train Acc: 71.25 |   Val Loss: 1.195 | Val Acc: 57.69 |   Test Loss: 0.764 | Tes Acc: 70.94
INFO >> Epoch: 16 |   Train Loss: 0.500 | Train Acc: 86.26 |   Val Loss: 1.102 | Val Acc: 57.05 |   Test Loss: 0.653 | Tes Acc: 75.64
INFO >> Epoch: 17 |   Train Loss: 0.383 | Train Acc: 86.45 |   Val Loss: 1.168 | Val Acc: 55.77 |   Test Loss: 0.716 | Tes Acc: 74.36
INFO >> Epoch: 18 |   Train Loss: 0.359 | Train Acc: 90.11 |   Val Loss: 1.143 | Val Acc: 63.46 |   Test Loss: 0.669 | Tes Acc: 74.36
DEBUG >> Best state saved | Val Acc 63.461536169052124 | Test Acc 74.35897588729858

INFO >> Epoch: 19 |   Train Loss: 0.559 | Train Acc: 79.12 |   Val Loss: 1.242 | Val Acc: 62.18 |   Test Loss: 0.714 | Tes Acc: 73.50
INFO >> Epoch: 20 |   Train Loss: 0.314 | Train Acc: 90.29 |   Val Loss: 1.387 | Val Acc: 53.21 |   Test Loss: 0.847 | Tes Acc: 70.51


INFO >> Time Taken: 11:47

INFO >> Best Val Acc : 63.461536169052124 | Best Test Acc : 74.35897588729858

INFO >> Agg. Weights : 
-0.06730382144451141 -0.3586612939834595 -0.2746255099773407 0.11990886926651001 0.23843346536159515 -0.013593862764537334 0.08568475395441055 0.30503490567207336 0.3152213394641876 0.2727805972099304 -0.08352634310722351 -0.00817735306918621 0.14122124016284943 0.24273037910461426 0.10773617774248123 0.12401469051837921 0.37022560834884644 0.39552414417266846 0.3046901226043701 0.20790450274944305 0.10697615891695023 0.052233967930078506 0.013811463490128517 -0.003178901970386505

DEBUG >> Last state saved | Val Acc 53.20512652397156 | Test Acc 70.51281929016113

INFO >> History saved (./history/v1.2/CaFE/WAV2VEC2_LARGE_XLSR300M_DENSE/Run1/history.pt)
