
--------------------------------------------------
Multilingual SER System v1.2
--------------------------------------------------
Run Name      : Run1
Fx Model      : WAV2VEC2_BASE
Clf Model     : DENSE
Extract Mode  : gpu_memory
Dataset       : IEMOCAP
Device        : gpu
Epochs        : 20
Num Workers   : 2
Data Dir      : ./data
History Dir   : ./history
Weights Dir   : ./weights
Log Level     : debug
Purge Cache   : False
Job Name      : Job1
Job Id        : 30659173
GPU           : Quadro RTX 8000
GPU Count     : 1

Timestamp : 2023-03-01 04:49:42.916680

INFO >> Running on CUDA


INFO >> Training Classifier

INFO >> Epoch: 1 |   Train Loss: 1.210 | Train Acc: 43.63 |   Val Loss: 1.035 | Val Acc: 51.31 |   Test Loss: 1.081 | Tes Acc: 50.36
DEBUG >> Best state saved | Val Acc 51.305222511291504 | Test Acc 50.356507301330566

INFO >> Epoch: 2 |   Train Loss: 0.990 | Train Acc: 57.43 |   Val Loss: 0.875 | Val Acc: 59.64 |   Test Loss: 1.089 | Tes Acc: 53.92
DEBUG >> Best state saved | Val Acc 59.638553857803345 | Test Acc 53.921568393707275

INFO >> Epoch: 3 |   Train Loss: 0.882 | Train Acc: 62.41 |   Val Loss: 0.871 | Val Acc: 61.14 |   Test Loss: 1.180 | Tes Acc: 51.16
DEBUG >> Best state saved | Val Acc 61.14457845687866 | Test Acc 51.15864276885986

INFO >> Epoch: 4 |   Train Loss: 0.845 | Train Acc: 63.87 |   Val Loss: 0.800 | Val Acc: 66.77 |   Test Loss: 1.063 | Tes Acc: 57.66
DEBUG >> Best state saved | Val Acc 66.76706671714783 | Test Acc 57.66488313674927

INFO >> Epoch: 5 |   Train Loss: 0.794 | Train Acc: 66.69 |   Val Loss: 0.841 | Val Acc: 64.96 |   Test Loss: 0.915 | Tes Acc: 63.19
INFO >> Epoch: 6 |   Train Loss: 0.745 | Train Acc: 67.65 |   Val Loss: 0.770 | Val Acc: 65.36 |   Test Loss: 0.965 | Tes Acc: 62.48
INFO >> Epoch: 7 |   Train Loss: 0.714 | Train Acc: 70.06 |   Val Loss: 0.774 | Val Acc: 66.27 |   Test Loss: 1.078 | Tes Acc: 59.71
INFO >> Epoch: 8 |   Train Loss: 0.677 | Train Acc: 71.46 |   Val Loss: 0.734 | Val Acc: 68.37 |   Test Loss: 1.053 | Tes Acc: 60.78
DEBUG >> Best state saved | Val Acc 68.37349534034729 | Test Acc 60.784316062927246

INFO >> Epoch: 9 |   Train Loss: 0.666 | Train Acc: 72.40 |   Val Loss: 0.806 | Val Acc: 66.97 |   Test Loss: 0.939 | Tes Acc: 63.99
INFO >> Epoch: 10 |   Train Loss: 0.637 | Train Acc: 73.28 |   Val Loss: 0.773 | Val Acc: 66.77 |   Test Loss: 0.998 | Tes Acc: 62.75
INFO >> Epoch: 11 |   Train Loss: 0.606 | Train Acc: 75.15 |   Val Loss: 0.705 | Val Acc: 70.18 |   Test Loss: 1.008 | Tes Acc: 65.06
DEBUG >> Best state saved | Val Acc 70.18072009086609 | Test Acc 65.06238579750061

INFO >> Epoch: 12 |   Train Loss: 0.572 | Train Acc: 76.00 |   Val Loss: 0.733 | Val Acc: 67.67 |   Test Loss: 1.119 | Tes Acc: 59.98
INFO >> Epoch: 13 |   Train Loss: 0.557 | Train Acc: 77.56 |   Val Loss: 0.777 | Val Acc: 67.57 |   Test Loss: 1.072 | Tes Acc: 63.73
INFO >> Epoch: 14 |   Train Loss: 0.535 | Train Acc: 77.76 |   Val Loss: 0.705 | Val Acc: 69.88 |   Test Loss: 1.107 | Tes Acc: 61.32
INFO >> Epoch: 15 |   Train Loss: 0.510 | Train Acc: 78.67 |   Val Loss: 0.738 | Val Acc: 68.88 |   Test Loss: 1.094 | Tes Acc: 62.39
INFO >> Epoch: 16 |   Train Loss: 0.495 | Train Acc: 79.49 |   Val Loss: 0.755 | Val Acc: 69.58 |   Test Loss: 1.109 | Tes Acc: 61.59
INFO >> Epoch: 17 |   Train Loss: 0.474 | Train Acc: 81.01 |   Val Loss: 0.728 | Val Acc: 69.88 |   Test Loss: 1.104 | Tes Acc: 64.71
INFO >> Epoch: 18 |   Train Loss: 0.452 | Train Acc: 82.01 |   Val Loss: 0.716 | Val Acc: 69.78 |   Test Loss: 1.048 | Tes Acc: 65.15
INFO >> Epoch: 19 |   Train Loss: 0.421 | Train Acc: 82.60 |   Val Loss: 0.773 | Val Acc: 68.27 |   Test Loss: 1.208 | Tes Acc: 62.30
INFO >> Epoch: 20 |   Train Loss: 0.390 | Train Acc: 84.47 |   Val Loss: 0.815 | Val Acc: 67.87 |   Test Loss: 1.163 | Tes Acc: 65.33


INFO >> Time Taken: 55:56

INFO >> Best Val Acc : 70.18072009086609 | Best Test Acc : 65.06238579750061

INFO >> Agg. Weights : 
0.06519856303930283 -0.20249348878860474 -0.023721160367131233 -0.6020186543464661 -0.10766167938709259 -0.0858980342745781 0.6991762518882751 0.5324068069458008 -0.0881105586886406 -0.33467787504196167 0.2330889254808426 -0.14991891384124756

DEBUG >> Last state saved | Val Acc 67.87148714065552 | Test Acc 65.32976627349854

INFO >> History saved (./history/v1.2/IEMOCAP/WAV2VEC2_BASE_DENSE/Run1/history.pt)
