
--------------------------------------------------
Multilingual SER System v1.5
--------------------------------------------------
Run Name      : Run3
Fx Model      : HUBERT_ASR_LARGE
Clf Model     : DENSE
Extract Mode  : gpu_memory
Dataset       : AESDD
Device        : gpu
Epochs        : 30
Num Workers   : 3
Data Dir      : ./data
History Dir   : ./history
Weights Dir   : ./weights
Log Level     : debug
Purge Cache   : False
Job Name      : Job170
Job Id        : 31168491
GPU           : Quadro RTX 8000
GPU Count     : 1
GPU Memory    : 44.49 GB

Timestamp : 2023-03-20 01:50:46.238000

INFO >> Running on CUDA


INFO >> Training Classifier

INFO >> Epoch: 1  |  Train Loss: 2.248 | Train Acc: 18.79  |  Val Loss: 1.611 | Val Acc: 27.27  |  Test Loss: 1.603 | Tes Acc: 23.67
DEBUG >> Best state saved | Val Acc 27.272728085517883 | Test Acc 23.671497404575348

INFO >> Epoch: 2  |  Train Loss: 1.638 | Train Acc: 21.14  |  Val Loss: 1.627 | Val Acc: 20.20  |  Test Loss: 1.616 | Tes Acc: 26.09
INFO >> Epoch: 3  |  Train Loss: 1.586 | Train Acc: 28.86  |  Val Loss: 1.560 | Val Acc: 34.34  |  Test Loss: 1.559 | Tes Acc: 35.27
DEBUG >> Best state saved | Val Acc 34.34343338012695 | Test Acc 35.26569902896881

INFO >> Epoch: 4  |  Train Loss: 1.549 | Train Acc: 31.21  |  Val Loss: 1.523 | Val Acc: 24.24  |  Test Loss: 1.546 | Tes Acc: 29.47
INFO >> Epoch: 5  |  Train Loss: 1.502 | Train Acc: 30.54  |  Val Loss: 1.461 | Val Acc: 39.39  |  Test Loss: 1.579 | Tes Acc: 29.95
DEBUG >> Best state saved | Val Acc 39.393940567970276 | Test Acc 29.95169162750244

INFO >> Epoch: 6  |  Train Loss: 1.497 | Train Acc: 32.89  |  Val Loss: 1.584 | Val Acc: 30.30  |  Test Loss: 1.556 | Tes Acc: 34.78
INFO >> Epoch: 7  |  Train Loss: 1.395 | Train Acc: 37.25  |  Val Loss: 1.296 | Val Acc: 57.58  |  Test Loss: 1.468 | Tes Acc: 39.61
DEBUG >> Best state saved | Val Acc 57.575756311416626 | Test Acc 39.613527059555054

INFO >> Epoch: 8  |  Train Loss: 1.281 | Train Acc: 46.98  |  Val Loss: 1.054 | Val Acc: 69.70  |  Test Loss: 1.327 | Tes Acc: 43.00
DEBUG >> Best state saved | Val Acc 69.69696879386902 | Test Acc 42.99516975879669

INFO >> Epoch: 9  |  Train Loss: 1.215 | Train Acc: 48.32  |  Val Loss: 0.882 | Val Acc: 58.59  |  Test Loss: 1.261 | Tes Acc: 46.38
INFO >> Epoch: 10  |  Train Loss: 1.104 | Train Acc: 53.36  |  Val Loss: 0.983 | Val Acc: 58.59  |  Test Loss: 1.304 | Tes Acc: 50.24
INFO >> Epoch: 11  |  Train Loss: 0.908 | Train Acc: 66.11  |  Val Loss: 0.759 | Val Acc: 62.63  |  Test Loss: 1.241 | Tes Acc: 44.93
INFO >> Epoch: 12  |  Train Loss: 0.972 | Train Acc: 57.38  |  Val Loss: 0.539 | Val Acc: 85.86  |  Test Loss: 1.135 | Tes Acc: 57.49
DEBUG >> Best state saved | Val Acc 85.85858345031738 | Test Acc 57.48792290687561

INFO >> Epoch: 13  |  Train Loss: 0.735 | Train Acc: 70.13  |  Val Loss: 0.525 | Val Acc: 83.84  |  Test Loss: 1.054 | Tes Acc: 68.12
INFO >> Epoch: 14  |  Train Loss: 0.546 | Train Acc: 80.87  |  Val Loss: 0.600 | Val Acc: 67.68  |  Test Loss: 1.133 | Tes Acc: 57.49
INFO >> Epoch: 15  |  Train Loss: 0.428 | Train Acc: 85.57  |  Val Loss: 0.926 | Val Acc: 54.55  |  Test Loss: 1.109 | Tes Acc: 66.18
INFO >> Epoch: 16  |  Train Loss: 0.374 | Train Acc: 87.58  |  Val Loss: 0.558 | Val Acc: 67.68  |  Test Loss: 1.157 | Tes Acc: 65.70
INFO >> Epoch: 17  |  Train Loss: 0.334 | Train Acc: 85.91  |  Val Loss: 0.917 | Val Acc: 64.65  |  Test Loss: 1.919 | Tes Acc: 51.21
INFO >> Epoch: 18  |  Train Loss: 0.364 | Train Acc: 84.23  |  Val Loss: 1.048 | Val Acc: 72.73  |  Test Loss: 1.543 | Tes Acc: 61.35
INFO >> Epoch: 19  |  Train Loss: 0.291 | Train Acc: 87.92  |  Val Loss: 0.527 | Val Acc: 70.71  |  Test Loss: 1.755 | Tes Acc: 54.59
INFO >> Epoch: 20  |  Train Loss: 0.386 | Train Acc: 86.91  |  Val Loss: 0.309 | Val Acc: 84.85  |  Test Loss: 1.142 | Tes Acc: 67.63
INFO >> Epoch: 21  |  Train Loss: 0.232 | Train Acc: 92.95  |  Val Loss: 0.210 | Val Acc: 90.91  |  Test Loss: 1.113 | Tes Acc: 67.15
DEBUG >> Best state saved | Val Acc 90.90909361839294 | Test Acc 67.14975833892822

INFO >> Epoch: 22  |  Train Loss: 0.170 | Train Acc: 95.64  |  Val Loss: 0.589 | Val Acc: 72.73  |  Test Loss: 1.261 | Tes Acc: 66.18
INFO >> Epoch: 23  |  Train Loss: 0.096 | Train Acc: 98.32  |  Val Loss: 0.751 | Val Acc: 59.60  |  Test Loss: 1.370 | Tes Acc: 66.67
INFO >> Epoch: 24  |  Train Loss: 0.083 | Train Acc: 98.32  |  Val Loss: 0.873 | Val Acc: 59.60  |  Test Loss: 1.224 | Tes Acc: 71.50
INFO >> Epoch: 25  |  Train Loss: 0.070 | Train Acc: 97.99  |  Val Loss: 1.181 | Val Acc: 56.57  |  Test Loss: 1.503 | Tes Acc: 65.22
INFO >> Epoch: 26  |  Train Loss: 0.078 | Train Acc: 97.65  |  Val Loss: 1.222 | Val Acc: 52.53  |  Test Loss: 1.797 | Tes Acc: 61.84
INFO >> Epoch: 27  |  Train Loss: 0.057 | Train Acc: 98.66  |  Val Loss: 1.290 | Val Acc: 51.52  |  Test Loss: 1.766 | Tes Acc: 61.84
INFO >> Epoch: 28  |  Train Loss: 0.053 | Train Acc: 99.33  |  Val Loss: 0.815 | Val Acc: 65.66  |  Test Loss: 1.375 | Tes Acc: 69.08
INFO >> Epoch: 29  |  Train Loss: 0.033 | Train Acc: 99.66  |  Val Loss: 0.467 | Val Acc: 75.76  |  Test Loss: 1.628 | Tes Acc: 69.57
INFO >> Epoch: 30  |  Train Loss: 0.028 | Train Acc: 99.66  |  Val Loss: 0.783 | Val Acc: 69.70  |  Test Loss: 1.643 | Tes Acc: 66.67


INFO >> Time Taken: 12:58

INFO >> Best Val Acc : 90.90909361839294 | Best Test Acc : 67.14975833892822

INFO >> Agg. Weights : 
0.00441336864605546 0.30227741599082947 0.12912742793560028 0.26094749569892883 0.18433283269405365 0.38396456837654114 0.2495654672384262 -0.00822602678090334 0.12715955078601837 0.14131700992584229 -0.18723668158054352 0.024185655638575554 -0.007789037190377712 0.012728751637041569 -0.19201752543449402 0.017877081409096718 0.07871273905038834 -0.1904900074005127 -0.08545196801424026 0.1043066680431366 -0.06527664512395859 -0.1898348182439804 -0.09384844452142715 0.03778102621436119

DEBUG >> Last state saved | Val Acc 69.69696879386902 | Test Acc 66.66666865348816

INFO >> History saved (./history/v1.5/AESDD/FX_HUBERT_ASR_LARGE_CLF_DENSE/Run3/history.pt)
