
--------------------------------------------------
Multilingual SER System v1.5
--------------------------------------------------
Run Name      : Run1
Fx Model      : HUBERT_BASE
Clf Model     : CM_PROBING_DENSE
Extract Mode  : gpu_memory
Dataset       : EmoDB
Device        : gpu
Epochs        : 30
Num Workers   : 3
Data Dir      : ./data
History Dir   : ./history
Weights Dir   : ./weights
Log Level     : debug
Purge Cache   : False
Job Name      : Job99
Job Id        : 31668445
GPU           : Quadro RTX 8000
GPU Count     : 1
GPU Memory    : 44.49 GB

Timestamp : 2023-04-06 08:17:55.075560

INFO >> Running on CUDA


INFO >> Training Classifier

INFO >> Epoch: 1  |  Layer: 01  |  Train Loss: 1.913 | Train Acc: 22.67  |  Val Loss: 1.785 | Val Acc: 30.84  |  Test Loss: 1.759 | Tes Acc: 40.48
INFO >> Epoch: 1  |  Layer: 02  |  Train Loss: 1.915 | Train Acc: 20.64  |  Val Loss: 1.827 | Val Acc: 28.04  |  Test Loss: 1.794 | Tes Acc: 33.33
INFO >> Epoch: 1  |  Layer: 03  |  Train Loss: 1.913 | Train Acc: 20.93  |  Val Loss: 1.850 | Val Acc: 27.10  |  Test Loss: 1.794 | Tes Acc: 34.52
INFO >> Epoch: 1  |  Layer: 04  |  Train Loss: 1.922 | Train Acc: 20.35  |  Val Loss: 1.874 | Val Acc: 24.30  |  Test Loss: 1.812 | Tes Acc: 30.95
INFO >> Epoch: 1  |  Layer: 05  |  Train Loss: 1.920 | Train Acc: 21.22  |  Val Loss: 1.876 | Val Acc: 24.30  |  Test Loss: 1.807 | Tes Acc: 30.95
INFO >> Epoch: 1  |  Layer: 06  |  Train Loss: 1.917 | Train Acc: 21.80  |  Val Loss: 1.866 | Val Acc: 24.30  |  Test Loss: 1.795 | Tes Acc: 30.95
INFO >> Epoch: 1  |  Layer: 07  |  Train Loss: 1.914 | Train Acc: 20.93  |  Val Loss: 1.866 | Val Acc: 24.30  |  Test Loss: 1.795 | Tes Acc: 30.95
INFO >> Epoch: 1  |  Layer: 08  |  Train Loss: 1.919 | Train Acc: 20.06  |  Val Loss: 1.880 | Val Acc: 24.30  |  Test Loss: 1.807 | Tes Acc: 30.95
INFO >> Epoch: 1  |  Layer: 09  |  Train Loss: 1.924 | Train Acc: 20.64  |  Val Loss: 1.885 | Val Acc: 24.30  |  Test Loss: 1.815 | Tes Acc: 30.95
INFO >> Epoch: 1  |  Layer: 10  |  Train Loss: 1.917 | Train Acc: 20.93  |  Val Loss: 1.874 | Val Acc: 24.30  |  Test Loss: 1.799 | Tes Acc: 30.95
INFO >> Epoch: 1  |  Layer: 11  |  Train Loss: 1.916 | Train Acc: 22.09  |  Val Loss: 1.872 | Val Acc: 24.30  |  Test Loss: 1.794 | Tes Acc: 30.95
INFO >> Epoch: 1  |  Layer: 12  |  Train Loss: 1.915 | Train Acc: 23.26  |  Val Loss: 1.876 | Val Acc: 24.30  |  Test Loss: 1.794 | Tes Acc: 30.95
INFO >> Epoch: 1  |  Layer: 13  |  Train Loss: 1.918 | Train Acc: 22.09  |  Val Loss: 1.876 | Val Acc: 24.30  |  Test Loss: 1.795 | Tes Acc: 30.95

INFO >> Epoch: 2  |  Layer: 01  |  Train Loss: 1.762 | Train Acc: 31.40  |  Val Loss: 1.626 | Val Acc: 36.45  |  Test Loss: 1.529 | Tes Acc: 41.67
INFO >> Epoch: 2  |  Layer: 02  |  Train Loss: 1.803 | Train Acc: 28.49  |  Val Loss: 1.683 | Val Acc: 34.58  |  Test Loss: 1.608 | Tes Acc: 44.05
INFO >> Epoch: 2  |  Layer: 03  |  Train Loss: 1.816 | Train Acc: 28.49  |  Val Loss: 1.708 | Val Acc: 36.45  |  Test Loss: 1.644 | Tes Acc: 42.86
INFO >> Epoch: 2  |  Layer: 04  |  Train Loss: 1.828 | Train Acc: 26.74  |  Val Loss: 1.757 | Val Acc: 31.78  |  Test Loss: 1.684 | Tes Acc: 41.67
INFO >> Epoch: 2  |  Layer: 05  |  Train Loss: 1.841 | Train Acc: 24.71  |  Val Loss: 1.780 | Val Acc: 32.71  |  Test Loss: 1.719 | Tes Acc: 41.67
INFO >> Epoch: 2  |  Layer: 06  |  Train Loss: 1.832 | Train Acc: 26.45  |  Val Loss: 1.762 | Val Acc: 36.45  |  Test Loss: 1.694 | Tes Acc: 47.62
INFO >> Epoch: 2  |  Layer: 07  |  Train Loss: 1.818 | Train Acc: 26.74  |  Val Loss: 1.743 | Val Acc: 35.51  |  Test Loss: 1.673 | Tes Acc: 47.62
INFO >> Epoch: 2  |  Layer: 08  |  Train Loss: 1.839 | Train Acc: 26.45  |  Val Loss: 1.786 | Val Acc: 36.45  |  Test Loss: 1.713 | Tes Acc: 44.05
INFO >> Epoch: 2  |  Layer: 09  |  Train Loss: 1.845 | Train Acc: 25.29  |  Val Loss: 1.790 | Val Acc: 34.58  |  Test Loss: 1.715 | Tes Acc: 44.05
INFO >> Epoch: 2  |  Layer: 10  |  Train Loss: 1.834 | Train Acc: 25.58  |  Val Loss: 1.773 | Val Acc: 34.58  |  Test Loss: 1.703 | Tes Acc: 40.48
INFO >> Epoch: 2  |  Layer: 11  |  Train Loss: 1.839 | Train Acc: 24.42  |  Val Loss: 1.790 | Val Acc: 33.64  |  Test Loss: 1.720 | Tes Acc: 41.67
INFO >> Epoch: 2  |  Layer: 12  |  Train Loss: 1.828 | Train Acc: 25.87  |  Val Loss: 1.771 | Val Acc: 41.12  |  Test Loss: 1.706 | Tes Acc: 44.05
INFO >> Epoch: 2  |  Layer: 13  |  Train Loss: 1.830 | Train Acc: 26.16  |  Val Loss: 1.773 | Val Acc: 39.25  |  Test Loss: 1.700 | Tes Acc: 47.62

INFO >> Epoch: 3  |  Layer: 01  |  Train Loss: 1.589 | Train Acc: 36.34  |  Val Loss: 1.506 | Val Acc: 40.19  |  Test Loss: 1.502 | Tes Acc: 39.29
INFO >> Epoch: 3  |  Layer: 02  |  Train Loss: 1.647 | Train Acc: 34.59  |  Val Loss: 1.507 | Val Acc: 42.99  |  Test Loss: 1.507 | Tes Acc: 45.24
INFO >> Epoch: 3  |  Layer: 03  |  Train Loss: 1.671 | Train Acc: 33.72  |  Val Loss: 1.537 | Val Acc: 38.32  |  Test Loss: 1.513 | Tes Acc: 47.62
INFO >> Epoch: 3  |  Layer: 04  |  Train Loss: 1.672 | Train Acc: 35.17  |  Val Loss: 1.552 | Val Acc: 40.19  |  Test Loss: 1.505 | Tes Acc: 44.05
INFO >> Epoch: 3  |  Layer: 05  |  Train Loss: 1.683 | Train Acc: 35.47  |  Val Loss: 1.570 | Val Acc: 37.38  |  Test Loss: 1.519 | Tes Acc: 45.24
INFO >> Epoch: 3  |  Layer: 06  |  Train Loss: 1.668 | Train Acc: 35.47  |  Val Loss: 1.549 | Val Acc: 42.99  |  Test Loss: 1.496 | Tes Acc: 50.00
INFO >> Epoch: 3  |  Layer: 07  |  Train Loss: 1.654 | Train Acc: 37.21  |  Val Loss: 1.534 | Val Acc: 42.99  |  Test Loss: 1.478 | Tes Acc: 57.14
INFO >> Epoch: 3  |  Layer: 08  |  Train Loss: 1.672 | Train Acc: 36.05  |  Val Loss: 1.554 | Val Acc: 41.12  |  Test Loss: 1.489 | Tes Acc: 48.81
INFO >> Epoch: 3  |  Layer: 09  |  Train Loss: 1.681 | Train Acc: 36.05  |  Val Loss: 1.569 | Val Acc: 42.06  |  Test Loss: 1.499 | Tes Acc: 51.19
INFO >> Epoch: 3  |  Layer: 10  |  Train Loss: 1.663 | Train Acc: 37.21  |  Val Loss: 1.542 | Val Acc: 42.99  |  Test Loss: 1.466 | Tes Acc: 53.57
INFO >> Epoch: 3  |  Layer: 11  |  Train Loss: 1.677 | Train Acc: 36.34  |  Val Loss: 1.569 | Val Acc: 42.06  |  Test Loss: 1.487 | Tes Acc: 54.76
INFO >> Epoch: 3  |  Layer: 12  |  Train Loss: 1.654 | Train Acc: 36.92  |  Val Loss: 1.541 | Val Acc: 43.93  |  Test Loss: 1.467 | Tes Acc: 50.00
INFO >> Epoch: 3  |  Layer: 13  |  Train Loss: 1.656 | Train Acc: 36.63  |  Val Loss: 1.535 | Val Acc: 42.99  |  Test Loss: 1.458 | Tes Acc: 52.38

INFO >> Epoch: 4  |  Layer: 01  |  Train Loss: 1.464 | Train Acc: 43.31  |  Val Loss: 1.377 | Val Acc: 45.79  |  Test Loss: 1.318 | Tes Acc: 50.00
INFO >> Epoch: 4  |  Layer: 02  |  Train Loss: 1.486 | Train Acc: 42.15  |  Val Loss: 1.372 | Val Acc: 48.60  |  Test Loss: 1.335 | Tes Acc: 58.33
INFO >> Epoch: 4  |  Layer: 03  |  Train Loss: 1.511 | Train Acc: 40.70  |  Val Loss: 1.397 | Val Acc: 45.79  |  Test Loss: 1.366 | Tes Acc: 54.76
INFO >> Epoch: 4  |  Layer: 04  |  Train Loss: 1.503 | Train Acc: 40.70  |  Val Loss: 1.402 | Val Acc: 47.66  |  Test Loss: 1.355 | Tes Acc: 54.76
INFO >> Epoch: 4  |  Layer: 05  |  Train Loss: 1.495 | Train Acc: 41.28  |  Val Loss: 1.394 | Val Acc: 48.60  |  Test Loss: 1.356 | Tes Acc: 54.76
INFO >> Epoch: 4  |  Layer: 06  |  Train Loss: 1.472 | Train Acc: 42.44  |  Val Loss: 1.358 | Val Acc: 47.66  |  Test Loss: 1.317 | Tes Acc: 59.52
INFO >> Epoch: 4  |  Layer: 07  |  Train Loss: 1.463 | Train Acc: 45.06  |  Val Loss: 1.343 | Val Acc: 46.73  |  Test Loss: 1.289 | Tes Acc: 60.71
INFO >> Epoch: 4  |  Layer: 08  |  Train Loss: 1.455 | Train Acc: 44.77  |  Val Loss: 1.341 | Val Acc: 46.73  |  Test Loss: 1.282 | Tes Acc: 57.14
INFO >> Epoch: 4  |  Layer: 09  |  Train Loss: 1.464 | Train Acc: 43.90  |  Val Loss: 1.331 | Val Acc: 47.66  |  Test Loss: 1.274 | Tes Acc: 61.90
INFO >> Epoch: 4  |  Layer: 10  |  Train Loss: 1.443 | Train Acc: 45.93  |  Val Loss: 1.316 | Val Acc: 48.60  |  Test Loss: 1.263 | Tes Acc: 60.71
INFO >> Epoch: 4  |  Layer: 11  |  Train Loss: 1.455 | Train Acc: 45.64  |  Val Loss: 1.322 | Val Acc: 48.60  |  Test Loss: 1.261 | Tes Acc: 60.71
INFO >> Epoch: 4  |  Layer: 12  |  Train Loss: 1.424 | Train Acc: 46.22  |  Val Loss: 1.300 | Val Acc: 46.73  |  Test Loss: 1.242 | Tes Acc: 63.10
INFO >> Epoch: 4  |  Layer: 13  |  Train Loss: 1.421 | Train Acc: 44.48  |  Val Loss: 1.294 | Val Acc: 48.60  |  Test Loss: 1.229 | Tes Acc: 60.71

INFO >> Epoch: 5  |  Layer: 01  |  Train Loss: 1.298 | Train Acc: 45.93  |  Val Loss: 1.204 | Val Acc: 54.21  |  Test Loss: 1.263 | Tes Acc: 59.52
INFO >> Epoch: 5  |  Layer: 02  |  Train Loss: 1.342 | Train Acc: 48.84  |  Val Loss: 1.248 | Val Acc: 55.14  |  Test Loss: 1.295 | Tes Acc: 54.76
INFO >> Epoch: 5  |  Layer: 03  |  Train Loss: 1.384 | Train Acc: 45.06  |  Val Loss: 1.285 | Val Acc: 52.34  |  Test Loss: 1.318 | Tes Acc: 48.81
INFO >> Epoch: 5  |  Layer: 04  |  Train Loss: 1.341 | Train Acc: 47.38  |  Val Loss: 1.257 | Val Acc: 56.07  |  Test Loss: 1.265 | Tes Acc: 61.90
INFO >> Epoch: 5  |  Layer: 05  |  Train Loss: 1.308 | Train Acc: 50.00  |  Val Loss: 1.250 | Val Acc: 56.07  |  Test Loss: 1.283 | Tes Acc: 65.48
INFO >> Epoch: 5  |  Layer: 06  |  Train Loss: 1.299 | Train Acc: 48.84  |  Val Loss: 1.215 | Val Acc: 55.14  |  Test Loss: 1.238 | Tes Acc: 64.29
INFO >> Epoch: 5  |  Layer: 07  |  Train Loss: 1.283 | Train Acc: 51.74  |  Val Loss: 1.186 | Val Acc: 58.88  |  Test Loss: 1.191 | Tes Acc: 61.90
INFO >> Epoch: 5  |  Layer: 08  |  Train Loss: 1.256 | Train Acc: 50.87  |  Val Loss: 1.163 | Val Acc: 58.88  |  Test Loss: 1.194 | Tes Acc: 63.10
INFO >> Epoch: 5  |  Layer: 09  |  Train Loss: 1.263 | Train Acc: 54.36  |  Val Loss: 1.186 | Val Acc: 59.81  |  Test Loss: 1.176 | Tes Acc: 65.48
INFO >> Epoch: 5  |  Layer: 10  |  Train Loss: 1.239 | Train Acc: 50.87  |  Val Loss: 1.157 | Val Acc: 57.94  |  Test Loss: 1.169 | Tes Acc: 65.48
INFO >> Epoch: 5  |  Layer: 11  |  Train Loss: 1.241 | Train Acc: 52.03  |  Val Loss: 1.139 | Val Acc: 57.94  |  Test Loss: 1.130 | Tes Acc: 69.05
INFO >> Epoch: 5  |  Layer: 12  |  Train Loss: 1.219 | Train Acc: 52.03  |  Val Loss: 1.157 | Val Acc: 57.01  |  Test Loss: 1.152 | Tes Acc: 65.48
INFO >> Epoch: 5  |  Layer: 13  |  Train Loss: 1.208 | Train Acc: 51.45  |  Val Loss: 1.117 | Val Acc: 57.94  |  Test Loss: 1.134 | Tes Acc: 65.48

INFO >> Epoch: 6  |  Layer: 01  |  Train Loss: 1.242 | Train Acc: 49.13  |  Val Loss: 1.178 | Val Acc: 51.40  |  Test Loss: 1.142 | Tes Acc: 53.57
INFO >> Epoch: 6  |  Layer: 02  |  Train Loss: 1.290 | Train Acc: 45.64  |  Val Loss: 1.183 | Val Acc: 53.27  |  Test Loss: 1.211 | Tes Acc: 52.38
INFO >> Epoch: 6  |  Layer: 03  |  Train Loss: 1.309 | Train Acc: 46.80  |  Val Loss: 1.198 | Val Acc: 52.34  |  Test Loss: 1.256 | Tes Acc: 51.19
INFO >> Epoch: 6  |  Layer: 04  |  Train Loss: 1.257 | Train Acc: 47.97  |  Val Loss: 1.205 | Val Acc: 46.73  |  Test Loss: 1.194 | Tes Acc: 54.76
INFO >> Epoch: 6  |  Layer: 05  |  Train Loss: 1.220 | Train Acc: 52.91  |  Val Loss: 1.223 | Val Acc: 48.60  |  Test Loss: 1.188 | Tes Acc: 54.76
INFO >> Epoch: 6  |  Layer: 06  |  Train Loss: 1.211 | Train Acc: 50.29  |  Val Loss: 1.154 | Val Acc: 49.53  |  Test Loss: 1.130 | Tes Acc: 54.76
INFO >> Epoch: 6  |  Layer: 07  |  Train Loss: 1.185 | Train Acc: 54.36  |  Val Loss: 1.146 | Val Acc: 47.66  |  Test Loss: 1.112 | Tes Acc: 54.76
INFO >> Epoch: 6  |  Layer: 08  |  Train Loss: 1.160 | Train Acc: 54.07  |  Val Loss: 1.138 | Val Acc: 54.21  |  Test Loss: 1.134 | Tes Acc: 54.76
INFO >> Epoch: 6  |  Layer: 09  |  Train Loss: 1.155 | Train Acc: 53.49  |  Val Loss: 1.076 | Val Acc: 54.21  |  Test Loss: 1.097 | Tes Acc: 55.95
INFO >> Epoch: 6  |  Layer: 10  |  Train Loss: 1.141 | Train Acc: 52.91  |  Val Loss: 1.090 | Val Acc: 53.27  |  Test Loss: 1.083 | Tes Acc: 53.57
INFO >> Epoch: 6  |  Layer: 11  |  Train Loss: 1.130 | Train Acc: 52.91  |  Val Loss: 1.069 | Val Acc: 52.34  |  Test Loss: 1.059 | Tes Acc: 55.95
INFO >> Epoch: 6  |  Layer: 12  |  Train Loss: 1.115 | Train Acc: 54.36  |  Val Loss: 1.056 | Val Acc: 57.94  |  Test Loss: 1.047 | Tes Acc: 60.71
INFO >> Epoch: 6  |  Layer: 13  |  Train Loss: 1.110 | Train Acc: 55.52  |  Val Loss: 1.055 | Val Acc: 56.07  |  Test Loss: 1.066 | Tes Acc: 60.71

INFO >> Epoch: 7  |  Layer: 01  |  Train Loss: 1.100 | Train Acc: 58.14  |  Val Loss: 1.072 | Val Acc: 57.94  |  Test Loss: 1.093 | Tes Acc: 60.71
INFO >> Epoch: 7  |  Layer: 02  |  Train Loss: 1.158 | Train Acc: 53.78  |  Val Loss: 1.172 | Val Acc: 46.73  |  Test Loss: 1.153 | Tes Acc: 58.33
INFO >> Epoch: 7  |  Layer: 03  |  Train Loss: 1.185 | Train Acc: 53.49  |  Val Loss: 1.188 | Val Acc: 45.79  |  Test Loss: 1.134 | Tes Acc: 59.52
INFO >> Epoch: 7  |  Layer: 04  |  Train Loss: 1.119 | Train Acc: 55.52  |  Val Loss: 1.143 | Val Acc: 46.73  |  Test Loss: 1.063 | Tes Acc: 66.67
INFO >> Epoch: 7  |  Layer: 05  |  Train Loss: 1.116 | Train Acc: 52.62  |  Val Loss: 1.073 | Val Acc: 48.60  |  Test Loss: 1.058 | Tes Acc: 61.90
INFO >> Epoch: 7  |  Layer: 06  |  Train Loss: 1.071 | Train Acc: 55.52  |  Val Loss: 1.049 | Val Acc: 49.53  |  Test Loss: 1.021 | Tes Acc: 64.29
INFO >> Epoch: 7  |  Layer: 07  |  Train Loss: 1.034 | Train Acc: 56.40  |  Val Loss: 1.016 | Val Acc: 53.27  |  Test Loss: 0.979 | Tes Acc: 69.05
INFO >> Epoch: 7  |  Layer: 08  |  Train Loss: 1.034 | Train Acc: 57.27  |  Val Loss: 0.996 | Val Acc: 54.21  |  Test Loss: 0.948 | Tes Acc: 67.86
INFO >> Epoch: 7  |  Layer: 09  |  Train Loss: 1.008 | Train Acc: 59.30  |  Val Loss: 1.000 | Val Acc: 54.21  |  Test Loss: 0.933 | Tes Acc: 69.05
INFO >> Epoch: 7  |  Layer: 10  |  Train Loss: 1.006 | Train Acc: 58.14  |  Val Loss: 0.970 | Val Acc: 57.94  |  Test Loss: 0.940 | Tes Acc: 66.67
INFO >> Epoch: 7  |  Layer: 11  |  Train Loss: 0.989 | Train Acc: 60.47  |  Val Loss: 0.936 | Val Acc: 64.49  |  Test Loss: 0.892 | Tes Acc: 70.24
INFO >> Epoch: 7  |  Layer: 12  |  Train Loss: 0.977 | Train Acc: 60.17  |  Val Loss: 0.943 | Val Acc: 61.68  |  Test Loss: 0.914 | Tes Acc: 70.24
INFO >> Epoch: 7  |  Layer: 13  |  Train Loss: 0.960 | Train Acc: 62.21  |  Val Loss: 0.925 | Val Acc: 60.75  |  Test Loss: 0.896 | Tes Acc: 72.62

INFO >> Epoch: 8  |  Layer: 01  |  Train Loss: 1.010 | Train Acc: 60.76  |  Val Loss: 1.188 | Val Acc: 57.01  |  Test Loss: 1.091 | Tes Acc: 60.71
INFO >> Epoch: 8  |  Layer: 02  |  Train Loss: 1.053 | Train Acc: 61.34  |  Val Loss: 1.243 | Val Acc: 46.73  |  Test Loss: 1.203 | Tes Acc: 57.14
INFO >> Epoch: 8  |  Layer: 03  |  Train Loss: 1.071 | Train Acc: 60.17  |  Val Loss: 1.188 | Val Acc: 50.47  |  Test Loss: 1.164 | Tes Acc: 60.71
INFO >> Epoch: 8  |  Layer: 04  |  Train Loss: 1.010 | Train Acc: 61.34  |  Val Loss: 1.211 | Val Acc: 44.86  |  Test Loss: 1.153 | Tes Acc: 57.14
INFO >> Epoch: 8  |  Layer: 05  |  Train Loss: 0.990 | Train Acc: 61.05  |  Val Loss: 1.109 | Val Acc: 45.79  |  Test Loss: 1.103 | Tes Acc: 59.52
INFO >> Epoch: 8  |  Layer: 06  |  Train Loss: 0.964 | Train Acc: 63.66  |  Val Loss: 1.143 | Val Acc: 48.60  |  Test Loss: 1.121 | Tes Acc: 48.81
INFO >> Epoch: 8  |  Layer: 07  |  Train Loss: 0.927 | Train Acc: 64.24  |  Val Loss: 1.077 | Val Acc: 51.40  |  Test Loss: 1.018 | Tes Acc: 61.90
INFO >> Epoch: 8  |  Layer: 08  |  Train Loss: 0.921 | Train Acc: 64.83  |  Val Loss: 1.016 | Val Acc: 55.14  |  Test Loss: 1.012 | Tes Acc: 59.52
INFO >> Epoch: 8  |  Layer: 09  |  Train Loss: 0.900 | Train Acc: 63.95  |  Val Loss: 1.059 | Val Acc: 50.47  |  Test Loss: 1.035 | Tes Acc: 53.57
INFO >> Epoch: 8  |  Layer: 10  |  Train Loss: 0.889 | Train Acc: 65.70  |  Val Loss: 0.984 | Val Acc: 52.34  |  Test Loss: 0.976 | Tes Acc: 59.52
INFO >> Epoch: 8  |  Layer: 11  |  Train Loss: 0.861 | Train Acc: 66.28  |  Val Loss: 0.949 | Val Acc: 57.01  |  Test Loss: 0.969 | Tes Acc: 60.71
INFO >> Epoch: 8  |  Layer: 12  |  Train Loss: 0.869 | Train Acc: 66.28  |  Val Loss: 0.952 | Val Acc: 57.01  |  Test Loss: 0.939 | Tes Acc: 67.86
INFO >> Epoch: 8  |  Layer: 13  |  Train Loss: 0.855 | Train Acc: 66.28  |  Val Loss: 0.973 | Val Acc: 52.34  |  Test Loss: 0.989 | Tes Acc: 51.19

INFO >> Epoch: 9  |  Layer: 01  |  Train Loss: 0.988 | Train Acc: 62.21  |  Val Loss: 0.996 | Val Acc: 61.68  |  Test Loss: 1.191 | Tes Acc: 52.38
INFO >> Epoch: 9  |  Layer: 02  |  Train Loss: 1.052 | Train Acc: 59.30  |  Val Loss: 1.132 | Val Acc: 50.47  |  Test Loss: 1.093 | Tes Acc: 53.57
INFO >> Epoch: 9  |  Layer: 03  |  Train Loss: 1.047 | Train Acc: 60.17  |  Val Loss: 1.102 | Val Acc: 50.47  |  Test Loss: 1.042 | Tes Acc: 58.33
INFO >> Epoch: 9  |  Layer: 04  |  Train Loss: 1.031 | Train Acc: 59.88  |  Val Loss: 1.130 | Val Acc: 53.27  |  Test Loss: 1.209 | Tes Acc: 47.62
INFO >> Epoch: 9  |  Layer: 05  |  Train Loss: 0.994 | Train Acc: 61.92  |  Val Loss: 1.037 | Val Acc: 55.14  |  Test Loss: 1.045 | Tes Acc: 58.33
INFO >> Epoch: 9  |  Layer: 06  |  Train Loss: 0.985 | Train Acc: 61.34  |  Val Loss: 0.985 | Val Acc: 57.01  |  Test Loss: 0.995 | Tes Acc: 54.76
INFO >> Epoch: 9  |  Layer: 07  |  Train Loss: 0.934 | Train Acc: 65.70  |  Val Loss: 0.947 | Val Acc: 59.81  |  Test Loss: 0.963 | Tes Acc: 59.52
INFO >> Epoch: 9  |  Layer: 08  |  Train Loss: 0.921 | Train Acc: 65.12  |  Val Loss: 0.870 | Val Acc: 63.55  |  Test Loss: 0.884 | Tes Acc: 67.86
INFO >> Epoch: 9  |  Layer: 09  |  Train Loss: 0.926 | Train Acc: 64.24  |  Val Loss: 0.903 | Val Acc: 61.68  |  Test Loss: 0.847 | Tes Acc: 66.67
INFO >> Epoch: 9  |  Layer: 10  |  Train Loss: 0.900 | Train Acc: 64.53  |  Val Loss: 0.872 | Val Acc: 60.75  |  Test Loss: 0.853 | Tes Acc: 67.86
INFO >> Epoch: 9  |  Layer: 11  |  Train Loss: 0.881 | Train Acc: 66.57  |  Val Loss: 0.850 | Val Acc: 62.62  |  Test Loss: 0.824 | Tes Acc: 67.86
INFO >> Epoch: 9  |  Layer: 12  |  Train Loss: 0.877 | Train Acc: 65.41  |  Val Loss: 0.854 | Val Acc: 63.55  |  Test Loss: 0.808 | Tes Acc: 71.43
INFO >> Epoch: 9  |  Layer: 13  |  Train Loss: 0.881 | Train Acc: 64.24  |  Val Loss: 0.826 | Val Acc: 63.55  |  Test Loss: 0.802 | Tes Acc: 70.24

INFO >> Epoch: 10  |  Layer: 01  |  Train Loss: 0.969 | Train Acc: 63.08  |  Val Loss: 1.095 | Val Acc: 57.94  |  Test Loss: 0.973 | Tes Acc: 61.90
INFO >> Epoch: 10  |  Layer: 02  |  Train Loss: 0.957 | Train Acc: 66.28  |  Val Loss: 1.074 | Val Acc: 52.34  |  Test Loss: 1.091 | Tes Acc: 55.95
INFO >> Epoch: 10  |  Layer: 03  |  Train Loss: 0.955 | Train Acc: 64.83  |  Val Loss: 1.059 | Val Acc: 60.75  |  Test Loss: 1.025 | Tes Acc: 64.29
INFO >> Epoch: 10  |  Layer: 04  |  Train Loss: 0.989 | Train Acc: 61.05  |  Val Loss: 0.995 | Val Acc: 58.88  |  Test Loss: 0.989 | Tes Acc: 60.71
INFO >> Epoch: 10  |  Layer: 05  |  Train Loss: 0.939 | Train Acc: 64.53  |  Val Loss: 0.977 | Val Acc: 59.81  |  Test Loss: 0.977 | Tes Acc: 60.71
INFO >> Epoch: 10  |  Layer: 06  |  Train Loss: 0.888 | Train Acc: 65.70  |  Val Loss: 0.877 | Val Acc: 64.49  |  Test Loss: 0.869 | Tes Acc: 71.43
INFO >> Epoch: 10  |  Layer: 07  |  Train Loss: 0.857 | Train Acc: 68.60  |  Val Loss: 0.869 | Val Acc: 63.55  |  Test Loss: 0.834 | Tes Acc: 66.67
INFO >> Epoch: 10  |  Layer: 08  |  Train Loss: 0.837 | Train Acc: 68.60  |  Val Loss: 0.789 | Val Acc: 70.09  |  Test Loss: 0.809 | Tes Acc: 72.62
INFO >> Epoch: 10  |  Layer: 09  |  Train Loss: 0.797 | Train Acc: 71.22  |  Val Loss: 0.795 | Val Acc: 67.29  |  Test Loss: 0.802 | Tes Acc: 77.38
INFO >> Epoch: 10  |  Layer: 10  |  Train Loss: 0.814 | Train Acc: 70.93  |  Val Loss: 0.784 | Val Acc: 67.29  |  Test Loss: 0.775 | Tes Acc: 78.57
INFO >> Epoch: 10  |  Layer: 11  |  Train Loss: 0.783 | Train Acc: 69.48  |  Val Loss: 0.765 | Val Acc: 68.22  |  Test Loss: 0.760 | Tes Acc: 75.00
INFO >> Epoch: 10  |  Layer: 12  |  Train Loss: 0.764 | Train Acc: 72.67  |  Val Loss: 0.783 | Val Acc: 67.29  |  Test Loss: 0.748 | Tes Acc: 76.19
INFO >> Epoch: 10  |  Layer: 13  |  Train Loss: 0.755 | Train Acc: 70.93  |  Val Loss: 0.751 | Val Acc: 68.22  |  Test Loss: 0.761 | Tes Acc: 77.38

INFO >> Epoch: 11  |  Layer: 01  |  Train Loss: 0.904 | Train Acc: 61.92  |  Val Loss: 1.075 | Val Acc: 59.81  |  Test Loss: 1.127 | Tes Acc: 53.57
INFO >> Epoch: 11  |  Layer: 02  |  Train Loss: 0.891 | Train Acc: 63.66  |  Val Loss: 1.059 | Val Acc: 53.27  |  Test Loss: 1.014 | Tes Acc: 60.71
INFO >> Epoch: 11  |  Layer: 03  |  Train Loss: 0.902 | Train Acc: 65.99  |  Val Loss: 1.094 | Val Acc: 57.94  |  Test Loss: 1.050 | Tes Acc: 60.71
INFO >> Epoch: 11  |  Layer: 04  |  Train Loss: 0.901 | Train Acc: 66.57  |  Val Loss: 0.938 | Val Acc: 63.55  |  Test Loss: 0.920 | Tes Acc: 63.10
INFO >> Epoch: 11  |  Layer: 05  |  Train Loss: 0.856 | Train Acc: 68.31  |  Val Loss: 0.900 | Val Acc: 64.49  |  Test Loss: 0.917 | Tes Acc: 61.90
INFO >> Epoch: 11  |  Layer: 06  |  Train Loss: 0.837 | Train Acc: 66.57  |  Val Loss: 0.816 | Val Acc: 68.22  |  Test Loss: 0.835 | Tes Acc: 71.43
INFO >> Epoch: 11  |  Layer: 07  |  Train Loss: 0.778 | Train Acc: 70.93  |  Val Loss: 0.763 | Val Acc: 67.29  |  Test Loss: 0.767 | Tes Acc: 71.43
INFO >> Epoch: 11  |  Layer: 08  |  Train Loss: 0.772 | Train Acc: 70.06  |  Val Loss: 0.732 | Val Acc: 71.96  |  Test Loss: 0.763 | Tes Acc: 73.81
INFO >> Epoch: 11  |  Layer: 09  |  Train Loss: 0.747 | Train Acc: 69.77  |  Val Loss: 0.707 | Val Acc: 74.77  |  Test Loss: 0.738 | Tes Acc: 78.57
INFO >> Epoch: 11  |  Layer: 10  |  Train Loss: 0.744 | Train Acc: 70.64  |  Val Loss: 0.709 | Val Acc: 70.09  |  Test Loss: 0.760 | Tes Acc: 70.24
INFO >> Epoch: 11  |  Layer: 11  |  Train Loss: 0.730 | Train Acc: 68.90  |  Val Loss: 0.678 | Val Acc: 72.90  |  Test Loss: 0.729 | Tes Acc: 77.38
INFO >> Epoch: 11  |  Layer: 12  |  Train Loss: 0.715 | Train Acc: 72.67  |  Val Loss: 0.698 | Val Acc: 74.77  |  Test Loss: 0.742 | Tes Acc: 70.24
INFO >> Epoch: 11  |  Layer: 13  |  Train Loss: 0.702 | Train Acc: 71.51  |  Val Loss: 0.697 | Val Acc: 72.90  |  Test Loss: 0.744 | Tes Acc: 73.81

INFO >> Epoch: 12  |  Layer: 01  |  Train Loss: 0.943 | Train Acc: 66.28  |  Val Loss: 1.038 | Val Acc: 62.62  |  Test Loss: 0.956 | Tes Acc: 64.29
INFO >> Epoch: 12  |  Layer: 02  |  Train Loss: 0.908 | Train Acc: 68.02  |  Val Loss: 0.975 | Val Acc: 58.88  |  Test Loss: 0.905 | Tes Acc: 63.10
INFO >> Epoch: 12  |  Layer: 03  |  Train Loss: 0.931 | Train Acc: 65.12  |  Val Loss: 1.007 | Val Acc: 63.55  |  Test Loss: 0.941 | Tes Acc: 61.90
INFO >> Epoch: 12  |  Layer: 04  |  Train Loss: 0.934 | Train Acc: 63.37  |  Val Loss: 1.019 | Val Acc: 61.68  |  Test Loss: 0.924 | Tes Acc: 70.24
INFO >> Epoch: 12  |  Layer: 05  |  Train Loss: 0.869 | Train Acc: 67.44  |  Val Loss: 0.973 | Val Acc: 62.62  |  Test Loss: 0.914 | Tes Acc: 64.29
INFO >> Epoch: 12  |  Layer: 06  |  Train Loss: 0.838 | Train Acc: 66.28  |  Val Loss: 0.960 | Val Acc: 60.75  |  Test Loss: 0.940 | Tes Acc: 58.33
INFO >> Epoch: 12  |  Layer: 07  |  Train Loss: 0.794 | Train Acc: 68.31  |  Val Loss: 0.840 | Val Acc: 65.42  |  Test Loss: 0.804 | Tes Acc: 69.05
INFO >> Epoch: 12  |  Layer: 08  |  Train Loss: 0.782 | Train Acc: 67.44  |  Val Loss: 0.826 | Val Acc: 69.16  |  Test Loss: 0.815 | Tes Acc: 66.67
INFO >> Epoch: 12  |  Layer: 09  |  Train Loss: 0.748 | Train Acc: 70.64  |  Val Loss: 0.808 | Val Acc: 71.03  |  Test Loss: 0.780 | Tes Acc: 69.05
INFO >> Epoch: 12  |  Layer: 10  |  Train Loss: 0.737 | Train Acc: 70.06  |  Val Loss: 0.813 | Val Acc: 66.36  |  Test Loss: 0.787 | Tes Acc: 63.10
INFO >> Epoch: 12  |  Layer: 11  |  Train Loss: 0.719 | Train Acc: 69.77  |  Val Loss: 0.769 | Val Acc: 61.68  |  Test Loss: 0.795 | Tes Acc: 57.14
INFO >> Epoch: 12  |  Layer: 12  |  Train Loss: 0.712 | Train Acc: 70.64  |  Val Loss: 0.778 | Val Acc: 66.36  |  Test Loss: 0.754 | Tes Acc: 65.48
INFO >> Epoch: 12  |  Layer: 13  |  Train Loss: 0.687 | Train Acc: 72.09  |  Val Loss: 0.735 | Val Acc: 69.16  |  Test Loss: 0.730 | Tes Acc: 69.05

INFO >> Epoch: 13  |  Layer: 01  |  Train Loss: 0.818 | Train Acc: 70.93  |  Val Loss: 0.975 | Val Acc: 57.94  |  Test Loss: 1.017 | Tes Acc: 60.71
INFO >> Epoch: 13  |  Layer: 02  |  Train Loss: 0.797 | Train Acc: 72.09  |  Val Loss: 1.028 | Val Acc: 62.62  |  Test Loss: 1.041 | Tes Acc: 67.86
INFO >> Epoch: 13  |  Layer: 03  |  Train Loss: 0.797 | Train Acc: 71.80  |  Val Loss: 0.918 | Val Acc: 65.42  |  Test Loss: 0.903 | Tes Acc: 70.24
INFO >> Epoch: 13  |  Layer: 04  |  Train Loss: 0.800 | Train Acc: 73.55  |  Val Loss: 0.842 | Val Acc: 63.55  |  Test Loss: 0.856 | Tes Acc: 66.67
INFO >> Epoch: 13  |  Layer: 05  |  Train Loss: 0.745 | Train Acc: 75.58  |  Val Loss: 0.815 | Val Acc: 66.36  |  Test Loss: 0.828 | Tes Acc: 67.86
INFO >> Epoch: 13  |  Layer: 06  |  Train Loss: 0.731 | Train Acc: 72.09  |  Val Loss: 0.855 | Val Acc: 64.49  |  Test Loss: 0.825 | Tes Acc: 65.48
INFO >> Epoch: 13  |  Layer: 07  |  Train Loss: 0.700 | Train Acc: 76.74  |  Val Loss: 0.716 | Val Acc: 73.83  |  Test Loss: 0.688 | Tes Acc: 75.00
INFO >> Epoch: 13  |  Layer: 08  |  Train Loss: 0.680 | Train Acc: 77.91  |  Val Loss: 0.731 | Val Acc: 69.16  |  Test Loss: 0.753 | Tes Acc: 66.67
INFO >> Epoch: 13  |  Layer: 09  |  Train Loss: 0.656 | Train Acc: 79.65  |  Val Loss: 0.710 | Val Acc: 70.09  |  Test Loss: 0.708 | Tes Acc: 70.24
INFO >> Epoch: 13  |  Layer: 10  |  Train Loss: 0.640 | Train Acc: 79.36  |  Val Loss: 0.735 | Val Acc: 64.49  |  Test Loss: 0.741 | Tes Acc: 65.48
INFO >> Epoch: 13  |  Layer: 11  |  Train Loss: 0.622 | Train Acc: 79.94  |  Val Loss: 0.735 | Val Acc: 64.49  |  Test Loss: 0.777 | Tes Acc: 65.48
INFO >> Epoch: 13  |  Layer: 12  |  Train Loss: 0.614 | Train Acc: 77.62  |  Val Loss: 0.669 | Val Acc: 74.77  |  Test Loss: 0.636 | Tes Acc: 75.00
INFO >> Epoch: 13  |  Layer: 13  |  Train Loss: 0.594 | Train Acc: 79.07  |  Val Loss: 0.680 | Val Acc: 69.16  |  Test Loss: 0.708 | Tes Acc: 69.05

INFO >> Epoch: 14  |  Layer: 01  |  Train Loss: 0.791 | Train Acc: 67.44  |  Val Loss: 1.146 | Val Acc: 60.75  |  Test Loss: 0.968 | Tes Acc: 64.29
INFO >> Epoch: 14  |  Layer: 02  |  Train Loss: 0.776 | Train Acc: 70.35  |  Val Loss: 1.009 | Val Acc: 61.68  |  Test Loss: 0.862 | Tes Acc: 63.10
INFO >> Epoch: 14  |  Layer: 03  |  Train Loss: 0.751 | Train Acc: 73.26  |  Val Loss: 1.031 | Val Acc: 59.81  |  Test Loss: 0.848 | Tes Acc: 63.10
INFO >> Epoch: 14  |  Layer: 04  |  Train Loss: 0.775 | Train Acc: 72.09  |  Val Loss: 1.128 | Val Acc: 57.01  |  Test Loss: 0.970 | Tes Acc: 63.10
INFO >> Epoch: 14  |  Layer: 05  |  Train Loss: 0.705 | Train Acc: 73.26  |  Val Loss: 0.941 | Val Acc: 61.68  |  Test Loss: 0.821 | Tes Acc: 65.48
INFO >> Epoch: 14  |  Layer: 06  |  Train Loss: 0.687 | Train Acc: 77.62  |  Val Loss: 0.905 | Val Acc: 61.68  |  Test Loss: 0.839 | Tes Acc: 60.71
INFO >> Epoch: 14  |  Layer: 07  |  Train Loss: 0.638 | Train Acc: 78.78  |  Val Loss: 0.871 | Val Acc: 64.49  |  Test Loss: 0.742 | Tes Acc: 69.05
INFO >> Epoch: 14  |  Layer: 08  |  Train Loss: 0.633 | Train Acc: 76.74  |  Val Loss: 0.775 | Val Acc: 66.36  |  Test Loss: 0.719 | Tes Acc: 67.86
INFO >> Epoch: 14  |  Layer: 09  |  Train Loss: 0.618 | Train Acc: 79.07  |  Val Loss: 0.816 | Val Acc: 63.55  |  Test Loss: 0.718 | Tes Acc: 67.86
INFO >> Epoch: 14  |  Layer: 10  |  Train Loss: 0.599 | Train Acc: 81.40  |  Val Loss: 0.723 | Val Acc: 67.29  |  Test Loss: 0.652 | Tes Acc: 75.00
INFO >> Epoch: 14  |  Layer: 11  |  Train Loss: 0.579 | Train Acc: 79.94  |  Val Loss: 0.686 | Val Acc: 71.03  |  Test Loss: 0.668 | Tes Acc: 73.81
INFO >> Epoch: 14  |  Layer: 12  |  Train Loss: 0.569 | Train Acc: 81.98  |  Val Loss: 0.726 | Val Acc: 71.03  |  Test Loss: 0.632 | Tes Acc: 77.38
INFO >> Epoch: 14  |  Layer: 13  |  Train Loss: 0.554 | Train Acc: 82.27  |  Val Loss: 0.671 | Val Acc: 71.96  |  Test Loss: 0.623 | Tes Acc: 75.00

INFO >> Epoch: 15  |  Layer: 01  |  Train Loss: 0.716 | Train Acc: 74.71  |  Val Loss: 0.885 | Val Acc: 63.55  |  Test Loss: 0.926 | Tes Acc: 60.71
INFO >> Epoch: 15  |  Layer: 02  |  Train Loss: 0.709 | Train Acc: 75.00  |  Val Loss: 0.845 | Val Acc: 68.22  |  Test Loss: 0.869 | Tes Acc: 60.71
INFO >> Epoch: 15  |  Layer: 03  |  Train Loss: 0.692 | Train Acc: 74.42  |  Val Loss: 0.791 | Val Acc: 72.90  |  Test Loss: 0.828 | Tes Acc: 64.29
INFO >> Epoch: 15  |  Layer: 04  |  Train Loss: 0.705 | Train Acc: 74.13  |  Val Loss: 0.887 | Val Acc: 69.16  |  Test Loss: 0.829 | Tes Acc: 66.67
INFO >> Epoch: 15  |  Layer: 05  |  Train Loss: 0.644 | Train Acc: 76.16  |  Val Loss: 0.731 | Val Acc: 67.29  |  Test Loss: 0.749 | Tes Acc: 70.24
INFO >> Epoch: 15  |  Layer: 06  |  Train Loss: 0.600 | Train Acc: 78.78  |  Val Loss: 0.680 | Val Acc: 73.83  |  Test Loss: 0.673 | Tes Acc: 76.19
INFO >> Epoch: 15  |  Layer: 07  |  Train Loss: 0.569 | Train Acc: 79.65  |  Val Loss: 0.722 | Val Acc: 71.96  |  Test Loss: 0.687 | Tes Acc: 72.62
INFO >> Epoch: 15  |  Layer: 08  |  Train Loss: 0.549 | Train Acc: 81.98  |  Val Loss: 0.645 | Val Acc: 72.90  |  Test Loss: 0.638 | Tes Acc: 75.00
INFO >> Epoch: 15  |  Layer: 09  |  Train Loss: 0.545 | Train Acc: 81.10  |  Val Loss: 0.674 | Val Acc: 71.03  |  Test Loss: 0.633 | Tes Acc: 77.38
INFO >> Epoch: 15  |  Layer: 10  |  Train Loss: 0.522 | Train Acc: 82.27  |  Val Loss: 0.624 | Val Acc: 71.96  |  Test Loss: 0.609 | Tes Acc: 78.57
INFO >> Epoch: 15  |  Layer: 11  |  Train Loss: 0.491 | Train Acc: 84.01  |  Val Loss: 0.588 | Val Acc: 72.90  |  Test Loss: 0.592 | Tes Acc: 77.38
INFO >> Epoch: 15  |  Layer: 12  |  Train Loss: 0.507 | Train Acc: 82.27  |  Val Loss: 0.630 | Val Acc: 72.90  |  Test Loss: 0.592 | Tes Acc: 78.57
INFO >> Epoch: 15  |  Layer: 13  |  Train Loss: 0.482 | Train Acc: 85.47  |  Val Loss: 0.617 | Val Acc: 74.77  |  Test Loss: 0.591 | Tes Acc: 78.57

INFO >> Epoch: 16  |  Layer: 01  |  Train Loss: 0.763 | Train Acc: 69.19  |  Val Loss: 1.025 | Val Acc: 64.49  |  Test Loss: 0.746 | Tes Acc: 70.24
INFO >> Epoch: 16  |  Layer: 02  |  Train Loss: 0.745 | Train Acc: 72.09  |  Val Loss: 1.059 | Val Acc: 63.55  |  Test Loss: 0.837 | Tes Acc: 72.62
INFO >> Epoch: 16  |  Layer: 03  |  Train Loss: 0.727 | Train Acc: 71.80  |  Val Loss: 0.960 | Val Acc: 66.36  |  Test Loss: 0.748 | Tes Acc: 75.00
INFO >> Epoch: 16  |  Layer: 04  |  Train Loss: 0.731 | Train Acc: 71.80  |  Val Loss: 0.855 | Val Acc: 71.03  |  Test Loss: 0.813 | Tes Acc: 69.05
INFO >> Epoch: 16  |  Layer: 05  |  Train Loss: 0.634 | Train Acc: 75.29  |  Val Loss: 0.725 | Val Acc: 72.90  |  Test Loss: 0.666 | Tes Acc: 76.19
INFO >> Epoch: 16  |  Layer: 06  |  Train Loss: 0.579 | Train Acc: 79.36  |  Val Loss: 0.685 | Val Acc: 75.70  |  Test Loss: 0.647 | Tes Acc: 73.81
INFO >> Epoch: 16  |  Layer: 07  |  Train Loss: 0.551 | Train Acc: 80.52  |  Val Loss: 0.647 | Val Acc: 74.77  |  Test Loss: 0.564 | Tes Acc: 78.57
INFO >> Epoch: 16  |  Layer: 08  |  Train Loss: 0.519 | Train Acc: 82.85  |  Val Loss: 0.595 | Val Acc: 78.50  |  Test Loss: 0.591 | Tes Acc: 78.57
INFO >> Epoch: 16  |  Layer: 09  |  Train Loss: 0.537 | Train Acc: 80.81  |  Val Loss: 0.645 | Val Acc: 75.70  |  Test Loss: 0.583 | Tes Acc: 80.95
INFO >> Epoch: 16  |  Layer: 10  |  Train Loss: 0.491 | Train Acc: 84.59  |  Val Loss: 0.605 | Val Acc: 75.70  |  Test Loss: 0.567 | Tes Acc: 82.14
INFO >> Epoch: 16  |  Layer: 11  |  Train Loss: 0.474 | Train Acc: 84.88  |  Val Loss: 0.597 | Val Acc: 76.64  |  Test Loss: 0.585 | Tes Acc: 79.76
INFO >> Epoch: 16  |  Layer: 12  |  Train Loss: 0.474 | Train Acc: 84.30  |  Val Loss: 0.608 | Val Acc: 77.57  |  Test Loss: 0.539 | Tes Acc: 83.33
INFO >> Epoch: 16  |  Layer: 13  |  Train Loss: 0.452 | Train Acc: 85.76  |  Val Loss: 0.579 | Val Acc: 80.37  |  Test Loss: 0.537 | Tes Acc: 82.14

INFO >> Epoch: 17  |  Layer: 01  |  Train Loss: 0.680 | Train Acc: 75.00  |  Val Loss: 1.055 | Val Acc: 59.81  |  Test Loss: 1.052 | Tes Acc: 64.29
INFO >> Epoch: 17  |  Layer: 02  |  Train Loss: 0.658 | Train Acc: 73.55  |  Val Loss: 1.023 | Val Acc: 64.49  |  Test Loss: 1.032 | Tes Acc: 64.29
INFO >> Epoch: 17  |  Layer: 03  |  Train Loss: 0.672 | Train Acc: 74.13  |  Val Loss: 0.883 | Val Acc: 66.36  |  Test Loss: 0.829 | Tes Acc: 72.62
INFO >> Epoch: 17  |  Layer: 04  |  Train Loss: 0.675 | Train Acc: 74.71  |  Val Loss: 0.907 | Val Acc: 67.29  |  Test Loss: 0.830 | Tes Acc: 67.86
INFO >> Epoch: 17  |  Layer: 05  |  Train Loss: 0.592 | Train Acc: 78.78  |  Val Loss: 0.771 | Val Acc: 74.77  |  Test Loss: 0.736 | Tes Acc: 77.38
INFO >> Epoch: 17  |  Layer: 06  |  Train Loss: 0.548 | Train Acc: 79.65  |  Val Loss: 0.680 | Val Acc: 77.57  |  Test Loss: 0.687 | Tes Acc: 75.00
INFO >> Epoch: 17  |  Layer: 07  |  Train Loss: 0.497 | Train Acc: 81.40  |  Val Loss: 0.654 | Val Acc: 74.77  |  Test Loss: 0.610 | Tes Acc: 79.76
INFO >> Epoch: 17  |  Layer: 08  |  Train Loss: 0.470 | Train Acc: 84.01  |  Val Loss: 0.580 | Val Acc: 77.57  |  Test Loss: 0.576 | Tes Acc: 78.57
INFO >> Epoch: 17  |  Layer: 09  |  Train Loss: 0.492 | Train Acc: 82.27  |  Val Loss: 0.581 | Val Acc: 81.31  |  Test Loss: 0.553 | Tes Acc: 83.33
INFO >> Epoch: 17  |  Layer: 10  |  Train Loss: 0.448 | Train Acc: 84.88  |  Val Loss: 0.543 | Val Acc: 81.31  |  Test Loss: 0.514 | Tes Acc: 83.33
INFO >> Epoch: 17  |  Layer: 11  |  Train Loss: 0.422 | Train Acc: 86.05  |  Val Loss: 0.519 | Val Acc: 82.24  |  Test Loss: 0.510 | Tes Acc: 82.14
INFO >> Epoch: 17  |  Layer: 12  |  Train Loss: 0.435 | Train Acc: 85.76  |  Val Loss: 0.554 | Val Acc: 81.31  |  Test Loss: 0.495 | Tes Acc: 84.52
INFO >> Epoch: 17  |  Layer: 13  |  Train Loss: 0.408 | Train Acc: 84.30  |  Val Loss: 0.578 | Val Acc: 77.57  |  Test Loss: 0.515 | Tes Acc: 82.14

INFO >> Epoch: 18  |  Layer: 01  |  Train Loss: 0.672 | Train Acc: 74.42  |  Val Loss: 0.840 | Val Acc: 66.36  |  Test Loss: 0.928 | Tes Acc: 57.14
INFO >> Epoch: 18  |  Layer: 02  |  Train Loss: 0.649 | Train Acc: 75.29  |  Val Loss: 0.876 | Val Acc: 66.36  |  Test Loss: 0.927 | Tes Acc: 63.10
INFO >> Epoch: 18  |  Layer: 03  |  Train Loss: 0.656 | Train Acc: 75.58  |  Val Loss: 0.795 | Val Acc: 70.09  |  Test Loss: 0.807 | Tes Acc: 67.86
INFO >> Epoch: 18  |  Layer: 04  |  Train Loss: 0.650 | Train Acc: 75.00  |  Val Loss: 0.818 | Val Acc: 70.09  |  Test Loss: 0.859 | Tes Acc: 65.48
INFO >> Epoch: 18  |  Layer: 05  |  Train Loss: 0.614 | Train Acc: 73.26  |  Val Loss: 0.695 | Val Acc: 71.96  |  Test Loss: 0.722 | Tes Acc: 75.00
INFO >> Epoch: 18  |  Layer: 06  |  Train Loss: 0.554 | Train Acc: 78.78  |  Val Loss: 0.666 | Val Acc: 71.03  |  Test Loss: 0.695 | Tes Acc: 73.81
INFO >> Epoch: 18  |  Layer: 07  |  Train Loss: 0.498 | Train Acc: 82.56  |  Val Loss: 0.639 | Val Acc: 71.03  |  Test Loss: 0.634 | Tes Acc: 78.57
INFO >> Epoch: 18  |  Layer: 08  |  Train Loss: 0.473 | Train Acc: 84.01  |  Val Loss: 0.559 | Val Acc: 76.64  |  Test Loss: 0.532 | Tes Acc: 82.14
INFO >> Epoch: 18  |  Layer: 09  |  Train Loss: 0.493 | Train Acc: 81.40  |  Val Loss: 0.610 | Val Acc: 73.83  |  Test Loss: 0.617 | Tes Acc: 76.19
INFO >> Epoch: 18  |  Layer: 10  |  Train Loss: 0.453 | Train Acc: 84.59  |  Val Loss: 0.514 | Val Acc: 79.44  |  Test Loss: 0.473 | Tes Acc: 85.71
INFO >> Epoch: 18  |  Layer: 11  |  Train Loss: 0.411 | Train Acc: 87.21  |  Val Loss: 0.524 | Val Acc: 78.50  |  Test Loss: 0.495 | Tes Acc: 84.52
INFO >> Epoch: 18  |  Layer: 12  |  Train Loss: 0.448 | Train Acc: 84.30  |  Val Loss: 0.591 | Val Acc: 75.70  |  Test Loss: 0.541 | Tes Acc: 84.52
INFO >> Epoch: 18  |  Layer: 13  |  Train Loss: 0.415 | Train Acc: 86.92  |  Val Loss: 0.556 | Val Acc: 77.57  |  Test Loss: 0.487 | Tes Acc: 88.10

INFO >> Epoch: 19  |  Layer: 01  |  Train Loss: 0.570 | Train Acc: 83.43  |  Val Loss: 0.985 | Val Acc: 66.36  |  Test Loss: 1.099 | Tes Acc: 65.48
INFO >> Epoch: 19  |  Layer: 02  |  Train Loss: 0.604 | Train Acc: 78.20  |  Val Loss: 1.034 | Val Acc: 65.42  |  Test Loss: 1.198 | Tes Acc: 58.33
INFO >> Epoch: 19  |  Layer: 03  |  Train Loss: 0.569 | Train Acc: 80.23  |  Val Loss: 0.856 | Val Acc: 71.03  |  Test Loss: 0.894 | Tes Acc: 65.48
INFO >> Epoch: 19  |  Layer: 04  |  Train Loss: 0.548 | Train Acc: 79.94  |  Val Loss: 0.836 | Val Acc: 71.96  |  Test Loss: 0.819 | Tes Acc: 69.05
INFO >> Epoch: 19  |  Layer: 05  |  Train Loss: 0.526 | Train Acc: 80.81  |  Val Loss: 0.816 | Val Acc: 67.29  |  Test Loss: 0.887 | Tes Acc: 67.86
INFO >> Epoch: 19  |  Layer: 06  |  Train Loss: 0.481 | Train Acc: 82.56  |  Val Loss: 0.679 | Val Acc: 79.44  |  Test Loss: 0.741 | Tes Acc: 73.81
INFO >> Epoch: 19  |  Layer: 07  |  Train Loss: 0.435 | Train Acc: 85.76  |  Val Loss: 0.660 | Val Acc: 77.57  |  Test Loss: 0.701 | Tes Acc: 75.00
INFO >> Epoch: 19  |  Layer: 08  |  Train Loss: 0.434 | Train Acc: 85.76  |  Val Loss: 0.605 | Val Acc: 76.64  |  Test Loss: 0.618 | Tes Acc: 78.57
INFO >> Epoch: 19  |  Layer: 09  |  Train Loss: 0.426 | Train Acc: 84.01  |  Val Loss: 0.588 | Val Acc: 82.24  |  Test Loss: 0.599 | Tes Acc: 76.19
INFO >> Epoch: 19  |  Layer: 10  |  Train Loss: 0.419 | Train Acc: 84.59  |  Val Loss: 0.574 | Val Acc: 81.31  |  Test Loss: 0.538 | Tes Acc: 78.57
INFO >> Epoch: 19  |  Layer: 11  |  Train Loss: 0.381 | Train Acc: 86.63  |  Val Loss: 0.486 | Val Acc: 85.05  |  Test Loss: 0.461 | Tes Acc: 80.95
INFO >> Epoch: 19  |  Layer: 12  |  Train Loss: 0.401 | Train Acc: 84.30  |  Val Loss: 0.530 | Val Acc: 81.31  |  Test Loss: 0.496 | Tes Acc: 83.33
INFO >> Epoch: 19  |  Layer: 13  |  Train Loss: 0.363 | Train Acc: 88.37  |  Val Loss: 0.591 | Val Acc: 75.70  |  Test Loss: 0.552 | Tes Acc: 79.76

INFO >> Epoch: 20  |  Layer: 01  |  Train Loss: 0.605 | Train Acc: 77.33  |  Val Loss: 0.941 | Val Acc: 59.81  |  Test Loss: 1.219 | Tes Acc: 61.90
INFO >> Epoch: 20  |  Layer: 02  |  Train Loss: 0.614 | Train Acc: 76.45  |  Val Loss: 1.074 | Val Acc: 54.21  |  Test Loss: 1.384 | Tes Acc: 58.33
INFO >> Epoch: 20  |  Layer: 03  |  Train Loss: 0.579 | Train Acc: 79.65  |  Val Loss: 0.753 | Val Acc: 69.16  |  Test Loss: 0.981 | Tes Acc: 66.67
INFO >> Epoch: 20  |  Layer: 04  |  Train Loss: 0.534 | Train Acc: 79.65  |  Val Loss: 0.764 | Val Acc: 67.29  |  Test Loss: 0.900 | Tes Acc: 67.86
INFO >> Epoch: 20  |  Layer: 05  |  Train Loss: 0.511 | Train Acc: 80.52  |  Val Loss: 0.647 | Val Acc: 74.77  |  Test Loss: 0.742 | Tes Acc: 71.43
INFO >> Epoch: 20  |  Layer: 06  |  Train Loss: 0.444 | Train Acc: 86.92  |  Val Loss: 0.557 | Val Acc: 77.57  |  Test Loss: 0.705 | Tes Acc: 73.81
INFO >> Epoch: 20  |  Layer: 07  |  Train Loss: 0.397 | Train Acc: 88.37  |  Val Loss: 0.568 | Val Acc: 79.44  |  Test Loss: 0.651 | Tes Acc: 76.19
INFO >> Epoch: 20  |  Layer: 08  |  Train Loss: 0.404 | Train Acc: 87.79  |  Val Loss: 0.483 | Val Acc: 84.11  |  Test Loss: 0.550 | Tes Acc: 80.95
INFO >> Epoch: 20  |  Layer: 09  |  Train Loss: 0.388 | Train Acc: 88.37  |  Val Loss: 0.567 | Val Acc: 75.70  |  Test Loss: 0.707 | Tes Acc: 73.81
INFO >> Epoch: 20  |  Layer: 10  |  Train Loss: 0.368 | Train Acc: 87.79  |  Val Loss: 0.460 | Val Acc: 85.98  |  Test Loss: 0.510 | Tes Acc: 82.14
INFO >> Epoch: 20  |  Layer: 11  |  Train Loss: 0.335 | Train Acc: 90.41  |  Val Loss: 0.436 | Val Acc: 85.98  |  Test Loss: 0.465 | Tes Acc: 80.95
INFO >> Epoch: 20  |  Layer: 12  |  Train Loss: 0.338 | Train Acc: 90.41  |  Val Loss: 0.513 | Val Acc: 79.44  |  Test Loss: 0.550 | Tes Acc: 76.19
INFO >> Epoch: 20  |  Layer: 13  |  Train Loss: 0.340 | Train Acc: 90.41  |  Val Loss: 0.500 | Val Acc: 79.44  |  Test Loss: 0.480 | Tes Acc: 80.95

INFO >> Epoch: 21  |  Layer: 01  |  Train Loss: 0.644 | Train Acc: 75.58  |  Val Loss: 1.247 | Val Acc: 61.68  |  Test Loss: 1.154 | Tes Acc: 63.10
INFO >> Epoch: 21  |  Layer: 02  |  Train Loss: 0.633 | Train Acc: 73.26  |  Val Loss: 1.310 | Val Acc: 56.07  |  Test Loss: 1.175 | Tes Acc: 65.48
INFO >> Epoch: 21  |  Layer: 03  |  Train Loss: 0.597 | Train Acc: 75.87  |  Val Loss: 1.078 | Val Acc: 64.49  |  Test Loss: 0.977 | Tes Acc: 66.67
INFO >> Epoch: 21  |  Layer: 04  |  Train Loss: 0.568 | Train Acc: 77.62  |  Val Loss: 0.908 | Val Acc: 68.22  |  Test Loss: 0.949 | Tes Acc: 69.05
INFO >> Epoch: 21  |  Layer: 05  |  Train Loss: 0.509 | Train Acc: 83.14  |  Val Loss: 0.749 | Val Acc: 76.64  |  Test Loss: 0.745 | Tes Acc: 76.19
INFO >> Epoch: 21  |  Layer: 06  |  Train Loss: 0.460 | Train Acc: 84.01  |  Val Loss: 0.630 | Val Acc: 80.37  |  Test Loss: 0.661 | Tes Acc: 78.57
INFO >> Epoch: 21  |  Layer: 07  |  Train Loss: 0.415 | Train Acc: 84.88  |  Val Loss: 0.605 | Val Acc: 80.37  |  Test Loss: 0.550 | Tes Acc: 82.14
INFO >> Epoch: 21  |  Layer: 08  |  Train Loss: 0.404 | Train Acc: 85.17  |  Val Loss: 0.553 | Val Acc: 80.37  |  Test Loss: 0.476 | Tes Acc: 82.14
INFO >> Epoch: 21  |  Layer: 09  |  Train Loss: 0.428 | Train Acc: 85.17  |  Val Loss: 0.714 | Val Acc: 74.77  |  Test Loss: 0.744 | Tes Acc: 80.95
INFO >> Epoch: 21  |  Layer: 10  |  Train Loss: 0.378 | Train Acc: 88.37  |  Val Loss: 0.579 | Val Acc: 79.44  |  Test Loss: 0.579 | Tes Acc: 84.52
INFO >> Epoch: 21  |  Layer: 11  |  Train Loss: 0.367 | Train Acc: 87.50  |  Val Loss: 0.540 | Val Acc: 83.18  |  Test Loss: 0.537 | Tes Acc: 85.71
INFO >> Epoch: 21  |  Layer: 12  |  Train Loss: 0.363 | Train Acc: 87.21  |  Val Loss: 0.657 | Val Acc: 80.37  |  Test Loss: 0.629 | Tes Acc: 84.52
INFO >> Epoch: 21  |  Layer: 13  |  Train Loss: 0.362 | Train Acc: 85.76  |  Val Loss: 0.564 | Val Acc: 80.37  |  Test Loss: 0.493 | Tes Acc: 85.71

INFO >> Epoch: 22  |  Layer: 01  |  Train Loss: 0.515 | Train Acc: 83.43  |  Val Loss: 0.949 | Val Acc: 59.81  |  Test Loss: 1.154 | Tes Acc: 61.90
INFO >> Epoch: 22  |  Layer: 02  |  Train Loss: 0.555 | Train Acc: 79.07  |  Val Loss: 1.098 | Val Acc: 60.75  |  Test Loss: 1.150 | Tes Acc: 60.71
INFO >> Epoch: 22  |  Layer: 03  |  Train Loss: 0.526 | Train Acc: 80.81  |  Val Loss: 0.835 | Val Acc: 67.29  |  Test Loss: 0.919 | Tes Acc: 64.29
INFO >> Epoch: 22  |  Layer: 04  |  Train Loss: 0.512 | Train Acc: 80.23  |  Val Loss: 0.816 | Val Acc: 68.22  |  Test Loss: 0.741 | Tes Acc: 65.48
INFO >> Epoch: 22  |  Layer: 05  |  Train Loss: 0.443 | Train Acc: 85.17  |  Val Loss: 0.684 | Val Acc: 71.96  |  Test Loss: 0.669 | Tes Acc: 71.43
INFO >> Epoch: 22  |  Layer: 06  |  Train Loss: 0.418 | Train Acc: 84.30  |  Val Loss: 0.640 | Val Acc: 72.90  |  Test Loss: 0.617 | Tes Acc: 72.62
INFO >> Epoch: 22  |  Layer: 07  |  Train Loss: 0.378 | Train Acc: 86.05  |  Val Loss: 0.602 | Val Acc: 74.77  |  Test Loss: 0.499 | Tes Acc: 77.38
INFO >> Epoch: 22  |  Layer: 08  |  Train Loss: 0.395 | Train Acc: 84.88  |  Val Loss: 0.554 | Val Acc: 76.64  |  Test Loss: 0.447 | Tes Acc: 82.14
INFO >> Epoch: 22  |  Layer: 09  |  Train Loss: 0.400 | Train Acc: 86.34  |  Val Loss: 0.538 | Val Acc: 77.57  |  Test Loss: 0.511 | Tes Acc: 78.57
INFO >> Epoch: 22  |  Layer: 10  |  Train Loss: 0.351 | Train Acc: 87.21  |  Val Loss: 0.488 | Val Acc: 81.31  |  Test Loss: 0.419 | Tes Acc: 85.71
INFO >> Epoch: 22  |  Layer: 11  |  Train Loss: 0.337 | Train Acc: 88.08  |  Val Loss: 0.459 | Val Acc: 84.11  |  Test Loss: 0.413 | Tes Acc: 83.33
INFO >> Epoch: 22  |  Layer: 12  |  Train Loss: 0.329 | Train Acc: 88.08  |  Val Loss: 0.500 | Val Acc: 82.24  |  Test Loss: 0.463 | Tes Acc: 82.14
INFO >> Epoch: 22  |  Layer: 13  |  Train Loss: 0.328 | Train Acc: 88.08  |  Val Loss: 0.537 | Val Acc: 75.70  |  Test Loss: 0.504 | Tes Acc: 82.14

INFO >> Epoch: 23  |  Layer: 01  |  Train Loss: 0.478 | Train Acc: 80.81  |  Val Loss: 1.073 | Val Acc: 64.49  |  Test Loss: 1.169 | Tes Acc: 59.52
INFO >> Epoch: 23  |  Layer: 02  |  Train Loss: 0.522 | Train Acc: 81.40  |  Val Loss: 1.161 | Val Acc: 57.01  |  Test Loss: 1.210 | Tes Acc: 60.71
INFO >> Epoch: 23  |  Layer: 03  |  Train Loss: 0.495 | Train Acc: 79.94  |  Val Loss: 1.070 | Val Acc: 61.68  |  Test Loss: 1.165 | Tes Acc: 64.29
INFO >> Epoch: 23  |  Layer: 04  |  Train Loss: 0.480 | Train Acc: 82.85  |  Val Loss: 0.949 | Val Acc: 66.36  |  Test Loss: 0.982 | Tes Acc: 67.86
INFO >> Epoch: 23  |  Layer: 05  |  Train Loss: 0.419 | Train Acc: 86.05  |  Val Loss: 0.771 | Val Acc: 70.09  |  Test Loss: 0.868 | Tes Acc: 71.43
INFO >> Epoch: 23  |  Layer: 06  |  Train Loss: 0.391 | Train Acc: 86.92  |  Val Loss: 0.653 | Val Acc: 74.77  |  Test Loss: 0.737 | Tes Acc: 75.00
INFO >> Epoch: 23  |  Layer: 07  |  Train Loss: 0.359 | Train Acc: 86.34  |  Val Loss: 0.625 | Val Acc: 74.77  |  Test Loss: 0.640 | Tes Acc: 75.00
INFO >> Epoch: 23  |  Layer: 08  |  Train Loss: 0.364 | Train Acc: 86.05  |  Val Loss: 0.535 | Val Acc: 77.57  |  Test Loss: 0.538 | Tes Acc: 78.57
INFO >> Epoch: 23  |  Layer: 09  |  Train Loss: 0.345 | Train Acc: 87.50  |  Val Loss: 0.571 | Val Acc: 77.57  |  Test Loss: 0.614 | Tes Acc: 80.95
INFO >> Epoch: 23  |  Layer: 10  |  Train Loss: 0.326 | Train Acc: 86.92  |  Val Loss: 0.491 | Val Acc: 81.31  |  Test Loss: 0.455 | Tes Acc: 84.52
INFO >> Epoch: 23  |  Layer: 11  |  Train Loss: 0.290 | Train Acc: 89.24  |  Val Loss: 0.469 | Val Acc: 83.18  |  Test Loss: 0.436 | Tes Acc: 86.90
INFO >> Epoch: 23  |  Layer: 12  |  Train Loss: 0.302 | Train Acc: 88.66  |  Val Loss: 0.550 | Val Acc: 79.44  |  Test Loss: 0.516 | Tes Acc: 83.33
INFO >> Epoch: 23  |  Layer: 13  |  Train Loss: 0.303 | Train Acc: 88.66  |  Val Loss: 0.548 | Val Acc: 76.64  |  Test Loss: 0.513 | Tes Acc: 83.33

INFO >> Epoch: 24  |  Layer: 01  |  Train Loss: 0.543 | Train Acc: 78.78  |  Val Loss: 1.122 | Val Acc: 61.68  |  Test Loss: 1.101 | Tes Acc: 58.33
INFO >> Epoch: 24  |  Layer: 02  |  Train Loss: 0.550 | Train Acc: 80.23  |  Val Loss: 1.072 | Val Acc: 64.49  |  Test Loss: 1.030 | Tes Acc: 61.90
INFO >> Epoch: 24  |  Layer: 03  |  Train Loss: 0.541 | Train Acc: 80.52  |  Val Loss: 0.914 | Val Acc: 73.83  |  Test Loss: 0.858 | Tes Acc: 65.48
INFO >> Epoch: 24  |  Layer: 04  |  Train Loss: 0.486 | Train Acc: 83.14  |  Val Loss: 0.860 | Val Acc: 71.03  |  Test Loss: 0.860 | Tes Acc: 65.48
INFO >> Epoch: 24  |  Layer: 05  |  Train Loss: 0.430 | Train Acc: 84.59  |  Val Loss: 0.806 | Val Acc: 67.29  |  Test Loss: 0.896 | Tes Acc: 66.67
INFO >> Epoch: 24  |  Layer: 06  |  Train Loss: 0.375 | Train Acc: 86.92  |  Val Loss: 0.610 | Val Acc: 76.64  |  Test Loss: 0.651 | Tes Acc: 78.57
INFO >> Epoch: 24  |  Layer: 07  |  Train Loss: 0.338 | Train Acc: 88.95  |  Val Loss: 0.616 | Val Acc: 73.83  |  Test Loss: 0.627 | Tes Acc: 76.19
INFO >> Epoch: 24  |  Layer: 08  |  Train Loss: 0.318 | Train Acc: 88.37  |  Val Loss: 0.698 | Val Acc: 66.36  |  Test Loss: 0.699 | Tes Acc: 69.05
INFO >> Epoch: 24  |  Layer: 09  |  Train Loss: 0.330 | Train Acc: 90.70  |  Val Loss: 0.507 | Val Acc: 77.57  |  Test Loss: 0.553 | Tes Acc: 76.19
INFO >> Epoch: 24  |  Layer: 10  |  Train Loss: 0.300 | Train Acc: 90.41  |  Val Loss: 0.625 | Val Acc: 68.22  |  Test Loss: 0.609 | Tes Acc: 72.62
INFO >> Epoch: 24  |  Layer: 11  |  Train Loss: 0.270 | Train Acc: 91.57  |  Val Loss: 0.542 | Val Acc: 73.83  |  Test Loss: 0.537 | Tes Acc: 76.19
INFO >> Epoch: 24  |  Layer: 12  |  Train Loss: 0.286 | Train Acc: 92.15  |  Val Loss: 0.508 | Val Acc: 77.57  |  Test Loss: 0.484 | Tes Acc: 76.19
INFO >> Epoch: 24  |  Layer: 13  |  Train Loss: 0.280 | Train Acc: 91.28  |  Val Loss: 0.580 | Val Acc: 74.77  |  Test Loss: 0.527 | Tes Acc: 75.00

INFO >> Epoch: 25  |  Layer: 01  |  Train Loss: 0.533 | Train Acc: 78.20  |  Val Loss: 1.009 | Val Acc: 67.29  |  Test Loss: 1.336 | Tes Acc: 54.76
INFO >> Epoch: 25  |  Layer: 02  |  Train Loss: 0.545 | Train Acc: 77.33  |  Val Loss: 1.018 | Val Acc: 62.62  |  Test Loss: 1.416 | Tes Acc: 60.71
INFO >> Epoch: 25  |  Layer: 03  |  Train Loss: 0.544 | Train Acc: 78.78  |  Val Loss: 0.888 | Val Acc: 72.90  |  Test Loss: 1.307 | Tes Acc: 59.52
INFO >> Epoch: 25  |  Layer: 04  |  Train Loss: 0.480 | Train Acc: 82.56  |  Val Loss: 0.807 | Val Acc: 73.83  |  Test Loss: 0.948 | Tes Acc: 69.05
INFO >> Epoch: 25  |  Layer: 05  |  Train Loss: 0.448 | Train Acc: 82.56  |  Val Loss: 0.703 | Val Acc: 77.57  |  Test Loss: 0.906 | Tes Acc: 70.24
INFO >> Epoch: 25  |  Layer: 06  |  Train Loss: 0.393 | Train Acc: 84.01  |  Val Loss: 0.613 | Val Acc: 82.24  |  Test Loss: 0.752 | Tes Acc: 70.24
INFO >> Epoch: 25  |  Layer: 07  |  Train Loss: 0.356 | Train Acc: 86.92  |  Val Loss: 0.584 | Val Acc: 80.37  |  Test Loss: 0.550 | Tes Acc: 78.57
INFO >> Epoch: 25  |  Layer: 08  |  Train Loss: 0.353 | Train Acc: 85.76  |  Val Loss: 0.471 | Val Acc: 81.31  |  Test Loss: 0.500 | Tes Acc: 78.57
INFO >> Epoch: 25  |  Layer: 09  |  Train Loss: 0.303 | Train Acc: 90.41  |  Val Loss: 0.468 | Val Acc: 85.05  |  Test Loss: 0.482 | Tes Acc: 79.76
INFO >> Epoch: 25  |  Layer: 10  |  Train Loss: 0.320 | Train Acc: 89.24  |  Val Loss: 0.430 | Val Acc: 84.11  |  Test Loss: 0.467 | Tes Acc: 82.14
INFO >> Epoch: 25  |  Layer: 11  |  Train Loss: 0.285 | Train Acc: 90.41  |  Val Loss: 0.395 | Val Acc: 85.98  |  Test Loss: 0.435 | Tes Acc: 85.71
INFO >> Epoch: 25  |  Layer: 12  |  Train Loss: 0.288 | Train Acc: 91.28  |  Val Loss: 0.457 | Val Acc: 85.05  |  Test Loss: 0.398 | Tes Acc: 85.71
INFO >> Epoch: 25  |  Layer: 13  |  Train Loss: 0.291 | Train Acc: 90.41  |  Val Loss: 0.486 | Val Acc: 80.37  |  Test Loss: 0.380 | Tes Acc: 85.71

INFO >> Epoch: 26  |  Layer: 01  |  Train Loss: 0.465 | Train Acc: 84.59  |  Val Loss: 0.838 | Val Acc: 68.22  |  Test Loss: 1.045 | Tes Acc: 65.48
INFO >> Epoch: 26  |  Layer: 02  |  Train Loss: 0.466 | Train Acc: 84.01  |  Val Loss: 0.910 | Val Acc: 60.75  |  Test Loss: 0.988 | Tes Acc: 67.86
INFO >> Epoch: 26  |  Layer: 03  |  Train Loss: 0.470 | Train Acc: 82.85  |  Val Loss: 0.810 | Val Acc: 65.42  |  Test Loss: 0.948 | Tes Acc: 71.43
INFO >> Epoch: 26  |  Layer: 04  |  Train Loss: 0.431 | Train Acc: 85.76  |  Val Loss: 0.767 | Val Acc: 68.22  |  Test Loss: 0.821 | Tes Acc: 75.00
INFO >> Epoch: 26  |  Layer: 05  |  Train Loss: 0.377 | Train Acc: 90.12  |  Val Loss: 0.682 | Val Acc: 77.57  |  Test Loss: 0.747 | Tes Acc: 77.38
INFO >> Epoch: 26  |  Layer: 06  |  Train Loss: 0.331 | Train Acc: 90.41  |  Val Loss: 0.578 | Val Acc: 79.44  |  Test Loss: 0.708 | Tes Acc: 82.14
INFO >> Epoch: 26  |  Layer: 07  |  Train Loss: 0.289 | Train Acc: 91.28  |  Val Loss: 0.606 | Val Acc: 76.64  |  Test Loss: 0.594 | Tes Acc: 80.95
INFO >> Epoch: 26  |  Layer: 08  |  Train Loss: 0.304 | Train Acc: 88.08  |  Val Loss: 0.469 | Val Acc: 79.44  |  Test Loss: 0.452 | Tes Acc: 82.14
INFO >> Epoch: 26  |  Layer: 09  |  Train Loss: 0.269 | Train Acc: 93.02  |  Val Loss: 0.500 | Val Acc: 82.24  |  Test Loss: 0.477 | Tes Acc: 84.52
INFO >> Epoch: 26  |  Layer: 10  |  Train Loss: 0.272 | Train Acc: 91.86  |  Val Loss: 0.442 | Val Acc: 83.18  |  Test Loss: 0.422 | Tes Acc: 83.33
INFO >> Epoch: 26  |  Layer: 11  |  Train Loss: 0.249 | Train Acc: 93.02  |  Val Loss: 0.425 | Val Acc: 83.18  |  Test Loss: 0.416 | Tes Acc: 84.52
INFO >> Epoch: 26  |  Layer: 12  |  Train Loss: 0.249 | Train Acc: 92.44  |  Val Loss: 0.486 | Val Acc: 82.24  |  Test Loss: 0.400 | Tes Acc: 84.52
INFO >> Epoch: 26  |  Layer: 13  |  Train Loss: 0.234 | Train Acc: 93.31  |  Val Loss: 0.496 | Val Acc: 79.44  |  Test Loss: 0.388 | Tes Acc: 86.90

INFO >> Epoch: 27  |  Layer: 01  |  Train Loss: 0.507 | Train Acc: 81.10  |  Val Loss: 1.236 | Val Acc: 62.62  |  Test Loss: 1.212 | Tes Acc: 57.14
INFO >> Epoch: 27  |  Layer: 02  |  Train Loss: 0.490 | Train Acc: 80.52  |  Val Loss: 1.207 | Val Acc: 64.49  |  Test Loss: 1.145 | Tes Acc: 58.33
INFO >> Epoch: 27  |  Layer: 03  |  Train Loss: 0.484 | Train Acc: 81.10  |  Val Loss: 0.976 | Val Acc: 67.29  |  Test Loss: 0.962 | Tes Acc: 64.29
INFO >> Epoch: 27  |  Layer: 04  |  Train Loss: 0.422 | Train Acc: 83.43  |  Val Loss: 0.778 | Val Acc: 76.64  |  Test Loss: 0.805 | Tes Acc: 66.67
INFO >> Epoch: 27  |  Layer: 05  |  Train Loss: 0.385 | Train Acc: 85.17  |  Val Loss: 0.805 | Val Acc: 71.03  |  Test Loss: 0.793 | Tes Acc: 61.90
INFO >> Epoch: 27  |  Layer: 06  |  Train Loss: 0.308 | Train Acc: 88.66  |  Val Loss: 0.613 | Val Acc: 74.77  |  Test Loss: 0.626 | Tes Acc: 71.43
INFO >> Epoch: 27  |  Layer: 07  |  Train Loss: 0.284 | Train Acc: 88.95  |  Val Loss: 0.588 | Val Acc: 77.57  |  Test Loss: 0.564 | Tes Acc: 75.00
INFO >> Epoch: 27  |  Layer: 08  |  Train Loss: 0.267 | Train Acc: 91.86  |  Val Loss: 0.474 | Val Acc: 81.31  |  Test Loss: 0.439 | Tes Acc: 82.14
INFO >> Epoch: 27  |  Layer: 09  |  Train Loss: 0.253 | Train Acc: 91.28  |  Val Loss: 0.512 | Val Acc: 76.64  |  Test Loss: 0.410 | Tes Acc: 82.14
INFO >> Epoch: 27  |  Layer: 10  |  Train Loss: 0.237 | Train Acc: 92.44  |  Val Loss: 0.462 | Val Acc: 81.31  |  Test Loss: 0.363 | Tes Acc: 88.10
INFO >> Epoch: 27  |  Layer: 11  |  Train Loss: 0.216 | Train Acc: 92.15  |  Val Loss: 0.469 | Val Acc: 78.50  |  Test Loss: 0.339 | Tes Acc: 88.10
INFO >> Epoch: 27  |  Layer: 12  |  Train Loss: 0.229 | Train Acc: 92.44  |  Val Loss: 0.481 | Val Acc: 82.24  |  Test Loss: 0.360 | Tes Acc: 86.90
INFO >> Epoch: 27  |  Layer: 13  |  Train Loss: 0.222 | Train Acc: 92.44  |  Val Loss: 0.540 | Val Acc: 79.44  |  Test Loss: 0.425 | Tes Acc: 79.76

INFO >> Epoch: 28  |  Layer: 01  |  Train Loss: 0.465 | Train Acc: 81.98  |  Val Loss: 1.027 | Val Acc: 68.22  |  Test Loss: 0.776 | Tes Acc: 71.43
INFO >> Epoch: 28  |  Layer: 02  |  Train Loss: 0.448 | Train Acc: 81.69  |  Val Loss: 1.038 | Val Acc: 69.16  |  Test Loss: 0.826 | Tes Acc: 71.43
INFO >> Epoch: 28  |  Layer: 03  |  Train Loss: 0.445 | Train Acc: 82.85  |  Val Loss: 0.898 | Val Acc: 75.70  |  Test Loss: 0.746 | Tes Acc: 73.81
INFO >> Epoch: 28  |  Layer: 04  |  Train Loss: 0.371 | Train Acc: 86.34  |  Val Loss: 0.767 | Val Acc: 75.70  |  Test Loss: 0.729 | Tes Acc: 73.81
INFO >> Epoch: 28  |  Layer: 05  |  Train Loss: 0.370 | Train Acc: 86.63  |  Val Loss: 0.656 | Val Acc: 76.64  |  Test Loss: 0.673 | Tes Acc: 75.00
INFO >> Epoch: 28  |  Layer: 06  |  Train Loss: 0.289 | Train Acc: 92.15  |  Val Loss: 0.564 | Val Acc: 81.31  |  Test Loss: 0.661 | Tes Acc: 76.19
INFO >> Epoch: 28  |  Layer: 07  |  Train Loss: 0.270 | Train Acc: 90.99  |  Val Loss: 0.584 | Val Acc: 79.44  |  Test Loss: 0.587 | Tes Acc: 78.57
INFO >> Epoch: 28  |  Layer: 08  |  Train Loss: 0.263 | Train Acc: 93.60  |  Val Loss: 0.476 | Val Acc: 84.11  |  Test Loss: 0.461 | Tes Acc: 83.33
INFO >> Epoch: 28  |  Layer: 09  |  Train Loss: 0.267 | Train Acc: 92.15  |  Val Loss: 0.485 | Val Acc: 85.05  |  Test Loss: 0.481 | Tes Acc: 82.14
INFO >> Epoch: 28  |  Layer: 10  |  Train Loss: 0.240 | Train Acc: 93.31  |  Val Loss: 0.436 | Val Acc: 83.18  |  Test Loss: 0.399 | Tes Acc: 84.52
INFO >> Epoch: 28  |  Layer: 11  |  Train Loss: 0.225 | Train Acc: 93.60  |  Val Loss: 0.463 | Val Acc: 82.24  |  Test Loss: 0.392 | Tes Acc: 86.90
INFO >> Epoch: 28  |  Layer: 12  |  Train Loss: 0.226 | Train Acc: 93.31  |  Val Loss: 0.503 | Val Acc: 82.24  |  Test Loss: 0.426 | Tes Acc: 84.52
INFO >> Epoch: 28  |  Layer: 13  |  Train Loss: 0.212 | Train Acc: 92.73  |  Val Loss: 0.552 | Val Acc: 81.31  |  Test Loss: 0.478 | Tes Acc: 84.52

INFO >> Epoch: 29  |  Layer: 01  |  Train Loss: 0.419 | Train Acc: 84.30  |  Val Loss: 0.897 | Val Acc: 65.42  |  Test Loss: 1.048 | Tes Acc: 64.29
INFO >> Epoch: 29  |  Layer: 02  |  Train Loss: 0.377 | Train Acc: 86.05  |  Val Loss: 0.895 | Val Acc: 73.83  |  Test Loss: 0.993 | Tes Acc: 61.90
INFO >> Epoch: 29  |  Layer: 03  |  Train Loss: 0.364 | Train Acc: 87.21  |  Val Loss: 0.795 | Val Acc: 75.70  |  Test Loss: 0.940 | Tes Acc: 65.48
INFO >> Epoch: 29  |  Layer: 04  |  Train Loss: 0.327 | Train Acc: 88.95  |  Val Loss: 0.704 | Val Acc: 76.64  |  Test Loss: 0.721 | Tes Acc: 76.19
INFO >> Epoch: 29  |  Layer: 05  |  Train Loss: 0.289 | Train Acc: 92.15  |  Val Loss: 0.616 | Val Acc: 77.57  |  Test Loss: 0.724 | Tes Acc: 72.62
INFO >> Epoch: 29  |  Layer: 06  |  Train Loss: 0.238 | Train Acc: 93.90  |  Val Loss: 0.493 | Val Acc: 82.24  |  Test Loss: 0.634 | Tes Acc: 79.76
INFO >> Epoch: 29  |  Layer: 07  |  Train Loss: 0.210 | Train Acc: 95.06  |  Val Loss: 0.502 | Val Acc: 80.37  |  Test Loss: 0.528 | Tes Acc: 77.38
INFO >> Epoch: 29  |  Layer: 08  |  Train Loss: 0.212 | Train Acc: 95.35  |  Val Loss: 0.457 | Val Acc: 78.50  |  Test Loss: 0.497 | Tes Acc: 80.95
INFO >> Epoch: 29  |  Layer: 09  |  Train Loss: 0.207 | Train Acc: 94.48  |  Val Loss: 0.455 | Val Acc: 82.24  |  Test Loss: 0.501 | Tes Acc: 82.14
INFO >> Epoch: 29  |  Layer: 10  |  Train Loss: 0.196 | Train Acc: 93.60  |  Val Loss: 0.396 | Val Acc: 85.98  |  Test Loss: 0.422 | Tes Acc: 85.71
INFO >> Epoch: 29  |  Layer: 11  |  Train Loss: 0.180 | Train Acc: 94.48  |  Val Loss: 0.346 | Val Acc: 88.79  |  Test Loss: 0.325 | Tes Acc: 86.90
INFO >> Epoch: 29  |  Layer: 12  |  Train Loss: 0.180 | Train Acc: 94.48  |  Val Loss: 0.429 | Val Acc: 85.05  |  Test Loss: 0.398 | Tes Acc: 84.52
INFO >> Epoch: 29  |  Layer: 13  |  Train Loss: 0.173 | Train Acc: 94.77  |  Val Loss: 0.466 | Val Acc: 80.37  |  Test Loss: 0.389 | Tes Acc: 86.90

INFO >> Epoch: 30  |  Layer: 01  |  Train Loss: 0.410 | Train Acc: 84.01  |  Val Loss: 0.996 | Val Acc: 67.29  |  Test Loss: 1.113 | Tes Acc: 64.29
INFO >> Epoch: 30  |  Layer: 02  |  Train Loss: 0.372 | Train Acc: 87.50  |  Val Loss: 0.878 | Val Acc: 67.29  |  Test Loss: 0.983 | Tes Acc: 65.48
INFO >> Epoch: 30  |  Layer: 03  |  Train Loss: 0.355 | Train Acc: 88.66  |  Val Loss: 0.779 | Val Acc: 75.70  |  Test Loss: 0.832 | Tes Acc: 71.43
INFO >> Epoch: 30  |  Layer: 04  |  Train Loss: 0.320 | Train Acc: 89.83  |  Val Loss: 0.697 | Val Acc: 78.50  |  Test Loss: 0.723 | Tes Acc: 77.38
INFO >> Epoch: 30  |  Layer: 05  |  Train Loss: 0.289 | Train Acc: 91.28  |  Val Loss: 0.634 | Val Acc: 81.31  |  Test Loss: 0.683 | Tes Acc: 77.38
INFO >> Epoch: 30  |  Layer: 06  |  Train Loss: 0.228 | Train Acc: 94.48  |  Val Loss: 0.559 | Val Acc: 86.92  |  Test Loss: 0.682 | Tes Acc: 78.57
INFO >> Epoch: 30  |  Layer: 07  |  Train Loss: 0.207 | Train Acc: 95.06  |  Val Loss: 0.541 | Val Acc: 83.18  |  Test Loss: 0.552 | Tes Acc: 80.95
INFO >> Epoch: 30  |  Layer: 08  |  Train Loss: 0.200 | Train Acc: 94.77  |  Val Loss: 0.444 | Val Acc: 82.24  |  Test Loss: 0.462 | Tes Acc: 82.14
INFO >> Epoch: 30  |  Layer: 09  |  Train Loss: 0.193 | Train Acc: 95.35  |  Val Loss: 0.506 | Val Acc: 85.98  |  Test Loss: 0.535 | Tes Acc: 80.95
INFO >> Epoch: 30  |  Layer: 10  |  Train Loss: 0.173 | Train Acc: 96.22  |  Val Loss: 0.436 | Val Acc: 86.92  |  Test Loss: 0.423 | Tes Acc: 88.10
INFO >> Epoch: 30  |  Layer: 11  |  Train Loss: 0.167 | Train Acc: 97.38  |  Val Loss: 0.378 | Val Acc: 88.79  |  Test Loss: 0.349 | Tes Acc: 85.71
INFO >> Epoch: 30  |  Layer: 12  |  Train Loss: 0.160 | Train Acc: 96.80  |  Val Loss: 0.456 | Val Acc: 88.79  |  Test Loss: 0.383 | Tes Acc: 84.52
INFO >> Epoch: 30  |  Layer: 13  |  Train Loss: 0.155 | Train Acc: 96.80  |  Val Loss: 0.490 | Val Acc: 83.18  |  Test Loss: 0.408 | Tes Acc: 84.52



INFO >> Time Taken: 04:36

INFO >> Layer: 01  |  Best Val Acc: 68.22  |  Best Test Acc: 65.48
INFO >> Layer: 02  |  Best Val Acc: 73.83  |  Best Test Acc: 61.90
INFO >> Layer: 03  |  Best Val Acc: 75.70  |  Best Test Acc: 73.81
INFO >> Layer: 04  |  Best Val Acc: 78.50  |  Best Test Acc: 77.38
INFO >> Layer: 05  |  Best Val Acc: 81.31  |  Best Test Acc: 77.38
INFO >> Layer: 06  |  Best Val Acc: 86.92  |  Best Test Acc: 78.57
INFO >> Layer: 07  |  Best Val Acc: 83.18  |  Best Test Acc: 80.95
INFO >> Layer: 08  |  Best Val Acc: 84.11  |  Best Test Acc: 80.95
INFO >> Layer: 09  |  Best Val Acc: 85.98  |  Best Test Acc: 80.95
INFO >> Layer: 10  |  Best Val Acc: 86.92  |  Best Test Acc: 88.10
INFO >> Layer: 11  |  Best Val Acc: 88.79  |  Best Test Acc: 86.90
INFO >> Layer: 12  |  Best Val Acc: 88.79  |  Best Test Acc: 84.52
INFO >> Layer: 13  |  Best Val Acc: 83.18  |  Best Test Acc: 84.52

DEBUG >> Last state saved
INFO >> Mixing Weights (softmax): 
1.0
[0.5888954401016235, 0.4111045300960541]
[0.40018731355667114, 0.29316720366477966, 0.3066454529762268]
[0.2820158302783966, 0.22294937074184418, 0.244454026222229, 0.250580757856369]
[0.22587379813194275, 0.1712421178817749, 0.19427789747714996, 0.20762018859386444, 0.20098596811294556]
[0.1910611093044281, 0.13910722732543945, 0.1598736196756363, 0.17381545901298523, 0.1707374006509781, 0.16540515422821045]
[0.16023828089237213, 0.11756548285484314, 0.13482283055782318, 0.1458616852760315, 0.14589686691761017, 0.14665454626083374, 0.14896027743816376]
[0.14109207689762115, 0.10183168947696686, 0.11588820070028305, 0.12352032959461212, 0.12424920499324799, 0.13089214265346527, 0.13826781511306763, 0.12425857782363892]
[0.12710042297840118, 0.0905924066901207, 0.10064233839511871, 0.10681332647800446, 0.10853743553161621, 0.11526904255151749, 0.12389437109231949, 0.11566150188446045, 0.11148908734321594]
[0.11265599727630615, 0.08041583001613617, 0.08902321755886078, 0.09409495443105698, 0.09420913457870483, 0.10086894035339355, 0.11250235885381699, 0.10750697553157806, 0.10588634759187698, 0.10283620655536652]
[0.10091854631900787, 0.07295878976583481, 0.07835975289344788, 0.08280355483293533, 0.08412430435419083, 0.0890512466430664, 0.10215728729963303, 0.09781459718942642, 0.09757689386606216, 0.0992119163274765, 0.09502312541007996]
[0.09432390332221985, 0.06698901206254959, 0.07288220524787903, 0.07517585158348083, 0.0756165012717247, 0.07948003709316254, 0.09179754555225372, 0.08841770887374878, 0.09011602401733398, 0.09146185219287872, 0.0902087464928627, 0.08353058248758316]
[0.08775825798511505, 0.06211645156145096, 0.06645908951759338, 0.06740909069776535, 0.06775765120983124, 0.07095453888177872, 0.08236400038003922, 0.07974326610565186, 0.08373723179101944, 0.08413086831569672, 0.08390586078166962, 0.08117572963237762, 0.08248793333768845]


INFO >> History saved (./history/v1.5/EmoDB/FX_HUBERT_BASE_CLF_CM_PROBING_DENSE/Run1/history.pt)
