
--------------------------------------------------
Multilingual SER System v1.4
--------------------------------------------------
Run Name      : Run4
Fx Model      : HUBERT_BASE
Clf Model     : PROBING
Extract Mode  : gpu_memory
Dataset       : AESDD
Device        : gpu
Epochs        : 30
Num Workers   : 3
Data Dir      : ./data
History Dir   : ./history
Weights Dir   : ./weights
Log Level     : debug
Purge Cache   : False
Job Name      : Job354
Job Id        : 30913133
GPU           : Quadro RTX 8000
GPU Count     : 1
GPU Memory    : 44.49 GB

Timestamp : 2023-03-11 12:20:44.953374

INFO >> Running on CUDA


INFO >> Training Classifier

INFO >> Epoch: 1  |  Layer:  1  |  Train Loss: 1.655 | Train Acc: 21.14  |  Val Loss: 1.652 | Val Acc: 21.21  |  Test Loss: 1.653 | Tes Acc: 25.12
INFO >> Epoch: 1  |  Layer:  2  |  Train Loss: 1.617 | Train Acc: 19.80  |  Val Loss: 1.591 | Val Acc: 18.18  |  Test Loss: 1.603 | Tes Acc: 18.36
INFO >> Epoch: 1  |  Layer:  3  |  Train Loss: 1.621 | Train Acc: 20.47  |  Val Loss: 1.592 | Val Acc: 27.27  |  Test Loss: 1.601 | Tes Acc: 18.36
INFO >> Epoch: 1  |  Layer:  4  |  Train Loss: 1.617 | Train Acc: 20.47  |  Val Loss: 1.593 | Val Acc: 37.37  |  Test Loss: 1.595 | Tes Acc: 20.77
INFO >> Epoch: 1  |  Layer:  5  |  Train Loss: 1.614 | Train Acc: 20.13  |  Val Loss: 1.594 | Val Acc: 20.20  |  Test Loss: 1.598 | Tes Acc: 20.29
INFO >> Epoch: 1  |  Layer:  6  |  Train Loss: 1.618 | Train Acc: 22.15  |  Val Loss: 1.594 | Val Acc: 24.24  |  Test Loss: 1.595 | Tes Acc: 27.54
INFO >> Epoch: 1  |  Layer:  7  |  Train Loss: 1.611 | Train Acc: 21.81  |  Val Loss: 1.578 | Val Acc: 21.21  |  Test Loss: 1.585 | Tes Acc: 28.99
INFO >> Epoch: 1  |  Layer:  8  |  Train Loss: 1.612 | Train Acc: 20.47  |  Val Loss: 1.576 | Val Acc: 25.25  |  Test Loss: 1.586 | Tes Acc: 28.50
INFO >> Epoch: 1  |  Layer:  9  |  Train Loss: 1.610 | Train Acc: 23.49  |  Val Loss: 1.585 | Val Acc: 18.18  |  Test Loss: 1.586 | Tes Acc: 24.64
INFO >> Epoch: 1  |  Layer: 10  |  Train Loss: 1.610 | Train Acc: 20.13  |  Val Loss: 1.583 | Val Acc: 21.21  |  Test Loss: 1.586 | Tes Acc: 26.57
INFO >> Epoch: 1  |  Layer: 11  |  Train Loss: 1.612 | Train Acc: 20.81  |  Val Loss: 1.587 | Val Acc: 22.22  |  Test Loss: 1.591 | Tes Acc: 19.32
INFO >> Epoch: 1  |  Layer: 12  |  Train Loss: 1.611 | Train Acc: 20.81  |  Val Loss: 1.591 | Val Acc: 28.28  |  Test Loss: 1.595 | Tes Acc: 19.32
INFO >> Epoch: 1  |  Layer: 13  |  Train Loss: 1.618 | Train Acc: 20.81  |  Val Loss: 1.591 | Val Acc: 31.31  |  Test Loss: 1.594 | Tes Acc: 22.22

INFO >> Epoch: 2  |  Layer:  1  |  Train Loss: 1.599 | Train Acc: 23.83  |  Val Loss: 1.623 | Val Acc: 24.24  |  Test Loss: 1.567 | Tes Acc: 28.02
INFO >> Epoch: 2  |  Layer:  2  |  Train Loss: 1.585 | Train Acc: 30.20  |  Val Loss: 1.587 | Val Acc: 41.41  |  Test Loss: 1.593 | Tes Acc: 24.15
INFO >> Epoch: 2  |  Layer:  3  |  Train Loss: 1.587 | Train Acc: 31.54  |  Val Loss: 1.588 | Val Acc: 36.36  |  Test Loss: 1.587 | Tes Acc: 26.57
INFO >> Epoch: 2  |  Layer:  4  |  Train Loss: 1.578 | Train Acc: 32.55  |  Val Loss: 1.584 | Val Acc: 36.36  |  Test Loss: 1.575 | Tes Acc: 36.23
INFO >> Epoch: 2  |  Layer:  5  |  Train Loss: 1.572 | Train Acc: 32.55  |  Val Loss: 1.590 | Val Acc: 31.31  |  Test Loss: 1.577 | Tes Acc: 45.89
INFO >> Epoch: 2  |  Layer:  6  |  Train Loss: 1.578 | Train Acc: 37.25  |  Val Loss: 1.587 | Val Acc: 46.46  |  Test Loss: 1.578 | Tes Acc: 39.61
INFO >> Epoch: 2  |  Layer:  7  |  Train Loss: 1.561 | Train Acc: 46.31  |  Val Loss: 1.553 | Val Acc: 30.30  |  Test Loss: 1.553 | Tes Acc: 39.61
INFO >> Epoch: 2  |  Layer:  8  |  Train Loss: 1.567 | Train Acc: 36.24  |  Val Loss: 1.556 | Val Acc: 38.38  |  Test Loss: 1.561 | Tes Acc: 39.61
INFO >> Epoch: 2  |  Layer:  9  |  Train Loss: 1.563 | Train Acc: 44.63  |  Val Loss: 1.568 | Val Acc: 47.47  |  Test Loss: 1.558 | Tes Acc: 45.89
INFO >> Epoch: 2  |  Layer: 10  |  Train Loss: 1.560 | Train Acc: 41.95  |  Val Loss: 1.562 | Val Acc: 39.39  |  Test Loss: 1.560 | Tes Acc: 33.82
INFO >> Epoch: 2  |  Layer: 11  |  Train Loss: 1.562 | Train Acc: 38.26  |  Val Loss: 1.565 | Val Acc: 37.37  |  Test Loss: 1.560 | Tes Acc: 30.43
INFO >> Epoch: 2  |  Layer: 12  |  Train Loss: 1.561 | Train Acc: 38.26  |  Val Loss: 1.571 | Val Acc: 31.31  |  Test Loss: 1.571 | Tes Acc: 28.02
INFO >> Epoch: 2  |  Layer: 13  |  Train Loss: 1.573 | Train Acc: 34.90  |  Val Loss: 1.581 | Val Acc: 36.36  |  Test Loss: 1.569 | Tes Acc: 27.54

INFO >> Epoch: 3  |  Layer:  1  |  Train Loss: 1.564 | Train Acc: 26.51  |  Val Loss: 1.654 | Val Acc: 25.25  |  Test Loss: 1.563 | Tes Acc: 26.57
INFO >> Epoch: 3  |  Layer:  2  |  Train Loss: 1.553 | Train Acc: 38.93  |  Val Loss: 1.578 | Val Acc: 40.40  |  Test Loss: 1.579 | Tes Acc: 31.40
INFO >> Epoch: 3  |  Layer:  3  |  Train Loss: 1.553 | Train Acc: 38.93  |  Val Loss: 1.571 | Val Acc: 34.34  |  Test Loss: 1.567 | Tes Acc: 26.57
INFO >> Epoch: 3  |  Layer:  4  |  Train Loss: 1.544 | Train Acc: 36.58  |  Val Loss: 1.566 | Val Acc: 35.35  |  Test Loss: 1.551 | Tes Acc: 33.33
INFO >> Epoch: 3  |  Layer:  5  |  Train Loss: 1.534 | Train Acc: 43.62  |  Val Loss: 1.575 | Val Acc: 34.34  |  Test Loss: 1.554 | Tes Acc: 39.61
INFO >> Epoch: 3  |  Layer:  6  |  Train Loss: 1.543 | Train Acc: 33.89  |  Val Loss: 1.567 | Val Acc: 39.39  |  Test Loss: 1.552 | Tes Acc: 39.13
INFO >> Epoch: 3  |  Layer:  7  |  Train Loss: 1.507 | Train Acc: 49.66  |  Val Loss: 1.514 | Val Acc: 61.62  |  Test Loss: 1.508 | Tes Acc: 56.52
INFO >> Epoch: 3  |  Layer:  8  |  Train Loss: 1.519 | Train Acc: 45.64  |  Val Loss: 1.519 | Val Acc: 66.67  |  Test Loss: 1.523 | Tes Acc: 55.56
INFO >> Epoch: 3  |  Layer:  9  |  Train Loss: 1.510 | Train Acc: 53.36  |  Val Loss: 1.536 | Val Acc: 66.67  |  Test Loss: 1.518 | Tes Acc: 52.66
INFO >> Epoch: 3  |  Layer: 10  |  Train Loss: 1.503 | Train Acc: 51.01  |  Val Loss: 1.531 | Val Acc: 57.58  |  Test Loss: 1.521 | Tes Acc: 47.34
INFO >> Epoch: 3  |  Layer: 11  |  Train Loss: 1.506 | Train Acc: 49.33  |  Val Loss: 1.534 | Val Acc: 52.53  |  Test Loss: 1.523 | Tes Acc: 42.51
INFO >> Epoch: 3  |  Layer: 12  |  Train Loss: 1.510 | Train Acc: 48.32  |  Val Loss: 1.544 | Val Acc: 39.39  |  Test Loss: 1.541 | Tes Acc: 38.65
INFO >> Epoch: 3  |  Layer: 13  |  Train Loss: 1.525 | Train Acc: 39.60  |  Val Loss: 1.554 | Val Acc: 45.45  |  Test Loss: 1.542 | Tes Acc: 40.10

INFO >> Epoch: 4  |  Layer:  1  |  Train Loss: 1.523 | Train Acc: 31.21  |  Val Loss: 1.626 | Val Acc: 32.32  |  Test Loss: 1.539 | Tes Acc: 28.50
INFO >> Epoch: 4  |  Layer:  2  |  Train Loss: 1.521 | Train Acc: 45.30  |  Val Loss: 1.569 | Val Acc: 42.42  |  Test Loss: 1.563 | Tes Acc: 33.82
INFO >> Epoch: 4  |  Layer:  3  |  Train Loss: 1.519 | Train Acc: 46.31  |  Val Loss: 1.556 | Val Acc: 54.55  |  Test Loss: 1.546 | Tes Acc: 47.34
INFO >> Epoch: 4  |  Layer:  4  |  Train Loss: 1.497 | Train Acc: 49.66  |  Val Loss: 1.555 | Val Acc: 31.31  |  Test Loss: 1.523 | Tes Acc: 44.44
INFO >> Epoch: 4  |  Layer:  5  |  Train Loss: 1.485 | Train Acc: 54.03  |  Val Loss: 1.560 | Val Acc: 41.41  |  Test Loss: 1.529 | Tes Acc: 39.61
INFO >> Epoch: 4  |  Layer:  6  |  Train Loss: 1.498 | Train Acc: 48.32  |  Val Loss: 1.545 | Val Acc: 58.59  |  Test Loss: 1.523 | Tes Acc: 43.00
INFO >> Epoch: 4  |  Layer:  7  |  Train Loss: 1.437 | Train Acc: 61.07  |  Val Loss: 1.468 | Val Acc: 62.63  |  Test Loss: 1.458 | Tes Acc: 52.66
INFO >> Epoch: 4  |  Layer:  8  |  Train Loss: 1.458 | Train Acc: 61.07  |  Val Loss: 1.476 | Val Acc: 64.65  |  Test Loss: 1.483 | Tes Acc: 53.62
INFO >> Epoch: 4  |  Layer:  9  |  Train Loss: 1.447 | Train Acc: 54.70  |  Val Loss: 1.499 | Val Acc: 54.55  |  Test Loss: 1.477 | Tes Acc: 50.24
INFO >> Epoch: 4  |  Layer: 10  |  Train Loss: 1.442 | Train Acc: 58.39  |  Val Loss: 1.496 | Val Acc: 51.52  |  Test Loss: 1.482 | Tes Acc: 43.96
INFO >> Epoch: 4  |  Layer: 11  |  Train Loss: 1.445 | Train Acc: 61.41  |  Val Loss: 1.498 | Val Acc: 45.45  |  Test Loss: 1.485 | Tes Acc: 39.61
INFO >> Epoch: 4  |  Layer: 12  |  Train Loss: 1.449 | Train Acc: 53.69  |  Val Loss: 1.507 | Val Acc: 41.41  |  Test Loss: 1.511 | Tes Acc: 36.71
INFO >> Epoch: 4  |  Layer: 13  |  Train Loss: 1.476 | Train Acc: 45.97  |  Val Loss: 1.535 | Val Acc: 42.42  |  Test Loss: 1.516 | Tes Acc: 38.65

INFO >> Epoch: 5  |  Layer:  1  |  Train Loss: 1.518 | Train Acc: 31.88  |  Val Loss: 1.654 | Val Acc: 33.33  |  Test Loss: 1.530 | Tes Acc: 28.50
INFO >> Epoch: 5  |  Layer:  2  |  Train Loss: 1.495 | Train Acc: 40.60  |  Val Loss: 1.563 | Val Acc: 40.40  |  Test Loss: 1.547 | Tes Acc: 30.92
INFO >> Epoch: 5  |  Layer:  3  |  Train Loss: 1.489 | Train Acc: 44.97  |  Val Loss: 1.538 | Val Acc: 49.49  |  Test Loss: 1.524 | Tes Acc: 42.03
INFO >> Epoch: 5  |  Layer:  4  |  Train Loss: 1.463 | Train Acc: 39.26  |  Val Loss: 1.521 | Val Acc: 42.42  |  Test Loss: 1.488 | Tes Acc: 39.13
INFO >> Epoch: 5  |  Layer:  5  |  Train Loss: 1.450 | Train Acc: 39.93  |  Val Loss: 1.538 | Val Acc: 40.40  |  Test Loss: 1.499 | Tes Acc: 42.51
INFO >> Epoch: 5  |  Layer:  6  |  Train Loss: 1.463 | Train Acc: 41.95  |  Val Loss: 1.516 | Val Acc: 67.68  |  Test Loss: 1.489 | Tes Acc: 46.86
INFO >> Epoch: 5  |  Layer:  7  |  Train Loss: 1.380 | Train Acc: 52.68  |  Val Loss: 1.420 | Val Acc: 59.60  |  Test Loss: 1.405 | Tes Acc: 53.62
INFO >> Epoch: 5  |  Layer:  8  |  Train Loss: 1.411 | Train Acc: 46.98  |  Val Loss: 1.424 | Val Acc: 63.64  |  Test Loss: 1.436 | Tes Acc: 50.72
INFO >> Epoch: 5  |  Layer:  9  |  Train Loss: 1.400 | Train Acc: 47.32  |  Val Loss: 1.458 | Val Acc: 53.54  |  Test Loss: 1.434 | Tes Acc: 48.79
INFO >> Epoch: 5  |  Layer: 10  |  Train Loss: 1.401 | Train Acc: 46.31  |  Val Loss: 1.452 | Val Acc: 54.55  |  Test Loss: 1.445 | Tes Acc: 42.51
INFO >> Epoch: 5  |  Layer: 11  |  Train Loss: 1.402 | Train Acc: 46.31  |  Val Loss: 1.450 | Val Acc: 46.46  |  Test Loss: 1.444 | Tes Acc: 38.65
INFO >> Epoch: 5  |  Layer: 12  |  Train Loss: 1.406 | Train Acc: 47.65  |  Val Loss: 1.469 | Val Acc: 44.44  |  Test Loss: 1.476 | Tes Acc: 37.20
INFO >> Epoch: 5  |  Layer: 13  |  Train Loss: 1.448 | Train Acc: 41.61  |  Val Loss: 1.491 | Val Acc: 49.49  |  Test Loss: 1.486 | Tes Acc: 36.23

INFO >> Epoch: 6  |  Layer:  1  |  Train Loss: 1.507 | Train Acc: 33.56  |  Val Loss: 1.633 | Val Acc: 30.30  |  Test Loss: 1.525 | Tes Acc: 28.99
INFO >> Epoch: 6  |  Layer:  2  |  Train Loss: 1.454 | Train Acc: 46.98  |  Val Loss: 1.553 | Val Acc: 41.41  |  Test Loss: 1.533 | Tes Acc: 35.27
INFO >> Epoch: 6  |  Layer:  3  |  Train Loss: 1.446 | Train Acc: 54.03  |  Val Loss: 1.514 | Val Acc: 52.53  |  Test Loss: 1.498 | Tes Acc: 45.89
INFO >> Epoch: 6  |  Layer:  4  |  Train Loss: 1.408 | Train Acc: 56.38  |  Val Loss: 1.501 | Val Acc: 42.42  |  Test Loss: 1.452 | Tes Acc: 49.76
INFO >> Epoch: 6  |  Layer:  5  |  Train Loss: 1.400 | Train Acc: 53.69  |  Val Loss: 1.519 | Val Acc: 41.41  |  Test Loss: 1.469 | Tes Acc: 45.89
INFO >> Epoch: 6  |  Layer:  6  |  Train Loss: 1.412 | Train Acc: 56.04  |  Val Loss: 1.489 | Val Acc: 58.59  |  Test Loss: 1.452 | Tes Acc: 53.14
INFO >> Epoch: 6  |  Layer:  7  |  Train Loss: 1.303 | Train Acc: 67.11  |  Val Loss: 1.373 | Val Acc: 66.67  |  Test Loss: 1.347 | Tes Acc: 59.42
INFO >> Epoch: 6  |  Layer:  8  |  Train Loss: 1.339 | Train Acc: 65.10  |  Val Loss: 1.380 | Val Acc: 71.72  |  Test Loss: 1.385 | Tes Acc: 58.45
INFO >> Epoch: 6  |  Layer:  9  |  Train Loss: 1.325 | Train Acc: 62.42  |  Val Loss: 1.423 | Val Acc: 56.57  |  Test Loss: 1.388 | Tes Acc: 56.52
INFO >> Epoch: 6  |  Layer: 10  |  Train Loss: 1.324 | Train Acc: 63.09  |  Val Loss: 1.416 | Val Acc: 58.59  |  Test Loss: 1.406 | Tes Acc: 47.34
INFO >> Epoch: 6  |  Layer: 11  |  Train Loss: 1.322 | Train Acc: 60.74  |  Val Loss: 1.410 | Val Acc: 55.56  |  Test Loss: 1.409 | Tes Acc: 41.55
INFO >> Epoch: 6  |  Layer: 12  |  Train Loss: 1.336 | Train Acc: 63.76  |  Val Loss: 1.426 | Val Acc: 47.47  |  Test Loss: 1.450 | Tes Acc: 41.06
INFO >> Epoch: 6  |  Layer: 13  |  Train Loss: 1.392 | Train Acc: 53.02  |  Val Loss: 1.453 | Val Acc: 46.46  |  Test Loss: 1.461 | Tes Acc: 39.13

INFO >> Epoch: 7  |  Layer:  1  |  Train Loss: 1.483 | Train Acc: 32.89  |  Val Loss: 1.593 | Val Acc: 29.29  |  Test Loss: 1.522 | Tes Acc: 29.47
INFO >> Epoch: 7  |  Layer:  2  |  Train Loss: 1.416 | Train Acc: 48.66  |  Val Loss: 1.544 | Val Acc: 35.35  |  Test Loss: 1.518 | Tes Acc: 34.30
INFO >> Epoch: 7  |  Layer:  3  |  Train Loss: 1.401 | Train Acc: 55.70  |  Val Loss: 1.489 | Val Acc: 45.45  |  Test Loss: 1.472 | Tes Acc: 46.38
INFO >> Epoch: 7  |  Layer:  4  |  Train Loss: 1.354 | Train Acc: 59.73  |  Val Loss: 1.478 | Val Acc: 46.46  |  Test Loss: 1.419 | Tes Acc: 55.07
INFO >> Epoch: 7  |  Layer:  5  |  Train Loss: 1.347 | Train Acc: 62.75  |  Val Loss: 1.493 | Val Acc: 49.49  |  Test Loss: 1.442 | Tes Acc: 50.24
INFO >> Epoch: 7  |  Layer:  6  |  Train Loss: 1.354 | Train Acc: 64.09  |  Val Loss: 1.458 | Val Acc: 57.58  |  Test Loss: 1.417 | Tes Acc: 56.04
INFO >> Epoch: 7  |  Layer:  7  |  Train Loss: 1.221 | Train Acc: 75.50  |  Val Loss: 1.320 | Val Acc: 62.63  |  Test Loss: 1.292 | Tes Acc: 56.52
INFO >> Epoch: 7  |  Layer:  8  |  Train Loss: 1.267 | Train Acc: 69.13  |  Val Loss: 1.323 | Val Acc: 68.69  |  Test Loss: 1.338 | Tes Acc: 56.52
INFO >> Epoch: 7  |  Layer:  9  |  Train Loss: 1.262 | Train Acc: 67.11  |  Val Loss: 1.387 | Val Acc: 54.55  |  Test Loss: 1.351 | Tes Acc: 52.66
INFO >> Epoch: 7  |  Layer: 10  |  Train Loss: 1.266 | Train Acc: 69.13  |  Val Loss: 1.381 | Val Acc: 51.52  |  Test Loss: 1.375 | Tes Acc: 46.38
INFO >> Epoch: 7  |  Layer: 11  |  Train Loss: 1.261 | Train Acc: 65.77  |  Val Loss: 1.366 | Val Acc: 49.49  |  Test Loss: 1.379 | Tes Acc: 40.10
INFO >> Epoch: 7  |  Layer: 12  |  Train Loss: 1.267 | Train Acc: 59.06  |  Val Loss: 1.390 | Val Acc: 45.45  |  Test Loss: 1.424 | Tes Acc: 39.61
INFO >> Epoch: 7  |  Layer: 13  |  Train Loss: 1.335 | Train Acc: 50.34  |  Val Loss: 1.426 | Val Acc: 43.43  |  Test Loss: 1.440 | Tes Acc: 35.75

INFO >> Epoch: 8  |  Layer:  1  |  Train Loss: 1.486 | Train Acc: 36.24  |  Val Loss: 1.657 | Val Acc: 30.30  |  Test Loss: 1.510 | Tes Acc: 28.99
INFO >> Epoch: 8  |  Layer:  2  |  Train Loss: 1.376 | Train Acc: 52.68  |  Val Loss: 1.533 | Val Acc: 36.36  |  Test Loss: 1.494 | Tes Acc: 35.75
INFO >> Epoch: 8  |  Layer:  3  |  Train Loss: 1.358 | Train Acc: 59.73  |  Val Loss: 1.462 | Val Acc: 44.44  |  Test Loss: 1.441 | Tes Acc: 44.44
INFO >> Epoch: 8  |  Layer:  4  |  Train Loss: 1.295 | Train Acc: 64.09  |  Val Loss: 1.441 | Val Acc: 50.51  |  Test Loss: 1.382 | Tes Acc: 51.21
INFO >> Epoch: 8  |  Layer:  5  |  Train Loss: 1.287 | Train Acc: 67.79  |  Val Loss: 1.451 | Val Acc: 52.53  |  Test Loss: 1.408 | Tes Acc: 46.86
INFO >> Epoch: 8  |  Layer:  6  |  Train Loss: 1.296 | Train Acc: 65.10  |  Val Loss: 1.414 | Val Acc: 63.64  |  Test Loss: 1.374 | Tes Acc: 53.14
INFO >> Epoch: 8  |  Layer:  7  |  Train Loss: 1.139 | Train Acc: 76.17  |  Val Loss: 1.259 | Val Acc: 60.61  |  Test Loss: 1.231 | Tes Acc: 57.00
INFO >> Epoch: 8  |  Layer:  8  |  Train Loss: 1.191 | Train Acc: 73.15  |  Val Loss: 1.263 | Val Acc: 69.70  |  Test Loss: 1.283 | Tes Acc: 55.56
INFO >> Epoch: 8  |  Layer:  9  |  Train Loss: 1.178 | Train Acc: 70.13  |  Val Loss: 1.337 | Val Acc: 52.53  |  Test Loss: 1.303 | Tes Acc: 50.72
INFO >> Epoch: 8  |  Layer: 10  |  Train Loss: 1.189 | Train Acc: 69.80  |  Val Loss: 1.339 | Val Acc: 49.49  |  Test Loss: 1.339 | Tes Acc: 45.89
INFO >> Epoch: 8  |  Layer: 11  |  Train Loss: 1.181 | Train Acc: 71.14  |  Val Loss: 1.311 | Val Acc: 52.53  |  Test Loss: 1.333 | Tes Acc: 43.48
INFO >> Epoch: 8  |  Layer: 12  |  Train Loss: 1.193 | Train Acc: 69.13  |  Val Loss: 1.329 | Val Acc: 49.49  |  Test Loss: 1.376 | Tes Acc: 42.03
INFO >> Epoch: 8  |  Layer: 13  |  Train Loss: 1.291 | Train Acc: 57.05  |  Val Loss: 1.373 | Val Acc: 49.49  |  Test Loss: 1.398 | Tes Acc: 39.13

INFO >> Epoch: 9  |  Layer:  1  |  Train Loss: 1.429 | Train Acc: 32.89  |  Val Loss: 1.648 | Val Acc: 33.33  |  Test Loss: 1.521 | Tes Acc: 25.60
INFO >> Epoch: 9  |  Layer:  2  |  Train Loss: 1.330 | Train Acc: 54.70  |  Val Loss: 1.504 | Val Acc: 40.40  |  Test Loss: 1.475 | Tes Acc: 34.30
INFO >> Epoch: 9  |  Layer:  3  |  Train Loss: 1.304 | Train Acc: 56.71  |  Val Loss: 1.425 | Val Acc: 45.45  |  Test Loss: 1.407 | Tes Acc: 50.24
INFO >> Epoch: 9  |  Layer:  4  |  Train Loss: 1.233 | Train Acc: 60.74  |  Val Loss: 1.406 | Val Acc: 58.59  |  Test Loss: 1.348 | Tes Acc: 54.59
INFO >> Epoch: 9  |  Layer:  5  |  Train Loss: 1.235 | Train Acc: 59.06  |  Val Loss: 1.416 | Val Acc: 62.63  |  Test Loss: 1.376 | Tes Acc: 53.14
INFO >> Epoch: 9  |  Layer:  6  |  Train Loss: 1.233 | Train Acc: 62.75  |  Val Loss: 1.374 | Val Acc: 66.67  |  Test Loss: 1.333 | Tes Acc: 56.52
INFO >> Epoch: 9  |  Layer:  7  |  Train Loss: 1.064 | Train Acc: 76.51  |  Val Loss: 1.204 | Val Acc: 63.64  |  Test Loss: 1.174 | Tes Acc: 57.49
INFO >> Epoch: 9  |  Layer:  8  |  Train Loss: 1.117 | Train Acc: 73.49  |  Val Loss: 1.205 | Val Acc: 72.73  |  Test Loss: 1.228 | Tes Acc: 62.32
INFO >> Epoch: 9  |  Layer:  9  |  Train Loss: 1.134 | Train Acc: 69.13  |  Val Loss: 1.295 | Val Acc: 55.56  |  Test Loss: 1.262 | Tes Acc: 53.14
INFO >> Epoch: 9  |  Layer: 10  |  Train Loss: 1.148 | Train Acc: 67.45  |  Val Loss: 1.288 | Val Acc: 51.52  |  Test Loss: 1.298 | Tes Acc: 48.31
INFO >> Epoch: 9  |  Layer: 11  |  Train Loss: 1.132 | Train Acc: 70.81  |  Val Loss: 1.258 | Val Acc: 56.57  |  Test Loss: 1.301 | Tes Acc: 43.48
INFO >> Epoch: 9  |  Layer: 12  |  Train Loss: 1.138 | Train Acc: 68.79  |  Val Loss: 1.279 | Val Acc: 51.52  |  Test Loss: 1.347 | Tes Acc: 41.06
INFO >> Epoch: 9  |  Layer: 13  |  Train Loss: 1.234 | Train Acc: 58.72  |  Val Loss: 1.314 | Val Acc: 56.57  |  Test Loss: 1.360 | Tes Acc: 47.34

INFO >> Epoch: 10  |  Layer:  1  |  Train Loss: 1.449 | Train Acc: 40.27  |  Val Loss: 1.587 | Val Acc: 40.40  |  Test Loss: 1.490 | Tes Acc: 36.23
INFO >> Epoch: 10  |  Layer:  2  |  Train Loss: 1.297 | Train Acc: 60.40  |  Val Loss: 1.513 | Val Acc: 42.42  |  Test Loss: 1.455 | Tes Acc: 37.68
INFO >> Epoch: 10  |  Layer:  3  |  Train Loss: 1.268 | Train Acc: 63.09  |  Val Loss: 1.401 | Val Acc: 42.42  |  Test Loss: 1.379 | Tes Acc: 52.66
INFO >> Epoch: 10  |  Layer:  4  |  Train Loss: 1.197 | Train Acc: 64.09  |  Val Loss: 1.383 | Val Acc: 57.58  |  Test Loss: 1.317 | Tes Acc: 57.97
INFO >> Epoch: 10  |  Layer:  5  |  Train Loss: 1.190 | Train Acc: 72.48  |  Val Loss: 1.395 | Val Acc: 58.59  |  Test Loss: 1.351 | Tes Acc: 50.24
INFO >> Epoch: 10  |  Layer:  6  |  Train Loss: 1.181 | Train Acc: 70.81  |  Val Loss: 1.347 | Val Acc: 60.61  |  Test Loss: 1.296 | Tes Acc: 58.45
INFO >> Epoch: 10  |  Layer:  7  |  Train Loss: 0.996 | Train Acc: 77.52  |  Val Loss: 1.161 | Val Acc: 67.68  |  Test Loss: 1.132 | Tes Acc: 57.00
INFO >> Epoch: 10  |  Layer:  8  |  Train Loss: 1.056 | Train Acc: 77.85  |  Val Loss: 1.156 | Val Acc: 72.73  |  Test Loss: 1.187 | Tes Acc: 64.25
INFO >> Epoch: 10  |  Layer:  9  |  Train Loss: 1.057 | Train Acc: 70.13  |  Val Loss: 1.253 | Val Acc: 59.60  |  Test Loss: 1.232 | Tes Acc: 57.00
INFO >> Epoch: 10  |  Layer: 10  |  Train Loss: 1.080 | Train Acc: 71.48  |  Val Loss: 1.253 | Val Acc: 59.60  |  Test Loss: 1.272 | Tes Acc: 51.21
INFO >> Epoch: 10  |  Layer: 11  |  Train Loss: 1.067 | Train Acc: 70.81  |  Val Loss: 1.223 | Val Acc: 66.67  |  Test Loss: 1.268 | Tes Acc: 44.93
INFO >> Epoch: 10  |  Layer: 12  |  Train Loss: 1.073 | Train Acc: 72.15  |  Val Loss: 1.237 | Val Acc: 58.59  |  Test Loss: 1.309 | Tes Acc: 43.96
INFO >> Epoch: 10  |  Layer: 13  |  Train Loss: 1.196 | Train Acc: 62.75  |  Val Loss: 1.274 | Val Acc: 57.58  |  Test Loss: 1.345 | Tes Acc: 39.13

INFO >> Epoch: 11  |  Layer:  1  |  Train Loss: 1.416 | Train Acc: 40.27  |  Val Loss: 1.623 | Val Acc: 26.26  |  Test Loss: 1.517 | Tes Acc: 28.99
INFO >> Epoch: 11  |  Layer:  2  |  Train Loss: 1.244 | Train Acc: 61.07  |  Val Loss: 1.503 | Val Acc: 40.40  |  Test Loss: 1.445 | Tes Acc: 38.65
INFO >> Epoch: 11  |  Layer:  3  |  Train Loss: 1.210 | Train Acc: 63.09  |  Val Loss: 1.382 | Val Acc: 42.42  |  Test Loss: 1.357 | Tes Acc: 47.34
INFO >> Epoch: 11  |  Layer:  4  |  Train Loss: 1.134 | Train Acc: 68.46  |  Val Loss: 1.359 | Val Acc: 51.52  |  Test Loss: 1.303 | Tes Acc: 50.72
INFO >> Epoch: 11  |  Layer:  5  |  Train Loss: 1.139 | Train Acc: 71.14  |  Val Loss: 1.373 | Val Acc: 51.52  |  Test Loss: 1.338 | Tes Acc: 50.24
INFO >> Epoch: 11  |  Layer:  6  |  Train Loss: 1.123 | Train Acc: 70.81  |  Val Loss: 1.317 | Val Acc: 60.61  |  Test Loss: 1.277 | Tes Acc: 53.62
INFO >> Epoch: 11  |  Layer:  7  |  Train Loss: 0.921 | Train Acc: 78.19  |  Val Loss: 1.108 | Val Acc: 68.69  |  Test Loss: 1.090 | Tes Acc: 57.49
INFO >> Epoch: 11  |  Layer:  8  |  Train Loss: 0.994 | Train Acc: 78.86  |  Val Loss: 1.104 | Val Acc: 74.75  |  Test Loss: 1.149 | Tes Acc: 59.90
INFO >> Epoch: 11  |  Layer:  9  |  Train Loss: 1.000 | Train Acc: 73.49  |  Val Loss: 1.206 | Val Acc: 62.63  |  Test Loss: 1.202 | Tes Acc: 56.04
INFO >> Epoch: 11  |  Layer: 10  |  Train Loss: 1.024 | Train Acc: 70.81  |  Val Loss: 1.215 | Val Acc: 57.58  |  Test Loss: 1.253 | Tes Acc: 48.79
INFO >> Epoch: 11  |  Layer: 11  |  Train Loss: 1.002 | Train Acc: 74.16  |  Val Loss: 1.182 | Val Acc: 64.65  |  Test Loss: 1.241 | Tes Acc: 46.38
INFO >> Epoch: 11  |  Layer: 12  |  Train Loss: 1.001 | Train Acc: 72.48  |  Val Loss: 1.210 | Val Acc: 61.62  |  Test Loss: 1.264 | Tes Acc: 47.34
INFO >> Epoch: 11  |  Layer: 13  |  Train Loss: 1.140 | Train Acc: 62.75  |  Val Loss: 1.258 | Val Acc: 56.57  |  Test Loss: 1.305 | Tes Acc: 46.86

INFO >> Epoch: 12  |  Layer:  1  |  Train Loss: 1.405 | Train Acc: 40.60  |  Val Loss: 1.526 | Val Acc: 43.43  |  Test Loss: 1.483 | Tes Acc: 35.75
INFO >> Epoch: 12  |  Layer:  2  |  Train Loss: 1.196 | Train Acc: 62.42  |  Val Loss: 1.488 | Val Acc: 41.41  |  Test Loss: 1.423 | Tes Acc: 41.06
INFO >> Epoch: 12  |  Layer:  3  |  Train Loss: 1.159 | Train Acc: 64.77  |  Val Loss: 1.339 | Val Acc: 52.53  |  Test Loss: 1.331 | Tes Acc: 47.34
INFO >> Epoch: 12  |  Layer:  4  |  Train Loss: 1.082 | Train Acc: 71.14  |  Val Loss: 1.315 | Val Acc: 60.61  |  Test Loss: 1.258 | Tes Acc: 56.52
INFO >> Epoch: 12  |  Layer:  5  |  Train Loss: 1.092 | Train Acc: 72.82  |  Val Loss: 1.317 | Val Acc: 62.63  |  Test Loss: 1.296 | Tes Acc: 51.21
INFO >> Epoch: 12  |  Layer:  6  |  Train Loss: 1.060 | Train Acc: 75.84  |  Val Loss: 1.281 | Val Acc: 63.64  |  Test Loss: 1.226 | Tes Acc: 57.49
INFO >> Epoch: 12  |  Layer:  7  |  Train Loss: 0.853 | Train Acc: 82.89  |  Val Loss: 1.078 | Val Acc: 68.69  |  Test Loss: 1.054 | Tes Acc: 60.39
INFO >> Epoch: 12  |  Layer:  8  |  Train Loss: 0.920 | Train Acc: 85.23  |  Val Loss: 1.070 | Val Acc: 71.72  |  Test Loss: 1.105 | Tes Acc: 64.25
INFO >> Epoch: 12  |  Layer:  9  |  Train Loss: 0.935 | Train Acc: 78.86  |  Val Loss: 1.191 | Val Acc: 59.60  |  Test Loss: 1.172 | Tes Acc: 57.97
INFO >> Epoch: 12  |  Layer: 10  |  Train Loss: 0.959 | Train Acc: 78.19  |  Val Loss: 1.187 | Val Acc: 59.60  |  Test Loss: 1.212 | Tes Acc: 51.69
INFO >> Epoch: 12  |  Layer: 11  |  Train Loss: 0.946 | Train Acc: 76.85  |  Val Loss: 1.149 | Val Acc: 65.66  |  Test Loss: 1.214 | Tes Acc: 49.76
INFO >> Epoch: 12  |  Layer: 12  |  Train Loss: 0.946 | Train Acc: 78.19  |  Val Loss: 1.161 | Val Acc: 61.62  |  Test Loss: 1.264 | Tes Acc: 44.93
INFO >> Epoch: 12  |  Layer: 13  |  Train Loss: 1.076 | Train Acc: 71.81  |  Val Loss: 1.191 | Val Acc: 57.58  |  Test Loss: 1.299 | Tes Acc: 42.03

INFO >> Epoch: 13  |  Layer:  1  |  Train Loss: 1.432 | Train Acc: 43.29  |  Val Loss: 1.521 | Val Acc: 31.31  |  Test Loss: 1.531 | Tes Acc: 29.95
INFO >> Epoch: 13  |  Layer:  2  |  Train Loss: 1.194 | Train Acc: 64.09  |  Val Loss: 1.539 | Val Acc: 36.36  |  Test Loss: 1.420 | Tes Acc: 39.61
INFO >> Epoch: 13  |  Layer:  3  |  Train Loss: 1.132 | Train Acc: 66.44  |  Val Loss: 1.351 | Val Acc: 37.37  |  Test Loss: 1.319 | Tes Acc: 47.34
INFO >> Epoch: 13  |  Layer:  4  |  Train Loss: 1.060 | Train Acc: 72.48  |  Val Loss: 1.320 | Val Acc: 57.58  |  Test Loss: 1.264 | Tes Acc: 53.14
INFO >> Epoch: 13  |  Layer:  5  |  Train Loss: 1.072 | Train Acc: 70.47  |  Val Loss: 1.330 | Val Acc: 54.55  |  Test Loss: 1.304 | Tes Acc: 49.28
INFO >> Epoch: 13  |  Layer:  6  |  Train Loss: 1.047 | Train Acc: 77.18  |  Val Loss: 1.277 | Val Acc: 54.55  |  Test Loss: 1.224 | Tes Acc: 57.97
INFO >> Epoch: 13  |  Layer:  7  |  Train Loss: 0.815 | Train Acc: 85.91  |  Val Loss: 1.033 | Val Acc: 67.68  |  Test Loss: 1.020 | Tes Acc: 61.84
INFO >> Epoch: 13  |  Layer:  8  |  Train Loss: 0.888 | Train Acc: 83.56  |  Val Loss: 1.034 | Val Acc: 73.74  |  Test Loss: 1.092 | Tes Acc: 62.80
INFO >> Epoch: 13  |  Layer:  9  |  Train Loss: 0.918 | Train Acc: 77.85  |  Val Loss: 1.165 | Val Acc: 61.62  |  Test Loss: 1.170 | Tes Acc: 57.49
INFO >> Epoch: 13  |  Layer: 10  |  Train Loss: 0.942 | Train Acc: 74.83  |  Val Loss: 1.172 | Val Acc: 58.59  |  Test Loss: 1.229 | Tes Acc: 47.34
INFO >> Epoch: 13  |  Layer: 11  |  Train Loss: 0.920 | Train Acc: 76.85  |  Val Loss: 1.128 | Val Acc: 65.66  |  Test Loss: 1.214 | Tes Acc: 46.86
INFO >> Epoch: 13  |  Layer: 12  |  Train Loss: 0.920 | Train Acc: 76.85  |  Val Loss: 1.154 | Val Acc: 58.59  |  Test Loss: 1.226 | Tes Acc: 48.31
INFO >> Epoch: 13  |  Layer: 13  |  Train Loss: 1.071 | Train Acc: 68.46  |  Val Loss: 1.186 | Val Acc: 60.61  |  Test Loss: 1.269 | Tes Acc: 48.79

INFO >> Epoch: 14  |  Layer:  1  |  Train Loss: 1.397 | Train Acc: 35.23  |  Val Loss: 1.605 | Val Acc: 38.38  |  Test Loss: 1.492 | Tes Acc: 33.82
INFO >> Epoch: 14  |  Layer:  2  |  Train Loss: 1.113 | Train Acc: 62.42  |  Val Loss: 1.437 | Val Acc: 44.44  |  Test Loss: 1.395 | Tes Acc: 40.10
INFO >> Epoch: 14  |  Layer:  3  |  Train Loss: 1.052 | Train Acc: 68.79  |  Val Loss: 1.275 | Val Acc: 59.60  |  Test Loss: 1.284 | Tes Acc: 47.83
INFO >> Epoch: 14  |  Layer:  4  |  Train Loss: 0.987 | Train Acc: 74.50  |  Val Loss: 1.246 | Val Acc: 66.67  |  Test Loss: 1.211 | Tes Acc: 61.84
INFO >> Epoch: 14  |  Layer:  5  |  Train Loss: 1.003 | Train Acc: 77.52  |  Val Loss: 1.241 | Val Acc: 67.68  |  Test Loss: 1.242 | Tes Acc: 54.11
INFO >> Epoch: 14  |  Layer:  6  |  Train Loss: 0.964 | Train Acc: 78.52  |  Val Loss: 1.203 | Val Acc: 67.68  |  Test Loss: 1.161 | Tes Acc: 59.90
INFO >> Epoch: 14  |  Layer:  7  |  Train Loss: 0.745 | Train Acc: 86.24  |  Val Loss: 0.982 | Val Acc: 70.71  |  Test Loss: 0.980 | Tes Acc: 61.84
INFO >> Epoch: 14  |  Layer:  8  |  Train Loss: 0.818 | Train Acc: 83.89  |  Val Loss: 0.982 | Val Acc: 71.72  |  Test Loss: 1.035 | Tes Acc: 66.18
INFO >> Epoch: 14  |  Layer:  9  |  Train Loss: 0.848 | Train Acc: 79.19  |  Val Loss: 1.105 | Val Acc: 59.60  |  Test Loss: 1.109 | Tes Acc: 60.39
INFO >> Epoch: 14  |  Layer: 10  |  Train Loss: 0.885 | Train Acc: 80.20  |  Val Loss: 1.100 | Val Acc: 59.60  |  Test Loss: 1.151 | Tes Acc: 57.00
INFO >> Epoch: 14  |  Layer: 11  |  Train Loss: 0.865 | Train Acc: 80.54  |  Val Loss: 1.071 | Val Acc: 65.66  |  Test Loss: 1.154 | Tes Acc: 51.69
INFO >> Epoch: 14  |  Layer: 12  |  Train Loss: 0.850 | Train Acc: 79.19  |  Val Loss: 1.072 | Val Acc: 67.68  |  Test Loss: 1.188 | Tes Acc: 50.72
INFO >> Epoch: 14  |  Layer: 13  |  Train Loss: 0.996 | Train Acc: 69.13  |  Val Loss: 1.090 | Val Acc: 68.69  |  Test Loss: 1.227 | Tes Acc: 51.69

INFO >> Epoch: 15  |  Layer:  1  |  Train Loss: 1.350 | Train Acc: 44.30  |  Val Loss: 1.517 | Val Acc: 38.38  |  Test Loss: 1.485 | Tes Acc: 32.85
INFO >> Epoch: 15  |  Layer:  2  |  Train Loss: 1.070 | Train Acc: 63.42  |  Val Loss: 1.497 | Val Acc: 41.41  |  Test Loss: 1.379 | Tes Acc: 43.48
INFO >> Epoch: 15  |  Layer:  3  |  Train Loss: 1.005 | Train Acc: 67.79  |  Val Loss: 1.270 | Val Acc: 47.47  |  Test Loss: 1.264 | Tes Acc: 49.76
INFO >> Epoch: 15  |  Layer:  4  |  Train Loss: 0.915 | Train Acc: 75.17  |  Val Loss: 1.235 | Val Acc: 64.65  |  Test Loss: 1.203 | Tes Acc: 57.49
INFO >> Epoch: 15  |  Layer:  5  |  Train Loss: 0.931 | Train Acc: 77.18  |  Val Loss: 1.241 | Val Acc: 58.59  |  Test Loss: 1.240 | Tes Acc: 51.21
INFO >> Epoch: 15  |  Layer:  6  |  Train Loss: 0.882 | Train Acc: 77.52  |  Val Loss: 1.192 | Val Acc: 60.61  |  Test Loss: 1.150 | Tes Acc: 57.49
INFO >> Epoch: 15  |  Layer:  7  |  Train Loss: 0.663 | Train Acc: 87.25  |  Val Loss: 0.953 | Val Acc: 71.72  |  Test Loss: 0.953 | Tes Acc: 65.70
INFO >> Epoch: 15  |  Layer:  8  |  Train Loss: 0.722 | Train Acc: 86.91  |  Val Loss: 0.953 | Val Acc: 70.71  |  Test Loss: 1.016 | Tes Acc: 65.70
INFO >> Epoch: 15  |  Layer:  9  |  Train Loss: 0.759 | Train Acc: 78.86  |  Val Loss: 1.089 | Val Acc: 62.63  |  Test Loss: 1.109 | Tes Acc: 58.94
INFO >> Epoch: 15  |  Layer: 10  |  Train Loss: 0.790 | Train Acc: 78.52  |  Val Loss: 1.094 | Val Acc: 59.60  |  Test Loss: 1.175 | Tes Acc: 53.62
INFO >> Epoch: 15  |  Layer: 11  |  Train Loss: 0.765 | Train Acc: 79.53  |  Val Loss: 1.062 | Val Acc: 69.70  |  Test Loss: 1.166 | Tes Acc: 50.72
INFO >> Epoch: 15  |  Layer: 12  |  Train Loss: 0.765 | Train Acc: 79.19  |  Val Loss: 1.077 | Val Acc: 61.62  |  Test Loss: 1.172 | Tes Acc: 51.69
INFO >> Epoch: 15  |  Layer: 13  |  Train Loss: 0.929 | Train Acc: 69.46  |  Val Loss: 1.119 | Val Acc: 63.64  |  Test Loss: 1.227 | Tes Acc: 48.79

INFO >> Epoch: 16  |  Layer:  1  |  Train Loss: 1.340 | Train Acc: 43.29  |  Val Loss: 1.474 | Val Acc: 38.38  |  Test Loss: 1.539 | Tes Acc: 29.47
INFO >> Epoch: 16  |  Layer:  2  |  Train Loss: 1.070 | Train Acc: 67.11  |  Val Loss: 1.433 | Val Acc: 43.43  |  Test Loss: 1.373 | Tes Acc: 43.00
INFO >> Epoch: 16  |  Layer:  3  |  Train Loss: 1.006 | Train Acc: 70.13  |  Val Loss: 1.222 | Val Acc: 62.63  |  Test Loss: 1.255 | Tes Acc: 46.38
INFO >> Epoch: 16  |  Layer:  4  |  Train Loss: 0.926 | Train Acc: 77.85  |  Val Loss: 1.189 | Val Acc: 67.68  |  Test Loss: 1.167 | Tes Acc: 63.29
INFO >> Epoch: 16  |  Layer:  5  |  Train Loss: 0.937 | Train Acc: 79.19  |  Val Loss: 1.191 | Val Acc: 69.70  |  Test Loss: 1.203 | Tes Acc: 57.00
INFO >> Epoch: 16  |  Layer:  6  |  Train Loss: 0.865 | Train Acc: 81.88  |  Val Loss: 1.149 | Val Acc: 68.69  |  Test Loss: 1.111 | Tes Acc: 61.84
INFO >> Epoch: 16  |  Layer:  7  |  Train Loss: 0.664 | Train Acc: 86.24  |  Val Loss: 0.922 | Val Acc: 71.72  |  Test Loss: 0.933 | Tes Acc: 65.70
INFO >> Epoch: 16  |  Layer:  8  |  Train Loss: 0.737 | Train Acc: 86.58  |  Val Loss: 0.923 | Val Acc: 70.71  |  Test Loss: 0.993 | Tes Acc: 68.12
INFO >> Epoch: 16  |  Layer:  9  |  Train Loss: 0.774 | Train Acc: 83.22  |  Val Loss: 1.058 | Val Acc: 60.61  |  Test Loss: 1.080 | Tes Acc: 60.39
INFO >> Epoch: 16  |  Layer: 10  |  Train Loss: 0.806 | Train Acc: 82.89  |  Val Loss: 1.042 | Val Acc: 62.63  |  Test Loss: 1.113 | Tes Acc: 59.42
INFO >> Epoch: 16  |  Layer: 11  |  Train Loss: 0.798 | Train Acc: 79.19  |  Val Loss: 1.019 | Val Acc: 68.69  |  Test Loss: 1.121 | Tes Acc: 51.21
INFO >> Epoch: 16  |  Layer: 12  |  Train Loss: 0.780 | Train Acc: 81.21  |  Val Loss: 1.028 | Val Acc: 65.66  |  Test Loss: 1.173 | Tes Acc: 49.28
INFO >> Epoch: 16  |  Layer: 13  |  Train Loss: 0.940 | Train Acc: 75.50  |  Val Loss: 1.045 | Val Acc: 67.68  |  Test Loss: 1.211 | Tes Acc: 48.79

INFO >> Epoch: 17  |  Layer:  1  |  Train Loss: 1.354 | Train Acc: 43.29  |  Val Loss: 1.712 | Val Acc: 33.33  |  Test Loss: 1.503 | Tes Acc: 33.82
INFO >> Epoch: 17  |  Layer:  2  |  Train Loss: 1.043 | Train Acc: 65.77  |  Val Loss: 1.463 | Val Acc: 43.43  |  Test Loss: 1.358 | Tes Acc: 45.89
INFO >> Epoch: 17  |  Layer:  3  |  Train Loss: 0.973 | Train Acc: 73.49  |  Val Loss: 1.210 | Val Acc: 58.59  |  Test Loss: 1.237 | Tes Acc: 48.79
INFO >> Epoch: 17  |  Layer:  4  |  Train Loss: 0.879 | Train Acc: 81.88  |  Val Loss: 1.188 | Val Acc: 65.66  |  Test Loss: 1.167 | Tes Acc: 61.35
INFO >> Epoch: 17  |  Layer:  5  |  Train Loss: 0.887 | Train Acc: 82.55  |  Val Loss: 1.177 | Val Acc: 67.68  |  Test Loss: 1.197 | Tes Acc: 58.45
INFO >> Epoch: 17  |  Layer:  6  |  Train Loss: 0.825 | Train Acc: 84.56  |  Val Loss: 1.122 | Val Acc: 67.68  |  Test Loss: 1.094 | Tes Acc: 61.35
INFO >> Epoch: 17  |  Layer:  7  |  Train Loss: 0.626 | Train Acc: 87.92  |  Val Loss: 0.910 | Val Acc: 70.71  |  Test Loss: 0.911 | Tes Acc: 63.77
INFO >> Epoch: 17  |  Layer:  8  |  Train Loss: 0.675 | Train Acc: 88.26  |  Val Loss: 0.900 | Val Acc: 70.71  |  Test Loss: 0.974 | Tes Acc: 68.60
INFO >> Epoch: 17  |  Layer:  9  |  Train Loss: 0.709 | Train Acc: 85.23  |  Val Loss: 1.048 | Val Acc: 59.60  |  Test Loss: 1.063 | Tes Acc: 58.45
INFO >> Epoch: 17  |  Layer: 10  |  Train Loss: 0.736 | Train Acc: 84.23  |  Val Loss: 1.045 | Val Acc: 60.61  |  Test Loss: 1.130 | Tes Acc: 53.14
INFO >> Epoch: 17  |  Layer: 11  |  Train Loss: 0.725 | Train Acc: 84.56  |  Val Loss: 1.013 | Val Acc: 64.65  |  Test Loss: 1.136 | Tes Acc: 50.24
INFO >> Epoch: 17  |  Layer: 12  |  Train Loss: 0.713 | Train Acc: 84.23  |  Val Loss: 1.034 | Val Acc: 64.65  |  Test Loss: 1.127 | Tes Acc: 53.14
INFO >> Epoch: 17  |  Layer: 13  |  Train Loss: 0.877 | Train Acc: 74.50  |  Val Loss: 1.070 | Val Acc: 64.65  |  Test Loss: 1.181 | Tes Acc: 53.62

INFO >> Epoch: 18  |  Layer:  1  |  Train Loss: 1.347 | Train Acc: 43.29  |  Val Loss: 1.579 | Val Acc: 34.34  |  Test Loss: 1.489 | Tes Acc: 34.78
INFO >> Epoch: 18  |  Layer:  2  |  Train Loss: 0.970 | Train Acc: 68.12  |  Val Loss: 1.422 | Val Acc: 40.40  |  Test Loss: 1.364 | Tes Acc: 41.55
INFO >> Epoch: 18  |  Layer:  3  |  Train Loss: 0.895 | Train Acc: 72.82  |  Val Loss: 1.189 | Val Acc: 53.54  |  Test Loss: 1.243 | Tes Acc: 46.38
INFO >> Epoch: 18  |  Layer:  4  |  Train Loss: 0.794 | Train Acc: 81.21  |  Val Loss: 1.156 | Val Acc: 66.67  |  Test Loss: 1.156 | Tes Acc: 55.07
INFO >> Epoch: 18  |  Layer:  5  |  Train Loss: 0.810 | Train Acc: 81.21  |  Val Loss: 1.139 | Val Acc: 64.65  |  Test Loss: 1.180 | Tes Acc: 54.11
INFO >> Epoch: 18  |  Layer:  6  |  Train Loss: 0.747 | Train Acc: 84.90  |  Val Loss: 1.124 | Val Acc: 62.63  |  Test Loss: 1.086 | Tes Acc: 57.49
INFO >> Epoch: 18  |  Layer:  7  |  Train Loss: 0.548 | Train Acc: 89.60  |  Val Loss: 0.890 | Val Acc: 70.71  |  Test Loss: 0.915 | Tes Acc: 63.77
INFO >> Epoch: 18  |  Layer:  8  |  Train Loss: 0.610 | Train Acc: 87.92  |  Val Loss: 0.882 | Val Acc: 71.72  |  Test Loss: 0.970 | Tes Acc: 62.80
INFO >> Epoch: 18  |  Layer:  9  |  Train Loss: 0.651 | Train Acc: 83.89  |  Val Loss: 1.028 | Val Acc: 60.61  |  Test Loss: 1.073 | Tes Acc: 57.00
INFO >> Epoch: 18  |  Layer: 10  |  Train Loss: 0.670 | Train Acc: 82.21  |  Val Loss: 1.009 | Val Acc: 58.59  |  Test Loss: 1.105 | Tes Acc: 53.14
INFO >> Epoch: 18  |  Layer: 11  |  Train Loss: 0.658 | Train Acc: 82.89  |  Val Loss: 0.983 | Val Acc: 62.63  |  Test Loss: 1.113 | Tes Acc: 50.72
INFO >> Epoch: 18  |  Layer: 12  |  Train Loss: 0.637 | Train Acc: 85.23  |  Val Loss: 1.004 | Val Acc: 63.64  |  Test Loss: 1.136 | Tes Acc: 49.28
INFO >> Epoch: 18  |  Layer: 13  |  Train Loss: 0.793 | Train Acc: 78.19  |  Val Loss: 1.023 | Val Acc: 64.65  |  Test Loss: 1.179 | Tes Acc: 48.79

INFO >> Epoch: 19  |  Layer:  1  |  Train Loss: 1.312 | Train Acc: 42.62  |  Val Loss: 1.353 | Val Acc: 39.39  |  Test Loss: 1.586 | Tes Acc: 28.99
INFO >> Epoch: 19  |  Layer:  2  |  Train Loss: 0.974 | Train Acc: 64.43  |  Val Loss: 1.401 | Val Acc: 48.48  |  Test Loss: 1.332 | Tes Acc: 44.44
INFO >> Epoch: 19  |  Layer:  3  |  Train Loss: 0.887 | Train Acc: 70.81  |  Val Loss: 1.151 | Val Acc: 65.66  |  Test Loss: 1.199 | Tes Acc: 50.72
INFO >> Epoch: 19  |  Layer:  4  |  Train Loss: 0.789 | Train Acc: 79.87  |  Val Loss: 1.150 | Val Acc: 67.68  |  Test Loss: 1.113 | Tes Acc: 65.70
INFO >> Epoch: 19  |  Layer:  5  |  Train Loss: 0.816 | Train Acc: 79.53  |  Val Loss: 1.131 | Val Acc: 63.64  |  Test Loss: 1.144 | Tes Acc: 59.42
INFO >> Epoch: 19  |  Layer:  6  |  Train Loss: 0.745 | Train Acc: 82.55  |  Val Loss: 1.086 | Val Acc: 66.67  |  Test Loss: 1.039 | Tes Acc: 65.70
INFO >> Epoch: 19  |  Layer:  7  |  Train Loss: 0.538 | Train Acc: 87.92  |  Val Loss: 0.865 | Val Acc: 71.72  |  Test Loss: 0.857 | Tes Acc: 69.08
INFO >> Epoch: 19  |  Layer:  8  |  Train Loss: 0.593 | Train Acc: 88.59  |  Val Loss: 0.864 | Val Acc: 69.70  |  Test Loss: 0.914 | Tes Acc: 71.01
INFO >> Epoch: 19  |  Layer:  9  |  Train Loss: 0.644 | Train Acc: 83.89  |  Val Loss: 0.997 | Val Acc: 61.62  |  Test Loss: 1.010 | Tes Acc: 63.77
INFO >> Epoch: 19  |  Layer: 10  |  Train Loss: 0.660 | Train Acc: 83.56  |  Val Loss: 1.006 | Val Acc: 62.63  |  Test Loss: 1.057 | Tes Acc: 58.94
INFO >> Epoch: 19  |  Layer: 11  |  Train Loss: 0.649 | Train Acc: 83.22  |  Val Loss: 0.978 | Val Acc: 61.62  |  Test Loss: 1.075 | Tes Acc: 53.62
INFO >> Epoch: 19  |  Layer: 12  |  Train Loss: 0.623 | Train Acc: 86.58  |  Val Loss: 0.995 | Val Acc: 64.65  |  Test Loss: 1.084 | Tes Acc: 57.00
INFO >> Epoch: 19  |  Layer: 13  |  Train Loss: 0.794 | Train Acc: 77.18  |  Val Loss: 1.014 | Val Acc: 68.69  |  Test Loss: 1.146 | Tes Acc: 57.49

INFO >> Epoch: 20  |  Layer:  1  |  Train Loss: 1.322 | Train Acc: 47.65  |  Val Loss: 1.575 | Val Acc: 39.39  |  Test Loss: 1.474 | Tes Acc: 34.78
INFO >> Epoch: 20  |  Layer:  2  |  Train Loss: 0.950 | Train Acc: 68.79  |  Val Loss: 1.342 | Val Acc: 48.48  |  Test Loss: 1.333 | Tes Acc: 41.55
INFO >> Epoch: 20  |  Layer:  3  |  Train Loss: 0.871 | Train Acc: 77.52  |  Val Loss: 1.111 | Val Acc: 66.67  |  Test Loss: 1.202 | Tes Acc: 51.69
INFO >> Epoch: 20  |  Layer:  4  |  Train Loss: 0.779 | Train Acc: 81.21  |  Val Loss: 1.110 | Val Acc: 72.73  |  Test Loss: 1.118 | Tes Acc: 60.87
INFO >> Epoch: 20  |  Layer:  5  |  Train Loss: 0.793 | Train Acc: 83.22  |  Val Loss: 1.083 | Val Acc: 71.72  |  Test Loss: 1.131 | Tes Acc: 61.35
INFO >> Epoch: 20  |  Layer:  6  |  Train Loss: 0.724 | Train Acc: 85.91  |  Val Loss: 1.059 | Val Acc: 67.68  |  Test Loss: 1.031 | Tes Acc: 61.84
INFO >> Epoch: 20  |  Layer:  7  |  Train Loss: 0.538 | Train Acc: 88.93  |  Val Loss: 0.847 | Val Acc: 71.72  |  Test Loss: 0.872 | Tes Acc: 69.08
INFO >> Epoch: 20  |  Layer:  8  |  Train Loss: 0.587 | Train Acc: 89.60  |  Val Loss: 0.835 | Val Acc: 69.70  |  Test Loss: 0.930 | Tes Acc: 67.63
INFO >> Epoch: 20  |  Layer:  9  |  Train Loss: 0.631 | Train Acc: 86.24  |  Val Loss: 0.982 | Val Acc: 57.58  |  Test Loss: 1.022 | Tes Acc: 61.84
INFO >> Epoch: 20  |  Layer: 10  |  Train Loss: 0.636 | Train Acc: 86.58  |  Val Loss: 0.971 | Val Acc: 59.60  |  Test Loss: 1.055 | Tes Acc: 58.94
INFO >> Epoch: 20  |  Layer: 11  |  Train Loss: 0.630 | Train Acc: 85.91  |  Val Loss: 0.933 | Val Acc: 62.63  |  Test Loss: 1.056 | Tes Acc: 54.11
INFO >> Epoch: 20  |  Layer: 12  |  Train Loss: 0.617 | Train Acc: 85.57  |  Val Loss: 0.960 | Val Acc: 68.69  |  Test Loss: 1.072 | Tes Acc: 55.56
INFO >> Epoch: 20  |  Layer: 13  |  Train Loss: 0.782 | Train Acc: 81.88  |  Val Loss: 0.971 | Val Acc: 71.72  |  Test Loss: 1.115 | Tes Acc: 61.35

INFO >> Epoch: 21  |  Layer:  1  |  Train Loss: 1.282 | Train Acc: 50.34  |  Val Loss: 1.480 | Val Acc: 44.44  |  Test Loss: 1.457 | Tes Acc: 37.68
INFO >> Epoch: 21  |  Layer:  2  |  Train Loss: 0.917 | Train Acc: 72.15  |  Val Loss: 1.339 | Val Acc: 49.49  |  Test Loss: 1.318 | Tes Acc: 44.44
INFO >> Epoch: 21  |  Layer:  3  |  Train Loss: 0.843 | Train Acc: 79.53  |  Val Loss: 1.083 | Val Acc: 71.72  |  Test Loss: 1.179 | Tes Acc: 51.69
INFO >> Epoch: 21  |  Layer:  4  |  Train Loss: 0.739 | Train Acc: 81.88  |  Val Loss: 1.096 | Val Acc: 71.72  |  Test Loss: 1.091 | Tes Acc: 61.84
INFO >> Epoch: 21  |  Layer:  5  |  Train Loss: 0.749 | Train Acc: 82.89  |  Val Loss: 1.073 | Val Acc: 68.69  |  Test Loss: 1.118 | Tes Acc: 57.00
INFO >> Epoch: 21  |  Layer:  6  |  Train Loss: 0.675 | Train Acc: 85.23  |  Val Loss: 1.030 | Val Acc: 67.68  |  Test Loss: 1.013 | Tes Acc: 62.32
INFO >> Epoch: 21  |  Layer:  7  |  Train Loss: 0.505 | Train Acc: 87.92  |  Val Loss: 0.830 | Val Acc: 71.72  |  Test Loss: 0.842 | Tes Acc: 66.18
INFO >> Epoch: 21  |  Layer:  8  |  Train Loss: 0.543 | Train Acc: 88.59  |  Val Loss: 0.810 | Val Acc: 70.71  |  Test Loss: 0.908 | Tes Acc: 67.63
INFO >> Epoch: 21  |  Layer:  9  |  Train Loss: 0.591 | Train Acc: 86.58  |  Val Loss: 0.936 | Val Acc: 60.61  |  Test Loss: 0.993 | Tes Acc: 63.29
INFO >> Epoch: 21  |  Layer: 10  |  Train Loss: 0.608 | Train Acc: 86.91  |  Val Loss: 0.934 | Val Acc: 59.60  |  Test Loss: 1.035 | Tes Acc: 58.45
INFO >> Epoch: 21  |  Layer: 11  |  Train Loss: 0.601 | Train Acc: 84.90  |  Val Loss: 0.917 | Val Acc: 63.64  |  Test Loss: 1.055 | Tes Acc: 51.69
INFO >> Epoch: 21  |  Layer: 12  |  Train Loss: 0.590 | Train Acc: 85.57  |  Val Loss: 0.932 | Val Acc: 68.69  |  Test Loss: 1.065 | Tes Acc: 53.14
INFO >> Epoch: 21  |  Layer: 13  |  Train Loss: 0.730 | Train Acc: 81.21  |  Val Loss: 0.965 | Val Acc: 70.71  |  Test Loss: 1.123 | Tes Acc: 54.59

INFO >> Epoch: 22  |  Layer:  1  |  Train Loss: 1.261 | Train Acc: 47.32  |  Val Loss: 1.419 | Val Acc: 34.34  |  Test Loss: 1.558 | Tes Acc: 28.50
INFO >> Epoch: 22  |  Layer:  2  |  Train Loss: 0.925 | Train Acc: 66.44  |  Val Loss: 1.342 | Val Acc: 47.47  |  Test Loss: 1.330 | Tes Acc: 42.51
INFO >> Epoch: 22  |  Layer:  3  |  Train Loss: 0.834 | Train Acc: 71.48  |  Val Loss: 1.068 | Val Acc: 68.69  |  Test Loss: 1.186 | Tes Acc: 53.14
INFO >> Epoch: 22  |  Layer:  4  |  Train Loss: 0.744 | Train Acc: 78.19  |  Val Loss: 1.092 | Val Acc: 69.70  |  Test Loss: 1.104 | Tes Acc: 61.84
INFO >> Epoch: 22  |  Layer:  5  |  Train Loss: 0.747 | Train Acc: 80.20  |  Val Loss: 1.070 | Val Acc: 65.66  |  Test Loss: 1.112 | Tes Acc: 60.87
INFO >> Epoch: 22  |  Layer:  6  |  Train Loss: 0.677 | Train Acc: 81.88  |  Val Loss: 1.012 | Val Acc: 68.69  |  Test Loss: 0.994 | Tes Acc: 66.67
INFO >> Epoch: 22  |  Layer:  7  |  Train Loss: 0.506 | Train Acc: 88.93  |  Val Loss: 0.798 | Val Acc: 72.73  |  Test Loss: 0.840 | Tes Acc: 67.15
INFO >> Epoch: 22  |  Layer:  8  |  Train Loss: 0.541 | Train Acc: 87.92  |  Val Loss: 0.796 | Val Acc: 71.72  |  Test Loss: 0.887 | Tes Acc: 70.05
INFO >> Epoch: 22  |  Layer:  9  |  Train Loss: 0.590 | Train Acc: 86.91  |  Val Loss: 0.918 | Val Acc: 62.63  |  Test Loss: 0.976 | Tes Acc: 62.80
INFO >> Epoch: 22  |  Layer: 10  |  Train Loss: 0.607 | Train Acc: 83.89  |  Val Loss: 0.914 | Val Acc: 60.61  |  Test Loss: 1.009 | Tes Acc: 61.84
INFO >> Epoch: 22  |  Layer: 11  |  Train Loss: 0.606 | Train Acc: 85.23  |  Val Loss: 0.896 | Val Acc: 69.70  |  Test Loss: 1.035 | Tes Acc: 55.56
INFO >> Epoch: 22  |  Layer: 12  |  Train Loss: 0.594 | Train Acc: 83.89  |  Val Loss: 0.955 | Val Acc: 66.67  |  Test Loss: 1.030 | Tes Acc: 59.42
INFO >> Epoch: 22  |  Layer: 13  |  Train Loss: 0.738 | Train Acc: 78.19  |  Val Loss: 0.963 | Val Acc: 70.71  |  Test Loss: 1.089 | Tes Acc: 56.52

INFO >> Epoch: 23  |  Layer:  1  |  Train Loss: 1.246 | Train Acc: 50.67  |  Val Loss: 1.572 | Val Acc: 37.37  |  Test Loss: 1.515 | Tes Acc: 30.92
INFO >> Epoch: 23  |  Layer:  2  |  Train Loss: 0.861 | Train Acc: 70.81  |  Val Loss: 1.312 | Val Acc: 48.48  |  Test Loss: 1.312 | Tes Acc: 43.96
INFO >> Epoch: 23  |  Layer:  3  |  Train Loss: 0.771 | Train Acc: 78.19  |  Val Loss: 1.059 | Val Acc: 67.68  |  Test Loss: 1.177 | Tes Acc: 50.24
INFO >> Epoch: 23  |  Layer:  4  |  Train Loss: 0.664 | Train Acc: 82.55  |  Val Loss: 1.081 | Val Acc: 68.69  |  Test Loss: 1.077 | Tes Acc: 64.25
INFO >> Epoch: 23  |  Layer:  5  |  Train Loss: 0.687 | Train Acc: 83.22  |  Val Loss: 1.046 | Val Acc: 65.66  |  Test Loss: 1.109 | Tes Acc: 58.94
INFO >> Epoch: 23  |  Layer:  6  |  Train Loss: 0.612 | Train Acc: 85.57  |  Val Loss: 1.024 | Val Acc: 65.66  |  Test Loss: 0.998 | Tes Acc: 59.90
INFO >> Epoch: 23  |  Layer:  7  |  Train Loss: 0.449 | Train Acc: 90.60  |  Val Loss: 0.824 | Val Acc: 69.70  |  Test Loss: 0.844 | Tes Acc: 64.25
INFO >> Epoch: 23  |  Layer:  8  |  Train Loss: 0.486 | Train Acc: 89.93  |  Val Loss: 0.793 | Val Acc: 70.71  |  Test Loss: 0.892 | Tes Acc: 67.63
INFO >> Epoch: 23  |  Layer:  9  |  Train Loss: 0.532 | Train Acc: 88.59  |  Val Loss: 0.918 | Val Acc: 60.61  |  Test Loss: 1.007 | Tes Acc: 59.90
INFO >> Epoch: 23  |  Layer: 10  |  Train Loss: 0.555 | Train Acc: 87.25  |  Val Loss: 0.900 | Val Acc: 59.60  |  Test Loss: 1.049 | Tes Acc: 57.49
INFO >> Epoch: 23  |  Layer: 11  |  Train Loss: 0.552 | Train Acc: 86.91  |  Val Loss: 0.874 | Val Acc: 65.66  |  Test Loss: 1.055 | Tes Acc: 53.14
INFO >> Epoch: 23  |  Layer: 12  |  Train Loss: 0.542 | Train Acc: 85.91  |  Val Loss: 0.931 | Val Acc: 67.68  |  Test Loss: 1.077 | Tes Acc: 55.56
INFO >> Epoch: 23  |  Layer: 13  |  Train Loss: 0.679 | Train Acc: 82.21  |  Val Loss: 0.959 | Val Acc: 66.67  |  Test Loss: 1.148 | Tes Acc: 47.34

INFO >> Epoch: 24  |  Layer:  1  |  Train Loss: 1.228 | Train Acc: 48.66  |  Val Loss: 1.438 | Val Acc: 43.43  |  Test Loss: 1.469 | Tes Acc: 34.78
INFO >> Epoch: 24  |  Layer:  2  |  Train Loss: 0.834 | Train Acc: 74.50  |  Val Loss: 1.312 | Val Acc: 48.48  |  Test Loss: 1.322 | Tes Acc: 43.00
INFO >> Epoch: 24  |  Layer:  3  |  Train Loss: 0.750 | Train Acc: 78.19  |  Val Loss: 1.027 | Val Acc: 69.70  |  Test Loss: 1.170 | Tes Acc: 49.28
INFO >> Epoch: 24  |  Layer:  4  |  Train Loss: 0.648 | Train Acc: 83.22  |  Val Loss: 1.055 | Val Acc: 71.72  |  Test Loss: 1.058 | Tes Acc: 61.35
INFO >> Epoch: 24  |  Layer:  5  |  Train Loss: 0.660 | Train Acc: 83.22  |  Val Loss: 1.035 | Val Acc: 65.66  |  Test Loss: 1.087 | Tes Acc: 58.94
INFO >> Epoch: 24  |  Layer:  6  |  Train Loss: 0.576 | Train Acc: 86.58  |  Val Loss: 0.981 | Val Acc: 69.70  |  Test Loss: 0.964 | Tes Acc: 63.77
INFO >> Epoch: 24  |  Layer:  7  |  Train Loss: 0.431 | Train Acc: 87.58  |  Val Loss: 0.792 | Val Acc: 69.70  |  Test Loss: 0.821 | Tes Acc: 70.05
INFO >> Epoch: 24  |  Layer:  8  |  Train Loss: 0.471 | Train Acc: 91.28  |  Val Loss: 0.784 | Val Acc: 69.70  |  Test Loss: 0.893 | Tes Acc: 68.12
INFO >> Epoch: 24  |  Layer:  9  |  Train Loss: 0.520 | Train Acc: 88.59  |  Val Loss: 0.893 | Val Acc: 60.61  |  Test Loss: 0.961 | Tes Acc: 63.29
INFO >> Epoch: 24  |  Layer: 10  |  Train Loss: 0.537 | Train Acc: 84.56  |  Val Loss: 0.904 | Val Acc: 57.58  |  Test Loss: 0.990 | Tes Acc: 60.39
INFO >> Epoch: 24  |  Layer: 11  |  Train Loss: 0.544 | Train Acc: 84.56  |  Val Loss: 0.878 | Val Acc: 63.64  |  Test Loss: 1.032 | Tes Acc: 52.17
INFO >> Epoch: 24  |  Layer: 12  |  Train Loss: 0.516 | Train Acc: 86.91  |  Val Loss: 0.924 | Val Acc: 65.66  |  Test Loss: 1.021 | Tes Acc: 58.94
INFO >> Epoch: 24  |  Layer: 13  |  Train Loss: 0.684 | Train Acc: 79.53  |  Val Loss: 0.930 | Val Acc: 72.73  |  Test Loss: 1.077 | Tes Acc: 60.87

INFO >> Epoch: 25  |  Layer:  1  |  Train Loss: 1.257 | Train Acc: 50.34  |  Val Loss: 1.613 | Val Acc: 36.36  |  Test Loss: 1.560 | Tes Acc: 25.60
INFO >> Epoch: 25  |  Layer:  2  |  Train Loss: 0.851 | Train Acc: 71.14  |  Val Loss: 1.328 | Val Acc: 52.53  |  Test Loss: 1.299 | Tes Acc: 43.96
INFO >> Epoch: 25  |  Layer:  3  |  Train Loss: 0.753 | Train Acc: 78.86  |  Val Loss: 1.019 | Val Acc: 70.71  |  Test Loss: 1.155 | Tes Acc: 53.14
INFO >> Epoch: 25  |  Layer:  4  |  Train Loss: 0.644 | Train Acc: 84.90  |  Val Loss: 1.091 | Val Acc: 68.69  |  Test Loss: 1.112 | Tes Acc: 59.42
INFO >> Epoch: 25  |  Layer:  5  |  Train Loss: 0.649 | Train Acc: 84.90  |  Val Loss: 1.048 | Val Acc: 59.60  |  Test Loss: 1.085 | Tes Acc: 61.35
INFO >> Epoch: 25  |  Layer:  6  |  Train Loss: 0.568 | Train Acc: 91.95  |  Val Loss: 0.993 | Val Acc: 68.69  |  Test Loss: 0.965 | Tes Acc: 64.73
INFO >> Epoch: 25  |  Layer:  7  |  Train Loss: 0.416 | Train Acc: 91.28  |  Val Loss: 0.760 | Val Acc: 72.73  |  Test Loss: 0.797 | Tes Acc: 69.57
INFO >> Epoch: 25  |  Layer:  8  |  Train Loss: 0.447 | Train Acc: 92.62  |  Val Loss: 0.744 | Val Acc: 71.72  |  Test Loss: 0.849 | Tes Acc: 71.50
INFO >> Epoch: 25  |  Layer:  9  |  Train Loss: 0.498 | Train Acc: 90.27  |  Val Loss: 0.867 | Val Acc: 62.63  |  Test Loss: 0.965 | Tes Acc: 63.29
INFO >> Epoch: 25  |  Layer: 10  |  Train Loss: 0.520 | Train Acc: 89.93  |  Val Loss: 0.867 | Val Acc: 63.64  |  Test Loss: 0.999 | Tes Acc: 60.39
INFO >> Epoch: 25  |  Layer: 11  |  Train Loss: 0.517 | Train Acc: 88.93  |  Val Loss: 0.855 | Val Acc: 65.66  |  Test Loss: 0.996 | Tes Acc: 59.42
INFO >> Epoch: 25  |  Layer: 12  |  Train Loss: 0.495 | Train Acc: 90.27  |  Val Loss: 0.940 | Val Acc: 63.64  |  Test Loss: 1.002 | Tes Acc: 58.94
INFO >> Epoch: 25  |  Layer: 13  |  Train Loss: 0.641 | Train Acc: 83.89  |  Val Loss: 0.963 | Val Acc: 68.69  |  Test Loss: 1.064 | Tes Acc: 62.32

INFO >> Epoch: 26  |  Layer:  1  |  Train Loss: 1.242 | Train Acc: 52.35  |  Val Loss: 1.414 | Val Acc: 43.43  |  Test Loss: 1.452 | Tes Acc: 39.61
INFO >> Epoch: 26  |  Layer:  2  |  Train Loss: 0.840 | Train Acc: 74.83  |  Val Loss: 1.211 | Val Acc: 58.59  |  Test Loss: 1.309 | Tes Acc: 44.44
INFO >> Epoch: 26  |  Layer:  3  |  Train Loss: 0.732 | Train Acc: 79.87  |  Val Loss: 0.984 | Val Acc: 70.71  |  Test Loss: 1.155 | Tes Acc: 50.72
INFO >> Epoch: 26  |  Layer:  4  |  Train Loss: 0.627 | Train Acc: 86.24  |  Val Loss: 1.022 | Val Acc: 68.69  |  Test Loss: 1.030 | Tes Acc: 65.22
INFO >> Epoch: 26  |  Layer:  5  |  Train Loss: 0.622 | Train Acc: 86.24  |  Val Loss: 1.003 | Val Acc: 61.62  |  Test Loss: 1.051 | Tes Acc: 62.80
INFO >> Epoch: 26  |  Layer:  6  |  Train Loss: 0.538 | Train Acc: 91.28  |  Val Loss: 0.958 | Val Acc: 64.65  |  Test Loss: 0.935 | Tes Acc: 68.12
INFO >> Epoch: 26  |  Layer:  7  |  Train Loss: 0.398 | Train Acc: 89.60  |  Val Loss: 0.780 | Val Acc: 63.64  |  Test Loss: 0.797 | Tes Acc: 69.57
INFO >> Epoch: 26  |  Layer:  8  |  Train Loss: 0.431 | Train Acc: 91.61  |  Val Loss: 0.763 | Val Acc: 67.68  |  Test Loss: 0.875 | Tes Acc: 68.12
INFO >> Epoch: 26  |  Layer:  9  |  Train Loss: 0.491 | Train Acc: 88.26  |  Val Loss: 0.871 | Val Acc: 59.60  |  Test Loss: 0.940 | Tes Acc: 63.77
INFO >> Epoch: 26  |  Layer: 10  |  Train Loss: 0.510 | Train Acc: 89.60  |  Val Loss: 0.868 | Val Acc: 58.59  |  Test Loss: 0.959 | Tes Acc: 60.39
INFO >> Epoch: 26  |  Layer: 11  |  Train Loss: 0.512 | Train Acc: 89.93  |  Val Loss: 0.848 | Val Acc: 63.64  |  Test Loss: 0.992 | Tes Acc: 57.97
INFO >> Epoch: 26  |  Layer: 12  |  Train Loss: 0.487 | Train Acc: 88.59  |  Val Loss: 0.860 | Val Acc: 67.68  |  Test Loss: 1.004 | Tes Acc: 60.87
INFO >> Epoch: 26  |  Layer: 13  |  Train Loss: 0.642 | Train Acc: 85.23  |  Val Loss: 0.905 | Val Acc: 72.73  |  Test Loss: 1.057 | Tes Acc: 58.94

INFO >> Epoch: 27  |  Layer:  1  |  Train Loss: 1.182 | Train Acc: 56.38  |  Val Loss: 1.412 | Val Acc: 44.44  |  Test Loss: 1.467 | Tes Acc: 37.68
INFO >> Epoch: 27  |  Layer:  2  |  Train Loss: 0.782 | Train Acc: 78.52  |  Val Loss: 1.164 | Val Acc: 60.61  |  Test Loss: 1.274 | Tes Acc: 44.44
INFO >> Epoch: 27  |  Layer:  3  |  Train Loss: 0.686 | Train Acc: 83.22  |  Val Loss: 0.944 | Val Acc: 72.73  |  Test Loss: 1.133 | Tes Acc: 52.17
INFO >> Epoch: 27  |  Layer:  4  |  Train Loss: 0.577 | Train Acc: 88.93  |  Val Loss: 0.992 | Val Acc: 69.70  |  Test Loss: 1.037 | Tes Acc: 67.15
INFO >> Epoch: 27  |  Layer:  5  |  Train Loss: 0.576 | Train Acc: 87.92  |  Val Loss: 0.959 | Val Acc: 63.64  |  Test Loss: 1.036 | Tes Acc: 63.77
INFO >> Epoch: 27  |  Layer:  6  |  Train Loss: 0.493 | Train Acc: 91.95  |  Val Loss: 0.942 | Val Acc: 63.64  |  Test Loss: 0.932 | Tes Acc: 64.25
INFO >> Epoch: 27  |  Layer:  7  |  Train Loss: 0.366 | Train Acc: 91.28  |  Val Loss: 0.764 | Val Acc: 66.67  |  Test Loss: 0.795 | Tes Acc: 68.12
INFO >> Epoch: 27  |  Layer:  8  |  Train Loss: 0.400 | Train Acc: 91.61  |  Val Loss: 0.731 | Val Acc: 71.72  |  Test Loss: 0.866 | Tes Acc: 68.60
INFO >> Epoch: 27  |  Layer:  9  |  Train Loss: 0.440 | Train Acc: 89.93  |  Val Loss: 0.833 | Val Acc: 60.61  |  Test Loss: 0.927 | Tes Acc: 64.25
INFO >> Epoch: 27  |  Layer: 10  |  Train Loss: 0.455 | Train Acc: 87.92  |  Val Loss: 0.820 | Val Acc: 60.61  |  Test Loss: 0.945 | Tes Acc: 61.84
INFO >> Epoch: 27  |  Layer: 11  |  Train Loss: 0.454 | Train Acc: 89.93  |  Val Loss: 0.830 | Val Acc: 64.65  |  Test Loss: 0.978 | Tes Acc: 61.35
INFO >> Epoch: 27  |  Layer: 12  |  Train Loss: 0.424 | Train Acc: 92.28  |  Val Loss: 0.857 | Val Acc: 65.66  |  Test Loss: 0.992 | Tes Acc: 63.29
INFO >> Epoch: 27  |  Layer: 13  |  Train Loss: 0.571 | Train Acc: 86.58  |  Val Loss: 0.884 | Val Acc: 70.71  |  Test Loss: 1.068 | Tes Acc: 59.90

INFO >> Epoch: 28  |  Layer:  1  |  Train Loss: 1.173 | Train Acc: 58.72  |  Val Loss: 1.496 | Val Acc: 37.37  |  Test Loss: 1.464 | Tes Acc: 36.23
INFO >> Epoch: 28  |  Layer:  2  |  Train Loss: 0.773 | Train Acc: 78.52  |  Val Loss: 1.193 | Val Acc: 56.57  |  Test Loss: 1.300 | Tes Acc: 43.96
INFO >> Epoch: 28  |  Layer:  3  |  Train Loss: 0.666 | Train Acc: 83.89  |  Val Loss: 0.943 | Val Acc: 72.73  |  Test Loss: 1.157 | Tes Acc: 53.62
INFO >> Epoch: 28  |  Layer:  4  |  Train Loss: 0.549 | Train Acc: 89.93  |  Val Loss: 0.992 | Val Acc: 70.71  |  Test Loss: 1.065 | Tes Acc: 60.87
INFO >> Epoch: 28  |  Layer:  5  |  Train Loss: 0.559 | Train Acc: 89.60  |  Val Loss: 0.957 | Val Acc: 61.62  |  Test Loss: 1.056 | Tes Acc: 63.77
INFO >> Epoch: 28  |  Layer:  6  |  Train Loss: 0.479 | Train Acc: 94.63  |  Val Loss: 0.921 | Val Acc: 66.67  |  Test Loss: 0.924 | Tes Acc: 67.15
INFO >> Epoch: 28  |  Layer:  7  |  Train Loss: 0.352 | Train Acc: 92.28  |  Val Loss: 0.740 | Val Acc: 71.72  |  Test Loss: 0.792 | Tes Acc: 69.57
INFO >> Epoch: 28  |  Layer:  8  |  Train Loss: 0.376 | Train Acc: 92.62  |  Val Loss: 0.711 | Val Acc: 71.72  |  Test Loss: 0.856 | Tes Acc: 70.05
INFO >> Epoch: 28  |  Layer:  9  |  Train Loss: 0.432 | Train Acc: 89.93  |  Val Loss: 0.815 | Val Acc: 64.65  |  Test Loss: 0.931 | Tes Acc: 62.32
INFO >> Epoch: 28  |  Layer: 10  |  Train Loss: 0.438 | Train Acc: 89.93  |  Val Loss: 0.807 | Val Acc: 60.61  |  Test Loss: 0.952 | Tes Acc: 61.35
INFO >> Epoch: 28  |  Layer: 11  |  Train Loss: 0.433 | Train Acc: 90.94  |  Val Loss: 0.799 | Val Acc: 71.72  |  Test Loss: 0.973 | Tes Acc: 58.94
INFO >> Epoch: 28  |  Layer: 12  |  Train Loss: 0.416 | Train Acc: 91.61  |  Val Loss: 0.851 | Val Acc: 70.71  |  Test Loss: 0.965 | Tes Acc: 61.84
INFO >> Epoch: 28  |  Layer: 13  |  Train Loss: 0.551 | Train Acc: 87.58  |  Val Loss: 0.907 | Val Acc: 71.72  |  Test Loss: 1.022 | Tes Acc: 60.87

INFO >> Epoch: 29  |  Layer:  1  |  Train Loss: 1.179 | Train Acc: 56.71  |  Val Loss: 1.432 | Val Acc: 43.43  |  Test Loss: 1.475 | Tes Acc: 35.75
INFO >> Epoch: 29  |  Layer:  2  |  Train Loss: 0.765 | Train Acc: 76.85  |  Val Loss: 1.117 | Val Acc: 59.60  |  Test Loss: 1.260 | Tes Acc: 45.41
INFO >> Epoch: 29  |  Layer:  3  |  Train Loss: 0.656 | Train Acc: 84.56  |  Val Loss: 0.911 | Val Acc: 74.75  |  Test Loss: 1.114 | Tes Acc: 52.66
INFO >> Epoch: 29  |  Layer:  4  |  Train Loss: 0.544 | Train Acc: 87.92  |  Val Loss: 0.982 | Val Acc: 68.69  |  Test Loss: 1.028 | Tes Acc: 65.22
INFO >> Epoch: 29  |  Layer:  5  |  Train Loss: 0.544 | Train Acc: 87.92  |  Val Loss: 0.934 | Val Acc: 63.64  |  Test Loss: 1.017 | Tes Acc: 62.80
INFO >> Epoch: 29  |  Layer:  6  |  Train Loss: 0.474 | Train Acc: 91.28  |  Val Loss: 0.884 | Val Acc: 64.65  |  Test Loss: 0.902 | Tes Acc: 68.12
INFO >> Epoch: 29  |  Layer:  7  |  Train Loss: 0.341 | Train Acc: 91.61  |  Val Loss: 0.716 | Val Acc: 71.72  |  Test Loss: 0.759 | Tes Acc: 69.57
INFO >> Epoch: 29  |  Layer:  8  |  Train Loss: 0.376 | Train Acc: 92.62  |  Val Loss: 0.679 | Val Acc: 71.72  |  Test Loss: 0.840 | Tes Acc: 71.01
INFO >> Epoch: 29  |  Layer:  9  |  Train Loss: 0.419 | Train Acc: 90.94  |  Val Loss: 0.772 | Val Acc: 63.64  |  Test Loss: 0.900 | Tes Acc: 64.25
INFO >> Epoch: 29  |  Layer: 10  |  Train Loss: 0.432 | Train Acc: 89.93  |  Val Loss: 0.767 | Val Acc: 63.64  |  Test Loss: 0.914 | Tes Acc: 64.25
INFO >> Epoch: 29  |  Layer: 11  |  Train Loss: 0.439 | Train Acc: 88.59  |  Val Loss: 0.768 | Val Acc: 72.73  |  Test Loss: 0.936 | Tes Acc: 64.73
INFO >> Epoch: 29  |  Layer: 12  |  Train Loss: 0.415 | Train Acc: 90.60  |  Val Loss: 0.788 | Val Acc: 72.73  |  Test Loss: 0.955 | Tes Acc: 63.77
INFO >> Epoch: 29  |  Layer: 13  |  Train Loss: 0.549 | Train Acc: 85.57  |  Val Loss: 0.842 | Val Acc: 72.73  |  Test Loss: 1.014 | Tes Acc: 62.80

INFO >> Epoch: 30  |  Layer:  1  |  Train Loss: 1.139 | Train Acc: 56.38  |  Val Loss: 1.397 | Val Acc: 43.43  |  Test Loss: 1.449 | Tes Acc: 40.58
INFO >> Epoch: 30  |  Layer:  2  |  Train Loss: 0.739 | Train Acc: 78.86  |  Val Loss: 1.119 | Val Acc: 60.61  |  Test Loss: 1.290 | Tes Acc: 44.44
INFO >> Epoch: 30  |  Layer:  3  |  Train Loss: 0.627 | Train Acc: 83.56  |  Val Loss: 0.921 | Val Acc: 72.73  |  Test Loss: 1.142 | Tes Acc: 53.62
INFO >> Epoch: 30  |  Layer:  4  |  Train Loss: 0.515 | Train Acc: 89.60  |  Val Loss: 0.977 | Val Acc: 70.71  |  Test Loss: 1.047 | Tes Acc: 60.87
INFO >> Epoch: 30  |  Layer:  5  |  Train Loss: 0.514 | Train Acc: 89.60  |  Val Loss: 0.942 | Val Acc: 62.63  |  Test Loss: 1.038 | Tes Acc: 63.77
INFO >> Epoch: 30  |  Layer:  6  |  Train Loss: 0.427 | Train Acc: 94.30  |  Val Loss: 0.907 | Val Acc: 64.65  |  Test Loss: 0.910 | Tes Acc: 65.70
INFO >> Epoch: 30  |  Layer:  7  |  Train Loss: 0.324 | Train Acc: 93.96  |  Val Loss: 0.733 | Val Acc: 69.70  |  Test Loss: 0.790 | Tes Acc: 69.08
INFO >> Epoch: 30  |  Layer:  8  |  Train Loss: 0.351 | Train Acc: 93.96  |  Val Loss: 0.693 | Val Acc: 71.72  |  Test Loss: 0.852 | Tes Acc: 69.57
INFO >> Epoch: 30  |  Layer:  9  |  Train Loss: 0.403 | Train Acc: 91.28  |  Val Loss: 0.794 | Val Acc: 62.63  |  Test Loss: 0.925 | Tes Acc: 62.80
INFO >> Epoch: 30  |  Layer: 10  |  Train Loss: 0.415 | Train Acc: 89.60  |  Val Loss: 0.777 | Val Acc: 60.61  |  Test Loss: 0.938 | Tes Acc: 62.32
INFO >> Epoch: 30  |  Layer: 11  |  Train Loss: 0.413 | Train Acc: 90.27  |  Val Loss: 0.770 | Val Acc: 73.74  |  Test Loss: 0.972 | Tes Acc: 60.87
INFO >> Epoch: 30  |  Layer: 12  |  Train Loss: 0.379 | Train Acc: 91.95  |  Val Loss: 0.818 | Val Acc: 70.71  |  Test Loss: 0.981 | Tes Acc: 60.87
INFO >> Epoch: 30  |  Layer: 13  |  Train Loss: 0.496 | Train Acc: 90.94  |  Val Loss: 0.856 | Val Acc: 73.74  |  Test Loss: 1.012 | Tes Acc: 60.39



INFO >> Time Taken: 19:10

INFO >> Layer: 1  |  Best Val Acc: 44.44  |  Best Test Acc: 37.68
INFO >> Layer: 2  |  Best Val Acc: 60.61  |  Best Test Acc: 44.44
INFO >> Layer: 3  |  Best Val Acc: 74.75  |  Best Test Acc: 52.66
INFO >> Layer: 4  |  Best Val Acc: 72.73  |  Best Test Acc: 60.87
INFO >> Layer: 5  |  Best Val Acc: 71.72  |  Best Test Acc: 61.35
INFO >> Layer: 6  |  Best Val Acc: 69.70  |  Best Test Acc: 63.77
INFO >> Layer: 7  |  Best Val Acc: 72.73  |  Best Test Acc: 67.15
INFO >> Layer: 8  |  Best Val Acc: 74.75  |  Best Test Acc: 59.90
INFO >> Layer: 9  |  Best Val Acc: 66.67  |  Best Test Acc: 52.66
INFO >> Layer: 10  |  Best Val Acc: 63.64  |  Best Test Acc: 60.39
INFO >> Layer: 11  |  Best Val Acc: 73.74  |  Best Test Acc: 60.87
INFO >> Layer: 12  |  Best Val Acc: 72.73  |  Best Test Acc: 63.77
INFO >> Layer: 13  |  Best Val Acc: 73.74  |  Best Test Acc: 60.39

DEBUG >> Last state saved

INFO >> History saved (./history/v1.4/AESDD/HUBERT_BASE_PROBING/Run4/history.pt)
