
--------------------------------------------------
Multilingual SER System v1.2
--------------------------------------------------
Run Name      : Run4
Fx Model      : WAV2VEC2_LARGE_XLSR300M
Clf Model     : DENSE
Extract Mode  : gpu_memory
Dataset       : ShEMO
Device        : gpu
Epochs        : 20
Num Workers   : 2
Data Dir      : ./data
History Dir   : ./history
Weights Dir   : ./weights
Log Level     : debug
Purge Cache   : False
Job Name      : Job68
Job Id        : 30684191
GPU           : Quadro RTX 8000
GPU Count     : 1

Timestamp : 2023-03-02 03:20:54.004188

INFO >> Running on CUDA


INFO >> Training Classifier

INFO >> Epoch: 1 |   Train Loss: 1.560 | Train Acc: 35.85 |   Val Loss: 1.455 | Val Acc: 39.25 |   Test Loss: 1.310 | Tes Acc: 50.54
DEBUG >> Best state saved | Val Acc 39.247313141822815 | Test Acc 50.53763389587402

INFO >> Epoch: 2 |   Train Loss: 1.421 | Train Acc: 42.51 |   Val Loss: 1.350 | Val Acc: 46.24 |   Test Loss: 1.115 | Tes Acc: 57.80
DEBUG >> Best state saved | Val Acc 46.2365597486496 | Test Acc 57.79569745063782

INFO >> Epoch: 3 |   Train Loss: 1.317 | Train Acc: 49.52 |   Val Loss: 1.159 | Val Acc: 56.09 |   Test Loss: 0.815 | Tes Acc: 71.51
DEBUG >> Best state saved | Val Acc 56.0931921005249 | Test Acc 71.50537371635437

INFO >> Epoch: 4 |   Train Loss: 1.102 | Train Acc: 60.39 |   Val Loss: 0.909 | Val Acc: 67.92 |   Test Loss: 0.601 | Tes Acc: 82.53
DEBUG >> Best state saved | Val Acc 67.92114973068237 | Test Acc 82.5268805027008

INFO >> Epoch: 5 |   Train Loss: 0.864 | Train Acc: 69.28 |   Val Loss: 0.694 | Val Acc: 76.52 |   Test Loss: 0.399 | Tes Acc: 89.25
DEBUG >> Best state saved | Val Acc 76.52329802513123 | Test Acc 89.24731016159058

INFO >> Epoch: 6 |   Train Loss: 0.706 | Train Acc: 75.80 |   Val Loss: 0.639 | Val Acc: 77.78 |   Test Loss: 0.312 | Tes Acc: 90.32
DEBUG >> Best state saved | Val Acc 77.77777910232544 | Test Acc 90.32257795333862

INFO >> Epoch: 7 |   Train Loss: 0.638 | Train Acc: 78.79 |   Val Loss: 0.579 | Val Acc: 82.44 |   Test Loss: 0.343 | Tes Acc: 91.94
DEBUG >> Best state saved | Val Acc 82.43727684020996 | Test Acc 91.93548560142517

INFO >> Epoch: 8 |   Train Loss: 0.569 | Train Acc: 80.97 |   Val Loss: 0.573 | Val Acc: 81.72 |   Test Loss: 0.347 | Tes Acc: 90.32
INFO >> Epoch: 9 |   Train Loss: 0.499 | Train Acc: 83.14 |   Val Loss: 0.534 | Val Acc: 81.90 |   Test Loss: 0.297 | Tes Acc: 90.86
INFO >> Epoch: 10 |   Train Loss: 0.439 | Train Acc: 85.80 |   Val Loss: 0.472 | Val Acc: 85.48 |   Test Loss: 0.269 | Tes Acc: 92.47
DEBUG >> Best state saved | Val Acc 85.48387289047241 | Test Acc 92.4731194972992

INFO >> Epoch: 11 |   Train Loss: 0.401 | Train Acc: 86.04 |   Val Loss: 0.508 | Val Acc: 84.77 |   Test Loss: 0.342 | Tes Acc: 90.05
INFO >> Epoch: 12 |   Train Loss: 0.371 | Train Acc: 87.00 |   Val Loss: 0.436 | Val Acc: 86.38 |   Test Loss: 0.237 | Tes Acc: 93.55
DEBUG >> Best state saved | Val Acc 86.37992739677429 | Test Acc 93.54838728904724

INFO >> Epoch: 13 |   Train Loss: 0.338 | Train Acc: 88.50 |   Val Loss: 0.460 | Val Acc: 86.02 |   Test Loss: 0.263 | Tes Acc: 91.94
INFO >> Epoch: 14 |   Train Loss: 0.302 | Train Acc: 90.14 |   Val Loss: 0.456 | Val Acc: 86.02 |   Test Loss: 0.234 | Tes Acc: 93.01
INFO >> Epoch: 15 |   Train Loss: 0.269 | Train Acc: 90.87 |   Val Loss: 0.518 | Val Acc: 83.33 |   Test Loss: 0.369 | Tes Acc: 90.32
INFO >> Epoch: 16 |   Train Loss: 0.269 | Train Acc: 91.55 |   Val Loss: 0.431 | Val Acc: 87.10 |   Test Loss: 0.236 | Tes Acc: 93.28
DEBUG >> Best state saved | Val Acc 87.09677457809448 | Test Acc 93.27957034111023

INFO >> Epoch: 17 |   Train Loss: 0.220 | Train Acc: 92.90 |   Val Loss: 0.454 | Val Acc: 86.56 |   Test Loss: 0.230 | Tes Acc: 93.55
INFO >> Epoch: 18 |   Train Loss: 0.177 | Train Acc: 94.01 |   Val Loss: 0.529 | Val Acc: 86.20 |   Test Loss: 0.294 | Tes Acc: 91.40
INFO >> Epoch: 19 |   Train Loss: 0.169 | Train Acc: 94.30 |   Val Loss: 0.521 | Val Acc: 86.92 |   Test Loss: 0.235 | Tes Acc: 94.09
INFO >> Epoch: 20 |   Train Loss: 0.149 | Train Acc: 95.27 |   Val Loss: 0.475 | Val Acc: 87.46 |   Test Loss: 0.278 | Tes Acc: 93.28
DEBUG >> Best state saved | Val Acc 87.45519518852234 | Test Acc 93.27957034111023



INFO >> Time Taken: 1:21:37

INFO >> Best Val Acc : 87.45519518852234 | Best Test Acc : 93.27957034111023

INFO >> Agg. Weights : 
-0.2690254747867584 0.022578420117497444 -0.4583548903465271 0.03656382858753204 -0.2685346007347107 0.030550546944141388 0.03313848376274109 0.39465808868408203 0.28588080406188965 -0.005002340767532587 0.09645575284957886 0.40696388483047485 0.06882309913635254 0.42279043793678284 0.3704935908317566 0.39342328906059265 0.2782479226589203 0.32050585746765137 0.2823112905025482 -0.21855206787586212 -0.13275961577892303 -0.030371112748980522 0.09686143696308136 0.00849642138928175

DEBUG >> Last state saved | Val Acc 87.45519518852234 | Test Acc 93.27957034111023

INFO >> History saved (./history/v1.2/ShEMO/WAV2VEC2_LARGE_XLSR300M_DENSE/Run4/history.pt)
