
--------------------------------------------------
Multilingual SER System v1.3
--------------------------------------------------
Run Name      : Run2
Fx Model      : WAV2VEC2_LARGE_XLSR300M
Clf Model     : PROBING
Extract Mode  : gpu_memory
Dataset       : EmoDB
Device        : gpu
Epochs        : 20
Num Workers   : 2
Data Dir      : ./data
History Dir   : ./history
Weights Dir   : ./weights
Log Level     : debug
Purge Cache   : False
Job Name      : Job38
Job Id        : 30721372
GPU           : Quadro RTX 8000
GPU Count     : 1
GPU Memory    : 44.49 GB

Timestamp : 2023-03-03 11:58:46.118838

INFO >> Running on CUDA


INFO >> Training Classifier

INFO >> Epoch: 1  |  Layer:  1  |  Train Loss: 1.690 | Train Acc: 32.85  |  Val Loss: 1.398 | Val Acc: 46.73  |  Test Loss: 1.346 | Tes Acc: 60.71
INFO >> Epoch: 1  |  Layer:  2  |  Train Loss: 1.721 | Train Acc: 30.23  |  Val Loss: 1.433 | Val Acc: 48.60  |  Test Loss: 1.412 | Tes Acc: 55.95
INFO >> Epoch: 1  |  Layer:  3  |  Train Loss: 1.764 | Train Acc: 30.52  |  Val Loss: 1.475 | Val Acc: 47.66  |  Test Loss: 1.457 | Tes Acc: 58.33
INFO >> Epoch: 1  |  Layer:  4  |  Train Loss: 1.738 | Train Acc: 32.27  |  Val Loss: 1.418 | Val Acc: 52.34  |  Test Loss: 1.376 | Tes Acc: 60.71
INFO >> Epoch: 1  |  Layer:  5  |  Train Loss: 1.744 | Train Acc: 32.85  |  Val Loss: 1.471 | Val Acc: 42.06  |  Test Loss: 1.382 | Tes Acc: 55.95
INFO >> Epoch: 1  |  Layer:  6  |  Train Loss: 1.788 | Train Acc: 31.98  |  Val Loss: 1.515 | Val Acc: 52.34  |  Test Loss: 1.451 | Tes Acc: 59.52
INFO >> Epoch: 1  |  Layer:  7  |  Train Loss: 1.779 | Train Acc: 30.52  |  Val Loss: 1.502 | Val Acc: 53.27  |  Test Loss: 1.420 | Tes Acc: 65.48
INFO >> Epoch: 1  |  Layer:  8  |  Train Loss: 1.789 | Train Acc: 32.85  |  Val Loss: 1.530 | Val Acc: 53.27  |  Test Loss: 1.448 | Tes Acc: 65.48
INFO >> Epoch: 1  |  Layer:  9  |  Train Loss: 1.815 | Train Acc: 27.91  |  Val Loss: 1.488 | Val Acc: 49.53  |  Test Loss: 1.454 | Tes Acc: 53.57
INFO >> Epoch: 1  |  Layer: 10  |  Train Loss: 1.849 | Train Acc: 30.23  |  Val Loss: 1.550 | Val Acc: 48.60  |  Test Loss: 1.481 | Tes Acc: 58.33
INFO >> Epoch: 1  |  Layer: 11  |  Train Loss: 1.830 | Train Acc: 25.87  |  Val Loss: 1.536 | Val Acc: 48.60  |  Test Loss: 1.483 | Tes Acc: 52.38
INFO >> Epoch: 1  |  Layer: 12  |  Train Loss: 1.836 | Train Acc: 27.91  |  Val Loss: 1.503 | Val Acc: 49.53  |  Test Loss: 1.435 | Tes Acc: 59.52
INFO >> Epoch: 1  |  Layer: 13  |  Train Loss: 1.845 | Train Acc: 27.62  |  Val Loss: 1.536 | Val Acc: 46.73  |  Test Loss: 1.469 | Tes Acc: 53.57
INFO >> Epoch: 1  |  Layer: 14  |  Train Loss: 1.829 | Train Acc: 29.36  |  Val Loss: 1.513 | Val Acc: 41.12  |  Test Loss: 1.409 | Tes Acc: 51.19
INFO >> Epoch: 1  |  Layer: 15  |  Train Loss: 1.809 | Train Acc: 27.62  |  Val Loss: 1.488 | Val Acc: 45.79  |  Test Loss: 1.406 | Tes Acc: 46.43
INFO >> Epoch: 1  |  Layer: 16  |  Train Loss: 1.792 | Train Acc: 29.07  |  Val Loss: 1.490 | Val Acc: 41.12  |  Test Loss: 1.380 | Tes Acc: 51.19
INFO >> Epoch: 1  |  Layer: 17  |  Train Loss: 1.774 | Train Acc: 30.81  |  Val Loss: 1.414 | Val Acc: 49.53  |  Test Loss: 1.349 | Tes Acc: 55.95
INFO >> Epoch: 1  |  Layer: 18  |  Train Loss: 1.673 | Train Acc: 36.05  |  Val Loss: 1.175 | Val Acc: 69.16  |  Test Loss: 1.196 | Tes Acc: 69.05
INFO >> Epoch: 1  |  Layer: 19  |  Train Loss: 1.799 | Train Acc: 33.14  |  Val Loss: 1.330 | Val Acc: 67.29  |  Test Loss: 1.349 | Tes Acc: 60.71
INFO >> Epoch: 1  |  Layer: 20  |  Train Loss: 2.377 | Train Acc: 22.09  |  Val Loss: 1.761 | Val Acc: 41.12  |  Test Loss: 1.743 | Tes Acc: 36.90
INFO >> Epoch: 1  |  Layer: 21  |  Train Loss: 2.121 | Train Acc: 27.03  |  Val Loss: 1.605 | Val Acc: 34.58  |  Test Loss: 1.603 | Tes Acc: 23.81
INFO >> Epoch: 1  |  Layer: 22  |  Train Loss: 6.076 | Train Acc: 17.15  |  Val Loss: 2.639 | Val Acc: 14.95  |  Test Loss: 2.997 | Tes Acc: 11.90
INFO >> Epoch: 1  |  Layer: 23  |  Train Loss: 7.685 | Train Acc: 13.66  |  Val Loss: 3.306 | Val Acc: 14.95  |  Test Loss: 3.462 | Tes Acc: 11.90
INFO >> Epoch: 1  |  Layer: 24  |  Train Loss: 7.962 | Train Acc: 20.35  |  Val Loss: 4.947 | Val Acc: 14.95  |  Test Loss: 5.292 | Tes Acc: 19.05

INFO >> Epoch: 2  |  Layer:  1  |  Train Loss: 1.312 | Train Acc: 52.03  |  Val Loss: 1.280 | Val Acc: 50.47  |  Test Loss: 1.280 | Tes Acc: 57.14
INFO >> Epoch: 2  |  Layer:  2  |  Train Loss: 1.348 | Train Acc: 53.20  |  Val Loss: 1.274 | Val Acc: 50.47  |  Test Loss: 1.286 | Tes Acc: 60.71
INFO >> Epoch: 2  |  Layer:  3  |  Train Loss: 1.400 | Train Acc: 51.45  |  Val Loss: 1.359 | Val Acc: 48.60  |  Test Loss: 1.308 | Tes Acc: 59.52
INFO >> Epoch: 2  |  Layer:  4  |  Train Loss: 1.307 | Train Acc: 57.56  |  Val Loss: 1.254 | Val Acc: 54.21  |  Test Loss: 1.227 | Tes Acc: 60.71
INFO >> Epoch: 2  |  Layer:  5  |  Train Loss: 1.307 | Train Acc: 56.40  |  Val Loss: 1.284 | Val Acc: 57.01  |  Test Loss: 1.210 | Tes Acc: 63.10
INFO >> Epoch: 2  |  Layer:  6  |  Train Loss: 1.385 | Train Acc: 51.45  |  Val Loss: 1.290 | Val Acc: 52.34  |  Test Loss: 1.234 | Tes Acc: 66.67
INFO >> Epoch: 2  |  Layer:  7  |  Train Loss: 1.345 | Train Acc: 53.49  |  Val Loss: 1.265 | Val Acc: 57.01  |  Test Loss: 1.180 | Tes Acc: 64.29
INFO >> Epoch: 2  |  Layer:  8  |  Train Loss: 1.354 | Train Acc: 54.07  |  Val Loss: 1.314 | Val Acc: 56.07  |  Test Loss: 1.220 | Tes Acc: 64.29
INFO >> Epoch: 2  |  Layer:  9  |  Train Loss: 1.368 | Train Acc: 52.03  |  Val Loss: 1.294 | Val Acc: 57.01  |  Test Loss: 1.221 | Tes Acc: 60.71
INFO >> Epoch: 2  |  Layer: 10  |  Train Loss: 1.436 | Train Acc: 51.16  |  Val Loss: 1.321 | Val Acc: 59.81  |  Test Loss: 1.265 | Tes Acc: 60.71
INFO >> Epoch: 2  |  Layer: 11  |  Train Loss: 1.432 | Train Acc: 52.91  |  Val Loss: 1.374 | Val Acc: 45.79  |  Test Loss: 1.264 | Tes Acc: 57.14
INFO >> Epoch: 2  |  Layer: 12  |  Train Loss: 1.400 | Train Acc: 54.36  |  Val Loss: 1.328 | Val Acc: 55.14  |  Test Loss: 1.273 | Tes Acc: 67.86
INFO >> Epoch: 2  |  Layer: 13  |  Train Loss: 1.427 | Train Acc: 53.49  |  Val Loss: 1.355 | Val Acc: 43.93  |  Test Loss: 1.243 | Tes Acc: 57.14
INFO >> Epoch: 2  |  Layer: 14  |  Train Loss: 1.377 | Train Acc: 55.23  |  Val Loss: 1.341 | Val Acc: 52.34  |  Test Loss: 1.215 | Tes Acc: 59.52
INFO >> Epoch: 2  |  Layer: 15  |  Train Loss: 1.359 | Train Acc: 55.23  |  Val Loss: 1.254 | Val Acc: 57.94  |  Test Loss: 1.176 | Tes Acc: 67.86
INFO >> Epoch: 2  |  Layer: 16  |  Train Loss: 1.336 | Train Acc: 54.94  |  Val Loss: 1.244 | Val Acc: 55.14  |  Test Loss: 1.166 | Tes Acc: 69.05
INFO >> Epoch: 2  |  Layer: 17  |  Train Loss: 1.274 | Train Acc: 57.56  |  Val Loss: 1.150 | Val Acc: 59.81  |  Test Loss: 1.100 | Tes Acc: 67.86
INFO >> Epoch: 2  |  Layer: 18  |  Train Loss: 1.056 | Train Acc: 68.31  |  Val Loss: 0.904 | Val Acc: 79.44  |  Test Loss: 0.923 | Tes Acc: 76.19
INFO >> Epoch: 2  |  Layer: 19  |  Train Loss: 1.220 | Train Acc: 60.17  |  Val Loss: 1.049 | Val Acc: 68.22  |  Test Loss: 1.041 | Tes Acc: 73.81
INFO >> Epoch: 2  |  Layer: 20  |  Train Loss: 1.700 | Train Acc: 38.95  |  Val Loss: 1.493 | Val Acc: 58.88  |  Test Loss: 1.479 | Tes Acc: 66.67
INFO >> Epoch: 2  |  Layer: 21  |  Train Loss: 1.463 | Train Acc: 47.67  |  Val Loss: 1.489 | Val Acc: 56.07  |  Test Loss: 1.387 | Tes Acc: 64.29
INFO >> Epoch: 2  |  Layer: 22  |  Train Loss: 2.484 | Train Acc: 25.29  |  Val Loss: 1.795 | Val Acc: 34.58  |  Test Loss: 1.637 | Tes Acc: 41.67
INFO >> Epoch: 2  |  Layer: 23  |  Train Loss: 2.478 | Train Acc: 17.44  |  Val Loss: 2.162 | Val Acc: 19.63  |  Test Loss: 2.025 | Tes Acc: 20.24
INFO >> Epoch: 2  |  Layer: 24  |  Train Loss: 3.456 | Train Acc: 21.51  |  Val Loss: 2.109 | Val Acc: 14.95  |  Test Loss: 2.204 | Tes Acc: 14.29

INFO >> Epoch: 3  |  Layer:  1  |  Train Loss: 1.175 | Train Acc: 57.27  |  Val Loss: 1.102 | Val Acc: 58.88  |  Test Loss: 1.062 | Tes Acc: 60.71
INFO >> Epoch: 3  |  Layer:  2  |  Train Loss: 1.176 | Train Acc: 59.01  |  Val Loss: 1.100 | Val Acc: 60.75  |  Test Loss: 1.097 | Tes Acc: 61.90
INFO >> Epoch: 3  |  Layer:  3  |  Train Loss: 1.228 | Train Acc: 56.10  |  Val Loss: 1.149 | Val Acc: 59.81  |  Test Loss: 1.119 | Tes Acc: 60.71
INFO >> Epoch: 3  |  Layer:  4  |  Train Loss: 1.144 | Train Acc: 61.92  |  Val Loss: 1.066 | Val Acc: 60.75  |  Test Loss: 1.017 | Tes Acc: 61.90
INFO >> Epoch: 3  |  Layer:  5  |  Train Loss: 1.130 | Train Acc: 58.43  |  Val Loss: 1.053 | Val Acc: 60.75  |  Test Loss: 0.987 | Tes Acc: 60.71
INFO >> Epoch: 3  |  Layer:  6  |  Train Loss: 1.188 | Train Acc: 58.43  |  Val Loss: 1.132 | Val Acc: 59.81  |  Test Loss: 1.022 | Tes Acc: 57.14
INFO >> Epoch: 3  |  Layer:  7  |  Train Loss: 1.181 | Train Acc: 61.05  |  Val Loss: 1.158 | Val Acc: 57.01  |  Test Loss: 1.058 | Tes Acc: 59.52
INFO >> Epoch: 3  |  Layer:  8  |  Train Loss: 1.193 | Train Acc: 60.47  |  Val Loss: 1.110 | Val Acc: 64.49  |  Test Loss: 1.006 | Tes Acc: 65.48
INFO >> Epoch: 3  |  Layer:  9  |  Train Loss: 1.193 | Train Acc: 59.30  |  Val Loss: 1.113 | Val Acc: 58.88  |  Test Loss: 1.072 | Tes Acc: 60.71
INFO >> Epoch: 3  |  Layer: 10  |  Train Loss: 1.269 | Train Acc: 53.49  |  Val Loss: 1.149 | Val Acc: 59.81  |  Test Loss: 1.082 | Tes Acc: 64.29
INFO >> Epoch: 3  |  Layer: 11  |  Train Loss: 1.265 | Train Acc: 56.10  |  Val Loss: 1.258 | Val Acc: 50.47  |  Test Loss: 1.152 | Tes Acc: 58.33
INFO >> Epoch: 3  |  Layer: 12  |  Train Loss: 1.243 | Train Acc: 57.27  |  Val Loss: 1.163 | Val Acc: 56.07  |  Test Loss: 1.105 | Tes Acc: 57.14
INFO >> Epoch: 3  |  Layer: 13  |  Train Loss: 1.251 | Train Acc: 59.01  |  Val Loss: 1.251 | Val Acc: 47.66  |  Test Loss: 1.152 | Tes Acc: 53.57
INFO >> Epoch: 3  |  Layer: 14  |  Train Loss: 1.195 | Train Acc: 59.88  |  Val Loss: 1.196 | Val Acc: 50.47  |  Test Loss: 1.100 | Tes Acc: 57.14
INFO >> Epoch: 3  |  Layer: 15  |  Train Loss: 1.161 | Train Acc: 65.12  |  Val Loss: 1.124 | Val Acc: 55.14  |  Test Loss: 1.058 | Tes Acc: 57.14
INFO >> Epoch: 3  |  Layer: 16  |  Train Loss: 1.128 | Train Acc: 65.12  |  Val Loss: 1.054 | Val Acc: 56.07  |  Test Loss: 0.981 | Tes Acc: 55.95
INFO >> Epoch: 3  |  Layer: 17  |  Train Loss: 1.047 | Train Acc: 69.48  |  Val Loss: 0.977 | Val Acc: 59.81  |  Test Loss: 0.963 | Tes Acc: 58.33
INFO >> Epoch: 3  |  Layer: 18  |  Train Loss: 0.805 | Train Acc: 74.71  |  Val Loss: 0.679 | Val Acc: 78.50  |  Test Loss: 0.722 | Tes Acc: 71.43
INFO >> Epoch: 3  |  Layer: 19  |  Train Loss: 0.998 | Train Acc: 68.60  |  Val Loss: 0.912 | Val Acc: 67.29  |  Test Loss: 0.913 | Tes Acc: 61.90
INFO >> Epoch: 3  |  Layer: 20  |  Train Loss: 1.483 | Train Acc: 44.48  |  Val Loss: 1.353 | Val Acc: 54.21  |  Test Loss: 1.273 | Tes Acc: 55.95
INFO >> Epoch: 3  |  Layer: 21  |  Train Loss: 1.245 | Train Acc: 52.91  |  Val Loss: 1.312 | Val Acc: 47.66  |  Test Loss: 1.263 | Tes Acc: 60.71
INFO >> Epoch: 3  |  Layer: 22  |  Train Loss: 1.973 | Train Acc: 25.87  |  Val Loss: 2.236 | Val Acc: 14.95  |  Test Loss: 2.051 | Tes Acc: 23.81
INFO >> Epoch: 3  |  Layer: 23  |  Train Loss: 1.888 | Train Acc: 27.91  |  Val Loss: 1.964 | Val Acc: 15.89  |  Test Loss: 1.809 | Tes Acc: 26.19
INFO >> Epoch: 3  |  Layer: 24  |  Train Loss: 2.043 | Train Acc: 20.93  |  Val Loss: 1.830 | Val Acc: 19.63  |  Test Loss: 1.719 | Tes Acc: 26.19

INFO >> Epoch: 4  |  Layer:  1  |  Train Loss: 1.050 | Train Acc: 61.05  |  Val Loss: 1.107 | Val Acc: 50.47  |  Test Loss: 1.196 | Tes Acc: 50.00
INFO >> Epoch: 4  |  Layer:  2  |  Train Loss: 1.033 | Train Acc: 62.50  |  Val Loss: 1.030 | Val Acc: 60.75  |  Test Loss: 1.090 | Tes Acc: 59.52
INFO >> Epoch: 4  |  Layer:  3  |  Train Loss: 1.079 | Train Acc: 59.01  |  Val Loss: 1.105 | Val Acc: 58.88  |  Test Loss: 1.167 | Tes Acc: 59.52
INFO >> Epoch: 4  |  Layer:  4  |  Train Loss: 0.975 | Train Acc: 63.37  |  Val Loss: 0.976 | Val Acc: 60.75  |  Test Loss: 1.050 | Tes Acc: 61.90
INFO >> Epoch: 4  |  Layer:  5  |  Train Loss: 0.943 | Train Acc: 67.15  |  Val Loss: 1.023 | Val Acc: 58.88  |  Test Loss: 1.048 | Tes Acc: 58.33
INFO >> Epoch: 4  |  Layer:  6  |  Train Loss: 1.005 | Train Acc: 65.99  |  Val Loss: 1.017 | Val Acc: 57.94  |  Test Loss: 1.025 | Tes Acc: 61.90
INFO >> Epoch: 4  |  Layer:  7  |  Train Loss: 1.008 | Train Acc: 62.21  |  Val Loss: 1.021 | Val Acc: 57.01  |  Test Loss: 0.994 | Tes Acc: 63.10
INFO >> Epoch: 4  |  Layer:  8  |  Train Loss: 0.986 | Train Acc: 65.12  |  Val Loss: 1.053 | Val Acc: 55.14  |  Test Loss: 1.025 | Tes Acc: 63.10
INFO >> Epoch: 4  |  Layer:  9  |  Train Loss: 1.003 | Train Acc: 62.79  |  Val Loss: 1.061 | Val Acc: 56.07  |  Test Loss: 1.099 | Tes Acc: 55.95
INFO >> Epoch: 4  |  Layer: 10  |  Train Loss: 1.059 | Train Acc: 61.63  |  Val Loss: 1.107 | Val Acc: 53.27  |  Test Loss: 1.116 | Tes Acc: 57.14
INFO >> Epoch: 4  |  Layer: 11  |  Train Loss: 1.076 | Train Acc: 60.76  |  Val Loss: 1.068 | Val Acc: 59.81  |  Test Loss: 1.061 | Tes Acc: 64.29
INFO >> Epoch: 4  |  Layer: 12  |  Train Loss: 1.046 | Train Acc: 62.50  |  Val Loss: 0.993 | Val Acc: 64.49  |  Test Loss: 1.000 | Tes Acc: 66.67
INFO >> Epoch: 4  |  Layer: 13  |  Train Loss: 1.066 | Train Acc: 60.47  |  Val Loss: 1.068 | Val Acc: 59.81  |  Test Loss: 1.032 | Tes Acc: 59.52
INFO >> Epoch: 4  |  Layer: 14  |  Train Loss: 1.018 | Train Acc: 63.08  |  Val Loss: 1.020 | Val Acc: 60.75  |  Test Loss: 0.992 | Tes Acc: 61.90
INFO >> Epoch: 4  |  Layer: 15  |  Train Loss: 0.953 | Train Acc: 70.35  |  Val Loss: 0.984 | Val Acc: 66.36  |  Test Loss: 0.968 | Tes Acc: 67.86
INFO >> Epoch: 4  |  Layer: 16  |  Train Loss: 0.906 | Train Acc: 71.80  |  Val Loss: 0.947 | Val Acc: 64.49  |  Test Loss: 0.920 | Tes Acc: 70.24
INFO >> Epoch: 4  |  Layer: 17  |  Train Loss: 0.833 | Train Acc: 75.87  |  Val Loss: 0.822 | Val Acc: 72.90  |  Test Loss: 0.844 | Tes Acc: 71.43
INFO >> Epoch: 4  |  Layer: 18  |  Train Loss: 0.580 | Train Acc: 88.66  |  Val Loss: 0.586 | Val Acc: 80.37  |  Test Loss: 0.661 | Tes Acc: 75.00
INFO >> Epoch: 4  |  Layer: 19  |  Train Loss: 0.776 | Train Acc: 78.78  |  Val Loss: 0.902 | Val Acc: 67.29  |  Test Loss: 0.989 | Tes Acc: 61.90
INFO >> Epoch: 4  |  Layer: 20  |  Train Loss: 1.344 | Train Acc: 51.16  |  Val Loss: 1.458 | Val Acc: 41.12  |  Test Loss: 1.420 | Tes Acc: 46.43
INFO >> Epoch: 4  |  Layer: 21  |  Train Loss: 1.116 | Train Acc: 57.27  |  Val Loss: 1.343 | Val Acc: 45.79  |  Test Loss: 1.242 | Tes Acc: 54.76
INFO >> Epoch: 4  |  Layer: 22  |  Train Loss: 1.947 | Train Acc: 28.20  |  Val Loss: 2.171 | Val Acc: 19.63  |  Test Loss: 2.142 | Tes Acc: 25.00
INFO >> Epoch: 4  |  Layer: 23  |  Train Loss: 1.847 | Train Acc: 28.49  |  Val Loss: 2.089 | Val Acc: 14.02  |  Test Loss: 1.874 | Tes Acc: 25.00
INFO >> Epoch: 4  |  Layer: 24  |  Train Loss: 1.819 | Train Acc: 28.78  |  Val Loss: 2.187 | Val Acc: 18.69  |  Test Loss: 2.128 | Tes Acc: 26.19

INFO >> Epoch: 5  |  Layer:  1  |  Train Loss: 0.934 | Train Acc: 68.90  |  Val Loss: 0.881 | Val Acc: 59.81  |  Test Loss: 1.017 | Tes Acc: 66.67
INFO >> Epoch: 5  |  Layer:  2  |  Train Loss: 0.909 | Train Acc: 67.73  |  Val Loss: 0.881 | Val Acc: 64.49  |  Test Loss: 1.046 | Tes Acc: 63.10
INFO >> Epoch: 5  |  Layer:  3  |  Train Loss: 0.949 | Train Acc: 65.12  |  Val Loss: 0.942 | Val Acc: 57.01  |  Test Loss: 1.114 | Tes Acc: 55.95
INFO >> Epoch: 5  |  Layer:  4  |  Train Loss: 0.826 | Train Acc: 72.97  |  Val Loss: 0.794 | Val Acc: 75.70  |  Test Loss: 0.959 | Tes Acc: 71.43
INFO >> Epoch: 5  |  Layer:  5  |  Train Loss: 0.795 | Train Acc: 75.00  |  Val Loss: 0.792 | Val Acc: 73.83  |  Test Loss: 0.906 | Tes Acc: 75.00
INFO >> Epoch: 5  |  Layer:  6  |  Train Loss: 0.845 | Train Acc: 70.35  |  Val Loss: 0.828 | Val Acc: 65.42  |  Test Loss: 0.984 | Tes Acc: 63.10
INFO >> Epoch: 5  |  Layer:  7  |  Train Loss: 0.848 | Train Acc: 68.90  |  Val Loss: 0.836 | Val Acc: 67.29  |  Test Loss: 0.967 | Tes Acc: 67.86
INFO >> Epoch: 5  |  Layer:  8  |  Train Loss: 0.807 | Train Acc: 75.87  |  Val Loss: 0.800 | Val Acc: 81.31  |  Test Loss: 0.867 | Tes Acc: 78.57
INFO >> Epoch: 5  |  Layer:  9  |  Train Loss: 0.822 | Train Acc: 75.00  |  Val Loss: 0.784 | Val Acc: 76.64  |  Test Loss: 0.871 | Tes Acc: 77.38
INFO >> Epoch: 5  |  Layer: 10  |  Train Loss: 0.867 | Train Acc: 72.09  |  Val Loss: 0.779 | Val Acc: 75.70  |  Test Loss: 0.857 | Tes Acc: 82.14
INFO >> Epoch: 5  |  Layer: 11  |  Train Loss: 0.904 | Train Acc: 73.55  |  Val Loss: 0.885 | Val Acc: 70.09  |  Test Loss: 0.967 | Tes Acc: 71.43
INFO >> Epoch: 5  |  Layer: 12  |  Train Loss: 0.863 | Train Acc: 72.09  |  Val Loss: 0.830 | Val Acc: 66.36  |  Test Loss: 0.923 | Tes Acc: 69.05
INFO >> Epoch: 5  |  Layer: 13  |  Train Loss: 0.902 | Train Acc: 70.06  |  Val Loss: 0.878 | Val Acc: 72.90  |  Test Loss: 0.994 | Tes Acc: 69.05
INFO >> Epoch: 5  |  Layer: 14  |  Train Loss: 0.839 | Train Acc: 73.26  |  Val Loss: 0.816 | Val Acc: 72.90  |  Test Loss: 0.908 | Tes Acc: 76.19
INFO >> Epoch: 5  |  Layer: 15  |  Train Loss: 0.780 | Train Acc: 81.40  |  Val Loss: 0.789 | Val Acc: 74.77  |  Test Loss: 0.850 | Tes Acc: 75.00
INFO >> Epoch: 5  |  Layer: 16  |  Train Loss: 0.747 | Train Acc: 78.20  |  Val Loss: 0.721 | Val Acc: 77.57  |  Test Loss: 0.767 | Tes Acc: 79.76
INFO >> Epoch: 5  |  Layer: 17  |  Train Loss: 0.672 | Train Acc: 84.30  |  Val Loss: 0.627 | Val Acc: 81.31  |  Test Loss: 0.674 | Tes Acc: 90.48
INFO >> Epoch: 5  |  Layer: 18  |  Train Loss: 0.465 | Train Acc: 89.53  |  Val Loss: 0.455 | Val Acc: 85.05  |  Test Loss: 0.481 | Tes Acc: 90.48
INFO >> Epoch: 5  |  Layer: 19  |  Train Loss: 0.639 | Train Acc: 81.10  |  Val Loss: 0.583 | Val Acc: 81.31  |  Test Loss: 0.672 | Tes Acc: 86.90
INFO >> Epoch: 5  |  Layer: 20  |  Train Loss: 1.178 | Train Acc: 57.85  |  Val Loss: 1.202 | Val Acc: 54.21  |  Test Loss: 1.299 | Tes Acc: 51.19
INFO >> Epoch: 5  |  Layer: 21  |  Train Loss: 0.952 | Train Acc: 69.48  |  Val Loss: 0.869 | Val Acc: 75.70  |  Test Loss: 1.000 | Tes Acc: 77.38
INFO >> Epoch: 5  |  Layer: 22  |  Train Loss: 1.795 | Train Acc: 29.65  |  Val Loss: 1.862 | Val Acc: 28.97  |  Test Loss: 1.904 | Tes Acc: 33.33
INFO >> Epoch: 5  |  Layer: 23  |  Train Loss: 1.798 | Train Acc: 28.49  |  Val Loss: 1.799 | Val Acc: 26.17  |  Test Loss: 1.756 | Tes Acc: 33.33
INFO >> Epoch: 5  |  Layer: 24  |  Train Loss: 1.756 | Train Acc: 31.10  |  Val Loss: 1.745 | Val Acc: 28.04  |  Test Loss: 1.839 | Tes Acc: 27.38

INFO >> Epoch: 6  |  Layer:  1  |  Train Loss: 0.896 | Train Acc: 65.41  |  Val Loss: 0.789 | Val Acc: 77.57  |  Test Loss: 0.873 | Tes Acc: 67.86
INFO >> Epoch: 6  |  Layer:  2  |  Train Loss: 0.859 | Train Acc: 66.57  |  Val Loss: 0.784 | Val Acc: 75.70  |  Test Loss: 0.853 | Tes Acc: 65.48
INFO >> Epoch: 6  |  Layer:  3  |  Train Loss: 0.897 | Train Acc: 63.95  |  Val Loss: 0.806 | Val Acc: 72.90  |  Test Loss: 0.885 | Tes Acc: 70.24
INFO >> Epoch: 6  |  Layer:  4  |  Train Loss: 0.750 | Train Acc: 73.55  |  Val Loss: 0.664 | Val Acc: 84.11  |  Test Loss: 0.751 | Tes Acc: 80.95
INFO >> Epoch: 6  |  Layer:  5  |  Train Loss: 0.708 | Train Acc: 77.62  |  Val Loss: 0.662 | Val Acc: 82.24  |  Test Loss: 0.737 | Tes Acc: 85.71
INFO >> Epoch: 6  |  Layer:  6  |  Train Loss: 0.777 | Train Acc: 71.22  |  Val Loss: 0.689 | Val Acc: 80.37  |  Test Loss: 0.781 | Tes Acc: 84.52
INFO >> Epoch: 6  |  Layer:  7  |  Train Loss: 0.766 | Train Acc: 75.00  |  Val Loss: 0.691 | Val Acc: 84.11  |  Test Loss: 0.782 | Tes Acc: 83.33
INFO >> Epoch: 6  |  Layer:  8  |  Train Loss: 0.751 | Train Acc: 76.16  |  Val Loss: 0.730 | Val Acc: 73.83  |  Test Loss: 0.804 | Tes Acc: 76.19
INFO >> Epoch: 6  |  Layer:  9  |  Train Loss: 0.739 | Train Acc: 76.16  |  Val Loss: 0.669 | Val Acc: 76.64  |  Test Loss: 0.760 | Tes Acc: 78.57
INFO >> Epoch: 6  |  Layer: 10  |  Train Loss: 0.779 | Train Acc: 74.71  |  Val Loss: 0.794 | Val Acc: 68.22  |  Test Loss: 0.887 | Tes Acc: 72.62
INFO >> Epoch: 6  |  Layer: 11  |  Train Loss: 0.854 | Train Acc: 71.22  |  Val Loss: 0.779 | Val Acc: 77.57  |  Test Loss: 0.830 | Tes Acc: 79.76
INFO >> Epoch: 6  |  Layer: 12  |  Train Loss: 0.813 | Train Acc: 74.71  |  Val Loss: 0.756 | Val Acc: 71.96  |  Test Loss: 0.854 | Tes Acc: 76.19
INFO >> Epoch: 6  |  Layer: 13  |  Train Loss: 0.840 | Train Acc: 74.71  |  Val Loss: 0.801 | Val Acc: 69.16  |  Test Loss: 0.917 | Tes Acc: 72.62
INFO >> Epoch: 6  |  Layer: 14  |  Train Loss: 0.779 | Train Acc: 77.91  |  Val Loss: 0.729 | Val Acc: 68.22  |  Test Loss: 0.816 | Tes Acc: 77.38
INFO >> Epoch: 6  |  Layer: 15  |  Train Loss: 0.728 | Train Acc: 79.07  |  Val Loss: 0.763 | Val Acc: 67.29  |  Test Loss: 0.826 | Tes Acc: 71.43
INFO >> Epoch: 6  |  Layer: 16  |  Train Loss: 0.665 | Train Acc: 83.14  |  Val Loss: 0.667 | Val Acc: 71.03  |  Test Loss: 0.709 | Tes Acc: 79.76
INFO >> Epoch: 6  |  Layer: 17  |  Train Loss: 0.598 | Train Acc: 84.30  |  Val Loss: 0.584 | Val Acc: 73.83  |  Test Loss: 0.602 | Tes Acc: 89.29
INFO >> Epoch: 6  |  Layer: 18  |  Train Loss: 0.393 | Train Acc: 91.28  |  Val Loss: 0.365 | Val Acc: 86.92  |  Test Loss: 0.397 | Tes Acc: 92.86
INFO >> Epoch: 6  |  Layer: 19  |  Train Loss: 0.537 | Train Acc: 87.21  |  Val Loss: 0.492 | Val Acc: 82.24  |  Test Loss: 0.597 | Tes Acc: 83.33
INFO >> Epoch: 6  |  Layer: 20  |  Train Loss: 1.048 | Train Acc: 65.41  |  Val Loss: 1.069 | Val Acc: 68.22  |  Test Loss: 1.238 | Tes Acc: 55.95
INFO >> Epoch: 6  |  Layer: 21  |  Train Loss: 0.851 | Train Acc: 72.97  |  Val Loss: 0.766 | Val Acc: 79.44  |  Test Loss: 0.957 | Tes Acc: 76.19
INFO >> Epoch: 6  |  Layer: 22  |  Train Loss: 1.634 | Train Acc: 38.66  |  Val Loss: 1.763 | Val Acc: 21.50  |  Test Loss: 1.757 | Tes Acc: 29.76
INFO >> Epoch: 6  |  Layer: 23  |  Train Loss: 1.745 | Train Acc: 32.85  |  Val Loss: 1.812 | Val Acc: 24.30  |  Test Loss: 1.827 | Tes Acc: 27.38
INFO >> Epoch: 6  |  Layer: 24  |  Train Loss: 1.669 | Train Acc: 35.76  |  Val Loss: 1.572 | Val Acc: 42.99  |  Test Loss: 1.565 | Tes Acc: 41.67

INFO >> Epoch: 7  |  Layer:  1  |  Train Loss: 0.820 | Train Acc: 70.93  |  Val Loss: 0.822 | Val Acc: 70.09  |  Test Loss: 0.880 | Tes Acc: 63.10
INFO >> Epoch: 7  |  Layer:  2  |  Train Loss: 0.787 | Train Acc: 73.55  |  Val Loss: 0.769 | Val Acc: 73.83  |  Test Loss: 0.860 | Tes Acc: 64.29
INFO >> Epoch: 7  |  Layer:  3  |  Train Loss: 0.819 | Train Acc: 72.97  |  Val Loss: 0.788 | Val Acc: 75.70  |  Test Loss: 0.861 | Tes Acc: 64.29
INFO >> Epoch: 7  |  Layer:  4  |  Train Loss: 0.661 | Train Acc: 82.27  |  Val Loss: 0.650 | Val Acc: 79.44  |  Test Loss: 0.726 | Tes Acc: 77.38
INFO >> Epoch: 7  |  Layer:  5  |  Train Loss: 0.604 | Train Acc: 86.63  |  Val Loss: 0.599 | Val Acc: 85.05  |  Test Loss: 0.672 | Tes Acc: 89.29
INFO >> Epoch: 7  |  Layer:  6  |  Train Loss: 0.661 | Train Acc: 83.72  |  Val Loss: 0.606 | Val Acc: 80.37  |  Test Loss: 0.683 | Tes Acc: 89.29
INFO >> Epoch: 7  |  Layer:  7  |  Train Loss: 0.641 | Train Acc: 84.01  |  Val Loss: 0.605 | Val Acc: 84.11  |  Test Loss: 0.664 | Tes Acc: 90.48
INFO >> Epoch: 7  |  Layer:  8  |  Train Loss: 0.647 | Train Acc: 82.85  |  Val Loss: 0.603 | Val Acc: 84.11  |  Test Loss: 0.675 | Tes Acc: 89.29
INFO >> Epoch: 7  |  Layer:  9  |  Train Loss: 0.614 | Train Acc: 86.05  |  Val Loss: 0.549 | Val Acc: 85.05  |  Test Loss: 0.650 | Tes Acc: 90.48
INFO >> Epoch: 7  |  Layer: 10  |  Train Loss: 0.704 | Train Acc: 81.98  |  Val Loss: 0.637 | Val Acc: 82.24  |  Test Loss: 0.743 | Tes Acc: 85.71
INFO >> Epoch: 7  |  Layer: 11  |  Train Loss: 0.722 | Train Acc: 80.52  |  Val Loss: 0.685 | Val Acc: 85.05  |  Test Loss: 0.738 | Tes Acc: 88.10
INFO >> Epoch: 7  |  Layer: 12  |  Train Loss: 0.692 | Train Acc: 79.94  |  Val Loss: 0.618 | Val Acc: 85.98  |  Test Loss: 0.696 | Tes Acc: 89.29
INFO >> Epoch: 7  |  Layer: 13  |  Train Loss: 0.732 | Train Acc: 80.23  |  Val Loss: 0.621 | Val Acc: 85.98  |  Test Loss: 0.683 | Tes Acc: 88.10
INFO >> Epoch: 7  |  Layer: 14  |  Train Loss: 0.658 | Train Acc: 83.72  |  Val Loss: 0.570 | Val Acc: 87.85  |  Test Loss: 0.664 | Tes Acc: 88.10
INFO >> Epoch: 7  |  Layer: 15  |  Train Loss: 0.630 | Train Acc: 84.01  |  Val Loss: 0.587 | Val Acc: 84.11  |  Test Loss: 0.666 | Tes Acc: 89.29
INFO >> Epoch: 7  |  Layer: 16  |  Train Loss: 0.558 | Train Acc: 88.37  |  Val Loss: 0.519 | Val Acc: 84.11  |  Test Loss: 0.574 | Tes Acc: 91.67
INFO >> Epoch: 7  |  Layer: 17  |  Train Loss: 0.496 | Train Acc: 88.95  |  Val Loss: 0.439 | Val Acc: 89.72  |  Test Loss: 0.488 | Tes Acc: 94.05
INFO >> Epoch: 7  |  Layer: 18  |  Train Loss: 0.296 | Train Acc: 95.93  |  Val Loss: 0.269 | Val Acc: 93.46  |  Test Loss: 0.308 | Tes Acc: 95.24
INFO >> Epoch: 7  |  Layer: 19  |  Train Loss: 0.432 | Train Acc: 91.57  |  Val Loss: 0.394 | Val Acc: 90.65  |  Test Loss: 0.503 | Tes Acc: 90.48
INFO >> Epoch: 7  |  Layer: 20  |  Train Loss: 0.999 | Train Acc: 65.70  |  Val Loss: 0.984 | Val Acc: 68.22  |  Test Loss: 1.175 | Tes Acc: 57.14
INFO >> Epoch: 7  |  Layer: 21  |  Train Loss: 0.751 | Train Acc: 77.91  |  Val Loss: 0.680 | Val Acc: 80.37  |  Test Loss: 0.867 | Tes Acc: 80.95
INFO >> Epoch: 7  |  Layer: 22  |  Train Loss: 1.595 | Train Acc: 39.24  |  Val Loss: 1.707 | Val Acc: 35.51  |  Test Loss: 1.777 | Tes Acc: 27.38
INFO >> Epoch: 7  |  Layer: 23  |  Train Loss: 1.696 | Train Acc: 32.56  |  Val Loss: 1.678 | Val Acc: 35.51  |  Test Loss: 1.701 | Tes Acc: 45.24
INFO >> Epoch: 7  |  Layer: 24  |  Train Loss: 1.604 | Train Acc: 38.66  |  Val Loss: 1.675 | Val Acc: 34.58  |  Test Loss: 1.680 | Tes Acc: 41.67

INFO >> Epoch: 8  |  Layer:  1  |  Train Loss: 0.746 | Train Acc: 75.58  |  Val Loss: 0.702 | Val Acc: 76.64  |  Test Loss: 0.761 | Tes Acc: 71.43
INFO >> Epoch: 8  |  Layer:  2  |  Train Loss: 0.699 | Train Acc: 77.62  |  Val Loss: 0.650 | Val Acc: 82.24  |  Test Loss: 0.719 | Tes Acc: 75.00
INFO >> Epoch: 8  |  Layer:  3  |  Train Loss: 0.725 | Train Acc: 77.03  |  Val Loss: 0.669 | Val Acc: 81.31  |  Test Loss: 0.733 | Tes Acc: 77.38
INFO >> Epoch: 8  |  Layer:  4  |  Train Loss: 0.572 | Train Acc: 85.76  |  Val Loss: 0.560 | Val Acc: 83.18  |  Test Loss: 0.610 | Tes Acc: 85.71
INFO >> Epoch: 8  |  Layer:  5  |  Train Loss: 0.518 | Train Acc: 88.95  |  Val Loss: 0.530 | Val Acc: 86.92  |  Test Loss: 0.570 | Tes Acc: 90.48
INFO >> Epoch: 8  |  Layer:  6  |  Train Loss: 0.568 | Train Acc: 85.17  |  Val Loss: 0.539 | Val Acc: 85.05  |  Test Loss: 0.594 | Tes Acc: 89.29
INFO >> Epoch: 8  |  Layer:  7  |  Train Loss: 0.565 | Train Acc: 84.59  |  Val Loss: 0.535 | Val Acc: 85.05  |  Test Loss: 0.590 | Tes Acc: 91.67
INFO >> Epoch: 8  |  Layer:  8  |  Train Loss: 0.560 | Train Acc: 86.92  |  Val Loss: 0.532 | Val Acc: 83.18  |  Test Loss: 0.576 | Tes Acc: 95.24
INFO >> Epoch: 8  |  Layer:  9  |  Train Loss: 0.533 | Train Acc: 88.37  |  Val Loss: 0.471 | Val Acc: 85.98  |  Test Loss: 0.553 | Tes Acc: 92.86
INFO >> Epoch: 8  |  Layer: 10  |  Train Loss: 0.578 | Train Acc: 88.37  |  Val Loss: 0.520 | Val Acc: 88.79  |  Test Loss: 0.596 | Tes Acc: 91.67
INFO >> Epoch: 8  |  Layer: 11  |  Train Loss: 0.625 | Train Acc: 83.72  |  Val Loss: 0.608 | Val Acc: 85.05  |  Test Loss: 0.660 | Tes Acc: 86.90
INFO >> Epoch: 8  |  Layer: 12  |  Train Loss: 0.578 | Train Acc: 86.92  |  Val Loss: 0.558 | Val Acc: 84.11  |  Test Loss: 0.625 | Tes Acc: 86.90
INFO >> Epoch: 8  |  Layer: 13  |  Train Loss: 0.603 | Train Acc: 85.47  |  Val Loss: 0.575 | Val Acc: 87.85  |  Test Loss: 0.650 | Tes Acc: 86.90
INFO >> Epoch: 8  |  Layer: 14  |  Train Loss: 0.543 | Train Acc: 88.37  |  Val Loss: 0.505 | Val Acc: 87.85  |  Test Loss: 0.583 | Tes Acc: 89.29
INFO >> Epoch: 8  |  Layer: 15  |  Train Loss: 0.511 | Train Acc: 90.99  |  Val Loss: 0.509 | Val Acc: 83.18  |  Test Loss: 0.571 | Tes Acc: 91.67
INFO >> Epoch: 8  |  Layer: 16  |  Train Loss: 0.455 | Train Acc: 92.15  |  Val Loss: 0.455 | Val Acc: 89.72  |  Test Loss: 0.493 | Tes Acc: 91.67
INFO >> Epoch: 8  |  Layer: 17  |  Train Loss: 0.389 | Train Acc: 93.90  |  Val Loss: 0.368 | Val Acc: 89.72  |  Test Loss: 0.403 | Tes Acc: 95.24
INFO >> Epoch: 8  |  Layer: 18  |  Train Loss: 0.244 | Train Acc: 97.67  |  Val Loss: 0.251 | Val Acc: 92.52  |  Test Loss: 0.267 | Tes Acc: 96.43
INFO >> Epoch: 8  |  Layer: 19  |  Train Loss: 0.369 | Train Acc: 94.19  |  Val Loss: 0.347 | Val Acc: 94.39  |  Test Loss: 0.437 | Tes Acc: 92.86
INFO >> Epoch: 8  |  Layer: 20  |  Train Loss: 0.890 | Train Acc: 71.51  |  Val Loss: 0.972 | Val Acc: 75.70  |  Test Loss: 1.156 | Tes Acc: 58.33
INFO >> Epoch: 8  |  Layer: 21  |  Train Loss: 0.637 | Train Acc: 85.47  |  Val Loss: 0.618 | Val Acc: 81.31  |  Test Loss: 0.769 | Tes Acc: 85.71
INFO >> Epoch: 8  |  Layer: 22  |  Train Loss: 1.572 | Train Acc: 43.90  |  Val Loss: 1.512 | Val Acc: 54.21  |  Test Loss: 1.655 | Tes Acc: 46.43
INFO >> Epoch: 8  |  Layer: 23  |  Train Loss: 1.681 | Train Acc: 36.34  |  Val Loss: 1.790 | Val Acc: 22.43  |  Test Loss: 1.830 | Tes Acc: 28.57
INFO >> Epoch: 8  |  Layer: 24  |  Train Loss: 1.606 | Train Acc: 38.08  |  Val Loss: 1.770 | Val Acc: 28.04  |  Test Loss: 1.741 | Tes Acc: 29.76

INFO >> Epoch: 9  |  Layer:  1  |  Train Loss: 0.720 | Train Acc: 74.71  |  Val Loss: 0.772 | Val Acc: 70.09  |  Test Loss: 0.868 | Tes Acc: 65.48
INFO >> Epoch: 9  |  Layer:  2  |  Train Loss: 0.653 | Train Acc: 80.81  |  Val Loss: 0.672 | Val Acc: 78.50  |  Test Loss: 0.768 | Tes Acc: 71.43
INFO >> Epoch: 9  |  Layer:  3  |  Train Loss: 0.679 | Train Acc: 78.78  |  Val Loss: 0.675 | Val Acc: 84.11  |  Test Loss: 0.773 | Tes Acc: 66.67
INFO >> Epoch: 9  |  Layer:  4  |  Train Loss: 0.539 | Train Acc: 85.76  |  Val Loss: 0.597 | Val Acc: 82.24  |  Test Loss: 0.687 | Tes Acc: 72.62
INFO >> Epoch: 9  |  Layer:  5  |  Train Loss: 0.477 | Train Acc: 88.08  |  Val Loss: 0.569 | Val Acc: 81.31  |  Test Loss: 0.631 | Tes Acc: 78.57
INFO >> Epoch: 9  |  Layer:  6  |  Train Loss: 0.510 | Train Acc: 88.66  |  Val Loss: 0.585 | Val Acc: 84.11  |  Test Loss: 0.672 | Tes Acc: 80.95
INFO >> Epoch: 9  |  Layer:  7  |  Train Loss: 0.514 | Train Acc: 88.08  |  Val Loss: 0.591 | Val Acc: 80.37  |  Test Loss: 0.647 | Tes Acc: 80.95
INFO >> Epoch: 9  |  Layer:  8  |  Train Loss: 0.534 | Train Acc: 84.59  |  Val Loss: 0.631 | Val Acc: 78.50  |  Test Loss: 0.705 | Tes Acc: 84.52
INFO >> Epoch: 9  |  Layer:  9  |  Train Loss: 0.492 | Train Acc: 88.08  |  Val Loss: 0.527 | Val Acc: 79.44  |  Test Loss: 0.657 | Tes Acc: 82.14
INFO >> Epoch: 9  |  Layer: 10  |  Train Loss: 0.530 | Train Acc: 88.95  |  Val Loss: 0.568 | Val Acc: 78.50  |  Test Loss: 0.664 | Tes Acc: 79.76
INFO >> Epoch: 9  |  Layer: 11  |  Train Loss: 0.588 | Train Acc: 82.56  |  Val Loss: 0.666 | Val Acc: 77.57  |  Test Loss: 0.747 | Tes Acc: 73.81
INFO >> Epoch: 9  |  Layer: 12  |  Train Loss: 0.534 | Train Acc: 85.76  |  Val Loss: 0.616 | Val Acc: 79.44  |  Test Loss: 0.714 | Tes Acc: 79.76
INFO >> Epoch: 9  |  Layer: 13  |  Train Loss: 0.567 | Train Acc: 82.85  |  Val Loss: 0.640 | Val Acc: 79.44  |  Test Loss: 0.715 | Tes Acc: 76.19
INFO >> Epoch: 9  |  Layer: 14  |  Train Loss: 0.518 | Train Acc: 86.92  |  Val Loss: 0.601 | Val Acc: 77.57  |  Test Loss: 0.690 | Tes Acc: 80.95
INFO >> Epoch: 9  |  Layer: 15  |  Train Loss: 0.472 | Train Acc: 89.53  |  Val Loss: 0.597 | Val Acc: 83.18  |  Test Loss: 0.653 | Tes Acc: 78.57
INFO >> Epoch: 9  |  Layer: 16  |  Train Loss: 0.424 | Train Acc: 92.15  |  Val Loss: 0.532 | Val Acc: 81.31  |  Test Loss: 0.551 | Tes Acc: 83.33
INFO >> Epoch: 9  |  Layer: 17  |  Train Loss: 0.361 | Train Acc: 93.31  |  Val Loss: 0.437 | Val Acc: 86.92  |  Test Loss: 0.463 | Tes Acc: 90.48
INFO >> Epoch: 9  |  Layer: 18  |  Train Loss: 0.233 | Train Acc: 95.93  |  Val Loss: 0.278 | Val Acc: 92.52  |  Test Loss: 0.277 | Tes Acc: 97.62
INFO >> Epoch: 9  |  Layer: 19  |  Train Loss: 0.333 | Train Acc: 95.35  |  Val Loss: 0.400 | Val Acc: 86.92  |  Test Loss: 0.476 | Tes Acc: 88.10
INFO >> Epoch: 9  |  Layer: 20  |  Train Loss: 0.874 | Train Acc: 74.42  |  Val Loss: 1.066 | Val Acc: 63.55  |  Test Loss: 1.092 | Tes Acc: 71.43
INFO >> Epoch: 9  |  Layer: 21  |  Train Loss: 0.601 | Train Acc: 83.72  |  Val Loss: 0.652 | Val Acc: 78.50  |  Test Loss: 0.836 | Tes Acc: 69.05
INFO >> Epoch: 9  |  Layer: 22  |  Train Loss: 1.487 | Train Acc: 46.80  |  Val Loss: 1.520 | Val Acc: 40.19  |  Test Loss: 1.636 | Tes Acc: 38.10
INFO >> Epoch: 9  |  Layer: 23  |  Train Loss: 1.727 | Train Acc: 36.34  |  Val Loss: 2.057 | Val Acc: 26.17  |  Test Loss: 2.041 | Tes Acc: 17.86
INFO >> Epoch: 9  |  Layer: 24  |  Train Loss: 1.669 | Train Acc: 35.17  |  Val Loss: 1.882 | Val Acc: 35.51  |  Test Loss: 1.829 | Tes Acc: 40.48

INFO >> Epoch: 10  |  Layer:  1  |  Train Loss: 0.695 | Train Acc: 72.67  |  Val Loss: 0.761 | Val Acc: 67.29  |  Test Loss: 0.873 | Tes Acc: 65.48
INFO >> Epoch: 10  |  Layer:  2  |  Train Loss: 0.634 | Train Acc: 76.45  |  Val Loss: 0.705 | Val Acc: 70.09  |  Test Loss: 0.808 | Tes Acc: 66.67
INFO >> Epoch: 10  |  Layer:  3  |  Train Loss: 0.665 | Train Acc: 77.03  |  Val Loss: 0.665 | Val Acc: 74.77  |  Test Loss: 0.754 | Tes Acc: 70.24
INFO >> Epoch: 10  |  Layer:  4  |  Train Loss: 0.521 | Train Acc: 86.05  |  Val Loss: 0.587 | Val Acc: 75.70  |  Test Loss: 0.620 | Tes Acc: 73.81
INFO >> Epoch: 10  |  Layer:  5  |  Train Loss: 0.453 | Train Acc: 88.66  |  Val Loss: 0.540 | Val Acc: 79.44  |  Test Loss: 0.558 | Tes Acc: 82.14
INFO >> Epoch: 10  |  Layer:  6  |  Train Loss: 0.500 | Train Acc: 86.34  |  Val Loss: 0.602 | Val Acc: 76.64  |  Test Loss: 0.632 | Tes Acc: 75.00
INFO >> Epoch: 10  |  Layer:  7  |  Train Loss: 0.502 | Train Acc: 84.30  |  Val Loss: 0.582 | Val Acc: 74.77  |  Test Loss: 0.620 | Tes Acc: 77.38
INFO >> Epoch: 10  |  Layer:  8  |  Train Loss: 0.504 | Train Acc: 84.88  |  Val Loss: 0.513 | Val Acc: 79.44  |  Test Loss: 0.564 | Tes Acc: 84.52
INFO >> Epoch: 10  |  Layer:  9  |  Train Loss: 0.477 | Train Acc: 84.59  |  Val Loss: 0.481 | Val Acc: 81.31  |  Test Loss: 0.565 | Tes Acc: 85.71
INFO >> Epoch: 10  |  Layer: 10  |  Train Loss: 0.520 | Train Acc: 82.85  |  Val Loss: 0.498 | Val Acc: 81.31  |  Test Loss: 0.569 | Tes Acc: 84.52
INFO >> Epoch: 10  |  Layer: 11  |  Train Loss: 0.584 | Train Acc: 80.52  |  Val Loss: 0.541 | Val Acc: 79.44  |  Test Loss: 0.603 | Tes Acc: 80.95
INFO >> Epoch: 10  |  Layer: 12  |  Train Loss: 0.530 | Train Acc: 81.69  |  Val Loss: 0.482 | Val Acc: 80.37  |  Test Loss: 0.551 | Tes Acc: 84.52
INFO >> Epoch: 10  |  Layer: 13  |  Train Loss: 0.548 | Train Acc: 82.85  |  Val Loss: 0.543 | Val Acc: 74.77  |  Test Loss: 0.651 | Tes Acc: 79.76
INFO >> Epoch: 10  |  Layer: 14  |  Train Loss: 0.513 | Train Acc: 84.01  |  Val Loss: 0.454 | Val Acc: 85.05  |  Test Loss: 0.540 | Tes Acc: 86.90
INFO >> Epoch: 10  |  Layer: 15  |  Train Loss: 0.462 | Train Acc: 88.08  |  Val Loss: 0.481 | Val Acc: 76.64  |  Test Loss: 0.535 | Tes Acc: 85.71
INFO >> Epoch: 10  |  Layer: 16  |  Train Loss: 0.423 | Train Acc: 86.63  |  Val Loss: 0.438 | Val Acc: 80.37  |  Test Loss: 0.451 | Tes Acc: 88.10
INFO >> Epoch: 10  |  Layer: 17  |  Train Loss: 0.342 | Train Acc: 91.28  |  Val Loss: 0.358 | Val Acc: 86.92  |  Test Loss: 0.367 | Tes Acc: 90.48
INFO >> Epoch: 10  |  Layer: 18  |  Train Loss: 0.206 | Train Acc: 95.93  |  Val Loss: 0.256 | Val Acc: 91.59  |  Test Loss: 0.253 | Tes Acc: 92.86
INFO >> Epoch: 10  |  Layer: 19  |  Train Loss: 0.348 | Train Acc: 89.83  |  Val Loss: 0.366 | Val Acc: 85.05  |  Test Loss: 0.464 | Tes Acc: 83.33
INFO >> Epoch: 10  |  Layer: 20  |  Train Loss: 0.854 | Train Acc: 67.73  |  Val Loss: 0.744 | Val Acc: 75.70  |  Test Loss: 0.912 | Tes Acc: 72.62
INFO >> Epoch: 10  |  Layer: 21  |  Train Loss: 0.643 | Train Acc: 77.33  |  Val Loss: 0.588 | Val Acc: 82.24  |  Test Loss: 0.721 | Tes Acc: 80.95
INFO >> Epoch: 10  |  Layer: 22  |  Train Loss: 1.399 | Train Acc: 47.97  |  Val Loss: 1.427 | Val Acc: 43.93  |  Test Loss: 1.470 | Tes Acc: 32.14
INFO >> Epoch: 10  |  Layer: 23  |  Train Loss: 1.669 | Train Acc: 34.88  |  Val Loss: 1.641 | Val Acc: 31.78  |  Test Loss: 1.621 | Tes Acc: 44.05
INFO >> Epoch: 10  |  Layer: 24  |  Train Loss: 1.654 | Train Acc: 36.92  |  Val Loss: 1.530 | Val Acc: 25.23  |  Test Loss: 1.580 | Tes Acc: 29.76

INFO >> Epoch: 11  |  Layer:  1  |  Train Loss: 0.614 | Train Acc: 78.78  |  Val Loss: 0.642 | Val Acc: 74.77  |  Test Loss: 0.697 | Tes Acc: 73.81
INFO >> Epoch: 11  |  Layer:  2  |  Train Loss: 0.544 | Train Acc: 83.72  |  Val Loss: 0.534 | Val Acc: 83.18  |  Test Loss: 0.608 | Tes Acc: 80.95
INFO >> Epoch: 11  |  Layer:  3  |  Train Loss: 0.567 | Train Acc: 85.17  |  Val Loss: 0.553 | Val Acc: 83.18  |  Test Loss: 0.629 | Tes Acc: 82.14
INFO >> Epoch: 11  |  Layer:  4  |  Train Loss: 0.424 | Train Acc: 90.12  |  Val Loss: 0.451 | Val Acc: 83.18  |  Test Loss: 0.494 | Tes Acc: 91.67
INFO >> Epoch: 11  |  Layer:  5  |  Train Loss: 0.374 | Train Acc: 93.02  |  Val Loss: 0.420 | Val Acc: 86.92  |  Test Loss: 0.432 | Tes Acc: 91.67
INFO >> Epoch: 11  |  Layer:  6  |  Train Loss: 0.412 | Train Acc: 91.57  |  Val Loss: 0.472 | Val Acc: 81.31  |  Test Loss: 0.509 | Tes Acc: 88.10
INFO >> Epoch: 11  |  Layer:  7  |  Train Loss: 0.410 | Train Acc: 88.66  |  Val Loss: 0.446 | Val Acc: 83.18  |  Test Loss: 0.485 | Tes Acc: 90.48
INFO >> Epoch: 11  |  Layer:  8  |  Train Loss: 0.415 | Train Acc: 90.12  |  Val Loss: 0.445 | Val Acc: 84.11  |  Test Loss: 0.487 | Tes Acc: 91.67
INFO >> Epoch: 11  |  Layer:  9  |  Train Loss: 0.391 | Train Acc: 92.15  |  Val Loss: 0.392 | Val Acc: 88.79  |  Test Loss: 0.486 | Tes Acc: 90.48
INFO >> Epoch: 11  |  Layer: 10  |  Train Loss: 0.414 | Train Acc: 92.44  |  Val Loss: 0.444 | Val Acc: 87.85  |  Test Loss: 0.521 | Tes Acc: 89.29
INFO >> Epoch: 11  |  Layer: 11  |  Train Loss: 0.466 | Train Acc: 90.12  |  Val Loss: 0.506 | Val Acc: 85.98  |  Test Loss: 0.569 | Tes Acc: 84.52
INFO >> Epoch: 11  |  Layer: 12  |  Train Loss: 0.420 | Train Acc: 91.28  |  Val Loss: 0.488 | Val Acc: 84.11  |  Test Loss: 0.556 | Tes Acc: 85.71
INFO >> Epoch: 11  |  Layer: 13  |  Train Loss: 0.437 | Train Acc: 91.86  |  Val Loss: 0.443 | Val Acc: 86.92  |  Test Loss: 0.534 | Tes Acc: 88.10
INFO >> Epoch: 11  |  Layer: 14  |  Train Loss: 0.399 | Train Acc: 92.73  |  Val Loss: 0.399 | Val Acc: 87.85  |  Test Loss: 0.495 | Tes Acc: 86.90
INFO >> Epoch: 11  |  Layer: 15  |  Train Loss: 0.364 | Train Acc: 93.31  |  Val Loss: 0.427 | Val Acc: 86.92  |  Test Loss: 0.486 | Tes Acc: 85.71
INFO >> Epoch: 11  |  Layer: 16  |  Train Loss: 0.310 | Train Acc: 95.06  |  Val Loss: 0.360 | Val Acc: 88.79  |  Test Loss: 0.400 | Tes Acc: 91.67
INFO >> Epoch: 11  |  Layer: 17  |  Train Loss: 0.258 | Train Acc: 96.22  |  Val Loss: 0.286 | Val Acc: 90.65  |  Test Loss: 0.323 | Tes Acc: 92.86
INFO >> Epoch: 11  |  Layer: 18  |  Train Loss: 0.162 | Train Acc: 97.67  |  Val Loss: 0.192 | Val Acc: 96.26  |  Test Loss: 0.217 | Tes Acc: 96.43
INFO >> Epoch: 11  |  Layer: 19  |  Train Loss: 0.284 | Train Acc: 93.31  |  Val Loss: 0.269 | Val Acc: 92.52  |  Test Loss: 0.390 | Tes Acc: 86.90
INFO >> Epoch: 11  |  Layer: 20  |  Train Loss: 0.701 | Train Acc: 78.20  |  Val Loss: 0.739 | Val Acc: 75.70  |  Test Loss: 0.877 | Tes Acc: 70.24
INFO >> Epoch: 11  |  Layer: 21  |  Train Loss: 0.563 | Train Acc: 82.85  |  Val Loss: 0.576 | Val Acc: 81.31  |  Test Loss: 0.741 | Tes Acc: 75.00
INFO >> Epoch: 11  |  Layer: 22  |  Train Loss: 1.308 | Train Acc: 52.33  |  Val Loss: 1.379 | Val Acc: 42.99  |  Test Loss: 1.361 | Tes Acc: 44.05
INFO >> Epoch: 11  |  Layer: 23  |  Train Loss: 1.576 | Train Acc: 38.95  |  Val Loss: 1.597 | Val Acc: 32.71  |  Test Loss: 1.591 | Tes Acc: 40.48
INFO >> Epoch: 11  |  Layer: 24  |  Train Loss: 1.587 | Train Acc: 38.08  |  Val Loss: 1.574 | Val Acc: 35.51  |  Test Loss: 1.565 | Tes Acc: 42.86

INFO >> Epoch: 12  |  Layer:  1  |  Train Loss: 0.588 | Train Acc: 80.52  |  Val Loss: 0.630 | Val Acc: 76.64  |  Test Loss: 0.718 | Tes Acc: 70.24
INFO >> Epoch: 12  |  Layer:  2  |  Train Loss: 0.523 | Train Acc: 84.59  |  Val Loss: 0.553 | Val Acc: 80.37  |  Test Loss: 0.645 | Tes Acc: 79.76
INFO >> Epoch: 12  |  Layer:  3  |  Train Loss: 0.532 | Train Acc: 84.30  |  Val Loss: 0.538 | Val Acc: 82.24  |  Test Loss: 0.621 | Tes Acc: 82.14
INFO >> Epoch: 12  |  Layer:  4  |  Train Loss: 0.387 | Train Acc: 92.73  |  Val Loss: 0.444 | Val Acc: 84.11  |  Test Loss: 0.506 | Tes Acc: 85.71
INFO >> Epoch: 12  |  Layer:  5  |  Train Loss: 0.316 | Train Acc: 95.35  |  Val Loss: 0.415 | Val Acc: 87.85  |  Test Loss: 0.439 | Tes Acc: 91.67
INFO >> Epoch: 12  |  Layer:  6  |  Train Loss: 0.374 | Train Acc: 93.31  |  Val Loss: 0.424 | Val Acc: 85.98  |  Test Loss: 0.475 | Tes Acc: 88.10
INFO >> Epoch: 12  |  Layer:  7  |  Train Loss: 0.364 | Train Acc: 93.90  |  Val Loss: 0.427 | Val Acc: 85.98  |  Test Loss: 0.471 | Tes Acc: 88.10
INFO >> Epoch: 12  |  Layer:  8  |  Train Loss: 0.373 | Train Acc: 92.44  |  Val Loss: 0.411 | Val Acc: 88.79  |  Test Loss: 0.442 | Tes Acc: 90.48
INFO >> Epoch: 12  |  Layer:  9  |  Train Loss: 0.353 | Train Acc: 93.90  |  Val Loss: 0.369 | Val Acc: 88.79  |  Test Loss: 0.451 | Tes Acc: 88.10
INFO >> Epoch: 12  |  Layer: 10  |  Train Loss: 0.378 | Train Acc: 94.77  |  Val Loss: 0.348 | Val Acc: 90.65  |  Test Loss: 0.429 | Tes Acc: 92.86
INFO >> Epoch: 12  |  Layer: 11  |  Train Loss: 0.430 | Train Acc: 91.28  |  Val Loss: 0.406 | Val Acc: 89.72  |  Test Loss: 0.463 | Tes Acc: 91.67
INFO >> Epoch: 12  |  Layer: 12  |  Train Loss: 0.387 | Train Acc: 94.19  |  Val Loss: 0.370 | Val Acc: 86.92  |  Test Loss: 0.441 | Tes Acc: 88.10
INFO >> Epoch: 12  |  Layer: 13  |  Train Loss: 0.384 | Train Acc: 93.31  |  Val Loss: 0.385 | Val Acc: 88.79  |  Test Loss: 0.475 | Tes Acc: 86.90
INFO >> Epoch: 12  |  Layer: 14  |  Train Loss: 0.348 | Train Acc: 95.35  |  Val Loss: 0.351 | Val Acc: 89.72  |  Test Loss: 0.410 | Tes Acc: 90.48
INFO >> Epoch: 12  |  Layer: 15  |  Train Loss: 0.312 | Train Acc: 95.64  |  Val Loss: 0.358 | Val Acc: 87.85  |  Test Loss: 0.374 | Tes Acc: 90.48
INFO >> Epoch: 12  |  Layer: 16  |  Train Loss: 0.283 | Train Acc: 95.93  |  Val Loss: 0.304 | Val Acc: 90.65  |  Test Loss: 0.321 | Tes Acc: 92.86
INFO >> Epoch: 12  |  Layer: 17  |  Train Loss: 0.223 | Train Acc: 97.67  |  Val Loss: 0.243 | Val Acc: 91.59  |  Test Loss: 0.268 | Tes Acc: 95.24
INFO >> Epoch: 12  |  Layer: 18  |  Train Loss: 0.136 | Train Acc: 98.26  |  Val Loss: 0.177 | Val Acc: 95.33  |  Test Loss: 0.178 | Tes Acc: 95.24
INFO >> Epoch: 12  |  Layer: 19  |  Train Loss: 0.223 | Train Acc: 97.38  |  Val Loss: 0.234 | Val Acc: 95.33  |  Test Loss: 0.323 | Tes Acc: 91.67
INFO >> Epoch: 12  |  Layer: 20  |  Train Loss: 0.656 | Train Acc: 83.14  |  Val Loss: 0.672 | Val Acc: 77.57  |  Test Loss: 0.768 | Tes Acc: 76.19
INFO >> Epoch: 12  |  Layer: 21  |  Train Loss: 0.499 | Train Acc: 85.76  |  Val Loss: 0.522 | Val Acc: 78.50  |  Test Loss: 0.651 | Tes Acc: 80.95
INFO >> Epoch: 12  |  Layer: 22  |  Train Loss: 1.253 | Train Acc: 58.14  |  Val Loss: 1.348 | Val Acc: 45.79  |  Test Loss: 1.328 | Tes Acc: 51.19
INFO >> Epoch: 12  |  Layer: 23  |  Train Loss: 1.621 | Train Acc: 37.50  |  Val Loss: 1.598 | Val Acc: 35.51  |  Test Loss: 1.584 | Tes Acc: 40.48
INFO >> Epoch: 12  |  Layer: 24  |  Train Loss: 1.550 | Train Acc: 38.95  |  Val Loss: 1.604 | Val Acc: 35.51  |  Test Loss: 1.654 | Tes Acc: 38.10

INFO >> Epoch: 13  |  Layer:  1  |  Train Loss: 0.542 | Train Acc: 83.14  |  Val Loss: 0.567 | Val Acc: 75.70  |  Test Loss: 0.659 | Tes Acc: 76.19
INFO >> Epoch: 13  |  Layer:  2  |  Train Loss: 0.481 | Train Acc: 88.08  |  Val Loss: 0.506 | Val Acc: 80.37  |  Test Loss: 0.620 | Tes Acc: 80.95
INFO >> Epoch: 13  |  Layer:  3  |  Train Loss: 0.489 | Train Acc: 89.53  |  Val Loss: 0.504 | Val Acc: 82.24  |  Test Loss: 0.605 | Tes Acc: 84.52
INFO >> Epoch: 13  |  Layer:  4  |  Train Loss: 0.361 | Train Acc: 91.57  |  Val Loss: 0.411 | Val Acc: 84.11  |  Test Loss: 0.463 | Tes Acc: 88.10
INFO >> Epoch: 13  |  Layer:  5  |  Train Loss: 0.302 | Train Acc: 95.64  |  Val Loss: 0.394 | Val Acc: 85.98  |  Test Loss: 0.396 | Tes Acc: 94.05
INFO >> Epoch: 13  |  Layer:  6  |  Train Loss: 0.363 | Train Acc: 93.02  |  Val Loss: 0.448 | Val Acc: 84.11  |  Test Loss: 0.505 | Tes Acc: 85.71
INFO >> Epoch: 13  |  Layer:  7  |  Train Loss: 0.371 | Train Acc: 91.57  |  Val Loss: 0.390 | Val Acc: 88.79  |  Test Loss: 0.422 | Tes Acc: 91.67
INFO >> Epoch: 13  |  Layer:  8  |  Train Loss: 0.389 | Train Acc: 92.73  |  Val Loss: 0.371 | Val Acc: 90.65  |  Test Loss: 0.386 | Tes Acc: 91.67
INFO >> Epoch: 13  |  Layer:  9  |  Train Loss: 0.359 | Train Acc: 93.31  |  Val Loss: 0.320 | Val Acc: 86.92  |  Test Loss: 0.381 | Tes Acc: 92.86
INFO >> Epoch: 13  |  Layer: 10  |  Train Loss: 0.376 | Train Acc: 93.90  |  Val Loss: 0.322 | Val Acc: 90.65  |  Test Loss: 0.383 | Tes Acc: 92.86
INFO >> Epoch: 13  |  Layer: 11  |  Train Loss: 0.421 | Train Acc: 91.28  |  Val Loss: 0.381 | Val Acc: 85.98  |  Test Loss: 0.425 | Tes Acc: 91.67
INFO >> Epoch: 13  |  Layer: 12  |  Train Loss: 0.372 | Train Acc: 92.73  |  Val Loss: 0.353 | Val Acc: 85.98  |  Test Loss: 0.416 | Tes Acc: 89.29
INFO >> Epoch: 13  |  Layer: 13  |  Train Loss: 0.383 | Train Acc: 93.02  |  Val Loss: 0.345 | Val Acc: 88.79  |  Test Loss: 0.424 | Tes Acc: 89.29
INFO >> Epoch: 13  |  Layer: 14  |  Train Loss: 0.346 | Train Acc: 93.90  |  Val Loss: 0.321 | Val Acc: 88.79  |  Test Loss: 0.377 | Tes Acc: 91.67
INFO >> Epoch: 13  |  Layer: 15  |  Train Loss: 0.327 | Train Acc: 93.31  |  Val Loss: 0.342 | Val Acc: 84.11  |  Test Loss: 0.353 | Tes Acc: 89.29
INFO >> Epoch: 13  |  Layer: 16  |  Train Loss: 0.285 | Train Acc: 95.93  |  Val Loss: 0.305 | Val Acc: 85.98  |  Test Loss: 0.301 | Tes Acc: 94.05
INFO >> Epoch: 13  |  Layer: 17  |  Train Loss: 0.229 | Train Acc: 97.09  |  Val Loss: 0.248 | Val Acc: 92.52  |  Test Loss: 0.249 | Tes Acc: 95.24
INFO >> Epoch: 13  |  Layer: 18  |  Train Loss: 0.144 | Train Acc: 98.26  |  Val Loss: 0.203 | Val Acc: 93.46  |  Test Loss: 0.203 | Tes Acc: 95.24
INFO >> Epoch: 13  |  Layer: 19  |  Train Loss: 0.217 | Train Acc: 96.80  |  Val Loss: 0.241 | Val Acc: 90.65  |  Test Loss: 0.316 | Tes Acc: 90.48
INFO >> Epoch: 13  |  Layer: 20  |  Train Loss: 0.576 | Train Acc: 85.47  |  Val Loss: 0.591 | Val Acc: 84.11  |  Test Loss: 0.711 | Tes Acc: 85.71
INFO >> Epoch: 13  |  Layer: 21  |  Train Loss: 0.402 | Train Acc: 92.44  |  Val Loss: 0.439 | Val Acc: 87.85  |  Test Loss: 0.586 | Tes Acc: 89.29
INFO >> Epoch: 13  |  Layer: 22  |  Train Loss: 1.226 | Train Acc: 53.49  |  Val Loss: 1.289 | Val Acc: 51.40  |  Test Loss: 1.355 | Tes Acc: 55.95
INFO >> Epoch: 13  |  Layer: 23  |  Train Loss: 1.516 | Train Acc: 45.06  |  Val Loss: 1.672 | Val Acc: 27.10  |  Test Loss: 1.723 | Tes Acc: 32.14
INFO >> Epoch: 13  |  Layer: 24  |  Train Loss: 1.438 | Train Acc: 47.09  |  Val Loss: 1.445 | Val Acc: 42.99  |  Test Loss: 1.575 | Tes Acc: 47.62

INFO >> Epoch: 14  |  Layer:  1  |  Train Loss: 0.511 | Train Acc: 81.40  |  Val Loss: 0.564 | Val Acc: 74.77  |  Test Loss: 0.688 | Tes Acc: 76.19
INFO >> Epoch: 14  |  Layer:  2  |  Train Loss: 0.449 | Train Acc: 86.63  |  Val Loss: 0.509 | Val Acc: 79.44  |  Test Loss: 0.617 | Tes Acc: 77.38
INFO >> Epoch: 14  |  Layer:  3  |  Train Loss: 0.471 | Train Acc: 86.63  |  Val Loss: 0.542 | Val Acc: 78.50  |  Test Loss: 0.637 | Tes Acc: 78.57
INFO >> Epoch: 14  |  Layer:  4  |  Train Loss: 0.325 | Train Acc: 92.73  |  Val Loss: 0.450 | Val Acc: 82.24  |  Test Loss: 0.477 | Tes Acc: 83.33
INFO >> Epoch: 14  |  Layer:  5  |  Train Loss: 0.256 | Train Acc: 95.06  |  Val Loss: 0.463 | Val Acc: 81.31  |  Test Loss: 0.446 | Tes Acc: 84.52
INFO >> Epoch: 14  |  Layer:  6  |  Train Loss: 0.306 | Train Acc: 93.60  |  Val Loss: 0.439 | Val Acc: 81.31  |  Test Loss: 0.485 | Tes Acc: 86.90
INFO >> Epoch: 14  |  Layer:  7  |  Train Loss: 0.306 | Train Acc: 93.90  |  Val Loss: 0.472 | Val Acc: 79.44  |  Test Loss: 0.532 | Tes Acc: 82.14
INFO >> Epoch: 14  |  Layer:  8  |  Train Loss: 0.308 | Train Acc: 93.60  |  Val Loss: 0.454 | Val Acc: 84.11  |  Test Loss: 0.473 | Tes Acc: 85.71
INFO >> Epoch: 14  |  Layer:  9  |  Train Loss: 0.280 | Train Acc: 95.06  |  Val Loss: 0.397 | Val Acc: 83.18  |  Test Loss: 0.433 | Tes Acc: 86.90
INFO >> Epoch: 14  |  Layer: 10  |  Train Loss: 0.317 | Train Acc: 93.31  |  Val Loss: 0.445 | Val Acc: 82.24  |  Test Loss: 0.480 | Tes Acc: 86.90
INFO >> Epoch: 14  |  Layer: 11  |  Train Loss: 0.362 | Train Acc: 92.73  |  Val Loss: 0.467 | Val Acc: 83.18  |  Test Loss: 0.504 | Tes Acc: 84.52
INFO >> Epoch: 14  |  Layer: 12  |  Train Loss: 0.331 | Train Acc: 91.86  |  Val Loss: 0.450 | Val Acc: 83.18  |  Test Loss: 0.490 | Tes Acc: 83.33
INFO >> Epoch: 14  |  Layer: 13  |  Train Loss: 0.339 | Train Acc: 93.90  |  Val Loss: 0.454 | Val Acc: 82.24  |  Test Loss: 0.577 | Tes Acc: 80.95
INFO >> Epoch: 14  |  Layer: 14  |  Train Loss: 0.292 | Train Acc: 95.35  |  Val Loss: 0.388 | Val Acc: 86.92  |  Test Loss: 0.464 | Tes Acc: 85.71
INFO >> Epoch: 14  |  Layer: 15  |  Train Loss: 0.287 | Train Acc: 93.60  |  Val Loss: 0.459 | Val Acc: 81.31  |  Test Loss: 0.474 | Tes Acc: 88.10
INFO >> Epoch: 14  |  Layer: 16  |  Train Loss: 0.233 | Train Acc: 95.06  |  Val Loss: 0.419 | Val Acc: 82.24  |  Test Loss: 0.382 | Tes Acc: 85.71
INFO >> Epoch: 14  |  Layer: 17  |  Train Loss: 0.181 | Train Acc: 97.67  |  Val Loss: 0.315 | Val Acc: 86.92  |  Test Loss: 0.294 | Tes Acc: 92.86
INFO >> Epoch: 14  |  Layer: 18  |  Train Loss: 0.115 | Train Acc: 99.13  |  Val Loss: 0.238 | Val Acc: 88.79  |  Test Loss: 0.219 | Tes Acc: 94.05
INFO >> Epoch: 14  |  Layer: 19  |  Train Loss: 0.182 | Train Acc: 97.97  |  Val Loss: 0.309 | Val Acc: 86.92  |  Test Loss: 0.384 | Tes Acc: 90.48
INFO >> Epoch: 14  |  Layer: 20  |  Train Loss: 0.548 | Train Acc: 84.01  |  Val Loss: 0.552 | Val Acc: 83.18  |  Test Loss: 0.673 | Tes Acc: 85.71
INFO >> Epoch: 14  |  Layer: 21  |  Train Loss: 0.377 | Train Acc: 92.73  |  Val Loss: 0.432 | Val Acc: 86.92  |  Test Loss: 0.590 | Tes Acc: 88.10
INFO >> Epoch: 14  |  Layer: 22  |  Train Loss: 1.264 | Train Acc: 53.78  |  Val Loss: 1.174 | Val Acc: 63.55  |  Test Loss: 1.353 | Tes Acc: 50.00
INFO >> Epoch: 14  |  Layer: 23  |  Train Loss: 1.550 | Train Acc: 42.15  |  Val Loss: 1.511 | Val Acc: 42.06  |  Test Loss: 1.546 | Tes Acc: 50.00
INFO >> Epoch: 14  |  Layer: 24  |  Train Loss: 1.491 | Train Acc: 45.06  |  Val Loss: 1.344 | Val Acc: 50.47  |  Test Loss: 1.432 | Tes Acc: 50.00

INFO >> Epoch: 15  |  Layer:  1  |  Train Loss: 0.517 | Train Acc: 82.56  |  Val Loss: 0.637 | Val Acc: 76.64  |  Test Loss: 0.790 | Tes Acc: 70.24
INFO >> Epoch: 15  |  Layer:  2  |  Train Loss: 0.464 | Train Acc: 85.47  |  Val Loss: 0.596 | Val Acc: 77.57  |  Test Loss: 0.699 | Tes Acc: 71.43
INFO >> Epoch: 15  |  Layer:  3  |  Train Loss: 0.468 | Train Acc: 85.17  |  Val Loss: 0.505 | Val Acc: 79.44  |  Test Loss: 0.590 | Tes Acc: 75.00
INFO >> Epoch: 15  |  Layer:  4  |  Train Loss: 0.327 | Train Acc: 92.15  |  Val Loss: 0.546 | Val Acc: 77.57  |  Test Loss: 0.550 | Tes Acc: 79.76
INFO >> Epoch: 15  |  Layer:  5  |  Train Loss: 0.255 | Train Acc: 94.48  |  Val Loss: 0.487 | Val Acc: 79.44  |  Test Loss: 0.448 | Tes Acc: 80.95
INFO >> Epoch: 15  |  Layer:  6  |  Train Loss: 0.281 | Train Acc: 95.93  |  Val Loss: 0.534 | Val Acc: 76.64  |  Test Loss: 0.523 | Tes Acc: 82.14
INFO >> Epoch: 15  |  Layer:  7  |  Train Loss: 0.301 | Train Acc: 92.73  |  Val Loss: 0.545 | Val Acc: 76.64  |  Test Loss: 0.597 | Tes Acc: 80.95
INFO >> Epoch: 15  |  Layer:  8  |  Train Loss: 0.288 | Train Acc: 93.90  |  Val Loss: 0.466 | Val Acc: 82.24  |  Test Loss: 0.474 | Tes Acc: 86.90
INFO >> Epoch: 15  |  Layer:  9  |  Train Loss: 0.282 | Train Acc: 93.90  |  Val Loss: 0.454 | Val Acc: 81.31  |  Test Loss: 0.488 | Tes Acc: 80.95
INFO >> Epoch: 15  |  Layer: 10  |  Train Loss: 0.340 | Train Acc: 89.83  |  Val Loss: 0.525 | Val Acc: 79.44  |  Test Loss: 0.576 | Tes Acc: 83.33
INFO >> Epoch: 15  |  Layer: 11  |  Train Loss: 0.349 | Train Acc: 90.99  |  Val Loss: 0.469 | Val Acc: 82.24  |  Test Loss: 0.491 | Tes Acc: 85.71
INFO >> Epoch: 15  |  Layer: 12  |  Train Loss: 0.341 | Train Acc: 89.53  |  Val Loss: 0.460 | Val Acc: 84.11  |  Test Loss: 0.482 | Tes Acc: 84.52
INFO >> Epoch: 15  |  Layer: 13  |  Train Loss: 0.357 | Train Acc: 88.37  |  Val Loss: 0.461 | Val Acc: 84.11  |  Test Loss: 0.559 | Tes Acc: 83.33
INFO >> Epoch: 15  |  Layer: 14  |  Train Loss: 0.303 | Train Acc: 91.57  |  Val Loss: 0.426 | Val Acc: 84.11  |  Test Loss: 0.479 | Tes Acc: 84.52
INFO >> Epoch: 15  |  Layer: 15  |  Train Loss: 0.313 | Train Acc: 89.24  |  Val Loss: 0.573 | Val Acc: 79.44  |  Test Loss: 0.564 | Tes Acc: 83.33
INFO >> Epoch: 15  |  Layer: 16  |  Train Loss: 0.255 | Train Acc: 92.73  |  Val Loss: 0.460 | Val Acc: 82.24  |  Test Loss: 0.424 | Tes Acc: 85.71
INFO >> Epoch: 15  |  Layer: 17  |  Train Loss: 0.190 | Train Acc: 97.38  |  Val Loss: 0.346 | Val Acc: 85.05  |  Test Loss: 0.342 | Tes Acc: 86.90
INFO >> Epoch: 15  |  Layer: 18  |  Train Loss: 0.121 | Train Acc: 98.55  |  Val Loss: 0.239 | Val Acc: 86.92  |  Test Loss: 0.269 | Tes Acc: 88.10
INFO >> Epoch: 15  |  Layer: 19  |  Train Loss: 0.207 | Train Acc: 95.64  |  Val Loss: 0.354 | Val Acc: 81.31  |  Test Loss: 0.490 | Tes Acc: 77.38
INFO >> Epoch: 15  |  Layer: 20  |  Train Loss: 0.522 | Train Acc: 86.34  |  Val Loss: 0.525 | Val Acc: 83.18  |  Test Loss: 0.658 | Tes Acc: 83.33
INFO >> Epoch: 15  |  Layer: 21  |  Train Loss: 0.353 | Train Acc: 92.73  |  Val Loss: 0.394 | Val Acc: 82.24  |  Test Loss: 0.500 | Tes Acc: 80.95
INFO >> Epoch: 15  |  Layer: 22  |  Train Loss: 1.241 | Train Acc: 50.87  |  Val Loss: 1.081 | Val Acc: 73.83  |  Test Loss: 1.280 | Tes Acc: 66.67
INFO >> Epoch: 15  |  Layer: 23  |  Train Loss: 1.567 | Train Acc: 41.57  |  Val Loss: 1.552 | Val Acc: 42.99  |  Test Loss: 1.632 | Tes Acc: 35.71
INFO >> Epoch: 15  |  Layer: 24  |  Train Loss: 1.563 | Train Acc: 45.93  |  Val Loss: 1.492 | Val Acc: 50.47  |  Test Loss: 1.566 | Tes Acc: 46.43

INFO >> Epoch: 16  |  Layer:  1  |  Train Loss: 0.507 | Train Acc: 84.59  |  Val Loss: 0.641 | Val Acc: 73.83  |  Test Loss: 0.789 | Tes Acc: 60.71
INFO >> Epoch: 16  |  Layer:  2  |  Train Loss: 0.436 | Train Acc: 88.08  |  Val Loss: 0.524 | Val Acc: 79.44  |  Test Loss: 0.652 | Tes Acc: 70.24
INFO >> Epoch: 16  |  Layer:  3  |  Train Loss: 0.434 | Train Acc: 88.08  |  Val Loss: 0.506 | Val Acc: 81.31  |  Test Loss: 0.603 | Tes Acc: 75.00
INFO >> Epoch: 16  |  Layer:  4  |  Train Loss: 0.336 | Train Acc: 90.41  |  Val Loss: 0.401 | Val Acc: 84.11  |  Test Loss: 0.439 | Tes Acc: 83.33
INFO >> Epoch: 16  |  Layer:  5  |  Train Loss: 0.257 | Train Acc: 94.48  |  Val Loss: 0.374 | Val Acc: 84.11  |  Test Loss: 0.355 | Tes Acc: 91.67
INFO >> Epoch: 16  |  Layer:  6  |  Train Loss: 0.305 | Train Acc: 93.31  |  Val Loss: 0.408 | Val Acc: 83.18  |  Test Loss: 0.386 | Tes Acc: 86.90
INFO >> Epoch: 16  |  Layer:  7  |  Train Loss: 0.308 | Train Acc: 91.86  |  Val Loss: 0.376 | Val Acc: 84.11  |  Test Loss: 0.390 | Tes Acc: 83.33
INFO >> Epoch: 16  |  Layer:  8  |  Train Loss: 0.284 | Train Acc: 93.60  |  Val Loss: 0.357 | Val Acc: 83.18  |  Test Loss: 0.349 | Tes Acc: 86.90
INFO >> Epoch: 16  |  Layer:  9  |  Train Loss: 0.269 | Train Acc: 93.02  |  Val Loss: 0.305 | Val Acc: 85.98  |  Test Loss: 0.344 | Tes Acc: 89.29
INFO >> Epoch: 16  |  Layer: 10  |  Train Loss: 0.312 | Train Acc: 92.73  |  Val Loss: 0.328 | Val Acc: 85.05  |  Test Loss: 0.387 | Tes Acc: 85.71
INFO >> Epoch: 16  |  Layer: 11  |  Train Loss: 0.329 | Train Acc: 91.86  |  Val Loss: 0.352 | Val Acc: 85.05  |  Test Loss: 0.394 | Tes Acc: 88.10
INFO >> Epoch: 16  |  Layer: 12  |  Train Loss: 0.304 | Train Acc: 93.02  |  Val Loss: 0.358 | Val Acc: 85.98  |  Test Loss: 0.409 | Tes Acc: 86.90
INFO >> Epoch: 16  |  Layer: 13  |  Train Loss: 0.317 | Train Acc: 92.44  |  Val Loss: 0.322 | Val Acc: 85.98  |  Test Loss: 0.407 | Tes Acc: 89.29
INFO >> Epoch: 16  |  Layer: 14  |  Train Loss: 0.288 | Train Acc: 93.90  |  Val Loss: 0.300 | Val Acc: 88.79  |  Test Loss: 0.367 | Tes Acc: 89.29
INFO >> Epoch: 16  |  Layer: 15  |  Train Loss: 0.283 | Train Acc: 92.15  |  Val Loss: 0.340 | Val Acc: 85.98  |  Test Loss: 0.345 | Tes Acc: 90.48
INFO >> Epoch: 16  |  Layer: 16  |  Train Loss: 0.231 | Train Acc: 95.35  |  Val Loss: 0.303 | Val Acc: 89.72  |  Test Loss: 0.318 | Tes Acc: 88.10
INFO >> Epoch: 16  |  Layer: 17  |  Train Loss: 0.177 | Train Acc: 97.38  |  Val Loss: 0.238 | Val Acc: 88.79  |  Test Loss: 0.256 | Tes Acc: 88.10
INFO >> Epoch: 16  |  Layer: 18  |  Train Loss: 0.110 | Train Acc: 98.55  |  Val Loss: 0.180 | Val Acc: 91.59  |  Test Loss: 0.186 | Tes Acc: 94.05
INFO >> Epoch: 16  |  Layer: 19  |  Train Loss: 0.190 | Train Acc: 96.22  |  Val Loss: 0.229 | Val Acc: 90.65  |  Test Loss: 0.329 | Tes Acc: 85.71
INFO >> Epoch: 16  |  Layer: 20  |  Train Loss: 0.472 | Train Acc: 89.83  |  Val Loss: 0.507 | Val Acc: 82.24  |  Test Loss: 0.649 | Tes Acc: 86.90
INFO >> Epoch: 16  |  Layer: 21  |  Train Loss: 0.350 | Train Acc: 90.99  |  Val Loss: 0.386 | Val Acc: 82.24  |  Test Loss: 0.499 | Tes Acc: 88.10
INFO >> Epoch: 16  |  Layer: 22  |  Train Loss: 1.090 | Train Acc: 63.37  |  Val Loss: 1.122 | Val Acc: 57.94  |  Test Loss: 1.272 | Tes Acc: 55.95
INFO >> Epoch: 16  |  Layer: 23  |  Train Loss: 1.490 | Train Acc: 45.93  |  Val Loss: 1.451 | Val Acc: 42.99  |  Test Loss: 1.485 | Tes Acc: 45.24
INFO >> Epoch: 16  |  Layer: 24  |  Train Loss: 1.499 | Train Acc: 45.93  |  Val Loss: 1.806 | Val Acc: 31.78  |  Test Loss: 1.985 | Tes Acc: 29.76

INFO >> Epoch: 17  |  Layer:  1  |  Train Loss: 0.487 | Train Acc: 83.43  |  Val Loss: 0.571 | Val Acc: 78.50  |  Test Loss: 0.674 | Tes Acc: 76.19
INFO >> Epoch: 17  |  Layer:  2  |  Train Loss: 0.439 | Train Acc: 85.76  |  Val Loss: 0.406 | Val Acc: 86.92  |  Test Loss: 0.497 | Tes Acc: 84.52
INFO >> Epoch: 17  |  Layer:  3  |  Train Loss: 0.426 | Train Acc: 87.50  |  Val Loss: 0.461 | Val Acc: 83.18  |  Test Loss: 0.536 | Tes Acc: 75.00
INFO >> Epoch: 17  |  Layer:  4  |  Train Loss: 0.310 | Train Acc: 91.28  |  Val Loss: 0.347 | Val Acc: 85.05  |  Test Loss: 0.388 | Tes Acc: 90.48
INFO >> Epoch: 17  |  Layer:  5  |  Train Loss: 0.234 | Train Acc: 95.06  |  Val Loss: 0.349 | Val Acc: 84.11  |  Test Loss: 0.333 | Tes Acc: 92.86
INFO >> Epoch: 17  |  Layer:  6  |  Train Loss: 0.276 | Train Acc: 93.31  |  Val Loss: 0.363 | Val Acc: 85.05  |  Test Loss: 0.347 | Tes Acc: 91.67
INFO >> Epoch: 17  |  Layer:  7  |  Train Loss: 0.292 | Train Acc: 91.57  |  Val Loss: 0.357 | Val Acc: 83.18  |  Test Loss: 0.366 | Tes Acc: 89.29
INFO >> Epoch: 17  |  Layer:  8  |  Train Loss: 0.276 | Train Acc: 92.15  |  Val Loss: 0.316 | Val Acc: 87.85  |  Test Loss: 0.304 | Tes Acc: 90.48
INFO >> Epoch: 17  |  Layer:  9  |  Train Loss: 0.253 | Train Acc: 93.31  |  Val Loss: 0.261 | Val Acc: 89.72  |  Test Loss: 0.320 | Tes Acc: 92.86
INFO >> Epoch: 17  |  Layer: 10  |  Train Loss: 0.290 | Train Acc: 91.28  |  Val Loss: 0.288 | Val Acc: 88.79  |  Test Loss: 0.363 | Tes Acc: 88.10
INFO >> Epoch: 17  |  Layer: 11  |  Train Loss: 0.323 | Train Acc: 90.70  |  Val Loss: 0.318 | Val Acc: 86.92  |  Test Loss: 0.364 | Tes Acc: 90.48
INFO >> Epoch: 17  |  Layer: 12  |  Train Loss: 0.275 | Train Acc: 93.60  |  Val Loss: 0.322 | Val Acc: 86.92  |  Test Loss: 0.382 | Tes Acc: 88.10
INFO >> Epoch: 17  |  Layer: 13  |  Train Loss: 0.289 | Train Acc: 94.19  |  Val Loss: 0.283 | Val Acc: 87.85  |  Test Loss: 0.367 | Tes Acc: 90.48
INFO >> Epoch: 17  |  Layer: 14  |  Train Loss: 0.259 | Train Acc: 95.06  |  Val Loss: 0.288 | Val Acc: 88.79  |  Test Loss: 0.360 | Tes Acc: 85.71
INFO >> Epoch: 17  |  Layer: 15  |  Train Loss: 0.237 | Train Acc: 95.35  |  Val Loss: 0.320 | Val Acc: 85.98  |  Test Loss: 0.342 | Tes Acc: 88.10
INFO >> Epoch: 17  |  Layer: 16  |  Train Loss: 0.206 | Train Acc: 95.64  |  Val Loss: 0.280 | Val Acc: 88.79  |  Test Loss: 0.303 | Tes Acc: 88.10
INFO >> Epoch: 17  |  Layer: 17  |  Train Loss: 0.158 | Train Acc: 97.38  |  Val Loss: 0.222 | Val Acc: 91.59  |  Test Loss: 0.257 | Tes Acc: 90.48
INFO >> Epoch: 17  |  Layer: 18  |  Train Loss: 0.094 | Train Acc: 99.13  |  Val Loss: 0.151 | Val Acc: 94.39  |  Test Loss: 0.161 | Tes Acc: 94.05
INFO >> Epoch: 17  |  Layer: 19  |  Train Loss: 0.178 | Train Acc: 95.64  |  Val Loss: 0.185 | Val Acc: 94.39  |  Test Loss: 0.280 | Tes Acc: 88.10
INFO >> Epoch: 17  |  Layer: 20  |  Train Loss: 0.515 | Train Acc: 84.88  |  Val Loss: 0.481 | Val Acc: 85.05  |  Test Loss: 0.627 | Tes Acc: 83.33
INFO >> Epoch: 17  |  Layer: 21  |  Train Loss: 0.375 | Train Acc: 90.12  |  Val Loss: 0.388 | Val Acc: 82.24  |  Test Loss: 0.495 | Tes Acc: 91.67
INFO >> Epoch: 17  |  Layer: 22  |  Train Loss: 1.105 | Train Acc: 62.50  |  Val Loss: 1.088 | Val Acc: 62.62  |  Test Loss: 1.230 | Tes Acc: 52.38
INFO >> Epoch: 17  |  Layer: 23  |  Train Loss: 1.451 | Train Acc: 48.26  |  Val Loss: 1.526 | Val Acc: 45.79  |  Test Loss: 1.603 | Tes Acc: 45.24
INFO >> Epoch: 17  |  Layer: 24  |  Train Loss: 1.560 | Train Acc: 43.31  |  Val Loss: 1.500 | Val Acc: 41.12  |  Test Loss: 1.615 | Tes Acc: 40.48

INFO >> Epoch: 18  |  Layer:  1  |  Train Loss: 0.437 | Train Acc: 85.17  |  Val Loss: 0.484 | Val Acc: 80.37  |  Test Loss: 0.587 | Tes Acc: 75.00
INFO >> Epoch: 18  |  Layer:  2  |  Train Loss: 0.366 | Train Acc: 88.95  |  Val Loss: 0.406 | Val Acc: 85.05  |  Test Loss: 0.497 | Tes Acc: 84.52
INFO >> Epoch: 18  |  Layer:  3  |  Train Loss: 0.371 | Train Acc: 90.41  |  Val Loss: 0.448 | Val Acc: 83.18  |  Test Loss: 0.510 | Tes Acc: 79.76
INFO >> Epoch: 18  |  Layer:  4  |  Train Loss: 0.257 | Train Acc: 95.06  |  Val Loss: 0.346 | Val Acc: 86.92  |  Test Loss: 0.343 | Tes Acc: 90.48
INFO >> Epoch: 18  |  Layer:  5  |  Train Loss: 0.194 | Train Acc: 97.38  |  Val Loss: 0.405 | Val Acc: 82.24  |  Test Loss: 0.344 | Tes Acc: 89.29
INFO >> Epoch: 18  |  Layer:  6  |  Train Loss: 0.218 | Train Acc: 96.80  |  Val Loss: 0.450 | Val Acc: 81.31  |  Test Loss: 0.442 | Tes Acc: 83.33
INFO >> Epoch: 18  |  Layer:  7  |  Train Loss: 0.245 | Train Acc: 95.35  |  Val Loss: 0.436 | Val Acc: 84.11  |  Test Loss: 0.426 | Tes Acc: 85.71
INFO >> Epoch: 18  |  Layer:  8  |  Train Loss: 0.227 | Train Acc: 95.93  |  Val Loss: 0.364 | Val Acc: 85.98  |  Test Loss: 0.345 | Tes Acc: 88.10
INFO >> Epoch: 18  |  Layer:  9  |  Train Loss: 0.197 | Train Acc: 97.38  |  Val Loss: 0.337 | Val Acc: 85.05  |  Test Loss: 0.355 | Tes Acc: 89.29
INFO >> Epoch: 18  |  Layer: 10  |  Train Loss: 0.227 | Train Acc: 96.51  |  Val Loss: 0.301 | Val Acc: 86.92  |  Test Loss: 0.320 | Tes Acc: 90.48
INFO >> Epoch: 18  |  Layer: 11  |  Train Loss: 0.267 | Train Acc: 93.60  |  Val Loss: 0.374 | Val Acc: 84.11  |  Test Loss: 0.387 | Tes Acc: 86.90
INFO >> Epoch: 18  |  Layer: 12  |  Train Loss: 0.224 | Train Acc: 96.51  |  Val Loss: 0.295 | Val Acc: 88.79  |  Test Loss: 0.344 | Tes Acc: 88.10
INFO >> Epoch: 18  |  Layer: 13  |  Train Loss: 0.235 | Train Acc: 95.64  |  Val Loss: 0.300 | Val Acc: 89.72  |  Test Loss: 0.388 | Tes Acc: 89.29
INFO >> Epoch: 18  |  Layer: 14  |  Train Loss: 0.211 | Train Acc: 97.09  |  Val Loss: 0.279 | Val Acc: 87.85  |  Test Loss: 0.320 | Tes Acc: 89.29
INFO >> Epoch: 18  |  Layer: 15  |  Train Loss: 0.192 | Train Acc: 96.80  |  Val Loss: 0.306 | Val Acc: 86.92  |  Test Loss: 0.303 | Tes Acc: 91.67
INFO >> Epoch: 18  |  Layer: 16  |  Train Loss: 0.163 | Train Acc: 97.97  |  Val Loss: 0.286 | Val Acc: 86.92  |  Test Loss: 0.249 | Tes Acc: 94.05
INFO >> Epoch: 18  |  Layer: 17  |  Train Loss: 0.141 | Train Acc: 97.67  |  Val Loss: 0.265 | Val Acc: 90.65  |  Test Loss: 0.221 | Tes Acc: 91.67
INFO >> Epoch: 18  |  Layer: 18  |  Train Loss: 0.102 | Train Acc: 98.26  |  Val Loss: 0.208 | Val Acc: 91.59  |  Test Loss: 0.180 | Tes Acc: 92.86
INFO >> Epoch: 18  |  Layer: 19  |  Train Loss: 0.136 | Train Acc: 98.84  |  Val Loss: 0.251 | Val Acc: 87.85  |  Test Loss: 0.315 | Tes Acc: 88.10
INFO >> Epoch: 18  |  Layer: 20  |  Train Loss: 0.426 | Train Acc: 88.66  |  Val Loss: 0.447 | Val Acc: 87.85  |  Test Loss: 0.603 | Tes Acc: 86.90
INFO >> Epoch: 18  |  Layer: 21  |  Train Loss: 0.283 | Train Acc: 93.90  |  Val Loss: 0.413 | Val Acc: 82.24  |  Test Loss: 0.548 | Tes Acc: 82.14
INFO >> Epoch: 18  |  Layer: 22  |  Train Loss: 1.050 | Train Acc: 63.66  |  Val Loss: 1.207 | Val Acc: 49.53  |  Test Loss: 1.286 | Tes Acc: 47.62
INFO >> Epoch: 18  |  Layer: 23  |  Train Loss: 1.403 | Train Acc: 48.55  |  Val Loss: 1.453 | Val Acc: 39.25  |  Test Loss: 1.458 | Tes Acc: 46.43
INFO >> Epoch: 18  |  Layer: 24  |  Train Loss: 1.505 | Train Acc: 43.31  |  Val Loss: 1.457 | Val Acc: 42.06  |  Test Loss: 1.427 | Tes Acc: 47.62

INFO >> Epoch: 19  |  Layer:  1  |  Train Loss: 0.419 | Train Acc: 86.34  |  Val Loss: 0.484 | Val Acc: 79.44  |  Test Loss: 0.586 | Tes Acc: 75.00
INFO >> Epoch: 19  |  Layer:  2  |  Train Loss: 0.323 | Train Acc: 92.73  |  Val Loss: 0.394 | Val Acc: 82.24  |  Test Loss: 0.490 | Tes Acc: 85.71
INFO >> Epoch: 19  |  Layer:  3  |  Train Loss: 0.344 | Train Acc: 91.57  |  Val Loss: 0.449 | Val Acc: 81.31  |  Test Loss: 0.521 | Tes Acc: 82.14
INFO >> Epoch: 19  |  Layer:  4  |  Train Loss: 0.238 | Train Acc: 96.22  |  Val Loss: 0.368 | Val Acc: 85.98  |  Test Loss: 0.380 | Tes Acc: 88.10
INFO >> Epoch: 19  |  Layer:  5  |  Train Loss: 0.178 | Train Acc: 97.67  |  Val Loss: 0.334 | Val Acc: 86.92  |  Test Loss: 0.290 | Tes Acc: 97.62
INFO >> Epoch: 19  |  Layer:  6  |  Train Loss: 0.213 | Train Acc: 97.38  |  Val Loss: 0.306 | Val Acc: 87.85  |  Test Loss: 0.307 | Tes Acc: 94.05
INFO >> Epoch: 19  |  Layer:  7  |  Train Loss: 0.208 | Train Acc: 95.64  |  Val Loss: 0.320 | Val Acc: 88.79  |  Test Loss: 0.311 | Tes Acc: 94.05
INFO >> Epoch: 19  |  Layer:  8  |  Train Loss: 0.190 | Train Acc: 97.97  |  Val Loss: 0.280 | Val Acc: 89.72  |  Test Loss: 0.250 | Tes Acc: 97.62
INFO >> Epoch: 19  |  Layer:  9  |  Train Loss: 0.184 | Train Acc: 97.09  |  Val Loss: 0.234 | Val Acc: 90.65  |  Test Loss: 0.245 | Tes Acc: 96.43
INFO >> Epoch: 19  |  Layer: 10  |  Train Loss: 0.209 | Train Acc: 96.80  |  Val Loss: 0.237 | Val Acc: 92.52  |  Test Loss: 0.245 | Tes Acc: 96.43
INFO >> Epoch: 19  |  Layer: 11  |  Train Loss: 0.242 | Train Acc: 96.22  |  Val Loss: 0.270 | Val Acc: 88.79  |  Test Loss: 0.279 | Tes Acc: 92.86
INFO >> Epoch: 19  |  Layer: 12  |  Train Loss: 0.198 | Train Acc: 97.09  |  Val Loss: 0.253 | Val Acc: 89.72  |  Test Loss: 0.271 | Tes Acc: 92.86
INFO >> Epoch: 19  |  Layer: 13  |  Train Loss: 0.210 | Train Acc: 97.09  |  Val Loss: 0.269 | Val Acc: 91.59  |  Test Loss: 0.344 | Tes Acc: 90.48
INFO >> Epoch: 19  |  Layer: 14  |  Train Loss: 0.180 | Train Acc: 97.97  |  Val Loss: 0.243 | Val Acc: 89.72  |  Test Loss: 0.267 | Tes Acc: 94.05
INFO >> Epoch: 19  |  Layer: 15  |  Train Loss: 0.165 | Train Acc: 98.26  |  Val Loss: 0.258 | Val Acc: 89.72  |  Test Loss: 0.248 | Tes Acc: 92.86
INFO >> Epoch: 19  |  Layer: 16  |  Train Loss: 0.148 | Train Acc: 98.84  |  Val Loss: 0.209 | Val Acc: 92.52  |  Test Loss: 0.182 | Tes Acc: 96.43
INFO >> Epoch: 19  |  Layer: 17  |  Train Loss: 0.122 | Train Acc: 99.13  |  Val Loss: 0.177 | Val Acc: 93.46  |  Test Loss: 0.154 | Tes Acc: 98.81
INFO >> Epoch: 19  |  Layer: 18  |  Train Loss: 0.079 | Train Acc: 98.84  |  Val Loss: 0.154 | Val Acc: 95.33  |  Test Loss: 0.111 | Tes Acc: 98.81
INFO >> Epoch: 19  |  Layer: 19  |  Train Loss: 0.119 | Train Acc: 98.55  |  Val Loss: 0.143 | Val Acc: 96.26  |  Test Loss: 0.180 | Tes Acc: 95.24
INFO >> Epoch: 19  |  Layer: 20  |  Train Loss: 0.389 | Train Acc: 93.02  |  Val Loss: 0.459 | Val Acc: 85.05  |  Test Loss: 0.603 | Tes Acc: 85.71
INFO >> Epoch: 19  |  Layer: 21  |  Train Loss: 0.272 | Train Acc: 93.60  |  Val Loss: 0.314 | Val Acc: 87.85  |  Test Loss: 0.399 | Tes Acc: 94.05
INFO >> Epoch: 19  |  Layer: 22  |  Train Loss: 1.012 | Train Acc: 61.92  |  Val Loss: 1.140 | Val Acc: 58.88  |  Test Loss: 1.200 | Tes Acc: 46.43
INFO >> Epoch: 19  |  Layer: 23  |  Train Loss: 1.349 | Train Acc: 53.20  |  Val Loss: 1.489 | Val Acc: 41.12  |  Test Loss: 1.525 | Tes Acc: 46.43
INFO >> Epoch: 19  |  Layer: 24  |  Train Loss: 1.265 | Train Acc: 54.07  |  Val Loss: 1.358 | Val Acc: 39.25  |  Test Loss: 1.442 | Tes Acc: 46.43

INFO >> Epoch: 20  |  Layer:  1  |  Train Loss: 0.400 | Train Acc: 86.92  |  Val Loss: 0.447 | Val Acc: 82.24  |  Test Loss: 0.543 | Tes Acc: 79.76
INFO >> Epoch: 20  |  Layer:  2  |  Train Loss: 0.312 | Train Acc: 92.15  |  Val Loss: 0.415 | Val Acc: 84.11  |  Test Loss: 0.506 | Tes Acc: 82.14
INFO >> Epoch: 20  |  Layer:  3  |  Train Loss: 0.343 | Train Acc: 90.12  |  Val Loss: 0.383 | Val Acc: 85.98  |  Test Loss: 0.457 | Tes Acc: 88.10
INFO >> Epoch: 20  |  Layer:  4  |  Train Loss: 0.229 | Train Acc: 95.93  |  Val Loss: 0.315 | Val Acc: 85.98  |  Test Loss: 0.336 | Tes Acc: 90.48
INFO >> Epoch: 20  |  Layer:  5  |  Train Loss: 0.168 | Train Acc: 97.97  |  Val Loss: 0.334 | Val Acc: 86.92  |  Test Loss: 0.293 | Tes Acc: 94.05
INFO >> Epoch: 20  |  Layer:  6  |  Train Loss: 0.213 | Train Acc: 96.22  |  Val Loss: 0.320 | Val Acc: 85.98  |  Test Loss: 0.319 | Tes Acc: 95.24
INFO >> Epoch: 20  |  Layer:  7  |  Train Loss: 0.212 | Train Acc: 95.35  |  Val Loss: 0.318 | Val Acc: 86.92  |  Test Loss: 0.329 | Tes Acc: 90.48
INFO >> Epoch: 20  |  Layer:  8  |  Train Loss: 0.197 | Train Acc: 96.80  |  Val Loss: 0.287 | Val Acc: 89.72  |  Test Loss: 0.263 | Tes Acc: 95.24
INFO >> Epoch: 20  |  Layer:  9  |  Train Loss: 0.204 | Train Acc: 96.51  |  Val Loss: 0.219 | Val Acc: 92.52  |  Test Loss: 0.248 | Tes Acc: 95.24
INFO >> Epoch: 20  |  Layer: 10  |  Train Loss: 0.227 | Train Acc: 95.64  |  Val Loss: 0.234 | Val Acc: 93.46  |  Test Loss: 0.277 | Tes Acc: 92.86
INFO >> Epoch: 20  |  Layer: 11  |  Train Loss: 0.253 | Train Acc: 94.48  |  Val Loss: 0.275 | Val Acc: 89.72  |  Test Loss: 0.319 | Tes Acc: 92.86
INFO >> Epoch: 20  |  Layer: 12  |  Train Loss: 0.194 | Train Acc: 97.38  |  Val Loss: 0.260 | Val Acc: 88.79  |  Test Loss: 0.291 | Tes Acc: 92.86
INFO >> Epoch: 20  |  Layer: 13  |  Train Loss: 0.211 | Train Acc: 96.80  |  Val Loss: 0.262 | Val Acc: 88.79  |  Test Loss: 0.345 | Tes Acc: 90.48
INFO >> Epoch: 20  |  Layer: 14  |  Train Loss: 0.192 | Train Acc: 96.22  |  Val Loss: 0.232 | Val Acc: 88.79  |  Test Loss: 0.278 | Tes Acc: 92.86
INFO >> Epoch: 20  |  Layer: 15  |  Train Loss: 0.164 | Train Acc: 97.38  |  Val Loss: 0.262 | Val Acc: 87.85  |  Test Loss: 0.267 | Tes Acc: 92.86
INFO >> Epoch: 20  |  Layer: 16  |  Train Loss: 0.150 | Train Acc: 97.09  |  Val Loss: 0.212 | Val Acc: 91.59  |  Test Loss: 0.218 | Tes Acc: 94.05
INFO >> Epoch: 20  |  Layer: 17  |  Train Loss: 0.120 | Train Acc: 97.97  |  Val Loss: 0.179 | Val Acc: 93.46  |  Test Loss: 0.218 | Tes Acc: 91.67
INFO >> Epoch: 20  |  Layer: 18  |  Train Loss: 0.063 | Train Acc: 99.71  |  Val Loss: 0.139 | Val Acc: 94.39  |  Test Loss: 0.127 | Tes Acc: 96.43
INFO >> Epoch: 20  |  Layer: 19  |  Train Loss: 0.111 | Train Acc: 98.55  |  Val Loss: 0.152 | Val Acc: 94.39  |  Test Loss: 0.207 | Tes Acc: 94.05
INFO >> Epoch: 20  |  Layer: 20  |  Train Loss: 0.394 | Train Acc: 91.57  |  Val Loss: 0.433 | Val Acc: 84.11  |  Test Loss: 0.545 | Tes Acc: 84.52
INFO >> Epoch: 20  |  Layer: 21  |  Train Loss: 0.256 | Train Acc: 96.22  |  Val Loss: 0.333 | Val Acc: 85.05  |  Test Loss: 0.419 | Tes Acc: 88.10
INFO >> Epoch: 20  |  Layer: 22  |  Train Loss: 1.010 | Train Acc: 63.66  |  Val Loss: 1.271 | Val Acc: 46.73  |  Test Loss: 1.338 | Tes Acc: 45.24
INFO >> Epoch: 20  |  Layer: 23  |  Train Loss: 1.405 | Train Acc: 43.60  |  Val Loss: 1.531 | Val Acc: 36.45  |  Test Loss: 1.614 | Tes Acc: 36.90
INFO >> Epoch: 20  |  Layer: 24  |  Train Loss: 1.345 | Train Acc: 52.03  |  Val Loss: 1.672 | Val Acc: 44.86  |  Test Loss: 1.645 | Tes Acc: 46.43



INFO >> Time Taken: 05:02

INFO >> Layer: 1  |  Best Val Acc: 82.24  |  Best Test Acc: 79.76
INFO >> Layer: 2  |  Best Val Acc: 86.92  |  Best Test Acc: 84.52
INFO >> Layer: 3  |  Best Val Acc: 85.98  |  Best Test Acc: 88.10
INFO >> Layer: 4  |  Best Val Acc: 86.92  |  Best Test Acc: 90.48
INFO >> Layer: 5  |  Best Val Acc: 87.85  |  Best Test Acc: 91.67
INFO >> Layer: 6  |  Best Val Acc: 87.85  |  Best Test Acc: 94.05
INFO >> Layer: 7  |  Best Val Acc: 88.79  |  Best Test Acc: 91.67
INFO >> Layer: 8  |  Best Val Acc: 90.65  |  Best Test Acc: 91.67
INFO >> Layer: 9  |  Best Val Acc: 92.52  |  Best Test Acc: 95.24
INFO >> Layer: 10  |  Best Val Acc: 93.46  |  Best Test Acc: 92.86
INFO >> Layer: 11  |  Best Val Acc: 89.72  |  Best Test Acc: 91.67
INFO >> Layer: 12  |  Best Val Acc: 89.72  |  Best Test Acc: 92.86
INFO >> Layer: 13  |  Best Val Acc: 91.59  |  Best Test Acc: 90.48
INFO >> Layer: 14  |  Best Val Acc: 89.72  |  Best Test Acc: 90.48
INFO >> Layer: 15  |  Best Val Acc: 89.72  |  Best Test Acc: 92.86
INFO >> Layer: 16  |  Best Val Acc: 92.52  |  Best Test Acc: 96.43
INFO >> Layer: 17  |  Best Val Acc: 93.46  |  Best Test Acc: 98.81
INFO >> Layer: 18  |  Best Val Acc: 96.26  |  Best Test Acc: 96.43
INFO >> Layer: 19  |  Best Val Acc: 96.26  |  Best Test Acc: 95.24
INFO >> Layer: 20  |  Best Val Acc: 87.85  |  Best Test Acc: 86.90
INFO >> Layer: 21  |  Best Val Acc: 87.85  |  Best Test Acc: 89.29
INFO >> Layer: 22  |  Best Val Acc: 73.83  |  Best Test Acc: 66.67
INFO >> Layer: 23  |  Best Val Acc: 45.79  |  Best Test Acc: 45.24
INFO >> Layer: 24  |  Best Val Acc: 50.47  |  Best Test Acc: 50.00

DEBUG >> Last state saved

INFO >> History saved (./history/v1.3/EmoDB/WAV2VEC2_LARGE_XLSR300M_PROBING/Run2/history.pt)
