
--------------------------------------------------
Multilingual SER System v1.5
--------------------------------------------------
Run Name      : Run5
Fx Model      : WAV2VEC2_ASR_LARGE_960H
Clf Model     : DENSE
Extract Mode  : gpu_memory
Dataset       : ShEMO
Device        : gpu
Epochs        : 30
Num Workers   : 3
Data Dir      : ./data
History Dir   : ./history
Weights Dir   : ./weights
Log Level     : debug
Purge Cache   : False
Job Name      : Job209
Job Id        : 31168530
GPU           : Quadro RTX 8000
GPU Count     : 1
GPU Memory    : 44.49 GB

Timestamp : 2023-03-20 03:22:35.057755

INFO >> Running on CUDA


INFO >> Training Classifier

INFO >> Epoch: 1  |  Train Loss: 1.387 | Train Acc: 45.70  |  Val Loss: 1.129 | Val Acc: 57.53  |  Test Loss: 0.831 | Tes Acc: 71.51
DEBUG >> Best state saved | Val Acc 57.526880502700806 | Test Acc 71.50537371635437

INFO >> Epoch: 2  |  Train Loss: 0.985 | Train Acc: 64.40  |  Val Loss: 0.952 | Val Acc: 67.74  |  Test Loss: 0.594 | Tes Acc: 79.03
DEBUG >> Best state saved | Val Acc 67.7419364452362 | Test Acc 79.03226017951965

INFO >> Epoch: 3  |  Train Loss: 0.801 | Train Acc: 71.88  |  Val Loss: 0.744 | Val Acc: 74.91  |  Test Loss: 0.474 | Tes Acc: 84.41
DEBUG >> Best state saved | Val Acc 74.91039633750916 | Test Acc 84.40860509872437

INFO >> Epoch: 4  |  Train Loss: 0.714 | Train Acc: 74.78  |  Val Loss: 0.680 | Val Acc: 77.42  |  Test Loss: 0.415 | Tes Acc: 86.56
DEBUG >> Best state saved | Val Acc 77.4193525314331 | Test Acc 86.55914068222046

INFO >> Epoch: 5  |  Train Loss: 0.654 | Train Acc: 77.15  |  Val Loss: 0.662 | Val Acc: 76.70  |  Test Loss: 0.399 | Tes Acc: 87.63
INFO >> Epoch: 6  |  Train Loss: 0.599 | Train Acc: 78.55  |  Val Loss: 0.662 | Val Acc: 77.96  |  Test Loss: 0.402 | Tes Acc: 87.37
DEBUG >> Best state saved | Val Acc 77.95698642730713 | Test Acc 87.3655915260315

INFO >> Epoch: 7  |  Train Loss: 0.530 | Train Acc: 82.51  |  Val Loss: 0.642 | Val Acc: 78.14  |  Test Loss: 0.375 | Tes Acc: 88.44
DEBUG >> Best state saved | Val Acc 78.1361997127533 | Test Acc 88.44085931777954

INFO >> Epoch: 8  |  Train Loss: 0.496 | Train Acc: 83.48  |  Val Loss: 0.633 | Val Acc: 79.93  |  Test Loss: 0.345 | Tes Acc: 88.71
DEBUG >> Best state saved | Val Acc 79.92831468582153 | Test Acc 88.70967626571655

INFO >> Epoch: 9  |  Train Loss: 0.472 | Train Acc: 83.57  |  Val Loss: 0.603 | Val Acc: 79.57  |  Test Loss: 0.364 | Tes Acc: 87.90
INFO >> Epoch: 10  |  Train Loss: 0.405 | Train Acc: 86.43  |  Val Loss: 0.670 | Val Acc: 77.78  |  Test Loss: 0.397 | Tes Acc: 88.71
INFO >> Epoch: 11  |  Train Loss: 0.379 | Train Acc: 87.25  |  Val Loss: 0.591 | Val Acc: 82.26  |  Test Loss: 0.356 | Tes Acc: 89.25
DEBUG >> Best state saved | Val Acc 82.2580635547638 | Test Acc 89.24731016159058

INFO >> Epoch: 12  |  Train Loss: 0.333 | Train Acc: 88.84  |  Val Loss: 0.698 | Val Acc: 79.39  |  Test Loss: 0.347 | Tes Acc: 89.25
INFO >> Epoch: 13  |  Train Loss: 0.306 | Train Acc: 90.24  |  Val Loss: 0.632 | Val Acc: 80.65  |  Test Loss: 0.322 | Tes Acc: 91.13
INFO >> Epoch: 14  |  Train Loss: 0.278 | Train Acc: 91.11  |  Val Loss: 0.652 | Val Acc: 79.93  |  Test Loss: 0.396 | Tes Acc: 88.17
INFO >> Epoch: 15  |  Train Loss: 0.257 | Train Acc: 91.06  |  Val Loss: 0.711 | Val Acc: 79.57  |  Test Loss: 0.459 | Tes Acc: 86.02
INFO >> Epoch: 16  |  Train Loss: 0.250 | Train Acc: 91.50  |  Val Loss: 0.660 | Val Acc: 80.29  |  Test Loss: 0.422 | Tes Acc: 87.90
INFO >> Epoch: 17  |  Train Loss: 0.204 | Train Acc: 93.67  |  Val Loss: 0.750 | Val Acc: 79.93  |  Test Loss: 0.384 | Tes Acc: 90.32
INFO >> Epoch: 18  |  Train Loss: 0.176 | Train Acc: 94.49  |  Val Loss: 0.768 | Val Acc: 80.65  |  Test Loss: 0.458 | Tes Acc: 88.44
INFO >> Epoch: 19  |  Train Loss: 0.199 | Train Acc: 92.90  |  Val Loss: 0.740 | Val Acc: 81.54  |  Test Loss: 0.420 | Tes Acc: 89.25
INFO >> Epoch: 20  |  Train Loss: 0.157 | Train Acc: 94.83  |  Val Loss: 0.824 | Val Acc: 79.03  |  Test Loss: 0.479 | Tes Acc: 88.71
INFO >> Epoch: 21  |  Train Loss: 0.122 | Train Acc: 95.99  |  Val Loss: 0.769 | Val Acc: 81.36  |  Test Loss: 0.444 | Tes Acc: 88.98
INFO >> Epoch: 22  |  Train Loss: 0.115 | Train Acc: 96.18  |  Val Loss: 0.811 | Val Acc: 80.47  |  Test Loss: 0.431 | Tes Acc: 89.25
INFO >> Epoch: 23  |  Train Loss: 0.116 | Train Acc: 96.52  |  Val Loss: 0.875 | Val Acc: 79.75  |  Test Loss: 0.492 | Tes Acc: 90.32
INFO >> Epoch: 24  |  Train Loss: 0.095 | Train Acc: 97.25  |  Val Loss: 0.926 | Val Acc: 79.75  |  Test Loss: 0.553 | Tes Acc: 87.37
INFO >> Epoch: 25  |  Train Loss: 0.088 | Train Acc: 97.54  |  Val Loss: 0.959 | Val Acc: 79.21  |  Test Loss: 0.509 | Tes Acc: 89.78
INFO >> Epoch: 26  |  Train Loss: 0.069 | Train Acc: 97.83  |  Val Loss: 1.088 | Val Acc: 78.32  |  Test Loss: 0.703 | Tes Acc: 87.10
INFO >> Epoch: 27  |  Train Loss: 0.132 | Train Acc: 95.41  |  Val Loss: 0.974 | Val Acc: 80.82  |  Test Loss: 0.558 | Tes Acc: 90.05
INFO >> Epoch: 28  |  Train Loss: 0.097 | Train Acc: 96.43  |  Val Loss: 1.111 | Val Acc: 78.67  |  Test Loss: 0.626 | Tes Acc: 86.56
INFO >> Epoch: 29  |  Train Loss: 0.070 | Train Acc: 97.73  |  Val Loss: 0.938 | Val Acc: 79.75  |  Test Loss: 0.558 | Tes Acc: 87.37
INFO >> Epoch: 30  |  Train Loss: 0.135 | Train Acc: 96.09  |  Val Loss: 1.338 | Val Acc: 78.49  |  Test Loss: 0.793 | Tes Acc: 86.29


INFO >> Time Taken: 1:51:56

INFO >> Best Val Acc : 82.2580635547638 | Best Test Acc : 89.24731016159058

INFO >> Agg. Weights : 
0.09939346462488174 0.3331235349178314 0.45557039976119995 -0.14858068525791168 -0.5414349436759949 -0.31670671701431274 0.015169158577919006 -0.7613492012023926 0.07653868198394775 -0.42138975858688354 -0.5668413043022156 -0.4847705364227295 -0.36636632680892944 -0.4266102612018585 -0.04191314056515694 0.18389499187469482 -0.12414086610078812 -0.1781492829322815 -0.0633103996515274 0.1633184254169464 -0.14829595386981964 -0.004297217819839716 0.09549059718847275 0.0036850948818027973

DEBUG >> Last state saved | Val Acc 78.49462628364563 | Test Acc 86.29032373428345

INFO >> History saved (./history/v1.5/ShEMO/FX_WAV2VEC2_ASR_LARGE_960H_CLF_DENSE/Run5/history.pt)
