
--------------------------------------------------
Multilingual SER System v1.5
--------------------------------------------------
Run Name      : Run1
Fx Model      : WAV2VEC2_ASR_LARGE_960H
Clf Model     : DENSE
Extract Mode  : gpu_memory
Dataset       : AESDD
Device        : gpu
Epochs        : 30
Num Workers   : 3
Data Dir      : ./data
History Dir   : ./history
Weights Dir   : ./weights
Log Level     : debug
Purge Cache   : False
Job Name      : Job141
Job Id        : 31168462
GPU           : Quadro RTX 8000
GPU Count     : 1
GPU Memory    : 44.49 GB

Timestamp : 2023-03-20 00:42:12.784066

INFO >> Running on CUDA


INFO >> Training Classifier

INFO >> Epoch: 1  |  Train Loss: 1.618 | Train Acc: 20.47  |  Val Loss: 1.601 | Val Acc: 35.35  |  Test Loss: 1.601 | Tes Acc: 32.37
DEBUG >> Best state saved | Val Acc 35.353535413742065 | Test Acc 32.367148995399475

INFO >> Epoch: 2  |  Train Loss: 1.597 | Train Acc: 28.19  |  Val Loss: 1.584 | Val Acc: 34.34  |  Test Loss: 1.587 | Tes Acc: 25.12
INFO >> Epoch: 3  |  Train Loss: 1.553 | Train Acc: 35.23  |  Val Loss: 1.541 | Val Acc: 51.52  |  Test Loss: 1.541 | Tes Acc: 37.20
DEBUG >> Best state saved | Val Acc 51.51515007019043 | Test Acc 37.19806671142578

INFO >> Epoch: 4  |  Train Loss: 1.492 | Train Acc: 36.24  |  Val Loss: 1.502 | Val Acc: 30.30  |  Test Loss: 1.459 | Tes Acc: 36.23
INFO >> Epoch: 5  |  Train Loss: 1.366 | Train Acc: 43.96  |  Val Loss: 1.287 | Val Acc: 46.46  |  Test Loss: 1.336 | Tes Acc: 41.55
INFO >> Epoch: 6  |  Train Loss: 1.194 | Train Acc: 49.66  |  Val Loss: 1.351 | Val Acc: 35.35  |  Test Loss: 1.316 | Tes Acc: 41.06
INFO >> Epoch: 7  |  Train Loss: 0.964 | Train Acc: 66.11  |  Val Loss: 1.115 | Val Acc: 47.47  |  Test Loss: 1.141 | Tes Acc: 48.79
INFO >> Epoch: 8  |  Train Loss: 0.800 | Train Acc: 69.46  |  Val Loss: 1.109 | Val Acc: 46.46  |  Test Loss: 1.167 | Tes Acc: 49.28
INFO >> Epoch: 9  |  Train Loss: 0.724 | Train Acc: 69.13  |  Val Loss: 1.026 | Val Acc: 45.45  |  Test Loss: 1.113 | Tes Acc: 50.72
INFO >> Epoch: 10  |  Train Loss: 0.553 | Train Acc: 80.20  |  Val Loss: 1.068 | Val Acc: 52.53  |  Test Loss: 1.103 | Tes Acc: 56.04
DEBUG >> Best state saved | Val Acc 52.52525210380554 | Test Acc 56.03864789009094

INFO >> Epoch: 11  |  Train Loss: 0.457 | Train Acc: 83.89  |  Val Loss: 0.785 | Val Acc: 62.63  |  Test Loss: 0.859 | Tes Acc: 70.53
DEBUG >> Best state saved | Val Acc 62.62626051902771 | Test Acc 70.53139805793762

INFO >> Epoch: 12  |  Train Loss: 0.337 | Train Acc: 90.94  |  Val Loss: 0.744 | Val Acc: 59.60  |  Test Loss: 0.912 | Tes Acc: 63.77
INFO >> Epoch: 13  |  Train Loss: 0.246 | Train Acc: 93.29  |  Val Loss: 0.560 | Val Acc: 80.81  |  Test Loss: 1.111 | Tes Acc: 64.73
DEBUG >> Best state saved | Val Acc 80.8080792427063 | Test Acc 64.73429799079895

INFO >> Epoch: 14  |  Train Loss: 0.303 | Train Acc: 87.92  |  Val Loss: 0.797 | Val Acc: 59.60  |  Test Loss: 0.942 | Tes Acc: 68.12
INFO >> Epoch: 15  |  Train Loss: 0.251 | Train Acc: 91.95  |  Val Loss: 0.920 | Val Acc: 59.60  |  Test Loss: 0.947 | Tes Acc: 70.05
INFO >> Epoch: 16  |  Train Loss: 0.158 | Train Acc: 96.64  |  Val Loss: 0.993 | Val Acc: 57.58  |  Test Loss: 0.882 | Tes Acc: 74.88
INFO >> Epoch: 17  |  Train Loss: 0.183 | Train Acc: 95.64  |  Val Loss: 1.118 | Val Acc: 51.52  |  Test Loss: 1.126 | Tes Acc: 61.35
INFO >> Epoch: 18  |  Train Loss: 0.172 | Train Acc: 92.95  |  Val Loss: 0.644 | Val Acc: 65.66  |  Test Loss: 0.954 | Tes Acc: 67.15
INFO >> Epoch: 19  |  Train Loss: 0.090 | Train Acc: 98.99  |  Val Loss: 0.542 | Val Acc: 75.76  |  Test Loss: 1.053 | Tes Acc: 67.63
INFO >> Epoch: 20  |  Train Loss: 0.076 | Train Acc: 98.99  |  Val Loss: 0.613 | Val Acc: 67.68  |  Test Loss: 0.979 | Tes Acc: 69.57
INFO >> Epoch: 21  |  Train Loss: 0.053 | Train Acc: 99.66  |  Val Loss: 1.161 | Val Acc: 60.61  |  Test Loss: 1.001 | Tes Acc: 69.08
INFO >> Epoch: 22  |  Train Loss: 0.032 | Train Acc: 100.00  |  Val Loss: 0.901 | Val Acc: 68.69  |  Test Loss: 0.933 | Tes Acc: 72.46
INFO >> Epoch: 23  |  Train Loss: 0.024 | Train Acc: 100.00  |  Val Loss: 0.854 | Val Acc: 64.65  |  Test Loss: 1.153 | Tes Acc: 64.73
INFO >> Epoch: 24  |  Train Loss: 0.025 | Train Acc: 100.00  |  Val Loss: 0.431 | Val Acc: 77.78  |  Test Loss: 1.182 | Tes Acc: 65.70
INFO >> Epoch: 25  |  Train Loss: 0.017 | Train Acc: 100.00  |  Val Loss: 0.939 | Val Acc: 66.67  |  Test Loss: 1.079 | Tes Acc: 69.57
INFO >> Epoch: 26  |  Train Loss: 0.013 | Train Acc: 100.00  |  Val Loss: 1.011 | Val Acc: 67.68  |  Test Loss: 0.931 | Tes Acc: 75.85
INFO >> Epoch: 27  |  Train Loss: 0.023 | Train Acc: 100.00  |  Val Loss: 1.057 | Val Acc: 68.69  |  Test Loss: 0.938 | Tes Acc: 75.36
INFO >> Epoch: 28  |  Train Loss: 0.017 | Train Acc: 100.00  |  Val Loss: 0.793 | Val Acc: 67.68  |  Test Loss: 1.219 | Tes Acc: 64.73
INFO >> Epoch: 29  |  Train Loss: 0.012 | Train Acc: 99.66  |  Val Loss: 0.687 | Val Acc: 69.70  |  Test Loss: 1.191 | Tes Acc: 67.15
INFO >> Epoch: 30  |  Train Loss: 0.008 | Train Acc: 100.00  |  Val Loss: 1.091 | Val Acc: 66.67  |  Test Loss: 1.013 | Tes Acc: 75.36


INFO >> Time Taken: 11:36

INFO >> Best Val Acc : 80.8080792427063 | Best Test Acc : 64.73429799079895

INFO >> Agg. Weights : 
-0.23614801466464996 0.30216577649116516 0.02330225147306919 0.37659427523612976 0.008167811669409275 -0.03505486249923706 -0.1759031116962433 0.24316927790641785 0.08910159021615982 0.32006359100341797 0.18959063291549683 0.2319144308567047 -0.2594574987888336 -0.27245402336120605 0.11311372369527817 -0.3571839928627014 -0.32611584663391113 0.2114332914352417 -0.0853852704167366 0.13221782445907593 -0.0401008278131485 0.10372067242860794 0.05126897618174553 0.20525844395160675

DEBUG >> Last state saved | Val Acc 66.66666865348816 | Test Acc 75.36231875419617

INFO >> History saved (./history/v1.5/AESDD/FX_WAV2VEC2_ASR_LARGE_960H_CLF_DENSE/Run1/history.pt)
