
--------------------------------------------------
Multilingual SER System v1.3
--------------------------------------------------
Run Name      : Run2
Fx Model      : WAV2VEC2_LARGE
Clf Model     : PROBING
Extract Mode  : gpu_memory
Dataset       : ShEMO
Device        : gpu
Epochs        : 20
Num Workers   : 2
Data Dir      : ./data
History Dir   : ./history
Weights Dir   : ./weights
Log Level     : debug
Purge Cache   : False
Job Name      : Job157
Job Id        : 30721491
GPU           : Quadro RTX 8000
GPU Count     : 1
GPU Memory    : 44.49 GB

Timestamp : 2023-03-03 08:53:59.217051

INFO >> Running on CUDA


INFO >> Training Classifier

INFO >> Epoch: 1  |  Layer:  1  |  Train Loss: 1.445 | Train Acc: 45.70  |  Val Loss: 1.326 | Val Acc: 47.85  |  Test Loss: 1.071 | Tes Acc: 60.48
INFO >> Epoch: 1  |  Layer:  2  |  Train Loss: 1.404 | Train Acc: 48.55  |  Val Loss: 1.255 | Val Acc: 51.08  |  Test Loss: 0.976 | Tes Acc: 67.47
INFO >> Epoch: 1  |  Layer:  3  |  Train Loss: 1.392 | Train Acc: 48.70  |  Val Loss: 1.231 | Val Acc: 52.15  |  Test Loss: 0.935 | Tes Acc: 68.55
INFO >> Epoch: 1  |  Layer:  4  |  Train Loss: 1.347 | Train Acc: 51.26  |  Val Loss: 1.146 | Val Acc: 60.22  |  Test Loss: 0.838 | Tes Acc: 73.92
INFO >> Epoch: 1  |  Layer:  5  |  Train Loss: 1.327 | Train Acc: 53.04  |  Val Loss: 1.127 | Val Acc: 60.57  |  Test Loss: 0.823 | Tes Acc: 74.46
INFO >> Epoch: 1  |  Layer:  6  |  Train Loss: 1.334 | Train Acc: 51.16  |  Val Loss: 1.126 | Val Acc: 59.68  |  Test Loss: 0.817 | Tes Acc: 74.46
INFO >> Epoch: 1  |  Layer:  7  |  Train Loss: 1.320 | Train Acc: 52.90  |  Val Loss: 1.122 | Val Acc: 61.29  |  Test Loss: 0.821 | Tes Acc: 75.27
INFO >> Epoch: 1  |  Layer:  8  |  Train Loss: 1.316 | Train Acc: 52.75  |  Val Loss: 1.125 | Val Acc: 61.11  |  Test Loss: 0.810 | Tes Acc: 75.54
INFO >> Epoch: 1  |  Layer:  9  |  Train Loss: 1.318 | Train Acc: 51.64  |  Val Loss: 1.128 | Val Acc: 60.39  |  Test Loss: 0.804 | Tes Acc: 75.81
INFO >> Epoch: 1  |  Layer: 10  |  Train Loss: 1.343 | Train Acc: 50.48  |  Val Loss: 1.172 | Val Acc: 57.35  |  Test Loss: 0.856 | Tes Acc: 73.92
INFO >> Epoch: 1  |  Layer: 11  |  Train Loss: 1.349 | Train Acc: 50.43  |  Val Loss: 1.181 | Val Acc: 57.35  |  Test Loss: 0.868 | Tes Acc: 72.85
INFO >> Epoch: 1  |  Layer: 12  |  Train Loss: 1.331 | Train Acc: 49.66  |  Val Loss: 1.165 | Val Acc: 55.91  |  Test Loss: 0.849 | Tes Acc: 73.39
INFO >> Epoch: 1  |  Layer: 13  |  Train Loss: 1.317 | Train Acc: 51.98  |  Val Loss: 1.146 | Val Acc: 59.68  |  Test Loss: 0.826 | Tes Acc: 74.46
INFO >> Epoch: 1  |  Layer: 14  |  Train Loss: 1.314 | Train Acc: 51.69  |  Val Loss: 1.122 | Val Acc: 60.75  |  Test Loss: 0.801 | Tes Acc: 75.54
INFO >> Epoch: 1  |  Layer: 15  |  Train Loss: 1.302 | Train Acc: 52.46  |  Val Loss: 1.117 | Val Acc: 60.39  |  Test Loss: 0.785 | Tes Acc: 75.00
INFO >> Epoch: 1  |  Layer: 16  |  Train Loss: 1.299 | Train Acc: 52.13  |  Val Loss: 1.113 | Val Acc: 59.14  |  Test Loss: 0.777 | Tes Acc: 76.61
INFO >> Epoch: 1  |  Layer: 17  |  Train Loss: 1.303 | Train Acc: 52.71  |  Val Loss: 1.104 | Val Acc: 61.47  |  Test Loss: 0.777 | Tes Acc: 74.73
INFO >> Epoch: 1  |  Layer: 18  |  Train Loss: 1.286 | Train Acc: 53.29  |  Val Loss: 1.079 | Val Acc: 60.93  |  Test Loss: 0.741 | Tes Acc: 75.27
INFO >> Epoch: 1  |  Layer: 19  |  Train Loss: 1.301 | Train Acc: 52.46  |  Val Loss: 1.105 | Val Acc: 61.29  |  Test Loss: 0.769 | Tes Acc: 75.27
INFO >> Epoch: 1  |  Layer: 20  |  Train Loss: 1.286 | Train Acc: 53.38  |  Val Loss: 1.067 | Val Acc: 64.34  |  Test Loss: 0.742 | Tes Acc: 78.49
INFO >> Epoch: 1  |  Layer: 21  |  Train Loss: 1.299 | Train Acc: 51.79  |  Val Loss: 1.102 | Val Acc: 62.19  |  Test Loss: 0.789 | Tes Acc: 76.08
INFO >> Epoch: 1  |  Layer: 22  |  Train Loss: 1.371 | Train Acc: 48.79  |  Val Loss: 1.233 | Val Acc: 54.66  |  Test Loss: 0.930 | Tes Acc: 70.70
INFO >> Epoch: 1  |  Layer: 23  |  Train Loss: 1.507 | Train Acc: 37.78  |  Val Loss: 1.469 | Val Acc: 36.02  |  Test Loss: 1.222 | Tes Acc: 48.12
INFO >> Epoch: 1  |  Layer: 24  |  Train Loss: 1.501 | Train Acc: 33.72  |  Val Loss: 1.467 | Val Acc: 35.66  |  Test Loss: 1.215 | Tes Acc: 47.04

INFO >> Epoch: 2  |  Layer:  1  |  Train Loss: 1.256 | Train Acc: 53.53  |  Val Loss: 1.189 | Val Acc: 56.99  |  Test Loss: 0.991 | Tes Acc: 66.40
INFO >> Epoch: 2  |  Layer:  2  |  Train Loss: 1.185 | Train Acc: 56.43  |  Val Loss: 1.082 | Val Acc: 61.47  |  Test Loss: 0.850 | Tes Acc: 72.31
INFO >> Epoch: 2  |  Layer:  3  |  Train Loss: 1.144 | Train Acc: 59.37  |  Val Loss: 1.034 | Val Acc: 65.77  |  Test Loss: 0.776 | Tes Acc: 76.61
INFO >> Epoch: 2  |  Layer:  4  |  Train Loss: 1.072 | Train Acc: 62.22  |  Val Loss: 0.958 | Val Acc: 69.53  |  Test Loss: 0.660 | Tes Acc: 81.45
INFO >> Epoch: 2  |  Layer:  5  |  Train Loss: 1.033 | Train Acc: 64.59  |  Val Loss: 0.921 | Val Acc: 68.64  |  Test Loss: 0.632 | Tes Acc: 81.72
INFO >> Epoch: 2  |  Layer:  6  |  Train Loss: 1.037 | Train Acc: 63.62  |  Val Loss: 0.922 | Val Acc: 67.74  |  Test Loss: 0.622 | Tes Acc: 81.45
INFO >> Epoch: 2  |  Layer:  7  |  Train Loss: 1.035 | Train Acc: 64.64  |  Val Loss: 0.940 | Val Acc: 67.56  |  Test Loss: 0.645 | Tes Acc: 81.45
INFO >> Epoch: 2  |  Layer:  8  |  Train Loss: 1.034 | Train Acc: 64.40  |  Val Loss: 0.937 | Val Acc: 66.67  |  Test Loss: 0.651 | Tes Acc: 81.18
INFO >> Epoch: 2  |  Layer:  9  |  Train Loss: 1.029 | Train Acc: 64.25  |  Val Loss: 0.942 | Val Acc: 68.46  |  Test Loss: 0.657 | Tes Acc: 79.84
INFO >> Epoch: 2  |  Layer: 10  |  Train Loss: 1.067 | Train Acc: 61.93  |  Val Loss: 0.978 | Val Acc: 66.49  |  Test Loss: 0.666 | Tes Acc: 77.96
INFO >> Epoch: 2  |  Layer: 11  |  Train Loss: 1.079 | Train Acc: 61.40  |  Val Loss: 0.986 | Val Acc: 66.67  |  Test Loss: 0.691 | Tes Acc: 77.15
INFO >> Epoch: 2  |  Layer: 12  |  Train Loss: 1.070 | Train Acc: 61.30  |  Val Loss: 0.975 | Val Acc: 66.85  |  Test Loss: 0.663 | Tes Acc: 78.23
INFO >> Epoch: 2  |  Layer: 13  |  Train Loss: 1.045 | Train Acc: 62.42  |  Val Loss: 0.972 | Val Acc: 66.31  |  Test Loss: 0.661 | Tes Acc: 77.42
INFO >> Epoch: 2  |  Layer: 14  |  Train Loss: 1.023 | Train Acc: 63.04  |  Val Loss: 0.938 | Val Acc: 66.67  |  Test Loss: 0.627 | Tes Acc: 80.11
INFO >> Epoch: 2  |  Layer: 15  |  Train Loss: 1.020 | Train Acc: 63.57  |  Val Loss: 0.930 | Val Acc: 66.49  |  Test Loss: 0.621 | Tes Acc: 81.99
INFO >> Epoch: 2  |  Layer: 16  |  Train Loss: 1.013 | Train Acc: 64.44  |  Val Loss: 0.915 | Val Acc: 70.61  |  Test Loss: 0.608 | Tes Acc: 84.68
INFO >> Epoch: 2  |  Layer: 17  |  Train Loss: 1.018 | Train Acc: 63.82  |  Val Loss: 0.920 | Val Acc: 68.46  |  Test Loss: 0.603 | Tes Acc: 83.33
INFO >> Epoch: 2  |  Layer: 18  |  Train Loss: 0.984 | Train Acc: 65.65  |  Val Loss: 0.907 | Val Acc: 69.71  |  Test Loss: 0.609 | Tes Acc: 81.18
INFO >> Epoch: 2  |  Layer: 19  |  Train Loss: 1.001 | Train Acc: 64.78  |  Val Loss: 0.931 | Val Acc: 68.46  |  Test Loss: 0.615 | Tes Acc: 81.72
INFO >> Epoch: 2  |  Layer: 20  |  Train Loss: 0.991 | Train Acc: 65.89  |  Val Loss: 0.921 | Val Acc: 68.28  |  Test Loss: 0.622 | Tes Acc: 83.33
INFO >> Epoch: 2  |  Layer: 21  |  Train Loss: 1.034 | Train Acc: 63.33  |  Val Loss: 0.972 | Val Acc: 67.38  |  Test Loss: 0.640 | Tes Acc: 82.80
INFO >> Epoch: 2  |  Layer: 22  |  Train Loss: 1.145 | Train Acc: 58.79  |  Val Loss: 1.100 | Val Acc: 61.47  |  Test Loss: 0.770 | Tes Acc: 74.73
INFO >> Epoch: 2  |  Layer: 23  |  Train Loss: 1.430 | Train Acc: 43.72  |  Val Loss: 1.440 | Val Acc: 43.37  |  Test Loss: 1.206 | Tes Acc: 55.91
INFO >> Epoch: 2  |  Layer: 24  |  Train Loss: 1.436 | Train Acc: 39.42  |  Val Loss: 1.435 | Val Acc: 45.88  |  Test Loss: 1.198 | Tes Acc: 62.37

INFO >> Epoch: 3  |  Layer:  1  |  Train Loss: 1.151 | Train Acc: 57.83  |  Val Loss: 1.077 | Val Acc: 63.80  |  Test Loss: 0.838 | Tes Acc: 74.19
INFO >> Epoch: 3  |  Layer:  2  |  Train Loss: 1.065 | Train Acc: 61.21  |  Val Loss: 1.000 | Val Acc: 66.31  |  Test Loss: 0.732 | Tes Acc: 76.61
INFO >> Epoch: 3  |  Layer:  3  |  Train Loss: 1.012 | Train Acc: 64.30  |  Val Loss: 0.944 | Val Acc: 68.10  |  Test Loss: 0.653 | Tes Acc: 80.38
INFO >> Epoch: 3  |  Layer:  4  |  Train Loss: 0.945 | Train Acc: 67.63  |  Val Loss: 0.892 | Val Acc: 70.61  |  Test Loss: 0.560 | Tes Acc: 83.60
INFO >> Epoch: 3  |  Layer:  5  |  Train Loss: 0.893 | Train Acc: 68.99  |  Val Loss: 0.864 | Val Acc: 69.89  |  Test Loss: 0.525 | Tes Acc: 83.06
INFO >> Epoch: 3  |  Layer:  6  |  Train Loss: 0.893 | Train Acc: 69.13  |  Val Loss: 0.877 | Val Acc: 69.35  |  Test Loss: 0.530 | Tes Acc: 82.26
INFO >> Epoch: 3  |  Layer:  7  |  Train Loss: 0.907 | Train Acc: 68.99  |  Val Loss: 0.879 | Val Acc: 69.71  |  Test Loss: 0.542 | Tes Acc: 81.18
INFO >> Epoch: 3  |  Layer:  8  |  Train Loss: 0.912 | Train Acc: 68.21  |  Val Loss: 0.873 | Val Acc: 70.25  |  Test Loss: 0.537 | Tes Acc: 82.80
INFO >> Epoch: 3  |  Layer:  9  |  Train Loss: 0.919 | Train Acc: 67.68  |  Val Loss: 0.874 | Val Acc: 69.00  |  Test Loss: 0.529 | Tes Acc: 83.06
INFO >> Epoch: 3  |  Layer: 10  |  Train Loss: 0.940 | Train Acc: 67.73  |  Val Loss: 0.901 | Val Acc: 69.71  |  Test Loss: 0.563 | Tes Acc: 80.38
INFO >> Epoch: 3  |  Layer: 11  |  Train Loss: 0.951 | Train Acc: 66.18  |  Val Loss: 0.909 | Val Acc: 66.67  |  Test Loss: 0.559 | Tes Acc: 81.72
INFO >> Epoch: 3  |  Layer: 12  |  Train Loss: 0.951 | Train Acc: 65.60  |  Val Loss: 0.927 | Val Acc: 66.67  |  Test Loss: 0.570 | Tes Acc: 80.11
INFO >> Epoch: 3  |  Layer: 13  |  Train Loss: 0.931 | Train Acc: 66.28  |  Val Loss: 0.930 | Val Acc: 68.64  |  Test Loss: 0.575 | Tes Acc: 80.91
INFO >> Epoch: 3  |  Layer: 14  |  Train Loss: 0.882 | Train Acc: 68.84  |  Val Loss: 0.896 | Val Acc: 69.35  |  Test Loss: 0.535 | Tes Acc: 81.72
INFO >> Epoch: 3  |  Layer: 15  |  Train Loss: 0.879 | Train Acc: 68.74  |  Val Loss: 0.898 | Val Acc: 67.74  |  Test Loss: 0.524 | Tes Acc: 82.80
INFO >> Epoch: 3  |  Layer: 16  |  Train Loss: 0.873 | Train Acc: 69.32  |  Val Loss: 0.892 | Val Acc: 67.56  |  Test Loss: 0.512 | Tes Acc: 82.26
INFO >> Epoch: 3  |  Layer: 17  |  Train Loss: 0.885 | Train Acc: 69.61  |  Val Loss: 0.891 | Val Acc: 67.92  |  Test Loss: 0.529 | Tes Acc: 82.26
INFO >> Epoch: 3  |  Layer: 18  |  Train Loss: 0.865 | Train Acc: 70.19  |  Val Loss: 0.866 | Val Acc: 69.53  |  Test Loss: 0.518 | Tes Acc: 81.99
INFO >> Epoch: 3  |  Layer: 19  |  Train Loss: 0.883 | Train Acc: 69.08  |  Val Loss: 0.897 | Val Acc: 68.10  |  Test Loss: 0.527 | Tes Acc: 81.99
INFO >> Epoch: 3  |  Layer: 20  |  Train Loss: 0.880 | Train Acc: 69.32  |  Val Loss: 0.867 | Val Acc: 69.89  |  Test Loss: 0.510 | Tes Acc: 83.87
INFO >> Epoch: 3  |  Layer: 21  |  Train Loss: 0.933 | Train Acc: 66.52  |  Val Loss: 0.917 | Val Acc: 68.46  |  Test Loss: 0.571 | Tes Acc: 80.91
INFO >> Epoch: 3  |  Layer: 22  |  Train Loss: 1.064 | Train Acc: 61.79  |  Val Loss: 1.063 | Val Acc: 64.34  |  Test Loss: 0.730 | Tes Acc: 75.81
INFO >> Epoch: 3  |  Layer: 23  |  Train Loss: 1.397 | Train Acc: 44.01  |  Val Loss: 1.414 | Val Acc: 43.19  |  Test Loss: 1.143 | Tes Acc: 56.99
INFO >> Epoch: 3  |  Layer: 24  |  Train Loss: 1.417 | Train Acc: 41.93  |  Val Loss: 1.441 | Val Acc: 36.56  |  Test Loss: 1.165 | Tes Acc: 50.54

INFO >> Epoch: 4  |  Layer:  1  |  Train Loss: 1.093 | Train Acc: 60.53  |  Val Loss: 1.088 | Val Acc: 63.98  |  Test Loss: 0.750 | Tes Acc: 73.66
INFO >> Epoch: 4  |  Layer:  2  |  Train Loss: 0.997 | Train Acc: 65.02  |  Val Loss: 0.994 | Val Acc: 66.49  |  Test Loss: 0.618 | Tes Acc: 80.38
INFO >> Epoch: 4  |  Layer:  3  |  Train Loss: 0.945 | Train Acc: 67.63  |  Val Loss: 0.955 | Val Acc: 67.20  |  Test Loss: 0.554 | Tes Acc: 83.33
INFO >> Epoch: 4  |  Layer:  4  |  Train Loss: 0.874 | Train Acc: 70.87  |  Val Loss: 0.882 | Val Acc: 70.79  |  Test Loss: 0.474 | Tes Acc: 86.29
INFO >> Epoch: 4  |  Layer:  5  |  Train Loss: 0.826 | Train Acc: 72.27  |  Val Loss: 0.856 | Val Acc: 70.25  |  Test Loss: 0.436 | Tes Acc: 86.29
INFO >> Epoch: 4  |  Layer:  6  |  Train Loss: 0.836 | Train Acc: 72.22  |  Val Loss: 0.854 | Val Acc: 69.71  |  Test Loss: 0.441 | Tes Acc: 87.10
INFO >> Epoch: 4  |  Layer:  7  |  Train Loss: 0.834 | Train Acc: 71.55  |  Val Loss: 0.850 | Val Acc: 69.53  |  Test Loss: 0.456 | Tes Acc: 86.29
INFO >> Epoch: 4  |  Layer:  8  |  Train Loss: 0.832 | Train Acc: 71.26  |  Val Loss: 0.861 | Val Acc: 69.00  |  Test Loss: 0.442 | Tes Acc: 87.90
INFO >> Epoch: 4  |  Layer:  9  |  Train Loss: 0.844 | Train Acc: 70.63  |  Val Loss: 0.883 | Val Acc: 68.46  |  Test Loss: 0.459 | Tes Acc: 85.48
INFO >> Epoch: 4  |  Layer: 10  |  Train Loss: 0.863 | Train Acc: 70.34  |  Val Loss: 0.888 | Val Acc: 68.10  |  Test Loss: 0.468 | Tes Acc: 86.56
INFO >> Epoch: 4  |  Layer: 11  |  Train Loss: 0.873 | Train Acc: 69.81  |  Val Loss: 0.884 | Val Acc: 69.71  |  Test Loss: 0.475 | Tes Acc: 85.22
INFO >> Epoch: 4  |  Layer: 12  |  Train Loss: 0.875 | Train Acc: 69.23  |  Val Loss: 0.911 | Val Acc: 68.46  |  Test Loss: 0.484 | Tes Acc: 84.68
INFO >> Epoch: 4  |  Layer: 13  |  Train Loss: 0.846 | Train Acc: 70.10  |  Val Loss: 0.899 | Val Acc: 69.71  |  Test Loss: 0.485 | Tes Acc: 84.14
INFO >> Epoch: 4  |  Layer: 14  |  Train Loss: 0.816 | Train Acc: 71.21  |  Val Loss: 0.887 | Val Acc: 70.43  |  Test Loss: 0.446 | Tes Acc: 84.95
INFO >> Epoch: 4  |  Layer: 15  |  Train Loss: 0.810 | Train Acc: 71.79  |  Val Loss: 0.908 | Val Acc: 69.89  |  Test Loss: 0.456 | Tes Acc: 85.75
INFO >> Epoch: 4  |  Layer: 16  |  Train Loss: 0.800 | Train Acc: 72.03  |  Val Loss: 0.872 | Val Acc: 70.61  |  Test Loss: 0.441 | Tes Acc: 86.29
INFO >> Epoch: 4  |  Layer: 17  |  Train Loss: 0.814 | Train Acc: 71.26  |  Val Loss: 0.885 | Val Acc: 70.25  |  Test Loss: 0.456 | Tes Acc: 85.75
INFO >> Epoch: 4  |  Layer: 18  |  Train Loss: 0.805 | Train Acc: 71.98  |  Val Loss: 0.867 | Val Acc: 70.25  |  Test Loss: 0.464 | Tes Acc: 84.41
INFO >> Epoch: 4  |  Layer: 19  |  Train Loss: 0.824 | Train Acc: 71.69  |  Val Loss: 0.883 | Val Acc: 68.28  |  Test Loss: 0.464 | Tes Acc: 85.48
INFO >> Epoch: 4  |  Layer: 20  |  Train Loss: 0.830 | Train Acc: 71.30  |  Val Loss: 0.857 | Val Acc: 71.51  |  Test Loss: 0.445 | Tes Acc: 87.90
INFO >> Epoch: 4  |  Layer: 21  |  Train Loss: 0.867 | Train Acc: 69.95  |  Val Loss: 0.898 | Val Acc: 69.18  |  Test Loss: 0.463 | Tes Acc: 86.56
INFO >> Epoch: 4  |  Layer: 22  |  Train Loss: 1.004 | Train Acc: 64.59  |  Val Loss: 1.019 | Val Acc: 65.23  |  Test Loss: 0.585 | Tes Acc: 82.26
INFO >> Epoch: 4  |  Layer: 23  |  Train Loss: 1.345 | Train Acc: 50.63  |  Val Loss: 1.394 | Val Acc: 41.94  |  Test Loss: 1.040 | Tes Acc: 58.06
INFO >> Epoch: 4  |  Layer: 24  |  Train Loss: 1.383 | Train Acc: 45.22  |  Val Loss: 1.429 | Val Acc: 48.92  |  Test Loss: 1.074 | Tes Acc: 65.32

INFO >> Epoch: 5  |  Layer:  1  |  Train Loss: 1.087 | Train Acc: 60.24  |  Val Loss: 1.020 | Val Acc: 64.87  |  Test Loss: 0.782 | Tes Acc: 75.81
INFO >> Epoch: 5  |  Layer:  2  |  Train Loss: 0.979 | Train Acc: 64.54  |  Val Loss: 0.908 | Val Acc: 67.38  |  Test Loss: 0.661 | Tes Acc: 80.65
INFO >> Epoch: 5  |  Layer:  3  |  Train Loss: 0.938 | Train Acc: 66.04  |  Val Loss: 0.870 | Val Acc: 69.00  |  Test Loss: 0.600 | Tes Acc: 83.06
INFO >> Epoch: 5  |  Layer:  4  |  Train Loss: 0.854 | Train Acc: 69.86  |  Val Loss: 0.813 | Val Acc: 71.15  |  Test Loss: 0.536 | Tes Acc: 84.14
INFO >> Epoch: 5  |  Layer:  5  |  Train Loss: 0.803 | Train Acc: 72.75  |  Val Loss: 0.770 | Val Acc: 73.12  |  Test Loss: 0.451 | Tes Acc: 86.29
INFO >> Epoch: 5  |  Layer:  6  |  Train Loss: 0.809 | Train Acc: 71.55  |  Val Loss: 0.779 | Val Acc: 72.58  |  Test Loss: 0.460 | Tes Acc: 86.29
INFO >> Epoch: 5  |  Layer:  7  |  Train Loss: 0.809 | Train Acc: 72.08  |  Val Loss: 0.775 | Val Acc: 74.01  |  Test Loss: 0.458 | Tes Acc: 87.10
INFO >> Epoch: 5  |  Layer:  8  |  Train Loss: 0.805 | Train Acc: 72.51  |  Val Loss: 0.771 | Val Acc: 73.30  |  Test Loss: 0.450 | Tes Acc: 86.56
INFO >> Epoch: 5  |  Layer:  9  |  Train Loss: 0.826 | Train Acc: 70.92  |  Val Loss: 0.775 | Val Acc: 73.12  |  Test Loss: 0.442 | Tes Acc: 86.83
INFO >> Epoch: 5  |  Layer: 10  |  Train Loss: 0.858 | Train Acc: 69.66  |  Val Loss: 0.816 | Val Acc: 72.04  |  Test Loss: 0.465 | Tes Acc: 84.41
INFO >> Epoch: 5  |  Layer: 11  |  Train Loss: 0.842 | Train Acc: 70.10  |  Val Loss: 0.802 | Val Acc: 71.86  |  Test Loss: 0.470 | Tes Acc: 85.48
INFO >> Epoch: 5  |  Layer: 12  |  Train Loss: 0.856 | Train Acc: 70.77  |  Val Loss: 0.825 | Val Acc: 71.68  |  Test Loss: 0.488 | Tes Acc: 84.41
INFO >> Epoch: 5  |  Layer: 13  |  Train Loss: 0.817 | Train Acc: 71.45  |  Val Loss: 0.834 | Val Acc: 72.22  |  Test Loss: 0.511 | Tes Acc: 85.22
INFO >> Epoch: 5  |  Layer: 14  |  Train Loss: 0.782 | Train Acc: 72.95  |  Val Loss: 0.796 | Val Acc: 74.01  |  Test Loss: 0.439 | Tes Acc: 86.83
INFO >> Epoch: 5  |  Layer: 15  |  Train Loss: 0.795 | Train Acc: 71.84  |  Val Loss: 0.807 | Val Acc: 73.12  |  Test Loss: 0.457 | Tes Acc: 86.83
INFO >> Epoch: 5  |  Layer: 16  |  Train Loss: 0.779 | Train Acc: 71.93  |  Val Loss: 0.779 | Val Acc: 74.37  |  Test Loss: 0.442 | Tes Acc: 85.75
INFO >> Epoch: 5  |  Layer: 17  |  Train Loss: 0.797 | Train Acc: 71.21  |  Val Loss: 0.793 | Val Acc: 73.84  |  Test Loss: 0.457 | Tes Acc: 86.29
INFO >> Epoch: 5  |  Layer: 18  |  Train Loss: 0.792 | Train Acc: 71.98  |  Val Loss: 0.801 | Val Acc: 72.94  |  Test Loss: 0.464 | Tes Acc: 86.02
INFO >> Epoch: 5  |  Layer: 19  |  Train Loss: 0.799 | Train Acc: 71.79  |  Val Loss: 0.803 | Val Acc: 72.22  |  Test Loss: 0.467 | Tes Acc: 85.22
INFO >> Epoch: 5  |  Layer: 20  |  Train Loss: 0.798 | Train Acc: 71.06  |  Val Loss: 0.785 | Val Acc: 74.37  |  Test Loss: 0.439 | Tes Acc: 86.56
INFO >> Epoch: 5  |  Layer: 21  |  Train Loss: 0.842 | Train Acc: 70.10  |  Val Loss: 0.831 | Val Acc: 71.15  |  Test Loss: 0.462 | Tes Acc: 85.22
INFO >> Epoch: 5  |  Layer: 22  |  Train Loss: 0.970 | Train Acc: 65.07  |  Val Loss: 0.943 | Val Acc: 67.56  |  Test Loss: 0.584 | Tes Acc: 81.72
INFO >> Epoch: 5  |  Layer: 23  |  Train Loss: 1.313 | Train Acc: 52.27  |  Val Loss: 1.328 | Val Acc: 52.69  |  Test Loss: 1.028 | Tes Acc: 68.82
INFO >> Epoch: 5  |  Layer: 24  |  Train Loss: 1.365 | Train Acc: 46.71  |  Val Loss: 1.367 | Val Acc: 46.77  |  Test Loss: 1.117 | Tes Acc: 63.44

INFO >> Epoch: 6  |  Layer:  1  |  Train Loss: 1.022 | Train Acc: 64.44  |  Val Loss: 0.964 | Val Acc: 66.85  |  Test Loss: 0.689 | Tes Acc: 77.42
INFO >> Epoch: 6  |  Layer:  2  |  Train Loss: 0.905 | Train Acc: 69.32  |  Val Loss: 0.866 | Val Acc: 71.51  |  Test Loss: 0.582 | Tes Acc: 81.45
INFO >> Epoch: 6  |  Layer:  3  |  Train Loss: 0.860 | Train Acc: 71.26  |  Val Loss: 0.830 | Val Acc: 70.61  |  Test Loss: 0.534 | Tes Acc: 84.68
INFO >> Epoch: 6  |  Layer:  4  |  Train Loss: 0.792 | Train Acc: 73.04  |  Val Loss: 0.758 | Val Acc: 74.01  |  Test Loss: 0.455 | Tes Acc: 87.63
INFO >> Epoch: 6  |  Layer:  5  |  Train Loss: 0.735 | Train Acc: 74.59  |  Val Loss: 0.738 | Val Acc: 75.81  |  Test Loss: 0.418 | Tes Acc: 86.83
INFO >> Epoch: 6  |  Layer:  6  |  Train Loss: 0.747 | Train Acc: 74.98  |  Val Loss: 0.745 | Val Acc: 74.37  |  Test Loss: 0.425 | Tes Acc: 86.83
INFO >> Epoch: 6  |  Layer:  7  |  Train Loss: 0.740 | Train Acc: 74.40  |  Val Loss: 0.751 | Val Acc: 73.84  |  Test Loss: 0.437 | Tes Acc: 86.83
INFO >> Epoch: 6  |  Layer:  8  |  Train Loss: 0.736 | Train Acc: 74.40  |  Val Loss: 0.751 | Val Acc: 73.84  |  Test Loss: 0.418 | Tes Acc: 87.10
INFO >> Epoch: 6  |  Layer:  9  |  Train Loss: 0.756 | Train Acc: 72.95  |  Val Loss: 0.747 | Val Acc: 73.12  |  Test Loss: 0.430 | Tes Acc: 86.02
INFO >> Epoch: 6  |  Layer: 10  |  Train Loss: 0.769 | Train Acc: 72.85  |  Val Loss: 0.773 | Val Acc: 71.51  |  Test Loss: 0.448 | Tes Acc: 85.48
INFO >> Epoch: 6  |  Layer: 11  |  Train Loss: 0.766 | Train Acc: 73.00  |  Val Loss: 0.771 | Val Acc: 72.22  |  Test Loss: 0.451 | Tes Acc: 86.56
INFO >> Epoch: 6  |  Layer: 12  |  Train Loss: 0.789 | Train Acc: 71.69  |  Val Loss: 0.785 | Val Acc: 73.12  |  Test Loss: 0.448 | Tes Acc: 84.41
INFO >> Epoch: 6  |  Layer: 13  |  Train Loss: 0.766 | Train Acc: 72.66  |  Val Loss: 0.785 | Val Acc: 73.66  |  Test Loss: 0.449 | Tes Acc: 86.83
INFO >> Epoch: 6  |  Layer: 14  |  Train Loss: 0.729 | Train Acc: 74.44  |  Val Loss: 0.759 | Val Acc: 74.19  |  Test Loss: 0.422 | Tes Acc: 86.56
INFO >> Epoch: 6  |  Layer: 15  |  Train Loss: 0.735 | Train Acc: 74.15  |  Val Loss: 0.765 | Val Acc: 74.37  |  Test Loss: 0.430 | Tes Acc: 85.22
INFO >> Epoch: 6  |  Layer: 16  |  Train Loss: 0.723 | Train Acc: 74.20  |  Val Loss: 0.754 | Val Acc: 73.30  |  Test Loss: 0.431 | Tes Acc: 86.83
INFO >> Epoch: 6  |  Layer: 17  |  Train Loss: 0.744 | Train Acc: 73.91  |  Val Loss: 0.766 | Val Acc: 73.84  |  Test Loss: 0.443 | Tes Acc: 87.10
INFO >> Epoch: 6  |  Layer: 18  |  Train Loss: 0.741 | Train Acc: 73.48  |  Val Loss: 0.774 | Val Acc: 74.37  |  Test Loss: 0.439 | Tes Acc: 87.10
INFO >> Epoch: 6  |  Layer: 19  |  Train Loss: 0.752 | Train Acc: 72.71  |  Val Loss: 0.790 | Val Acc: 72.04  |  Test Loss: 0.448 | Tes Acc: 86.56
INFO >> Epoch: 6  |  Layer: 20  |  Train Loss: 0.752 | Train Acc: 73.72  |  Val Loss: 0.764 | Val Acc: 73.30  |  Test Loss: 0.439 | Tes Acc: 86.29
INFO >> Epoch: 6  |  Layer: 21  |  Train Loss: 0.792 | Train Acc: 72.27  |  Val Loss: 0.806 | Val Acc: 71.33  |  Test Loss: 0.479 | Tes Acc: 85.48
INFO >> Epoch: 6  |  Layer: 22  |  Train Loss: 0.919 | Train Acc: 68.07  |  Val Loss: 0.922 | Val Acc: 67.74  |  Test Loss: 0.571 | Tes Acc: 82.26
INFO >> Epoch: 6  |  Layer: 23  |  Train Loss: 1.275 | Train Acc: 54.11  |  Val Loss: 1.314 | Val Acc: 53.76  |  Test Loss: 1.021 | Tes Acc: 69.35
INFO >> Epoch: 6  |  Layer: 24  |  Train Loss: 1.334 | Train Acc: 49.76  |  Val Loss: 1.345 | Val Acc: 48.92  |  Test Loss: 1.070 | Tes Acc: 65.86

INFO >> Epoch: 7  |  Layer:  1  |  Train Loss: 1.002 | Train Acc: 64.25  |  Val Loss: 0.946 | Val Acc: 67.74  |  Test Loss: 0.677 | Tes Acc: 78.23
INFO >> Epoch: 7  |  Layer:  2  |  Train Loss: 0.888 | Train Acc: 69.42  |  Val Loss: 0.875 | Val Acc: 70.61  |  Test Loss: 0.605 | Tes Acc: 82.80
INFO >> Epoch: 7  |  Layer:  3  |  Train Loss: 0.846 | Train Acc: 70.87  |  Val Loss: 0.839 | Val Acc: 70.61  |  Test Loss: 0.555 | Tes Acc: 82.53
INFO >> Epoch: 7  |  Layer:  4  |  Train Loss: 0.778 | Train Acc: 73.57  |  Val Loss: 0.784 | Val Acc: 72.76  |  Test Loss: 0.487 | Tes Acc: 86.02
INFO >> Epoch: 7  |  Layer:  5  |  Train Loss: 0.718 | Train Acc: 75.07  |  Val Loss: 0.752 | Val Acc: 72.58  |  Test Loss: 0.447 | Tes Acc: 86.83
INFO >> Epoch: 7  |  Layer:  6  |  Train Loss: 0.729 | Train Acc: 74.93  |  Val Loss: 0.738 | Val Acc: 74.01  |  Test Loss: 0.432 | Tes Acc: 86.83
INFO >> Epoch: 7  |  Layer:  7  |  Train Loss: 0.713 | Train Acc: 74.69  |  Val Loss: 0.741 | Val Acc: 74.19  |  Test Loss: 0.447 | Tes Acc: 87.37
INFO >> Epoch: 7  |  Layer:  8  |  Train Loss: 0.709 | Train Acc: 74.64  |  Val Loss: 0.745 | Val Acc: 74.19  |  Test Loss: 0.428 | Tes Acc: 86.56
INFO >> Epoch: 7  |  Layer:  9  |  Train Loss: 0.727 | Train Acc: 73.86  |  Val Loss: 0.747 | Val Acc: 72.40  |  Test Loss: 0.440 | Tes Acc: 86.56
INFO >> Epoch: 7  |  Layer: 10  |  Train Loss: 0.740 | Train Acc: 74.69  |  Val Loss: 0.787 | Val Acc: 72.58  |  Test Loss: 0.463 | Tes Acc: 84.68
INFO >> Epoch: 7  |  Layer: 11  |  Train Loss: 0.743 | Train Acc: 74.25  |  Val Loss: 0.764 | Val Acc: 72.58  |  Test Loss: 0.440 | Tes Acc: 85.75
INFO >> Epoch: 7  |  Layer: 12  |  Train Loss: 0.752 | Train Acc: 74.11  |  Val Loss: 0.788 | Val Acc: 72.58  |  Test Loss: 0.449 | Tes Acc: 84.68
INFO >> Epoch: 7  |  Layer: 13  |  Train Loss: 0.718 | Train Acc: 74.01  |  Val Loss: 0.789 | Val Acc: 73.66  |  Test Loss: 0.451 | Tes Acc: 84.95
INFO >> Epoch: 7  |  Layer: 14  |  Train Loss: 0.704 | Train Acc: 75.36  |  Val Loss: 0.767 | Val Acc: 73.48  |  Test Loss: 0.415 | Tes Acc: 86.02
INFO >> Epoch: 7  |  Layer: 15  |  Train Loss: 0.712 | Train Acc: 74.78  |  Val Loss: 0.766 | Val Acc: 72.58  |  Test Loss: 0.414 | Tes Acc: 86.56
INFO >> Epoch: 7  |  Layer: 16  |  Train Loss: 0.713 | Train Acc: 75.51  |  Val Loss: 0.755 | Val Acc: 72.76  |  Test Loss: 0.419 | Tes Acc: 87.63
INFO >> Epoch: 7  |  Layer: 17  |  Train Loss: 0.719 | Train Acc: 74.69  |  Val Loss: 0.765 | Val Acc: 71.15  |  Test Loss: 0.433 | Tes Acc: 87.37
INFO >> Epoch: 7  |  Layer: 18  |  Train Loss: 0.715 | Train Acc: 74.40  |  Val Loss: 0.769 | Val Acc: 73.48  |  Test Loss: 0.454 | Tes Acc: 87.37
INFO >> Epoch: 7  |  Layer: 19  |  Train Loss: 0.721 | Train Acc: 74.06  |  Val Loss: 0.800 | Val Acc: 71.51  |  Test Loss: 0.463 | Tes Acc: 86.56
INFO >> Epoch: 7  |  Layer: 20  |  Train Loss: 0.722 | Train Acc: 75.17  |  Val Loss: 0.790 | Val Acc: 70.79  |  Test Loss: 0.451 | Tes Acc: 87.37
INFO >> Epoch: 7  |  Layer: 21  |  Train Loss: 0.768 | Train Acc: 73.29  |  Val Loss: 0.816 | Val Acc: 72.40  |  Test Loss: 0.464 | Tes Acc: 87.10
INFO >> Epoch: 7  |  Layer: 22  |  Train Loss: 0.893 | Train Acc: 68.21  |  Val Loss: 0.923 | Val Acc: 68.28  |  Test Loss: 0.558 | Tes Acc: 83.87
INFO >> Epoch: 7  |  Layer: 23  |  Train Loss: 1.250 | Train Acc: 53.38  |  Val Loss: 1.278 | Val Acc: 55.20  |  Test Loss: 0.940 | Tes Acc: 69.35
INFO >> Epoch: 7  |  Layer: 24  |  Train Loss: 1.315 | Train Acc: 48.94  |  Val Loss: 1.321 | Val Acc: 53.41  |  Test Loss: 1.006 | Tes Acc: 68.82

INFO >> Epoch: 8  |  Layer:  1  |  Train Loss: 1.002 | Train Acc: 64.73  |  Val Loss: 0.987 | Val Acc: 66.31  |  Test Loss: 0.724 | Tes Acc: 75.54
INFO >> Epoch: 8  |  Layer:  2  |  Train Loss: 0.884 | Train Acc: 69.08  |  Val Loss: 1.016 | Val Acc: 64.87  |  Test Loss: 0.821 | Tes Acc: 73.66
INFO >> Epoch: 8  |  Layer:  3  |  Train Loss: 0.839 | Train Acc: 70.87  |  Val Loss: 0.948 | Val Acc: 66.67  |  Test Loss: 0.742 | Tes Acc: 77.96
INFO >> Epoch: 8  |  Layer:  4  |  Train Loss: 0.761 | Train Acc: 73.91  |  Val Loss: 0.846 | Val Acc: 71.33  |  Test Loss: 0.604 | Tes Acc: 81.99
INFO >> Epoch: 8  |  Layer:  5  |  Train Loss: 0.711 | Train Acc: 76.57  |  Val Loss: 0.833 | Val Acc: 74.01  |  Test Loss: 0.546 | Tes Acc: 84.14
INFO >> Epoch: 8  |  Layer:  6  |  Train Loss: 0.733 | Train Acc: 75.41  |  Val Loss: 0.806 | Val Acc: 72.22  |  Test Loss: 0.539 | Tes Acc: 84.41
INFO >> Epoch: 8  |  Layer:  7  |  Train Loss: 0.724 | Train Acc: 74.64  |  Val Loss: 0.799 | Val Acc: 74.19  |  Test Loss: 0.546 | Tes Acc: 84.68
INFO >> Epoch: 8  |  Layer:  8  |  Train Loss: 0.713 | Train Acc: 75.85  |  Val Loss: 0.783 | Val Acc: 74.19  |  Test Loss: 0.501 | Tes Acc: 84.41
INFO >> Epoch: 8  |  Layer:  9  |  Train Loss: 0.726 | Train Acc: 75.51  |  Val Loss: 0.781 | Val Acc: 74.37  |  Test Loss: 0.510 | Tes Acc: 84.14
INFO >> Epoch: 8  |  Layer: 10  |  Train Loss: 0.751 | Train Acc: 74.44  |  Val Loss: 0.788 | Val Acc: 75.63  |  Test Loss: 0.512 | Tes Acc: 83.06
INFO >> Epoch: 8  |  Layer: 11  |  Train Loss: 0.742 | Train Acc: 74.64  |  Val Loss: 0.780 | Val Acc: 73.48  |  Test Loss: 0.512 | Tes Acc: 84.14
INFO >> Epoch: 8  |  Layer: 12  |  Train Loss: 0.754 | Train Acc: 73.67  |  Val Loss: 0.860 | Val Acc: 69.35  |  Test Loss: 0.582 | Tes Acc: 80.65
INFO >> Epoch: 8  |  Layer: 13  |  Train Loss: 0.714 | Train Acc: 74.25  |  Val Loss: 0.814 | Val Acc: 73.66  |  Test Loss: 0.520 | Tes Acc: 83.06
INFO >> Epoch: 8  |  Layer: 14  |  Train Loss: 0.694 | Train Acc: 75.22  |  Val Loss: 0.793 | Val Acc: 74.01  |  Test Loss: 0.494 | Tes Acc: 84.14
INFO >> Epoch: 8  |  Layer: 15  |  Train Loss: 0.705 | Train Acc: 75.02  |  Val Loss: 0.812 | Val Acc: 73.12  |  Test Loss: 0.515 | Tes Acc: 82.53
INFO >> Epoch: 8  |  Layer: 16  |  Train Loss: 0.699 | Train Acc: 75.94  |  Val Loss: 0.783 | Val Acc: 72.76  |  Test Loss: 0.497 | Tes Acc: 81.72
INFO >> Epoch: 8  |  Layer: 17  |  Train Loss: 0.711 | Train Acc: 75.94  |  Val Loss: 0.779 | Val Acc: 74.19  |  Test Loss: 0.512 | Tes Acc: 82.26
INFO >> Epoch: 8  |  Layer: 18  |  Train Loss: 0.718 | Train Acc: 75.36  |  Val Loss: 0.797 | Val Acc: 74.37  |  Test Loss: 0.520 | Tes Acc: 81.99
INFO >> Epoch: 8  |  Layer: 19  |  Train Loss: 0.723 | Train Acc: 74.78  |  Val Loss: 0.824 | Val Acc: 71.51  |  Test Loss: 0.549 | Tes Acc: 82.80
INFO >> Epoch: 8  |  Layer: 20  |  Train Loss: 0.716 | Train Acc: 75.12  |  Val Loss: 0.795 | Val Acc: 73.48  |  Test Loss: 0.493 | Tes Acc: 85.48
INFO >> Epoch: 8  |  Layer: 21  |  Train Loss: 0.740 | Train Acc: 75.22  |  Val Loss: 0.830 | Val Acc: 71.51  |  Test Loss: 0.516 | Tes Acc: 84.14
INFO >> Epoch: 8  |  Layer: 22  |  Train Loss: 0.871 | Train Acc: 69.86  |  Val Loss: 0.912 | Val Acc: 67.56  |  Test Loss: 0.541 | Tes Acc: 83.60
INFO >> Epoch: 8  |  Layer: 23  |  Train Loss: 1.206 | Train Acc: 56.76  |  Val Loss: 1.251 | Val Acc: 53.76  |  Test Loss: 0.898 | Tes Acc: 69.35
INFO >> Epoch: 8  |  Layer: 24  |  Train Loss: 1.287 | Train Acc: 51.30  |  Val Loss: 1.316 | Val Acc: 48.21  |  Test Loss: 1.049 | Tes Acc: 62.90

INFO >> Epoch: 9  |  Layer:  1  |  Train Loss: 0.976 | Train Acc: 66.47  |  Val Loss: 0.915 | Val Acc: 69.18  |  Test Loss: 0.628 | Tes Acc: 80.38
INFO >> Epoch: 9  |  Layer:  2  |  Train Loss: 0.875 | Train Acc: 70.92  |  Val Loss: 0.866 | Val Acc: 70.43  |  Test Loss: 0.598 | Tes Acc: 80.11
INFO >> Epoch: 9  |  Layer:  3  |  Train Loss: 0.822 | Train Acc: 71.93  |  Val Loss: 0.798 | Val Acc: 72.40  |  Test Loss: 0.489 | Tes Acc: 84.95
INFO >> Epoch: 9  |  Layer:  4  |  Train Loss: 0.740 | Train Acc: 75.36  |  Val Loss: 0.758 | Val Acc: 75.27  |  Test Loss: 0.443 | Tes Acc: 86.56
INFO >> Epoch: 9  |  Layer:  5  |  Train Loss: 0.686 | Train Acc: 76.71  |  Val Loss: 0.745 | Val Acc: 75.45  |  Test Loss: 0.412 | Tes Acc: 87.10
INFO >> Epoch: 9  |  Layer:  6  |  Train Loss: 0.700 | Train Acc: 76.38  |  Val Loss: 0.743 | Val Acc: 75.81  |  Test Loss: 0.418 | Tes Acc: 87.10
INFO >> Epoch: 9  |  Layer:  7  |  Train Loss: 0.690 | Train Acc: 76.23  |  Val Loss: 0.720 | Val Acc: 75.45  |  Test Loss: 0.403 | Tes Acc: 86.83
INFO >> Epoch: 9  |  Layer:  8  |  Train Loss: 0.674 | Train Acc: 76.43  |  Val Loss: 0.735 | Val Acc: 75.45  |  Test Loss: 0.420 | Tes Acc: 88.44
INFO >> Epoch: 9  |  Layer:  9  |  Train Loss: 0.696 | Train Acc: 75.80  |  Val Loss: 0.707 | Val Acc: 75.81  |  Test Loss: 0.409 | Tes Acc: 87.90
INFO >> Epoch: 9  |  Layer: 10  |  Train Loss: 0.712 | Train Acc: 75.27  |  Val Loss: 0.740 | Val Acc: 74.01  |  Test Loss: 0.428 | Tes Acc: 86.56
INFO >> Epoch: 9  |  Layer: 11  |  Train Loss: 0.713 | Train Acc: 74.93  |  Val Loss: 0.759 | Val Acc: 72.40  |  Test Loss: 0.442 | Tes Acc: 87.10
INFO >> Epoch: 9  |  Layer: 12  |  Train Loss: 0.733 | Train Acc: 73.38  |  Val Loss: 0.772 | Val Acc: 71.68  |  Test Loss: 0.446 | Tes Acc: 85.75
INFO >> Epoch: 9  |  Layer: 13  |  Train Loss: 0.694 | Train Acc: 75.31  |  Val Loss: 0.787 | Val Acc: 72.94  |  Test Loss: 0.448 | Tes Acc: 86.02
INFO >> Epoch: 9  |  Layer: 14  |  Train Loss: 0.667 | Train Acc: 77.34  |  Val Loss: 0.747 | Val Acc: 74.19  |  Test Loss: 0.399 | Tes Acc: 86.29
INFO >> Epoch: 9  |  Layer: 15  |  Train Loss: 0.678 | Train Acc: 76.38  |  Val Loss: 0.767 | Val Acc: 74.91  |  Test Loss: 0.419 | Tes Acc: 86.02
INFO >> Epoch: 9  |  Layer: 16  |  Train Loss: 0.675 | Train Acc: 75.99  |  Val Loss: 0.773 | Val Acc: 73.66  |  Test Loss: 0.443 | Tes Acc: 85.22
INFO >> Epoch: 9  |  Layer: 17  |  Train Loss: 0.696 | Train Acc: 75.41  |  Val Loss: 0.754 | Val Acc: 74.37  |  Test Loss: 0.440 | Tes Acc: 86.02
INFO >> Epoch: 9  |  Layer: 18  |  Train Loss: 0.692 | Train Acc: 75.85  |  Val Loss: 0.778 | Val Acc: 74.55  |  Test Loss: 0.451 | Tes Acc: 86.02
INFO >> Epoch: 9  |  Layer: 19  |  Train Loss: 0.711 | Train Acc: 75.80  |  Val Loss: 0.785 | Val Acc: 73.66  |  Test Loss: 0.462 | Tes Acc: 85.22
INFO >> Epoch: 9  |  Layer: 20  |  Train Loss: 0.708 | Train Acc: 74.98  |  Val Loss: 0.772 | Val Acc: 73.12  |  Test Loss: 0.430 | Tes Acc: 88.44
INFO >> Epoch: 9  |  Layer: 21  |  Train Loss: 0.747 | Train Acc: 74.69  |  Val Loss: 0.797 | Val Acc: 71.86  |  Test Loss: 0.432 | Tes Acc: 86.29
INFO >> Epoch: 9  |  Layer: 22  |  Train Loss: 0.872 | Train Acc: 68.50  |  Val Loss: 0.888 | Val Acc: 69.35  |  Test Loss: 0.534 | Tes Acc: 84.68
INFO >> Epoch: 9  |  Layer: 23  |  Train Loss: 1.184 | Train Acc: 56.28  |  Val Loss: 1.220 | Val Acc: 56.09  |  Test Loss: 0.905 | Tes Acc: 70.43
INFO >> Epoch: 9  |  Layer: 24  |  Train Loss: 1.264 | Train Acc: 52.95  |  Val Loss: 1.272 | Val Acc: 55.38  |  Test Loss: 1.007 | Tes Acc: 68.55

INFO >> Epoch: 10  |  Layer:  1  |  Train Loss: 0.935 | Train Acc: 67.10  |  Val Loss: 0.899 | Val Acc: 69.35  |  Test Loss: 0.601 | Tes Acc: 79.84
INFO >> Epoch: 10  |  Layer:  2  |  Train Loss: 0.820 | Train Acc: 71.88  |  Val Loss: 0.821 | Val Acc: 71.86  |  Test Loss: 0.527 | Tes Acc: 86.02
INFO >> Epoch: 10  |  Layer:  3  |  Train Loss: 0.776 | Train Acc: 73.57  |  Val Loss: 0.768 | Val Acc: 73.30  |  Test Loss: 0.481 | Tes Acc: 87.37
INFO >> Epoch: 10  |  Layer:  4  |  Train Loss: 0.701 | Train Acc: 76.14  |  Val Loss: 0.712 | Val Acc: 75.45  |  Test Loss: 0.417 | Tes Acc: 88.98
INFO >> Epoch: 10  |  Layer:  5  |  Train Loss: 0.668 | Train Acc: 76.57  |  Val Loss: 0.697 | Val Acc: 75.99  |  Test Loss: 0.397 | Tes Acc: 87.10
INFO >> Epoch: 10  |  Layer:  6  |  Train Loss: 0.673 | Train Acc: 77.25  |  Val Loss: 0.701 | Val Acc: 77.42  |  Test Loss: 0.385 | Tes Acc: 87.90
INFO >> Epoch: 10  |  Layer:  7  |  Train Loss: 0.663 | Train Acc: 77.78  |  Val Loss: 0.699 | Val Acc: 77.42  |  Test Loss: 0.427 | Tes Acc: 86.83
INFO >> Epoch: 10  |  Layer:  8  |  Train Loss: 0.666 | Train Acc: 76.33  |  Val Loss: 0.694 | Val Acc: 76.88  |  Test Loss: 0.412 | Tes Acc: 88.17
INFO >> Epoch: 10  |  Layer:  9  |  Train Loss: 0.682 | Train Acc: 76.04  |  Val Loss: 0.696 | Val Acc: 75.27  |  Test Loss: 0.428 | Tes Acc: 87.90
INFO >> Epoch: 10  |  Layer: 10  |  Train Loss: 0.699 | Train Acc: 75.99  |  Val Loss: 0.739 | Val Acc: 76.16  |  Test Loss: 0.460 | Tes Acc: 86.29
INFO >> Epoch: 10  |  Layer: 11  |  Train Loss: 0.688 | Train Acc: 75.80  |  Val Loss: 0.702 | Val Acc: 76.88  |  Test Loss: 0.420 | Tes Acc: 87.10
INFO >> Epoch: 10  |  Layer: 12  |  Train Loss: 0.704 | Train Acc: 75.27  |  Val Loss: 0.726 | Val Acc: 75.63  |  Test Loss: 0.430 | Tes Acc: 86.02
INFO >> Epoch: 10  |  Layer: 13  |  Train Loss: 0.666 | Train Acc: 76.33  |  Val Loss: 0.707 | Val Acc: 76.70  |  Test Loss: 0.414 | Tes Acc: 88.44
INFO >> Epoch: 10  |  Layer: 14  |  Train Loss: 0.647 | Train Acc: 77.34  |  Val Loss: 0.704 | Val Acc: 77.06  |  Test Loss: 0.392 | Tes Acc: 87.63
INFO >> Epoch: 10  |  Layer: 15  |  Train Loss: 0.653 | Train Acc: 76.04  |  Val Loss: 0.712 | Val Acc: 76.52  |  Test Loss: 0.404 | Tes Acc: 86.83
INFO >> Epoch: 10  |  Layer: 16  |  Train Loss: 0.646 | Train Acc: 77.44  |  Val Loss: 0.702 | Val Acc: 75.99  |  Test Loss: 0.390 | Tes Acc: 87.90
INFO >> Epoch: 10  |  Layer: 17  |  Train Loss: 0.662 | Train Acc: 75.89  |  Val Loss: 0.719 | Val Acc: 75.09  |  Test Loss: 0.422 | Tes Acc: 86.83
INFO >> Epoch: 10  |  Layer: 18  |  Train Loss: 0.671 | Train Acc: 76.52  |  Val Loss: 0.734 | Val Acc: 76.34  |  Test Loss: 0.422 | Tes Acc: 87.63
INFO >> Epoch: 10  |  Layer: 19  |  Train Loss: 0.676 | Train Acc: 76.71  |  Val Loss: 0.749 | Val Acc: 74.91  |  Test Loss: 0.430 | Tes Acc: 86.29
INFO >> Epoch: 10  |  Layer: 20  |  Train Loss: 0.675 | Train Acc: 77.54  |  Val Loss: 0.740 | Val Acc: 74.73  |  Test Loss: 0.420 | Tes Acc: 87.37
INFO >> Epoch: 10  |  Layer: 21  |  Train Loss: 0.722 | Train Acc: 75.31  |  Val Loss: 0.770 | Val Acc: 74.37  |  Test Loss: 0.444 | Tes Acc: 86.02
INFO >> Epoch: 10  |  Layer: 22  |  Train Loss: 0.847 | Train Acc: 70.05  |  Val Loss: 0.863 | Val Acc: 70.97  |  Test Loss: 0.500 | Tes Acc: 85.75
INFO >> Epoch: 10  |  Layer: 23  |  Train Loss: 1.169 | Train Acc: 57.44  |  Val Loss: 1.198 | Val Acc: 56.81  |  Test Loss: 0.847 | Tes Acc: 70.43
INFO >> Epoch: 10  |  Layer: 24  |  Train Loss: 1.262 | Train Acc: 52.03  |  Val Loss: 1.297 | Val Acc: 48.03  |  Test Loss: 0.963 | Tes Acc: 65.05

INFO >> Epoch: 11  |  Layer:  1  |  Train Loss: 0.924 | Train Acc: 67.78  |  Val Loss: 0.896 | Val Acc: 69.53  |  Test Loss: 0.636 | Tes Acc: 79.57
INFO >> Epoch: 11  |  Layer:  2  |  Train Loss: 0.807 | Train Acc: 73.00  |  Val Loss: 0.814 | Val Acc: 72.22  |  Test Loss: 0.543 | Tes Acc: 83.33
INFO >> Epoch: 11  |  Layer:  3  |  Train Loss: 0.755 | Train Acc: 75.12  |  Val Loss: 0.788 | Val Acc: 72.76  |  Test Loss: 0.516 | Tes Acc: 84.14
INFO >> Epoch: 11  |  Layer:  4  |  Train Loss: 0.682 | Train Acc: 76.71  |  Val Loss: 0.707 | Val Acc: 76.52  |  Test Loss: 0.429 | Tes Acc: 87.63
INFO >> Epoch: 11  |  Layer:  5  |  Train Loss: 0.649 | Train Acc: 79.03  |  Val Loss: 0.705 | Val Acc: 75.81  |  Test Loss: 0.398 | Tes Acc: 87.37
INFO >> Epoch: 11  |  Layer:  6  |  Train Loss: 0.655 | Train Acc: 78.31  |  Val Loss: 0.726 | Val Acc: 75.45  |  Test Loss: 0.414 | Tes Acc: 87.63
INFO >> Epoch: 11  |  Layer:  7  |  Train Loss: 0.652 | Train Acc: 77.97  |  Val Loss: 0.746 | Val Acc: 74.91  |  Test Loss: 0.445 | Tes Acc: 87.10
INFO >> Epoch: 11  |  Layer:  8  |  Train Loss: 0.644 | Train Acc: 78.45  |  Val Loss: 0.711 | Val Acc: 75.45  |  Test Loss: 0.419 | Tes Acc: 88.71
INFO >> Epoch: 11  |  Layer:  9  |  Train Loss: 0.655 | Train Acc: 77.25  |  Val Loss: 0.711 | Val Acc: 74.91  |  Test Loss: 0.435 | Tes Acc: 87.10
INFO >> Epoch: 11  |  Layer: 10  |  Train Loss: 0.660 | Train Acc: 77.25  |  Val Loss: 0.748 | Val Acc: 75.09  |  Test Loss: 0.459 | Tes Acc: 84.14
INFO >> Epoch: 11  |  Layer: 11  |  Train Loss: 0.662 | Train Acc: 77.15  |  Val Loss: 0.724 | Val Acc: 73.48  |  Test Loss: 0.437 | Tes Acc: 85.75
INFO >> Epoch: 11  |  Layer: 12  |  Train Loss: 0.679 | Train Acc: 76.67  |  Val Loss: 0.752 | Val Acc: 73.12  |  Test Loss: 0.452 | Tes Acc: 85.22
INFO >> Epoch: 11  |  Layer: 13  |  Train Loss: 0.652 | Train Acc: 77.15  |  Val Loss: 0.806 | Val Acc: 72.40  |  Test Loss: 0.486 | Tes Acc: 85.48
INFO >> Epoch: 11  |  Layer: 14  |  Train Loss: 0.632 | Train Acc: 78.41  |  Val Loss: 0.768 | Val Acc: 73.12  |  Test Loss: 0.453 | Tes Acc: 85.48
INFO >> Epoch: 11  |  Layer: 15  |  Train Loss: 0.649 | Train Acc: 77.34  |  Val Loss: 0.793 | Val Acc: 72.76  |  Test Loss: 0.466 | Tes Acc: 84.95
INFO >> Epoch: 11  |  Layer: 16  |  Train Loss: 0.629 | Train Acc: 77.87  |  Val Loss: 0.760 | Val Acc: 74.37  |  Test Loss: 0.456 | Tes Acc: 84.95
INFO >> Epoch: 11  |  Layer: 17  |  Train Loss: 0.639 | Train Acc: 78.36  |  Val Loss: 0.752 | Val Acc: 73.66  |  Test Loss: 0.472 | Tes Acc: 84.68
INFO >> Epoch: 11  |  Layer: 18  |  Train Loss: 0.632 | Train Acc: 77.73  |  Val Loss: 0.770 | Val Acc: 74.37  |  Test Loss: 0.471 | Tes Acc: 85.48
INFO >> Epoch: 11  |  Layer: 19  |  Train Loss: 0.648 | Train Acc: 77.15  |  Val Loss: 0.779 | Val Acc: 73.66  |  Test Loss: 0.494 | Tes Acc: 84.14
INFO >> Epoch: 11  |  Layer: 20  |  Train Loss: 0.641 | Train Acc: 78.31  |  Val Loss: 0.757 | Val Acc: 74.73  |  Test Loss: 0.455 | Tes Acc: 85.48
INFO >> Epoch: 11  |  Layer: 21  |  Train Loss: 0.698 | Train Acc: 76.33  |  Val Loss: 0.769 | Val Acc: 74.37  |  Test Loss: 0.455 | Tes Acc: 85.48
INFO >> Epoch: 11  |  Layer: 22  |  Train Loss: 0.806 | Train Acc: 71.88  |  Val Loss: 0.859 | Val Acc: 70.07  |  Test Loss: 0.521 | Tes Acc: 85.48
INFO >> Epoch: 11  |  Layer: 23  |  Train Loss: 1.144 | Train Acc: 59.18  |  Val Loss: 1.184 | Val Acc: 56.45  |  Test Loss: 0.875 | Tes Acc: 71.24
INFO >> Epoch: 11  |  Layer: 24  |  Train Loss: 1.228 | Train Acc: 53.62  |  Val Loss: 1.237 | Val Acc: 53.58  |  Test Loss: 0.965 | Tes Acc: 68.82

INFO >> Epoch: 12  |  Layer:  1  |  Train Loss: 0.945 | Train Acc: 66.14  |  Val Loss: 1.043 | Val Acc: 63.98  |  Test Loss: 0.812 | Tes Acc: 72.04
INFO >> Epoch: 12  |  Layer:  2  |  Train Loss: 0.833 | Train Acc: 70.92  |  Val Loss: 1.086 | Val Acc: 64.87  |  Test Loss: 0.836 | Tes Acc: 70.97
INFO >> Epoch: 12  |  Layer:  3  |  Train Loss: 0.791 | Train Acc: 72.56  |  Val Loss: 1.040 | Val Acc: 65.23  |  Test Loss: 0.751 | Tes Acc: 74.46
INFO >> Epoch: 12  |  Layer:  4  |  Train Loss: 0.712 | Train Acc: 75.80  |  Val Loss: 0.950 | Val Acc: 68.28  |  Test Loss: 0.605 | Tes Acc: 79.57
INFO >> Epoch: 12  |  Layer:  5  |  Train Loss: 0.663 | Train Acc: 77.92  |  Val Loss: 0.922 | Val Acc: 71.86  |  Test Loss: 0.530 | Tes Acc: 82.26
INFO >> Epoch: 12  |  Layer:  6  |  Train Loss: 0.684 | Train Acc: 77.25  |  Val Loss: 0.863 | Val Acc: 71.15  |  Test Loss: 0.483 | Tes Acc: 83.87
INFO >> Epoch: 12  |  Layer:  7  |  Train Loss: 0.676 | Train Acc: 76.71  |  Val Loss: 0.784 | Val Acc: 75.09  |  Test Loss: 0.427 | Tes Acc: 87.10
INFO >> Epoch: 12  |  Layer:  8  |  Train Loss: 0.658 | Train Acc: 77.87  |  Val Loss: 0.780 | Val Acc: 73.66  |  Test Loss: 0.407 | Tes Acc: 86.02
INFO >> Epoch: 12  |  Layer:  9  |  Train Loss: 0.657 | Train Acc: 77.54  |  Val Loss: 0.759 | Val Acc: 74.73  |  Test Loss: 0.407 | Tes Acc: 87.37
INFO >> Epoch: 12  |  Layer: 10  |  Train Loss: 0.687 | Train Acc: 76.43  |  Val Loss: 0.798 | Val Acc: 71.68  |  Test Loss: 0.435 | Tes Acc: 86.29
INFO >> Epoch: 12  |  Layer: 11  |  Train Loss: 0.677 | Train Acc: 76.18  |  Val Loss: 0.747 | Val Acc: 72.76  |  Test Loss: 0.397 | Tes Acc: 88.44
INFO >> Epoch: 12  |  Layer: 12  |  Train Loss: 0.705 | Train Acc: 75.12  |  Val Loss: 0.862 | Val Acc: 69.35  |  Test Loss: 0.484 | Tes Acc: 84.14
INFO >> Epoch: 12  |  Layer: 13  |  Train Loss: 0.678 | Train Acc: 75.65  |  Val Loss: 0.742 | Val Acc: 73.84  |  Test Loss: 0.389 | Tes Acc: 87.63
INFO >> Epoch: 12  |  Layer: 14  |  Train Loss: 0.647 | Train Acc: 77.10  |  Val Loss: 0.723 | Val Acc: 75.09  |  Test Loss: 0.358 | Tes Acc: 88.17
INFO >> Epoch: 12  |  Layer: 15  |  Train Loss: 0.651 | Train Acc: 76.14  |  Val Loss: 0.777 | Val Acc: 73.12  |  Test Loss: 0.389 | Tes Acc: 86.83
INFO >> Epoch: 12  |  Layer: 16  |  Train Loss: 0.645 | Train Acc: 76.43  |  Val Loss: 0.748 | Val Acc: 73.84  |  Test Loss: 0.377 | Tes Acc: 87.63
INFO >> Epoch: 12  |  Layer: 17  |  Train Loss: 0.653 | Train Acc: 76.43  |  Val Loss: 0.764 | Val Acc: 73.66  |  Test Loss: 0.409 | Tes Acc: 87.37
INFO >> Epoch: 12  |  Layer: 18  |  Train Loss: 0.655 | Train Acc: 76.33  |  Val Loss: 0.794 | Val Acc: 71.33  |  Test Loss: 0.426 | Tes Acc: 86.83
INFO >> Epoch: 12  |  Layer: 19  |  Train Loss: 0.661 | Train Acc: 75.85  |  Val Loss: 0.797 | Val Acc: 73.30  |  Test Loss: 0.445 | Tes Acc: 85.75
INFO >> Epoch: 12  |  Layer: 20  |  Train Loss: 0.641 | Train Acc: 77.29  |  Val Loss: 0.749 | Val Acc: 74.73  |  Test Loss: 0.373 | Tes Acc: 89.25
INFO >> Epoch: 12  |  Layer: 21  |  Train Loss: 0.699 | Train Acc: 75.75  |  Val Loss: 0.776 | Val Acc: 73.12  |  Test Loss: 0.416 | Tes Acc: 85.75
INFO >> Epoch: 12  |  Layer: 22  |  Train Loss: 0.824 | Train Acc: 70.24  |  Val Loss: 0.875 | Val Acc: 69.35  |  Test Loss: 0.493 | Tes Acc: 83.60
INFO >> Epoch: 12  |  Layer: 23  |  Train Loss: 1.124 | Train Acc: 58.21  |  Val Loss: 1.155 | Val Acc: 57.53  |  Test Loss: 0.866 | Tes Acc: 70.97
INFO >> Epoch: 12  |  Layer: 24  |  Train Loss: 1.216 | Train Acc: 54.40  |  Val Loss: 1.220 | Val Acc: 52.69  |  Test Loss: 0.924 | Tes Acc: 70.16

INFO >> Epoch: 13  |  Layer:  1  |  Train Loss: 0.909 | Train Acc: 68.65  |  Val Loss: 0.890 | Val Acc: 69.53  |  Test Loss: 0.602 | Tes Acc: 80.65
INFO >> Epoch: 13  |  Layer:  2  |  Train Loss: 0.806 | Train Acc: 72.56  |  Val Loss: 0.808 | Val Acc: 70.79  |  Test Loss: 0.542 | Tes Acc: 82.26
INFO >> Epoch: 13  |  Layer:  3  |  Train Loss: 0.769 | Train Acc: 73.43  |  Val Loss: 0.772 | Val Acc: 70.97  |  Test Loss: 0.498 | Tes Acc: 84.41
INFO >> Epoch: 13  |  Layer:  4  |  Train Loss: 0.694 | Train Acc: 75.65  |  Val Loss: 0.710 | Val Acc: 75.27  |  Test Loss: 0.438 | Tes Acc: 86.83
INFO >> Epoch: 13  |  Layer:  5  |  Train Loss: 0.655 | Train Acc: 77.63  |  Val Loss: 0.712 | Val Acc: 76.88  |  Test Loss: 0.416 | Tes Acc: 87.37
INFO >> Epoch: 13  |  Layer:  6  |  Train Loss: 0.662 | Train Acc: 76.86  |  Val Loss: 0.730 | Val Acc: 75.45  |  Test Loss: 0.450 | Tes Acc: 85.75
INFO >> Epoch: 13  |  Layer:  7  |  Train Loss: 0.647 | Train Acc: 77.10  |  Val Loss: 0.735 | Val Acc: 75.45  |  Test Loss: 0.453 | Tes Acc: 86.02
INFO >> Epoch: 13  |  Layer:  8  |  Train Loss: 0.629 | Train Acc: 78.26  |  Val Loss: 0.711 | Val Acc: 75.81  |  Test Loss: 0.438 | Tes Acc: 85.22
INFO >> Epoch: 13  |  Layer:  9  |  Train Loss: 0.641 | Train Acc: 77.34  |  Val Loss: 0.719 | Val Acc: 75.81  |  Test Loss: 0.464 | Tes Acc: 84.14
INFO >> Epoch: 13  |  Layer: 10  |  Train Loss: 0.665 | Train Acc: 76.47  |  Val Loss: 0.706 | Val Acc: 76.52  |  Test Loss: 0.442 | Tes Acc: 86.29
INFO >> Epoch: 13  |  Layer: 11  |  Train Loss: 0.650 | Train Acc: 76.47  |  Val Loss: 0.711 | Val Acc: 74.55  |  Test Loss: 0.443 | Tes Acc: 86.56
INFO >> Epoch: 13  |  Layer: 12  |  Train Loss: 0.677 | Train Acc: 75.56  |  Val Loss: 0.727 | Val Acc: 74.55  |  Test Loss: 0.432 | Tes Acc: 85.48
INFO >> Epoch: 13  |  Layer: 13  |  Train Loss: 0.622 | Train Acc: 78.21  |  Val Loss: 0.737 | Val Acc: 76.34  |  Test Loss: 0.447 | Tes Acc: 86.02
INFO >> Epoch: 13  |  Layer: 14  |  Train Loss: 0.598 | Train Acc: 78.89  |  Val Loss: 0.722 | Val Acc: 74.91  |  Test Loss: 0.416 | Tes Acc: 86.56
INFO >> Epoch: 13  |  Layer: 15  |  Train Loss: 0.624 | Train Acc: 76.71  |  Val Loss: 0.740 | Val Acc: 74.19  |  Test Loss: 0.442 | Tes Acc: 85.22
INFO >> Epoch: 13  |  Layer: 16  |  Train Loss: 0.622 | Train Acc: 78.26  |  Val Loss: 0.725 | Val Acc: 74.01  |  Test Loss: 0.442 | Tes Acc: 84.95
INFO >> Epoch: 13  |  Layer: 17  |  Train Loss: 0.633 | Train Acc: 77.49  |  Val Loss: 0.723 | Val Acc: 74.19  |  Test Loss: 0.451 | Tes Acc: 84.68
INFO >> Epoch: 13  |  Layer: 18  |  Train Loss: 0.616 | Train Acc: 78.50  |  Val Loss: 0.764 | Val Acc: 74.01  |  Test Loss: 0.452 | Tes Acc: 84.95
INFO >> Epoch: 13  |  Layer: 19  |  Train Loss: 0.620 | Train Acc: 78.50  |  Val Loss: 0.768 | Val Acc: 74.55  |  Test Loss: 0.467 | Tes Acc: 84.95
INFO >> Epoch: 13  |  Layer: 20  |  Train Loss: 0.611 | Train Acc: 79.52  |  Val Loss: 0.730 | Val Acc: 74.73  |  Test Loss: 0.438 | Tes Acc: 84.95
INFO >> Epoch: 13  |  Layer: 21  |  Train Loss: 0.672 | Train Acc: 77.87  |  Val Loss: 0.753 | Val Acc: 75.45  |  Test Loss: 0.427 | Tes Acc: 85.48
INFO >> Epoch: 13  |  Layer: 22  |  Train Loss: 0.801 | Train Acc: 72.22  |  Val Loss: 0.841 | Val Acc: 71.15  |  Test Loss: 0.506 | Tes Acc: 84.68
INFO >> Epoch: 13  |  Layer: 23  |  Train Loss: 1.117 | Train Acc: 59.13  |  Val Loss: 1.151 | Val Acc: 58.06  |  Test Loss: 0.861 | Tes Acc: 71.51
INFO >> Epoch: 13  |  Layer: 24  |  Train Loss: 1.207 | Train Acc: 54.40  |  Val Loss: 1.202 | Val Acc: 59.68  |  Test Loss: 0.962 | Tes Acc: 70.43

INFO >> Epoch: 14  |  Layer:  1  |  Train Loss: 0.914 | Train Acc: 68.26  |  Val Loss: 0.957 | Val Acc: 65.77  |  Test Loss: 0.596 | Tes Acc: 78.23
INFO >> Epoch: 14  |  Layer:  2  |  Train Loss: 0.816 | Train Acc: 71.74  |  Val Loss: 0.974 | Val Acc: 68.64  |  Test Loss: 0.558 | Tes Acc: 82.53
INFO >> Epoch: 14  |  Layer:  3  |  Train Loss: 0.766 | Train Acc: 73.96  |  Val Loss: 0.897 | Val Acc: 70.07  |  Test Loss: 0.504 | Tes Acc: 84.68
INFO >> Epoch: 14  |  Layer:  4  |  Train Loss: 0.684 | Train Acc: 76.91  |  Val Loss: 0.861 | Val Acc: 73.66  |  Test Loss: 0.477 | Tes Acc: 84.41
INFO >> Epoch: 14  |  Layer:  5  |  Train Loss: 0.641 | Train Acc: 78.45  |  Val Loss: 0.899 | Val Acc: 71.51  |  Test Loss: 0.505 | Tes Acc: 84.41
INFO >> Epoch: 14  |  Layer:  6  |  Train Loss: 0.659 | Train Acc: 78.21  |  Val Loss: 0.847 | Val Acc: 72.94  |  Test Loss: 0.478 | Tes Acc: 84.14
INFO >> Epoch: 14  |  Layer:  7  |  Train Loss: 0.630 | Train Acc: 78.50  |  Val Loss: 0.819 | Val Acc: 74.91  |  Test Loss: 0.470 | Tes Acc: 86.02
INFO >> Epoch: 14  |  Layer:  8  |  Train Loss: 0.603 | Train Acc: 79.42  |  Val Loss: 0.759 | Val Acc: 75.27  |  Test Loss: 0.428 | Tes Acc: 86.29
INFO >> Epoch: 14  |  Layer:  9  |  Train Loss: 0.626 | Train Acc: 78.12  |  Val Loss: 0.837 | Val Acc: 72.04  |  Test Loss: 0.494 | Tes Acc: 83.60
INFO >> Epoch: 14  |  Layer: 10  |  Train Loss: 0.640 | Train Acc: 77.83  |  Val Loss: 0.892 | Val Acc: 69.18  |  Test Loss: 0.540 | Tes Acc: 81.18
INFO >> Epoch: 14  |  Layer: 11  |  Train Loss: 0.643 | Train Acc: 77.58  |  Val Loss: 0.853 | Val Acc: 69.89  |  Test Loss: 0.518 | Tes Acc: 81.72
INFO >> Epoch: 14  |  Layer: 12  |  Train Loss: 0.644 | Train Acc: 77.73  |  Val Loss: 0.842 | Val Acc: 71.51  |  Test Loss: 0.490 | Tes Acc: 83.33
INFO >> Epoch: 14  |  Layer: 13  |  Train Loss: 0.618 | Train Acc: 78.74  |  Val Loss: 0.835 | Val Acc: 72.22  |  Test Loss: 0.489 | Tes Acc: 84.95
INFO >> Epoch: 14  |  Layer: 14  |  Train Loss: 0.581 | Train Acc: 79.28  |  Val Loss: 0.788 | Val Acc: 74.73  |  Test Loss: 0.449 | Tes Acc: 87.37
INFO >> Epoch: 14  |  Layer: 15  |  Train Loss: 0.605 | Train Acc: 78.89  |  Val Loss: 0.844 | Val Acc: 71.86  |  Test Loss: 0.489 | Tes Acc: 85.22
INFO >> Epoch: 14  |  Layer: 16  |  Train Loss: 0.599 | Train Acc: 79.42  |  Val Loss: 0.788 | Val Acc: 74.01  |  Test Loss: 0.450 | Tes Acc: 85.75
INFO >> Epoch: 14  |  Layer: 17  |  Train Loss: 0.617 | Train Acc: 78.74  |  Val Loss: 0.788 | Val Acc: 73.66  |  Test Loss: 0.473 | Tes Acc: 84.95
INFO >> Epoch: 14  |  Layer: 18  |  Train Loss: 0.613 | Train Acc: 79.13  |  Val Loss: 0.791 | Val Acc: 73.48  |  Test Loss: 0.444 | Tes Acc: 86.56
INFO >> Epoch: 14  |  Layer: 19  |  Train Loss: 0.620 | Train Acc: 78.07  |  Val Loss: 0.834 | Val Acc: 72.04  |  Test Loss: 0.475 | Tes Acc: 84.95
INFO >> Epoch: 14  |  Layer: 20  |  Train Loss: 0.614 | Train Acc: 78.70  |  Val Loss: 0.799 | Val Acc: 73.12  |  Test Loss: 0.451 | Tes Acc: 86.02
INFO >> Epoch: 14  |  Layer: 21  |  Train Loss: 0.667 | Train Acc: 77.15  |  Val Loss: 0.826 | Val Acc: 73.12  |  Test Loss: 0.465 | Tes Acc: 84.95
INFO >> Epoch: 14  |  Layer: 22  |  Train Loss: 0.798 | Train Acc: 72.75  |  Val Loss: 0.892 | Val Acc: 70.07  |  Test Loss: 0.532 | Tes Acc: 83.06
INFO >> Epoch: 14  |  Layer: 23  |  Train Loss: 1.112 | Train Acc: 60.14  |  Val Loss: 1.144 | Val Acc: 58.60  |  Test Loss: 0.837 | Tes Acc: 71.77
INFO >> Epoch: 14  |  Layer: 24  |  Train Loss: 1.202 | Train Acc: 54.54  |  Val Loss: 1.212 | Val Acc: 53.76  |  Test Loss: 0.895 | Tes Acc: 70.16

INFO >> Epoch: 15  |  Layer:  1  |  Train Loss: 0.923 | Train Acc: 67.05  |  Val Loss: 0.933 | Val Acc: 68.46  |  Test Loss: 0.681 | Tes Acc: 78.76
INFO >> Epoch: 15  |  Layer:  2  |  Train Loss: 0.814 | Train Acc: 71.88  |  Val Loss: 0.791 | Val Acc: 71.15  |  Test Loss: 0.526 | Tes Acc: 85.48
INFO >> Epoch: 15  |  Layer:  3  |  Train Loss: 0.758 | Train Acc: 74.44  |  Val Loss: 0.752 | Val Acc: 74.19  |  Test Loss: 0.494 | Tes Acc: 85.48
INFO >> Epoch: 15  |  Layer:  4  |  Train Loss: 0.665 | Train Acc: 77.87  |  Val Loss: 0.691 | Val Acc: 77.42  |  Test Loss: 0.429 | Tes Acc: 87.90
INFO >> Epoch: 15  |  Layer:  5  |  Train Loss: 0.607 | Train Acc: 79.42  |  Val Loss: 0.683 | Val Acc: 76.70  |  Test Loss: 0.395 | Tes Acc: 89.52
INFO >> Epoch: 15  |  Layer:  6  |  Train Loss: 0.621 | Train Acc: 78.36  |  Val Loss: 0.672 | Val Acc: 76.88  |  Test Loss: 0.383 | Tes Acc: 90.05
INFO >> Epoch: 15  |  Layer:  7  |  Train Loss: 0.604 | Train Acc: 79.23  |  Val Loss: 0.664 | Val Acc: 77.06  |  Test Loss: 0.388 | Tes Acc: 88.17
INFO >> Epoch: 15  |  Layer:  8  |  Train Loss: 0.603 | Train Acc: 79.23  |  Val Loss: 0.655 | Val Acc: 77.96  |  Test Loss: 0.384 | Tes Acc: 89.25
INFO >> Epoch: 15  |  Layer:  9  |  Train Loss: 0.616 | Train Acc: 78.89  |  Val Loss: 0.638 | Val Acc: 78.67  |  Test Loss: 0.377 | Tes Acc: 89.52
INFO >> Epoch: 15  |  Layer: 10  |  Train Loss: 0.629 | Train Acc: 77.92  |  Val Loss: 0.668 | Val Acc: 77.42  |  Test Loss: 0.398 | Tes Acc: 87.63
INFO >> Epoch: 15  |  Layer: 11  |  Train Loss: 0.618 | Train Acc: 78.21  |  Val Loss: 0.659 | Val Acc: 78.14  |  Test Loss: 0.400 | Tes Acc: 87.90
INFO >> Epoch: 15  |  Layer: 12  |  Train Loss: 0.636 | Train Acc: 77.83  |  Val Loss: 0.675 | Val Acc: 75.09  |  Test Loss: 0.385 | Tes Acc: 88.17
INFO >> Epoch: 15  |  Layer: 13  |  Train Loss: 0.606 | Train Acc: 78.79  |  Val Loss: 0.678 | Val Acc: 77.78  |  Test Loss: 0.387 | Tes Acc: 88.71
INFO >> Epoch: 15  |  Layer: 14  |  Train Loss: 0.584 | Train Acc: 79.13  |  Val Loss: 0.692 | Val Acc: 76.52  |  Test Loss: 0.396 | Tes Acc: 86.29
INFO >> Epoch: 15  |  Layer: 15  |  Train Loss: 0.604 | Train Acc: 78.94  |  Val Loss: 0.696 | Val Acc: 75.27  |  Test Loss: 0.399 | Tes Acc: 87.63
INFO >> Epoch: 15  |  Layer: 16  |  Train Loss: 0.603 | Train Acc: 78.74  |  Val Loss: 0.686 | Val Acc: 75.99  |  Test Loss: 0.398 | Tes Acc: 87.63
INFO >> Epoch: 15  |  Layer: 17  |  Train Loss: 0.612 | Train Acc: 78.70  |  Val Loss: 0.694 | Val Acc: 75.99  |  Test Loss: 0.426 | Tes Acc: 86.56
INFO >> Epoch: 15  |  Layer: 18  |  Train Loss: 0.608 | Train Acc: 79.37  |  Val Loss: 0.702 | Val Acc: 77.24  |  Test Loss: 0.393 | Tes Acc: 88.17
INFO >> Epoch: 15  |  Layer: 19  |  Train Loss: 0.612 | Train Acc: 78.60  |  Val Loss: 0.725 | Val Acc: 76.16  |  Test Loss: 0.420 | Tes Acc: 86.83
INFO >> Epoch: 15  |  Layer: 20  |  Train Loss: 0.604 | Train Acc: 79.18  |  Val Loss: 0.713 | Val Acc: 75.99  |  Test Loss: 0.393 | Tes Acc: 88.44
INFO >> Epoch: 15  |  Layer: 21  |  Train Loss: 0.663 | Train Acc: 77.25  |  Val Loss: 0.735 | Val Acc: 75.63  |  Test Loss: 0.409 | Tes Acc: 85.48
INFO >> Epoch: 15  |  Layer: 22  |  Train Loss: 0.781 | Train Acc: 73.04  |  Val Loss: 0.820 | Val Acc: 71.15  |  Test Loss: 0.449 | Tes Acc: 86.02
INFO >> Epoch: 15  |  Layer: 23  |  Train Loss: 1.095 | Train Acc: 59.47  |  Val Loss: 1.130 | Val Acc: 58.42  |  Test Loss: 0.806 | Tes Acc: 72.04
INFO >> Epoch: 15  |  Layer: 24  |  Train Loss: 1.202 | Train Acc: 54.69  |  Val Loss: 1.263 | Val Acc: 49.28  |  Test Loss: 1.005 | Tes Acc: 59.68

INFO >> Epoch: 16  |  Layer:  1  |  Train Loss: 0.897 | Train Acc: 68.94  |  Val Loss: 0.884 | Val Acc: 69.53  |  Test Loss: 0.607 | Tes Acc: 81.45
INFO >> Epoch: 16  |  Layer:  2  |  Train Loss: 0.753 | Train Acc: 73.62  |  Val Loss: 0.778 | Val Acc: 73.66  |  Test Loss: 0.505 | Tes Acc: 86.29
INFO >> Epoch: 16  |  Layer:  3  |  Train Loss: 0.705 | Train Acc: 75.17  |  Val Loss: 0.733 | Val Acc: 75.09  |  Test Loss: 0.496 | Tes Acc: 84.95
INFO >> Epoch: 16  |  Layer:  4  |  Train Loss: 0.633 | Train Acc: 77.68  |  Val Loss: 0.694 | Val Acc: 76.70  |  Test Loss: 0.451 | Tes Acc: 86.56
INFO >> Epoch: 16  |  Layer:  5  |  Train Loss: 0.569 | Train Acc: 81.11  |  Val Loss: 0.678 | Val Acc: 76.52  |  Test Loss: 0.394 | Tes Acc: 89.25
INFO >> Epoch: 16  |  Layer:  6  |  Train Loss: 0.590 | Train Acc: 80.00  |  Val Loss: 0.687 | Val Acc: 75.99  |  Test Loss: 0.404 | Tes Acc: 87.90
INFO >> Epoch: 16  |  Layer:  7  |  Train Loss: 0.567 | Train Acc: 80.58  |  Val Loss: 0.678 | Val Acc: 77.60  |  Test Loss: 0.411 | Tes Acc: 88.17
INFO >> Epoch: 16  |  Layer:  8  |  Train Loss: 0.575 | Train Acc: 79.76  |  Val Loss: 0.668 | Val Acc: 76.52  |  Test Loss: 0.404 | Tes Acc: 88.71
INFO >> Epoch: 16  |  Layer:  9  |  Train Loss: 0.580 | Train Acc: 79.18  |  Val Loss: 0.656 | Val Acc: 77.60  |  Test Loss: 0.404 | Tes Acc: 87.63
INFO >> Epoch: 16  |  Layer: 10  |  Train Loss: 0.593 | Train Acc: 79.42  |  Val Loss: 0.686 | Val Acc: 76.34  |  Test Loss: 0.424 | Tes Acc: 86.02
INFO >> Epoch: 16  |  Layer: 11  |  Train Loss: 0.591 | Train Acc: 79.37  |  Val Loss: 0.692 | Val Acc: 75.45  |  Test Loss: 0.432 | Tes Acc: 87.37
INFO >> Epoch: 16  |  Layer: 12  |  Train Loss: 0.603 | Train Acc: 78.89  |  Val Loss: 0.725 | Val Acc: 74.91  |  Test Loss: 0.445 | Tes Acc: 85.22
INFO >> Epoch: 16  |  Layer: 13  |  Train Loss: 0.571 | Train Acc: 80.05  |  Val Loss: 0.697 | Val Acc: 77.24  |  Test Loss: 0.415 | Tes Acc: 87.63
INFO >> Epoch: 16  |  Layer: 14  |  Train Loss: 0.549 | Train Acc: 80.72  |  Val Loss: 0.681 | Val Acc: 77.06  |  Test Loss: 0.391 | Tes Acc: 87.10
INFO >> Epoch: 16  |  Layer: 15  |  Train Loss: 0.560 | Train Acc: 79.71  |  Val Loss: 0.682 | Val Acc: 76.34  |  Test Loss: 0.410 | Tes Acc: 87.63
INFO >> Epoch: 16  |  Layer: 16  |  Train Loss: 0.553 | Train Acc: 80.87  |  Val Loss: 0.691 | Val Acc: 76.88  |  Test Loss: 0.400 | Tes Acc: 87.37
INFO >> Epoch: 16  |  Layer: 17  |  Train Loss: 0.584 | Train Acc: 79.08  |  Val Loss: 0.702 | Val Acc: 75.99  |  Test Loss: 0.443 | Tes Acc: 86.02
INFO >> Epoch: 16  |  Layer: 18  |  Train Loss: 0.579 | Train Acc: 80.34  |  Val Loss: 0.752 | Val Acc: 75.63  |  Test Loss: 0.458 | Tes Acc: 87.10
INFO >> Epoch: 16  |  Layer: 19  |  Train Loss: 0.583 | Train Acc: 79.81  |  Val Loss: 0.753 | Val Acc: 75.09  |  Test Loss: 0.445 | Tes Acc: 86.02
INFO >> Epoch: 16  |  Layer: 20  |  Train Loss: 0.585 | Train Acc: 79.71  |  Val Loss: 0.710 | Val Acc: 75.99  |  Test Loss: 0.371 | Tes Acc: 87.63
INFO >> Epoch: 16  |  Layer: 21  |  Train Loss: 0.621 | Train Acc: 78.94  |  Val Loss: 0.758 | Val Acc: 76.70  |  Test Loss: 0.399 | Tes Acc: 86.29
INFO >> Epoch: 16  |  Layer: 22  |  Train Loss: 0.760 | Train Acc: 73.57  |  Val Loss: 0.829 | Val Acc: 72.40  |  Test Loss: 0.461 | Tes Acc: 86.56
INFO >> Epoch: 16  |  Layer: 23  |  Train Loss: 1.070 | Train Acc: 61.21  |  Val Loss: 1.111 | Val Acc: 61.65  |  Test Loss: 0.836 | Tes Acc: 74.19
INFO >> Epoch: 16  |  Layer: 24  |  Train Loss: 1.189 | Train Acc: 55.70  |  Val Loss: 1.170 | Val Acc: 56.99  |  Test Loss: 0.889 | Tes Acc: 70.43

INFO >> Epoch: 17  |  Layer:  1  |  Train Loss: 0.890 | Train Acc: 69.03  |  Val Loss: 0.867 | Val Acc: 71.33  |  Test Loss: 0.618 | Tes Acc: 80.65
INFO >> Epoch: 17  |  Layer:  2  |  Train Loss: 0.756 | Train Acc: 74.11  |  Val Loss: 0.822 | Val Acc: 72.22  |  Test Loss: 0.597 | Tes Acc: 80.91
INFO >> Epoch: 17  |  Layer:  3  |  Train Loss: 0.701 | Train Acc: 76.62  |  Val Loss: 0.766 | Val Acc: 74.55  |  Test Loss: 0.525 | Tes Acc: 82.53
INFO >> Epoch: 17  |  Layer:  4  |  Train Loss: 0.615 | Train Acc: 79.57  |  Val Loss: 0.708 | Val Acc: 76.52  |  Test Loss: 0.452 | Tes Acc: 85.22
INFO >> Epoch: 17  |  Layer:  5  |  Train Loss: 0.580 | Train Acc: 81.11  |  Val Loss: 0.696 | Val Acc: 77.60  |  Test Loss: 0.390 | Tes Acc: 88.17
INFO >> Epoch: 17  |  Layer:  6  |  Train Loss: 0.602 | Train Acc: 80.00  |  Val Loss: 0.677 | Val Acc: 78.14  |  Test Loss: 0.373 | Tes Acc: 88.44
INFO >> Epoch: 17  |  Layer:  7  |  Train Loss: 0.599 | Train Acc: 79.57  |  Val Loss: 0.645 | Val Acc: 77.60  |  Test Loss: 0.355 | Tes Acc: 89.78
INFO >> Epoch: 17  |  Layer:  8  |  Train Loss: 0.579 | Train Acc: 80.05  |  Val Loss: 0.639 | Val Acc: 78.14  |  Test Loss: 0.351 | Tes Acc: 89.52
INFO >> Epoch: 17  |  Layer:  9  |  Train Loss: 0.590 | Train Acc: 78.70  |  Val Loss: 0.639 | Val Acc: 77.60  |  Test Loss: 0.368 | Tes Acc: 87.63
INFO >> Epoch: 17  |  Layer: 10  |  Train Loss: 0.626 | Train Acc: 78.99  |  Val Loss: 0.659 | Val Acc: 78.14  |  Test Loss: 0.385 | Tes Acc: 87.90
INFO >> Epoch: 17  |  Layer: 11  |  Train Loss: 0.619 | Train Acc: 78.02  |  Val Loss: 0.657 | Val Acc: 76.88  |  Test Loss: 0.377 | Tes Acc: 88.98
INFO >> Epoch: 17  |  Layer: 12  |  Train Loss: 0.628 | Train Acc: 78.50  |  Val Loss: 0.691 | Val Acc: 75.81  |  Test Loss: 0.410 | Tes Acc: 86.83
INFO >> Epoch: 17  |  Layer: 13  |  Train Loss: 0.592 | Train Acc: 80.24  |  Val Loss: 0.697 | Val Acc: 78.32  |  Test Loss: 0.409 | Tes Acc: 87.90
INFO >> Epoch: 17  |  Layer: 14  |  Train Loss: 0.573 | Train Acc: 79.81  |  Val Loss: 0.692 | Val Acc: 77.06  |  Test Loss: 0.402 | Tes Acc: 87.10
INFO >> Epoch: 17  |  Layer: 15  |  Train Loss: 0.580 | Train Acc: 80.24  |  Val Loss: 0.694 | Val Acc: 75.45  |  Test Loss: 0.407 | Tes Acc: 87.63
INFO >> Epoch: 17  |  Layer: 16  |  Train Loss: 0.575 | Train Acc: 80.24  |  Val Loss: 0.675 | Val Acc: 75.99  |  Test Loss: 0.388 | Tes Acc: 85.75
INFO >> Epoch: 17  |  Layer: 17  |  Train Loss: 0.578 | Train Acc: 80.58  |  Val Loss: 0.680 | Val Acc: 76.70  |  Test Loss: 0.421 | Tes Acc: 86.83
INFO >> Epoch: 17  |  Layer: 18  |  Train Loss: 0.577 | Train Acc: 80.10  |  Val Loss: 0.702 | Val Acc: 77.60  |  Test Loss: 0.396 | Tes Acc: 86.83
INFO >> Epoch: 17  |  Layer: 19  |  Train Loss: 0.585 | Train Acc: 79.28  |  Val Loss: 0.714 | Val Acc: 74.91  |  Test Loss: 0.410 | Tes Acc: 88.17
INFO >> Epoch: 17  |  Layer: 20  |  Train Loss: 0.578 | Train Acc: 79.37  |  Val Loss: 0.709 | Val Acc: 75.45  |  Test Loss: 0.378 | Tes Acc: 87.90
INFO >> Epoch: 17  |  Layer: 21  |  Train Loss: 0.630 | Train Acc: 78.45  |  Val Loss: 0.734 | Val Acc: 75.27  |  Test Loss: 0.400 | Tes Acc: 86.02
INFO >> Epoch: 17  |  Layer: 22  |  Train Loss: 0.770 | Train Acc: 74.06  |  Val Loss: 0.830 | Val Acc: 70.97  |  Test Loss: 0.465 | Tes Acc: 86.29
INFO >> Epoch: 17  |  Layer: 23  |  Train Loss: 1.071 | Train Acc: 60.97  |  Val Loss: 1.102 | Val Acc: 61.83  |  Test Loss: 0.784 | Tes Acc: 73.12
INFO >> Epoch: 17  |  Layer: 24  |  Train Loss: 1.206 | Train Acc: 54.54  |  Val Loss: 1.180 | Val Acc: 56.81  |  Test Loss: 0.913 | Tes Acc: 70.97

INFO >> Epoch: 18  |  Layer:  1  |  Train Loss: 0.870 | Train Acc: 69.71  |  Val Loss: 0.856 | Val Acc: 69.89  |  Test Loss: 0.549 | Tes Acc: 80.65
INFO >> Epoch: 18  |  Layer:  2  |  Train Loss: 0.736 | Train Acc: 75.17  |  Val Loss: 0.810 | Val Acc: 69.18  |  Test Loss: 0.515 | Tes Acc: 83.87
INFO >> Epoch: 18  |  Layer:  3  |  Train Loss: 0.673 | Train Acc: 77.44  |  Val Loss: 0.730 | Val Acc: 73.12  |  Test Loss: 0.481 | Tes Acc: 85.48
INFO >> Epoch: 18  |  Layer:  4  |  Train Loss: 0.602 | Train Acc: 79.81  |  Val Loss: 0.681 | Val Acc: 75.99  |  Test Loss: 0.417 | Tes Acc: 88.17
INFO >> Epoch: 18  |  Layer:  5  |  Train Loss: 0.562 | Train Acc: 81.55  |  Val Loss: 0.671 | Val Acc: 76.16  |  Test Loss: 0.373 | Tes Acc: 89.78
INFO >> Epoch: 18  |  Layer:  6  |  Train Loss: 0.575 | Train Acc: 80.10  |  Val Loss: 0.672 | Val Acc: 75.99  |  Test Loss: 0.377 | Tes Acc: 89.52
INFO >> Epoch: 18  |  Layer:  7  |  Train Loss: 0.551 | Train Acc: 81.11  |  Val Loss: 0.643 | Val Acc: 77.42  |  Test Loss: 0.368 | Tes Acc: 90.05
INFO >> Epoch: 18  |  Layer:  8  |  Train Loss: 0.552 | Train Acc: 80.58  |  Val Loss: 0.648 | Val Acc: 77.60  |  Test Loss: 0.356 | Tes Acc: 90.05
INFO >> Epoch: 18  |  Layer:  9  |  Train Loss: 0.560 | Train Acc: 80.53  |  Val Loss: 0.628 | Val Acc: 77.78  |  Test Loss: 0.350 | Tes Acc: 89.78
INFO >> Epoch: 18  |  Layer: 10  |  Train Loss: 0.580 | Train Acc: 80.00  |  Val Loss: 0.657 | Val Acc: 76.34  |  Test Loss: 0.379 | Tes Acc: 89.52
INFO >> Epoch: 18  |  Layer: 11  |  Train Loss: 0.574 | Train Acc: 80.29  |  Val Loss: 0.646 | Val Acc: 75.81  |  Test Loss: 0.367 | Tes Acc: 88.71
INFO >> Epoch: 18  |  Layer: 12  |  Train Loss: 0.587 | Train Acc: 79.86  |  Val Loss: 0.679 | Val Acc: 75.81  |  Test Loss: 0.377 | Tes Acc: 87.63
INFO >> Epoch: 18  |  Layer: 13  |  Train Loss: 0.554 | Train Acc: 80.97  |  Val Loss: 0.707 | Val Acc: 74.55  |  Test Loss: 0.404 | Tes Acc: 87.37
INFO >> Epoch: 18  |  Layer: 14  |  Train Loss: 0.540 | Train Acc: 80.92  |  Val Loss: 0.695 | Val Acc: 75.81  |  Test Loss: 0.380 | Tes Acc: 86.83
INFO >> Epoch: 18  |  Layer: 15  |  Train Loss: 0.559 | Train Acc: 80.97  |  Val Loss: 0.694 | Val Acc: 76.34  |  Test Loss: 0.392 | Tes Acc: 86.29
INFO >> Epoch: 18  |  Layer: 16  |  Train Loss: 0.560 | Train Acc: 80.82  |  Val Loss: 0.700 | Val Acc: 74.19  |  Test Loss: 0.395 | Tes Acc: 87.37
INFO >> Epoch: 18  |  Layer: 17  |  Train Loss: 0.579 | Train Acc: 79.86  |  Val Loss: 0.692 | Val Acc: 75.81  |  Test Loss: 0.411 | Tes Acc: 87.37
INFO >> Epoch: 18  |  Layer: 18  |  Train Loss: 0.569 | Train Acc: 80.29  |  Val Loss: 0.724 | Val Acc: 77.42  |  Test Loss: 0.398 | Tes Acc: 87.90
INFO >> Epoch: 18  |  Layer: 19  |  Train Loss: 0.576 | Train Acc: 79.37  |  Val Loss: 0.767 | Val Acc: 74.01  |  Test Loss: 0.411 | Tes Acc: 87.63
INFO >> Epoch: 18  |  Layer: 20  |  Train Loss: 0.569 | Train Acc: 80.34  |  Val Loss: 0.750 | Val Acc: 74.91  |  Test Loss: 0.366 | Tes Acc: 87.37
INFO >> Epoch: 18  |  Layer: 21  |  Train Loss: 0.629 | Train Acc: 78.60  |  Val Loss: 0.807 | Val Acc: 73.12  |  Test Loss: 0.400 | Tes Acc: 87.10
INFO >> Epoch: 18  |  Layer: 22  |  Train Loss: 0.748 | Train Acc: 73.43  |  Val Loss: 0.862 | Val Acc: 70.07  |  Test Loss: 0.433 | Tes Acc: 86.29
INFO >> Epoch: 18  |  Layer: 23  |  Train Loss: 1.059 | Train Acc: 62.32  |  Val Loss: 1.106 | Val Acc: 62.19  |  Test Loss: 0.789 | Tes Acc: 74.46
INFO >> Epoch: 18  |  Layer: 24  |  Train Loss: 1.184 | Train Acc: 55.51  |  Val Loss: 1.161 | Val Acc: 56.63  |  Test Loss: 0.865 | Tes Acc: 71.77

INFO >> Epoch: 19  |  Layer:  1  |  Train Loss: 0.859 | Train Acc: 69.47  |  Val Loss: 0.831 | Val Acc: 70.97  |  Test Loss: 0.541 | Tes Acc: 83.33
INFO >> Epoch: 19  |  Layer:  2  |  Train Loss: 0.735 | Train Acc: 74.64  |  Val Loss: 0.775 | Val Acc: 70.79  |  Test Loss: 0.506 | Tes Acc: 85.22
INFO >> Epoch: 19  |  Layer:  3  |  Train Loss: 0.678 | Train Acc: 76.91  |  Val Loss: 0.734 | Val Acc: 74.19  |  Test Loss: 0.483 | Tes Acc: 86.02
INFO >> Epoch: 19  |  Layer:  4  |  Train Loss: 0.591 | Train Acc: 80.05  |  Val Loss: 0.687 | Val Acc: 76.16  |  Test Loss: 0.420 | Tes Acc: 87.90
INFO >> Epoch: 19  |  Layer:  5  |  Train Loss: 0.562 | Train Acc: 80.97  |  Val Loss: 0.673 | Val Acc: 75.45  |  Test Loss: 0.372 | Tes Acc: 88.71
INFO >> Epoch: 19  |  Layer:  6  |  Train Loss: 0.588 | Train Acc: 79.76  |  Val Loss: 0.668 | Val Acc: 76.52  |  Test Loss: 0.368 | Tes Acc: 90.59
INFO >> Epoch: 19  |  Layer:  7  |  Train Loss: 0.560 | Train Acc: 80.58  |  Val Loss: 0.641 | Val Acc: 77.96  |  Test Loss: 0.375 | Tes Acc: 88.98
INFO >> Epoch: 19  |  Layer:  8  |  Train Loss: 0.564 | Train Acc: 80.39  |  Val Loss: 0.629 | Val Acc: 78.67  |  Test Loss: 0.358 | Tes Acc: 90.59
INFO >> Epoch: 19  |  Layer:  9  |  Train Loss: 0.569 | Train Acc: 79.71  |  Val Loss: 0.618 | Val Acc: 77.96  |  Test Loss: 0.365 | Tes Acc: 90.05
INFO >> Epoch: 19  |  Layer: 10  |  Train Loss: 0.591 | Train Acc: 79.28  |  Val Loss: 0.648 | Val Acc: 77.78  |  Test Loss: 0.381 | Tes Acc: 88.44
INFO >> Epoch: 19  |  Layer: 11  |  Train Loss: 0.580 | Train Acc: 79.61  |  Val Loss: 0.635 | Val Acc: 76.70  |  Test Loss: 0.374 | Tes Acc: 89.52
INFO >> Epoch: 19  |  Layer: 12  |  Train Loss: 0.593 | Train Acc: 79.23  |  Val Loss: 0.666 | Val Acc: 76.16  |  Test Loss: 0.381 | Tes Acc: 88.44
INFO >> Epoch: 19  |  Layer: 13  |  Train Loss: 0.571 | Train Acc: 79.52  |  Val Loss: 0.668 | Val Acc: 77.24  |  Test Loss: 0.375 | Tes Acc: 87.90
INFO >> Epoch: 19  |  Layer: 14  |  Train Loss: 0.545 | Train Acc: 79.66  |  Val Loss: 0.674 | Val Acc: 76.52  |  Test Loss: 0.389 | Tes Acc: 87.10
INFO >> Epoch: 19  |  Layer: 15  |  Train Loss: 0.560 | Train Acc: 79.71  |  Val Loss: 0.677 | Val Acc: 76.70  |  Test Loss: 0.401 | Tes Acc: 87.90
INFO >> Epoch: 19  |  Layer: 16  |  Train Loss: 0.555 | Train Acc: 80.19  |  Val Loss: 0.668 | Val Acc: 76.52  |  Test Loss: 0.396 | Tes Acc: 88.44
INFO >> Epoch: 19  |  Layer: 17  |  Train Loss: 0.562 | Train Acc: 79.86  |  Val Loss: 0.673 | Val Acc: 76.34  |  Test Loss: 0.428 | Tes Acc: 86.56
INFO >> Epoch: 19  |  Layer: 18  |  Train Loss: 0.564 | Train Acc: 79.28  |  Val Loss: 0.692 | Val Acc: 76.70  |  Test Loss: 0.409 | Tes Acc: 87.63
INFO >> Epoch: 19  |  Layer: 19  |  Train Loss: 0.578 | Train Acc: 78.94  |  Val Loss: 0.723 | Val Acc: 74.37  |  Test Loss: 0.425 | Tes Acc: 87.63
INFO >> Epoch: 19  |  Layer: 20  |  Train Loss: 0.563 | Train Acc: 79.61  |  Val Loss: 0.710 | Val Acc: 76.16  |  Test Loss: 0.397 | Tes Acc: 88.44
INFO >> Epoch: 19  |  Layer: 21  |  Train Loss: 0.620 | Train Acc: 77.29  |  Val Loss: 0.750 | Val Acc: 75.27  |  Test Loss: 0.406 | Tes Acc: 86.29
INFO >> Epoch: 19  |  Layer: 22  |  Train Loss: 0.741 | Train Acc: 74.11  |  Val Loss: 0.815 | Val Acc: 72.04  |  Test Loss: 0.432 | Tes Acc: 87.90
INFO >> Epoch: 19  |  Layer: 23  |  Train Loss: 1.054 | Train Acc: 61.40  |  Val Loss: 1.097 | Val Acc: 62.37  |  Test Loss: 0.762 | Tes Acc: 76.08
INFO >> Epoch: 19  |  Layer: 24  |  Train Loss: 1.158 | Train Acc: 57.20  |  Val Loss: 1.189 | Val Acc: 53.58  |  Test Loss: 0.853 | Tes Acc: 71.51

INFO >> Epoch: 20  |  Layer:  1  |  Train Loss: 0.847 | Train Acc: 70.97  |  Val Loss: 0.839 | Val Acc: 70.07  |  Test Loss: 0.520 | Tes Acc: 82.26
INFO >> Epoch: 20  |  Layer:  2  |  Train Loss: 0.715 | Train Acc: 76.09  |  Val Loss: 0.768 | Val Acc: 74.01  |  Test Loss: 0.468 | Tes Acc: 85.48
INFO >> Epoch: 20  |  Layer:  3  |  Train Loss: 0.670 | Train Acc: 77.63  |  Val Loss: 0.735 | Val Acc: 75.99  |  Test Loss: 0.449 | Tes Acc: 86.56
INFO >> Epoch: 20  |  Layer:  4  |  Train Loss: 0.584 | Train Acc: 80.10  |  Val Loss: 0.678 | Val Acc: 77.60  |  Test Loss: 0.419 | Tes Acc: 87.63
INFO >> Epoch: 20  |  Layer:  5  |  Train Loss: 0.549 | Train Acc: 81.45  |  Val Loss: 0.684 | Val Acc: 77.06  |  Test Loss: 0.390 | Tes Acc: 88.44
INFO >> Epoch: 20  |  Layer:  6  |  Train Loss: 0.566 | Train Acc: 80.82  |  Val Loss: 0.674 | Val Acc: 76.52  |  Test Loss: 0.388 | Tes Acc: 87.90
INFO >> Epoch: 20  |  Layer:  7  |  Train Loss: 0.541 | Train Acc: 81.40  |  Val Loss: 0.656 | Val Acc: 78.49  |  Test Loss: 0.386 | Tes Acc: 88.17
INFO >> Epoch: 20  |  Layer:  8  |  Train Loss: 0.531 | Train Acc: 80.87  |  Val Loss: 0.647 | Val Acc: 77.96  |  Test Loss: 0.372 | Tes Acc: 88.71
INFO >> Epoch: 20  |  Layer:  9  |  Train Loss: 0.547 | Train Acc: 80.48  |  Val Loss: 0.623 | Val Acc: 77.96  |  Test Loss: 0.368 | Tes Acc: 88.44
INFO >> Epoch: 20  |  Layer: 10  |  Train Loss: 0.567 | Train Acc: 79.95  |  Val Loss: 0.656 | Val Acc: 78.85  |  Test Loss: 0.397 | Tes Acc: 86.83
INFO >> Epoch: 20  |  Layer: 11  |  Train Loss: 0.562 | Train Acc: 80.48  |  Val Loss: 0.660 | Val Acc: 77.42  |  Test Loss: 0.418 | Tes Acc: 86.29
INFO >> Epoch: 20  |  Layer: 12  |  Train Loss: 0.575 | Train Acc: 80.00  |  Val Loss: 0.691 | Val Acc: 76.16  |  Test Loss: 0.418 | Tes Acc: 86.56
INFO >> Epoch: 20  |  Layer: 13  |  Train Loss: 0.538 | Train Acc: 80.97  |  Val Loss: 0.680 | Val Acc: 78.14  |  Test Loss: 0.396 | Tes Acc: 87.63
INFO >> Epoch: 20  |  Layer: 14  |  Train Loss: 0.522 | Train Acc: 81.35  |  Val Loss: 0.656 | Val Acc: 77.78  |  Test Loss: 0.377 | Tes Acc: 87.37
INFO >> Epoch: 20  |  Layer: 15  |  Train Loss: 0.541 | Train Acc: 80.34  |  Val Loss: 0.663 | Val Acc: 75.99  |  Test Loss: 0.393 | Tes Acc: 88.44
INFO >> Epoch: 20  |  Layer: 16  |  Train Loss: 0.533 | Train Acc: 80.87  |  Val Loss: 0.681 | Val Acc: 76.52  |  Test Loss: 0.393 | Tes Acc: 87.10
INFO >> Epoch: 20  |  Layer: 17  |  Train Loss: 0.543 | Train Acc: 81.06  |  Val Loss: 0.671 | Val Acc: 76.88  |  Test Loss: 0.422 | Tes Acc: 86.83
INFO >> Epoch: 20  |  Layer: 18  |  Train Loss: 0.542 | Train Acc: 80.19  |  Val Loss: 0.687 | Val Acc: 78.32  |  Test Loss: 0.406 | Tes Acc: 87.10
INFO >> Epoch: 20  |  Layer: 19  |  Train Loss: 0.542 | Train Acc: 81.16  |  Val Loss: 0.708 | Val Acc: 76.52  |  Test Loss: 0.412 | Tes Acc: 86.83
INFO >> Epoch: 20  |  Layer: 20  |  Train Loss: 0.548 | Train Acc: 81.59  |  Val Loss: 0.698 | Val Acc: 76.34  |  Test Loss: 0.392 | Tes Acc: 87.37
INFO >> Epoch: 20  |  Layer: 21  |  Train Loss: 0.613 | Train Acc: 78.84  |  Val Loss: 0.755 | Val Acc: 74.73  |  Test Loss: 0.445 | Tes Acc: 85.22
INFO >> Epoch: 20  |  Layer: 22  |  Train Loss: 0.733 | Train Acc: 74.69  |  Val Loss: 0.821 | Val Acc: 72.04  |  Test Loss: 0.482 | Tes Acc: 84.68
INFO >> Epoch: 20  |  Layer: 23  |  Train Loss: 1.046 | Train Acc: 62.08  |  Val Loss: 1.072 | Val Acc: 64.52  |  Test Loss: 0.745 | Tes Acc: 73.39
INFO >> Epoch: 20  |  Layer: 24  |  Train Loss: 1.152 | Train Acc: 57.44  |  Val Loss: 1.180 | Val Acc: 54.84  |  Test Loss: 0.861 | Tes Acc: 68.28



INFO >> Time Taken: 1:13:51

INFO >> Layer: 1  |  Best Val Acc: 71.33  |  Best Test Acc: 80.65
INFO >> Layer: 2  |  Best Val Acc: 74.01  |  Best Test Acc: 85.48
INFO >> Layer: 3  |  Best Val Acc: 75.99  |  Best Test Acc: 86.56
INFO >> Layer: 4  |  Best Val Acc: 77.60  |  Best Test Acc: 87.63
INFO >> Layer: 5  |  Best Val Acc: 77.60  |  Best Test Acc: 88.17
INFO >> Layer: 6  |  Best Val Acc: 78.14  |  Best Test Acc: 88.44
INFO >> Layer: 7  |  Best Val Acc: 78.49  |  Best Test Acc: 88.17
INFO >> Layer: 8  |  Best Val Acc: 78.67  |  Best Test Acc: 90.59
INFO >> Layer: 9  |  Best Val Acc: 78.67  |  Best Test Acc: 89.52
INFO >> Layer: 10  |  Best Val Acc: 78.85  |  Best Test Acc: 86.83
INFO >> Layer: 11  |  Best Val Acc: 78.14  |  Best Test Acc: 87.90
INFO >> Layer: 12  |  Best Val Acc: 76.16  |  Best Test Acc: 88.44
INFO >> Layer: 13  |  Best Val Acc: 78.32  |  Best Test Acc: 87.90
INFO >> Layer: 14  |  Best Val Acc: 77.78  |  Best Test Acc: 87.37
INFO >> Layer: 15  |  Best Val Acc: 76.70  |  Best Test Acc: 87.90
INFO >> Layer: 16  |  Best Val Acc: 76.88  |  Best Test Acc: 87.37
INFO >> Layer: 17  |  Best Val Acc: 76.88  |  Best Test Acc: 86.83
INFO >> Layer: 18  |  Best Val Acc: 78.32  |  Best Test Acc: 87.10
INFO >> Layer: 19  |  Best Val Acc: 76.52  |  Best Test Acc: 86.83
INFO >> Layer: 20  |  Best Val Acc: 76.34  |  Best Test Acc: 87.37
INFO >> Layer: 21  |  Best Val Acc: 76.70  |  Best Test Acc: 86.29
INFO >> Layer: 22  |  Best Val Acc: 72.40  |  Best Test Acc: 86.56
INFO >> Layer: 23  |  Best Val Acc: 64.52  |  Best Test Acc: 73.39
INFO >> Layer: 24  |  Best Val Acc: 59.68  |  Best Test Acc: 70.43

DEBUG >> Last state saved

INFO >> History saved (./history/v1.3/ShEMO/WAV2VEC2_LARGE_PROBING/Run2/history.pt)
