
--------------------------------------------------
Multilingual SER System v1.2
--------------------------------------------------
Run Name      : Run4
Fx Model      : WAV2VEC2_LARGE_XLSR
Clf Model     : DENSE
Extract Mode  : gpu_memory
Dataset       : EMOVO
Device        : gpu
Epochs        : 50
Num Workers   : 2
Data Dir      : ./data
History Dir   : ./history
Weights Dir   : ./weights
Log Level     : debug
Purge Cache   : False
Job Name      : Job25
Job Id        : 30703575
GPU           : Quadro RTX 8000
GPU Count     : 1

Timestamp : 2023-03-02 18:33:30.058419

INFO >> Running on CUDA


INFO >> Training Classifier

INFO >> Epoch: 1 |   Train Loss: 57.880 | Train Acc: 20.41 |   Val Loss: 29.007 | Val Acc: 14.29 |   Test Loss: 24.767 | Tes Acc: 14.29
DEBUG >> Best state saved | Val Acc 14.28571492433548 | Test Acc 14.28571492433548

INFO >> Epoch: 2 |   Train Loss: 10.388 | Train Acc: 12.24 |   Val Loss: 7.800 | Val Acc: 14.29 |   Test Loss: 7.640 | Tes Acc: 14.29
INFO >> Epoch: 3 |   Train Loss: 5.011 | Train Acc: 16.67 |   Val Loss: 5.020 | Val Acc: 14.29 |   Test Loss: 3.580 | Tes Acc: 14.29
INFO >> Epoch: 4 |   Train Loss: 3.056 | Train Acc: 15.99 |   Val Loss: 2.912 | Val Acc: 14.29 |   Test Loss: 2.502 | Tes Acc: 14.29
INFO >> Epoch: 5 |   Train Loss: 2.324 | Train Acc: 13.61 |   Val Loss: 2.459 | Val Acc: 14.29 |   Test Loss: 2.432 | Tes Acc: 14.29
INFO >> Epoch: 6 |   Train Loss: 2.277 | Train Acc: 15.65 |   Val Loss: 1.975 | Val Acc: 12.24 |   Test Loss: 2.091 | Tes Acc: 15.31
INFO >> Epoch: 7 |   Train Loss: 2.208 | Train Acc: 10.88 |   Val Loss: 2.017 | Val Acc: 14.29 |   Test Loss: 2.109 | Tes Acc: 14.29
INFO >> Epoch: 8 |   Train Loss: 2.053 | Train Acc: 14.63 |   Val Loss: 2.214 | Val Acc: 14.29 |   Test Loss: 2.158 | Tes Acc: 14.29
INFO >> Epoch: 9 |   Train Loss: 2.215 | Train Acc: 13.61 |   Val Loss: 2.044 | Val Acc: 14.29 |   Test Loss: 2.181 | Tes Acc: 14.80
INFO >> Epoch: 10 |   Train Loss: 2.145 | Train Acc: 10.88 |   Val Loss: 2.195 | Val Acc: 18.37 |   Test Loss: 2.107 | Tes Acc: 14.29
DEBUG >> Best state saved | Val Acc 18.36734712123871 | Test Acc 14.28571492433548

INFO >> Epoch: 11 |   Train Loss: 2.042 | Train Acc: 17.69 |   Val Loss: 3.059 | Val Acc: 14.29 |   Test Loss: 2.815 | Tes Acc: 14.29
INFO >> Epoch: 12 |   Train Loss: 2.381 | Train Acc: 11.90 |   Val Loss: 2.019 | Val Acc: 13.27 |   Test Loss: 2.048 | Tes Acc: 14.80
INFO >> Epoch: 13 |   Train Loss: 2.219 | Train Acc: 17.69 |   Val Loss: 2.132 | Val Acc: 15.31 |   Test Loss: 2.141 | Tes Acc: 14.80
INFO >> Epoch: 14 |   Train Loss: 2.152 | Train Acc: 14.29 |   Val Loss: 2.301 | Val Acc: 15.31 |   Test Loss: 2.238 | Tes Acc: 14.29
INFO >> Epoch: 15 |   Train Loss: 2.040 | Train Acc: 14.97 |   Val Loss: 2.323 | Val Acc: 12.24 |   Test Loss: 2.292 | Tes Acc: 12.76
INFO >> Epoch: 16 |   Train Loss: 2.162 | Train Acc: 18.71 |   Val Loss: 2.294 | Val Acc: 14.29 |   Test Loss: 2.213 | Tes Acc: 13.78
INFO >> Epoch: 17 |   Train Loss: 2.082 | Train Acc: 17.69 |   Val Loss: 2.160 | Val Acc: 14.29 |   Test Loss: 2.107 | Tes Acc: 10.71
INFO >> Epoch: 18 |   Train Loss: 1.973 | Train Acc: 22.11 |   Val Loss: 2.114 | Val Acc: 21.43 |   Test Loss: 2.123 | Tes Acc: 13.27
DEBUG >> Best state saved | Val Acc 21.42857164144516 | Test Acc 13.265305757522583

INFO >> Epoch: 19 |   Train Loss: 1.896 | Train Acc: 21.77 |   Val Loss: 2.479 | Val Acc: 16.33 |   Test Loss: 2.526 | Tes Acc: 14.29
INFO >> Epoch: 20 |   Train Loss: 1.918 | Train Acc: 23.47 |   Val Loss: 2.370 | Val Acc: 15.31 |   Test Loss: 2.268 | Tes Acc: 12.76
INFO >> Epoch: 21 |   Train Loss: 1.913 | Train Acc: 22.45 |   Val Loss: 2.410 | Val Acc: 18.37 |   Test Loss: 2.394 | Tes Acc: 12.76
INFO >> Epoch: 22 |   Train Loss: 1.932 | Train Acc: 25.17 |   Val Loss: 2.196 | Val Acc: 16.33 |   Test Loss: 2.150 | Tes Acc: 17.86
INFO >> Epoch: 23 |   Train Loss: 1.808 | Train Acc: 21.77 |   Val Loss: 2.096 | Val Acc: 22.45 |   Test Loss: 2.120 | Tes Acc: 20.92
DEBUG >> Best state saved | Val Acc 22.448979318141937 | Test Acc 20.91836780309677

INFO >> Epoch: 24 |   Train Loss: 1.852 | Train Acc: 27.89 |   Val Loss: 2.271 | Val Acc: 19.39 |   Test Loss: 2.140 | Tes Acc: 21.94
INFO >> Epoch: 25 |   Train Loss: 1.934 | Train Acc: 27.89 |   Val Loss: 2.437 | Val Acc: 20.41 |   Test Loss: 2.539 | Tes Acc: 15.82
INFO >> Epoch: 26 |   Train Loss: 1.838 | Train Acc: 27.55 |   Val Loss: 2.057 | Val Acc: 25.51 |   Test Loss: 2.058 | Tes Acc: 16.84
DEBUG >> Best state saved | Val Acc 25.51020383834839 | Test Acc 16.836734116077423

INFO >> Epoch: 27 |   Train Loss: 1.694 | Train Acc: 33.67 |   Val Loss: 2.215 | Val Acc: 20.41 |   Test Loss: 2.230 | Tes Acc: 17.86
INFO >> Epoch: 28 |   Train Loss: 1.699 | Train Acc: 33.67 |   Val Loss: 2.039 | Val Acc: 23.47 |   Test Loss: 2.100 | Tes Acc: 24.49
INFO >> Epoch: 29 |   Train Loss: 1.910 | Train Acc: 31.97 |   Val Loss: 2.622 | Val Acc: 24.49 |   Test Loss: 2.607 | Tes Acc: 16.33
INFO >> Epoch: 30 |   Train Loss: 1.745 | Train Acc: 32.99 |   Val Loss: 2.217 | Val Acc: 18.37 |   Test Loss: 2.335 | Tes Acc: 21.43
INFO >> Epoch: 31 |   Train Loss: 1.624 | Train Acc: 34.35 |   Val Loss: 2.453 | Val Acc: 20.41 |   Test Loss: 2.705 | Tes Acc: 15.82
INFO >> Epoch: 32 |   Train Loss: 1.748 | Train Acc: 38.44 |   Val Loss: 2.185 | Val Acc: 28.57 |   Test Loss: 2.336 | Tes Acc: 23.98
DEBUG >> Best state saved | Val Acc 28.57142984867096 | Test Acc 23.979592323303223

INFO >> Epoch: 33 |   Train Loss: 1.627 | Train Acc: 43.20 |   Val Loss: 2.404 | Val Acc: 26.53 |   Test Loss: 2.477 | Tes Acc: 23.98
INFO >> Epoch: 34 |   Train Loss: 1.512 | Train Acc: 41.50 |   Val Loss: 2.109 | Val Acc: 34.69 |   Test Loss: 2.472 | Tes Acc: 25.00
DEBUG >> Best state saved | Val Acc 34.69387888908386 | Test Acc 25.0

INFO >> Epoch: 35 |   Train Loss: 1.397 | Train Acc: 48.64 |   Val Loss: 2.041 | Val Acc: 28.57 |   Test Loss: 2.336 | Tes Acc: 25.00
INFO >> Epoch: 36 |   Train Loss: 1.461 | Train Acc: 50.34 |   Val Loss: 2.161 | Val Acc: 33.67 |   Test Loss: 2.600 | Tes Acc: 22.45
INFO >> Epoch: 37 |   Train Loss: 1.359 | Train Acc: 49.66 |   Val Loss: 2.604 | Val Acc: 22.45 |   Test Loss: 3.051 | Tes Acc: 23.98
INFO >> Epoch: 38 |   Train Loss: 1.333 | Train Acc: 45.92 |   Val Loss: 2.072 | Val Acc: 37.76 |   Test Loss: 2.966 | Tes Acc: 23.98
DEBUG >> Best state saved | Val Acc 37.755101919174194 | Test Acc 23.979592323303223

INFO >> Epoch: 39 |   Train Loss: 1.271 | Train Acc: 52.38 |   Val Loss: 2.495 | Val Acc: 30.61 |   Test Loss: 3.037 | Tes Acc: 26.53
INFO >> Epoch: 40 |   Train Loss: 1.238 | Train Acc: 55.10 |   Val Loss: 2.199 | Val Acc: 37.76 |   Test Loss: 2.996 | Tes Acc: 26.53
INFO >> Epoch: 41 |   Train Loss: 1.153 | Train Acc: 54.08 |   Val Loss: 3.220 | Val Acc: 23.47 |   Test Loss: 4.178 | Tes Acc: 20.92
INFO >> Epoch: 42 |   Train Loss: 1.181 | Train Acc: 56.12 |   Val Loss: 2.070 | Val Acc: 43.88 |   Test Loss: 3.277 | Tes Acc: 27.04
DEBUG >> Best state saved | Val Acc 43.8775509595871 | Test Acc 27.040815353393555

INFO >> Epoch: 43 |   Train Loss: 1.007 | Train Acc: 64.29 |   Val Loss: 2.387 | Val Acc: 39.80 |   Test Loss: 3.512 | Tes Acc: 30.61
INFO >> Epoch: 44 |   Train Loss: 1.113 | Train Acc: 65.65 |   Val Loss: 2.589 | Val Acc: 38.78 |   Test Loss: 3.855 | Tes Acc: 31.63
INFO >> Epoch: 45 |   Train Loss: 1.043 | Train Acc: 65.99 |   Val Loss: 2.390 | Val Acc: 42.86 |   Test Loss: 3.499 | Tes Acc: 29.08
INFO >> Epoch: 46 |   Train Loss: 0.956 | Train Acc: 63.95 |   Val Loss: 2.268 | Val Acc: 40.82 |   Test Loss: 3.004 | Tes Acc: 25.51
INFO >> Epoch: 47 |   Train Loss: 0.830 | Train Acc: 68.37 |   Val Loss: 2.274 | Val Acc: 46.94 |   Test Loss: 3.022 | Tes Acc: 32.65
DEBUG >> Best state saved | Val Acc 46.93877696990967 | Test Acc 32.65306055545807

INFO >> Epoch: 48 |   Train Loss: 0.997 | Train Acc: 69.05 |   Val Loss: 2.176 | Val Acc: 43.88 |   Test Loss: 3.280 | Tes Acc: 27.55
INFO >> Epoch: 49 |   Train Loss: 1.030 | Train Acc: 67.69 |   Val Loss: 2.249 | Val Acc: 43.88 |   Test Loss: 3.031 | Tes Acc: 29.59
INFO >> Epoch: 50 |   Train Loss: 0.880 | Train Acc: 64.97 |   Val Loss: 2.156 | Val Acc: 35.71 |   Test Loss: 2.821 | Tes Acc: 30.61


INFO >> Time Taken: 16:12

INFO >> Best Val Acc : 46.93877696990967 | Best Test Acc : 32.65306055545807

INFO >> Agg. Weights : 
0.11751595884561539 0.18154041469097137 0.2840559482574463 0.14946380257606506 0.06125127896666527 0.18957780301570892 0.37616339325904846 0.28723636269569397 0.24840480089187622 0.022673068568110466 0.04080739989876747 0.04125218093395233 0.09795263409614563 0.16777843236923218 0.3699684739112854 0.20374152064323425 0.0626106783747673 0.25187772512435913 0.2068650722503662 0.029813718050718307 0.11533667892217636 -0.07045944035053253 0.14905238151550293 -0.053965989500284195

DEBUG >> Last state saved | Val Acc 35.71428656578064 | Test Acc 30.612245202064514

INFO >> History saved (./history/v1.2/EMOVO/WAV2VEC2_LARGE_XLSR_DENSE/Run4/history.pt)
