
--------------------------------------------------
Multilingual SER System v1.2
--------------------------------------------------
Run Name      : Run1
Fx Model      : WAV2VEC2_LARGE
Clf Model     : DENSE
Extract Mode  : gpu_memory
Dataset       : AESDD
Device        : gpu
Epochs        : 20
Num Workers   : 2
Data Dir      : ./data
History Dir   : ./history
Weights Dir   : ./weights
Log Level     : debug
Purge Cache   : False
Job Name      : Job143
Job Id        : 30684242
GPU           : Quadro RTX 8000
GPU Count     : 1

Timestamp : 2023-03-02 07:48:04.529348

INFO >> Running on CUDA


INFO >> Training Classifier

INFO >> Epoch: 1 |   Train Loss: 1.605 | Train Acc: 20.81 |   Val Loss: 1.582 | Val Acc: 45.45 |   Test Loss: 1.580 | Tes Acc: 28.50
DEBUG >> Best state saved | Val Acc 45.45454680919647 | Test Acc 28.502416610717773

INFO >> Epoch: 2 |   Train Loss: 1.518 | Train Acc: 27.18 |   Val Loss: 1.463 | Val Acc: 46.46 |   Test Loss: 1.467 | Tes Acc: 44.93
DEBUG >> Best state saved | Val Acc 46.464645862579346 | Test Acc 44.92753744125366

INFO >> Epoch: 3 |   Train Loss: 1.288 | Train Acc: 52.01 |   Val Loss: 1.155 | Val Acc: 60.61 |   Test Loss: 1.266 | Tes Acc: 47.83
DEBUG >> Best state saved | Val Acc 60.60606241226196 | Test Acc 47.826087474823

INFO >> Epoch: 4 |   Train Loss: 0.996 | Train Acc: 55.70 |   Val Loss: 0.946 | Val Acc: 68.69 |   Test Loss: 1.116 | Tes Acc: 50.24
DEBUG >> Best state saved | Val Acc 68.6868667602539 | Test Acc 50.24154782295227

INFO >> Epoch: 5 |   Train Loss: 0.788 | Train Acc: 73.15 |   Val Loss: 0.745 | Val Acc: 76.77 |   Test Loss: 1.010 | Tes Acc: 63.77
DEBUG >> Best state saved | Val Acc 76.76767706871033 | Test Acc 63.76811861991882

INFO >> Epoch: 6 |   Train Loss: 0.656 | Train Acc: 79.53 |   Val Loss: 0.687 | Val Acc: 73.74 |   Test Loss: 0.928 | Tes Acc: 65.22
INFO >> Epoch: 7 |   Train Loss: 0.492 | Train Acc: 82.21 |   Val Loss: 0.667 | Val Acc: 68.69 |   Test Loss: 0.846 | Tes Acc: 71.50
INFO >> Epoch: 8 |   Train Loss: 0.330 | Train Acc: 90.27 |   Val Loss: 0.775 | Val Acc: 64.65 |   Test Loss: 0.835 | Tes Acc: 71.50
INFO >> Epoch: 9 |   Train Loss: 0.228 | Train Acc: 93.62 |   Val Loss: 0.637 | Val Acc: 67.68 |   Test Loss: 0.840 | Tes Acc: 71.01
INFO >> Epoch: 10 |   Train Loss: 0.169 | Train Acc: 96.31 |   Val Loss: 1.156 | Val Acc: 61.62 |   Test Loss: 0.858 | Tes Acc: 71.01
INFO >> Epoch: 11 |   Train Loss: 0.149 | Train Acc: 96.31 |   Val Loss: 1.336 | Val Acc: 58.59 |   Test Loss: 1.338 | Tes Acc: 61.35
INFO >> Epoch: 12 |   Train Loss: 0.206 | Train Acc: 92.62 |   Val Loss: 0.996 | Val Acc: 62.63 |   Test Loss: 1.322 | Tes Acc: 60.87
INFO >> Epoch: 13 |   Train Loss: 0.147 | Train Acc: 94.63 |   Val Loss: 1.207 | Val Acc: 60.61 |   Test Loss: 1.442 | Tes Acc: 61.35
INFO >> Epoch: 14 |   Train Loss: 0.163 | Train Acc: 94.30 |   Val Loss: 0.992 | Val Acc: 66.67 |   Test Loss: 0.939 | Tes Acc: 70.53
INFO >> Epoch: 15 |   Train Loss: 0.092 | Train Acc: 98.66 |   Val Loss: 1.594 | Val Acc: 56.57 |   Test Loss: 0.938 | Tes Acc: 73.91
INFO >> Epoch: 16 |   Train Loss: 0.089 | Train Acc: 97.65 |   Val Loss: 1.715 | Val Acc: 60.61 |   Test Loss: 1.045 | Tes Acc: 68.60
INFO >> Epoch: 17 |   Train Loss: 0.090 | Train Acc: 97.32 |   Val Loss: 1.104 | Val Acc: 64.65 |   Test Loss: 1.369 | Tes Acc: 66.18
INFO >> Epoch: 18 |   Train Loss: 0.045 | Train Acc: 99.33 |   Val Loss: 1.484 | Val Acc: 57.58 |   Test Loss: 1.092 | Tes Acc: 71.50
INFO >> Epoch: 19 |   Train Loss: 0.037 | Train Acc: 99.66 |   Val Loss: 1.360 | Val Acc: 65.66 |   Test Loss: 1.241 | Tes Acc: 69.57
INFO >> Epoch: 20 |   Train Loss: 0.065 | Train Acc: 97.65 |   Val Loss: 1.868 | Val Acc: 54.55 |   Test Loss: 1.181 | Tes Acc: 70.53


INFO >> Time Taken: 07:33

INFO >> Best Val Acc : 76.76767706871033 | Best Test Acc : 63.76811861991882

INFO >> Agg. Weights : 
0.09421733766794205 0.26648378372192383 0.2324122041463852 0.27792876958847046 0.2523443102836609 0.04743814095854759 0.20755133032798767 0.32055291533470154 0.12466946989297867 0.14765380322933197 0.2842676043510437 -0.0910855084657669 -0.23355872929096222 -0.15513649582862854 -0.17122717201709747 0.09420350939035416 -0.20456336438655853 -0.22601111233234406 -0.2667542099952698 -0.13800540566444397 0.17547181248664856 -0.13432615995407104 0.14708483219146729 -0.07709354907274246

DEBUG >> Last state saved | Val Acc 54.54545617103577 | Test Acc 70.53139805793762

INFO >> History saved (./history/v1.2/AESDD/WAV2VEC2_LARGE_DENSE/Run1/history.pt)
