
--------------------------------------------------
Multilingual SER System v1.3
--------------------------------------------------
Run Name      : Run2
Fx Model      : HUBERT_LARGE
Clf Model     : PROBING
Extract Mode  : gpu_memory
Dataset       : IEMOCAP
Device        : gpu
Epochs        : 20
Num Workers   : 2
Data Dir      : ./data
History Dir   : ./history
Weights Dir   : ./weights
Log Level     : debug
Purge Cache   : False
Job Name      : Job195
Job Id        : 30721529
GPU           : Quadro RTX 8000
GPU Count     : 1
GPU Memory    : 44.49 GB

Timestamp : 2023-03-03 07:28:36.265765

INFO >> Running on CUDA


INFO >> Training Classifier

INFO >> Epoch: 1  |  Layer:  1  |  Train Loss: 1.263 | Train Acc: 41.25  |  Val Loss: 1.106 | Val Acc: 46.89  |  Test Loss: 1.176 | Tes Acc: 43.76
INFO >> Epoch: 1  |  Layer:  2  |  Train Loss: 1.245 | Train Acc: 44.68  |  Val Loss: 1.092 | Val Acc: 48.59  |  Test Loss: 1.114 | Tes Acc: 49.47
INFO >> Epoch: 1  |  Layer:  3  |  Train Loss: 1.245 | Train Acc: 45.24  |  Val Loss: 1.048 | Val Acc: 50.40  |  Test Loss: 1.055 | Tes Acc: 53.57
INFO >> Epoch: 1  |  Layer:  4  |  Train Loss: 1.202 | Train Acc: 47.93  |  Val Loss: 0.963 | Val Acc: 55.72  |  Test Loss: 1.112 | Tes Acc: 49.29
INFO >> Epoch: 1  |  Layer:  5  |  Train Loss: 1.255 | Train Acc: 44.30  |  Val Loss: 1.051 | Val Acc: 52.31  |  Test Loss: 1.065 | Tes Acc: 53.65
INFO >> Epoch: 1  |  Layer:  6  |  Train Loss: 1.189 | Train Acc: 48.08  |  Val Loss: 1.009 | Val Acc: 52.61  |  Test Loss: 1.095 | Tes Acc: 49.73
INFO >> Epoch: 1  |  Layer:  7  |  Train Loss: 1.226 | Train Acc: 46.70  |  Val Loss: 1.009 | Val Acc: 50.60  |  Test Loss: 1.134 | Tes Acc: 47.33
INFO >> Epoch: 1  |  Layer:  8  |  Train Loss: 1.245 | Train Acc: 44.13  |  Val Loss: 1.071 | Val Acc: 51.51  |  Test Loss: 1.062 | Tes Acc: 55.26
INFO >> Epoch: 1  |  Layer:  9  |  Train Loss: 1.196 | Train Acc: 47.99  |  Val Loss: 1.042 | Val Acc: 52.61  |  Test Loss: 1.095 | Tes Acc: 50.45
INFO >> Epoch: 1  |  Layer: 10  |  Train Loss: 1.187 | Train Acc: 48.34  |  Val Loss: 0.979 | Val Acc: 52.31  |  Test Loss: 1.138 | Tes Acc: 47.42
INFO >> Epoch: 1  |  Layer: 11  |  Train Loss: 1.189 | Train Acc: 47.73  |  Val Loss: 0.929 | Val Acc: 59.54  |  Test Loss: 1.026 | Tes Acc: 56.15
INFO >> Epoch: 1  |  Layer: 12  |  Train Loss: 1.183 | Train Acc: 49.19  |  Val Loss: 1.071 | Val Acc: 49.50  |  Test Loss: 1.110 | Tes Acc: 47.15
INFO >> Epoch: 1  |  Layer: 13  |  Train Loss: 1.195 | Train Acc: 47.17  |  Val Loss: 0.989 | Val Acc: 54.02  |  Test Loss: 1.108 | Tes Acc: 50.71
INFO >> Epoch: 1  |  Layer: 14  |  Train Loss: 1.258 | Train Acc: 46.09  |  Val Loss: 0.984 | Val Acc: 56.73  |  Test Loss: 1.060 | Tes Acc: 53.21
INFO >> Epoch: 1  |  Layer: 15  |  Train Loss: 1.289 | Train Acc: 45.82  |  Val Loss: 1.057 | Val Acc: 48.59  |  Test Loss: 1.159 | Tes Acc: 42.42
INFO >> Epoch: 1  |  Layer: 16  |  Train Loss: 1.347 | Train Acc: 44.65  |  Val Loss: 1.063 | Val Acc: 44.88  |  Test Loss: 1.245 | Tes Acc: 38.15
INFO >> Epoch: 1  |  Layer: 17  |  Train Loss: 1.362 | Train Acc: 41.66  |  Val Loss: 1.043 | Val Acc: 48.59  |  Test Loss: 1.158 | Tes Acc: 42.96
INFO >> Epoch: 1  |  Layer: 18  |  Train Loss: 1.374 | Train Acc: 42.10  |  Val Loss: 1.134 | Val Acc: 49.30  |  Test Loss: 1.169 | Tes Acc: 45.81
INFO >> Epoch: 1  |  Layer: 19  |  Train Loss: 1.408 | Train Acc: 44.56  |  Val Loss: 0.996 | Val Acc: 53.92  |  Test Loss: 1.056 | Tes Acc: 51.25
INFO >> Epoch: 1  |  Layer: 20  |  Train Loss: 1.358 | Train Acc: 44.24  |  Val Loss: 1.021 | Val Acc: 54.22  |  Test Loss: 0.990 | Tes Acc: 58.02
INFO >> Epoch: 1  |  Layer: 21  |  Train Loss: 1.709 | Train Acc: 41.63  |  Val Loss: 1.095 | Val Acc: 48.69  |  Test Loss: 1.150 | Tes Acc: 43.14
INFO >> Epoch: 1  |  Layer: 22  |  Train Loss: 2.385 | Train Acc: 38.59  |  Val Loss: 1.101 | Val Acc: 51.31  |  Test Loss: 1.332 | Tes Acc: 42.87
INFO >> Epoch: 1  |  Layer: 23  |  Train Loss: 2.342 | Train Acc: 40.58  |  Val Loss: 1.101 | Val Acc: 49.60  |  Test Loss: 1.017 | Tes Acc: 57.40
INFO >> Epoch: 1  |  Layer: 24  |  Train Loss: 3.414 | Train Acc: 35.89  |  Val Loss: 1.322 | Val Acc: 39.76  |  Test Loss: 1.412 | Tes Acc: 34.67

INFO >> Epoch: 2  |  Layer:  1  |  Train Loss: 1.160 | Train Acc: 45.53  |  Val Loss: 1.129 | Val Acc: 45.78  |  Test Loss: 1.167 | Tes Acc: 46.08
INFO >> Epoch: 2  |  Layer:  2  |  Train Loss: 1.081 | Train Acc: 52.71  |  Val Loss: 1.001 | Val Acc: 56.83  |  Test Loss: 1.147 | Tes Acc: 48.22
INFO >> Epoch: 2  |  Layer:  3  |  Train Loss: 1.037 | Train Acc: 54.09  |  Val Loss: 0.937 | Val Acc: 59.24  |  Test Loss: 1.106 | Tes Acc: 52.41
INFO >> Epoch: 2  |  Layer:  4  |  Train Loss: 1.054 | Train Acc: 54.59  |  Val Loss: 0.925 | Val Acc: 60.24  |  Test Loss: 1.071 | Tes Acc: 53.83
INFO >> Epoch: 2  |  Layer:  5  |  Train Loss: 1.019 | Train Acc: 55.20  |  Val Loss: 0.935 | Val Acc: 59.74  |  Test Loss: 1.124 | Tes Acc: 51.87
INFO >> Epoch: 2  |  Layer:  6  |  Train Loss: 1.026 | Train Acc: 55.49  |  Val Loss: 0.948 | Val Acc: 57.93  |  Test Loss: 1.020 | Tes Acc: 58.47
INFO >> Epoch: 2  |  Layer:  7  |  Train Loss: 1.074 | Train Acc: 53.44  |  Val Loss: 0.999 | Val Acc: 58.33  |  Test Loss: 1.164 | Tes Acc: 50.27
INFO >> Epoch: 2  |  Layer:  8  |  Train Loss: 1.051 | Train Acc: 55.20  |  Val Loss: 0.942 | Val Acc: 57.63  |  Test Loss: 1.044 | Tes Acc: 55.35
INFO >> Epoch: 2  |  Layer:  9  |  Train Loss: 1.048 | Train Acc: 54.67  |  Val Loss: 0.944 | Val Acc: 58.13  |  Test Loss: 0.990 | Tes Acc: 58.02
INFO >> Epoch: 2  |  Layer: 10  |  Train Loss: 1.019 | Train Acc: 57.43  |  Val Loss: 0.948 | Val Acc: 58.94  |  Test Loss: 0.940 | Tes Acc: 61.14
INFO >> Epoch: 2  |  Layer: 11  |  Train Loss: 0.996 | Train Acc: 58.57  |  Val Loss: 0.879 | Val Acc: 63.05  |  Test Loss: 0.990 | Tes Acc: 59.27
INFO >> Epoch: 2  |  Layer: 12  |  Train Loss: 1.018 | Train Acc: 57.37  |  Val Loss: 0.863 | Val Acc: 64.16  |  Test Loss: 1.028 | Tes Acc: 56.86
INFO >> Epoch: 2  |  Layer: 13  |  Train Loss: 1.010 | Train Acc: 56.87  |  Val Loss: 0.874 | Val Acc: 63.35  |  Test Loss: 1.119 | Tes Acc: 51.60
INFO >> Epoch: 2  |  Layer: 14  |  Train Loss: 1.041 | Train Acc: 54.76  |  Val Loss: 0.948 | Val Acc: 57.73  |  Test Loss: 1.031 | Tes Acc: 55.79
INFO >> Epoch: 2  |  Layer: 15  |  Train Loss: 1.040 | Train Acc: 56.08  |  Val Loss: 0.888 | Val Acc: 62.55  |  Test Loss: 1.047 | Tes Acc: 54.10
INFO >> Epoch: 2  |  Layer: 16  |  Train Loss: 1.082 | Train Acc: 55.08  |  Val Loss: 0.974 | Val Acc: 58.03  |  Test Loss: 1.126 | Tes Acc: 51.16
INFO >> Epoch: 2  |  Layer: 17  |  Train Loss: 1.079 | Train Acc: 53.91  |  Val Loss: 0.942 | Val Acc: 61.85  |  Test Loss: 1.114 | Tes Acc: 51.25
INFO >> Epoch: 2  |  Layer: 18  |  Train Loss: 1.089 | Train Acc: 52.42  |  Val Loss: 0.959 | Val Acc: 59.04  |  Test Loss: 1.124 | Tes Acc: 50.62
INFO >> Epoch: 2  |  Layer: 19  |  Train Loss: 1.073 | Train Acc: 56.26  |  Val Loss: 0.899 | Val Acc: 60.54  |  Test Loss: 0.962 | Tes Acc: 59.98
INFO >> Epoch: 2  |  Layer: 20  |  Train Loss: 1.040 | Train Acc: 56.52  |  Val Loss: 1.098 | Val Acc: 48.90  |  Test Loss: 1.073 | Tes Acc: 54.28
INFO >> Epoch: 2  |  Layer: 21  |  Train Loss: 1.080 | Train Acc: 55.02  |  Val Loss: 1.025 | Val Acc: 55.22  |  Test Loss: 0.953 | Tes Acc: 58.29
INFO >> Epoch: 2  |  Layer: 22  |  Train Loss: 1.268 | Train Acc: 49.63  |  Val Loss: 0.943 | Val Acc: 60.24  |  Test Loss: 0.938 | Tes Acc: 59.63
INFO >> Epoch: 2  |  Layer: 23  |  Train Loss: 1.052 | Train Acc: 55.02  |  Val Loss: 0.890 | Val Acc: 60.44  |  Test Loss: 0.931 | Tes Acc: 60.16
INFO >> Epoch: 2  |  Layer: 24  |  Train Loss: 1.219 | Train Acc: 48.20  |  Val Loss: 1.061 | Val Acc: 52.31  |  Test Loss: 1.054 | Tes Acc: 55.61

INFO >> Epoch: 3  |  Layer:  1  |  Train Loss: 1.147 | Train Acc: 46.18  |  Val Loss: 1.103 | Val Acc: 47.69  |  Test Loss: 1.151 | Tes Acc: 44.92
INFO >> Epoch: 3  |  Layer:  2  |  Train Loss: 1.043 | Train Acc: 53.97  |  Val Loss: 0.979 | Val Acc: 55.62  |  Test Loss: 1.046 | Tes Acc: 54.19
INFO >> Epoch: 3  |  Layer:  3  |  Train Loss: 0.988 | Train Acc: 55.29  |  Val Loss: 0.940 | Val Acc: 56.93  |  Test Loss: 0.975 | Tes Acc: 57.93
INFO >> Epoch: 3  |  Layer:  4  |  Train Loss: 0.992 | Train Acc: 55.76  |  Val Loss: 0.915 | Val Acc: 59.64  |  Test Loss: 0.986 | Tes Acc: 56.86
INFO >> Epoch: 3  |  Layer:  5  |  Train Loss: 0.994 | Train Acc: 56.28  |  Val Loss: 0.918 | Val Acc: 59.34  |  Test Loss: 0.996 | Tes Acc: 56.86
INFO >> Epoch: 3  |  Layer:  6  |  Train Loss: 0.976 | Train Acc: 56.31  |  Val Loss: 0.912 | Val Acc: 59.24  |  Test Loss: 0.982 | Tes Acc: 57.75
INFO >> Epoch: 3  |  Layer:  7  |  Train Loss: 1.009 | Train Acc: 55.08  |  Val Loss: 1.007 | Val Acc: 54.02  |  Test Loss: 0.997 | Tes Acc: 57.22
INFO >> Epoch: 3  |  Layer:  8  |  Train Loss: 0.981 | Train Acc: 56.90  |  Val Loss: 0.970 | Val Acc: 55.42  |  Test Loss: 1.043 | Tes Acc: 53.83
INFO >> Epoch: 3  |  Layer:  9  |  Train Loss: 0.967 | Train Acc: 57.69  |  Val Loss: 0.938 | Val Acc: 57.63  |  Test Loss: 0.988 | Tes Acc: 57.31
INFO >> Epoch: 3  |  Layer: 10  |  Train Loss: 0.947 | Train Acc: 59.13  |  Val Loss: 0.894 | Val Acc: 60.74  |  Test Loss: 0.941 | Tes Acc: 58.91
INFO >> Epoch: 3  |  Layer: 11  |  Train Loss: 0.967 | Train Acc: 58.37  |  Val Loss: 0.901 | Val Acc: 59.34  |  Test Loss: 0.960 | Tes Acc: 59.27
INFO >> Epoch: 3  |  Layer: 12  |  Train Loss: 0.952 | Train Acc: 58.57  |  Val Loss: 0.948 | Val Acc: 58.53  |  Test Loss: 0.986 | Tes Acc: 56.42
INFO >> Epoch: 3  |  Layer: 13  |  Train Loss: 0.979 | Train Acc: 57.93  |  Val Loss: 0.935 | Val Acc: 58.23  |  Test Loss: 1.036 | Tes Acc: 54.81
INFO >> Epoch: 3  |  Layer: 14  |  Train Loss: 0.987 | Train Acc: 55.82  |  Val Loss: 0.942 | Val Acc: 57.23  |  Test Loss: 0.952 | Tes Acc: 60.16
INFO >> Epoch: 3  |  Layer: 15  |  Train Loss: 1.014 | Train Acc: 56.14  |  Val Loss: 0.933 | Val Acc: 58.63  |  Test Loss: 0.987 | Tes Acc: 56.42
INFO >> Epoch: 3  |  Layer: 16  |  Train Loss: 1.051 | Train Acc: 54.70  |  Val Loss: 1.004 | Val Acc: 52.91  |  Test Loss: 1.029 | Tes Acc: 57.93
INFO >> Epoch: 3  |  Layer: 17  |  Train Loss: 1.022 | Train Acc: 55.67  |  Val Loss: 0.956 | Val Acc: 57.93  |  Test Loss: 0.977 | Tes Acc: 56.60
INFO >> Epoch: 3  |  Layer: 18  |  Train Loss: 1.046 | Train Acc: 55.32  |  Val Loss: 0.959 | Val Acc: 56.73  |  Test Loss: 0.975 | Tes Acc: 59.80
INFO >> Epoch: 3  |  Layer: 19  |  Train Loss: 0.989 | Train Acc: 57.52  |  Val Loss: 0.976 | Val Acc: 57.93  |  Test Loss: 1.010 | Tes Acc: 59.98
INFO >> Epoch: 3  |  Layer: 20  |  Train Loss: 0.986 | Train Acc: 57.34  |  Val Loss: 0.880 | Val Acc: 61.24  |  Test Loss: 0.894 | Tes Acc: 61.85
INFO >> Epoch: 3  |  Layer: 21  |  Train Loss: 1.100 | Train Acc: 53.62  |  Val Loss: 1.020 | Val Acc: 52.81  |  Test Loss: 1.016 | Tes Acc: 55.88
INFO >> Epoch: 3  |  Layer: 22  |  Train Loss: 1.135 | Train Acc: 52.51  |  Val Loss: 0.965 | Val Acc: 57.63  |  Test Loss: 0.969 | Tes Acc: 57.40
INFO >> Epoch: 3  |  Layer: 23  |  Train Loss: 1.098 | Train Acc: 53.85  |  Val Loss: 1.041 | Val Acc: 55.42  |  Test Loss: 0.984 | Tes Acc: 60.16
INFO >> Epoch: 3  |  Layer: 24  |  Train Loss: 1.098 | Train Acc: 52.18  |  Val Loss: 1.026 | Val Acc: 52.41  |  Test Loss: 1.019 | Tes Acc: 55.17

INFO >> Epoch: 4  |  Layer:  1  |  Train Loss: 1.128 | Train Acc: 47.03  |  Val Loss: 1.038 | Val Acc: 54.42  |  Test Loss: 1.154 | Tes Acc: 50.00
INFO >> Epoch: 4  |  Layer:  2  |  Train Loss: 1.030 | Train Acc: 54.59  |  Val Loss: 0.948 | Val Acc: 57.73  |  Test Loss: 1.194 | Tes Acc: 50.71
INFO >> Epoch: 4  |  Layer:  3  |  Train Loss: 0.976 | Train Acc: 57.46  |  Val Loss: 0.910 | Val Acc: 57.53  |  Test Loss: 1.150 | Tes Acc: 54.63
INFO >> Epoch: 4  |  Layer:  4  |  Train Loss: 0.971 | Train Acc: 58.04  |  Val Loss: 0.889 | Val Acc: 59.84  |  Test Loss: 1.064 | Tes Acc: 56.60
INFO >> Epoch: 4  |  Layer:  5  |  Train Loss: 0.962 | Train Acc: 57.93  |  Val Loss: 0.883 | Val Acc: 61.85  |  Test Loss: 1.127 | Tes Acc: 57.22
INFO >> Epoch: 4  |  Layer:  6  |  Train Loss: 0.938 | Train Acc: 59.30  |  Val Loss: 0.882 | Val Acc: 62.05  |  Test Loss: 1.123 | Tes Acc: 54.19
INFO >> Epoch: 4  |  Layer:  7  |  Train Loss: 0.967 | Train Acc: 58.34  |  Val Loss: 0.889 | Val Acc: 61.55  |  Test Loss: 1.088 | Tes Acc: 54.63
INFO >> Epoch: 4  |  Layer:  8  |  Train Loss: 0.956 | Train Acc: 59.04  |  Val Loss: 0.879 | Val Acc: 61.04  |  Test Loss: 1.161 | Tes Acc: 50.71
INFO >> Epoch: 4  |  Layer:  9  |  Train Loss: 0.925 | Train Acc: 60.33  |  Val Loss: 0.877 | Val Acc: 62.25  |  Test Loss: 1.080 | Tes Acc: 58.20
INFO >> Epoch: 4  |  Layer: 10  |  Train Loss: 0.889 | Train Acc: 62.26  |  Val Loss: 0.844 | Val Acc: 64.66  |  Test Loss: 1.083 | Tes Acc: 58.38
INFO >> Epoch: 4  |  Layer: 11  |  Train Loss: 0.897 | Train Acc: 61.21  |  Val Loss: 0.824 | Val Acc: 64.26  |  Test Loss: 1.113 | Tes Acc: 56.33
INFO >> Epoch: 4  |  Layer: 12  |  Train Loss: 0.897 | Train Acc: 62.29  |  Val Loss: 0.814 | Val Acc: 64.36  |  Test Loss: 1.162 | Tes Acc: 53.83
INFO >> Epoch: 4  |  Layer: 13  |  Train Loss: 0.915 | Train Acc: 60.56  |  Val Loss: 0.830 | Val Acc: 65.56  |  Test Loss: 1.038 | Tes Acc: 58.29
INFO >> Epoch: 4  |  Layer: 14  |  Train Loss: 0.920 | Train Acc: 60.50  |  Val Loss: 0.826 | Val Acc: 63.86  |  Test Loss: 1.104 | Tes Acc: 54.81
INFO >> Epoch: 4  |  Layer: 15  |  Train Loss: 0.932 | Train Acc: 60.24  |  Val Loss: 0.881 | Val Acc: 61.65  |  Test Loss: 1.106 | Tes Acc: 56.42
INFO >> Epoch: 4  |  Layer: 16  |  Train Loss: 0.985 | Train Acc: 58.72  |  Val Loss: 0.934 | Val Acc: 59.64  |  Test Loss: 1.212 | Tes Acc: 52.94
INFO >> Epoch: 4  |  Layer: 17  |  Train Loss: 0.993 | Train Acc: 57.08  |  Val Loss: 0.878 | Val Acc: 63.96  |  Test Loss: 1.073 | Tes Acc: 56.06
INFO >> Epoch: 4  |  Layer: 18  |  Train Loss: 0.976 | Train Acc: 58.42  |  Val Loss: 0.856 | Val Acc: 65.66  |  Test Loss: 0.987 | Tes Acc: 60.78
INFO >> Epoch: 4  |  Layer: 19  |  Train Loss: 0.987 | Train Acc: 60.01  |  Val Loss: 0.851 | Val Acc: 63.65  |  Test Loss: 1.055 | Tes Acc: 56.42
INFO >> Epoch: 4  |  Layer: 20  |  Train Loss: 0.963 | Train Acc: 59.33  |  Val Loss: 0.860 | Val Acc: 62.05  |  Test Loss: 0.955 | Tes Acc: 59.45
INFO >> Epoch: 4  |  Layer: 21  |  Train Loss: 0.959 | Train Acc: 59.95  |  Val Loss: 0.904 | Val Acc: 61.65  |  Test Loss: 1.108 | Tes Acc: 57.22
INFO >> Epoch: 4  |  Layer: 22  |  Train Loss: 1.121 | Train Acc: 54.73  |  Val Loss: 1.311 | Val Acc: 52.71  |  Test Loss: 1.367 | Tes Acc: 52.14
INFO >> Epoch: 4  |  Layer: 23  |  Train Loss: 0.963 | Train Acc: 58.57  |  Val Loss: 0.996 | Val Acc: 55.32  |  Test Loss: 1.205 | Tes Acc: 54.37
INFO >> Epoch: 4  |  Layer: 24  |  Train Loss: 1.078 | Train Acc: 53.68  |  Val Loss: 1.110 | Val Acc: 53.11  |  Test Loss: 1.349 | Tes Acc: 46.43

INFO >> Epoch: 5  |  Layer:  1  |  Train Loss: 1.081 | Train Acc: 51.66  |  Val Loss: 1.032 | Val Acc: 51.81  |  Test Loss: 1.132 | Tes Acc: 45.54
INFO >> Epoch: 5  |  Layer:  2  |  Train Loss: 0.995 | Train Acc: 56.69  |  Val Loss: 0.916 | Val Acc: 57.23  |  Test Loss: 1.080 | Tes Acc: 52.41
INFO >> Epoch: 5  |  Layer:  3  |  Train Loss: 0.963 | Train Acc: 57.84  |  Val Loss: 0.893 | Val Acc: 58.23  |  Test Loss: 1.048 | Tes Acc: 54.46
INFO >> Epoch: 5  |  Layer:  4  |  Train Loss: 0.944 | Train Acc: 60.24  |  Val Loss: 0.874 | Val Acc: 60.04  |  Test Loss: 0.985 | Tes Acc: 57.58
INFO >> Epoch: 5  |  Layer:  5  |  Train Loss: 0.989 | Train Acc: 58.28  |  Val Loss: 0.867 | Val Acc: 60.94  |  Test Loss: 1.025 | Tes Acc: 56.86
INFO >> Epoch: 5  |  Layer:  6  |  Train Loss: 0.937 | Train Acc: 59.86  |  Val Loss: 0.882 | Val Acc: 57.93  |  Test Loss: 1.141 | Tes Acc: 50.98
INFO >> Epoch: 5  |  Layer:  7  |  Train Loss: 0.950 | Train Acc: 59.07  |  Val Loss: 0.953 | Val Acc: 55.92  |  Test Loss: 1.162 | Tes Acc: 50.98
INFO >> Epoch: 5  |  Layer:  8  |  Train Loss: 0.951 | Train Acc: 59.57  |  Val Loss: 0.862 | Val Acc: 60.94  |  Test Loss: 1.012 | Tes Acc: 56.15
INFO >> Epoch: 5  |  Layer:  9  |  Train Loss: 0.916 | Train Acc: 61.03  |  Val Loss: 0.845 | Val Acc: 61.24  |  Test Loss: 0.967 | Tes Acc: 57.04
INFO >> Epoch: 5  |  Layer: 10  |  Train Loss: 0.848 | Train Acc: 64.02  |  Val Loss: 0.850 | Val Acc: 58.73  |  Test Loss: 1.109 | Tes Acc: 52.41
INFO >> Epoch: 5  |  Layer: 11  |  Train Loss: 0.864 | Train Acc: 63.84  |  Val Loss: 0.904 | Val Acc: 57.83  |  Test Loss: 1.209 | Tes Acc: 49.29
INFO >> Epoch: 5  |  Layer: 12  |  Train Loss: 0.864 | Train Acc: 63.55  |  Val Loss: 0.943 | Val Acc: 58.23  |  Test Loss: 1.280 | Tes Acc: 49.29
INFO >> Epoch: 5  |  Layer: 13  |  Train Loss: 0.898 | Train Acc: 62.26  |  Val Loss: 0.881 | Val Acc: 61.75  |  Test Loss: 1.042 | Tes Acc: 55.26
INFO >> Epoch: 5  |  Layer: 14  |  Train Loss: 0.935 | Train Acc: 60.47  |  Val Loss: 0.905 | Val Acc: 59.64  |  Test Loss: 1.108 | Tes Acc: 53.39
INFO >> Epoch: 5  |  Layer: 15  |  Train Loss: 0.934 | Train Acc: 60.21  |  Val Loss: 0.877 | Val Acc: 59.84  |  Test Loss: 1.069 | Tes Acc: 52.05
INFO >> Epoch: 5  |  Layer: 16  |  Train Loss: 0.946 | Train Acc: 59.68  |  Val Loss: 0.914 | Val Acc: 56.93  |  Test Loss: 1.134 | Tes Acc: 49.02
INFO >> Epoch: 5  |  Layer: 17  |  Train Loss: 0.962 | Train Acc: 59.65  |  Val Loss: 0.897 | Val Acc: 56.02  |  Test Loss: 1.043 | Tes Acc: 51.96
INFO >> Epoch: 5  |  Layer: 18  |  Train Loss: 0.973 | Train Acc: 58.72  |  Val Loss: 0.953 | Val Acc: 58.33  |  Test Loss: 1.154 | Tes Acc: 50.00
INFO >> Epoch: 5  |  Layer: 19  |  Train Loss: 0.922 | Train Acc: 61.35  |  Val Loss: 0.875 | Val Acc: 61.85  |  Test Loss: 0.982 | Tes Acc: 56.68
INFO >> Epoch: 5  |  Layer: 20  |  Train Loss: 0.909 | Train Acc: 61.56  |  Val Loss: 0.869 | Val Acc: 60.54  |  Test Loss: 1.078 | Tes Acc: 52.94
INFO >> Epoch: 5  |  Layer: 21  |  Train Loss: 0.923 | Train Acc: 60.50  |  Val Loss: 0.815 | Val Acc: 63.86  |  Test Loss: 1.004 | Tes Acc: 55.61
INFO >> Epoch: 5  |  Layer: 22  |  Train Loss: 1.049 | Train Acc: 56.17  |  Val Loss: 1.053 | Val Acc: 53.31  |  Test Loss: 1.279 | Tes Acc: 47.24
INFO >> Epoch: 5  |  Layer: 23  |  Train Loss: 0.941 | Train Acc: 59.98  |  Val Loss: 0.889 | Val Acc: 60.74  |  Test Loss: 1.000 | Tes Acc: 55.70
INFO >> Epoch: 5  |  Layer: 24  |  Train Loss: 0.986 | Train Acc: 56.67  |  Val Loss: 1.025 | Val Acc: 53.41  |  Test Loss: 1.197 | Tes Acc: 46.79

INFO >> Epoch: 6  |  Layer:  1  |  Train Loss: 1.061 | Train Acc: 51.42  |  Val Loss: 1.041 | Val Acc: 51.41  |  Test Loss: 1.133 | Tes Acc: 47.77
INFO >> Epoch: 6  |  Layer:  2  |  Train Loss: 0.936 | Train Acc: 59.98  |  Val Loss: 0.924 | Val Acc: 59.44  |  Test Loss: 1.016 | Tes Acc: 55.17
INFO >> Epoch: 6  |  Layer:  3  |  Train Loss: 0.911 | Train Acc: 60.86  |  Val Loss: 0.923 | Val Acc: 58.84  |  Test Loss: 0.979 | Tes Acc: 59.09
INFO >> Epoch: 6  |  Layer:  4  |  Train Loss: 0.914 | Train Acc: 59.98  |  Val Loss: 0.896 | Val Acc: 59.04  |  Test Loss: 0.942 | Tes Acc: 60.16
INFO >> Epoch: 6  |  Layer:  5  |  Train Loss: 0.895 | Train Acc: 61.38  |  Val Loss: 0.944 | Val Acc: 58.13  |  Test Loss: 1.009 | Tes Acc: 58.29
INFO >> Epoch: 6  |  Layer:  6  |  Train Loss: 0.882 | Train Acc: 61.73  |  Val Loss: 0.908 | Val Acc: 60.04  |  Test Loss: 0.929 | Tes Acc: 61.41
INFO >> Epoch: 6  |  Layer:  7  |  Train Loss: 0.888 | Train Acc: 61.91  |  Val Loss: 0.956 | Val Acc: 57.43  |  Test Loss: 0.984 | Tes Acc: 58.91
INFO >> Epoch: 6  |  Layer:  8  |  Train Loss: 0.870 | Train Acc: 62.99  |  Val Loss: 0.912 | Val Acc: 60.14  |  Test Loss: 0.950 | Tes Acc: 59.89
INFO >> Epoch: 6  |  Layer:  9  |  Train Loss: 0.873 | Train Acc: 62.09  |  Val Loss: 0.916 | Val Acc: 60.34  |  Test Loss: 0.925 | Tes Acc: 60.61
INFO >> Epoch: 6  |  Layer: 10  |  Train Loss: 0.823 | Train Acc: 65.40  |  Val Loss: 0.916 | Val Acc: 61.35  |  Test Loss: 0.908 | Tes Acc: 62.39
INFO >> Epoch: 6  |  Layer: 11  |  Train Loss: 0.847 | Train Acc: 64.28  |  Val Loss: 0.908 | Val Acc: 62.65  |  Test Loss: 0.907 | Tes Acc: 62.21
INFO >> Epoch: 6  |  Layer: 12  |  Train Loss: 0.846 | Train Acc: 64.90  |  Val Loss: 0.909 | Val Acc: 61.85  |  Test Loss: 0.948 | Tes Acc: 60.25
INFO >> Epoch: 6  |  Layer: 13  |  Train Loss: 0.864 | Train Acc: 62.94  |  Val Loss: 0.899 | Val Acc: 60.54  |  Test Loss: 0.931 | Tes Acc: 62.66
INFO >> Epoch: 6  |  Layer: 14  |  Train Loss: 0.896 | Train Acc: 61.68  |  Val Loss: 0.950 | Val Acc: 59.44  |  Test Loss: 0.985 | Tes Acc: 59.36
INFO >> Epoch: 6  |  Layer: 15  |  Train Loss: 0.891 | Train Acc: 61.91  |  Val Loss: 0.882 | Val Acc: 61.85  |  Test Loss: 0.936 | Tes Acc: 60.34
INFO >> Epoch: 6  |  Layer: 16  |  Train Loss: 0.901 | Train Acc: 60.83  |  Val Loss: 0.921 | Val Acc: 60.74  |  Test Loss: 0.950 | Tes Acc: 57.58
INFO >> Epoch: 6  |  Layer: 17  |  Train Loss: 0.943 | Train Acc: 58.95  |  Val Loss: 0.939 | Val Acc: 59.24  |  Test Loss: 0.944 | Tes Acc: 56.60
INFO >> Epoch: 6  |  Layer: 18  |  Train Loss: 0.893 | Train Acc: 62.12  |  Val Loss: 0.928 | Val Acc: 59.64  |  Test Loss: 0.898 | Tes Acc: 60.52
INFO >> Epoch: 6  |  Layer: 19  |  Train Loss: 0.862 | Train Acc: 63.58  |  Val Loss: 0.972 | Val Acc: 60.34  |  Test Loss: 0.925 | Tes Acc: 61.85
INFO >> Epoch: 6  |  Layer: 20  |  Train Loss: 0.855 | Train Acc: 63.55  |  Val Loss: 0.997 | Val Acc: 58.73  |  Test Loss: 0.884 | Tes Acc: 61.94
INFO >> Epoch: 6  |  Layer: 21  |  Train Loss: 0.848 | Train Acc: 64.78  |  Val Loss: 0.909 | Val Acc: 60.24  |  Test Loss: 0.871 | Tes Acc: 62.39
INFO >> Epoch: 6  |  Layer: 22  |  Train Loss: 1.011 | Train Acc: 58.39  |  Val Loss: 0.930 | Val Acc: 58.73  |  Test Loss: 0.858 | Tes Acc: 62.66
INFO >> Epoch: 6  |  Layer: 23  |  Train Loss: 0.848 | Train Acc: 63.23  |  Val Loss: 0.926 | Val Acc: 60.94  |  Test Loss: 0.921 | Tes Acc: 60.78
INFO >> Epoch: 6  |  Layer: 24  |  Train Loss: 0.937 | Train Acc: 58.95  |  Val Loss: 1.007 | Val Acc: 56.33  |  Test Loss: 1.081 | Tes Acc: 59.45

INFO >> Epoch: 7  |  Layer:  1  |  Train Loss: 1.028 | Train Acc: 54.03  |  Val Loss: 1.039 | Val Acc: 52.21  |  Test Loss: 1.175 | Tes Acc: 49.11
INFO >> Epoch: 7  |  Layer:  2  |  Train Loss: 0.937 | Train Acc: 59.42  |  Val Loss: 1.077 | Val Acc: 54.42  |  Test Loss: 1.215 | Tes Acc: 50.18
INFO >> Epoch: 7  |  Layer:  3  |  Train Loss: 0.943 | Train Acc: 60.12  |  Val Loss: 1.190 | Val Acc: 53.11  |  Test Loss: 1.297 | Tes Acc: 48.57
INFO >> Epoch: 7  |  Layer:  4  |  Train Loss: 0.864 | Train Acc: 63.32  |  Val Loss: 1.027 | Val Acc: 56.83  |  Test Loss: 1.183 | Tes Acc: 53.48
INFO >> Epoch: 7  |  Layer:  5  |  Train Loss: 0.916 | Train Acc: 60.21  |  Val Loss: 0.949 | Val Acc: 57.13  |  Test Loss: 1.102 | Tes Acc: 55.88
INFO >> Epoch: 7  |  Layer:  6  |  Train Loss: 0.873 | Train Acc: 62.53  |  Val Loss: 0.980 | Val Acc: 54.62  |  Test Loss: 1.113 | Tes Acc: 52.32
INFO >> Epoch: 7  |  Layer:  7  |  Train Loss: 0.895 | Train Acc: 62.32  |  Val Loss: 0.932 | Val Acc: 56.63  |  Test Loss: 1.052 | Tes Acc: 55.97
INFO >> Epoch: 7  |  Layer:  8  |  Train Loss: 0.876 | Train Acc: 61.88  |  Val Loss: 0.880 | Val Acc: 61.24  |  Test Loss: 1.022 | Tes Acc: 58.56
INFO >> Epoch: 7  |  Layer:  9  |  Train Loss: 0.865 | Train Acc: 62.58  |  Val Loss: 0.863 | Val Acc: 61.24  |  Test Loss: 1.012 | Tes Acc: 57.66
INFO >> Epoch: 7  |  Layer: 10  |  Train Loss: 0.827 | Train Acc: 64.37  |  Val Loss: 0.793 | Val Acc: 66.47  |  Test Loss: 0.937 | Tes Acc: 64.35
INFO >> Epoch: 7  |  Layer: 11  |  Train Loss: 0.834 | Train Acc: 63.79  |  Val Loss: 0.791 | Val Acc: 64.86  |  Test Loss: 0.990 | Tes Acc: 61.50
INFO >> Epoch: 7  |  Layer: 12  |  Train Loss: 0.820 | Train Acc: 65.05  |  Val Loss: 0.785 | Val Acc: 66.06  |  Test Loss: 0.954 | Tes Acc: 61.76
INFO >> Epoch: 7  |  Layer: 13  |  Train Loss: 0.842 | Train Acc: 63.73  |  Val Loss: 0.803 | Val Acc: 65.56  |  Test Loss: 0.993 | Tes Acc: 60.34
INFO >> Epoch: 7  |  Layer: 14  |  Train Loss: 0.858 | Train Acc: 64.25  |  Val Loss: 0.791 | Val Acc: 66.16  |  Test Loss: 0.989 | Tes Acc: 60.70
INFO >> Epoch: 7  |  Layer: 15  |  Train Loss: 0.866 | Train Acc: 63.35  |  Val Loss: 0.853 | Val Acc: 62.65  |  Test Loss: 1.049 | Tes Acc: 56.51
INFO >> Epoch: 7  |  Layer: 16  |  Train Loss: 0.893 | Train Acc: 61.38  |  Val Loss: 0.890 | Val Acc: 58.33  |  Test Loss: 1.113 | Tes Acc: 52.41
INFO >> Epoch: 7  |  Layer: 17  |  Train Loss: 0.894 | Train Acc: 62.50  |  Val Loss: 0.825 | Val Acc: 61.24  |  Test Loss: 1.027 | Tes Acc: 54.90
INFO >> Epoch: 7  |  Layer: 18  |  Train Loss: 0.964 | Train Acc: 59.71  |  Val Loss: 0.830 | Val Acc: 65.56  |  Test Loss: 0.932 | Tes Acc: 60.43
INFO >> Epoch: 7  |  Layer: 19  |  Train Loss: 0.875 | Train Acc: 61.91  |  Val Loss: 0.808 | Val Acc: 65.56  |  Test Loss: 0.934 | Tes Acc: 62.21
INFO >> Epoch: 7  |  Layer: 20  |  Train Loss: 0.855 | Train Acc: 63.17  |  Val Loss: 0.816 | Val Acc: 64.36  |  Test Loss: 0.955 | Tes Acc: 61.85
INFO >> Epoch: 7  |  Layer: 21  |  Train Loss: 0.862 | Train Acc: 63.29  |  Val Loss: 0.798 | Val Acc: 66.87  |  Test Loss: 0.921 | Tes Acc: 61.50
INFO >> Epoch: 7  |  Layer: 22  |  Train Loss: 0.997 | Train Acc: 58.60  |  Val Loss: 0.941 | Val Acc: 54.92  |  Test Loss: 1.149 | Tes Acc: 46.97
INFO >> Epoch: 7  |  Layer: 23  |  Train Loss: 0.883 | Train Acc: 62.14  |  Val Loss: 0.847 | Val Acc: 62.75  |  Test Loss: 1.032 | Tes Acc: 58.11
INFO >> Epoch: 7  |  Layer: 24  |  Train Loss: 0.956 | Train Acc: 59.92  |  Val Loss: 0.891 | Val Acc: 58.63  |  Test Loss: 1.070 | Tes Acc: 54.99

INFO >> Epoch: 8  |  Layer:  1  |  Train Loss: 1.047 | Train Acc: 53.03  |  Val Loss: 0.997 | Val Acc: 53.82  |  Test Loss: 1.180 | Tes Acc: 45.01
INFO >> Epoch: 8  |  Layer:  2  |  Train Loss: 0.950 | Train Acc: 59.39  |  Val Loss: 1.090 | Val Acc: 50.10  |  Test Loss: 1.105 | Tes Acc: 51.60
INFO >> Epoch: 8  |  Layer:  3  |  Train Loss: 0.910 | Train Acc: 60.97  |  Val Loss: 0.898 | Val Acc: 58.13  |  Test Loss: 1.133 | Tes Acc: 52.32
INFO >> Epoch: 8  |  Layer:  4  |  Train Loss: 0.903 | Train Acc: 61.03  |  Val Loss: 0.872 | Val Acc: 60.34  |  Test Loss: 1.089 | Tes Acc: 53.39
INFO >> Epoch: 8  |  Layer:  5  |  Train Loss: 0.879 | Train Acc: 62.26  |  Val Loss: 0.831 | Val Acc: 65.16  |  Test Loss: 1.006 | Tes Acc: 58.02
INFO >> Epoch: 8  |  Layer:  6  |  Train Loss: 0.865 | Train Acc: 63.38  |  Val Loss: 0.832 | Val Acc: 60.94  |  Test Loss: 1.030 | Tes Acc: 55.70
INFO >> Epoch: 8  |  Layer:  7  |  Train Loss: 0.874 | Train Acc: 62.53  |  Val Loss: 0.926 | Val Acc: 55.22  |  Test Loss: 1.092 | Tes Acc: 54.72
INFO >> Epoch: 8  |  Layer:  8  |  Train Loss: 0.862 | Train Acc: 63.99  |  Val Loss: 0.834 | Val Acc: 61.95  |  Test Loss: 1.044 | Tes Acc: 55.88
INFO >> Epoch: 8  |  Layer:  9  |  Train Loss: 0.838 | Train Acc: 64.55  |  Val Loss: 0.844 | Val Acc: 63.15  |  Test Loss: 0.908 | Tes Acc: 61.32
INFO >> Epoch: 8  |  Layer: 10  |  Train Loss: 0.790 | Train Acc: 66.45  |  Val Loss: 0.771 | Val Acc: 65.96  |  Test Loss: 1.001 | Tes Acc: 60.25
INFO >> Epoch: 8  |  Layer: 11  |  Train Loss: 0.805 | Train Acc: 66.13  |  Val Loss: 0.782 | Val Acc: 65.36  |  Test Loss: 0.969 | Tes Acc: 59.45
INFO >> Epoch: 8  |  Layer: 12  |  Train Loss: 0.805 | Train Acc: 65.25  |  Val Loss: 0.772 | Val Acc: 65.56  |  Test Loss: 1.021 | Tes Acc: 57.93
INFO >> Epoch: 8  |  Layer: 13  |  Train Loss: 0.807 | Train Acc: 65.81  |  Val Loss: 0.757 | Val Acc: 67.47  |  Test Loss: 1.033 | Tes Acc: 58.56
INFO >> Epoch: 8  |  Layer: 14  |  Train Loss: 0.821 | Train Acc: 65.84  |  Val Loss: 0.835 | Val Acc: 61.04  |  Test Loss: 1.101 | Tes Acc: 52.76
INFO >> Epoch: 8  |  Layer: 15  |  Train Loss: 0.850 | Train Acc: 63.84  |  Val Loss: 0.785 | Val Acc: 65.86  |  Test Loss: 0.976 | Tes Acc: 60.25
INFO >> Epoch: 8  |  Layer: 16  |  Train Loss: 0.881 | Train Acc: 62.20  |  Val Loss: 0.800 | Val Acc: 64.06  |  Test Loss: 0.994 | Tes Acc: 58.38
INFO >> Epoch: 8  |  Layer: 17  |  Train Loss: 0.885 | Train Acc: 63.11  |  Val Loss: 0.812 | Val Acc: 64.76  |  Test Loss: 0.944 | Tes Acc: 58.29
INFO >> Epoch: 8  |  Layer: 18  |  Train Loss: 0.868 | Train Acc: 62.94  |  Val Loss: 0.802 | Val Acc: 66.06  |  Test Loss: 0.953 | Tes Acc: 59.00
INFO >> Epoch: 8  |  Layer: 19  |  Train Loss: 0.833 | Train Acc: 64.61  |  Val Loss: 0.784 | Val Acc: 65.36  |  Test Loss: 0.911 | Tes Acc: 59.98
INFO >> Epoch: 8  |  Layer: 20  |  Train Loss: 0.833 | Train Acc: 64.40  |  Val Loss: 0.786 | Val Acc: 66.16  |  Test Loss: 0.980 | Tes Acc: 56.42
INFO >> Epoch: 8  |  Layer: 21  |  Train Loss: 0.841 | Train Acc: 63.93  |  Val Loss: 0.778 | Val Acc: 67.87  |  Test Loss: 0.893 | Tes Acc: 61.32
INFO >> Epoch: 8  |  Layer: 22  |  Train Loss: 0.903 | Train Acc: 62.23  |  Val Loss: 0.883 | Val Acc: 60.34  |  Test Loss: 0.902 | Tes Acc: 59.71
INFO >> Epoch: 8  |  Layer: 23  |  Train Loss: 0.859 | Train Acc: 63.64  |  Val Loss: 0.816 | Val Acc: 64.26  |  Test Loss: 1.038 | Tes Acc: 54.55
INFO >> Epoch: 8  |  Layer: 24  |  Train Loss: 0.912 | Train Acc: 60.01  |  Val Loss: 0.848 | Val Acc: 63.86  |  Test Loss: 0.983 | Tes Acc: 58.20

INFO >> Epoch: 9  |  Layer:  1  |  Train Loss: 1.034 | Train Acc: 53.53  |  Val Loss: 0.964 | Val Acc: 55.82  |  Test Loss: 1.095 | Tes Acc: 52.58
INFO >> Epoch: 9  |  Layer:  2  |  Train Loss: 0.942 | Train Acc: 59.45  |  Val Loss: 0.942 | Val Acc: 57.23  |  Test Loss: 1.076 | Tes Acc: 54.10
INFO >> Epoch: 9  |  Layer:  3  |  Train Loss: 0.900 | Train Acc: 61.24  |  Val Loss: 0.935 | Val Acc: 59.24  |  Test Loss: 0.991 | Tes Acc: 58.91
INFO >> Epoch: 9  |  Layer:  4  |  Train Loss: 0.922 | Train Acc: 61.79  |  Val Loss: 0.909 | Val Acc: 56.43  |  Test Loss: 1.068 | Tes Acc: 53.65
INFO >> Epoch: 9  |  Layer:  5  |  Train Loss: 0.898 | Train Acc: 61.76  |  Val Loss: 0.931 | Val Acc: 57.13  |  Test Loss: 1.024 | Tes Acc: 57.31
INFO >> Epoch: 9  |  Layer:  6  |  Train Loss: 0.864 | Train Acc: 63.26  |  Val Loss: 0.882 | Val Acc: 62.25  |  Test Loss: 0.951 | Tes Acc: 59.89
INFO >> Epoch: 9  |  Layer:  7  |  Train Loss: 0.872 | Train Acc: 62.61  |  Val Loss: 0.856 | Val Acc: 62.15  |  Test Loss: 0.969 | Tes Acc: 61.14
INFO >> Epoch: 9  |  Layer:  8  |  Train Loss: 0.882 | Train Acc: 62.44  |  Val Loss: 0.933 | Val Acc: 58.33  |  Test Loss: 0.937 | Tes Acc: 61.68
INFO >> Epoch: 9  |  Layer:  9  |  Train Loss: 0.864 | Train Acc: 64.25  |  Val Loss: 0.913 | Val Acc: 60.34  |  Test Loss: 0.900 | Tes Acc: 64.26
INFO >> Epoch: 9  |  Layer: 10  |  Train Loss: 0.796 | Train Acc: 66.74  |  Val Loss: 0.792 | Val Acc: 66.37  |  Test Loss: 0.882 | Tes Acc: 65.15
INFO >> Epoch: 9  |  Layer: 11  |  Train Loss: 0.803 | Train Acc: 67.33  |  Val Loss: 0.832 | Val Acc: 65.06  |  Test Loss: 0.899 | Tes Acc: 65.06
INFO >> Epoch: 9  |  Layer: 12  |  Train Loss: 0.791 | Train Acc: 67.27  |  Val Loss: 0.750 | Val Acc: 68.27  |  Test Loss: 0.976 | Tes Acc: 63.37
INFO >> Epoch: 9  |  Layer: 13  |  Train Loss: 0.816 | Train Acc: 66.45  |  Val Loss: 0.851 | Val Acc: 62.75  |  Test Loss: 0.974 | Tes Acc: 60.16
INFO >> Epoch: 9  |  Layer: 14  |  Train Loss: 0.845 | Train Acc: 64.52  |  Val Loss: 0.838 | Val Acc: 62.35  |  Test Loss: 0.955 | Tes Acc: 61.41
INFO >> Epoch: 9  |  Layer: 15  |  Train Loss: 0.834 | Train Acc: 64.96  |  Val Loss: 0.883 | Val Acc: 61.14  |  Test Loss: 0.933 | Tes Acc: 61.05
INFO >> Epoch: 9  |  Layer: 16  |  Train Loss: 0.864 | Train Acc: 63.99  |  Val Loss: 0.923 | Val Acc: 57.53  |  Test Loss: 1.010 | Tes Acc: 57.31
INFO >> Epoch: 9  |  Layer: 17  |  Train Loss: 0.848 | Train Acc: 65.16  |  Val Loss: 0.877 | Val Acc: 63.05  |  Test Loss: 0.879 | Tes Acc: 62.12
INFO >> Epoch: 9  |  Layer: 18  |  Train Loss: 0.875 | Train Acc: 64.31  |  Val Loss: 0.834 | Val Acc: 64.96  |  Test Loss: 0.920 | Tes Acc: 62.21
INFO >> Epoch: 9  |  Layer: 19  |  Train Loss: 0.818 | Train Acc: 65.81  |  Val Loss: 0.856 | Val Acc: 62.85  |  Test Loss: 0.861 | Tes Acc: 62.75
INFO >> Epoch: 9  |  Layer: 20  |  Train Loss: 0.830 | Train Acc: 64.75  |  Val Loss: 0.858 | Val Acc: 64.56  |  Test Loss: 0.837 | Tes Acc: 63.99
INFO >> Epoch: 9  |  Layer: 21  |  Train Loss: 0.855 | Train Acc: 64.20  |  Val Loss: 0.883 | Val Acc: 62.05  |  Test Loss: 0.865 | Tes Acc: 62.66
INFO >> Epoch: 9  |  Layer: 22  |  Train Loss: 0.852 | Train Acc: 64.05  |  Val Loss: 0.897 | Val Acc: 61.04  |  Test Loss: 0.849 | Tes Acc: 64.44
INFO >> Epoch: 9  |  Layer: 23  |  Train Loss: 0.865 | Train Acc: 63.11  |  Val Loss: 0.818 | Val Acc: 64.66  |  Test Loss: 0.852 | Tes Acc: 64.44
INFO >> Epoch: 9  |  Layer: 24  |  Train Loss: 0.907 | Train Acc: 60.77  |  Val Loss: 0.887 | Val Acc: 59.84  |  Test Loss: 0.980 | Tes Acc: 58.82

INFO >> Epoch: 10  |  Layer:  1  |  Train Loss: 1.014 | Train Acc: 54.20  |  Val Loss: 0.966 | Val Acc: 54.72  |  Test Loss: 1.092 | Tes Acc: 50.53
INFO >> Epoch: 10  |  Layer:  2  |  Train Loss: 0.916 | Train Acc: 62.61  |  Val Loss: 0.864 | Val Acc: 62.35  |  Test Loss: 1.027 | Tes Acc: 57.13
INFO >> Epoch: 10  |  Layer:  3  |  Train Loss: 0.889 | Train Acc: 62.23  |  Val Loss: 0.850 | Val Acc: 62.75  |  Test Loss: 1.060 | Tes Acc: 55.61
INFO >> Epoch: 10  |  Layer:  4  |  Train Loss: 0.899 | Train Acc: 61.94  |  Val Loss: 0.865 | Val Acc: 61.85  |  Test Loss: 1.098 | Tes Acc: 53.21
INFO >> Epoch: 10  |  Layer:  5  |  Train Loss: 0.889 | Train Acc: 62.26  |  Val Loss: 0.833 | Val Acc: 63.25  |  Test Loss: 1.067 | Tes Acc: 55.35
INFO >> Epoch: 10  |  Layer:  6  |  Train Loss: 0.871 | Train Acc: 63.67  |  Val Loss: 0.836 | Val Acc: 61.95  |  Test Loss: 1.045 | Tes Acc: 55.26
INFO >> Epoch: 10  |  Layer:  7  |  Train Loss: 0.888 | Train Acc: 62.44  |  Val Loss: 0.832 | Val Acc: 63.35  |  Test Loss: 1.052 | Tes Acc: 55.79
INFO >> Epoch: 10  |  Layer:  8  |  Train Loss: 0.869 | Train Acc: 62.76  |  Val Loss: 0.848 | Val Acc: 61.24  |  Test Loss: 1.074 | Tes Acc: 54.99
INFO >> Epoch: 10  |  Layer:  9  |  Train Loss: 0.866 | Train Acc: 63.20  |  Val Loss: 0.823 | Val Acc: 61.65  |  Test Loss: 1.049 | Tes Acc: 55.53
INFO >> Epoch: 10  |  Layer: 10  |  Train Loss: 0.829 | Train Acc: 65.25  |  Val Loss: 0.811 | Val Acc: 62.35  |  Test Loss: 1.028 | Tes Acc: 57.93
INFO >> Epoch: 10  |  Layer: 11  |  Train Loss: 0.853 | Train Acc: 63.73  |  Val Loss: 0.777 | Val Acc: 65.46  |  Test Loss: 0.930 | Tes Acc: 62.03
INFO >> Epoch: 10  |  Layer: 12  |  Train Loss: 0.838 | Train Acc: 65.02  |  Val Loss: 0.809 | Val Acc: 62.25  |  Test Loss: 1.093 | Tes Acc: 55.26
INFO >> Epoch: 10  |  Layer: 13  |  Train Loss: 0.848 | Train Acc: 64.40  |  Val Loss: 0.852 | Val Acc: 60.14  |  Test Loss: 1.124 | Tes Acc: 54.46
INFO >> Epoch: 10  |  Layer: 14  |  Train Loss: 0.859 | Train Acc: 63.08  |  Val Loss: 0.840 | Val Acc: 59.64  |  Test Loss: 1.150 | Tes Acc: 53.57
INFO >> Epoch: 10  |  Layer: 15  |  Train Loss: 0.856 | Train Acc: 64.11  |  Val Loss: 0.853 | Val Acc: 59.44  |  Test Loss: 1.156 | Tes Acc: 51.60
INFO >> Epoch: 10  |  Layer: 16  |  Train Loss: 0.888 | Train Acc: 62.47  |  Val Loss: 0.844 | Val Acc: 59.44  |  Test Loss: 1.086 | Tes Acc: 53.83
INFO >> Epoch: 10  |  Layer: 17  |  Train Loss: 0.902 | Train Acc: 61.18  |  Val Loss: 0.822 | Val Acc: 61.65  |  Test Loss: 1.027 | Tes Acc: 54.28
INFO >> Epoch: 10  |  Layer: 18  |  Train Loss: 0.868 | Train Acc: 63.61  |  Val Loss: 0.841 | Val Acc: 61.24  |  Test Loss: 1.008 | Tes Acc: 55.53
INFO >> Epoch: 10  |  Layer: 19  |  Train Loss: 0.856 | Train Acc: 63.76  |  Val Loss: 0.833 | Val Acc: 62.85  |  Test Loss: 1.049 | Tes Acc: 54.81
INFO >> Epoch: 10  |  Layer: 20  |  Train Loss: 0.864 | Train Acc: 63.84  |  Val Loss: 0.794 | Val Acc: 63.96  |  Test Loss: 1.046 | Tes Acc: 54.19
INFO >> Epoch: 10  |  Layer: 21  |  Train Loss: 0.852 | Train Acc: 64.05  |  Val Loss: 0.826 | Val Acc: 62.65  |  Test Loss: 1.023 | Tes Acc: 54.63
INFO >> Epoch: 10  |  Layer: 22  |  Train Loss: 0.939 | Train Acc: 60.65  |  Val Loss: 0.900 | Val Acc: 57.13  |  Test Loss: 1.175 | Tes Acc: 48.40
INFO >> Epoch: 10  |  Layer: 23  |  Train Loss: 0.859 | Train Acc: 63.76  |  Val Loss: 0.868 | Val Acc: 60.44  |  Test Loss: 1.010 | Tes Acc: 55.35
INFO >> Epoch: 10  |  Layer: 24  |  Train Loss: 0.952 | Train Acc: 60.80  |  Val Loss: 0.896 | Val Acc: 56.93  |  Test Loss: 1.078 | Tes Acc: 52.67

INFO >> Epoch: 11  |  Layer:  1  |  Train Loss: 1.009 | Train Acc: 55.85  |  Val Loss: 0.972 | Val Acc: 56.93  |  Test Loss: 1.063 | Tes Acc: 56.15
INFO >> Epoch: 11  |  Layer:  2  |  Train Loss: 0.902 | Train Acc: 61.88  |  Val Loss: 0.950 | Val Acc: 58.73  |  Test Loss: 1.047 | Tes Acc: 56.68
INFO >> Epoch: 11  |  Layer:  3  |  Train Loss: 0.836 | Train Acc: 64.99  |  Val Loss: 0.858 | Val Acc: 61.35  |  Test Loss: 1.064 | Tes Acc: 56.51
INFO >> Epoch: 11  |  Layer:  4  |  Train Loss: 0.839 | Train Acc: 64.46  |  Val Loss: 0.856 | Val Acc: 63.05  |  Test Loss: 1.049 | Tes Acc: 58.20
INFO >> Epoch: 11  |  Layer:  5  |  Train Loss: 0.842 | Train Acc: 64.64  |  Val Loss: 0.828 | Val Acc: 63.05  |  Test Loss: 0.996 | Tes Acc: 59.54
INFO >> Epoch: 11  |  Layer:  6  |  Train Loss: 0.834 | Train Acc: 64.78  |  Val Loss: 0.826 | Val Acc: 64.26  |  Test Loss: 1.055 | Tes Acc: 58.47
INFO >> Epoch: 11  |  Layer:  7  |  Train Loss: 0.831 | Train Acc: 65.22  |  Val Loss: 0.856 | Val Acc: 62.55  |  Test Loss: 1.003 | Tes Acc: 59.98
INFO >> Epoch: 11  |  Layer:  8  |  Train Loss: 0.831 | Train Acc: 64.40  |  Val Loss: 0.835 | Val Acc: 64.66  |  Test Loss: 1.028 | Tes Acc: 62.21
INFO >> Epoch: 11  |  Layer:  9  |  Train Loss: 0.796 | Train Acc: 66.74  |  Val Loss: 0.793 | Val Acc: 66.37  |  Test Loss: 0.964 | Tes Acc: 61.50
INFO >> Epoch: 11  |  Layer: 10  |  Train Loss: 0.762 | Train Acc: 68.33  |  Val Loss: 0.821 | Val Acc: 64.86  |  Test Loss: 0.998 | Tes Acc: 62.66
INFO >> Epoch: 11  |  Layer: 11  |  Train Loss: 0.769 | Train Acc: 69.12  |  Val Loss: 0.769 | Val Acc: 66.97  |  Test Loss: 0.954 | Tes Acc: 62.30
INFO >> Epoch: 11  |  Layer: 12  |  Train Loss: 0.773 | Train Acc: 68.56  |  Val Loss: 0.794 | Val Acc: 67.07  |  Test Loss: 1.022 | Tes Acc: 62.03
INFO >> Epoch: 11  |  Layer: 13  |  Train Loss: 0.793 | Train Acc: 66.72  |  Val Loss: 0.738 | Val Acc: 68.47  |  Test Loss: 0.988 | Tes Acc: 62.39
INFO >> Epoch: 11  |  Layer: 14  |  Train Loss: 0.791 | Train Acc: 66.98  |  Val Loss: 0.774 | Val Acc: 67.07  |  Test Loss: 1.092 | Tes Acc: 57.04
INFO >> Epoch: 11  |  Layer: 15  |  Train Loss: 0.799 | Train Acc: 66.22  |  Val Loss: 0.785 | Val Acc: 66.77  |  Test Loss: 1.046 | Tes Acc: 60.78
INFO >> Epoch: 11  |  Layer: 16  |  Train Loss: 0.822 | Train Acc: 65.43  |  Val Loss: 0.786 | Val Acc: 66.97  |  Test Loss: 1.019 | Tes Acc: 62.12
INFO >> Epoch: 11  |  Layer: 17  |  Train Loss: 0.839 | Train Acc: 65.31  |  Val Loss: 0.793 | Val Acc: 66.67  |  Test Loss: 0.986 | Tes Acc: 60.16
INFO >> Epoch: 11  |  Layer: 18  |  Train Loss: 0.817 | Train Acc: 65.98  |  Val Loss: 0.778 | Val Acc: 67.87  |  Test Loss: 0.931 | Tes Acc: 61.59
INFO >> Epoch: 11  |  Layer: 19  |  Train Loss: 0.793 | Train Acc: 66.39  |  Val Loss: 0.790 | Val Acc: 66.57  |  Test Loss: 0.868 | Tes Acc: 63.73
INFO >> Epoch: 11  |  Layer: 20  |  Train Loss: 0.790 | Train Acc: 67.48  |  Val Loss: 0.779 | Val Acc: 65.36  |  Test Loss: 0.929 | Tes Acc: 61.85
INFO >> Epoch: 11  |  Layer: 21  |  Train Loss: 0.796 | Train Acc: 66.86  |  Val Loss: 0.800 | Val Acc: 65.96  |  Test Loss: 0.995 | Tes Acc: 61.05
INFO >> Epoch: 11  |  Layer: 22  |  Train Loss: 0.842 | Train Acc: 64.43  |  Val Loss: 0.819 | Val Acc: 62.55  |  Test Loss: 0.955 | Tes Acc: 57.49
INFO >> Epoch: 11  |  Layer: 23  |  Train Loss: 0.809 | Train Acc: 66.01  |  Val Loss: 0.862 | Val Acc: 61.55  |  Test Loss: 1.000 | Tes Acc: 60.87
INFO >> Epoch: 11  |  Layer: 24  |  Train Loss: 0.890 | Train Acc: 62.55  |  Val Loss: 0.900 | Val Acc: 60.24  |  Test Loss: 1.015 | Tes Acc: 61.23

INFO >> Epoch: 12  |  Layer:  1  |  Train Loss: 1.000 | Train Acc: 55.49  |  Val Loss: 1.001 | Val Acc: 53.71  |  Test Loss: 1.202 | Tes Acc: 46.26
INFO >> Epoch: 12  |  Layer:  2  |  Train Loss: 0.872 | Train Acc: 62.85  |  Val Loss: 0.901 | Val Acc: 59.34  |  Test Loss: 1.100 | Tes Acc: 53.48
INFO >> Epoch: 12  |  Layer:  3  |  Train Loss: 0.831 | Train Acc: 65.28  |  Val Loss: 0.881 | Val Acc: 59.94  |  Test Loss: 1.201 | Tes Acc: 51.43
INFO >> Epoch: 12  |  Layer:  4  |  Train Loss: 0.828 | Train Acc: 65.60  |  Val Loss: 0.864 | Val Acc: 61.75  |  Test Loss: 1.114 | Tes Acc: 53.30
INFO >> Epoch: 12  |  Layer:  5  |  Train Loss: 0.819 | Train Acc: 66.10  |  Val Loss: 0.857 | Val Acc: 63.55  |  Test Loss: 1.192 | Tes Acc: 51.60
INFO >> Epoch: 12  |  Layer:  6  |  Train Loss: 0.799 | Train Acc: 66.98  |  Val Loss: 0.851 | Val Acc: 61.04  |  Test Loss: 1.089 | Tes Acc: 54.37
INFO >> Epoch: 12  |  Layer:  7  |  Train Loss: 0.812 | Train Acc: 66.33  |  Val Loss: 0.920 | Val Acc: 58.73  |  Test Loss: 1.251 | Tes Acc: 48.31
INFO >> Epoch: 12  |  Layer:  8  |  Train Loss: 0.810 | Train Acc: 66.19  |  Val Loss: 0.823 | Val Acc: 63.35  |  Test Loss: 1.129 | Tes Acc: 54.10
INFO >> Epoch: 12  |  Layer:  9  |  Train Loss: 0.786 | Train Acc: 67.68  |  Val Loss: 0.855 | Val Acc: 60.64  |  Test Loss: 1.114 | Tes Acc: 53.12
INFO >> Epoch: 12  |  Layer: 10  |  Train Loss: 0.756 | Train Acc: 69.65  |  Val Loss: 0.870 | Val Acc: 60.94  |  Test Loss: 1.181 | Tes Acc: 54.90
INFO >> Epoch: 12  |  Layer: 11  |  Train Loss: 0.754 | Train Acc: 69.26  |  Val Loss: 0.847 | Val Acc: 61.75  |  Test Loss: 1.190 | Tes Acc: 52.05
INFO >> Epoch: 12  |  Layer: 12  |  Train Loss: 0.743 | Train Acc: 69.70  |  Val Loss: 0.896 | Val Acc: 58.73  |  Test Loss: 1.204 | Tes Acc: 55.79
INFO >> Epoch: 12  |  Layer: 13  |  Train Loss: 0.760 | Train Acc: 68.39  |  Val Loss: 0.797 | Val Acc: 63.55  |  Test Loss: 1.145 | Tes Acc: 54.46
INFO >> Epoch: 12  |  Layer: 14  |  Train Loss: 0.787 | Train Acc: 66.83  |  Val Loss: 0.812 | Val Acc: 63.05  |  Test Loss: 1.197 | Tes Acc: 51.16
INFO >> Epoch: 12  |  Layer: 15  |  Train Loss: 0.784 | Train Acc: 67.21  |  Val Loss: 0.797 | Val Acc: 65.66  |  Test Loss: 1.105 | Tes Acc: 56.60
INFO >> Epoch: 12  |  Layer: 16  |  Train Loss: 0.813 | Train Acc: 66.19  |  Val Loss: 0.825 | Val Acc: 61.65  |  Test Loss: 1.114 | Tes Acc: 52.94
INFO >> Epoch: 12  |  Layer: 17  |  Train Loss: 0.811 | Train Acc: 65.72  |  Val Loss: 0.788 | Val Acc: 63.65  |  Test Loss: 1.039 | Tes Acc: 56.51
INFO >> Epoch: 12  |  Layer: 18  |  Train Loss: 0.798 | Train Acc: 66.51  |  Val Loss: 0.796 | Val Acc: 65.46  |  Test Loss: 1.059 | Tes Acc: 56.95
INFO >> Epoch: 12  |  Layer: 19  |  Train Loss: 0.778 | Train Acc: 66.77  |  Val Loss: 0.764 | Val Acc: 65.26  |  Test Loss: 1.000 | Tes Acc: 58.11
INFO >> Epoch: 12  |  Layer: 20  |  Train Loss: 0.775 | Train Acc: 66.86  |  Val Loss: 0.783 | Val Acc: 67.27  |  Test Loss: 0.982 | Tes Acc: 58.56
INFO >> Epoch: 12  |  Layer: 21  |  Train Loss: 0.767 | Train Acc: 68.44  |  Val Loss: 0.765 | Val Acc: 66.16  |  Test Loss: 0.932 | Tes Acc: 60.07
INFO >> Epoch: 12  |  Layer: 22  |  Train Loss: 0.836 | Train Acc: 64.23  |  Val Loss: 0.820 | Val Acc: 62.05  |  Test Loss: 0.942 | Tes Acc: 59.27
INFO >> Epoch: 12  |  Layer: 23  |  Train Loss: 0.826 | Train Acc: 65.54  |  Val Loss: 0.846 | Val Acc: 62.05  |  Test Loss: 1.103 | Tes Acc: 53.12
INFO >> Epoch: 12  |  Layer: 24  |  Train Loss: 0.872 | Train Acc: 63.11  |  Val Loss: 0.880 | Val Acc: 60.84  |  Test Loss: 1.205 | Tes Acc: 50.18

INFO >> Epoch: 13  |  Layer:  1  |  Train Loss: 0.997 | Train Acc: 56.31  |  Val Loss: 0.961 | Val Acc: 55.52  |  Test Loss: 1.115 | Tes Acc: 48.84
INFO >> Epoch: 13  |  Layer:  2  |  Train Loss: 0.872 | Train Acc: 61.88  |  Val Loss: 0.917 | Val Acc: 58.03  |  Test Loss: 1.150 | Tes Acc: 52.32
INFO >> Epoch: 13  |  Layer:  3  |  Train Loss: 0.872 | Train Acc: 62.82  |  Val Loss: 0.968 | Val Acc: 58.13  |  Test Loss: 1.115 | Tes Acc: 57.58
INFO >> Epoch: 13  |  Layer:  4  |  Train Loss: 0.846 | Train Acc: 63.20  |  Val Loss: 0.903 | Val Acc: 61.75  |  Test Loss: 1.143 | Tes Acc: 58.02
INFO >> Epoch: 13  |  Layer:  5  |  Train Loss: 0.838 | Train Acc: 64.08  |  Val Loss: 0.883 | Val Acc: 61.75  |  Test Loss: 1.101 | Tes Acc: 60.07
INFO >> Epoch: 13  |  Layer:  6  |  Train Loss: 0.819 | Train Acc: 65.60  |  Val Loss: 1.050 | Val Acc: 54.92  |  Test Loss: 1.179 | Tes Acc: 57.49
INFO >> Epoch: 13  |  Layer:  7  |  Train Loss: 0.837 | Train Acc: 64.20  |  Val Loss: 1.198 | Val Acc: 50.50  |  Test Loss: 1.318 | Tes Acc: 54.37
INFO >> Epoch: 13  |  Layer:  8  |  Train Loss: 0.817 | Train Acc: 65.87  |  Val Loss: 0.961 | Val Acc: 58.33  |  Test Loss: 1.143 | Tes Acc: 57.13
INFO >> Epoch: 13  |  Layer:  9  |  Train Loss: 0.809 | Train Acc: 66.72  |  Val Loss: 1.107 | Val Acc: 54.32  |  Test Loss: 1.240 | Tes Acc: 56.24
INFO >> Epoch: 13  |  Layer: 10  |  Train Loss: 0.787 | Train Acc: 67.95  |  Val Loss: 1.066 | Val Acc: 57.73  |  Test Loss: 1.216 | Tes Acc: 58.02
INFO >> Epoch: 13  |  Layer: 11  |  Train Loss: 0.766 | Train Acc: 68.59  |  Val Loss: 1.000 | Val Acc: 59.44  |  Test Loss: 1.144 | Tes Acc: 59.36
INFO >> Epoch: 13  |  Layer: 12  |  Train Loss: 0.795 | Train Acc: 68.09  |  Val Loss: 1.149 | Val Acc: 52.71  |  Test Loss: 1.300 | Tes Acc: 54.55
INFO >> Epoch: 13  |  Layer: 13  |  Train Loss: 0.768 | Train Acc: 68.21  |  Val Loss: 0.931 | Val Acc: 60.14  |  Test Loss: 1.148 | Tes Acc: 59.09
INFO >> Epoch: 13  |  Layer: 14  |  Train Loss: 0.770 | Train Acc: 67.86  |  Val Loss: 0.939 | Val Acc: 60.44  |  Test Loss: 1.123 | Tes Acc: 57.04
INFO >> Epoch: 13  |  Layer: 15  |  Train Loss: 0.794 | Train Acc: 66.95  |  Val Loss: 0.988 | Val Acc: 57.53  |  Test Loss: 1.197 | Tes Acc: 57.49
INFO >> Epoch: 13  |  Layer: 16  |  Train Loss: 0.813 | Train Acc: 66.72  |  Val Loss: 1.199 | Val Acc: 52.51  |  Test Loss: 1.377 | Tes Acc: 53.39
INFO >> Epoch: 13  |  Layer: 17  |  Train Loss: 0.815 | Train Acc: 66.19  |  Val Loss: 1.039 | Val Acc: 57.03  |  Test Loss: 1.170 | Tes Acc: 54.81
INFO >> Epoch: 13  |  Layer: 18  |  Train Loss: 0.813 | Train Acc: 66.36  |  Val Loss: 1.125 | Val Acc: 54.92  |  Test Loss: 1.183 | Tes Acc: 55.97
INFO >> Epoch: 13  |  Layer: 19  |  Train Loss: 0.793 | Train Acc: 66.63  |  Val Loss: 0.996 | Val Acc: 60.14  |  Test Loss: 1.049 | Tes Acc: 59.00
INFO >> Epoch: 13  |  Layer: 20  |  Train Loss: 0.772 | Train Acc: 68.18  |  Val Loss: 1.019 | Val Acc: 59.64  |  Test Loss: 0.951 | Tes Acc: 60.52
INFO >> Epoch: 13  |  Layer: 21  |  Train Loss: 0.818 | Train Acc: 65.92  |  Val Loss: 1.077 | Val Acc: 56.12  |  Test Loss: 1.182 | Tes Acc: 54.55
INFO >> Epoch: 13  |  Layer: 22  |  Train Loss: 0.853 | Train Acc: 63.96  |  Val Loss: 1.215 | Val Acc: 57.23  |  Test Loss: 1.123 | Tes Acc: 57.93
INFO >> Epoch: 13  |  Layer: 23  |  Train Loss: 0.805 | Train Acc: 66.13  |  Val Loss: 0.981 | Val Acc: 61.04  |  Test Loss: 1.083 | Tes Acc: 58.82
INFO >> Epoch: 13  |  Layer: 24  |  Train Loss: 0.889 | Train Acc: 62.67  |  Val Loss: 0.975 | Val Acc: 57.23  |  Test Loss: 1.071 | Tes Acc: 57.40

INFO >> Epoch: 14  |  Layer:  1  |  Train Loss: 1.008 | Train Acc: 55.49  |  Val Loss: 0.968 | Val Acc: 56.02  |  Test Loss: 1.111 | Tes Acc: 49.11
INFO >> Epoch: 14  |  Layer:  2  |  Train Loss: 0.895 | Train Acc: 62.53  |  Val Loss: 0.962 | Val Acc: 53.92  |  Test Loss: 1.158 | Tes Acc: 45.72
INFO >> Epoch: 14  |  Layer:  3  |  Train Loss: 0.912 | Train Acc: 61.94  |  Val Loss: 0.879 | Val Acc: 61.55  |  Test Loss: 1.051 | Tes Acc: 58.20
INFO >> Epoch: 14  |  Layer:  4  |  Train Loss: 0.875 | Train Acc: 62.79  |  Val Loss: 0.932 | Val Acc: 58.43  |  Test Loss: 1.073 | Tes Acc: 55.17
INFO >> Epoch: 14  |  Layer:  5  |  Train Loss: 0.873 | Train Acc: 62.55  |  Val Loss: 0.942 | Val Acc: 57.83  |  Test Loss: 1.100 | Tes Acc: 53.30
INFO >> Epoch: 14  |  Layer:  6  |  Train Loss: 0.854 | Train Acc: 63.93  |  Val Loss: 0.851 | Val Acc: 62.45  |  Test Loss: 0.967 | Tes Acc: 59.89
INFO >> Epoch: 14  |  Layer:  7  |  Train Loss: 0.859 | Train Acc: 63.84  |  Val Loss: 0.853 | Val Acc: 62.85  |  Test Loss: 0.982 | Tes Acc: 58.91
INFO >> Epoch: 14  |  Layer:  8  |  Train Loss: 0.848 | Train Acc: 64.52  |  Val Loss: 0.859 | Val Acc: 61.24  |  Test Loss: 0.973 | Tes Acc: 59.27
INFO >> Epoch: 14  |  Layer:  9  |  Train Loss: 0.830 | Train Acc: 65.60  |  Val Loss: 0.856 | Val Acc: 61.35  |  Test Loss: 0.927 | Tes Acc: 61.23
INFO >> Epoch: 14  |  Layer: 10  |  Train Loss: 0.824 | Train Acc: 66.80  |  Val Loss: 0.796 | Val Acc: 66.77  |  Test Loss: 0.925 | Tes Acc: 62.57
INFO >> Epoch: 14  |  Layer: 11  |  Train Loss: 0.814 | Train Acc: 66.83  |  Val Loss: 0.813 | Val Acc: 62.95  |  Test Loss: 0.962 | Tes Acc: 59.09
INFO >> Epoch: 14  |  Layer: 12  |  Train Loss: 0.806 | Train Acc: 67.33  |  Val Loss: 0.784 | Val Acc: 64.96  |  Test Loss: 0.996 | Tes Acc: 59.80
INFO >> Epoch: 14  |  Layer: 13  |  Train Loss: 0.844 | Train Acc: 64.75  |  Val Loss: 0.787 | Val Acc: 65.76  |  Test Loss: 0.945 | Tes Acc: 60.87
INFO >> Epoch: 14  |  Layer: 14  |  Train Loss: 0.829 | Train Acc: 65.54  |  Val Loss: 0.794 | Val Acc: 65.96  |  Test Loss: 0.957 | Tes Acc: 61.41
INFO >> Epoch: 14  |  Layer: 15  |  Train Loss: 0.860 | Train Acc: 63.23  |  Val Loss: 0.805 | Val Acc: 64.46  |  Test Loss: 1.032 | Tes Acc: 57.31
INFO >> Epoch: 14  |  Layer: 16  |  Train Loss: 0.891 | Train Acc: 62.55  |  Val Loss: 0.808 | Val Acc: 64.86  |  Test Loss: 0.960 | Tes Acc: 61.23
INFO >> Epoch: 14  |  Layer: 17  |  Train Loss: 0.864 | Train Acc: 63.64  |  Val Loss: 0.796 | Val Acc: 64.96  |  Test Loss: 0.934 | Tes Acc: 59.80
INFO >> Epoch: 14  |  Layer: 18  |  Train Loss: 0.875 | Train Acc: 62.76  |  Val Loss: 0.780 | Val Acc: 66.97  |  Test Loss: 0.877 | Tes Acc: 62.21
INFO >> Epoch: 14  |  Layer: 19  |  Train Loss: 0.825 | Train Acc: 65.19  |  Val Loss: 0.806 | Val Acc: 64.26  |  Test Loss: 0.915 | Tes Acc: 60.87
INFO >> Epoch: 14  |  Layer: 20  |  Train Loss: 0.842 | Train Acc: 64.58  |  Val Loss: 0.802 | Val Acc: 65.86  |  Test Loss: 0.936 | Tes Acc: 62.57
INFO >> Epoch: 14  |  Layer: 21  |  Train Loss: 0.848 | Train Acc: 64.02  |  Val Loss: 0.761 | Val Acc: 66.67  |  Test Loss: 0.917 | Tes Acc: 60.34
INFO >> Epoch: 14  |  Layer: 22  |  Train Loss: 0.902 | Train Acc: 61.73  |  Val Loss: 0.809 | Val Acc: 66.77  |  Test Loss: 0.835 | Tes Acc: 65.06
INFO >> Epoch: 14  |  Layer: 23  |  Train Loss: 0.907 | Train Acc: 62.00  |  Val Loss: 0.825 | Val Acc: 65.26  |  Test Loss: 0.975 | Tes Acc: 59.36
INFO >> Epoch: 14  |  Layer: 24  |  Train Loss: 0.897 | Train Acc: 62.20  |  Val Loss: 0.837 | Val Acc: 63.65  |  Test Loss: 0.995 | Tes Acc: 62.39

INFO >> Epoch: 15  |  Layer:  1  |  Train Loss: 0.987 | Train Acc: 55.70  |  Val Loss: 0.948 | Val Acc: 56.02  |  Test Loss: 1.081 | Tes Acc: 51.07
INFO >> Epoch: 15  |  Layer:  2  |  Train Loss: 0.874 | Train Acc: 61.79  |  Val Loss: 1.023 | Val Acc: 54.52  |  Test Loss: 1.087 | Tes Acc: 53.92
INFO >> Epoch: 15  |  Layer:  3  |  Train Loss: 0.814 | Train Acc: 64.37  |  Val Loss: 0.907 | Val Acc: 61.55  |  Test Loss: 0.970 | Tes Acc: 61.05
INFO >> Epoch: 15  |  Layer:  4  |  Train Loss: 0.828 | Train Acc: 64.20  |  Val Loss: 1.091 | Val Acc: 52.61  |  Test Loss: 1.140 | Tes Acc: 51.52
INFO >> Epoch: 15  |  Layer:  5  |  Train Loss: 0.818 | Train Acc: 64.23  |  Val Loss: 1.026 | Val Acc: 54.92  |  Test Loss: 1.038 | Tes Acc: 57.93
INFO >> Epoch: 15  |  Layer:  6  |  Train Loss: 0.809 | Train Acc: 64.69  |  Val Loss: 0.912 | Val Acc: 60.34  |  Test Loss: 0.950 | Tes Acc: 62.75
INFO >> Epoch: 15  |  Layer:  7  |  Train Loss: 0.812 | Train Acc: 65.07  |  Val Loss: 1.039 | Val Acc: 55.62  |  Test Loss: 0.968 | Tes Acc: 60.34
INFO >> Epoch: 15  |  Layer:  8  |  Train Loss: 0.794 | Train Acc: 65.90  |  Val Loss: 1.046 | Val Acc: 55.22  |  Test Loss: 0.937 | Tes Acc: 61.94
INFO >> Epoch: 15  |  Layer:  9  |  Train Loss: 0.790 | Train Acc: 65.63  |  Val Loss: 1.089 | Val Acc: 54.42  |  Test Loss: 0.931 | Tes Acc: 60.78
INFO >> Epoch: 15  |  Layer: 10  |  Train Loss: 0.764 | Train Acc: 67.65  |  Val Loss: 1.110 | Val Acc: 54.42  |  Test Loss: 0.983 | Tes Acc: 59.45
INFO >> Epoch: 15  |  Layer: 11  |  Train Loss: 0.763 | Train Acc: 67.59  |  Val Loss: 0.882 | Val Acc: 63.76  |  Test Loss: 0.873 | Tes Acc: 66.58
INFO >> Epoch: 15  |  Layer: 12  |  Train Loss: 0.764 | Train Acc: 67.24  |  Val Loss: 0.855 | Val Acc: 63.35  |  Test Loss: 0.896 | Tes Acc: 64.44
INFO >> Epoch: 15  |  Layer: 13  |  Train Loss: 0.762 | Train Acc: 67.83  |  Val Loss: 1.065 | Val Acc: 55.92  |  Test Loss: 0.935 | Tes Acc: 62.92
INFO >> Epoch: 15  |  Layer: 14  |  Train Loss: 0.778 | Train Acc: 67.33  |  Val Loss: 1.104 | Val Acc: 55.42  |  Test Loss: 0.934 | Tes Acc: 62.12
INFO >> Epoch: 15  |  Layer: 15  |  Train Loss: 0.789 | Train Acc: 66.01  |  Val Loss: 0.830 | Val Acc: 64.96  |  Test Loss: 0.911 | Tes Acc: 62.66
INFO >> Epoch: 15  |  Layer: 16  |  Train Loss: 0.798 | Train Acc: 66.63  |  Val Loss: 1.020 | Val Acc: 57.03  |  Test Loss: 0.941 | Tes Acc: 60.34
INFO >> Epoch: 15  |  Layer: 17  |  Train Loss: 0.817 | Train Acc: 65.07  |  Val Loss: 0.924 | Val Acc: 58.63  |  Test Loss: 0.943 | Tes Acc: 55.70
INFO >> Epoch: 15  |  Layer: 18  |  Train Loss: 0.807 | Train Acc: 65.72  |  Val Loss: 0.959 | Val Acc: 57.33  |  Test Loss: 0.958 | Tes Acc: 58.47
INFO >> Epoch: 15  |  Layer: 19  |  Train Loss: 0.791 | Train Acc: 66.16  |  Val Loss: 1.431 | Val Acc: 46.89  |  Test Loss: 1.103 | Tes Acc: 51.69
INFO >> Epoch: 15  |  Layer: 20  |  Train Loss: 0.775 | Train Acc: 67.42  |  Val Loss: 0.978 | Val Acc: 57.73  |  Test Loss: 0.869 | Tes Acc: 63.73
INFO >> Epoch: 15  |  Layer: 21  |  Train Loss: 0.787 | Train Acc: 66.57  |  Val Loss: 0.833 | Val Acc: 64.86  |  Test Loss: 0.820 | Tes Acc: 64.17
INFO >> Epoch: 15  |  Layer: 22  |  Train Loss: 0.867 | Train Acc: 62.50  |  Val Loss: 1.156 | Val Acc: 52.91  |  Test Loss: 1.018 | Tes Acc: 55.70
INFO >> Epoch: 15  |  Layer: 23  |  Train Loss: 0.814 | Train Acc: 65.66  |  Val Loss: 0.823 | Val Acc: 65.76  |  Test Loss: 0.924 | Tes Acc: 59.89
INFO >> Epoch: 15  |  Layer: 24  |  Train Loss: 0.882 | Train Acc: 62.73  |  Val Loss: 0.882 | Val Acc: 62.05  |  Test Loss: 0.965 | Tes Acc: 60.96

INFO >> Epoch: 16  |  Layer:  1  |  Train Loss: 0.967 | Train Acc: 57.22  |  Val Loss: 1.011 | Val Acc: 54.32  |  Test Loss: 1.167 | Tes Acc: 48.22
INFO >> Epoch: 16  |  Layer:  2  |  Train Loss: 0.855 | Train Acc: 63.29  |  Val Loss: 0.835 | Val Acc: 63.25  |  Test Loss: 1.046 | Tes Acc: 58.20
INFO >> Epoch: 16  |  Layer:  3  |  Train Loss: 0.823 | Train Acc: 64.58  |  Val Loss: 0.832 | Val Acc: 62.45  |  Test Loss: 1.026 | Tes Acc: 58.65
INFO >> Epoch: 16  |  Layer:  4  |  Train Loss: 0.846 | Train Acc: 63.96  |  Val Loss: 0.817 | Val Acc: 64.86  |  Test Loss: 1.019 | Tes Acc: 59.63
INFO >> Epoch: 16  |  Layer:  5  |  Train Loss: 0.837 | Train Acc: 64.96  |  Val Loss: 0.810 | Val Acc: 65.46  |  Test Loss: 0.967 | Tes Acc: 60.96
INFO >> Epoch: 16  |  Layer:  6  |  Train Loss: 0.791 | Train Acc: 66.51  |  Val Loss: 0.837 | Val Acc: 64.06  |  Test Loss: 1.047 | Tes Acc: 58.56
INFO >> Epoch: 16  |  Layer:  7  |  Train Loss: 0.792 | Train Acc: 66.31  |  Val Loss: 0.817 | Val Acc: 64.56  |  Test Loss: 1.007 | Tes Acc: 61.41
INFO >> Epoch: 16  |  Layer:  8  |  Train Loss: 0.789 | Train Acc: 66.33  |  Val Loss: 0.835 | Val Acc: 63.35  |  Test Loss: 0.970 | Tes Acc: 61.85
INFO >> Epoch: 16  |  Layer:  9  |  Train Loss: 0.791 | Train Acc: 66.57  |  Val Loss: 0.825 | Val Acc: 64.26  |  Test Loss: 0.968 | Tes Acc: 62.66
INFO >> Epoch: 16  |  Layer: 10  |  Train Loss: 0.773 | Train Acc: 68.00  |  Val Loss: 0.761 | Val Acc: 68.07  |  Test Loss: 0.912 | Tes Acc: 62.92
INFO >> Epoch: 16  |  Layer: 11  |  Train Loss: 0.757 | Train Acc: 68.91  |  Val Loss: 0.780 | Val Acc: 64.36  |  Test Loss: 0.984 | Tes Acc: 60.16
INFO >> Epoch: 16  |  Layer: 12  |  Train Loss: 0.751 | Train Acc: 68.74  |  Val Loss: 0.767 | Val Acc: 66.77  |  Test Loss: 0.905 | Tes Acc: 64.17
INFO >> Epoch: 16  |  Layer: 13  |  Train Loss: 0.775 | Train Acc: 67.48  |  Val Loss: 0.747 | Val Acc: 67.37  |  Test Loss: 0.987 | Tes Acc: 63.81
INFO >> Epoch: 16  |  Layer: 14  |  Train Loss: 0.796 | Train Acc: 66.36  |  Val Loss: 0.785 | Val Acc: 65.66  |  Test Loss: 0.996 | Tes Acc: 61.23
INFO >> Epoch: 16  |  Layer: 15  |  Train Loss: 0.779 | Train Acc: 67.39  |  Val Loss: 0.775 | Val Acc: 65.96  |  Test Loss: 0.938 | Tes Acc: 62.92
INFO >> Epoch: 16  |  Layer: 16  |  Train Loss: 0.804 | Train Acc: 66.54  |  Val Loss: 0.792 | Val Acc: 66.16  |  Test Loss: 0.941 | Tes Acc: 61.32
INFO >> Epoch: 16  |  Layer: 17  |  Train Loss: 0.808 | Train Acc: 64.99  |  Val Loss: 0.792 | Val Acc: 62.75  |  Test Loss: 0.993 | Tes Acc: 58.73
INFO >> Epoch: 16  |  Layer: 18  |  Train Loss: 0.806 | Train Acc: 65.63  |  Val Loss: 0.782 | Val Acc: 64.06  |  Test Loss: 0.973 | Tes Acc: 58.56
INFO >> Epoch: 16  |  Layer: 19  |  Train Loss: 0.807 | Train Acc: 65.78  |  Val Loss: 0.755 | Val Acc: 65.96  |  Test Loss: 0.868 | Tes Acc: 64.97
INFO >> Epoch: 16  |  Layer: 20  |  Train Loss: 0.768 | Train Acc: 67.68  |  Val Loss: 0.751 | Val Acc: 68.37  |  Test Loss: 0.861 | Tes Acc: 66.49
INFO >> Epoch: 16  |  Layer: 21  |  Train Loss: 0.785 | Train Acc: 67.86  |  Val Loss: 0.751 | Val Acc: 67.17  |  Test Loss: 0.879 | Tes Acc: 66.13
INFO >> Epoch: 16  |  Layer: 22  |  Train Loss: 0.848 | Train Acc: 63.23  |  Val Loss: 0.891 | Val Acc: 59.94  |  Test Loss: 0.956 | Tes Acc: 62.48
INFO >> Epoch: 16  |  Layer: 23  |  Train Loss: 0.810 | Train Acc: 66.54  |  Val Loss: 0.780 | Val Acc: 65.36  |  Test Loss: 0.978 | Tes Acc: 63.90
INFO >> Epoch: 16  |  Layer: 24  |  Train Loss: 0.851 | Train Acc: 64.46  |  Val Loss: 0.824 | Val Acc: 63.35  |  Test Loss: 1.010 | Tes Acc: 63.01

INFO >> Epoch: 17  |  Layer:  1  |  Train Loss: 0.981 | Train Acc: 56.52  |  Val Loss: 0.907 | Val Acc: 60.54  |  Test Loss: 1.050 | Tes Acc: 55.35
INFO >> Epoch: 17  |  Layer:  2  |  Train Loss: 0.897 | Train Acc: 62.29  |  Val Loss: 0.868 | Val Acc: 60.94  |  Test Loss: 1.018 | Tes Acc: 55.70
INFO >> Epoch: 17  |  Layer:  3  |  Train Loss: 0.818 | Train Acc: 65.22  |  Val Loss: 0.902 | Val Acc: 60.64  |  Test Loss: 1.008 | Tes Acc: 58.82
INFO >> Epoch: 17  |  Layer:  4  |  Train Loss: 0.811 | Train Acc: 65.46  |  Val Loss: 0.940 | Val Acc: 58.13  |  Test Loss: 1.008 | Tes Acc: 58.82
INFO >> Epoch: 17  |  Layer:  5  |  Train Loss: 0.814 | Train Acc: 66.36  |  Val Loss: 0.881 | Val Acc: 62.35  |  Test Loss: 1.033 | Tes Acc: 57.58
INFO >> Epoch: 17  |  Layer:  6  |  Train Loss: 0.778 | Train Acc: 67.77  |  Val Loss: 0.861 | Val Acc: 63.45  |  Test Loss: 1.004 | Tes Acc: 59.54
INFO >> Epoch: 17  |  Layer:  7  |  Train Loss: 0.794 | Train Acc: 66.98  |  Val Loss: 0.831 | Val Acc: 63.76  |  Test Loss: 0.962 | Tes Acc: 61.32
INFO >> Epoch: 17  |  Layer:  8  |  Train Loss: 0.802 | Train Acc: 66.33  |  Val Loss: 0.891 | Val Acc: 62.15  |  Test Loss: 0.945 | Tes Acc: 61.94
INFO >> Epoch: 17  |  Layer:  9  |  Train Loss: 0.791 | Train Acc: 66.39  |  Val Loss: 0.837 | Val Acc: 64.16  |  Test Loss: 0.895 | Tes Acc: 63.19
INFO >> Epoch: 17  |  Layer: 10  |  Train Loss: 0.747 | Train Acc: 68.56  |  Val Loss: 0.831 | Val Acc: 65.86  |  Test Loss: 0.876 | Tes Acc: 65.33
INFO >> Epoch: 17  |  Layer: 11  |  Train Loss: 0.749 | Train Acc: 68.39  |  Val Loss: 0.791 | Val Acc: 66.37  |  Test Loss: 0.937 | Tes Acc: 64.35
INFO >> Epoch: 17  |  Layer: 12  |  Train Loss: 0.755 | Train Acc: 69.29  |  Val Loss: 0.807 | Val Acc: 64.56  |  Test Loss: 0.963 | Tes Acc: 62.75
INFO >> Epoch: 17  |  Layer: 13  |  Train Loss: 0.745 | Train Acc: 68.27  |  Val Loss: 0.835 | Val Acc: 64.66  |  Test Loss: 1.003 | Tes Acc: 61.23
INFO >> Epoch: 17  |  Layer: 14  |  Train Loss: 0.770 | Train Acc: 67.71  |  Val Loss: 0.803 | Val Acc: 65.76  |  Test Loss: 0.998 | Tes Acc: 60.25
INFO >> Epoch: 17  |  Layer: 15  |  Train Loss: 0.786 | Train Acc: 67.15  |  Val Loss: 0.814 | Val Acc: 64.26  |  Test Loss: 1.033 | Tes Acc: 58.38
INFO >> Epoch: 17  |  Layer: 16  |  Train Loss: 0.786 | Train Acc: 66.72  |  Val Loss: 0.805 | Val Acc: 66.06  |  Test Loss: 1.057 | Tes Acc: 57.93
INFO >> Epoch: 17  |  Layer: 17  |  Train Loss: 0.785 | Train Acc: 67.01  |  Val Loss: 0.763 | Val Acc: 68.57  |  Test Loss: 0.947 | Tes Acc: 61.32
INFO >> Epoch: 17  |  Layer: 18  |  Train Loss: 0.775 | Train Acc: 67.83  |  Val Loss: 0.805 | Val Acc: 65.16  |  Test Loss: 0.888 | Tes Acc: 63.55
INFO >> Epoch: 17  |  Layer: 19  |  Train Loss: 0.741 | Train Acc: 68.85  |  Val Loss: 0.747 | Val Acc: 68.57  |  Test Loss: 0.921 | Tes Acc: 61.94
INFO >> Epoch: 17  |  Layer: 20  |  Train Loss: 0.743 | Train Acc: 68.56  |  Val Loss: 0.737 | Val Acc: 69.68  |  Test Loss: 0.870 | Tes Acc: 64.26
INFO >> Epoch: 17  |  Layer: 21  |  Train Loss: 0.754 | Train Acc: 67.95  |  Val Loss: 0.793 | Val Acc: 66.87  |  Test Loss: 0.909 | Tes Acc: 60.78
INFO >> Epoch: 17  |  Layer: 22  |  Train Loss: 0.823 | Train Acc: 64.46  |  Val Loss: 0.778 | Val Acc: 67.17  |  Test Loss: 0.986 | Tes Acc: 58.82
INFO >> Epoch: 17  |  Layer: 23  |  Train Loss: 0.762 | Train Acc: 67.62  |  Val Loss: 0.809 | Val Acc: 65.36  |  Test Loss: 0.951 | Tes Acc: 61.50
INFO >> Epoch: 17  |  Layer: 24  |  Train Loss: 0.824 | Train Acc: 64.17  |  Val Loss: 0.841 | Val Acc: 64.46  |  Test Loss: 1.095 | Tes Acc: 55.97

INFO >> Epoch: 18  |  Layer:  1  |  Train Loss: 0.960 | Train Acc: 57.63  |  Val Loss: 0.927 | Val Acc: 58.43  |  Test Loss: 1.063 | Tes Acc: 53.65
INFO >> Epoch: 18  |  Layer:  2  |  Train Loss: 0.845 | Train Acc: 63.87  |  Val Loss: 0.834 | Val Acc: 63.65  |  Test Loss: 1.045 | Tes Acc: 57.49
INFO >> Epoch: 18  |  Layer:  3  |  Train Loss: 0.804 | Train Acc: 65.54  |  Val Loss: 0.840 | Val Acc: 63.25  |  Test Loss: 1.106 | Tes Acc: 56.06
INFO >> Epoch: 18  |  Layer:  4  |  Train Loss: 0.786 | Train Acc: 67.42  |  Val Loss: 0.837 | Val Acc: 63.15  |  Test Loss: 1.075 | Tes Acc: 55.53
INFO >> Epoch: 18  |  Layer:  5  |  Train Loss: 0.791 | Train Acc: 67.33  |  Val Loss: 0.797 | Val Acc: 65.76  |  Test Loss: 1.025 | Tes Acc: 59.27
INFO >> Epoch: 18  |  Layer:  6  |  Train Loss: 0.768 | Train Acc: 67.54  |  Val Loss: 0.775 | Val Acc: 66.27  |  Test Loss: 1.000 | Tes Acc: 61.23
INFO >> Epoch: 18  |  Layer:  7  |  Train Loss: 0.769 | Train Acc: 67.45  |  Val Loss: 0.837 | Val Acc: 61.95  |  Test Loss: 1.048 | Tes Acc: 57.66
INFO >> Epoch: 18  |  Layer:  8  |  Train Loss: 0.784 | Train Acc: 66.63  |  Val Loss: 0.779 | Val Acc: 66.57  |  Test Loss: 0.947 | Tes Acc: 62.03
INFO >> Epoch: 18  |  Layer:  9  |  Train Loss: 0.756 | Train Acc: 68.59  |  Val Loss: 0.763 | Val Acc: 65.66  |  Test Loss: 0.921 | Tes Acc: 61.23
INFO >> Epoch: 18  |  Layer: 10  |  Train Loss: 0.728 | Train Acc: 69.35  |  Val Loss: 0.759 | Val Acc: 66.87  |  Test Loss: 1.008 | Tes Acc: 60.43
INFO >> Epoch: 18  |  Layer: 11  |  Train Loss: 0.736 | Train Acc: 69.59  |  Val Loss: 0.764 | Val Acc: 65.66  |  Test Loss: 1.084 | Tes Acc: 58.20
INFO >> Epoch: 18  |  Layer: 12  |  Train Loss: 0.740 | Train Acc: 69.47  |  Val Loss: 0.735 | Val Acc: 67.57  |  Test Loss: 0.994 | Tes Acc: 60.87
INFO >> Epoch: 18  |  Layer: 13  |  Train Loss: 0.739 | Train Acc: 68.74  |  Val Loss: 0.739 | Val Acc: 68.07  |  Test Loss: 1.026 | Tes Acc: 59.63
INFO >> Epoch: 18  |  Layer: 14  |  Train Loss: 0.745 | Train Acc: 68.53  |  Val Loss: 0.730 | Val Acc: 67.97  |  Test Loss: 0.983 | Tes Acc: 61.23
INFO >> Epoch: 18  |  Layer: 15  |  Train Loss: 0.768 | Train Acc: 67.57  |  Val Loss: 0.772 | Val Acc: 66.16  |  Test Loss: 1.073 | Tes Acc: 56.06
INFO >> Epoch: 18  |  Layer: 16  |  Train Loss: 0.779 | Train Acc: 67.42  |  Val Loss: 0.805 | Val Acc: 64.76  |  Test Loss: 1.002 | Tes Acc: 58.56
INFO >> Epoch: 18  |  Layer: 17  |  Train Loss: 0.794 | Train Acc: 66.92  |  Val Loss: 0.761 | Val Acc: 66.97  |  Test Loss: 1.022 | Tes Acc: 58.38
INFO >> Epoch: 18  |  Layer: 18  |  Train Loss: 0.789 | Train Acc: 66.74  |  Val Loss: 0.779 | Val Acc: 67.77  |  Test Loss: 0.934 | Tes Acc: 60.70
INFO >> Epoch: 18  |  Layer: 19  |  Train Loss: 0.747 | Train Acc: 68.65  |  Val Loss: 0.795 | Val Acc: 65.46  |  Test Loss: 1.017 | Tes Acc: 56.51
INFO >> Epoch: 18  |  Layer: 20  |  Train Loss: 0.752 | Train Acc: 68.83  |  Val Loss: 0.751 | Val Acc: 68.37  |  Test Loss: 1.021 | Tes Acc: 59.18
INFO >> Epoch: 18  |  Layer: 21  |  Train Loss: 0.764 | Train Acc: 68.00  |  Val Loss: 0.736 | Val Acc: 69.88  |  Test Loss: 0.912 | Tes Acc: 63.73
INFO >> Epoch: 18  |  Layer: 22  |  Train Loss: 0.823 | Train Acc: 65.16  |  Val Loss: 0.806 | Val Acc: 65.26  |  Test Loss: 0.866 | Tes Acc: 61.68
INFO >> Epoch: 18  |  Layer: 23  |  Train Loss: 0.779 | Train Acc: 67.59  |  Val Loss: 0.838 | Val Acc: 63.15  |  Test Loss: 1.035 | Tes Acc: 58.47
INFO >> Epoch: 18  |  Layer: 24  |  Train Loss: 0.822 | Train Acc: 65.16  |  Val Loss: 0.825 | Val Acc: 63.45  |  Test Loss: 0.987 | Tes Acc: 60.07

INFO >> Epoch: 19  |  Layer:  1  |  Train Loss: 0.968 | Train Acc: 57.81  |  Val Loss: 1.059 | Val Acc: 54.42  |  Test Loss: 1.259 | Tes Acc: 47.50
INFO >> Epoch: 19  |  Layer:  2  |  Train Loss: 0.827 | Train Acc: 65.43  |  Val Loss: 0.883 | Val Acc: 60.54  |  Test Loss: 1.153 | Tes Acc: 52.05
INFO >> Epoch: 19  |  Layer:  3  |  Train Loss: 0.802 | Train Acc: 65.95  |  Val Loss: 0.835 | Val Acc: 63.65  |  Test Loss: 1.025 | Tes Acc: 56.42
INFO >> Epoch: 19  |  Layer:  4  |  Train Loss: 0.800 | Train Acc: 66.19  |  Val Loss: 0.821 | Val Acc: 63.76  |  Test Loss: 1.051 | Tes Acc: 57.75
INFO >> Epoch: 19  |  Layer:  5  |  Train Loss: 0.788 | Train Acc: 67.24  |  Val Loss: 0.821 | Val Acc: 63.76  |  Test Loss: 1.068 | Tes Acc: 59.89
INFO >> Epoch: 19  |  Layer:  6  |  Train Loss: 0.787 | Train Acc: 66.63  |  Val Loss: 0.833 | Val Acc: 61.35  |  Test Loss: 1.111 | Tes Acc: 55.53
INFO >> Epoch: 19  |  Layer:  7  |  Train Loss: 0.777 | Train Acc: 67.74  |  Val Loss: 0.834 | Val Acc: 61.35  |  Test Loss: 1.034 | Tes Acc: 59.45
INFO >> Epoch: 19  |  Layer:  8  |  Train Loss: 0.779 | Train Acc: 67.13  |  Val Loss: 0.764 | Val Acc: 67.07  |  Test Loss: 0.970 | Tes Acc: 61.32
INFO >> Epoch: 19  |  Layer:  9  |  Train Loss: 0.762 | Train Acc: 67.62  |  Val Loss: 0.782 | Val Acc: 65.56  |  Test Loss: 0.910 | Tes Acc: 61.05
INFO >> Epoch: 19  |  Layer: 10  |  Train Loss: 0.726 | Train Acc: 69.85  |  Val Loss: 0.759 | Val Acc: 65.86  |  Test Loss: 0.961 | Tes Acc: 61.14
INFO >> Epoch: 19  |  Layer: 11  |  Train Loss: 0.745 | Train Acc: 69.06  |  Val Loss: 0.745 | Val Acc: 65.86  |  Test Loss: 0.993 | Tes Acc: 61.41
INFO >> Epoch: 19  |  Layer: 12  |  Train Loss: 0.711 | Train Acc: 70.38  |  Val Loss: 0.744 | Val Acc: 67.37  |  Test Loss: 0.998 | Tes Acc: 61.32
INFO >> Epoch: 19  |  Layer: 13  |  Train Loss: 0.723 | Train Acc: 69.70  |  Val Loss: 0.762 | Val Acc: 65.76  |  Test Loss: 0.995 | Tes Acc: 61.14
INFO >> Epoch: 19  |  Layer: 14  |  Train Loss: 0.740 | Train Acc: 68.77  |  Val Loss: 0.734 | Val Acc: 68.78  |  Test Loss: 1.005 | Tes Acc: 61.59
INFO >> Epoch: 19  |  Layer: 15  |  Train Loss: 0.768 | Train Acc: 67.77  |  Val Loss: 0.743 | Val Acc: 68.47  |  Test Loss: 1.002 | Tes Acc: 60.61
INFO >> Epoch: 19  |  Layer: 16  |  Train Loss: 0.784 | Train Acc: 67.30  |  Val Loss: 0.793 | Val Acc: 66.16  |  Test Loss: 0.996 | Tes Acc: 59.36
INFO >> Epoch: 19  |  Layer: 17  |  Train Loss: 0.782 | Train Acc: 67.45  |  Val Loss: 0.778 | Val Acc: 64.76  |  Test Loss: 1.011 | Tes Acc: 57.84
INFO >> Epoch: 19  |  Layer: 18  |  Train Loss: 0.767 | Train Acc: 68.33  |  Val Loss: 0.827 | Val Acc: 64.16  |  Test Loss: 0.983 | Tes Acc: 61.14
INFO >> Epoch: 19  |  Layer: 19  |  Train Loss: 0.756 | Train Acc: 67.95  |  Val Loss: 0.772 | Val Acc: 66.47  |  Test Loss: 0.959 | Tes Acc: 60.16
INFO >> Epoch: 19  |  Layer: 20  |  Train Loss: 0.755 | Train Acc: 67.95  |  Val Loss: 0.729 | Val Acc: 69.08  |  Test Loss: 0.946 | Tes Acc: 60.16
INFO >> Epoch: 19  |  Layer: 21  |  Train Loss: 0.749 | Train Acc: 67.80  |  Val Loss: 0.720 | Val Acc: 69.98  |  Test Loss: 0.905 | Tes Acc: 63.01
INFO >> Epoch: 19  |  Layer: 22  |  Train Loss: 0.795 | Train Acc: 66.25  |  Val Loss: 0.828 | Val Acc: 62.75  |  Test Loss: 0.979 | Tes Acc: 59.54
INFO >> Epoch: 19  |  Layer: 23  |  Train Loss: 0.762 | Train Acc: 67.86  |  Val Loss: 0.864 | Val Acc: 63.65  |  Test Loss: 0.958 | Tes Acc: 62.83
INFO >> Epoch: 19  |  Layer: 24  |  Train Loss: 0.815 | Train Acc: 65.31  |  Val Loss: 0.784 | Val Acc: 65.66  |  Test Loss: 0.936 | Tes Acc: 64.53

INFO >> Epoch: 20  |  Layer:  1  |  Train Loss: 0.982 | Train Acc: 57.19  |  Val Loss: 0.958 | Val Acc: 55.92  |  Test Loss: 1.066 | Tes Acc: 53.21
INFO >> Epoch: 20  |  Layer:  2  |  Train Loss: 0.852 | Train Acc: 64.46  |  Val Loss: 0.832 | Val Acc: 63.35  |  Test Loss: 1.001 | Tes Acc: 58.29
INFO >> Epoch: 20  |  Layer:  3  |  Train Loss: 0.781 | Train Acc: 67.13  |  Val Loss: 0.859 | Val Acc: 63.86  |  Test Loss: 0.965 | Tes Acc: 59.00
INFO >> Epoch: 20  |  Layer:  4  |  Train Loss: 0.793 | Train Acc: 66.98  |  Val Loss: 0.813 | Val Acc: 64.06  |  Test Loss: 0.986 | Tes Acc: 59.80
INFO >> Epoch: 20  |  Layer:  5  |  Train Loss: 0.827 | Train Acc: 65.66  |  Val Loss: 0.822 | Val Acc: 64.86  |  Test Loss: 0.944 | Tes Acc: 62.83
INFO >> Epoch: 20  |  Layer:  6  |  Train Loss: 0.753 | Train Acc: 68.97  |  Val Loss: 0.796 | Val Acc: 65.96  |  Test Loss: 0.967 | Tes Acc: 62.21
INFO >> Epoch: 20  |  Layer:  7  |  Train Loss: 0.780 | Train Acc: 66.98  |  Val Loss: 0.793 | Val Acc: 66.47  |  Test Loss: 0.973 | Tes Acc: 61.68
INFO >> Epoch: 20  |  Layer:  8  |  Train Loss: 0.765 | Train Acc: 67.80  |  Val Loss: 0.859 | Val Acc: 64.86  |  Test Loss: 0.894 | Tes Acc: 63.46
INFO >> Epoch: 20  |  Layer:  9  |  Train Loss: 0.744 | Train Acc: 69.21  |  Val Loss: 0.815 | Val Acc: 66.67  |  Test Loss: 0.850 | Tes Acc: 65.78
INFO >> Epoch: 20  |  Layer: 10  |  Train Loss: 0.718 | Train Acc: 70.52  |  Val Loss: 0.763 | Val Acc: 69.18  |  Test Loss: 0.884 | Tes Acc: 65.33
INFO >> Epoch: 20  |  Layer: 11  |  Train Loss: 0.713 | Train Acc: 70.67  |  Val Loss: 0.754 | Val Acc: 68.07  |  Test Loss: 0.924 | Tes Acc: 63.55
INFO >> Epoch: 20  |  Layer: 12  |  Train Loss: 0.724 | Train Acc: 70.76  |  Val Loss: 0.781 | Val Acc: 67.87  |  Test Loss: 0.924 | Tes Acc: 63.90
INFO >> Epoch: 20  |  Layer: 13  |  Train Loss: 0.728 | Train Acc: 69.62  |  Val Loss: 0.810 | Val Acc: 66.27  |  Test Loss: 0.956 | Tes Acc: 62.48
INFO >> Epoch: 20  |  Layer: 14  |  Train Loss: 0.758 | Train Acc: 68.50  |  Val Loss: 0.768 | Val Acc: 67.57  |  Test Loss: 0.942 | Tes Acc: 61.85
INFO >> Epoch: 20  |  Layer: 15  |  Train Loss: 0.752 | Train Acc: 67.80  |  Val Loss: 0.816 | Val Acc: 64.86  |  Test Loss: 0.941 | Tes Acc: 61.23
INFO >> Epoch: 20  |  Layer: 16  |  Train Loss: 0.808 | Train Acc: 67.01  |  Val Loss: 0.861 | Val Acc: 65.66  |  Test Loss: 1.009 | Tes Acc: 59.27
INFO >> Epoch: 20  |  Layer: 17  |  Train Loss: 0.792 | Train Acc: 66.19  |  Val Loss: 0.846 | Val Acc: 63.25  |  Test Loss: 0.933 | Tes Acc: 59.36
INFO >> Epoch: 20  |  Layer: 18  |  Train Loss: 0.798 | Train Acc: 66.28  |  Val Loss: 0.911 | Val Acc: 60.74  |  Test Loss: 0.990 | Tes Acc: 56.15
INFO >> Epoch: 20  |  Layer: 19  |  Train Loss: 0.754 | Train Acc: 68.30  |  Val Loss: 0.889 | Val Acc: 64.76  |  Test Loss: 0.919 | Tes Acc: 62.30
INFO >> Epoch: 20  |  Layer: 20  |  Train Loss: 0.757 | Train Acc: 68.65  |  Val Loss: 0.817 | Val Acc: 66.77  |  Test Loss: 0.860 | Tes Acc: 65.24
INFO >> Epoch: 20  |  Layer: 21  |  Train Loss: 0.749 | Train Acc: 68.77  |  Val Loss: 0.798 | Val Acc: 66.57  |  Test Loss: 0.865 | Tes Acc: 62.57
INFO >> Epoch: 20  |  Layer: 22  |  Train Loss: 0.816 | Train Acc: 65.54  |  Val Loss: 0.894 | Val Acc: 62.05  |  Test Loss: 0.891 | Tes Acc: 60.70
INFO >> Epoch: 20  |  Layer: 23  |  Train Loss: 0.782 | Train Acc: 66.69  |  Val Loss: 0.812 | Val Acc: 65.26  |  Test Loss: 0.889 | Tes Acc: 62.21
INFO >> Epoch: 20  |  Layer: 24  |  Train Loss: 0.828 | Train Acc: 65.40  |  Val Loss: 0.848 | Val Acc: 65.16  |  Test Loss: 0.958 | Tes Acc: 62.75



INFO >> Time Taken: 2:15:45

INFO >> Layer: 1  |  Best Val Acc: 60.54  |  Best Test Acc: 55.35
INFO >> Layer: 2  |  Best Val Acc: 63.65  |  Best Test Acc: 57.49
INFO >> Layer: 3  |  Best Val Acc: 63.86  |  Best Test Acc: 59.00
INFO >> Layer: 4  |  Best Val Acc: 64.86  |  Best Test Acc: 59.63
INFO >> Layer: 5  |  Best Val Acc: 65.76  |  Best Test Acc: 59.27
INFO >> Layer: 6  |  Best Val Acc: 66.27  |  Best Test Acc: 61.23
INFO >> Layer: 7  |  Best Val Acc: 66.47  |  Best Test Acc: 61.68
INFO >> Layer: 8  |  Best Val Acc: 67.07  |  Best Test Acc: 61.32
INFO >> Layer: 9  |  Best Val Acc: 66.67  |  Best Test Acc: 65.78
INFO >> Layer: 10  |  Best Val Acc: 69.18  |  Best Test Acc: 65.33
INFO >> Layer: 11  |  Best Val Acc: 68.07  |  Best Test Acc: 63.55
INFO >> Layer: 12  |  Best Val Acc: 68.27  |  Best Test Acc: 63.37
INFO >> Layer: 13  |  Best Val Acc: 68.47  |  Best Test Acc: 62.39
INFO >> Layer: 14  |  Best Val Acc: 68.78  |  Best Test Acc: 61.59
INFO >> Layer: 15  |  Best Val Acc: 68.47  |  Best Test Acc: 60.61
INFO >> Layer: 16  |  Best Val Acc: 66.97  |  Best Test Acc: 62.12
INFO >> Layer: 17  |  Best Val Acc: 68.57  |  Best Test Acc: 61.32
INFO >> Layer: 18  |  Best Val Acc: 67.87  |  Best Test Acc: 61.59
INFO >> Layer: 19  |  Best Val Acc: 68.57  |  Best Test Acc: 61.94
INFO >> Layer: 20  |  Best Val Acc: 69.68  |  Best Test Acc: 64.26
INFO >> Layer: 21  |  Best Val Acc: 69.98  |  Best Test Acc: 63.01
INFO >> Layer: 22  |  Best Val Acc: 67.17  |  Best Test Acc: 58.82
INFO >> Layer: 23  |  Best Val Acc: 65.76  |  Best Test Acc: 59.89
INFO >> Layer: 24  |  Best Val Acc: 65.66  |  Best Test Acc: 64.53

DEBUG >> Last state saved

INFO >> History saved (./history/v1.3/IEMOCAP/HUBERT_LARGE_PROBING/Run2/history.pt)
