
--------------------------------------------------
Multilingual SER System v1.1
--------------------------------------------------
Run Name      : Run2
Model         : GE2E
Extract Mode  : disk
Device        : gpu
Dataset       : IEMOCAP
Epochs        : 20
Data Dir      : ./data
History Dir   : ./history
Weights Dir   : ./weights
Log Level     : debug
Purge Cache   : False

Timestamp : 2023-02-27 02:21:24.627634

INFO >> Running on CUDA

INFO >> Waiting for other process to finish processing
INFO >> Feature cache found for train split
INFO >> Feature cache found for test split
INFO >> Feature cache found for validation split

INFO >> Training Classifier

DEBUG >> Best state saved | Val Acc 28.41365337371826 | Test Acc 34.75935757160187

INFO >> Epoch: 1 |   Train Loss: 1.386 | Train Acc: 30.06 |   Val Loss: 1.365 | Val Acc: 28.41 |   Test Loss: 1.381 | Tes Acc: 34.76
INFO >> Epoch: 2 |   Train Loss: 1.369 | Train Acc: 31.29 |   Val Loss: 1.371 | Val Acc: 28.41 |   Test Loss: 1.383 | Tes Acc: 34.76
DEBUG >> Best state saved | Val Acc 30.923694372177124 | Test Acc 22.99465239048004

INFO >> Epoch: 3 |   Train Loss: 1.366 | Train Acc: 30.76 |   Val Loss: 1.367 | Val Acc: 30.92 |   Test Loss: 1.395 | Tes Acc: 22.99
INFO >> Epoch: 4 |   Train Loss: 1.364 | Train Acc: 30.91 |   Val Loss: 1.376 | Val Acc: 28.41 |   Test Loss: 1.399 | Tes Acc: 34.76
INFO >> Epoch: 5 |   Train Loss: 1.364 | Train Acc: 30.59 |   Val Loss: 1.367 | Val Acc: 30.92 |   Test Loss: 1.390 | Tes Acc: 22.99
INFO >> Epoch: 6 |   Train Loss: 1.363 | Train Acc: 30.24 |   Val Loss: 1.375 | Val Acc: 30.92 |   Test Loss: 1.400 | Tes Acc: 22.99
INFO >> Epoch: 7 |   Train Loss: 1.361 | Train Acc: 31.00 |   Val Loss: 1.366 | Val Acc: 30.92 |   Test Loss: 1.384 | Tes Acc: 22.99
INFO >> Epoch: 8 |   Train Loss: 1.362 | Train Acc: 32.26 |   Val Loss: 1.372 | Val Acc: 28.41 |   Test Loss: 1.373 | Tes Acc: 34.76
INFO >> Epoch: 9 |   Train Loss: 1.364 | Train Acc: 30.18 |   Val Loss: 1.372 | Val Acc: 30.92 |   Test Loss: 1.404 | Tes Acc: 22.99
INFO >> Epoch: 10 |   Train Loss: 1.363 | Train Acc: 30.97 |   Val Loss: 1.368 | Val Acc: 30.92 |   Test Loss: 1.391 | Tes Acc: 22.99
INFO >> Epoch: 11 |   Train Loss: 1.361 | Train Acc: 32.00 |   Val Loss: 1.375 | Val Acc: 28.41 |   Test Loss: 1.385 | Tes Acc: 34.76
INFO >> Epoch: 12 |   Train Loss: 1.363 | Train Acc: 28.95 |   Val Loss: 1.368 | Val Acc: 30.92 |   Test Loss: 1.388 | Tes Acc: 22.99
INFO >> Epoch: 13 |   Train Loss: 1.361 | Train Acc: 31.29 |   Val Loss: 1.366 | Val Acc: 28.41 |   Test Loss: 1.382 | Tes Acc: 34.76
INFO >> Epoch: 14 |   Train Loss: 1.361 | Train Acc: 30.94 |   Val Loss: 1.366 | Val Acc: 30.92 |   Test Loss: 1.392 | Tes Acc: 22.99
INFO >> Epoch: 15 |   Train Loss: 1.363 | Train Acc: 30.74 |   Val Loss: 1.367 | Val Acc: 30.92 |   Test Loss: 1.391 | Tes Acc: 22.99
INFO >> Epoch: 16 |   Train Loss: 1.361 | Train Acc: 30.09 |   Val Loss: 1.367 | Val Acc: 28.41 |   Test Loss: 1.388 | Tes Acc: 34.76
INFO >> Epoch: 17 |   Train Loss: 1.362 | Train Acc: 29.53 |   Val Loss: 1.369 | Val Acc: 28.41 |   Test Loss: 1.386 | Tes Acc: 34.76
INFO >> Epoch: 18 |   Train Loss: 1.361 | Train Acc: 30.50 |   Val Loss: 1.367 | Val Acc: 30.92 |   Test Loss: 1.387 | Tes Acc: 22.99
INFO >> Epoch: 19 |   Train Loss: 1.360 | Train Acc: 30.65 |   Val Loss: 1.365 | Val Acc: 30.92 |   Test Loss: 1.386 | Tes Acc: 22.99
INFO >> Epoch: 20 |   Train Loss: 1.360 | Train Acc: 31.41 |   Val Loss: 1.371 | Val Acc: 28.41 |   Test Loss: 1.383 | Tes Acc: 34.76


INFO >> Time Taken: 01:32

INFO >> Best Val Acc : 30.923694372177124 | Best Test A : 22.99465239048004

DEBUG >> Last state saved | Val Acc 28.41365337371826 | Test Acc 34.75935757160187

INFO >> History saved (./history/v1.1/IEMOCAP/GE2E/Run2/history.pt)
