
--------------------------------------------------
Multilingual SER System v1.5
--------------------------------------------------
Run Name      : Run1
Fx Model      : WAV2VEC2_BASE
Clf Model     : CM_PROBING_DENSE
Extract Mode  : gpu_memory
Dataset       : AESDD
Device        : gpu
Epochs        : 30
Num Workers   : 3
Data Dir      : ./data
History Dir   : ./history
Weights Dir   : ./weights
Log Level     : debug
Purge Cache   : False
Job Name      : Job85
Job Id        : 31668431
GPU           : Quadro RTX 8000
GPU Count     : 1
GPU Memory    : 44.49 GB

Timestamp : 2023-04-06 07:32:54.467978

INFO >> Running on CUDA


INFO >> Training Classifier

INFO >> Epoch: 1  |  Layer: 01  |  Train Loss: 1.642 | Train Acc: 19.13  |  Val Loss: 1.645 | Val Acc: 20.20  |  Test Loss: 1.588 | Tes Acc: 23.67
INFO >> Epoch: 1  |  Layer: 02  |  Train Loss: 1.627 | Train Acc: 19.46  |  Val Loss: 1.633 | Val Acc: 20.20  |  Test Loss: 1.589 | Tes Acc: 22.71
INFO >> Epoch: 1  |  Layer: 03  |  Train Loss: 1.617 | Train Acc: 18.46  |  Val Loss: 1.626 | Val Acc: 20.20  |  Test Loss: 1.592 | Tes Acc: 22.71
INFO >> Epoch: 1  |  Layer: 04  |  Train Loss: 1.617 | Train Acc: 20.47  |  Val Loss: 1.615 | Val Acc: 20.20  |  Test Loss: 1.593 | Tes Acc: 23.19
INFO >> Epoch: 1  |  Layer: 05  |  Train Loss: 1.615 | Train Acc: 20.81  |  Val Loss: 1.620 | Val Acc: 20.20  |  Test Loss: 1.592 | Tes Acc: 20.77
INFO >> Epoch: 1  |  Layer: 06  |  Train Loss: 1.614 | Train Acc: 21.14  |  Val Loss: 1.614 | Val Acc: 20.20  |  Test Loss: 1.588 | Tes Acc: 23.19
INFO >> Epoch: 1  |  Layer: 07  |  Train Loss: 1.612 | Train Acc: 22.48  |  Val Loss: 1.608 | Val Acc: 20.20  |  Test Loss: 1.590 | Tes Acc: 28.99
INFO >> Epoch: 1  |  Layer: 08  |  Train Loss: 1.616 | Train Acc: 21.48  |  Val Loss: 1.610 | Val Acc: 20.20  |  Test Loss: 1.591 | Tes Acc: 22.71
INFO >> Epoch: 1  |  Layer: 09  |  Train Loss: 1.611 | Train Acc: 23.49  |  Val Loss: 1.598 | Val Acc: 22.22  |  Test Loss: 1.589 | Tes Acc: 31.88
INFO >> Epoch: 1  |  Layer: 10  |  Train Loss: 1.611 | Train Acc: 23.15  |  Val Loss: 1.607 | Val Acc: 20.20  |  Test Loss: 1.591 | Tes Acc: 30.92
INFO >> Epoch: 1  |  Layer: 11  |  Train Loss: 1.610 | Train Acc: 22.48  |  Val Loss: 1.597 | Val Acc: 21.21  |  Test Loss: 1.590 | Tes Acc: 25.12
INFO >> Epoch: 1  |  Layer: 12  |  Train Loss: 1.610 | Train Acc: 23.83  |  Val Loss: 1.600 | Val Acc: 21.21  |  Test Loss: 1.590 | Tes Acc: 30.43
INFO >> Epoch: 1  |  Layer: 13  |  Train Loss: 1.610 | Train Acc: 22.82  |  Val Loss: 1.597 | Val Acc: 22.22  |  Test Loss: 1.593 | Tes Acc: 31.88

INFO >> Epoch: 2  |  Layer: 01  |  Train Loss: 1.602 | Train Acc: 20.81  |  Val Loss: 1.624 | Val Acc: 20.20  |  Test Loss: 1.582 | Tes Acc: 24.64
INFO >> Epoch: 2  |  Layer: 02  |  Train Loss: 1.599 | Train Acc: 19.80  |  Val Loss: 1.597 | Val Acc: 27.27  |  Test Loss: 1.581 | Tes Acc: 27.54
INFO >> Epoch: 2  |  Layer: 03  |  Train Loss: 1.588 | Train Acc: 20.47  |  Val Loss: 1.579 | Val Acc: 26.26  |  Test Loss: 1.578 | Tes Acc: 27.05
INFO >> Epoch: 2  |  Layer: 04  |  Train Loss: 1.590 | Train Acc: 21.81  |  Val Loss: 1.592 | Val Acc: 20.20  |  Test Loss: 1.580 | Tes Acc: 26.09
INFO >> Epoch: 2  |  Layer: 05  |  Train Loss: 1.590 | Train Acc: 21.14  |  Val Loss: 1.572 | Val Acc: 28.28  |  Test Loss: 1.572 | Tes Acc: 28.50
INFO >> Epoch: 2  |  Layer: 06  |  Train Loss: 1.581 | Train Acc: 22.15  |  Val Loss: 1.574 | Val Acc: 32.32  |  Test Loss: 1.568 | Tes Acc: 29.47
INFO >> Epoch: 2  |  Layer: 07  |  Train Loss: 1.585 | Train Acc: 23.83  |  Val Loss: 1.566 | Val Acc: 30.30  |  Test Loss: 1.569 | Tes Acc: 28.02
INFO >> Epoch: 2  |  Layer: 08  |  Train Loss: 1.585 | Train Acc: 21.14  |  Val Loss: 1.560 | Val Acc: 41.41  |  Test Loss: 1.566 | Tes Acc: 28.50
INFO >> Epoch: 2  |  Layer: 09  |  Train Loss: 1.581 | Train Acc: 23.49  |  Val Loss: 1.555 | Val Acc: 33.33  |  Test Loss: 1.558 | Tes Acc: 30.43
INFO >> Epoch: 2  |  Layer: 10  |  Train Loss: 1.585 | Train Acc: 24.83  |  Val Loss: 1.561 | Val Acc: 48.48  |  Test Loss: 1.560 | Tes Acc: 35.75
INFO >> Epoch: 2  |  Layer: 11  |  Train Loss: 1.578 | Train Acc: 24.83  |  Val Loss: 1.529 | Val Acc: 35.35  |  Test Loss: 1.561 | Tes Acc: 27.05
INFO >> Epoch: 2  |  Layer: 12  |  Train Loss: 1.581 | Train Acc: 24.50  |  Val Loss: 1.548 | Val Acc: 44.44  |  Test Loss: 1.559 | Tes Acc: 30.43
INFO >> Epoch: 2  |  Layer: 13  |  Train Loss: 1.584 | Train Acc: 24.50  |  Val Loss: 1.549 | Val Acc: 42.42  |  Test Loss: 1.566 | Tes Acc: 27.54

INFO >> Epoch: 3  |  Layer: 01  |  Train Loss: 1.562 | Train Acc: 26.85  |  Val Loss: 1.565 | Val Acc: 36.36  |  Test Loss: 1.568 | Tes Acc: 26.09
INFO >> Epoch: 3  |  Layer: 02  |  Train Loss: 1.559 | Train Acc: 28.52  |  Val Loss: 1.591 | Val Acc: 39.39  |  Test Loss: 1.563 | Tes Acc: 29.47
INFO >> Epoch: 3  |  Layer: 03  |  Train Loss: 1.538 | Train Acc: 30.87  |  Val Loss: 1.564 | Val Acc: 34.34  |  Test Loss: 1.541 | Tes Acc: 30.43
INFO >> Epoch: 3  |  Layer: 04  |  Train Loss: 1.540 | Train Acc: 27.18  |  Val Loss: 1.557 | Val Acc: 34.34  |  Test Loss: 1.544 | Tes Acc: 30.92
INFO >> Epoch: 3  |  Layer: 05  |  Train Loss: 1.535 | Train Acc: 29.87  |  Val Loss: 1.564 | Val Acc: 35.35  |  Test Loss: 1.525 | Tes Acc: 35.75
INFO >> Epoch: 3  |  Layer: 06  |  Train Loss: 1.517 | Train Acc: 33.89  |  Val Loss: 1.521 | Val Acc: 44.44  |  Test Loss: 1.519 | Tes Acc: 34.30
INFO >> Epoch: 3  |  Layer: 07  |  Train Loss: 1.521 | Train Acc: 32.55  |  Val Loss: 1.511 | Val Acc: 43.43  |  Test Loss: 1.510 | Tes Acc: 36.71
INFO >> Epoch: 3  |  Layer: 08  |  Train Loss: 1.519 | Train Acc: 32.89  |  Val Loss: 1.492 | Val Acc: 49.49  |  Test Loss: 1.506 | Tes Acc: 36.23
INFO >> Epoch: 3  |  Layer: 09  |  Train Loss: 1.509 | Train Acc: 34.56  |  Val Loss: 1.467 | Val Acc: 55.56  |  Test Loss: 1.494 | Tes Acc: 41.06
INFO >> Epoch: 3  |  Layer: 10  |  Train Loss: 1.502 | Train Acc: 38.93  |  Val Loss: 1.477 | Val Acc: 53.54  |  Test Loss: 1.484 | Tes Acc: 43.48
INFO >> Epoch: 3  |  Layer: 11  |  Train Loss: 1.503 | Train Acc: 32.89  |  Val Loss: 1.439 | Val Acc: 60.61  |  Test Loss: 1.468 | Tes Acc: 45.41
INFO >> Epoch: 3  |  Layer: 12  |  Train Loss: 1.504 | Train Acc: 33.56  |  Val Loss: 1.458 | Val Acc: 51.52  |  Test Loss: 1.478 | Tes Acc: 45.89
INFO >> Epoch: 3  |  Layer: 13  |  Train Loss: 1.517 | Train Acc: 32.89  |  Val Loss: 1.472 | Val Acc: 52.53  |  Test Loss: 1.491 | Tes Acc: 44.93

INFO >> Epoch: 4  |  Layer: 01  |  Train Loss: 1.520 | Train Acc: 28.52  |  Val Loss: 1.767 | Val Acc: 25.25  |  Test Loss: 1.535 | Tes Acc: 25.60
INFO >> Epoch: 4  |  Layer: 02  |  Train Loss: 1.518 | Train Acc: 29.19  |  Val Loss: 1.647 | Val Acc: 35.35  |  Test Loss: 1.542 | Tes Acc: 27.05
INFO >> Epoch: 4  |  Layer: 03  |  Train Loss: 1.479 | Train Acc: 33.22  |  Val Loss: 1.795 | Val Acc: 28.28  |  Test Loss: 1.542 | Tes Acc: 24.64
INFO >> Epoch: 4  |  Layer: 04  |  Train Loss: 1.490 | Train Acc: 32.89  |  Val Loss: 1.601 | Val Acc: 34.34  |  Test Loss: 1.512 | Tes Acc: 28.99
INFO >> Epoch: 4  |  Layer: 05  |  Train Loss: 1.475 | Train Acc: 32.55  |  Val Loss: 1.617 | Val Acc: 38.38  |  Test Loss: 1.473 | Tes Acc: 29.47
INFO >> Epoch: 4  |  Layer: 06  |  Train Loss: 1.439 | Train Acc: 33.89  |  Val Loss: 1.663 | Val Acc: 28.28  |  Test Loss: 1.499 | Tes Acc: 27.54
INFO >> Epoch: 4  |  Layer: 07  |  Train Loss: 1.428 | Train Acc: 35.91  |  Val Loss: 1.598 | Val Acc: 33.33  |  Test Loss: 1.470 | Tes Acc: 24.15
INFO >> Epoch: 4  |  Layer: 08  |  Train Loss: 1.418 | Train Acc: 36.91  |  Val Loss: 1.510 | Val Acc: 38.38  |  Test Loss: 1.435 | Tes Acc: 31.40
INFO >> Epoch: 4  |  Layer: 09  |  Train Loss: 1.399 | Train Acc: 39.60  |  Val Loss: 1.505 | Val Acc: 35.35  |  Test Loss: 1.423 | Tes Acc: 33.33
INFO >> Epoch: 4  |  Layer: 10  |  Train Loss: 1.370 | Train Acc: 40.94  |  Val Loss: 1.454 | Val Acc: 42.42  |  Test Loss: 1.413 | Tes Acc: 35.75
INFO >> Epoch: 4  |  Layer: 11  |  Train Loss: 1.362 | Train Acc: 44.97  |  Val Loss: 1.415 | Val Acc: 40.40  |  Test Loss: 1.399 | Tes Acc: 39.13
INFO >> Epoch: 4  |  Layer: 12  |  Train Loss: 1.378 | Train Acc: 41.28  |  Val Loss: 1.375 | Val Acc: 41.41  |  Test Loss: 1.382 | Tes Acc: 43.96
INFO >> Epoch: 4  |  Layer: 13  |  Train Loss: 1.392 | Train Acc: 41.28  |  Val Loss: 1.445 | Val Acc: 39.39  |  Test Loss: 1.419 | Tes Acc: 39.13

INFO >> Epoch: 5  |  Layer: 01  |  Train Loss: 1.444 | Train Acc: 34.90  |  Val Loss: 1.745 | Val Acc: 32.32  |  Test Loss: 1.508 | Tes Acc: 29.95
INFO >> Epoch: 5  |  Layer: 02  |  Train Loss: 1.454 | Train Acc: 35.23  |  Val Loss: 1.620 | Val Acc: 36.36  |  Test Loss: 1.510 | Tes Acc: 31.88
INFO >> Epoch: 5  |  Layer: 03  |  Train Loss: 1.400 | Train Acc: 37.25  |  Val Loss: 1.567 | Val Acc: 41.41  |  Test Loss: 1.470 | Tes Acc: 32.37
INFO >> Epoch: 5  |  Layer: 04  |  Train Loss: 1.399 | Train Acc: 38.26  |  Val Loss: 1.477 | Val Acc: 45.45  |  Test Loss: 1.473 | Tes Acc: 32.85
INFO >> Epoch: 5  |  Layer: 05  |  Train Loss: 1.377 | Train Acc: 38.93  |  Val Loss: 1.475 | Val Acc: 46.46  |  Test Loss: 1.436 | Tes Acc: 38.16
INFO >> Epoch: 5  |  Layer: 06  |  Train Loss: 1.336 | Train Acc: 43.96  |  Val Loss: 1.401 | Val Acc: 50.51  |  Test Loss: 1.400 | Tes Acc: 42.03
INFO >> Epoch: 5  |  Layer: 07  |  Train Loss: 1.302 | Train Acc: 42.95  |  Val Loss: 1.332 | Val Acc: 52.53  |  Test Loss: 1.324 | Tes Acc: 47.83
INFO >> Epoch: 5  |  Layer: 08  |  Train Loss: 1.276 | Train Acc: 43.62  |  Val Loss: 1.286 | Val Acc: 56.57  |  Test Loss: 1.298 | Tes Acc: 46.38
INFO >> Epoch: 5  |  Layer: 09  |  Train Loss: 1.232 | Train Acc: 50.00  |  Val Loss: 1.232 | Val Acc: 57.58  |  Test Loss: 1.249 | Tes Acc: 54.11
INFO >> Epoch: 5  |  Layer: 10  |  Train Loss: 1.223 | Train Acc: 44.63  |  Val Loss: 1.235 | Val Acc: 56.57  |  Test Loss: 1.272 | Tes Acc: 46.86
INFO >> Epoch: 5  |  Layer: 11  |  Train Loss: 1.213 | Train Acc: 51.34  |  Val Loss: 1.166 | Val Acc: 58.59  |  Test Loss: 1.231 | Tes Acc: 52.17
INFO >> Epoch: 5  |  Layer: 12  |  Train Loss: 1.219 | Train Acc: 49.66  |  Val Loss: 1.197 | Val Acc: 57.58  |  Test Loss: 1.242 | Tes Acc: 51.21
INFO >> Epoch: 5  |  Layer: 13  |  Train Loss: 1.241 | Train Acc: 49.66  |  Val Loss: 1.213 | Val Acc: 61.62  |  Test Loss: 1.262 | Tes Acc: 48.79

INFO >> Epoch: 6  |  Layer: 01  |  Train Loss: 1.502 | Train Acc: 29.53  |  Val Loss: 1.759 | Val Acc: 32.32  |  Test Loss: 1.508 | Tes Acc: 28.02
INFO >> Epoch: 6  |  Layer: 02  |  Train Loss: 1.466 | Train Acc: 32.21  |  Val Loss: 1.654 | Val Acc: 32.32  |  Test Loss: 1.530 | Tes Acc: 30.92
INFO >> Epoch: 6  |  Layer: 03  |  Train Loss: 1.388 | Train Acc: 37.25  |  Val Loss: 1.568 | Val Acc: 38.38  |  Test Loss: 1.474 | Tes Acc: 35.27
INFO >> Epoch: 6  |  Layer: 04  |  Train Loss: 1.375 | Train Acc: 36.58  |  Val Loss: 1.514 | Val Acc: 39.39  |  Test Loss: 1.467 | Tes Acc: 32.37
INFO >> Epoch: 6  |  Layer: 05  |  Train Loss: 1.340 | Train Acc: 38.93  |  Val Loss: 1.460 | Val Acc: 39.39  |  Test Loss: 1.406 | Tes Acc: 42.03
INFO >> Epoch: 6  |  Layer: 06  |  Train Loss: 1.279 | Train Acc: 46.64  |  Val Loss: 1.431 | Val Acc: 43.43  |  Test Loss: 1.369 | Tes Acc: 42.51
INFO >> Epoch: 6  |  Layer: 07  |  Train Loss: 1.184 | Train Acc: 52.01  |  Val Loss: 1.217 | Val Acc: 50.51  |  Test Loss: 1.315 | Tes Acc: 38.65
INFO >> Epoch: 6  |  Layer: 08  |  Train Loss: 1.153 | Train Acc: 54.03  |  Val Loss: 1.161 | Val Acc: 44.44  |  Test Loss: 1.313 | Tes Acc: 37.68
INFO >> Epoch: 6  |  Layer: 09  |  Train Loss: 1.080 | Train Acc: 55.03  |  Val Loss: 1.097 | Val Acc: 62.63  |  Test Loss: 1.271 | Tes Acc: 51.21
INFO >> Epoch: 6  |  Layer: 10  |  Train Loss: 1.088 | Train Acc: 54.70  |  Val Loss: 1.113 | Val Acc: 42.42  |  Test Loss: 1.284 | Tes Acc: 42.51
INFO >> Epoch: 6  |  Layer: 11  |  Train Loss: 1.081 | Train Acc: 55.70  |  Val Loss: 1.061 | Val Acc: 64.65  |  Test Loss: 1.203 | Tes Acc: 57.49
INFO >> Epoch: 6  |  Layer: 12  |  Train Loss: 1.090 | Train Acc: 57.05  |  Val Loss: 1.070 | Val Acc: 65.66  |  Test Loss: 1.205 | Tes Acc: 55.56
INFO >> Epoch: 6  |  Layer: 13  |  Train Loss: 1.112 | Train Acc: 54.03  |  Val Loss: 1.103 | Val Acc: 64.65  |  Test Loss: 1.212 | Tes Acc: 52.17

INFO >> Epoch: 7  |  Layer: 01  |  Train Loss: 1.417 | Train Acc: 40.94  |  Val Loss: 1.492 | Val Acc: 45.45  |  Test Loss: 1.526 | Tes Acc: 32.37
INFO >> Epoch: 7  |  Layer: 02  |  Train Loss: 1.379 | Train Acc: 43.96  |  Val Loss: 1.347 | Val Acc: 51.52  |  Test Loss: 1.539 | Tes Acc: 29.47
INFO >> Epoch: 7  |  Layer: 03  |  Train Loss: 1.297 | Train Acc: 49.66  |  Val Loss: 1.302 | Val Acc: 52.53  |  Test Loss: 1.484 | Tes Acc: 32.85
INFO >> Epoch: 7  |  Layer: 04  |  Train Loss: 1.277 | Train Acc: 49.33  |  Val Loss: 1.249 | Val Acc: 53.54  |  Test Loss: 1.455 | Tes Acc: 36.23
INFO >> Epoch: 7  |  Layer: 05  |  Train Loss: 1.210 | Train Acc: 55.37  |  Val Loss: 1.168 | Val Acc: 53.54  |  Test Loss: 1.375 | Tes Acc: 43.48
INFO >> Epoch: 7  |  Layer: 06  |  Train Loss: 1.159 | Train Acc: 54.03  |  Val Loss: 1.154 | Val Acc: 58.59  |  Test Loss: 1.309 | Tes Acc: 43.96
INFO >> Epoch: 7  |  Layer: 07  |  Train Loss: 1.072 | Train Acc: 57.38  |  Val Loss: 1.021 | Val Acc: 62.63  |  Test Loss: 1.257 | Tes Acc: 43.00
INFO >> Epoch: 7  |  Layer: 08  |  Train Loss: 1.038 | Train Acc: 61.41  |  Val Loss: 1.029 | Val Acc: 52.53  |  Test Loss: 1.245 | Tes Acc: 45.41
INFO >> Epoch: 7  |  Layer: 09  |  Train Loss: 0.949 | Train Acc: 64.77  |  Val Loss: 0.952 | Val Acc: 60.61  |  Test Loss: 1.173 | Tes Acc: 50.24
INFO >> Epoch: 7  |  Layer: 10  |  Train Loss: 0.994 | Train Acc: 60.07  |  Val Loss: 1.060 | Val Acc: 49.49  |  Test Loss: 1.232 | Tes Acc: 47.34
INFO >> Epoch: 7  |  Layer: 11  |  Train Loss: 0.931 | Train Acc: 69.46  |  Val Loss: 0.976 | Val Acc: 57.58  |  Test Loss: 1.145 | Tes Acc: 55.56
INFO >> Epoch: 7  |  Layer: 12  |  Train Loss: 0.932 | Train Acc: 74.50  |  Val Loss: 0.946 | Val Acc: 61.62  |  Test Loss: 1.124 | Tes Acc: 54.59
INFO >> Epoch: 7  |  Layer: 13  |  Train Loss: 0.952 | Train Acc: 68.79  |  Val Loss: 0.982 | Val Acc: 61.62  |  Test Loss: 1.135 | Tes Acc: 56.04

INFO >> Epoch: 8  |  Layer: 01  |  Train Loss: 1.337 | Train Acc: 45.97  |  Val Loss: 1.569 | Val Acc: 40.40  |  Test Loss: 1.490 | Tes Acc: 32.37
INFO >> Epoch: 8  |  Layer: 02  |  Train Loss: 1.291 | Train Acc: 44.63  |  Val Loss: 1.514 | Val Acc: 41.41  |  Test Loss: 1.477 | Tes Acc: 29.95
INFO >> Epoch: 8  |  Layer: 03  |  Train Loss: 1.191 | Train Acc: 46.31  |  Val Loss: 1.331 | Val Acc: 46.46  |  Test Loss: 1.416 | Tes Acc: 39.61
INFO >> Epoch: 8  |  Layer: 04  |  Train Loss: 1.159 | Train Acc: 52.35  |  Val Loss: 1.226 | Val Acc: 55.56  |  Test Loss: 1.360 | Tes Acc: 43.48
INFO >> Epoch: 8  |  Layer: 05  |  Train Loss: 1.077 | Train Acc: 54.70  |  Val Loss: 1.063 | Val Acc: 57.58  |  Test Loss: 1.470 | Tes Acc: 36.71
INFO >> Epoch: 8  |  Layer: 06  |  Train Loss: 1.020 | Train Acc: 55.70  |  Val Loss: 1.014 | Val Acc: 70.71  |  Test Loss: 1.290 | Tes Acc: 47.83
INFO >> Epoch: 8  |  Layer: 07  |  Train Loss: 0.920 | Train Acc: 61.74  |  Val Loss: 0.952 | Val Acc: 60.61  |  Test Loss: 1.278 | Tes Acc: 50.72
INFO >> Epoch: 8  |  Layer: 08  |  Train Loss: 0.867 | Train Acc: 65.10  |  Val Loss: 0.918 | Val Acc: 61.62  |  Test Loss: 1.147 | Tes Acc: 53.14
INFO >> Epoch: 8  |  Layer: 09  |  Train Loss: 0.771 | Train Acc: 70.47  |  Val Loss: 0.837 | Val Acc: 66.67  |  Test Loss: 1.101 | Tes Acc: 59.90
INFO >> Epoch: 8  |  Layer: 10  |  Train Loss: 0.821 | Train Acc: 67.79  |  Val Loss: 0.982 | Val Acc: 54.55  |  Test Loss: 1.143 | Tes Acc: 48.79
INFO >> Epoch: 8  |  Layer: 11  |  Train Loss: 0.777 | Train Acc: 69.80  |  Val Loss: 0.925 | Val Acc: 61.62  |  Test Loss: 1.124 | Tes Acc: 52.17
INFO >> Epoch: 8  |  Layer: 12  |  Train Loss: 0.768 | Train Acc: 71.14  |  Val Loss: 0.911 | Val Acc: 57.58  |  Test Loss: 1.063 | Tes Acc: 61.35
INFO >> Epoch: 8  |  Layer: 13  |  Train Loss: 0.772 | Train Acc: 71.48  |  Val Loss: 0.880 | Val Acc: 63.64  |  Test Loss: 1.070 | Tes Acc: 53.62

INFO >> Epoch: 9  |  Layer: 01  |  Train Loss: 1.411 | Train Acc: 33.89  |  Val Loss: 1.954 | Val Acc: 39.39  |  Test Loss: 1.530 | Tes Acc: 29.95
INFO >> Epoch: 9  |  Layer: 02  |  Train Loss: 1.388 | Train Acc: 39.26  |  Val Loss: 2.164 | Val Acc: 39.39  |  Test Loss: 1.661 | Tes Acc: 27.54
INFO >> Epoch: 9  |  Layer: 03  |  Train Loss: 1.283 | Train Acc: 45.97  |  Val Loss: 2.050 | Val Acc: 40.40  |  Test Loss: 1.586 | Tes Acc: 31.88
INFO >> Epoch: 9  |  Layer: 04  |  Train Loss: 1.232 | Train Acc: 47.32  |  Val Loss: 1.929 | Val Acc: 43.43  |  Test Loss: 1.497 | Tes Acc: 35.75
INFO >> Epoch: 9  |  Layer: 05  |  Train Loss: 1.049 | Train Acc: 53.02  |  Val Loss: 1.200 | Val Acc: 44.44  |  Test Loss: 1.488 | Tes Acc: 32.85
INFO >> Epoch: 9  |  Layer: 06  |  Train Loss: 1.061 | Train Acc: 54.70  |  Val Loss: 1.414 | Val Acc: 52.53  |  Test Loss: 1.301 | Tes Acc: 41.55
INFO >> Epoch: 9  |  Layer: 07  |  Train Loss: 0.909 | Train Acc: 55.70  |  Val Loss: 0.997 | Val Acc: 63.64  |  Test Loss: 1.209 | Tes Acc: 48.31
INFO >> Epoch: 9  |  Layer: 08  |  Train Loss: 0.826 | Train Acc: 63.76  |  Val Loss: 0.969 | Val Acc: 60.61  |  Test Loss: 1.239 | Tes Acc: 49.76
INFO >> Epoch: 9  |  Layer: 09  |  Train Loss: 0.722 | Train Acc: 72.48  |  Val Loss: 0.971 | Val Acc: 60.61  |  Test Loss: 1.157 | Tes Acc: 53.14
INFO >> Epoch: 9  |  Layer: 10  |  Train Loss: 0.780 | Train Acc: 68.46  |  Val Loss: 0.962 | Val Acc: 58.59  |  Test Loss: 1.075 | Tes Acc: 57.49
INFO >> Epoch: 9  |  Layer: 11  |  Train Loss: 0.736 | Train Acc: 70.47  |  Val Loss: 1.005 | Val Acc: 61.62  |  Test Loss: 1.044 | Tes Acc: 59.42
INFO >> Epoch: 9  |  Layer: 12  |  Train Loss: 0.708 | Train Acc: 71.14  |  Val Loss: 1.059 | Val Acc: 56.57  |  Test Loss: 1.099 | Tes Acc: 56.04
INFO >> Epoch: 9  |  Layer: 13  |  Train Loss: 0.734 | Train Acc: 69.80  |  Val Loss: 1.102 | Val Acc: 50.51  |  Test Loss: 1.141 | Tes Acc: 57.97

INFO >> Epoch: 10  |  Layer: 01  |  Train Loss: 1.339 | Train Acc: 40.60  |  Val Loss: 1.378 | Val Acc: 45.45  |  Test Loss: 1.550 | Tes Acc: 28.02
INFO >> Epoch: 10  |  Layer: 02  |  Train Loss: 1.277 | Train Acc: 44.30  |  Val Loss: 1.243 | Val Acc: 44.44  |  Test Loss: 1.528 | Tes Acc: 31.88
INFO >> Epoch: 10  |  Layer: 03  |  Train Loss: 1.175 | Train Acc: 52.35  |  Val Loss: 1.223 | Val Acc: 45.45  |  Test Loss: 1.465 | Tes Acc: 33.82
INFO >> Epoch: 10  |  Layer: 04  |  Train Loss: 1.107 | Train Acc: 53.69  |  Val Loss: 1.189 | Val Acc: 47.47  |  Test Loss: 1.355 | Tes Acc: 37.20
INFO >> Epoch: 10  |  Layer: 05  |  Train Loss: 1.115 | Train Acc: 60.07  |  Val Loss: 1.420 | Val Acc: 41.41  |  Test Loss: 1.429 | Tes Acc: 36.23
INFO >> Epoch: 10  |  Layer: 06  |  Train Loss: 0.958 | Train Acc: 69.46  |  Val Loss: 1.411 | Val Acc: 44.44  |  Test Loss: 1.181 | Tes Acc: 55.56
INFO >> Epoch: 10  |  Layer: 07  |  Train Loss: 0.947 | Train Acc: 67.79  |  Val Loss: 1.491 | Val Acc: 47.47  |  Test Loss: 1.167 | Tes Acc: 48.79
INFO >> Epoch: 10  |  Layer: 08  |  Train Loss: 0.850 | Train Acc: 67.45  |  Val Loss: 1.294 | Val Acc: 44.44  |  Test Loss: 1.192 | Tes Acc: 46.86
INFO >> Epoch: 10  |  Layer: 09  |  Train Loss: 0.784 | Train Acc: 69.46  |  Val Loss: 1.189 | Val Acc: 45.45  |  Test Loss: 1.108 | Tes Acc: 52.17
INFO >> Epoch: 10  |  Layer: 10  |  Train Loss: 0.749 | Train Acc: 74.50  |  Val Loss: 1.430 | Val Acc: 47.47  |  Test Loss: 1.392 | Tes Acc: 45.41
INFO >> Epoch: 10  |  Layer: 11  |  Train Loss: 0.735 | Train Acc: 76.51  |  Val Loss: 1.450 | Val Acc: 44.44  |  Test Loss: 1.231 | Tes Acc: 49.28
INFO >> Epoch: 10  |  Layer: 12  |  Train Loss: 0.719 | Train Acc: 74.50  |  Val Loss: 1.255 | Val Acc: 48.48  |  Test Loss: 1.081 | Tes Acc: 52.66
INFO >> Epoch: 10  |  Layer: 13  |  Train Loss: 0.732 | Train Acc: 73.83  |  Val Loss: 1.111 | Val Acc: 52.53  |  Test Loss: 1.159 | Tes Acc: 55.07

INFO >> Epoch: 11  |  Layer: 01  |  Train Loss: 1.311 | Train Acc: 43.62  |  Val Loss: 1.492 | Val Acc: 38.38  |  Test Loss: 1.579 | Tes Acc: 28.99
INFO >> Epoch: 11  |  Layer: 02  |  Train Loss: 1.273 | Train Acc: 47.99  |  Val Loss: 1.777 | Val Acc: 33.33  |  Test Loss: 1.630 | Tes Acc: 33.82
INFO >> Epoch: 11  |  Layer: 03  |  Train Loss: 1.137 | Train Acc: 54.03  |  Val Loss: 1.647 | Val Acc: 39.39  |  Test Loss: 1.552 | Tes Acc: 35.27
INFO >> Epoch: 11  |  Layer: 04  |  Train Loss: 1.071 | Train Acc: 57.05  |  Val Loss: 1.497 | Val Acc: 40.40  |  Test Loss: 1.476 | Tes Acc: 42.51
INFO >> Epoch: 11  |  Layer: 05  |  Train Loss: 1.025 | Train Acc: 61.74  |  Val Loss: 1.155 | Val Acc: 53.54  |  Test Loss: 1.314 | Tes Acc: 45.89
INFO >> Epoch: 11  |  Layer: 06  |  Train Loss: 0.854 | Train Acc: 67.45  |  Val Loss: 1.051 | Val Acc: 62.63  |  Test Loss: 1.163 | Tes Acc: 55.56
INFO >> Epoch: 11  |  Layer: 07  |  Train Loss: 0.767 | Train Acc: 70.13  |  Val Loss: 0.980 | Val Acc: 60.61  |  Test Loss: 1.110 | Tes Acc: 55.56
INFO >> Epoch: 11  |  Layer: 08  |  Train Loss: 0.720 | Train Acc: 75.17  |  Val Loss: 0.969 | Val Acc: 55.56  |  Test Loss: 1.086 | Tes Acc: 52.17
INFO >> Epoch: 11  |  Layer: 09  |  Train Loss: 0.632 | Train Acc: 76.17  |  Val Loss: 0.955 | Val Acc: 59.60  |  Test Loss: 1.058 | Tes Acc: 54.11
INFO >> Epoch: 11  |  Layer: 10  |  Train Loss: 0.680 | Train Acc: 77.18  |  Val Loss: 1.056 | Val Acc: 48.48  |  Test Loss: 1.069 | Tes Acc: 55.07
INFO >> Epoch: 11  |  Layer: 11  |  Train Loss: 0.623 | Train Acc: 79.87  |  Val Loss: 0.874 | Val Acc: 56.57  |  Test Loss: 1.064 | Tes Acc: 53.62
INFO >> Epoch: 11  |  Layer: 12  |  Train Loss: 0.604 | Train Acc: 78.19  |  Val Loss: 0.955 | Val Acc: 54.55  |  Test Loss: 1.066 | Tes Acc: 51.21
INFO >> Epoch: 11  |  Layer: 13  |  Train Loss: 0.635 | Train Acc: 76.85  |  Val Loss: 0.853 | Val Acc: 62.63  |  Test Loss: 1.029 | Tes Acc: 55.07

INFO >> Epoch: 12  |  Layer: 01  |  Train Loss: 1.215 | Train Acc: 47.32  |  Val Loss: 1.119 | Val Acc: 53.54  |  Test Loss: 1.532 | Tes Acc: 33.33
INFO >> Epoch: 12  |  Layer: 02  |  Train Loss: 1.176 | Train Acc: 48.66  |  Val Loss: 1.295 | Val Acc: 48.48  |  Test Loss: 1.485 | Tes Acc: 35.27
INFO >> Epoch: 12  |  Layer: 03  |  Train Loss: 1.040 | Train Acc: 59.06  |  Val Loss: 1.155 | Val Acc: 51.52  |  Test Loss: 1.398 | Tes Acc: 40.10
INFO >> Epoch: 12  |  Layer: 04  |  Train Loss: 0.971 | Train Acc: 62.42  |  Val Loss: 0.929 | Val Acc: 68.69  |  Test Loss: 1.297 | Tes Acc: 47.34
INFO >> Epoch: 12  |  Layer: 05  |  Train Loss: 0.891 | Train Acc: 67.79  |  Val Loss: 0.846 | Val Acc: 73.74  |  Test Loss: 1.207 | Tes Acc: 54.59
INFO >> Epoch: 12  |  Layer: 06  |  Train Loss: 0.760 | Train Acc: 76.85  |  Val Loss: 0.772 | Val Acc: 74.75  |  Test Loss: 1.113 | Tes Acc: 57.00
INFO >> Epoch: 12  |  Layer: 07  |  Train Loss: 0.695 | Train Acc: 75.84  |  Val Loss: 0.620 | Val Acc: 74.75  |  Test Loss: 1.069 | Tes Acc: 59.42
INFO >> Epoch: 12  |  Layer: 08  |  Train Loss: 0.645 | Train Acc: 78.19  |  Val Loss: 0.641 | Val Acc: 71.72  |  Test Loss: 1.014 | Tes Acc: 57.97
INFO >> Epoch: 12  |  Layer: 09  |  Train Loss: 0.605 | Train Acc: 78.86  |  Val Loss: 0.675 | Val Acc: 70.71  |  Test Loss: 0.938 | Tes Acc: 66.67
INFO >> Epoch: 12  |  Layer: 10  |  Train Loss: 0.595 | Train Acc: 78.19  |  Val Loss: 0.749 | Val Acc: 65.66  |  Test Loss: 0.996 | Tes Acc: 58.45
INFO >> Epoch: 12  |  Layer: 11  |  Train Loss: 0.584 | Train Acc: 78.86  |  Val Loss: 0.782 | Val Acc: 65.66  |  Test Loss: 0.955 | Tes Acc: 61.84
INFO >> Epoch: 12  |  Layer: 12  |  Train Loss: 0.577 | Train Acc: 77.85  |  Val Loss: 0.842 | Val Acc: 61.62  |  Test Loss: 0.957 | Tes Acc: 64.25
INFO >> Epoch: 12  |  Layer: 13  |  Train Loss: 0.626 | Train Acc: 78.52  |  Val Loss: 0.805 | Val Acc: 63.64  |  Test Loss: 0.990 | Tes Acc: 58.94

INFO >> Epoch: 13  |  Layer: 01  |  Train Loss: 1.181 | Train Acc: 54.03  |  Val Loss: 1.482 | Val Acc: 40.40  |  Test Loss: 1.589 | Tes Acc: 33.33
INFO >> Epoch: 13  |  Layer: 02  |  Train Loss: 1.134 | Train Acc: 54.36  |  Val Loss: 1.928 | Val Acc: 35.35  |  Test Loss: 1.595 | Tes Acc: 36.71
INFO >> Epoch: 13  |  Layer: 03  |  Train Loss: 0.995 | Train Acc: 60.07  |  Val Loss: 1.379 | Val Acc: 44.44  |  Test Loss: 1.430 | Tes Acc: 42.51
INFO >> Epoch: 13  |  Layer: 04  |  Train Loss: 0.898 | Train Acc: 62.75  |  Val Loss: 1.261 | Val Acc: 46.46  |  Test Loss: 1.428 | Tes Acc: 48.31
INFO >> Epoch: 13  |  Layer: 05  |  Train Loss: 0.819 | Train Acc: 72.15  |  Val Loss: 1.236 | Val Acc: 49.49  |  Test Loss: 1.304 | Tes Acc: 46.38
INFO >> Epoch: 13  |  Layer: 06  |  Train Loss: 0.674 | Train Acc: 76.17  |  Val Loss: 0.860 | Val Acc: 68.69  |  Test Loss: 1.111 | Tes Acc: 52.66
INFO >> Epoch: 13  |  Layer: 07  |  Train Loss: 0.558 | Train Acc: 83.89  |  Val Loss: 0.688 | Val Acc: 71.72  |  Test Loss: 0.987 | Tes Acc: 65.70
INFO >> Epoch: 13  |  Layer: 08  |  Train Loss: 0.508 | Train Acc: 84.23  |  Val Loss: 0.708 | Val Acc: 69.70  |  Test Loss: 0.970 | Tes Acc: 66.67
INFO >> Epoch: 13  |  Layer: 09  |  Train Loss: 0.458 | Train Acc: 86.58  |  Val Loss: 0.672 | Val Acc: 70.71  |  Test Loss: 0.926 | Tes Acc: 70.53
INFO >> Epoch: 13  |  Layer: 10  |  Train Loss: 0.477 | Train Acc: 83.89  |  Val Loss: 0.927 | Val Acc: 58.59  |  Test Loss: 1.100 | Tes Acc: 54.11
INFO >> Epoch: 13  |  Layer: 11  |  Train Loss: 0.451 | Train Acc: 87.92  |  Val Loss: 0.826 | Val Acc: 64.65  |  Test Loss: 0.942 | Tes Acc: 62.80
INFO >> Epoch: 13  |  Layer: 12  |  Train Loss: 0.446 | Train Acc: 86.58  |  Val Loss: 0.853 | Val Acc: 63.64  |  Test Loss: 0.921 | Tes Acc: 67.63
INFO >> Epoch: 13  |  Layer: 13  |  Train Loss: 0.489 | Train Acc: 84.90  |  Val Loss: 0.949 | Val Acc: 60.61  |  Test Loss: 1.047 | Tes Acc: 55.56

INFO >> Epoch: 14  |  Layer: 01  |  Train Loss: 1.068 | Train Acc: 54.03  |  Val Loss: 1.921 | Val Acc: 33.33  |  Test Loss: 1.648 | Tes Acc: 31.88
INFO >> Epoch: 14  |  Layer: 02  |  Train Loss: 0.996 | Train Acc: 59.40  |  Val Loss: 1.755 | Val Acc: 38.38  |  Test Loss: 1.554 | Tes Acc: 37.20
INFO >> Epoch: 14  |  Layer: 03  |  Train Loss: 0.846 | Train Acc: 70.47  |  Val Loss: 2.098 | Val Acc: 37.37  |  Test Loss: 1.636 | Tes Acc: 40.58
INFO >> Epoch: 14  |  Layer: 04  |  Train Loss: 0.779 | Train Acc: 68.79  |  Val Loss: 1.703 | Val Acc: 42.42  |  Test Loss: 1.501 | Tes Acc: 41.06
INFO >> Epoch: 14  |  Layer: 05  |  Train Loss: 0.713 | Train Acc: 74.50  |  Val Loss: 0.810 | Val Acc: 72.73  |  Test Loss: 1.119 | Tes Acc: 56.52
INFO >> Epoch: 14  |  Layer: 06  |  Train Loss: 0.579 | Train Acc: 76.51  |  Val Loss: 1.304 | Val Acc: 49.49  |  Test Loss: 1.315 | Tes Acc: 50.24
INFO >> Epoch: 14  |  Layer: 07  |  Train Loss: 0.487 | Train Acc: 81.54  |  Val Loss: 0.864 | Val Acc: 66.67  |  Test Loss: 1.072 | Tes Acc: 60.39
INFO >> Epoch: 14  |  Layer: 08  |  Train Loss: 0.449 | Train Acc: 84.56  |  Val Loss: 0.799 | Val Acc: 67.68  |  Test Loss: 1.032 | Tes Acc: 61.84
INFO >> Epoch: 14  |  Layer: 09  |  Train Loss: 0.385 | Train Acc: 85.57  |  Val Loss: 0.845 | Val Acc: 66.67  |  Test Loss: 0.982 | Tes Acc: 62.32
INFO >> Epoch: 14  |  Layer: 10  |  Train Loss: 0.444 | Train Acc: 83.56  |  Val Loss: 0.704 | Val Acc: 66.67  |  Test Loss: 0.991 | Tes Acc: 64.25
INFO >> Epoch: 14  |  Layer: 11  |  Train Loss: 0.400 | Train Acc: 87.58  |  Val Loss: 0.720 | Val Acc: 67.68  |  Test Loss: 0.913 | Tes Acc: 66.18
INFO >> Epoch: 14  |  Layer: 12  |  Train Loss: 0.373 | Train Acc: 86.91  |  Val Loss: 0.843 | Val Acc: 63.64  |  Test Loss: 0.946 | Tes Acc: 63.77
INFO >> Epoch: 14  |  Layer: 13  |  Train Loss: 0.436 | Train Acc: 83.89  |  Val Loss: 0.728 | Val Acc: 67.68  |  Test Loss: 0.886 | Tes Acc: 68.60

INFO >> Epoch: 15  |  Layer: 01  |  Train Loss: 1.089 | Train Acc: 56.38  |  Val Loss: 1.098 | Val Acc: 52.53  |  Test Loss: 1.544 | Tes Acc: 37.20
INFO >> Epoch: 15  |  Layer: 02  |  Train Loss: 0.956 | Train Acc: 60.74  |  Val Loss: 1.149 | Val Acc: 51.52  |  Test Loss: 1.551 | Tes Acc: 40.10
INFO >> Epoch: 15  |  Layer: 03  |  Train Loss: 0.861 | Train Acc: 64.09  |  Val Loss: 1.232 | Val Acc: 49.49  |  Test Loss: 1.485 | Tes Acc: 39.13
INFO >> Epoch: 15  |  Layer: 04  |  Train Loss: 0.789 | Train Acc: 67.11  |  Val Loss: 0.839 | Val Acc: 65.66  |  Test Loss: 1.304 | Tes Acc: 49.28
INFO >> Epoch: 15  |  Layer: 05  |  Train Loss: 0.646 | Train Acc: 72.15  |  Val Loss: 0.951 | Val Acc: 59.60  |  Test Loss: 1.276 | Tes Acc: 51.21
INFO >> Epoch: 15  |  Layer: 06  |  Train Loss: 0.592 | Train Acc: 75.50  |  Val Loss: 0.909 | Val Acc: 57.58  |  Test Loss: 1.241 | Tes Acc: 53.14
INFO >> Epoch: 15  |  Layer: 07  |  Train Loss: 0.487 | Train Acc: 80.54  |  Val Loss: 0.578 | Val Acc: 71.72  |  Test Loss: 1.084 | Tes Acc: 62.32
INFO >> Epoch: 15  |  Layer: 08  |  Train Loss: 0.442 | Train Acc: 81.88  |  Val Loss: 0.667 | Val Acc: 63.64  |  Test Loss: 1.032 | Tes Acc: 64.73
INFO >> Epoch: 15  |  Layer: 09  |  Train Loss: 0.384 | Train Acc: 85.57  |  Val Loss: 0.777 | Val Acc: 62.63  |  Test Loss: 1.023 | Tes Acc: 64.73
INFO >> Epoch: 15  |  Layer: 10  |  Train Loss: 0.384 | Train Acc: 84.23  |  Val Loss: 0.753 | Val Acc: 64.65  |  Test Loss: 1.021 | Tes Acc: 61.35
INFO >> Epoch: 15  |  Layer: 11  |  Train Loss: 0.371 | Train Acc: 85.57  |  Val Loss: 0.818 | Val Acc: 59.60  |  Test Loss: 1.061 | Tes Acc: 62.32
INFO >> Epoch: 15  |  Layer: 12  |  Train Loss: 0.340 | Train Acc: 88.59  |  Val Loss: 0.765 | Val Acc: 63.64  |  Test Loss: 0.991 | Tes Acc: 66.18
INFO >> Epoch: 15  |  Layer: 13  |  Train Loss: 0.385 | Train Acc: 86.58  |  Val Loss: 0.798 | Val Acc: 61.62  |  Test Loss: 1.038 | Tes Acc: 62.32

INFO >> Epoch: 16  |  Layer: 01  |  Train Loss: 0.977 | Train Acc: 59.73  |  Val Loss: 1.273 | Val Acc: 50.51  |  Test Loss: 1.801 | Tes Acc: 34.78
INFO >> Epoch: 16  |  Layer: 02  |  Train Loss: 0.910 | Train Acc: 60.40  |  Val Loss: 1.203 | Val Acc: 53.54  |  Test Loss: 1.825 | Tes Acc: 32.37
INFO >> Epoch: 16  |  Layer: 03  |  Train Loss: 0.781 | Train Acc: 64.09  |  Val Loss: 1.192 | Val Acc: 51.52  |  Test Loss: 1.595 | Tes Acc: 36.23
INFO >> Epoch: 16  |  Layer: 04  |  Train Loss: 0.690 | Train Acc: 73.15  |  Val Loss: 0.915 | Val Acc: 57.58  |  Test Loss: 1.372 | Tes Acc: 42.51
INFO >> Epoch: 16  |  Layer: 05  |  Train Loss: 0.634 | Train Acc: 75.50  |  Val Loss: 0.844 | Val Acc: 67.68  |  Test Loss: 1.105 | Tes Acc: 58.94
INFO >> Epoch: 16  |  Layer: 06  |  Train Loss: 0.512 | Train Acc: 83.22  |  Val Loss: 0.536 | Val Acc: 78.79  |  Test Loss: 1.120 | Tes Acc: 56.52
INFO >> Epoch: 16  |  Layer: 07  |  Train Loss: 0.438 | Train Acc: 86.24  |  Val Loss: 0.598 | Val Acc: 72.73  |  Test Loss: 0.993 | Tes Acc: 66.18
INFO >> Epoch: 16  |  Layer: 08  |  Train Loss: 0.412 | Train Acc: 85.91  |  Val Loss: 0.739 | Val Acc: 65.66  |  Test Loss: 0.957 | Tes Acc: 65.70
INFO >> Epoch: 16  |  Layer: 09  |  Train Loss: 0.376 | Train Acc: 86.58  |  Val Loss: 0.701 | Val Acc: 65.66  |  Test Loss: 0.987 | Tes Acc: 63.29
INFO >> Epoch: 16  |  Layer: 10  |  Train Loss: 0.377 | Train Acc: 86.24  |  Val Loss: 0.759 | Val Acc: 62.63  |  Test Loss: 0.878 | Tes Acc: 70.05
INFO >> Epoch: 16  |  Layer: 11  |  Train Loss: 0.365 | Train Acc: 88.26  |  Val Loss: 0.731 | Val Acc: 62.63  |  Test Loss: 0.946 | Tes Acc: 65.22
INFO >> Epoch: 16  |  Layer: 12  |  Train Loss: 0.336 | Train Acc: 88.93  |  Val Loss: 0.788 | Val Acc: 62.63  |  Test Loss: 0.993 | Tes Acc: 63.77
INFO >> Epoch: 16  |  Layer: 13  |  Train Loss: 0.410 | Train Acc: 85.23  |  Val Loss: 0.704 | Val Acc: 66.67  |  Test Loss: 0.911 | Tes Acc: 66.67

INFO >> Epoch: 17  |  Layer: 01  |  Train Loss: 0.990 | Train Acc: 54.70  |  Val Loss: 1.411 | Val Acc: 52.53  |  Test Loss: 1.680 | Tes Acc: 37.20
INFO >> Epoch: 17  |  Layer: 02  |  Train Loss: 0.919 | Train Acc: 61.74  |  Val Loss: 1.284 | Val Acc: 54.55  |  Test Loss: 1.726 | Tes Acc: 39.61
INFO >> Epoch: 17  |  Layer: 03  |  Train Loss: 0.779 | Train Acc: 67.45  |  Val Loss: 1.419 | Val Acc: 51.52  |  Test Loss: 1.492 | Tes Acc: 43.00
INFO >> Epoch: 17  |  Layer: 04  |  Train Loss: 0.703 | Train Acc: 70.47  |  Val Loss: 1.253 | Val Acc: 52.53  |  Test Loss: 1.395 | Tes Acc: 48.31
INFO >> Epoch: 17  |  Layer: 05  |  Train Loss: 0.534 | Train Acc: 81.21  |  Val Loss: 0.965 | Val Acc: 64.65  |  Test Loss: 1.149 | Tes Acc: 59.90
INFO >> Epoch: 17  |  Layer: 06  |  Train Loss: 0.433 | Train Acc: 87.58  |  Val Loss: 0.635 | Val Acc: 75.76  |  Test Loss: 1.052 | Tes Acc: 61.35
INFO >> Epoch: 17  |  Layer: 07  |  Train Loss: 0.379 | Train Acc: 87.92  |  Val Loss: 0.772 | Val Acc: 65.66  |  Test Loss: 0.955 | Tes Acc: 66.67
INFO >> Epoch: 17  |  Layer: 08  |  Train Loss: 0.362 | Train Acc: 87.92  |  Val Loss: 0.962 | Val Acc: 58.59  |  Test Loss: 0.939 | Tes Acc: 64.25
INFO >> Epoch: 17  |  Layer: 09  |  Train Loss: 0.304 | Train Acc: 88.93  |  Val Loss: 0.728 | Val Acc: 68.69  |  Test Loss: 0.884 | Tes Acc: 71.98
INFO >> Epoch: 17  |  Layer: 10  |  Train Loss: 0.324 | Train Acc: 89.60  |  Val Loss: 0.774 | Val Acc: 61.62  |  Test Loss: 0.875 | Tes Acc: 71.98
INFO >> Epoch: 17  |  Layer: 11  |  Train Loss: 0.321 | Train Acc: 88.26  |  Val Loss: 0.663 | Val Acc: 68.69  |  Test Loss: 0.898 | Tes Acc: 71.50
INFO >> Epoch: 17  |  Layer: 12  |  Train Loss: 0.287 | Train Acc: 90.60  |  Val Loss: 0.729 | Val Acc: 69.70  |  Test Loss: 0.882 | Tes Acc: 71.01
INFO >> Epoch: 17  |  Layer: 13  |  Train Loss: 0.305 | Train Acc: 89.60  |  Val Loss: 0.718 | Val Acc: 71.72  |  Test Loss: 0.911 | Tes Acc: 68.12

INFO >> Epoch: 18  |  Layer: 01  |  Train Loss: 0.917 | Train Acc: 63.09  |  Val Loss: 1.396 | Val Acc: 44.44  |  Test Loss: 1.604 | Tes Acc: 33.82
INFO >> Epoch: 18  |  Layer: 02  |  Train Loss: 0.859 | Train Acc: 63.76  |  Val Loss: 1.164 | Val Acc: 51.52  |  Test Loss: 1.618 | Tes Acc: 36.23
INFO >> Epoch: 18  |  Layer: 03  |  Train Loss: 0.702 | Train Acc: 74.16  |  Val Loss: 1.124 | Val Acc: 52.53  |  Test Loss: 1.415 | Tes Acc: 41.55
INFO >> Epoch: 18  |  Layer: 04  |  Train Loss: 0.630 | Train Acc: 77.52  |  Val Loss: 0.771 | Val Acc: 66.67  |  Test Loss: 1.255 | Tes Acc: 51.21
INFO >> Epoch: 18  |  Layer: 05  |  Train Loss: 0.497 | Train Acc: 85.23  |  Val Loss: 0.667 | Val Acc: 72.73  |  Test Loss: 1.096 | Tes Acc: 55.56
INFO >> Epoch: 18  |  Layer: 06  |  Train Loss: 0.380 | Train Acc: 89.93  |  Val Loss: 0.698 | Val Acc: 68.69  |  Test Loss: 1.107 | Tes Acc: 61.35
INFO >> Epoch: 18  |  Layer: 07  |  Train Loss: 0.329 | Train Acc: 90.27  |  Val Loss: 0.590 | Val Acc: 73.74  |  Test Loss: 0.983 | Tes Acc: 66.18
INFO >> Epoch: 18  |  Layer: 08  |  Train Loss: 0.318 | Train Acc: 89.93  |  Val Loss: 0.668 | Val Acc: 67.68  |  Test Loss: 0.951 | Tes Acc: 65.22
INFO >> Epoch: 18  |  Layer: 09  |  Train Loss: 0.263 | Train Acc: 92.28  |  Val Loss: 0.852 | Val Acc: 65.66  |  Test Loss: 1.002 | Tes Acc: 62.80
INFO >> Epoch: 18  |  Layer: 10  |  Train Loss: 0.283 | Train Acc: 90.94  |  Val Loss: 0.788 | Val Acc: 63.64  |  Test Loss: 1.030 | Tes Acc: 59.42
INFO >> Epoch: 18  |  Layer: 11  |  Train Loss: 0.263 | Train Acc: 92.28  |  Val Loss: 0.825 | Val Acc: 64.65  |  Test Loss: 0.976 | Tes Acc: 65.70
INFO >> Epoch: 18  |  Layer: 12  |  Train Loss: 0.245 | Train Acc: 91.95  |  Val Loss: 0.948 | Val Acc: 64.65  |  Test Loss: 0.987 | Tes Acc: 64.25
INFO >> Epoch: 18  |  Layer: 13  |  Train Loss: 0.279 | Train Acc: 91.28  |  Val Loss: 0.782 | Val Acc: 65.66  |  Test Loss: 0.959 | Tes Acc: 64.25

INFO >> Epoch: 19  |  Layer: 01  |  Train Loss: 0.910 | Train Acc: 60.74  |  Val Loss: 1.469 | Val Acc: 44.44  |  Test Loss: 1.749 | Tes Acc: 39.61
INFO >> Epoch: 19  |  Layer: 02  |  Train Loss: 0.865 | Train Acc: 66.44  |  Val Loss: 1.142 | Val Acc: 54.55  |  Test Loss: 1.582 | Tes Acc: 40.58
INFO >> Epoch: 19  |  Layer: 03  |  Train Loss: 0.669 | Train Acc: 76.17  |  Val Loss: 0.936 | Val Acc: 62.63  |  Test Loss: 1.407 | Tes Acc: 45.89
INFO >> Epoch: 19  |  Layer: 04  |  Train Loss: 0.587 | Train Acc: 81.88  |  Val Loss: 0.633 | Val Acc: 73.74  |  Test Loss: 1.281 | Tes Acc: 49.28
INFO >> Epoch: 19  |  Layer: 05  |  Train Loss: 0.464 | Train Acc: 86.24  |  Val Loss: 0.540 | Val Acc: 76.77  |  Test Loss: 1.186 | Tes Acc: 56.04
INFO >> Epoch: 19  |  Layer: 06  |  Train Loss: 0.362 | Train Acc: 87.58  |  Val Loss: 0.602 | Val Acc: 72.73  |  Test Loss: 1.132 | Tes Acc: 60.39
INFO >> Epoch: 19  |  Layer: 07  |  Train Loss: 0.308 | Train Acc: 90.27  |  Val Loss: 0.594 | Val Acc: 73.74  |  Test Loss: 1.031 | Tes Acc: 62.80
INFO >> Epoch: 19  |  Layer: 08  |  Train Loss: 0.299 | Train Acc: 89.60  |  Val Loss: 0.796 | Val Acc: 65.66  |  Test Loss: 0.993 | Tes Acc: 62.80
INFO >> Epoch: 19  |  Layer: 09  |  Train Loss: 0.258 | Train Acc: 92.28  |  Val Loss: 0.967 | Val Acc: 64.65  |  Test Loss: 1.017 | Tes Acc: 59.90
INFO >> Epoch: 19  |  Layer: 10  |  Train Loss: 0.244 | Train Acc: 91.28  |  Val Loss: 0.881 | Val Acc: 64.65  |  Test Loss: 1.003 | Tes Acc: 61.84
INFO >> Epoch: 19  |  Layer: 11  |  Train Loss: 0.230 | Train Acc: 93.62  |  Val Loss: 0.881 | Val Acc: 65.66  |  Test Loss: 1.032 | Tes Acc: 60.87
INFO >> Epoch: 19  |  Layer: 12  |  Train Loss: 0.229 | Train Acc: 93.62  |  Val Loss: 1.034 | Val Acc: 64.65  |  Test Loss: 1.052 | Tes Acc: 59.90
INFO >> Epoch: 19  |  Layer: 13  |  Train Loss: 0.252 | Train Acc: 92.28  |  Val Loss: 0.973 | Val Acc: 60.61  |  Test Loss: 0.993 | Tes Acc: 60.39

INFO >> Epoch: 20  |  Layer: 01  |  Train Loss: 0.882 | Train Acc: 63.42  |  Val Loss: 1.309 | Val Acc: 44.44  |  Test Loss: 1.683 | Tes Acc: 39.13
INFO >> Epoch: 20  |  Layer: 02  |  Train Loss: 0.887 | Train Acc: 62.42  |  Val Loss: 1.022 | Val Acc: 52.53  |  Test Loss: 1.559 | Tes Acc: 44.93
INFO >> Epoch: 20  |  Layer: 03  |  Train Loss: 0.697 | Train Acc: 68.79  |  Val Loss: 0.692 | Val Acc: 73.74  |  Test Loss: 1.564 | Tes Acc: 47.34
INFO >> Epoch: 20  |  Layer: 04  |  Train Loss: 0.615 | Train Acc: 74.83  |  Val Loss: 0.606 | Val Acc: 72.73  |  Test Loss: 1.539 | Tes Acc: 49.76
INFO >> Epoch: 20  |  Layer: 05  |  Train Loss: 0.429 | Train Acc: 85.23  |  Val Loss: 0.483 | Val Acc: 78.79  |  Test Loss: 1.381 | Tes Acc: 50.72
INFO >> Epoch: 20  |  Layer: 06  |  Train Loss: 0.368 | Train Acc: 85.91  |  Val Loss: 0.451 | Val Acc: 78.79  |  Test Loss: 1.392 | Tes Acc: 53.14
INFO >> Epoch: 20  |  Layer: 07  |  Train Loss: 0.299 | Train Acc: 89.60  |  Val Loss: 0.463 | Val Acc: 74.75  |  Test Loss: 1.241 | Tes Acc: 57.49
INFO >> Epoch: 20  |  Layer: 08  |  Train Loss: 0.293 | Train Acc: 90.27  |  Val Loss: 0.562 | Val Acc: 69.70  |  Test Loss: 1.178 | Tes Acc: 58.45
INFO >> Epoch: 20  |  Layer: 09  |  Train Loss: 0.263 | Train Acc: 91.61  |  Val Loss: 0.690 | Val Acc: 65.66  |  Test Loss: 1.233 | Tes Acc: 57.00
INFO >> Epoch: 20  |  Layer: 10  |  Train Loss: 0.248 | Train Acc: 92.28  |  Val Loss: 0.744 | Val Acc: 64.65  |  Test Loss: 1.296 | Tes Acc: 57.49
INFO >> Epoch: 20  |  Layer: 11  |  Train Loss: 0.245 | Train Acc: 92.28  |  Val Loss: 0.789 | Val Acc: 65.66  |  Test Loss: 1.376 | Tes Acc: 57.49
INFO >> Epoch: 20  |  Layer: 12  |  Train Loss: 0.236 | Train Acc: 92.62  |  Val Loss: 0.830 | Val Acc: 66.67  |  Test Loss: 1.301 | Tes Acc: 57.00
INFO >> Epoch: 20  |  Layer: 13  |  Train Loss: 0.247 | Train Acc: 92.62  |  Val Loss: 0.799 | Val Acc: 65.66  |  Test Loss: 1.269 | Tes Acc: 57.97

INFO >> Epoch: 21  |  Layer: 01  |  Train Loss: 0.838 | Train Acc: 62.42  |  Val Loss: 1.218 | Val Acc: 45.45  |  Test Loss: 1.613 | Tes Acc: 40.58
INFO >> Epoch: 21  |  Layer: 02  |  Train Loss: 0.854 | Train Acc: 65.77  |  Val Loss: 1.022 | Val Acc: 54.55  |  Test Loss: 1.757 | Tes Acc: 42.03
INFO >> Epoch: 21  |  Layer: 03  |  Train Loss: 0.605 | Train Acc: 78.52  |  Val Loss: 0.658 | Val Acc: 70.71  |  Test Loss: 1.454 | Tes Acc: 51.21
INFO >> Epoch: 21  |  Layer: 04  |  Train Loss: 0.507 | Train Acc: 81.88  |  Val Loss: 1.154 | Val Acc: 57.58  |  Test Loss: 1.567 | Tes Acc: 46.86
INFO >> Epoch: 21  |  Layer: 05  |  Train Loss: 0.398 | Train Acc: 85.91  |  Val Loss: 0.970 | Val Acc: 58.59  |  Test Loss: 1.162 | Tes Acc: 56.04
INFO >> Epoch: 21  |  Layer: 06  |  Train Loss: 0.298 | Train Acc: 89.60  |  Val Loss: 0.778 | Val Acc: 66.67  |  Test Loss: 1.167 | Tes Acc: 65.22
INFO >> Epoch: 21  |  Layer: 07  |  Train Loss: 0.252 | Train Acc: 91.28  |  Val Loss: 0.662 | Val Acc: 67.68  |  Test Loss: 0.974 | Tes Acc: 66.18
INFO >> Epoch: 21  |  Layer: 08  |  Train Loss: 0.250 | Train Acc: 91.28  |  Val Loss: 0.769 | Val Acc: 64.65  |  Test Loss: 0.935 | Tes Acc: 66.67
INFO >> Epoch: 21  |  Layer: 09  |  Train Loss: 0.226 | Train Acc: 92.62  |  Val Loss: 0.846 | Val Acc: 65.66  |  Test Loss: 1.049 | Tes Acc: 61.35
INFO >> Epoch: 21  |  Layer: 10  |  Train Loss: 0.237 | Train Acc: 91.95  |  Val Loss: 1.098 | Val Acc: 56.57  |  Test Loss: 1.132 | Tes Acc: 56.04
INFO >> Epoch: 21  |  Layer: 11  |  Train Loss: 0.232 | Train Acc: 92.28  |  Val Loss: 1.189 | Val Acc: 57.58  |  Test Loss: 1.227 | Tes Acc: 55.07
INFO >> Epoch: 21  |  Layer: 12  |  Train Loss: 0.215 | Train Acc: 93.29  |  Val Loss: 1.140 | Val Acc: 58.59  |  Test Loss: 1.177 | Tes Acc: 57.00
INFO >> Epoch: 21  |  Layer: 13  |  Train Loss: 0.235 | Train Acc: 92.95  |  Val Loss: 1.096 | Val Acc: 56.57  |  Test Loss: 1.141 | Tes Acc: 57.49

INFO >> Epoch: 22  |  Layer: 01  |  Train Loss: 0.777 | Train Acc: 68.46  |  Val Loss: 1.399 | Val Acc: 47.47  |  Test Loss: 1.647 | Tes Acc: 37.68
INFO >> Epoch: 22  |  Layer: 02  |  Train Loss: 0.794 | Train Acc: 67.11  |  Val Loss: 1.946 | Val Acc: 43.43  |  Test Loss: 1.869 | Tes Acc: 31.88
INFO >> Epoch: 22  |  Layer: 03  |  Train Loss: 0.578 | Train Acc: 81.21  |  Val Loss: 1.036 | Val Acc: 62.63  |  Test Loss: 1.506 | Tes Acc: 45.41
INFO >> Epoch: 22  |  Layer: 04  |  Train Loss: 0.512 | Train Acc: 78.19  |  Val Loss: 0.564 | Val Acc: 76.77  |  Test Loss: 1.312 | Tes Acc: 52.66
INFO >> Epoch: 22  |  Layer: 05  |  Train Loss: 0.408 | Train Acc: 83.89  |  Val Loss: 0.605 | Val Acc: 74.75  |  Test Loss: 1.396 | Tes Acc: 50.24
INFO >> Epoch: 22  |  Layer: 06  |  Train Loss: 0.319 | Train Acc: 88.93  |  Val Loss: 0.427 | Val Acc: 84.85  |  Test Loss: 1.427 | Tes Acc: 49.28
INFO >> Epoch: 22  |  Layer: 07  |  Train Loss: 0.250 | Train Acc: 92.28  |  Val Loss: 0.398 | Val Acc: 79.80  |  Test Loss: 1.128 | Tes Acc: 61.35
INFO >> Epoch: 22  |  Layer: 08  |  Train Loss: 0.258 | Train Acc: 91.95  |  Val Loss: 0.550 | Val Acc: 68.69  |  Test Loss: 0.965 | Tes Acc: 68.12
INFO >> Epoch: 22  |  Layer: 09  |  Train Loss: 0.235 | Train Acc: 91.28  |  Val Loss: 0.551 | Val Acc: 73.74  |  Test Loss: 1.048 | Tes Acc: 67.63
INFO >> Epoch: 22  |  Layer: 10  |  Train Loss: 0.239 | Train Acc: 89.93  |  Val Loss: 0.896 | Val Acc: 60.61  |  Test Loss: 0.997 | Tes Acc: 65.22
INFO >> Epoch: 22  |  Layer: 11  |  Train Loss: 0.228 | Train Acc: 91.28  |  Val Loss: 0.868 | Val Acc: 62.63  |  Test Loss: 0.974 | Tes Acc: 68.60
INFO >> Epoch: 22  |  Layer: 12  |  Train Loss: 0.224 | Train Acc: 91.28  |  Val Loss: 0.747 | Val Acc: 70.71  |  Test Loss: 1.003 | Tes Acc: 69.57
INFO >> Epoch: 22  |  Layer: 13  |  Train Loss: 0.260 | Train Acc: 89.93  |  Val Loss: 0.778 | Val Acc: 65.66  |  Test Loss: 0.943 | Tes Acc: 68.60

INFO >> Epoch: 23  |  Layer: 01  |  Train Loss: 0.828 | Train Acc: 65.77  |  Val Loss: 0.904 | Val Acc: 65.66  |  Test Loss: 1.801 | Tes Acc: 39.61
INFO >> Epoch: 23  |  Layer: 02  |  Train Loss: 0.810 | Train Acc: 65.77  |  Val Loss: 0.765 | Val Acc: 72.73  |  Test Loss: 1.566 | Tes Acc: 43.96
INFO >> Epoch: 23  |  Layer: 03  |  Train Loss: 0.547 | Train Acc: 79.53  |  Val Loss: 0.794 | Val Acc: 67.68  |  Test Loss: 1.450 | Tes Acc: 48.79
INFO >> Epoch: 23  |  Layer: 04  |  Train Loss: 0.455 | Train Acc: 85.23  |  Val Loss: 0.693 | Val Acc: 67.68  |  Test Loss: 1.405 | Tes Acc: 47.34
INFO >> Epoch: 23  |  Layer: 05  |  Train Loss: 0.457 | Train Acc: 79.87  |  Val Loss: 1.017 | Val Acc: 59.60  |  Test Loss: 1.325 | Tes Acc: 49.28
INFO >> Epoch: 23  |  Layer: 06  |  Train Loss: 0.382 | Train Acc: 83.22  |  Val Loss: 1.100 | Val Acc: 58.59  |  Test Loss: 1.361 | Tes Acc: 51.21
INFO >> Epoch: 23  |  Layer: 07  |  Train Loss: 0.304 | Train Acc: 89.26  |  Val Loss: 0.825 | Val Acc: 69.70  |  Test Loss: 1.034 | Tes Acc: 67.63
INFO >> Epoch: 23  |  Layer: 08  |  Train Loss: 0.266 | Train Acc: 90.94  |  Val Loss: 0.868 | Val Acc: 69.70  |  Test Loss: 1.032 | Tes Acc: 68.12
INFO >> Epoch: 23  |  Layer: 09  |  Train Loss: 0.247 | Train Acc: 91.95  |  Val Loss: 0.923 | Val Acc: 67.68  |  Test Loss: 1.089 | Tes Acc: 63.77
INFO >> Epoch: 23  |  Layer: 10  |  Train Loss: 0.212 | Train Acc: 92.62  |  Val Loss: 1.120 | Val Acc: 64.65  |  Test Loss: 1.153 | Tes Acc: 58.94
INFO >> Epoch: 23  |  Layer: 11  |  Train Loss: 0.209 | Train Acc: 91.28  |  Val Loss: 1.111 | Val Acc: 66.67  |  Test Loss: 1.106 | Tes Acc: 63.29
INFO >> Epoch: 23  |  Layer: 12  |  Train Loss: 0.213 | Train Acc: 92.28  |  Val Loss: 1.125 | Val Acc: 67.68  |  Test Loss: 1.144 | Tes Acc: 63.29
INFO >> Epoch: 23  |  Layer: 13  |  Train Loss: 0.231 | Train Acc: 91.61  |  Val Loss: 0.973 | Val Acc: 68.69  |  Test Loss: 1.078 | Tes Acc: 63.29

INFO >> Epoch: 24  |  Layer: 01  |  Train Loss: 0.840 | Train Acc: 65.10  |  Val Loss: 1.351 | Val Acc: 44.44  |  Test Loss: 2.079 | Tes Acc: 44.44
INFO >> Epoch: 24  |  Layer: 02  |  Train Loss: 0.720 | Train Acc: 72.82  |  Val Loss: 0.840 | Val Acc: 63.64  |  Test Loss: 1.521 | Tes Acc: 44.44
INFO >> Epoch: 24  |  Layer: 03  |  Train Loss: 0.559 | Train Acc: 77.18  |  Val Loss: 0.714 | Val Acc: 66.67  |  Test Loss: 1.727 | Tes Acc: 49.28
INFO >> Epoch: 24  |  Layer: 04  |  Train Loss: 0.466 | Train Acc: 81.54  |  Val Loss: 0.587 | Val Acc: 71.72  |  Test Loss: 1.411 | Tes Acc: 56.04
INFO >> Epoch: 24  |  Layer: 05  |  Train Loss: 0.445 | Train Acc: 81.88  |  Val Loss: 0.857 | Val Acc: 60.61  |  Test Loss: 1.460 | Tes Acc: 55.07
INFO >> Epoch: 24  |  Layer: 06  |  Train Loss: 0.392 | Train Acc: 81.21  |  Val Loss: 0.827 | Val Acc: 66.67  |  Test Loss: 1.403 | Tes Acc: 59.90
INFO >> Epoch: 24  |  Layer: 07  |  Train Loss: 0.302 | Train Acc: 88.93  |  Val Loss: 0.553 | Val Acc: 73.74  |  Test Loss: 1.169 | Tes Acc: 62.80
INFO >> Epoch: 24  |  Layer: 08  |  Train Loss: 0.239 | Train Acc: 91.95  |  Val Loss: 0.529 | Val Acc: 74.75  |  Test Loss: 1.132 | Tes Acc: 59.90
INFO >> Epoch: 24  |  Layer: 09  |  Train Loss: 0.200 | Train Acc: 91.61  |  Val Loss: 0.572 | Val Acc: 72.73  |  Test Loss: 1.126 | Tes Acc: 60.87
INFO >> Epoch: 24  |  Layer: 10  |  Train Loss: 0.208 | Train Acc: 91.95  |  Val Loss: 0.945 | Val Acc: 59.60  |  Test Loss: 1.200 | Tes Acc: 58.45
INFO >> Epoch: 24  |  Layer: 11  |  Train Loss: 0.184 | Train Acc: 93.29  |  Val Loss: 0.735 | Val Acc: 68.69  |  Test Loss: 1.118 | Tes Acc: 63.77
INFO >> Epoch: 24  |  Layer: 12  |  Train Loss: 0.175 | Train Acc: 93.29  |  Val Loss: 0.700 | Val Acc: 69.70  |  Test Loss: 1.136 | Tes Acc: 63.77
INFO >> Epoch: 24  |  Layer: 13  |  Train Loss: 0.192 | Train Acc: 92.62  |  Val Loss: 0.623 | Val Acc: 69.70  |  Test Loss: 1.090 | Tes Acc: 63.29

INFO >> Epoch: 25  |  Layer: 01  |  Train Loss: 0.973 | Train Acc: 58.72  |  Val Loss: 1.752 | Val Acc: 32.32  |  Test Loss: 1.962 | Tes Acc: 35.75
INFO >> Epoch: 25  |  Layer: 02  |  Train Loss: 0.675 | Train Acc: 74.16  |  Val Loss: 1.042 | Val Acc: 62.63  |  Test Loss: 1.848 | Tes Acc: 41.55
INFO >> Epoch: 25  |  Layer: 03  |  Train Loss: 0.607 | Train Acc: 76.51  |  Val Loss: 1.097 | Val Acc: 54.55  |  Test Loss: 1.660 | Tes Acc: 45.41
INFO >> Epoch: 25  |  Layer: 04  |  Train Loss: 0.455 | Train Acc: 84.23  |  Val Loss: 0.788 | Val Acc: 64.65  |  Test Loss: 1.549 | Tes Acc: 47.34
INFO >> Epoch: 25  |  Layer: 05  |  Train Loss: 0.407 | Train Acc: 86.91  |  Val Loss: 0.825 | Val Acc: 66.67  |  Test Loss: 1.429 | Tes Acc: 48.31
INFO >> Epoch: 25  |  Layer: 06  |  Train Loss: 0.336 | Train Acc: 87.58  |  Val Loss: 0.704 | Val Acc: 71.72  |  Test Loss: 1.498 | Tes Acc: 56.52
INFO >> Epoch: 25  |  Layer: 07  |  Train Loss: 0.273 | Train Acc: 90.60  |  Val Loss: 0.623 | Val Acc: 71.72  |  Test Loss: 1.354 | Tes Acc: 57.97
INFO >> Epoch: 25  |  Layer: 08  |  Train Loss: 0.242 | Train Acc: 91.95  |  Val Loss: 0.837 | Val Acc: 66.67  |  Test Loss: 1.234 | Tes Acc: 59.42
INFO >> Epoch: 25  |  Layer: 09  |  Train Loss: 0.197 | Train Acc: 92.62  |  Val Loss: 0.853 | Val Acc: 68.69  |  Test Loss: 1.233 | Tes Acc: 60.39
INFO >> Epoch: 25  |  Layer: 10  |  Train Loss: 0.225 | Train Acc: 93.29  |  Val Loss: 1.099 | Val Acc: 58.59  |  Test Loss: 1.239 | Tes Acc: 57.49
INFO >> Epoch: 25  |  Layer: 11  |  Train Loss: 0.207 | Train Acc: 92.62  |  Val Loss: 1.006 | Val Acc: 63.64  |  Test Loss: 1.206 | Tes Acc: 61.84
INFO >> Epoch: 25  |  Layer: 12  |  Train Loss: 0.179 | Train Acc: 92.62  |  Val Loss: 1.078 | Val Acc: 64.65  |  Test Loss: 1.259 | Tes Acc: 60.39
INFO >> Epoch: 25  |  Layer: 13  |  Train Loss: 0.215 | Train Acc: 91.61  |  Val Loss: 0.882 | Val Acc: 65.66  |  Test Loss: 1.239 | Tes Acc: 61.35

INFO >> Epoch: 26  |  Layer: 01  |  Train Loss: 1.021 | Train Acc: 60.74  |  Val Loss: 1.424 | Val Acc: 46.46  |  Test Loss: 1.666 | Tes Acc: 38.65
INFO >> Epoch: 26  |  Layer: 02  |  Train Loss: 0.743 | Train Acc: 70.81  |  Val Loss: 0.690 | Val Acc: 70.71  |  Test Loss: 1.581 | Tes Acc: 40.58
INFO >> Epoch: 26  |  Layer: 03  |  Train Loss: 0.629 | Train Acc: 72.15  |  Val Loss: 0.661 | Val Acc: 71.72  |  Test Loss: 1.453 | Tes Acc: 49.76
INFO >> Epoch: 26  |  Layer: 04  |  Train Loss: 0.478 | Train Acc: 82.21  |  Val Loss: 0.536 | Val Acc: 77.78  |  Test Loss: 1.436 | Tes Acc: 53.14
INFO >> Epoch: 26  |  Layer: 05  |  Train Loss: 0.408 | Train Acc: 83.89  |  Val Loss: 0.729 | Val Acc: 64.65  |  Test Loss: 1.399 | Tes Acc: 48.79
INFO >> Epoch: 26  |  Layer: 06  |  Train Loss: 0.338 | Train Acc: 87.25  |  Val Loss: 0.671 | Val Acc: 69.70  |  Test Loss: 1.253 | Tes Acc: 61.35
INFO >> Epoch: 26  |  Layer: 07  |  Train Loss: 0.265 | Train Acc: 89.60  |  Val Loss: 0.513 | Val Acc: 75.76  |  Test Loss: 1.111 | Tes Acc: 66.67
INFO >> Epoch: 26  |  Layer: 08  |  Train Loss: 0.242 | Train Acc: 92.28  |  Val Loss: 0.611 | Val Acc: 71.72  |  Test Loss: 1.192 | Tes Acc: 61.84
INFO >> Epoch: 26  |  Layer: 09  |  Train Loss: 0.184 | Train Acc: 92.95  |  Val Loss: 0.653 | Val Acc: 72.73  |  Test Loss: 1.297 | Tes Acc: 57.97
INFO >> Epoch: 26  |  Layer: 10  |  Train Loss: 0.241 | Train Acc: 92.62  |  Val Loss: 0.787 | Val Acc: 64.65  |  Test Loss: 1.411 | Tes Acc: 61.35
INFO >> Epoch: 26  |  Layer: 11  |  Train Loss: 0.216 | Train Acc: 93.29  |  Val Loss: 0.801 | Val Acc: 67.68  |  Test Loss: 1.401 | Tes Acc: 59.42
INFO >> Epoch: 26  |  Layer: 12  |  Train Loss: 0.175 | Train Acc: 93.29  |  Val Loss: 0.787 | Val Acc: 68.69  |  Test Loss: 1.392 | Tes Acc: 58.45
INFO >> Epoch: 26  |  Layer: 13  |  Train Loss: 0.223 | Train Acc: 92.95  |  Val Loss: 0.748 | Val Acc: 69.70  |  Test Loss: 1.327 | Tes Acc: 61.35

INFO >> Epoch: 27  |  Layer: 01  |  Train Loss: 0.856 | Train Acc: 62.75  |  Val Loss: 1.014 | Val Acc: 54.55  |  Test Loss: 1.703 | Tes Acc: 40.58
INFO >> Epoch: 27  |  Layer: 02  |  Train Loss: 0.723 | Train Acc: 70.47  |  Val Loss: 1.036 | Val Acc: 53.54  |  Test Loss: 1.676 | Tes Acc: 37.68
INFO >> Epoch: 27  |  Layer: 03  |  Train Loss: 0.567 | Train Acc: 75.17  |  Val Loss: 0.913 | Val Acc: 63.64  |  Test Loss: 1.594 | Tes Acc: 45.89
INFO >> Epoch: 27  |  Layer: 04  |  Train Loss: 0.436 | Train Acc: 83.89  |  Val Loss: 0.787 | Val Acc: 67.68  |  Test Loss: 1.467 | Tes Acc: 51.69
INFO >> Epoch: 27  |  Layer: 05  |  Train Loss: 0.304 | Train Acc: 89.60  |  Val Loss: 0.900 | Val Acc: 66.67  |  Test Loss: 1.232 | Tes Acc: 58.94
INFO >> Epoch: 27  |  Layer: 06  |  Train Loss: 0.239 | Train Acc: 91.61  |  Val Loss: 0.796 | Val Acc: 65.66  |  Test Loss: 1.170 | Tes Acc: 65.22
INFO >> Epoch: 27  |  Layer: 07  |  Train Loss: 0.206 | Train Acc: 91.95  |  Val Loss: 0.523 | Val Acc: 76.77  |  Test Loss: 1.045 | Tes Acc: 66.18
INFO >> Epoch: 27  |  Layer: 08  |  Train Loss: 0.192 | Train Acc: 94.63  |  Val Loss: 0.771 | Val Acc: 68.69  |  Test Loss: 1.074 | Tes Acc: 64.25
INFO >> Epoch: 27  |  Layer: 09  |  Train Loss: 0.181 | Train Acc: 92.28  |  Val Loss: 0.808 | Val Acc: 69.70  |  Test Loss: 1.174 | Tes Acc: 61.84
INFO >> Epoch: 27  |  Layer: 10  |  Train Loss: 0.170 | Train Acc: 94.97  |  Val Loss: 1.108 | Val Acc: 59.60  |  Test Loss: 1.247 | Tes Acc: 59.90
INFO >> Epoch: 27  |  Layer: 11  |  Train Loss: 0.184 | Train Acc: 93.29  |  Val Loss: 0.877 | Val Acc: 66.67  |  Test Loss: 1.210 | Tes Acc: 62.80
INFO >> Epoch: 27  |  Layer: 12  |  Train Loss: 0.178 | Train Acc: 92.62  |  Val Loss: 0.883 | Val Acc: 71.72  |  Test Loss: 1.209 | Tes Acc: 63.77
INFO >> Epoch: 27  |  Layer: 13  |  Train Loss: 0.196 | Train Acc: 91.61  |  Val Loss: 0.877 | Val Acc: 63.64  |  Test Loss: 1.108 | Tes Acc: 64.25

INFO >> Epoch: 28  |  Layer: 01  |  Train Loss: 0.753 | Train Acc: 69.80  |  Val Loss: 1.168 | Val Acc: 48.48  |  Test Loss: 1.563 | Tes Acc: 38.16
INFO >> Epoch: 28  |  Layer: 02  |  Train Loss: 0.605 | Train Acc: 77.85  |  Val Loss: 1.164 | Val Acc: 56.57  |  Test Loss: 1.829 | Tes Acc: 41.06
INFO >> Epoch: 28  |  Layer: 03  |  Train Loss: 0.448 | Train Acc: 85.23  |  Val Loss: 0.646 | Val Acc: 69.70  |  Test Loss: 1.500 | Tes Acc: 47.34
INFO >> Epoch: 28  |  Layer: 04  |  Train Loss: 0.337 | Train Acc: 88.93  |  Val Loss: 0.598 | Val Acc: 69.70  |  Test Loss: 1.425 | Tes Acc: 54.59
INFO >> Epoch: 28  |  Layer: 05  |  Train Loss: 0.266 | Train Acc: 92.95  |  Val Loss: 1.151 | Val Acc: 56.57  |  Test Loss: 1.320 | Tes Acc: 60.39
INFO >> Epoch: 28  |  Layer: 06  |  Train Loss: 0.201 | Train Acc: 93.62  |  Val Loss: 1.050 | Val Acc: 59.60  |  Test Loss: 1.480 | Tes Acc: 59.42
INFO >> Epoch: 28  |  Layer: 07  |  Train Loss: 0.155 | Train Acc: 95.97  |  Val Loss: 0.654 | Val Acc: 67.68  |  Test Loss: 1.260 | Tes Acc: 64.25
INFO >> Epoch: 28  |  Layer: 08  |  Train Loss: 0.144 | Train Acc: 95.64  |  Val Loss: 0.826 | Val Acc: 65.66  |  Test Loss: 1.201 | Tes Acc: 63.77
INFO >> Epoch: 28  |  Layer: 09  |  Train Loss: 0.124 | Train Acc: 97.32  |  Val Loss: 1.046 | Val Acc: 65.66  |  Test Loss: 1.193 | Tes Acc: 62.32
INFO >> Epoch: 28  |  Layer: 10  |  Train Loss: 0.134 | Train Acc: 96.98  |  Val Loss: 1.082 | Val Acc: 60.61  |  Test Loss: 1.172 | Tes Acc: 63.77
INFO >> Epoch: 28  |  Layer: 11  |  Train Loss: 0.125 | Train Acc: 96.31  |  Val Loss: 1.072 | Val Acc: 60.61  |  Test Loss: 1.186 | Tes Acc: 64.25
INFO >> Epoch: 28  |  Layer: 12  |  Train Loss: 0.122 | Train Acc: 96.98  |  Val Loss: 1.240 | Val Acc: 60.61  |  Test Loss: 1.198 | Tes Acc: 63.29
INFO >> Epoch: 28  |  Layer: 13  |  Train Loss: 0.135 | Train Acc: 95.97  |  Val Loss: 0.989 | Val Acc: 61.62  |  Test Loss: 1.178 | Tes Acc: 62.32

INFO >> Epoch: 29  |  Layer: 01  |  Train Loss: 0.658 | Train Acc: 75.50  |  Val Loss: 0.982 | Val Acc: 53.54  |  Test Loss: 1.628 | Tes Acc: 42.03
INFO >> Epoch: 29  |  Layer: 02  |  Train Loss: 0.587 | Train Acc: 76.85  |  Val Loss: 1.104 | Val Acc: 59.60  |  Test Loss: 1.686 | Tes Acc: 46.38
INFO >> Epoch: 29  |  Layer: 03  |  Train Loss: 0.465 | Train Acc: 85.57  |  Val Loss: 1.199 | Val Acc: 61.62  |  Test Loss: 1.557 | Tes Acc: 49.28
INFO >> Epoch: 29  |  Layer: 04  |  Train Loss: 0.355 | Train Acc: 88.26  |  Val Loss: 0.888 | Val Acc: 69.70  |  Test Loss: 1.278 | Tes Acc: 56.04
INFO >> Epoch: 29  |  Layer: 05  |  Train Loss: 0.314 | Train Acc: 88.59  |  Val Loss: 0.960 | Val Acc: 64.65  |  Test Loss: 1.120 | Tes Acc: 64.25
INFO >> Epoch: 29  |  Layer: 06  |  Train Loss: 0.256 | Train Acc: 90.60  |  Val Loss: 0.834 | Val Acc: 68.69  |  Test Loss: 1.108 | Tes Acc: 64.73
INFO >> Epoch: 29  |  Layer: 07  |  Train Loss: 0.170 | Train Acc: 94.97  |  Val Loss: 0.656 | Val Acc: 70.71  |  Test Loss: 1.038 | Tes Acc: 66.67
INFO >> Epoch: 29  |  Layer: 08  |  Train Loss: 0.189 | Train Acc: 94.30  |  Val Loss: 0.987 | Val Acc: 60.61  |  Test Loss: 0.953 | Tes Acc: 70.53
INFO >> Epoch: 29  |  Layer: 09  |  Train Loss: 0.164 | Train Acc: 95.97  |  Val Loss: 1.068 | Val Acc: 61.62  |  Test Loss: 1.030 | Tes Acc: 67.15
INFO >> Epoch: 29  |  Layer: 10  |  Train Loss: 0.152 | Train Acc: 95.30  |  Val Loss: 1.036 | Val Acc: 60.61  |  Test Loss: 0.971 | Tes Acc: 68.60
INFO >> Epoch: 29  |  Layer: 11  |  Train Loss: 0.155 | Train Acc: 96.31  |  Val Loss: 1.292 | Val Acc: 57.58  |  Test Loss: 1.095 | Tes Acc: 64.25
INFO >> Epoch: 29  |  Layer: 12  |  Train Loss: 0.145 | Train Acc: 95.97  |  Val Loss: 1.293 | Val Acc: 61.62  |  Test Loss: 1.098 | Tes Acc: 67.15
INFO >> Epoch: 29  |  Layer: 13  |  Train Loss: 0.169 | Train Acc: 95.30  |  Val Loss: 1.090 | Val Acc: 60.61  |  Test Loss: 1.033 | Tes Acc: 66.67

INFO >> Epoch: 30  |  Layer: 01  |  Train Loss: 0.595 | Train Acc: 77.18  |  Val Loss: 1.194 | Val Acc: 51.52  |  Test Loss: 1.643 | Tes Acc: 44.93
INFO >> Epoch: 30  |  Layer: 02  |  Train Loss: 0.526 | Train Acc: 79.53  |  Val Loss: 0.935 | Val Acc: 62.63  |  Test Loss: 1.555 | Tes Acc: 48.79
INFO >> Epoch: 30  |  Layer: 03  |  Train Loss: 0.412 | Train Acc: 86.91  |  Val Loss: 0.946 | Val Acc: 59.60  |  Test Loss: 1.437 | Tes Acc: 51.69
INFO >> Epoch: 30  |  Layer: 04  |  Train Loss: 0.322 | Train Acc: 88.93  |  Val Loss: 1.022 | Val Acc: 58.59  |  Test Loss: 1.355 | Tes Acc: 59.42
INFO >> Epoch: 30  |  Layer: 05  |  Train Loss: 0.300 | Train Acc: 90.27  |  Val Loss: 0.805 | Val Acc: 64.65  |  Test Loss: 1.162 | Tes Acc: 65.70
INFO >> Epoch: 30  |  Layer: 06  |  Train Loss: 0.209 | Train Acc: 91.95  |  Val Loss: 0.749 | Val Acc: 67.68  |  Test Loss: 1.155 | Tes Acc: 66.67
INFO >> Epoch: 30  |  Layer: 07  |  Train Loss: 0.163 | Train Acc: 93.29  |  Val Loss: 0.746 | Val Acc: 66.67  |  Test Loss: 1.043 | Tes Acc: 67.15
INFO >> Epoch: 30  |  Layer: 08  |  Train Loss: 0.198 | Train Acc: 92.28  |  Val Loss: 0.816 | Val Acc: 65.66  |  Test Loss: 0.969 | Tes Acc: 73.43
INFO >> Epoch: 30  |  Layer: 09  |  Train Loss: 0.162 | Train Acc: 94.30  |  Val Loss: 0.967 | Val Acc: 63.64  |  Test Loss: 0.992 | Tes Acc: 70.53
INFO >> Epoch: 30  |  Layer: 10  |  Train Loss: 0.127 | Train Acc: 96.98  |  Val Loss: 1.068 | Val Acc: 60.61  |  Test Loss: 0.980 | Tes Acc: 67.63
INFO >> Epoch: 30  |  Layer: 11  |  Train Loss: 0.148 | Train Acc: 95.30  |  Val Loss: 1.004 | Val Acc: 61.62  |  Test Loss: 1.037 | Tes Acc: 69.08
INFO >> Epoch: 30  |  Layer: 12  |  Train Loss: 0.133 | Train Acc: 95.64  |  Val Loss: 1.158 | Val Acc: 64.65  |  Test Loss: 1.061 | Tes Acc: 69.08
INFO >> Epoch: 30  |  Layer: 13  |  Train Loss: 0.168 | Train Acc: 94.97  |  Val Loss: 1.013 | Val Acc: 60.61  |  Test Loss: 0.968 | Tes Acc: 68.60



INFO >> Time Taken: 06:53

INFO >> Layer: 01  |  Best Val Acc: 65.66  |  Best Test Acc: 39.61
INFO >> Layer: 02  |  Best Val Acc: 72.73  |  Best Test Acc: 43.96
INFO >> Layer: 03  |  Best Val Acc: 73.74  |  Best Test Acc: 47.34
INFO >> Layer: 04  |  Best Val Acc: 77.78  |  Best Test Acc: 53.14
INFO >> Layer: 05  |  Best Val Acc: 78.79  |  Best Test Acc: 50.72
INFO >> Layer: 06  |  Best Val Acc: 84.85  |  Best Test Acc: 49.28
INFO >> Layer: 07  |  Best Val Acc: 79.80  |  Best Test Acc: 61.35
INFO >> Layer: 08  |  Best Val Acc: 74.75  |  Best Test Acc: 59.90
INFO >> Layer: 09  |  Best Val Acc: 73.74  |  Best Test Acc: 67.63
INFO >> Layer: 10  |  Best Val Acc: 66.67  |  Best Test Acc: 64.25
INFO >> Layer: 11  |  Best Val Acc: 68.69  |  Best Test Acc: 71.50
INFO >> Layer: 12  |  Best Val Acc: 71.72  |  Best Test Acc: 63.77
INFO >> Layer: 13  |  Best Val Acc: 71.72  |  Best Test Acc: 68.12

DEBUG >> Last state saved
INFO >> Mixing Weights (softmax): 
1.0
[0.5047124028205872, 0.49528756737709045]
[0.3202836513519287, 0.33486637473106384, 0.34484997391700745]
[0.23035329580307007, 0.2410515695810318, 0.25732797384262085, 0.2712671756744385]
[0.18131202459335327, 0.1831812858581543, 0.19963432848453522, 0.2188490331172943, 0.2170233279466629]
[0.15161944925785065, 0.14825746417045593, 0.1626959592103958, 0.17859011888504028, 0.18036845326423645, 0.17846858501434326]
[0.12987710535526276, 0.12209977209568024, 0.1325918585062027, 0.14969563484191895, 0.15484648942947388, 0.15651249885559082, 0.15437662601470947]
[0.11402732133865356, 0.10473711043596268, 0.11288917809724808, 0.12760476768016815, 0.1335938423871994, 0.13742120563983917, 0.14049987494945526, 0.1292267143726349]
[0.10335339605808258, 0.09323813766241074, 0.09935589879751205, 0.10856814682483673, 0.11703763157129288, 0.12216407805681229, 0.12573085725307465, 0.1169525682926178, 0.11359932273626328]
[0.09282086044549942, 0.0846932977437973, 0.08908797055482864, 0.09846831113100052, 0.10473523288965225, 0.10995446145534515, 0.11336322128772736, 0.10610956698656082, 0.10318801552057266, 0.0975789949297905]
[0.08459518104791641, 0.07507741451263428, 0.08019931614398956, 0.0889909490942955, 0.09607532620429993, 0.10201271623373032, 0.10479685664176941, 0.09774838387966156, 0.09503322094678879, 0.09343671053647995, 0.08203389495611191]
[0.07947119325399399, 0.0713757798075676, 0.0763474777340889, 0.08483533561229706, 0.0908593013882637, 0.09480704367160797, 0.09687600284814835, 0.09120412915945053, 0.08907574415206909, 0.08712279796600342, 0.07362905144691467, 0.06439614295959473]
[0.07218950986862183, 0.06449519097805023, 0.0697033479809761, 0.07793492078781128, 0.08419334888458252, 0.09017164260149002, 0.09193899482488632, 0.08644090592861176, 0.08244787156581879, 0.08192108571529388, 0.06795845180749893, 0.059651732444763184, 0.07095304131507874]


INFO >> History saved (./history/v1.5/AESDD/FX_WAV2VEC2_BASE_CLF_CM_PROBING_DENSE/Run1/history.pt)
