
--------------------------------------------------
Multilingual SER System v1.3
--------------------------------------------------
Run Name      : Run2
Fx Model      : WAV2VEC2_BASE
Clf Model     : PROBING
Extract Mode  : gpu_memory
Dataset       : ShEMO
Device        : gpu
Epochs        : 20
Num Workers   : 2
Data Dir      : ./data
History Dir   : ./history
Weights Dir   : ./weights
Log Level     : debug
Purge Cache   : False
Job Name      : Job156
Job Id        : 30721490
GPU           : Quadro RTX 8000
GPU Count     : 1
GPU Memory    : 44.49 GB

Timestamp : 2023-03-03 08:53:50.250996

INFO >> Running on CUDA


INFO >> Training Classifier

INFO >> Epoch: 1  |  Layer:  1  |  Train Loss: 1.480 | Train Acc: 40.82  |  Val Loss: 1.422 | Val Acc: 34.23  |  Test Loss: 1.227 | Tes Acc: 37.90
INFO >> Epoch: 1  |  Layer:  2  |  Train Loss: 1.444 | Train Acc: 42.56  |  Val Loss: 1.350 | Val Acc: 46.06  |  Test Loss: 1.126 | Tes Acc: 55.11
INFO >> Epoch: 1  |  Layer:  3  |  Train Loss: 1.415 | Train Acc: 47.00  |  Val Loss: 1.280 | Val Acc: 52.15  |  Test Loss: 1.044 | Tes Acc: 65.32
INFO >> Epoch: 1  |  Layer:  4  |  Train Loss: 1.377 | Train Acc: 49.03  |  Val Loss: 1.199 | Val Acc: 57.17  |  Test Loss: 0.935 | Tes Acc: 69.89
INFO >> Epoch: 1  |  Layer:  5  |  Train Loss: 1.397 | Train Acc: 48.02  |  Val Loss: 1.254 | Val Acc: 52.51  |  Test Loss: 0.987 | Tes Acc: 68.28
INFO >> Epoch: 1  |  Layer:  6  |  Train Loss: 1.349 | Train Acc: 49.81  |  Val Loss: 1.166 | Val Acc: 57.71  |  Test Loss: 0.884 | Tes Acc: 73.12
INFO >> Epoch: 1  |  Layer:  7  |  Train Loss: 1.340 | Train Acc: 51.21  |  Val Loss: 1.175 | Val Acc: 55.91  |  Test Loss: 0.890 | Tes Acc: 69.89
INFO >> Epoch: 1  |  Layer:  8  |  Train Loss: 1.338 | Train Acc: 51.01  |  Val Loss: 1.198 | Val Acc: 55.02  |  Test Loss: 0.900 | Tes Acc: 71.24
INFO >> Epoch: 1  |  Layer:  9  |  Train Loss: 1.372 | Train Acc: 48.36  |  Val Loss: 1.229 | Val Acc: 53.23  |  Test Loss: 0.952 | Tes Acc: 69.09
INFO >> Epoch: 1  |  Layer: 10  |  Train Loss: 1.377 | Train Acc: 48.07  |  Val Loss: 1.249 | Val Acc: 53.41  |  Test Loss: 0.976 | Tes Acc: 68.82
INFO >> Epoch: 1  |  Layer: 11  |  Train Loss: 1.493 | Train Acc: 39.52  |  Val Loss: 1.430 | Val Acc: 37.28  |  Test Loss: 1.209 | Tes Acc: 43.01
INFO >> Epoch: 1  |  Layer: 12  |  Train Loss: 1.424 | Train Acc: 41.11  |  Val Loss: 1.370 | Val Acc: 46.95  |  Test Loss: 1.125 | Tes Acc: 54.30

INFO >> Epoch: 2  |  Layer:  1  |  Train Loss: 1.354 | Train Acc: 48.45  |  Val Loss: 1.298 | Val Acc: 50.36  |  Test Loss: 1.010 | Tes Acc: 67.74
INFO >> Epoch: 2  |  Layer:  2  |  Train Loss: 1.268 | Train Acc: 53.62  |  Val Loss: 1.196 | Val Acc: 55.38  |  Test Loss: 0.902 | Tes Acc: 71.24
INFO >> Epoch: 2  |  Layer:  3  |  Train Loss: 1.182 | Train Acc: 58.16  |  Val Loss: 1.081 | Val Acc: 62.72  |  Test Loss: 0.773 | Tes Acc: 74.73
INFO >> Epoch: 2  |  Layer:  4  |  Train Loss: 1.090 | Train Acc: 62.80  |  Val Loss: 0.985 | Val Acc: 66.13  |  Test Loss: 0.660 | Tes Acc: 80.65
INFO >> Epoch: 2  |  Layer:  5  |  Train Loss: 1.146 | Train Acc: 58.70  |  Val Loss: 1.045 | Val Acc: 61.29  |  Test Loss: 0.715 | Tes Acc: 76.88
INFO >> Epoch: 2  |  Layer:  6  |  Train Loss: 1.058 | Train Acc: 63.14  |  Val Loss: 0.994 | Val Acc: 63.62  |  Test Loss: 0.652 | Tes Acc: 79.30
INFO >> Epoch: 2  |  Layer:  7  |  Train Loss: 1.085 | Train Acc: 61.01  |  Val Loss: 1.016 | Val Acc: 63.26  |  Test Loss: 0.678 | Tes Acc: 79.03
INFO >> Epoch: 2  |  Layer:  8  |  Train Loss: 1.108 | Train Acc: 60.92  |  Val Loss: 1.050 | Val Acc: 61.29  |  Test Loss: 0.707 | Tes Acc: 80.11
INFO >> Epoch: 2  |  Layer:  9  |  Train Loss: 1.139 | Train Acc: 58.70  |  Val Loss: 1.077 | Val Acc: 62.90  |  Test Loss: 0.723 | Tes Acc: 79.57
INFO >> Epoch: 2  |  Layer: 10  |  Train Loss: 1.181 | Train Acc: 57.83  |  Val Loss: 1.116 | Val Acc: 60.04  |  Test Loss: 0.777 | Tes Acc: 77.96
INFO >> Epoch: 2  |  Layer: 11  |  Train Loss: 1.377 | Train Acc: 47.97  |  Val Loss: 1.367 | Val Acc: 47.13  |  Test Loss: 1.051 | Tes Acc: 65.32
INFO >> Epoch: 2  |  Layer: 12  |  Train Loss: 1.297 | Train Acc: 51.55  |  Val Loss: 1.258 | Val Acc: 53.76  |  Test Loss: 0.949 | Tes Acc: 68.01

INFO >> Epoch: 3  |  Layer:  1  |  Train Loss: 1.248 | Train Acc: 54.06  |  Val Loss: 1.204 | Val Acc: 53.76  |  Test Loss: 0.952 | Tes Acc: 62.37
INFO >> Epoch: 3  |  Layer:  2  |  Train Loss: 1.120 | Train Acc: 60.92  |  Val Loss: 1.054 | Val Acc: 64.16  |  Test Loss: 0.793 | Tes Acc: 75.81
INFO >> Epoch: 3  |  Layer:  3  |  Train Loss: 1.016 | Train Acc: 65.41  |  Val Loss: 0.941 | Val Acc: 69.18  |  Test Loss: 0.654 | Tes Acc: 81.45
INFO >> Epoch: 3  |  Layer:  4  |  Train Loss: 0.922 | Train Acc: 68.94  |  Val Loss: 0.859 | Val Acc: 70.79  |  Test Loss: 0.565 | Tes Acc: 84.95
INFO >> Epoch: 3  |  Layer:  5  |  Train Loss: 0.981 | Train Acc: 66.04  |  Val Loss: 0.909 | Val Acc: 68.82  |  Test Loss: 0.628 | Tes Acc: 80.65
INFO >> Epoch: 3  |  Layer:  6  |  Train Loss: 0.923 | Train Acc: 67.87  |  Val Loss: 0.885 | Val Acc: 70.61  |  Test Loss: 0.589 | Tes Acc: 81.99
INFO >> Epoch: 3  |  Layer:  7  |  Train Loss: 0.960 | Train Acc: 65.89  |  Val Loss: 0.917 | Val Acc: 69.35  |  Test Loss: 0.615 | Tes Acc: 82.26
INFO >> Epoch: 3  |  Layer:  8  |  Train Loss: 0.990 | Train Acc: 65.65  |  Val Loss: 0.944 | Val Acc: 69.00  |  Test Loss: 0.644 | Tes Acc: 81.18
INFO >> Epoch: 3  |  Layer:  9  |  Train Loss: 1.018 | Train Acc: 64.25  |  Val Loss: 0.972 | Val Acc: 66.67  |  Test Loss: 0.654 | Tes Acc: 80.11
INFO >> Epoch: 3  |  Layer: 10  |  Train Loss: 1.058 | Train Acc: 62.90  |  Val Loss: 1.008 | Val Acc: 65.05  |  Test Loss: 0.724 | Tes Acc: 78.23
INFO >> Epoch: 3  |  Layer: 11  |  Train Loss: 1.305 | Train Acc: 52.61  |  Val Loss: 1.289 | Val Acc: 52.69  |  Test Loss: 0.979 | Tes Acc: 69.62
INFO >> Epoch: 3  |  Layer: 12  |  Train Loss: 1.189 | Train Acc: 56.67  |  Val Loss: 1.146 | Val Acc: 56.63  |  Test Loss: 0.850 | Tes Acc: 73.66

INFO >> Epoch: 4  |  Layer:  1  |  Train Loss: 1.188 | Train Acc: 57.54  |  Val Loss: 1.129 | Val Acc: 59.50  |  Test Loss: 0.849 | Tes Acc: 73.12
INFO >> Epoch: 4  |  Layer:  2  |  Train Loss: 1.027 | Train Acc: 66.09  |  Val Loss: 0.983 | Val Acc: 65.59  |  Test Loss: 0.676 | Tes Acc: 80.65
INFO >> Epoch: 4  |  Layer:  3  |  Train Loss: 0.939 | Train Acc: 67.39  |  Val Loss: 0.886 | Val Acc: 69.53  |  Test Loss: 0.560 | Tes Acc: 84.14
INFO >> Epoch: 4  |  Layer:  4  |  Train Loss: 0.841 | Train Acc: 70.97  |  Val Loss: 0.802 | Val Acc: 72.76  |  Test Loss: 0.486 | Tes Acc: 87.10
INFO >> Epoch: 4  |  Layer:  5  |  Train Loss: 0.893 | Train Acc: 68.99  |  Val Loss: 0.846 | Val Acc: 70.79  |  Test Loss: 0.538 | Tes Acc: 84.41
INFO >> Epoch: 4  |  Layer:  6  |  Train Loss: 0.839 | Train Acc: 71.16  |  Val Loss: 0.829 | Val Acc: 73.48  |  Test Loss: 0.515 | Tes Acc: 86.83
INFO >> Epoch: 4  |  Layer:  7  |  Train Loss: 0.887 | Train Acc: 68.70  |  Val Loss: 0.866 | Val Acc: 70.43  |  Test Loss: 0.554 | Tes Acc: 85.48
INFO >> Epoch: 4  |  Layer:  8  |  Train Loss: 0.914 | Train Acc: 67.58  |  Val Loss: 0.888 | Val Acc: 71.15  |  Test Loss: 0.594 | Tes Acc: 83.06
INFO >> Epoch: 4  |  Layer:  9  |  Train Loss: 0.945 | Train Acc: 66.96  |  Val Loss: 0.928 | Val Acc: 68.64  |  Test Loss: 0.627 | Tes Acc: 80.38
INFO >> Epoch: 4  |  Layer: 10  |  Train Loss: 0.979 | Train Acc: 66.09  |  Val Loss: 0.949 | Val Acc: 68.28  |  Test Loss: 0.627 | Tes Acc: 81.99
INFO >> Epoch: 4  |  Layer: 11  |  Train Loss: 1.221 | Train Acc: 57.10  |  Val Loss: 1.221 | Val Acc: 56.99  |  Test Loss: 0.914 | Tes Acc: 72.85
INFO >> Epoch: 4  |  Layer: 12  |  Train Loss: 1.122 | Train Acc: 59.28  |  Val Loss: 1.100 | Val Acc: 59.50  |  Test Loss: 0.828 | Tes Acc: 73.12

INFO >> Epoch: 5  |  Layer:  1  |  Train Loss: 1.151 | Train Acc: 58.12  |  Val Loss: 1.103 | Val Acc: 61.65  |  Test Loss: 0.872 | Tes Acc: 72.31
INFO >> Epoch: 5  |  Layer:  2  |  Train Loss: 0.977 | Train Acc: 67.10  |  Val Loss: 0.956 | Val Acc: 68.46  |  Test Loss: 0.703 | Tes Acc: 79.30
INFO >> Epoch: 5  |  Layer:  3  |  Train Loss: 0.891 | Train Acc: 69.61  |  Val Loss: 0.868 | Val Acc: 69.35  |  Test Loss: 0.582 | Tes Acc: 84.95
INFO >> Epoch: 5  |  Layer:  4  |  Train Loss: 0.798 | Train Acc: 73.38  |  Val Loss: 0.810 | Val Acc: 70.43  |  Test Loss: 0.509 | Tes Acc: 84.95
INFO >> Epoch: 5  |  Layer:  5  |  Train Loss: 0.849 | Train Acc: 71.01  |  Val Loss: 0.829 | Val Acc: 70.07  |  Test Loss: 0.548 | Tes Acc: 85.75
INFO >> Epoch: 5  |  Layer:  6  |  Train Loss: 0.801 | Train Acc: 72.75  |  Val Loss: 0.809 | Val Acc: 71.68  |  Test Loss: 0.510 | Tes Acc: 85.48
INFO >> Epoch: 5  |  Layer:  7  |  Train Loss: 0.843 | Train Acc: 70.63  |  Val Loss: 0.877 | Val Acc: 69.18  |  Test Loss: 0.570 | Tes Acc: 85.75
INFO >> Epoch: 5  |  Layer:  8  |  Train Loss: 0.867 | Train Acc: 69.47  |  Val Loss: 0.908 | Val Acc: 68.10  |  Test Loss: 0.632 | Tes Acc: 82.80
INFO >> Epoch: 5  |  Layer:  9  |  Train Loss: 0.893 | Train Acc: 69.37  |  Val Loss: 0.950 | Val Acc: 65.05  |  Test Loss: 0.650 | Tes Acc: 80.91
INFO >> Epoch: 5  |  Layer: 10  |  Train Loss: 0.929 | Train Acc: 67.68  |  Val Loss: 0.962 | Val Acc: 65.95  |  Test Loss: 0.679 | Tes Acc: 80.91
INFO >> Epoch: 5  |  Layer: 11  |  Train Loss: 1.180 | Train Acc: 58.70  |  Val Loss: 1.200 | Val Acc: 56.09  |  Test Loss: 0.873 | Tes Acc: 70.43
INFO >> Epoch: 5  |  Layer: 12  |  Train Loss: 1.074 | Train Acc: 62.03  |  Val Loss: 1.069 | Val Acc: 61.47  |  Test Loss: 0.809 | Tes Acc: 76.08

INFO >> Epoch: 6  |  Layer:  1  |  Train Loss: 1.108 | Train Acc: 59.66  |  Val Loss: 1.046 | Val Acc: 63.62  |  Test Loss: 0.757 | Tes Acc: 78.23
INFO >> Epoch: 6  |  Layer:  2  |  Train Loss: 0.935 | Train Acc: 66.71  |  Val Loss: 0.908 | Val Acc: 70.79  |  Test Loss: 0.572 | Tes Acc: 84.68
INFO >> Epoch: 6  |  Layer:  3  |  Train Loss: 0.852 | Train Acc: 70.48  |  Val Loss: 0.804 | Val Acc: 72.22  |  Test Loss: 0.480 | Tes Acc: 86.83
INFO >> Epoch: 6  |  Layer:  4  |  Train Loss: 0.769 | Train Acc: 73.72  |  Val Loss: 0.739 | Val Acc: 75.99  |  Test Loss: 0.434 | Tes Acc: 88.71
INFO >> Epoch: 6  |  Layer:  5  |  Train Loss: 0.812 | Train Acc: 71.55  |  Val Loss: 0.755 | Val Acc: 74.55  |  Test Loss: 0.461 | Tes Acc: 87.37
INFO >> Epoch: 6  |  Layer:  6  |  Train Loss: 0.763 | Train Acc: 73.72  |  Val Loss: 0.751 | Val Acc: 74.55  |  Test Loss: 0.432 | Tes Acc: 88.44
INFO >> Epoch: 6  |  Layer:  7  |  Train Loss: 0.807 | Train Acc: 72.03  |  Val Loss: 0.804 | Val Acc: 71.15  |  Test Loss: 0.466 | Tes Acc: 87.10
INFO >> Epoch: 6  |  Layer:  8  |  Train Loss: 0.836 | Train Acc: 70.58  |  Val Loss: 0.845 | Val Acc: 70.07  |  Test Loss: 0.516 | Tes Acc: 83.60
INFO >> Epoch: 6  |  Layer:  9  |  Train Loss: 0.861 | Train Acc: 69.66  |  Val Loss: 0.854 | Val Acc: 69.00  |  Test Loss: 0.517 | Tes Acc: 83.06
INFO >> Epoch: 6  |  Layer: 10  |  Train Loss: 0.896 | Train Acc: 68.74  |  Val Loss: 0.871 | Val Acc: 69.89  |  Test Loss: 0.543 | Tes Acc: 85.48
INFO >> Epoch: 6  |  Layer: 11  |  Train Loss: 1.140 | Train Acc: 60.14  |  Val Loss: 1.151 | Val Acc: 59.68  |  Test Loss: 0.796 | Tes Acc: 73.39
INFO >> Epoch: 6  |  Layer: 12  |  Train Loss: 1.032 | Train Acc: 61.69  |  Val Loss: 1.023 | Val Acc: 62.37  |  Test Loss: 0.705 | Tes Acc: 76.08

INFO >> Epoch: 7  |  Layer:  1  |  Train Loss: 1.063 | Train Acc: 63.48  |  Val Loss: 1.110 | Val Acc: 55.38  |  Test Loss: 0.776 | Tes Acc: 71.24
INFO >> Epoch: 7  |  Layer:  2  |  Train Loss: 0.886 | Train Acc: 69.81  |  Val Loss: 0.941 | Val Acc: 66.49  |  Test Loss: 0.584 | Tes Acc: 82.26
INFO >> Epoch: 7  |  Layer:  3  |  Train Loss: 0.802 | Train Acc: 73.14  |  Val Loss: 0.787 | Val Acc: 72.40  |  Test Loss: 0.463 | Tes Acc: 87.37
INFO >> Epoch: 7  |  Layer:  4  |  Train Loss: 0.719 | Train Acc: 75.89  |  Val Loss: 0.727 | Val Acc: 73.48  |  Test Loss: 0.411 | Tes Acc: 88.17
INFO >> Epoch: 7  |  Layer:  5  |  Train Loss: 0.757 | Train Acc: 74.49  |  Val Loss: 0.727 | Val Acc: 75.81  |  Test Loss: 0.435 | Tes Acc: 87.37
INFO >> Epoch: 7  |  Layer:  6  |  Train Loss: 0.711 | Train Acc: 76.23  |  Val Loss: 0.723 | Val Acc: 74.73  |  Test Loss: 0.409 | Tes Acc: 89.52
INFO >> Epoch: 7  |  Layer:  7  |  Train Loss: 0.760 | Train Acc: 74.15  |  Val Loss: 0.765 | Val Acc: 70.97  |  Test Loss: 0.438 | Tes Acc: 88.98
INFO >> Epoch: 7  |  Layer:  8  |  Train Loss: 0.796 | Train Acc: 72.03  |  Val Loss: 0.803 | Val Acc: 70.79  |  Test Loss: 0.490 | Tes Acc: 85.22
INFO >> Epoch: 7  |  Layer:  9  |  Train Loss: 0.820 | Train Acc: 71.40  |  Val Loss: 0.828 | Val Acc: 70.43  |  Test Loss: 0.495 | Tes Acc: 86.02
INFO >> Epoch: 7  |  Layer: 10  |  Train Loss: 0.856 | Train Acc: 70.19  |  Val Loss: 0.846 | Val Acc: 69.89  |  Test Loss: 0.509 | Tes Acc: 85.22
INFO >> Epoch: 7  |  Layer: 11  |  Train Loss: 1.100 | Train Acc: 61.26  |  Val Loss: 1.113 | Val Acc: 61.83  |  Test Loss: 0.761 | Tes Acc: 76.08
INFO >> Epoch: 7  |  Layer: 12  |  Train Loss: 0.997 | Train Acc: 64.06  |  Val Loss: 0.986 | Val Acc: 64.87  |  Test Loss: 0.652 | Tes Acc: 78.76

INFO >> Epoch: 8  |  Layer:  1  |  Train Loss: 1.050 | Train Acc: 62.37  |  Val Loss: 1.016 | Val Acc: 64.87  |  Test Loss: 0.770 | Tes Acc: 73.39
INFO >> Epoch: 8  |  Layer:  2  |  Train Loss: 0.872 | Train Acc: 69.71  |  Val Loss: 0.884 | Val Acc: 69.53  |  Test Loss: 0.601 | Tes Acc: 81.72
INFO >> Epoch: 8  |  Layer:  3  |  Train Loss: 0.783 | Train Acc: 72.32  |  Val Loss: 0.795 | Val Acc: 71.15  |  Test Loss: 0.514 | Tes Acc: 85.22
INFO >> Epoch: 8  |  Layer:  4  |  Train Loss: 0.703 | Train Acc: 76.57  |  Val Loss: 0.727 | Val Acc: 75.45  |  Test Loss: 0.444 | Tes Acc: 87.37
INFO >> Epoch: 8  |  Layer:  5  |  Train Loss: 0.736 | Train Acc: 74.20  |  Val Loss: 0.733 | Val Acc: 74.19  |  Test Loss: 0.471 | Tes Acc: 85.22
INFO >> Epoch: 8  |  Layer:  6  |  Train Loss: 0.686 | Train Acc: 76.28  |  Val Loss: 0.715 | Val Acc: 75.63  |  Test Loss: 0.447 | Tes Acc: 87.10
INFO >> Epoch: 8  |  Layer:  7  |  Train Loss: 0.735 | Train Acc: 75.41  |  Val Loss: 0.762 | Val Acc: 73.12  |  Test Loss: 0.475 | Tes Acc: 86.83
INFO >> Epoch: 8  |  Layer:  8  |  Train Loss: 0.761 | Train Acc: 73.29  |  Val Loss: 0.795 | Val Acc: 72.04  |  Test Loss: 0.534 | Tes Acc: 83.60
INFO >> Epoch: 8  |  Layer:  9  |  Train Loss: 0.787 | Train Acc: 73.00  |  Val Loss: 0.838 | Val Acc: 69.18  |  Test Loss: 0.555 | Tes Acc: 81.72
INFO >> Epoch: 8  |  Layer: 10  |  Train Loss: 0.827 | Train Acc: 71.74  |  Val Loss: 0.862 | Val Acc: 69.18  |  Test Loss: 0.570 | Tes Acc: 81.72
INFO >> Epoch: 8  |  Layer: 11  |  Train Loss: 1.076 | Train Acc: 62.56  |  Val Loss: 1.086 | Val Acc: 63.08  |  Test Loss: 0.786 | Tes Acc: 78.76
INFO >> Epoch: 8  |  Layer: 12  |  Train Loss: 0.975 | Train Acc: 65.60  |  Val Loss: 0.960 | Val Acc: 66.49  |  Test Loss: 0.669 | Tes Acc: 80.38

INFO >> Epoch: 9  |  Layer:  1  |  Train Loss: 1.039 | Train Acc: 63.91  |  Val Loss: 1.056 | Val Acc: 62.01  |  Test Loss: 0.736 | Tes Acc: 73.92
INFO >> Epoch: 9  |  Layer:  2  |  Train Loss: 0.853 | Train Acc: 71.06  |  Val Loss: 0.947 | Val Acc: 67.20  |  Test Loss: 0.582 | Tes Acc: 80.65
INFO >> Epoch: 9  |  Layer:  3  |  Train Loss: 0.769 | Train Acc: 73.57  |  Val Loss: 0.839 | Val Acc: 70.97  |  Test Loss: 0.505 | Tes Acc: 84.14
INFO >> Epoch: 9  |  Layer:  4  |  Train Loss: 0.688 | Train Acc: 77.58  |  Val Loss: 0.795 | Val Acc: 73.84  |  Test Loss: 0.483 | Tes Acc: 83.87
INFO >> Epoch: 9  |  Layer:  5  |  Train Loss: 0.719 | Train Acc: 76.14  |  Val Loss: 0.750 | Val Acc: 73.84  |  Test Loss: 0.489 | Tes Acc: 83.87
INFO >> Epoch: 9  |  Layer:  6  |  Train Loss: 0.673 | Train Acc: 77.15  |  Val Loss: 0.749 | Val Acc: 74.19  |  Test Loss: 0.476 | Tes Acc: 84.14
INFO >> Epoch: 9  |  Layer:  7  |  Train Loss: 0.730 | Train Acc: 75.56  |  Val Loss: 0.762 | Val Acc: 73.84  |  Test Loss: 0.480 | Tes Acc: 84.41
INFO >> Epoch: 9  |  Layer:  8  |  Train Loss: 0.765 | Train Acc: 73.57  |  Val Loss: 0.826 | Val Acc: 71.86  |  Test Loss: 0.549 | Tes Acc: 81.18
INFO >> Epoch: 9  |  Layer:  9  |  Train Loss: 0.784 | Train Acc: 72.66  |  Val Loss: 0.847 | Val Acc: 71.15  |  Test Loss: 0.576 | Tes Acc: 79.84
INFO >> Epoch: 9  |  Layer: 10  |  Train Loss: 0.825 | Train Acc: 71.69  |  Val Loss: 0.881 | Val Acc: 70.25  |  Test Loss: 0.583 | Tes Acc: 79.03
INFO >> Epoch: 9  |  Layer: 11  |  Train Loss: 1.032 | Train Acc: 64.25  |  Val Loss: 1.064 | Val Acc: 63.80  |  Test Loss: 0.725 | Tes Acc: 78.76
INFO >> Epoch: 9  |  Layer: 12  |  Train Loss: 0.942 | Train Acc: 67.39  |  Val Loss: 1.005 | Val Acc: 63.98  |  Test Loss: 0.668 | Tes Acc: 75.27

INFO >> Epoch: 10  |  Layer:  1  |  Train Loss: 1.017 | Train Acc: 63.00  |  Val Loss: 0.962 | Val Acc: 68.46  |  Test Loss: 0.688 | Tes Acc: 77.96
INFO >> Epoch: 10  |  Layer:  2  |  Train Loss: 0.842 | Train Acc: 71.64  |  Val Loss: 0.833 | Val Acc: 71.86  |  Test Loss: 0.506 | Tes Acc: 86.56
INFO >> Epoch: 10  |  Layer:  3  |  Train Loss: 0.763 | Train Acc: 73.96  |  Val Loss: 0.771 | Val Acc: 74.73  |  Test Loss: 0.434 | Tes Acc: 87.37
INFO >> Epoch: 10  |  Layer:  4  |  Train Loss: 0.676 | Train Acc: 76.96  |  Val Loss: 0.720 | Val Acc: 76.16  |  Test Loss: 0.407 | Tes Acc: 86.56
INFO >> Epoch: 10  |  Layer:  5  |  Train Loss: 0.698 | Train Acc: 76.33  |  Val Loss: 0.694 | Val Acc: 77.42  |  Test Loss: 0.417 | Tes Acc: 87.63
INFO >> Epoch: 10  |  Layer:  6  |  Train Loss: 0.653 | Train Acc: 77.63  |  Val Loss: 0.693 | Val Acc: 75.63  |  Test Loss: 0.402 | Tes Acc: 89.25
INFO >> Epoch: 10  |  Layer:  7  |  Train Loss: 0.707 | Train Acc: 76.28  |  Val Loss: 0.735 | Val Acc: 74.55  |  Test Loss: 0.420 | Tes Acc: 88.44
INFO >> Epoch: 10  |  Layer:  8  |  Train Loss: 0.734 | Train Acc: 75.31  |  Val Loss: 0.768 | Val Acc: 73.48  |  Test Loss: 0.480 | Tes Acc: 84.68
INFO >> Epoch: 10  |  Layer:  9  |  Train Loss: 0.762 | Train Acc: 73.04  |  Val Loss: 0.782 | Val Acc: 72.94  |  Test Loss: 0.491 | Tes Acc: 84.95
INFO >> Epoch: 10  |  Layer: 10  |  Train Loss: 0.802 | Train Acc: 72.17  |  Val Loss: 0.796 | Val Acc: 72.22  |  Test Loss: 0.506 | Tes Acc: 85.75
INFO >> Epoch: 10  |  Layer: 11  |  Train Loss: 1.023 | Train Acc: 63.62  |  Val Loss: 1.039 | Val Acc: 64.52  |  Test Loss: 0.701 | Tes Acc: 80.11
INFO >> Epoch: 10  |  Layer: 12  |  Train Loss: 0.937 | Train Acc: 67.34  |  Val Loss: 0.909 | Val Acc: 68.46  |  Test Loss: 0.618 | Tes Acc: 81.99

INFO >> Epoch: 11  |  Layer:  1  |  Train Loss: 0.989 | Train Acc: 65.80  |  Val Loss: 0.977 | Val Acc: 65.95  |  Test Loss: 0.711 | Tes Acc: 78.76
INFO >> Epoch: 11  |  Layer:  2  |  Train Loss: 0.813 | Train Acc: 71.64  |  Val Loss: 0.849 | Val Acc: 70.97  |  Test Loss: 0.539 | Tes Acc: 84.95
INFO >> Epoch: 11  |  Layer:  3  |  Train Loss: 0.730 | Train Acc: 74.88  |  Val Loss: 0.750 | Val Acc: 73.30  |  Test Loss: 0.431 | Tes Acc: 89.25
INFO >> Epoch: 11  |  Layer:  4  |  Train Loss: 0.655 | Train Acc: 77.49  |  Val Loss: 0.710 | Val Acc: 75.63  |  Test Loss: 0.394 | Tes Acc: 88.98
INFO >> Epoch: 11  |  Layer:  5  |  Train Loss: 0.677 | Train Acc: 76.52  |  Val Loss: 0.713 | Val Acc: 75.81  |  Test Loss: 0.428 | Tes Acc: 87.90
INFO >> Epoch: 11  |  Layer:  6  |  Train Loss: 0.622 | Train Acc: 78.74  |  Val Loss: 0.687 | Val Acc: 77.42  |  Test Loss: 0.395 | Tes Acc: 88.71
INFO >> Epoch: 11  |  Layer:  7  |  Train Loss: 0.680 | Train Acc: 76.96  |  Val Loss: 0.720 | Val Acc: 75.81  |  Test Loss: 0.418 | Tes Acc: 88.71
INFO >> Epoch: 11  |  Layer:  8  |  Train Loss: 0.716 | Train Acc: 75.27  |  Val Loss: 0.763 | Val Acc: 73.30  |  Test Loss: 0.486 | Tes Acc: 87.10
INFO >> Epoch: 11  |  Layer:  9  |  Train Loss: 0.731 | Train Acc: 73.53  |  Val Loss: 0.831 | Val Acc: 69.89  |  Test Loss: 0.549 | Tes Acc: 83.60
INFO >> Epoch: 11  |  Layer: 10  |  Train Loss: 0.777 | Train Acc: 72.51  |  Val Loss: 0.823 | Val Acc: 70.97  |  Test Loss: 0.540 | Tes Acc: 85.48
INFO >> Epoch: 11  |  Layer: 11  |  Train Loss: 0.998 | Train Acc: 64.64  |  Val Loss: 1.014 | Val Acc: 67.03  |  Test Loss: 0.675 | Tes Acc: 81.72
INFO >> Epoch: 11  |  Layer: 12  |  Train Loss: 0.917 | Train Acc: 67.73  |  Val Loss: 0.902 | Val Acc: 68.64  |  Test Loss: 0.601 | Tes Acc: 83.87

INFO >> Epoch: 12  |  Layer:  1  |  Train Loss: 0.987 | Train Acc: 64.20  |  Val Loss: 0.966 | Val Acc: 67.38  |  Test Loss: 0.728 | Tes Acc: 77.96
INFO >> Epoch: 12  |  Layer:  2  |  Train Loss: 0.803 | Train Acc: 72.42  |  Val Loss: 0.821 | Val Acc: 71.15  |  Test Loss: 0.540 | Tes Acc: 84.14
INFO >> Epoch: 12  |  Layer:  3  |  Train Loss: 0.721 | Train Acc: 75.07  |  Val Loss: 0.756 | Val Acc: 74.37  |  Test Loss: 0.462 | Tes Acc: 86.29
INFO >> Epoch: 12  |  Layer:  4  |  Train Loss: 0.656 | Train Acc: 77.49  |  Val Loss: 0.688 | Val Acc: 77.06  |  Test Loss: 0.387 | Tes Acc: 88.98
INFO >> Epoch: 12  |  Layer:  5  |  Train Loss: 0.675 | Train Acc: 76.52  |  Val Loss: 0.676 | Val Acc: 77.78  |  Test Loss: 0.409 | Tes Acc: 90.05
INFO >> Epoch: 12  |  Layer:  6  |  Train Loss: 0.626 | Train Acc: 78.50  |  Val Loss: 0.651 | Val Acc: 79.03  |  Test Loss: 0.393 | Tes Acc: 90.05
INFO >> Epoch: 12  |  Layer:  7  |  Train Loss: 0.680 | Train Acc: 76.38  |  Val Loss: 0.708 | Val Acc: 76.70  |  Test Loss: 0.432 | Tes Acc: 87.63
INFO >> Epoch: 12  |  Layer:  8  |  Train Loss: 0.712 | Train Acc: 74.59  |  Val Loss: 0.751 | Val Acc: 74.55  |  Test Loss: 0.503 | Tes Acc: 85.22
INFO >> Epoch: 12  |  Layer:  9  |  Train Loss: 0.745 | Train Acc: 72.95  |  Val Loss: 0.780 | Val Acc: 73.30  |  Test Loss: 0.538 | Tes Acc: 84.68
INFO >> Epoch: 12  |  Layer: 10  |  Train Loss: 0.793 | Train Acc: 72.85  |  Val Loss: 0.815 | Val Acc: 71.33  |  Test Loss: 0.580 | Tes Acc: 81.99
INFO >> Epoch: 12  |  Layer: 11  |  Train Loss: 1.015 | Train Acc: 63.77  |  Val Loss: 1.024 | Val Acc: 64.52  |  Test Loss: 0.677 | Tes Acc: 80.91
INFO >> Epoch: 12  |  Layer: 12  |  Train Loss: 0.952 | Train Acc: 66.18  |  Val Loss: 0.931 | Val Acc: 68.28  |  Test Loss: 0.673 | Tes Acc: 78.23

INFO >> Epoch: 13  |  Layer:  1  |  Train Loss: 0.965 | Train Acc: 66.43  |  Val Loss: 0.982 | Val Acc: 62.72  |  Test Loss: 0.708 | Tes Acc: 72.58
INFO >> Epoch: 13  |  Layer:  2  |  Train Loss: 0.785 | Train Acc: 73.19  |  Val Loss: 0.836 | Val Acc: 71.33  |  Test Loss: 0.526 | Tes Acc: 81.99
INFO >> Epoch: 13  |  Layer:  3  |  Train Loss: 0.710 | Train Acc: 75.56  |  Val Loss: 0.748 | Val Acc: 75.09  |  Test Loss: 0.410 | Tes Acc: 87.90
INFO >> Epoch: 13  |  Layer:  4  |  Train Loss: 0.638 | Train Acc: 78.26  |  Val Loss: 0.702 | Val Acc: 77.78  |  Test Loss: 0.391 | Tes Acc: 87.10
INFO >> Epoch: 13  |  Layer:  5  |  Train Loss: 0.652 | Train Acc: 78.31  |  Val Loss: 0.680 | Val Acc: 76.88  |  Test Loss: 0.395 | Tes Acc: 89.52
INFO >> Epoch: 13  |  Layer:  6  |  Train Loss: 0.604 | Train Acc: 79.61  |  Val Loss: 0.639 | Val Acc: 77.78  |  Test Loss: 0.373 | Tes Acc: 89.78
INFO >> Epoch: 13  |  Layer:  7  |  Train Loss: 0.650 | Train Acc: 77.68  |  Val Loss: 0.689 | Val Acc: 76.52  |  Test Loss: 0.405 | Tes Acc: 88.17
INFO >> Epoch: 13  |  Layer:  8  |  Train Loss: 0.682 | Train Acc: 76.09  |  Val Loss: 0.725 | Val Acc: 74.73  |  Test Loss: 0.458 | Tes Acc: 86.29
INFO >> Epoch: 13  |  Layer:  9  |  Train Loss: 0.705 | Train Acc: 75.51  |  Val Loss: 0.759 | Val Acc: 73.12  |  Test Loss: 0.469 | Tes Acc: 84.95
INFO >> Epoch: 13  |  Layer: 10  |  Train Loss: 0.744 | Train Acc: 74.98  |  Val Loss: 0.788 | Val Acc: 71.68  |  Test Loss: 0.471 | Tes Acc: 85.75
INFO >> Epoch: 13  |  Layer: 11  |  Train Loss: 0.951 | Train Acc: 67.15  |  Val Loss: 0.998 | Val Acc: 65.05  |  Test Loss: 0.674 | Tes Acc: 78.76
INFO >> Epoch: 13  |  Layer: 12  |  Train Loss: 0.879 | Train Acc: 69.32  |  Val Loss: 0.896 | Val Acc: 68.64  |  Test Loss: 0.577 | Tes Acc: 80.91

INFO >> Epoch: 14  |  Layer:  1  |  Train Loss: 0.967 | Train Acc: 65.12  |  Val Loss: 0.964 | Val Acc: 62.01  |  Test Loss: 0.640 | Tes Acc: 78.76
INFO >> Epoch: 14  |  Layer:  2  |  Train Loss: 0.788 | Train Acc: 72.42  |  Val Loss: 0.801 | Val Acc: 73.48  |  Test Loss: 0.477 | Tes Acc: 86.02
INFO >> Epoch: 14  |  Layer:  3  |  Train Loss: 0.698 | Train Acc: 76.33  |  Val Loss: 0.710 | Val Acc: 76.34  |  Test Loss: 0.400 | Tes Acc: 88.44
INFO >> Epoch: 14  |  Layer:  4  |  Train Loss: 0.619 | Train Acc: 78.74  |  Val Loss: 0.665 | Val Acc: 79.21  |  Test Loss: 0.360 | Tes Acc: 88.44
INFO >> Epoch: 14  |  Layer:  5  |  Train Loss: 0.636 | Train Acc: 78.79  |  Val Loss: 0.646 | Val Acc: 78.49  |  Test Loss: 0.373 | Tes Acc: 89.52
INFO >> Epoch: 14  |  Layer:  6  |  Train Loss: 0.576 | Train Acc: 80.24  |  Val Loss: 0.629 | Val Acc: 78.85  |  Test Loss: 0.368 | Tes Acc: 90.05
INFO >> Epoch: 14  |  Layer:  7  |  Train Loss: 0.627 | Train Acc: 78.26  |  Val Loss: 0.677 | Val Acc: 76.34  |  Test Loss: 0.390 | Tes Acc: 89.25
INFO >> Epoch: 14  |  Layer:  8  |  Train Loss: 0.664 | Train Acc: 76.96  |  Val Loss: 0.708 | Val Acc: 74.73  |  Test Loss: 0.446 | Tes Acc: 87.10
INFO >> Epoch: 14  |  Layer:  9  |  Train Loss: 0.694 | Train Acc: 76.14  |  Val Loss: 0.736 | Val Acc: 72.04  |  Test Loss: 0.464 | Tes Acc: 86.83
INFO >> Epoch: 14  |  Layer: 10  |  Train Loss: 0.742 | Train Acc: 74.88  |  Val Loss: 0.746 | Val Acc: 73.66  |  Test Loss: 0.467 | Tes Acc: 87.37
INFO >> Epoch: 14  |  Layer: 11  |  Train Loss: 0.964 | Train Acc: 66.76  |  Val Loss: 0.972 | Val Acc: 67.74  |  Test Loss: 0.629 | Tes Acc: 81.99
INFO >> Epoch: 14  |  Layer: 12  |  Train Loss: 0.883 | Train Acc: 69.57  |  Val Loss: 0.864 | Val Acc: 70.61  |  Test Loss: 0.577 | Tes Acc: 82.80

INFO >> Epoch: 15  |  Layer:  1  |  Train Loss: 0.940 | Train Acc: 67.05  |  Val Loss: 0.967 | Val Acc: 65.23  |  Test Loss: 0.745 | Tes Acc: 75.54
INFO >> Epoch: 15  |  Layer:  2  |  Train Loss: 0.762 | Train Acc: 73.72  |  Val Loss: 0.832 | Val Acc: 69.71  |  Test Loss: 0.536 | Tes Acc: 81.72
INFO >> Epoch: 15  |  Layer:  3  |  Train Loss: 0.676 | Train Acc: 76.09  |  Val Loss: 0.791 | Val Acc: 73.30  |  Test Loss: 0.450 | Tes Acc: 84.95
INFO >> Epoch: 15  |  Layer:  4  |  Train Loss: 0.600 | Train Acc: 79.57  |  Val Loss: 0.737 | Val Acc: 74.91  |  Test Loss: 0.408 | Tes Acc: 86.02
INFO >> Epoch: 15  |  Layer:  5  |  Train Loss: 0.617 | Train Acc: 78.60  |  Val Loss: 0.699 | Val Acc: 77.60  |  Test Loss: 0.416 | Tes Acc: 85.75
INFO >> Epoch: 15  |  Layer:  6  |  Train Loss: 0.566 | Train Acc: 80.34  |  Val Loss: 0.686 | Val Acc: 76.70  |  Test Loss: 0.415 | Tes Acc: 86.29
INFO >> Epoch: 15  |  Layer:  7  |  Train Loss: 0.609 | Train Acc: 78.99  |  Val Loss: 0.733 | Val Acc: 74.91  |  Test Loss: 0.429 | Tes Acc: 85.22
INFO >> Epoch: 15  |  Layer:  8  |  Train Loss: 0.647 | Train Acc: 77.20  |  Val Loss: 0.771 | Val Acc: 71.86  |  Test Loss: 0.474 | Tes Acc: 84.68
INFO >> Epoch: 15  |  Layer:  9  |  Train Loss: 0.682 | Train Acc: 76.71  |  Val Loss: 0.780 | Val Acc: 71.86  |  Test Loss: 0.492 | Tes Acc: 84.95
INFO >> Epoch: 15  |  Layer: 10  |  Train Loss: 0.723 | Train Acc: 74.88  |  Val Loss: 0.794 | Val Acc: 69.89  |  Test Loss: 0.543 | Tes Acc: 81.72
INFO >> Epoch: 15  |  Layer: 11  |  Train Loss: 0.930 | Train Acc: 67.83  |  Val Loss: 1.003 | Val Acc: 65.95  |  Test Loss: 0.699 | Tes Acc: 80.65
INFO >> Epoch: 15  |  Layer: 12  |  Train Loss: 0.875 | Train Acc: 69.28  |  Val Loss: 0.908 | Val Acc: 68.82  |  Test Loss: 0.634 | Tes Acc: 80.65

INFO >> Epoch: 16  |  Layer:  1  |  Train Loss: 0.937 | Train Acc: 67.15  |  Val Loss: 0.912 | Val Acc: 69.35  |  Test Loss: 0.657 | Tes Acc: 76.88
INFO >> Epoch: 16  |  Layer:  2  |  Train Loss: 0.764 | Train Acc: 73.86  |  Val Loss: 0.776 | Val Acc: 72.76  |  Test Loss: 0.476 | Tes Acc: 85.75
INFO >> Epoch: 16  |  Layer:  3  |  Train Loss: 0.679 | Train Acc: 77.00  |  Val Loss: 0.712 | Val Acc: 75.27  |  Test Loss: 0.398 | Tes Acc: 87.90
INFO >> Epoch: 16  |  Layer:  4  |  Train Loss: 0.607 | Train Acc: 79.13  |  Val Loss: 0.667 | Val Acc: 77.60  |  Test Loss: 0.366 | Tes Acc: 88.44
INFO >> Epoch: 16  |  Layer:  5  |  Train Loss: 0.604 | Train Acc: 79.23  |  Val Loss: 0.633 | Val Acc: 77.96  |  Test Loss: 0.367 | Tes Acc: 89.52
INFO >> Epoch: 16  |  Layer:  6  |  Train Loss: 0.557 | Train Acc: 80.92  |  Val Loss: 0.630 | Val Acc: 79.21  |  Test Loss: 0.389 | Tes Acc: 89.25
INFO >> Epoch: 16  |  Layer:  7  |  Train Loss: 0.608 | Train Acc: 78.94  |  Val Loss: 0.679 | Val Acc: 76.70  |  Test Loss: 0.399 | Tes Acc: 88.98
INFO >> Epoch: 16  |  Layer:  8  |  Train Loss: 0.650 | Train Acc: 77.29  |  Val Loss: 0.708 | Val Acc: 75.99  |  Test Loss: 0.446 | Tes Acc: 87.37
INFO >> Epoch: 16  |  Layer:  9  |  Train Loss: 0.673 | Train Acc: 76.38  |  Val Loss: 0.727 | Val Acc: 73.12  |  Test Loss: 0.467 | Tes Acc: 84.68
INFO >> Epoch: 16  |  Layer: 10  |  Train Loss: 0.722 | Train Acc: 73.82  |  Val Loss: 0.752 | Val Acc: 73.66  |  Test Loss: 0.482 | Tes Acc: 84.95
INFO >> Epoch: 16  |  Layer: 11  |  Train Loss: 0.925 | Train Acc: 67.83  |  Val Loss: 0.963 | Val Acc: 66.49  |  Test Loss: 0.601 | Tes Acc: 83.06
INFO >> Epoch: 16  |  Layer: 12  |  Train Loss: 0.872 | Train Acc: 69.57  |  Val Loss: 0.864 | Val Acc: 69.71  |  Test Loss: 0.560 | Tes Acc: 83.87

INFO >> Epoch: 17  |  Layer:  1  |  Train Loss: 0.931 | Train Acc: 67.97  |  Val Loss: 0.929 | Val Acc: 66.85  |  Test Loss: 0.682 | Tes Acc: 75.81
INFO >> Epoch: 17  |  Layer:  2  |  Train Loss: 0.752 | Train Acc: 73.38  |  Val Loss: 0.787 | Val Acc: 72.22  |  Test Loss: 0.473 | Tes Acc: 86.02
INFO >> Epoch: 17  |  Layer:  3  |  Train Loss: 0.663 | Train Acc: 76.76  |  Val Loss: 0.694 | Val Acc: 76.52  |  Test Loss: 0.404 | Tes Acc: 88.98
INFO >> Epoch: 17  |  Layer:  4  |  Train Loss: 0.597 | Train Acc: 79.95  |  Val Loss: 0.653 | Val Acc: 78.67  |  Test Loss: 0.368 | Tes Acc: 88.17
INFO >> Epoch: 17  |  Layer:  5  |  Train Loss: 0.593 | Train Acc: 79.42  |  Val Loss: 0.634 | Val Acc: 78.14  |  Test Loss: 0.371 | Tes Acc: 89.25
INFO >> Epoch: 17  |  Layer:  6  |  Train Loss: 0.551 | Train Acc: 81.16  |  Val Loss: 0.627 | Val Acc: 78.67  |  Test Loss: 0.385 | Tes Acc: 89.52
INFO >> Epoch: 17  |  Layer:  7  |  Train Loss: 0.601 | Train Acc: 79.81  |  Val Loss: 0.677 | Val Acc: 78.14  |  Test Loss: 0.402 | Tes Acc: 88.98
INFO >> Epoch: 17  |  Layer:  8  |  Train Loss: 0.644 | Train Acc: 77.00  |  Val Loss: 0.701 | Val Acc: 74.55  |  Test Loss: 0.448 | Tes Acc: 88.17
INFO >> Epoch: 17  |  Layer:  9  |  Train Loss: 0.669 | Train Acc: 76.47  |  Val Loss: 0.734 | Val Acc: 72.58  |  Test Loss: 0.449 | Tes Acc: 87.10
INFO >> Epoch: 17  |  Layer: 10  |  Train Loss: 0.717 | Train Acc: 75.46  |  Val Loss: 0.755 | Val Acc: 71.33  |  Test Loss: 0.439 | Tes Acc: 87.63
INFO >> Epoch: 17  |  Layer: 11  |  Train Loss: 0.913 | Train Acc: 67.63  |  Val Loss: 0.944 | Val Acc: 68.10  |  Test Loss: 0.591 | Tes Acc: 84.95
INFO >> Epoch: 17  |  Layer: 12  |  Train Loss: 0.852 | Train Acc: 70.14  |  Val Loss: 0.869 | Val Acc: 69.53  |  Test Loss: 0.556 | Tes Acc: 83.33

INFO >> Epoch: 18  |  Layer:  1  |  Train Loss: 0.937 | Train Acc: 66.71  |  Val Loss: 0.939 | Val Acc: 67.74  |  Test Loss: 0.723 | Tes Acc: 74.19
INFO >> Epoch: 18  |  Layer:  2  |  Train Loss: 0.763 | Train Acc: 74.06  |  Val Loss: 0.766 | Val Acc: 73.66  |  Test Loss: 0.468 | Tes Acc: 86.83
INFO >> Epoch: 18  |  Layer:  3  |  Train Loss: 0.655 | Train Acc: 77.73  |  Val Loss: 0.693 | Val Acc: 76.34  |  Test Loss: 0.383 | Tes Acc: 90.05
INFO >> Epoch: 18  |  Layer:  4  |  Train Loss: 0.584 | Train Acc: 80.58  |  Val Loss: 0.671 | Val Acc: 78.14  |  Test Loss: 0.362 | Tes Acc: 88.44
INFO >> Epoch: 18  |  Layer:  5  |  Train Loss: 0.583 | Train Acc: 80.63  |  Val Loss: 0.632 | Val Acc: 78.85  |  Test Loss: 0.362 | Tes Acc: 90.05
INFO >> Epoch: 18  |  Layer:  6  |  Train Loss: 0.538 | Train Acc: 81.69  |  Val Loss: 0.613 | Val Acc: 78.67  |  Test Loss: 0.364 | Tes Acc: 89.25
INFO >> Epoch: 18  |  Layer:  7  |  Train Loss: 0.577 | Train Acc: 80.39  |  Val Loss: 0.666 | Val Acc: 76.34  |  Test Loss: 0.383 | Tes Acc: 89.52
INFO >> Epoch: 18  |  Layer:  8  |  Train Loss: 0.630 | Train Acc: 77.20  |  Val Loss: 0.697 | Val Acc: 76.16  |  Test Loss: 0.440 | Tes Acc: 88.44
INFO >> Epoch: 18  |  Layer:  9  |  Train Loss: 0.661 | Train Acc: 77.39  |  Val Loss: 0.723 | Val Acc: 72.76  |  Test Loss: 0.462 | Tes Acc: 87.37
INFO >> Epoch: 18  |  Layer: 10  |  Train Loss: 0.708 | Train Acc: 76.14  |  Val Loss: 0.737 | Val Acc: 74.37  |  Test Loss: 0.461 | Tes Acc: 88.98
INFO >> Epoch: 18  |  Layer: 11  |  Train Loss: 0.909 | Train Acc: 68.21  |  Val Loss: 0.951 | Val Acc: 68.46  |  Test Loss: 0.583 | Tes Acc: 85.48
INFO >> Epoch: 18  |  Layer: 12  |  Train Loss: 0.855 | Train Acc: 69.76  |  Val Loss: 0.877 | Val Acc: 69.53  |  Test Loss: 0.580 | Tes Acc: 83.33

INFO >> Epoch: 19  |  Layer:  1  |  Train Loss: 0.928 | Train Acc: 68.41  |  Val Loss: 0.929 | Val Acc: 65.59  |  Test Loss: 0.593 | Tes Acc: 81.45
INFO >> Epoch: 19  |  Layer:  2  |  Train Loss: 0.733 | Train Acc: 75.46  |  Val Loss: 0.866 | Val Acc: 69.18  |  Test Loss: 0.510 | Tes Acc: 83.60
INFO >> Epoch: 19  |  Layer:  3  |  Train Loss: 0.633 | Train Acc: 78.84  |  Val Loss: 0.746 | Val Acc: 74.91  |  Test Loss: 0.425 | Tes Acc: 85.75
INFO >> Epoch: 19  |  Layer:  4  |  Train Loss: 0.574 | Train Acc: 80.53  |  Val Loss: 0.673 | Val Acc: 76.70  |  Test Loss: 0.374 | Tes Acc: 88.44
INFO >> Epoch: 19  |  Layer:  5  |  Train Loss: 0.570 | Train Acc: 80.77  |  Val Loss: 0.654 | Val Acc: 77.78  |  Test Loss: 0.369 | Tes Acc: 90.32
INFO >> Epoch: 19  |  Layer:  6  |  Train Loss: 0.523 | Train Acc: 82.51  |  Val Loss: 0.615 | Val Acc: 78.49  |  Test Loss: 0.371 | Tes Acc: 89.78
INFO >> Epoch: 19  |  Layer:  7  |  Train Loss: 0.568 | Train Acc: 80.19  |  Val Loss: 0.679 | Val Acc: 75.99  |  Test Loss: 0.380 | Tes Acc: 88.44
INFO >> Epoch: 19  |  Layer:  8  |  Train Loss: 0.606 | Train Acc: 79.76  |  Val Loss: 0.727 | Val Acc: 74.19  |  Test Loss: 0.454 | Tes Acc: 86.56
INFO >> Epoch: 19  |  Layer:  9  |  Train Loss: 0.638 | Train Acc: 77.78  |  Val Loss: 0.750 | Val Acc: 71.68  |  Test Loss: 0.454 | Tes Acc: 87.37
INFO >> Epoch: 19  |  Layer: 10  |  Train Loss: 0.690 | Train Acc: 76.81  |  Val Loss: 0.745 | Val Acc: 74.55  |  Test Loss: 0.444 | Tes Acc: 87.37
INFO >> Epoch: 19  |  Layer: 11  |  Train Loss: 0.890 | Train Acc: 69.90  |  Val Loss: 0.952 | Val Acc: 70.61  |  Test Loss: 0.605 | Tes Acc: 84.14
INFO >> Epoch: 19  |  Layer: 12  |  Train Loss: 0.831 | Train Acc: 71.11  |  Val Loss: 0.866 | Val Acc: 70.79  |  Test Loss: 0.563 | Tes Acc: 81.72

INFO >> Epoch: 20  |  Layer:  1  |  Train Loss: 0.914 | Train Acc: 68.70  |  Val Loss: 0.921 | Val Acc: 68.82  |  Test Loss: 0.568 | Tes Acc: 81.72
INFO >> Epoch: 20  |  Layer:  2  |  Train Loss: 0.734 | Train Acc: 74.49  |  Val Loss: 0.813 | Val Acc: 73.48  |  Test Loss: 0.452 | Tes Acc: 86.29
INFO >> Epoch: 20  |  Layer:  3  |  Train Loss: 0.635 | Train Acc: 78.26  |  Val Loss: 0.741 | Val Acc: 75.45  |  Test Loss: 0.385 | Tes Acc: 88.44
INFO >> Epoch: 20  |  Layer:  4  |  Train Loss: 0.570 | Train Acc: 80.82  |  Val Loss: 0.701 | Val Acc: 77.60  |  Test Loss: 0.376 | Tes Acc: 87.63
INFO >> Epoch: 20  |  Layer:  5  |  Train Loss: 0.575 | Train Acc: 80.97  |  Val Loss: 0.691 | Val Acc: 76.88  |  Test Loss: 0.382 | Tes Acc: 88.98
INFO >> Epoch: 20  |  Layer:  6  |  Train Loss: 0.517 | Train Acc: 82.37  |  Val Loss: 0.628 | Val Acc: 78.49  |  Test Loss: 0.355 | Tes Acc: 90.32
INFO >> Epoch: 20  |  Layer:  7  |  Train Loss: 0.564 | Train Acc: 80.24  |  Val Loss: 0.695 | Val Acc: 76.16  |  Test Loss: 0.377 | Tes Acc: 88.98
INFO >> Epoch: 20  |  Layer:  8  |  Train Loss: 0.601 | Train Acc: 79.18  |  Val Loss: 0.712 | Val Acc: 73.66  |  Test Loss: 0.432 | Tes Acc: 86.83
INFO >> Epoch: 20  |  Layer:  9  |  Train Loss: 0.628 | Train Acc: 78.02  |  Val Loss: 0.758 | Val Acc: 72.58  |  Test Loss: 0.462 | Tes Acc: 85.75
INFO >> Epoch: 20  |  Layer: 10  |  Train Loss: 0.687 | Train Acc: 75.80  |  Val Loss: 0.777 | Val Acc: 71.15  |  Test Loss: 0.450 | Tes Acc: 85.22
INFO >> Epoch: 20  |  Layer: 11  |  Train Loss: 0.900 | Train Acc: 68.50  |  Val Loss: 0.961 | Val Acc: 65.77  |  Test Loss: 0.557 | Tes Acc: 82.53
INFO >> Epoch: 20  |  Layer: 12  |  Train Loss: 0.842 | Train Acc: 70.29  |  Val Loss: 0.948 | Val Acc: 65.77  |  Test Loss: 0.574 | Tes Acc: 81.45



INFO >> Time Taken: 31:18

INFO >> Layer: 1  |  Best Val Acc: 69.35  |  Best Test Acc: 76.88
INFO >> Layer: 2  |  Best Val Acc: 73.66  |  Best Test Acc: 86.83
INFO >> Layer: 3  |  Best Val Acc: 76.52  |  Best Test Acc: 88.98
INFO >> Layer: 4  |  Best Val Acc: 79.21  |  Best Test Acc: 88.44
INFO >> Layer: 5  |  Best Val Acc: 78.85  |  Best Test Acc: 90.05
INFO >> Layer: 6  |  Best Val Acc: 79.21  |  Best Test Acc: 89.25
INFO >> Layer: 7  |  Best Val Acc: 78.14  |  Best Test Acc: 88.98
INFO >> Layer: 8  |  Best Val Acc: 76.16  |  Best Test Acc: 88.44
INFO >> Layer: 9  |  Best Val Acc: 73.30  |  Best Test Acc: 84.68
INFO >> Layer: 10  |  Best Val Acc: 74.55  |  Best Test Acc: 87.37
INFO >> Layer: 11  |  Best Val Acc: 70.61  |  Best Test Acc: 84.14
INFO >> Layer: 12  |  Best Val Acc: 70.79  |  Best Test Acc: 81.72

DEBUG >> Last state saved

INFO >> History saved (./history/v1.3/ShEMO/WAV2VEC2_BASE_PROBING/Run2/history.pt)
