
--------------------------------------------------
Multilingual SER System v1.5
--------------------------------------------------
Run Name      : Run2
Fx Model      : HUBERT_BASE
Clf Model     : CM_PROBING_LINEAR
Extract Mode  : gpu_memory
Dataset       : EMOVO
Device        : gpu
Epochs        : 30
Num Workers   : 3
Data Dir      : ./data
History Dir   : ./history
Weights Dir   : ./weights
Log Level     : debug
Purge Cache   : False
Job Name      : Job63
Job Id        : 31668409
GPU           : Quadro RTX 8000
GPU Count     : 1
GPU Memory    : 44.49 GB

Timestamp : 2023-04-06 07:09:56.050599

INFO >> Running on CUDA


INFO >> Training Classifier

INFO >> Epoch: 1  |  Layer: 01  |  Train Loss: 2.017 | Train Acc: 11.90  |  Val Loss: 1.911 | Val Acc: 16.33  |  Test Loss: 1.965 | Tes Acc: 19.39
INFO >> Epoch: 1  |  Layer: 02  |  Train Loss: 1.994 | Train Acc: 14.29  |  Val Loss: 1.911 | Val Acc: 15.31  |  Test Loss: 1.939 | Tes Acc: 15.82
INFO >> Epoch: 1  |  Layer: 03  |  Train Loss: 1.980 | Train Acc: 11.56  |  Val Loss: 1.928 | Val Acc: 12.24  |  Test Loss: 1.949 | Tes Acc: 14.80
INFO >> Epoch: 1  |  Layer: 04  |  Train Loss: 1.982 | Train Acc: 12.24  |  Val Loss: 1.926 | Val Acc: 20.41  |  Test Loss: 1.942 | Tes Acc: 14.80
INFO >> Epoch: 1  |  Layer: 05  |  Train Loss: 1.968 | Train Acc: 12.59  |  Val Loss: 1.933 | Val Acc: 15.31  |  Test Loss: 1.939 | Tes Acc: 17.86
INFO >> Epoch: 1  |  Layer: 06  |  Train Loss: 1.972 | Train Acc: 13.61  |  Val Loss: 1.921 | Val Acc: 14.29  |  Test Loss: 1.943 | Tes Acc: 13.78
INFO >> Epoch: 1  |  Layer: 07  |  Train Loss: 1.965 | Train Acc: 11.90  |  Val Loss: 1.931 | Val Acc: 22.45  |  Test Loss: 1.946 | Tes Acc: 17.35
INFO >> Epoch: 1  |  Layer: 08  |  Train Loss: 1.964 | Train Acc: 11.90  |  Val Loss: 1.932 | Val Acc: 16.33  |  Test Loss: 1.945 | Tes Acc: 14.29
INFO >> Epoch: 1  |  Layer: 09  |  Train Loss: 1.963 | Train Acc: 10.20  |  Val Loss: 1.942 | Val Acc: 14.29  |  Test Loss: 1.942 | Tes Acc: 14.29
INFO >> Epoch: 1  |  Layer: 10  |  Train Loss: 1.964 | Train Acc: 12.59  |  Val Loss: 1.932 | Val Acc: 15.31  |  Test Loss: 1.942 | Tes Acc: 16.84
INFO >> Epoch: 1  |  Layer: 11  |  Train Loss: 1.961 | Train Acc: 9.52  |  Val Loss: 1.937 | Val Acc: 14.29  |  Test Loss: 1.943 | Tes Acc: 14.29
INFO >> Epoch: 1  |  Layer: 12  |  Train Loss: 1.958 | Train Acc: 11.56  |  Val Loss: 1.923 | Val Acc: 22.45  |  Test Loss: 1.943 | Tes Acc: 17.35
INFO >> Epoch: 1  |  Layer: 13  |  Train Loss: 1.958 | Train Acc: 12.24  |  Val Loss: 1.943 | Val Acc: 15.31  |  Test Loss: 1.946 | Tes Acc: 16.84

INFO >> Epoch: 2  |  Layer: 01  |  Train Loss: 1.961 | Train Acc: 14.97  |  Val Loss: 1.963 | Val Acc: 26.53  |  Test Loss: 1.939 | Tes Acc: 15.82
INFO >> Epoch: 2  |  Layer: 02  |  Train Loss: 1.944 | Train Acc: 15.99  |  Val Loss: 1.952 | Val Acc: 13.27  |  Test Loss: 1.932 | Tes Acc: 14.29
INFO >> Epoch: 2  |  Layer: 03  |  Train Loss: 1.934 | Train Acc: 14.63  |  Val Loss: 1.939 | Val Acc: 22.45  |  Test Loss: 1.932 | Tes Acc: 10.20
INFO >> Epoch: 2  |  Layer: 04  |  Train Loss: 1.936 | Train Acc: 15.65  |  Val Loss: 1.942 | Val Acc: 26.53  |  Test Loss: 1.931 | Tes Acc: 11.22
INFO >> Epoch: 2  |  Layer: 05  |  Train Loss: 1.929 | Train Acc: 18.71  |  Val Loss: 1.940 | Val Acc: 18.37  |  Test Loss: 1.927 | Tes Acc: 15.31
INFO >> Epoch: 2  |  Layer: 06  |  Train Loss: 1.930 | Train Acc: 15.65  |  Val Loss: 1.934 | Val Acc: 16.33  |  Test Loss: 1.933 | Tes Acc: 15.31
INFO >> Epoch: 2  |  Layer: 07  |  Train Loss: 1.937 | Train Acc: 15.65  |  Val Loss: 1.938 | Val Acc: 27.55  |  Test Loss: 1.937 | Tes Acc: 15.31
INFO >> Epoch: 2  |  Layer: 08  |  Train Loss: 1.935 | Train Acc: 15.65  |  Val Loss: 1.936 | Val Acc: 16.33  |  Test Loss: 1.940 | Tes Acc: 11.22
INFO >> Epoch: 2  |  Layer: 09  |  Train Loss: 1.935 | Train Acc: 17.69  |  Val Loss: 1.946 | Val Acc: 18.37  |  Test Loss: 1.935 | Tes Acc: 15.31
INFO >> Epoch: 2  |  Layer: 10  |  Train Loss: 1.927 | Train Acc: 17.69  |  Val Loss: 1.932 | Val Acc: 24.49  |  Test Loss: 1.931 | Tes Acc: 14.80
INFO >> Epoch: 2  |  Layer: 11  |  Train Loss: 1.934 | Train Acc: 15.31  |  Val Loss: 1.941 | Val Acc: 17.35  |  Test Loss: 1.935 | Tes Acc: 12.76
INFO >> Epoch: 2  |  Layer: 12  |  Train Loss: 1.932 | Train Acc: 16.33  |  Val Loss: 1.926 | Val Acc: 27.55  |  Test Loss: 1.935 | Tes Acc: 18.88
INFO >> Epoch: 2  |  Layer: 13  |  Train Loss: 1.933 | Train Acc: 16.67  |  Val Loss: 1.950 | Val Acc: 21.43  |  Test Loss: 1.938 | Tes Acc: 21.43

INFO >> Epoch: 3  |  Layer: 01  |  Train Loss: 1.919 | Train Acc: 20.41  |  Val Loss: 1.937 | Val Acc: 23.47  |  Test Loss: 1.925 | Tes Acc: 27.04
INFO >> Epoch: 3  |  Layer: 02  |  Train Loss: 1.907 | Train Acc: 22.45  |  Val Loss: 1.927 | Val Acc: 24.49  |  Test Loss: 1.924 | Tes Acc: 22.96
INFO >> Epoch: 3  |  Layer: 03  |  Train Loss: 1.914 | Train Acc: 26.19  |  Val Loss: 1.920 | Val Acc: 22.45  |  Test Loss: 1.920 | Tes Acc: 21.94
INFO >> Epoch: 3  |  Layer: 04  |  Train Loss: 1.922 | Train Acc: 24.83  |  Val Loss: 1.922 | Val Acc: 16.33  |  Test Loss: 1.924 | Tes Acc: 19.39
INFO >> Epoch: 3  |  Layer: 05  |  Train Loss: 1.913 | Train Acc: 22.79  |  Val Loss: 1.936 | Val Acc: 20.41  |  Test Loss: 1.920 | Tes Acc: 18.37
INFO >> Epoch: 3  |  Layer: 06  |  Train Loss: 1.918 | Train Acc: 24.83  |  Val Loss: 1.917 | Val Acc: 26.53  |  Test Loss: 1.928 | Tes Acc: 24.49
INFO >> Epoch: 3  |  Layer: 07  |  Train Loss: 1.926 | Train Acc: 26.19  |  Val Loss: 1.928 | Val Acc: 24.49  |  Test Loss: 1.932 | Tes Acc: 20.92
INFO >> Epoch: 3  |  Layer: 08  |  Train Loss: 1.926 | Train Acc: 23.47  |  Val Loss: 1.925 | Val Acc: 22.45  |  Test Loss: 1.931 | Tes Acc: 20.92
INFO >> Epoch: 3  |  Layer: 09  |  Train Loss: 1.923 | Train Acc: 22.45  |  Val Loss: 1.939 | Val Acc: 15.31  |  Test Loss: 1.929 | Tes Acc: 17.86
INFO >> Epoch: 3  |  Layer: 10  |  Train Loss: 1.918 | Train Acc: 24.83  |  Val Loss: 1.928 | Val Acc: 16.33  |  Test Loss: 1.922 | Tes Acc: 19.90
INFO >> Epoch: 3  |  Layer: 11  |  Train Loss: 1.922 | Train Acc: 25.51  |  Val Loss: 1.935 | Val Acc: 25.51  |  Test Loss: 1.930 | Tes Acc: 23.47
INFO >> Epoch: 3  |  Layer: 12  |  Train Loss: 1.918 | Train Acc: 23.13  |  Val Loss: 1.920 | Val Acc: 15.31  |  Test Loss: 1.930 | Tes Acc: 18.88
INFO >> Epoch: 3  |  Layer: 13  |  Train Loss: 1.926 | Train Acc: 17.69  |  Val Loss: 1.944 | Val Acc: 15.31  |  Test Loss: 1.934 | Tes Acc: 15.31

INFO >> Epoch: 4  |  Layer: 01  |  Train Loss: 1.902 | Train Acc: 21.77  |  Val Loss: 1.913 | Val Acc: 29.59  |  Test Loss: 1.908 | Tes Acc: 19.90
INFO >> Epoch: 4  |  Layer: 02  |  Train Loss: 1.880 | Train Acc: 23.47  |  Val Loss: 1.917 | Val Acc: 25.51  |  Test Loss: 1.897 | Tes Acc: 23.47
INFO >> Epoch: 4  |  Layer: 03  |  Train Loss: 1.894 | Train Acc: 24.49  |  Val Loss: 1.900 | Val Acc: 27.55  |  Test Loss: 1.902 | Tes Acc: 25.00
INFO >> Epoch: 4  |  Layer: 04  |  Train Loss: 1.909 | Train Acc: 23.81  |  Val Loss: 1.913 | Val Acc: 25.51  |  Test Loss: 1.911 | Tes Acc: 27.04
INFO >> Epoch: 4  |  Layer: 05  |  Train Loss: 1.889 | Train Acc: 24.49  |  Val Loss: 1.930 | Val Acc: 26.53  |  Test Loss: 1.902 | Tes Acc: 24.49
INFO >> Epoch: 4  |  Layer: 06  |  Train Loss: 1.896 | Train Acc: 25.85  |  Val Loss: 1.904 | Val Acc: 26.53  |  Test Loss: 1.913 | Tes Acc: 27.55
INFO >> Epoch: 4  |  Layer: 07  |  Train Loss: 1.912 | Train Acc: 23.13  |  Val Loss: 1.927 | Val Acc: 30.61  |  Test Loss: 1.921 | Tes Acc: 24.49
INFO >> Epoch: 4  |  Layer: 08  |  Train Loss: 1.909 | Train Acc: 28.57  |  Val Loss: 1.917 | Val Acc: 27.55  |  Test Loss: 1.920 | Tes Acc: 27.04
INFO >> Epoch: 4  |  Layer: 09  |  Train Loss: 1.904 | Train Acc: 25.17  |  Val Loss: 1.934 | Val Acc: 26.53  |  Test Loss: 1.916 | Tes Acc: 25.00
INFO >> Epoch: 4  |  Layer: 10  |  Train Loss: 1.899 | Train Acc: 26.19  |  Val Loss: 1.916 | Val Acc: 24.49  |  Test Loss: 1.907 | Tes Acc: 26.02
INFO >> Epoch: 4  |  Layer: 11  |  Train Loss: 1.904 | Train Acc: 28.23  |  Val Loss: 1.925 | Val Acc: 27.55  |  Test Loss: 1.917 | Tes Acc: 24.49
INFO >> Epoch: 4  |  Layer: 12  |  Train Loss: 1.900 | Train Acc: 28.23  |  Val Loss: 1.904 | Val Acc: 25.51  |  Test Loss: 1.911 | Tes Acc: 28.57
INFO >> Epoch: 4  |  Layer: 13  |  Train Loss: 1.906 | Train Acc: 25.17  |  Val Loss: 1.929 | Val Acc: 27.55  |  Test Loss: 1.916 | Tes Acc: 24.49

INFO >> Epoch: 5  |  Layer: 01  |  Train Loss: 1.867 | Train Acc: 26.87  |  Val Loss: 1.919 | Val Acc: 17.35  |  Test Loss: 1.930 | Tes Acc: 15.31
INFO >> Epoch: 5  |  Layer: 02  |  Train Loss: 1.847 | Train Acc: 25.51  |  Val Loss: 1.928 | Val Acc: 25.51  |  Test Loss: 1.906 | Tes Acc: 17.35
INFO >> Epoch: 5  |  Layer: 03  |  Train Loss: 1.875 | Train Acc: 24.15  |  Val Loss: 1.900 | Val Acc: 26.53  |  Test Loss: 1.902 | Tes Acc: 19.90
INFO >> Epoch: 5  |  Layer: 04  |  Train Loss: 1.892 | Train Acc: 25.51  |  Val Loss: 1.903 | Val Acc: 23.47  |  Test Loss: 1.907 | Tes Acc: 18.88
INFO >> Epoch: 5  |  Layer: 05  |  Train Loss: 1.866 | Train Acc: 30.27  |  Val Loss: 1.927 | Val Acc: 23.47  |  Test Loss: 1.897 | Tes Acc: 20.41
INFO >> Epoch: 5  |  Layer: 06  |  Train Loss: 1.873 | Train Acc: 26.87  |  Val Loss: 1.904 | Val Acc: 23.47  |  Test Loss: 1.909 | Tes Acc: 20.41
INFO >> Epoch: 5  |  Layer: 07  |  Train Loss: 1.894 | Train Acc: 26.87  |  Val Loss: 1.917 | Val Acc: 20.41  |  Test Loss: 1.916 | Tes Acc: 20.41
INFO >> Epoch: 5  |  Layer: 08  |  Train Loss: 1.892 | Train Acc: 25.85  |  Val Loss: 1.913 | Val Acc: 17.35  |  Test Loss: 1.916 | Tes Acc: 21.43
INFO >> Epoch: 5  |  Layer: 09  |  Train Loss: 1.889 | Train Acc: 27.21  |  Val Loss: 1.930 | Val Acc: 15.31  |  Test Loss: 1.911 | Tes Acc: 19.39
INFO >> Epoch: 5  |  Layer: 10  |  Train Loss: 1.881 | Train Acc: 27.89  |  Val Loss: 1.911 | Val Acc: 16.33  |  Test Loss: 1.903 | Tes Acc: 20.41
INFO >> Epoch: 5  |  Layer: 11  |  Train Loss: 1.883 | Train Acc: 29.25  |  Val Loss: 1.919 | Val Acc: 20.41  |  Test Loss: 1.913 | Tes Acc: 22.45
INFO >> Epoch: 5  |  Layer: 12  |  Train Loss: 1.876 | Train Acc: 27.89  |  Val Loss: 1.902 | Val Acc: 16.33  |  Test Loss: 1.904 | Tes Acc: 23.47
INFO >> Epoch: 5  |  Layer: 13  |  Train Loss: 1.886 | Train Acc: 28.57  |  Val Loss: 1.917 | Val Acc: 16.33  |  Test Loss: 1.910 | Tes Acc: 18.88

INFO >> Epoch: 6  |  Layer: 01  |  Train Loss: 1.837 | Train Acc: 28.23  |  Val Loss: 1.898 | Val Acc: 26.53  |  Test Loss: 1.903 | Tes Acc: 23.98
INFO >> Epoch: 6  |  Layer: 02  |  Train Loss: 1.822 | Train Acc: 26.53  |  Val Loss: 1.915 | Val Acc: 24.49  |  Test Loss: 1.898 | Tes Acc: 20.41
INFO >> Epoch: 6  |  Layer: 03  |  Train Loss: 1.851 | Train Acc: 26.53  |  Val Loss: 1.899 | Val Acc: 25.51  |  Test Loss: 1.899 | Tes Acc: 21.43
INFO >> Epoch: 6  |  Layer: 04  |  Train Loss: 1.877 | Train Acc: 23.81  |  Val Loss: 1.901 | Val Acc: 25.51  |  Test Loss: 1.900 | Tes Acc: 18.88
INFO >> Epoch: 6  |  Layer: 05  |  Train Loss: 1.844 | Train Acc: 28.23  |  Val Loss: 1.914 | Val Acc: 25.51  |  Test Loss: 1.889 | Tes Acc: 23.47
INFO >> Epoch: 6  |  Layer: 06  |  Train Loss: 1.848 | Train Acc: 30.95  |  Val Loss: 1.897 | Val Acc: 26.53  |  Test Loss: 1.902 | Tes Acc: 17.86
INFO >> Epoch: 6  |  Layer: 07  |  Train Loss: 1.877 | Train Acc: 29.25  |  Val Loss: 1.913 | Val Acc: 31.63  |  Test Loss: 1.909 | Tes Acc: 21.94
INFO >> Epoch: 6  |  Layer: 08  |  Train Loss: 1.878 | Train Acc: 28.23  |  Val Loss: 1.910 | Val Acc: 23.47  |  Test Loss: 1.911 | Tes Acc: 20.41
INFO >> Epoch: 6  |  Layer: 09  |  Train Loss: 1.868 | Train Acc: 28.57  |  Val Loss: 1.919 | Val Acc: 21.43  |  Test Loss: 1.907 | Tes Acc: 22.45
INFO >> Epoch: 6  |  Layer: 10  |  Train Loss: 1.862 | Train Acc: 28.91  |  Val Loss: 1.895 | Val Acc: 27.55  |  Test Loss: 1.895 | Tes Acc: 22.45
INFO >> Epoch: 6  |  Layer: 11  |  Train Loss: 1.868 | Train Acc: 28.57  |  Val Loss: 1.906 | Val Acc: 22.45  |  Test Loss: 1.905 | Tes Acc: 25.51
INFO >> Epoch: 6  |  Layer: 12  |  Train Loss: 1.856 | Train Acc: 31.63  |  Val Loss: 1.900 | Val Acc: 30.61  |  Test Loss: 1.897 | Tes Acc: 22.96
INFO >> Epoch: 6  |  Layer: 13  |  Train Loss: 1.865 | Train Acc: 31.29  |  Val Loss: 1.908 | Val Acc: 28.57  |  Test Loss: 1.903 | Tes Acc: 21.43

INFO >> Epoch: 7  |  Layer: 01  |  Train Loss: 1.814 | Train Acc: 26.53  |  Val Loss: 1.891 | Val Acc: 28.57  |  Test Loss: 1.894 | Tes Acc: 17.35
INFO >> Epoch: 7  |  Layer: 02  |  Train Loss: 1.796 | Train Acc: 28.23  |  Val Loss: 1.898 | Val Acc: 34.69  |  Test Loss: 1.874 | Tes Acc: 26.02
INFO >> Epoch: 7  |  Layer: 03  |  Train Loss: 1.818 | Train Acc: 27.21  |  Val Loss: 1.864 | Val Acc: 33.67  |  Test Loss: 1.871 | Tes Acc: 24.49
INFO >> Epoch: 7  |  Layer: 04  |  Train Loss: 1.848 | Train Acc: 25.85  |  Val Loss: 1.877 | Val Acc: 28.57  |  Test Loss: 1.883 | Tes Acc: 23.47
INFO >> Epoch: 7  |  Layer: 05  |  Train Loss: 1.810 | Train Acc: 26.53  |  Val Loss: 1.892 | Val Acc: 27.55  |  Test Loss: 1.870 | Tes Acc: 23.98
INFO >> Epoch: 7  |  Layer: 06  |  Train Loss: 1.820 | Train Acc: 30.95  |  Val Loss: 1.888 | Val Acc: 31.63  |  Test Loss: 1.888 | Tes Acc: 22.45
INFO >> Epoch: 7  |  Layer: 07  |  Train Loss: 1.853 | Train Acc: 30.61  |  Val Loss: 1.898 | Val Acc: 34.69  |  Test Loss: 1.894 | Tes Acc: 25.51
INFO >> Epoch: 7  |  Layer: 08  |  Train Loss: 1.851 | Train Acc: 25.85  |  Val Loss: 1.891 | Val Acc: 30.61  |  Test Loss: 1.894 | Tes Acc: 24.49
INFO >> Epoch: 7  |  Layer: 09  |  Train Loss: 1.842 | Train Acc: 28.23  |  Val Loss: 1.910 | Val Acc: 32.65  |  Test Loss: 1.893 | Tes Acc: 20.41
INFO >> Epoch: 7  |  Layer: 10  |  Train Loss: 1.832 | Train Acc: 31.63  |  Val Loss: 1.884 | Val Acc: 28.57  |  Test Loss: 1.878 | Tes Acc: 21.94
INFO >> Epoch: 7  |  Layer: 11  |  Train Loss: 1.839 | Train Acc: 34.35  |  Val Loss: 1.891 | Val Acc: 36.73  |  Test Loss: 1.888 | Tes Acc: 23.98
INFO >> Epoch: 7  |  Layer: 12  |  Train Loss: 1.824 | Train Acc: 30.61  |  Val Loss: 1.883 | Val Acc: 31.63  |  Test Loss: 1.881 | Tes Acc: 21.43
INFO >> Epoch: 7  |  Layer: 13  |  Train Loss: 1.834 | Train Acc: 30.27  |  Val Loss: 1.901 | Val Acc: 26.53  |  Test Loss: 1.886 | Tes Acc: 19.90

INFO >> Epoch: 8  |  Layer: 01  |  Train Loss: 1.821 | Train Acc: 26.19  |  Val Loss: 1.872 | Val Acc: 25.51  |  Test Loss: 1.898 | Tes Acc: 19.90
INFO >> Epoch: 8  |  Layer: 02  |  Train Loss: 1.801 | Train Acc: 26.19  |  Val Loss: 1.886 | Val Acc: 28.57  |  Test Loss: 1.875 | Tes Acc: 22.45
INFO >> Epoch: 8  |  Layer: 03  |  Train Loss: 1.808 | Train Acc: 27.21  |  Val Loss: 1.846 | Val Acc: 33.67  |  Test Loss: 1.867 | Tes Acc: 24.49
INFO >> Epoch: 8  |  Layer: 04  |  Train Loss: 1.839 | Train Acc: 28.57  |  Val Loss: 1.853 | Val Acc: 34.69  |  Test Loss: 1.875 | Tes Acc: 24.49
INFO >> Epoch: 8  |  Layer: 05  |  Train Loss: 1.804 | Train Acc: 25.51  |  Val Loss: 1.870 | Val Acc: 30.61  |  Test Loss: 1.859 | Tes Acc: 20.92
INFO >> Epoch: 8  |  Layer: 06  |  Train Loss: 1.812 | Train Acc: 28.23  |  Val Loss: 1.862 | Val Acc: 38.78  |  Test Loss: 1.883 | Tes Acc: 27.55
INFO >> Epoch: 8  |  Layer: 07  |  Train Loss: 1.838 | Train Acc: 28.57  |  Val Loss: 1.875 | Val Acc: 30.61  |  Test Loss: 1.882 | Tes Acc: 22.45
INFO >> Epoch: 8  |  Layer: 08  |  Train Loss: 1.839 | Train Acc: 30.95  |  Val Loss: 1.868 | Val Acc: 23.47  |  Test Loss: 1.884 | Tes Acc: 23.98
INFO >> Epoch: 8  |  Layer: 09  |  Train Loss: 1.835 | Train Acc: 29.59  |  Val Loss: 1.887 | Val Acc: 27.55  |  Test Loss: 1.887 | Tes Acc: 18.88
INFO >> Epoch: 8  |  Layer: 10  |  Train Loss: 1.819 | Train Acc: 34.69  |  Val Loss: 1.859 | Val Acc: 26.53  |  Test Loss: 1.865 | Tes Acc: 19.90
INFO >> Epoch: 8  |  Layer: 11  |  Train Loss: 1.824 | Train Acc: 35.03  |  Val Loss: 1.862 | Val Acc: 30.61  |  Test Loss: 1.876 | Tes Acc: 26.53
INFO >> Epoch: 8  |  Layer: 12  |  Train Loss: 1.809 | Train Acc: 36.73  |  Val Loss: 1.848 | Val Acc: 32.65  |  Test Loss: 1.867 | Tes Acc: 26.53
INFO >> Epoch: 8  |  Layer: 13  |  Train Loss: 1.827 | Train Acc: 28.91  |  Val Loss: 1.869 | Val Acc: 33.67  |  Test Loss: 1.875 | Tes Acc: 17.35

INFO >> Epoch: 9  |  Layer: 01  |  Train Loss: 1.789 | Train Acc: 25.85  |  Val Loss: 1.840 | Val Acc: 25.51  |  Test Loss: 1.889 | Tes Acc: 22.45
INFO >> Epoch: 9  |  Layer: 02  |  Train Loss: 1.761 | Train Acc: 26.87  |  Val Loss: 1.846 | Val Acc: 36.73  |  Test Loss: 1.865 | Tes Acc: 25.51
INFO >> Epoch: 9  |  Layer: 03  |  Train Loss: 1.780 | Train Acc: 28.91  |  Val Loss: 1.802 | Val Acc: 34.69  |  Test Loss: 1.854 | Tes Acc: 31.63
INFO >> Epoch: 9  |  Layer: 04  |  Train Loss: 1.819 | Train Acc: 29.25  |  Val Loss: 1.811 | Val Acc: 33.67  |  Test Loss: 1.856 | Tes Acc: 29.08
INFO >> Epoch: 9  |  Layer: 05  |  Train Loss: 1.770 | Train Acc: 27.89  |  Val Loss: 1.822 | Val Acc: 33.67  |  Test Loss: 1.845 | Tes Acc: 31.12
INFO >> Epoch: 9  |  Layer: 06  |  Train Loss: 1.770 | Train Acc: 31.29  |  Val Loss: 1.822 | Val Acc: 36.73  |  Test Loss: 1.864 | Tes Acc: 28.06
INFO >> Epoch: 9  |  Layer: 07  |  Train Loss: 1.808 | Train Acc: 31.63  |  Val Loss: 1.825 | Val Acc: 39.80  |  Test Loss: 1.863 | Tes Acc: 33.67
INFO >> Epoch: 9  |  Layer: 08  |  Train Loss: 1.812 | Train Acc: 35.03  |  Val Loss: 1.832 | Val Acc: 32.65  |  Test Loss: 1.863 | Tes Acc: 28.57
INFO >> Epoch: 9  |  Layer: 09  |  Train Loss: 1.804 | Train Acc: 31.63  |  Val Loss: 1.857 | Val Acc: 34.69  |  Test Loss: 1.866 | Tes Acc: 28.06
INFO >> Epoch: 9  |  Layer: 10  |  Train Loss: 1.790 | Train Acc: 34.01  |  Val Loss: 1.823 | Val Acc: 33.67  |  Test Loss: 1.843 | Tes Acc: 28.57
INFO >> Epoch: 9  |  Layer: 11  |  Train Loss: 1.787 | Train Acc: 34.35  |  Val Loss: 1.820 | Val Acc: 42.86  |  Test Loss: 1.854 | Tes Acc: 33.16
INFO >> Epoch: 9  |  Layer: 12  |  Train Loss: 1.771 | Train Acc: 37.41  |  Val Loss: 1.804 | Val Acc: 40.82  |  Test Loss: 1.845 | Tes Acc: 33.16
INFO >> Epoch: 9  |  Layer: 13  |  Train Loss: 1.790 | Train Acc: 34.69  |  Val Loss: 1.834 | Val Acc: 34.69  |  Test Loss: 1.849 | Tes Acc: 29.59

INFO >> Epoch: 10  |  Layer: 01  |  Train Loss: 1.764 | Train Acc: 25.51  |  Val Loss: 1.830 | Val Acc: 17.35  |  Test Loss: 1.905 | Tes Acc: 14.80
INFO >> Epoch: 10  |  Layer: 02  |  Train Loss: 1.744 | Train Acc: 28.91  |  Val Loss: 1.856 | Val Acc: 23.47  |  Test Loss: 1.892 | Tes Acc: 15.31
INFO >> Epoch: 10  |  Layer: 03  |  Train Loss: 1.760 | Train Acc: 29.59  |  Val Loss: 1.781 | Val Acc: 28.57  |  Test Loss: 1.855 | Tes Acc: 20.41
INFO >> Epoch: 10  |  Layer: 04  |  Train Loss: 1.791 | Train Acc: 29.93  |  Val Loss: 1.779 | Val Acc: 23.47  |  Test Loss: 1.860 | Tes Acc: 19.90
INFO >> Epoch: 10  |  Layer: 05  |  Train Loss: 1.746 | Train Acc: 30.27  |  Val Loss: 1.795 | Val Acc: 24.49  |  Test Loss: 1.846 | Tes Acc: 17.86
INFO >> Epoch: 10  |  Layer: 06  |  Train Loss: 1.752 | Train Acc: 31.29  |  Val Loss: 1.785 | Val Acc: 26.53  |  Test Loss: 1.867 | Tes Acc: 20.92
INFO >> Epoch: 10  |  Layer: 07  |  Train Loss: 1.782 | Train Acc: 28.91  |  Val Loss: 1.781 | Val Acc: 24.49  |  Test Loss: 1.862 | Tes Acc: 22.96
INFO >> Epoch: 10  |  Layer: 08  |  Train Loss: 1.791 | Train Acc: 32.31  |  Val Loss: 1.789 | Val Acc: 36.73  |  Test Loss: 1.857 | Tes Acc: 26.53
INFO >> Epoch: 10  |  Layer: 09  |  Train Loss: 1.778 | Train Acc: 32.31  |  Val Loss: 1.810 | Val Acc: 24.49  |  Test Loss: 1.868 | Tes Acc: 18.88
INFO >> Epoch: 10  |  Layer: 10  |  Train Loss: 1.763 | Train Acc: 34.01  |  Val Loss: 1.778 | Val Acc: 24.49  |  Test Loss: 1.844 | Tes Acc: 22.45
INFO >> Epoch: 10  |  Layer: 11  |  Train Loss: 1.763 | Train Acc: 34.35  |  Val Loss: 1.771 | Val Acc: 33.67  |  Test Loss: 1.847 | Tes Acc: 25.51
INFO >> Epoch: 10  |  Layer: 12  |  Train Loss: 1.743 | Train Acc: 37.76  |  Val Loss: 1.751 | Val Acc: 33.67  |  Test Loss: 1.833 | Tes Acc: 30.61
INFO >> Epoch: 10  |  Layer: 13  |  Train Loss: 1.761 | Train Acc: 36.05  |  Val Loss: 1.782 | Val Acc: 31.63  |  Test Loss: 1.845 | Tes Acc: 17.86

INFO >> Epoch: 11  |  Layer: 01  |  Train Loss: 1.739 | Train Acc: 32.99  |  Val Loss: 1.826 | Val Acc: 23.47  |  Test Loss: 1.871 | Tes Acc: 26.53
INFO >> Epoch: 11  |  Layer: 02  |  Train Loss: 1.732 | Train Acc: 27.89  |  Val Loss: 1.816 | Val Acc: 31.63  |  Test Loss: 1.870 | Tes Acc: 22.96
INFO >> Epoch: 11  |  Layer: 03  |  Train Loss: 1.761 | Train Acc: 27.89  |  Val Loss: 1.799 | Val Acc: 25.51  |  Test Loss: 1.852 | Tes Acc: 20.41
INFO >> Epoch: 11  |  Layer: 04  |  Train Loss: 1.771 | Train Acc: 32.65  |  Val Loss: 1.779 | Val Acc: 32.65  |  Test Loss: 1.842 | Tes Acc: 22.96
INFO >> Epoch: 11  |  Layer: 05  |  Train Loss: 1.741 | Train Acc: 27.55  |  Val Loss: 1.795 | Val Acc: 28.57  |  Test Loss: 1.840 | Tes Acc: 20.41
INFO >> Epoch: 11  |  Layer: 06  |  Train Loss: 1.731 | Train Acc: 32.31  |  Val Loss: 1.790 | Val Acc: 29.59  |  Test Loss: 1.855 | Tes Acc: 16.84
INFO >> Epoch: 11  |  Layer: 07  |  Train Loss: 1.773 | Train Acc: 30.27  |  Val Loss: 1.788 | Val Acc: 32.65  |  Test Loss: 1.847 | Tes Acc: 20.41
INFO >> Epoch: 11  |  Layer: 08  |  Train Loss: 1.785 | Train Acc: 27.89  |  Val Loss: 1.790 | Val Acc: 30.61  |  Test Loss: 1.850 | Tes Acc: 22.45
INFO >> Epoch: 11  |  Layer: 09  |  Train Loss: 1.769 | Train Acc: 27.55  |  Val Loss: 1.806 | Val Acc: 28.57  |  Test Loss: 1.849 | Tes Acc: 20.92
INFO >> Epoch: 11  |  Layer: 10  |  Train Loss: 1.752 | Train Acc: 27.89  |  Val Loss: 1.770 | Val Acc: 31.63  |  Test Loss: 1.819 | Tes Acc: 26.53
INFO >> Epoch: 11  |  Layer: 11  |  Train Loss: 1.749 | Train Acc: 34.01  |  Val Loss: 1.769 | Val Acc: 35.71  |  Test Loss: 1.832 | Tes Acc: 23.98
INFO >> Epoch: 11  |  Layer: 12  |  Train Loss: 1.731 | Train Acc: 32.31  |  Val Loss: 1.756 | Val Acc: 32.65  |  Test Loss: 1.820 | Tes Acc: 23.98
INFO >> Epoch: 11  |  Layer: 13  |  Train Loss: 1.742 | Train Acc: 32.65  |  Val Loss: 1.784 | Val Acc: 29.59  |  Test Loss: 1.820 | Tes Acc: 19.90

INFO >> Epoch: 12  |  Layer: 01  |  Train Loss: 1.741 | Train Acc: 27.89  |  Val Loss: 1.797 | Val Acc: 31.63  |  Test Loss: 1.879 | Tes Acc: 21.94
INFO >> Epoch: 12  |  Layer: 02  |  Train Loss: 1.706 | Train Acc: 28.91  |  Val Loss: 1.806 | Val Acc: 32.65  |  Test Loss: 1.866 | Tes Acc: 25.00
INFO >> Epoch: 12  |  Layer: 03  |  Train Loss: 1.728 | Train Acc: 27.21  |  Val Loss: 1.748 | Val Acc: 37.76  |  Test Loss: 1.839 | Tes Acc: 28.57
INFO >> Epoch: 12  |  Layer: 04  |  Train Loss: 1.751 | Train Acc: 27.21  |  Val Loss: 1.750 | Val Acc: 34.69  |  Test Loss: 1.835 | Tes Acc: 25.51
INFO >> Epoch: 12  |  Layer: 05  |  Train Loss: 1.702 | Train Acc: 30.27  |  Val Loss: 1.756 | Val Acc: 38.78  |  Test Loss: 1.818 | Tes Acc: 26.53
INFO >> Epoch: 12  |  Layer: 06  |  Train Loss: 1.694 | Train Acc: 30.61  |  Val Loss: 1.761 | Val Acc: 36.73  |  Test Loss: 1.843 | Tes Acc: 21.94
INFO >> Epoch: 12  |  Layer: 07  |  Train Loss: 1.731 | Train Acc: 30.61  |  Val Loss: 1.741 | Val Acc: 37.76  |  Test Loss: 1.826 | Tes Acc: 31.12
INFO >> Epoch: 12  |  Layer: 08  |  Train Loss: 1.748 | Train Acc: 30.27  |  Val Loss: 1.755 | Val Acc: 36.73  |  Test Loss: 1.826 | Tes Acc: 32.65
INFO >> Epoch: 12  |  Layer: 09  |  Train Loss: 1.726 | Train Acc: 31.97  |  Val Loss: 1.788 | Val Acc: 35.71  |  Test Loss: 1.829 | Tes Acc: 29.08
INFO >> Epoch: 12  |  Layer: 10  |  Train Loss: 1.714 | Train Acc: 31.97  |  Val Loss: 1.750 | Val Acc: 34.69  |  Test Loss: 1.801 | Tes Acc: 25.51
INFO >> Epoch: 12  |  Layer: 11  |  Train Loss: 1.700 | Train Acc: 35.71  |  Val Loss: 1.739 | Val Acc: 37.76  |  Test Loss: 1.807 | Tes Acc: 30.10
INFO >> Epoch: 12  |  Layer: 12  |  Train Loss: 1.683 | Train Acc: 38.78  |  Val Loss: 1.713 | Val Acc: 40.82  |  Test Loss: 1.801 | Tes Acc: 28.57
INFO >> Epoch: 12  |  Layer: 13  |  Train Loss: 1.699 | Train Acc: 34.35  |  Val Loss: 1.755 | Val Acc: 37.76  |  Test Loss: 1.797 | Tes Acc: 30.10

INFO >> Epoch: 13  |  Layer: 01  |  Train Loss: 1.713 | Train Acc: 35.37  |  Val Loss: 1.817 | Val Acc: 24.49  |  Test Loss: 1.901 | Tes Acc: 14.80
INFO >> Epoch: 13  |  Layer: 02  |  Train Loss: 1.680 | Train Acc: 28.91  |  Val Loss: 1.826 | Val Acc: 22.45  |  Test Loss: 1.902 | Tes Acc: 16.84
INFO >> Epoch: 13  |  Layer: 03  |  Train Loss: 1.687 | Train Acc: 30.95  |  Val Loss: 1.790 | Val Acc: 32.65  |  Test Loss: 1.856 | Tes Acc: 13.27
INFO >> Epoch: 13  |  Layer: 04  |  Train Loss: 1.706 | Train Acc: 31.29  |  Val Loss: 1.758 | Val Acc: 24.49  |  Test Loss: 1.848 | Tes Acc: 11.22
INFO >> Epoch: 13  |  Layer: 05  |  Train Loss: 1.668 | Train Acc: 30.61  |  Val Loss: 1.773 | Val Acc: 36.73  |  Test Loss: 1.827 | Tes Acc: 14.29
INFO >> Epoch: 13  |  Layer: 06  |  Train Loss: 1.659 | Train Acc: 33.33  |  Val Loss: 1.756 | Val Acc: 33.67  |  Test Loss: 1.850 | Tes Acc: 16.33
INFO >> Epoch: 13  |  Layer: 07  |  Train Loss: 1.681 | Train Acc: 30.95  |  Val Loss: 1.746 | Val Acc: 28.57  |  Test Loss: 1.825 | Tes Acc: 16.84
INFO >> Epoch: 13  |  Layer: 08  |  Train Loss: 1.703 | Train Acc: 30.61  |  Val Loss: 1.776 | Val Acc: 23.47  |  Test Loss: 1.824 | Tes Acc: 16.33
INFO >> Epoch: 13  |  Layer: 09  |  Train Loss: 1.685 | Train Acc: 31.29  |  Val Loss: 1.783 | Val Acc: 32.65  |  Test Loss: 1.828 | Tes Acc: 19.90
INFO >> Epoch: 13  |  Layer: 10  |  Train Loss: 1.662 | Train Acc: 32.65  |  Val Loss: 1.751 | Val Acc: 27.55  |  Test Loss: 1.802 | Tes Acc: 20.41
INFO >> Epoch: 13  |  Layer: 11  |  Train Loss: 1.649 | Train Acc: 33.67  |  Val Loss: 1.733 | Val Acc: 36.73  |  Test Loss: 1.804 | Tes Acc: 26.02
INFO >> Epoch: 13  |  Layer: 12  |  Train Loss: 1.621 | Train Acc: 34.35  |  Val Loss: 1.723 | Val Acc: 33.67  |  Test Loss: 1.793 | Tes Acc: 25.00
INFO >> Epoch: 13  |  Layer: 13  |  Train Loss: 1.639 | Train Acc: 35.37  |  Val Loss: 1.747 | Val Acc: 30.61  |  Test Loss: 1.797 | Tes Acc: 22.96

INFO >> Epoch: 14  |  Layer: 01  |  Train Loss: 1.665 | Train Acc: 27.21  |  Val Loss: 1.758 | Val Acc: 35.71  |  Test Loss: 1.883 | Tes Acc: 31.63
INFO >> Epoch: 14  |  Layer: 02  |  Train Loss: 1.655 | Train Acc: 30.61  |  Val Loss: 1.760 | Val Acc: 32.65  |  Test Loss: 1.893 | Tes Acc: 26.02
INFO >> Epoch: 14  |  Layer: 03  |  Train Loss: 1.656 | Train Acc: 33.33  |  Val Loss: 1.718 | Val Acc: 31.63  |  Test Loss: 1.847 | Tes Acc: 26.53
INFO >> Epoch: 14  |  Layer: 04  |  Train Loss: 1.667 | Train Acc: 33.33  |  Val Loss: 1.698 | Val Acc: 32.65  |  Test Loss: 1.836 | Tes Acc: 32.14
INFO >> Epoch: 14  |  Layer: 05  |  Train Loss: 1.635 | Train Acc: 35.03  |  Val Loss: 1.715 | Val Acc: 30.61  |  Test Loss: 1.827 | Tes Acc: 23.98
INFO >> Epoch: 14  |  Layer: 06  |  Train Loss: 1.629 | Train Acc: 35.03  |  Val Loss: 1.712 | Val Acc: 34.69  |  Test Loss: 1.853 | Tes Acc: 22.96
INFO >> Epoch: 14  |  Layer: 07  |  Train Loss: 1.647 | Train Acc: 35.37  |  Val Loss: 1.699 | Val Acc: 33.67  |  Test Loss: 1.824 | Tes Acc: 29.08
INFO >> Epoch: 14  |  Layer: 08  |  Train Loss: 1.657 | Train Acc: 36.05  |  Val Loss: 1.708 | Val Acc: 32.65  |  Test Loss: 1.817 | Tes Acc: 32.14
INFO >> Epoch: 14  |  Layer: 09  |  Train Loss: 1.640 | Train Acc: 37.07  |  Val Loss: 1.742 | Val Acc: 29.59  |  Test Loss: 1.835 | Tes Acc: 26.53
INFO >> Epoch: 14  |  Layer: 10  |  Train Loss: 1.615 | Train Acc: 40.14  |  Val Loss: 1.699 | Val Acc: 32.65  |  Test Loss: 1.798 | Tes Acc: 30.61
INFO >> Epoch: 14  |  Layer: 11  |  Train Loss: 1.613 | Train Acc: 40.14  |  Val Loss: 1.687 | Val Acc: 30.61  |  Test Loss: 1.803 | Tes Acc: 29.08
INFO >> Epoch: 14  |  Layer: 12  |  Train Loss: 1.585 | Train Acc: 39.80  |  Val Loss: 1.673 | Val Acc: 34.69  |  Test Loss: 1.791 | Tes Acc: 30.10
INFO >> Epoch: 14  |  Layer: 13  |  Train Loss: 1.600 | Train Acc: 41.50  |  Val Loss: 1.709 | Val Acc: 38.78  |  Test Loss: 1.780 | Tes Acc: 33.16

INFO >> Epoch: 15  |  Layer: 01  |  Train Loss: 1.695 | Train Acc: 32.65  |  Val Loss: 1.783 | Val Acc: 21.43  |  Test Loss: 1.914 | Tes Acc: 14.80
INFO >> Epoch: 15  |  Layer: 02  |  Train Loss: 1.690 | Train Acc: 29.93  |  Val Loss: 1.796 | Val Acc: 31.63  |  Test Loss: 1.886 | Tes Acc: 20.92
INFO >> Epoch: 15  |  Layer: 03  |  Train Loss: 1.679 | Train Acc: 33.33  |  Val Loss: 1.751 | Val Acc: 36.73  |  Test Loss: 1.852 | Tes Acc: 22.45
INFO >> Epoch: 15  |  Layer: 04  |  Train Loss: 1.680 | Train Acc: 32.99  |  Val Loss: 1.700 | Val Acc: 34.69  |  Test Loss: 1.824 | Tes Acc: 22.45
INFO >> Epoch: 15  |  Layer: 05  |  Train Loss: 1.646 | Train Acc: 36.73  |  Val Loss: 1.725 | Val Acc: 36.73  |  Test Loss: 1.821 | Tes Acc: 25.51
INFO >> Epoch: 15  |  Layer: 06  |  Train Loss: 1.639 | Train Acc: 35.71  |  Val Loss: 1.721 | Val Acc: 35.71  |  Test Loss: 1.843 | Tes Acc: 22.45
INFO >> Epoch: 15  |  Layer: 07  |  Train Loss: 1.649 | Train Acc: 35.71  |  Val Loss: 1.689 | Val Acc: 36.73  |  Test Loss: 1.809 | Tes Acc: 25.51
INFO >> Epoch: 15  |  Layer: 08  |  Train Loss: 1.667 | Train Acc: 34.01  |  Val Loss: 1.705 | Val Acc: 37.76  |  Test Loss: 1.805 | Tes Acc: 27.55
INFO >> Epoch: 15  |  Layer: 09  |  Train Loss: 1.637 | Train Acc: 38.44  |  Val Loss: 1.736 | Val Acc: 32.65  |  Test Loss: 1.819 | Tes Acc: 22.45
INFO >> Epoch: 15  |  Layer: 10  |  Train Loss: 1.617 | Train Acc: 40.48  |  Val Loss: 1.696 | Val Acc: 37.76  |  Test Loss: 1.780 | Tes Acc: 27.55
INFO >> Epoch: 15  |  Layer: 11  |  Train Loss: 1.607 | Train Acc: 40.14  |  Val Loss: 1.678 | Val Acc: 34.69  |  Test Loss: 1.783 | Tes Acc: 26.02
INFO >> Epoch: 15  |  Layer: 12  |  Train Loss: 1.576 | Train Acc: 43.54  |  Val Loss: 1.661 | Val Acc: 29.59  |  Test Loss: 1.777 | Tes Acc: 28.06
INFO >> Epoch: 15  |  Layer: 13  |  Train Loss: 1.587 | Train Acc: 40.48  |  Val Loss: 1.687 | Val Acc: 34.69  |  Test Loss: 1.774 | Tes Acc: 28.06

INFO >> Epoch: 16  |  Layer: 01  |  Train Loss: 1.647 | Train Acc: 37.76  |  Val Loss: 1.776 | Val Acc: 28.57  |  Test Loss: 1.904 | Tes Acc: 23.98
INFO >> Epoch: 16  |  Layer: 02  |  Train Loss: 1.623 | Train Acc: 40.48  |  Val Loss: 1.795 | Val Acc: 25.51  |  Test Loss: 1.928 | Tes Acc: 20.92
INFO >> Epoch: 16  |  Layer: 03  |  Train Loss: 1.624 | Train Acc: 39.12  |  Val Loss: 1.731 | Val Acc: 32.65  |  Test Loss: 1.871 | Tes Acc: 25.00
INFO >> Epoch: 16  |  Layer: 04  |  Train Loss: 1.625 | Train Acc: 41.16  |  Val Loss: 1.700 | Val Acc: 25.51  |  Test Loss: 1.854 | Tes Acc: 19.90
INFO >> Epoch: 16  |  Layer: 05  |  Train Loss: 1.596 | Train Acc: 39.80  |  Val Loss: 1.694 | Val Acc: 33.67  |  Test Loss: 1.838 | Tes Acc: 26.53
INFO >> Epoch: 16  |  Layer: 06  |  Train Loss: 1.574 | Train Acc: 41.84  |  Val Loss: 1.671 | Val Acc: 34.69  |  Test Loss: 1.866 | Tes Acc: 23.98
INFO >> Epoch: 16  |  Layer: 07  |  Train Loss: 1.593 | Train Acc: 42.86  |  Val Loss: 1.663 | Val Acc: 34.69  |  Test Loss: 1.838 | Tes Acc: 24.49
INFO >> Epoch: 16  |  Layer: 08  |  Train Loss: 1.618 | Train Acc: 41.84  |  Val Loss: 1.691 | Val Acc: 39.80  |  Test Loss: 1.807 | Tes Acc: 29.59
INFO >> Epoch: 16  |  Layer: 09  |  Train Loss: 1.597 | Train Acc: 43.88  |  Val Loss: 1.709 | Val Acc: 36.73  |  Test Loss: 1.828 | Tes Acc: 29.59
INFO >> Epoch: 16  |  Layer: 10  |  Train Loss: 1.565 | Train Acc: 46.60  |  Val Loss: 1.684 | Val Acc: 35.71  |  Test Loss: 1.789 | Tes Acc: 25.00
INFO >> Epoch: 16  |  Layer: 11  |  Train Loss: 1.549 | Train Acc: 46.94  |  Val Loss: 1.653 | Val Acc: 39.80  |  Test Loss: 1.803 | Tes Acc: 29.08
INFO >> Epoch: 16  |  Layer: 12  |  Train Loss: 1.512 | Train Acc: 50.00  |  Val Loss: 1.642 | Val Acc: 35.71  |  Test Loss: 1.793 | Tes Acc: 31.12
INFO >> Epoch: 16  |  Layer: 13  |  Train Loss: 1.531 | Train Acc: 50.68  |  Val Loss: 1.687 | Val Acc: 30.61  |  Test Loss: 1.786 | Tes Acc: 28.06

INFO >> Epoch: 17  |  Layer: 01  |  Train Loss: 1.608 | Train Acc: 35.03  |  Val Loss: 1.763 | Val Acc: 34.69  |  Test Loss: 1.897 | Tes Acc: 16.33
INFO >> Epoch: 17  |  Layer: 02  |  Train Loss: 1.583 | Train Acc: 37.76  |  Val Loss: 1.749 | Val Acc: 34.69  |  Test Loss: 1.890 | Tes Acc: 19.39
INFO >> Epoch: 17  |  Layer: 03  |  Train Loss: 1.600 | Train Acc: 36.73  |  Val Loss: 1.715 | Val Acc: 36.73  |  Test Loss: 1.850 | Tes Acc: 20.92
INFO >> Epoch: 17  |  Layer: 04  |  Train Loss: 1.603 | Train Acc: 38.10  |  Val Loss: 1.667 | Val Acc: 41.84  |  Test Loss: 1.814 | Tes Acc: 20.92
INFO >> Epoch: 17  |  Layer: 05  |  Train Loss: 1.575 | Train Acc: 37.76  |  Val Loss: 1.679 | Val Acc: 40.82  |  Test Loss: 1.819 | Tes Acc: 19.90
INFO >> Epoch: 17  |  Layer: 06  |  Train Loss: 1.548 | Train Acc: 39.80  |  Val Loss: 1.665 | Val Acc: 40.82  |  Test Loss: 1.840 | Tes Acc: 19.90
INFO >> Epoch: 17  |  Layer: 07  |  Train Loss: 1.570 | Train Acc: 38.78  |  Val Loss: 1.645 | Val Acc: 39.80  |  Test Loss: 1.799 | Tes Acc: 20.92
INFO >> Epoch: 17  |  Layer: 08  |  Train Loss: 1.594 | Train Acc: 39.80  |  Val Loss: 1.666 | Val Acc: 39.80  |  Test Loss: 1.785 | Tes Acc: 26.53
INFO >> Epoch: 17  |  Layer: 09  |  Train Loss: 1.570 | Train Acc: 42.52  |  Val Loss: 1.685 | Val Acc: 37.76  |  Test Loss: 1.804 | Tes Acc: 23.47
INFO >> Epoch: 17  |  Layer: 10  |  Train Loss: 1.544 | Train Acc: 42.86  |  Val Loss: 1.667 | Val Acc: 36.73  |  Test Loss: 1.768 | Tes Acc: 28.06
INFO >> Epoch: 17  |  Layer: 11  |  Train Loss: 1.523 | Train Acc: 43.88  |  Val Loss: 1.640 | Val Acc: 36.73  |  Test Loss: 1.767 | Tes Acc: 26.53
INFO >> Epoch: 17  |  Layer: 12  |  Train Loss: 1.494 | Train Acc: 44.90  |  Val Loss: 1.634 | Val Acc: 34.69  |  Test Loss: 1.764 | Tes Acc: 25.51
INFO >> Epoch: 17  |  Layer: 13  |  Train Loss: 1.503 | Train Acc: 46.26  |  Val Loss: 1.653 | Val Acc: 34.69  |  Test Loss: 1.758 | Tes Acc: 25.00

INFO >> Epoch: 18  |  Layer: 01  |  Train Loss: 1.597 | Train Acc: 36.39  |  Val Loss: 1.770 | Val Acc: 31.63  |  Test Loss: 1.935 | Tes Acc: 15.31
INFO >> Epoch: 18  |  Layer: 02  |  Train Loss: 1.569 | Train Acc: 35.03  |  Val Loss: 1.773 | Val Acc: 27.55  |  Test Loss: 1.926 | Tes Acc: 20.41
INFO >> Epoch: 18  |  Layer: 03  |  Train Loss: 1.583 | Train Acc: 36.39  |  Val Loss: 1.731 | Val Acc: 32.65  |  Test Loss: 1.883 | Tes Acc: 21.94
INFO >> Epoch: 18  |  Layer: 04  |  Train Loss: 1.581 | Train Acc: 35.71  |  Val Loss: 1.668 | Val Acc: 32.65  |  Test Loss: 1.845 | Tes Acc: 20.92
INFO >> Epoch: 18  |  Layer: 05  |  Train Loss: 1.549 | Train Acc: 37.41  |  Val Loss: 1.681 | Val Acc: 36.73  |  Test Loss: 1.833 | Tes Acc: 19.39
INFO >> Epoch: 18  |  Layer: 06  |  Train Loss: 1.520 | Train Acc: 40.14  |  Val Loss: 1.665 | Val Acc: 36.73  |  Test Loss: 1.870 | Tes Acc: 17.86
INFO >> Epoch: 18  |  Layer: 07  |  Train Loss: 1.547 | Train Acc: 39.46  |  Val Loss: 1.633 | Val Acc: 37.76  |  Test Loss: 1.828 | Tes Acc: 22.45
INFO >> Epoch: 18  |  Layer: 08  |  Train Loss: 1.563 | Train Acc: 41.50  |  Val Loss: 1.679 | Val Acc: 36.73  |  Test Loss: 1.799 | Tes Acc: 19.39
INFO >> Epoch: 18  |  Layer: 09  |  Train Loss: 1.530 | Train Acc: 40.82  |  Val Loss: 1.669 | Val Acc: 37.76  |  Test Loss: 1.824 | Tes Acc: 22.45
INFO >> Epoch: 18  |  Layer: 10  |  Train Loss: 1.506 | Train Acc: 47.96  |  Val Loss: 1.657 | Val Acc: 34.69  |  Test Loss: 1.794 | Tes Acc: 22.96
INFO >> Epoch: 18  |  Layer: 11  |  Train Loss: 1.481 | Train Acc: 46.26  |  Val Loss: 1.615 | Val Acc: 37.76  |  Test Loss: 1.790 | Tes Acc: 26.02
INFO >> Epoch: 18  |  Layer: 12  |  Train Loss: 1.459 | Train Acc: 46.26  |  Val Loss: 1.611 | Val Acc: 39.80  |  Test Loss: 1.791 | Tes Acc: 29.08
INFO >> Epoch: 18  |  Layer: 13  |  Train Loss: 1.455 | Train Acc: 48.64  |  Val Loss: 1.625 | Val Acc: 33.67  |  Test Loss: 1.779 | Tes Acc: 26.02

INFO >> Epoch: 19  |  Layer: 01  |  Train Loss: 1.598 | Train Acc: 37.07  |  Val Loss: 1.713 | Val Acc: 32.65  |  Test Loss: 1.925 | Tes Acc: 22.45
INFO >> Epoch: 19  |  Layer: 02  |  Train Loss: 1.552 | Train Acc: 39.80  |  Val Loss: 1.743 | Val Acc: 34.69  |  Test Loss: 1.924 | Tes Acc: 22.45
INFO >> Epoch: 19  |  Layer: 03  |  Train Loss: 1.563 | Train Acc: 38.10  |  Val Loss: 1.686 | Val Acc: 36.73  |  Test Loss: 1.876 | Tes Acc: 22.96
INFO >> Epoch: 19  |  Layer: 04  |  Train Loss: 1.568 | Train Acc: 35.71  |  Val Loss: 1.641 | Val Acc: 34.69  |  Test Loss: 1.841 | Tes Acc: 21.43
INFO >> Epoch: 19  |  Layer: 05  |  Train Loss: 1.528 | Train Acc: 40.48  |  Val Loss: 1.643 | Val Acc: 27.55  |  Test Loss: 1.842 | Tes Acc: 23.47
INFO >> Epoch: 19  |  Layer: 06  |  Train Loss: 1.499 | Train Acc: 44.90  |  Val Loss: 1.621 | Val Acc: 32.65  |  Test Loss: 1.859 | Tes Acc: 21.94
INFO >> Epoch: 19  |  Layer: 07  |  Train Loss: 1.518 | Train Acc: 42.18  |  Val Loss: 1.607 | Val Acc: 32.65  |  Test Loss: 1.816 | Tes Acc: 23.47
INFO >> Epoch: 19  |  Layer: 08  |  Train Loss: 1.552 | Train Acc: 44.56  |  Val Loss: 1.627 | Val Acc: 34.69  |  Test Loss: 1.789 | Tes Acc: 23.98
INFO >> Epoch: 19  |  Layer: 09  |  Train Loss: 1.510 | Train Acc: 46.94  |  Val Loss: 1.647 | Val Acc: 36.73  |  Test Loss: 1.811 | Tes Acc: 25.00
INFO >> Epoch: 19  |  Layer: 10  |  Train Loss: 1.489 | Train Acc: 48.64  |  Val Loss: 1.612 | Val Acc: 38.78  |  Test Loss: 1.765 | Tes Acc: 23.98
INFO >> Epoch: 19  |  Layer: 11  |  Train Loss: 1.464 | Train Acc: 48.64  |  Val Loss: 1.579 | Val Acc: 35.71  |  Test Loss: 1.768 | Tes Acc: 27.04
INFO >> Epoch: 19  |  Layer: 12  |  Train Loss: 1.426 | Train Acc: 53.74  |  Val Loss: 1.582 | Val Acc: 35.71  |  Test Loss: 1.776 | Tes Acc: 26.53
INFO >> Epoch: 19  |  Layer: 13  |  Train Loss: 1.446 | Train Acc: 51.02  |  Val Loss: 1.592 | Val Acc: 35.71  |  Test Loss: 1.756 | Tes Acc: 26.53

INFO >> Epoch: 20  |  Layer: 01  |  Train Loss: 1.571 | Train Acc: 41.16  |  Val Loss: 1.770 | Val Acc: 34.69  |  Test Loss: 1.946 | Tes Acc: 20.41
INFO >> Epoch: 20  |  Layer: 02  |  Train Loss: 1.530 | Train Acc: 39.46  |  Val Loss: 1.783 | Val Acc: 38.78  |  Test Loss: 1.959 | Tes Acc: 20.92
INFO >> Epoch: 20  |  Layer: 03  |  Train Loss: 1.544 | Train Acc: 41.84  |  Val Loss: 1.750 | Val Acc: 36.73  |  Test Loss: 1.923 | Tes Acc: 20.41
INFO >> Epoch: 20  |  Layer: 04  |  Train Loss: 1.534 | Train Acc: 42.86  |  Val Loss: 1.678 | Val Acc: 36.73  |  Test Loss: 1.856 | Tes Acc: 22.45
INFO >> Epoch: 20  |  Layer: 05  |  Train Loss: 1.507 | Train Acc: 40.82  |  Val Loss: 1.671 | Val Acc: 39.80  |  Test Loss: 1.851 | Tes Acc: 19.39
INFO >> Epoch: 20  |  Layer: 06  |  Train Loss: 1.478 | Train Acc: 43.20  |  Val Loss: 1.636 | Val Acc: 35.71  |  Test Loss: 1.887 | Tes Acc: 19.39
INFO >> Epoch: 20  |  Layer: 07  |  Train Loss: 1.487 | Train Acc: 44.22  |  Val Loss: 1.620 | Val Acc: 36.73  |  Test Loss: 1.822 | Tes Acc: 18.37
INFO >> Epoch: 20  |  Layer: 08  |  Train Loss: 1.524 | Train Acc: 38.44  |  Val Loss: 1.636 | Val Acc: 37.76  |  Test Loss: 1.800 | Tes Acc: 22.45
INFO >> Epoch: 20  |  Layer: 09  |  Train Loss: 1.476 | Train Acc: 45.92  |  Val Loss: 1.653 | Val Acc: 34.69  |  Test Loss: 1.815 | Tes Acc: 19.90
INFO >> Epoch: 20  |  Layer: 10  |  Train Loss: 1.455 | Train Acc: 45.92  |  Val Loss: 1.617 | Val Acc: 37.76  |  Test Loss: 1.777 | Tes Acc: 22.45
INFO >> Epoch: 20  |  Layer: 11  |  Train Loss: 1.418 | Train Acc: 46.94  |  Val Loss: 1.584 | Val Acc: 35.71  |  Test Loss: 1.779 | Tes Acc: 22.96
INFO >> Epoch: 20  |  Layer: 12  |  Train Loss: 1.391 | Train Acc: 47.28  |  Val Loss: 1.576 | Val Acc: 34.69  |  Test Loss: 1.773 | Tes Acc: 23.98
INFO >> Epoch: 20  |  Layer: 13  |  Train Loss: 1.393 | Train Acc: 47.28  |  Val Loss: 1.596 | Val Acc: 34.69  |  Test Loss: 1.759 | Tes Acc: 24.49

INFO >> Epoch: 21  |  Layer: 01  |  Train Loss: 1.551 | Train Acc: 33.67  |  Val Loss: 1.735 | Val Acc: 25.51  |  Test Loss: 2.010 | Tes Acc: 17.86
INFO >> Epoch: 21  |  Layer: 02  |  Train Loss: 1.504 | Train Acc: 33.67  |  Val Loss: 1.745 | Val Acc: 36.73  |  Test Loss: 1.979 | Tes Acc: 25.51
INFO >> Epoch: 21  |  Layer: 03  |  Train Loss: 1.517 | Train Acc: 34.35  |  Val Loss: 1.701 | Val Acc: 37.76  |  Test Loss: 1.945 | Tes Acc: 21.43
INFO >> Epoch: 21  |  Layer: 04  |  Train Loss: 1.512 | Train Acc: 36.39  |  Val Loss: 1.676 | Val Acc: 30.61  |  Test Loss: 1.917 | Tes Acc: 25.00
INFO >> Epoch: 21  |  Layer: 05  |  Train Loss: 1.480 | Train Acc: 40.48  |  Val Loss: 1.641 | Val Acc: 36.73  |  Test Loss: 1.875 | Tes Acc: 23.47
INFO >> Epoch: 21  |  Layer: 06  |  Train Loss: 1.454 | Train Acc: 41.16  |  Val Loss: 1.658 | Val Acc: 33.67  |  Test Loss: 1.924 | Tes Acc: 23.47
INFO >> Epoch: 21  |  Layer: 07  |  Train Loss: 1.458 | Train Acc: 43.20  |  Val Loss: 1.627 | Val Acc: 28.57  |  Test Loss: 1.896 | Tes Acc: 26.53
INFO >> Epoch: 21  |  Layer: 08  |  Train Loss: 1.502 | Train Acc: 39.80  |  Val Loss: 1.675 | Val Acc: 33.67  |  Test Loss: 1.830 | Tes Acc: 20.92
INFO >> Epoch: 21  |  Layer: 09  |  Train Loss: 1.453 | Train Acc: 44.56  |  Val Loss: 1.650 | Val Acc: 31.63  |  Test Loss: 1.862 | Tes Acc: 25.51
INFO >> Epoch: 21  |  Layer: 10  |  Train Loss: 1.430 | Train Acc: 45.58  |  Val Loss: 1.655 | Val Acc: 34.69  |  Test Loss: 1.841 | Tes Acc: 25.00
INFO >> Epoch: 21  |  Layer: 11  |  Train Loss: 1.395 | Train Acc: 47.96  |  Val Loss: 1.568 | Val Acc: 35.71  |  Test Loss: 1.821 | Tes Acc: 28.06
INFO >> Epoch: 21  |  Layer: 12  |  Train Loss: 1.366 | Train Acc: 50.34  |  Val Loss: 1.582 | Val Acc: 35.71  |  Test Loss: 1.835 | Tes Acc: 29.08
INFO >> Epoch: 21  |  Layer: 13  |  Train Loss: 1.373 | Train Acc: 47.96  |  Val Loss: 1.591 | Val Acc: 30.61  |  Test Loss: 1.830 | Tes Acc: 25.51

INFO >> Epoch: 22  |  Layer: 01  |  Train Loss: 1.563 | Train Acc: 40.82  |  Val Loss: 1.837 | Val Acc: 34.69  |  Test Loss: 2.008 | Tes Acc: 17.35
INFO >> Epoch: 22  |  Layer: 02  |  Train Loss: 1.537 | Train Acc: 40.14  |  Val Loss: 1.873 | Val Acc: 31.63  |  Test Loss: 2.019 | Tes Acc: 15.31
INFO >> Epoch: 22  |  Layer: 03  |  Train Loss: 1.520 | Train Acc: 43.54  |  Val Loss: 1.782 | Val Acc: 32.65  |  Test Loss: 1.962 | Tes Acc: 20.92
INFO >> Epoch: 22  |  Layer: 04  |  Train Loss: 1.510 | Train Acc: 42.52  |  Val Loss: 1.729 | Val Acc: 35.71  |  Test Loss: 1.906 | Tes Acc: 20.41
INFO >> Epoch: 22  |  Layer: 05  |  Train Loss: 1.495 | Train Acc: 40.82  |  Val Loss: 1.684 | Val Acc: 39.80  |  Test Loss: 1.896 | Tes Acc: 20.92
INFO >> Epoch: 22  |  Layer: 06  |  Train Loss: 1.448 | Train Acc: 43.88  |  Val Loss: 1.621 | Val Acc: 41.84  |  Test Loss: 1.911 | Tes Acc: 19.39
INFO >> Epoch: 22  |  Layer: 07  |  Train Loss: 1.468 | Train Acc: 43.20  |  Val Loss: 1.650 | Val Acc: 36.73  |  Test Loss: 1.864 | Tes Acc: 21.94
INFO >> Epoch: 22  |  Layer: 08  |  Train Loss: 1.491 | Train Acc: 44.90  |  Val Loss: 1.668 | Val Acc: 35.71  |  Test Loss: 1.836 | Tes Acc: 27.04
INFO >> Epoch: 22  |  Layer: 09  |  Train Loss: 1.445 | Train Acc: 47.62  |  Val Loss: 1.671 | Val Acc: 40.82  |  Test Loss: 1.826 | Tes Acc: 23.98
INFO >> Epoch: 22  |  Layer: 10  |  Train Loss: 1.414 | Train Acc: 48.98  |  Val Loss: 1.654 | Val Acc: 38.78  |  Test Loss: 1.804 | Tes Acc: 26.02
INFO >> Epoch: 22  |  Layer: 11  |  Train Loss: 1.378 | Train Acc: 47.62  |  Val Loss: 1.618 | Val Acc: 36.73  |  Test Loss: 1.798 | Tes Acc: 28.06
INFO >> Epoch: 22  |  Layer: 12  |  Train Loss: 1.350 | Train Acc: 47.96  |  Val Loss: 1.620 | Val Acc: 38.78  |  Test Loss: 1.801 | Tes Acc: 27.04
INFO >> Epoch: 22  |  Layer: 13  |  Train Loss: 1.337 | Train Acc: 54.08  |  Val Loss: 1.617 | Val Acc: 36.73  |  Test Loss: 1.762 | Tes Acc: 24.49

INFO >> Epoch: 23  |  Layer: 01  |  Train Loss: 1.573 | Train Acc: 35.37  |  Val Loss: 1.728 | Val Acc: 32.65  |  Test Loss: 2.020 | Tes Acc: 16.84
INFO >> Epoch: 23  |  Layer: 02  |  Train Loss: 1.518 | Train Acc: 39.46  |  Val Loss: 1.744 | Val Acc: 31.63  |  Test Loss: 2.001 | Tes Acc: 23.47
INFO >> Epoch: 23  |  Layer: 03  |  Train Loss: 1.524 | Train Acc: 42.86  |  Val Loss: 1.685 | Val Acc: 37.76  |  Test Loss: 1.950 | Tes Acc: 21.43
INFO >> Epoch: 23  |  Layer: 04  |  Train Loss: 1.508 | Train Acc: 42.86  |  Val Loss: 1.649 | Val Acc: 34.69  |  Test Loss: 1.906 | Tes Acc: 19.39
INFO >> Epoch: 23  |  Layer: 05  |  Train Loss: 1.486 | Train Acc: 48.98  |  Val Loss: 1.609 | Val Acc: 39.80  |  Test Loss: 1.867 | Tes Acc: 20.41
INFO >> Epoch: 23  |  Layer: 06  |  Train Loss: 1.437 | Train Acc: 50.68  |  Val Loss: 1.575 | Val Acc: 40.82  |  Test Loss: 1.910 | Tes Acc: 18.88
INFO >> Epoch: 23  |  Layer: 07  |  Train Loss: 1.453 | Train Acc: 50.34  |  Val Loss: 1.582 | Val Acc: 34.69  |  Test Loss: 1.867 | Tes Acc: 20.41
INFO >> Epoch: 23  |  Layer: 08  |  Train Loss: 1.489 | Train Acc: 46.94  |  Val Loss: 1.619 | Val Acc: 30.61  |  Test Loss: 1.816 | Tes Acc: 24.49
INFO >> Epoch: 23  |  Layer: 09  |  Train Loss: 1.434 | Train Acc: 55.10  |  Val Loss: 1.604 | Val Acc: 36.73  |  Test Loss: 1.847 | Tes Acc: 24.49
INFO >> Epoch: 23  |  Layer: 10  |  Train Loss: 1.403 | Train Acc: 53.40  |  Val Loss: 1.575 | Val Acc: 37.76  |  Test Loss: 1.798 | Tes Acc: 25.51
INFO >> Epoch: 23  |  Layer: 11  |  Train Loss: 1.368 | Train Acc: 56.46  |  Val Loss: 1.518 | Val Acc: 36.73  |  Test Loss: 1.807 | Tes Acc: 27.55
INFO >> Epoch: 23  |  Layer: 12  |  Train Loss: 1.338 | Train Acc: 58.50  |  Val Loss: 1.524 | Val Acc: 35.71  |  Test Loss: 1.815 | Tes Acc: 25.51
INFO >> Epoch: 23  |  Layer: 13  |  Train Loss: 1.330 | Train Acc: 57.82  |  Val Loss: 1.529 | Val Acc: 38.78  |  Test Loss: 1.793 | Tes Acc: 24.49

INFO >> Epoch: 24  |  Layer: 01  |  Train Loss: 1.509 | Train Acc: 45.58  |  Val Loss: 1.713 | Val Acc: 34.69  |  Test Loss: 1.999 | Tes Acc: 18.88
INFO >> Epoch: 24  |  Layer: 02  |  Train Loss: 1.478 | Train Acc: 44.56  |  Val Loss: 1.779 | Val Acc: 33.67  |  Test Loss: 2.017 | Tes Acc: 16.84
INFO >> Epoch: 24  |  Layer: 03  |  Train Loss: 1.457 | Train Acc: 45.24  |  Val Loss: 1.683 | Val Acc: 38.78  |  Test Loss: 1.942 | Tes Acc: 20.92
INFO >> Epoch: 24  |  Layer: 04  |  Train Loss: 1.434 | Train Acc: 44.22  |  Val Loss: 1.631 | Val Acc: 41.84  |  Test Loss: 1.870 | Tes Acc: 19.39
INFO >> Epoch: 24  |  Layer: 05  |  Train Loss: 1.422 | Train Acc: 46.60  |  Val Loss: 1.576 | Val Acc: 41.84  |  Test Loss: 1.854 | Tes Acc: 23.47
INFO >> Epoch: 24  |  Layer: 06  |  Train Loss: 1.370 | Train Acc: 47.62  |  Val Loss: 1.536 | Val Acc: 44.90  |  Test Loss: 1.878 | Tes Acc: 19.90
INFO >> Epoch: 24  |  Layer: 07  |  Train Loss: 1.374 | Train Acc: 45.58  |  Val Loss: 1.534 | Val Acc: 42.86  |  Test Loss: 1.819 | Tes Acc: 21.94
INFO >> Epoch: 24  |  Layer: 08  |  Train Loss: 1.411 | Train Acc: 46.94  |  Val Loss: 1.566 | Val Acc: 42.86  |  Test Loss: 1.779 | Tes Acc: 21.94
INFO >> Epoch: 24  |  Layer: 09  |  Train Loss: 1.354 | Train Acc: 49.66  |  Val Loss: 1.568 | Val Acc: 42.86  |  Test Loss: 1.794 | Tes Acc: 25.51
INFO >> Epoch: 24  |  Layer: 10  |  Train Loss: 1.323 | Train Acc: 53.06  |  Val Loss: 1.538 | Val Acc: 40.82  |  Test Loss: 1.772 | Tes Acc: 21.43
INFO >> Epoch: 24  |  Layer: 11  |  Train Loss: 1.289 | Train Acc: 51.70  |  Val Loss: 1.488 | Val Acc: 42.86  |  Test Loss: 1.764 | Tes Acc: 27.04
INFO >> Epoch: 24  |  Layer: 12  |  Train Loss: 1.250 | Train Acc: 56.46  |  Val Loss: 1.486 | Val Acc: 40.82  |  Test Loss: 1.768 | Tes Acc: 28.06
INFO >> Epoch: 24  |  Layer: 13  |  Train Loss: 1.238 | Train Acc: 56.80  |  Val Loss: 1.500 | Val Acc: 40.82  |  Test Loss: 1.750 | Tes Acc: 27.55

INFO >> Epoch: 25  |  Layer: 01  |  Train Loss: 1.464 | Train Acc: 42.52  |  Val Loss: 1.708 | Val Acc: 33.67  |  Test Loss: 2.042 | Tes Acc: 13.78
INFO >> Epoch: 25  |  Layer: 02  |  Train Loss: 1.432 | Train Acc: 48.30  |  Val Loss: 1.691 | Val Acc: 40.82  |  Test Loss: 2.047 | Tes Acc: 19.90
INFO >> Epoch: 25  |  Layer: 03  |  Train Loss: 1.426 | Train Acc: 47.28  |  Val Loss: 1.659 | Val Acc: 35.71  |  Test Loss: 1.961 | Tes Acc: 21.94
INFO >> Epoch: 25  |  Layer: 04  |  Train Loss: 1.412 | Train Acc: 47.28  |  Val Loss: 1.620 | Val Acc: 36.73  |  Test Loss: 1.905 | Tes Acc: 17.35
INFO >> Epoch: 25  |  Layer: 05  |  Train Loss: 1.389 | Train Acc: 48.64  |  Val Loss: 1.601 | Val Acc: 40.82  |  Test Loss: 1.890 | Tes Acc: 17.86
INFO >> Epoch: 25  |  Layer: 06  |  Train Loss: 1.331 | Train Acc: 54.42  |  Val Loss: 1.562 | Val Acc: 42.86  |  Test Loss: 1.927 | Tes Acc: 17.86
INFO >> Epoch: 25  |  Layer: 07  |  Train Loss: 1.350 | Train Acc: 54.42  |  Val Loss: 1.551 | Val Acc: 35.71  |  Test Loss: 1.856 | Tes Acc: 20.41
INFO >> Epoch: 25  |  Layer: 08  |  Train Loss: 1.390 | Train Acc: 52.38  |  Val Loss: 1.579 | Val Acc: 36.73  |  Test Loss: 1.798 | Tes Acc: 22.96
INFO >> Epoch: 25  |  Layer: 09  |  Train Loss: 1.331 | Train Acc: 56.46  |  Val Loss: 1.576 | Val Acc: 30.61  |  Test Loss: 1.833 | Tes Acc: 21.94
INFO >> Epoch: 25  |  Layer: 10  |  Train Loss: 1.302 | Train Acc: 56.12  |  Val Loss: 1.542 | Val Acc: 35.71  |  Test Loss: 1.778 | Tes Acc: 23.47
INFO >> Epoch: 25  |  Layer: 11  |  Train Loss: 1.271 | Train Acc: 54.42  |  Val Loss: 1.491 | Val Acc: 35.71  |  Test Loss: 1.793 | Tes Acc: 23.47
INFO >> Epoch: 25  |  Layer: 12  |  Train Loss: 1.236 | Train Acc: 60.54  |  Val Loss: 1.488 | Val Acc: 37.76  |  Test Loss: 1.799 | Tes Acc: 26.53
INFO >> Epoch: 25  |  Layer: 13  |  Train Loss: 1.227 | Train Acc: 59.86  |  Val Loss: 1.522 | Val Acc: 34.69  |  Test Loss: 1.802 | Tes Acc: 21.43

INFO >> Epoch: 26  |  Layer: 01  |  Train Loss: 1.471 | Train Acc: 42.18  |  Val Loss: 1.695 | Val Acc: 34.69  |  Test Loss: 2.040 | Tes Acc: 18.88
INFO >> Epoch: 26  |  Layer: 02  |  Train Loss: 1.415 | Train Acc: 46.26  |  Val Loss: 1.717 | Val Acc: 35.71  |  Test Loss: 2.099 | Tes Acc: 19.39
INFO >> Epoch: 26  |  Layer: 03  |  Train Loss: 1.415 | Train Acc: 47.28  |  Val Loss: 1.682 | Val Acc: 34.69  |  Test Loss: 2.028 | Tes Acc: 14.80
INFO >> Epoch: 26  |  Layer: 04  |  Train Loss: 1.408 | Train Acc: 46.26  |  Val Loss: 1.619 | Val Acc: 34.69  |  Test Loss: 1.958 | Tes Acc: 16.33
INFO >> Epoch: 26  |  Layer: 05  |  Train Loss: 1.383 | Train Acc: 50.34  |  Val Loss: 1.569 | Val Acc: 38.78  |  Test Loss: 1.906 | Tes Acc: 17.35
INFO >> Epoch: 26  |  Layer: 06  |  Train Loss: 1.330 | Train Acc: 53.06  |  Val Loss: 1.515 | Val Acc: 42.86  |  Test Loss: 1.952 | Tes Acc: 17.35
INFO >> Epoch: 26  |  Layer: 07  |  Train Loss: 1.340 | Train Acc: 54.42  |  Val Loss: 1.521 | Val Acc: 36.73  |  Test Loss: 1.885 | Tes Acc: 16.33
INFO >> Epoch: 26  |  Layer: 08  |  Train Loss: 1.386 | Train Acc: 55.78  |  Val Loss: 1.561 | Val Acc: 41.84  |  Test Loss: 1.803 | Tes Acc: 19.90
INFO >> Epoch: 26  |  Layer: 09  |  Train Loss: 1.316 | Train Acc: 57.14  |  Val Loss: 1.550 | Val Acc: 37.76  |  Test Loss: 1.842 | Tes Acc: 18.88
INFO >> Epoch: 26  |  Layer: 10  |  Train Loss: 1.283 | Train Acc: 56.80  |  Val Loss: 1.534 | Val Acc: 40.82  |  Test Loss: 1.806 | Tes Acc: 20.41
INFO >> Epoch: 26  |  Layer: 11  |  Train Loss: 1.255 | Train Acc: 58.16  |  Val Loss: 1.470 | Val Acc: 41.84  |  Test Loss: 1.814 | Tes Acc: 19.90
INFO >> Epoch: 26  |  Layer: 12  |  Train Loss: 1.211 | Train Acc: 60.54  |  Val Loss: 1.466 | Val Acc: 41.84  |  Test Loss: 1.835 | Tes Acc: 19.90
INFO >> Epoch: 26  |  Layer: 13  |  Train Loss: 1.208 | Train Acc: 60.54  |  Val Loss: 1.490 | Val Acc: 41.84  |  Test Loss: 1.802 | Tes Acc: 21.94

INFO >> Epoch: 27  |  Layer: 01  |  Train Loss: 1.424 | Train Acc: 47.62  |  Val Loss: 1.733 | Val Acc: 34.69  |  Test Loss: 2.051 | Tes Acc: 17.35
INFO >> Epoch: 27  |  Layer: 02  |  Train Loss: 1.363 | Train Acc: 46.94  |  Val Loss: 1.812 | Val Acc: 29.59  |  Test Loss: 2.116 | Tes Acc: 15.82
INFO >> Epoch: 27  |  Layer: 03  |  Train Loss: 1.379 | Train Acc: 45.24  |  Val Loss: 1.740 | Val Acc: 36.73  |  Test Loss: 2.022 | Tes Acc: 22.45
INFO >> Epoch: 27  |  Layer: 04  |  Train Loss: 1.360 | Train Acc: 49.32  |  Val Loss: 1.648 | Val Acc: 38.78  |  Test Loss: 1.936 | Tes Acc: 23.98
INFO >> Epoch: 27  |  Layer: 05  |  Train Loss: 1.331 | Train Acc: 50.68  |  Val Loss: 1.576 | Val Acc: 43.88  |  Test Loss: 1.905 | Tes Acc: 20.92
INFO >> Epoch: 27  |  Layer: 06  |  Train Loss: 1.278 | Train Acc: 53.40  |  Val Loss: 1.516 | Val Acc: 44.90  |  Test Loss: 1.944 | Tes Acc: 20.92
INFO >> Epoch: 27  |  Layer: 07  |  Train Loss: 1.282 | Train Acc: 52.04  |  Val Loss: 1.518 | Val Acc: 45.92  |  Test Loss: 1.865 | Tes Acc: 19.90
INFO >> Epoch: 27  |  Layer: 08  |  Train Loss: 1.334 | Train Acc: 51.02  |  Val Loss: 1.537 | Val Acc: 40.82  |  Test Loss: 1.793 | Tes Acc: 22.45
INFO >> Epoch: 27  |  Layer: 09  |  Train Loss: 1.262 | Train Acc: 53.06  |  Val Loss: 1.546 | Val Acc: 40.82  |  Test Loss: 1.831 | Tes Acc: 20.92
INFO >> Epoch: 27  |  Layer: 10  |  Train Loss: 1.235 | Train Acc: 54.42  |  Val Loss: 1.514 | Val Acc: 41.84  |  Test Loss: 1.792 | Tes Acc: 22.45
INFO >> Epoch: 27  |  Layer: 11  |  Train Loss: 1.203 | Train Acc: 58.16  |  Val Loss: 1.453 | Val Acc: 40.82  |  Test Loss: 1.794 | Tes Acc: 21.94
INFO >> Epoch: 27  |  Layer: 12  |  Train Loss: 1.168 | Train Acc: 60.54  |  Val Loss: 1.445 | Val Acc: 43.88  |  Test Loss: 1.795 | Tes Acc: 26.53
INFO >> Epoch: 27  |  Layer: 13  |  Train Loss: 1.166 | Train Acc: 61.90  |  Val Loss: 1.473 | Val Acc: 39.80  |  Test Loss: 1.774 | Tes Acc: 21.43

INFO >> Epoch: 28  |  Layer: 01  |  Train Loss: 1.491 | Train Acc: 39.12  |  Val Loss: 1.691 | Val Acc: 26.53  |  Test Loss: 2.157 | Tes Acc: 17.86
INFO >> Epoch: 28  |  Layer: 02  |  Train Loss: 1.432 | Train Acc: 45.24  |  Val Loss: 1.673 | Val Acc: 28.57  |  Test Loss: 2.149 | Tes Acc: 21.94
INFO >> Epoch: 28  |  Layer: 03  |  Train Loss: 1.435 | Train Acc: 45.24  |  Val Loss: 1.663 | Val Acc: 31.63  |  Test Loss: 2.094 | Tes Acc: 23.47
INFO >> Epoch: 28  |  Layer: 04  |  Train Loss: 1.419 | Train Acc: 46.94  |  Val Loss: 1.668 | Val Acc: 29.59  |  Test Loss: 2.039 | Tes Acc: 17.86
INFO >> Epoch: 28  |  Layer: 05  |  Train Loss: 1.394 | Train Acc: 47.28  |  Val Loss: 1.591 | Val Acc: 29.59  |  Test Loss: 1.969 | Tes Acc: 22.45
INFO >> Epoch: 28  |  Layer: 06  |  Train Loss: 1.338 | Train Acc: 52.38  |  Val Loss: 1.592 | Val Acc: 30.61  |  Test Loss: 2.031 | Tes Acc: 20.41
INFO >> Epoch: 28  |  Layer: 07  |  Train Loss: 1.344 | Train Acc: 52.38  |  Val Loss: 1.593 | Val Acc: 28.57  |  Test Loss: 1.969 | Tes Acc: 22.45
INFO >> Epoch: 28  |  Layer: 08  |  Train Loss: 1.385 | Train Acc: 49.66  |  Val Loss: 1.564 | Val Acc: 33.67  |  Test Loss: 1.841 | Tes Acc: 23.47
INFO >> Epoch: 28  |  Layer: 09  |  Train Loss: 1.311 | Train Acc: 55.44  |  Val Loss: 1.591 | Val Acc: 29.59  |  Test Loss: 1.908 | Tes Acc: 24.49
INFO >> Epoch: 28  |  Layer: 10  |  Train Loss: 1.285 | Train Acc: 56.12  |  Val Loss: 1.568 | Val Acc: 32.65  |  Test Loss: 1.877 | Tes Acc: 24.49
INFO >> Epoch: 28  |  Layer: 11  |  Train Loss: 1.246 | Train Acc: 59.52  |  Val Loss: 1.478 | Val Acc: 32.65  |  Test Loss: 1.868 | Tes Acc: 26.02
INFO >> Epoch: 28  |  Layer: 12  |  Train Loss: 1.211 | Train Acc: 61.56  |  Val Loss: 1.498 | Val Acc: 32.65  |  Test Loss: 1.885 | Tes Acc: 26.02
INFO >> Epoch: 28  |  Layer: 13  |  Train Loss: 1.207 | Train Acc: 58.16  |  Val Loss: 1.562 | Val Acc: 28.57  |  Test Loss: 1.901 | Tes Acc: 22.96

INFO >> Epoch: 29  |  Layer: 01  |  Train Loss: 1.457 | Train Acc: 46.60  |  Val Loss: 1.690 | Val Acc: 33.67  |  Test Loss: 2.095 | Tes Acc: 17.86
INFO >> Epoch: 29  |  Layer: 02  |  Train Loss: 1.385 | Train Acc: 47.96  |  Val Loss: 1.731 | Val Acc: 28.57  |  Test Loss: 2.184 | Tes Acc: 17.86
INFO >> Epoch: 29  |  Layer: 03  |  Train Loss: 1.375 | Train Acc: 47.62  |  Val Loss: 1.677 | Val Acc: 34.69  |  Test Loss: 2.075 | Tes Acc: 16.84
INFO >> Epoch: 29  |  Layer: 04  |  Train Loss: 1.372 | Train Acc: 46.94  |  Val Loss: 1.611 | Val Acc: 38.78  |  Test Loss: 1.949 | Tes Acc: 18.37
INFO >> Epoch: 29  |  Layer: 05  |  Train Loss: 1.336 | Train Acc: 50.68  |  Val Loss: 1.544 | Val Acc: 36.73  |  Test Loss: 1.923 | Tes Acc: 16.84
INFO >> Epoch: 29  |  Layer: 06  |  Train Loss: 1.267 | Train Acc: 55.44  |  Val Loss: 1.502 | Val Acc: 35.71  |  Test Loss: 1.970 | Tes Acc: 17.86
INFO >> Epoch: 29  |  Layer: 07  |  Train Loss: 1.279 | Train Acc: 54.76  |  Val Loss: 1.492 | Val Acc: 35.71  |  Test Loss: 1.888 | Tes Acc: 17.35
INFO >> Epoch: 29  |  Layer: 08  |  Train Loss: 1.313 | Train Acc: 58.16  |  Val Loss: 1.512 | Val Acc: 36.73  |  Test Loss: 1.807 | Tes Acc: 19.39
INFO >> Epoch: 29  |  Layer: 09  |  Train Loss: 1.234 | Train Acc: 56.80  |  Val Loss: 1.535 | Val Acc: 36.73  |  Test Loss: 1.849 | Tes Acc: 19.39
INFO >> Epoch: 29  |  Layer: 10  |  Train Loss: 1.204 | Train Acc: 61.56  |  Val Loss: 1.495 | Val Acc: 37.76  |  Test Loss: 1.804 | Tes Acc: 19.39
INFO >> Epoch: 29  |  Layer: 11  |  Train Loss: 1.159 | Train Acc: 63.61  |  Val Loss: 1.424 | Val Acc: 39.80  |  Test Loss: 1.793 | Tes Acc: 20.41
INFO >> Epoch: 29  |  Layer: 12  |  Train Loss: 1.128 | Train Acc: 63.61  |  Val Loss: 1.416 | Val Acc: 39.80  |  Test Loss: 1.799 | Tes Acc: 20.41
INFO >> Epoch: 29  |  Layer: 13  |  Train Loss: 1.125 | Train Acc: 63.61  |  Val Loss: 1.437 | Val Acc: 39.80  |  Test Loss: 1.763 | Tes Acc: 22.45

INFO >> Epoch: 30  |  Layer: 01  |  Train Loss: 1.391 | Train Acc: 46.60  |  Val Loss: 1.693 | Val Acc: 34.69  |  Test Loss: 2.119 | Tes Acc: 18.37
INFO >> Epoch: 30  |  Layer: 02  |  Train Loss: 1.317 | Train Acc: 48.30  |  Val Loss: 1.770 | Val Acc: 32.65  |  Test Loss: 2.193 | Tes Acc: 18.37
INFO >> Epoch: 30  |  Layer: 03  |  Train Loss: 1.328 | Train Acc: 47.96  |  Val Loss: 1.734 | Val Acc: 32.65  |  Test Loss: 2.133 | Tes Acc: 17.35
INFO >> Epoch: 30  |  Layer: 04  |  Train Loss: 1.304 | Train Acc: 51.02  |  Val Loss: 1.641 | Val Acc: 40.82  |  Test Loss: 2.003 | Tes Acc: 17.86
INFO >> Epoch: 30  |  Layer: 05  |  Train Loss: 1.279 | Train Acc: 54.42  |  Val Loss: 1.536 | Val Acc: 36.73  |  Test Loss: 1.975 | Tes Acc: 20.92
INFO >> Epoch: 30  |  Layer: 06  |  Train Loss: 1.216 | Train Acc: 55.10  |  Val Loss: 1.482 | Val Acc: 42.86  |  Test Loss: 2.005 | Tes Acc: 19.39
INFO >> Epoch: 30  |  Layer: 07  |  Train Loss: 1.236 | Train Acc: 52.72  |  Val Loss: 1.475 | Val Acc: 38.78  |  Test Loss: 1.929 | Tes Acc: 19.39
INFO >> Epoch: 30  |  Layer: 08  |  Train Loss: 1.292 | Train Acc: 53.06  |  Val Loss: 1.493 | Val Acc: 35.71  |  Test Loss: 1.826 | Tes Acc: 20.41
INFO >> Epoch: 30  |  Layer: 09  |  Train Loss: 1.214 | Train Acc: 58.84  |  Val Loss: 1.508 | Val Acc: 36.73  |  Test Loss: 1.868 | Tes Acc: 22.45
INFO >> Epoch: 30  |  Layer: 10  |  Train Loss: 1.180 | Train Acc: 58.84  |  Val Loss: 1.479 | Val Acc: 37.76  |  Test Loss: 1.832 | Tes Acc: 20.92
INFO >> Epoch: 30  |  Layer: 11  |  Train Loss: 1.153 | Train Acc: 58.16  |  Val Loss: 1.424 | Val Acc: 37.76  |  Test Loss: 1.855 | Tes Acc: 22.45
INFO >> Epoch: 30  |  Layer: 12  |  Train Loss: 1.112 | Train Acc: 62.59  |  Val Loss: 1.417 | Val Acc: 33.67  |  Test Loss: 1.860 | Tes Acc: 25.00
INFO >> Epoch: 30  |  Layer: 13  |  Train Loss: 1.101 | Train Acc: 62.59  |  Val Loss: 1.457 | Val Acc: 35.71  |  Test Loss: 1.853 | Tes Acc: 23.98



INFO >> Time Taken: 05:03

INFO >> Layer: 01  |  Best Val Acc: 35.71  |  Best Test Acc: 31.63
INFO >> Layer: 02  |  Best Val Acc: 40.82  |  Best Test Acc: 19.90
INFO >> Layer: 03  |  Best Val Acc: 38.78  |  Best Test Acc: 20.92
INFO >> Layer: 04  |  Best Val Acc: 41.84  |  Best Test Acc: 20.92
INFO >> Layer: 05  |  Best Val Acc: 43.88  |  Best Test Acc: 20.92
INFO >> Layer: 06  |  Best Val Acc: 44.90  |  Best Test Acc: 19.90
INFO >> Layer: 07  |  Best Val Acc: 45.92  |  Best Test Acc: 19.90
INFO >> Layer: 08  |  Best Val Acc: 42.86  |  Best Test Acc: 21.94
INFO >> Layer: 09  |  Best Val Acc: 42.86  |  Best Test Acc: 25.51
INFO >> Layer: 10  |  Best Val Acc: 41.84  |  Best Test Acc: 22.45
INFO >> Layer: 11  |  Best Val Acc: 42.86  |  Best Test Acc: 33.16
INFO >> Layer: 12  |  Best Val Acc: 43.88  |  Best Test Acc: 26.53
INFO >> Layer: 13  |  Best Val Acc: 41.84  |  Best Test Acc: 21.94

DEBUG >> Last state saved
INFO >> Mixing Weights (softmax): 
1.0
[0.6152904033660889, 0.38470959663391113]
[0.4512900412082672, 0.2703378200531006, 0.278372198343277]
[0.34271901845932007, 0.20737111568450928, 0.22334960103034973, 0.2265602946281433]
[0.27398383617401123, 0.16649989783763885, 0.18274328112602234, 0.1929721087217331, 0.18380090594291687]
[0.22368289530277252, 0.1376953125, 0.1535053849220276, 0.16778871417045593, 0.16361132264137268, 0.15371637046337128]
[0.2052909880876541, 0.11585348844528198, 0.13250966370105743, 0.14178822934627533, 0.14065903425216675, 0.13375413417816162, 0.13014447689056396]
[0.17240619659423828, 0.10013611614704132, 0.1163800060749054, 0.1269858330488205, 0.1274821162223816, 0.12229504436254501, 0.12170618772506714, 0.11260856688022614]
[0.15171414613723755, 0.08938422054052353, 0.10263846069574356, 0.11112706363201141, 0.1119646281003952, 0.10943856090307236, 0.1111927181482315, 0.10611099749803543, 0.10642919689416885]
[0.13774460554122925, 0.07910022139549255, 0.08915605396032333, 0.09650373458862305, 0.09810244292020798, 0.09849243611097336, 0.10100581496953964, 0.09564463049173355, 0.10107802599668503, 0.10317201167345047]
[0.12662000954151154, 0.07267016917467117, 0.08026579022407532, 0.08525732904672623, 0.086294986307621, 0.0872318297624588, 0.08901263028383255, 0.08611002564430237, 0.09392043948173523, 0.1013234406709671, 0.0912933498620987]
[0.11435242742300034, 0.06569273769855499, 0.07230018824338913, 0.07606816291809082, 0.07710622251033783, 0.08086090534925461, 0.0814681127667427, 0.07954468578100204, 0.08728986978530884, 0.09501121938228607, 0.08832509815692902, 0.08198036998510361]
[0.105865478515625, 0.060455504804849625, 0.06611277908086777, 0.06986822187900543, 0.06998638808727264, 0.07103964686393738, 0.07090097665786743, 0.07026290893554688, 0.07774030417203903, 0.08716162294149399, 0.08354966342449188, 0.07957194745540619, 0.08748456090688705]


INFO >> History saved (./history/v1.5/EMOVO/FX_HUBERT_BASE_CLF_CM_PROBING_LINEAR/Run2/history.pt)
