
--------------------------------------------------
Multilingual SER System v1.2
--------------------------------------------------
Run Name      : Run4
Fx Model      : HUBERT_LARGE
Clf Model     : DENSE
Extract Mode  : gpu_memory
Dataset       : ShEMO
Device        : gpu
Epochs        : 20
Num Workers   : 2
Data Dir      : ./data
History Dir   : ./history
Weights Dir   : ./weights
Log Level     : debug
Purge Cache   : False
Job Name      : Job70
Job Id        : 30684193
GPU           : Quadro RTX 8000
GPU Count     : 1

Timestamp : 2023-03-02 03:22:28.353430

INFO >> Running on CUDA


INFO >> Training Classifier

INFO >> Epoch: 1 |   Train Loss: 1.297 | Train Acc: 49.52 |   Val Loss: 1.059 | Val Acc: 62.01 |   Test Loss: 0.779 | Tes Acc: 71.77
DEBUG >> Best state saved | Val Acc 62.00717091560364 | Test Acc 71.77419066429138

INFO >> Epoch: 2 |   Train Loss: 0.926 | Train Acc: 67.00 |   Val Loss: 0.848 | Val Acc: 70.25 |   Test Loss: 0.502 | Tes Acc: 83.33
DEBUG >> Best state saved | Val Acc 70.25089859962463 | Test Acc 83.33333134651184

INFO >> Epoch: 3 |   Train Loss: 0.786 | Train Acc: 72.56 |   Val Loss: 0.831 | Val Acc: 71.86 |   Test Loss: 0.503 | Tes Acc: 83.60
DEBUG >> Best state saved | Val Acc 71.8638002872467 | Test Acc 83.60214829444885

INFO >> Epoch: 4 |   Train Loss: 0.757 | Train Acc: 73.82 |   Val Loss: 0.897 | Val Acc: 71.51 |   Test Loss: 0.521 | Tes Acc: 81.72
INFO >> Epoch: 5 |   Train Loss: 0.658 | Train Acc: 77.54 |   Val Loss: 0.695 | Val Acc: 76.16 |   Test Loss: 0.414 | Tes Acc: 87.37
DEBUG >> Best state saved | Val Acc 76.16487741470337 | Test Acc 87.3655915260315

INFO >> Epoch: 6 |   Train Loss: 0.599 | Train Acc: 80.14 |   Val Loss: 0.742 | Val Acc: 74.91 |   Test Loss: 0.448 | Tes Acc: 85.75
INFO >> Epoch: 7 |   Train Loss: 0.556 | Train Acc: 80.92 |   Val Loss: 0.637 | Val Acc: 77.78 |   Test Loss: 0.325 | Tes Acc: 89.25
DEBUG >> Best state saved | Val Acc 77.77777910232544 | Test Acc 89.24731016159058

INFO >> Epoch: 8 |   Train Loss: 0.516 | Train Acc: 83.24 |   Val Loss: 0.659 | Val Acc: 76.16 |   Test Loss: 0.383 | Tes Acc: 86.83
INFO >> Epoch: 9 |   Train Loss: 0.473 | Train Acc: 84.35 |   Val Loss: 0.705 | Val Acc: 78.67 |   Test Loss: 0.313 | Tes Acc: 89.78
DEBUG >> Best state saved | Val Acc 78.67383360862732 | Test Acc 89.7849440574646

INFO >> Epoch: 10 |   Train Loss: 0.426 | Train Acc: 85.70 |   Val Loss: 0.622 | Val Acc: 80.47 |   Test Loss: 0.307 | Tes Acc: 89.78
DEBUG >> Best state saved | Val Acc 80.46594858169556 | Test Acc 89.7849440574646

INFO >> Epoch: 11 |   Train Loss: 0.369 | Train Acc: 87.10 |   Val Loss: 0.640 | Val Acc: 82.26 |   Test Loss: 0.283 | Tes Acc: 91.13
DEBUG >> Best state saved | Val Acc 82.2580635547638 | Test Acc 91.12903475761414

INFO >> Epoch: 12 |   Train Loss: 0.359 | Train Acc: 88.07 |   Val Loss: 0.715 | Val Acc: 77.96 |   Test Loss: 0.390 | Tes Acc: 87.10
INFO >> Epoch: 13 |   Train Loss: 0.339 | Train Acc: 88.60 |   Val Loss: 0.610 | Val Acc: 82.08 |   Test Loss: 0.249 | Tes Acc: 92.20
INFO >> Epoch: 14 |   Train Loss: 0.302 | Train Acc: 89.66 |   Val Loss: 0.571 | Val Acc: 82.44 |   Test Loss: 0.280 | Tes Acc: 90.59
DEBUG >> Best state saved | Val Acc 82.43727684020996 | Test Acc 90.59139490127563

INFO >> Epoch: 15 |   Train Loss: 0.250 | Train Acc: 91.26 |   Val Loss: 0.657 | Val Acc: 81.54 |   Test Loss: 0.271 | Tes Acc: 91.40
INFO >> Epoch: 16 |   Train Loss: 0.219 | Train Acc: 92.37 |   Val Loss: 0.691 | Val Acc: 80.82 |   Test Loss: 0.382 | Tes Acc: 89.25
INFO >> Epoch: 17 |   Train Loss: 0.190 | Train Acc: 93.62 |   Val Loss: 0.609 | Val Acc: 83.15 |   Test Loss: 0.299 | Tes Acc: 91.13
DEBUG >> Best state saved | Val Acc 83.15412402153015 | Test Acc 91.12903475761414

INFO >> Epoch: 18 |   Train Loss: 0.181 | Train Acc: 93.96 |   Val Loss: 0.642 | Val Acc: 83.87 |   Test Loss: 0.316 | Tes Acc: 90.86
DEBUG >> Best state saved | Val Acc 83.87096524238586 | Test Acc 90.86021780967712

INFO >> Epoch: 19 |   Train Loss: 0.138 | Train Acc: 94.69 |   Val Loss: 0.798 | Val Acc: 82.26 |   Test Loss: 0.326 | Tes Acc: 91.40
INFO >> Epoch: 20 |   Train Loss: 0.109 | Train Acc: 96.28 |   Val Loss: 0.711 | Val Acc: 82.62 |   Test Loss: 0.320 | Tes Acc: 91.40


INFO >> Time Taken: 1:20:35

INFO >> Best Val Acc : 83.87096524238586 | Best Test Acc : 90.86021780967712

INFO >> Agg. Weights : 
-0.023283405229449272 -0.20996560156345367 -0.21441598236560822 0.15021111071109772 -0.28160837292671204 0.1725853681564331 -0.05700615420937538 -0.0019264805596321821 -0.1749657690525055 0.36462274193763733 0.24590399861335754 0.2391078919172287 0.5394467711448669 0.36828911304473877 0.11447971314191818 -0.025527430698275566 -0.15428757667541504 -0.1849002242088318 0.1302858144044876 -0.17760510742664337 0.02940063551068306 0.07781510800123215 0.18435396254062653 0.08846712857484818

DEBUG >> Last state saved | Val Acc 82.61649012565613 | Test Acc 91.39785170555115

INFO >> History saved (./history/v1.2/ShEMO/HUBERT_LARGE_DENSE/Run4/history.pt)
