
--------------------------------------------------
Multilingual SER System v1.2
--------------------------------------------------
Run Name      : Run3
Fx Model      : WAV2VEC2_BASE
Clf Model     : DENSE
Extract Mode  : gpu_memory
Dataset       : CaFE
Device        : gpu
Epochs        : 20
Num Workers   : 2
Data Dir      : ./data
History Dir   : ./history
Weights Dir   : ./weights
Log Level     : debug
Purge Cache   : False
Job Name      : Job148
Job Id        : 30684247
GPU           : Quadro RTX 8000
GPU Count     : 1

Timestamp : 2023-03-02 07:50:30.657410

INFO >> Running on CUDA


INFO >> Training Classifier

INFO >> Epoch: 1 |   Train Loss: 1.917 | Train Acc: 17.22 |   Val Loss: 1.897 | Val Acc: 24.36 |   Test Loss: 1.894 | Tes Acc: 20.94
DEBUG >> Best state saved | Val Acc 24.358974397182465 | Test Acc 20.94017118215561

INFO >> Epoch: 2 |   Train Loss: 1.863 | Train Acc: 21.98 |   Val Loss: 1.802 | Val Acc: 29.49 |   Test Loss: 1.803 | Tes Acc: 30.34
DEBUG >> Best state saved | Val Acc 29.487180709838867 | Test Acc 30.34188151359558

INFO >> Epoch: 3 |   Train Loss: 1.737 | Train Acc: 35.53 |   Val Loss: 1.680 | Val Acc: 35.90 |   Test Loss: 1.710 | Tes Acc: 36.75
DEBUG >> Best state saved | Val Acc 35.89743673801422 | Test Acc 36.752137541770935

INFO >> Epoch: 4 |   Train Loss: 1.633 | Train Acc: 32.05 |   Val Loss: 1.698 | Val Acc: 31.41 |   Test Loss: 1.703 | Tes Acc: 32.05
INFO >> Epoch: 5 |   Train Loss: 1.480 | Train Acc: 39.93 |   Val Loss: 1.501 | Val Acc: 44.23 |   Test Loss: 1.472 | Tes Acc: 46.15
DEBUG >> Best state saved | Val Acc 44.23076808452606 | Test Acc 46.15384638309479

INFO >> Epoch: 6 |   Train Loss: 1.279 | Train Acc: 54.03 |   Val Loss: 1.466 | Val Acc: 33.33 |   Test Loss: 1.561 | Tes Acc: 35.04
INFO >> Epoch: 7 |   Train Loss: 1.167 | Train Acc: 55.68 |   Val Loss: 1.400 | Val Acc: 42.31 |   Test Loss: 1.233 | Tes Acc: 57.69
INFO >> Epoch: 8 |   Train Loss: 0.968 | Train Acc: 62.27 |   Val Loss: 1.327 | Val Acc: 50.00 |   Test Loss: 1.336 | Tes Acc: 51.28
DEBUG >> Best state saved | Val Acc 50.0 | Test Acc 51.28205418586731

INFO >> Epoch: 9 |   Train Loss: 0.880 | Train Acc: 68.68 |   Val Loss: 1.471 | Val Acc: 39.10 |   Test Loss: 1.084 | Tes Acc: 61.54
INFO >> Epoch: 10 |   Train Loss: 0.797 | Train Acc: 69.23 |   Val Loss: 1.582 | Val Acc: 37.82 |   Test Loss: 1.115 | Tes Acc: 57.69
INFO >> Epoch: 11 |   Train Loss: 0.651 | Train Acc: 78.02 |   Val Loss: 1.293 | Val Acc: 48.08 |   Test Loss: 1.266 | Tes Acc: 53.85
INFO >> Epoch: 12 |   Train Loss: 0.571 | Train Acc: 79.85 |   Val Loss: 2.167 | Val Acc: 37.82 |   Test Loss: 1.495 | Tes Acc: 47.01
INFO >> Epoch: 13 |   Train Loss: 0.766 | Train Acc: 78.94 |   Val Loss: 1.377 | Val Acc: 44.87 |   Test Loss: 0.890 | Tes Acc: 67.95
INFO >> Epoch: 14 |   Train Loss: 0.599 | Train Acc: 76.56 |   Val Loss: 1.495 | Val Acc: 42.95 |   Test Loss: 0.955 | Tes Acc: 63.25
INFO >> Epoch: 15 |   Train Loss: 0.425 | Train Acc: 87.73 |   Val Loss: 1.363 | Val Acc: 48.72 |   Test Loss: 0.894 | Tes Acc: 66.24
INFO >> Epoch: 16 |   Train Loss: 0.335 | Train Acc: 90.48 |   Val Loss: 1.578 | Val Acc: 39.74 |   Test Loss: 0.960 | Tes Acc: 63.25
INFO >> Epoch: 17 |   Train Loss: 0.376 | Train Acc: 89.01 |   Val Loss: 1.822 | Val Acc: 45.51 |   Test Loss: 0.991 | Tes Acc: 63.68
INFO >> Epoch: 18 |   Train Loss: 0.449 | Train Acc: 84.80 |   Val Loss: 1.672 | Val Acc: 42.95 |   Test Loss: 0.927 | Tes Acc: 65.38
INFO >> Epoch: 19 |   Train Loss: 0.314 | Train Acc: 90.29 |   Val Loss: 1.494 | Val Acc: 48.08 |   Test Loss: 0.998 | Tes Acc: 64.53
INFO >> Epoch: 20 |   Train Loss: 0.285 | Train Acc: 90.84 |   Val Loss: 1.573 | Val Acc: 46.79 |   Test Loss: 0.875 | Tes Acc: 67.52


INFO >> Time Taken: 11:17

INFO >> Best Val Acc : 50.0 | Best Test Acc : 51.28205418586731

INFO >> Agg. Weights : 
0.1932595819234848 0.06969764828681946 -0.4878627359867096 -0.3893498182296753 0.21427427232265472 0.3675028085708618 0.04371785372495651 0.48630499839782715 0.05278559401631355 0.25440800189971924 -0.0473436675965786 -0.18888074159622192

DEBUG >> Last state saved | Val Acc 46.794870495796204 | Test Acc 67.52136945724487

INFO >> History saved (./history/v1.2/CaFE/WAV2VEC2_BASE_DENSE/Run3/history.pt)
