
--------------------------------------------------
Multilingual SER System v1.2
--------------------------------------------------
Run Name      : Run4
Fx Model      : WAV2VEC2_LARGE_XLSR
Clf Model     : DENSE
Extract Mode  : gpu_memory
Dataset       : AESDD
Device        : gpu
Epochs        : 50
Num Workers   : 2
Data Dir      : ./data
History Dir   : ./history
Weights Dir   : ./weights
Log Level     : debug
Purge Cache   : False
Job Name      : Job22
Job Id        : 30703572
GPU           : Quadro RTX 8000
GPU Count     : 1

Timestamp : 2023-03-02 18:34:07.571910

INFO >> Running on CUDA


INFO >> Training Classifier

INFO >> Epoch: 1 |   Train Loss: 35.797 | Train Acc: 18.46 |   Val Loss: 11.679 | Val Acc: 19.19 |   Test Loss: 10.523 | Tes Acc: 19.81
DEBUG >> Best state saved | Val Acc 19.191919267177582 | Test Acc 19.806763529777527

INFO >> Epoch: 2 |   Train Loss: 7.174 | Train Acc: 19.80 |   Val Loss: 2.938 | Val Acc: 20.20 |   Test Loss: 2.951 | Tes Acc: 19.81
DEBUG >> Best state saved | Val Acc 20.202019810676575 | Test Acc 19.806763529777527

INFO >> Epoch: 3 |   Train Loss: 2.331 | Train Acc: 22.48 |   Val Loss: 1.736 | Val Acc: 19.19 |   Test Loss: 1.713 | Tes Acc: 19.81
INFO >> Epoch: 4 |   Train Loss: 1.751 | Train Acc: 17.45 |   Val Loss: 1.747 | Val Acc: 19.19 |   Test Loss: 1.787 | Tes Acc: 19.81
INFO >> Epoch: 5 |   Train Loss: 1.844 | Train Acc: 21.14 |   Val Loss: 1.691 | Val Acc: 20.20 |   Test Loss: 1.669 | Tes Acc: 20.77
INFO >> Epoch: 6 |   Train Loss: 1.682 | Train Acc: 22.15 |   Val Loss: 1.645 | Val Acc: 20.20 |   Test Loss: 1.666 | Tes Acc: 21.74
INFO >> Epoch: 7 |   Train Loss: 1.683 | Train Acc: 22.15 |   Val Loss: 1.690 | Val Acc: 20.20 |   Test Loss: 1.775 | Tes Acc: 19.81
INFO >> Epoch: 8 |   Train Loss: 1.694 | Train Acc: 21.48 |   Val Loss: 1.789 | Val Acc: 20.20 |   Test Loss: 1.704 | Tes Acc: 20.77
INFO >> Epoch: 9 |   Train Loss: 1.612 | Train Acc: 23.83 |   Val Loss: 1.655 | Val Acc: 19.19 |   Test Loss: 1.727 | Tes Acc: 19.81
INFO >> Epoch: 10 |   Train Loss: 1.649 | Train Acc: 22.48 |   Val Loss: 1.609 | Val Acc: 21.21 |   Test Loss: 1.594 | Tes Acc: 20.77
DEBUG >> Best state saved | Val Acc 21.212121844291687 | Test Acc 20.772947371006012

INFO >> Epoch: 11 |   Train Loss: 1.645 | Train Acc: 25.84 |   Val Loss: 1.680 | Val Acc: 19.19 |   Test Loss: 1.594 | Tes Acc: 23.19
INFO >> Epoch: 12 |   Train Loss: 1.583 | Train Acc: 29.53 |   Val Loss: 1.774 | Val Acc: 21.21 |   Test Loss: 1.843 | Tes Acc: 19.81
INFO >> Epoch: 13 |   Train Loss: 1.598 | Train Acc: 26.17 |   Val Loss: 1.631 | Val Acc: 21.21 |   Test Loss: 1.549 | Tes Acc: 29.95
INFO >> Epoch: 14 |   Train Loss: 1.583 | Train Acc: 27.85 |   Val Loss: 1.503 | Val Acc: 29.29 |   Test Loss: 1.514 | Tes Acc: 28.50
DEBUG >> Best state saved | Val Acc 29.29292917251587 | Test Acc 28.502416610717773

INFO >> Epoch: 15 |   Train Loss: 1.459 | Train Acc: 33.56 |   Val Loss: 1.457 | Val Acc: 40.40 |   Test Loss: 1.439 | Tes Acc: 36.23
DEBUG >> Best state saved | Val Acc 40.40403962135315 | Test Acc 36.231884360313416

INFO >> Epoch: 16 |   Train Loss: 1.397 | Train Acc: 37.25 |   Val Loss: 1.428 | Val Acc: 37.37 |   Test Loss: 1.399 | Tes Acc: 33.33
INFO >> Epoch: 17 |   Train Loss: 1.362 | Train Acc: 41.61 |   Val Loss: 1.217 | Val Acc: 57.58 |   Test Loss: 1.336 | Tes Acc: 41.06
DEBUG >> Best state saved | Val Acc 57.575756311416626 | Test Acc 41.06280207633972

INFO >> Epoch: 18 |   Train Loss: 1.149 | Train Acc: 55.37 |   Val Loss: 1.185 | Val Acc: 56.57 |   Test Loss: 1.379 | Tes Acc: 42.03
INFO >> Epoch: 19 |   Train Loss: 0.972 | Train Acc: 59.40 |   Val Loss: 1.397 | Val Acc: 51.52 |   Test Loss: 1.851 | Tes Acc: 44.44
INFO >> Epoch: 20 |   Train Loss: 0.904 | Train Acc: 60.74 |   Val Loss: 0.898 | Val Acc: 61.62 |   Test Loss: 1.506 | Tes Acc: 44.44
DEBUG >> Best state saved | Val Acc 61.616164445877075 | Test Acc 44.44444477558136

INFO >> Epoch: 21 |   Train Loss: 0.945 | Train Acc: 58.72 |   Val Loss: 1.386 | Val Acc: 37.37 |   Test Loss: 1.552 | Tes Acc: 37.68
INFO >> Epoch: 22 |   Train Loss: 0.904 | Train Acc: 60.40 |   Val Loss: 1.320 | Val Acc: 56.57 |   Test Loss: 1.873 | Tes Acc: 45.41
INFO >> Epoch: 23 |   Train Loss: 0.733 | Train Acc: 71.81 |   Val Loss: 1.616 | Val Acc: 45.45 |   Test Loss: 1.746 | Tes Acc: 43.96
INFO >> Epoch: 24 |   Train Loss: 0.869 | Train Acc: 65.77 |   Val Loss: 1.256 | Val Acc: 43.43 |   Test Loss: 1.345 | Tes Acc: 47.83
INFO >> Epoch: 25 |   Train Loss: 0.722 | Train Acc: 69.46 |   Val Loss: 0.940 | Val Acc: 53.54 |   Test Loss: 1.291 | Tes Acc: 57.97
INFO >> Epoch: 26 |   Train Loss: 0.528 | Train Acc: 78.86 |   Val Loss: 1.192 | Val Acc: 57.58 |   Test Loss: 2.424 | Tes Acc: 50.24
INFO >> Epoch: 27 |   Train Loss: 0.801 | Train Acc: 66.11 |   Val Loss: 1.212 | Val Acc: 51.52 |   Test Loss: 1.328 | Tes Acc: 50.72
INFO >> Epoch: 28 |   Train Loss: 0.726 | Train Acc: 71.48 |   Val Loss: 0.927 | Val Acc: 67.68 |   Test Loss: 1.194 | Tes Acc: 60.87
DEBUG >> Best state saved | Val Acc 67.6767647266388 | Test Acc 60.86956262588501

INFO >> Epoch: 29 |   Train Loss: 0.410 | Train Acc: 85.23 |   Val Loss: 1.912 | Val Acc: 57.58 |   Test Loss: 2.638 | Tes Acc: 62.32
INFO >> Epoch: 30 |   Train Loss: 0.373 | Train Acc: 86.58 |   Val Loss: 1.738 | Val Acc: 57.58 |   Test Loss: 1.378 | Tes Acc: 61.84
INFO >> Epoch: 31 |   Train Loss: 0.297 | Train Acc: 87.92 |   Val Loss: 1.588 | Val Acc: 55.56 |   Test Loss: 1.478 | Tes Acc: 62.32
INFO >> Epoch: 32 |   Train Loss: 0.246 | Train Acc: 90.60 |   Val Loss: 0.442 | Val Acc: 80.81 |   Test Loss: 1.974 | Tes Acc: 57.00
DEBUG >> Best state saved | Val Acc 80.8080792427063 | Test Acc 57.00483322143555

INFO >> Epoch: 33 |   Train Loss: 0.187 | Train Acc: 94.63 |   Val Loss: 1.486 | Val Acc: 65.66 |   Test Loss: 1.697 | Tes Acc: 68.12
INFO >> Epoch: 34 |   Train Loss: 0.182 | Train Acc: 94.63 |   Val Loss: 1.414 | Val Acc: 58.59 |   Test Loss: 1.585 | Tes Acc: 68.60
INFO >> Epoch: 35 |   Train Loss: 0.100 | Train Acc: 97.99 |   Val Loss: 1.947 | Val Acc: 69.70 |   Test Loss: 2.113 | Tes Acc: 68.60
INFO >> Epoch: 36 |   Train Loss: 0.128 | Train Acc: 97.32 |   Val Loss: 1.648 | Val Acc: 62.63 |   Test Loss: 2.380 | Tes Acc: 58.94
INFO >> Epoch: 37 |   Train Loss: 0.124 | Train Acc: 96.31 |   Val Loss: 0.745 | Val Acc: 73.74 |   Test Loss: 1.616 | Tes Acc: 67.63
INFO >> Epoch: 38 |   Train Loss: 0.090 | Train Acc: 97.99 |   Val Loss: 1.411 | Val Acc: 65.66 |   Test Loss: 2.073 | Tes Acc: 67.15
INFO >> Epoch: 39 |   Train Loss: 0.060 | Train Acc: 98.66 |   Val Loss: 2.312 | Val Acc: 61.62 |   Test Loss: 1.866 | Tes Acc: 70.05
INFO >> Epoch: 40 |   Train Loss: 0.046 | Train Acc: 98.99 |   Val Loss: 1.871 | Val Acc: 71.72 |   Test Loss: 2.340 | Tes Acc: 68.60
INFO >> Epoch: 41 |   Train Loss: 0.047 | Train Acc: 99.33 |   Val Loss: 1.527 | Val Acc: 66.67 |   Test Loss: 1.573 | Tes Acc: 72.95
INFO >> Epoch: 42 |   Train Loss: 0.038 | Train Acc: 99.66 |   Val Loss: 1.435 | Val Acc: 65.66 |   Test Loss: 1.905 | Tes Acc: 70.53
INFO >> Epoch: 43 |   Train Loss: 0.025 | Train Acc: 99.66 |   Val Loss: 1.317 | Val Acc: 68.69 |   Test Loss: 2.310 | Tes Acc: 71.98
INFO >> Epoch: 44 |   Train Loss: 0.071 | Train Acc: 98.99 |   Val Loss: 1.806 | Val Acc: 61.62 |   Test Loss: 1.577 | Tes Acc: 72.46
INFO >> Epoch: 45 |   Train Loss: 0.058 | Train Acc: 98.66 |   Val Loss: 1.503 | Val Acc: 74.75 |   Test Loss: 2.584 | Tes Acc: 68.12
INFO >> Epoch: 46 |   Train Loss: 0.054 | Train Acc: 97.99 |   Val Loss: 1.513 | Val Acc: 63.64 |   Test Loss: 1.647 | Tes Acc: 73.91
INFO >> Epoch: 47 |   Train Loss: 0.040 | Train Acc: 98.32 |   Val Loss: 2.042 | Val Acc: 63.64 |   Test Loss: 1.522 | Tes Acc: 75.36
INFO >> Epoch: 48 |   Train Loss: 0.029 | Train Acc: 99.66 |   Val Loss: 1.228 | Val Acc: 67.68 |   Test Loss: 2.541 | Tes Acc: 68.60
INFO >> Epoch: 49 |   Train Loss: 0.012 | Train Acc: 100.00 |   Val Loss: 2.167 | Val Acc: 71.72 |   Test Loss: 2.691 | Tes Acc: 71.98
INFO >> Epoch: 50 |   Train Loss: 0.011 | Train Acc: 100.00 |   Val Loss: 1.633 | Val Acc: 74.75 |   Test Loss: 2.733 | Tes Acc: 71.50


INFO >> Time Taken: 20:25

INFO >> Best Val Acc : 80.8080792427063 | Best Test Acc : 57.00483322143555

INFO >> Agg. Weights : 
0.22217868268489838 0.10995494574308395 0.33220115303993225 0.32958534359931946 0.3443760573863983 0.30170130729675293 -0.10650074481964111 -0.15174852311611176 -0.14200517535209656 -0.09262394160032272 -0.10008545219898224 0.06615230441093445 -0.07349859923124313 -0.018300412222743034 0.22812137007713318 0.24618874490261078 0.33612027764320374 0.05262550711631775 0.0047050584107637405 0.31143537163734436 0.24840277433395386 0.0033822120167315006 -0.08731602877378464 0.0868120864033699

DEBUG >> Last state saved | Val Acc 74.7474730014801 | Test Acc 71.49758338928223

INFO >> History saved (./history/v1.2/AESDD/WAV2VEC2_LARGE_XLSR_DENSE/Run4/history.pt)
