
--------------------------------------------------
Multilingual SER System v1.1
--------------------------------------------------
Run Name      : Run2
Model         : WAV2VEC2_LARGE_XLSR300M
Extract Mode  : memory
Device        : gpu
Dataset       : EmoDB
Epochs        : 20
Num Workers   : 2
Data Dir      : ./data
History Dir   : ./history
Weights Dir   : ./weights
Log Level     : debug
Purge Cache   : False
Job Name      : Job58
Job Id        : 30593581

Timestamp : 2023-02-27 22:43:38.095883

INFO >> Running on CUDA


INFO >> Training Classifier

DEBUG >> Best state saved | Val Acc 27.10280418395996 | Test Acc 34.52380895614624

INFO >> Epoch: 1 |   Train Loss: 2.513 | Train Acc: 16.57 |   Val Loss: 1.957 | Val Acc: 27.10 |   Test Loss: 1.885 | Tes Acc: 34.52
DEBUG >> Best state saved | Val Acc 32.710281014442444 | Test Acc 36.9047611951828

INFO >> Epoch: 2 |   Train Loss: 1.909 | Train Acc: 20.06 |   Val Loss: 1.887 | Val Acc: 32.71 |   Test Loss: 1.709 | Tes Acc: 36.90
DEBUG >> Best state saved | Val Acc 36.44859790802002 | Test Acc 38.0952388048172

INFO >> Epoch: 3 |   Train Loss: 1.754 | Train Acc: 31.98 |   Val Loss: 1.657 | Val Acc: 36.45 |   Test Loss: 1.613 | Tes Acc: 38.10
INFO >> Epoch: 4 |   Train Loss: 1.548 | Train Acc: 40.41 |   Val Loss: 1.570 | Val Acc: 33.64 |   Test Loss: 1.501 | Tes Acc: 41.67
DEBUG >> Best state saved | Val Acc 51.4018714427948 | Test Acc 60.71428656578064

INFO >> Epoch: 5 |   Train Loss: 1.376 | Train Acc: 40.41 |   Val Loss: 1.237 | Val Acc: 51.40 |   Test Loss: 1.166 | Tes Acc: 60.71
DEBUG >> Best state saved | Val Acc 58.87850522994995 | Test Acc 61.90476417541504

INFO >> Epoch: 6 |   Train Loss: 1.094 | Train Acc: 60.76 |   Val Loss: 1.042 | Val Acc: 58.88 |   Test Loss: 1.066 | Tes Acc: 61.90
DEBUG >> Best state saved | Val Acc 71.02803587913513 | Test Acc 61.90476417541504

INFO >> Epoch: 7 |   Train Loss: 0.849 | Train Acc: 71.51 |   Val Loss: 0.846 | Val Acc: 71.03 |   Test Loss: 0.918 | Tes Acc: 61.90
INFO >> Epoch: 8 |   Train Loss: 0.674 | Train Acc: 77.03 |   Val Loss: 0.697 | Val Acc: 70.09 |   Test Loss: 0.802 | Tes Acc: 64.29
DEBUG >> Best state saved | Val Acc 83.17757248878479 | Test Acc 77.3809552192688

INFO >> Epoch: 9 |   Train Loss: 0.539 | Train Acc: 84.01 |   Val Loss: 0.474 | Val Acc: 83.18 |   Test Loss: 0.566 | Tes Acc: 77.38
INFO >> Epoch: 10 |   Train Loss: 0.509 | Train Acc: 81.69 |   Val Loss: 0.584 | Val Acc: 73.83 |   Test Loss: 0.727 | Tes Acc: 72.62
DEBUG >> Best state saved | Val Acc 90.65420627593994 | Test Acc 84.52380895614624

INFO >> Epoch: 11 |   Train Loss: 0.410 | Train Acc: 85.17 |   Val Loss: 0.348 | Val Acc: 90.65 |   Test Loss: 0.430 | Tes Acc: 84.52
DEBUG >> Best state saved | Val Acc 92.52336621284485 | Test Acc 90.47619104385376

INFO >> Epoch: 12 |   Train Loss: 0.243 | Train Acc: 94.77 |   Val Loss: 0.249 | Val Acc: 92.52 |   Test Loss: 0.319 | Tes Acc: 90.48
INFO >> Epoch: 13 |   Train Loss: 0.222 | Train Acc: 93.31 |   Val Loss: 0.229 | Val Acc: 91.59 |   Test Loss: 0.263 | Tes Acc: 94.05
INFO >> Epoch: 14 |   Train Loss: 0.134 | Train Acc: 97.97 |   Val Loss: 0.184 | Val Acc: 90.65 |   Test Loss: 0.201 | Tes Acc: 92.86
INFO >> Epoch: 15 |   Train Loss: 0.117 | Train Acc: 97.38 |   Val Loss: 0.282 | Val Acc: 87.85 |   Test Loss: 0.379 | Tes Acc: 88.10
INFO >> Epoch: 16 |   Train Loss: 0.131 | Train Acc: 95.93 |   Val Loss: 0.255 | Val Acc: 88.79 |   Test Loss: 0.318 | Tes Acc: 90.48
INFO >> Epoch: 17 |   Train Loss: 0.102 | Train Acc: 97.97 |   Val Loss: 0.267 | Val Acc: 85.98 |   Test Loss: 0.281 | Tes Acc: 90.48
DEBUG >> Best state saved | Val Acc 95.32710313796997 | Test Acc 97.6190447807312

INFO >> Epoch: 18 |   Train Loss: 0.076 | Train Acc: 99.13 |   Val Loss: 0.115 | Val Acc: 95.33 |   Test Loss: 0.125 | Tes Acc: 97.62
INFO >> Epoch: 19 |   Train Loss: 0.049 | Train Acc: 99.42 |   Val Loss: 0.113 | Val Acc: 93.46 |   Test Loss: 0.121 | Tes Acc: 96.43
INFO >> Epoch: 20 |   Train Loss: 0.038 | Train Acc: 99.42 |   Val Loss: 0.119 | Val Acc: 95.33 |   Test Loss: 0.128 | Tes Acc: 96.43


INFO >> Time Taken: 2:07:33

INFO >> Best Val Acc : 95.32710313796997 | Best Test A : 97.6190447807312

INFO >> Agg. Weights : 
-0.06782563775777817 -0.10558587312698364 -0.0536886602640152 0.05861790478229523 -0.06919967383146286 -0.1470327526330948 -0.3081929087638855 0.029655175283551216 -0.33432143926620483 -0.2677595317363739 -0.2616681456565857 0.049197155982255936 -0.147840678691864 -0.30347737669944763 -0.11258243024349213 -0.16131280362606049 -0.28136348724365234 -0.27978020906448364 -0.32928377389907837 -0.23046836256980896 -0.0876719057559967 0.0962061658501625 0.048339542001485825 0.16699743270874023

DEBUG >> Last state saved | Val Acc 95.32710313796997 | Test Acc 96.42857313156128

INFO >> History saved (./history/v1.1/EmoDB/WAV2VEC2_LARGE_XLSR300M/Run2/history.pt)
