
--------------------------------------------------
Multilingual SER System v1.3
--------------------------------------------------
Run Name      : Run1
Fx Model      : HUBERT_LARGE
Clf Model     : PROBING
Extract Mode  : gpu_memory
Dataset       : CaFE
Device        : gpu
Epochs        : 20
Num Workers   : 2
Data Dir      : ./data
History Dir   : ./history
Weights Dir   : ./weights
Log Level     : debug
Purge Cache   : False
Job Name      : Job10
Job Id        : 30721344
GPU           : Tesla V100-SXM2-16GB
GPU Count     : 1
GPU Memory    : 15.78 GB

Timestamp : 2023-03-03 09:52:39.839099

INFO >> Running on CUDA


INFO >> Training Classifier

INFO >> Epoch: 1  |  Layer:  1  |  Train Loss: 1.955 | Train Acc: 18.68  |  Val Loss: 1.879 | Val Acc: 19.23  |  Test Loss: 1.911 | Tes Acc: 16.24
INFO >> Epoch: 1  |  Layer:  2  |  Train Loss: 1.951 | Train Acc: 18.50  |  Val Loss: 1.802 | Val Acc: 28.85  |  Test Loss: 1.844 | Tes Acc: 23.50
INFO >> Epoch: 1  |  Layer:  3  |  Train Loss: 1.953 | Train Acc: 24.36  |  Val Loss: 1.672 | Val Acc: 31.41  |  Test Loss: 1.709 | Tes Acc: 27.35
INFO >> Epoch: 1  |  Layer:  4  |  Train Loss: 1.953 | Train Acc: 21.98  |  Val Loss: 1.725 | Val Acc: 30.77  |  Test Loss: 1.739 | Tes Acc: 25.64
INFO >> Epoch: 1  |  Layer:  5  |  Train Loss: 1.966 | Train Acc: 27.11  |  Val Loss: 1.630 | Val Acc: 37.18  |  Test Loss: 1.573 | Tes Acc: 38.46
INFO >> Epoch: 1  |  Layer:  6  |  Train Loss: 1.973 | Train Acc: 25.27  |  Val Loss: 1.678 | Val Acc: 29.49  |  Test Loss: 1.723 | Tes Acc: 26.07
INFO >> Epoch: 1  |  Layer:  7  |  Train Loss: 1.952 | Train Acc: 22.16  |  Val Loss: 1.792 | Val Acc: 24.36  |  Test Loss: 1.793 | Tes Acc: 22.65
INFO >> Epoch: 1  |  Layer:  8  |  Train Loss: 1.959 | Train Acc: 28.57  |  Val Loss: 1.588 | Val Acc: 39.74  |  Test Loss: 1.587 | Tes Acc: 36.32
INFO >> Epoch: 1  |  Layer:  9  |  Train Loss: 1.947 | Train Acc: 25.46  |  Val Loss: 1.598 | Val Acc: 34.62  |  Test Loss: 1.551 | Tes Acc: 33.76
INFO >> Epoch: 1  |  Layer: 10  |  Train Loss: 1.918 | Train Acc: 29.85  |  Val Loss: 1.487 | Val Acc: 41.03  |  Test Loss: 1.415 | Tes Acc: 43.16
INFO >> Epoch: 1  |  Layer: 11  |  Train Loss: 1.995 | Train Acc: 26.37  |  Val Loss: 1.562 | Val Acc: 41.03  |  Test Loss: 1.534 | Tes Acc: 38.46
INFO >> Epoch: 1  |  Layer: 12  |  Train Loss: 2.077 | Train Acc: 26.56  |  Val Loss: 1.744 | Val Acc: 29.49  |  Test Loss: 1.717 | Tes Acc: 31.20
INFO >> Epoch: 1  |  Layer: 13  |  Train Loss: 2.041 | Train Acc: 28.57  |  Val Loss: 1.547 | Val Acc: 40.38  |  Test Loss: 1.408 | Tes Acc: 45.30
INFO >> Epoch: 1  |  Layer: 14  |  Train Loss: 2.118 | Train Acc: 21.43  |  Val Loss: 1.736 | Val Acc: 35.26  |  Test Loss: 1.577 | Tes Acc: 41.88
INFO >> Epoch: 1  |  Layer: 15  |  Train Loss: 2.208 | Train Acc: 23.99  |  Val Loss: 1.623 | Val Acc: 39.74  |  Test Loss: 1.542 | Tes Acc: 41.45
INFO >> Epoch: 1  |  Layer: 16  |  Train Loss: 2.275 | Train Acc: 24.91  |  Val Loss: 1.847 | Val Acc: 35.26  |  Test Loss: 1.778 | Tes Acc: 32.91
INFO >> Epoch: 1  |  Layer: 17  |  Train Loss: 2.496 | Train Acc: 22.16  |  Val Loss: 1.953 | Val Acc: 33.33  |  Test Loss: 1.865 | Tes Acc: 32.48
INFO >> Epoch: 1  |  Layer: 18  |  Train Loss: 2.683 | Train Acc: 20.15  |  Val Loss: 1.959 | Val Acc: 28.85  |  Test Loss: 1.888 | Tes Acc: 35.90
INFO >> Epoch: 1  |  Layer: 19  |  Train Loss: 2.768 | Train Acc: 20.70  |  Val Loss: 2.046 | Val Acc: 32.05  |  Test Loss: 2.008 | Tes Acc: 36.32
INFO >> Epoch: 1  |  Layer: 20  |  Train Loss: 2.756 | Train Acc: 17.95  |  Val Loss: 1.857 | Val Acc: 28.21  |  Test Loss: 1.791 | Tes Acc: 28.21
INFO >> Epoch: 1  |  Layer: 21  |  Train Loss: 3.001 | Train Acc: 23.99  |  Val Loss: 2.193 | Val Acc: 32.05  |  Test Loss: 2.043 | Tes Acc: 31.20
INFO >> Epoch: 1  |  Layer: 22  |  Train Loss: 6.798 | Train Acc: 16.48  |  Val Loss: 2.380 | Val Acc: 18.59  |  Test Loss: 2.226 | Tes Acc: 19.23
INFO >> Epoch: 1  |  Layer: 23  |  Train Loss: 4.639 | Train Acc: 21.06  |  Val Loss: 2.613 | Val Acc: 17.31  |  Test Loss: 2.551 | Tes Acc: 19.66
INFO >> Epoch: 1  |  Layer: 24  |  Train Loss: 7.083 | Train Acc: 19.78  |  Val Loss: 3.229 | Val Acc: 23.08  |  Test Loss: 2.881 | Tes Acc: 23.93

INFO >> Epoch: 2  |  Layer:  1  |  Train Loss: 1.751 | Train Acc: 26.19  |  Val Loss: 1.831 | Val Acc: 25.00  |  Test Loss: 1.793 | Tes Acc: 28.21
INFO >> Epoch: 2  |  Layer:  2  |  Train Loss: 1.643 | Train Acc: 37.55  |  Val Loss: 1.768 | Val Acc: 26.92  |  Test Loss: 1.679 | Tes Acc: 36.75
INFO >> Epoch: 2  |  Layer:  3  |  Train Loss: 1.532 | Train Acc: 39.74  |  Val Loss: 1.753 | Val Acc: 28.21  |  Test Loss: 1.598 | Tes Acc: 38.03
INFO >> Epoch: 2  |  Layer:  4  |  Train Loss: 1.503 | Train Acc: 40.66  |  Val Loss: 1.601 | Val Acc: 32.69  |  Test Loss: 1.497 | Tes Acc: 45.30
INFO >> Epoch: 2  |  Layer:  5  |  Train Loss: 1.427 | Train Acc: 48.17  |  Val Loss: 1.633 | Val Acc: 37.82  |  Test Loss: 1.347 | Tes Acc: 50.85
INFO >> Epoch: 2  |  Layer:  6  |  Train Loss: 1.506 | Train Acc: 41.03  |  Val Loss: 1.593 | Val Acc: 36.54  |  Test Loss: 1.490 | Tes Acc: 43.59
INFO >> Epoch: 2  |  Layer:  7  |  Train Loss: 1.497 | Train Acc: 41.39  |  Val Loss: 1.597 | Val Acc: 41.67  |  Test Loss: 1.448 | Tes Acc: 43.59
INFO >> Epoch: 2  |  Layer:  8  |  Train Loss: 1.424 | Train Acc: 44.69  |  Val Loss: 1.511 | Val Acc: 39.74  |  Test Loss: 1.329 | Tes Acc: 54.70
INFO >> Epoch: 2  |  Layer:  9  |  Train Loss: 1.370 | Train Acc: 48.17  |  Val Loss: 1.527 | Val Acc: 40.38  |  Test Loss: 1.315 | Tes Acc: 51.28
INFO >> Epoch: 2  |  Layer: 10  |  Train Loss: 1.287 | Train Acc: 51.47  |  Val Loss: 1.359 | Val Acc: 49.36  |  Test Loss: 1.201 | Tes Acc: 56.84
INFO >> Epoch: 2  |  Layer: 11  |  Train Loss: 1.332 | Train Acc: 49.45  |  Val Loss: 1.375 | Val Acc: 48.72  |  Test Loss: 1.232 | Tes Acc: 59.40
INFO >> Epoch: 2  |  Layer: 12  |  Train Loss: 1.415 | Train Acc: 45.24  |  Val Loss: 1.489 | Val Acc: 42.95  |  Test Loss: 1.294 | Tes Acc: 54.70
INFO >> Epoch: 2  |  Layer: 13  |  Train Loss: 1.299 | Train Acc: 53.30  |  Val Loss: 1.466 | Val Acc: 48.08  |  Test Loss: 1.230 | Tes Acc: 57.69
INFO >> Epoch: 2  |  Layer: 14  |  Train Loss: 1.511 | Train Acc: 42.67  |  Val Loss: 1.498 | Val Acc: 49.36  |  Test Loss: 1.363 | Tes Acc: 49.15
INFO >> Epoch: 2  |  Layer: 15  |  Train Loss: 1.513 | Train Acc: 40.84  |  Val Loss: 1.563 | Val Acc: 44.87  |  Test Loss: 1.385 | Tes Acc: 50.85
INFO >> Epoch: 2  |  Layer: 16  |  Train Loss: 1.580 | Train Acc: 43.04  |  Val Loss: 1.606 | Val Acc: 45.51  |  Test Loss: 1.532 | Tes Acc: 40.17
INFO >> Epoch: 2  |  Layer: 17  |  Train Loss: 1.606 | Train Acc: 36.26  |  Val Loss: 1.631 | Val Acc: 38.46  |  Test Loss: 1.500 | Tes Acc: 44.87
INFO >> Epoch: 2  |  Layer: 18  |  Train Loss: 1.594 | Train Acc: 43.04  |  Val Loss: 1.569 | Val Acc: 47.44  |  Test Loss: 1.507 | Tes Acc: 45.73
INFO >> Epoch: 2  |  Layer: 19  |  Train Loss: 1.686 | Train Acc: 36.26  |  Val Loss: 1.621 | Val Acc: 41.67  |  Test Loss: 1.557 | Tes Acc: 43.59
INFO >> Epoch: 2  |  Layer: 20  |  Train Loss: 1.641 | Train Acc: 34.07  |  Val Loss: 1.741 | Val Acc: 39.10  |  Test Loss: 1.545 | Tes Acc: 48.72
INFO >> Epoch: 2  |  Layer: 21  |  Train Loss: 1.659 | Train Acc: 39.93  |  Val Loss: 1.852 | Val Acc: 35.26  |  Test Loss: 1.591 | Tes Acc: 45.73
INFO >> Epoch: 2  |  Layer: 22  |  Train Loss: 1.966 | Train Acc: 21.06  |  Val Loss: 1.922 | Val Acc: 19.87  |  Test Loss: 1.839 | Tes Acc: 22.65
INFO >> Epoch: 2  |  Layer: 23  |  Train Loss: 1.691 | Train Acc: 36.81  |  Val Loss: 2.231 | Val Acc: 31.41  |  Test Loss: 1.508 | Tes Acc: 48.72
INFO >> Epoch: 2  |  Layer: 24  |  Train Loss: 2.228 | Train Acc: 31.14  |  Val Loss: 2.525 | Val Acc: 22.44  |  Test Loss: 1.843 | Tes Acc: 36.75

INFO >> Epoch: 3  |  Layer:  1  |  Train Loss: 1.720 | Train Acc: 27.29  |  Val Loss: 1.813 | Val Acc: 24.36  |  Test Loss: 1.744 | Tes Acc: 29.49
INFO >> Epoch: 3  |  Layer:  2  |  Train Loss: 1.498 | Train Acc: 38.46  |  Val Loss: 1.681 | Val Acc: 27.56  |  Test Loss: 1.525 | Tes Acc: 41.03
INFO >> Epoch: 3  |  Layer:  3  |  Train Loss: 1.369 | Train Acc: 44.69  |  Val Loss: 1.527 | Val Acc: 39.74  |  Test Loss: 1.492 | Tes Acc: 42.31
INFO >> Epoch: 3  |  Layer:  4  |  Train Loss: 1.324 | Train Acc: 46.15  |  Val Loss: 1.532 | Val Acc: 39.74  |  Test Loss: 1.457 | Tes Acc: 44.44
INFO >> Epoch: 3  |  Layer:  5  |  Train Loss: 1.271 | Train Acc: 46.34  |  Val Loss: 1.480 | Val Acc: 44.87  |  Test Loss: 1.255 | Tes Acc: 51.28
INFO >> Epoch: 3  |  Layer:  6  |  Train Loss: 1.314 | Train Acc: 45.79  |  Val Loss: 1.442 | Val Acc: 39.10  |  Test Loss: 1.303 | Tes Acc: 55.56
INFO >> Epoch: 3  |  Layer:  7  |  Train Loss: 1.280 | Train Acc: 50.18  |  Val Loss: 1.404 | Val Acc: 50.00  |  Test Loss: 1.396 | Tes Acc: 45.73
INFO >> Epoch: 3  |  Layer:  8  |  Train Loss: 1.231 | Train Acc: 51.65  |  Val Loss: 1.350 | Val Acc: 53.85  |  Test Loss: 1.283 | Tes Acc: 48.72
INFO >> Epoch: 3  |  Layer:  9  |  Train Loss: 1.203 | Train Acc: 49.63  |  Val Loss: 1.391 | Val Acc: 51.28  |  Test Loss: 1.320 | Tes Acc: 50.43
INFO >> Epoch: 3  |  Layer: 10  |  Train Loss: 1.064 | Train Acc: 58.79  |  Val Loss: 1.272 | Val Acc: 53.21  |  Test Loss: 1.164 | Tes Acc: 54.27
INFO >> Epoch: 3  |  Layer: 11  |  Train Loss: 1.141 | Train Acc: 55.86  |  Val Loss: 1.311 | Val Acc: 53.21  |  Test Loss: 1.277 | Tes Acc: 47.86
INFO >> Epoch: 3  |  Layer: 12  |  Train Loss: 1.218 | Train Acc: 53.48  |  Val Loss: 1.247 | Val Acc: 60.90  |  Test Loss: 1.271 | Tes Acc: 47.86
INFO >> Epoch: 3  |  Layer: 13  |  Train Loss: 1.150 | Train Acc: 55.13  |  Val Loss: 1.342 | Val Acc: 57.05  |  Test Loss: 1.278 | Tes Acc: 51.71
INFO >> Epoch: 3  |  Layer: 14  |  Train Loss: 1.405 | Train Acc: 46.70  |  Val Loss: 1.381 | Val Acc: 51.28  |  Test Loss: 1.382 | Tes Acc: 49.15
INFO >> Epoch: 3  |  Layer: 15  |  Train Loss: 1.402 | Train Acc: 47.07  |  Val Loss: 1.350 | Val Acc: 55.13  |  Test Loss: 1.262 | Tes Acc: 52.99
INFO >> Epoch: 3  |  Layer: 16  |  Train Loss: 1.379 | Train Acc: 47.80  |  Val Loss: 1.559 | Val Acc: 40.38  |  Test Loss: 1.514 | Tes Acc: 38.89
INFO >> Epoch: 3  |  Layer: 17  |  Train Loss: 1.411 | Train Acc: 47.44  |  Val Loss: 1.520 | Val Acc: 43.59  |  Test Loss: 1.477 | Tes Acc: 38.46
INFO >> Epoch: 3  |  Layer: 18  |  Train Loss: 1.427 | Train Acc: 46.34  |  Val Loss: 1.583 | Val Acc: 35.26  |  Test Loss: 1.628 | Tes Acc: 32.48
INFO >> Epoch: 3  |  Layer: 19  |  Train Loss: 1.519 | Train Acc: 41.76  |  Val Loss: 1.500 | Val Acc: 41.67  |  Test Loss: 1.464 | Tes Acc: 39.32
INFO >> Epoch: 3  |  Layer: 20  |  Train Loss: 1.505 | Train Acc: 44.14  |  Val Loss: 1.645 | Val Acc: 46.15  |  Test Loss: 1.505 | Tes Acc: 43.16
INFO >> Epoch: 3  |  Layer: 21  |  Train Loss: 1.588 | Train Acc: 38.64  |  Val Loss: 1.707 | Val Acc: 38.46  |  Test Loss: 1.470 | Tes Acc: 37.18
INFO >> Epoch: 3  |  Layer: 22  |  Train Loss: 1.816 | Train Acc: 26.37  |  Val Loss: 1.958 | Val Acc: 21.79  |  Test Loss: 1.807 | Tes Acc: 26.07
INFO >> Epoch: 3  |  Layer: 23  |  Train Loss: 1.573 | Train Acc: 39.01  |  Val Loss: 1.821 | Val Acc: 39.10  |  Test Loss: 1.479 | Tes Acc: 35.47
INFO >> Epoch: 3  |  Layer: 24  |  Train Loss: 1.598 | Train Acc: 43.41  |  Val Loss: 1.808 | Val Acc: 33.97  |  Test Loss: 1.481 | Tes Acc: 41.03

INFO >> Epoch: 4  |  Layer:  1  |  Train Loss: 1.665 | Train Acc: 33.15  |  Val Loss: 1.700 | Val Acc: 29.49  |  Test Loss: 1.654 | Tes Acc: 36.75
INFO >> Epoch: 4  |  Layer:  2  |  Train Loss: 1.428 | Train Acc: 49.63  |  Val Loss: 1.596 | Val Acc: 30.13  |  Test Loss: 1.450 | Tes Acc: 43.59
INFO >> Epoch: 4  |  Layer:  3  |  Train Loss: 1.291 | Train Acc: 52.20  |  Val Loss: 1.532 | Val Acc: 32.69  |  Test Loss: 1.421 | Tes Acc: 41.45
INFO >> Epoch: 4  |  Layer:  4  |  Train Loss: 1.227 | Train Acc: 56.59  |  Val Loss: 1.573 | Val Acc: 30.13  |  Test Loss: 1.365 | Tes Acc: 47.86
INFO >> Epoch: 4  |  Layer:  5  |  Train Loss: 1.140 | Train Acc: 60.81  |  Val Loss: 1.650 | Val Acc: 33.33  |  Test Loss: 1.215 | Tes Acc: 52.14
INFO >> Epoch: 4  |  Layer:  6  |  Train Loss: 1.201 | Train Acc: 61.90  |  Val Loss: 1.427 | Val Acc: 35.26  |  Test Loss: 1.306 | Tes Acc: 47.01
INFO >> Epoch: 4  |  Layer:  7  |  Train Loss: 1.183 | Train Acc: 58.24  |  Val Loss: 1.395 | Val Acc: 41.67  |  Test Loss: 1.167 | Tes Acc: 57.26
INFO >> Epoch: 4  |  Layer:  8  |  Train Loss: 1.133 | Train Acc: 60.81  |  Val Loss: 1.302 | Val Acc: 44.87  |  Test Loss: 1.122 | Tes Acc: 60.68
INFO >> Epoch: 4  |  Layer:  9  |  Train Loss: 1.082 | Train Acc: 64.29  |  Val Loss: 1.299 | Val Acc: 42.31  |  Test Loss: 1.115 | Tes Acc: 58.55
INFO >> Epoch: 4  |  Layer: 10  |  Train Loss: 0.934 | Train Acc: 68.86  |  Val Loss: 1.285 | Val Acc: 45.51  |  Test Loss: 0.969 | Tes Acc: 60.68
INFO >> Epoch: 4  |  Layer: 11  |  Train Loss: 1.012 | Train Acc: 63.92  |  Val Loss: 1.281 | Val Acc: 45.51  |  Test Loss: 1.042 | Tes Acc: 59.40
INFO >> Epoch: 4  |  Layer: 12  |  Train Loss: 1.040 | Train Acc: 62.27  |  Val Loss: 1.198 | Val Acc: 50.64  |  Test Loss: 1.061 | Tes Acc: 57.26
INFO >> Epoch: 4  |  Layer: 13  |  Train Loss: 1.002 | Train Acc: 65.75  |  Val Loss: 1.291 | Val Acc: 48.72  |  Test Loss: 0.975 | Tes Acc: 66.24
INFO >> Epoch: 4  |  Layer: 14  |  Train Loss: 1.185 | Train Acc: 57.51  |  Val Loss: 1.341 | Val Acc: 41.67  |  Test Loss: 1.075 | Tes Acc: 61.54
INFO >> Epoch: 4  |  Layer: 15  |  Train Loss: 1.199 | Train Acc: 53.30  |  Val Loss: 1.349 | Val Acc: 48.72  |  Test Loss: 1.092 | Tes Acc: 61.54
INFO >> Epoch: 4  |  Layer: 16  |  Train Loss: 1.281 | Train Acc: 51.28  |  Val Loss: 1.544 | Val Acc: 41.67  |  Test Loss: 1.342 | Tes Acc: 45.30
INFO >> Epoch: 4  |  Layer: 17  |  Train Loss: 1.306 | Train Acc: 49.45  |  Val Loss: 1.427 | Val Acc: 42.95  |  Test Loss: 1.280 | Tes Acc: 49.15
INFO >> Epoch: 4  |  Layer: 18  |  Train Loss: 1.323 | Train Acc: 49.82  |  Val Loss: 1.791 | Val Acc: 38.46  |  Test Loss: 1.297 | Tes Acc: 49.57
INFO >> Epoch: 4  |  Layer: 19  |  Train Loss: 1.317 | Train Acc: 50.92  |  Val Loss: 1.432 | Val Acc: 46.15  |  Test Loss: 1.226 | Tes Acc: 55.56
INFO >> Epoch: 4  |  Layer: 20  |  Train Loss: 1.299 | Train Acc: 53.48  |  Val Loss: 1.582 | Val Acc: 39.74  |  Test Loss: 1.310 | Tes Acc: 45.73
INFO >> Epoch: 4  |  Layer: 21  |  Train Loss: 1.229 | Train Acc: 56.41  |  Val Loss: 1.595 | Val Acc: 35.90  |  Test Loss: 1.172 | Tes Acc: 56.41
INFO >> Epoch: 4  |  Layer: 22  |  Train Loss: 1.721 | Train Acc: 32.60  |  Val Loss: 1.841 | Val Acc: 23.72  |  Test Loss: 1.726 | Tes Acc: 27.35
INFO >> Epoch: 4  |  Layer: 23  |  Train Loss: 1.269 | Train Acc: 52.20  |  Val Loss: 1.734 | Val Acc: 34.62  |  Test Loss: 1.208 | Tes Acc: 56.84
INFO >> Epoch: 4  |  Layer: 24  |  Train Loss: 1.368 | Train Acc: 48.35  |  Val Loss: 1.679 | Val Acc: 32.05  |  Test Loss: 1.435 | Tes Acc: 44.02

INFO >> Epoch: 5  |  Layer:  1  |  Train Loss: 1.563 | Train Acc: 41.03  |  Val Loss: 1.656 | Val Acc: 32.05  |  Test Loss: 1.579 | Tes Acc: 45.73
INFO >> Epoch: 5  |  Layer:  2  |  Train Loss: 1.280 | Train Acc: 54.21  |  Val Loss: 1.576 | Val Acc: 33.97  |  Test Loss: 1.319 | Tes Acc: 54.27
INFO >> Epoch: 5  |  Layer:  3  |  Train Loss: 1.089 | Train Acc: 60.81  |  Val Loss: 1.461 | Val Acc: 39.74  |  Test Loss: 1.192 | Tes Acc: 57.69
INFO >> Epoch: 5  |  Layer:  4  |  Train Loss: 1.076 | Train Acc: 61.36  |  Val Loss: 1.415 | Val Acc: 44.87  |  Test Loss: 1.272 | Tes Acc: 55.56
INFO >> Epoch: 5  |  Layer:  5  |  Train Loss: 1.041 | Train Acc: 62.64  |  Val Loss: 1.337 | Val Acc: 50.00  |  Test Loss: 1.120 | Tes Acc: 57.26
INFO >> Epoch: 5  |  Layer:  6  |  Train Loss: 1.083 | Train Acc: 61.72  |  Val Loss: 1.287 | Val Acc: 46.15  |  Test Loss: 1.083 | Tes Acc: 62.39
INFO >> Epoch: 5  |  Layer:  7  |  Train Loss: 1.061 | Train Acc: 63.00  |  Val Loss: 1.240 | Val Acc: 55.13  |  Test Loss: 1.042 | Tes Acc: 60.68
INFO >> Epoch: 5  |  Layer:  8  |  Train Loss: 0.997 | Train Acc: 66.85  |  Val Loss: 1.231 | Val Acc: 55.77  |  Test Loss: 1.051 | Tes Acc: 62.39
INFO >> Epoch: 5  |  Layer:  9  |  Train Loss: 0.984 | Train Acc: 66.30  |  Val Loss: 1.277 | Val Acc: 52.56  |  Test Loss: 1.142 | Tes Acc: 52.99
INFO >> Epoch: 5  |  Layer: 10  |  Train Loss: 0.816 | Train Acc: 72.89  |  Val Loss: 1.129 | Val Acc: 54.49  |  Test Loss: 0.905 | Tes Acc: 65.38
INFO >> Epoch: 5  |  Layer: 11  |  Train Loss: 0.869 | Train Acc: 73.44  |  Val Loss: 1.113 | Val Acc: 61.54  |  Test Loss: 0.948 | Tes Acc: 67.09
INFO >> Epoch: 5  |  Layer: 12  |  Train Loss: 0.868 | Train Acc: 72.71  |  Val Loss: 1.203 | Val Acc: 51.92  |  Test Loss: 0.895 | Tes Acc: 64.96
INFO >> Epoch: 5  |  Layer: 13  |  Train Loss: 0.866 | Train Acc: 74.54  |  Val Loss: 1.167 | Val Acc: 53.21  |  Test Loss: 0.941 | Tes Acc: 68.80
INFO >> Epoch: 5  |  Layer: 14  |  Train Loss: 0.973 | Train Acc: 68.68  |  Val Loss: 1.266 | Val Acc: 51.28  |  Test Loss: 1.145 | Tes Acc: 53.85
INFO >> Epoch: 5  |  Layer: 15  |  Train Loss: 1.039 | Train Acc: 62.82  |  Val Loss: 1.298 | Val Acc: 50.00  |  Test Loss: 1.024 | Tes Acc: 65.38
INFO >> Epoch: 5  |  Layer: 16  |  Train Loss: 1.140 | Train Acc: 60.26  |  Val Loss: 1.349 | Val Acc: 52.56  |  Test Loss: 1.117 | Tes Acc: 63.25
INFO >> Epoch: 5  |  Layer: 17  |  Train Loss: 1.167 | Train Acc: 59.71  |  Val Loss: 1.390 | Val Acc: 41.67  |  Test Loss: 1.255 | Tes Acc: 50.00
INFO >> Epoch: 5  |  Layer: 18  |  Train Loss: 1.168 | Train Acc: 57.69  |  Val Loss: 1.361 | Val Acc: 49.36  |  Test Loss: 1.196 | Tes Acc: 52.14
INFO >> Epoch: 5  |  Layer: 19  |  Train Loss: 1.164 | Train Acc: 63.19  |  Val Loss: 1.318 | Val Acc: 52.56  |  Test Loss: 1.138 | Tes Acc: 60.26
INFO >> Epoch: 5  |  Layer: 20  |  Train Loss: 1.194 | Train Acc: 57.88  |  Val Loss: 1.455 | Val Acc: 46.79  |  Test Loss: 1.155 | Tes Acc: 58.12
INFO >> Epoch: 5  |  Layer: 21  |  Train Loss: 1.162 | Train Acc: 59.71  |  Val Loss: 1.455 | Val Acc: 43.59  |  Test Loss: 1.111 | Tes Acc: 53.42
INFO >> Epoch: 5  |  Layer: 22  |  Train Loss: 1.622 | Train Acc: 38.10  |  Val Loss: 1.742 | Val Acc: 23.72  |  Test Loss: 1.591 | Tes Acc: 34.19
INFO >> Epoch: 5  |  Layer: 23  |  Train Loss: 1.109 | Train Acc: 58.79  |  Val Loss: 1.753 | Val Acc: 41.67  |  Test Loss: 1.144 | Tes Acc: 54.70
INFO >> Epoch: 5  |  Layer: 24  |  Train Loss: 1.271 | Train Acc: 50.92  |  Val Loss: 1.666 | Val Acc: 34.62  |  Test Loss: 1.395 | Tes Acc: 49.57

INFO >> Epoch: 6  |  Layer:  1  |  Train Loss: 1.522 | Train Acc: 41.21  |  Val Loss: 1.689 | Val Acc: 30.77  |  Test Loss: 1.594 | Tes Acc: 36.75
INFO >> Epoch: 6  |  Layer:  2  |  Train Loss: 1.167 | Train Acc: 58.97  |  Val Loss: 1.568 | Val Acc: 32.05  |  Test Loss: 1.279 | Tes Acc: 53.42
INFO >> Epoch: 6  |  Layer:  3  |  Train Loss: 0.970 | Train Acc: 66.12  |  Val Loss: 1.657 | Val Acc: 34.62  |  Test Loss: 1.082 | Tes Acc: 61.11
INFO >> Epoch: 6  |  Layer:  4  |  Train Loss: 0.968 | Train Acc: 64.47  |  Val Loss: 1.603 | Val Acc: 35.26  |  Test Loss: 1.115 | Tes Acc: 62.39
INFO >> Epoch: 6  |  Layer:  5  |  Train Loss: 0.927 | Train Acc: 67.95  |  Val Loss: 1.756 | Val Acc: 39.10  |  Test Loss: 0.984 | Tes Acc: 62.82
INFO >> Epoch: 6  |  Layer:  6  |  Train Loss: 0.924 | Train Acc: 67.40  |  Val Loss: 1.371 | Val Acc: 44.23  |  Test Loss: 1.052 | Tes Acc: 59.83
INFO >> Epoch: 6  |  Layer:  7  |  Train Loss: 0.912 | Train Acc: 70.70  |  Val Loss: 1.293 | Val Acc: 44.23  |  Test Loss: 0.974 | Tes Acc: 65.38
INFO >> Epoch: 6  |  Layer:  8  |  Train Loss: 0.880 | Train Acc: 69.78  |  Val Loss: 1.417 | Val Acc: 41.67  |  Test Loss: 0.992 | Tes Acc: 64.96
INFO >> Epoch: 6  |  Layer:  9  |  Train Loss: 0.877 | Train Acc: 68.68  |  Val Loss: 1.335 | Val Acc: 43.59  |  Test Loss: 1.013 | Tes Acc: 61.97
INFO >> Epoch: 6  |  Layer: 10  |  Train Loss: 0.710 | Train Acc: 77.29  |  Val Loss: 1.296 | Val Acc: 46.79  |  Test Loss: 0.837 | Tes Acc: 66.24
INFO >> Epoch: 6  |  Layer: 11  |  Train Loss: 0.765 | Train Acc: 75.82  |  Val Loss: 1.345 | Val Acc: 46.15  |  Test Loss: 0.833 | Tes Acc: 66.67
INFO >> Epoch: 6  |  Layer: 12  |  Train Loss: 0.788 | Train Acc: 72.89  |  Val Loss: 1.156 | Val Acc: 51.28  |  Test Loss: 0.874 | Tes Acc: 65.38
INFO >> Epoch: 6  |  Layer: 13  |  Train Loss: 0.791 | Train Acc: 71.98  |  Val Loss: 1.272 | Val Acc: 48.08  |  Test Loss: 0.879 | Tes Acc: 66.67
INFO >> Epoch: 6  |  Layer: 14  |  Train Loss: 0.891 | Train Acc: 69.41  |  Val Loss: 1.424 | Val Acc: 48.72  |  Test Loss: 0.935 | Tes Acc: 64.53
INFO >> Epoch: 6  |  Layer: 15  |  Train Loss: 0.945 | Train Acc: 67.95  |  Val Loss: 1.306 | Val Acc: 46.79  |  Test Loss: 0.940 | Tes Acc: 67.09
INFO >> Epoch: 6  |  Layer: 16  |  Train Loss: 1.041 | Train Acc: 63.92  |  Val Loss: 1.441 | Val Acc: 51.28  |  Test Loss: 1.044 | Tes Acc: 64.96
INFO >> Epoch: 6  |  Layer: 17  |  Train Loss: 1.080 | Train Acc: 60.26  |  Val Loss: 1.493 | Val Acc: 44.23  |  Test Loss: 1.053 | Tes Acc: 66.24
INFO >> Epoch: 6  |  Layer: 18  |  Train Loss: 1.089 | Train Acc: 63.00  |  Val Loss: 1.498 | Val Acc: 42.95  |  Test Loss: 0.967 | Tes Acc: 68.80
INFO >> Epoch: 6  |  Layer: 19  |  Train Loss: 1.093 | Train Acc: 63.55  |  Val Loss: 1.382 | Val Acc: 48.72  |  Test Loss: 1.020 | Tes Acc: 65.81
INFO >> Epoch: 6  |  Layer: 20  |  Train Loss: 1.083 | Train Acc: 61.90  |  Val Loss: 1.559 | Val Acc: 38.46  |  Test Loss: 1.054 | Tes Acc: 61.97
INFO >> Epoch: 6  |  Layer: 21  |  Train Loss: 1.087 | Train Acc: 56.59  |  Val Loss: 1.493 | Val Acc: 42.31  |  Test Loss: 1.021 | Tes Acc: 60.26
INFO >> Epoch: 6  |  Layer: 22  |  Train Loss: 1.559 | Train Acc: 37.91  |  Val Loss: 1.723 | Val Acc: 36.54  |  Test Loss: 1.541 | Tes Acc: 44.87
INFO >> Epoch: 6  |  Layer: 23  |  Train Loss: 0.946 | Train Acc: 64.29  |  Val Loss: 1.603 | Val Acc: 48.72  |  Test Loss: 1.057 | Tes Acc: 59.40
INFO >> Epoch: 6  |  Layer: 24  |  Train Loss: 1.112 | Train Acc: 58.79  |  Val Loss: 1.725 | Val Acc: 38.46  |  Test Loss: 1.167 | Tes Acc: 55.98

INFO >> Epoch: 7  |  Layer:  1  |  Train Loss: 1.512 | Train Acc: 43.04  |  Val Loss: 1.755 | Val Acc: 27.56  |  Test Loss: 1.668 | Tes Acc: 32.91
INFO >> Epoch: 7  |  Layer:  2  |  Train Loss: 1.097 | Train Acc: 62.09  |  Val Loss: 1.488 | Val Acc: 44.23  |  Test Loss: 1.289 | Tes Acc: 50.85
INFO >> Epoch: 7  |  Layer:  3  |  Train Loss: 0.873 | Train Acc: 68.13  |  Val Loss: 1.436 | Val Acc: 42.31  |  Test Loss: 1.080 | Tes Acc: 61.11
INFO >> Epoch: 7  |  Layer:  4  |  Train Loss: 0.845 | Train Acc: 71.25  |  Val Loss: 1.303 | Val Acc: 46.79  |  Test Loss: 1.166 | Tes Acc: 55.56
INFO >> Epoch: 7  |  Layer:  5  |  Train Loss: 0.819 | Train Acc: 71.06  |  Val Loss: 1.332 | Val Acc: 49.36  |  Test Loss: 0.974 | Tes Acc: 63.68
INFO >> Epoch: 7  |  Layer:  6  |  Train Loss: 0.802 | Train Acc: 75.09  |  Val Loss: 1.269 | Val Acc: 48.08  |  Test Loss: 1.046 | Tes Acc: 61.11
INFO >> Epoch: 7  |  Layer:  7  |  Train Loss: 0.790 | Train Acc: 77.66  |  Val Loss: 1.173 | Val Acc: 53.21  |  Test Loss: 0.952 | Tes Acc: 66.24
INFO >> Epoch: 7  |  Layer:  8  |  Train Loss: 0.774 | Train Acc: 76.01  |  Val Loss: 1.163 | Val Acc: 51.28  |  Test Loss: 0.948 | Tes Acc: 64.10
INFO >> Epoch: 7  |  Layer:  9  |  Train Loss: 0.723 | Train Acc: 75.64  |  Val Loss: 1.131 | Val Acc: 58.33  |  Test Loss: 1.007 | Tes Acc: 60.26
INFO >> Epoch: 7  |  Layer: 10  |  Train Loss: 0.605 | Train Acc: 80.04  |  Val Loss: 1.092 | Val Acc: 60.90  |  Test Loss: 0.880 | Tes Acc: 65.38
INFO >> Epoch: 7  |  Layer: 11  |  Train Loss: 0.647 | Train Acc: 77.11  |  Val Loss: 1.049 | Val Acc: 60.90  |  Test Loss: 0.831 | Tes Acc: 69.23
INFO >> Epoch: 7  |  Layer: 12  |  Train Loss: 0.627 | Train Acc: 81.14  |  Val Loss: 1.055 | Val Acc: 55.77  |  Test Loss: 0.847 | Tes Acc: 66.67
INFO >> Epoch: 7  |  Layer: 13  |  Train Loss: 0.640 | Train Acc: 79.30  |  Val Loss: 1.153 | Val Acc: 49.36  |  Test Loss: 0.810 | Tes Acc: 69.66
INFO >> Epoch: 7  |  Layer: 14  |  Train Loss: 0.753 | Train Acc: 77.11  |  Val Loss: 1.172 | Val Acc: 51.28  |  Test Loss: 0.858 | Tes Acc: 72.65
INFO >> Epoch: 7  |  Layer: 15  |  Train Loss: 0.784 | Train Acc: 76.01  |  Val Loss: 1.173 | Val Acc: 50.00  |  Test Loss: 0.874 | Tes Acc: 70.51
INFO >> Epoch: 7  |  Layer: 16  |  Train Loss: 0.922 | Train Acc: 68.68  |  Val Loss: 1.229 | Val Acc: 51.28  |  Test Loss: 1.055 | Tes Acc: 58.55
INFO >> Epoch: 7  |  Layer: 17  |  Train Loss: 0.931 | Train Acc: 70.33  |  Val Loss: 1.167 | Val Acc: 51.92  |  Test Loss: 1.016 | Tes Acc: 66.67
INFO >> Epoch: 7  |  Layer: 18  |  Train Loss: 0.935 | Train Acc: 66.67  |  Val Loss: 1.258 | Val Acc: 48.72  |  Test Loss: 1.086 | Tes Acc: 58.97
INFO >> Epoch: 7  |  Layer: 19  |  Train Loss: 0.980 | Train Acc: 67.95  |  Val Loss: 1.228 | Val Acc: 51.92  |  Test Loss: 1.026 | Tes Acc: 65.81
INFO >> Epoch: 7  |  Layer: 20  |  Train Loss: 0.961 | Train Acc: 67.40  |  Val Loss: 1.351 | Val Acc: 52.56  |  Test Loss: 1.150 | Tes Acc: 52.56
INFO >> Epoch: 7  |  Layer: 21  |  Train Loss: 0.931 | Train Acc: 67.22  |  Val Loss: 1.346 | Val Acc: 47.44  |  Test Loss: 0.940 | Tes Acc: 67.09
INFO >> Epoch: 7  |  Layer: 22  |  Train Loss: 1.462 | Train Acc: 44.69  |  Val Loss: 1.623 | Val Acc: 36.54  |  Test Loss: 1.582 | Tes Acc: 37.61
INFO >> Epoch: 7  |  Layer: 23  |  Train Loss: 0.793 | Train Acc: 72.71  |  Val Loss: 1.579 | Val Acc: 48.72  |  Test Loss: 1.046 | Tes Acc: 59.40
INFO >> Epoch: 7  |  Layer: 24  |  Train Loss: 0.924 | Train Acc: 67.22  |  Val Loss: 1.558 | Val Acc: 44.23  |  Test Loss: 1.056 | Tes Acc: 55.98

INFO >> Epoch: 8  |  Layer:  1  |  Train Loss: 1.458 | Train Acc: 41.39  |  Val Loss: 1.700 | Val Acc: 30.13  |  Test Loss: 1.618 | Tes Acc: 35.47
INFO >> Epoch: 8  |  Layer:  2  |  Train Loss: 0.972 | Train Acc: 67.03  |  Val Loss: 1.528 | Val Acc: 35.26  |  Test Loss: 1.186 | Tes Acc: 61.11
INFO >> Epoch: 8  |  Layer:  3  |  Train Loss: 0.738 | Train Acc: 77.29  |  Val Loss: 1.461 | Val Acc: 41.03  |  Test Loss: 1.079 | Tes Acc: 59.40
INFO >> Epoch: 8  |  Layer:  4  |  Train Loss: 0.744 | Train Acc: 74.73  |  Val Loss: 1.528 | Val Acc: 36.54  |  Test Loss: 1.123 | Tes Acc: 60.26
INFO >> Epoch: 8  |  Layer:  5  |  Train Loss: 0.699 | Train Acc: 77.11  |  Val Loss: 1.385 | Val Acc: 41.67  |  Test Loss: 1.032 | Tes Acc: 60.26
INFO >> Epoch: 8  |  Layer:  6  |  Train Loss: 0.722 | Train Acc: 75.46  |  Val Loss: 1.386 | Val Acc: 37.82  |  Test Loss: 1.141 | Tes Acc: 58.12
INFO >> Epoch: 8  |  Layer:  7  |  Train Loss: 0.701 | Train Acc: 78.94  |  Val Loss: 1.152 | Val Acc: 53.21  |  Test Loss: 1.070 | Tes Acc: 57.69
INFO >> Epoch: 8  |  Layer:  8  |  Train Loss: 0.676 | Train Acc: 76.92  |  Val Loss: 1.218 | Val Acc: 53.21  |  Test Loss: 1.076 | Tes Acc: 58.97
INFO >> Epoch: 8  |  Layer:  9  |  Train Loss: 0.658 | Train Acc: 79.12  |  Val Loss: 1.168 | Val Acc: 56.41  |  Test Loss: 1.038 | Tes Acc: 60.68
INFO >> Epoch: 8  |  Layer: 10  |  Train Loss: 0.537 | Train Acc: 82.42  |  Val Loss: 1.136 | Val Acc: 56.41  |  Test Loss: 0.987 | Tes Acc: 60.26
INFO >> Epoch: 8  |  Layer: 11  |  Train Loss: 0.552 | Train Acc: 83.88  |  Val Loss: 1.150 | Val Acc: 55.77  |  Test Loss: 0.991 | Tes Acc: 62.82
INFO >> Epoch: 8  |  Layer: 12  |  Train Loss: 0.555 | Train Acc: 83.52  |  Val Loss: 1.057 | Val Acc: 58.97  |  Test Loss: 0.953 | Tes Acc: 66.24
INFO >> Epoch: 8  |  Layer: 13  |  Train Loss: 0.561 | Train Acc: 83.88  |  Val Loss: 1.151 | Val Acc: 53.85  |  Test Loss: 0.951 | Tes Acc: 64.10
INFO >> Epoch: 8  |  Layer: 14  |  Train Loss: 0.653 | Train Acc: 81.14  |  Val Loss: 1.294 | Val Acc: 51.28  |  Test Loss: 1.219 | Tes Acc: 49.15
INFO >> Epoch: 8  |  Layer: 15  |  Train Loss: 0.691 | Train Acc: 81.87  |  Val Loss: 1.221 | Val Acc: 51.28  |  Test Loss: 1.125 | Tes Acc: 52.99
INFO >> Epoch: 8  |  Layer: 16  |  Train Loss: 0.828 | Train Acc: 73.26  |  Val Loss: 1.319 | Val Acc: 44.23  |  Test Loss: 1.224 | Tes Acc: 46.15
INFO >> Epoch: 8  |  Layer: 17  |  Train Loss: 0.821 | Train Acc: 73.26  |  Val Loss: 1.479 | Val Acc: 42.95  |  Test Loss: 1.350 | Tes Acc: 41.88
INFO >> Epoch: 8  |  Layer: 18  |  Train Loss: 0.833 | Train Acc: 73.08  |  Val Loss: 1.425 | Val Acc: 41.03  |  Test Loss: 1.296 | Tes Acc: 44.44
INFO >> Epoch: 8  |  Layer: 19  |  Train Loss: 0.915 | Train Acc: 71.25  |  Val Loss: 1.494 | Val Acc: 35.90  |  Test Loss: 1.465 | Tes Acc: 39.74
INFO >> Epoch: 8  |  Layer: 20  |  Train Loss: 0.881 | Train Acc: 72.16  |  Val Loss: 1.626 | Val Acc: 32.05  |  Test Loss: 1.398 | Tes Acc: 38.89
INFO >> Epoch: 8  |  Layer: 21  |  Train Loss: 0.834 | Train Acc: 71.25  |  Val Loss: 1.589 | Val Acc: 39.10  |  Test Loss: 1.427 | Tes Acc: 38.03
INFO >> Epoch: 8  |  Layer: 22  |  Train Loss: 1.387 | Train Acc: 47.80  |  Val Loss: 1.813 | Val Acc: 21.79  |  Test Loss: 1.894 | Tes Acc: 22.65
INFO >> Epoch: 8  |  Layer: 23  |  Train Loss: 0.747 | Train Acc: 72.34  |  Val Loss: 1.772 | Val Acc: 44.23  |  Test Loss: 1.295 | Tes Acc: 52.99
INFO >> Epoch: 8  |  Layer: 24  |  Train Loss: 0.808 | Train Acc: 69.78  |  Val Loss: 1.520 | Val Acc: 46.15  |  Test Loss: 1.357 | Tes Acc: 47.44

INFO >> Epoch: 9  |  Layer:  1  |  Train Loss: 1.495 | Train Acc: 41.58  |  Val Loss: 1.856 | Val Acc: 24.36  |  Test Loss: 1.691 | Tes Acc: 32.91
INFO >> Epoch: 9  |  Layer:  2  |  Train Loss: 0.993 | Train Acc: 70.33  |  Val Loss: 2.135 | Val Acc: 24.36  |  Test Loss: 1.439 | Tes Acc: 46.58
INFO >> Epoch: 9  |  Layer:  3  |  Train Loss: 0.794 | Train Acc: 76.37  |  Val Loss: 2.307 | Val Acc: 27.56  |  Test Loss: 1.336 | Tes Acc: 49.15
INFO >> Epoch: 9  |  Layer:  4  |  Train Loss: 0.769 | Train Acc: 78.75  |  Val Loss: 2.257 | Val Acc: 29.49  |  Test Loss: 1.383 | Tes Acc: 49.57
INFO >> Epoch: 9  |  Layer:  5  |  Train Loss: 0.777 | Train Acc: 75.27  |  Val Loss: 2.441 | Val Acc: 29.49  |  Test Loss: 1.352 | Tes Acc: 48.72
INFO >> Epoch: 9  |  Layer:  6  |  Train Loss: 0.811 | Train Acc: 75.46  |  Val Loss: 1.838 | Val Acc: 37.18  |  Test Loss: 1.161 | Tes Acc: 58.12
INFO >> Epoch: 9  |  Layer:  7  |  Train Loss: 0.827 | Train Acc: 75.09  |  Val Loss: 1.648 | Val Acc: 40.38  |  Test Loss: 1.058 | Tes Acc: 58.97
INFO >> Epoch: 9  |  Layer:  8  |  Train Loss: 0.763 | Train Acc: 74.73  |  Val Loss: 1.766 | Val Acc: 37.82  |  Test Loss: 1.132 | Tes Acc: 56.84
INFO >> Epoch: 9  |  Layer:  9  |  Train Loss: 0.716 | Train Acc: 77.84  |  Val Loss: 1.742 | Val Acc: 40.38  |  Test Loss: 1.285 | Tes Acc: 52.14
INFO >> Epoch: 9  |  Layer: 10  |  Train Loss: 0.598 | Train Acc: 83.15  |  Val Loss: 1.682 | Val Acc: 42.31  |  Test Loss: 1.176 | Tes Acc: 54.70
INFO >> Epoch: 9  |  Layer: 11  |  Train Loss: 0.654 | Train Acc: 81.50  |  Val Loss: 1.509 | Val Acc: 45.51  |  Test Loss: 1.062 | Tes Acc: 60.26
INFO >> Epoch: 9  |  Layer: 12  |  Train Loss: 0.630 | Train Acc: 82.97  |  Val Loss: 1.533 | Val Acc: 45.51  |  Test Loss: 1.210 | Tes Acc: 58.12
INFO >> Epoch: 9  |  Layer: 13  |  Train Loss: 0.646 | Train Acc: 81.50  |  Val Loss: 1.744 | Val Acc: 41.67  |  Test Loss: 1.191 | Tes Acc: 61.54
INFO >> Epoch: 9  |  Layer: 14  |  Train Loss: 0.812 | Train Acc: 71.98  |  Val Loss: 1.779 | Val Acc: 35.26  |  Test Loss: 1.224 | Tes Acc: 55.56
INFO >> Epoch: 9  |  Layer: 15  |  Train Loss: 0.782 | Train Acc: 72.89  |  Val Loss: 1.915 | Val Acc: 33.97  |  Test Loss: 1.469 | Tes Acc: 55.98
INFO >> Epoch: 9  |  Layer: 16  |  Train Loss: 0.935 | Train Acc: 69.23  |  Val Loss: 1.660 | Val Acc: 35.90  |  Test Loss: 1.247 | Tes Acc: 50.85
INFO >> Epoch: 9  |  Layer: 17  |  Train Loss: 0.968 | Train Acc: 66.48  |  Val Loss: 1.854 | Val Acc: 32.69  |  Test Loss: 1.356 | Tes Acc: 49.57
INFO >> Epoch: 9  |  Layer: 18  |  Train Loss: 1.004 | Train Acc: 64.10  |  Val Loss: 1.925 | Val Acc: 30.13  |  Test Loss: 1.301 | Tes Acc: 49.57
INFO >> Epoch: 9  |  Layer: 19  |  Train Loss: 1.057 | Train Acc: 60.81  |  Val Loss: 1.816 | Val Acc: 34.62  |  Test Loss: 1.448 | Tes Acc: 49.15
INFO >> Epoch: 9  |  Layer: 20  |  Train Loss: 1.022 | Train Acc: 64.84  |  Val Loss: 1.830 | Val Acc: 31.41  |  Test Loss: 1.309 | Tes Acc: 51.71
INFO >> Epoch: 9  |  Layer: 21  |  Train Loss: 0.987 | Train Acc: 63.92  |  Val Loss: 1.995 | Val Acc: 28.85  |  Test Loss: 1.376 | Tes Acc: 49.15
INFO >> Epoch: 9  |  Layer: 22  |  Train Loss: 1.569 | Train Acc: 42.49  |  Val Loss: 1.819 | Val Acc: 30.77  |  Test Loss: 1.599 | Tes Acc: 39.32
INFO >> Epoch: 9  |  Layer: 23  |  Train Loss: 0.858 | Train Acc: 69.41  |  Val Loss: 2.311 | Val Acc: 36.54  |  Test Loss: 1.336 | Tes Acc: 53.42
INFO >> Epoch: 9  |  Layer: 24  |  Train Loss: 0.969 | Train Acc: 64.10  |  Val Loss: 2.776 | Val Acc: 30.13  |  Test Loss: 1.694 | Tes Acc: 47.86

INFO >> Epoch: 10  |  Layer:  1  |  Train Loss: 1.610 | Train Acc: 40.48  |  Val Loss: 1.726 | Val Acc: 32.05  |  Test Loss: 1.510 | Tes Acc: 43.16
INFO >> Epoch: 10  |  Layer:  2  |  Train Loss: 1.102 | Train Acc: 62.82  |  Val Loss: 1.471 | Val Acc: 41.67  |  Test Loss: 1.124 | Tes Acc: 53.42
INFO >> Epoch: 10  |  Layer:  3  |  Train Loss: 0.878 | Train Acc: 73.08  |  Val Loss: 1.485 | Val Acc: 40.38  |  Test Loss: 0.938 | Tes Acc: 62.82
INFO >> Epoch: 10  |  Layer:  4  |  Train Loss: 0.850 | Train Acc: 73.63  |  Val Loss: 1.287 | Val Acc: 49.36  |  Test Loss: 0.976 | Tes Acc: 63.68
INFO >> Epoch: 10  |  Layer:  5  |  Train Loss: 0.875 | Train Acc: 71.06  |  Val Loss: 1.337 | Val Acc: 48.08  |  Test Loss: 0.861 | Tes Acc: 64.10
INFO >> Epoch: 10  |  Layer:  6  |  Train Loss: 0.744 | Train Acc: 77.29  |  Val Loss: 1.256 | Val Acc: 49.36  |  Test Loss: 0.954 | Tes Acc: 59.83
INFO >> Epoch: 10  |  Layer:  7  |  Train Loss: 0.774 | Train Acc: 75.09  |  Val Loss: 1.143 | Val Acc: 53.21  |  Test Loss: 0.848 | Tes Acc: 67.95
INFO >> Epoch: 10  |  Layer:  8  |  Train Loss: 0.787 | Train Acc: 76.74  |  Val Loss: 1.172 | Val Acc: 55.13  |  Test Loss: 0.946 | Tes Acc: 61.97
INFO >> Epoch: 10  |  Layer:  9  |  Train Loss: 0.782 | Train Acc: 76.74  |  Val Loss: 1.084 | Val Acc: 60.26  |  Test Loss: 0.963 | Tes Acc: 61.11
INFO >> Epoch: 10  |  Layer: 10  |  Train Loss: 0.691 | Train Acc: 77.47  |  Val Loss: 1.079 | Val Acc: 60.90  |  Test Loss: 0.934 | Tes Acc: 60.68
INFO >> Epoch: 10  |  Layer: 11  |  Train Loss: 0.709 | Train Acc: 77.47  |  Val Loss: 1.068 | Val Acc: 64.10  |  Test Loss: 1.016 | Tes Acc: 58.97
INFO >> Epoch: 10  |  Layer: 12  |  Train Loss: 0.705 | Train Acc: 78.02  |  Val Loss: 1.215 | Val Acc: 56.41  |  Test Loss: 1.106 | Tes Acc: 53.85
INFO >> Epoch: 10  |  Layer: 13  |  Train Loss: 0.741 | Train Acc: 75.27  |  Val Loss: 1.084 | Val Acc: 58.97  |  Test Loss: 0.994 | Tes Acc: 60.26
INFO >> Epoch: 10  |  Layer: 14  |  Train Loss: 0.821 | Train Acc: 73.26  |  Val Loss: 1.160 | Val Acc: 58.97  |  Test Loss: 0.923 | Tes Acc: 63.25
INFO >> Epoch: 10  |  Layer: 15  |  Train Loss: 0.868 | Train Acc: 72.34  |  Val Loss: 1.190 | Val Acc: 57.69  |  Test Loss: 1.020 | Tes Acc: 55.13
INFO >> Epoch: 10  |  Layer: 16  |  Train Loss: 0.970 | Train Acc: 65.75  |  Val Loss: 1.189 | Val Acc: 60.90  |  Test Loss: 1.028 | Tes Acc: 56.41
INFO >> Epoch: 10  |  Layer: 17  |  Train Loss: 1.003 | Train Acc: 64.47  |  Val Loss: 1.285 | Val Acc: 54.49  |  Test Loss: 1.103 | Tes Acc: 55.98
INFO >> Epoch: 10  |  Layer: 18  |  Train Loss: 1.017 | Train Acc: 66.67  |  Val Loss: 1.157 | Val Acc: 57.05  |  Test Loss: 1.100 | Tes Acc: 56.84
INFO >> Epoch: 10  |  Layer: 19  |  Train Loss: 1.071 | Train Acc: 62.82  |  Val Loss: 1.251 | Val Acc: 54.49  |  Test Loss: 1.087 | Tes Acc: 55.13
INFO >> Epoch: 10  |  Layer: 20  |  Train Loss: 0.926 | Train Acc: 68.68  |  Val Loss: 1.310 | Val Acc: 50.00  |  Test Loss: 1.062 | Tes Acc: 55.56
INFO >> Epoch: 10  |  Layer: 21  |  Train Loss: 0.986 | Train Acc: 63.37  |  Val Loss: 1.344 | Val Acc: 49.36  |  Test Loss: 1.009 | Tes Acc: 57.69
INFO >> Epoch: 10  |  Layer: 22  |  Train Loss: 1.577 | Train Acc: 39.38  |  Val Loss: 1.632 | Val Acc: 28.21  |  Test Loss: 1.440 | Tes Acc: 43.16
INFO >> Epoch: 10  |  Layer: 23  |  Train Loss: 0.877 | Train Acc: 71.43  |  Val Loss: 1.723 | Val Acc: 46.79  |  Test Loss: 1.426 | Tes Acc: 51.71
INFO >> Epoch: 10  |  Layer: 24  |  Train Loss: 1.071 | Train Acc: 65.38  |  Val Loss: 1.438 | Val Acc: 46.79  |  Test Loss: 1.140 | Tes Acc: 55.13

INFO >> Epoch: 11  |  Layer:  1  |  Train Loss: 1.377 | Train Acc: 47.62  |  Val Loss: 1.698 | Val Acc: 26.92  |  Test Loss: 1.639 | Tes Acc: 29.49
INFO >> Epoch: 11  |  Layer:  2  |  Train Loss: 0.962 | Train Acc: 64.84  |  Val Loss: 1.446 | Val Acc: 44.87  |  Test Loss: 1.432 | Tes Acc: 41.03
INFO >> Epoch: 11  |  Layer:  3  |  Train Loss: 0.791 | Train Acc: 71.79  |  Val Loss: 1.505 | Val Acc: 48.72  |  Test Loss: 1.206 | Tes Acc: 49.57
INFO >> Epoch: 11  |  Layer:  4  |  Train Loss: 0.786 | Train Acc: 71.06  |  Val Loss: 1.260 | Val Acc: 53.21  |  Test Loss: 1.063 | Tes Acc: 58.55
INFO >> Epoch: 11  |  Layer:  5  |  Train Loss: 0.751 | Train Acc: 71.79  |  Val Loss: 1.650 | Val Acc: 44.87  |  Test Loss: 0.952 | Tes Acc: 62.39
INFO >> Epoch: 11  |  Layer:  6  |  Train Loss: 0.723 | Train Acc: 71.98  |  Val Loss: 1.589 | Val Acc: 44.87  |  Test Loss: 1.004 | Tes Acc: 58.97
INFO >> Epoch: 11  |  Layer:  7  |  Train Loss: 0.671 | Train Acc: 75.82  |  Val Loss: 1.176 | Val Acc: 55.77  |  Test Loss: 0.849 | Tes Acc: 64.10
INFO >> Epoch: 11  |  Layer:  8  |  Train Loss: 0.663 | Train Acc: 75.64  |  Val Loss: 1.248 | Val Acc: 53.85  |  Test Loss: 0.902 | Tes Acc: 64.53
INFO >> Epoch: 11  |  Layer:  9  |  Train Loss: 0.646 | Train Acc: 77.47  |  Val Loss: 1.154 | Val Acc: 53.85  |  Test Loss: 0.946 | Tes Acc: 63.25
INFO >> Epoch: 11  |  Layer: 10  |  Train Loss: 0.609 | Train Acc: 78.21  |  Val Loss: 0.990 | Val Acc: 62.18  |  Test Loss: 0.867 | Tes Acc: 63.68
INFO >> Epoch: 11  |  Layer: 11  |  Train Loss: 0.646 | Train Acc: 78.39  |  Val Loss: 1.015 | Val Acc: 57.05  |  Test Loss: 0.815 | Tes Acc: 65.81
INFO >> Epoch: 11  |  Layer: 12  |  Train Loss: 0.617 | Train Acc: 79.12  |  Val Loss: 1.148 | Val Acc: 58.97  |  Test Loss: 1.012 | Tes Acc: 58.12
INFO >> Epoch: 11  |  Layer: 13  |  Train Loss: 0.631 | Train Acc: 78.21  |  Val Loss: 1.123 | Val Acc: 58.97  |  Test Loss: 0.821 | Tes Acc: 67.95
INFO >> Epoch: 11  |  Layer: 14  |  Train Loss: 0.739 | Train Acc: 73.63  |  Val Loss: 1.195 | Val Acc: 57.69  |  Test Loss: 0.870 | Tes Acc: 64.10
INFO >> Epoch: 11  |  Layer: 15  |  Train Loss: 0.678 | Train Acc: 77.47  |  Val Loss: 1.117 | Val Acc: 58.33  |  Test Loss: 0.890 | Tes Acc: 59.83
INFO >> Epoch: 11  |  Layer: 16  |  Train Loss: 0.813 | Train Acc: 69.41  |  Val Loss: 1.399 | Val Acc: 49.36  |  Test Loss: 0.990 | Tes Acc: 60.26
INFO >> Epoch: 11  |  Layer: 17  |  Train Loss: 0.859 | Train Acc: 68.13  |  Val Loss: 1.239 | Val Acc: 54.49  |  Test Loss: 1.044 | Tes Acc: 56.84
INFO >> Epoch: 11  |  Layer: 18  |  Train Loss: 0.803 | Train Acc: 73.63  |  Val Loss: 1.367 | Val Acc: 51.92  |  Test Loss: 1.152 | Tes Acc: 49.57
INFO >> Epoch: 11  |  Layer: 19  |  Train Loss: 0.895 | Train Acc: 67.22  |  Val Loss: 1.217 | Val Acc: 53.85  |  Test Loss: 0.900 | Tes Acc: 68.80
INFO >> Epoch: 11  |  Layer: 20  |  Train Loss: 0.763 | Train Acc: 75.64  |  Val Loss: 1.328 | Val Acc: 50.00  |  Test Loss: 0.969 | Tes Acc: 60.68
INFO >> Epoch: 11  |  Layer: 21  |  Train Loss: 0.740 | Train Acc: 74.18  |  Val Loss: 1.519 | Val Acc: 42.95  |  Test Loss: 1.094 | Tes Acc: 51.71
INFO >> Epoch: 11  |  Layer: 22  |  Train Loss: 1.401 | Train Acc: 48.90  |  Val Loss: 1.607 | Val Acc: 39.74  |  Test Loss: 1.424 | Tes Acc: 45.73
INFO >> Epoch: 11  |  Layer: 23  |  Train Loss: 0.868 | Train Acc: 69.23  |  Val Loss: 1.632 | Val Acc: 46.15  |  Test Loss: 0.924 | Tes Acc: 64.10
INFO >> Epoch: 11  |  Layer: 24  |  Train Loss: 0.924 | Train Acc: 63.37  |  Val Loss: 1.500 | Val Acc: 49.36  |  Test Loss: 1.098 | Tes Acc: 55.98

INFO >> Epoch: 12  |  Layer:  1  |  Train Loss: 1.405 | Train Acc: 43.41  |  Val Loss: 1.689 | Val Acc: 37.18  |  Test Loss: 1.456 | Tes Acc: 44.02
INFO >> Epoch: 12  |  Layer:  2  |  Train Loss: 0.907 | Train Acc: 65.20  |  Val Loss: 1.745 | Val Acc: 32.05  |  Test Loss: 1.178 | Tes Acc: 55.98
INFO >> Epoch: 12  |  Layer:  3  |  Train Loss: 0.698 | Train Acc: 74.54  |  Val Loss: 1.525 | Val Acc: 46.15  |  Test Loss: 0.991 | Tes Acc: 62.39
INFO >> Epoch: 12  |  Layer:  4  |  Train Loss: 0.664 | Train Acc: 76.92  |  Val Loss: 1.602 | Val Acc: 47.44  |  Test Loss: 1.004 | Tes Acc: 62.82
INFO >> Epoch: 12  |  Layer:  5  |  Train Loss: 0.646 | Train Acc: 76.74  |  Val Loss: 1.387 | Val Acc: 50.64  |  Test Loss: 0.842 | Tes Acc: 65.81
INFO >> Epoch: 12  |  Layer:  6  |  Train Loss: 0.658 | Train Acc: 74.73  |  Val Loss: 1.443 | Val Acc: 52.56  |  Test Loss: 0.960 | Tes Acc: 65.81
INFO >> Epoch: 12  |  Layer:  7  |  Train Loss: 0.583 | Train Acc: 78.94  |  Val Loss: 1.287 | Val Acc: 53.21  |  Test Loss: 0.989 | Tes Acc: 62.82
INFO >> Epoch: 12  |  Layer:  8  |  Train Loss: 0.571 | Train Acc: 79.67  |  Val Loss: 1.206 | Val Acc: 57.05  |  Test Loss: 0.913 | Tes Acc: 63.25
INFO >> Epoch: 12  |  Layer:  9  |  Train Loss: 0.558 | Train Acc: 80.59  |  Val Loss: 1.050 | Val Acc: 60.26  |  Test Loss: 0.939 | Tes Acc: 60.68
INFO >> Epoch: 12  |  Layer: 10  |  Train Loss: 0.502 | Train Acc: 81.32  |  Val Loss: 1.097 | Val Acc: 58.33  |  Test Loss: 0.796 | Tes Acc: 67.52
INFO >> Epoch: 12  |  Layer: 11  |  Train Loss: 0.504 | Train Acc: 80.40  |  Val Loss: 1.020 | Val Acc: 60.90  |  Test Loss: 0.677 | Tes Acc: 72.22
INFO >> Epoch: 12  |  Layer: 12  |  Train Loss: 0.500 | Train Acc: 81.87  |  Val Loss: 1.005 | Val Acc: 60.26  |  Test Loss: 0.772 | Tes Acc: 70.09
INFO >> Epoch: 12  |  Layer: 13  |  Train Loss: 0.489 | Train Acc: 83.15  |  Val Loss: 1.140 | Val Acc: 52.56  |  Test Loss: 0.831 | Tes Acc: 66.24
INFO >> Epoch: 12  |  Layer: 14  |  Train Loss: 0.610 | Train Acc: 75.64  |  Val Loss: 1.161 | Val Acc: 55.77  |  Test Loss: 0.827 | Tes Acc: 67.52
INFO >> Epoch: 12  |  Layer: 15  |  Train Loss: 0.556 | Train Acc: 80.77  |  Val Loss: 1.134 | Val Acc: 52.56  |  Test Loss: 0.865 | Tes Acc: 65.38
INFO >> Epoch: 12  |  Layer: 16  |  Train Loss: 0.771 | Train Acc: 71.79  |  Val Loss: 1.115 | Val Acc: 56.41  |  Test Loss: 1.020 | Tes Acc: 58.55
INFO >> Epoch: 12  |  Layer: 17  |  Train Loss: 0.796 | Train Acc: 72.16  |  Val Loss: 1.060 | Val Acc: 57.69  |  Test Loss: 1.082 | Tes Acc: 56.84
INFO >> Epoch: 12  |  Layer: 18  |  Train Loss: 0.821 | Train Acc: 69.60  |  Val Loss: 1.076 | Val Acc: 60.26  |  Test Loss: 1.099 | Tes Acc: 58.12
INFO >> Epoch: 12  |  Layer: 19  |  Train Loss: 0.805 | Train Acc: 71.98  |  Val Loss: 1.155 | Val Acc: 58.33  |  Test Loss: 1.285 | Tes Acc: 49.57
INFO >> Epoch: 12  |  Layer: 20  |  Train Loss: 0.716 | Train Acc: 75.09  |  Val Loss: 1.265 | Val Acc: 58.97  |  Test Loss: 1.185 | Tes Acc: 49.57
INFO >> Epoch: 12  |  Layer: 21  |  Train Loss: 0.677 | Train Acc: 76.19  |  Val Loss: 1.305 | Val Acc: 50.00  |  Test Loss: 0.943 | Tes Acc: 61.97
INFO >> Epoch: 12  |  Layer: 22  |  Train Loss: 1.350 | Train Acc: 54.40  |  Val Loss: 1.519 | Val Acc: 39.74  |  Test Loss: 1.362 | Tes Acc: 48.72
INFO >> Epoch: 12  |  Layer: 23  |  Train Loss: 0.646 | Train Acc: 75.82  |  Val Loss: 1.536 | Val Acc: 51.92  |  Test Loss: 1.218 | Tes Acc: 52.14
INFO >> Epoch: 12  |  Layer: 24  |  Train Loss: 0.776 | Train Acc: 72.71  |  Val Loss: 1.552 | Val Acc: 46.15  |  Test Loss: 0.990 | Tes Acc: 63.25

INFO >> Epoch: 13  |  Layer:  1  |  Train Loss: 1.294 | Train Acc: 51.47  |  Val Loss: 1.847 | Val Acc: 33.33  |  Test Loss: 1.474 | Tes Acc: 44.02
INFO >> Epoch: 13  |  Layer:  2  |  Train Loss: 0.779 | Train Acc: 74.91  |  Val Loss: 1.802 | Val Acc: 37.18  |  Test Loss: 1.077 | Tes Acc: 59.83
INFO >> Epoch: 13  |  Layer:  3  |  Train Loss: 0.528 | Train Acc: 84.62  |  Val Loss: 1.735 | Val Acc: 44.23  |  Test Loss: 0.916 | Tes Acc: 64.96
INFO >> Epoch: 13  |  Layer:  4  |  Train Loss: 0.509 | Train Acc: 84.98  |  Val Loss: 1.813 | Val Acc: 44.23  |  Test Loss: 1.007 | Tes Acc: 62.39
INFO >> Epoch: 13  |  Layer:  5  |  Train Loss: 0.485 | Train Acc: 87.00  |  Val Loss: 1.818 | Val Acc: 47.44  |  Test Loss: 0.868 | Tes Acc: 64.10
INFO >> Epoch: 13  |  Layer:  6  |  Train Loss: 0.505 | Train Acc: 84.07  |  Val Loss: 1.739 | Val Acc: 47.44  |  Test Loss: 0.849 | Tes Acc: 63.68
INFO >> Epoch: 13  |  Layer:  7  |  Train Loss: 0.494 | Train Acc: 85.90  |  Val Loss: 1.500 | Val Acc: 47.44  |  Test Loss: 0.782 | Tes Acc: 71.37
INFO >> Epoch: 13  |  Layer:  8  |  Train Loss: 0.472 | Train Acc: 86.45  |  Val Loss: 1.394 | Val Acc: 52.56  |  Test Loss: 0.776 | Tes Acc: 68.80
INFO >> Epoch: 13  |  Layer:  9  |  Train Loss: 0.500 | Train Acc: 84.25  |  Val Loss: 1.338 | Val Acc: 51.92  |  Test Loss: 0.882 | Tes Acc: 64.53
INFO >> Epoch: 13  |  Layer: 10  |  Train Loss: 0.365 | Train Acc: 90.84  |  Val Loss: 1.164 | Val Acc: 55.77  |  Test Loss: 0.773 | Tes Acc: 66.24
INFO >> Epoch: 13  |  Layer: 11  |  Train Loss: 0.360 | Train Acc: 90.66  |  Val Loss: 1.071 | Val Acc: 59.62  |  Test Loss: 0.676 | Tes Acc: 69.66
INFO >> Epoch: 13  |  Layer: 12  |  Train Loss: 0.393 | Train Acc: 88.83  |  Val Loss: 1.082 | Val Acc: 60.26  |  Test Loss: 0.718 | Tes Acc: 70.94
INFO >> Epoch: 13  |  Layer: 13  |  Train Loss: 0.432 | Train Acc: 84.80  |  Val Loss: 1.516 | Val Acc: 55.13  |  Test Loss: 0.823 | Tes Acc: 70.51
INFO >> Epoch: 13  |  Layer: 14  |  Train Loss: 0.495 | Train Acc: 83.88  |  Val Loss: 1.365 | Val Acc: 53.21  |  Test Loss: 0.747 | Tes Acc: 72.65
INFO >> Epoch: 13  |  Layer: 15  |  Train Loss: 0.521 | Train Acc: 83.33  |  Val Loss: 1.401 | Val Acc: 56.41  |  Test Loss: 0.804 | Tes Acc: 67.52
INFO >> Epoch: 13  |  Layer: 16  |  Train Loss: 0.694 | Train Acc: 74.73  |  Val Loss: 1.628 | Val Acc: 48.72  |  Test Loss: 0.878 | Tes Acc: 67.52
INFO >> Epoch: 13  |  Layer: 17  |  Train Loss: 0.805 | Train Acc: 69.78  |  Val Loss: 1.724 | Val Acc: 50.64  |  Test Loss: 0.914 | Tes Acc: 65.38
INFO >> Epoch: 13  |  Layer: 18  |  Train Loss: 0.857 | Train Acc: 66.67  |  Val Loss: 1.672 | Val Acc: 48.08  |  Test Loss: 0.944 | Tes Acc: 63.25
INFO >> Epoch: 13  |  Layer: 19  |  Train Loss: 0.909 | Train Acc: 64.84  |  Val Loss: 1.488 | Val Acc: 48.72  |  Test Loss: 0.926 | Tes Acc: 63.68
INFO >> Epoch: 13  |  Layer: 20  |  Train Loss: 0.774 | Train Acc: 72.16  |  Val Loss: 1.867 | Val Acc: 44.23  |  Test Loss: 0.929 | Tes Acc: 66.67
INFO >> Epoch: 13  |  Layer: 21  |  Train Loss: 0.649 | Train Acc: 77.66  |  Val Loss: 1.972 | Val Acc: 45.51  |  Test Loss: 0.905 | Tes Acc: 68.38
INFO >> Epoch: 13  |  Layer: 22  |  Train Loss: 1.301 | Train Acc: 50.55  |  Val Loss: 1.770 | Val Acc: 35.26  |  Test Loss: 1.300 | Tes Acc: 49.57
INFO >> Epoch: 13  |  Layer: 23  |  Train Loss: 0.586 | Train Acc: 79.30  |  Val Loss: 1.886 | Val Acc: 48.08  |  Test Loss: 0.964 | Tes Acc: 64.96
INFO >> Epoch: 13  |  Layer: 24  |  Train Loss: 0.780 | Train Acc: 74.18  |  Val Loss: 1.684 | Val Acc: 46.79  |  Test Loss: 1.065 | Tes Acc: 60.68

INFO >> Epoch: 14  |  Layer:  1  |  Train Loss: 1.360 | Train Acc: 56.23  |  Val Loss: 1.706 | Val Acc: 28.85  |  Test Loss: 1.519 | Tes Acc: 38.89
INFO >> Epoch: 14  |  Layer:  2  |  Train Loss: 0.761 | Train Acc: 78.57  |  Val Loss: 1.665 | Val Acc: 32.69  |  Test Loss: 1.201 | Tes Acc: 55.98
INFO >> Epoch: 14  |  Layer:  3  |  Train Loss: 0.540 | Train Acc: 85.53  |  Val Loss: 1.582 | Val Acc: 41.03  |  Test Loss: 1.165 | Tes Acc: 57.26
INFO >> Epoch: 14  |  Layer:  4  |  Train Loss: 0.539 | Train Acc: 84.98  |  Val Loss: 1.489 | Val Acc: 48.72  |  Test Loss: 1.135 | Tes Acc: 58.12
INFO >> Epoch: 14  |  Layer:  5  |  Train Loss: 0.483 | Train Acc: 87.36  |  Val Loss: 1.539 | Val Acc: 48.72  |  Test Loss: 1.047 | Tes Acc: 62.39
INFO >> Epoch: 14  |  Layer:  6  |  Train Loss: 0.515 | Train Acc: 86.45  |  Val Loss: 1.471 | Val Acc: 50.64  |  Test Loss: 0.943 | Tes Acc: 68.80
INFO >> Epoch: 14  |  Layer:  7  |  Train Loss: 0.506 | Train Acc: 88.64  |  Val Loss: 1.157 | Val Acc: 57.05  |  Test Loss: 0.953 | Tes Acc: 67.09
INFO >> Epoch: 14  |  Layer:  8  |  Train Loss: 0.465 | Train Acc: 88.64  |  Val Loss: 1.164 | Val Acc: 56.41  |  Test Loss: 0.909 | Tes Acc: 65.81
INFO >> Epoch: 14  |  Layer:  9  |  Train Loss: 0.467 | Train Acc: 86.81  |  Val Loss: 1.131 | Val Acc: 58.97  |  Test Loss: 1.038 | Tes Acc: 64.53
INFO >> Epoch: 14  |  Layer: 10  |  Train Loss: 0.372 | Train Acc: 91.03  |  Val Loss: 1.316 | Val Acc: 56.41  |  Test Loss: 1.048 | Tes Acc: 63.25
INFO >> Epoch: 14  |  Layer: 11  |  Train Loss: 0.383 | Train Acc: 91.39  |  Val Loss: 1.168 | Val Acc: 54.49  |  Test Loss: 0.908 | Tes Acc: 66.24
INFO >> Epoch: 14  |  Layer: 12  |  Train Loss: 0.387 | Train Acc: 89.74  |  Val Loss: 1.096 | Val Acc: 58.33  |  Test Loss: 0.905 | Tes Acc: 67.52
INFO >> Epoch: 14  |  Layer: 13  |  Train Loss: 0.435 | Train Acc: 87.00  |  Val Loss: 1.215 | Val Acc: 55.13  |  Test Loss: 0.841 | Tes Acc: 64.96
INFO >> Epoch: 14  |  Layer: 14  |  Train Loss: 0.506 | Train Acc: 84.43  |  Val Loss: 1.240 | Val Acc: 55.13  |  Test Loss: 0.856 | Tes Acc: 64.53
INFO >> Epoch: 14  |  Layer: 15  |  Train Loss: 0.559 | Train Acc: 84.62  |  Val Loss: 1.246 | Val Acc: 55.13  |  Test Loss: 0.922 | Tes Acc: 61.97
INFO >> Epoch: 14  |  Layer: 16  |  Train Loss: 0.655 | Train Acc: 80.77  |  Val Loss: 1.153 | Val Acc: 53.21  |  Test Loss: 1.007 | Tes Acc: 55.56
INFO >> Epoch: 14  |  Layer: 17  |  Train Loss: 0.686 | Train Acc: 79.49  |  Val Loss: 1.185 | Val Acc: 53.85  |  Test Loss: 1.025 | Tes Acc: 55.98
INFO >> Epoch: 14  |  Layer: 18  |  Train Loss: 0.686 | Train Acc: 79.49  |  Val Loss: 1.162 | Val Acc: 55.13  |  Test Loss: 1.047 | Tes Acc: 58.55
INFO >> Epoch: 14  |  Layer: 19  |  Train Loss: 0.768 | Train Acc: 76.92  |  Val Loss: 1.127 | Val Acc: 51.92  |  Test Loss: 0.983 | Tes Acc: 60.26
INFO >> Epoch: 14  |  Layer: 20  |  Train Loss: 0.762 | Train Acc: 76.01  |  Val Loss: 1.329 | Val Acc: 51.92  |  Test Loss: 1.043 | Tes Acc: 61.54
INFO >> Epoch: 14  |  Layer: 21  |  Train Loss: 0.660 | Train Acc: 80.22  |  Val Loss: 1.436 | Val Acc: 50.64  |  Test Loss: 0.988 | Tes Acc: 56.84
INFO >> Epoch: 14  |  Layer: 22  |  Train Loss: 1.301 | Train Acc: 54.95  |  Val Loss: 1.557 | Val Acc: 32.69  |  Test Loss: 1.590 | Tes Acc: 35.47
INFO >> Epoch: 14  |  Layer: 23  |  Train Loss: 0.658 | Train Acc: 78.02  |  Val Loss: 1.480 | Val Acc: 56.41  |  Test Loss: 0.965 | Tes Acc: 62.39
INFO >> Epoch: 14  |  Layer: 24  |  Train Loss: 0.677 | Train Acc: 74.18  |  Val Loss: 1.391 | Val Acc: 48.72  |  Test Loss: 1.032 | Tes Acc: 60.26

INFO >> Epoch: 15  |  Layer:  1  |  Train Loss: 1.286 | Train Acc: 47.44  |  Val Loss: 1.630 | Val Acc: 32.69  |  Test Loss: 1.456 | Tes Acc: 45.30
INFO >> Epoch: 15  |  Layer:  2  |  Train Loss: 0.671 | Train Acc: 78.39  |  Val Loss: 1.414 | Val Acc: 45.51  |  Test Loss: 1.070 | Tes Acc: 57.26
INFO >> Epoch: 15  |  Layer:  3  |  Train Loss: 0.462 | Train Acc: 85.35  |  Val Loss: 1.431 | Val Acc: 44.87  |  Test Loss: 1.002 | Tes Acc: 59.83
INFO >> Epoch: 15  |  Layer:  4  |  Train Loss: 0.439 | Train Acc: 87.36  |  Val Loss: 1.311 | Val Acc: 48.72  |  Test Loss: 1.005 | Tes Acc: 58.55
INFO >> Epoch: 15  |  Layer:  5  |  Train Loss: 0.444 | Train Acc: 86.63  |  Val Loss: 1.328 | Val Acc: 54.49  |  Test Loss: 0.920 | Tes Acc: 63.68
INFO >> Epoch: 15  |  Layer:  6  |  Train Loss: 0.474 | Train Acc: 84.43  |  Val Loss: 1.196 | Val Acc: 58.33  |  Test Loss: 0.919 | Tes Acc: 66.67
INFO >> Epoch: 15  |  Layer:  7  |  Train Loss: 0.467 | Train Acc: 83.33  |  Val Loss: 0.959 | Val Acc: 66.67  |  Test Loss: 0.908 | Tes Acc: 65.38
INFO >> Epoch: 15  |  Layer:  8  |  Train Loss: 0.447 | Train Acc: 83.88  |  Val Loss: 0.960 | Val Acc: 64.74  |  Test Loss: 0.871 | Tes Acc: 64.53
INFO >> Epoch: 15  |  Layer:  9  |  Train Loss: 0.422 | Train Acc: 85.16  |  Val Loss: 1.000 | Val Acc: 60.90  |  Test Loss: 0.979 | Tes Acc: 61.11
INFO >> Epoch: 15  |  Layer: 10  |  Train Loss: 0.376 | Train Acc: 87.18  |  Val Loss: 1.056 | Val Acc: 60.90  |  Test Loss: 0.910 | Tes Acc: 62.39
INFO >> Epoch: 15  |  Layer: 11  |  Train Loss: 0.354 | Train Acc: 89.19  |  Val Loss: 0.911 | Val Acc: 60.90  |  Test Loss: 0.692 | Tes Acc: 70.94
INFO >> Epoch: 15  |  Layer: 12  |  Train Loss: 0.346 | Train Acc: 89.01  |  Val Loss: 0.873 | Val Acc: 61.54  |  Test Loss: 0.792 | Tes Acc: 66.24
INFO >> Epoch: 15  |  Layer: 13  |  Train Loss: 0.334 | Train Acc: 90.84  |  Val Loss: 1.025 | Val Acc: 58.33  |  Test Loss: 0.789 | Tes Acc: 68.38
INFO >> Epoch: 15  |  Layer: 14  |  Train Loss: 0.416 | Train Acc: 88.28  |  Val Loss: 1.035 | Val Acc: 60.26  |  Test Loss: 0.666 | Tes Acc: 72.65
INFO >> Epoch: 15  |  Layer: 15  |  Train Loss: 0.487 | Train Acc: 84.80  |  Val Loss: 0.964 | Val Acc: 59.62  |  Test Loss: 0.869 | Tes Acc: 62.39
INFO >> Epoch: 15  |  Layer: 16  |  Train Loss: 0.567 | Train Acc: 83.70  |  Val Loss: 1.021 | Val Acc: 58.97  |  Test Loss: 0.871 | Tes Acc: 65.38
INFO >> Epoch: 15  |  Layer: 17  |  Train Loss: 0.603 | Train Acc: 79.49  |  Val Loss: 1.041 | Val Acc: 57.69  |  Test Loss: 0.815 | Tes Acc: 68.38
INFO >> Epoch: 15  |  Layer: 18  |  Train Loss: 0.557 | Train Acc: 80.22  |  Val Loss: 1.136 | Val Acc: 55.13  |  Test Loss: 0.832 | Tes Acc: 68.80
INFO >> Epoch: 15  |  Layer: 19  |  Train Loss: 0.591 | Train Acc: 81.14  |  Val Loss: 1.085 | Val Acc: 55.77  |  Test Loss: 0.806 | Tes Acc: 68.80
INFO >> Epoch: 15  |  Layer: 20  |  Train Loss: 0.580 | Train Acc: 80.77  |  Val Loss: 1.226 | Val Acc: 51.28  |  Test Loss: 0.905 | Tes Acc: 63.25
INFO >> Epoch: 15  |  Layer: 21  |  Train Loss: 0.545 | Train Acc: 82.97  |  Val Loss: 1.261 | Val Acc: 50.00  |  Test Loss: 0.895 | Tes Acc: 61.97
INFO >> Epoch: 15  |  Layer: 22  |  Train Loss: 1.271 | Train Acc: 50.92  |  Val Loss: 1.526 | Val Acc: 40.38  |  Test Loss: 1.159 | Tes Acc: 56.41
INFO >> Epoch: 15  |  Layer: 23  |  Train Loss: 0.535 | Train Acc: 84.62  |  Val Loss: 1.540 | Val Acc: 52.56  |  Test Loss: 1.194 | Tes Acc: 53.42
INFO >> Epoch: 15  |  Layer: 24  |  Train Loss: 0.568 | Train Acc: 83.52  |  Val Loss: 1.495 | Val Acc: 49.36  |  Test Loss: 1.037 | Tes Acc: 59.83

INFO >> Epoch: 16  |  Layer:  1  |  Train Loss: 1.286 | Train Acc: 52.01  |  Val Loss: 1.642 | Val Acc: 32.69  |  Test Loss: 1.406 | Tes Acc: 44.87
INFO >> Epoch: 16  |  Layer:  2  |  Train Loss: 0.656 | Train Acc: 79.49  |  Val Loss: 1.649 | Val Acc: 41.67  |  Test Loss: 1.056 | Tes Acc: 60.68
INFO >> Epoch: 16  |  Layer:  3  |  Train Loss: 0.453 | Train Acc: 87.91  |  Val Loss: 1.477 | Val Acc: 51.28  |  Test Loss: 0.923 | Tes Acc: 62.82
INFO >> Epoch: 16  |  Layer:  4  |  Train Loss: 0.442 | Train Acc: 88.83  |  Val Loss: 1.369 | Val Acc: 52.56  |  Test Loss: 0.927 | Tes Acc: 64.10
INFO >> Epoch: 16  |  Layer:  5  |  Train Loss: 0.425 | Train Acc: 89.93  |  Val Loss: 1.427 | Val Acc: 53.21  |  Test Loss: 0.804 | Tes Acc: 68.38
INFO >> Epoch: 16  |  Layer:  6  |  Train Loss: 0.435 | Train Acc: 88.10  |  Val Loss: 1.419 | Val Acc: 52.56  |  Test Loss: 0.813 | Tes Acc: 69.66
INFO >> Epoch: 16  |  Layer:  7  |  Train Loss: 0.433 | Train Acc: 89.93  |  Val Loss: 1.039 | Val Acc: 57.69  |  Test Loss: 0.730 | Tes Acc: 73.08
INFO >> Epoch: 16  |  Layer:  8  |  Train Loss: 0.432 | Train Acc: 89.19  |  Val Loss: 1.009 | Val Acc: 60.26  |  Test Loss: 0.721 | Tes Acc: 72.65
INFO >> Epoch: 16  |  Layer:  9  |  Train Loss: 0.412 | Train Acc: 89.38  |  Val Loss: 0.941 | Val Acc: 65.38  |  Test Loss: 0.822 | Tes Acc: 67.95
INFO >> Epoch: 16  |  Layer: 10  |  Train Loss: 0.314 | Train Acc: 92.67  |  Val Loss: 0.999 | Val Acc: 60.26  |  Test Loss: 0.836 | Tes Acc: 67.95
INFO >> Epoch: 16  |  Layer: 11  |  Train Loss: 0.312 | Train Acc: 91.94  |  Val Loss: 0.898 | Val Acc: 64.10  |  Test Loss: 0.652 | Tes Acc: 72.22
INFO >> Epoch: 16  |  Layer: 12  |  Train Loss: 0.310 | Train Acc: 93.04  |  Val Loss: 0.868 | Val Acc: 63.46  |  Test Loss: 0.644 | Tes Acc: 75.21
INFO >> Epoch: 16  |  Layer: 13  |  Train Loss: 0.342 | Train Acc: 91.76  |  Val Loss: 1.085 | Val Acc: 58.33  |  Test Loss: 0.643 | Tes Acc: 76.92
INFO >> Epoch: 16  |  Layer: 14  |  Train Loss: 0.417 | Train Acc: 89.56  |  Val Loss: 0.977 | Val Acc: 63.46  |  Test Loss: 0.698 | Tes Acc: 73.08
INFO >> Epoch: 16  |  Layer: 15  |  Train Loss: 0.478 | Train Acc: 88.64  |  Val Loss: 0.975 | Val Acc: 61.54  |  Test Loss: 0.768 | Tes Acc: 67.95
INFO >> Epoch: 16  |  Layer: 16  |  Train Loss: 0.574 | Train Acc: 85.53  |  Val Loss: 1.044 | Val Acc: 58.33  |  Test Loss: 0.881 | Tes Acc: 66.24
INFO >> Epoch: 16  |  Layer: 17  |  Train Loss: 0.628 | Train Acc: 84.07  |  Val Loss: 1.053 | Val Acc: 58.33  |  Test Loss: 0.879 | Tes Acc: 64.53
INFO >> Epoch: 16  |  Layer: 18  |  Train Loss: 0.599 | Train Acc: 83.15  |  Val Loss: 1.008 | Val Acc: 62.82  |  Test Loss: 0.969 | Tes Acc: 62.39
INFO >> Epoch: 16  |  Layer: 19  |  Train Loss: 0.663 | Train Acc: 82.97  |  Val Loss: 1.076 | Val Acc: 57.69  |  Test Loss: 1.082 | Tes Acc: 58.12
INFO >> Epoch: 16  |  Layer: 20  |  Train Loss: 0.629 | Train Acc: 84.07  |  Val Loss: 1.349 | Val Acc: 55.77  |  Test Loss: 1.104 | Tes Acc: 58.12
INFO >> Epoch: 16  |  Layer: 21  |  Train Loss: 0.601 | Train Acc: 85.16  |  Val Loss: 1.310 | Val Acc: 53.85  |  Test Loss: 1.056 | Tes Acc: 62.39
INFO >> Epoch: 16  |  Layer: 22  |  Train Loss: 1.250 | Train Acc: 59.89  |  Val Loss: 1.471 | Val Acc: 41.67  |  Test Loss: 1.260 | Tes Acc: 55.13
INFO >> Epoch: 16  |  Layer: 23  |  Train Loss: 0.890 | Train Acc: 77.84  |  Val Loss: 1.797 | Val Acc: 43.59  |  Test Loss: 1.608 | Tes Acc: 50.85
INFO >> Epoch: 16  |  Layer: 24  |  Train Loss: 0.711 | Train Acc: 77.11  |  Val Loss: 1.580 | Val Acc: 50.64  |  Test Loss: 1.047 | Tes Acc: 61.97

INFO >> Epoch: 17  |  Layer:  1  |  Train Loss: 1.258 | Train Acc: 54.21  |  Val Loss: 1.631 | Val Acc: 32.05  |  Test Loss: 1.500 | Tes Acc: 40.17
INFO >> Epoch: 17  |  Layer:  2  |  Train Loss: 0.702 | Train Acc: 81.50  |  Val Loss: 1.602 | Val Acc: 41.03  |  Test Loss: 1.065 | Tes Acc: 61.54
INFO >> Epoch: 17  |  Layer:  3  |  Train Loss: 0.475 | Train Acc: 88.46  |  Val Loss: 1.499 | Val Acc: 50.00  |  Test Loss: 0.924 | Tes Acc: 63.68
INFO >> Epoch: 17  |  Layer:  4  |  Train Loss: 0.468 | Train Acc: 87.91  |  Val Loss: 1.470 | Val Acc: 46.79  |  Test Loss: 0.932 | Tes Acc: 64.96
INFO >> Epoch: 17  |  Layer:  5  |  Train Loss: 0.453 | Train Acc: 86.08  |  Val Loss: 1.581 | Val Acc: 47.44  |  Test Loss: 0.797 | Tes Acc: 68.38
INFO >> Epoch: 17  |  Layer:  6  |  Train Loss: 0.411 | Train Acc: 90.66  |  Val Loss: 1.473 | Val Acc: 46.79  |  Test Loss: 0.793 | Tes Acc: 70.09
INFO >> Epoch: 17  |  Layer:  7  |  Train Loss: 0.442 | Train Acc: 88.28  |  Val Loss: 1.185 | Val Acc: 51.28  |  Test Loss: 0.767 | Tes Acc: 72.65
INFO >> Epoch: 17  |  Layer:  8  |  Train Loss: 0.447 | Train Acc: 87.00  |  Val Loss: 1.197 | Val Acc: 54.49  |  Test Loss: 0.738 | Tes Acc: 70.94
INFO >> Epoch: 17  |  Layer:  9  |  Train Loss: 0.425 | Train Acc: 87.73  |  Val Loss: 1.079 | Val Acc: 57.69  |  Test Loss: 0.834 | Tes Acc: 67.52
INFO >> Epoch: 17  |  Layer: 10  |  Train Loss: 0.344 | Train Acc: 91.21  |  Val Loss: 1.077 | Val Acc: 62.18  |  Test Loss: 0.845 | Tes Acc: 68.80
INFO >> Epoch: 17  |  Layer: 11  |  Train Loss: 0.333 | Train Acc: 90.84  |  Val Loss: 1.036 | Val Acc: 64.10  |  Test Loss: 0.857 | Tes Acc: 68.80
INFO >> Epoch: 17  |  Layer: 12  |  Train Loss: 0.344 | Train Acc: 91.21  |  Val Loss: 0.982 | Val Acc: 66.03  |  Test Loss: 0.795 | Tes Acc: 69.23
INFO >> Epoch: 17  |  Layer: 13  |  Train Loss: 0.391 | Train Acc: 89.01  |  Val Loss: 1.089 | Val Acc: 57.05  |  Test Loss: 0.667 | Tes Acc: 76.50
INFO >> Epoch: 17  |  Layer: 14  |  Train Loss: 0.451 | Train Acc: 85.71  |  Val Loss: 1.210 | Val Acc: 56.41  |  Test Loss: 0.651 | Tes Acc: 76.92
INFO >> Epoch: 17  |  Layer: 15  |  Train Loss: 0.498 | Train Acc: 82.23  |  Val Loss: 1.150 | Val Acc: 58.33  |  Test Loss: 0.696 | Tes Acc: 72.22
INFO >> Epoch: 17  |  Layer: 16  |  Train Loss: 0.591 | Train Acc: 79.85  |  Val Loss: 1.146 | Val Acc: 55.77  |  Test Loss: 0.734 | Tes Acc: 69.66
INFO >> Epoch: 17  |  Layer: 17  |  Train Loss: 0.650 | Train Acc: 77.29  |  Val Loss: 1.155 | Val Acc: 55.77  |  Test Loss: 0.809 | Tes Acc: 66.24
INFO >> Epoch: 17  |  Layer: 18  |  Train Loss: 0.694 | Train Acc: 75.64  |  Val Loss: 1.415 | Val Acc: 50.64  |  Test Loss: 0.872 | Tes Acc: 65.81
INFO >> Epoch: 17  |  Layer: 19  |  Train Loss: 0.811 | Train Acc: 69.23  |  Val Loss: 1.318 | Val Acc: 48.72  |  Test Loss: 0.866 | Tes Acc: 62.39
INFO >> Epoch: 17  |  Layer: 20  |  Train Loss: 0.715 | Train Acc: 75.46  |  Val Loss: 1.563 | Val Acc: 42.95  |  Test Loss: 0.766 | Tes Acc: 71.79
INFO >> Epoch: 17  |  Layer: 21  |  Train Loss: 0.734 | Train Acc: 74.18  |  Val Loss: 1.781 | Val Acc: 46.15  |  Test Loss: 0.868 | Tes Acc: 65.38
INFO >> Epoch: 17  |  Layer: 22  |  Train Loss: 1.391 | Train Acc: 46.52  |  Val Loss: 1.521 | Val Acc: 38.46  |  Test Loss: 1.213 | Tes Acc: 53.85
INFO >> Epoch: 17  |  Layer: 23  |  Train Loss: 1.254 | Train Acc: 64.29  |  Val Loss: 2.074 | Val Acc: 44.23  |  Test Loss: 1.223 | Tes Acc: 59.83
INFO >> Epoch: 17  |  Layer: 24  |  Train Loss: 1.031 | Train Acc: 66.12  |  Val Loss: 1.608 | Val Acc: 50.64  |  Test Loss: 1.327 | Tes Acc: 54.27

INFO >> Epoch: 18  |  Layer:  1  |  Train Loss: 1.185 | Train Acc: 59.34  |  Val Loss: 1.621 | Val Acc: 33.33  |  Test Loss: 1.413 | Tes Acc: 44.87
INFO >> Epoch: 18  |  Layer:  2  |  Train Loss: 0.586 | Train Acc: 80.04  |  Val Loss: 1.662 | Val Acc: 40.38  |  Test Loss: 1.064 | Tes Acc: 59.40
INFO >> Epoch: 18  |  Layer:  3  |  Train Loss: 0.381 | Train Acc: 89.19  |  Val Loss: 1.556 | Val Acc: 46.15  |  Test Loss: 0.881 | Tes Acc: 66.67
INFO >> Epoch: 18  |  Layer:  4  |  Train Loss: 0.379 | Train Acc: 89.01  |  Val Loss: 1.486 | Val Acc: 50.64  |  Test Loss: 0.941 | Tes Acc: 64.10
INFO >> Epoch: 18  |  Layer:  5  |  Train Loss: 0.374 | Train Acc: 89.38  |  Val Loss: 1.695 | Val Acc: 46.79  |  Test Loss: 0.829 | Tes Acc: 67.52
INFO >> Epoch: 18  |  Layer:  6  |  Train Loss: 0.333 | Train Acc: 91.39  |  Val Loss: 1.475 | Val Acc: 53.21  |  Test Loss: 0.844 | Tes Acc: 67.95
INFO >> Epoch: 18  |  Layer:  7  |  Train Loss: 0.347 | Train Acc: 91.03  |  Val Loss: 1.216 | Val Acc: 57.05  |  Test Loss: 0.856 | Tes Acc: 69.23
INFO >> Epoch: 18  |  Layer:  8  |  Train Loss: 0.353 | Train Acc: 89.93  |  Val Loss: 1.244 | Val Acc: 57.05  |  Test Loss: 0.850 | Tes Acc: 68.38
INFO >> Epoch: 18  |  Layer:  9  |  Train Loss: 0.336 | Train Acc: 90.66  |  Val Loss: 1.077 | Val Acc: 61.54  |  Test Loss: 0.829 | Tes Acc: 67.09
INFO >> Epoch: 18  |  Layer: 10  |  Train Loss: 0.278 | Train Acc: 91.76  |  Val Loss: 1.175 | Val Acc: 55.13  |  Test Loss: 0.822 | Tes Acc: 64.96
INFO >> Epoch: 18  |  Layer: 11  |  Train Loss: 0.276 | Train Acc: 92.31  |  Val Loss: 1.141 | Val Acc: 55.13  |  Test Loss: 0.735 | Tes Acc: 70.09
INFO >> Epoch: 18  |  Layer: 12  |  Train Loss: 0.283 | Train Acc: 91.58  |  Val Loss: 1.136 | Val Acc: 52.56  |  Test Loss: 0.843 | Tes Acc: 63.68
INFO >> Epoch: 18  |  Layer: 13  |  Train Loss: 0.305 | Train Acc: 89.38  |  Val Loss: 1.380 | Val Acc: 54.49  |  Test Loss: 0.723 | Tes Acc: 72.65
INFO >> Epoch: 18  |  Layer: 14  |  Train Loss: 0.341 | Train Acc: 88.83  |  Val Loss: 1.315 | Val Acc: 53.85  |  Test Loss: 0.691 | Tes Acc: 76.07
INFO >> Epoch: 18  |  Layer: 15  |  Train Loss: 0.373 | Train Acc: 88.10  |  Val Loss: 1.361 | Val Acc: 48.08  |  Test Loss: 0.818 | Tes Acc: 67.95
INFO >> Epoch: 18  |  Layer: 16  |  Train Loss: 0.464 | Train Acc: 85.53  |  Val Loss: 1.348 | Val Acc: 48.72  |  Test Loss: 0.783 | Tes Acc: 68.38
INFO >> Epoch: 18  |  Layer: 17  |  Train Loss: 0.488 | Train Acc: 85.90  |  Val Loss: 1.345 | Val Acc: 47.44  |  Test Loss: 0.823 | Tes Acc: 67.95
INFO >> Epoch: 18  |  Layer: 18  |  Train Loss: 0.472 | Train Acc: 85.35  |  Val Loss: 1.181 | Val Acc: 51.92  |  Test Loss: 0.781 | Tes Acc: 68.38
INFO >> Epoch: 18  |  Layer: 19  |  Train Loss: 0.551 | Train Acc: 83.33  |  Val Loss: 1.216 | Val Acc: 54.49  |  Test Loss: 0.794 | Tes Acc: 68.38
INFO >> Epoch: 18  |  Layer: 20  |  Train Loss: 0.511 | Train Acc: 83.88  |  Val Loss: 1.455 | Val Acc: 47.44  |  Test Loss: 0.851 | Tes Acc: 69.23
INFO >> Epoch: 18  |  Layer: 21  |  Train Loss: 0.541 | Train Acc: 81.50  |  Val Loss: 1.555 | Val Acc: 48.08  |  Test Loss: 0.828 | Tes Acc: 67.52
INFO >> Epoch: 18  |  Layer: 22  |  Train Loss: 1.185 | Train Acc: 54.95  |  Val Loss: 1.630 | Val Acc: 39.10  |  Test Loss: 1.102 | Tes Acc: 60.26
INFO >> Epoch: 18  |  Layer: 23  |  Train Loss: 0.678 | Train Acc: 77.47  |  Val Loss: 1.574 | Val Acc: 52.56  |  Test Loss: 0.967 | Tes Acc: 63.25
INFO >> Epoch: 18  |  Layer: 24  |  Train Loss: 0.700 | Train Acc: 73.44  |  Val Loss: 1.690 | Val Acc: 49.36  |  Test Loss: 1.025 | Tes Acc: 61.97

INFO >> Epoch: 19  |  Layer:  1  |  Train Loss: 1.144 | Train Acc: 60.07  |  Val Loss: 1.681 | Val Acc: 30.13  |  Test Loss: 1.438 | Tes Acc: 44.44
INFO >> Epoch: 19  |  Layer:  2  |  Train Loss: 0.550 | Train Acc: 83.15  |  Val Loss: 1.391 | Val Acc: 51.92  |  Test Loss: 1.122 | Tes Acc: 53.42
INFO >> Epoch: 19  |  Layer:  3  |  Train Loss: 0.335 | Train Acc: 90.11  |  Val Loss: 1.376 | Val Acc: 51.92  |  Test Loss: 0.997 | Tes Acc: 60.26
INFO >> Epoch: 19  |  Layer:  4  |  Train Loss: 0.373 | Train Acc: 89.19  |  Val Loss: 1.314 | Val Acc: 55.13  |  Test Loss: 1.050 | Tes Acc: 59.40
INFO >> Epoch: 19  |  Layer:  5  |  Train Loss: 0.394 | Train Acc: 89.56  |  Val Loss: 1.207 | Val Acc: 57.69  |  Test Loss: 0.911 | Tes Acc: 66.24
INFO >> Epoch: 19  |  Layer:  6  |  Train Loss: 0.342 | Train Acc: 92.12  |  Val Loss: 1.255 | Val Acc: 55.77  |  Test Loss: 0.900 | Tes Acc: 64.96
INFO >> Epoch: 19  |  Layer:  7  |  Train Loss: 0.349 | Train Acc: 89.93  |  Val Loss: 1.097 | Val Acc: 59.62  |  Test Loss: 0.834 | Tes Acc: 67.95
INFO >> Epoch: 19  |  Layer:  8  |  Train Loss: 0.359 | Train Acc: 88.83  |  Val Loss: 0.962 | Val Acc: 62.82  |  Test Loss: 0.771 | Tes Acc: 69.66
INFO >> Epoch: 19  |  Layer:  9  |  Train Loss: 0.352 | Train Acc: 90.11  |  Val Loss: 0.994 | Val Acc: 65.38  |  Test Loss: 0.943 | Tes Acc: 65.38
INFO >> Epoch: 19  |  Layer: 10  |  Train Loss: 0.298 | Train Acc: 90.84  |  Val Loss: 1.165 | Val Acc: 57.69  |  Test Loss: 0.797 | Tes Acc: 69.66
INFO >> Epoch: 19  |  Layer: 11  |  Train Loss: 0.268 | Train Acc: 91.94  |  Val Loss: 1.052 | Val Acc: 61.54  |  Test Loss: 0.774 | Tes Acc: 72.65
INFO >> Epoch: 19  |  Layer: 12  |  Train Loss: 0.278 | Train Acc: 92.31  |  Val Loss: 1.082 | Val Acc: 60.90  |  Test Loss: 0.751 | Tes Acc: 70.94
INFO >> Epoch: 19  |  Layer: 13  |  Train Loss: 0.296 | Train Acc: 91.76  |  Val Loss: 1.245 | Val Acc: 53.85  |  Test Loss: 0.729 | Tes Acc: 70.94
INFO >> Epoch: 19  |  Layer: 14  |  Train Loss: 0.351 | Train Acc: 89.19  |  Val Loss: 1.107 | Val Acc: 58.97  |  Test Loss: 0.695 | Tes Acc: 72.65
INFO >> Epoch: 19  |  Layer: 15  |  Train Loss: 0.362 | Train Acc: 90.48  |  Val Loss: 1.005 | Val Acc: 60.26  |  Test Loss: 0.720 | Tes Acc: 71.37
INFO >> Epoch: 19  |  Layer: 16  |  Train Loss: 0.450 | Train Acc: 87.91  |  Val Loss: 1.087 | Val Acc: 56.41  |  Test Loss: 0.854 | Tes Acc: 64.53
INFO >> Epoch: 19  |  Layer: 17  |  Train Loss: 0.494 | Train Acc: 88.10  |  Val Loss: 1.116 | Val Acc: 56.41  |  Test Loss: 0.789 | Tes Acc: 68.80
INFO >> Epoch: 19  |  Layer: 18  |  Train Loss: 0.458 | Train Acc: 88.46  |  Val Loss: 1.158 | Val Acc: 57.05  |  Test Loss: 0.935 | Tes Acc: 63.68
INFO >> Epoch: 19  |  Layer: 19  |  Train Loss: 0.529 | Train Acc: 86.81  |  Val Loss: 1.130 | Val Acc: 55.77  |  Test Loss: 0.891 | Tes Acc: 65.81
INFO >> Epoch: 19  |  Layer: 20  |  Train Loss: 0.492 | Train Acc: 87.00  |  Val Loss: 1.295 | Val Acc: 56.41  |  Test Loss: 0.951 | Tes Acc: 63.68
INFO >> Epoch: 19  |  Layer: 21  |  Train Loss: 0.456 | Train Acc: 86.63  |  Val Loss: 1.421 | Val Acc: 50.00  |  Test Loss: 0.915 | Tes Acc: 64.96
INFO >> Epoch: 19  |  Layer: 22  |  Train Loss: 1.116 | Train Acc: 62.09  |  Val Loss: 1.524 | Val Acc: 42.31  |  Test Loss: 1.311 | Tes Acc: 47.01
INFO >> Epoch: 19  |  Layer: 23  |  Train Loss: 0.423 | Train Acc: 88.10  |  Val Loss: 1.603 | Val Acc: 53.21  |  Test Loss: 1.254 | Tes Acc: 55.56
INFO >> Epoch: 19  |  Layer: 24  |  Train Loss: 0.660 | Train Acc: 80.22  |  Val Loss: 1.926 | Val Acc: 42.31  |  Test Loss: 1.804 | Tes Acc: 42.31

INFO >> Epoch: 20  |  Layer:  1  |  Train Loss: 1.099 | Train Acc: 59.16  |  Val Loss: 1.754 | Val Acc: 24.36  |  Test Loss: 1.444 | Tes Acc: 44.87
INFO >> Epoch: 20  |  Layer:  2  |  Train Loss: 0.518 | Train Acc: 81.32  |  Val Loss: 1.659 | Val Acc: 40.38  |  Test Loss: 1.162 | Tes Acc: 54.70
INFO >> Epoch: 20  |  Layer:  3  |  Train Loss: 0.340 | Train Acc: 89.01  |  Val Loss: 1.562 | Val Acc: 48.72  |  Test Loss: 0.950 | Tes Acc: 63.68
INFO >> Epoch: 20  |  Layer:  4  |  Train Loss: 0.434 | Train Acc: 85.35  |  Val Loss: 1.431 | Val Acc: 52.56  |  Test Loss: 1.099 | Tes Acc: 58.55
INFO >> Epoch: 20  |  Layer:  5  |  Train Loss: 0.491 | Train Acc: 81.87  |  Val Loss: 1.448 | Val Acc: 50.64  |  Test Loss: 0.912 | Tes Acc: 65.81
INFO >> Epoch: 20  |  Layer:  6  |  Train Loss: 0.378 | Train Acc: 87.36  |  Val Loss: 1.348 | Val Acc: 57.69  |  Test Loss: 0.855 | Tes Acc: 67.09
INFO >> Epoch: 20  |  Layer:  7  |  Train Loss: 0.327 | Train Acc: 89.74  |  Val Loss: 1.092 | Val Acc: 60.90  |  Test Loss: 0.839 | Tes Acc: 68.80
INFO >> Epoch: 20  |  Layer:  8  |  Train Loss: 0.306 | Train Acc: 90.66  |  Val Loss: 1.094 | Val Acc: 58.97  |  Test Loss: 0.755 | Tes Acc: 70.09
INFO >> Epoch: 20  |  Layer:  9  |  Train Loss: 0.325 | Train Acc: 89.38  |  Val Loss: 1.062 | Val Acc: 57.69  |  Test Loss: 0.940 | Tes Acc: 64.96
INFO >> Epoch: 20  |  Layer: 10  |  Train Loss: 0.254 | Train Acc: 93.41  |  Val Loss: 1.339 | Val Acc: 53.85  |  Test Loss: 0.893 | Tes Acc: 65.81
INFO >> Epoch: 20  |  Layer: 11  |  Train Loss: 0.227 | Train Acc: 94.14  |  Val Loss: 1.089 | Val Acc: 58.97  |  Test Loss: 0.668 | Tes Acc: 75.21
INFO >> Epoch: 20  |  Layer: 12  |  Train Loss: 0.249 | Train Acc: 92.49  |  Val Loss: 1.119 | Val Acc: 60.26  |  Test Loss: 0.669 | Tes Acc: 74.36
INFO >> Epoch: 20  |  Layer: 13  |  Train Loss: 0.253 | Train Acc: 94.69  |  Val Loss: 1.227 | Val Acc: 55.77  |  Test Loss: 0.679 | Tes Acc: 73.50
INFO >> Epoch: 20  |  Layer: 14  |  Train Loss: 0.299 | Train Acc: 92.31  |  Val Loss: 1.160 | Val Acc: 57.69  |  Test Loss: 0.620 | Tes Acc: 76.92
INFO >> Epoch: 20  |  Layer: 15  |  Train Loss: 0.354 | Train Acc: 92.67  |  Val Loss: 1.274 | Val Acc: 58.97  |  Test Loss: 0.681 | Tes Acc: 70.94
INFO >> Epoch: 20  |  Layer: 16  |  Train Loss: 0.442 | Train Acc: 89.19  |  Val Loss: 1.091 | Val Acc: 61.54  |  Test Loss: 0.695 | Tes Acc: 73.93
INFO >> Epoch: 20  |  Layer: 17  |  Train Loss: 0.486 | Train Acc: 88.46  |  Val Loss: 1.141 | Val Acc: 55.13  |  Test Loss: 0.735 | Tes Acc: 68.80
INFO >> Epoch: 20  |  Layer: 18  |  Train Loss: 0.483 | Train Acc: 88.10  |  Val Loss: 1.334 | Val Acc: 50.64  |  Test Loss: 0.767 | Tes Acc: 65.38
INFO >> Epoch: 20  |  Layer: 19  |  Train Loss: 0.519 | Train Acc: 88.10  |  Val Loss: 1.180 | Val Acc: 55.77  |  Test Loss: 0.781 | Tes Acc: 67.09
INFO >> Epoch: 20  |  Layer: 20  |  Train Loss: 0.464 | Train Acc: 88.46  |  Val Loss: 1.429 | Val Acc: 50.00  |  Test Loss: 0.766 | Tes Acc: 67.09
INFO >> Epoch: 20  |  Layer: 21  |  Train Loss: 0.464 | Train Acc: 87.55  |  Val Loss: 1.584 | Val Acc: 51.28  |  Test Loss: 0.746 | Tes Acc: 67.52
INFO >> Epoch: 20  |  Layer: 22  |  Train Loss: 1.064 | Train Acc: 58.42  |  Val Loss: 1.387 | Val Acc: 48.08  |  Test Loss: 1.118 | Tes Acc: 60.26
INFO >> Epoch: 20  |  Layer: 23  |  Train Loss: 0.470 | Train Acc: 84.43  |  Val Loss: 1.594 | Val Acc: 52.56  |  Test Loss: 0.924 | Tes Acc: 64.53
INFO >> Epoch: 20  |  Layer: 24  |  Train Loss: 0.906 | Train Acc: 67.40  |  Val Loss: 1.594 | Val Acc: 48.08  |  Test Loss: 1.120 | Tes Acc: 57.69



INFO >> Time Taken: 11:04

INFO >> Layer: 1  |  Best Val Acc: 37.18  |  Best Test Acc: 44.02
INFO >> Layer: 2  |  Best Val Acc: 51.92  |  Best Test Acc: 53.42
INFO >> Layer: 3  |  Best Val Acc: 51.92  |  Best Test Acc: 60.26
INFO >> Layer: 4  |  Best Val Acc: 55.13  |  Best Test Acc: 59.40
INFO >> Layer: 5  |  Best Val Acc: 57.69  |  Best Test Acc: 66.24
INFO >> Layer: 6  |  Best Val Acc: 58.33  |  Best Test Acc: 66.67
INFO >> Layer: 7  |  Best Val Acc: 66.67  |  Best Test Acc: 65.38
INFO >> Layer: 8  |  Best Val Acc: 64.74  |  Best Test Acc: 64.53
INFO >> Layer: 9  |  Best Val Acc: 65.38  |  Best Test Acc: 67.95
INFO >> Layer: 10  |  Best Val Acc: 62.18  |  Best Test Acc: 63.68
INFO >> Layer: 11  |  Best Val Acc: 64.10  |  Best Test Acc: 58.97
INFO >> Layer: 12  |  Best Val Acc: 66.03  |  Best Test Acc: 69.23
INFO >> Layer: 13  |  Best Val Acc: 58.97  |  Best Test Acc: 60.26
INFO >> Layer: 14  |  Best Val Acc: 63.46  |  Best Test Acc: 73.08
INFO >> Layer: 15  |  Best Val Acc: 61.54  |  Best Test Acc: 67.95
INFO >> Layer: 16  |  Best Val Acc: 61.54  |  Best Test Acc: 73.93
INFO >> Layer: 17  |  Best Val Acc: 58.33  |  Best Test Acc: 64.53
INFO >> Layer: 18  |  Best Val Acc: 62.82  |  Best Test Acc: 62.39
INFO >> Layer: 19  |  Best Val Acc: 58.33  |  Best Test Acc: 49.57
INFO >> Layer: 20  |  Best Val Acc: 58.97  |  Best Test Acc: 49.57
INFO >> Layer: 21  |  Best Val Acc: 53.85  |  Best Test Acc: 62.39
INFO >> Layer: 22  |  Best Val Acc: 48.08  |  Best Test Acc: 60.26
INFO >> Layer: 23  |  Best Val Acc: 56.41  |  Best Test Acc: 62.39
INFO >> Layer: 24  |  Best Val Acc: 50.64  |  Best Test Acc: 61.97

DEBUG >> Last state saved

INFO >> History saved (./history/v1.3/CaFE/HUBERT_LARGE_PROBING/Run1/history.pt)
