
--------------------------------------------------
Multilingual SER System v1.4
--------------------------------------------------
Run Name      : Run3
Fx Model      : WAV2VEC2_BASE
Clf Model     : PROBING_DENSE
Extract Mode  : gpu_memory
Dataset       : EmoDB
Device        : gpu
Epochs        : 30
Num Workers   : 3
Data Dir      : ./data
History Dir   : ./history
Weights Dir   : ./weights
Log Level     : debug
Purge Cache   : False
Job Name      : Job81
Job Id        : 30912860
GPU           : Quadro RTX 8000
GPU Count     : 1
GPU Memory    : 44.49 GB

Timestamp : 2023-03-11 04:16:33.384985

INFO >> Running on CUDA


INFO >> Training Classifier

INFO >> Epoch: 1  |  Layer:  1  |  Train Loss: 1.901 | Train Acc: 21.22  |  Val Loss: 1.842 | Val Acc: 29.91  |  Test Loss: 1.766 | Tes Acc: 39.29
INFO >> Epoch: 1  |  Layer:  2  |  Train Loss: 1.914 | Train Acc: 16.86  |  Val Loss: 1.858 | Val Acc: 26.17  |  Test Loss: 1.774 | Tes Acc: 30.95
INFO >> Epoch: 1  |  Layer:  3  |  Train Loss: 1.914 | Train Acc: 16.57  |  Val Loss: 1.853 | Val Acc: 25.23  |  Test Loss: 1.767 | Tes Acc: 30.95
INFO >> Epoch: 1  |  Layer:  4  |  Train Loss: 1.903 | Train Acc: 15.99  |  Val Loss: 1.824 | Val Acc: 25.23  |  Test Loss: 1.735 | Tes Acc: 30.95
INFO >> Epoch: 1  |  Layer:  5  |  Train Loss: 1.896 | Train Acc: 18.90  |  Val Loss: 1.809 | Val Acc: 28.04  |  Test Loss: 1.725 | Tes Acc: 30.95
INFO >> Epoch: 1  |  Layer:  6  |  Train Loss: 1.887 | Train Acc: 20.93  |  Val Loss: 1.794 | Val Acc: 34.58  |  Test Loss: 1.697 | Tes Acc: 33.33
INFO >> Epoch: 1  |  Layer:  7  |  Train Loss: 1.890 | Train Acc: 20.35  |  Val Loss: 1.798 | Val Acc: 26.17  |  Test Loss: 1.704 | Tes Acc: 33.33
INFO >> Epoch: 1  |  Layer:  8  |  Train Loss: 1.893 | Train Acc: 18.02  |  Val Loss: 1.801 | Val Acc: 25.23  |  Test Loss: 1.703 | Tes Acc: 33.33
INFO >> Epoch: 1  |  Layer:  9  |  Train Loss: 1.891 | Train Acc: 18.02  |  Val Loss: 1.804 | Val Acc: 29.91  |  Test Loss: 1.692 | Tes Acc: 36.90
INFO >> Epoch: 1  |  Layer: 10  |  Train Loss: 1.896 | Train Acc: 18.60  |  Val Loss: 1.815 | Val Acc: 28.97  |  Test Loss: 1.700 | Tes Acc: 34.52
INFO >> Epoch: 1  |  Layer: 11  |  Train Loss: 1.900 | Train Acc: 18.90  |  Val Loss: 1.819 | Val Acc: 27.10  |  Test Loss: 1.714 | Tes Acc: 33.33
INFO >> Epoch: 1  |  Layer: 12  |  Train Loss: 1.936 | Train Acc: 18.60  |  Val Loss: 1.904 | Val Acc: 24.30  |  Test Loss: 1.860 | Tes Acc: 30.95
INFO >> Epoch: 1  |  Layer: 13  |  Train Loss: 1.919 | Train Acc: 20.64  |  Val Loss: 1.868 | Val Acc: 24.30  |  Test Loss: 1.784 | Tes Acc: 30.95

INFO >> Epoch: 2  |  Layer:  1  |  Train Loss: 1.740 | Train Acc: 32.56  |  Val Loss: 1.800 | Val Acc: 28.97  |  Test Loss: 1.798 | Tes Acc: 28.57
INFO >> Epoch: 2  |  Layer:  2  |  Train Loss: 1.764 | Train Acc: 29.65  |  Val Loss: 1.659 | Val Acc: 36.45  |  Test Loss: 1.604 | Tes Acc: 46.43
INFO >> Epoch: 2  |  Layer:  3  |  Train Loss: 1.753 | Train Acc: 30.52  |  Val Loss: 1.644 | Val Acc: 34.58  |  Test Loss: 1.570 | Tes Acc: 46.43
INFO >> Epoch: 2  |  Layer:  4  |  Train Loss: 1.681 | Train Acc: 36.05  |  Val Loss: 1.525 | Val Acc: 42.06  |  Test Loss: 1.454 | Tes Acc: 46.43
INFO >> Epoch: 2  |  Layer:  5  |  Train Loss: 1.639 | Train Acc: 37.50  |  Val Loss: 1.478 | Val Acc: 41.12  |  Test Loss: 1.414 | Tes Acc: 47.62
INFO >> Epoch: 2  |  Layer:  6  |  Train Loss: 1.588 | Train Acc: 39.24  |  Val Loss: 1.439 | Val Acc: 41.12  |  Test Loss: 1.366 | Tes Acc: 48.81
INFO >> Epoch: 2  |  Layer:  7  |  Train Loss: 1.608 | Train Acc: 36.34  |  Val Loss: 1.458 | Val Acc: 42.06  |  Test Loss: 1.391 | Tes Acc: 51.19
INFO >> Epoch: 2  |  Layer:  8  |  Train Loss: 1.639 | Train Acc: 35.76  |  Val Loss: 1.504 | Val Acc: 39.25  |  Test Loss: 1.412 | Tes Acc: 48.81
INFO >> Epoch: 2  |  Layer:  9  |  Train Loss: 1.620 | Train Acc: 37.50  |  Val Loss: 1.525 | Val Acc: 40.19  |  Test Loss: 1.429 | Tes Acc: 45.24
INFO >> Epoch: 2  |  Layer: 10  |  Train Loss: 1.643 | Train Acc: 37.50  |  Val Loss: 1.547 | Val Acc: 41.12  |  Test Loss: 1.443 | Tes Acc: 45.24
INFO >> Epoch: 2  |  Layer: 11  |  Train Loss: 1.653 | Train Acc: 36.05  |  Val Loss: 1.524 | Val Acc: 41.12  |  Test Loss: 1.430 | Tes Acc: 46.43
INFO >> Epoch: 2  |  Layer: 12  |  Train Loss: 1.868 | Train Acc: 21.80  |  Val Loss: 1.834 | Val Acc: 25.23  |  Test Loss: 1.770 | Tes Acc: 33.33
INFO >> Epoch: 2  |  Layer: 13  |  Train Loss: 1.804 | Train Acc: 26.16  |  Val Loss: 1.713 | Val Acc: 41.12  |  Test Loss: 1.682 | Tes Acc: 48.81

INFO >> Epoch: 3  |  Layer:  1  |  Train Loss: 1.673 | Train Acc: 37.21  |  Val Loss: 1.594 | Val Acc: 32.71  |  Test Loss: 1.561 | Tes Acc: 46.43
INFO >> Epoch: 3  |  Layer:  2  |  Train Loss: 1.515 | Train Acc: 44.48  |  Val Loss: 1.416 | Val Acc: 43.93  |  Test Loss: 1.337 | Tes Acc: 59.52
INFO >> Epoch: 3  |  Layer:  3  |  Train Loss: 1.484 | Train Acc: 43.60  |  Val Loss: 1.380 | Val Acc: 42.06  |  Test Loss: 1.291 | Tes Acc: 51.19
INFO >> Epoch: 3  |  Layer:  4  |  Train Loss: 1.349 | Train Acc: 47.09  |  Val Loss: 1.214 | Val Acc: 47.66  |  Test Loss: 1.126 | Tes Acc: 57.14
INFO >> Epoch: 3  |  Layer:  5  |  Train Loss: 1.293 | Train Acc: 49.42  |  Val Loss: 1.150 | Val Acc: 50.47  |  Test Loss: 1.100 | Tes Acc: 60.71
INFO >> Epoch: 3  |  Layer:  6  |  Train Loss: 1.250 | Train Acc: 49.42  |  Val Loss: 1.126 | Val Acc: 56.07  |  Test Loss: 1.081 | Tes Acc: 59.52
INFO >> Epoch: 3  |  Layer:  7  |  Train Loss: 1.239 | Train Acc: 52.03  |  Val Loss: 1.145 | Val Acc: 51.40  |  Test Loss: 1.092 | Tes Acc: 53.57
INFO >> Epoch: 3  |  Layer:  8  |  Train Loss: 1.289 | Train Acc: 50.29  |  Val Loss: 1.202 | Val Acc: 52.34  |  Test Loss: 1.107 | Tes Acc: 60.71
INFO >> Epoch: 3  |  Layer:  9  |  Train Loss: 1.311 | Train Acc: 49.42  |  Val Loss: 1.277 | Val Acc: 50.47  |  Test Loss: 1.195 | Tes Acc: 60.71
INFO >> Epoch: 3  |  Layer: 10  |  Train Loss: 1.350 | Train Acc: 46.51  |  Val Loss: 1.286 | Val Acc: 51.40  |  Test Loss: 1.206 | Tes Acc: 57.14
INFO >> Epoch: 3  |  Layer: 11  |  Train Loss: 1.348 | Train Acc: 46.51  |  Val Loss: 1.316 | Val Acc: 45.79  |  Test Loss: 1.207 | Tes Acc: 54.76
INFO >> Epoch: 3  |  Layer: 12  |  Train Loss: 1.754 | Train Acc: 30.81  |  Val Loss: 1.742 | Val Acc: 26.17  |  Test Loss: 1.655 | Tes Acc: 36.90
INFO >> Epoch: 3  |  Layer: 13  |  Train Loss: 1.586 | Train Acc: 39.24  |  Val Loss: 1.523 | Val Acc: 39.25  |  Test Loss: 1.442 | Tes Acc: 54.76

INFO >> Epoch: 4  |  Layer:  1  |  Train Loss: 1.466 | Train Acc: 43.31  |  Val Loss: 1.545 | Val Acc: 35.51  |  Test Loss: 1.532 | Tes Acc: 45.24
INFO >> Epoch: 4  |  Layer:  2  |  Train Loss: 1.248 | Train Acc: 50.87  |  Val Loss: 1.170 | Val Acc: 56.07  |  Test Loss: 1.201 | Tes Acc: 64.29
INFO >> Epoch: 4  |  Layer:  3  |  Train Loss: 1.208 | Train Acc: 49.42  |  Val Loss: 1.123 | Val Acc: 60.75  |  Test Loss: 1.167 | Tes Acc: 61.90
INFO >> Epoch: 4  |  Layer:  4  |  Train Loss: 1.076 | Train Acc: 55.81  |  Val Loss: 1.029 | Val Acc: 57.94  |  Test Loss: 1.056 | Tes Acc: 61.90
INFO >> Epoch: 4  |  Layer:  5  |  Train Loss: 1.021 | Train Acc: 61.63  |  Val Loss: 0.977 | Val Acc: 62.62  |  Test Loss: 0.991 | Tes Acc: 64.29
INFO >> Epoch: 4  |  Layer:  6  |  Train Loss: 1.001 | Train Acc: 59.88  |  Val Loss: 0.956 | Val Acc: 60.75  |  Test Loss: 0.932 | Tes Acc: 69.05
INFO >> Epoch: 4  |  Layer:  7  |  Train Loss: 0.976 | Train Acc: 62.50  |  Val Loss: 0.944 | Val Acc: 57.94  |  Test Loss: 0.955 | Tes Acc: 69.05
INFO >> Epoch: 4  |  Layer:  8  |  Train Loss: 1.041 | Train Acc: 59.59  |  Val Loss: 1.020 | Val Acc: 56.07  |  Test Loss: 1.002 | Tes Acc: 69.05
INFO >> Epoch: 4  |  Layer:  9  |  Train Loss: 1.110 | Train Acc: 57.27  |  Val Loss: 1.084 | Val Acc: 57.01  |  Test Loss: 1.119 | Tes Acc: 59.52
INFO >> Epoch: 4  |  Layer: 10  |  Train Loss: 1.150 | Train Acc: 54.36  |  Val Loss: 1.095 | Val Acc: 57.01  |  Test Loss: 1.143 | Tes Acc: 58.33
INFO >> Epoch: 4  |  Layer: 11  |  Train Loss: 1.166 | Train Acc: 51.16  |  Val Loss: 1.116 | Val Acc: 54.21  |  Test Loss: 1.119 | Tes Acc: 59.52
INFO >> Epoch: 4  |  Layer: 12  |  Train Loss: 1.588 | Train Acc: 38.95  |  Val Loss: 1.524 | Val Acc: 47.66  |  Test Loss: 1.478 | Tes Acc: 53.57
INFO >> Epoch: 4  |  Layer: 13  |  Train Loss: 1.363 | Train Acc: 44.48  |  Val Loss: 1.340 | Val Acc: 48.60  |  Test Loss: 1.354 | Tes Acc: 57.14

INFO >> Epoch: 5  |  Layer:  1  |  Train Loss: 1.321 | Train Acc: 50.87  |  Val Loss: 1.282 | Val Acc: 44.86  |  Test Loss: 1.252 | Tes Acc: 59.52
INFO >> Epoch: 5  |  Layer:  2  |  Train Loss: 1.041 | Train Acc: 60.47  |  Val Loss: 0.986 | Val Acc: 60.75  |  Test Loss: 1.020 | Tes Acc: 66.67
INFO >> Epoch: 5  |  Layer:  3  |  Train Loss: 1.000 | Train Acc: 64.24  |  Val Loss: 0.920 | Val Acc: 66.36  |  Test Loss: 0.997 | Tes Acc: 64.29
INFO >> Epoch: 5  |  Layer:  4  |  Train Loss: 0.865 | Train Acc: 69.77  |  Val Loss: 0.753 | Val Acc: 72.90  |  Test Loss: 0.855 | Tes Acc: 69.05
INFO >> Epoch: 5  |  Layer:  5  |  Train Loss: 0.816 | Train Acc: 68.31  |  Val Loss: 0.707 | Val Acc: 74.77  |  Test Loss: 0.867 | Tes Acc: 67.86
INFO >> Epoch: 5  |  Layer:  6  |  Train Loss: 0.794 | Train Acc: 68.31  |  Val Loss: 0.718 | Val Acc: 73.83  |  Test Loss: 0.815 | Tes Acc: 65.48
INFO >> Epoch: 5  |  Layer:  7  |  Train Loss: 0.753 | Train Acc: 69.48  |  Val Loss: 0.762 | Val Acc: 69.16  |  Test Loss: 0.916 | Tes Acc: 64.29
INFO >> Epoch: 5  |  Layer:  8  |  Train Loss: 0.821 | Train Acc: 68.02  |  Val Loss: 0.809 | Val Acc: 65.42  |  Test Loss: 0.928 | Tes Acc: 64.29
INFO >> Epoch: 5  |  Layer:  9  |  Train Loss: 0.895 | Train Acc: 66.28  |  Val Loss: 0.885 | Val Acc: 67.29  |  Test Loss: 0.935 | Tes Acc: 67.86
INFO >> Epoch: 5  |  Layer: 10  |  Train Loss: 0.950 | Train Acc: 64.83  |  Val Loss: 0.916 | Val Acc: 64.49  |  Test Loss: 0.992 | Tes Acc: 61.90
INFO >> Epoch: 5  |  Layer: 11  |  Train Loss: 0.987 | Train Acc: 64.83  |  Val Loss: 0.975 | Val Acc: 63.55  |  Test Loss: 1.006 | Tes Acc: 60.71
INFO >> Epoch: 5  |  Layer: 12  |  Train Loss: 1.386 | Train Acc: 45.64  |  Val Loss: 1.384 | Val Acc: 42.99  |  Test Loss: 1.340 | Tes Acc: 59.52
INFO >> Epoch: 5  |  Layer: 13  |  Train Loss: 1.199 | Train Acc: 52.03  |  Val Loss: 1.176 | Val Acc: 56.07  |  Test Loss: 1.141 | Tes Acc: 67.86

INFO >> Epoch: 6  |  Layer:  1  |  Train Loss: 1.245 | Train Acc: 51.45  |  Val Loss: 1.357 | Val Acc: 42.06  |  Test Loss: 1.195 | Tes Acc: 60.71
INFO >> Epoch: 6  |  Layer:  2  |  Train Loss: 0.923 | Train Acc: 64.53  |  Val Loss: 0.970 | Val Acc: 62.62  |  Test Loss: 0.918 | Tes Acc: 71.43
INFO >> Epoch: 6  |  Layer:  3  |  Train Loss: 0.870 | Train Acc: 68.60  |  Val Loss: 0.961 | Val Acc: 63.55  |  Test Loss: 0.938 | Tes Acc: 61.90
INFO >> Epoch: 6  |  Layer:  4  |  Train Loss: 0.719 | Train Acc: 77.91  |  Val Loss: 0.718 | Val Acc: 71.96  |  Test Loss: 0.763 | Tes Acc: 73.81
INFO >> Epoch: 6  |  Layer:  5  |  Train Loss: 0.650 | Train Acc: 77.91  |  Val Loss: 0.690 | Val Acc: 71.96  |  Test Loss: 0.777 | Tes Acc: 64.29
INFO >> Epoch: 6  |  Layer:  6  |  Train Loss: 0.644 | Train Acc: 76.74  |  Val Loss: 0.754 | Val Acc: 68.22  |  Test Loss: 0.766 | Tes Acc: 69.05
INFO >> Epoch: 6  |  Layer:  7  |  Train Loss: 0.587 | Train Acc: 80.52  |  Val Loss: 0.682 | Val Acc: 71.96  |  Test Loss: 0.795 | Tes Acc: 67.86
INFO >> Epoch: 6  |  Layer:  8  |  Train Loss: 0.671 | Train Acc: 75.58  |  Val Loss: 0.819 | Val Acc: 65.42  |  Test Loss: 0.840 | Tes Acc: 69.05
INFO >> Epoch: 6  |  Layer:  9  |  Train Loss: 0.757 | Train Acc: 70.93  |  Val Loss: 0.913 | Val Acc: 64.49  |  Test Loss: 0.890 | Tes Acc: 67.86
INFO >> Epoch: 6  |  Layer: 10  |  Train Loss: 0.812 | Train Acc: 69.77  |  Val Loss: 0.961 | Val Acc: 61.68  |  Test Loss: 1.045 | Tes Acc: 60.71
INFO >> Epoch: 6  |  Layer: 11  |  Train Loss: 0.852 | Train Acc: 69.19  |  Val Loss: 1.038 | Val Acc: 59.81  |  Test Loss: 0.989 | Tes Acc: 63.10
INFO >> Epoch: 6  |  Layer: 12  |  Train Loss: 1.240 | Train Acc: 52.91  |  Val Loss: 1.236 | Val Acc: 47.66  |  Test Loss: 1.203 | Tes Acc: 59.52
INFO >> Epoch: 6  |  Layer: 13  |  Train Loss: 1.094 | Train Acc: 56.10  |  Val Loss: 1.235 | Val Acc: 47.66  |  Test Loss: 1.104 | Tes Acc: 58.33

INFO >> Epoch: 7  |  Layer:  1  |  Train Loss: 1.201 | Train Acc: 52.62  |  Val Loss: 1.221 | Val Acc: 42.06  |  Test Loss: 1.186 | Tes Acc: 60.71
INFO >> Epoch: 7  |  Layer:  2  |  Train Loss: 0.831 | Train Acc: 68.02  |  Val Loss: 0.841 | Val Acc: 58.88  |  Test Loss: 0.878 | Tes Acc: 61.90
INFO >> Epoch: 7  |  Layer:  3  |  Train Loss: 0.799 | Train Acc: 73.26  |  Val Loss: 0.772 | Val Acc: 61.68  |  Test Loss: 0.871 | Tes Acc: 61.90
INFO >> Epoch: 7  |  Layer:  4  |  Train Loss: 0.675 | Train Acc: 72.97  |  Val Loss: 0.614 | Val Acc: 78.50  |  Test Loss: 0.666 | Tes Acc: 76.19
INFO >> Epoch: 7  |  Layer:  5  |  Train Loss: 0.671 | Train Acc: 72.97  |  Val Loss: 0.620 | Val Acc: 73.83  |  Test Loss: 0.734 | Tes Acc: 71.43
INFO >> Epoch: 7  |  Layer:  6  |  Train Loss: 0.628 | Train Acc: 75.87  |  Val Loss: 0.736 | Val Acc: 70.09  |  Test Loss: 0.821 | Tes Acc: 71.43
INFO >> Epoch: 7  |  Layer:  7  |  Train Loss: 0.564 | Train Acc: 76.74  |  Val Loss: 0.676 | Val Acc: 71.03  |  Test Loss: 0.727 | Tes Acc: 72.62
INFO >> Epoch: 7  |  Layer:  8  |  Train Loss: 0.634 | Train Acc: 74.42  |  Val Loss: 0.758 | Val Acc: 61.68  |  Test Loss: 0.854 | Tes Acc: 67.86
INFO >> Epoch: 7  |  Layer:  9  |  Train Loss: 0.708 | Train Acc: 73.26  |  Val Loss: 0.821 | Val Acc: 61.68  |  Test Loss: 0.933 | Tes Acc: 63.10
INFO >> Epoch: 7  |  Layer: 10  |  Train Loss: 0.789 | Train Acc: 70.06  |  Val Loss: 0.803 | Val Acc: 63.55  |  Test Loss: 1.032 | Tes Acc: 65.48
INFO >> Epoch: 7  |  Layer: 11  |  Train Loss: 0.850 | Train Acc: 66.86  |  Val Loss: 0.924 | Val Acc: 58.88  |  Test Loss: 1.019 | Tes Acc: 59.52
INFO >> Epoch: 7  |  Layer: 12  |  Train Loss: 1.150 | Train Acc: 51.74  |  Val Loss: 1.183 | Val Acc: 50.47  |  Test Loss: 1.141 | Tes Acc: 63.10
INFO >> Epoch: 7  |  Layer: 13  |  Train Loss: 1.028 | Train Acc: 60.47  |  Val Loss: 1.172 | Val Acc: 49.53  |  Test Loss: 1.066 | Tes Acc: 65.48

INFO >> Epoch: 8  |  Layer:  1  |  Train Loss: 1.094 | Train Acc: 61.05  |  Val Loss: 1.143 | Val Acc: 52.34  |  Test Loss: 1.045 | Tes Acc: 66.67
INFO >> Epoch: 8  |  Layer:  2  |  Train Loss: 0.750 | Train Acc: 72.97  |  Val Loss: 0.762 | Val Acc: 67.29  |  Test Loss: 0.748 | Tes Acc: 77.38
INFO >> Epoch: 8  |  Layer:  3  |  Train Loss: 0.692 | Train Acc: 76.74  |  Val Loss: 0.690 | Val Acc: 74.77  |  Test Loss: 0.753 | Tes Acc: 78.57
INFO >> Epoch: 8  |  Layer:  4  |  Train Loss: 0.569 | Train Acc: 79.07  |  Val Loss: 0.565 | Val Acc: 84.11  |  Test Loss: 0.630 | Tes Acc: 79.76
INFO >> Epoch: 8  |  Layer:  5  |  Train Loss: 0.576 | Train Acc: 76.74  |  Val Loss: 0.578 | Val Acc: 76.64  |  Test Loss: 0.762 | Tes Acc: 72.62
INFO >> Epoch: 8  |  Layer:  6  |  Train Loss: 0.499 | Train Acc: 81.10  |  Val Loss: 0.552 | Val Acc: 77.57  |  Test Loss: 0.592 | Tes Acc: 78.57
INFO >> Epoch: 8  |  Layer:  7  |  Train Loss: 0.479 | Train Acc: 83.14  |  Val Loss: 0.650 | Val Acc: 72.90  |  Test Loss: 0.617 | Tes Acc: 76.19
INFO >> Epoch: 8  |  Layer:  8  |  Train Loss: 0.530 | Train Acc: 79.07  |  Val Loss: 0.625 | Val Acc: 74.77  |  Test Loss: 0.638 | Tes Acc: 76.19
INFO >> Epoch: 8  |  Layer:  9  |  Train Loss: 0.579 | Train Acc: 77.33  |  Val Loss: 0.655 | Val Acc: 73.83  |  Test Loss: 0.669 | Tes Acc: 79.76
INFO >> Epoch: 8  |  Layer: 10  |  Train Loss: 0.660 | Train Acc: 75.58  |  Val Loss: 0.707 | Val Acc: 71.96  |  Test Loss: 0.758 | Tes Acc: 71.43
INFO >> Epoch: 8  |  Layer: 11  |  Train Loss: 0.715 | Train Acc: 71.22  |  Val Loss: 0.762 | Val Acc: 65.42  |  Test Loss: 0.770 | Tes Acc: 72.62
INFO >> Epoch: 8  |  Layer: 12  |  Train Loss: 1.069 | Train Acc: 56.69  |  Val Loss: 1.139 | Val Acc: 53.27  |  Test Loss: 1.140 | Tes Acc: 61.90
INFO >> Epoch: 8  |  Layer: 13  |  Train Loss: 0.988 | Train Acc: 62.50  |  Val Loss: 1.132 | Val Acc: 52.34  |  Test Loss: 1.056 | Tes Acc: 61.90

INFO >> Epoch: 9  |  Layer:  1  |  Train Loss: 1.065 | Train Acc: 58.43  |  Val Loss: 1.244 | Val Acc: 48.60  |  Test Loss: 1.110 | Tes Acc: 61.90
INFO >> Epoch: 9  |  Layer:  2  |  Train Loss: 0.632 | Train Acc: 79.65  |  Val Loss: 0.657 | Val Acc: 73.83  |  Test Loss: 0.692 | Tes Acc: 77.38
INFO >> Epoch: 9  |  Layer:  3  |  Train Loss: 0.574 | Train Acc: 82.85  |  Val Loss: 0.585 | Val Acc: 72.90  |  Test Loss: 0.646 | Tes Acc: 82.14
INFO >> Epoch: 9  |  Layer:  4  |  Train Loss: 0.449 | Train Acc: 87.50  |  Val Loss: 0.451 | Val Acc: 80.37  |  Test Loss: 0.515 | Tes Acc: 85.71
INFO >> Epoch: 9  |  Layer:  5  |  Train Loss: 0.464 | Train Acc: 86.34  |  Val Loss: 0.518 | Val Acc: 80.37  |  Test Loss: 0.698 | Tes Acc: 72.62
INFO >> Epoch: 9  |  Layer:  6  |  Train Loss: 0.367 | Train Acc: 90.70  |  Val Loss: 0.527 | Val Acc: 74.77  |  Test Loss: 0.552 | Tes Acc: 83.33
INFO >> Epoch: 9  |  Layer:  7  |  Train Loss: 0.366 | Train Acc: 88.95  |  Val Loss: 0.546 | Val Acc: 77.57  |  Test Loss: 0.630 | Tes Acc: 80.95
INFO >> Epoch: 9  |  Layer:  8  |  Train Loss: 0.411 | Train Acc: 89.53  |  Val Loss: 0.550 | Val Acc: 75.70  |  Test Loss: 0.654 | Tes Acc: 72.62
INFO >> Epoch: 9  |  Layer:  9  |  Train Loss: 0.480 | Train Acc: 88.08  |  Val Loss: 0.673 | Val Acc: 68.22  |  Test Loss: 0.688 | Tes Acc: 79.76
INFO >> Epoch: 9  |  Layer: 10  |  Train Loss: 0.542 | Train Acc: 84.30  |  Val Loss: 0.627 | Val Acc: 73.83  |  Test Loss: 0.827 | Tes Acc: 70.24
INFO >> Epoch: 9  |  Layer: 11  |  Train Loss: 0.600 | Train Acc: 80.23  |  Val Loss: 0.703 | Val Acc: 67.29  |  Test Loss: 0.753 | Tes Acc: 71.43
INFO >> Epoch: 9  |  Layer: 12  |  Train Loss: 1.061 | Train Acc: 54.65  |  Val Loss: 1.055 | Val Acc: 56.07  |  Test Loss: 1.096 | Tes Acc: 66.67
INFO >> Epoch: 9  |  Layer: 13  |  Train Loss: 0.943 | Train Acc: 63.95  |  Val Loss: 1.056 | Val Acc: 56.07  |  Test Loss: 1.016 | Tes Acc: 60.71

INFO >> Epoch: 10  |  Layer:  1  |  Train Loss: 1.060 | Train Acc: 58.43  |  Val Loss: 1.139 | Val Acc: 52.34  |  Test Loss: 1.016 | Tes Acc: 66.67
INFO >> Epoch: 10  |  Layer:  2  |  Train Loss: 0.593 | Train Acc: 78.49  |  Val Loss: 0.670 | Val Acc: 71.03  |  Test Loss: 0.678 | Tes Acc: 80.95
INFO >> Epoch: 10  |  Layer:  3  |  Train Loss: 0.536 | Train Acc: 83.14  |  Val Loss: 0.582 | Val Acc: 76.64  |  Test Loss: 0.641 | Tes Acc: 79.76
INFO >> Epoch: 10  |  Layer:  4  |  Train Loss: 0.390 | Train Acc: 88.08  |  Val Loss: 0.469 | Val Acc: 81.31  |  Test Loss: 0.522 | Tes Acc: 86.90
INFO >> Epoch: 10  |  Layer:  5  |  Train Loss: 0.389 | Train Acc: 84.30  |  Val Loss: 0.503 | Val Acc: 80.37  |  Test Loss: 0.710 | Tes Acc: 70.24
INFO >> Epoch: 10  |  Layer:  6  |  Train Loss: 0.294 | Train Acc: 92.73  |  Val Loss: 0.486 | Val Acc: 79.44  |  Test Loss: 0.536 | Tes Acc: 82.14
INFO >> Epoch: 10  |  Layer:  7  |  Train Loss: 0.292 | Train Acc: 91.86  |  Val Loss: 0.514 | Val Acc: 77.57  |  Test Loss: 0.558 | Tes Acc: 82.14
INFO >> Epoch: 10  |  Layer:  8  |  Train Loss: 0.358 | Train Acc: 89.53  |  Val Loss: 0.531 | Val Acc: 74.77  |  Test Loss: 0.620 | Tes Acc: 75.00
INFO >> Epoch: 10  |  Layer:  9  |  Train Loss: 0.422 | Train Acc: 87.50  |  Val Loss: 0.612 | Val Acc: 71.03  |  Test Loss: 0.657 | Tes Acc: 72.62
INFO >> Epoch: 10  |  Layer: 10  |  Train Loss: 0.487 | Train Acc: 80.81  |  Val Loss: 0.582 | Val Acc: 71.96  |  Test Loss: 0.780 | Tes Acc: 71.43
INFO >> Epoch: 10  |  Layer: 11  |  Train Loss: 0.536 | Train Acc: 80.81  |  Val Loss: 0.676 | Val Acc: 71.03  |  Test Loss: 0.793 | Tes Acc: 76.19
INFO >> Epoch: 10  |  Layer: 12  |  Train Loss: 1.004 | Train Acc: 59.59  |  Val Loss: 1.066 | Val Acc: 50.47  |  Test Loss: 0.995 | Tes Acc: 67.86
INFO >> Epoch: 10  |  Layer: 13  |  Train Loss: 0.890 | Train Acc: 64.24  |  Val Loss: 1.102 | Val Acc: 50.47  |  Test Loss: 1.023 | Tes Acc: 65.48

INFO >> Epoch: 11  |  Layer:  1  |  Train Loss: 1.004 | Train Acc: 61.92  |  Val Loss: 1.186 | Val Acc: 52.34  |  Test Loss: 1.061 | Tes Acc: 67.86
INFO >> Epoch: 11  |  Layer:  2  |  Train Loss: 0.569 | Train Acc: 81.69  |  Val Loss: 0.651 | Val Acc: 73.83  |  Test Loss: 0.678 | Tes Acc: 82.14
INFO >> Epoch: 11  |  Layer:  3  |  Train Loss: 0.517 | Train Acc: 81.69  |  Val Loss: 0.589 | Val Acc: 73.83  |  Test Loss: 0.642 | Tes Acc: 78.57
INFO >> Epoch: 11  |  Layer:  4  |  Train Loss: 0.337 | Train Acc: 89.53  |  Val Loss: 0.438 | Val Acc: 83.18  |  Test Loss: 0.479 | Tes Acc: 82.14
INFO >> Epoch: 11  |  Layer:  5  |  Train Loss: 0.351 | Train Acc: 87.21  |  Val Loss: 0.429 | Val Acc: 84.11  |  Test Loss: 0.541 | Tes Acc: 70.24
INFO >> Epoch: 11  |  Layer:  6  |  Train Loss: 0.271 | Train Acc: 92.73  |  Val Loss: 0.478 | Val Acc: 75.70  |  Test Loss: 0.520 | Tes Acc: 82.14
INFO >> Epoch: 11  |  Layer:  7  |  Train Loss: 0.263 | Train Acc: 92.73  |  Val Loss: 0.525 | Val Acc: 81.31  |  Test Loss: 0.541 | Tes Acc: 82.14
INFO >> Epoch: 11  |  Layer:  8  |  Train Loss: 0.353 | Train Acc: 86.05  |  Val Loss: 0.553 | Val Acc: 75.70  |  Test Loss: 0.659 | Tes Acc: 77.38
INFO >> Epoch: 11  |  Layer:  9  |  Train Loss: 0.436 | Train Acc: 82.56  |  Val Loss: 0.629 | Val Acc: 73.83  |  Test Loss: 0.633 | Tes Acc: 82.14
INFO >> Epoch: 11  |  Layer: 10  |  Train Loss: 0.500 | Train Acc: 79.65  |  Val Loss: 0.615 | Val Acc: 73.83  |  Test Loss: 0.795 | Tes Acc: 71.43
INFO >> Epoch: 11  |  Layer: 11  |  Train Loss: 0.555 | Train Acc: 79.07  |  Val Loss: 0.678 | Val Acc: 71.03  |  Test Loss: 0.704 | Tes Acc: 75.00
INFO >> Epoch: 11  |  Layer: 12  |  Train Loss: 0.991 | Train Acc: 55.52  |  Val Loss: 1.005 | Val Acc: 57.01  |  Test Loss: 1.068 | Tes Acc: 60.71
INFO >> Epoch: 11  |  Layer: 13  |  Train Loss: 0.878 | Train Acc: 62.50  |  Val Loss: 1.028 | Val Acc: 55.14  |  Test Loss: 0.969 | Tes Acc: 70.24

INFO >> Epoch: 12  |  Layer:  1  |  Train Loss: 0.888 | Train Acc: 64.24  |  Val Loss: 1.121 | Val Acc: 62.62  |  Test Loss: 0.975 | Tes Acc: 76.19
INFO >> Epoch: 12  |  Layer:  2  |  Train Loss: 0.488 | Train Acc: 82.85  |  Val Loss: 0.557 | Val Acc: 75.70  |  Test Loss: 0.614 | Tes Acc: 80.95
INFO >> Epoch: 12  |  Layer:  3  |  Train Loss: 0.442 | Train Acc: 82.56  |  Val Loss: 0.477 | Val Acc: 82.24  |  Test Loss: 0.526 | Tes Acc: 85.71
INFO >> Epoch: 12  |  Layer:  4  |  Train Loss: 0.319 | Train Acc: 88.95  |  Val Loss: 0.449 | Val Acc: 85.05  |  Test Loss: 0.519 | Tes Acc: 79.76
INFO >> Epoch: 12  |  Layer:  5  |  Train Loss: 0.281 | Train Acc: 91.28  |  Val Loss: 0.393 | Val Acc: 84.11  |  Test Loss: 0.483 | Tes Acc: 77.38
INFO >> Epoch: 12  |  Layer:  6  |  Train Loss: 0.243 | Train Acc: 92.15  |  Val Loss: 0.456 | Val Acc: 81.31  |  Test Loss: 0.495 | Tes Acc: 82.14
INFO >> Epoch: 12  |  Layer:  7  |  Train Loss: 0.214 | Train Acc: 95.93  |  Val Loss: 0.462 | Val Acc: 84.11  |  Test Loss: 0.500 | Tes Acc: 83.33
INFO >> Epoch: 12  |  Layer:  8  |  Train Loss: 0.299 | Train Acc: 90.41  |  Val Loss: 0.405 | Val Acc: 83.18  |  Test Loss: 0.530 | Tes Acc: 84.52
INFO >> Epoch: 12  |  Layer:  9  |  Train Loss: 0.361 | Train Acc: 87.21  |  Val Loss: 0.513 | Val Acc: 80.37  |  Test Loss: 0.521 | Tes Acc: 83.33
INFO >> Epoch: 12  |  Layer: 10  |  Train Loss: 0.401 | Train Acc: 85.76  |  Val Loss: 0.498 | Val Acc: 81.31  |  Test Loss: 0.651 | Tes Acc: 80.95
INFO >> Epoch: 12  |  Layer: 11  |  Train Loss: 0.470 | Train Acc: 83.14  |  Val Loss: 0.609 | Val Acc: 71.96  |  Test Loss: 0.654 | Tes Acc: 77.38
INFO >> Epoch: 12  |  Layer: 12  |  Train Loss: 0.946 | Train Acc: 60.47  |  Val Loss: 1.056 | Val Acc: 50.47  |  Test Loss: 1.129 | Tes Acc: 52.38
INFO >> Epoch: 12  |  Layer: 13  |  Train Loss: 0.816 | Train Acc: 65.70  |  Val Loss: 0.997 | Val Acc: 62.62  |  Test Loss: 1.038 | Tes Acc: 63.10

INFO >> Epoch: 13  |  Layer:  1  |  Train Loss: 0.844 | Train Acc: 68.90  |  Val Loss: 1.576 | Val Acc: 46.73  |  Test Loss: 1.315 | Tes Acc: 60.71
INFO >> Epoch: 13  |  Layer:  2  |  Train Loss: 0.424 | Train Acc: 89.83  |  Val Loss: 0.697 | Val Acc: 68.22  |  Test Loss: 0.709 | Tes Acc: 76.19
INFO >> Epoch: 13  |  Layer:  3  |  Train Loss: 0.356 | Train Acc: 90.99  |  Val Loss: 0.577 | Val Acc: 72.90  |  Test Loss: 0.615 | Tes Acc: 79.76
INFO >> Epoch: 13  |  Layer:  4  |  Train Loss: 0.262 | Train Acc: 91.86  |  Val Loss: 0.457 | Val Acc: 81.31  |  Test Loss: 0.445 | Tes Acc: 84.52
INFO >> Epoch: 13  |  Layer:  5  |  Train Loss: 0.235 | Train Acc: 94.48  |  Val Loss: 0.406 | Val Acc: 83.18  |  Test Loss: 0.479 | Tes Acc: 80.95
INFO >> Epoch: 13  |  Layer:  6  |  Train Loss: 0.189 | Train Acc: 96.80  |  Val Loss: 0.460 | Val Acc: 80.37  |  Test Loss: 0.430 | Tes Acc: 82.14
INFO >> Epoch: 13  |  Layer:  7  |  Train Loss: 0.172 | Train Acc: 97.38  |  Val Loss: 0.454 | Val Acc: 82.24  |  Test Loss: 0.475 | Tes Acc: 80.95
INFO >> Epoch: 13  |  Layer:  8  |  Train Loss: 0.262 | Train Acc: 92.15  |  Val Loss: 0.453 | Val Acc: 78.50  |  Test Loss: 0.518 | Tes Acc: 79.76
INFO >> Epoch: 13  |  Layer:  9  |  Train Loss: 0.298 | Train Acc: 91.57  |  Val Loss: 0.531 | Val Acc: 79.44  |  Test Loss: 0.507 | Tes Acc: 82.14
INFO >> Epoch: 13  |  Layer: 10  |  Train Loss: 0.356 | Train Acc: 89.53  |  Val Loss: 0.476 | Val Acc: 80.37  |  Test Loss: 0.575 | Tes Acc: 78.57
INFO >> Epoch: 13  |  Layer: 11  |  Train Loss: 0.421 | Train Acc: 87.21  |  Val Loss: 0.610 | Val Acc: 73.83  |  Test Loss: 0.613 | Tes Acc: 78.57
INFO >> Epoch: 13  |  Layer: 12  |  Train Loss: 0.943 | Train Acc: 63.66  |  Val Loss: 1.117 | Val Acc: 49.53  |  Test Loss: 1.140 | Tes Acc: 52.38
INFO >> Epoch: 13  |  Layer: 13  |  Train Loss: 0.765 | Train Acc: 70.93  |  Val Loss: 1.113 | Val Acc: 50.47  |  Test Loss: 0.986 | Tes Acc: 67.86

INFO >> Epoch: 14  |  Layer:  1  |  Train Loss: 0.970 | Train Acc: 61.63  |  Val Loss: 1.245 | Val Acc: 53.27  |  Test Loss: 0.988 | Tes Acc: 70.24
INFO >> Epoch: 14  |  Layer:  2  |  Train Loss: 0.444 | Train Acc: 84.88  |  Val Loss: 0.612 | Val Acc: 71.03  |  Test Loss: 0.646 | Tes Acc: 77.38
INFO >> Epoch: 14  |  Layer:  3  |  Train Loss: 0.342 | Train Acc: 89.83  |  Val Loss: 0.450 | Val Acc: 78.50  |  Test Loss: 0.479 | Tes Acc: 80.95
INFO >> Epoch: 14  |  Layer:  4  |  Train Loss: 0.261 | Train Acc: 91.28  |  Val Loss: 0.369 | Val Acc: 85.98  |  Test Loss: 0.344 | Tes Acc: 85.71
INFO >> Epoch: 14  |  Layer:  5  |  Train Loss: 0.238 | Train Acc: 94.19  |  Val Loss: 0.322 | Val Acc: 90.65  |  Test Loss: 0.389 | Tes Acc: 84.52
INFO >> Epoch: 14  |  Layer:  6  |  Train Loss: 0.188 | Train Acc: 95.35  |  Val Loss: 0.440 | Val Acc: 78.50  |  Test Loss: 0.423 | Tes Acc: 85.71
INFO >> Epoch: 14  |  Layer:  7  |  Train Loss: 0.143 | Train Acc: 97.97  |  Val Loss: 0.419 | Val Acc: 83.18  |  Test Loss: 0.443 | Tes Acc: 85.71
INFO >> Epoch: 14  |  Layer:  8  |  Train Loss: 0.228 | Train Acc: 93.60  |  Val Loss: 0.369 | Val Acc: 84.11  |  Test Loss: 0.498 | Tes Acc: 84.52
INFO >> Epoch: 14  |  Layer:  9  |  Train Loss: 0.271 | Train Acc: 92.44  |  Val Loss: 0.455 | Val Acc: 80.37  |  Test Loss: 0.495 | Tes Acc: 88.10
INFO >> Epoch: 14  |  Layer: 10  |  Train Loss: 0.320 | Train Acc: 91.28  |  Val Loss: 0.444 | Val Acc: 75.70  |  Test Loss: 0.573 | Tes Acc: 79.76
INFO >> Epoch: 14  |  Layer: 11  |  Train Loss: 0.382 | Train Acc: 86.92  |  Val Loss: 0.477 | Val Acc: 78.50  |  Test Loss: 0.514 | Tes Acc: 83.33
INFO >> Epoch: 14  |  Layer: 12  |  Train Loss: 0.925 | Train Acc: 61.92  |  Val Loss: 1.064 | Val Acc: 47.66  |  Test Loss: 0.962 | Tes Acc: 58.33
INFO >> Epoch: 14  |  Layer: 13  |  Train Loss: 0.825 | Train Acc: 67.44  |  Val Loss: 1.129 | Val Acc: 52.34  |  Test Loss: 1.079 | Tes Acc: 55.95

INFO >> Epoch: 15  |  Layer:  1  |  Train Loss: 0.858 | Train Acc: 68.90  |  Val Loss: 1.455 | Val Acc: 42.06  |  Test Loss: 1.238 | Tes Acc: 58.33
INFO >> Epoch: 15  |  Layer:  2  |  Train Loss: 0.340 | Train Acc: 89.24  |  Val Loss: 0.569 | Val Acc: 75.70  |  Test Loss: 0.615 | Tes Acc: 79.76
INFO >> Epoch: 15  |  Layer:  3  |  Train Loss: 0.264 | Train Acc: 92.44  |  Val Loss: 0.511 | Val Acc: 71.96  |  Test Loss: 0.528 | Tes Acc: 79.76
INFO >> Epoch: 15  |  Layer:  4  |  Train Loss: 0.202 | Train Acc: 94.77  |  Val Loss: 0.464 | Val Acc: 77.57  |  Test Loss: 0.443 | Tes Acc: 82.14
INFO >> Epoch: 15  |  Layer:  5  |  Train Loss: 0.168 | Train Acc: 96.80  |  Val Loss: 0.410 | Val Acc: 82.24  |  Test Loss: 0.506 | Tes Acc: 78.57
INFO >> Epoch: 15  |  Layer:  6  |  Train Loss: 0.129 | Train Acc: 98.55  |  Val Loss: 0.464 | Val Acc: 80.37  |  Test Loss: 0.476 | Tes Acc: 80.95
INFO >> Epoch: 15  |  Layer:  7  |  Train Loss: 0.126 | Train Acc: 97.09  |  Val Loss: 0.534 | Val Acc: 76.64  |  Test Loss: 0.513 | Tes Acc: 82.14
INFO >> Epoch: 15  |  Layer:  8  |  Train Loss: 0.169 | Train Acc: 95.06  |  Val Loss: 0.505 | Val Acc: 71.03  |  Test Loss: 0.518 | Tes Acc: 79.76
INFO >> Epoch: 15  |  Layer:  9  |  Train Loss: 0.210 | Train Acc: 95.35  |  Val Loss: 0.515 | Val Acc: 72.90  |  Test Loss: 0.473 | Tes Acc: 83.33
INFO >> Epoch: 15  |  Layer: 10  |  Train Loss: 0.275 | Train Acc: 92.15  |  Val Loss: 0.506 | Val Acc: 77.57  |  Test Loss: 0.576 | Tes Acc: 72.62
INFO >> Epoch: 15  |  Layer: 11  |  Train Loss: 0.294 | Train Acc: 92.44  |  Val Loss: 0.554 | Val Acc: 77.57  |  Test Loss: 0.575 | Tes Acc: 79.76
INFO >> Epoch: 15  |  Layer: 12  |  Train Loss: 0.889 | Train Acc: 61.92  |  Val Loss: 0.932 | Val Acc: 58.88  |  Test Loss: 1.013 | Tes Acc: 59.52
INFO >> Epoch: 15  |  Layer: 13  |  Train Loss: 0.798 | Train Acc: 68.60  |  Val Loss: 1.155 | Val Acc: 51.40  |  Test Loss: 1.034 | Tes Acc: 69.05

INFO >> Epoch: 16  |  Layer:  1  |  Train Loss: 0.825 | Train Acc: 65.99  |  Val Loss: 0.925 | Val Acc: 60.75  |  Test Loss: 0.824 | Tes Acc: 72.62
INFO >> Epoch: 16  |  Layer:  2  |  Train Loss: 0.321 | Train Acc: 90.41  |  Val Loss: 0.535 | Val Acc: 82.24  |  Test Loss: 0.504 | Tes Acc: 84.52
INFO >> Epoch: 16  |  Layer:  3  |  Train Loss: 0.256 | Train Acc: 93.31  |  Val Loss: 0.470 | Val Acc: 80.37  |  Test Loss: 0.454 | Tes Acc: 83.33
INFO >> Epoch: 16  |  Layer:  4  |  Train Loss: 0.173 | Train Acc: 95.35  |  Val Loss: 0.406 | Val Acc: 83.18  |  Test Loss: 0.363 | Tes Acc: 84.52
INFO >> Epoch: 16  |  Layer:  5  |  Train Loss: 0.151 | Train Acc: 96.22  |  Val Loss: 0.384 | Val Acc: 82.24  |  Test Loss: 0.425 | Tes Acc: 82.14
INFO >> Epoch: 16  |  Layer:  6  |  Train Loss: 0.114 | Train Acc: 98.26  |  Val Loss: 0.423 | Val Acc: 77.57  |  Test Loss: 0.341 | Tes Acc: 88.10
INFO >> Epoch: 16  |  Layer:  7  |  Train Loss: 0.121 | Train Acc: 98.26  |  Val Loss: 0.453 | Val Acc: 82.24  |  Test Loss: 0.548 | Tes Acc: 82.14
INFO >> Epoch: 16  |  Layer:  8  |  Train Loss: 0.171 | Train Acc: 95.64  |  Val Loss: 0.416 | Val Acc: 82.24  |  Test Loss: 0.557 | Tes Acc: 82.14
INFO >> Epoch: 16  |  Layer:  9  |  Train Loss: 0.201 | Train Acc: 94.48  |  Val Loss: 0.491 | Val Acc: 79.44  |  Test Loss: 0.461 | Tes Acc: 84.52
INFO >> Epoch: 16  |  Layer: 10  |  Train Loss: 0.273 | Train Acc: 93.31  |  Val Loss: 0.491 | Val Acc: 82.24  |  Test Loss: 0.636 | Tes Acc: 77.38
INFO >> Epoch: 16  |  Layer: 11  |  Train Loss: 0.293 | Train Acc: 92.44  |  Val Loss: 0.531 | Val Acc: 74.77  |  Test Loss: 0.499 | Tes Acc: 80.95
INFO >> Epoch: 16  |  Layer: 12  |  Train Loss: 0.868 | Train Acc: 66.28  |  Val Loss: 0.935 | Val Acc: 57.94  |  Test Loss: 0.971 | Tes Acc: 63.10
INFO >> Epoch: 16  |  Layer: 13  |  Train Loss: 0.724 | Train Acc: 71.51  |  Val Loss: 0.937 | Val Acc: 58.88  |  Test Loss: 0.812 | Tes Acc: 72.62

INFO >> Epoch: 17  |  Layer:  1  |  Train Loss: 0.786 | Train Acc: 70.35  |  Val Loss: 0.928 | Val Acc: 66.36  |  Test Loss: 0.905 | Tes Acc: 65.48
INFO >> Epoch: 17  |  Layer:  2  |  Train Loss: 0.313 | Train Acc: 90.41  |  Val Loss: 0.565 | Val Acc: 79.44  |  Test Loss: 0.521 | Tes Acc: 78.57
INFO >> Epoch: 17  |  Layer:  3  |  Train Loss: 0.248 | Train Acc: 92.73  |  Val Loss: 0.506 | Val Acc: 72.90  |  Test Loss: 0.465 | Tes Acc: 84.52
INFO >> Epoch: 17  |  Layer:  4  |  Train Loss: 0.159 | Train Acc: 96.51  |  Val Loss: 0.410 | Val Acc: 85.05  |  Test Loss: 0.369 | Tes Acc: 86.90
INFO >> Epoch: 17  |  Layer:  5  |  Train Loss: 0.157 | Train Acc: 96.51  |  Val Loss: 0.381 | Val Acc: 81.31  |  Test Loss: 0.491 | Tes Acc: 78.57
INFO >> Epoch: 17  |  Layer:  6  |  Train Loss: 0.102 | Train Acc: 98.84  |  Val Loss: 0.466 | Val Acc: 79.44  |  Test Loss: 0.342 | Tes Acc: 86.90
INFO >> Epoch: 17  |  Layer:  7  |  Train Loss: 0.111 | Train Acc: 97.67  |  Val Loss: 0.415 | Val Acc: 84.11  |  Test Loss: 0.428 | Tes Acc: 82.14
INFO >> Epoch: 17  |  Layer:  8  |  Train Loss: 0.160 | Train Acc: 96.80  |  Val Loss: 0.355 | Val Acc: 83.18  |  Test Loss: 0.386 | Tes Acc: 84.52
INFO >> Epoch: 17  |  Layer:  9  |  Train Loss: 0.209 | Train Acc: 96.51  |  Val Loss: 0.508 | Val Acc: 82.24  |  Test Loss: 0.439 | Tes Acc: 84.52
INFO >> Epoch: 17  |  Layer: 10  |  Train Loss: 0.270 | Train Acc: 92.15  |  Val Loss: 0.422 | Val Acc: 85.05  |  Test Loss: 0.501 | Tes Acc: 79.76
INFO >> Epoch: 17  |  Layer: 11  |  Train Loss: 0.297 | Train Acc: 90.70  |  Val Loss: 0.553 | Val Acc: 75.70  |  Test Loss: 0.542 | Tes Acc: 79.76
INFO >> Epoch: 17  |  Layer: 12  |  Train Loss: 0.844 | Train Acc: 67.15  |  Val Loss: 0.932 | Val Acc: 57.01  |  Test Loss: 0.873 | Tes Acc: 67.86
INFO >> Epoch: 17  |  Layer: 13  |  Train Loss: 0.794 | Train Acc: 69.19  |  Val Loss: 1.190 | Val Acc: 50.47  |  Test Loss: 1.112 | Tes Acc: 55.95

INFO >> Epoch: 18  |  Layer:  1  |  Train Loss: 0.757 | Train Acc: 75.58  |  Val Loss: 1.199 | Val Acc: 58.88  |  Test Loss: 0.803 | Tes Acc: 72.62
INFO >> Epoch: 18  |  Layer:  2  |  Train Loss: 0.295 | Train Acc: 91.86  |  Val Loss: 0.567 | Val Acc: 72.90  |  Test Loss: 0.594 | Tes Acc: 78.57
INFO >> Epoch: 18  |  Layer:  3  |  Train Loss: 0.238 | Train Acc: 94.19  |  Val Loss: 0.455 | Val Acc: 78.50  |  Test Loss: 0.467 | Tes Acc: 80.95
INFO >> Epoch: 18  |  Layer:  4  |  Train Loss: 0.130 | Train Acc: 97.67  |  Val Loss: 0.350 | Val Acc: 83.18  |  Test Loss: 0.361 | Tes Acc: 88.10
INFO >> Epoch: 18  |  Layer:  5  |  Train Loss: 0.121 | Train Acc: 97.97  |  Val Loss: 0.391 | Val Acc: 81.31  |  Test Loss: 0.471 | Tes Acc: 79.76
INFO >> Epoch: 18  |  Layer:  6  |  Train Loss: 0.097 | Train Acc: 97.97  |  Val Loss: 0.488 | Val Acc: 77.57  |  Test Loss: 0.346 | Tes Acc: 85.71
INFO >> Epoch: 18  |  Layer:  7  |  Train Loss: 0.086 | Train Acc: 98.84  |  Val Loss: 0.425 | Val Acc: 84.11  |  Test Loss: 0.424 | Tes Acc: 85.71
INFO >> Epoch: 18  |  Layer:  8  |  Train Loss: 0.125 | Train Acc: 97.67  |  Val Loss: 0.329 | Val Acc: 85.05  |  Test Loss: 0.361 | Tes Acc: 85.71
INFO >> Epoch: 18  |  Layer:  9  |  Train Loss: 0.161 | Train Acc: 95.93  |  Val Loss: 0.454 | Val Acc: 80.37  |  Test Loss: 0.381 | Tes Acc: 85.71
INFO >> Epoch: 18  |  Layer: 10  |  Train Loss: 0.235 | Train Acc: 93.02  |  Val Loss: 0.393 | Val Acc: 77.57  |  Test Loss: 0.398 | Tes Acc: 88.10
INFO >> Epoch: 18  |  Layer: 11  |  Train Loss: 0.252 | Train Acc: 91.28  |  Val Loss: 0.503 | Val Acc: 76.64  |  Test Loss: 0.468 | Tes Acc: 80.95
INFO >> Epoch: 18  |  Layer: 12  |  Train Loss: 0.798 | Train Acc: 69.19  |  Val Loss: 0.962 | Val Acc: 53.27  |  Test Loss: 0.922 | Tes Acc: 63.10
INFO >> Epoch: 18  |  Layer: 13  |  Train Loss: 0.759 | Train Acc: 70.64  |  Val Loss: 0.826 | Val Acc: 63.55  |  Test Loss: 0.774 | Tes Acc: 72.62

INFO >> Epoch: 19  |  Layer:  1  |  Train Loss: 0.752 | Train Acc: 69.48  |  Val Loss: 0.861 | Val Acc: 66.36  |  Test Loss: 0.832 | Tes Acc: 71.43
INFO >> Epoch: 19  |  Layer:  2  |  Train Loss: 0.254 | Train Acc: 92.44  |  Val Loss: 0.489 | Val Acc: 81.31  |  Test Loss: 0.538 | Tes Acc: 83.33
INFO >> Epoch: 19  |  Layer:  3  |  Train Loss: 0.186 | Train Acc: 94.77  |  Val Loss: 0.376 | Val Acc: 83.18  |  Test Loss: 0.387 | Tes Acc: 88.10
INFO >> Epoch: 19  |  Layer:  4  |  Train Loss: 0.128 | Train Acc: 97.09  |  Val Loss: 0.362 | Val Acc: 84.11  |  Test Loss: 0.333 | Tes Acc: 90.48
INFO >> Epoch: 19  |  Layer:  5  |  Train Loss: 0.111 | Train Acc: 97.09  |  Val Loss: 0.330 | Val Acc: 84.11  |  Test Loss: 0.377 | Tes Acc: 85.71
INFO >> Epoch: 19  |  Layer:  6  |  Train Loss: 0.100 | Train Acc: 97.97  |  Val Loss: 0.474 | Val Acc: 80.37  |  Test Loss: 0.454 | Tes Acc: 82.14
INFO >> Epoch: 19  |  Layer:  7  |  Train Loss: 0.092 | Train Acc: 98.26  |  Val Loss: 0.364 | Val Acc: 81.31  |  Test Loss: 0.329 | Tes Acc: 89.29
INFO >> Epoch: 19  |  Layer:  8  |  Train Loss: 0.124 | Train Acc: 97.09  |  Val Loss: 0.310 | Val Acc: 85.05  |  Test Loss: 0.365 | Tes Acc: 88.10
INFO >> Epoch: 19  |  Layer:  9  |  Train Loss: 0.153 | Train Acc: 94.77  |  Val Loss: 0.377 | Val Acc: 85.05  |  Test Loss: 0.374 | Tes Acc: 88.10
INFO >> Epoch: 19  |  Layer: 10  |  Train Loss: 0.189 | Train Acc: 93.02  |  Val Loss: 0.416 | Val Acc: 81.31  |  Test Loss: 0.519 | Tes Acc: 82.14
INFO >> Epoch: 19  |  Layer: 11  |  Train Loss: 0.246 | Train Acc: 91.28  |  Val Loss: 0.500 | Val Acc: 77.57  |  Test Loss: 0.474 | Tes Acc: 80.95
INFO >> Epoch: 19  |  Layer: 12  |  Train Loss: 0.774 | Train Acc: 68.02  |  Val Loss: 0.822 | Val Acc: 65.42  |  Test Loss: 0.906 | Tes Acc: 65.48
INFO >> Epoch: 19  |  Layer: 13  |  Train Loss: 0.625 | Train Acc: 77.33  |  Val Loss: 0.888 | Val Acc: 64.49  |  Test Loss: 0.966 | Tes Acc: 65.48

INFO >> Epoch: 20  |  Layer:  1  |  Train Loss: 0.861 | Train Acc: 65.41  |  Val Loss: 0.912 | Val Acc: 69.16  |  Test Loss: 0.936 | Tes Acc: 60.71
INFO >> Epoch: 20  |  Layer:  2  |  Train Loss: 0.226 | Train Acc: 94.77  |  Val Loss: 0.580 | Val Acc: 74.77  |  Test Loss: 0.629 | Tes Acc: 80.95
INFO >> Epoch: 20  |  Layer:  3  |  Train Loss: 0.162 | Train Acc: 96.80  |  Val Loss: 0.436 | Val Acc: 82.24  |  Test Loss: 0.416 | Tes Acc: 88.10
INFO >> Epoch: 20  |  Layer:  4  |  Train Loss: 0.110 | Train Acc: 97.38  |  Val Loss: 0.400 | Val Acc: 84.11  |  Test Loss: 0.354 | Tes Acc: 89.29
INFO >> Epoch: 20  |  Layer:  5  |  Train Loss: 0.093 | Train Acc: 98.55  |  Val Loss: 0.362 | Val Acc: 83.18  |  Test Loss: 0.357 | Tes Acc: 83.33
INFO >> Epoch: 20  |  Layer:  6  |  Train Loss: 0.079 | Train Acc: 99.42  |  Val Loss: 0.433 | Val Acc: 77.57  |  Test Loss: 0.392 | Tes Acc: 84.52
INFO >> Epoch: 20  |  Layer:  7  |  Train Loss: 0.097 | Train Acc: 97.38  |  Val Loss: 0.461 | Val Acc: 83.18  |  Test Loss: 0.375 | Tes Acc: 82.14
INFO >> Epoch: 20  |  Layer:  8  |  Train Loss: 0.109 | Train Acc: 98.26  |  Val Loss: 0.301 | Val Acc: 83.18  |  Test Loss: 0.398 | Tes Acc: 83.33
INFO >> Epoch: 20  |  Layer:  9  |  Train Loss: 0.148 | Train Acc: 96.80  |  Val Loss: 0.460 | Val Acc: 81.31  |  Test Loss: 0.440 | Tes Acc: 83.33
INFO >> Epoch: 20  |  Layer: 10  |  Train Loss: 0.184 | Train Acc: 95.64  |  Val Loss: 0.398 | Val Acc: 85.05  |  Test Loss: 0.520 | Tes Acc: 79.76
INFO >> Epoch: 20  |  Layer: 11  |  Train Loss: 0.206 | Train Acc: 94.48  |  Val Loss: 0.449 | Val Acc: 81.31  |  Test Loss: 0.489 | Tes Acc: 83.33
INFO >> Epoch: 20  |  Layer: 12  |  Train Loss: 0.831 | Train Acc: 68.31  |  Val Loss: 0.879 | Val Acc: 62.62  |  Test Loss: 1.004 | Tes Acc: 59.52
INFO >> Epoch: 20  |  Layer: 13  |  Train Loss: 0.740 | Train Acc: 70.64  |  Val Loss: 0.902 | Val Acc: 59.81  |  Test Loss: 1.006 | Tes Acc: 65.48

INFO >> Epoch: 21  |  Layer:  1  |  Train Loss: 0.740 | Train Acc: 73.84  |  Val Loss: 0.999 | Val Acc: 64.49  |  Test Loss: 0.768 | Tes Acc: 79.76
INFO >> Epoch: 21  |  Layer:  2  |  Train Loss: 0.227 | Train Acc: 91.86  |  Val Loss: 0.511 | Val Acc: 82.24  |  Test Loss: 0.532 | Tes Acc: 85.71
INFO >> Epoch: 21  |  Layer:  3  |  Train Loss: 0.173 | Train Acc: 94.19  |  Val Loss: 0.411 | Val Acc: 83.18  |  Test Loss: 0.406 | Tes Acc: 86.90
INFO >> Epoch: 21  |  Layer:  4  |  Train Loss: 0.104 | Train Acc: 97.97  |  Val Loss: 0.419 | Val Acc: 82.24  |  Test Loss: 0.371 | Tes Acc: 85.71
INFO >> Epoch: 21  |  Layer:  5  |  Train Loss: 0.083 | Train Acc: 98.55  |  Val Loss: 0.389 | Val Acc: 79.44  |  Test Loss: 0.384 | Tes Acc: 84.52
INFO >> Epoch: 21  |  Layer:  6  |  Train Loss: 0.051 | Train Acc: 100.00  |  Val Loss: 0.431 | Val Acc: 77.57  |  Test Loss: 0.401 | Tes Acc: 84.52
INFO >> Epoch: 21  |  Layer:  7  |  Train Loss: 0.083 | Train Acc: 98.55  |  Val Loss: 0.440 | Val Acc: 81.31  |  Test Loss: 0.381 | Tes Acc: 89.29
INFO >> Epoch: 21  |  Layer:  8  |  Train Loss: 0.093 | Train Acc: 98.26  |  Val Loss: 0.292 | Val Acc: 87.85  |  Test Loss: 0.357 | Tes Acc: 90.48
INFO >> Epoch: 21  |  Layer:  9  |  Train Loss: 0.118 | Train Acc: 98.26  |  Val Loss: 0.428 | Val Acc: 82.24  |  Test Loss: 0.366 | Tes Acc: 84.52
INFO >> Epoch: 21  |  Layer: 10  |  Train Loss: 0.153 | Train Acc: 96.80  |  Val Loss: 0.369 | Val Acc: 83.18  |  Test Loss: 0.431 | Tes Acc: 84.52
INFO >> Epoch: 21  |  Layer: 11  |  Train Loss: 0.191 | Train Acc: 94.77  |  Val Loss: 0.455 | Val Acc: 81.31  |  Test Loss: 0.385 | Tes Acc: 85.71
INFO >> Epoch: 21  |  Layer: 12  |  Train Loss: 0.710 | Train Acc: 75.87  |  Val Loss: 0.886 | Val Acc: 58.88  |  Test Loss: 0.900 | Tes Acc: 67.86
INFO >> Epoch: 21  |  Layer: 13  |  Train Loss: 0.642 | Train Acc: 74.71  |  Val Loss: 0.918 | Val Acc: 64.49  |  Test Loss: 0.915 | Tes Acc: 66.67

INFO >> Epoch: 22  |  Layer:  1  |  Train Loss: 0.656 | Train Acc: 74.42  |  Val Loss: 0.910 | Val Acc: 63.55  |  Test Loss: 0.744 | Tes Acc: 72.62
INFO >> Epoch: 22  |  Layer:  2  |  Train Loss: 0.195 | Train Acc: 94.48  |  Val Loss: 0.505 | Val Acc: 80.37  |  Test Loss: 0.518 | Tes Acc: 85.71
INFO >> Epoch: 22  |  Layer:  3  |  Train Loss: 0.153 | Train Acc: 96.80  |  Val Loss: 0.406 | Val Acc: 81.31  |  Test Loss: 0.409 | Tes Acc: 88.10
INFO >> Epoch: 22  |  Layer:  4  |  Train Loss: 0.088 | Train Acc: 98.84  |  Val Loss: 0.453 | Val Acc: 80.37  |  Test Loss: 0.381 | Tes Acc: 88.10
INFO >> Epoch: 22  |  Layer:  5  |  Train Loss: 0.076 | Train Acc: 98.26  |  Val Loss: 0.345 | Val Acc: 83.18  |  Test Loss: 0.343 | Tes Acc: 86.90
INFO >> Epoch: 22  |  Layer:  6  |  Train Loss: 0.050 | Train Acc: 99.71  |  Val Loss: 0.421 | Val Acc: 76.64  |  Test Loss: 0.397 | Tes Acc: 84.52
INFO >> Epoch: 22  |  Layer:  7  |  Train Loss: 0.073 | Train Acc: 98.26  |  Val Loss: 0.337 | Val Acc: 85.98  |  Test Loss: 0.347 | Tes Acc: 88.10
INFO >> Epoch: 22  |  Layer:  8  |  Train Loss: 0.080 | Train Acc: 98.26  |  Val Loss: 0.288 | Val Acc: 85.05  |  Test Loss: 0.382 | Tes Acc: 86.90
INFO >> Epoch: 22  |  Layer:  9  |  Train Loss: 0.091 | Train Acc: 98.26  |  Val Loss: 0.377 | Val Acc: 79.44  |  Test Loss: 0.355 | Tes Acc: 90.48
INFO >> Epoch: 22  |  Layer: 10  |  Train Loss: 0.134 | Train Acc: 97.67  |  Val Loss: 0.374 | Val Acc: 83.18  |  Test Loss: 0.477 | Tes Acc: 84.52
INFO >> Epoch: 22  |  Layer: 11  |  Train Loss: 0.170 | Train Acc: 95.06  |  Val Loss: 0.426 | Val Acc: 81.31  |  Test Loss: 0.409 | Tes Acc: 82.14
INFO >> Epoch: 22  |  Layer: 12  |  Train Loss: 0.676 | Train Acc: 77.33  |  Val Loss: 0.812 | Val Acc: 60.75  |  Test Loss: 0.845 | Tes Acc: 70.24
INFO >> Epoch: 22  |  Layer: 13  |  Train Loss: 0.586 | Train Acc: 78.20  |  Val Loss: 0.967 | Val Acc: 62.62  |  Test Loss: 1.081 | Tes Acc: 52.38

INFO >> Epoch: 23  |  Layer:  1  |  Train Loss: 0.642 | Train Acc: 75.87  |  Val Loss: 1.089 | Val Acc: 59.81  |  Test Loss: 0.776 | Tes Acc: 67.86
INFO >> Epoch: 23  |  Layer:  2  |  Train Loss: 0.184 | Train Acc: 95.93  |  Val Loss: 0.530 | Val Acc: 76.64  |  Test Loss: 0.576 | Tes Acc: 83.33
INFO >> Epoch: 23  |  Layer:  3  |  Train Loss: 0.139 | Train Acc: 97.97  |  Val Loss: 0.462 | Val Acc: 82.24  |  Test Loss: 0.460 | Tes Acc: 85.71
INFO >> Epoch: 23  |  Layer:  4  |  Train Loss: 0.102 | Train Acc: 98.26  |  Val Loss: 0.354 | Val Acc: 85.05  |  Test Loss: 0.418 | Tes Acc: 85.71
INFO >> Epoch: 23  |  Layer:  5  |  Train Loss: 0.076 | Train Acc: 99.13  |  Val Loss: 0.368 | Val Acc: 85.05  |  Test Loss: 0.411 | Tes Acc: 84.52
INFO >> Epoch: 23  |  Layer:  6  |  Train Loss: 0.045 | Train Acc: 99.42  |  Val Loss: 0.437 | Val Acc: 78.50  |  Test Loss: 0.386 | Tes Acc: 85.71
INFO >> Epoch: 23  |  Layer:  7  |  Train Loss: 0.062 | Train Acc: 99.71  |  Val Loss: 0.456 | Val Acc: 84.11  |  Test Loss: 0.565 | Tes Acc: 82.14
INFO >> Epoch: 23  |  Layer:  8  |  Train Loss: 0.073 | Train Acc: 99.13  |  Val Loss: 0.344 | Val Acc: 85.05  |  Test Loss: 0.521 | Tes Acc: 84.52
INFO >> Epoch: 23  |  Layer:  9  |  Train Loss: 0.085 | Train Acc: 98.84  |  Val Loss: 0.384 | Val Acc: 84.11  |  Test Loss: 0.410 | Tes Acc: 88.10
INFO >> Epoch: 23  |  Layer: 10  |  Train Loss: 0.148 | Train Acc: 95.93  |  Val Loss: 0.366 | Val Acc: 85.98  |  Test Loss: 0.469 | Tes Acc: 83.33
INFO >> Epoch: 23  |  Layer: 11  |  Train Loss: 0.162 | Train Acc: 96.22  |  Val Loss: 0.429 | Val Acc: 82.24  |  Test Loss: 0.386 | Tes Acc: 84.52
INFO >> Epoch: 23  |  Layer: 12  |  Train Loss: 0.676 | Train Acc: 73.26  |  Val Loss: 0.873 | Val Acc: 55.14  |  Test Loss: 0.931 | Tes Acc: 57.14
INFO >> Epoch: 23  |  Layer: 13  |  Train Loss: 0.586 | Train Acc: 77.33  |  Val Loss: 0.785 | Val Acc: 65.42  |  Test Loss: 0.798 | Tes Acc: 66.67

INFO >> Epoch: 24  |  Layer:  1  |  Train Loss: 0.601 | Train Acc: 74.71  |  Val Loss: 1.013 | Val Acc: 57.94  |  Test Loss: 0.828 | Tes Acc: 75.00
INFO >> Epoch: 24  |  Layer:  2  |  Train Loss: 0.170 | Train Acc: 95.64  |  Val Loss: 0.514 | Val Acc: 77.57  |  Test Loss: 0.497 | Tes Acc: 82.14
INFO >> Epoch: 24  |  Layer:  3  |  Train Loss: 0.140 | Train Acc: 97.38  |  Val Loss: 0.411 | Val Acc: 82.24  |  Test Loss: 0.399 | Tes Acc: 83.33
INFO >> Epoch: 24  |  Layer:  4  |  Train Loss: 0.093 | Train Acc: 97.67  |  Val Loss: 0.386 | Val Acc: 86.92  |  Test Loss: 0.376 | Tes Acc: 91.67
INFO >> Epoch: 24  |  Layer:  5  |  Train Loss: 0.089 | Train Acc: 98.26  |  Val Loss: 0.393 | Val Acc: 85.05  |  Test Loss: 0.491 | Tes Acc: 80.95
INFO >> Epoch: 24  |  Layer:  6  |  Train Loss: 0.049 | Train Acc: 99.13  |  Val Loss: 0.423 | Val Acc: 78.50  |  Test Loss: 0.428 | Tes Acc: 83.33
INFO >> Epoch: 24  |  Layer:  7  |  Train Loss: 0.054 | Train Acc: 98.84  |  Val Loss: 0.408 | Val Acc: 85.05  |  Test Loss: 0.421 | Tes Acc: 83.33
INFO >> Epoch: 24  |  Layer:  8  |  Train Loss: 0.075 | Train Acc: 98.26  |  Val Loss: 0.304 | Val Acc: 83.18  |  Test Loss: 0.408 | Tes Acc: 88.10
INFO >> Epoch: 24  |  Layer:  9  |  Train Loss: 0.096 | Train Acc: 97.38  |  Val Loss: 0.375 | Val Acc: 82.24  |  Test Loss: 0.353 | Tes Acc: 89.29
INFO >> Epoch: 24  |  Layer: 10  |  Train Loss: 0.127 | Train Acc: 95.93  |  Val Loss: 0.361 | Val Acc: 85.05  |  Test Loss: 0.433 | Tes Acc: 80.95
INFO >> Epoch: 24  |  Layer: 11  |  Train Loss: 0.147 | Train Acc: 95.06  |  Val Loss: 0.500 | Val Acc: 79.44  |  Test Loss: 0.490 | Tes Acc: 84.52
INFO >> Epoch: 24  |  Layer: 12  |  Train Loss: 0.669 | Train Acc: 73.84  |  Val Loss: 0.855 | Val Acc: 58.88  |  Test Loss: 0.858 | Tes Acc: 64.29
INFO >> Epoch: 24  |  Layer: 13  |  Train Loss: 0.577 | Train Acc: 81.10  |  Val Loss: 0.989 | Val Acc: 57.94  |  Test Loss: 0.926 | Tes Acc: 65.48

INFO >> Epoch: 25  |  Layer:  1  |  Train Loss: 0.560 | Train Acc: 77.91  |  Val Loss: 1.090 | Val Acc: 62.62  |  Test Loss: 0.675 | Tes Acc: 75.00
INFO >> Epoch: 25  |  Layer:  2  |  Train Loss: 0.149 | Train Acc: 96.80  |  Val Loss: 0.493 | Val Acc: 80.37  |  Test Loss: 0.484 | Tes Acc: 82.14
INFO >> Epoch: 25  |  Layer:  3  |  Train Loss: 0.096 | Train Acc: 97.97  |  Val Loss: 0.374 | Val Acc: 83.18  |  Test Loss: 0.361 | Tes Acc: 84.52
INFO >> Epoch: 25  |  Layer:  4  |  Train Loss: 0.061 | Train Acc: 100.00  |  Val Loss: 0.343 | Val Acc: 86.92  |  Test Loss: 0.383 | Tes Acc: 85.71
INFO >> Epoch: 25  |  Layer:  5  |  Train Loss: 0.072 | Train Acc: 98.84  |  Val Loss: 0.386 | Val Acc: 85.05  |  Test Loss: 0.464 | Tes Acc: 83.33
INFO >> Epoch: 25  |  Layer:  6  |  Train Loss: 0.039 | Train Acc: 100.00  |  Val Loss: 0.390 | Val Acc: 83.18  |  Test Loss: 0.421 | Tes Acc: 86.90
INFO >> Epoch: 25  |  Layer:  7  |  Train Loss: 0.035 | Train Acc: 99.42  |  Val Loss: 0.295 | Val Acc: 87.85  |  Test Loss: 0.351 | Tes Acc: 86.90
INFO >> Epoch: 25  |  Layer:  8  |  Train Loss: 0.050 | Train Acc: 99.13  |  Val Loss: 0.261 | Val Acc: 87.85  |  Test Loss: 0.352 | Tes Acc: 86.90
INFO >> Epoch: 25  |  Layer:  9  |  Train Loss: 0.084 | Train Acc: 98.55  |  Val Loss: 0.355 | Val Acc: 84.11  |  Test Loss: 0.331 | Tes Acc: 90.48
INFO >> Epoch: 25  |  Layer: 10  |  Train Loss: 0.094 | Train Acc: 98.84  |  Val Loss: 0.330 | Val Acc: 85.98  |  Test Loss: 0.378 | Tes Acc: 86.90
INFO >> Epoch: 25  |  Layer: 11  |  Train Loss: 0.128 | Train Acc: 96.51  |  Val Loss: 0.395 | Val Acc: 80.37  |  Test Loss: 0.358 | Tes Acc: 84.52
INFO >> Epoch: 25  |  Layer: 12  |  Train Loss: 0.616 | Train Acc: 77.33  |  Val Loss: 0.777 | Val Acc: 61.68  |  Test Loss: 0.850 | Tes Acc: 64.29
INFO >> Epoch: 25  |  Layer: 13  |  Train Loss: 0.480 | Train Acc: 83.43  |  Val Loss: 0.811 | Val Acc: 68.22  |  Test Loss: 0.773 | Tes Acc: 73.81

INFO >> Epoch: 26  |  Layer:  1  |  Train Loss: 0.635 | Train Acc: 73.55  |  Val Loss: 0.959 | Val Acc: 63.55  |  Test Loss: 0.754 | Tes Acc: 71.43
INFO >> Epoch: 26  |  Layer:  2  |  Train Loss: 0.139 | Train Acc: 98.26  |  Val Loss: 0.496 | Val Acc: 79.44  |  Test Loss: 0.501 | Tes Acc: 85.71
INFO >> Epoch: 26  |  Layer:  3  |  Train Loss: 0.096 | Train Acc: 98.26  |  Val Loss: 0.385 | Val Acc: 84.11  |  Test Loss: 0.353 | Tes Acc: 90.48
INFO >> Epoch: 26  |  Layer:  4  |  Train Loss: 0.056 | Train Acc: 99.71  |  Val Loss: 0.353 | Val Acc: 86.92  |  Test Loss: 0.383 | Tes Acc: 90.48
INFO >> Epoch: 26  |  Layer:  5  |  Train Loss: 0.058 | Train Acc: 99.13  |  Val Loss: 0.343 | Val Acc: 82.24  |  Test Loss: 0.327 | Tes Acc: 85.71
INFO >> Epoch: 26  |  Layer:  6  |  Train Loss: 0.035 | Train Acc: 100.00  |  Val Loss: 0.490 | Val Acc: 81.31  |  Test Loss: 0.352 | Tes Acc: 86.90
INFO >> Epoch: 26  |  Layer:  7  |  Train Loss: 0.030 | Train Acc: 99.71  |  Val Loss: 0.376 | Val Acc: 86.92  |  Test Loss: 0.468 | Tes Acc: 82.14
INFO >> Epoch: 26  |  Layer:  8  |  Train Loss: 0.045 | Train Acc: 100.00  |  Val Loss: 0.263 | Val Acc: 87.85  |  Test Loss: 0.376 | Tes Acc: 86.90
INFO >> Epoch: 26  |  Layer:  9  |  Train Loss: 0.061 | Train Acc: 99.13  |  Val Loss: 0.345 | Val Acc: 84.11  |  Test Loss: 0.310 | Tes Acc: 92.86
INFO >> Epoch: 26  |  Layer: 10  |  Train Loss: 0.085 | Train Acc: 98.84  |  Val Loss: 0.317 | Val Acc: 85.05  |  Test Loss: 0.366 | Tes Acc: 88.10
INFO >> Epoch: 26  |  Layer: 11  |  Train Loss: 0.118 | Train Acc: 97.97  |  Val Loss: 0.437 | Val Acc: 83.18  |  Test Loss: 0.340 | Tes Acc: 84.52
INFO >> Epoch: 26  |  Layer: 12  |  Train Loss: 0.620 | Train Acc: 77.33  |  Val Loss: 0.821 | Val Acc: 60.75  |  Test Loss: 0.905 | Tes Acc: 67.86
INFO >> Epoch: 26  |  Layer: 13  |  Train Loss: 0.464 | Train Acc: 82.27  |  Val Loss: 0.712 | Val Acc: 68.22  |  Test Loss: 0.752 | Tes Acc: 73.81

INFO >> Epoch: 27  |  Layer:  1  |  Train Loss: 0.592 | Train Acc: 78.49  |  Val Loss: 0.997 | Val Acc: 60.75  |  Test Loss: 0.803 | Tes Acc: 71.43
INFO >> Epoch: 27  |  Layer:  2  |  Train Loss: 0.153 | Train Acc: 95.93  |  Val Loss: 0.514 | Val Acc: 82.24  |  Test Loss: 0.435 | Tes Acc: 86.90
INFO >> Epoch: 27  |  Layer:  3  |  Train Loss: 0.099 | Train Acc: 97.38  |  Val Loss: 0.390 | Val Acc: 84.11  |  Test Loss: 0.371 | Tes Acc: 89.29
INFO >> Epoch: 27  |  Layer:  4  |  Train Loss: 0.052 | Train Acc: 100.00  |  Val Loss: 0.355 | Val Acc: 85.98  |  Test Loss: 0.413 | Tes Acc: 85.71
INFO >> Epoch: 27  |  Layer:  5  |  Train Loss: 0.058 | Train Acc: 98.84  |  Val Loss: 0.488 | Val Acc: 80.37  |  Test Loss: 0.356 | Tes Acc: 88.10
INFO >> Epoch: 27  |  Layer:  6  |  Train Loss: 0.038 | Train Acc: 99.71  |  Val Loss: 0.492 | Val Acc: 77.57  |  Test Loss: 0.354 | Tes Acc: 86.90
INFO >> Epoch: 27  |  Layer:  7  |  Train Loss: 0.036 | Train Acc: 99.42  |  Val Loss: 0.358 | Val Acc: 85.05  |  Test Loss: 0.401 | Tes Acc: 88.10
INFO >> Epoch: 27  |  Layer:  8  |  Train Loss: 0.043 | Train Acc: 99.42  |  Val Loss: 0.362 | Val Acc: 85.05  |  Test Loss: 0.440 | Tes Acc: 85.71
INFO >> Epoch: 27  |  Layer:  9  |  Train Loss: 0.057 | Train Acc: 99.71  |  Val Loss: 0.398 | Val Acc: 80.37  |  Test Loss: 0.352 | Tes Acc: 88.10
INFO >> Epoch: 27  |  Layer: 10  |  Train Loss: 0.080 | Train Acc: 98.55  |  Val Loss: 0.364 | Val Acc: 86.92  |  Test Loss: 0.414 | Tes Acc: 88.10
INFO >> Epoch: 27  |  Layer: 11  |  Train Loss: 0.145 | Train Acc: 95.06  |  Val Loss: 0.586 | Val Acc: 72.90  |  Test Loss: 0.449 | Tes Acc: 80.95
INFO >> Epoch: 27  |  Layer: 12  |  Train Loss: 0.599 | Train Acc: 79.07  |  Val Loss: 0.828 | Val Acc: 60.75  |  Test Loss: 0.872 | Tes Acc: 72.62
INFO >> Epoch: 27  |  Layer: 13  |  Train Loss: 0.458 | Train Acc: 82.27  |  Val Loss: 0.794 | Val Acc: 70.09  |  Test Loss: 0.798 | Tes Acc: 72.62

INFO >> Epoch: 28  |  Layer:  1  |  Train Loss: 0.617 | Train Acc: 77.03  |  Val Loss: 1.029 | Val Acc: 61.68  |  Test Loss: 1.038 | Tes Acc: 63.10
INFO >> Epoch: 28  |  Layer:  2  |  Train Loss: 0.129 | Train Acc: 96.22  |  Val Loss: 0.562 | Val Acc: 72.90  |  Test Loss: 0.591 | Tes Acc: 80.95
INFO >> Epoch: 28  |  Layer:  3  |  Train Loss: 0.076 | Train Acc: 98.84  |  Val Loss: 0.394 | Val Acc: 82.24  |  Test Loss: 0.422 | Tes Acc: 85.71
INFO >> Epoch: 28  |  Layer:  4  |  Train Loss: 0.052 | Train Acc: 99.71  |  Val Loss: 0.372 | Val Acc: 85.98  |  Test Loss: 0.397 | Tes Acc: 89.29
INFO >> Epoch: 28  |  Layer:  5  |  Train Loss: 0.051 | Train Acc: 99.42  |  Val Loss: 0.352 | Val Acc: 82.24  |  Test Loss: 0.369 | Tes Acc: 85.71
INFO >> Epoch: 28  |  Layer:  6  |  Train Loss: 0.028 | Train Acc: 100.00  |  Val Loss: 0.428 | Val Acc: 81.31  |  Test Loss: 0.505 | Tes Acc: 83.33
INFO >> Epoch: 28  |  Layer:  7  |  Train Loss: 0.036 | Train Acc: 99.13  |  Val Loss: 0.290 | Val Acc: 90.65  |  Test Loss: 0.406 | Tes Acc: 84.52
INFO >> Epoch: 28  |  Layer:  8  |  Train Loss: 0.066 | Train Acc: 98.55  |  Val Loss: 0.244 | Val Acc: 88.79  |  Test Loss: 0.365 | Tes Acc: 88.10
INFO >> Epoch: 28  |  Layer:  9  |  Train Loss: 0.072 | Train Acc: 98.84  |  Val Loss: 0.336 | Val Acc: 83.18  |  Test Loss: 0.316 | Tes Acc: 94.05
INFO >> Epoch: 28  |  Layer: 10  |  Train Loss: 0.084 | Train Acc: 97.67  |  Val Loss: 0.334 | Val Acc: 85.05  |  Test Loss: 0.334 | Tes Acc: 86.90
INFO >> Epoch: 28  |  Layer: 11  |  Train Loss: 0.135 | Train Acc: 95.93  |  Val Loss: 0.519 | Val Acc: 78.50  |  Test Loss: 0.372 | Tes Acc: 88.10
INFO >> Epoch: 28  |  Layer: 12  |  Train Loss: 0.554 | Train Acc: 79.94  |  Val Loss: 0.825 | Val Acc: 60.75  |  Test Loss: 0.966 | Tes Acc: 66.67
INFO >> Epoch: 28  |  Layer: 13  |  Train Loss: 0.463 | Train Acc: 80.81  |  Val Loss: 1.102 | Val Acc: 56.07  |  Test Loss: 1.122 | Tes Acc: 64.29

INFO >> Epoch: 29  |  Layer:  1  |  Train Loss: 0.559 | Train Acc: 76.16  |  Val Loss: 0.996 | Val Acc: 60.75  |  Test Loss: 0.722 | Tes Acc: 73.81
INFO >> Epoch: 29  |  Layer:  2  |  Train Loss: 0.111 | Train Acc: 97.38  |  Val Loss: 0.475 | Val Acc: 83.18  |  Test Loss: 0.430 | Tes Acc: 84.52
INFO >> Epoch: 29  |  Layer:  3  |  Train Loss: 0.061 | Train Acc: 98.84  |  Val Loss: 0.380 | Val Acc: 83.18  |  Test Loss: 0.397 | Tes Acc: 85.71
INFO >> Epoch: 29  |  Layer:  4  |  Train Loss: 0.041 | Train Acc: 99.42  |  Val Loss: 0.426 | Val Acc: 84.11  |  Test Loss: 0.353 | Tes Acc: 85.71
INFO >> Epoch: 29  |  Layer:  5  |  Train Loss: 0.034 | Train Acc: 99.42  |  Val Loss: 0.375 | Val Acc: 85.98  |  Test Loss: 0.398 | Tes Acc: 83.33
INFO >> Epoch: 29  |  Layer:  6  |  Train Loss: 0.026 | Train Acc: 99.71  |  Val Loss: 0.444 | Val Acc: 81.31  |  Test Loss: 0.451 | Tes Acc: 85.71
INFO >> Epoch: 29  |  Layer:  7  |  Train Loss: 0.025 | Train Acc: 100.00  |  Val Loss: 0.362 | Val Acc: 86.92  |  Test Loss: 0.477 | Tes Acc: 82.14
INFO >> Epoch: 29  |  Layer:  8  |  Train Loss: 0.042 | Train Acc: 99.71  |  Val Loss: 0.352 | Val Acc: 81.31  |  Test Loss: 0.513 | Tes Acc: 84.52
INFO >> Epoch: 29  |  Layer:  9  |  Train Loss: 0.054 | Train Acc: 99.42  |  Val Loss: 0.320 | Val Acc: 82.24  |  Test Loss: 0.444 | Tes Acc: 85.71
INFO >> Epoch: 29  |  Layer: 10  |  Train Loss: 0.070 | Train Acc: 98.84  |  Val Loss: 0.303 | Val Acc: 85.98  |  Test Loss: 0.433 | Tes Acc: 82.14
INFO >> Epoch: 29  |  Layer: 11  |  Train Loss: 0.113 | Train Acc: 97.97  |  Val Loss: 0.417 | Val Acc: 83.18  |  Test Loss: 0.378 | Tes Acc: 84.52
INFO >> Epoch: 29  |  Layer: 12  |  Train Loss: 0.515 | Train Acc: 81.98  |  Val Loss: 0.732 | Val Acc: 61.68  |  Test Loss: 0.787 | Tes Acc: 69.05
INFO >> Epoch: 29  |  Layer: 13  |  Train Loss: 0.487 | Train Acc: 79.65  |  Val Loss: 0.785 | Val Acc: 67.29  |  Test Loss: 0.813 | Tes Acc: 69.05

INFO >> Epoch: 30  |  Layer:  1  |  Train Loss: 0.532 | Train Acc: 79.94  |  Val Loss: 1.279 | Val Acc: 57.01  |  Test Loss: 0.920 | Tes Acc: 69.05
INFO >> Epoch: 30  |  Layer:  2  |  Train Loss: 0.119 | Train Acc: 95.93  |  Val Loss: 0.530 | Val Acc: 76.64  |  Test Loss: 0.572 | Tes Acc: 82.14
INFO >> Epoch: 30  |  Layer:  3  |  Train Loss: 0.075 | Train Acc: 99.13  |  Val Loss: 0.441 | Val Acc: 81.31  |  Test Loss: 0.435 | Tes Acc: 85.71
INFO >> Epoch: 30  |  Layer:  4  |  Train Loss: 0.047 | Train Acc: 99.13  |  Val Loss: 0.357 | Val Acc: 86.92  |  Test Loss: 0.391 | Tes Acc: 89.29
INFO >> Epoch: 30  |  Layer:  5  |  Train Loss: 0.031 | Train Acc: 100.00  |  Val Loss: 0.380 | Val Acc: 85.05  |  Test Loss: 0.386 | Tes Acc: 84.52
INFO >> Epoch: 30  |  Layer:  6  |  Train Loss: 0.044 | Train Acc: 100.00  |  Val Loss: 0.489 | Val Acc: 81.31  |  Test Loss: 0.510 | Tes Acc: 88.10
INFO >> Epoch: 30  |  Layer:  7  |  Train Loss: 0.029 | Train Acc: 100.00  |  Val Loss: 0.286 | Val Acc: 89.72  |  Test Loss: 0.440 | Tes Acc: 85.71
INFO >> Epoch: 30  |  Layer:  8  |  Train Loss: 0.051 | Train Acc: 99.42  |  Val Loss: 0.248 | Val Acc: 85.05  |  Test Loss: 0.461 | Tes Acc: 82.14
INFO >> Epoch: 30  |  Layer:  9  |  Train Loss: 0.060 | Train Acc: 98.84  |  Val Loss: 0.358 | Val Acc: 84.11  |  Test Loss: 0.337 | Tes Acc: 88.10
INFO >> Epoch: 30  |  Layer: 10  |  Train Loss: 0.068 | Train Acc: 98.84  |  Val Loss: 0.336 | Val Acc: 85.98  |  Test Loss: 0.426 | Tes Acc: 86.90
INFO >> Epoch: 30  |  Layer: 11  |  Train Loss: 0.094 | Train Acc: 98.55  |  Val Loss: 0.461 | Val Acc: 80.37  |  Test Loss: 0.421 | Tes Acc: 89.29
INFO >> Epoch: 30  |  Layer: 12  |  Train Loss: 0.517 | Train Acc: 81.98  |  Val Loss: 0.858 | Val Acc: 59.81  |  Test Loss: 1.029 | Tes Acc: 52.38
INFO >> Epoch: 30  |  Layer: 13  |  Train Loss: 0.446 | Train Acc: 82.56  |  Val Loss: 0.922 | Val Acc: 59.81  |  Test Loss: 0.997 | Tes Acc: 51.19



INFO >> Time Taken: 04:13

INFO >> Layer: 1  |  Best Val Acc: 69.16  |  Best Test Acc: 60.71
INFO >> Layer: 2  |  Best Val Acc: 83.18  |  Best Test Acc: 84.52
INFO >> Layer: 3  |  Best Val Acc: 84.11  |  Best Test Acc: 90.48
INFO >> Layer: 4  |  Best Val Acc: 86.92  |  Best Test Acc: 91.67
INFO >> Layer: 5  |  Best Val Acc: 90.65  |  Best Test Acc: 84.52
INFO >> Layer: 6  |  Best Val Acc: 83.18  |  Best Test Acc: 86.90
INFO >> Layer: 7  |  Best Val Acc: 90.65  |  Best Test Acc: 84.52
INFO >> Layer: 8  |  Best Val Acc: 88.79  |  Best Test Acc: 88.10
INFO >> Layer: 9  |  Best Val Acc: 85.05  |  Best Test Acc: 88.10
INFO >> Layer: 10  |  Best Val Acc: 86.92  |  Best Test Acc: 88.10
INFO >> Layer: 11  |  Best Val Acc: 83.18  |  Best Test Acc: 84.52
INFO >> Layer: 12  |  Best Val Acc: 65.42  |  Best Test Acc: 65.48
INFO >> Layer: 13  |  Best Val Acc: 70.09  |  Best Test Acc: 72.62

DEBUG >> Last state saved

INFO >> History saved (./history/v1.4/EmoDB/WAV2VEC2_BASE_PROBING_DENSE/Run3/history.pt)
