
--------------------------------------------------
Multilingual SER System v1.5
--------------------------------------------------
Run Name      : Run4
Fx Model      : HUBERT_ASR_LARGE
Clf Model     : DENSE
Extract Mode  : gpu_memory
Dataset       : ShEMO
Device        : gpu
Epochs        : 30
Num Workers   : 3
Data Dir      : ./data
History Dir   : ./history
Weights Dir   : ./weights
Log Level     : debug
Purge Cache   : False
Job Name      : Job196
Job Id        : 31168517
GPU           : Quadro RTX 8000
GPU Count     : 1
GPU Memory    : 44.49 GB

Timestamp : 2023-03-20 03:06:59.345638

INFO >> Running on CUDA


INFO >> Training Classifier

INFO >> Epoch: 1  |  Train Loss: 1.538 | Train Acc: 42.08  |  Val Loss: 1.407 | Val Acc: 44.44  |  Test Loss: 1.095 | Tes Acc: 56.18
DEBUG >> Best state saved | Val Acc 44.44444477558136 | Test Acc 56.18279576301575

INFO >> Epoch: 2  |  Train Loss: 1.127 | Train Acc: 57.68  |  Val Loss: 1.011 | Val Acc: 60.75  |  Test Loss: 0.661 | Tes Acc: 76.08
DEBUG >> Best state saved | Val Acc 60.752689838409424 | Test Acc 76.07526779174805

INFO >> Epoch: 3  |  Train Loss: 0.866 | Train Acc: 71.21  |  Val Loss: 0.844 | Val Acc: 72.76  |  Test Loss: 0.460 | Tes Acc: 84.14
DEBUG >> Best state saved | Val Acc 72.75985479354858 | Test Acc 84.13978219032288

INFO >> Epoch: 4  |  Train Loss: 0.776 | Train Acc: 73.04  |  Val Loss: 0.742 | Val Acc: 74.01  |  Test Loss: 0.393 | Tes Acc: 86.29
DEBUG >> Best state saved | Val Acc 74.0143358707428 | Test Acc 86.29032373428345

INFO >> Epoch: 5  |  Train Loss: 0.650 | Train Acc: 77.92  |  Val Loss: 0.693 | Val Acc: 75.27  |  Test Loss: 0.397 | Tes Acc: 87.10
DEBUG >> Best state saved | Val Acc 75.26881694793701 | Test Acc 87.09677457809448

INFO >> Epoch: 6  |  Train Loss: 0.562 | Train Acc: 80.63  |  Val Loss: 0.641 | Val Acc: 80.11  |  Test Loss: 0.336 | Tes Acc: 90.86
DEBUG >> Best state saved | Val Acc 80.1075279712677 | Test Acc 90.86021780967712

INFO >> Epoch: 7  |  Train Loss: 0.523 | Train Acc: 82.75  |  Val Loss: 0.640 | Val Acc: 79.03  |  Test Loss: 0.316 | Tes Acc: 91.13
INFO >> Epoch: 8  |  Train Loss: 0.478 | Train Acc: 83.29  |  Val Loss: 0.568 | Val Acc: 81.00  |  Test Loss: 0.284 | Tes Acc: 90.59
DEBUG >> Best state saved | Val Acc 81.00358247756958 | Test Acc 90.59139490127563

INFO >> Epoch: 9  |  Train Loss: 0.438 | Train Acc: 85.51  |  Val Loss: 0.539 | Val Acc: 82.97  |  Test Loss: 0.264 | Tes Acc: 93.01
DEBUG >> Best state saved | Val Acc 82.97491073608398 | Test Acc 93.01075339317322

INFO >> Epoch: 10  |  Train Loss: 0.349 | Train Acc: 88.31  |  Val Loss: 0.549 | Val Acc: 83.69  |  Test Loss: 0.315 | Tes Acc: 90.59
DEBUG >> Best state saved | Val Acc 83.69175791740417 | Test Acc 90.59139490127563

INFO >> Epoch: 11  |  Train Loss: 0.299 | Train Acc: 89.23  |  Val Loss: 0.539 | Val Acc: 84.23  |  Test Loss: 0.270 | Tes Acc: 92.20
DEBUG >> Best state saved | Val Acc 84.2293918132782 | Test Acc 92.20430254936218

INFO >> Epoch: 12  |  Train Loss: 0.266 | Train Acc: 91.21  |  Val Loss: 0.518 | Val Acc: 82.62  |  Test Loss: 0.274 | Tes Acc: 91.40
INFO >> Epoch: 13  |  Train Loss: 0.205 | Train Acc: 93.48  |  Val Loss: 0.578 | Val Acc: 81.90  |  Test Loss: 0.328 | Tes Acc: 90.86
INFO >> Epoch: 14  |  Train Loss: 0.210 | Train Acc: 93.09  |  Val Loss: 0.528 | Val Acc: 83.69  |  Test Loss: 0.282 | Tes Acc: 92.20
INFO >> Epoch: 15  |  Train Loss: 0.135 | Train Acc: 95.75  |  Val Loss: 0.634 | Val Acc: 84.05  |  Test Loss: 0.339 | Tes Acc: 91.13
INFO >> Epoch: 16  |  Train Loss: 0.108 | Train Acc: 96.86  |  Val Loss: 0.664 | Val Acc: 84.05  |  Test Loss: 0.362 | Tes Acc: 90.86
INFO >> Epoch: 17  |  Train Loss: 0.137 | Train Acc: 95.46  |  Val Loss: 0.600 | Val Acc: 83.15  |  Test Loss: 0.346 | Tes Acc: 90.59
INFO >> Epoch: 18  |  Train Loss: 0.150 | Train Acc: 95.60  |  Val Loss: 0.563 | Val Acc: 83.87  |  Test Loss: 0.284 | Tes Acc: 91.67
INFO >> Epoch: 19  |  Train Loss: 0.072 | Train Acc: 97.97  |  Val Loss: 0.750 | Val Acc: 82.97  |  Test Loss: 0.380 | Tes Acc: 90.32
INFO >> Epoch: 20  |  Train Loss: 0.037 | Train Acc: 99.37  |  Val Loss: 0.740 | Val Acc: 84.05  |  Test Loss: 0.333 | Tes Acc: 91.94
INFO >> Epoch: 21  |  Train Loss: 0.027 | Train Acc: 99.61  |  Val Loss: 0.800 | Val Acc: 84.05  |  Test Loss: 0.404 | Tes Acc: 91.67
INFO >> Epoch: 22  |  Train Loss: 0.021 | Train Acc: 99.61  |  Val Loss: 0.959 | Val Acc: 81.54  |  Test Loss: 0.499 | Tes Acc: 87.90
INFO >> Epoch: 23  |  Train Loss: 0.017 | Train Acc: 99.71  |  Val Loss: 0.878 | Val Acc: 84.05  |  Test Loss: 0.477 | Tes Acc: 91.13
INFO >> Epoch: 24  |  Train Loss: 0.018 | Train Acc: 99.81  |  Val Loss: 0.930 | Val Acc: 83.69  |  Test Loss: 0.475 | Tes Acc: 91.94
INFO >> Epoch: 25  |  Train Loss: 0.143 | Train Acc: 96.04  |  Val Loss: 0.697 | Val Acc: 82.44  |  Test Loss: 0.361 | Tes Acc: 91.40
INFO >> Epoch: 26  |  Train Loss: 0.026 | Train Acc: 99.47  |  Val Loss: 0.790 | Val Acc: 84.77  |  Test Loss: 0.356 | Tes Acc: 91.94
DEBUG >> Best state saved | Val Acc 84.76702570915222 | Test Acc 91.93548560142517

INFO >> Epoch: 27  |  Train Loss: 0.012 | Train Acc: 99.86  |  Val Loss: 0.857 | Val Acc: 84.05  |  Test Loss: 0.418 | Tes Acc: 91.94
INFO >> Epoch: 28  |  Train Loss: 0.013 | Train Acc: 99.86  |  Val Loss: 0.933 | Val Acc: 84.23  |  Test Loss: 0.413 | Tes Acc: 92.20
INFO >> Epoch: 29  |  Train Loss: 0.013 | Train Acc: 99.81  |  Val Loss: 0.940 | Val Acc: 84.05  |  Test Loss: 0.400 | Tes Acc: 91.67
INFO >> Epoch: 30  |  Train Loss: 0.007 | Train Acc: 99.90  |  Val Loss: 1.005 | Val Acc: 83.87  |  Test Loss: 0.491 | Tes Acc: 91.40


INFO >> Time Taken: 2:00:13

INFO >> Best Val Acc : 84.76702570915222 | Best Test Acc : 91.93548560142517

INFO >> Agg. Weights : 
0.02786129154264927 -0.11312490701675415 0.22591787576675415 0.2577384412288666 0.3154655992984772 0.1492684930562973 0.363901287317276 0.3702724874019623 0.4348670244216919 0.56376713514328 0.5119752287864685 0.3822968602180481 0.5714972019195557 0.4235307574272156 0.12008751183748245 -0.04446893930435181 -0.18640904128551483 -0.27015814185142517 0.044184740632772446 -0.32567858695983887 -0.2762458622455597 -0.11873950064182281 -0.03759317472577095 -0.00885985791683197

DEBUG >> Last state saved | Val Acc 83.87096524238586 | Test Acc 91.39785170555115

INFO >> History saved (./history/v1.5/ShEMO/FX_HUBERT_ASR_LARGE_CLF_DENSE/Run4/history.pt)
