
--------------------------------------------------
Multilingual SER System v1.1
--------------------------------------------------
Run Name      : Run1
Model         : HUBERT_LARGE
Extract Mode  : memory
Device        : gpu
Dataset       : EmoDB
Epochs        : 20
Num Workers   : 2
Data Dir      : ./data
History Dir   : ./history
Weights Dir   : ./weights
Log Level     : debug
Purge Cache   : False
Job Name      : Job24
Job Id        : 30593547

Timestamp : 2023-02-27 20:29:26.502768

INFO >> Running on CUDA


INFO >> Training Classifier

DEBUG >> Best state saved | Val Acc 17.757008969783783 | Test Acc 19.0476194024086

INFO >> Epoch: 1 |   Train Loss: 2.161 | Train Acc: 29.36 |   Val Loss: 1.692 | Val Acc: 17.76 |   Test Loss: 1.629 | Tes Acc: 19.05
DEBUG >> Best state saved | Val Acc 65.42056202888489 | Test Acc 69.04761791229248

INFO >> Epoch: 2 |   Train Loss: 1.377 | Train Acc: 48.55 |   Val Loss: 1.165 | Val Acc: 65.42 |   Test Loss: 1.170 | Tes Acc: 69.05
DEBUG >> Best state saved | Val Acc 78.50467562675476 | Test Acc 73.8095223903656

INFO >> Epoch: 3 |   Train Loss: 0.874 | Train Acc: 74.71 |   Val Loss: 0.690 | Val Acc: 78.50 |   Test Loss: 0.707 | Tes Acc: 73.81
DEBUG >> Best state saved | Val Acc 80.37382960319519 | Test Acc 86.90476417541504

INFO >> Epoch: 4 |   Train Loss: 0.564 | Train Acc: 81.69 |   Val Loss: 0.527 | Val Acc: 80.37 |   Test Loss: 0.521 | Tes Acc: 86.90
INFO >> Epoch: 5 |   Train Loss: 0.365 | Train Acc: 88.66 |   Val Loss: 0.556 | Val Acc: 80.37 |   Test Loss: 0.546 | Tes Acc: 77.38
INFO >> Epoch: 6 |   Train Loss: 0.318 | Train Acc: 89.24 |   Val Loss: 0.554 | Val Acc: 80.37 |   Test Loss: 0.575 | Tes Acc: 84.52
INFO >> Epoch: 7 |   Train Loss: 0.186 | Train Acc: 94.48 |   Val Loss: 0.468 | Val Acc: 80.37 |   Test Loss: 0.346 | Tes Acc: 90.48
DEBUG >> Best state saved | Val Acc 81.30841255187988 | Test Acc 86.90476417541504

INFO >> Epoch: 8 |   Train Loss: 0.131 | Train Acc: 97.09 |   Val Loss: 0.437 | Val Acc: 81.31 |   Test Loss: 0.361 | Tes Acc: 86.90
DEBUG >> Best state saved | Val Acc 86.91588640213013 | Test Acc 83.33333134651184

INFO >> Epoch: 9 |   Train Loss: 0.111 | Train Acc: 96.22 |   Val Loss: 0.378 | Val Acc: 86.92 |   Test Loss: 0.325 | Tes Acc: 83.33
DEBUG >> Best state saved | Val Acc 89.71962332725525 | Test Acc 92.85714030265808

INFO >> Epoch: 10 |   Train Loss: 0.094 | Train Acc: 97.67 |   Val Loss: 0.407 | Val Acc: 89.72 |   Test Loss: 0.296 | Tes Acc: 92.86
INFO >> Epoch: 11 |   Train Loss: 0.063 | Train Acc: 98.26 |   Val Loss: 0.643 | Val Acc: 80.37 |   Test Loss: 0.633 | Tes Acc: 84.52
INFO >> Epoch: 12 |   Train Loss: 0.065 | Train Acc: 98.84 |   Val Loss: 0.487 | Val Acc: 84.11 |   Test Loss: 0.406 | Tes Acc: 85.71
INFO >> Epoch: 13 |   Train Loss: 0.021 | Train Acc: 100.00 |   Val Loss: 0.581 | Val Acc: 85.05 |   Test Loss: 0.469 | Tes Acc: 88.10
DEBUG >> Best state saved | Val Acc 92.52336621284485 | Test Acc 89.28571343421936

INFO >> Epoch: 14 |   Train Loss: 0.020 | Train Acc: 99.71 |   Val Loss: 0.321 | Val Acc: 92.52 |   Test Loss: 0.288 | Tes Acc: 89.29
INFO >> Epoch: 15 |   Train Loss: 0.012 | Train Acc: 100.00 |   Val Loss: 0.357 | Val Acc: 90.65 |   Test Loss: 0.250 | Tes Acc: 92.86
INFO >> Epoch: 16 |   Train Loss: 0.016 | Train Acc: 100.00 |   Val Loss: 0.398 | Val Acc: 91.59 |   Test Loss: 0.331 | Tes Acc: 90.48
INFO >> Epoch: 17 |   Train Loss: 0.007 | Train Acc: 100.00 |   Val Loss: 0.319 | Val Acc: 92.52 |   Test Loss: 0.240 | Tes Acc: 90.48
INFO >> Epoch: 18 |   Train Loss: 0.006 | Train Acc: 100.00 |   Val Loss: 0.382 | Val Acc: 90.65 |   Test Loss: 0.340 | Tes Acc: 89.29
INFO >> Epoch: 19 |   Train Loss: 0.005 | Train Acc: 100.00 |   Val Loss: 0.351 | Val Acc: 92.52 |   Test Loss: 0.209 | Tes Acc: 92.86
INFO >> Epoch: 20 |   Train Loss: 0.003 | Train Acc: 100.00 |   Val Loss: 0.405 | Val Acc: 91.59 |   Test Loss: 0.276 | Tes Acc: 92.86


INFO >> Time Taken: 2:06:23

INFO >> Best Val Acc : 92.52336621284485 | Best Test A : 89.28571343421936

INFO >> Agg. Weights : 
-0.01071203500032425 -0.10338006168603897 0.18532569706439972 -0.11310713738203049 -0.01869501918554306 -0.13726699352264404 -0.186752051115036 -0.12126699835062027 0.13356053829193115 -0.12818722426891327 0.03566023334860802 -0.18319809436798096 0.07787682116031647 0.05346132814884186 -0.17583096027374268 -0.19034123420715332 -0.1774493157863617 -0.20222480595111847 -0.22231285274028778 -0.1743725836277008 -0.18440891802310944 -0.04593925178050995 0.10093308985233307 0.1945333033800125

DEBUG >> Last state saved | Val Acc 91.58878326416016 | Test Acc 92.85714030265808

INFO >> History saved (./history/v1.1/EmoDB/HUBERT_LARGE/Run1/history.pt)
