
--------------------------------------------------
Multilingual SER System v1.2
--------------------------------------------------
Run Name      : Run5
Fx Model      : WAV2VEC2_BASE
Clf Model     : DENSE
Extract Mode  : gpu_memory
Dataset       : CaFE
Device        : gpu
Epochs        : 20
Num Workers   : 2
Data Dir      : ./data
History Dir   : ./history
Weights Dir   : ./weights
Log Level     : debug
Purge Cache   : False
Job Name      : Job149
Job Id        : 30684248
GPU           : Quadro RTX 8000
GPU Count     : 1

Timestamp : 2023-03-02 07:50:58.177882

INFO >> Running on CUDA


INFO >> Training Classifier

INFO >> Epoch: 1 |   Train Loss: 1.929 | Train Acc: 14.65 |   Val Loss: 1.904 | Val Acc: 29.49 |   Test Loss: 1.904 | Tes Acc: 26.92
DEBUG >> Best state saved | Val Acc 29.487180709838867 | Test Acc 26.923078298568726

INFO >> Epoch: 2 |   Train Loss: 1.865 | Train Acc: 21.98 |   Val Loss: 1.829 | Val Acc: 20.51 |   Test Loss: 1.837 | Tes Acc: 22.22
INFO >> Epoch: 3 |   Train Loss: 1.807 | Train Acc: 24.73 |   Val Loss: 1.765 | Val Acc: 32.69 |   Test Loss: 1.791 | Tes Acc: 26.50
DEBUG >> Best state saved | Val Acc 32.692307233810425 | Test Acc 26.49572789669037

INFO >> Epoch: 4 |   Train Loss: 1.643 | Train Acc: 31.87 |   Val Loss: 1.783 | Val Acc: 22.44 |   Test Loss: 1.832 | Tes Acc: 26.50
INFO >> Epoch: 5 |   Train Loss: 1.568 | Train Acc: 37.73 |   Val Loss: 1.620 | Val Acc: 35.90 |   Test Loss: 1.595 | Tes Acc: 40.17
DEBUG >> Best state saved | Val Acc 35.89743673801422 | Test Acc 40.17094075679779

INFO >> Epoch: 6 |   Train Loss: 1.455 | Train Acc: 41.03 |   Val Loss: 1.599 | Val Acc: 28.21 |   Test Loss: 1.613 | Tes Acc: 27.35
INFO >> Epoch: 7 |   Train Loss: 1.320 | Train Acc: 50.55 |   Val Loss: 1.592 | Val Acc: 32.05 |   Test Loss: 1.494 | Tes Acc: 42.31
INFO >> Epoch: 8 |   Train Loss: 1.185 | Train Acc: 52.93 |   Val Loss: 1.619 | Val Acc: 34.62 |   Test Loss: 1.381 | Tes Acc: 50.43
INFO >> Epoch: 9 |   Train Loss: 1.081 | Train Acc: 58.61 |   Val Loss: 1.647 | Val Acc: 38.46 |   Test Loss: 1.406 | Tes Acc: 50.00
DEBUG >> Best state saved | Val Acc 38.46153914928436 | Test Acc 50.0

INFO >> Epoch: 10 |   Train Loss: 1.052 | Train Acc: 63.92 |   Val Loss: 1.553 | Val Acc: 35.90 |   Test Loss: 1.304 | Tes Acc: 48.72
INFO >> Epoch: 11 |   Train Loss: 0.883 | Train Acc: 68.68 |   Val Loss: 1.719 | Val Acc: 33.97 |   Test Loss: 1.176 | Tes Acc: 57.69
INFO >> Epoch: 12 |   Train Loss: 0.720 | Train Acc: 74.54 |   Val Loss: 1.742 | Val Acc: 37.18 |   Test Loss: 1.191 | Tes Acc: 58.12
INFO >> Epoch: 13 |   Train Loss: 0.701 | Train Acc: 75.09 |   Val Loss: 1.835 | Val Acc: 38.46 |   Test Loss: 1.129 | Tes Acc: 62.39
INFO >> Epoch: 14 |   Train Loss: 0.664 | Train Acc: 77.29 |   Val Loss: 1.740 | Val Acc: 37.82 |   Test Loss: 1.222 | Tes Acc: 57.69
INFO >> Epoch: 15 |   Train Loss: 0.592 | Train Acc: 78.02 |   Val Loss: 1.702 | Val Acc: 37.82 |   Test Loss: 1.063 | Tes Acc: 60.68
INFO >> Epoch: 16 |   Train Loss: 0.512 | Train Acc: 83.52 |   Val Loss: 1.442 | Val Acc: 46.15 |   Test Loss: 1.259 | Tes Acc: 55.98
DEBUG >> Best state saved | Val Acc 46.15384638309479 | Test Acc 55.982905626297

INFO >> Epoch: 17 |   Train Loss: 0.433 | Train Acc: 86.26 |   Val Loss: 2.283 | Val Acc: 38.46 |   Test Loss: 1.360 | Tes Acc: 55.56
INFO >> Epoch: 18 |   Train Loss: 0.393 | Train Acc: 89.01 |   Val Loss: 1.467 | Val Acc: 48.08 |   Test Loss: 1.153 | Tes Acc: 61.54
DEBUG >> Best state saved | Val Acc 48.076921701431274 | Test Acc 61.538463830947876

INFO >> Epoch: 19 |   Train Loss: 0.307 | Train Acc: 90.48 |   Val Loss: 1.781 | Val Acc: 41.03 |   Test Loss: 1.227 | Tes Acc: 60.26
INFO >> Epoch: 20 |   Train Loss: 0.307 | Train Acc: 89.56 |   Val Loss: 2.009 | Val Acc: 39.10 |   Test Loss: 1.160 | Tes Acc: 60.26


INFO >> Time Taken: 06:51

INFO >> Best Val Acc : 48.076921701431274 | Best Test Acc : 61.538463830947876

INFO >> Agg. Weights : 
0.01219104789197445 -0.39320382475852966 0.4721296429634094 0.39098891615867615 -0.25917500257492065 -0.3010867238044739 0.49122488498687744 0.24745197594165802 -0.4006533622741699 -0.3974998891353607 -0.06005029380321503 -0.2604111433029175

DEBUG >> Last state saved | Val Acc 39.10256326198578 | Test Acc 60.256409645080566

INFO >> History saved (./history/v1.2/CaFE/WAV2VEC2_BASE_DENSE/Run5/history.pt)
