
--------------------------------------------------
Multilingual SER System v1.4
--------------------------------------------------
Run Name      : Run2
Fx Model      : HUBERT_BASE
Clf Model     : PROBING_DENSE
Extract Mode  : gpu_memory
Dataset       : ShEMO
Device        : gpu
Epochs        : 30
Num Workers   : 3
Data Dir      : ./data
History Dir   : ./history
Weights Dir   : ./weights
Log Level     : debug
Purge Cache   : False
Job Name      : Job69
Job Id        : 30912848
GPU           : Quadro RTX 8000
GPU Count     : 1
GPU Memory    : 44.49 GB

Timestamp : 2023-03-11 04:01:32.234558

INFO >> Running on CUDA


INFO >> Training Classifier

INFO >> Epoch: 1  |  Layer:  1  |  Train Loss: 1.432 | Train Acc: 39.52  |  Val Loss: 1.362 | Val Acc: 48.92  |  Test Loss: 1.211 | Tes Acc: 61.83
INFO >> Epoch: 1  |  Layer:  2  |  Train Loss: 1.421 | Train Acc: 44.73  |  Val Loss: 1.242 | Val Acc: 59.86  |  Test Loss: 1.042 | Tes Acc: 72.58
INFO >> Epoch: 1  |  Layer:  3  |  Train Loss: 1.413 | Train Acc: 43.82  |  Val Loss: 1.219 | Val Acc: 60.04  |  Test Loss: 1.016 | Tes Acc: 72.31
INFO >> Epoch: 1  |  Layer:  4  |  Train Loss: 1.395 | Train Acc: 44.78  |  Val Loss: 1.171 | Val Acc: 58.42  |  Test Loss: 0.940 | Tes Acc: 71.77
INFO >> Epoch: 1  |  Layer:  5  |  Train Loss: 1.408 | Train Acc: 44.06  |  Val Loss: 1.189 | Val Acc: 60.75  |  Test Loss: 0.973 | Tes Acc: 74.19
INFO >> Epoch: 1  |  Layer:  6  |  Train Loss: 1.409 | Train Acc: 43.91  |  Val Loss: 1.195 | Val Acc: 61.11  |  Test Loss: 0.988 | Tes Acc: 73.66
INFO >> Epoch: 1  |  Layer:  7  |  Train Loss: 1.392 | Train Acc: 45.07  |  Val Loss: 1.168 | Val Acc: 60.93  |  Test Loss: 0.961 | Tes Acc: 71.77
INFO >> Epoch: 1  |  Layer:  8  |  Train Loss: 1.382 | Train Acc: 46.04  |  Val Loss: 1.160 | Val Acc: 59.32  |  Test Loss: 0.944 | Tes Acc: 70.43
INFO >> Epoch: 1  |  Layer:  9  |  Train Loss: 1.394 | Train Acc: 44.49  |  Val Loss: 1.192 | Val Acc: 59.68  |  Test Loss: 0.977 | Tes Acc: 71.51
INFO >> Epoch: 1  |  Layer: 10  |  Train Loss: 1.383 | Train Acc: 45.27  |  Val Loss: 1.167 | Val Acc: 58.96  |  Test Loss: 0.934 | Tes Acc: 72.04
INFO >> Epoch: 1  |  Layer: 11  |  Train Loss: 1.380 | Train Acc: 45.46  |  Val Loss: 1.178 | Val Acc: 55.91  |  Test Loss: 0.938 | Tes Acc: 70.97
INFO >> Epoch: 1  |  Layer: 12  |  Train Loss: 1.384 | Train Acc: 46.18  |  Val Loss: 1.174 | Val Acc: 58.42  |  Test Loss: 0.949 | Tes Acc: 71.51
INFO >> Epoch: 1  |  Layer: 13  |  Train Loss: 1.385 | Train Acc: 44.69  |  Val Loss: 1.186 | Val Acc: 54.12  |  Test Loss: 0.968 | Tes Acc: 68.82

INFO >> Epoch: 2  |  Layer:  1  |  Train Loss: 1.298 | Train Acc: 51.21  |  Val Loss: 1.270 | Val Acc: 51.08  |  Test Loss: 1.011 | Tes Acc: 58.87
INFO >> Epoch: 2  |  Layer:  2  |  Train Loss: 1.156 | Train Acc: 59.76  |  Val Loss: 1.059 | Val Acc: 64.70  |  Test Loss: 0.750 | Tes Acc: 79.57
INFO >> Epoch: 2  |  Layer:  3  |  Train Loss: 1.119 | Train Acc: 59.28  |  Val Loss: 1.008 | Val Acc: 65.77  |  Test Loss: 0.719 | Tes Acc: 75.00
INFO >> Epoch: 2  |  Layer:  4  |  Train Loss: 1.065 | Train Acc: 60.72  |  Val Loss: 0.978 | Val Acc: 65.59  |  Test Loss: 0.656 | Tes Acc: 80.11
INFO >> Epoch: 2  |  Layer:  5  |  Train Loss: 1.067 | Train Acc: 61.69  |  Val Loss: 0.964 | Val Acc: 66.67  |  Test Loss: 0.665 | Tes Acc: 80.11
INFO >> Epoch: 2  |  Layer:  6  |  Train Loss: 1.040 | Train Acc: 62.03  |  Val Loss: 0.949 | Val Acc: 67.03  |  Test Loss: 0.655 | Tes Acc: 76.61
INFO >> Epoch: 2  |  Layer:  7  |  Train Loss: 1.051 | Train Acc: 60.87  |  Val Loss: 0.944 | Val Acc: 67.92  |  Test Loss: 0.642 | Tes Acc: 77.69
INFO >> Epoch: 2  |  Layer:  8  |  Train Loss: 1.054 | Train Acc: 61.55  |  Val Loss: 0.951 | Val Acc: 65.59  |  Test Loss: 0.661 | Tes Acc: 76.88
INFO >> Epoch: 2  |  Layer:  9  |  Train Loss: 1.051 | Train Acc: 61.59  |  Val Loss: 0.969 | Val Acc: 65.23  |  Test Loss: 0.671 | Tes Acc: 77.42
INFO >> Epoch: 2  |  Layer: 10  |  Train Loss: 1.043 | Train Acc: 61.79  |  Val Loss: 0.959 | Val Acc: 67.20  |  Test Loss: 0.668 | Tes Acc: 77.42
INFO >> Epoch: 2  |  Layer: 11  |  Train Loss: 1.063 | Train Acc: 61.35  |  Val Loss: 0.973 | Val Acc: 65.41  |  Test Loss: 0.660 | Tes Acc: 78.23
INFO >> Epoch: 2  |  Layer: 12  |  Train Loss: 1.043 | Train Acc: 62.17  |  Val Loss: 0.952 | Val Acc: 67.03  |  Test Loss: 0.635 | Tes Acc: 78.49
INFO >> Epoch: 2  |  Layer: 13  |  Train Loss: 1.062 | Train Acc: 61.26  |  Val Loss: 0.998 | Val Acc: 64.52  |  Test Loss: 0.695 | Tes Acc: 77.42

INFO >> Epoch: 3  |  Layer:  1  |  Train Loss: 1.214 | Train Acc: 56.09  |  Val Loss: 1.214 | Val Acc: 51.61  |  Test Loss: 0.971 | Tes Acc: 64.78
INFO >> Epoch: 3  |  Layer:  2  |  Train Loss: 1.025 | Train Acc: 65.70  |  Val Loss: 0.990 | Val Acc: 68.10  |  Test Loss: 0.676 | Tes Acc: 81.45
INFO >> Epoch: 3  |  Layer:  3  |  Train Loss: 0.980 | Train Acc: 66.67  |  Val Loss: 0.969 | Val Acc: 64.70  |  Test Loss: 0.704 | Tes Acc: 76.34
INFO >> Epoch: 3  |  Layer:  4  |  Train Loss: 0.921 | Train Acc: 68.94  |  Val Loss: 0.927 | Val Acc: 66.31  |  Test Loss: 0.650 | Tes Acc: 78.76
INFO >> Epoch: 3  |  Layer:  5  |  Train Loss: 0.908 | Train Acc: 69.61  |  Val Loss: 0.929 | Val Acc: 66.31  |  Test Loss: 0.642 | Tes Acc: 76.61
INFO >> Epoch: 3  |  Layer:  6  |  Train Loss: 0.899 | Train Acc: 69.32  |  Val Loss: 0.827 | Val Acc: 73.48  |  Test Loss: 0.562 | Tes Acc: 84.68
INFO >> Epoch: 3  |  Layer:  7  |  Train Loss: 0.903 | Train Acc: 68.89  |  Val Loss: 0.877 | Val Acc: 68.46  |  Test Loss: 0.615 | Tes Acc: 80.38
INFO >> Epoch: 3  |  Layer:  8  |  Train Loss: 0.900 | Train Acc: 68.65  |  Val Loss: 0.858 | Val Acc: 68.82  |  Test Loss: 0.592 | Tes Acc: 82.53
INFO >> Epoch: 3  |  Layer:  9  |  Train Loss: 0.896 | Train Acc: 68.12  |  Val Loss: 0.839 | Val Acc: 70.61  |  Test Loss: 0.554 | Tes Acc: 83.87
INFO >> Epoch: 3  |  Layer: 10  |  Train Loss: 0.911 | Train Acc: 67.83  |  Val Loss: 0.850 | Val Acc: 69.35  |  Test Loss: 0.586 | Tes Acc: 82.80
INFO >> Epoch: 3  |  Layer: 11  |  Train Loss: 0.921 | Train Acc: 66.81  |  Val Loss: 0.861 | Val Acc: 70.61  |  Test Loss: 0.586 | Tes Acc: 83.06
INFO >> Epoch: 3  |  Layer: 12  |  Train Loss: 0.911 | Train Acc: 68.55  |  Val Loss: 0.848 | Val Acc: 71.51  |  Test Loss: 0.562 | Tes Acc: 83.33
INFO >> Epoch: 3  |  Layer: 13  |  Train Loss: 0.958 | Train Acc: 66.52  |  Val Loss: 0.908 | Val Acc: 68.28  |  Test Loss: 0.633 | Tes Acc: 81.18

INFO >> Epoch: 4  |  Layer:  1  |  Train Loss: 1.127 | Train Acc: 60.72  |  Val Loss: 1.102 | Val Acc: 63.26  |  Test Loss: 0.843 | Tes Acc: 73.39
INFO >> Epoch: 4  |  Layer:  2  |  Train Loss: 0.943 | Train Acc: 68.65  |  Val Loss: 0.922 | Val Acc: 72.22  |  Test Loss: 0.516 | Tes Acc: 85.48
INFO >> Epoch: 4  |  Layer:  3  |  Train Loss: 0.876 | Train Acc: 71.01  |  Val Loss: 0.874 | Val Acc: 71.51  |  Test Loss: 0.541 | Tes Acc: 83.87
INFO >> Epoch: 4  |  Layer:  4  |  Train Loss: 0.815 | Train Acc: 71.88  |  Val Loss: 0.824 | Val Acc: 71.68  |  Test Loss: 0.494 | Tes Acc: 84.41
INFO >> Epoch: 4  |  Layer:  5  |  Train Loss: 0.791 | Train Acc: 73.72  |  Val Loss: 0.787 | Val Acc: 71.86  |  Test Loss: 0.462 | Tes Acc: 86.83
INFO >> Epoch: 4  |  Layer:  6  |  Train Loss: 0.778 | Train Acc: 73.04  |  Val Loss: 0.788 | Val Acc: 73.30  |  Test Loss: 0.497 | Tes Acc: 86.02
INFO >> Epoch: 4  |  Layer:  7  |  Train Loss: 0.793 | Train Acc: 72.75  |  Val Loss: 0.829 | Val Acc: 70.61  |  Test Loss: 0.528 | Tes Acc: 84.14
INFO >> Epoch: 4  |  Layer:  8  |  Train Loss: 0.795 | Train Acc: 71.45  |  Val Loss: 0.837 | Val Acc: 71.51  |  Test Loss: 0.516 | Tes Acc: 86.02
INFO >> Epoch: 4  |  Layer:  9  |  Train Loss: 0.785 | Train Acc: 73.09  |  Val Loss: 0.852 | Val Acc: 71.86  |  Test Loss: 0.536 | Tes Acc: 83.87
INFO >> Epoch: 4  |  Layer: 10  |  Train Loss: 0.811 | Train Acc: 71.35  |  Val Loss: 0.855 | Val Acc: 70.07  |  Test Loss: 0.554 | Tes Acc: 82.53
INFO >> Epoch: 4  |  Layer: 11  |  Train Loss: 0.825 | Train Acc: 70.68  |  Val Loss: 0.881 | Val Acc: 71.51  |  Test Loss: 0.548 | Tes Acc: 83.33
INFO >> Epoch: 4  |  Layer: 12  |  Train Loss: 0.812 | Train Acc: 71.69  |  Val Loss: 0.863 | Val Acc: 70.43  |  Test Loss: 0.520 | Tes Acc: 84.68
INFO >> Epoch: 4  |  Layer: 13  |  Train Loss: 0.849 | Train Acc: 70.92  |  Val Loss: 0.916 | Val Acc: 69.18  |  Test Loss: 0.576 | Tes Acc: 83.60

INFO >> Epoch: 5  |  Layer:  1  |  Train Loss: 1.147 | Train Acc: 61.64  |  Val Loss: 1.068 | Val Acc: 64.34  |  Test Loss: 0.745 | Tes Acc: 77.69
INFO >> Epoch: 5  |  Layer:  2  |  Train Loss: 0.880 | Train Acc: 72.03  |  Val Loss: 0.878 | Val Acc: 72.76  |  Test Loss: 0.497 | Tes Acc: 83.87
INFO >> Epoch: 5  |  Layer:  3  |  Train Loss: 0.831 | Train Acc: 72.56  |  Val Loss: 0.815 | Val Acc: 74.73  |  Test Loss: 0.477 | Tes Acc: 84.41
INFO >> Epoch: 5  |  Layer:  4  |  Train Loss: 0.766 | Train Acc: 73.91  |  Val Loss: 0.777 | Val Acc: 75.09  |  Test Loss: 0.433 | Tes Acc: 86.29
INFO >> Epoch: 5  |  Layer:  5  |  Train Loss: 0.743 | Train Acc: 75.22  |  Val Loss: 0.745 | Val Acc: 76.70  |  Test Loss: 0.424 | Tes Acc: 86.29
INFO >> Epoch: 5  |  Layer:  6  |  Train Loss: 0.719 | Train Acc: 74.69  |  Val Loss: 0.771 | Val Acc: 75.99  |  Test Loss: 0.428 | Tes Acc: 85.48
INFO >> Epoch: 5  |  Layer:  7  |  Train Loss: 0.730 | Train Acc: 74.73  |  Val Loss: 0.776 | Val Acc: 75.27  |  Test Loss: 0.446 | Tes Acc: 84.68
INFO >> Epoch: 5  |  Layer:  8  |  Train Loss: 0.720 | Train Acc: 75.12  |  Val Loss: 0.787 | Val Acc: 74.37  |  Test Loss: 0.443 | Tes Acc: 84.68
INFO >> Epoch: 5  |  Layer:  9  |  Train Loss: 0.729 | Train Acc: 74.44  |  Val Loss: 0.785 | Val Acc: 75.27  |  Test Loss: 0.439 | Tes Acc: 84.68
INFO >> Epoch: 5  |  Layer: 10  |  Train Loss: 0.759 | Train Acc: 72.56  |  Val Loss: 0.760 | Val Acc: 74.91  |  Test Loss: 0.450 | Tes Acc: 85.22
INFO >> Epoch: 5  |  Layer: 11  |  Train Loss: 0.770 | Train Acc: 72.37  |  Val Loss: 0.794 | Val Acc: 73.84  |  Test Loss: 0.450 | Tes Acc: 83.87
INFO >> Epoch: 5  |  Layer: 12  |  Train Loss: 0.759 | Train Acc: 73.14  |  Val Loss: 0.809 | Val Acc: 72.22  |  Test Loss: 0.446 | Tes Acc: 85.22
INFO >> Epoch: 5  |  Layer: 13  |  Train Loss: 0.804 | Train Acc: 71.93  |  Val Loss: 0.868 | Val Acc: 70.97  |  Test Loss: 0.469 | Tes Acc: 84.41

INFO >> Epoch: 6  |  Layer:  1  |  Train Loss: 1.070 | Train Acc: 64.35  |  Val Loss: 1.015 | Val Acc: 69.53  |  Test Loss: 0.785 | Tes Acc: 79.57
INFO >> Epoch: 6  |  Layer:  2  |  Train Loss: 0.848 | Train Acc: 72.46  |  Val Loss: 0.831 | Val Acc: 73.66  |  Test Loss: 0.481 | Tes Acc: 88.17
INFO >> Epoch: 6  |  Layer:  3  |  Train Loss: 0.789 | Train Acc: 73.48  |  Val Loss: 0.771 | Val Acc: 75.09  |  Test Loss: 0.442 | Tes Acc: 86.56
INFO >> Epoch: 6  |  Layer:  4  |  Train Loss: 0.726 | Train Acc: 75.36  |  Val Loss: 0.731 | Val Acc: 76.52  |  Test Loss: 0.414 | Tes Acc: 89.78
INFO >> Epoch: 6  |  Layer:  5  |  Train Loss: 0.699 | Train Acc: 75.89  |  Val Loss: 0.694 | Val Acc: 78.85  |  Test Loss: 0.389 | Tes Acc: 89.25
INFO >> Epoch: 6  |  Layer:  6  |  Train Loss: 0.678 | Train Acc: 76.28  |  Val Loss: 0.694 | Val Acc: 78.49  |  Test Loss: 0.407 | Tes Acc: 88.44
INFO >> Epoch: 6  |  Layer:  7  |  Train Loss: 0.685 | Train Acc: 76.67  |  Val Loss: 0.699 | Val Acc: 78.32  |  Test Loss: 0.404 | Tes Acc: 88.44
INFO >> Epoch: 6  |  Layer:  8  |  Train Loss: 0.688 | Train Acc: 76.86  |  Val Loss: 0.707 | Val Acc: 77.42  |  Test Loss: 0.387 | Tes Acc: 88.44
INFO >> Epoch: 6  |  Layer:  9  |  Train Loss: 0.691 | Train Acc: 76.57  |  Val Loss: 0.736 | Val Acc: 75.27  |  Test Loss: 0.400 | Tes Acc: 87.90
INFO >> Epoch: 6  |  Layer: 10  |  Train Loss: 0.707 | Train Acc: 75.46  |  Val Loss: 0.698 | Val Acc: 76.34  |  Test Loss: 0.396 | Tes Acc: 87.37
INFO >> Epoch: 6  |  Layer: 11  |  Train Loss: 0.724 | Train Acc: 74.35  |  Val Loss: 0.720 | Val Acc: 75.27  |  Test Loss: 0.388 | Tes Acc: 87.63
INFO >> Epoch: 6  |  Layer: 12  |  Train Loss: 0.730 | Train Acc: 74.64  |  Val Loss: 0.738 | Val Acc: 74.19  |  Test Loss: 0.392 | Tes Acc: 88.44
INFO >> Epoch: 6  |  Layer: 13  |  Train Loss: 0.783 | Train Acc: 73.53  |  Val Loss: 0.777 | Val Acc: 73.66  |  Test Loss: 0.430 | Tes Acc: 87.10

INFO >> Epoch: 7  |  Layer:  1  |  Train Loss: 1.033 | Train Acc: 66.38  |  Val Loss: 0.963 | Val Acc: 67.03  |  Test Loss: 0.652 | Tes Acc: 81.45
INFO >> Epoch: 7  |  Layer:  2  |  Train Loss: 0.817 | Train Acc: 73.24  |  Val Loss: 0.826 | Val Acc: 75.27  |  Test Loss: 0.479 | Tes Acc: 87.90
INFO >> Epoch: 7  |  Layer:  3  |  Train Loss: 0.751 | Train Acc: 75.27  |  Val Loss: 0.759 | Val Acc: 75.45  |  Test Loss: 0.442 | Tes Acc: 87.37
INFO >> Epoch: 7  |  Layer:  4  |  Train Loss: 0.690 | Train Acc: 75.70  |  Val Loss: 0.706 | Val Acc: 75.99  |  Test Loss: 0.399 | Tes Acc: 88.71
INFO >> Epoch: 7  |  Layer:  5  |  Train Loss: 0.660 | Train Acc: 77.68  |  Val Loss: 0.677 | Val Acc: 77.78  |  Test Loss: 0.396 | Tes Acc: 90.05
INFO >> Epoch: 7  |  Layer:  6  |  Train Loss: 0.624 | Train Acc: 78.07  |  Val Loss: 0.664 | Val Acc: 77.42  |  Test Loss: 0.389 | Tes Acc: 89.52
INFO >> Epoch: 7  |  Layer:  7  |  Train Loss: 0.643 | Train Acc: 78.70  |  Val Loss: 0.671 | Val Acc: 78.32  |  Test Loss: 0.391 | Tes Acc: 88.98
INFO >> Epoch: 7  |  Layer:  8  |  Train Loss: 0.632 | Train Acc: 78.02  |  Val Loss: 0.669 | Val Acc: 79.21  |  Test Loss: 0.367 | Tes Acc: 89.52
INFO >> Epoch: 7  |  Layer:  9  |  Train Loss: 0.643 | Train Acc: 77.63  |  Val Loss: 0.680 | Val Acc: 78.49  |  Test Loss: 0.365 | Tes Acc: 90.59
INFO >> Epoch: 7  |  Layer: 10  |  Train Loss: 0.655 | Train Acc: 77.10  |  Val Loss: 0.670 | Val Acc: 77.78  |  Test Loss: 0.383 | Tes Acc: 90.05
INFO >> Epoch: 7  |  Layer: 11  |  Train Loss: 0.672 | Train Acc: 76.09  |  Val Loss: 0.693 | Val Acc: 77.96  |  Test Loss: 0.383 | Tes Acc: 89.25
INFO >> Epoch: 7  |  Layer: 12  |  Train Loss: 0.668 | Train Acc: 76.96  |  Val Loss: 0.695 | Val Acc: 76.16  |  Test Loss: 0.369 | Tes Acc: 88.71
INFO >> Epoch: 7  |  Layer: 13  |  Train Loss: 0.722 | Train Acc: 75.17  |  Val Loss: 0.716 | Val Acc: 76.16  |  Test Loss: 0.386 | Tes Acc: 88.71

INFO >> Epoch: 8  |  Layer:  1  |  Train Loss: 0.994 | Train Acc: 66.23  |  Val Loss: 0.954 | Val Acc: 69.18  |  Test Loss: 0.632 | Tes Acc: 82.80
INFO >> Epoch: 8  |  Layer:  2  |  Train Loss: 0.774 | Train Acc: 74.25  |  Val Loss: 0.780 | Val Acc: 73.84  |  Test Loss: 0.440 | Tes Acc: 87.37
INFO >> Epoch: 8  |  Layer:  3  |  Train Loss: 0.718 | Train Acc: 75.60  |  Val Loss: 0.738 | Val Acc: 74.37  |  Test Loss: 0.413 | Tes Acc: 86.56
INFO >> Epoch: 8  |  Layer:  4  |  Train Loss: 0.655 | Train Acc: 77.63  |  Val Loss: 0.673 | Val Acc: 75.81  |  Test Loss: 0.379 | Tes Acc: 88.71
INFO >> Epoch: 8  |  Layer:  5  |  Train Loss: 0.618 | Train Acc: 78.55  |  Val Loss: 0.643 | Val Acc: 78.14  |  Test Loss: 0.373 | Tes Acc: 88.71
INFO >> Epoch: 8  |  Layer:  6  |  Train Loss: 0.612 | Train Acc: 79.47  |  Val Loss: 0.646 | Val Acc: 77.06  |  Test Loss: 0.387 | Tes Acc: 88.17
INFO >> Epoch: 8  |  Layer:  7  |  Train Loss: 0.612 | Train Acc: 79.86  |  Val Loss: 0.642 | Val Acc: 79.21  |  Test Loss: 0.382 | Tes Acc: 87.63
INFO >> Epoch: 8  |  Layer:  8  |  Train Loss: 0.607 | Train Acc: 79.23  |  Val Loss: 0.679 | Val Acc: 79.57  |  Test Loss: 0.373 | Tes Acc: 86.83
INFO >> Epoch: 8  |  Layer:  9  |  Train Loss: 0.601 | Train Acc: 79.95  |  Val Loss: 0.695 | Val Acc: 77.42  |  Test Loss: 0.372 | Tes Acc: 88.71
INFO >> Epoch: 8  |  Layer: 10  |  Train Loss: 0.613 | Train Acc: 78.70  |  Val Loss: 0.688 | Val Acc: 75.09  |  Test Loss: 0.396 | Tes Acc: 86.29
INFO >> Epoch: 8  |  Layer: 11  |  Train Loss: 0.645 | Train Acc: 78.55  |  Val Loss: 0.746 | Val Acc: 73.12  |  Test Loss: 0.422 | Tes Acc: 85.22
INFO >> Epoch: 8  |  Layer: 12  |  Train Loss: 0.657 | Train Acc: 77.34  |  Val Loss: 0.740 | Val Acc: 72.76  |  Test Loss: 0.417 | Tes Acc: 84.68
INFO >> Epoch: 8  |  Layer: 13  |  Train Loss: 0.702 | Train Acc: 75.94  |  Val Loss: 0.754 | Val Acc: 74.19  |  Test Loss: 0.437 | Tes Acc: 84.68

INFO >> Epoch: 9  |  Layer:  1  |  Train Loss: 0.961 | Train Acc: 68.50  |  Val Loss: 1.049 | Val Acc: 63.44  |  Test Loss: 0.676 | Tes Acc: 77.96
INFO >> Epoch: 9  |  Layer:  2  |  Train Loss: 0.748 | Train Acc: 75.65  |  Val Loss: 0.768 | Val Acc: 75.63  |  Test Loss: 0.400 | Tes Acc: 89.52
INFO >> Epoch: 9  |  Layer:  3  |  Train Loss: 0.695 | Train Acc: 77.15  |  Val Loss: 0.716 | Val Acc: 77.96  |  Test Loss: 0.385 | Tes Acc: 89.25
INFO >> Epoch: 9  |  Layer:  4  |  Train Loss: 0.631 | Train Acc: 78.65  |  Val Loss: 0.663 | Val Acc: 77.42  |  Test Loss: 0.346 | Tes Acc: 89.52
INFO >> Epoch: 9  |  Layer:  5  |  Train Loss: 0.588 | Train Acc: 80.10  |  Val Loss: 0.628 | Val Acc: 79.03  |  Test Loss: 0.348 | Tes Acc: 90.05
INFO >> Epoch: 9  |  Layer:  6  |  Train Loss: 0.579 | Train Acc: 80.82  |  Val Loss: 0.631 | Val Acc: 78.67  |  Test Loss: 0.344 | Tes Acc: 90.05
INFO >> Epoch: 9  |  Layer:  7  |  Train Loss: 0.575 | Train Acc: 80.39  |  Val Loss: 0.638 | Val Acc: 79.57  |  Test Loss: 0.357 | Tes Acc: 90.32
INFO >> Epoch: 9  |  Layer:  8  |  Train Loss: 0.570 | Train Acc: 80.24  |  Val Loss: 0.658 | Val Acc: 80.11  |  Test Loss: 0.368 | Tes Acc: 88.98
INFO >> Epoch: 9  |  Layer:  9  |  Train Loss: 0.568 | Train Acc: 80.82  |  Val Loss: 0.669 | Val Acc: 78.49  |  Test Loss: 0.352 | Tes Acc: 89.25
INFO >> Epoch: 9  |  Layer: 10  |  Train Loss: 0.578 | Train Acc: 80.14  |  Val Loss: 0.679 | Val Acc: 77.24  |  Test Loss: 0.382 | Tes Acc: 88.98
INFO >> Epoch: 9  |  Layer: 11  |  Train Loss: 0.616 | Train Acc: 78.65  |  Val Loss: 0.755 | Val Acc: 75.99  |  Test Loss: 0.420 | Tes Acc: 85.75
INFO >> Epoch: 9  |  Layer: 12  |  Train Loss: 0.619 | Train Acc: 79.18  |  Val Loss: 0.701 | Val Acc: 76.52  |  Test Loss: 0.379 | Tes Acc: 87.37
INFO >> Epoch: 9  |  Layer: 13  |  Train Loss: 0.683 | Train Acc: 75.80  |  Val Loss: 0.741 | Val Acc: 74.91  |  Test Loss: 0.424 | Tes Acc: 86.56

INFO >> Epoch: 10  |  Layer:  1  |  Train Loss: 0.939 | Train Acc: 68.99  |  Val Loss: 0.922 | Val Acc: 69.71  |  Test Loss: 0.581 | Tes Acc: 81.99
INFO >> Epoch: 10  |  Layer:  2  |  Train Loss: 0.709 | Train Acc: 76.04  |  Val Loss: 0.752 | Val Acc: 77.24  |  Test Loss: 0.415 | Tes Acc: 88.44
INFO >> Epoch: 10  |  Layer:  3  |  Train Loss: 0.655 | Train Acc: 78.12  |  Val Loss: 0.705 | Val Acc: 77.06  |  Test Loss: 0.393 | Tes Acc: 88.17
INFO >> Epoch: 10  |  Layer:  4  |  Train Loss: 0.602 | Train Acc: 79.52  |  Val Loss: 0.654 | Val Acc: 77.96  |  Test Loss: 0.358 | Tes Acc: 89.25
INFO >> Epoch: 10  |  Layer:  5  |  Train Loss: 0.546 | Train Acc: 82.13  |  Val Loss: 0.627 | Val Acc: 78.67  |  Test Loss: 0.351 | Tes Acc: 89.52
INFO >> Epoch: 10  |  Layer:  6  |  Train Loss: 0.541 | Train Acc: 81.88  |  Val Loss: 0.621 | Val Acc: 79.57  |  Test Loss: 0.358 | Tes Acc: 89.52
INFO >> Epoch: 10  |  Layer:  7  |  Train Loss: 0.548 | Train Acc: 81.74  |  Val Loss: 0.636 | Val Acc: 80.29  |  Test Loss: 0.363 | Tes Acc: 89.52
INFO >> Epoch: 10  |  Layer:  8  |  Train Loss: 0.534 | Train Acc: 81.50  |  Val Loss: 0.662 | Val Acc: 80.11  |  Test Loss: 0.350 | Tes Acc: 90.32
INFO >> Epoch: 10  |  Layer:  9  |  Train Loss: 0.524 | Train Acc: 82.66  |  Val Loss: 0.678 | Val Acc: 78.67  |  Test Loss: 0.364 | Tes Acc: 88.17
INFO >> Epoch: 10  |  Layer: 10  |  Train Loss: 0.543 | Train Acc: 81.35  |  Val Loss: 0.649 | Val Acc: 77.96  |  Test Loss: 0.361 | Tes Acc: 89.25
INFO >> Epoch: 10  |  Layer: 11  |  Train Loss: 0.590 | Train Acc: 80.19  |  Val Loss: 0.680 | Val Acc: 77.42  |  Test Loss: 0.359 | Tes Acc: 88.98
INFO >> Epoch: 10  |  Layer: 12  |  Train Loss: 0.601 | Train Acc: 79.37  |  Val Loss: 0.683 | Val Acc: 75.27  |  Test Loss: 0.357 | Tes Acc: 88.98
INFO >> Epoch: 10  |  Layer: 13  |  Train Loss: 0.676 | Train Acc: 76.57  |  Val Loss: 0.707 | Val Acc: 77.60  |  Test Loss: 0.390 | Tes Acc: 88.98

INFO >> Epoch: 11  |  Layer:  1  |  Train Loss: 0.935 | Train Acc: 69.90  |  Val Loss: 0.927 | Val Acc: 68.10  |  Test Loss: 0.613 | Tes Acc: 80.65
INFO >> Epoch: 11  |  Layer:  2  |  Train Loss: 0.707 | Train Acc: 76.57  |  Val Loss: 0.763 | Val Acc: 76.34  |  Test Loss: 0.410 | Tes Acc: 88.17
INFO >> Epoch: 11  |  Layer:  3  |  Train Loss: 0.656 | Train Acc: 77.97  |  Val Loss: 0.712 | Val Acc: 77.78  |  Test Loss: 0.377 | Tes Acc: 87.37
INFO >> Epoch: 11  |  Layer:  4  |  Train Loss: 0.585 | Train Acc: 80.10  |  Val Loss: 0.669 | Val Acc: 78.49  |  Test Loss: 0.360 | Tes Acc: 88.17
INFO >> Epoch: 11  |  Layer:  5  |  Train Loss: 0.538 | Train Acc: 81.64  |  Val Loss: 0.653 | Val Acc: 78.67  |  Test Loss: 0.372 | Tes Acc: 86.83
INFO >> Epoch: 11  |  Layer:  6  |  Train Loss: 0.521 | Train Acc: 82.42  |  Val Loss: 0.641 | Val Acc: 78.67  |  Test Loss: 0.380 | Tes Acc: 86.83
INFO >> Epoch: 11  |  Layer:  7  |  Train Loss: 0.516 | Train Acc: 82.90  |  Val Loss: 0.597 | Val Acc: 81.00  |  Test Loss: 0.341 | Tes Acc: 88.44
INFO >> Epoch: 11  |  Layer:  8  |  Train Loss: 0.515 | Train Acc: 82.80  |  Val Loss: 0.649 | Val Acc: 80.82  |  Test Loss: 0.350 | Tes Acc: 88.17
INFO >> Epoch: 11  |  Layer:  9  |  Train Loss: 0.513 | Train Acc: 82.37  |  Val Loss: 0.656 | Val Acc: 81.36  |  Test Loss: 0.320 | Tes Acc: 90.32
INFO >> Epoch: 11  |  Layer: 10  |  Train Loss: 0.525 | Train Acc: 81.11  |  Val Loss: 0.635 | Val Acc: 78.85  |  Test Loss: 0.330 | Tes Acc: 89.78
INFO >> Epoch: 11  |  Layer: 11  |  Train Loss: 0.548 | Train Acc: 80.68  |  Val Loss: 0.649 | Val Acc: 79.21  |  Test Loss: 0.350 | Tes Acc: 88.44
INFO >> Epoch: 11  |  Layer: 12  |  Train Loss: 0.561 | Train Acc: 80.43  |  Val Loss: 0.665 | Val Acc: 78.85  |  Test Loss: 0.362 | Tes Acc: 89.52
INFO >> Epoch: 11  |  Layer: 13  |  Train Loss: 0.629 | Train Acc: 78.94  |  Val Loss: 0.682 | Val Acc: 76.34  |  Test Loss: 0.390 | Tes Acc: 87.90

INFO >> Epoch: 12  |  Layer:  1  |  Train Loss: 0.910 | Train Acc: 68.45  |  Val Loss: 0.871 | Val Acc: 71.68  |  Test Loss: 0.636 | Tes Acc: 83.60
INFO >> Epoch: 12  |  Layer:  2  |  Train Loss: 0.680 | Train Acc: 76.96  |  Val Loss: 0.720 | Val Acc: 77.06  |  Test Loss: 0.411 | Tes Acc: 90.59
INFO >> Epoch: 12  |  Layer:  3  |  Train Loss: 0.629 | Train Acc: 78.84  |  Val Loss: 0.686 | Val Acc: 76.70  |  Test Loss: 0.369 | Tes Acc: 88.98
INFO >> Epoch: 12  |  Layer:  4  |  Train Loss: 0.561 | Train Acc: 80.77  |  Val Loss: 0.650 | Val Acc: 76.88  |  Test Loss: 0.356 | Tes Acc: 89.25
INFO >> Epoch: 12  |  Layer:  5  |  Train Loss: 0.521 | Train Acc: 82.75  |  Val Loss: 0.628 | Val Acc: 77.42  |  Test Loss: 0.360 | Tes Acc: 88.44
INFO >> Epoch: 12  |  Layer:  6  |  Train Loss: 0.498 | Train Acc: 83.72  |  Val Loss: 0.653 | Val Acc: 75.81  |  Test Loss: 0.375 | Tes Acc: 90.32
INFO >> Epoch: 12  |  Layer:  7  |  Train Loss: 0.490 | Train Acc: 83.48  |  Val Loss: 0.660 | Val Acc: 75.99  |  Test Loss: 0.371 | Tes Acc: 87.90
INFO >> Epoch: 12  |  Layer:  8  |  Train Loss: 0.480 | Train Acc: 83.96  |  Val Loss: 0.663 | Val Acc: 78.49  |  Test Loss: 0.341 | Tes Acc: 89.52
INFO >> Epoch: 12  |  Layer:  9  |  Train Loss: 0.476 | Train Acc: 83.86  |  Val Loss: 0.686 | Val Acc: 76.34  |  Test Loss: 0.355 | Tes Acc: 88.71
INFO >> Epoch: 12  |  Layer: 10  |  Train Loss: 0.503 | Train Acc: 82.37  |  Val Loss: 0.655 | Val Acc: 77.42  |  Test Loss: 0.352 | Tes Acc: 88.17
INFO >> Epoch: 12  |  Layer: 11  |  Train Loss: 0.544 | Train Acc: 80.63  |  Val Loss: 0.714 | Val Acc: 74.19  |  Test Loss: 0.400 | Tes Acc: 87.63
INFO >> Epoch: 12  |  Layer: 12  |  Train Loss: 0.546 | Train Acc: 81.50  |  Val Loss: 0.716 | Val Acc: 73.48  |  Test Loss: 0.375 | Tes Acc: 87.37
INFO >> Epoch: 12  |  Layer: 13  |  Train Loss: 0.627 | Train Acc: 78.41  |  Val Loss: 0.709 | Val Acc: 74.55  |  Test Loss: 0.448 | Tes Acc: 88.17

INFO >> Epoch: 13  |  Layer:  1  |  Train Loss: 0.884 | Train Acc: 70.34  |  Val Loss: 0.835 | Val Acc: 71.68  |  Test Loss: 0.547 | Tes Acc: 84.14
INFO >> Epoch: 13  |  Layer:  2  |  Train Loss: 0.665 | Train Acc: 78.02  |  Val Loss: 0.722 | Val Acc: 77.06  |  Test Loss: 0.398 | Tes Acc: 87.63
INFO >> Epoch: 13  |  Layer:  3  |  Train Loss: 0.624 | Train Acc: 78.94  |  Val Loss: 0.679 | Val Acc: 77.24  |  Test Loss: 0.386 | Tes Acc: 87.90
INFO >> Epoch: 13  |  Layer:  4  |  Train Loss: 0.541 | Train Acc: 81.55  |  Val Loss: 0.619 | Val Acc: 77.78  |  Test Loss: 0.347 | Tes Acc: 87.90
INFO >> Epoch: 13  |  Layer:  5  |  Train Loss: 0.484 | Train Acc: 83.96  |  Val Loss: 0.595 | Val Acc: 79.75  |  Test Loss: 0.362 | Tes Acc: 89.25
INFO >> Epoch: 13  |  Layer:  6  |  Train Loss: 0.470 | Train Acc: 84.83  |  Val Loss: 0.610 | Val Acc: 80.11  |  Test Loss: 0.380 | Tes Acc: 86.29
INFO >> Epoch: 13  |  Layer:  7  |  Train Loss: 0.460 | Train Acc: 84.64  |  Val Loss: 0.613 | Val Acc: 79.21  |  Test Loss: 0.382 | Tes Acc: 86.83
INFO >> Epoch: 13  |  Layer:  8  |  Train Loss: 0.452 | Train Acc: 84.35  |  Val Loss: 0.675 | Val Acc: 77.42  |  Test Loss: 0.416 | Tes Acc: 86.56
INFO >> Epoch: 13  |  Layer:  9  |  Train Loss: 0.453 | Train Acc: 85.07  |  Val Loss: 0.668 | Val Acc: 76.52  |  Test Loss: 0.360 | Tes Acc: 87.37
INFO >> Epoch: 13  |  Layer: 10  |  Train Loss: 0.467 | Train Acc: 84.15  |  Val Loss: 0.663 | Val Acc: 75.99  |  Test Loss: 0.387 | Tes Acc: 87.10
INFO >> Epoch: 13  |  Layer: 11  |  Train Loss: 0.495 | Train Acc: 83.29  |  Val Loss: 0.679 | Val Acc: 76.88  |  Test Loss: 0.375 | Tes Acc: 86.83
INFO >> Epoch: 13  |  Layer: 12  |  Train Loss: 0.516 | Train Acc: 82.13  |  Val Loss: 0.694 | Val Acc: 75.09  |  Test Loss: 0.418 | Tes Acc: 86.56
INFO >> Epoch: 13  |  Layer: 13  |  Train Loss: 0.593 | Train Acc: 80.39  |  Val Loss: 0.662 | Val Acc: 76.52  |  Test Loss: 0.388 | Tes Acc: 87.90

INFO >> Epoch: 14  |  Layer:  1  |  Train Loss: 0.864 | Train Acc: 70.87  |  Val Loss: 0.878 | Val Acc: 70.25  |  Test Loss: 0.510 | Tes Acc: 83.33
INFO >> Epoch: 14  |  Layer:  2  |  Train Loss: 0.634 | Train Acc: 79.32  |  Val Loss: 0.710 | Val Acc: 78.14  |  Test Loss: 0.365 | Tes Acc: 89.78
INFO >> Epoch: 14  |  Layer:  3  |  Train Loss: 0.587 | Train Acc: 80.34  |  Val Loss: 0.663 | Val Acc: 79.03  |  Test Loss: 0.338 | Tes Acc: 89.52
INFO >> Epoch: 14  |  Layer:  4  |  Train Loss: 0.516 | Train Acc: 82.61  |  Val Loss: 0.623 | Val Acc: 80.82  |  Test Loss: 0.333 | Tes Acc: 89.25
INFO >> Epoch: 14  |  Layer:  5  |  Train Loss: 0.468 | Train Acc: 84.35  |  Val Loss: 0.631 | Val Acc: 79.39  |  Test Loss: 0.356 | Tes Acc: 88.98
INFO >> Epoch: 14  |  Layer:  6  |  Train Loss: 0.439 | Train Acc: 84.98  |  Val Loss: 0.611 | Val Acc: 80.11  |  Test Loss: 0.343 | Tes Acc: 90.59
INFO >> Epoch: 14  |  Layer:  7  |  Train Loss: 0.439 | Train Acc: 85.56  |  Val Loss: 0.608 | Val Acc: 82.08  |  Test Loss: 0.339 | Tes Acc: 88.98
INFO >> Epoch: 14  |  Layer:  8  |  Train Loss: 0.433 | Train Acc: 86.09  |  Val Loss: 0.647 | Val Acc: 79.75  |  Test Loss: 0.357 | Tes Acc: 90.05
INFO >> Epoch: 14  |  Layer:  9  |  Train Loss: 0.435 | Train Acc: 85.17  |  Val Loss: 0.682 | Val Acc: 79.39  |  Test Loss: 0.346 | Tes Acc: 88.71
INFO >> Epoch: 14  |  Layer: 10  |  Train Loss: 0.448 | Train Acc: 84.64  |  Val Loss: 0.649 | Val Acc: 76.52  |  Test Loss: 0.346 | Tes Acc: 89.52
INFO >> Epoch: 14  |  Layer: 11  |  Train Loss: 0.481 | Train Acc: 83.91  |  Val Loss: 0.667 | Val Acc: 76.88  |  Test Loss: 0.355 | Tes Acc: 88.17
INFO >> Epoch: 14  |  Layer: 12  |  Train Loss: 0.496 | Train Acc: 83.29  |  Val Loss: 0.666 | Val Acc: 78.14  |  Test Loss: 0.367 | Tes Acc: 88.71
INFO >> Epoch: 14  |  Layer: 13  |  Train Loss: 0.572 | Train Acc: 81.74  |  Val Loss: 0.679 | Val Acc: 78.32  |  Test Loss: 0.376 | Tes Acc: 87.90

INFO >> Epoch: 15  |  Layer:  1  |  Train Loss: 0.818 | Train Acc: 72.66  |  Val Loss: 0.796 | Val Acc: 71.86  |  Test Loss: 0.504 | Tes Acc: 84.95
INFO >> Epoch: 15  |  Layer:  2  |  Train Loss: 0.602 | Train Acc: 80.05  |  Val Loss: 0.716 | Val Acc: 76.52  |  Test Loss: 0.396 | Tes Acc: 88.71
INFO >> Epoch: 15  |  Layer:  3  |  Train Loss: 0.562 | Train Acc: 80.92  |  Val Loss: 0.670 | Val Acc: 78.14  |  Test Loss: 0.345 | Tes Acc: 89.78
INFO >> Epoch: 15  |  Layer:  4  |  Train Loss: 0.480 | Train Acc: 83.86  |  Val Loss: 0.628 | Val Acc: 79.57  |  Test Loss: 0.307 | Tes Acc: 90.32
INFO >> Epoch: 15  |  Layer:  5  |  Train Loss: 0.432 | Train Acc: 85.27  |  Val Loss: 0.612 | Val Acc: 80.11  |  Test Loss: 0.323 | Tes Acc: 89.52
INFO >> Epoch: 15  |  Layer:  6  |  Train Loss: 0.421 | Train Acc: 85.65  |  Val Loss: 0.593 | Val Acc: 80.65  |  Test Loss: 0.318 | Tes Acc: 90.86
INFO >> Epoch: 15  |  Layer:  7  |  Train Loss: 0.410 | Train Acc: 86.57  |  Val Loss: 0.582 | Val Acc: 81.00  |  Test Loss: 0.311 | Tes Acc: 90.59
INFO >> Epoch: 15  |  Layer:  8  |  Train Loss: 0.399 | Train Acc: 86.52  |  Val Loss: 0.626 | Val Acc: 79.39  |  Test Loss: 0.315 | Tes Acc: 89.52
INFO >> Epoch: 15  |  Layer:  9  |  Train Loss: 0.413 | Train Acc: 85.46  |  Val Loss: 0.653 | Val Acc: 79.21  |  Test Loss: 0.313 | Tes Acc: 88.98
INFO >> Epoch: 15  |  Layer: 10  |  Train Loss: 0.423 | Train Acc: 85.31  |  Val Loss: 0.654 | Val Acc: 79.03  |  Test Loss: 0.316 | Tes Acc: 90.86
INFO >> Epoch: 15  |  Layer: 11  |  Train Loss: 0.457 | Train Acc: 84.64  |  Val Loss: 0.667 | Val Acc: 78.14  |  Test Loss: 0.324 | Tes Acc: 88.98
INFO >> Epoch: 15  |  Layer: 12  |  Train Loss: 0.478 | Train Acc: 84.06  |  Val Loss: 0.638 | Val Acc: 79.21  |  Test Loss: 0.327 | Tes Acc: 90.32
INFO >> Epoch: 15  |  Layer: 13  |  Train Loss: 0.546 | Train Acc: 81.40  |  Val Loss: 0.680 | Val Acc: 76.16  |  Test Loss: 0.334 | Tes Acc: 90.86

INFO >> Epoch: 16  |  Layer:  1  |  Train Loss: 0.861 | Train Acc: 70.92  |  Val Loss: 0.947 | Val Acc: 66.85  |  Test Loss: 0.714 | Tes Acc: 77.69
INFO >> Epoch: 16  |  Layer:  2  |  Train Loss: 0.617 | Train Acc: 79.08  |  Val Loss: 0.683 | Val Acc: 79.39  |  Test Loss: 0.383 | Tes Acc: 90.32
INFO >> Epoch: 16  |  Layer:  3  |  Train Loss: 0.578 | Train Acc: 81.01  |  Val Loss: 0.659 | Val Acc: 78.85  |  Test Loss: 0.355 | Tes Acc: 88.71
INFO >> Epoch: 16  |  Layer:  4  |  Train Loss: 0.514 | Train Acc: 82.22  |  Val Loss: 0.617 | Val Acc: 79.57  |  Test Loss: 0.324 | Tes Acc: 89.25
INFO >> Epoch: 16  |  Layer:  5  |  Train Loss: 0.454 | Train Acc: 84.88  |  Val Loss: 0.580 | Val Acc: 82.26  |  Test Loss: 0.331 | Tes Acc: 88.71
INFO >> Epoch: 16  |  Layer:  6  |  Train Loss: 0.433 | Train Acc: 85.51  |  Val Loss: 0.601 | Val Acc: 81.18  |  Test Loss: 0.326 | Tes Acc: 90.59
INFO >> Epoch: 16  |  Layer:  7  |  Train Loss: 0.416 | Train Acc: 86.43  |  Val Loss: 0.594 | Val Acc: 80.82  |  Test Loss: 0.331 | Tes Acc: 88.71
INFO >> Epoch: 16  |  Layer:  8  |  Train Loss: 0.424 | Train Acc: 85.60  |  Val Loss: 0.629 | Val Acc: 80.29  |  Test Loss: 0.341 | Tes Acc: 89.25
INFO >> Epoch: 16  |  Layer:  9  |  Train Loss: 0.410 | Train Acc: 86.23  |  Val Loss: 0.679 | Val Acc: 79.03  |  Test Loss: 0.328 | Tes Acc: 89.52
INFO >> Epoch: 16  |  Layer: 10  |  Train Loss: 0.467 | Train Acc: 83.91  |  Val Loss: 0.649 | Val Acc: 78.14  |  Test Loss: 0.339 | Tes Acc: 89.25
INFO >> Epoch: 16  |  Layer: 11  |  Train Loss: 0.476 | Train Acc: 84.35  |  Val Loss: 0.695 | Val Acc: 78.49  |  Test Loss: 0.337 | Tes Acc: 88.98
INFO >> Epoch: 16  |  Layer: 12  |  Train Loss: 0.489 | Train Acc: 83.38  |  Val Loss: 0.653 | Val Acc: 78.14  |  Test Loss: 0.335 | Tes Acc: 89.25
INFO >> Epoch: 16  |  Layer: 13  |  Train Loss: 0.568 | Train Acc: 79.81  |  Val Loss: 0.681 | Val Acc: 76.88  |  Test Loss: 0.387 | Tes Acc: 86.83

INFO >> Epoch: 17  |  Layer:  1  |  Train Loss: 0.823 | Train Acc: 72.32  |  Val Loss: 0.799 | Val Acc: 73.30  |  Test Loss: 0.489 | Tes Acc: 83.60
INFO >> Epoch: 17  |  Layer:  2  |  Train Loss: 0.579 | Train Acc: 80.82  |  Val Loss: 0.702 | Val Acc: 78.32  |  Test Loss: 0.348 | Tes Acc: 91.40
INFO >> Epoch: 17  |  Layer:  3  |  Train Loss: 0.533 | Train Acc: 82.56  |  Val Loss: 0.671 | Val Acc: 79.39  |  Test Loss: 0.326 | Tes Acc: 90.05
INFO >> Epoch: 17  |  Layer:  4  |  Train Loss: 0.464 | Train Acc: 83.82  |  Val Loss: 0.644 | Val Acc: 80.11  |  Test Loss: 0.314 | Tes Acc: 90.86
INFO >> Epoch: 17  |  Layer:  5  |  Train Loss: 0.406 | Train Acc: 86.91  |  Val Loss: 0.635 | Val Acc: 79.21  |  Test Loss: 0.317 | Tes Acc: 90.05
INFO >> Epoch: 17  |  Layer:  6  |  Train Loss: 0.387 | Train Acc: 87.05  |  Val Loss: 0.630 | Val Acc: 79.57  |  Test Loss: 0.325 | Tes Acc: 90.05
INFO >> Epoch: 17  |  Layer:  7  |  Train Loss: 0.395 | Train Acc: 86.43  |  Val Loss: 0.619 | Val Acc: 80.47  |  Test Loss: 0.324 | Tes Acc: 89.52
INFO >> Epoch: 17  |  Layer:  8  |  Train Loss: 0.380 | Train Acc: 86.62  |  Val Loss: 0.666 | Val Acc: 80.82  |  Test Loss: 0.320 | Tes Acc: 89.78
INFO >> Epoch: 17  |  Layer:  9  |  Train Loss: 0.386 | Train Acc: 86.33  |  Val Loss: 0.692 | Val Acc: 79.75  |  Test Loss: 0.319 | Tes Acc: 89.25
INFO >> Epoch: 17  |  Layer: 10  |  Train Loss: 0.412 | Train Acc: 85.22  |  Val Loss: 0.646 | Val Acc: 79.03  |  Test Loss: 0.324 | Tes Acc: 90.05
INFO >> Epoch: 17  |  Layer: 11  |  Train Loss: 0.431 | Train Acc: 85.12  |  Val Loss: 0.678 | Val Acc: 78.32  |  Test Loss: 0.329 | Tes Acc: 89.52
INFO >> Epoch: 17  |  Layer: 12  |  Train Loss: 0.448 | Train Acc: 84.49  |  Val Loss: 0.721 | Val Acc: 76.70  |  Test Loss: 0.368 | Tes Acc: 86.83
INFO >> Epoch: 17  |  Layer: 13  |  Train Loss: 0.532 | Train Acc: 81.93  |  Val Loss: 0.702 | Val Acc: 76.70  |  Test Loss: 0.350 | Tes Acc: 87.63

INFO >> Epoch: 18  |  Layer:  1  |  Train Loss: 0.790 | Train Acc: 73.48  |  Val Loss: 0.795 | Val Acc: 72.76  |  Test Loss: 0.488 | Tes Acc: 83.33
INFO >> Epoch: 18  |  Layer:  2  |  Train Loss: 0.579 | Train Acc: 80.34  |  Val Loss: 0.788 | Val Acc: 75.45  |  Test Loss: 0.441 | Tes Acc: 86.02
INFO >> Epoch: 18  |  Layer:  3  |  Train Loss: 0.528 | Train Acc: 82.75  |  Val Loss: 0.744 | Val Acc: 77.42  |  Test Loss: 0.418 | Tes Acc: 86.83
INFO >> Epoch: 18  |  Layer:  4  |  Train Loss: 0.460 | Train Acc: 84.30  |  Val Loss: 0.731 | Val Acc: 76.52  |  Test Loss: 0.388 | Tes Acc: 87.10
INFO >> Epoch: 18  |  Layer:  5  |  Train Loss: 0.403 | Train Acc: 86.38  |  Val Loss: 0.705 | Val Acc: 80.65  |  Test Loss: 0.362 | Tes Acc: 89.78
INFO >> Epoch: 18  |  Layer:  6  |  Train Loss: 0.383 | Train Acc: 87.78  |  Val Loss: 0.617 | Val Acc: 80.65  |  Test Loss: 0.347 | Tes Acc: 90.32
INFO >> Epoch: 18  |  Layer:  7  |  Train Loss: 0.388 | Train Acc: 87.00  |  Val Loss: 0.629 | Val Acc: 79.93  |  Test Loss: 0.358 | Tes Acc: 88.71
INFO >> Epoch: 18  |  Layer:  8  |  Train Loss: 0.373 | Train Acc: 87.54  |  Val Loss: 0.657 | Val Acc: 80.82  |  Test Loss: 0.349 | Tes Acc: 88.98
INFO >> Epoch: 18  |  Layer:  9  |  Train Loss: 0.377 | Train Acc: 87.15  |  Val Loss: 0.671 | Val Acc: 77.78  |  Test Loss: 0.337 | Tes Acc: 88.17
INFO >> Epoch: 18  |  Layer: 10  |  Train Loss: 0.377 | Train Acc: 86.43  |  Val Loss: 0.678 | Val Acc: 76.16  |  Test Loss: 0.365 | Tes Acc: 87.90
INFO >> Epoch: 18  |  Layer: 11  |  Train Loss: 0.413 | Train Acc: 86.28  |  Val Loss: 0.688 | Val Acc: 77.60  |  Test Loss: 0.353 | Tes Acc: 87.90
INFO >> Epoch: 18  |  Layer: 12  |  Train Loss: 0.440 | Train Acc: 85.12  |  Val Loss: 0.647 | Val Acc: 76.88  |  Test Loss: 0.351 | Tes Acc: 88.71
INFO >> Epoch: 18  |  Layer: 13  |  Train Loss: 0.523 | Train Acc: 81.40  |  Val Loss: 0.702 | Val Acc: 76.16  |  Test Loss: 0.412 | Tes Acc: 88.17

INFO >> Epoch: 19  |  Layer:  1  |  Train Loss: 0.760 | Train Acc: 74.40  |  Val Loss: 0.761 | Val Acc: 74.73  |  Test Loss: 0.504 | Tes Acc: 86.29
INFO >> Epoch: 19  |  Layer:  2  |  Train Loss: 0.543 | Train Acc: 81.40  |  Val Loss: 0.669 | Val Acc: 78.67  |  Test Loss: 0.391 | Tes Acc: 90.32
INFO >> Epoch: 19  |  Layer:  3  |  Train Loss: 0.499 | Train Acc: 83.77  |  Val Loss: 0.636 | Val Acc: 80.29  |  Test Loss: 0.352 | Tes Acc: 89.52
INFO >> Epoch: 19  |  Layer:  4  |  Train Loss: 0.428 | Train Acc: 85.65  |  Val Loss: 0.601 | Val Acc: 80.11  |  Test Loss: 0.315 | Tes Acc: 90.86
INFO >> Epoch: 19  |  Layer:  5  |  Train Loss: 0.378 | Train Acc: 87.97  |  Val Loss: 0.582 | Val Acc: 82.08  |  Test Loss: 0.320 | Tes Acc: 90.86
INFO >> Epoch: 19  |  Layer:  6  |  Train Loss: 0.351 | Train Acc: 89.18  |  Val Loss: 0.577 | Val Acc: 81.18  |  Test Loss: 0.330 | Tes Acc: 90.32
INFO >> Epoch: 19  |  Layer:  7  |  Train Loss: 0.359 | Train Acc: 88.41  |  Val Loss: 0.575 | Val Acc: 82.08  |  Test Loss: 0.324 | Tes Acc: 89.78
INFO >> Epoch: 19  |  Layer:  8  |  Train Loss: 0.341 | Train Acc: 89.03  |  Val Loss: 0.643 | Val Acc: 80.47  |  Test Loss: 0.316 | Tes Acc: 90.86
INFO >> Epoch: 19  |  Layer:  9  |  Train Loss: 0.340 | Train Acc: 88.89  |  Val Loss: 0.667 | Val Acc: 78.49  |  Test Loss: 0.299 | Tes Acc: 89.78
INFO >> Epoch: 19  |  Layer: 10  |  Train Loss: 0.352 | Train Acc: 88.41  |  Val Loss: 0.657 | Val Acc: 77.06  |  Test Loss: 0.316 | Tes Acc: 90.86
INFO >> Epoch: 19  |  Layer: 11  |  Train Loss: 0.385 | Train Acc: 87.39  |  Val Loss: 0.673 | Val Acc: 77.96  |  Test Loss: 0.323 | Tes Acc: 89.52
INFO >> Epoch: 19  |  Layer: 12  |  Train Loss: 0.409 | Train Acc: 86.43  |  Val Loss: 0.636 | Val Acc: 78.49  |  Test Loss: 0.350 | Tes Acc: 87.37
INFO >> Epoch: 19  |  Layer: 13  |  Train Loss: 0.493 | Train Acc: 83.53  |  Val Loss: 0.642 | Val Acc: 79.21  |  Test Loss: 0.358 | Tes Acc: 87.90

INFO >> Epoch: 20  |  Layer:  1  |  Train Loss: 0.774 | Train Acc: 73.96  |  Val Loss: 0.818 | Val Acc: 72.22  |  Test Loss: 0.559 | Tes Acc: 84.68
INFO >> Epoch: 20  |  Layer:  2  |  Train Loss: 0.531 | Train Acc: 82.27  |  Val Loss: 0.652 | Val Acc: 79.39  |  Test Loss: 0.373 | Tes Acc: 91.13
INFO >> Epoch: 20  |  Layer:  3  |  Train Loss: 0.487 | Train Acc: 83.62  |  Val Loss: 0.627 | Val Acc: 81.18  |  Test Loss: 0.342 | Tes Acc: 89.25
INFO >> Epoch: 20  |  Layer:  4  |  Train Loss: 0.418 | Train Acc: 86.38  |  Val Loss: 0.617 | Val Acc: 80.11  |  Test Loss: 0.320 | Tes Acc: 89.78
INFO >> Epoch: 20  |  Layer:  5  |  Train Loss: 0.365 | Train Acc: 87.83  |  Val Loss: 0.601 | Val Acc: 81.90  |  Test Loss: 0.319 | Tes Acc: 90.32
INFO >> Epoch: 20  |  Layer:  6  |  Train Loss: 0.353 | Train Acc: 88.12  |  Val Loss: 0.599 | Val Acc: 81.36  |  Test Loss: 0.344 | Tes Acc: 89.52
INFO >> Epoch: 20  |  Layer:  7  |  Train Loss: 0.344 | Train Acc: 88.41  |  Val Loss: 0.606 | Val Acc: 79.93  |  Test Loss: 0.337 | Tes Acc: 89.52
INFO >> Epoch: 20  |  Layer:  8  |  Train Loss: 0.323 | Train Acc: 89.37  |  Val Loss: 0.653 | Val Acc: 80.11  |  Test Loss: 0.335 | Tes Acc: 90.86
INFO >> Epoch: 20  |  Layer:  9  |  Train Loss: 0.326 | Train Acc: 89.08  |  Val Loss: 0.670 | Val Acc: 76.88  |  Test Loss: 0.320 | Tes Acc: 88.17
INFO >> Epoch: 20  |  Layer: 10  |  Train Loss: 0.350 | Train Acc: 87.68  |  Val Loss: 0.652 | Val Acc: 75.09  |  Test Loss: 0.340 | Tes Acc: 89.25
INFO >> Epoch: 20  |  Layer: 11  |  Train Loss: 0.390 | Train Acc: 86.67  |  Val Loss: 0.663 | Val Acc: 77.60  |  Test Loss: 0.353 | Tes Acc: 87.63
INFO >> Epoch: 20  |  Layer: 12  |  Train Loss: 0.415 | Train Acc: 86.23  |  Val Loss: 0.627 | Val Acc: 77.42  |  Test Loss: 0.343 | Tes Acc: 88.17
INFO >> Epoch: 20  |  Layer: 13  |  Train Loss: 0.509 | Train Acc: 82.95  |  Val Loss: 0.642 | Val Acc: 77.06  |  Test Loss: 0.364 | Tes Acc: 88.71

INFO >> Epoch: 21  |  Layer:  1  |  Train Loss: 0.750 | Train Acc: 74.83  |  Val Loss: 0.740 | Val Acc: 75.63  |  Test Loss: 0.464 | Tes Acc: 85.22
INFO >> Epoch: 21  |  Layer:  2  |  Train Loss: 0.500 | Train Acc: 83.57  |  Val Loss: 0.763 | Val Acc: 77.78  |  Test Loss: 0.415 | Tes Acc: 88.98
INFO >> Epoch: 21  |  Layer:  3  |  Train Loss: 0.460 | Train Acc: 85.46  |  Val Loss: 0.696 | Val Acc: 80.11  |  Test Loss: 0.369 | Tes Acc: 87.63
INFO >> Epoch: 21  |  Layer:  4  |  Train Loss: 0.395 | Train Acc: 86.23  |  Val Loss: 0.637 | Val Acc: 80.82  |  Test Loss: 0.324 | Tes Acc: 90.05
INFO >> Epoch: 21  |  Layer:  5  |  Train Loss: 0.346 | Train Acc: 88.74  |  Val Loss: 0.613 | Val Acc: 81.72  |  Test Loss: 0.310 | Tes Acc: 91.13
INFO >> Epoch: 21  |  Layer:  6  |  Train Loss: 0.324 | Train Acc: 90.00  |  Val Loss: 0.634 | Val Acc: 81.36  |  Test Loss: 0.352 | Tes Acc: 90.05
INFO >> Epoch: 21  |  Layer:  7  |  Train Loss: 0.320 | Train Acc: 89.86  |  Val Loss: 0.631 | Val Acc: 81.18  |  Test Loss: 0.350 | Tes Acc: 89.78
INFO >> Epoch: 21  |  Layer:  8  |  Train Loss: 0.308 | Train Acc: 89.95  |  Val Loss: 0.682 | Val Acc: 80.82  |  Test Loss: 0.380 | Tes Acc: 88.17
INFO >> Epoch: 21  |  Layer:  9  |  Train Loss: 0.308 | Train Acc: 89.90  |  Val Loss: 0.734 | Val Acc: 75.81  |  Test Loss: 0.360 | Tes Acc: 87.37
INFO >> Epoch: 21  |  Layer: 10  |  Train Loss: 0.325 | Train Acc: 89.08  |  Val Loss: 0.709 | Val Acc: 75.63  |  Test Loss: 0.355 | Tes Acc: 88.98
INFO >> Epoch: 21  |  Layer: 11  |  Train Loss: 0.360 | Train Acc: 88.36  |  Val Loss: 0.766 | Val Acc: 75.09  |  Test Loss: 0.380 | Tes Acc: 87.37
INFO >> Epoch: 21  |  Layer: 12  |  Train Loss: 0.383 | Train Acc: 87.58  |  Val Loss: 0.731 | Val Acc: 75.99  |  Test Loss: 0.417 | Tes Acc: 87.10
INFO >> Epoch: 21  |  Layer: 13  |  Train Loss: 0.470 | Train Acc: 84.73  |  Val Loss: 0.737 | Val Acc: 75.99  |  Test Loss: 0.447 | Tes Acc: 84.95

INFO >> Epoch: 22  |  Layer:  1  |  Train Loss: 0.729 | Train Acc: 75.07  |  Val Loss: 0.804 | Val Acc: 71.86  |  Test Loss: 0.508 | Tes Acc: 83.33
INFO >> Epoch: 22  |  Layer:  2  |  Train Loss: 0.492 | Train Acc: 83.96  |  Val Loss: 0.677 | Val Acc: 78.32  |  Test Loss: 0.406 | Tes Acc: 88.71
INFO >> Epoch: 22  |  Layer:  3  |  Train Loss: 0.437 | Train Acc: 85.22  |  Val Loss: 0.652 | Val Acc: 79.93  |  Test Loss: 0.367 | Tes Acc: 88.71
INFO >> Epoch: 22  |  Layer:  4  |  Train Loss: 0.366 | Train Acc: 87.49  |  Val Loss: 0.648 | Val Acc: 80.47  |  Test Loss: 0.366 | Tes Acc: 88.71
INFO >> Epoch: 22  |  Layer:  5  |  Train Loss: 0.319 | Train Acc: 89.86  |  Val Loss: 0.655 | Val Acc: 80.82  |  Test Loss: 0.393 | Tes Acc: 88.71
INFO >> Epoch: 22  |  Layer:  6  |  Train Loss: 0.289 | Train Acc: 90.63  |  Val Loss: 0.643 | Val Acc: 81.00  |  Test Loss: 0.411 | Tes Acc: 88.98
INFO >> Epoch: 22  |  Layer:  7  |  Train Loss: 0.293 | Train Acc: 90.39  |  Val Loss: 0.592 | Val Acc: 80.65  |  Test Loss: 0.385 | Tes Acc: 88.17
INFO >> Epoch: 22  |  Layer:  8  |  Train Loss: 0.278 | Train Acc: 90.92  |  Val Loss: 0.644 | Val Acc: 80.11  |  Test Loss: 0.351 | Tes Acc: 89.52
INFO >> Epoch: 22  |  Layer:  9  |  Train Loss: 0.274 | Train Acc: 91.35  |  Val Loss: 0.708 | Val Acc: 79.57  |  Test Loss: 0.385 | Tes Acc: 87.37
INFO >> Epoch: 22  |  Layer: 10  |  Train Loss: 0.290 | Train Acc: 91.01  |  Val Loss: 0.704 | Val Acc: 76.34  |  Test Loss: 0.398 | Tes Acc: 88.17
INFO >> Epoch: 22  |  Layer: 11  |  Train Loss: 0.317 | Train Acc: 89.42  |  Val Loss: 0.699 | Val Acc: 77.96  |  Test Loss: 0.386 | Tes Acc: 87.90
INFO >> Epoch: 22  |  Layer: 12  |  Train Loss: 0.344 | Train Acc: 88.36  |  Val Loss: 0.667 | Val Acc: 76.70  |  Test Loss: 0.408 | Tes Acc: 86.83
INFO >> Epoch: 22  |  Layer: 13  |  Train Loss: 0.440 | Train Acc: 84.88  |  Val Loss: 0.701 | Val Acc: 75.99  |  Test Loss: 0.425 | Tes Acc: 85.22

INFO >> Epoch: 23  |  Layer:  1  |  Train Loss: 0.699 | Train Acc: 75.99  |  Val Loss: 0.747 | Val Acc: 75.45  |  Test Loss: 0.499 | Tes Acc: 83.87
INFO >> Epoch: 23  |  Layer:  2  |  Train Loss: 0.470 | Train Acc: 84.59  |  Val Loss: 0.697 | Val Acc: 77.96  |  Test Loss: 0.400 | Tes Acc: 88.71
INFO >> Epoch: 23  |  Layer:  3  |  Train Loss: 0.432 | Train Acc: 86.14  |  Val Loss: 0.673 | Val Acc: 79.93  |  Test Loss: 0.368 | Tes Acc: 88.71
INFO >> Epoch: 23  |  Layer:  4  |  Train Loss: 0.361 | Train Acc: 87.63  |  Val Loss: 0.650 | Val Acc: 81.72  |  Test Loss: 0.363 | Tes Acc: 89.25
INFO >> Epoch: 23  |  Layer:  5  |  Train Loss: 0.319 | Train Acc: 88.79  |  Val Loss: 0.613 | Val Acc: 81.72  |  Test Loss: 0.365 | Tes Acc: 88.17
INFO >> Epoch: 23  |  Layer:  6  |  Train Loss: 0.307 | Train Acc: 89.81  |  Val Loss: 0.653 | Val Acc: 81.18  |  Test Loss: 0.398 | Tes Acc: 88.71
INFO >> Epoch: 23  |  Layer:  7  |  Train Loss: 0.287 | Train Acc: 91.01  |  Val Loss: 0.630 | Val Acc: 81.54  |  Test Loss: 0.378 | Tes Acc: 88.71
INFO >> Epoch: 23  |  Layer:  8  |  Train Loss: 0.291 | Train Acc: 90.10  |  Val Loss: 0.661 | Val Acc: 81.18  |  Test Loss: 0.372 | Tes Acc: 88.98
INFO >> Epoch: 23  |  Layer:  9  |  Train Loss: 0.294 | Train Acc: 90.34  |  Val Loss: 0.708 | Val Acc: 78.14  |  Test Loss: 0.363 | Tes Acc: 87.37
INFO >> Epoch: 23  |  Layer: 10  |  Train Loss: 0.297 | Train Acc: 89.76  |  Val Loss: 0.706 | Val Acc: 77.24  |  Test Loss: 0.369 | Tes Acc: 87.37
INFO >> Epoch: 23  |  Layer: 11  |  Train Loss: 0.339 | Train Acc: 88.65  |  Val Loss: 0.725 | Val Acc: 77.78  |  Test Loss: 0.383 | Tes Acc: 87.37
INFO >> Epoch: 23  |  Layer: 12  |  Train Loss: 0.355 | Train Acc: 88.26  |  Val Loss: 0.687 | Val Acc: 77.60  |  Test Loss: 0.409 | Tes Acc: 84.95
INFO >> Epoch: 23  |  Layer: 13  |  Train Loss: 0.452 | Train Acc: 84.59  |  Val Loss: 0.686 | Val Acc: 76.34  |  Test Loss: 0.410 | Tes Acc: 85.48

INFO >> Epoch: 24  |  Layer:  1  |  Train Loss: 0.696 | Train Acc: 75.99  |  Val Loss: 0.747 | Val Acc: 73.30  |  Test Loss: 0.489 | Tes Acc: 84.95
INFO >> Epoch: 24  |  Layer:  2  |  Train Loss: 0.465 | Train Acc: 84.11  |  Val Loss: 0.662 | Val Acc: 79.21  |  Test Loss: 0.385 | Tes Acc: 89.52
INFO >> Epoch: 24  |  Layer:  3  |  Train Loss: 0.433 | Train Acc: 85.31  |  Val Loss: 0.657 | Val Acc: 79.57  |  Test Loss: 0.360 | Tes Acc: 88.17
INFO >> Epoch: 24  |  Layer:  4  |  Train Loss: 0.371 | Train Acc: 87.05  |  Val Loss: 0.660 | Val Acc: 79.75  |  Test Loss: 0.356 | Tes Acc: 88.71
INFO >> Epoch: 24  |  Layer:  5  |  Train Loss: 0.308 | Train Acc: 89.86  |  Val Loss: 0.615 | Val Acc: 79.75  |  Test Loss: 0.364 | Tes Acc: 88.98
INFO >> Epoch: 24  |  Layer:  6  |  Train Loss: 0.287 | Train Acc: 90.77  |  Val Loss: 0.615 | Val Acc: 81.72  |  Test Loss: 0.377 | Tes Acc: 89.52
INFO >> Epoch: 24  |  Layer:  7  |  Train Loss: 0.286 | Train Acc: 90.68  |  Val Loss: 0.607 | Val Acc: 81.18  |  Test Loss: 0.374 | Tes Acc: 89.25
INFO >> Epoch: 24  |  Layer:  8  |  Train Loss: 0.280 | Train Acc: 90.72  |  Val Loss: 0.699 | Val Acc: 80.65  |  Test Loss: 0.375 | Tes Acc: 88.71
INFO >> Epoch: 24  |  Layer:  9  |  Train Loss: 0.279 | Train Acc: 90.63  |  Val Loss: 0.698 | Val Acc: 78.14  |  Test Loss: 0.364 | Tes Acc: 87.37
INFO >> Epoch: 24  |  Layer: 10  |  Train Loss: 0.291 | Train Acc: 89.95  |  Val Loss: 0.759 | Val Acc: 75.81  |  Test Loss: 0.420 | Tes Acc: 86.56
INFO >> Epoch: 24  |  Layer: 11  |  Train Loss: 0.320 | Train Acc: 88.60  |  Val Loss: 0.731 | Val Acc: 76.34  |  Test Loss: 0.389 | Tes Acc: 88.17
INFO >> Epoch: 24  |  Layer: 12  |  Train Loss: 0.339 | Train Acc: 88.79  |  Val Loss: 0.671 | Val Acc: 76.88  |  Test Loss: 0.378 | Tes Acc: 87.63
INFO >> Epoch: 24  |  Layer: 13  |  Train Loss: 0.436 | Train Acc: 84.69  |  Val Loss: 0.631 | Val Acc: 77.42  |  Test Loss: 0.352 | Tes Acc: 88.44

INFO >> Epoch: 25  |  Layer:  1  |  Train Loss: 0.707 | Train Acc: 75.31  |  Val Loss: 0.693 | Val Acc: 77.24  |  Test Loss: 0.445 | Tes Acc: 86.83
INFO >> Epoch: 25  |  Layer:  2  |  Train Loss: 0.461 | Train Acc: 84.20  |  Val Loss: 0.649 | Val Acc: 80.11  |  Test Loss: 0.362 | Tes Acc: 90.59
INFO >> Epoch: 25  |  Layer:  3  |  Train Loss: 0.436 | Train Acc: 84.73  |  Val Loss: 0.668 | Val Acc: 77.78  |  Test Loss: 0.361 | Tes Acc: 87.90
INFO >> Epoch: 25  |  Layer:  4  |  Train Loss: 0.372 | Train Acc: 86.76  |  Val Loss: 0.642 | Val Acc: 79.21  |  Test Loss: 0.359 | Tes Acc: 87.90
INFO >> Epoch: 25  |  Layer:  5  |  Train Loss: 0.318 | Train Acc: 89.23  |  Val Loss: 0.631 | Val Acc: 81.72  |  Test Loss: 0.367 | Tes Acc: 87.10
INFO >> Epoch: 25  |  Layer:  6  |  Train Loss: 0.303 | Train Acc: 90.05  |  Val Loss: 0.633 | Val Acc: 80.11  |  Test Loss: 0.390 | Tes Acc: 88.44
INFO >> Epoch: 25  |  Layer:  7  |  Train Loss: 0.307 | Train Acc: 89.52  |  Val Loss: 0.634 | Val Acc: 78.14  |  Test Loss: 0.394 | Tes Acc: 87.37
INFO >> Epoch: 25  |  Layer:  8  |  Train Loss: 0.285 | Train Acc: 90.48  |  Val Loss: 0.658 | Val Acc: 80.47  |  Test Loss: 0.355 | Tes Acc: 89.78
INFO >> Epoch: 25  |  Layer:  9  |  Train Loss: 0.265 | Train Acc: 91.55  |  Val Loss: 0.704 | Val Acc: 78.49  |  Test Loss: 0.340 | Tes Acc: 87.37
INFO >> Epoch: 25  |  Layer: 10  |  Train Loss: 0.279 | Train Acc: 91.50  |  Val Loss: 0.713 | Val Acc: 76.88  |  Test Loss: 0.373 | Tes Acc: 86.83
INFO >> Epoch: 25  |  Layer: 11  |  Train Loss: 0.310 | Train Acc: 89.95  |  Val Loss: 0.689 | Val Acc: 78.85  |  Test Loss: 0.348 | Tes Acc: 87.37
INFO >> Epoch: 25  |  Layer: 12  |  Train Loss: 0.347 | Train Acc: 88.02  |  Val Loss: 0.649 | Val Acc: 77.96  |  Test Loss: 0.366 | Tes Acc: 87.63
INFO >> Epoch: 25  |  Layer: 13  |  Train Loss: 0.438 | Train Acc: 85.41  |  Val Loss: 0.646 | Val Acc: 76.34  |  Test Loss: 0.376 | Tes Acc: 87.90

INFO >> Epoch: 26  |  Layer:  1  |  Train Loss: 0.669 | Train Acc: 76.18  |  Val Loss: 0.722 | Val Acc: 74.55  |  Test Loss: 0.450 | Tes Acc: 87.10
INFO >> Epoch: 26  |  Layer:  2  |  Train Loss: 0.448 | Train Acc: 85.17  |  Val Loss: 0.676 | Val Acc: 79.75  |  Test Loss: 0.343 | Tes Acc: 91.13
INFO >> Epoch: 26  |  Layer:  3  |  Train Loss: 0.418 | Train Acc: 86.14  |  Val Loss: 0.650 | Val Acc: 81.36  |  Test Loss: 0.311 | Tes Acc: 90.59
INFO >> Epoch: 26  |  Layer:  4  |  Train Loss: 0.345 | Train Acc: 88.70  |  Val Loss: 0.644 | Val Acc: 81.00  |  Test Loss: 0.321 | Tes Acc: 90.05
INFO >> Epoch: 26  |  Layer:  5  |  Train Loss: 0.284 | Train Acc: 91.21  |  Val Loss: 0.711 | Val Acc: 79.39  |  Test Loss: 0.341 | Tes Acc: 90.86
INFO >> Epoch: 26  |  Layer:  6  |  Train Loss: 0.255 | Train Acc: 91.74  |  Val Loss: 0.709 | Val Acc: 80.47  |  Test Loss: 0.368 | Tes Acc: 90.05
INFO >> Epoch: 26  |  Layer:  7  |  Train Loss: 0.264 | Train Acc: 91.64  |  Val Loss: 0.693 | Val Acc: 81.54  |  Test Loss: 0.361 | Tes Acc: 89.25
INFO >> Epoch: 26  |  Layer:  8  |  Train Loss: 0.255 | Train Acc: 91.64  |  Val Loss: 0.813 | Val Acc: 78.85  |  Test Loss: 0.366 | Tes Acc: 88.98
INFO >> Epoch: 26  |  Layer:  9  |  Train Loss: 0.244 | Train Acc: 92.13  |  Val Loss: 0.821 | Val Acc: 78.85  |  Test Loss: 0.366 | Tes Acc: 89.25
INFO >> Epoch: 26  |  Layer: 10  |  Train Loss: 0.253 | Train Acc: 91.69  |  Val Loss: 0.832 | Val Acc: 77.24  |  Test Loss: 0.379 | Tes Acc: 88.98
INFO >> Epoch: 26  |  Layer: 11  |  Train Loss: 0.292 | Train Acc: 90.72  |  Val Loss: 0.765 | Val Acc: 79.75  |  Test Loss: 0.347 | Tes Acc: 87.90
INFO >> Epoch: 26  |  Layer: 12  |  Train Loss: 0.317 | Train Acc: 89.76  |  Val Loss: 0.691 | Val Acc: 77.96  |  Test Loss: 0.370 | Tes Acc: 88.44
INFO >> Epoch: 26  |  Layer: 13  |  Train Loss: 0.393 | Train Acc: 87.20  |  Val Loss: 0.687 | Val Acc: 77.24  |  Test Loss: 0.344 | Tes Acc: 89.25

INFO >> Epoch: 27  |  Layer:  1  |  Train Loss: 0.687 | Train Acc: 76.43  |  Val Loss: 0.701 | Val Acc: 77.60  |  Test Loss: 0.409 | Tes Acc: 86.56
INFO >> Epoch: 27  |  Layer:  2  |  Train Loss: 0.430 | Train Acc: 85.41  |  Val Loss: 0.678 | Val Acc: 79.93  |  Test Loss: 0.398 | Tes Acc: 89.52
INFO >> Epoch: 27  |  Layer:  3  |  Train Loss: 0.385 | Train Acc: 87.68  |  Val Loss: 0.670 | Val Acc: 80.29  |  Test Loss: 0.369 | Tes Acc: 88.17
INFO >> Epoch: 27  |  Layer:  4  |  Train Loss: 0.320 | Train Acc: 89.81  |  Val Loss: 0.675 | Val Acc: 79.57  |  Test Loss: 0.378 | Tes Acc: 88.44
INFO >> Epoch: 27  |  Layer:  5  |  Train Loss: 0.270 | Train Acc: 91.21  |  Val Loss: 0.673 | Val Acc: 79.57  |  Test Loss: 0.407 | Tes Acc: 88.71
INFO >> Epoch: 27  |  Layer:  6  |  Train Loss: 0.244 | Train Acc: 92.27  |  Val Loss: 0.656 | Val Acc: 81.36  |  Test Loss: 0.414 | Tes Acc: 88.98
INFO >> Epoch: 27  |  Layer:  7  |  Train Loss: 0.244 | Train Acc: 92.61  |  Val Loss: 0.608 | Val Acc: 82.62  |  Test Loss: 0.388 | Tes Acc: 89.25
INFO >> Epoch: 27  |  Layer:  8  |  Train Loss: 0.238 | Train Acc: 92.22  |  Val Loss: 0.690 | Val Acc: 81.54  |  Test Loss: 0.392 | Tes Acc: 88.71
INFO >> Epoch: 27  |  Layer:  9  |  Train Loss: 0.238 | Train Acc: 92.03  |  Val Loss: 0.734 | Val Acc: 78.49  |  Test Loss: 0.364 | Tes Acc: 87.90
INFO >> Epoch: 27  |  Layer: 10  |  Train Loss: 0.248 | Train Acc: 91.64  |  Val Loss: 0.713 | Val Acc: 76.88  |  Test Loss: 0.380 | Tes Acc: 88.44
INFO >> Epoch: 27  |  Layer: 11  |  Train Loss: 0.275 | Train Acc: 90.48  |  Val Loss: 0.711 | Val Acc: 78.14  |  Test Loss: 0.377 | Tes Acc: 88.17
INFO >> Epoch: 27  |  Layer: 12  |  Train Loss: 0.291 | Train Acc: 90.43  |  Val Loss: 0.701 | Val Acc: 77.06  |  Test Loss: 0.414 | Tes Acc: 87.10
INFO >> Epoch: 27  |  Layer: 13  |  Train Loss: 0.388 | Train Acc: 87.25  |  Val Loss: 0.712 | Val Acc: 76.88  |  Test Loss: 0.422 | Tes Acc: 84.41

INFO >> Epoch: 28  |  Layer:  1  |  Train Loss: 0.644 | Train Acc: 77.73  |  Val Loss: 0.757 | Val Acc: 74.01  |  Test Loss: 0.404 | Tes Acc: 87.63
INFO >> Epoch: 28  |  Layer:  2  |  Train Loss: 0.410 | Train Acc: 85.94  |  Val Loss: 0.687 | Val Acc: 79.93  |  Test Loss: 0.344 | Tes Acc: 91.40
INFO >> Epoch: 28  |  Layer:  3  |  Train Loss: 0.371 | Train Acc: 88.31  |  Val Loss: 0.668 | Val Acc: 81.72  |  Test Loss: 0.315 | Tes Acc: 90.86
INFO >> Epoch: 28  |  Layer:  4  |  Train Loss: 0.309 | Train Acc: 89.95  |  Val Loss: 0.689 | Val Acc: 81.54  |  Test Loss: 0.308 | Tes Acc: 90.86
INFO >> Epoch: 28  |  Layer:  5  |  Train Loss: 0.261 | Train Acc: 91.98  |  Val Loss: 0.660 | Val Acc: 81.90  |  Test Loss: 0.327 | Tes Acc: 90.32
INFO >> Epoch: 28  |  Layer:  6  |  Train Loss: 0.236 | Train Acc: 92.75  |  Val Loss: 0.658 | Val Acc: 81.54  |  Test Loss: 0.344 | Tes Acc: 90.59
INFO >> Epoch: 28  |  Layer:  7  |  Train Loss: 0.239 | Train Acc: 92.75  |  Val Loss: 0.672 | Val Acc: 81.72  |  Test Loss: 0.339 | Tes Acc: 88.98
INFO >> Epoch: 28  |  Layer:  8  |  Train Loss: 0.227 | Train Acc: 92.61  |  Val Loss: 0.731 | Val Acc: 80.82  |  Test Loss: 0.344 | Tes Acc: 90.32
INFO >> Epoch: 28  |  Layer:  9  |  Train Loss: 0.231 | Train Acc: 92.61  |  Val Loss: 0.776 | Val Acc: 79.57  |  Test Loss: 0.333 | Tes Acc: 89.25
INFO >> Epoch: 28  |  Layer: 10  |  Train Loss: 0.244 | Train Acc: 92.13  |  Val Loss: 0.749 | Val Acc: 77.42  |  Test Loss: 0.358 | Tes Acc: 89.78
INFO >> Epoch: 28  |  Layer: 11  |  Train Loss: 0.271 | Train Acc: 90.68  |  Val Loss: 0.819 | Val Acc: 77.06  |  Test Loss: 0.317 | Tes Acc: 88.98
INFO >> Epoch: 28  |  Layer: 12  |  Train Loss: 0.292 | Train Acc: 90.63  |  Val Loss: 0.733 | Val Acc: 79.03  |  Test Loss: 0.347 | Tes Acc: 88.71
INFO >> Epoch: 28  |  Layer: 13  |  Train Loss: 0.386 | Train Acc: 87.05  |  Val Loss: 0.676 | Val Acc: 77.60  |  Test Loss: 0.328 | Tes Acc: 89.25

INFO >> Epoch: 29  |  Layer:  1  |  Train Loss: 0.622 | Train Acc: 78.26  |  Val Loss: 0.710 | Val Acc: 77.42  |  Test Loss: 0.413 | Tes Acc: 85.75
INFO >> Epoch: 29  |  Layer:  2  |  Train Loss: 0.401 | Train Acc: 86.52  |  Val Loss: 0.710 | Val Acc: 79.75  |  Test Loss: 0.352 | Tes Acc: 90.59
INFO >> Epoch: 29  |  Layer:  3  |  Train Loss: 0.365 | Train Acc: 87.58  |  Val Loss: 0.688 | Val Acc: 80.29  |  Test Loss: 0.333 | Tes Acc: 89.78
INFO >> Epoch: 29  |  Layer:  4  |  Train Loss: 0.303 | Train Acc: 90.10  |  Val Loss: 0.727 | Val Acc: 80.29  |  Test Loss: 0.335 | Tes Acc: 90.32
INFO >> Epoch: 29  |  Layer:  5  |  Train Loss: 0.257 | Train Acc: 91.88  |  Val Loss: 0.733 | Val Acc: 80.11  |  Test Loss: 0.346 | Tes Acc: 90.05
INFO >> Epoch: 29  |  Layer:  6  |  Train Loss: 0.238 | Train Acc: 91.98  |  Val Loss: 0.759 | Val Acc: 81.18  |  Test Loss: 0.385 | Tes Acc: 89.25
INFO >> Epoch: 29  |  Layer:  7  |  Train Loss: 0.233 | Train Acc: 91.88  |  Val Loss: 0.687 | Val Acc: 80.82  |  Test Loss: 0.358 | Tes Acc: 89.52
INFO >> Epoch: 29  |  Layer:  8  |  Train Loss: 0.222 | Train Acc: 92.46  |  Val Loss: 0.780 | Val Acc: 79.39  |  Test Loss: 0.368 | Tes Acc: 89.52
INFO >> Epoch: 29  |  Layer:  9  |  Train Loss: 0.224 | Train Acc: 91.88  |  Val Loss: 0.757 | Val Acc: 78.14  |  Test Loss: 0.351 | Tes Acc: 87.37
INFO >> Epoch: 29  |  Layer: 10  |  Train Loss: 0.229 | Train Acc: 91.21  |  Val Loss: 0.830 | Val Acc: 78.32  |  Test Loss: 0.364 | Tes Acc: 89.52
INFO >> Epoch: 29  |  Layer: 11  |  Train Loss: 0.259 | Train Acc: 91.40  |  Val Loss: 0.796 | Val Acc: 78.85  |  Test Loss: 0.357 | Tes Acc: 88.71
INFO >> Epoch: 29  |  Layer: 12  |  Train Loss: 0.283 | Train Acc: 90.43  |  Val Loss: 0.793 | Val Acc: 78.32  |  Test Loss: 0.393 | Tes Acc: 87.90
INFO >> Epoch: 29  |  Layer: 13  |  Train Loss: 0.375 | Train Acc: 87.25  |  Val Loss: 0.773 | Val Acc: 77.06  |  Test Loss: 0.372 | Tes Acc: 88.98

INFO >> Epoch: 30  |  Layer:  1  |  Train Loss: 0.609 | Train Acc: 78.36  |  Val Loss: 0.713 | Val Acc: 77.06  |  Test Loss: 0.419 | Tes Acc: 87.37
INFO >> Epoch: 30  |  Layer:  2  |  Train Loss: 0.384 | Train Acc: 87.29  |  Val Loss: 0.696 | Val Acc: 80.29  |  Test Loss: 0.360 | Tes Acc: 91.67
INFO >> Epoch: 30  |  Layer:  3  |  Train Loss: 0.348 | Train Acc: 88.89  |  Val Loss: 0.661 | Val Acc: 79.75  |  Test Loss: 0.318 | Tes Acc: 90.86
INFO >> Epoch: 30  |  Layer:  4  |  Train Loss: 0.293 | Train Acc: 90.19  |  Val Loss: 0.687 | Val Acc: 78.14  |  Test Loss: 0.363 | Tes Acc: 88.44
INFO >> Epoch: 30  |  Layer:  5  |  Train Loss: 0.244 | Train Acc: 92.32  |  Val Loss: 0.655 | Val Acc: 80.29  |  Test Loss: 0.386 | Tes Acc: 88.44
INFO >> Epoch: 30  |  Layer:  6  |  Train Loss: 0.228 | Train Acc: 92.56  |  Val Loss: 0.667 | Val Acc: 80.82  |  Test Loss: 0.389 | Tes Acc: 88.44
INFO >> Epoch: 30  |  Layer:  7  |  Train Loss: 0.215 | Train Acc: 93.38  |  Val Loss: 0.627 | Val Acc: 82.08  |  Test Loss: 0.376 | Tes Acc: 89.52
INFO >> Epoch: 30  |  Layer:  8  |  Train Loss: 0.198 | Train Acc: 94.01  |  Val Loss: 0.716 | Val Acc: 80.11  |  Test Loss: 0.358 | Tes Acc: 89.25
INFO >> Epoch: 30  |  Layer:  9  |  Train Loss: 0.206 | Train Acc: 92.95  |  Val Loss: 0.764 | Val Acc: 78.67  |  Test Loss: 0.344 | Tes Acc: 88.98
INFO >> Epoch: 30  |  Layer: 10  |  Train Loss: 0.216 | Train Acc: 92.42  |  Val Loss: 0.746 | Val Acc: 76.88  |  Test Loss: 0.393 | Tes Acc: 88.44
INFO >> Epoch: 30  |  Layer: 11  |  Train Loss: 0.239 | Train Acc: 91.40  |  Val Loss: 0.769 | Val Acc: 76.88  |  Test Loss: 0.395 | Tes Acc: 87.90
INFO >> Epoch: 30  |  Layer: 12  |  Train Loss: 0.270 | Train Acc: 90.72  |  Val Loss: 0.660 | Val Acc: 77.96  |  Test Loss: 0.385 | Tes Acc: 87.10
INFO >> Epoch: 30  |  Layer: 13  |  Train Loss: 0.351 | Train Acc: 88.31  |  Val Loss: 0.633 | Val Acc: 78.14  |  Test Loss: 0.364 | Tes Acc: 87.63



INFO >> Time Taken: 52:43

INFO >> Layer: 1  |  Best Val Acc: 77.60  |  Best Test Acc: 86.56
INFO >> Layer: 2  |  Best Val Acc: 80.29  |  Best Test Acc: 91.67
INFO >> Layer: 3  |  Best Val Acc: 81.72  |  Best Test Acc: 90.86
INFO >> Layer: 4  |  Best Val Acc: 81.72  |  Best Test Acc: 89.25
INFO >> Layer: 5  |  Best Val Acc: 82.26  |  Best Test Acc: 88.71
INFO >> Layer: 6  |  Best Val Acc: 81.72  |  Best Test Acc: 89.52
INFO >> Layer: 7  |  Best Val Acc: 82.62  |  Best Test Acc: 89.25
INFO >> Layer: 8  |  Best Val Acc: 81.54  |  Best Test Acc: 88.71
INFO >> Layer: 9  |  Best Val Acc: 81.36  |  Best Test Acc: 90.32
INFO >> Layer: 10  |  Best Val Acc: 79.03  |  Best Test Acc: 90.86
INFO >> Layer: 11  |  Best Val Acc: 79.75  |  Best Test Acc: 87.90
INFO >> Layer: 12  |  Best Val Acc: 79.21  |  Best Test Acc: 90.32
INFO >> Layer: 13  |  Best Val Acc: 79.21  |  Best Test Acc: 87.90

DEBUG >> Last state saved

INFO >> History saved (./history/v1.4/ShEMO/HUBERT_BASE_PROBING_DENSE/Run2/history.pt)
