
--------------------------------------------------
Multilingual SER System v1.2
--------------------------------------------------
Run Name      : Run3
Fx Model      : WAV2VEC2_LARGE_XLSR
Clf Model     : DENSE
Extract Mode  : gpu_memory
Dataset       : ShEMO
Device        : gpu
Epochs        : 20
Num Workers   : 2
Data Dir      : ./data
History Dir   : ./history
Weights Dir   : ./weights
Log Level     : debug
Purge Cache   : False
Job Name      : Job59
Job Id        : 30684184
GPU           : Quadro RTX 8000
GPU Count     : 1

Timestamp : 2023-03-02 03:19:55.188565

INFO >> Running on CUDA


INFO >> Training Classifier

INFO >> Epoch: 1 |   Train Loss: 9.398 | Train Acc: 30.24 |   Val Loss: 1.486 | Val Acc: 44.62 |   Test Loss: 1.204 | Tes Acc: 53.49
DEBUG >> Best state saved | Val Acc 44.62365508079529 | Test Acc 53.49462628364563

INFO >> Epoch: 2 |   Train Loss: 1.509 | Train Acc: 37.34 |   Val Loss: 1.626 | Val Acc: 40.32 |   Test Loss: 1.235 | Tes Acc: 53.49
INFO >> Epoch: 3 |   Train Loss: 1.459 | Train Acc: 42.61 |   Val Loss: 1.392 | Val Acc: 43.73 |   Test Loss: 1.161 | Tes Acc: 60.22
INFO >> Epoch: 4 |   Train Loss: 1.370 | Train Acc: 49.23 |   Val Loss: 1.179 | Val Acc: 60.93 |   Test Loss: 0.786 | Tes Acc: 76.08
DEBUG >> Best state saved | Val Acc 60.93189716339111 | Test Acc 76.07526779174805

INFO >> Epoch: 5 |   Train Loss: 1.065 | Train Acc: 63.67 |   Val Loss: 0.924 | Val Acc: 67.38 |   Test Loss: 0.589 | Tes Acc: 82.26
DEBUG >> Best state saved | Val Acc 67.38350987434387 | Test Acc 82.2580635547638

INFO >> Epoch: 6 |   Train Loss: 0.861 | Train Acc: 71.21 |   Val Loss: 0.942 | Val Acc: 70.43 |   Test Loss: 0.438 | Tes Acc: 86.56
DEBUG >> Best state saved | Val Acc 70.43010592460632 | Test Acc 86.55914068222046

INFO >> Epoch: 7 |   Train Loss: 0.790 | Train Acc: 73.86 |   Val Loss: 0.843 | Val Acc: 73.30 |   Test Loss: 0.472 | Tes Acc: 84.95
DEBUG >> Best state saved | Val Acc 73.29748868942261 | Test Acc 84.94623899459839

INFO >> Epoch: 8 |   Train Loss: 0.700 | Train Acc: 76.38 |   Val Loss: 0.792 | Val Acc: 74.91 |   Test Loss: 0.448 | Tes Acc: 87.10
DEBUG >> Best state saved | Val Acc 74.91039633750916 | Test Acc 87.09677457809448

INFO >> Epoch: 9 |   Train Loss: 0.667 | Train Acc: 78.21 |   Val Loss: 0.765 | Val Acc: 77.78 |   Test Loss: 0.355 | Tes Acc: 89.52
DEBUG >> Best state saved | Val Acc 77.77777910232544 | Test Acc 89.51612710952759

INFO >> Epoch: 10 |   Train Loss: 0.616 | Train Acc: 80.34 |   Val Loss: 0.740 | Val Acc: 79.21 |   Test Loss: 0.361 | Tes Acc: 89.52
DEBUG >> Best state saved | Val Acc 79.21146750450134 | Test Acc 89.51612710952759

INFO >> Epoch: 11 |   Train Loss: 0.588 | Train Acc: 80.97 |   Val Loss: 0.630 | Val Acc: 80.29 |   Test Loss: 0.337 | Tes Acc: 91.67
DEBUG >> Best state saved | Val Acc 80.28674125671387 | Test Acc 91.66666865348816

INFO >> Epoch: 12 |   Train Loss: 0.508 | Train Acc: 83.09 |   Val Loss: 0.563 | Val Acc: 81.90 |   Test Loss: 0.325 | Tes Acc: 91.40
DEBUG >> Best state saved | Val Acc 81.89964294433594 | Test Acc 91.39785170555115

INFO >> Epoch: 13 |   Train Loss: 0.465 | Train Acc: 84.69 |   Val Loss: 0.575 | Val Acc: 81.54 |   Test Loss: 0.313 | Tes Acc: 89.52
INFO >> Epoch: 14 |   Train Loss: 0.457 | Train Acc: 85.22 |   Val Loss: 0.521 | Val Acc: 81.54 |   Test Loss: 0.278 | Tes Acc: 91.67
INFO >> Epoch: 15 |   Train Loss: 0.417 | Train Acc: 86.52 |   Val Loss: 0.545 | Val Acc: 82.80 |   Test Loss: 0.338 | Tes Acc: 91.67
DEBUG >> Best state saved | Val Acc 82.79569745063782 | Test Acc 91.66666865348816

INFO >> Epoch: 16 |   Train Loss: 0.398 | Train Acc: 86.62 |   Val Loss: 0.530 | Val Acc: 84.23 |   Test Loss: 0.296 | Tes Acc: 90.86
DEBUG >> Best state saved | Val Acc 84.2293918132782 | Test Acc 90.86021780967712

INFO >> Epoch: 17 |   Train Loss: 0.351 | Train Acc: 88.16 |   Val Loss: 0.530 | Val Acc: 84.77 |   Test Loss: 0.301 | Tes Acc: 91.94
DEBUG >> Best state saved | Val Acc 84.76702570915222 | Test Acc 91.93548560142517

INFO >> Epoch: 18 |   Train Loss: 0.362 | Train Acc: 87.83 |   Val Loss: 0.562 | Val Acc: 84.05 |   Test Loss: 0.260 | Tes Acc: 93.01
INFO >> Epoch: 19 |   Train Loss: 0.313 | Train Acc: 89.81 |   Val Loss: 0.529 | Val Acc: 84.59 |   Test Loss: 0.245 | Tes Acc: 91.40
INFO >> Epoch: 20 |   Train Loss: 0.282 | Train Acc: 90.58 |   Val Loss: 0.507 | Val Acc: 84.05 |   Test Loss: 0.272 | Tes Acc: 91.67


INFO >> Time Taken: 1:20:13

INFO >> Best Val Acc : 84.76702570915222 | Best Test Acc : 91.93548560142517

INFO >> Agg. Weights : 
0.018088070675730705 0.06336348503828049 0.23858562111854553 0.046293821185827255 0.29318153858184814 0.24151413142681122 0.21417252719402313 0.19681885838508606 -0.038459599018096924 -0.013361574150621891 0.2545628249645233 0.0672859251499176 0.3158348798751831 0.23542064428329468 0.0974736139178276 0.15580235421657562 0.4052201807498932 0.22340552508831024 0.312252014875412 0.2248692810535431 0.07996753603219986 0.06770198792219162 -0.15149575471878052 0.09176184237003326

DEBUG >> Last state saved | Val Acc 84.05017852783203 | Test Acc 91.66666865348816

INFO >> History saved (./history/v1.2/ShEMO/WAV2VEC2_LARGE_XLSR_DENSE/Run3/history.pt)
