
--------------------------------------------------
Multilingual SER System v1.5
--------------------------------------------------
Run Name      : Run2
Fx Model      : HUBERT_BASE
Clf Model     : CM_PROBING_LINEAR
Extract Mode  : gpu_memory
Dataset       : AESDD
Device        : gpu
Epochs        : 30
Num Workers   : 3
Data Dir      : ./data
History Dir   : ./history
Weights Dir   : ./weights
Log Level     : debug
Purge Cache   : False
Job Name      : Job45
Job Id        : 31668391
GPU           : Quadro RTX 8000
GPU Count     : 1
GPU Memory    : 44.49 GB

Timestamp : 2023-04-06 02:17:39.098742

INFO >> Running on CUDA


INFO >> Training Classifier

INFO >> Epoch: 1  |  Layer: 01  |  Train Loss: 1.627 | Train Acc: 19.13  |  Val Loss: 1.634 | Val Acc: 28.28  |  Test Loss: 1.594 | Tes Acc: 24.15
INFO >> Epoch: 1  |  Layer: 02  |  Train Loss: 1.632 | Train Acc: 21.14  |  Val Loss: 1.609 | Val Acc: 20.20  |  Test Loss: 1.590 | Tes Acc: 23.67
INFO >> Epoch: 1  |  Layer: 03  |  Train Loss: 1.619 | Train Acc: 22.15  |  Val Loss: 1.621 | Val Acc: 20.20  |  Test Loss: 1.585 | Tes Acc: 25.60
INFO >> Epoch: 1  |  Layer: 04  |  Train Loss: 1.624 | Train Acc: 21.81  |  Val Loss: 1.625 | Val Acc: 21.21  |  Test Loss: 1.594 | Tes Acc: 26.57
INFO >> Epoch: 1  |  Layer: 05  |  Train Loss: 1.619 | Train Acc: 20.81  |  Val Loss: 1.625 | Val Acc: 20.20  |  Test Loss: 1.593 | Tes Acc: 21.74
INFO >> Epoch: 1  |  Layer: 06  |  Train Loss: 1.621 | Train Acc: 19.13  |  Val Loss: 1.611 | Val Acc: 28.28  |  Test Loss: 1.592 | Tes Acc: 28.50
INFO >> Epoch: 1  |  Layer: 07  |  Train Loss: 1.621 | Train Acc: 19.80  |  Val Loss: 1.616 | Val Acc: 43.43  |  Test Loss: 1.592 | Tes Acc: 29.47
INFO >> Epoch: 1  |  Layer: 08  |  Train Loss: 1.619 | Train Acc: 21.14  |  Val Loss: 1.613 | Val Acc: 22.22  |  Test Loss: 1.592 | Tes Acc: 25.12
INFO >> Epoch: 1  |  Layer: 09  |  Train Loss: 1.612 | Train Acc: 17.79  |  Val Loss: 1.609 | Val Acc: 40.40  |  Test Loss: 1.592 | Tes Acc: 34.78
INFO >> Epoch: 1  |  Layer: 10  |  Train Loss: 1.619 | Train Acc: 17.79  |  Val Loss: 1.614 | Val Acc: 28.28  |  Test Loss: 1.596 | Tes Acc: 28.02
INFO >> Epoch: 1  |  Layer: 11  |  Train Loss: 1.610 | Train Acc: 23.15  |  Val Loss: 1.604 | Val Acc: 34.34  |  Test Loss: 1.592 | Tes Acc: 35.27
INFO >> Epoch: 1  |  Layer: 12  |  Train Loss: 1.619 | Train Acc: 18.79  |  Val Loss: 1.598 | Val Acc: 36.36  |  Test Loss: 1.598 | Tes Acc: 23.67
INFO >> Epoch: 1  |  Layer: 13  |  Train Loss: 1.613 | Train Acc: 18.79  |  Val Loss: 1.593 | Val Acc: 32.32  |  Test Loss: 1.596 | Tes Acc: 28.02

INFO >> Epoch: 2  |  Layer: 01  |  Train Loss: 1.600 | Train Acc: 23.83  |  Val Loss: 1.575 | Val Acc: 29.29  |  Test Loss: 1.562 | Tes Acc: 28.50
INFO >> Epoch: 2  |  Layer: 02  |  Train Loss: 1.594 | Train Acc: 22.15  |  Val Loss: 1.589 | Val Acc: 25.25  |  Test Loss: 1.597 | Tes Acc: 22.71
INFO >> Epoch: 2  |  Layer: 03  |  Train Loss: 1.577 | Train Acc: 28.19  |  Val Loss: 1.586 | Val Acc: 23.23  |  Test Loss: 1.576 | Tes Acc: 25.60
INFO >> Epoch: 2  |  Layer: 04  |  Train Loss: 1.584 | Train Acc: 31.54  |  Val Loss: 1.597 | Val Acc: 26.26  |  Test Loss: 1.583 | Tes Acc: 26.09
INFO >> Epoch: 2  |  Layer: 05  |  Train Loss: 1.590 | Train Acc: 24.83  |  Val Loss: 1.601 | Val Acc: 27.27  |  Test Loss: 1.586 | Tes Acc: 24.64
INFO >> Epoch: 2  |  Layer: 06  |  Train Loss: 1.582 | Train Acc: 28.19  |  Val Loss: 1.596 | Val Acc: 25.25  |  Test Loss: 1.582 | Tes Acc: 24.15
INFO >> Epoch: 2  |  Layer: 07  |  Train Loss: 1.581 | Train Acc: 30.20  |  Val Loss: 1.597 | Val Acc: 24.24  |  Test Loss: 1.579 | Tes Acc: 24.15
INFO >> Epoch: 2  |  Layer: 08  |  Train Loss: 1.584 | Train Acc: 30.87  |  Val Loss: 1.601 | Val Acc: 24.24  |  Test Loss: 1.587 | Tes Acc: 24.64
INFO >> Epoch: 2  |  Layer: 09  |  Train Loss: 1.584 | Train Acc: 33.89  |  Val Loss: 1.599 | Val Acc: 26.26  |  Test Loss: 1.582 | Tes Acc: 24.64
INFO >> Epoch: 2  |  Layer: 10  |  Train Loss: 1.583 | Train Acc: 28.52  |  Val Loss: 1.594 | Val Acc: 33.33  |  Test Loss: 1.583 | Tes Acc: 25.12
INFO >> Epoch: 2  |  Layer: 11  |  Train Loss: 1.583 | Train Acc: 32.21  |  Val Loss: 1.590 | Val Acc: 25.25  |  Test Loss: 1.582 | Tes Acc: 23.67
INFO >> Epoch: 2  |  Layer: 12  |  Train Loss: 1.587 | Train Acc: 27.18  |  Val Loss: 1.590 | Val Acc: 30.30  |  Test Loss: 1.587 | Tes Acc: 23.67
INFO >> Epoch: 2  |  Layer: 13  |  Train Loss: 1.587 | Train Acc: 27.85  |  Val Loss: 1.584 | Val Acc: 36.36  |  Test Loss: 1.586 | Tes Acc: 23.67

INFO >> Epoch: 3  |  Layer: 01  |  Train Loss: 1.544 | Train Acc: 29.53  |  Val Loss: 1.638 | Val Acc: 34.34  |  Test Loss: 1.541 | Tes Acc: 29.47
INFO >> Epoch: 3  |  Layer: 02  |  Train Loss: 1.557 | Train Acc: 30.54  |  Val Loss: 1.605 | Val Acc: 28.28  |  Test Loss: 1.565 | Tes Acc: 28.99
INFO >> Epoch: 3  |  Layer: 03  |  Train Loss: 1.546 | Train Acc: 29.87  |  Val Loss: 1.618 | Val Acc: 39.39  |  Test Loss: 1.553 | Tes Acc: 30.92
INFO >> Epoch: 3  |  Layer: 04  |  Train Loss: 1.557 | Train Acc: 32.21  |  Val Loss: 1.608 | Val Acc: 42.42  |  Test Loss: 1.562 | Tes Acc: 29.95
INFO >> Epoch: 3  |  Layer: 05  |  Train Loss: 1.559 | Train Acc: 30.20  |  Val Loss: 1.597 | Val Acc: 28.28  |  Test Loss: 1.568 | Tes Acc: 29.47
INFO >> Epoch: 3  |  Layer: 06  |  Train Loss: 1.556 | Train Acc: 29.53  |  Val Loss: 1.610 | Val Acc: 35.35  |  Test Loss: 1.562 | Tes Acc: 28.99
INFO >> Epoch: 3  |  Layer: 07  |  Train Loss: 1.556 | Train Acc: 30.20  |  Val Loss: 1.609 | Val Acc: 38.38  |  Test Loss: 1.560 | Tes Acc: 29.47
INFO >> Epoch: 3  |  Layer: 08  |  Train Loss: 1.559 | Train Acc: 30.54  |  Val Loss: 1.601 | Val Acc: 40.40  |  Test Loss: 1.564 | Tes Acc: 34.30
INFO >> Epoch: 3  |  Layer: 09  |  Train Loss: 1.563 | Train Acc: 33.56  |  Val Loss: 1.596 | Val Acc: 38.38  |  Test Loss: 1.565 | Tes Acc: 25.12
INFO >> Epoch: 3  |  Layer: 10  |  Train Loss: 1.558 | Train Acc: 33.22  |  Val Loss: 1.594 | Val Acc: 37.37  |  Test Loss: 1.563 | Tes Acc: 33.33
INFO >> Epoch: 3  |  Layer: 11  |  Train Loss: 1.556 | Train Acc: 31.54  |  Val Loss: 1.584 | Val Acc: 42.42  |  Test Loss: 1.560 | Tes Acc: 31.88
INFO >> Epoch: 3  |  Layer: 12  |  Train Loss: 1.563 | Train Acc: 35.57  |  Val Loss: 1.577 | Val Acc: 47.47  |  Test Loss: 1.567 | Tes Acc: 38.16
INFO >> Epoch: 3  |  Layer: 13  |  Train Loss: 1.564 | Train Acc: 33.89  |  Val Loss: 1.573 | Val Acc: 38.38  |  Test Loss: 1.571 | Tes Acc: 28.99

INFO >> Epoch: 4  |  Layer: 01  |  Train Loss: 1.530 | Train Acc: 30.54  |  Val Loss: 1.612 | Val Acc: 25.25  |  Test Loss: 1.545 | Tes Acc: 27.54
INFO >> Epoch: 4  |  Layer: 02  |  Train Loss: 1.549 | Train Acc: 29.53  |  Val Loss: 1.580 | Val Acc: 33.33  |  Test Loss: 1.563 | Tes Acc: 28.02
INFO >> Epoch: 4  |  Layer: 03  |  Train Loss: 1.543 | Train Acc: 30.54  |  Val Loss: 1.602 | Val Acc: 39.39  |  Test Loss: 1.542 | Tes Acc: 28.02
INFO >> Epoch: 4  |  Layer: 04  |  Train Loss: 1.553 | Train Acc: 28.52  |  Val Loss: 1.608 | Val Acc: 44.44  |  Test Loss: 1.550 | Tes Acc: 27.54
INFO >> Epoch: 4  |  Layer: 05  |  Train Loss: 1.553 | Train Acc: 27.52  |  Val Loss: 1.597 | Val Acc: 32.32  |  Test Loss: 1.553 | Tes Acc: 31.88
INFO >> Epoch: 4  |  Layer: 06  |  Train Loss: 1.546 | Train Acc: 29.19  |  Val Loss: 1.603 | Val Acc: 40.40  |  Test Loss: 1.544 | Tes Acc: 34.78
INFO >> Epoch: 4  |  Layer: 07  |  Train Loss: 1.545 | Train Acc: 32.21  |  Val Loss: 1.592 | Val Acc: 41.41  |  Test Loss: 1.543 | Tes Acc: 35.27
INFO >> Epoch: 4  |  Layer: 08  |  Train Loss: 1.549 | Train Acc: 32.89  |  Val Loss: 1.593 | Val Acc: 37.37  |  Test Loss: 1.549 | Tes Acc: 28.50
INFO >> Epoch: 4  |  Layer: 09  |  Train Loss: 1.553 | Train Acc: 33.56  |  Val Loss: 1.600 | Val Acc: 41.41  |  Test Loss: 1.549 | Tes Acc: 33.82
INFO >> Epoch: 4  |  Layer: 10  |  Train Loss: 1.541 | Train Acc: 35.91  |  Val Loss: 1.580 | Val Acc: 41.41  |  Test Loss: 1.545 | Tes Acc: 30.43
INFO >> Epoch: 4  |  Layer: 11  |  Train Loss: 1.540 | Train Acc: 35.57  |  Val Loss: 1.565 | Val Acc: 45.45  |  Test Loss: 1.540 | Tes Acc: 33.33
INFO >> Epoch: 4  |  Layer: 12  |  Train Loss: 1.546 | Train Acc: 32.55  |  Val Loss: 1.564 | Val Acc: 43.43  |  Test Loss: 1.549 | Tes Acc: 36.23
INFO >> Epoch: 4  |  Layer: 13  |  Train Loss: 1.550 | Train Acc: 30.87  |  Val Loss: 1.568 | Val Acc: 38.38  |  Test Loss: 1.553 | Tes Acc: 33.82

INFO >> Epoch: 5  |  Layer: 01  |  Train Loss: 1.531 | Train Acc: 34.23  |  Val Loss: 1.614 | Val Acc: 37.37  |  Test Loss: 1.521 | Tes Acc: 29.47
INFO >> Epoch: 5  |  Layer: 02  |  Train Loss: 1.538 | Train Acc: 33.22  |  Val Loss: 1.585 | Val Acc: 45.45  |  Test Loss: 1.542 | Tes Acc: 29.95
INFO >> Epoch: 5  |  Layer: 03  |  Train Loss: 1.524 | Train Acc: 37.92  |  Val Loss: 1.617 | Val Acc: 39.39  |  Test Loss: 1.529 | Tes Acc: 31.88
INFO >> Epoch: 5  |  Layer: 04  |  Train Loss: 1.530 | Train Acc: 36.58  |  Val Loss: 1.588 | Val Acc: 38.38  |  Test Loss: 1.542 | Tes Acc: 28.50
INFO >> Epoch: 5  |  Layer: 05  |  Train Loss: 1.526 | Train Acc: 37.58  |  Val Loss: 1.582 | Val Acc: 39.39  |  Test Loss: 1.543 | Tes Acc: 30.43
INFO >> Epoch: 5  |  Layer: 06  |  Train Loss: 1.521 | Train Acc: 36.24  |  Val Loss: 1.602 | Val Acc: 35.35  |  Test Loss: 1.533 | Tes Acc: 28.50
INFO >> Epoch: 5  |  Layer: 07  |  Train Loss: 1.522 | Train Acc: 36.91  |  Val Loss: 1.588 | Val Acc: 38.38  |  Test Loss: 1.530 | Tes Acc: 28.99
INFO >> Epoch: 5  |  Layer: 08  |  Train Loss: 1.525 | Train Acc: 35.23  |  Val Loss: 1.575 | Val Acc: 35.35  |  Test Loss: 1.536 | Tes Acc: 27.54
INFO >> Epoch: 5  |  Layer: 09  |  Train Loss: 1.529 | Train Acc: 35.91  |  Val Loss: 1.578 | Val Acc: 44.44  |  Test Loss: 1.534 | Tes Acc: 34.78
INFO >> Epoch: 5  |  Layer: 10  |  Train Loss: 1.513 | Train Acc: 41.61  |  Val Loss: 1.565 | Val Acc: 37.37  |  Test Loss: 1.528 | Tes Acc: 35.75
INFO >> Epoch: 5  |  Layer: 11  |  Train Loss: 1.511 | Train Acc: 38.59  |  Val Loss: 1.549 | Val Acc: 36.36  |  Test Loss: 1.522 | Tes Acc: 33.33
INFO >> Epoch: 5  |  Layer: 12  |  Train Loss: 1.519 | Train Acc: 37.58  |  Val Loss: 1.545 | Val Acc: 39.39  |  Test Loss: 1.533 | Tes Acc: 29.95
INFO >> Epoch: 5  |  Layer: 13  |  Train Loss: 1.523 | Train Acc: 36.24  |  Val Loss: 1.545 | Val Acc: 37.37  |  Test Loss: 1.538 | Tes Acc: 29.95

INFO >> Epoch: 6  |  Layer: 01  |  Train Loss: 1.496 | Train Acc: 37.92  |  Val Loss: 1.616 | Val Acc: 40.40  |  Test Loss: 1.514 | Tes Acc: 34.78
INFO >> Epoch: 6  |  Layer: 02  |  Train Loss: 1.508 | Train Acc: 35.57  |  Val Loss: 1.556 | Val Acc: 46.46  |  Test Loss: 1.536 | Tes Acc: 32.85
INFO >> Epoch: 6  |  Layer: 03  |  Train Loss: 1.490 | Train Acc: 39.26  |  Val Loss: 1.577 | Val Acc: 46.46  |  Test Loss: 1.517 | Tes Acc: 32.85
INFO >> Epoch: 6  |  Layer: 04  |  Train Loss: 1.503 | Train Acc: 39.93  |  Val Loss: 1.570 | Val Acc: 46.46  |  Test Loss: 1.528 | Tes Acc: 35.27
INFO >> Epoch: 6  |  Layer: 05  |  Train Loss: 1.502 | Train Acc: 36.91  |  Val Loss: 1.563 | Val Acc: 36.36  |  Test Loss: 1.527 | Tes Acc: 36.23
INFO >> Epoch: 6  |  Layer: 06  |  Train Loss: 1.492 | Train Acc: 38.26  |  Val Loss: 1.565 | Val Acc: 42.42  |  Test Loss: 1.517 | Tes Acc: 37.68
INFO >> Epoch: 6  |  Layer: 07  |  Train Loss: 1.491 | Train Acc: 42.28  |  Val Loss: 1.554 | Val Acc: 44.44  |  Test Loss: 1.514 | Tes Acc: 44.44
INFO >> Epoch: 6  |  Layer: 08  |  Train Loss: 1.493 | Train Acc: 38.26  |  Val Loss: 1.546 | Val Acc: 49.49  |  Test Loss: 1.517 | Tes Acc: 43.48
INFO >> Epoch: 6  |  Layer: 09  |  Train Loss: 1.506 | Train Acc: 40.27  |  Val Loss: 1.556 | Val Acc: 44.44  |  Test Loss: 1.520 | Tes Acc: 39.13
INFO >> Epoch: 6  |  Layer: 10  |  Train Loss: 1.480 | Train Acc: 48.32  |  Val Loss: 1.528 | Val Acc: 50.51  |  Test Loss: 1.505 | Tes Acc: 43.48
INFO >> Epoch: 6  |  Layer: 11  |  Train Loss: 1.474 | Train Acc: 42.95  |  Val Loss: 1.512 | Val Acc: 52.53  |  Test Loss: 1.496 | Tes Acc: 44.44
INFO >> Epoch: 6  |  Layer: 12  |  Train Loss: 1.488 | Train Acc: 49.33  |  Val Loss: 1.517 | Val Acc: 49.49  |  Test Loss: 1.508 | Tes Acc: 48.31
INFO >> Epoch: 6  |  Layer: 13  |  Train Loss: 1.495 | Train Acc: 42.95  |  Val Loss: 1.518 | Val Acc: 49.49  |  Test Loss: 1.517 | Tes Acc: 42.03

INFO >> Epoch: 7  |  Layer: 01  |  Train Loss: 1.461 | Train Acc: 36.24  |  Val Loss: 1.578 | Val Acc: 27.27  |  Test Loss: 1.550 | Tes Acc: 30.92
INFO >> Epoch: 7  |  Layer: 02  |  Train Loss: 1.486 | Train Acc: 34.56  |  Val Loss: 1.586 | Val Acc: 30.30  |  Test Loss: 1.537 | Tes Acc: 27.05
INFO >> Epoch: 7  |  Layer: 03  |  Train Loss: 1.466 | Train Acc: 37.58  |  Val Loss: 1.604 | Val Acc: 38.38  |  Test Loss: 1.517 | Tes Acc: 29.95
INFO >> Epoch: 7  |  Layer: 04  |  Train Loss: 1.478 | Train Acc: 36.58  |  Val Loss: 1.582 | Val Acc: 35.35  |  Test Loss: 1.522 | Tes Acc: 30.43
INFO >> Epoch: 7  |  Layer: 05  |  Train Loss: 1.474 | Train Acc: 36.91  |  Val Loss: 1.556 | Val Acc: 40.40  |  Test Loss: 1.517 | Tes Acc: 33.82
INFO >> Epoch: 7  |  Layer: 06  |  Train Loss: 1.460 | Train Acc: 39.26  |  Val Loss: 1.559 | Val Acc: 38.38  |  Test Loss: 1.504 | Tes Acc: 36.23
INFO >> Epoch: 7  |  Layer: 07  |  Train Loss: 1.458 | Train Acc: 40.27  |  Val Loss: 1.533 | Val Acc: 46.46  |  Test Loss: 1.499 | Tes Acc: 36.23
INFO >> Epoch: 7  |  Layer: 08  |  Train Loss: 1.460 | Train Acc: 41.28  |  Val Loss: 1.541 | Val Acc: 36.36  |  Test Loss: 1.504 | Tes Acc: 31.40
INFO >> Epoch: 7  |  Layer: 09  |  Train Loss: 1.473 | Train Acc: 38.59  |  Val Loss: 1.541 | Val Acc: 47.47  |  Test Loss: 1.504 | Tes Acc: 39.13
INFO >> Epoch: 7  |  Layer: 10  |  Train Loss: 1.444 | Train Acc: 41.61  |  Val Loss: 1.509 | Val Acc: 37.37  |  Test Loss: 1.489 | Tes Acc: 39.13
INFO >> Epoch: 7  |  Layer: 11  |  Train Loss: 1.436 | Train Acc: 43.29  |  Val Loss: 1.493 | Val Acc: 40.40  |  Test Loss: 1.475 | Tes Acc: 40.10
INFO >> Epoch: 7  |  Layer: 12  |  Train Loss: 1.452 | Train Acc: 40.94  |  Val Loss: 1.497 | Val Acc: 44.44  |  Test Loss: 1.488 | Tes Acc: 38.65
INFO >> Epoch: 7  |  Layer: 13  |  Train Loss: 1.459 | Train Acc: 41.28  |  Val Loss: 1.503 | Val Acc: 45.45  |  Test Loss: 1.494 | Tes Acc: 40.10

INFO >> Epoch: 8  |  Layer: 01  |  Train Loss: 1.436 | Train Acc: 43.62  |  Val Loss: 1.601 | Val Acc: 39.39  |  Test Loss: 1.497 | Tes Acc: 36.71
INFO >> Epoch: 8  |  Layer: 02  |  Train Loss: 1.463 | Train Acc: 40.60  |  Val Loss: 1.540 | Val Acc: 44.44  |  Test Loss: 1.512 | Tes Acc: 32.85
INFO >> Epoch: 8  |  Layer: 03  |  Train Loss: 1.442 | Train Acc: 43.29  |  Val Loss: 1.546 | Val Acc: 49.49  |  Test Loss: 1.495 | Tes Acc: 32.85
INFO >> Epoch: 8  |  Layer: 04  |  Train Loss: 1.451 | Train Acc: 43.62  |  Val Loss: 1.546 | Val Acc: 43.43  |  Test Loss: 1.505 | Tes Acc: 34.30
INFO >> Epoch: 8  |  Layer: 05  |  Train Loss: 1.445 | Train Acc: 42.95  |  Val Loss: 1.538 | Val Acc: 44.44  |  Test Loss: 1.498 | Tes Acc: 39.13
INFO >> Epoch: 8  |  Layer: 06  |  Train Loss: 1.427 | Train Acc: 44.30  |  Val Loss: 1.536 | Val Acc: 43.43  |  Test Loss: 1.486 | Tes Acc: 38.65
INFO >> Epoch: 8  |  Layer: 07  |  Train Loss: 1.423 | Train Acc: 46.31  |  Val Loss: 1.521 | Val Acc: 42.42  |  Test Loss: 1.479 | Tes Acc: 42.51
INFO >> Epoch: 8  |  Layer: 08  |  Train Loss: 1.427 | Train Acc: 41.61  |  Val Loss: 1.514 | Val Acc: 44.44  |  Test Loss: 1.478 | Tes Acc: 43.96
INFO >> Epoch: 8  |  Layer: 09  |  Train Loss: 1.444 | Train Acc: 41.61  |  Val Loss: 1.517 | Val Acc: 44.44  |  Test Loss: 1.485 | Tes Acc: 41.55
INFO >> Epoch: 8  |  Layer: 10  |  Train Loss: 1.404 | Train Acc: 53.69  |  Val Loss: 1.483 | Val Acc: 43.43  |  Test Loss: 1.459 | Tes Acc: 46.86
INFO >> Epoch: 8  |  Layer: 11  |  Train Loss: 1.398 | Train Acc: 47.32  |  Val Loss: 1.469 | Val Acc: 45.45  |  Test Loss: 1.447 | Tes Acc: 44.44
INFO >> Epoch: 8  |  Layer: 12  |  Train Loss: 1.415 | Train Acc: 44.97  |  Val Loss: 1.472 | Val Acc: 45.45  |  Test Loss: 1.463 | Tes Acc: 44.44
INFO >> Epoch: 8  |  Layer: 13  |  Train Loss: 1.424 | Train Acc: 44.63  |  Val Loss: 1.465 | Val Acc: 49.49  |  Test Loss: 1.474 | Tes Acc: 38.16

INFO >> Epoch: 9  |  Layer: 01  |  Train Loss: 1.450 | Train Acc: 39.60  |  Val Loss: 1.487 | Val Acc: 45.45  |  Test Loss: 1.500 | Tes Acc: 35.27
INFO >> Epoch: 9  |  Layer: 02  |  Train Loss: 1.470 | Train Acc: 39.60  |  Val Loss: 1.578 | Val Acc: 38.38  |  Test Loss: 1.508 | Tes Acc: 32.37
INFO >> Epoch: 9  |  Layer: 03  |  Train Loss: 1.445 | Train Acc: 42.62  |  Val Loss: 1.563 | Val Acc: 45.45  |  Test Loss: 1.483 | Tes Acc: 37.20
INFO >> Epoch: 9  |  Layer: 04  |  Train Loss: 1.449 | Train Acc: 41.95  |  Val Loss: 1.568 | Val Acc: 44.44  |  Test Loss: 1.491 | Tes Acc: 37.20
INFO >> Epoch: 9  |  Layer: 05  |  Train Loss: 1.440 | Train Acc: 45.30  |  Val Loss: 1.543 | Val Acc: 40.40  |  Test Loss: 1.480 | Tes Acc: 42.03
INFO >> Epoch: 9  |  Layer: 06  |  Train Loss: 1.417 | Train Acc: 46.31  |  Val Loss: 1.537 | Val Acc: 41.41  |  Test Loss: 1.466 | Tes Acc: 43.48
INFO >> Epoch: 9  |  Layer: 07  |  Train Loss: 1.410 | Train Acc: 50.00  |  Val Loss: 1.507 | Val Acc: 41.41  |  Test Loss: 1.456 | Tes Acc: 45.41
INFO >> Epoch: 9  |  Layer: 08  |  Train Loss: 1.413 | Train Acc: 48.99  |  Val Loss: 1.516 | Val Acc: 40.40  |  Test Loss: 1.456 | Tes Acc: 44.44
INFO >> Epoch: 9  |  Layer: 09  |  Train Loss: 1.430 | Train Acc: 50.67  |  Val Loss: 1.520 | Val Acc: 44.44  |  Test Loss: 1.463 | Tes Acc: 47.83
INFO >> Epoch: 9  |  Layer: 10  |  Train Loss: 1.380 | Train Acc: 54.36  |  Val Loss: 1.467 | Val Acc: 41.41  |  Test Loss: 1.431 | Tes Acc: 49.76
INFO >> Epoch: 9  |  Layer: 11  |  Train Loss: 1.372 | Train Acc: 54.70  |  Val Loss: 1.445 | Val Acc: 46.46  |  Test Loss: 1.415 | Tes Acc: 46.38
INFO >> Epoch: 9  |  Layer: 12  |  Train Loss: 1.387 | Train Acc: 55.37  |  Val Loss: 1.454 | Val Acc: 45.45  |  Test Loss: 1.430 | Tes Acc: 45.89
INFO >> Epoch: 9  |  Layer: 13  |  Train Loss: 1.398 | Train Acc: 56.38  |  Val Loss: 1.454 | Val Acc: 49.49  |  Test Loss: 1.442 | Tes Acc: 49.28

INFO >> Epoch: 10  |  Layer: 01  |  Train Loss: 1.410 | Train Acc: 40.60  |  Val Loss: 1.732 | Val Acc: 22.22  |  Test Loss: 1.575 | Tes Acc: 28.50
INFO >> Epoch: 10  |  Layer: 02  |  Train Loss: 1.441 | Train Acc: 35.57  |  Val Loss: 1.545 | Val Acc: 35.35  |  Test Loss: 1.518 | Tes Acc: 33.82
INFO >> Epoch: 10  |  Layer: 03  |  Train Loss: 1.408 | Train Acc: 39.60  |  Val Loss: 1.564 | Val Acc: 35.35  |  Test Loss: 1.488 | Tes Acc: 33.82
INFO >> Epoch: 10  |  Layer: 04  |  Train Loss: 1.411 | Train Acc: 40.27  |  Val Loss: 1.524 | Val Acc: 35.35  |  Test Loss: 1.491 | Tes Acc: 35.27
INFO >> Epoch: 10  |  Layer: 05  |  Train Loss: 1.402 | Train Acc: 45.64  |  Val Loss: 1.495 | Val Acc: 41.41  |  Test Loss: 1.475 | Tes Acc: 39.13
INFO >> Epoch: 10  |  Layer: 06  |  Train Loss: 1.379 | Train Acc: 47.65  |  Val Loss: 1.505 | Val Acc: 32.32  |  Test Loss: 1.458 | Tes Acc: 36.71
INFO >> Epoch: 10  |  Layer: 07  |  Train Loss: 1.370 | Train Acc: 51.01  |  Val Loss: 1.457 | Val Acc: 43.43  |  Test Loss: 1.441 | Tes Acc: 44.44
INFO >> Epoch: 10  |  Layer: 08  |  Train Loss: 1.373 | Train Acc: 48.32  |  Val Loss: 1.470 | Val Acc: 36.36  |  Test Loss: 1.448 | Tes Acc: 34.78
INFO >> Epoch: 10  |  Layer: 09  |  Train Loss: 1.393 | Train Acc: 50.00  |  Val Loss: 1.453 | Val Acc: 50.51  |  Test Loss: 1.444 | Tes Acc: 43.00
INFO >> Epoch: 10  |  Layer: 10  |  Train Loss: 1.333 | Train Acc: 59.73  |  Val Loss: 1.423 | Val Acc: 40.40  |  Test Loss: 1.416 | Tes Acc: 45.41
INFO >> Epoch: 10  |  Layer: 11  |  Train Loss: 1.331 | Train Acc: 52.35  |  Val Loss: 1.402 | Val Acc: 42.42  |  Test Loss: 1.397 | Tes Acc: 43.96
INFO >> Epoch: 10  |  Layer: 12  |  Train Loss: 1.346 | Train Acc: 56.71  |  Val Loss: 1.401 | Val Acc: 46.46  |  Test Loss: 1.415 | Tes Acc: 43.00
INFO >> Epoch: 10  |  Layer: 13  |  Train Loss: 1.360 | Train Acc: 56.71  |  Val Loss: 1.397 | Val Acc: 51.52  |  Test Loss: 1.423 | Tes Acc: 42.03

INFO >> Epoch: 11  |  Layer: 01  |  Train Loss: 1.408 | Train Acc: 40.27  |  Val Loss: 1.514 | Val Acc: 42.42  |  Test Loss: 1.479 | Tes Acc: 38.16
INFO >> Epoch: 11  |  Layer: 02  |  Train Loss: 1.402 | Train Acc: 44.30  |  Val Loss: 1.569 | Val Acc: 35.35  |  Test Loss: 1.498 | Tes Acc: 32.85
INFO >> Epoch: 11  |  Layer: 03  |  Train Loss: 1.367 | Train Acc: 45.64  |  Val Loss: 1.532 | Val Acc: 36.36  |  Test Loss: 1.476 | Tes Acc: 31.88
INFO >> Epoch: 11  |  Layer: 04  |  Train Loss: 1.368 | Train Acc: 46.98  |  Val Loss: 1.530 | Val Acc: 37.37  |  Test Loss: 1.478 | Tes Acc: 31.88
INFO >> Epoch: 11  |  Layer: 05  |  Train Loss: 1.358 | Train Acc: 50.67  |  Val Loss: 1.520 | Val Acc: 40.40  |  Test Loss: 1.458 | Tes Acc: 40.58
INFO >> Epoch: 11  |  Layer: 06  |  Train Loss: 1.332 | Train Acc: 55.37  |  Val Loss: 1.491 | Val Acc: 39.39  |  Test Loss: 1.436 | Tes Acc: 46.38
INFO >> Epoch: 11  |  Layer: 07  |  Train Loss: 1.319 | Train Acc: 57.05  |  Val Loss: 1.476 | Val Acc: 35.35  |  Test Loss: 1.427 | Tes Acc: 43.00
INFO >> Epoch: 11  |  Layer: 08  |  Train Loss: 1.321 | Train Acc: 57.38  |  Val Loss: 1.472 | Val Acc: 37.37  |  Test Loss: 1.421 | Tes Acc: 43.96
INFO >> Epoch: 11  |  Layer: 09  |  Train Loss: 1.341 | Train Acc: 60.07  |  Val Loss: 1.471 | Val Acc: 35.35  |  Test Loss: 1.429 | Tes Acc: 44.93
INFO >> Epoch: 11  |  Layer: 10  |  Train Loss: 1.274 | Train Acc: 62.75  |  Val Loss: 1.422 | Val Acc: 34.34  |  Test Loss: 1.390 | Tes Acc: 43.48
INFO >> Epoch: 11  |  Layer: 11  |  Train Loss: 1.270 | Train Acc: 63.76  |  Val Loss: 1.404 | Val Acc: 37.37  |  Test Loss: 1.373 | Tes Acc: 46.38
INFO >> Epoch: 11  |  Layer: 12  |  Train Loss: 1.285 | Train Acc: 64.77  |  Val Loss: 1.403 | Val Acc: 41.41  |  Test Loss: 1.384 | Tes Acc: 47.83
INFO >> Epoch: 11  |  Layer: 13  |  Train Loss: 1.298 | Train Acc: 64.09  |  Val Loss: 1.403 | Val Acc: 42.42  |  Test Loss: 1.402 | Tes Acc: 46.86

INFO >> Epoch: 12  |  Layer: 01  |  Train Loss: 1.364 | Train Acc: 40.94  |  Val Loss: 1.479 | Val Acc: 39.39  |  Test Loss: 1.495 | Tes Acc: 28.02
INFO >> Epoch: 12  |  Layer: 02  |  Train Loss: 1.369 | Train Acc: 42.95  |  Val Loss: 1.501 | Val Acc: 39.39  |  Test Loss: 1.493 | Tes Acc: 28.99
INFO >> Epoch: 12  |  Layer: 03  |  Train Loss: 1.337 | Train Acc: 45.64  |  Val Loss: 1.475 | Val Acc: 46.46  |  Test Loss: 1.465 | Tes Acc: 28.99
INFO >> Epoch: 12  |  Layer: 04  |  Train Loss: 1.332 | Train Acc: 46.31  |  Val Loss: 1.475 | Val Acc: 45.45  |  Test Loss: 1.462 | Tes Acc: 34.30
INFO >> Epoch: 12  |  Layer: 05  |  Train Loss: 1.311 | Train Acc: 51.68  |  Val Loss: 1.460 | Val Acc: 38.38  |  Test Loss: 1.448 | Tes Acc: 34.78
INFO >> Epoch: 12  |  Layer: 06  |  Train Loss: 1.276 | Train Acc: 55.70  |  Val Loss: 1.441 | Val Acc: 36.36  |  Test Loss: 1.424 | Tes Acc: 37.68
INFO >> Epoch: 12  |  Layer: 07  |  Train Loss: 1.264 | Train Acc: 55.03  |  Val Loss: 1.397 | Val Acc: 40.40  |  Test Loss: 1.402 | Tes Acc: 38.65
INFO >> Epoch: 12  |  Layer: 08  |  Train Loss: 1.259 | Train Acc: 57.05  |  Val Loss: 1.412 | Val Acc: 40.40  |  Test Loss: 1.399 | Tes Acc: 37.68
INFO >> Epoch: 12  |  Layer: 09  |  Train Loss: 1.289 | Train Acc: 60.07  |  Val Loss: 1.407 | Val Acc: 46.46  |  Test Loss: 1.402 | Tes Acc: 43.00
INFO >> Epoch: 12  |  Layer: 10  |  Train Loss: 1.211 | Train Acc: 60.40  |  Val Loss: 1.355 | Val Acc: 47.47  |  Test Loss: 1.355 | Tes Acc: 44.44
INFO >> Epoch: 12  |  Layer: 11  |  Train Loss: 1.203 | Train Acc: 61.07  |  Val Loss: 1.352 | Val Acc: 41.41  |  Test Loss: 1.343 | Tes Acc: 47.83
INFO >> Epoch: 12  |  Layer: 12  |  Train Loss: 1.217 | Train Acc: 64.43  |  Val Loss: 1.357 | Val Acc: 42.42  |  Test Loss: 1.362 | Tes Acc: 45.41
INFO >> Epoch: 12  |  Layer: 13  |  Train Loss: 1.234 | Train Acc: 66.44  |  Val Loss: 1.339 | Val Acc: 52.53  |  Test Loss: 1.372 | Tes Acc: 43.96

INFO >> Epoch: 13  |  Layer: 01  |  Train Loss: 1.349 | Train Acc: 43.62  |  Val Loss: 1.558 | Val Acc: 34.34  |  Test Loss: 1.552 | Tes Acc: 29.95
INFO >> Epoch: 13  |  Layer: 02  |  Train Loss: 1.358 | Train Acc: 42.28  |  Val Loss: 1.591 | Val Acc: 29.29  |  Test Loss: 1.548 | Tes Acc: 30.92
INFO >> Epoch: 13  |  Layer: 03  |  Train Loss: 1.304 | Train Acc: 49.66  |  Val Loss: 1.509 | Val Acc: 40.40  |  Test Loss: 1.492 | Tes Acc: 35.75
INFO >> Epoch: 13  |  Layer: 04  |  Train Loss: 1.303 | Train Acc: 50.67  |  Val Loss: 1.509 | Val Acc: 35.35  |  Test Loss: 1.484 | Tes Acc: 33.33
INFO >> Epoch: 13  |  Layer: 05  |  Train Loss: 1.291 | Train Acc: 52.68  |  Val Loss: 1.482 | Val Acc: 37.37  |  Test Loss: 1.457 | Tes Acc: 39.13
INFO >> Epoch: 13  |  Layer: 06  |  Train Loss: 1.249 | Train Acc: 56.38  |  Val Loss: 1.448 | Val Acc: 34.34  |  Test Loss: 1.425 | Tes Acc: 40.58
INFO >> Epoch: 13  |  Layer: 07  |  Train Loss: 1.235 | Train Acc: 58.05  |  Val Loss: 1.426 | Val Acc: 35.35  |  Test Loss: 1.405 | Tes Acc: 43.48
INFO >> Epoch: 13  |  Layer: 08  |  Train Loss: 1.230 | Train Acc: 57.38  |  Val Loss: 1.448 | Val Acc: 33.33  |  Test Loss: 1.399 | Tes Acc: 43.48
INFO >> Epoch: 13  |  Layer: 09  |  Train Loss: 1.258 | Train Acc: 59.73  |  Val Loss: 1.391 | Val Acc: 46.46  |  Test Loss: 1.380 | Tes Acc: 45.89
INFO >> Epoch: 13  |  Layer: 10  |  Train Loss: 1.172 | Train Acc: 67.11  |  Val Loss: 1.385 | Val Acc: 39.39  |  Test Loss: 1.357 | Tes Acc: 44.93
INFO >> Epoch: 13  |  Layer: 11  |  Train Loss: 1.171 | Train Acc: 66.78  |  Val Loss: 1.355 | Val Acc: 43.43  |  Test Loss: 1.327 | Tes Acc: 46.86
INFO >> Epoch: 13  |  Layer: 12  |  Train Loss: 1.187 | Train Acc: 62.42  |  Val Loss: 1.340 | Val Acc: 48.48  |  Test Loss: 1.334 | Tes Acc: 48.79
INFO >> Epoch: 13  |  Layer: 13  |  Train Loss: 1.203 | Train Acc: 62.42  |  Val Loss: 1.317 | Val Acc: 54.55  |  Test Loss: 1.338 | Tes Acc: 45.89

INFO >> Epoch: 14  |  Layer: 01  |  Train Loss: 1.326 | Train Acc: 46.98  |  Val Loss: 1.534 | Val Acc: 34.34  |  Test Loss: 1.517 | Tes Acc: 28.02
INFO >> Epoch: 14  |  Layer: 02  |  Train Loss: 1.354 | Train Acc: 40.60  |  Val Loss: 1.558 | Val Acc: 35.35  |  Test Loss: 1.502 | Tes Acc: 30.92
INFO >> Epoch: 14  |  Layer: 03  |  Train Loss: 1.300 | Train Acc: 49.33  |  Val Loss: 1.500 | Val Acc: 40.40  |  Test Loss: 1.458 | Tes Acc: 38.16
INFO >> Epoch: 14  |  Layer: 04  |  Train Loss: 1.298 | Train Acc: 46.98  |  Val Loss: 1.503 | Val Acc: 41.41  |  Test Loss: 1.450 | Tes Acc: 39.13
INFO >> Epoch: 14  |  Layer: 05  |  Train Loss: 1.276 | Train Acc: 51.68  |  Val Loss: 1.475 | Val Acc: 35.35  |  Test Loss: 1.427 | Tes Acc: 39.61
INFO >> Epoch: 14  |  Layer: 06  |  Train Loss: 1.238 | Train Acc: 57.72  |  Val Loss: 1.447 | Val Acc: 34.34  |  Test Loss: 1.397 | Tes Acc: 39.61
INFO >> Epoch: 14  |  Layer: 07  |  Train Loss: 1.219 | Train Acc: 58.39  |  Val Loss: 1.411 | Val Acc: 36.36  |  Test Loss: 1.372 | Tes Acc: 42.03
INFO >> Epoch: 14  |  Layer: 08  |  Train Loss: 1.212 | Train Acc: 62.08  |  Val Loss: 1.419 | Val Acc: 35.35  |  Test Loss: 1.364 | Tes Acc: 44.44
INFO >> Epoch: 14  |  Layer: 09  |  Train Loss: 1.237 | Train Acc: 62.08  |  Val Loss: 1.405 | Val Acc: 35.35  |  Test Loss: 1.369 | Tes Acc: 43.48
INFO >> Epoch: 14  |  Layer: 10  |  Train Loss: 1.155 | Train Acc: 64.09  |  Val Loss: 1.351 | Val Acc: 39.39  |  Test Loss: 1.320 | Tes Acc: 45.89
INFO >> Epoch: 14  |  Layer: 11  |  Train Loss: 1.144 | Train Acc: 63.42  |  Val Loss: 1.344 | Val Acc: 37.37  |  Test Loss: 1.304 | Tes Acc: 45.41
INFO >> Epoch: 14  |  Layer: 12  |  Train Loss: 1.153 | Train Acc: 64.77  |  Val Loss: 1.341 | Val Acc: 37.37  |  Test Loss: 1.322 | Tes Acc: 43.48
INFO >> Epoch: 14  |  Layer: 13  |  Train Loss: 1.168 | Train Acc: 65.44  |  Val Loss: 1.325 | Val Acc: 42.42  |  Test Loss: 1.340 | Tes Acc: 41.06

INFO >> Epoch: 15  |  Layer: 01  |  Train Loss: 1.281 | Train Acc: 45.30  |  Val Loss: 1.571 | Val Acc: 40.40  |  Test Loss: 1.501 | Tes Acc: 32.85
INFO >> Epoch: 15  |  Layer: 02  |  Train Loss: 1.311 | Train Acc: 43.29  |  Val Loss: 1.527 | Val Acc: 42.42  |  Test Loss: 1.489 | Tes Acc: 32.37
INFO >> Epoch: 15  |  Layer: 03  |  Train Loss: 1.242 | Train Acc: 48.66  |  Val Loss: 1.523 | Val Acc: 44.44  |  Test Loss: 1.470 | Tes Acc: 29.95
INFO >> Epoch: 15  |  Layer: 04  |  Train Loss: 1.236 | Train Acc: 51.34  |  Val Loss: 1.483 | Val Acc: 41.41  |  Test Loss: 1.451 | Tes Acc: 33.33
INFO >> Epoch: 15  |  Layer: 05  |  Train Loss: 1.223 | Train Acc: 54.36  |  Val Loss: 1.465 | Val Acc: 41.41  |  Test Loss: 1.418 | Tes Acc: 38.16
INFO >> Epoch: 15  |  Layer: 06  |  Train Loss: 1.174 | Train Acc: 55.70  |  Val Loss: 1.435 | Val Acc: 38.38  |  Test Loss: 1.385 | Tes Acc: 38.65
INFO >> Epoch: 15  |  Layer: 07  |  Train Loss: 1.150 | Train Acc: 61.07  |  Val Loss: 1.397 | Val Acc: 44.44  |  Test Loss: 1.355 | Tes Acc: 39.61
INFO >> Epoch: 15  |  Layer: 08  |  Train Loss: 1.150 | Train Acc: 58.05  |  Val Loss: 1.373 | Val Acc: 42.42  |  Test Loss: 1.337 | Tes Acc: 45.41
INFO >> Epoch: 15  |  Layer: 09  |  Train Loss: 1.177 | Train Acc: 62.75  |  Val Loss: 1.336 | Val Acc: 48.48  |  Test Loss: 1.334 | Tes Acc: 53.14
INFO >> Epoch: 15  |  Layer: 10  |  Train Loss: 1.076 | Train Acc: 67.45  |  Val Loss: 1.328 | Val Acc: 43.43  |  Test Loss: 1.294 | Tes Acc: 45.41
INFO >> Epoch: 15  |  Layer: 11  |  Train Loss: 1.078 | Train Acc: 66.11  |  Val Loss: 1.304 | Val Acc: 49.49  |  Test Loss: 1.272 | Tes Acc: 53.62
INFO >> Epoch: 15  |  Layer: 12  |  Train Loss: 1.089 | Train Acc: 68.12  |  Val Loss: 1.275 | Val Acc: 52.53  |  Test Loss: 1.278 | Tes Acc: 52.66
INFO >> Epoch: 15  |  Layer: 13  |  Train Loss: 1.106 | Train Acc: 67.79  |  Val Loss: 1.246 | Val Acc: 57.58  |  Test Loss: 1.288 | Tes Acc: 50.72

INFO >> Epoch: 16  |  Layer: 01  |  Train Loss: 1.273 | Train Acc: 46.64  |  Val Loss: 1.451 | Val Acc: 41.41  |  Test Loss: 1.518 | Tes Acc: 31.40
INFO >> Epoch: 16  |  Layer: 02  |  Train Loss: 1.297 | Train Acc: 45.64  |  Val Loss: 1.495 | Val Acc: 37.37  |  Test Loss: 1.556 | Tes Acc: 30.43
INFO >> Epoch: 16  |  Layer: 03  |  Train Loss: 1.222 | Train Acc: 50.00  |  Val Loss: 1.473 | Val Acc: 34.34  |  Test Loss: 1.555 | Tes Acc: 30.43
INFO >> Epoch: 16  |  Layer: 04  |  Train Loss: 1.217 | Train Acc: 51.68  |  Val Loss: 1.454 | Val Acc: 34.34  |  Test Loss: 1.514 | Tes Acc: 30.92
INFO >> Epoch: 16  |  Layer: 05  |  Train Loss: 1.204 | Train Acc: 50.67  |  Val Loss: 1.370 | Val Acc: 45.45  |  Test Loss: 1.443 | Tes Acc: 35.75
INFO >> Epoch: 16  |  Layer: 06  |  Train Loss: 1.156 | Train Acc: 55.37  |  Val Loss: 1.369 | Val Acc: 37.37  |  Test Loss: 1.407 | Tes Acc: 38.65
INFO >> Epoch: 16  |  Layer: 07  |  Train Loss: 1.132 | Train Acc: 56.71  |  Val Loss: 1.360 | Val Acc: 39.39  |  Test Loss: 1.391 | Tes Acc: 39.13
INFO >> Epoch: 16  |  Layer: 08  |  Train Loss: 1.130 | Train Acc: 60.40  |  Val Loss: 1.395 | Val Acc: 37.37  |  Test Loss: 1.386 | Tes Acc: 37.68
INFO >> Epoch: 16  |  Layer: 09  |  Train Loss: 1.158 | Train Acc: 58.05  |  Val Loss: 1.343 | Val Acc: 39.39  |  Test Loss: 1.353 | Tes Acc: 41.55
INFO >> Epoch: 16  |  Layer: 10  |  Train Loss: 1.052 | Train Acc: 66.44  |  Val Loss: 1.309 | Val Acc: 37.37  |  Test Loss: 1.354 | Tes Acc: 37.68
INFO >> Epoch: 16  |  Layer: 11  |  Train Loss: 1.063 | Train Acc: 64.43  |  Val Loss: 1.271 | Val Acc: 45.45  |  Test Loss: 1.319 | Tes Acc: 42.51
INFO >> Epoch: 16  |  Layer: 12  |  Train Loss: 1.075 | Train Acc: 64.43  |  Val Loss: 1.296 | Val Acc: 47.47  |  Test Loss: 1.322 | Tes Acc: 42.03
INFO >> Epoch: 16  |  Layer: 13  |  Train Loss: 1.089 | Train Acc: 65.44  |  Val Loss: 1.260 | Val Acc: 51.52  |  Test Loss: 1.327 | Tes Acc: 43.96

INFO >> Epoch: 17  |  Layer: 01  |  Train Loss: 1.296 | Train Acc: 46.98  |  Val Loss: 1.630 | Val Acc: 35.35  |  Test Loss: 1.534 | Tes Acc: 31.40
INFO >> Epoch: 17  |  Layer: 02  |  Train Loss: 1.326 | Train Acc: 41.95  |  Val Loss: 1.686 | Val Acc: 34.34  |  Test Loss: 1.524 | Tes Acc: 31.88
INFO >> Epoch: 17  |  Layer: 03  |  Train Loss: 1.266 | Train Acc: 47.65  |  Val Loss: 1.529 | Val Acc: 45.45  |  Test Loss: 1.449 | Tes Acc: 36.71
INFO >> Epoch: 17  |  Layer: 04  |  Train Loss: 1.248 | Train Acc: 47.32  |  Val Loss: 1.522 | Val Acc: 45.45  |  Test Loss: 1.436 | Tes Acc: 38.16
INFO >> Epoch: 17  |  Layer: 05  |  Train Loss: 1.204 | Train Acc: 51.01  |  Val Loss: 1.493 | Val Acc: 35.35  |  Test Loss: 1.406 | Tes Acc: 43.00
INFO >> Epoch: 17  |  Layer: 06  |  Train Loss: 1.147 | Train Acc: 52.68  |  Val Loss: 1.440 | Val Acc: 34.34  |  Test Loss: 1.371 | Tes Acc: 42.51
INFO >> Epoch: 17  |  Layer: 07  |  Train Loss: 1.127 | Train Acc: 54.70  |  Val Loss: 1.367 | Val Acc: 38.38  |  Test Loss: 1.325 | Tes Acc: 49.76
INFO >> Epoch: 17  |  Layer: 08  |  Train Loss: 1.111 | Train Acc: 57.05  |  Val Loss: 1.322 | Val Acc: 39.39  |  Test Loss: 1.305 | Tes Acc: 49.28
INFO >> Epoch: 17  |  Layer: 09  |  Train Loss: 1.127 | Train Acc: 59.06  |  Val Loss: 1.311 | Val Acc: 44.44  |  Test Loss: 1.304 | Tes Acc: 46.38
INFO >> Epoch: 17  |  Layer: 10  |  Train Loss: 1.043 | Train Acc: 63.76  |  Val Loss: 1.263 | Val Acc: 51.52  |  Test Loss: 1.242 | Tes Acc: 53.14
INFO >> Epoch: 17  |  Layer: 11  |  Train Loss: 1.034 | Train Acc: 63.42  |  Val Loss: 1.259 | Val Acc: 45.45  |  Test Loss: 1.233 | Tes Acc: 49.28
INFO >> Epoch: 17  |  Layer: 12  |  Train Loss: 1.032 | Train Acc: 63.42  |  Val Loss: 1.224 | Val Acc: 54.55  |  Test Loss: 1.232 | Tes Acc: 49.76
INFO >> Epoch: 17  |  Layer: 13  |  Train Loss: 1.042 | Train Acc: 64.43  |  Val Loss: 1.208 | Val Acc: 56.57  |  Test Loss: 1.252 | Tes Acc: 46.86

INFO >> Epoch: 18  |  Layer: 01  |  Train Loss: 1.257 | Train Acc: 51.34  |  Val Loss: 1.588 | Val Acc: 39.39  |  Test Loss: 1.501 | Tes Acc: 33.82
INFO >> Epoch: 18  |  Layer: 02  |  Train Loss: 1.278 | Train Acc: 51.01  |  Val Loss: 1.401 | Val Acc: 47.47  |  Test Loss: 1.459 | Tes Acc: 38.65
INFO >> Epoch: 18  |  Layer: 03  |  Train Loss: 1.208 | Train Acc: 53.69  |  Val Loss: 1.415 | Val Acc: 53.54  |  Test Loss: 1.417 | Tes Acc: 39.13
INFO >> Epoch: 18  |  Layer: 04  |  Train Loss: 1.179 | Train Acc: 57.38  |  Val Loss: 1.326 | Val Acc: 52.53  |  Test Loss: 1.390 | Tes Acc: 45.89
INFO >> Epoch: 18  |  Layer: 05  |  Train Loss: 1.153 | Train Acc: 62.75  |  Val Loss: 1.333 | Val Acc: 47.47  |  Test Loss: 1.349 | Tes Acc: 48.79
INFO >> Epoch: 18  |  Layer: 06  |  Train Loss: 1.095 | Train Acc: 63.76  |  Val Loss: 1.324 | Val Acc: 46.46  |  Test Loss: 1.324 | Tes Acc: 50.72
INFO >> Epoch: 18  |  Layer: 07  |  Train Loss: 1.061 | Train Acc: 70.47  |  Val Loss: 1.266 | Val Acc: 50.51  |  Test Loss: 1.286 | Tes Acc: 53.62
INFO >> Epoch: 18  |  Layer: 08  |  Train Loss: 1.053 | Train Acc: 68.46  |  Val Loss: 1.222 | Val Acc: 56.57  |  Test Loss: 1.268 | Tes Acc: 51.69
INFO >> Epoch: 18  |  Layer: 09  |  Train Loss: 1.069 | Train Acc: 68.79  |  Val Loss: 1.250 | Val Acc: 53.54  |  Test Loss: 1.276 | Tes Acc: 51.21
INFO >> Epoch: 18  |  Layer: 10  |  Train Loss: 0.971 | Train Acc: 72.48  |  Val Loss: 1.148 | Val Acc: 65.66  |  Test Loss: 1.201 | Tes Acc: 54.59
INFO >> Epoch: 18  |  Layer: 11  |  Train Loss: 0.970 | Train Acc: 73.49  |  Val Loss: 1.145 | Val Acc: 67.68  |  Test Loss: 1.183 | Tes Acc: 57.49
INFO >> Epoch: 18  |  Layer: 12  |  Train Loss: 0.971 | Train Acc: 75.84  |  Val Loss: 1.152 | Val Acc: 64.65  |  Test Loss: 1.196 | Tes Acc: 55.07
INFO >> Epoch: 18  |  Layer: 13  |  Train Loss: 0.988 | Train Acc: 72.82  |  Val Loss: 1.144 | Val Acc: 63.64  |  Test Loss: 1.226 | Tes Acc: 52.66

INFO >> Epoch: 19  |  Layer: 01  |  Train Loss: 1.212 | Train Acc: 54.70  |  Val Loss: 1.281 | Val Acc: 48.48  |  Test Loss: 1.526 | Tes Acc: 35.75
INFO >> Epoch: 19  |  Layer: 02  |  Train Loss: 1.228 | Train Acc: 53.69  |  Val Loss: 1.381 | Val Acc: 44.44  |  Test Loss: 1.491 | Tes Acc: 35.75
INFO >> Epoch: 19  |  Layer: 03  |  Train Loss: 1.161 | Train Acc: 56.04  |  Val Loss: 1.250 | Val Acc: 54.55  |  Test Loss: 1.482 | Tes Acc: 37.20
INFO >> Epoch: 19  |  Layer: 04  |  Train Loss: 1.129 | Train Acc: 63.09  |  Val Loss: 1.287 | Val Acc: 53.54  |  Test Loss: 1.421 | Tes Acc: 43.48
INFO >> Epoch: 19  |  Layer: 05  |  Train Loss: 1.110 | Train Acc: 64.09  |  Val Loss: 1.310 | Val Acc: 46.46  |  Test Loss: 1.386 | Tes Acc: 42.51
INFO >> Epoch: 19  |  Layer: 06  |  Train Loss: 1.050 | Train Acc: 65.77  |  Val Loss: 1.213 | Val Acc: 55.56  |  Test Loss: 1.350 | Tes Acc: 44.93
INFO >> Epoch: 19  |  Layer: 07  |  Train Loss: 1.024 | Train Acc: 68.12  |  Val Loss: 1.221 | Val Acc: 53.54  |  Test Loss: 1.308 | Tes Acc: 47.34
INFO >> Epoch: 19  |  Layer: 08  |  Train Loss: 1.020 | Train Acc: 68.79  |  Val Loss: 1.186 | Val Acc: 53.54  |  Test Loss: 1.274 | Tes Acc: 47.83
INFO >> Epoch: 19  |  Layer: 09  |  Train Loss: 1.042 | Train Acc: 69.46  |  Val Loss: 1.208 | Val Acc: 60.61  |  Test Loss: 1.272 | Tes Acc: 47.34
INFO >> Epoch: 19  |  Layer: 10  |  Train Loss: 0.933 | Train Acc: 70.81  |  Val Loss: 1.126 | Val Acc: 60.61  |  Test Loss: 1.213 | Tes Acc: 49.76
INFO >> Epoch: 19  |  Layer: 11  |  Train Loss: 0.941 | Train Acc: 73.83  |  Val Loss: 1.119 | Val Acc: 60.61  |  Test Loss: 1.194 | Tes Acc: 50.72
INFO >> Epoch: 19  |  Layer: 12  |  Train Loss: 0.942 | Train Acc: 75.84  |  Val Loss: 1.126 | Val Acc: 64.65  |  Test Loss: 1.195 | Tes Acc: 51.69
INFO >> Epoch: 19  |  Layer: 13  |  Train Loss: 0.958 | Train Acc: 75.50  |  Val Loss: 1.108 | Val Acc: 66.67  |  Test Loss: 1.217 | Tes Acc: 48.31

INFO >> Epoch: 20  |  Layer: 01  |  Train Loss: 1.188 | Train Acc: 53.69  |  Val Loss: 1.607 | Val Acc: 36.36  |  Test Loss: 1.521 | Tes Acc: 28.99
INFO >> Epoch: 20  |  Layer: 02  |  Train Loss: 1.237 | Train Acc: 51.01  |  Val Loss: 1.493 | Val Acc: 44.44  |  Test Loss: 1.465 | Tes Acc: 37.68
INFO >> Epoch: 20  |  Layer: 03  |  Train Loss: 1.137 | Train Acc: 54.70  |  Val Loss: 1.476 | Val Acc: 42.42  |  Test Loss: 1.462 | Tes Acc: 35.27
INFO >> Epoch: 20  |  Layer: 04  |  Train Loss: 1.111 | Train Acc: 60.07  |  Val Loss: 1.391 | Val Acc: 43.43  |  Test Loss: 1.412 | Tes Acc: 40.58
INFO >> Epoch: 20  |  Layer: 05  |  Train Loss: 1.090 | Train Acc: 61.74  |  Val Loss: 1.330 | Val Acc: 49.49  |  Test Loss: 1.350 | Tes Acc: 46.38
INFO >> Epoch: 20  |  Layer: 06  |  Train Loss: 1.018 | Train Acc: 67.45  |  Val Loss: 1.385 | Val Acc: 40.40  |  Test Loss: 1.360 | Tes Acc: 43.48
INFO >> Epoch: 20  |  Layer: 07  |  Train Loss: 0.994 | Train Acc: 69.80  |  Val Loss: 1.278 | Val Acc: 46.46  |  Test Loss: 1.298 | Tes Acc: 48.31
INFO >> Epoch: 20  |  Layer: 08  |  Train Loss: 0.978 | Train Acc: 73.15  |  Val Loss: 1.241 | Val Acc: 49.49  |  Test Loss: 1.267 | Tes Acc: 51.69
INFO >> Epoch: 20  |  Layer: 09  |  Train Loss: 1.002 | Train Acc: 70.81  |  Val Loss: 1.228 | Val Acc: 57.58  |  Test Loss: 1.265 | Tes Acc: 51.21
INFO >> Epoch: 20  |  Layer: 10  |  Train Loss: 0.891 | Train Acc: 74.16  |  Val Loss: 1.112 | Val Acc: 57.58  |  Test Loss: 1.209 | Tes Acc: 51.69
INFO >> Epoch: 20  |  Layer: 11  |  Train Loss: 0.898 | Train Acc: 75.84  |  Val Loss: 1.098 | Val Acc: 67.68  |  Test Loss: 1.163 | Tes Acc: 57.00
INFO >> Epoch: 20  |  Layer: 12  |  Train Loss: 0.899 | Train Acc: 76.85  |  Val Loss: 1.086 | Val Acc: 67.68  |  Test Loss: 1.166 | Tes Acc: 55.56
INFO >> Epoch: 20  |  Layer: 13  |  Train Loss: 0.916 | Train Acc: 75.84  |  Val Loss: 1.074 | Val Acc: 66.67  |  Test Loss: 1.186 | Tes Acc: 56.52

INFO >> Epoch: 21  |  Layer: 01  |  Train Loss: 1.239 | Train Acc: 48.32  |  Val Loss: 1.609 | Val Acc: 34.34  |  Test Loss: 1.554 | Tes Acc: 27.05
INFO >> Epoch: 21  |  Layer: 02  |  Train Loss: 1.236 | Train Acc: 46.98  |  Val Loss: 1.355 | Val Acc: 46.46  |  Test Loss: 1.494 | Tes Acc: 32.85
INFO >> Epoch: 21  |  Layer: 03  |  Train Loss: 1.181 | Train Acc: 50.34  |  Val Loss: 1.372 | Val Acc: 51.52  |  Test Loss: 1.434 | Tes Acc: 37.68
INFO >> Epoch: 21  |  Layer: 04  |  Train Loss: 1.138 | Train Acc: 56.04  |  Val Loss: 1.280 | Val Acc: 53.54  |  Test Loss: 1.395 | Tes Acc: 40.10
INFO >> Epoch: 21  |  Layer: 05  |  Train Loss: 1.089 | Train Acc: 60.40  |  Val Loss: 1.288 | Val Acc: 43.43  |  Test Loss: 1.355 | Tes Acc: 48.31
INFO >> Epoch: 21  |  Layer: 06  |  Train Loss: 1.055 | Train Acc: 58.72  |  Val Loss: 1.241 | Val Acc: 47.47  |  Test Loss: 1.315 | Tes Acc: 48.79
INFO >> Epoch: 21  |  Layer: 07  |  Train Loss: 1.016 | Train Acc: 64.09  |  Val Loss: 1.188 | Val Acc: 57.58  |  Test Loss: 1.268 | Tes Acc: 54.11
INFO >> Epoch: 21  |  Layer: 08  |  Train Loss: 0.994 | Train Acc: 64.43  |  Val Loss: 1.106 | Val Acc: 61.62  |  Test Loss: 1.228 | Tes Acc: 58.45
INFO >> Epoch: 21  |  Layer: 09  |  Train Loss: 1.011 | Train Acc: 68.12  |  Val Loss: 1.143 | Val Acc: 64.65  |  Test Loss: 1.240 | Tes Acc: 54.59
INFO >> Epoch: 21  |  Layer: 10  |  Train Loss: 0.909 | Train Acc: 70.47  |  Val Loss: 1.107 | Val Acc: 57.58  |  Test Loss: 1.187 | Tes Acc: 55.07
INFO >> Epoch: 21  |  Layer: 11  |  Train Loss: 0.883 | Train Acc: 74.83  |  Val Loss: 1.059 | Val Acc: 67.68  |  Test Loss: 1.155 | Tes Acc: 57.00
INFO >> Epoch: 21  |  Layer: 12  |  Train Loss: 0.888 | Train Acc: 74.83  |  Val Loss: 1.055 | Val Acc: 69.70  |  Test Loss: 1.160 | Tes Acc: 56.04
INFO >> Epoch: 21  |  Layer: 13  |  Train Loss: 0.901 | Train Acc: 75.50  |  Val Loss: 1.037 | Val Acc: 67.68  |  Test Loss: 1.192 | Tes Acc: 49.76

INFO >> Epoch: 22  |  Layer: 01  |  Train Loss: 1.185 | Train Acc: 52.01  |  Val Loss: 1.410 | Val Acc: 43.43  |  Test Loss: 1.457 | Tes Acc: 40.58
INFO >> Epoch: 22  |  Layer: 02  |  Train Loss: 1.173 | Train Acc: 58.72  |  Val Loss: 1.461 | Val Acc: 43.43  |  Test Loss: 1.440 | Tes Acc: 38.16
INFO >> Epoch: 22  |  Layer: 03  |  Train Loss: 1.095 | Train Acc: 58.39  |  Val Loss: 1.283 | Val Acc: 46.46  |  Test Loss: 1.408 | Tes Acc: 41.06
INFO >> Epoch: 22  |  Layer: 04  |  Train Loss: 1.060 | Train Acc: 64.77  |  Val Loss: 1.259 | Val Acc: 47.47  |  Test Loss: 1.368 | Tes Acc: 44.44
INFO >> Epoch: 22  |  Layer: 05  |  Train Loss: 1.048 | Train Acc: 64.77  |  Val Loss: 1.238 | Val Acc: 48.48  |  Test Loss: 1.321 | Tes Acc: 49.76
INFO >> Epoch: 22  |  Layer: 06  |  Train Loss: 0.995 | Train Acc: 66.78  |  Val Loss: 1.171 | Val Acc: 53.54  |  Test Loss: 1.296 | Tes Acc: 48.31
INFO >> Epoch: 22  |  Layer: 07  |  Train Loss: 0.953 | Train Acc: 70.47  |  Val Loss: 1.165 | Val Acc: 53.54  |  Test Loss: 1.257 | Tes Acc: 48.79
INFO >> Epoch: 22  |  Layer: 08  |  Train Loss: 0.933 | Train Acc: 75.84  |  Val Loss: 1.116 | Val Acc: 58.59  |  Test Loss: 1.217 | Tes Acc: 53.62
INFO >> Epoch: 22  |  Layer: 09  |  Train Loss: 0.942 | Train Acc: 74.50  |  Val Loss: 1.136 | Val Acc: 60.61  |  Test Loss: 1.216 | Tes Acc: 54.11
INFO >> Epoch: 22  |  Layer: 10  |  Train Loss: 0.845 | Train Acc: 77.52  |  Val Loss: 1.009 | Val Acc: 68.69  |  Test Loss: 1.154 | Tes Acc: 53.14
INFO >> Epoch: 22  |  Layer: 11  |  Train Loss: 0.853 | Train Acc: 80.20  |  Val Loss: 1.002 | Val Acc: 71.72  |  Test Loss: 1.121 | Tes Acc: 57.97
INFO >> Epoch: 22  |  Layer: 12  |  Train Loss: 0.844 | Train Acc: 81.88  |  Val Loss: 1.006 | Val Acc: 72.73  |  Test Loss: 1.125 | Tes Acc: 56.52
INFO >> Epoch: 22  |  Layer: 13  |  Train Loss: 0.853 | Train Acc: 82.89  |  Val Loss: 1.000 | Val Acc: 71.72  |  Test Loss: 1.148 | Tes Acc: 56.04

INFO >> Epoch: 23  |  Layer: 01  |  Train Loss: 1.159 | Train Acc: 54.03  |  Val Loss: 1.248 | Val Acc: 54.55  |  Test Loss: 1.495 | Tes Acc: 39.13
INFO >> Epoch: 23  |  Layer: 02  |  Train Loss: 1.152 | Train Acc: 58.72  |  Val Loss: 1.305 | Val Acc: 51.52  |  Test Loss: 1.491 | Tes Acc: 37.20
INFO >> Epoch: 23  |  Layer: 03  |  Train Loss: 1.054 | Train Acc: 62.75  |  Val Loss: 1.185 | Val Acc: 58.59  |  Test Loss: 1.441 | Tes Acc: 39.13
INFO >> Epoch: 23  |  Layer: 04  |  Train Loss: 1.029 | Train Acc: 66.78  |  Val Loss: 1.161 | Val Acc: 58.59  |  Test Loss: 1.400 | Tes Acc: 42.51
INFO >> Epoch: 23  |  Layer: 05  |  Train Loss: 1.014 | Train Acc: 62.75  |  Val Loss: 1.174 | Val Acc: 57.58  |  Test Loss: 1.368 | Tes Acc: 46.86
INFO >> Epoch: 23  |  Layer: 06  |  Train Loss: 0.955 | Train Acc: 66.11  |  Val Loss: 1.120 | Val Acc: 61.62  |  Test Loss: 1.330 | Tes Acc: 47.83
INFO >> Epoch: 23  |  Layer: 07  |  Train Loss: 0.916 | Train Acc: 68.79  |  Val Loss: 1.095 | Val Acc: 66.67  |  Test Loss: 1.270 | Tes Acc: 51.21
INFO >> Epoch: 23  |  Layer: 08  |  Train Loss: 0.895 | Train Acc: 71.14  |  Val Loss: 1.041 | Val Acc: 64.65  |  Test Loss: 1.235 | Tes Acc: 53.14
INFO >> Epoch: 23  |  Layer: 09  |  Train Loss: 0.914 | Train Acc: 75.17  |  Val Loss: 1.084 | Val Acc: 64.65  |  Test Loss: 1.217 | Tes Acc: 51.69
INFO >> Epoch: 23  |  Layer: 10  |  Train Loss: 0.814 | Train Acc: 74.83  |  Val Loss: 0.988 | Val Acc: 67.68  |  Test Loss: 1.183 | Tes Acc: 50.72
INFO >> Epoch: 23  |  Layer: 11  |  Train Loss: 0.822 | Train Acc: 77.52  |  Val Loss: 0.972 | Val Acc: 70.71  |  Test Loss: 1.156 | Tes Acc: 50.72
INFO >> Epoch: 23  |  Layer: 12  |  Train Loss: 0.820 | Train Acc: 78.19  |  Val Loss: 0.992 | Val Acc: 66.67  |  Test Loss: 1.146 | Tes Acc: 51.69
INFO >> Epoch: 23  |  Layer: 13  |  Train Loss: 0.834 | Train Acc: 77.85  |  Val Loss: 0.982 | Val Acc: 68.69  |  Test Loss: 1.179 | Tes Acc: 49.76

INFO >> Epoch: 24  |  Layer: 01  |  Train Loss: 1.179 | Train Acc: 52.35  |  Val Loss: 1.428 | Val Acc: 43.43  |  Test Loss: 1.584 | Tes Acc: 29.95
INFO >> Epoch: 24  |  Layer: 02  |  Train Loss: 1.164 | Train Acc: 54.70  |  Val Loss: 1.474 | Val Acc: 42.42  |  Test Loss: 1.529 | Tes Acc: 30.43
INFO >> Epoch: 24  |  Layer: 03  |  Train Loss: 1.068 | Train Acc: 57.05  |  Val Loss: 1.318 | Val Acc: 48.48  |  Test Loss: 1.430 | Tes Acc: 32.85
INFO >> Epoch: 24  |  Layer: 04  |  Train Loss: 1.027 | Train Acc: 62.75  |  Val Loss: 1.253 | Val Acc: 50.51  |  Test Loss: 1.366 | Tes Acc: 38.16
INFO >> Epoch: 24  |  Layer: 05  |  Train Loss: 1.007 | Train Acc: 63.42  |  Val Loss: 1.229 | Val Acc: 46.46  |  Test Loss: 1.318 | Tes Acc: 48.79
INFO >> Epoch: 24  |  Layer: 06  |  Train Loss: 0.940 | Train Acc: 65.44  |  Val Loss: 1.193 | Val Acc: 48.48  |  Test Loss: 1.272 | Tes Acc: 50.72
INFO >> Epoch: 24  |  Layer: 07  |  Train Loss: 0.899 | Train Acc: 67.79  |  Val Loss: 1.132 | Val Acc: 51.52  |  Test Loss: 1.215 | Tes Acc: 52.17
INFO >> Epoch: 24  |  Layer: 08  |  Train Loss: 0.879 | Train Acc: 69.80  |  Val Loss: 1.066 | Val Acc: 61.62  |  Test Loss: 1.176 | Tes Acc: 56.04
INFO >> Epoch: 24  |  Layer: 09  |  Train Loss: 0.888 | Train Acc: 72.82  |  Val Loss: 1.077 | Val Acc: 64.65  |  Test Loss: 1.170 | Tes Acc: 56.04
INFO >> Epoch: 24  |  Layer: 10  |  Train Loss: 0.785 | Train Acc: 75.17  |  Val Loss: 0.971 | Val Acc: 68.69  |  Test Loss: 1.103 | Tes Acc: 60.39
INFO >> Epoch: 24  |  Layer: 11  |  Train Loss: 0.780 | Train Acc: 75.50  |  Val Loss: 0.974 | Val Acc: 71.72  |  Test Loss: 1.090 | Tes Acc: 57.97
INFO >> Epoch: 24  |  Layer: 12  |  Train Loss: 0.776 | Train Acc: 78.86  |  Val Loss: 0.952 | Val Acc: 73.74  |  Test Loss: 1.086 | Tes Acc: 58.94
INFO >> Epoch: 24  |  Layer: 13  |  Train Loss: 0.784 | Train Acc: 78.52  |  Val Loss: 0.942 | Val Acc: 73.74  |  Test Loss: 1.109 | Tes Acc: 57.00

INFO >> Epoch: 25  |  Layer: 01  |  Train Loss: 1.139 | Train Acc: 52.35  |  Val Loss: 1.472 | Val Acc: 40.40  |  Test Loss: 1.563 | Tes Acc: 33.82
INFO >> Epoch: 25  |  Layer: 02  |  Train Loss: 1.127 | Train Acc: 56.38  |  Val Loss: 1.431 | Val Acc: 43.43  |  Test Loss: 1.503 | Tes Acc: 37.20
INFO >> Epoch: 25  |  Layer: 03  |  Train Loss: 1.036 | Train Acc: 59.06  |  Val Loss: 1.347 | Val Acc: 47.47  |  Test Loss: 1.409 | Tes Acc: 39.61
INFO >> Epoch: 25  |  Layer: 04  |  Train Loss: 0.993 | Train Acc: 65.10  |  Val Loss: 1.272 | Val Acc: 46.46  |  Test Loss: 1.348 | Tes Acc: 46.86
INFO >> Epoch: 25  |  Layer: 05  |  Train Loss: 0.971 | Train Acc: 64.77  |  Val Loss: 1.255 | Val Acc: 47.47  |  Test Loss: 1.296 | Tes Acc: 50.72
INFO >> Epoch: 25  |  Layer: 06  |  Train Loss: 0.908 | Train Acc: 67.45  |  Val Loss: 1.238 | Val Acc: 47.47  |  Test Loss: 1.274 | Tes Acc: 52.66
INFO >> Epoch: 25  |  Layer: 07  |  Train Loss: 0.870 | Train Acc: 72.82  |  Val Loss: 1.161 | Val Acc: 52.53  |  Test Loss: 1.215 | Tes Acc: 53.14
INFO >> Epoch: 25  |  Layer: 08  |  Train Loss: 0.842 | Train Acc: 74.83  |  Val Loss: 1.100 | Val Acc: 59.60  |  Test Loss: 1.180 | Tes Acc: 56.04
INFO >> Epoch: 25  |  Layer: 09  |  Train Loss: 0.854 | Train Acc: 76.85  |  Val Loss: 1.097 | Val Acc: 62.63  |  Test Loss: 1.172 | Tes Acc: 56.52
INFO >> Epoch: 25  |  Layer: 10  |  Train Loss: 0.753 | Train Acc: 80.87  |  Val Loss: 0.976 | Val Acc: 66.67  |  Test Loss: 1.106 | Tes Acc: 56.52
INFO >> Epoch: 25  |  Layer: 11  |  Train Loss: 0.754 | Train Acc: 79.87  |  Val Loss: 0.956 | Val Acc: 73.74  |  Test Loss: 1.079 | Tes Acc: 58.45
INFO >> Epoch: 25  |  Layer: 12  |  Train Loss: 0.744 | Train Acc: 80.87  |  Val Loss: 0.950 | Val Acc: 73.74  |  Test Loss: 1.082 | Tes Acc: 59.42
INFO >> Epoch: 25  |  Layer: 13  |  Train Loss: 0.754 | Train Acc: 81.21  |  Val Loss: 0.938 | Val Acc: 71.72  |  Test Loss: 1.114 | Tes Acc: 57.97

INFO >> Epoch: 26  |  Layer: 01  |  Train Loss: 1.191 | Train Acc: 52.35  |  Val Loss: 1.609 | Val Acc: 39.39  |  Test Loss: 1.528 | Tes Acc: 29.47
INFO >> Epoch: 26  |  Layer: 02  |  Train Loss: 1.151 | Train Acc: 54.70  |  Val Loss: 1.505 | Val Acc: 42.42  |  Test Loss: 1.450 | Tes Acc: 37.68
INFO >> Epoch: 26  |  Layer: 03  |  Train Loss: 1.056 | Train Acc: 59.06  |  Val Loss: 1.395 | Val Acc: 44.44  |  Test Loss: 1.431 | Tes Acc: 37.20
INFO >> Epoch: 26  |  Layer: 04  |  Train Loss: 0.993 | Train Acc: 65.10  |  Val Loss: 1.260 | Val Acc: 46.46  |  Test Loss: 1.362 | Tes Acc: 46.86
INFO >> Epoch: 26  |  Layer: 05  |  Train Loss: 0.965 | Train Acc: 66.11  |  Val Loss: 1.248 | Val Acc: 43.43  |  Test Loss: 1.317 | Tes Acc: 48.79
INFO >> Epoch: 26  |  Layer: 06  |  Train Loss: 0.899 | Train Acc: 68.79  |  Val Loss: 1.161 | Val Acc: 51.52  |  Test Loss: 1.283 | Tes Acc: 49.28
INFO >> Epoch: 26  |  Layer: 07  |  Train Loss: 0.853 | Train Acc: 75.17  |  Val Loss: 1.078 | Val Acc: 57.58  |  Test Loss: 1.219 | Tes Acc: 54.59
INFO >> Epoch: 26  |  Layer: 08  |  Train Loss: 0.828 | Train Acc: 76.17  |  Val Loss: 1.002 | Val Acc: 62.63  |  Test Loss: 1.176 | Tes Acc: 55.56
INFO >> Epoch: 26  |  Layer: 09  |  Train Loss: 0.841 | Train Acc: 78.52  |  Val Loss: 1.014 | Val Acc: 65.66  |  Test Loss: 1.170 | Tes Acc: 55.56
INFO >> Epoch: 26  |  Layer: 10  |  Train Loss: 0.734 | Train Acc: 81.54  |  Val Loss: 0.896 | Val Acc: 71.72  |  Test Loss: 1.104 | Tes Acc: 56.52
INFO >> Epoch: 26  |  Layer: 11  |  Train Loss: 0.734 | Train Acc: 82.89  |  Val Loss: 0.896 | Val Acc: 74.75  |  Test Loss: 1.086 | Tes Acc: 57.97
INFO >> Epoch: 26  |  Layer: 12  |  Train Loss: 0.722 | Train Acc: 83.56  |  Val Loss: 0.891 | Val Acc: 72.73  |  Test Loss: 1.083 | Tes Acc: 58.45
INFO >> Epoch: 26  |  Layer: 13  |  Train Loss: 0.735 | Train Acc: 80.87  |  Val Loss: 0.886 | Val Acc: 74.75  |  Test Loss: 1.109 | Tes Acc: 56.04

INFO >> Epoch: 27  |  Layer: 01  |  Train Loss: 1.100 | Train Acc: 53.36  |  Val Loss: 1.439 | Val Acc: 43.43  |  Test Loss: 1.519 | Tes Acc: 33.82
INFO >> Epoch: 27  |  Layer: 02  |  Train Loss: 1.097 | Train Acc: 55.03  |  Val Loss: 1.306 | Val Acc: 46.46  |  Test Loss: 1.463 | Tes Acc: 35.75
INFO >> Epoch: 27  |  Layer: 03  |  Train Loss: 1.002 | Train Acc: 59.40  |  Val Loss: 1.161 | Val Acc: 60.61  |  Test Loss: 1.455 | Tes Acc: 42.03
INFO >> Epoch: 27  |  Layer: 04  |  Train Loss: 0.949 | Train Acc: 64.77  |  Val Loss: 1.041 | Val Acc: 64.65  |  Test Loss: 1.358 | Tes Acc: 44.93
INFO >> Epoch: 27  |  Layer: 05  |  Train Loss: 0.919 | Train Acc: 68.46  |  Val Loss: 1.019 | Val Acc: 64.65  |  Test Loss: 1.317 | Tes Acc: 47.83
INFO >> Epoch: 27  |  Layer: 06  |  Train Loss: 0.851 | Train Acc: 70.47  |  Val Loss: 0.966 | Val Acc: 67.68  |  Test Loss: 1.288 | Tes Acc: 47.83
INFO >> Epoch: 27  |  Layer: 07  |  Train Loss: 0.812 | Train Acc: 75.84  |  Val Loss: 0.940 | Val Acc: 72.73  |  Test Loss: 1.222 | Tes Acc: 51.69
INFO >> Epoch: 27  |  Layer: 08  |  Train Loss: 0.786 | Train Acc: 79.19  |  Val Loss: 0.895 | Val Acc: 73.74  |  Test Loss: 1.166 | Tes Acc: 57.97
INFO >> Epoch: 27  |  Layer: 09  |  Train Loss: 0.797 | Train Acc: 81.54  |  Val Loss: 0.953 | Val Acc: 70.71  |  Test Loss: 1.141 | Tes Acc: 57.00
INFO >> Epoch: 27  |  Layer: 10  |  Train Loss: 0.696 | Train Acc: 84.90  |  Val Loss: 0.816 | Val Acc: 73.74  |  Test Loss: 1.108 | Tes Acc: 56.52
INFO >> Epoch: 27  |  Layer: 11  |  Train Loss: 0.693 | Train Acc: 85.23  |  Val Loss: 0.842 | Val Acc: 74.75  |  Test Loss: 1.076 | Tes Acc: 56.52
INFO >> Epoch: 27  |  Layer: 12  |  Train Loss: 0.685 | Train Acc: 85.91  |  Val Loss: 0.860 | Val Acc: 74.75  |  Test Loss: 1.055 | Tes Acc: 58.94
INFO >> Epoch: 27  |  Layer: 13  |  Train Loss: 0.698 | Train Acc: 84.56  |  Val Loss: 0.865 | Val Acc: 70.71  |  Test Loss: 1.084 | Tes Acc: 57.49

INFO >> Epoch: 28  |  Layer: 01  |  Train Loss: 1.113 | Train Acc: 55.70  |  Val Loss: 1.454 | Val Acc: 45.45  |  Test Loss: 1.522 | Tes Acc: 34.78
INFO >> Epoch: 28  |  Layer: 02  |  Train Loss: 1.096 | Train Acc: 59.06  |  Val Loss: 1.545 | Val Acc: 42.42  |  Test Loss: 1.545 | Tes Acc: 33.82
INFO >> Epoch: 28  |  Layer: 03  |  Train Loss: 0.993 | Train Acc: 62.42  |  Val Loss: 1.290 | Val Acc: 49.49  |  Test Loss: 1.487 | Tes Acc: 38.16
INFO >> Epoch: 28  |  Layer: 04  |  Train Loss: 0.927 | Train Acc: 64.77  |  Val Loss: 1.257 | Val Acc: 46.46  |  Test Loss: 1.434 | Tes Acc: 39.13
INFO >> Epoch: 28  |  Layer: 05  |  Train Loss: 0.903 | Train Acc: 68.79  |  Val Loss: 1.299 | Val Acc: 45.45  |  Test Loss: 1.375 | Tes Acc: 42.03
INFO >> Epoch: 28  |  Layer: 06  |  Train Loss: 0.834 | Train Acc: 71.48  |  Val Loss: 1.203 | Val Acc: 49.49  |  Test Loss: 1.314 | Tes Acc: 46.38
INFO >> Epoch: 28  |  Layer: 07  |  Train Loss: 0.798 | Train Acc: 72.82  |  Val Loss: 1.178 | Val Acc: 53.54  |  Test Loss: 1.250 | Tes Acc: 48.79
INFO >> Epoch: 28  |  Layer: 08  |  Train Loss: 0.769 | Train Acc: 75.50  |  Val Loss: 1.088 | Val Acc: 55.56  |  Test Loss: 1.201 | Tes Acc: 54.11
INFO >> Epoch: 28  |  Layer: 09  |  Train Loss: 0.786 | Train Acc: 77.18  |  Val Loss: 1.055 | Val Acc: 60.61  |  Test Loss: 1.181 | Tes Acc: 54.11
INFO >> Epoch: 28  |  Layer: 10  |  Train Loss: 0.693 | Train Acc: 79.87  |  Val Loss: 0.976 | Val Acc: 63.64  |  Test Loss: 1.131 | Tes Acc: 53.62
INFO >> Epoch: 28  |  Layer: 11  |  Train Loss: 0.679 | Train Acc: 83.56  |  Val Loss: 0.939 | Val Acc: 71.72  |  Test Loss: 1.099 | Tes Acc: 54.59
INFO >> Epoch: 28  |  Layer: 12  |  Train Loss: 0.670 | Train Acc: 81.54  |  Val Loss: 0.900 | Val Acc: 73.74  |  Test Loss: 1.089 | Tes Acc: 57.00
INFO >> Epoch: 28  |  Layer: 13  |  Train Loss: 0.680 | Train Acc: 82.21  |  Val Loss: 0.870 | Val Acc: 73.74  |  Test Loss: 1.115 | Tes Acc: 57.97

INFO >> Epoch: 29  |  Layer: 01  |  Train Loss: 1.021 | Train Acc: 62.75  |  Val Loss: 1.224 | Val Acc: 50.51  |  Test Loss: 1.565 | Tes Acc: 31.40
INFO >> Epoch: 29  |  Layer: 02  |  Train Loss: 1.042 | Train Acc: 61.41  |  Val Loss: 1.179 | Val Acc: 52.53  |  Test Loss: 1.577 | Tes Acc: 34.30
INFO >> Epoch: 29  |  Layer: 03  |  Train Loss: 0.947 | Train Acc: 65.77  |  Val Loss: 1.069 | Val Acc: 58.59  |  Test Loss: 1.518 | Tes Acc: 35.75
INFO >> Epoch: 29  |  Layer: 04  |  Train Loss: 0.914 | Train Acc: 69.46  |  Val Loss: 0.977 | Val Acc: 62.63  |  Test Loss: 1.430 | Tes Acc: 41.55
INFO >> Epoch: 29  |  Layer: 05  |  Train Loss: 0.893 | Train Acc: 72.82  |  Val Loss: 0.960 | Val Acc: 68.69  |  Test Loss: 1.346 | Tes Acc: 46.86
INFO >> Epoch: 29  |  Layer: 06  |  Train Loss: 0.808 | Train Acc: 76.85  |  Val Loss: 0.949 | Val Acc: 66.67  |  Test Loss: 1.292 | Tes Acc: 45.89
INFO >> Epoch: 29  |  Layer: 07  |  Train Loss: 0.763 | Train Acc: 77.85  |  Val Loss: 0.893 | Val Acc: 70.71  |  Test Loss: 1.238 | Tes Acc: 49.76
INFO >> Epoch: 29  |  Layer: 08  |  Train Loss: 0.732 | Train Acc: 79.87  |  Val Loss: 0.853 | Val Acc: 71.72  |  Test Loss: 1.188 | Tes Acc: 49.76
INFO >> Epoch: 29  |  Layer: 09  |  Train Loss: 0.741 | Train Acc: 82.21  |  Val Loss: 0.901 | Val Acc: 69.70  |  Test Loss: 1.170 | Tes Acc: 51.21
INFO >> Epoch: 29  |  Layer: 10  |  Train Loss: 0.640 | Train Acc: 85.91  |  Val Loss: 0.781 | Val Acc: 73.74  |  Test Loss: 1.119 | Tes Acc: 54.59
INFO >> Epoch: 29  |  Layer: 11  |  Train Loss: 0.634 | Train Acc: 85.23  |  Val Loss: 0.817 | Val Acc: 72.73  |  Test Loss: 1.103 | Tes Acc: 54.11
INFO >> Epoch: 29  |  Layer: 12  |  Train Loss: 0.625 | Train Acc: 85.91  |  Val Loss: 0.843 | Val Acc: 66.67  |  Test Loss: 1.092 | Tes Acc: 52.66
INFO >> Epoch: 29  |  Layer: 13  |  Train Loss: 0.642 | Train Acc: 84.56  |  Val Loss: 0.864 | Val Acc: 62.63  |  Test Loss: 1.126 | Tes Acc: 49.76

INFO >> Epoch: 30  |  Layer: 01  |  Train Loss: 1.060 | Train Acc: 59.06  |  Val Loss: 1.325 | Val Acc: 46.46  |  Test Loss: 1.472 | Tes Acc: 41.06
INFO >> Epoch: 30  |  Layer: 02  |  Train Loss: 1.077 | Train Acc: 57.05  |  Val Loss: 1.322 | Val Acc: 48.48  |  Test Loss: 1.471 | Tes Acc: 37.68
INFO >> Epoch: 30  |  Layer: 03  |  Train Loss: 0.970 | Train Acc: 62.75  |  Val Loss: 1.126 | Val Acc: 58.59  |  Test Loss: 1.430 | Tes Acc: 43.48
INFO >> Epoch: 30  |  Layer: 04  |  Train Loss: 0.924 | Train Acc: 63.76  |  Val Loss: 1.068 | Val Acc: 58.59  |  Test Loss: 1.357 | Tes Acc: 46.38
INFO >> Epoch: 30  |  Layer: 05  |  Train Loss: 0.885 | Train Acc: 69.13  |  Val Loss: 1.099 | Val Acc: 55.56  |  Test Loss: 1.305 | Tes Acc: 51.21
INFO >> Epoch: 30  |  Layer: 06  |  Train Loss: 0.804 | Train Acc: 73.15  |  Val Loss: 1.020 | Val Acc: 55.56  |  Test Loss: 1.273 | Tes Acc: 53.62
INFO >> Epoch: 30  |  Layer: 07  |  Train Loss: 0.753 | Train Acc: 77.85  |  Val Loss: 1.034 | Val Acc: 59.60  |  Test Loss: 1.186 | Tes Acc: 57.00
INFO >> Epoch: 30  |  Layer: 08  |  Train Loss: 0.721 | Train Acc: 80.54  |  Val Loss: 0.963 | Val Acc: 64.65  |  Test Loss: 1.158 | Tes Acc: 57.49
INFO >> Epoch: 30  |  Layer: 09  |  Train Loss: 0.731 | Train Acc: 81.54  |  Val Loss: 1.017 | Val Acc: 63.64  |  Test Loss: 1.127 | Tes Acc: 56.04
INFO >> Epoch: 30  |  Layer: 10  |  Train Loss: 0.634 | Train Acc: 85.57  |  Val Loss: 0.905 | Val Acc: 65.66  |  Test Loss: 1.062 | Tes Acc: 57.97
INFO >> Epoch: 30  |  Layer: 11  |  Train Loss: 0.635 | Train Acc: 85.23  |  Val Loss: 0.883 | Val Acc: 68.69  |  Test Loss: 1.047 | Tes Acc: 57.97
INFO >> Epoch: 30  |  Layer: 12  |  Train Loss: 0.624 | Train Acc: 85.57  |  Val Loss: 0.893 | Val Acc: 69.70  |  Test Loss: 1.038 | Tes Acc: 59.42
INFO >> Epoch: 30  |  Layer: 13  |  Train Loss: 0.637 | Train Acc: 84.90  |  Val Loss: 0.854 | Val Acc: 69.70  |  Test Loss: 1.057 | Tes Acc: 58.94



INFO >> Time Taken: 05:57

INFO >> Layer: 01  |  Best Val Acc: 54.55  |  Best Test Acc: 39.13
INFO >> Layer: 02  |  Best Val Acc: 52.53  |  Best Test Acc: 34.30
INFO >> Layer: 03  |  Best Val Acc: 60.61  |  Best Test Acc: 42.03
INFO >> Layer: 04  |  Best Val Acc: 64.65  |  Best Test Acc: 44.93
INFO >> Layer: 05  |  Best Val Acc: 68.69  |  Best Test Acc: 46.86
INFO >> Layer: 06  |  Best Val Acc: 67.68  |  Best Test Acc: 47.83
INFO >> Layer: 07  |  Best Val Acc: 72.73  |  Best Test Acc: 51.69
INFO >> Layer: 08  |  Best Val Acc: 73.74  |  Best Test Acc: 57.97
INFO >> Layer: 09  |  Best Val Acc: 70.71  |  Best Test Acc: 57.00
INFO >> Layer: 10  |  Best Val Acc: 73.74  |  Best Test Acc: 56.52
INFO >> Layer: 11  |  Best Val Acc: 74.75  |  Best Test Acc: 57.97
INFO >> Layer: 12  |  Best Val Acc: 74.75  |  Best Test Acc: 58.94
INFO >> Layer: 13  |  Best Val Acc: 74.75  |  Best Test Acc: 56.04

DEBUG >> Last state saved
INFO >> Mixing Weights (softmax): 
1.0
[0.6136064529418945, 0.3863935172557831]
[0.4277321994304657, 0.2750714421272278, 0.2971963882446289]
[0.31739771366119385, 0.2032020092010498, 0.23383523523807526, 0.24556507170200348]
[0.2460722178220749, 0.15706174075603485, 0.1852673888206482, 0.21018901467323303, 0.20140962302684784]
[0.19951371848583221, 0.12992097437381744, 0.15391826629638672, 0.17758913338184357, 0.1766088455915451, 0.16244906187057495]
[0.16939347982406616, 0.10964889079332352, 0.12525556981563568, 0.14817731082439423, 0.15202435851097107, 0.14679406583309174, 0.14870628714561462]
[0.1462549865245819, 0.09483802318572998, 0.10679919272661209, 0.12421047687530518, 0.13008743524551392, 0.1320181041955948, 0.14585347473621368, 0.11993829905986786]
[0.13087254762649536, 0.0824708566069603, 0.09071601182222366, 0.10345187783241272, 0.11413803696632385, 0.11874722689390182, 0.13459376990795135, 0.11565457284450531, 0.109355129301548]
[0.11469700932502747, 0.07368198037147522, 0.07943258434534073, 0.08970368653535843, 0.09731577336788177, 0.1034993901848793, 0.12066833674907684, 0.11198927462100983, 0.11128273606300354, 0.09772922843694687]
[0.10362784564495087, 0.06542188674211502, 0.06984623521566391, 0.07972562313079834, 0.08643267303705215, 0.08978137373924255, 0.10447291284799576, 0.09900178015232086, 0.10085882246494293, 0.09876611828804016, 0.10206472128629684]
[0.09483201056718826, 0.060938578099012375, 0.06470919400453568, 0.0703502669930458, 0.07537487894296646, 0.07986827194690704, 0.09295095503330231, 0.08864034712314606, 0.09148259460926056, 0.09438561648130417, 0.10016059130430222, 0.08630675822496414]
[0.08978329598903656, 0.055083177983760834, 0.05751059949398041, 0.06431947648525238, 0.06751859188079834, 0.06961255520582199, 0.0798826590180397, 0.07653298228979111, 0.0837777704000473, 0.08620239049196243, 0.09623481333255768, 0.0894543007016182, 0.08408737927675247]


INFO >> History saved (./history/v1.5/AESDD/FX_HUBERT_BASE_CLF_CM_PROBING_LINEAR/Run2/history.pt)
