
--------------------------------------------------
Multilingual SER System v1.4
--------------------------------------------------
Run Name      : Run2
Fx Model      : HUBERT_BASE
Clf Model     : PROBING
Extract Mode  : gpu_memory
Dataset       : IEMOCAP
Device        : gpu
Epochs        : 30
Num Workers   : 3
Data Dir      : ./data
History Dir   : ./history
Weights Dir   : ./weights
Log Level     : debug
Purge Cache   : False
Job Name      : Job304
Job Id        : 30913083
GPU           : Quadro RTX 8000
GPU Count     : 1
GPU Memory    : 44.49 GB

Timestamp : 2023-03-11 11:09:32.503787

INFO >> Running on CUDA


INFO >> Training Classifier

INFO >> Epoch: 1  |  Layer:  1  |  Train Loss: 1.273 | Train Acc: 38.29  |  Val Loss: 1.155 | Val Acc: 43.98  |  Test Loss: 1.201 | Tes Acc: 42.87
INFO >> Epoch: 1  |  Layer:  2  |  Train Loss: 1.289 | Train Acc: 38.53  |  Val Loss: 1.156 | Val Acc: 44.28  |  Test Loss: 1.224 | Tes Acc: 40.37
INFO >> Epoch: 1  |  Layer:  3  |  Train Loss: 1.269 | Train Acc: 39.96  |  Val Loss: 1.141 | Val Acc: 44.98  |  Test Loss: 1.201 | Tes Acc: 41.62
INFO >> Epoch: 1  |  Layer:  4  |  Train Loss: 1.248 | Train Acc: 41.20  |  Val Loss: 1.115 | Val Acc: 44.68  |  Test Loss: 1.183 | Tes Acc: 41.62
INFO >> Epoch: 1  |  Layer:  5  |  Train Loss: 1.255 | Train Acc: 40.99  |  Val Loss: 1.116 | Val Acc: 45.08  |  Test Loss: 1.175 | Tes Acc: 41.62
INFO >> Epoch: 1  |  Layer:  6  |  Train Loss: 1.266 | Train Acc: 40.02  |  Val Loss: 1.128 | Val Acc: 44.68  |  Test Loss: 1.178 | Tes Acc: 43.40
INFO >> Epoch: 1  |  Layer:  7  |  Train Loss: 1.274 | Train Acc: 40.08  |  Val Loss: 1.142 | Val Acc: 43.78  |  Test Loss: 1.189 | Tes Acc: 42.60
INFO >> Epoch: 1  |  Layer:  8  |  Train Loss: 1.269 | Train Acc: 40.17  |  Val Loss: 1.134 | Val Acc: 44.28  |  Test Loss: 1.198 | Tes Acc: 42.42
INFO >> Epoch: 1  |  Layer:  9  |  Train Loss: 1.274 | Train Acc: 39.12  |  Val Loss: 1.149 | Val Acc: 43.27  |  Test Loss: 1.203 | Tes Acc: 41.44
INFO >> Epoch: 1  |  Layer: 10  |  Train Loss: 1.266 | Train Acc: 40.29  |  Val Loss: 1.153 | Val Acc: 42.17  |  Test Loss: 1.204 | Tes Acc: 40.64
INFO >> Epoch: 1  |  Layer: 11  |  Train Loss: 1.267 | Train Acc: 39.99  |  Val Loss: 1.150 | Val Acc: 43.98  |  Test Loss: 1.206 | Tes Acc: 39.66
INFO >> Epoch: 1  |  Layer: 12  |  Train Loss: 1.259 | Train Acc: 40.67  |  Val Loss: 1.126 | Val Acc: 43.37  |  Test Loss: 1.197 | Tes Acc: 39.13
INFO >> Epoch: 1  |  Layer: 13  |  Train Loss: 1.260 | Train Acc: 39.91  |  Val Loss: 1.126 | Val Acc: 41.77  |  Test Loss: 1.191 | Tes Acc: 38.59

INFO >> Epoch: 2  |  Layer:  1  |  Train Loss: 1.160 | Train Acc: 46.21  |  Val Loss: 1.080 | Val Acc: 50.90  |  Test Loss: 1.197 | Tes Acc: 43.76
INFO >> Epoch: 2  |  Layer:  2  |  Train Loss: 1.132 | Train Acc: 47.85  |  Val Loss: 1.072 | Val Acc: 50.20  |  Test Loss: 1.158 | Tes Acc: 47.95
INFO >> Epoch: 2  |  Layer:  3  |  Train Loss: 1.119 | Train Acc: 49.14  |  Val Loss: 1.070 | Val Acc: 48.49  |  Test Loss: 1.152 | Tes Acc: 46.43
INFO >> Epoch: 2  |  Layer:  4  |  Train Loss: 1.099 | Train Acc: 50.25  |  Val Loss: 1.039 | Val Acc: 50.90  |  Test Loss: 1.127 | Tes Acc: 48.13
INFO >> Epoch: 2  |  Layer:  5  |  Train Loss: 1.097 | Train Acc: 50.34  |  Val Loss: 1.033 | Val Acc: 51.31  |  Test Loss: 1.119 | Tes Acc: 48.13
INFO >> Epoch: 2  |  Layer:  6  |  Train Loss: 1.099 | Train Acc: 50.48  |  Val Loss: 1.037 | Val Acc: 50.60  |  Test Loss: 1.132 | Tes Acc: 47.95
INFO >> Epoch: 2  |  Layer:  7  |  Train Loss: 1.100 | Train Acc: 50.37  |  Val Loss: 1.038 | Val Acc: 51.91  |  Test Loss: 1.128 | Tes Acc: 48.57
INFO >> Epoch: 2  |  Layer:  8  |  Train Loss: 1.090 | Train Acc: 51.60  |  Val Loss: 1.019 | Val Acc: 54.72  |  Test Loss: 1.125 | Tes Acc: 49.82
INFO >> Epoch: 2  |  Layer:  9  |  Train Loss: 1.106 | Train Acc: 49.78  |  Val Loss: 1.044 | Val Acc: 54.62  |  Test Loss: 1.144 | Tes Acc: 48.31
INFO >> Epoch: 2  |  Layer: 10  |  Train Loss: 1.110 | Train Acc: 49.34  |  Val Loss: 1.055 | Val Acc: 54.02  |  Test Loss: 1.135 | Tes Acc: 49.55
INFO >> Epoch: 2  |  Layer: 11  |  Train Loss: 1.109 | Train Acc: 49.40  |  Val Loss: 1.044 | Val Acc: 53.51  |  Test Loss: 1.115 | Tes Acc: 50.98
INFO >> Epoch: 2  |  Layer: 12  |  Train Loss: 1.092 | Train Acc: 50.86  |  Val Loss: 1.033 | Val Acc: 53.61  |  Test Loss: 1.152 | Tes Acc: 49.47
INFO >> Epoch: 2  |  Layer: 13  |  Train Loss: 1.106 | Train Acc: 49.40  |  Val Loss: 1.035 | Val Acc: 53.01  |  Test Loss: 1.132 | Tes Acc: 48.31

INFO >> Epoch: 3  |  Layer:  1  |  Train Loss: 1.117 | Train Acc: 47.93  |  Val Loss: 1.089 | Val Acc: 45.98  |  Test Loss: 1.262 | Tes Acc: 42.25
INFO >> Epoch: 3  |  Layer:  2  |  Train Loss: 1.078 | Train Acc: 51.92  |  Val Loss: 1.036 | Val Acc: 50.30  |  Test Loss: 1.123 | Tes Acc: 48.75
INFO >> Epoch: 3  |  Layer:  3  |  Train Loss: 1.065 | Train Acc: 52.59  |  Val Loss: 1.047 | Val Acc: 49.10  |  Test Loss: 1.115 | Tes Acc: 48.57
INFO >> Epoch: 3  |  Layer:  4  |  Train Loss: 1.040 | Train Acc: 54.38  |  Val Loss: 1.036 | Val Acc: 50.80  |  Test Loss: 1.144 | Tes Acc: 46.52
INFO >> Epoch: 3  |  Layer:  5  |  Train Loss: 1.033 | Train Acc: 54.59  |  Val Loss: 1.019 | Val Acc: 51.51  |  Test Loss: 1.105 | Tes Acc: 49.29
INFO >> Epoch: 3  |  Layer:  6  |  Train Loss: 1.026 | Train Acc: 54.73  |  Val Loss: 1.007 | Val Acc: 52.51  |  Test Loss: 1.111 | Tes Acc: 50.27
INFO >> Epoch: 3  |  Layer:  7  |  Train Loss: 1.020 | Train Acc: 56.31  |  Val Loss: 0.985 | Val Acc: 57.83  |  Test Loss: 1.089 | Tes Acc: 52.32
INFO >> Epoch: 3  |  Layer:  8  |  Train Loss: 1.004 | Train Acc: 56.49  |  Val Loss: 0.966 | Val Acc: 55.42  |  Test Loss: 1.098 | Tes Acc: 48.40
INFO >> Epoch: 3  |  Layer:  9  |  Train Loss: 1.022 | Train Acc: 56.23  |  Val Loss: 1.005 | Val Acc: 53.21  |  Test Loss: 1.142 | Tes Acc: 46.17
INFO >> Epoch: 3  |  Layer: 10  |  Train Loss: 1.031 | Train Acc: 56.02  |  Val Loss: 1.003 | Val Acc: 55.22  |  Test Loss: 1.105 | Tes Acc: 49.55
INFO >> Epoch: 3  |  Layer: 11  |  Train Loss: 1.029 | Train Acc: 55.70  |  Val Loss: 1.008 | Val Acc: 55.52  |  Test Loss: 1.095 | Tes Acc: 49.64
INFO >> Epoch: 3  |  Layer: 12  |  Train Loss: 1.017 | Train Acc: 55.41  |  Val Loss: 1.000 | Val Acc: 53.61  |  Test Loss: 1.106 | Tes Acc: 49.73
INFO >> Epoch: 3  |  Layer: 13  |  Train Loss: 1.034 | Train Acc: 54.64  |  Val Loss: 1.002 | Val Acc: 53.11  |  Test Loss: 1.095 | Tes Acc: 48.04

INFO >> Epoch: 4  |  Layer:  1  |  Train Loss: 1.083 | Train Acc: 50.51  |  Val Loss: 1.026 | Val Acc: 53.21  |  Test Loss: 1.126 | Tes Acc: 50.62
INFO >> Epoch: 4  |  Layer:  2  |  Train Loss: 1.043 | Train Acc: 53.06  |  Val Loss: 1.025 | Val Acc: 54.72  |  Test Loss: 1.102 | Tes Acc: 54.46
INFO >> Epoch: 4  |  Layer:  3  |  Train Loss: 1.028 | Train Acc: 54.79  |  Val Loss: 1.023 | Val Acc: 54.42  |  Test Loss: 1.072 | Tes Acc: 56.15
INFO >> Epoch: 4  |  Layer:  4  |  Train Loss: 1.006 | Train Acc: 56.34  |  Val Loss: 0.983 | Val Acc: 57.33  |  Test Loss: 1.053 | Tes Acc: 57.22
INFO >> Epoch: 4  |  Layer:  5  |  Train Loss: 0.992 | Train Acc: 56.87  |  Val Loss: 0.977 | Val Acc: 57.73  |  Test Loss: 1.026 | Tes Acc: 58.29
INFO >> Epoch: 4  |  Layer:  6  |  Train Loss: 0.980 | Train Acc: 56.96  |  Val Loss: 0.955 | Val Acc: 59.14  |  Test Loss: 1.019 | Tes Acc: 58.82
INFO >> Epoch: 4  |  Layer:  7  |  Train Loss: 0.959 | Train Acc: 59.68  |  Val Loss: 0.932 | Val Acc: 60.74  |  Test Loss: 1.006 | Tes Acc: 59.45
INFO >> Epoch: 4  |  Layer:  8  |  Train Loss: 0.949 | Train Acc: 59.21  |  Val Loss: 0.937 | Val Acc: 59.84  |  Test Loss: 1.007 | Tes Acc: 57.58
INFO >> Epoch: 4  |  Layer:  9  |  Train Loss: 0.963 | Train Acc: 58.01  |  Val Loss: 0.954 | Val Acc: 58.94  |  Test Loss: 1.025 | Tes Acc: 58.02
INFO >> Epoch: 4  |  Layer: 10  |  Train Loss: 0.966 | Train Acc: 58.66  |  Val Loss: 0.952 | Val Acc: 59.04  |  Test Loss: 1.027 | Tes Acc: 57.22
INFO >> Epoch: 4  |  Layer: 11  |  Train Loss: 0.970 | Train Acc: 58.34  |  Val Loss: 0.939 | Val Acc: 60.74  |  Test Loss: 0.996 | Tes Acc: 58.65
INFO >> Epoch: 4  |  Layer: 12  |  Train Loss: 0.963 | Train Acc: 58.48  |  Val Loss: 0.941 | Val Acc: 60.14  |  Test Loss: 1.018 | Tes Acc: 57.66
INFO >> Epoch: 4  |  Layer: 13  |  Train Loss: 0.976 | Train Acc: 57.52  |  Val Loss: 0.945 | Val Acc: 59.04  |  Test Loss: 1.004 | Tes Acc: 58.73

INFO >> Epoch: 5  |  Layer:  1  |  Train Loss: 1.076 | Train Acc: 51.66  |  Val Loss: 1.040 | Val Acc: 52.91  |  Test Loss: 1.150 | Tes Acc: 46.97
INFO >> Epoch: 5  |  Layer:  2  |  Train Loss: 1.029 | Train Acc: 55.26  |  Val Loss: 1.003 | Val Acc: 55.32  |  Test Loss: 1.162 | Tes Acc: 48.22
INFO >> Epoch: 5  |  Layer:  3  |  Train Loss: 1.006 | Train Acc: 56.72  |  Val Loss: 0.989 | Val Acc: 56.12  |  Test Loss: 1.115 | Tes Acc: 50.00
INFO >> Epoch: 5  |  Layer:  4  |  Train Loss: 0.979 | Train Acc: 58.34  |  Val Loss: 0.953 | Val Acc: 57.63  |  Test Loss: 1.084 | Tes Acc: 52.76
INFO >> Epoch: 5  |  Layer:  5  |  Train Loss: 0.961 | Train Acc: 59.45  |  Val Loss: 0.945 | Val Acc: 58.73  |  Test Loss: 1.080 | Tes Acc: 53.39
INFO >> Epoch: 5  |  Layer:  6  |  Train Loss: 0.945 | Train Acc: 60.42  |  Val Loss: 0.930 | Val Acc: 58.03  |  Test Loss: 1.068 | Tes Acc: 55.61
INFO >> Epoch: 5  |  Layer:  7  |  Train Loss: 0.922 | Train Acc: 61.79  |  Val Loss: 0.903 | Val Acc: 60.34  |  Test Loss: 1.046 | Tes Acc: 55.53
INFO >> Epoch: 5  |  Layer:  8  |  Train Loss: 0.918 | Train Acc: 62.09  |  Val Loss: 0.902 | Val Acc: 59.44  |  Test Loss: 1.059 | Tes Acc: 53.65
INFO >> Epoch: 5  |  Layer:  9  |  Train Loss: 0.933 | Train Acc: 61.24  |  Val Loss: 0.913 | Val Acc: 59.34  |  Test Loss: 1.055 | Tes Acc: 54.63
INFO >> Epoch: 5  |  Layer: 10  |  Train Loss: 0.930 | Train Acc: 61.62  |  Val Loss: 0.912 | Val Acc: 60.04  |  Test Loss: 1.050 | Tes Acc: 55.79
INFO >> Epoch: 5  |  Layer: 11  |  Train Loss: 0.935 | Train Acc: 60.42  |  Val Loss: 0.905 | Val Acc: 59.74  |  Test Loss: 1.020 | Tes Acc: 55.44
INFO >> Epoch: 5  |  Layer: 12  |  Train Loss: 0.933 | Train Acc: 59.33  |  Val Loss: 0.913 | Val Acc: 59.04  |  Test Loss: 1.061 | Tes Acc: 55.70
INFO >> Epoch: 5  |  Layer: 13  |  Train Loss: 0.946 | Train Acc: 59.39  |  Val Loss: 0.914 | Val Acc: 60.44  |  Test Loss: 1.050 | Tes Acc: 56.33

INFO >> Epoch: 6  |  Layer:  1  |  Train Loss: 1.064 | Train Acc: 51.27  |  Val Loss: 1.005 | Val Acc: 55.82  |  Test Loss: 1.185 | Tes Acc: 47.50
INFO >> Epoch: 6  |  Layer:  2  |  Train Loss: 1.003 | Train Acc: 55.61  |  Val Loss: 0.973 | Val Acc: 53.41  |  Test Loss: 1.158 | Tes Acc: 47.24
INFO >> Epoch: 6  |  Layer:  3  |  Train Loss: 0.975 | Train Acc: 57.16  |  Val Loss: 0.971 | Val Acc: 51.91  |  Test Loss: 1.145 | Tes Acc: 47.24
INFO >> Epoch: 6  |  Layer:  4  |  Train Loss: 0.949 | Train Acc: 59.68  |  Val Loss: 0.946 | Val Acc: 54.22  |  Test Loss: 1.129 | Tes Acc: 47.50
INFO >> Epoch: 6  |  Layer:  5  |  Train Loss: 0.932 | Train Acc: 60.33  |  Val Loss: 0.918 | Val Acc: 56.93  |  Test Loss: 1.081 | Tes Acc: 51.69
INFO >> Epoch: 6  |  Layer:  6  |  Train Loss: 0.918 | Train Acc: 60.21  |  Val Loss: 0.905 | Val Acc: 57.73  |  Test Loss: 1.083 | Tes Acc: 53.57
INFO >> Epoch: 6  |  Layer:  7  |  Train Loss: 0.893 | Train Acc: 63.46  |  Val Loss: 0.885 | Val Acc: 58.43  |  Test Loss: 1.078 | Tes Acc: 53.39
INFO >> Epoch: 6  |  Layer:  8  |  Train Loss: 0.908 | Train Acc: 62.55  |  Val Loss: 0.894 | Val Acc: 59.34  |  Test Loss: 1.097 | Tes Acc: 50.53
INFO >> Epoch: 6  |  Layer:  9  |  Train Loss: 0.910 | Train Acc: 62.44  |  Val Loss: 0.905 | Val Acc: 57.63  |  Test Loss: 1.108 | Tes Acc: 49.38
INFO >> Epoch: 6  |  Layer: 10  |  Train Loss: 0.909 | Train Acc: 62.20  |  Val Loss: 0.903 | Val Acc: 59.74  |  Test Loss: 1.084 | Tes Acc: 51.25
INFO >> Epoch: 6  |  Layer: 11  |  Train Loss: 0.910 | Train Acc: 61.62  |  Val Loss: 0.903 | Val Acc: 57.13  |  Test Loss: 1.055 | Tes Acc: 53.03
INFO >> Epoch: 6  |  Layer: 12  |  Train Loss: 0.911 | Train Acc: 61.53  |  Val Loss: 0.917 | Val Acc: 56.43  |  Test Loss: 1.101 | Tes Acc: 51.16
INFO >> Epoch: 6  |  Layer: 13  |  Train Loss: 0.924 | Train Acc: 60.47  |  Val Loss: 0.924 | Val Acc: 56.93  |  Test Loss: 1.092 | Tes Acc: 51.16

INFO >> Epoch: 7  |  Layer:  1  |  Train Loss: 1.053 | Train Acc: 52.09  |  Val Loss: 1.022 | Val Acc: 51.20  |  Test Loss: 1.112 | Tes Acc: 52.14
INFO >> Epoch: 7  |  Layer:  2  |  Train Loss: 0.993 | Train Acc: 56.34  |  Val Loss: 0.971 | Val Acc: 55.02  |  Test Loss: 1.055 | Tes Acc: 55.97
INFO >> Epoch: 7  |  Layer:  3  |  Train Loss: 0.961 | Train Acc: 58.16  |  Val Loss: 0.947 | Val Acc: 58.53  |  Test Loss: 1.024 | Tes Acc: 57.04
INFO >> Epoch: 7  |  Layer:  4  |  Train Loss: 0.929 | Train Acc: 60.36  |  Val Loss: 0.907 | Val Acc: 61.24  |  Test Loss: 0.994 | Tes Acc: 58.47
INFO >> Epoch: 7  |  Layer:  5  |  Train Loss: 0.914 | Train Acc: 60.47  |  Val Loss: 0.892 | Val Acc: 61.75  |  Test Loss: 0.974 | Tes Acc: 58.65
INFO >> Epoch: 7  |  Layer:  6  |  Train Loss: 0.899 | Train Acc: 60.77  |  Val Loss: 0.879 | Val Acc: 64.16  |  Test Loss: 0.962 | Tes Acc: 58.29
INFO >> Epoch: 7  |  Layer:  7  |  Train Loss: 0.873 | Train Acc: 62.50  |  Val Loss: 0.841 | Val Acc: 65.06  |  Test Loss: 0.939 | Tes Acc: 59.89
INFO >> Epoch: 7  |  Layer:  8  |  Train Loss: 0.879 | Train Acc: 63.55  |  Val Loss: 0.866 | Val Acc: 63.96  |  Test Loss: 0.966 | Tes Acc: 58.65
INFO >> Epoch: 7  |  Layer:  9  |  Train Loss: 0.886 | Train Acc: 62.20  |  Val Loss: 0.871 | Val Acc: 63.25  |  Test Loss: 0.960 | Tes Acc: 59.71
INFO >> Epoch: 7  |  Layer: 10  |  Train Loss: 0.884 | Train Acc: 62.41  |  Val Loss: 0.880 | Val Acc: 62.45  |  Test Loss: 0.954 | Tes Acc: 58.65
INFO >> Epoch: 7  |  Layer: 11  |  Train Loss: 0.888 | Train Acc: 62.14  |  Val Loss: 0.868 | Val Acc: 63.25  |  Test Loss: 0.932 | Tes Acc: 60.87
INFO >> Epoch: 7  |  Layer: 12  |  Train Loss: 0.884 | Train Acc: 61.50  |  Val Loss: 0.863 | Val Acc: 63.96  |  Test Loss: 0.962 | Tes Acc: 59.80
INFO >> Epoch: 7  |  Layer: 13  |  Train Loss: 0.899 | Train Acc: 61.41  |  Val Loss: 0.874 | Val Acc: 61.45  |  Test Loss: 0.967 | Tes Acc: 58.56

INFO >> Epoch: 8  |  Layer:  1  |  Train Loss: 1.060 | Train Acc: 50.84  |  Val Loss: 0.995 | Val Acc: 54.72  |  Test Loss: 1.139 | Tes Acc: 50.00
INFO >> Epoch: 8  |  Layer:  2  |  Train Loss: 0.981 | Train Acc: 57.11  |  Val Loss: 0.939 | Val Acc: 58.53  |  Test Loss: 1.108 | Tes Acc: 53.48
INFO >> Epoch: 8  |  Layer:  3  |  Train Loss: 0.950 | Train Acc: 58.89  |  Val Loss: 0.923 | Val Acc: 59.14  |  Test Loss: 1.059 | Tes Acc: 55.53
INFO >> Epoch: 8  |  Layer:  4  |  Train Loss: 0.915 | Train Acc: 61.68  |  Val Loss: 0.887 | Val Acc: 61.24  |  Test Loss: 1.030 | Tes Acc: 55.79
INFO >> Epoch: 8  |  Layer:  5  |  Train Loss: 0.902 | Train Acc: 61.44  |  Val Loss: 0.884 | Val Acc: 62.45  |  Test Loss: 1.011 | Tes Acc: 56.68
INFO >> Epoch: 8  |  Layer:  6  |  Train Loss: 0.886 | Train Acc: 62.26  |  Val Loss: 0.865 | Val Acc: 63.45  |  Test Loss: 0.994 | Tes Acc: 59.00
INFO >> Epoch: 8  |  Layer:  7  |  Train Loss: 0.856 | Train Acc: 64.05  |  Val Loss: 0.843 | Val Acc: 63.76  |  Test Loss: 0.990 | Tes Acc: 59.18
INFO >> Epoch: 8  |  Layer:  8  |  Train Loss: 0.862 | Train Acc: 64.87  |  Val Loss: 0.863 | Val Acc: 61.65  |  Test Loss: 1.035 | Tes Acc: 55.35
INFO >> Epoch: 8  |  Layer:  9  |  Train Loss: 0.874 | Train Acc: 64.02  |  Val Loss: 0.865 | Val Acc: 62.75  |  Test Loss: 1.016 | Tes Acc: 56.95
INFO >> Epoch: 8  |  Layer: 10  |  Train Loss: 0.871 | Train Acc: 63.90  |  Val Loss: 0.870 | Val Acc: 63.25  |  Test Loss: 1.004 | Tes Acc: 58.38
INFO >> Epoch: 8  |  Layer: 11  |  Train Loss: 0.868 | Train Acc: 63.61  |  Val Loss: 0.878 | Val Acc: 62.85  |  Test Loss: 0.975 | Tes Acc: 59.54
INFO >> Epoch: 8  |  Layer: 12  |  Train Loss: 0.873 | Train Acc: 63.11  |  Val Loss: 0.909 | Val Acc: 60.54  |  Test Loss: 1.020 | Tes Acc: 58.29
INFO >> Epoch: 8  |  Layer: 13  |  Train Loss: 0.890 | Train Acc: 62.50  |  Val Loss: 0.922 | Val Acc: 60.44  |  Test Loss: 1.011 | Tes Acc: 58.91

INFO >> Epoch: 9  |  Layer:  1  |  Train Loss: 1.050 | Train Acc: 52.77  |  Val Loss: 1.031 | Val Acc: 51.51  |  Test Loss: 1.234 | Tes Acc: 43.14
INFO >> Epoch: 9  |  Layer:  2  |  Train Loss: 0.966 | Train Acc: 58.51  |  Val Loss: 0.965 | Val Acc: 55.72  |  Test Loss: 1.184 | Tes Acc: 47.77
INFO >> Epoch: 9  |  Layer:  3  |  Train Loss: 0.930 | Train Acc: 60.30  |  Val Loss: 0.940 | Val Acc: 57.23  |  Test Loss: 1.126 | Tes Acc: 49.91
INFO >> Epoch: 9  |  Layer:  4  |  Train Loss: 0.897 | Train Acc: 61.94  |  Val Loss: 0.893 | Val Acc: 60.24  |  Test Loss: 1.085 | Tes Acc: 52.67
INFO >> Epoch: 9  |  Layer:  5  |  Train Loss: 0.884 | Train Acc: 62.35  |  Val Loss: 0.892 | Val Acc: 61.04  |  Test Loss: 1.043 | Tes Acc: 55.17
INFO >> Epoch: 9  |  Layer:  6  |  Train Loss: 0.869 | Train Acc: 63.26  |  Val Loss: 0.888 | Val Acc: 62.45  |  Test Loss: 1.061 | Tes Acc: 55.97
INFO >> Epoch: 9  |  Layer:  7  |  Train Loss: 0.837 | Train Acc: 65.72  |  Val Loss: 0.845 | Val Acc: 62.55  |  Test Loss: 1.041 | Tes Acc: 56.33
INFO >> Epoch: 9  |  Layer:  8  |  Train Loss: 0.845 | Train Acc: 65.84  |  Val Loss: 0.892 | Val Acc: 60.04  |  Test Loss: 1.097 | Tes Acc: 53.21
INFO >> Epoch: 9  |  Layer:  9  |  Train Loss: 0.854 | Train Acc: 64.84  |  Val Loss: 0.891 | Val Acc: 59.94  |  Test Loss: 1.103 | Tes Acc: 53.12
INFO >> Epoch: 9  |  Layer: 10  |  Train Loss: 0.853 | Train Acc: 64.96  |  Val Loss: 0.886 | Val Acc: 61.45  |  Test Loss: 1.085 | Tes Acc: 55.70
INFO >> Epoch: 9  |  Layer: 11  |  Train Loss: 0.852 | Train Acc: 64.81  |  Val Loss: 0.892 | Val Acc: 60.14  |  Test Loss: 1.071 | Tes Acc: 54.90
INFO >> Epoch: 9  |  Layer: 12  |  Train Loss: 0.857 | Train Acc: 63.99  |  Val Loss: 0.905 | Val Acc: 59.04  |  Test Loss: 1.106 | Tes Acc: 54.37
INFO >> Epoch: 9  |  Layer: 13  |  Train Loss: 0.873 | Train Acc: 62.99  |  Val Loss: 0.902 | Val Acc: 60.34  |  Test Loss: 1.079 | Tes Acc: 55.26

INFO >> Epoch: 10  |  Layer:  1  |  Train Loss: 1.059 | Train Acc: 51.33  |  Val Loss: 0.981 | Val Acc: 55.82  |  Test Loss: 1.101 | Tes Acc: 53.74
INFO >> Epoch: 10  |  Layer:  2  |  Train Loss: 0.964 | Train Acc: 58.34  |  Val Loss: 0.939 | Val Acc: 59.54  |  Test Loss: 1.064 | Tes Acc: 56.42
INFO >> Epoch: 10  |  Layer:  3  |  Train Loss: 0.933 | Train Acc: 59.80  |  Val Loss: 0.911 | Val Acc: 60.34  |  Test Loss: 1.035 | Tes Acc: 57.66
INFO >> Epoch: 10  |  Layer:  4  |  Train Loss: 0.894 | Train Acc: 61.94  |  Val Loss: 0.874 | Val Acc: 62.65  |  Test Loss: 0.979 | Tes Acc: 59.54
INFO >> Epoch: 10  |  Layer:  5  |  Train Loss: 0.883 | Train Acc: 62.97  |  Val Loss: 0.875 | Val Acc: 62.65  |  Test Loss: 0.969 | Tes Acc: 60.25
INFO >> Epoch: 10  |  Layer:  6  |  Train Loss: 0.866 | Train Acc: 64.28  |  Val Loss: 0.857 | Val Acc: 62.55  |  Test Loss: 0.960 | Tes Acc: 60.70
INFO >> Epoch: 10  |  Layer:  7  |  Train Loss: 0.833 | Train Acc: 65.60  |  Val Loss: 0.815 | Val Acc: 65.16  |  Test Loss: 0.921 | Tes Acc: 61.14
INFO >> Epoch: 10  |  Layer:  8  |  Train Loss: 0.846 | Train Acc: 65.63  |  Val Loss: 0.834 | Val Acc: 65.16  |  Test Loss: 0.944 | Tes Acc: 60.16
INFO >> Epoch: 10  |  Layer:  9  |  Train Loss: 0.852 | Train Acc: 65.16  |  Val Loss: 0.835 | Val Acc: 63.86  |  Test Loss: 0.953 | Tes Acc: 61.41
INFO >> Epoch: 10  |  Layer: 10  |  Train Loss: 0.848 | Train Acc: 65.16  |  Val Loss: 0.832 | Val Acc: 64.36  |  Test Loss: 0.953 | Tes Acc: 60.25
INFO >> Epoch: 10  |  Layer: 11  |  Train Loss: 0.849 | Train Acc: 64.81  |  Val Loss: 0.832 | Val Acc: 64.86  |  Test Loss: 0.923 | Tes Acc: 61.14
INFO >> Epoch: 10  |  Layer: 12  |  Train Loss: 0.848 | Train Acc: 64.25  |  Val Loss: 0.832 | Val Acc: 64.26  |  Test Loss: 0.953 | Tes Acc: 60.70
INFO >> Epoch: 10  |  Layer: 13  |  Train Loss: 0.867 | Train Acc: 63.46  |  Val Loss: 0.848 | Val Acc: 63.86  |  Test Loss: 0.953 | Tes Acc: 59.36

INFO >> Epoch: 11  |  Layer:  1  |  Train Loss: 1.038 | Train Acc: 52.94  |  Val Loss: 0.986 | Val Acc: 55.02  |  Test Loss: 1.134 | Tes Acc: 52.41
INFO >> Epoch: 11  |  Layer:  2  |  Train Loss: 0.949 | Train Acc: 58.95  |  Val Loss: 0.934 | Val Acc: 56.43  |  Test Loss: 1.087 | Tes Acc: 53.21
INFO >> Epoch: 11  |  Layer:  3  |  Train Loss: 0.914 | Train Acc: 60.74  |  Val Loss: 0.916 | Val Acc: 59.74  |  Test Loss: 1.045 | Tes Acc: 56.86
INFO >> Epoch: 11  |  Layer:  4  |  Train Loss: 0.881 | Train Acc: 61.91  |  Val Loss: 0.886 | Val Acc: 60.94  |  Test Loss: 1.002 | Tes Acc: 58.20
INFO >> Epoch: 11  |  Layer:  5  |  Train Loss: 0.863 | Train Acc: 62.82  |  Val Loss: 0.866 | Val Acc: 62.65  |  Test Loss: 0.967 | Tes Acc: 59.54
INFO >> Epoch: 11  |  Layer:  6  |  Train Loss: 0.843 | Train Acc: 64.69  |  Val Loss: 0.867 | Val Acc: 62.25  |  Test Loss: 0.981 | Tes Acc: 58.65
INFO >> Epoch: 11  |  Layer:  7  |  Train Loss: 0.811 | Train Acc: 66.19  |  Val Loss: 0.843 | Val Acc: 62.85  |  Test Loss: 0.979 | Tes Acc: 58.56
INFO >> Epoch: 11  |  Layer:  8  |  Train Loss: 0.822 | Train Acc: 66.36  |  Val Loss: 0.827 | Val Acc: 63.15  |  Test Loss: 0.969 | Tes Acc: 58.02
INFO >> Epoch: 11  |  Layer:  9  |  Train Loss: 0.829 | Train Acc: 66.16  |  Val Loss: 0.833 | Val Acc: 62.15  |  Test Loss: 0.974 | Tes Acc: 59.27
INFO >> Epoch: 11  |  Layer: 10  |  Train Loss: 0.835 | Train Acc: 65.72  |  Val Loss: 0.826 | Val Acc: 62.85  |  Test Loss: 0.964 | Tes Acc: 60.61
INFO >> Epoch: 11  |  Layer: 11  |  Train Loss: 0.828 | Train Acc: 65.48  |  Val Loss: 0.825 | Val Acc: 64.26  |  Test Loss: 0.917 | Tes Acc: 59.98
INFO >> Epoch: 11  |  Layer: 12  |  Train Loss: 0.831 | Train Acc: 65.28  |  Val Loss: 0.848 | Val Acc: 62.05  |  Test Loss: 0.965 | Tes Acc: 58.47
INFO >> Epoch: 11  |  Layer: 13  |  Train Loss: 0.850 | Train Acc: 65.10  |  Val Loss: 0.877 | Val Acc: 60.44  |  Test Loss: 0.986 | Tes Acc: 58.20

INFO >> Epoch: 12  |  Layer:  1  |  Train Loss: 1.015 | Train Acc: 54.64  |  Val Loss: 0.992 | Val Acc: 54.22  |  Test Loss: 1.190 | Tes Acc: 48.13
INFO >> Epoch: 12  |  Layer:  2  |  Train Loss: 0.938 | Train Acc: 59.89  |  Val Loss: 0.931 | Val Acc: 58.43  |  Test Loss: 1.137 | Tes Acc: 51.52
INFO >> Epoch: 12  |  Layer:  3  |  Train Loss: 0.898 | Train Acc: 61.97  |  Val Loss: 0.897 | Val Acc: 61.85  |  Test Loss: 1.059 | Tes Acc: 56.42
INFO >> Epoch: 12  |  Layer:  4  |  Train Loss: 0.863 | Train Acc: 63.49  |  Val Loss: 0.847 | Val Acc: 64.06  |  Test Loss: 1.002 | Tes Acc: 57.66
INFO >> Epoch: 12  |  Layer:  5  |  Train Loss: 0.846 | Train Acc: 64.11  |  Val Loss: 0.849 | Val Acc: 64.46  |  Test Loss: 0.959 | Tes Acc: 60.25
INFO >> Epoch: 12  |  Layer:  6  |  Train Loss: 0.829 | Train Acc: 65.34  |  Val Loss: 0.830 | Val Acc: 64.56  |  Test Loss: 0.961 | Tes Acc: 60.43
INFO >> Epoch: 12  |  Layer:  7  |  Train Loss: 0.798 | Train Acc: 66.77  |  Val Loss: 0.795 | Val Acc: 66.37  |  Test Loss: 0.935 | Tes Acc: 59.98
INFO >> Epoch: 12  |  Layer:  8  |  Train Loss: 0.801 | Train Acc: 67.86  |  Val Loss: 0.821 | Val Acc: 64.56  |  Test Loss: 0.995 | Tes Acc: 57.22
INFO >> Epoch: 12  |  Layer:  9  |  Train Loss: 0.812 | Train Acc: 67.10  |  Val Loss: 0.816 | Val Acc: 63.76  |  Test Loss: 0.981 | Tes Acc: 59.71
INFO >> Epoch: 12  |  Layer: 10  |  Train Loss: 0.813 | Train Acc: 66.25  |  Val Loss: 0.828 | Val Acc: 63.86  |  Test Loss: 0.977 | Tes Acc: 61.23
INFO >> Epoch: 12  |  Layer: 11  |  Train Loss: 0.812 | Train Acc: 65.90  |  Val Loss: 0.826 | Val Acc: 64.26  |  Test Loss: 0.968 | Tes Acc: 59.63
INFO >> Epoch: 12  |  Layer: 12  |  Train Loss: 0.814 | Train Acc: 66.07  |  Val Loss: 0.821 | Val Acc: 64.06  |  Test Loss: 0.971 | Tes Acc: 60.96
INFO >> Epoch: 12  |  Layer: 13  |  Train Loss: 0.835 | Train Acc: 65.07  |  Val Loss: 0.835 | Val Acc: 64.56  |  Test Loss: 0.965 | Tes Acc: 60.07

INFO >> Epoch: 13  |  Layer:  1  |  Train Loss: 1.027 | Train Acc: 53.94  |  Val Loss: 1.034 | Val Acc: 47.19  |  Test Loss: 1.230 | Tes Acc: 40.91
INFO >> Epoch: 13  |  Layer:  2  |  Train Loss: 0.938 | Train Acc: 59.54  |  Val Loss: 0.963 | Val Acc: 51.61  |  Test Loss: 1.214 | Tes Acc: 44.92
INFO >> Epoch: 13  |  Layer:  3  |  Train Loss: 0.900 | Train Acc: 62.00  |  Val Loss: 0.939 | Val Acc: 54.62  |  Test Loss: 1.175 | Tes Acc: 48.13
INFO >> Epoch: 13  |  Layer:  4  |  Train Loss: 0.862 | Train Acc: 63.46  |  Val Loss: 0.905 | Val Acc: 59.04  |  Test Loss: 1.088 | Tes Acc: 50.09
INFO >> Epoch: 13  |  Layer:  5  |  Train Loss: 0.844 | Train Acc: 64.84  |  Val Loss: 0.888 | Val Acc: 59.24  |  Test Loss: 1.057 | Tes Acc: 52.41
INFO >> Epoch: 13  |  Layer:  6  |  Train Loss: 0.829 | Train Acc: 64.34  |  Val Loss: 0.870 | Val Acc: 61.24  |  Test Loss: 1.049 | Tes Acc: 54.19
INFO >> Epoch: 13  |  Layer:  7  |  Train Loss: 0.797 | Train Acc: 66.45  |  Val Loss: 0.833 | Val Acc: 62.35  |  Test Loss: 1.014 | Tes Acc: 54.46
INFO >> Epoch: 13  |  Layer:  8  |  Train Loss: 0.801 | Train Acc: 66.51  |  Val Loss: 0.864 | Val Acc: 58.84  |  Test Loss: 1.082 | Tes Acc: 50.36
INFO >> Epoch: 13  |  Layer:  9  |  Train Loss: 0.815 | Train Acc: 66.04  |  Val Loss: 0.843 | Val Acc: 60.14  |  Test Loss: 1.054 | Tes Acc: 51.87
INFO >> Epoch: 13  |  Layer: 10  |  Train Loss: 0.814 | Train Acc: 66.22  |  Val Loss: 0.861 | Val Acc: 61.04  |  Test Loss: 1.039 | Tes Acc: 53.74
INFO >> Epoch: 13  |  Layer: 11  |  Train Loss: 0.818 | Train Acc: 65.46  |  Val Loss: 0.855 | Val Acc: 60.64  |  Test Loss: 1.030 | Tes Acc: 54.19
INFO >> Epoch: 13  |  Layer: 12  |  Train Loss: 0.821 | Train Acc: 65.34  |  Val Loss: 0.880 | Val Acc: 59.14  |  Test Loss: 1.057 | Tes Acc: 54.01
INFO >> Epoch: 13  |  Layer: 13  |  Train Loss: 0.842 | Train Acc: 63.99  |  Val Loss: 0.886 | Val Acc: 59.84  |  Test Loss: 1.041 | Tes Acc: 53.57

INFO >> Epoch: 14  |  Layer:  1  |  Train Loss: 1.013 | Train Acc: 54.53  |  Val Loss: 0.948 | Val Acc: 58.43  |  Test Loss: 1.118 | Tes Acc: 50.80
INFO >> Epoch: 14  |  Layer:  2  |  Train Loss: 0.926 | Train Acc: 59.48  |  Val Loss: 0.914 | Val Acc: 57.63  |  Test Loss: 1.107 | Tes Acc: 51.78
INFO >> Epoch: 14  |  Layer:  3  |  Train Loss: 0.891 | Train Acc: 62.29  |  Val Loss: 0.896 | Val Acc: 59.14  |  Test Loss: 1.095 | Tes Acc: 52.50
INFO >> Epoch: 14  |  Layer:  4  |  Train Loss: 0.849 | Train Acc: 63.70  |  Val Loss: 0.844 | Val Acc: 61.95  |  Test Loss: 1.021 | Tes Acc: 54.46
INFO >> Epoch: 14  |  Layer:  5  |  Train Loss: 0.832 | Train Acc: 65.19  |  Val Loss: 0.832 | Val Acc: 62.45  |  Test Loss: 1.007 | Tes Acc: 56.15
INFO >> Epoch: 14  |  Layer:  6  |  Train Loss: 0.820 | Train Acc: 65.22  |  Val Loss: 0.821 | Val Acc: 63.05  |  Test Loss: 1.001 | Tes Acc: 57.93
INFO >> Epoch: 14  |  Layer:  7  |  Train Loss: 0.790 | Train Acc: 66.74  |  Val Loss: 0.786 | Val Acc: 65.16  |  Test Loss: 0.981 | Tes Acc: 58.47
INFO >> Epoch: 14  |  Layer:  8  |  Train Loss: 0.800 | Train Acc: 66.57  |  Val Loss: 0.808 | Val Acc: 62.75  |  Test Loss: 1.027 | Tes Acc: 53.12
INFO >> Epoch: 14  |  Layer:  9  |  Train Loss: 0.797 | Train Acc: 66.48  |  Val Loss: 0.798 | Val Acc: 63.45  |  Test Loss: 0.994 | Tes Acc: 55.61
INFO >> Epoch: 14  |  Layer: 10  |  Train Loss: 0.801 | Train Acc: 66.80  |  Val Loss: 0.815 | Val Acc: 63.55  |  Test Loss: 0.970 | Tes Acc: 58.73
INFO >> Epoch: 14  |  Layer: 11  |  Train Loss: 0.800 | Train Acc: 65.98  |  Val Loss: 0.804 | Val Acc: 63.76  |  Test Loss: 0.959 | Tes Acc: 59.27
INFO >> Epoch: 14  |  Layer: 12  |  Train Loss: 0.804 | Train Acc: 66.31  |  Val Loss: 0.817 | Val Acc: 63.55  |  Test Loss: 0.975 | Tes Acc: 58.38
INFO >> Epoch: 14  |  Layer: 13  |  Train Loss: 0.831 | Train Acc: 64.43  |  Val Loss: 0.830 | Val Acc: 62.05  |  Test Loss: 0.971 | Tes Acc: 58.20

INFO >> Epoch: 15  |  Layer:  1  |  Train Loss: 1.015 | Train Acc: 54.56  |  Val Loss: 1.073 | Val Acc: 48.09  |  Test Loss: 1.296 | Tes Acc: 42.78
INFO >> Epoch: 15  |  Layer:  2  |  Train Loss: 0.921 | Train Acc: 60.59  |  Val Loss: 0.984 | Val Acc: 52.01  |  Test Loss: 1.206 | Tes Acc: 45.37
INFO >> Epoch: 15  |  Layer:  3  |  Train Loss: 0.882 | Train Acc: 62.53  |  Val Loss: 0.973 | Val Acc: 53.31  |  Test Loss: 1.192 | Tes Acc: 46.08
INFO >> Epoch: 15  |  Layer:  4  |  Train Loss: 0.843 | Train Acc: 63.87  |  Val Loss: 0.936 | Val Acc: 55.12  |  Test Loss: 1.142 | Tes Acc: 47.15
INFO >> Epoch: 15  |  Layer:  5  |  Train Loss: 0.824 | Train Acc: 65.13  |  Val Loss: 0.936 | Val Acc: 56.73  |  Test Loss: 1.135 | Tes Acc: 50.09
INFO >> Epoch: 15  |  Layer:  6  |  Train Loss: 0.808 | Train Acc: 65.75  |  Val Loss: 0.885 | Val Acc: 59.24  |  Test Loss: 1.084 | Tes Acc: 52.94
INFO >> Epoch: 15  |  Layer:  7  |  Train Loss: 0.780 | Train Acc: 67.57  |  Val Loss: 0.840 | Val Acc: 61.85  |  Test Loss: 1.025 | Tes Acc: 54.37
INFO >> Epoch: 15  |  Layer:  8  |  Train Loss: 0.780 | Train Acc: 68.39  |  Val Loss: 0.833 | Val Acc: 60.54  |  Test Loss: 1.030 | Tes Acc: 52.67
INFO >> Epoch: 15  |  Layer:  9  |  Train Loss: 0.786 | Train Acc: 67.21  |  Val Loss: 0.840 | Val Acc: 60.64  |  Test Loss: 1.045 | Tes Acc: 54.99
INFO >> Epoch: 15  |  Layer: 10  |  Train Loss: 0.787 | Train Acc: 67.86  |  Val Loss: 0.870 | Val Acc: 59.94  |  Test Loss: 1.047 | Tes Acc: 54.63
INFO >> Epoch: 15  |  Layer: 11  |  Train Loss: 0.787 | Train Acc: 67.01  |  Val Loss: 0.878 | Val Acc: 58.94  |  Test Loss: 1.053 | Tes Acc: 53.92
INFO >> Epoch: 15  |  Layer: 12  |  Train Loss: 0.795 | Train Acc: 66.74  |  Val Loss: 0.893 | Val Acc: 58.03  |  Test Loss: 1.089 | Tes Acc: 53.57
INFO >> Epoch: 15  |  Layer: 13  |  Train Loss: 0.816 | Train Acc: 65.54  |  Val Loss: 0.878 | Val Acc: 59.64  |  Test Loss: 1.052 | Tes Acc: 52.76

INFO >> Epoch: 16  |  Layer:  1  |  Train Loss: 1.014 | Train Acc: 54.18  |  Val Loss: 0.948 | Val Acc: 59.84  |  Test Loss: 1.117 | Tes Acc: 49.47
INFO >> Epoch: 16  |  Layer:  2  |  Train Loss: 0.920 | Train Acc: 59.89  |  Val Loss: 0.896 | Val Acc: 60.04  |  Test Loss: 1.107 | Tes Acc: 52.94
INFO >> Epoch: 16  |  Layer:  3  |  Train Loss: 0.878 | Train Acc: 61.94  |  Val Loss: 0.878 | Val Acc: 60.84  |  Test Loss: 1.070 | Tes Acc: 54.10
INFO >> Epoch: 16  |  Layer:  4  |  Train Loss: 0.834 | Train Acc: 64.34  |  Val Loss: 0.826 | Val Acc: 64.16  |  Test Loss: 0.985 | Tes Acc: 57.66
INFO >> Epoch: 16  |  Layer:  5  |  Train Loss: 0.817 | Train Acc: 65.19  |  Val Loss: 0.819 | Val Acc: 64.16  |  Test Loss: 0.967 | Tes Acc: 58.91
INFO >> Epoch: 16  |  Layer:  6  |  Train Loss: 0.807 | Train Acc: 66.22  |  Val Loss: 0.806 | Val Acc: 64.86  |  Test Loss: 0.947 | Tes Acc: 60.34
INFO >> Epoch: 16  |  Layer:  7  |  Train Loss: 0.774 | Train Acc: 68.15  |  Val Loss: 0.780 | Val Acc: 65.86  |  Test Loss: 0.928 | Tes Acc: 61.14
INFO >> Epoch: 16  |  Layer:  8  |  Train Loss: 0.776 | Train Acc: 67.77  |  Val Loss: 0.786 | Val Acc: 66.16  |  Test Loss: 0.934 | Tes Acc: 59.09
INFO >> Epoch: 16  |  Layer:  9  |  Train Loss: 0.781 | Train Acc: 67.48  |  Val Loss: 0.786 | Val Acc: 65.86  |  Test Loss: 0.924 | Tes Acc: 61.41
INFO >> Epoch: 16  |  Layer: 10  |  Train Loss: 0.779 | Train Acc: 68.21  |  Val Loss: 0.807 | Val Acc: 64.66  |  Test Loss: 0.941 | Tes Acc: 60.34
INFO >> Epoch: 16  |  Layer: 11  |  Train Loss: 0.782 | Train Acc: 66.92  |  Val Loss: 0.800 | Val Acc: 65.66  |  Test Loss: 0.909 | Tes Acc: 62.75
INFO >> Epoch: 16  |  Layer: 12  |  Train Loss: 0.791 | Train Acc: 66.13  |  Val Loss: 0.813 | Val Acc: 64.86  |  Test Loss: 0.953 | Tes Acc: 61.23
INFO >> Epoch: 16  |  Layer: 13  |  Train Loss: 0.815 | Train Acc: 65.43  |  Val Loss: 0.833 | Val Acc: 62.55  |  Test Loss: 0.983 | Tes Acc: 60.34

INFO >> Epoch: 17  |  Layer:  1  |  Train Loss: 1.007 | Train Acc: 55.11  |  Val Loss: 0.997 | Val Acc: 55.42  |  Test Loss: 1.190 | Tes Acc: 49.47
INFO >> Epoch: 17  |  Layer:  2  |  Train Loss: 0.908 | Train Acc: 61.09  |  Val Loss: 0.927 | Val Acc: 56.73  |  Test Loss: 1.166 | Tes Acc: 49.29
INFO >> Epoch: 17  |  Layer:  3  |  Train Loss: 0.866 | Train Acc: 62.99  |  Val Loss: 0.916 | Val Acc: 59.14  |  Test Loss: 1.158 | Tes Acc: 51.52
INFO >> Epoch: 17  |  Layer:  4  |  Train Loss: 0.818 | Train Acc: 65.37  |  Val Loss: 0.861 | Val Acc: 61.75  |  Test Loss: 1.077 | Tes Acc: 55.44
INFO >> Epoch: 17  |  Layer:  5  |  Train Loss: 0.808 | Train Acc: 65.98  |  Val Loss: 0.864 | Val Acc: 61.14  |  Test Loss: 1.061 | Tes Acc: 56.42
INFO >> Epoch: 17  |  Layer:  6  |  Train Loss: 0.799 | Train Acc: 66.33  |  Val Loss: 0.848 | Val Acc: 62.75  |  Test Loss: 1.051 | Tes Acc: 56.95
INFO >> Epoch: 17  |  Layer:  7  |  Train Loss: 0.761 | Train Acc: 68.65  |  Val Loss: 0.811 | Val Acc: 64.26  |  Test Loss: 1.001 | Tes Acc: 58.29
INFO >> Epoch: 17  |  Layer:  8  |  Train Loss: 0.760 | Train Acc: 69.65  |  Val Loss: 0.820 | Val Acc: 64.26  |  Test Loss: 1.040 | Tes Acc: 56.06
INFO >> Epoch: 17  |  Layer:  9  |  Train Loss: 0.766 | Train Acc: 68.12  |  Val Loss: 0.805 | Val Acc: 63.35  |  Test Loss: 1.012 | Tes Acc: 58.47
INFO >> Epoch: 17  |  Layer: 10  |  Train Loss: 0.773 | Train Acc: 68.12  |  Val Loss: 0.827 | Val Acc: 61.65  |  Test Loss: 1.020 | Tes Acc: 59.63
INFO >> Epoch: 17  |  Layer: 11  |  Train Loss: 0.770 | Train Acc: 67.48  |  Val Loss: 0.830 | Val Acc: 64.06  |  Test Loss: 1.016 | Tes Acc: 59.00
INFO >> Epoch: 17  |  Layer: 12  |  Train Loss: 0.780 | Train Acc: 66.69  |  Val Loss: 0.821 | Val Acc: 61.45  |  Test Loss: 1.032 | Tes Acc: 58.11
INFO >> Epoch: 17  |  Layer: 13  |  Train Loss: 0.802 | Train Acc: 66.10  |  Val Loss: 0.836 | Val Acc: 62.85  |  Test Loss: 1.031 | Tes Acc: 57.84

INFO >> Epoch: 18  |  Layer:  1  |  Train Loss: 0.996 | Train Acc: 55.93  |  Val Loss: 0.947 | Val Acc: 58.84  |  Test Loss: 1.070 | Tes Acc: 54.37
INFO >> Epoch: 18  |  Layer:  2  |  Train Loss: 0.911 | Train Acc: 60.42  |  Val Loss: 0.918 | Val Acc: 58.33  |  Test Loss: 1.062 | Tes Acc: 56.95
INFO >> Epoch: 18  |  Layer:  3  |  Train Loss: 0.872 | Train Acc: 61.94  |  Val Loss: 0.893 | Val Acc: 61.14  |  Test Loss: 1.047 | Tes Acc: 57.84
INFO >> Epoch: 18  |  Layer:  4  |  Train Loss: 0.827 | Train Acc: 64.14  |  Val Loss: 0.830 | Val Acc: 66.06  |  Test Loss: 0.968 | Tes Acc: 60.61
INFO >> Epoch: 18  |  Layer:  5  |  Train Loss: 0.809 | Train Acc: 65.92  |  Val Loss: 0.828 | Val Acc: 64.76  |  Test Loss: 0.938 | Tes Acc: 61.14
INFO >> Epoch: 18  |  Layer:  6  |  Train Loss: 0.794 | Train Acc: 66.01  |  Val Loss: 0.812 | Val Acc: 64.46  |  Test Loss: 0.932 | Tes Acc: 61.41
INFO >> Epoch: 18  |  Layer:  7  |  Train Loss: 0.764 | Train Acc: 67.62  |  Val Loss: 0.783 | Val Acc: 66.47  |  Test Loss: 0.906 | Tes Acc: 62.39
INFO >> Epoch: 18  |  Layer:  8  |  Train Loss: 0.767 | Train Acc: 67.86  |  Val Loss: 0.785 | Val Acc: 67.07  |  Test Loss: 0.927 | Tes Acc: 60.78
INFO >> Epoch: 18  |  Layer:  9  |  Train Loss: 0.773 | Train Acc: 67.42  |  Val Loss: 0.774 | Val Acc: 66.37  |  Test Loss: 0.916 | Tes Acc: 63.19
INFO >> Epoch: 18  |  Layer: 10  |  Train Loss: 0.770 | Train Acc: 68.18  |  Val Loss: 0.797 | Val Acc: 64.56  |  Test Loss: 0.939 | Tes Acc: 61.76
INFO >> Epoch: 18  |  Layer: 11  |  Train Loss: 0.774 | Train Acc: 66.95  |  Val Loss: 0.783 | Val Acc: 66.77  |  Test Loss: 0.912 | Tes Acc: 62.03
INFO >> Epoch: 18  |  Layer: 12  |  Train Loss: 0.781 | Train Acc: 66.57  |  Val Loss: 0.787 | Val Acc: 65.96  |  Test Loss: 0.929 | Tes Acc: 62.12
INFO >> Epoch: 18  |  Layer: 13  |  Train Loss: 0.811 | Train Acc: 65.31  |  Val Loss: 0.805 | Val Acc: 65.16  |  Test Loss: 0.932 | Tes Acc: 62.21

INFO >> Epoch: 19  |  Layer:  1  |  Train Loss: 0.993 | Train Acc: 55.58  |  Val Loss: 1.007 | Val Acc: 54.12  |  Test Loss: 1.228 | Tes Acc: 46.97
INFO >> Epoch: 19  |  Layer:  2  |  Train Loss: 0.900 | Train Acc: 61.56  |  Val Loss: 0.944 | Val Acc: 56.53  |  Test Loss: 1.142 | Tes Acc: 51.52
INFO >> Epoch: 19  |  Layer:  3  |  Train Loss: 0.859 | Train Acc: 63.35  |  Val Loss: 0.934 | Val Acc: 57.93  |  Test Loss: 1.178 | Tes Acc: 52.85
INFO >> Epoch: 19  |  Layer:  4  |  Train Loss: 0.813 | Train Acc: 65.02  |  Val Loss: 0.863 | Val Acc: 62.55  |  Test Loss: 1.087 | Tes Acc: 54.81
INFO >> Epoch: 19  |  Layer:  5  |  Train Loss: 0.796 | Train Acc: 67.07  |  Val Loss: 0.904 | Val Acc: 60.74  |  Test Loss: 1.104 | Tes Acc: 54.37
INFO >> Epoch: 19  |  Layer:  6  |  Train Loss: 0.786 | Train Acc: 66.80  |  Val Loss: 0.876 | Val Acc: 63.05  |  Test Loss: 1.105 | Tes Acc: 55.17
INFO >> Epoch: 19  |  Layer:  7  |  Train Loss: 0.757 | Train Acc: 68.53  |  Val Loss: 0.829 | Val Acc: 62.75  |  Test Loss: 1.037 | Tes Acc: 56.95
INFO >> Epoch: 19  |  Layer:  8  |  Train Loss: 0.755 | Train Acc: 69.56  |  Val Loss: 0.832 | Val Acc: 62.35  |  Test Loss: 1.033 | Tes Acc: 57.75
INFO >> Epoch: 19  |  Layer:  9  |  Train Loss: 0.764 | Train Acc: 68.94  |  Val Loss: 0.839 | Val Acc: 62.05  |  Test Loss: 1.044 | Tes Acc: 58.56
INFO >> Epoch: 19  |  Layer: 10  |  Train Loss: 0.763 | Train Acc: 69.53  |  Val Loss: 0.840 | Val Acc: 60.74  |  Test Loss: 1.050 | Tes Acc: 57.93
INFO >> Epoch: 19  |  Layer: 11  |  Train Loss: 0.769 | Train Acc: 68.94  |  Val Loss: 0.815 | Val Acc: 63.96  |  Test Loss: 1.018 | Tes Acc: 59.45
INFO >> Epoch: 19  |  Layer: 12  |  Train Loss: 0.773 | Train Acc: 68.47  |  Val Loss: 0.856 | Val Acc: 59.14  |  Test Loss: 1.080 | Tes Acc: 55.70
INFO >> Epoch: 19  |  Layer: 13  |  Train Loss: 0.804 | Train Acc: 66.89  |  Val Loss: 0.884 | Val Acc: 59.94  |  Test Loss: 1.091 | Tes Acc: 56.68

INFO >> Epoch: 20  |  Layer:  1  |  Train Loss: 0.992 | Train Acc: 55.87  |  Val Loss: 1.042 | Val Acc: 52.91  |  Test Loss: 1.206 | Tes Acc: 50.53
INFO >> Epoch: 20  |  Layer:  2  |  Train Loss: 0.896 | Train Acc: 61.18  |  Val Loss: 0.908 | Val Acc: 59.54  |  Test Loss: 1.127 | Tes Acc: 52.76
INFO >> Epoch: 20  |  Layer:  3  |  Train Loss: 0.855 | Train Acc: 63.58  |  Val Loss: 0.881 | Val Acc: 62.25  |  Test Loss: 1.089 | Tes Acc: 56.33
INFO >> Epoch: 20  |  Layer:  4  |  Train Loss: 0.809 | Train Acc: 65.90  |  Val Loss: 0.817 | Val Acc: 66.47  |  Test Loss: 0.977 | Tes Acc: 59.80
INFO >> Epoch: 20  |  Layer:  5  |  Train Loss: 0.791 | Train Acc: 67.59  |  Val Loss: 0.827 | Val Acc: 64.26  |  Test Loss: 0.967 | Tes Acc: 59.80
INFO >> Epoch: 20  |  Layer:  6  |  Train Loss: 0.777 | Train Acc: 67.59  |  Val Loss: 0.802 | Val Acc: 65.46  |  Test Loss: 0.949 | Tes Acc: 61.85
INFO >> Epoch: 20  |  Layer:  7  |  Train Loss: 0.748 | Train Acc: 69.29  |  Val Loss: 0.776 | Val Acc: 66.87  |  Test Loss: 0.934 | Tes Acc: 61.14
INFO >> Epoch: 20  |  Layer:  8  |  Train Loss: 0.749 | Train Acc: 69.38  |  Val Loss: 0.782 | Val Acc: 65.06  |  Test Loss: 0.970 | Tes Acc: 58.47
INFO >> Epoch: 20  |  Layer:  9  |  Train Loss: 0.757 | Train Acc: 68.56  |  Val Loss: 0.780 | Val Acc: 65.66  |  Test Loss: 0.949 | Tes Acc: 61.59
INFO >> Epoch: 20  |  Layer: 10  |  Train Loss: 0.757 | Train Acc: 69.03  |  Val Loss: 0.796 | Val Acc: 64.86  |  Test Loss: 0.972 | Tes Acc: 61.59
INFO >> Epoch: 20  |  Layer: 11  |  Train Loss: 0.758 | Train Acc: 68.74  |  Val Loss: 0.783 | Val Acc: 65.36  |  Test Loss: 0.950 | Tes Acc: 60.70
INFO >> Epoch: 20  |  Layer: 12  |  Train Loss: 0.772 | Train Acc: 67.98  |  Val Loss: 0.824 | Val Acc: 63.86  |  Test Loss: 0.995 | Tes Acc: 59.18
INFO >> Epoch: 20  |  Layer: 13  |  Train Loss: 0.801 | Train Acc: 66.48  |  Val Loss: 0.830 | Val Acc: 62.65  |  Test Loss: 1.015 | Tes Acc: 58.82

INFO >> Epoch: 21  |  Layer:  1  |  Train Loss: 0.999 | Train Acc: 54.53  |  Val Loss: 0.993 | Val Acc: 52.91  |  Test Loss: 1.178 | Tes Acc: 46.43
INFO >> Epoch: 21  |  Layer:  2  |  Train Loss: 0.896 | Train Acc: 61.94  |  Val Loss: 0.901 | Val Acc: 59.54  |  Test Loss: 1.108 | Tes Acc: 51.34
INFO >> Epoch: 21  |  Layer:  3  |  Train Loss: 0.850 | Train Acc: 63.52  |  Val Loss: 0.887 | Val Acc: 60.14  |  Test Loss: 1.083 | Tes Acc: 53.92
INFO >> Epoch: 21  |  Layer:  4  |  Train Loss: 0.802 | Train Acc: 65.69  |  Val Loss: 0.850 | Val Acc: 63.96  |  Test Loss: 0.983 | Tes Acc: 58.11
INFO >> Epoch: 21  |  Layer:  5  |  Train Loss: 0.781 | Train Acc: 67.24  |  Val Loss: 0.819 | Val Acc: 64.76  |  Test Loss: 0.937 | Tes Acc: 60.87
INFO >> Epoch: 21  |  Layer:  6  |  Train Loss: 0.776 | Train Acc: 67.62  |  Val Loss: 0.808 | Val Acc: 65.56  |  Test Loss: 0.959 | Tes Acc: 60.34
INFO >> Epoch: 21  |  Layer:  7  |  Train Loss: 0.749 | Train Acc: 68.53  |  Val Loss: 0.777 | Val Acc: 66.16  |  Test Loss: 0.928 | Tes Acc: 61.76
INFO >> Epoch: 21  |  Layer:  8  |  Train Loss: 0.747 | Train Acc: 69.32  |  Val Loss: 0.785 | Val Acc: 65.36  |  Test Loss: 0.964 | Tes Acc: 57.31
INFO >> Epoch: 21  |  Layer:  9  |  Train Loss: 0.745 | Train Acc: 68.85  |  Val Loss: 0.781 | Val Acc: 65.66  |  Test Loss: 0.951 | Tes Acc: 60.07
INFO >> Epoch: 21  |  Layer: 10  |  Train Loss: 0.747 | Train Acc: 69.24  |  Val Loss: 0.795 | Val Acc: 64.36  |  Test Loss: 0.956 | Tes Acc: 59.89
INFO >> Epoch: 21  |  Layer: 11  |  Train Loss: 0.746 | Train Acc: 68.71  |  Val Loss: 0.783 | Val Acc: 64.36  |  Test Loss: 0.941 | Tes Acc: 61.94
INFO >> Epoch: 21  |  Layer: 12  |  Train Loss: 0.758 | Train Acc: 68.33  |  Val Loss: 0.806 | Val Acc: 63.45  |  Test Loss: 0.982 | Tes Acc: 58.20
INFO >> Epoch: 21  |  Layer: 13  |  Train Loss: 0.782 | Train Acc: 67.45  |  Val Loss: 0.831 | Val Acc: 62.35  |  Test Loss: 0.956 | Tes Acc: 59.45

INFO >> Epoch: 22  |  Layer:  1  |  Train Loss: 0.997 | Train Acc: 55.23  |  Val Loss: 0.941 | Val Acc: 59.54  |  Test Loss: 1.093 | Tes Acc: 53.39
INFO >> Epoch: 22  |  Layer:  2  |  Train Loss: 0.889 | Train Acc: 61.65  |  Val Loss: 0.878 | Val Acc: 61.85  |  Test Loss: 1.063 | Tes Acc: 57.13
INFO >> Epoch: 22  |  Layer:  3  |  Train Loss: 0.842 | Train Acc: 64.61  |  Val Loss: 0.861 | Val Acc: 64.16  |  Test Loss: 1.034 | Tes Acc: 58.56
INFO >> Epoch: 22  |  Layer:  4  |  Train Loss: 0.787 | Train Acc: 66.77  |  Val Loss: 0.811 | Val Acc: 66.27  |  Test Loss: 0.953 | Tes Acc: 61.41
INFO >> Epoch: 22  |  Layer:  5  |  Train Loss: 0.771 | Train Acc: 67.74  |  Val Loss: 0.810 | Val Acc: 65.76  |  Test Loss: 0.949 | Tes Acc: 60.61
INFO >> Epoch: 22  |  Layer:  6  |  Train Loss: 0.764 | Train Acc: 67.98  |  Val Loss: 0.793 | Val Acc: 65.86  |  Test Loss: 0.933 | Tes Acc: 62.03
INFO >> Epoch: 22  |  Layer:  7  |  Train Loss: 0.733 | Train Acc: 69.79  |  Val Loss: 0.759 | Val Acc: 68.27  |  Test Loss: 0.904 | Tes Acc: 63.28
INFO >> Epoch: 22  |  Layer:  8  |  Train Loss: 0.724 | Train Acc: 71.14  |  Val Loss: 0.765 | Val Acc: 66.87  |  Test Loss: 0.942 | Tes Acc: 60.34
INFO >> Epoch: 22  |  Layer:  9  |  Train Loss: 0.732 | Train Acc: 69.70  |  Val Loss: 0.761 | Val Acc: 66.47  |  Test Loss: 0.927 | Tes Acc: 62.92
INFO >> Epoch: 22  |  Layer: 10  |  Train Loss: 0.734 | Train Acc: 70.03  |  Val Loss: 0.777 | Val Acc: 67.37  |  Test Loss: 0.930 | Tes Acc: 62.83
INFO >> Epoch: 22  |  Layer: 11  |  Train Loss: 0.735 | Train Acc: 69.12  |  Val Loss: 0.768 | Val Acc: 66.47  |  Test Loss: 0.918 | Tes Acc: 62.39
INFO >> Epoch: 22  |  Layer: 12  |  Train Loss: 0.742 | Train Acc: 68.94  |  Val Loss: 0.781 | Val Acc: 64.86  |  Test Loss: 0.963 | Tes Acc: 60.96
INFO >> Epoch: 22  |  Layer: 13  |  Train Loss: 0.774 | Train Acc: 67.51  |  Val Loss: 0.794 | Val Acc: 65.66  |  Test Loss: 0.938 | Tes Acc: 62.12

INFO >> Epoch: 23  |  Layer:  1  |  Train Loss: 0.980 | Train Acc: 56.20  |  Val Loss: 0.932 | Val Acc: 58.23  |  Test Loss: 1.084 | Tes Acc: 54.46
INFO >> Epoch: 23  |  Layer:  2  |  Train Loss: 0.887 | Train Acc: 61.62  |  Val Loss: 0.882 | Val Acc: 61.45  |  Test Loss: 1.066 | Tes Acc: 57.13
INFO >> Epoch: 23  |  Layer:  3  |  Train Loss: 0.845 | Train Acc: 64.28  |  Val Loss: 0.876 | Val Acc: 62.05  |  Test Loss: 1.029 | Tes Acc: 58.47
INFO >> Epoch: 23  |  Layer:  4  |  Train Loss: 0.798 | Train Acc: 66.60  |  Val Loss: 0.813 | Val Acc: 64.66  |  Test Loss: 0.991 | Tes Acc: 57.93
INFO >> Epoch: 23  |  Layer:  5  |  Train Loss: 0.778 | Train Acc: 67.83  |  Val Loss: 0.802 | Val Acc: 65.46  |  Test Loss: 0.946 | Tes Acc: 59.45
INFO >> Epoch: 23  |  Layer:  6  |  Train Loss: 0.765 | Train Acc: 67.83  |  Val Loss: 0.793 | Val Acc: 64.56  |  Test Loss: 0.944 | Tes Acc: 61.68
INFO >> Epoch: 23  |  Layer:  7  |  Train Loss: 0.736 | Train Acc: 69.15  |  Val Loss: 0.763 | Val Acc: 66.57  |  Test Loss: 0.903 | Tes Acc: 62.21
INFO >> Epoch: 23  |  Layer:  8  |  Train Loss: 0.722 | Train Acc: 70.32  |  Val Loss: 0.761 | Val Acc: 66.57  |  Test Loss: 0.935 | Tes Acc: 59.63
INFO >> Epoch: 23  |  Layer:  9  |  Train Loss: 0.730 | Train Acc: 69.88  |  Val Loss: 0.764 | Val Acc: 66.47  |  Test Loss: 0.940 | Tes Acc: 61.14
INFO >> Epoch: 23  |  Layer: 10  |  Train Loss: 0.729 | Train Acc: 70.00  |  Val Loss: 0.784 | Val Acc: 65.66  |  Test Loss: 0.929 | Tes Acc: 62.30
INFO >> Epoch: 23  |  Layer: 11  |  Train Loss: 0.729 | Train Acc: 69.32  |  Val Loss: 0.785 | Val Acc: 66.27  |  Test Loss: 0.930 | Tes Acc: 62.03
INFO >> Epoch: 23  |  Layer: 12  |  Train Loss: 0.741 | Train Acc: 68.88  |  Val Loss: 0.792 | Val Acc: 63.55  |  Test Loss: 0.970 | Tes Acc: 61.23
INFO >> Epoch: 23  |  Layer: 13  |  Train Loss: 0.780 | Train Acc: 67.18  |  Val Loss: 0.803 | Val Acc: 62.85  |  Test Loss: 0.963 | Tes Acc: 59.89

INFO >> Epoch: 24  |  Layer:  1  |  Train Loss: 0.984 | Train Acc: 56.11  |  Val Loss: 0.925 | Val Acc: 61.14  |  Test Loss: 1.096 | Tes Acc: 51.87
INFO >> Epoch: 24  |  Layer:  2  |  Train Loss: 0.876 | Train Acc: 63.38  |  Val Loss: 0.875 | Val Acc: 61.04  |  Test Loss: 1.060 | Tes Acc: 55.97
INFO >> Epoch: 24  |  Layer:  3  |  Train Loss: 0.835 | Train Acc: 64.72  |  Val Loss: 0.874 | Val Acc: 62.55  |  Test Loss: 0.999 | Tes Acc: 59.89
INFO >> Epoch: 24  |  Layer:  4  |  Train Loss: 0.783 | Train Acc: 67.54  |  Val Loss: 0.820 | Val Acc: 66.27  |  Test Loss: 0.913 | Tes Acc: 63.10
INFO >> Epoch: 24  |  Layer:  5  |  Train Loss: 0.760 | Train Acc: 68.68  |  Val Loss: 0.813 | Val Acc: 65.96  |  Test Loss: 0.901 | Tes Acc: 62.48
INFO >> Epoch: 24  |  Layer:  6  |  Train Loss: 0.751 | Train Acc: 69.24  |  Val Loss: 0.807 | Val Acc: 66.47  |  Test Loss: 0.896 | Tes Acc: 63.90
INFO >> Epoch: 24  |  Layer:  7  |  Train Loss: 0.719 | Train Acc: 70.17  |  Val Loss: 0.770 | Val Acc: 67.77  |  Test Loss: 0.879 | Tes Acc: 64.35
INFO >> Epoch: 24  |  Layer:  8  |  Train Loss: 0.715 | Train Acc: 71.23  |  Val Loss: 0.778 | Val Acc: 66.37  |  Test Loss: 0.902 | Tes Acc: 61.94
INFO >> Epoch: 24  |  Layer:  9  |  Train Loss: 0.726 | Train Acc: 70.61  |  Val Loss: 0.776 | Val Acc: 66.87  |  Test Loss: 0.879 | Tes Acc: 64.71
INFO >> Epoch: 24  |  Layer: 10  |  Train Loss: 0.725 | Train Acc: 70.50  |  Val Loss: 0.777 | Val Acc: 66.37  |  Test Loss: 0.888 | Tes Acc: 64.17
INFO >> Epoch: 24  |  Layer: 11  |  Train Loss: 0.730 | Train Acc: 70.08  |  Val Loss: 0.770 | Val Acc: 67.47  |  Test Loss: 0.903 | Tes Acc: 63.90
INFO >> Epoch: 24  |  Layer: 12  |  Train Loss: 0.741 | Train Acc: 68.65  |  Val Loss: 0.773 | Val Acc: 66.77  |  Test Loss: 0.930 | Tes Acc: 63.99
INFO >> Epoch: 24  |  Layer: 13  |  Train Loss: 0.774 | Train Acc: 66.92  |  Val Loss: 0.783 | Val Acc: 65.76  |  Test Loss: 0.917 | Tes Acc: 62.48

INFO >> Epoch: 25  |  Layer:  1  |  Train Loss: 0.977 | Train Acc: 56.75  |  Val Loss: 0.939 | Val Acc: 57.13  |  Test Loss: 1.201 | Tes Acc: 48.22
INFO >> Epoch: 25  |  Layer:  2  |  Train Loss: 0.877 | Train Acc: 62.29  |  Val Loss: 0.869 | Val Acc: 61.04  |  Test Loss: 1.078 | Tes Acc: 55.53
INFO >> Epoch: 25  |  Layer:  3  |  Train Loss: 0.835 | Train Acc: 65.31  |  Val Loss: 0.855 | Val Acc: 62.35  |  Test Loss: 1.044 | Tes Acc: 56.60
INFO >> Epoch: 25  |  Layer:  4  |  Train Loss: 0.782 | Train Acc: 67.71  |  Val Loss: 0.800 | Val Acc: 64.76  |  Test Loss: 0.972 | Tes Acc: 59.89
INFO >> Epoch: 25  |  Layer:  5  |  Train Loss: 0.763 | Train Acc: 68.41  |  Val Loss: 0.792 | Val Acc: 65.46  |  Test Loss: 0.913 | Tes Acc: 61.41
INFO >> Epoch: 25  |  Layer:  6  |  Train Loss: 0.751 | Train Acc: 69.21  |  Val Loss: 0.784 | Val Acc: 64.66  |  Test Loss: 0.940 | Tes Acc: 61.94
INFO >> Epoch: 25  |  Layer:  7  |  Train Loss: 0.723 | Train Acc: 70.64  |  Val Loss: 0.757 | Val Acc: 65.86  |  Test Loss: 0.916 | Tes Acc: 62.03
INFO >> Epoch: 25  |  Layer:  8  |  Train Loss: 0.713 | Train Acc: 70.93  |  Val Loss: 0.755 | Val Acc: 67.07  |  Test Loss: 0.937 | Tes Acc: 59.45
INFO >> Epoch: 25  |  Layer:  9  |  Train Loss: 0.722 | Train Acc: 70.41  |  Val Loss: 0.748 | Val Acc: 67.77  |  Test Loss: 0.918 | Tes Acc: 61.85
INFO >> Epoch: 25  |  Layer: 10  |  Train Loss: 0.716 | Train Acc: 71.26  |  Val Loss: 0.772 | Val Acc: 66.57  |  Test Loss: 0.934 | Tes Acc: 62.30
INFO >> Epoch: 25  |  Layer: 11  |  Train Loss: 0.728 | Train Acc: 70.23  |  Val Loss: 0.767 | Val Acc: 65.46  |  Test Loss: 0.947 | Tes Acc: 60.78
INFO >> Epoch: 25  |  Layer: 12  |  Train Loss: 0.733 | Train Acc: 69.38  |  Val Loss: 0.792 | Val Acc: 63.25  |  Test Loss: 0.980 | Tes Acc: 59.09
INFO >> Epoch: 25  |  Layer: 13  |  Train Loss: 0.768 | Train Acc: 68.12  |  Val Loss: 0.808 | Val Acc: 62.25  |  Test Loss: 0.972 | Tes Acc: 58.29

INFO >> Epoch: 26  |  Layer:  1  |  Train Loss: 0.987 | Train Acc: 55.52  |  Val Loss: 0.953 | Val Acc: 58.33  |  Test Loss: 1.083 | Tes Acc: 54.10
INFO >> Epoch: 26  |  Layer:  2  |  Train Loss: 0.870 | Train Acc: 62.79  |  Val Loss: 0.901 | Val Acc: 58.33  |  Test Loss: 1.093 | Tes Acc: 55.26
INFO >> Epoch: 26  |  Layer:  3  |  Train Loss: 0.821 | Train Acc: 65.10  |  Val Loss: 0.882 | Val Acc: 59.54  |  Test Loss: 1.113 | Tes Acc: 55.08
INFO >> Epoch: 26  |  Layer:  4  |  Train Loss: 0.762 | Train Acc: 68.03  |  Val Loss: 0.817 | Val Acc: 64.76  |  Test Loss: 0.998 | Tes Acc: 58.65
INFO >> Epoch: 26  |  Layer:  5  |  Train Loss: 0.750 | Train Acc: 69.56  |  Val Loss: 0.831 | Val Acc: 62.55  |  Test Loss: 0.999 | Tes Acc: 58.20
INFO >> Epoch: 26  |  Layer:  6  |  Train Loss: 0.741 | Train Acc: 69.41  |  Val Loss: 0.783 | Val Acc: 66.57  |  Test Loss: 0.941 | Tes Acc: 62.48
INFO >> Epoch: 26  |  Layer:  7  |  Train Loss: 0.709 | Train Acc: 70.47  |  Val Loss: 0.767 | Val Acc: 66.27  |  Test Loss: 0.925 | Tes Acc: 62.57
INFO >> Epoch: 26  |  Layer:  8  |  Train Loss: 0.704 | Train Acc: 71.81  |  Val Loss: 0.768 | Val Acc: 66.37  |  Test Loss: 0.930 | Tes Acc: 61.23
INFO >> Epoch: 26  |  Layer:  9  |  Train Loss: 0.705 | Train Acc: 71.34  |  Val Loss: 0.746 | Val Acc: 68.27  |  Test Loss: 0.907 | Tes Acc: 63.99
INFO >> Epoch: 26  |  Layer: 10  |  Train Loss: 0.707 | Train Acc: 71.37  |  Val Loss: 0.769 | Val Acc: 66.06  |  Test Loss: 0.922 | Tes Acc: 64.53
INFO >> Epoch: 26  |  Layer: 11  |  Train Loss: 0.711 | Train Acc: 71.34  |  Val Loss: 0.758 | Val Acc: 67.87  |  Test Loss: 0.895 | Tes Acc: 63.55
INFO >> Epoch: 26  |  Layer: 12  |  Train Loss: 0.720 | Train Acc: 70.35  |  Val Loss: 0.778 | Val Acc: 66.67  |  Test Loss: 0.938 | Tes Acc: 63.46
INFO >> Epoch: 26  |  Layer: 13  |  Train Loss: 0.761 | Train Acc: 69.15  |  Val Loss: 0.805 | Val Acc: 63.86  |  Test Loss: 0.944 | Tes Acc: 61.50

INFO >> Epoch: 27  |  Layer:  1  |  Train Loss: 0.990 | Train Acc: 55.64  |  Val Loss: 0.928 | Val Acc: 60.64  |  Test Loss: 1.103 | Tes Acc: 52.14
INFO >> Epoch: 27  |  Layer:  2  |  Train Loss: 0.870 | Train Acc: 63.20  |  Val Loss: 0.869 | Val Acc: 61.55  |  Test Loss: 1.036 | Tes Acc: 57.31
INFO >> Epoch: 27  |  Layer:  3  |  Train Loss: 0.829 | Train Acc: 64.72  |  Val Loss: 0.848 | Val Acc: 63.96  |  Test Loss: 1.010 | Tes Acc: 60.43
INFO >> Epoch: 27  |  Layer:  4  |  Train Loss: 0.777 | Train Acc: 67.74  |  Val Loss: 0.788 | Val Acc: 67.47  |  Test Loss: 0.943 | Tes Acc: 61.05
INFO >> Epoch: 27  |  Layer:  5  |  Train Loss: 0.763 | Train Acc: 68.12  |  Val Loss: 0.787 | Val Acc: 66.37  |  Test Loss: 0.924 | Tes Acc: 60.96
INFO >> Epoch: 27  |  Layer:  6  |  Train Loss: 0.752 | Train Acc: 69.21  |  Val Loss: 0.777 | Val Acc: 67.47  |  Test Loss: 0.895 | Tes Acc: 64.53
INFO >> Epoch: 27  |  Layer:  7  |  Train Loss: 0.715 | Train Acc: 70.99  |  Val Loss: 0.755 | Val Acc: 68.27  |  Test Loss: 0.882 | Tes Acc: 64.17
INFO >> Epoch: 27  |  Layer:  8  |  Train Loss: 0.707 | Train Acc: 71.20  |  Val Loss: 0.757 | Val Acc: 67.67  |  Test Loss: 0.893 | Tes Acc: 62.48
INFO >> Epoch: 27  |  Layer:  9  |  Train Loss: 0.716 | Train Acc: 71.17  |  Val Loss: 0.751 | Val Acc: 67.37  |  Test Loss: 0.903 | Tes Acc: 64.26
INFO >> Epoch: 27  |  Layer: 10  |  Train Loss: 0.709 | Train Acc: 71.43  |  Val Loss: 0.769 | Val Acc: 67.17  |  Test Loss: 0.909 | Tes Acc: 63.73
INFO >> Epoch: 27  |  Layer: 11  |  Train Loss: 0.712 | Train Acc: 70.91  |  Val Loss: 0.760 | Val Acc: 67.57  |  Test Loss: 0.898 | Tes Acc: 64.08
INFO >> Epoch: 27  |  Layer: 12  |  Train Loss: 0.729 | Train Acc: 69.79  |  Val Loss: 0.784 | Val Acc: 65.76  |  Test Loss: 0.921 | Tes Acc: 64.53
INFO >> Epoch: 27  |  Layer: 13  |  Train Loss: 0.766 | Train Acc: 68.00  |  Val Loss: 0.796 | Val Acc: 65.86  |  Test Loss: 0.901 | Tes Acc: 63.64

INFO >> Epoch: 28  |  Layer:  1  |  Train Loss: 0.967 | Train Acc: 57.43  |  Val Loss: 0.970 | Val Acc: 56.63  |  Test Loss: 1.135 | Tes Acc: 53.83
INFO >> Epoch: 28  |  Layer:  2  |  Train Loss: 0.861 | Train Acc: 63.23  |  Val Loss: 0.881 | Val Acc: 59.94  |  Test Loss: 1.068 | Tes Acc: 56.15
INFO >> Epoch: 28  |  Layer:  3  |  Train Loss: 0.821 | Train Acc: 65.63  |  Val Loss: 0.868 | Val Acc: 62.05  |  Test Loss: 1.063 | Tes Acc: 57.84
INFO >> Epoch: 28  |  Layer:  4  |  Train Loss: 0.757 | Train Acc: 68.24  |  Val Loss: 0.807 | Val Acc: 65.66  |  Test Loss: 0.991 | Tes Acc: 58.47
INFO >> Epoch: 28  |  Layer:  5  |  Train Loss: 0.739 | Train Acc: 69.38  |  Val Loss: 0.797 | Val Acc: 64.66  |  Test Loss: 0.948 | Tes Acc: 59.00
INFO >> Epoch: 28  |  Layer:  6  |  Train Loss: 0.730 | Train Acc: 68.97  |  Val Loss: 0.783 | Val Acc: 64.96  |  Test Loss: 0.941 | Tes Acc: 62.75
INFO >> Epoch: 28  |  Layer:  7  |  Train Loss: 0.701 | Train Acc: 70.11  |  Val Loss: 0.746 | Val Acc: 68.07  |  Test Loss: 0.911 | Tes Acc: 62.75
INFO >> Epoch: 28  |  Layer:  8  |  Train Loss: 0.690 | Train Acc: 72.28  |  Val Loss: 0.749 | Val Acc: 65.86  |  Test Loss: 0.941 | Tes Acc: 60.07
INFO >> Epoch: 28  |  Layer:  9  |  Train Loss: 0.700 | Train Acc: 71.11  |  Val Loss: 0.752 | Val Acc: 66.87  |  Test Loss: 0.918 | Tes Acc: 62.48
INFO >> Epoch: 28  |  Layer: 10  |  Train Loss: 0.698 | Train Acc: 71.40  |  Val Loss: 0.763 | Val Acc: 66.87  |  Test Loss: 0.934 | Tes Acc: 63.10
INFO >> Epoch: 28  |  Layer: 11  |  Train Loss: 0.702 | Train Acc: 71.26  |  Val Loss: 0.756 | Val Acc: 67.37  |  Test Loss: 0.921 | Tes Acc: 64.35
INFO >> Epoch: 28  |  Layer: 12  |  Train Loss: 0.712 | Train Acc: 71.17  |  Val Loss: 0.792 | Val Acc: 64.16  |  Test Loss: 0.983 | Tes Acc: 59.63
INFO >> Epoch: 28  |  Layer: 13  |  Train Loss: 0.749 | Train Acc: 69.12  |  Val Loss: 0.820 | Val Acc: 61.95  |  Test Loss: 1.002 | Tes Acc: 58.29

INFO >> Epoch: 29  |  Layer:  1  |  Train Loss: 0.974 | Train Acc: 56.90  |  Val Loss: 0.933 | Val Acc: 58.33  |  Test Loss: 1.091 | Tes Acc: 55.08
INFO >> Epoch: 29  |  Layer:  2  |  Train Loss: 0.861 | Train Acc: 63.17  |  Val Loss: 0.895 | Val Acc: 58.63  |  Test Loss: 1.084 | Tes Acc: 55.88
INFO >> Epoch: 29  |  Layer:  3  |  Train Loss: 0.816 | Train Acc: 65.07  |  Val Loss: 0.866 | Val Acc: 61.95  |  Test Loss: 1.060 | Tes Acc: 57.49
INFO >> Epoch: 29  |  Layer:  4  |  Train Loss: 0.753 | Train Acc: 68.71  |  Val Loss: 0.812 | Val Acc: 65.76  |  Test Loss: 0.985 | Tes Acc: 60.52
INFO >> Epoch: 29  |  Layer:  5  |  Train Loss: 0.738 | Train Acc: 69.85  |  Val Loss: 0.847 | Val Acc: 64.16  |  Test Loss: 1.010 | Tes Acc: 58.82
INFO >> Epoch: 29  |  Layer:  6  |  Train Loss: 0.732 | Train Acc: 69.88  |  Val Loss: 0.832 | Val Acc: 64.96  |  Test Loss: 0.991 | Tes Acc: 62.21
INFO >> Epoch: 29  |  Layer:  7  |  Train Loss: 0.692 | Train Acc: 71.20  |  Val Loss: 0.794 | Val Acc: 65.86  |  Test Loss: 0.973 | Tes Acc: 61.41
INFO >> Epoch: 29  |  Layer:  8  |  Train Loss: 0.684 | Train Acc: 72.11  |  Val Loss: 0.808 | Val Acc: 63.86  |  Test Loss: 1.014 | Tes Acc: 60.16
INFO >> Epoch: 29  |  Layer:  9  |  Train Loss: 0.691 | Train Acc: 71.84  |  Val Loss: 0.809 | Val Acc: 64.46  |  Test Loss: 1.020 | Tes Acc: 60.78
INFO >> Epoch: 29  |  Layer: 10  |  Train Loss: 0.687 | Train Acc: 72.43  |  Val Loss: 0.852 | Val Acc: 62.65  |  Test Loss: 1.052 | Tes Acc: 60.96
INFO >> Epoch: 29  |  Layer: 11  |  Train Loss: 0.692 | Train Acc: 71.70  |  Val Loss: 0.794 | Val Acc: 64.36  |  Test Loss: 0.987 | Tes Acc: 61.59
INFO >> Epoch: 29  |  Layer: 12  |  Train Loss: 0.702 | Train Acc: 71.14  |  Val Loss: 0.850 | Val Acc: 61.55  |  Test Loss: 1.062 | Tes Acc: 59.71
INFO >> Epoch: 29  |  Layer: 13  |  Train Loss: 0.736 | Train Acc: 69.50  |  Val Loss: 0.875 | Val Acc: 61.95  |  Test Loss: 1.049 | Tes Acc: 59.89

INFO >> Epoch: 30  |  Layer:  1  |  Train Loss: 0.968 | Train Acc: 57.43  |  Val Loss: 0.936 | Val Acc: 58.53  |  Test Loss: 1.126 | Tes Acc: 50.00
INFO >> Epoch: 30  |  Layer:  2  |  Train Loss: 0.872 | Train Acc: 62.58  |  Val Loss: 0.879 | Val Acc: 59.14  |  Test Loss: 1.123 | Tes Acc: 51.25
INFO >> Epoch: 30  |  Layer:  3  |  Train Loss: 0.824 | Train Acc: 65.66  |  Val Loss: 0.847 | Val Acc: 62.65  |  Test Loss: 1.078 | Tes Acc: 56.15
INFO >> Epoch: 30  |  Layer:  4  |  Train Loss: 0.766 | Train Acc: 68.65  |  Val Loss: 0.812 | Val Acc: 66.06  |  Test Loss: 0.944 | Tes Acc: 62.48
INFO >> Epoch: 30  |  Layer:  5  |  Train Loss: 0.750 | Train Acc: 69.91  |  Val Loss: 0.800 | Val Acc: 66.67  |  Test Loss: 0.952 | Tes Acc: 61.68
INFO >> Epoch: 30  |  Layer:  6  |  Train Loss: 0.742 | Train Acc: 70.00  |  Val Loss: 0.790 | Val Acc: 67.57  |  Test Loss: 0.959 | Tes Acc: 63.55
INFO >> Epoch: 30  |  Layer:  7  |  Train Loss: 0.701 | Train Acc: 70.88  |  Val Loss: 0.768 | Val Acc: 67.67  |  Test Loss: 0.921 | Tes Acc: 62.57
INFO >> Epoch: 30  |  Layer:  8  |  Train Loss: 0.692 | Train Acc: 72.02  |  Val Loss: 0.784 | Val Acc: 65.56  |  Test Loss: 0.955 | Tes Acc: 61.59
INFO >> Epoch: 30  |  Layer:  9  |  Train Loss: 0.705 | Train Acc: 71.52  |  Val Loss: 0.761 | Val Acc: 66.37  |  Test Loss: 0.924 | Tes Acc: 63.99
INFO >> Epoch: 30  |  Layer: 10  |  Train Loss: 0.698 | Train Acc: 71.58  |  Val Loss: 0.770 | Val Acc: 65.26  |  Test Loss: 0.908 | Tes Acc: 64.88
INFO >> Epoch: 30  |  Layer: 11  |  Train Loss: 0.702 | Train Acc: 71.29  |  Val Loss: 0.757 | Val Acc: 67.27  |  Test Loss: 0.911 | Tes Acc: 64.26
INFO >> Epoch: 30  |  Layer: 12  |  Train Loss: 0.716 | Train Acc: 70.55  |  Val Loss: 0.766 | Val Acc: 66.57  |  Test Loss: 0.943 | Tes Acc: 64.44
INFO >> Epoch: 30  |  Layer: 13  |  Train Loss: 0.758 | Train Acc: 69.06  |  Val Loss: 0.814 | Val Acc: 64.56  |  Test Loss: 0.971 | Tes Acc: 62.03



INFO >> Time Taken: 1:18:49

INFO >> Layer: 1  |  Best Val Acc: 61.14  |  Best Test Acc: 51.87
INFO >> Layer: 2  |  Best Val Acc: 61.85  |  Best Test Acc: 57.13
INFO >> Layer: 3  |  Best Val Acc: 64.16  |  Best Test Acc: 58.56
INFO >> Layer: 4  |  Best Val Acc: 67.47  |  Best Test Acc: 61.05
INFO >> Layer: 5  |  Best Val Acc: 66.67  |  Best Test Acc: 61.68
INFO >> Layer: 6  |  Best Val Acc: 67.57  |  Best Test Acc: 63.55
INFO >> Layer: 7  |  Best Val Acc: 68.27  |  Best Test Acc: 63.28
INFO >> Layer: 8  |  Best Val Acc: 67.67  |  Best Test Acc: 62.48
INFO >> Layer: 9  |  Best Val Acc: 68.27  |  Best Test Acc: 63.99
INFO >> Layer: 10  |  Best Val Acc: 67.37  |  Best Test Acc: 62.83
INFO >> Layer: 11  |  Best Val Acc: 67.87  |  Best Test Acc: 63.55
INFO >> Layer: 12  |  Best Val Acc: 66.77  |  Best Test Acc: 63.99
INFO >> Layer: 13  |  Best Val Acc: 65.86  |  Best Test Acc: 63.64

DEBUG >> Last state saved

INFO >> History saved (./history/v1.4/IEMOCAP/HUBERT_BASE_PROBING/Run2/history.pt)
