
--------------------------------------------------
Multilingual SER System v1.4
--------------------------------------------------
Run Name      : Run2
Fx Model      : HUBERT_BASE
Clf Model     : PROBING_DENSE
Extract Mode  : gpu_memory
Dataset       : EmoDB
Device        : gpu
Epochs        : 30
Num Workers   : 3
Data Dir      : ./data
History Dir   : ./history
Weights Dir   : ./weights
Log Level     : debug
Purge Cache   : False
Job Name      : Job49
Job Id        : 30912828
GPU           : Quadro RTX 8000
GPU Count     : 1
GPU Memory    : 44.49 GB

Timestamp : 2023-03-11 03:47:33.153618

INFO >> Running on CUDA


INFO >> Training Classifier

INFO >> Epoch: 1  |  Layer:  1  |  Train Loss: 1.932 | Train Acc: 15.12  |  Val Loss: 1.849 | Val Acc: 26.17  |  Test Loss: 1.771 | Tes Acc: 34.52
INFO >> Epoch: 1  |  Layer:  2  |  Train Loss: 1.913 | Train Acc: 23.26  |  Val Loss: 1.872 | Val Acc: 24.30  |  Test Loss: 1.812 | Tes Acc: 30.95
INFO >> Epoch: 1  |  Layer:  3  |  Train Loss: 1.909 | Train Acc: 19.48  |  Val Loss: 1.866 | Val Acc: 24.30  |  Test Loss: 1.796 | Tes Acc: 30.95
INFO >> Epoch: 1  |  Layer:  4  |  Train Loss: 1.908 | Train Acc: 21.51  |  Val Loss: 1.864 | Val Acc: 24.30  |  Test Loss: 1.789 | Tes Acc: 30.95
INFO >> Epoch: 1  |  Layer:  5  |  Train Loss: 1.908 | Train Acc: 21.22  |  Val Loss: 1.865 | Val Acc: 24.30  |  Test Loss: 1.790 | Tes Acc: 30.95
INFO >> Epoch: 1  |  Layer:  6  |  Train Loss: 1.912 | Train Acc: 21.80  |  Val Loss: 1.871 | Val Acc: 24.30  |  Test Loss: 1.799 | Tes Acc: 30.95
INFO >> Epoch: 1  |  Layer:  7  |  Train Loss: 1.906 | Train Acc: 19.19  |  Val Loss: 1.853 | Val Acc: 24.30  |  Test Loss: 1.782 | Tes Acc: 30.95
INFO >> Epoch: 1  |  Layer:  8  |  Train Loss: 1.907 | Train Acc: 21.51  |  Val Loss: 1.858 | Val Acc: 24.30  |  Test Loss: 1.779 | Tes Acc: 30.95
INFO >> Epoch: 1  |  Layer:  9  |  Train Loss: 1.910 | Train Acc: 20.64  |  Val Loss: 1.860 | Val Acc: 24.30  |  Test Loss: 1.786 | Tes Acc: 30.95
INFO >> Epoch: 1  |  Layer: 10  |  Train Loss: 1.910 | Train Acc: 20.64  |  Val Loss: 1.864 | Val Acc: 24.30  |  Test Loss: 1.788 | Tes Acc: 30.95
INFO >> Epoch: 1  |  Layer: 11  |  Train Loss: 1.908 | Train Acc: 18.90  |  Val Loss: 1.863 | Val Acc: 24.30  |  Test Loss: 1.787 | Tes Acc: 30.95
INFO >> Epoch: 1  |  Layer: 12  |  Train Loss: 1.906 | Train Acc: 21.51  |  Val Loss: 1.860 | Val Acc: 24.30  |  Test Loss: 1.780 | Tes Acc: 30.95
INFO >> Epoch: 1  |  Layer: 13  |  Train Loss: 1.906 | Train Acc: 20.35  |  Val Loss: 1.864 | Val Acc: 24.30  |  Test Loss: 1.773 | Tes Acc: 30.95

INFO >> Epoch: 2  |  Layer:  1  |  Train Loss: 1.802 | Train Acc: 27.91  |  Val Loss: 1.721 | Val Acc: 36.45  |  Test Loss: 1.670 | Tes Acc: 44.05
INFO >> Epoch: 2  |  Layer:  2  |  Train Loss: 1.810 | Train Acc: 22.38  |  Val Loss: 1.740 | Val Acc: 33.64  |  Test Loss: 1.693 | Tes Acc: 39.29
INFO >> Epoch: 2  |  Layer:  3  |  Train Loss: 1.802 | Train Acc: 24.13  |  Val Loss: 1.736 | Val Acc: 38.32  |  Test Loss: 1.674 | Tes Acc: 46.43
INFO >> Epoch: 2  |  Layer:  4  |  Train Loss: 1.789 | Train Acc: 23.84  |  Val Loss: 1.714 | Val Acc: 38.32  |  Test Loss: 1.642 | Tes Acc: 42.86
INFO >> Epoch: 2  |  Layer:  5  |  Train Loss: 1.788 | Train Acc: 24.42  |  Val Loss: 1.710 | Val Acc: 43.93  |  Test Loss: 1.626 | Tes Acc: 50.00
INFO >> Epoch: 2  |  Layer:  6  |  Train Loss: 1.802 | Train Acc: 22.67  |  Val Loss: 1.723 | Val Acc: 42.06  |  Test Loss: 1.642 | Tes Acc: 44.05
INFO >> Epoch: 2  |  Layer:  7  |  Train Loss: 1.767 | Train Acc: 24.71  |  Val Loss: 1.666 | Val Acc: 40.19  |  Test Loss: 1.574 | Tes Acc: 45.24
INFO >> Epoch: 2  |  Layer:  8  |  Train Loss: 1.784 | Train Acc: 25.00  |  Val Loss: 1.699 | Val Acc: 40.19  |  Test Loss: 1.604 | Tes Acc: 50.00
INFO >> Epoch: 2  |  Layer:  9  |  Train Loss: 1.792 | Train Acc: 23.84  |  Val Loss: 1.706 | Val Acc: 40.19  |  Test Loss: 1.622 | Tes Acc: 48.81
INFO >> Epoch: 2  |  Layer: 10  |  Train Loss: 1.790 | Train Acc: 24.13  |  Val Loss: 1.703 | Val Acc: 41.12  |  Test Loss: 1.623 | Tes Acc: 52.38
INFO >> Epoch: 2  |  Layer: 11  |  Train Loss: 1.791 | Train Acc: 26.16  |  Val Loss: 1.709 | Val Acc: 41.12  |  Test Loss: 1.638 | Tes Acc: 54.76
INFO >> Epoch: 2  |  Layer: 12  |  Train Loss: 1.782 | Train Acc: 26.16  |  Val Loss: 1.686 | Val Acc: 39.25  |  Test Loss: 1.628 | Tes Acc: 55.95
INFO >> Epoch: 2  |  Layer: 13  |  Train Loss: 1.789 | Train Acc: 27.33  |  Val Loss: 1.706 | Val Acc: 39.25  |  Test Loss: 1.639 | Tes Acc: 53.57

INFO >> Epoch: 3  |  Layer:  1  |  Train Loss: 1.711 | Train Acc: 35.76  |  Val Loss: 1.607 | Val Acc: 38.32  |  Test Loss: 1.566 | Tes Acc: 44.05
INFO >> Epoch: 3  |  Layer:  2  |  Train Loss: 1.628 | Train Acc: 38.08  |  Val Loss: 1.504 | Val Acc: 44.86  |  Test Loss: 1.520 | Tes Acc: 55.95
INFO >> Epoch: 3  |  Layer:  3  |  Train Loss: 1.616 | Train Acc: 38.08  |  Val Loss: 1.484 | Val Acc: 47.66  |  Test Loss: 1.479 | Tes Acc: 53.57
INFO >> Epoch: 3  |  Layer:  4  |  Train Loss: 1.574 | Train Acc: 43.60  |  Val Loss: 1.419 | Val Acc: 49.53  |  Test Loss: 1.382 | Tes Acc: 61.90
INFO >> Epoch: 3  |  Layer:  5  |  Train Loss: 1.566 | Train Acc: 43.60  |  Val Loss: 1.417 | Val Acc: 48.60  |  Test Loss: 1.374 | Tes Acc: 60.71
INFO >> Epoch: 3  |  Layer:  6  |  Train Loss: 1.592 | Train Acc: 43.90  |  Val Loss: 1.415 | Val Acc: 46.73  |  Test Loss: 1.352 | Tes Acc: 58.33
INFO >> Epoch: 3  |  Layer:  7  |  Train Loss: 1.518 | Train Acc: 47.09  |  Val Loss: 1.336 | Val Acc: 55.14  |  Test Loss: 1.263 | Tes Acc: 61.90
INFO >> Epoch: 3  |  Layer:  8  |  Train Loss: 1.564 | Train Acc: 45.06  |  Val Loss: 1.399 | Val Acc: 50.47  |  Test Loss: 1.310 | Tes Acc: 60.71
INFO >> Epoch: 3  |  Layer:  9  |  Train Loss: 1.583 | Train Acc: 45.35  |  Val Loss: 1.412 | Val Acc: 51.40  |  Test Loss: 1.354 | Tes Acc: 59.52
INFO >> Epoch: 3  |  Layer: 10  |  Train Loss: 1.569 | Train Acc: 44.48  |  Val Loss: 1.388 | Val Acc: 55.14  |  Test Loss: 1.354 | Tes Acc: 60.71
INFO >> Epoch: 3  |  Layer: 11  |  Train Loss: 1.588 | Train Acc: 42.44  |  Val Loss: 1.406 | Val Acc: 49.53  |  Test Loss: 1.385 | Tes Acc: 59.52
INFO >> Epoch: 3  |  Layer: 12  |  Train Loss: 1.572 | Train Acc: 44.19  |  Val Loss: 1.389 | Val Acc: 49.53  |  Test Loss: 1.394 | Tes Acc: 55.95
INFO >> Epoch: 3  |  Layer: 13  |  Train Loss: 1.596 | Train Acc: 40.70  |  Val Loss: 1.413 | Val Acc: 43.93  |  Test Loss: 1.410 | Tes Acc: 55.95

INFO >> Epoch: 4  |  Layer:  1  |  Train Loss: 1.532 | Train Acc: 44.48  |  Val Loss: 1.458 | Val Acc: 48.60  |  Test Loss: 1.471 | Tes Acc: 61.90
INFO >> Epoch: 4  |  Layer:  2  |  Train Loss: 1.342 | Train Acc: 51.74  |  Val Loss: 1.285 | Val Acc: 45.79  |  Test Loss: 1.318 | Tes Acc: 65.48
INFO >> Epoch: 4  |  Layer:  3  |  Train Loss: 1.314 | Train Acc: 52.03  |  Val Loss: 1.239 | Val Acc: 54.21  |  Test Loss: 1.279 | Tes Acc: 61.90
INFO >> Epoch: 4  |  Layer:  4  |  Train Loss: 1.251 | Train Acc: 52.33  |  Val Loss: 1.169 | Val Acc: 59.81  |  Test Loss: 1.178 | Tes Acc: 63.10
INFO >> Epoch: 4  |  Layer:  5  |  Train Loss: 1.253 | Train Acc: 52.03  |  Val Loss: 1.163 | Val Acc: 59.81  |  Test Loss: 1.132 | Tes Acc: 66.67
INFO >> Epoch: 4  |  Layer:  6  |  Train Loss: 1.244 | Train Acc: 53.20  |  Val Loss: 1.130 | Val Acc: 62.62  |  Test Loss: 1.112 | Tes Acc: 73.81
INFO >> Epoch: 4  |  Layer:  7  |  Train Loss: 1.170 | Train Acc: 56.98  |  Val Loss: 1.074 | Val Acc: 67.29  |  Test Loss: 1.086 | Tes Acc: 73.81
INFO >> Epoch: 4  |  Layer:  8  |  Train Loss: 1.212 | Train Acc: 55.81  |  Val Loss: 1.120 | Val Acc: 61.68  |  Test Loss: 1.065 | Tes Acc: 76.19
INFO >> Epoch: 4  |  Layer:  9  |  Train Loss: 1.229 | Train Acc: 55.52  |  Val Loss: 1.124 | Val Acc: 62.62  |  Test Loss: 1.104 | Tes Acc: 70.24
INFO >> Epoch: 4  |  Layer: 10  |  Train Loss: 1.209 | Train Acc: 54.65  |  Val Loss: 1.098 | Val Acc: 66.36  |  Test Loss: 1.118 | Tes Acc: 69.05
INFO >> Epoch: 4  |  Layer: 11  |  Train Loss: 1.242 | Train Acc: 54.65  |  Val Loss: 1.120 | Val Acc: 65.42  |  Test Loss: 1.139 | Tes Acc: 65.48
INFO >> Epoch: 4  |  Layer: 12  |  Train Loss: 1.237 | Train Acc: 51.45  |  Val Loss: 1.130 | Val Acc: 64.49  |  Test Loss: 1.181 | Tes Acc: 58.33
INFO >> Epoch: 4  |  Layer: 13  |  Train Loss: 1.283 | Train Acc: 51.74  |  Val Loss: 1.185 | Val Acc: 57.94  |  Test Loss: 1.208 | Tes Acc: 66.67

INFO >> Epoch: 5  |  Layer:  1  |  Train Loss: 1.383 | Train Acc: 47.09  |  Val Loss: 1.471 | Val Acc: 42.99  |  Test Loss: 1.415 | Tes Acc: 55.95
INFO >> Epoch: 5  |  Layer:  2  |  Train Loss: 1.193 | Train Acc: 55.52  |  Val Loss: 1.234 | Val Acc: 52.34  |  Test Loss: 1.205 | Tes Acc: 61.90
INFO >> Epoch: 5  |  Layer:  3  |  Train Loss: 1.134 | Train Acc: 58.43  |  Val Loss: 1.147 | Val Acc: 59.81  |  Test Loss: 1.153 | Tes Acc: 59.52
INFO >> Epoch: 5  |  Layer:  4  |  Train Loss: 1.087 | Train Acc: 61.34  |  Val Loss: 1.033 | Val Acc: 63.55  |  Test Loss: 0.998 | Tes Acc: 63.10
INFO >> Epoch: 5  |  Layer:  5  |  Train Loss: 1.067 | Train Acc: 60.47  |  Val Loss: 1.047 | Val Acc: 61.68  |  Test Loss: 0.997 | Tes Acc: 67.86
INFO >> Epoch: 5  |  Layer:  6  |  Train Loss: 1.042 | Train Acc: 62.21  |  Val Loss: 0.987 | Val Acc: 64.49  |  Test Loss: 0.931 | Tes Acc: 67.86
INFO >> Epoch: 5  |  Layer:  7  |  Train Loss: 0.994 | Train Acc: 65.12  |  Val Loss: 0.913 | Val Acc: 66.36  |  Test Loss: 0.881 | Tes Acc: 72.62
INFO >> Epoch: 5  |  Layer:  8  |  Train Loss: 1.030 | Train Acc: 62.79  |  Val Loss: 0.988 | Val Acc: 62.62  |  Test Loss: 0.916 | Tes Acc: 70.24
INFO >> Epoch: 5  |  Layer:  9  |  Train Loss: 1.067 | Train Acc: 58.72  |  Val Loss: 1.014 | Val Acc: 60.75  |  Test Loss: 0.985 | Tes Acc: 69.05
INFO >> Epoch: 5  |  Layer: 10  |  Train Loss: 1.067 | Train Acc: 57.85  |  Val Loss: 0.944 | Val Acc: 68.22  |  Test Loss: 1.015 | Tes Acc: 64.29
INFO >> Epoch: 5  |  Layer: 11  |  Train Loss: 1.103 | Train Acc: 57.27  |  Val Loss: 0.975 | Val Acc: 68.22  |  Test Loss: 1.057 | Tes Acc: 65.48
INFO >> Epoch: 5  |  Layer: 12  |  Train Loss: 1.094 | Train Acc: 56.98  |  Val Loss: 1.029 | Val Acc: 60.75  |  Test Loss: 1.100 | Tes Acc: 63.10
INFO >> Epoch: 5  |  Layer: 13  |  Train Loss: 1.142 | Train Acc: 55.81  |  Val Loss: 1.204 | Val Acc: 53.27  |  Test Loss: 1.249 | Tes Acc: 52.38

INFO >> Epoch: 6  |  Layer:  1  |  Train Loss: 1.289 | Train Acc: 51.74  |  Val Loss: 1.186 | Val Acc: 47.66  |  Test Loss: 1.221 | Tes Acc: 60.71
INFO >> Epoch: 6  |  Layer:  2  |  Train Loss: 1.072 | Train Acc: 61.05  |  Val Loss: 1.091 | Val Acc: 49.53  |  Test Loss: 1.190 | Tes Acc: 55.95
INFO >> Epoch: 6  |  Layer:  3  |  Train Loss: 0.990 | Train Acc: 62.79  |  Val Loss: 0.953 | Val Acc: 61.68  |  Test Loss: 1.046 | Tes Acc: 61.90
INFO >> Epoch: 6  |  Layer:  4  |  Train Loss: 0.929 | Train Acc: 64.24  |  Val Loss: 0.873 | Val Acc: 66.36  |  Test Loss: 0.976 | Tes Acc: 66.67
INFO >> Epoch: 6  |  Layer:  5  |  Train Loss: 0.932 | Train Acc: 64.24  |  Val Loss: 0.882 | Val Acc: 68.22  |  Test Loss: 0.914 | Tes Acc: 71.43
INFO >> Epoch: 6  |  Layer:  6  |  Train Loss: 0.896 | Train Acc: 65.99  |  Val Loss: 0.818 | Val Acc: 68.22  |  Test Loss: 0.843 | Tes Acc: 80.95
INFO >> Epoch: 6  |  Layer:  7  |  Train Loss: 0.874 | Train Acc: 66.28  |  Val Loss: 0.833 | Val Acc: 65.42  |  Test Loss: 0.896 | Tes Acc: 69.05
INFO >> Epoch: 6  |  Layer:  8  |  Train Loss: 0.909 | Train Acc: 66.57  |  Val Loss: 0.857 | Val Acc: 65.42  |  Test Loss: 0.884 | Tes Acc: 71.43
INFO >> Epoch: 6  |  Layer:  9  |  Train Loss: 0.954 | Train Acc: 64.53  |  Val Loss: 0.880 | Val Acc: 69.16  |  Test Loss: 0.980 | Tes Acc: 63.10
INFO >> Epoch: 6  |  Layer: 10  |  Train Loss: 0.939 | Train Acc: 66.28  |  Val Loss: 0.856 | Val Acc: 67.29  |  Test Loss: 0.933 | Tes Acc: 69.05
INFO >> Epoch: 6  |  Layer: 11  |  Train Loss: 0.979 | Train Acc: 60.76  |  Val Loss: 0.852 | Val Acc: 67.29  |  Test Loss: 0.918 | Tes Acc: 64.29
INFO >> Epoch: 6  |  Layer: 12  |  Train Loss: 0.983 | Train Acc: 62.79  |  Val Loss: 0.859 | Val Acc: 69.16  |  Test Loss: 0.966 | Tes Acc: 60.71
INFO >> Epoch: 6  |  Layer: 13  |  Train Loss: 1.027 | Train Acc: 58.72  |  Val Loss: 0.995 | Val Acc: 57.94  |  Test Loss: 1.065 | Tes Acc: 64.29

INFO >> Epoch: 7  |  Layer:  1  |  Train Loss: 1.237 | Train Acc: 52.03  |  Val Loss: 1.148 | Val Acc: 52.34  |  Test Loss: 1.240 | Tes Acc: 44.05
INFO >> Epoch: 7  |  Layer:  2  |  Train Loss: 0.966 | Train Acc: 64.24  |  Val Loss: 0.964 | Val Acc: 65.42  |  Test Loss: 0.979 | Tes Acc: 71.43
INFO >> Epoch: 7  |  Layer:  3  |  Train Loss: 0.861 | Train Acc: 69.19  |  Val Loss: 0.798 | Val Acc: 74.77  |  Test Loss: 0.836 | Tes Acc: 76.19
INFO >> Epoch: 7  |  Layer:  4  |  Train Loss: 0.778 | Train Acc: 74.13  |  Val Loss: 0.695 | Val Acc: 73.83  |  Test Loss: 0.768 | Tes Acc: 72.62
INFO >> Epoch: 7  |  Layer:  5  |  Train Loss: 0.802 | Train Acc: 71.80  |  Val Loss: 0.741 | Val Acc: 73.83  |  Test Loss: 0.719 | Tes Acc: 80.95
INFO >> Epoch: 7  |  Layer:  6  |  Train Loss: 0.750 | Train Acc: 77.03  |  Val Loss: 0.688 | Val Acc: 73.83  |  Test Loss: 0.667 | Tes Acc: 83.33
INFO >> Epoch: 7  |  Layer:  7  |  Train Loss: 0.681 | Train Acc: 77.33  |  Val Loss: 0.629 | Val Acc: 74.77  |  Test Loss: 0.651 | Tes Acc: 78.57
INFO >> Epoch: 7  |  Layer:  8  |  Train Loss: 0.725 | Train Acc: 77.62  |  Val Loss: 0.660 | Val Acc: 76.64  |  Test Loss: 0.649 | Tes Acc: 79.76
INFO >> Epoch: 7  |  Layer:  9  |  Train Loss: 0.784 | Train Acc: 73.84  |  Val Loss: 0.702 | Val Acc: 77.57  |  Test Loss: 0.739 | Tes Acc: 75.00
INFO >> Epoch: 7  |  Layer: 10  |  Train Loss: 0.767 | Train Acc: 72.97  |  Val Loss: 0.688 | Val Acc: 76.64  |  Test Loss: 0.728 | Tes Acc: 77.38
INFO >> Epoch: 7  |  Layer: 11  |  Train Loss: 0.808 | Train Acc: 72.97  |  Val Loss: 0.712 | Val Acc: 73.83  |  Test Loss: 0.735 | Tes Acc: 79.76
INFO >> Epoch: 7  |  Layer: 12  |  Train Loss: 0.813 | Train Acc: 74.71  |  Val Loss: 0.711 | Val Acc: 74.77  |  Test Loss: 0.750 | Tes Acc: 78.57
INFO >> Epoch: 7  |  Layer: 13  |  Train Loss: 0.890 | Train Acc: 69.77  |  Val Loss: 0.820 | Val Acc: 67.29  |  Test Loss: 0.830 | Tes Acc: 78.57

INFO >> Epoch: 8  |  Layer:  1  |  Train Loss: 1.214 | Train Acc: 52.33  |  Val Loss: 1.118 | Val Acc: 56.07  |  Test Loss: 1.379 | Tes Acc: 41.67
INFO >> Epoch: 8  |  Layer:  2  |  Train Loss: 0.841 | Train Acc: 68.02  |  Val Loss: 0.864 | Val Acc: 67.29  |  Test Loss: 0.994 | Tes Acc: 67.86
INFO >> Epoch: 8  |  Layer:  3  |  Train Loss: 0.745 | Train Acc: 75.29  |  Val Loss: 0.728 | Val Acc: 74.77  |  Test Loss: 0.873 | Tes Acc: 69.05
INFO >> Epoch: 8  |  Layer:  4  |  Train Loss: 0.683 | Train Acc: 74.71  |  Val Loss: 0.633 | Val Acc: 75.70  |  Test Loss: 0.754 | Tes Acc: 70.24
INFO >> Epoch: 8  |  Layer:  5  |  Train Loss: 0.685 | Train Acc: 74.13  |  Val Loss: 0.682 | Val Acc: 72.90  |  Test Loss: 0.692 | Tes Acc: 73.81
INFO >> Epoch: 8  |  Layer:  6  |  Train Loss: 0.630 | Train Acc: 79.07  |  Val Loss: 0.625 | Val Acc: 74.77  |  Test Loss: 0.672 | Tes Acc: 78.57
INFO >> Epoch: 8  |  Layer:  7  |  Train Loss: 0.595 | Train Acc: 80.23  |  Val Loss: 0.567 | Val Acc: 79.44  |  Test Loss: 0.594 | Tes Acc: 78.57
INFO >> Epoch: 8  |  Layer:  8  |  Train Loss: 0.615 | Train Acc: 77.62  |  Val Loss: 0.604 | Val Acc: 81.31  |  Test Loss: 0.610 | Tes Acc: 86.90
INFO >> Epoch: 8  |  Layer:  9  |  Train Loss: 0.683 | Train Acc: 75.58  |  Val Loss: 0.613 | Val Acc: 77.57  |  Test Loss: 0.685 | Tes Acc: 77.38
INFO >> Epoch: 8  |  Layer: 10  |  Train Loss: 0.674 | Train Acc: 75.00  |  Val Loss: 0.599 | Val Acc: 81.31  |  Test Loss: 0.690 | Tes Acc: 78.57
INFO >> Epoch: 8  |  Layer: 11  |  Train Loss: 0.699 | Train Acc: 72.38  |  Val Loss: 0.625 | Val Acc: 81.31  |  Test Loss: 0.720 | Tes Acc: 80.95
INFO >> Epoch: 8  |  Layer: 12  |  Train Loss: 0.694 | Train Acc: 75.58  |  Val Loss: 0.640 | Val Acc: 74.77  |  Test Loss: 0.726 | Tes Acc: 75.00
INFO >> Epoch: 8  |  Layer: 13  |  Train Loss: 0.759 | Train Acc: 70.93  |  Val Loss: 0.724 | Val Acc: 73.83  |  Test Loss: 0.802 | Tes Acc: 70.24

INFO >> Epoch: 9  |  Layer:  1  |  Train Loss: 1.129 | Train Acc: 56.98  |  Val Loss: 1.111 | Val Acc: 53.27  |  Test Loss: 1.130 | Tes Acc: 59.52
INFO >> Epoch: 9  |  Layer:  2  |  Train Loss: 0.776 | Train Acc: 71.51  |  Val Loss: 0.813 | Val Acc: 66.36  |  Test Loss: 0.962 | Tes Acc: 70.24
INFO >> Epoch: 9  |  Layer:  3  |  Train Loss: 0.684 | Train Acc: 77.33  |  Val Loss: 0.732 | Val Acc: 66.36  |  Test Loss: 0.910 | Tes Acc: 64.29
INFO >> Epoch: 9  |  Layer:  4  |  Train Loss: 0.588 | Train Acc: 80.23  |  Val Loss: 0.659 | Val Acc: 70.09  |  Test Loss: 0.841 | Tes Acc: 70.24
INFO >> Epoch: 9  |  Layer:  5  |  Train Loss: 0.614 | Train Acc: 79.07  |  Val Loss: 0.698 | Val Acc: 69.16  |  Test Loss: 0.720 | Tes Acc: 73.81
INFO >> Epoch: 9  |  Layer:  6  |  Train Loss: 0.555 | Train Acc: 82.27  |  Val Loss: 0.634 | Val Acc: 71.96  |  Test Loss: 0.687 | Tes Acc: 72.62
INFO >> Epoch: 9  |  Layer:  7  |  Train Loss: 0.505 | Train Acc: 82.27  |  Val Loss: 0.567 | Val Acc: 73.83  |  Test Loss: 0.615 | Tes Acc: 77.38
INFO >> Epoch: 9  |  Layer:  8  |  Train Loss: 0.540 | Train Acc: 81.98  |  Val Loss: 0.578 | Val Acc: 79.44  |  Test Loss: 0.588 | Tes Acc: 82.14
INFO >> Epoch: 9  |  Layer:  9  |  Train Loss: 0.595 | Train Acc: 77.33  |  Val Loss: 0.588 | Val Acc: 77.57  |  Test Loss: 0.653 | Tes Acc: 77.38
INFO >> Epoch: 9  |  Layer: 10  |  Train Loss: 0.587 | Train Acc: 82.56  |  Val Loss: 0.565 | Val Acc: 82.24  |  Test Loss: 0.618 | Tes Acc: 88.10
INFO >> Epoch: 9  |  Layer: 11  |  Train Loss: 0.631 | Train Acc: 78.49  |  Val Loss: 0.558 | Val Acc: 83.18  |  Test Loss: 0.614 | Tes Acc: 80.95
INFO >> Epoch: 9  |  Layer: 12  |  Train Loss: 0.615 | Train Acc: 78.20  |  Val Loss: 0.637 | Val Acc: 71.96  |  Test Loss: 0.697 | Tes Acc: 72.62
INFO >> Epoch: 9  |  Layer: 13  |  Train Loss: 0.680 | Train Acc: 74.42  |  Val Loss: 0.692 | Val Acc: 68.22  |  Test Loss: 0.738 | Tes Acc: 76.19

INFO >> Epoch: 10  |  Layer:  1  |  Train Loss: 1.014 | Train Acc: 61.34  |  Val Loss: 1.087 | Val Acc: 54.21  |  Test Loss: 1.115 | Tes Acc: 63.10
INFO >> Epoch: 10  |  Layer:  2  |  Train Loss: 0.697 | Train Acc: 75.58  |  Val Loss: 0.767 | Val Acc: 69.16  |  Test Loss: 0.856 | Tes Acc: 69.05
INFO >> Epoch: 10  |  Layer:  3  |  Train Loss: 0.601 | Train Acc: 78.49  |  Val Loss: 0.635 | Val Acc: 72.90  |  Test Loss: 0.720 | Tes Acc: 72.62
INFO >> Epoch: 10  |  Layer:  4  |  Train Loss: 0.559 | Train Acc: 79.07  |  Val Loss: 0.570 | Val Acc: 76.64  |  Test Loss: 0.680 | Tes Acc: 71.43
INFO >> Epoch: 10  |  Layer:  5  |  Train Loss: 0.537 | Train Acc: 83.14  |  Val Loss: 0.561 | Val Acc: 75.70  |  Test Loss: 0.549 | Tes Acc: 78.57
INFO >> Epoch: 10  |  Layer:  6  |  Train Loss: 0.481 | Train Acc: 85.76  |  Val Loss: 0.507 | Val Acc: 78.50  |  Test Loss: 0.482 | Tes Acc: 84.52
INFO >> Epoch: 10  |  Layer:  7  |  Train Loss: 0.438 | Train Acc: 84.30  |  Val Loss: 0.516 | Val Acc: 81.31  |  Test Loss: 0.497 | Tes Acc: 82.14
INFO >> Epoch: 10  |  Layer:  8  |  Train Loss: 0.461 | Train Acc: 86.63  |  Val Loss: 0.525 | Val Acc: 82.24  |  Test Loss: 0.504 | Tes Acc: 86.90
INFO >> Epoch: 10  |  Layer:  9  |  Train Loss: 0.509 | Train Acc: 83.43  |  Val Loss: 0.561 | Val Acc: 76.64  |  Test Loss: 0.603 | Tes Acc: 76.19
INFO >> Epoch: 10  |  Layer: 10  |  Train Loss: 0.494 | Train Acc: 84.88  |  Val Loss: 0.556 | Val Acc: 73.83  |  Test Loss: 0.608 | Tes Acc: 79.76
INFO >> Epoch: 10  |  Layer: 11  |  Train Loss: 0.534 | Train Acc: 82.56  |  Val Loss: 0.598 | Val Acc: 70.09  |  Test Loss: 0.689 | Tes Acc: 70.24
INFO >> Epoch: 10  |  Layer: 12  |  Train Loss: 0.547 | Train Acc: 79.07  |  Val Loss: 0.583 | Val Acc: 72.90  |  Test Loss: 0.632 | Tes Acc: 69.05
INFO >> Epoch: 10  |  Layer: 13  |  Train Loss: 0.619 | Train Acc: 77.91  |  Val Loss: 0.662 | Val Acc: 68.22  |  Test Loss: 0.757 | Tes Acc: 66.67

INFO >> Epoch: 11  |  Layer:  1  |  Train Loss: 0.977 | Train Acc: 58.72  |  Val Loss: 1.238 | Val Acc: 49.53  |  Test Loss: 1.282 | Tes Acc: 55.95
INFO >> Epoch: 11  |  Layer:  2  |  Train Loss: 0.616 | Train Acc: 77.03  |  Val Loss: 0.814 | Val Acc: 73.83  |  Test Loss: 0.836 | Tes Acc: 66.67
INFO >> Epoch: 11  |  Layer:  3  |  Train Loss: 0.509 | Train Acc: 84.59  |  Val Loss: 0.618 | Val Acc: 78.50  |  Test Loss: 0.627 | Tes Acc: 77.38
INFO >> Epoch: 11  |  Layer:  4  |  Train Loss: 0.468 | Train Acc: 85.17  |  Val Loss: 0.508 | Val Acc: 81.31  |  Test Loss: 0.524 | Tes Acc: 84.52
INFO >> Epoch: 11  |  Layer:  5  |  Train Loss: 0.465 | Train Acc: 86.34  |  Val Loss: 0.601 | Val Acc: 76.64  |  Test Loss: 0.502 | Tes Acc: 84.52
INFO >> Epoch: 11  |  Layer:  6  |  Train Loss: 0.404 | Train Acc: 87.79  |  Val Loss: 0.527 | Val Acc: 80.37  |  Test Loss: 0.484 | Tes Acc: 82.14
INFO >> Epoch: 11  |  Layer:  7  |  Train Loss: 0.379 | Train Acc: 86.92  |  Val Loss: 0.477 | Val Acc: 84.11  |  Test Loss: 0.469 | Tes Acc: 80.95
INFO >> Epoch: 11  |  Layer:  8  |  Train Loss: 0.383 | Train Acc: 90.12  |  Val Loss: 0.447 | Val Acc: 85.05  |  Test Loss: 0.414 | Tes Acc: 90.48
INFO >> Epoch: 11  |  Layer:  9  |  Train Loss: 0.445 | Train Acc: 85.47  |  Val Loss: 0.488 | Val Acc: 80.37  |  Test Loss: 0.512 | Tes Acc: 82.14
INFO >> Epoch: 11  |  Layer: 10  |  Train Loss: 0.420 | Train Acc: 85.76  |  Val Loss: 0.472 | Val Acc: 85.05  |  Test Loss: 0.505 | Tes Acc: 88.10
INFO >> Epoch: 11  |  Layer: 11  |  Train Loss: 0.465 | Train Acc: 81.69  |  Val Loss: 0.514 | Val Acc: 83.18  |  Test Loss: 0.565 | Tes Acc: 90.48
INFO >> Epoch: 11  |  Layer: 12  |  Train Loss: 0.484 | Train Acc: 83.14  |  Val Loss: 0.581 | Val Acc: 77.57  |  Test Loss: 0.605 | Tes Acc: 79.76
INFO >> Epoch: 11  |  Layer: 13  |  Train Loss: 0.542 | Train Acc: 78.49  |  Val Loss: 0.670 | Val Acc: 73.83  |  Test Loss: 0.719 | Tes Acc: 76.19

INFO >> Epoch: 12  |  Layer:  1  |  Train Loss: 0.933 | Train Acc: 64.83  |  Val Loss: 1.143 | Val Acc: 45.79  |  Test Loss: 1.216 | Tes Acc: 54.76
INFO >> Epoch: 12  |  Layer:  2  |  Train Loss: 0.595 | Train Acc: 80.81  |  Val Loss: 0.775 | Val Acc: 64.49  |  Test Loss: 0.933 | Tes Acc: 53.57
INFO >> Epoch: 12  |  Layer:  3  |  Train Loss: 0.467 | Train Acc: 87.21  |  Val Loss: 0.601 | Val Acc: 71.96  |  Test Loss: 0.711 | Tes Acc: 67.86
INFO >> Epoch: 12  |  Layer:  4  |  Train Loss: 0.411 | Train Acc: 87.21  |  Val Loss: 0.535 | Val Acc: 77.57  |  Test Loss: 0.664 | Tes Acc: 73.81
INFO >> Epoch: 12  |  Layer:  5  |  Train Loss: 0.397 | Train Acc: 89.53  |  Val Loss: 0.533 | Val Acc: 77.57  |  Test Loss: 0.555 | Tes Acc: 75.00
INFO >> Epoch: 12  |  Layer:  6  |  Train Loss: 0.328 | Train Acc: 93.31  |  Val Loss: 0.475 | Val Acc: 79.44  |  Test Loss: 0.464 | Tes Acc: 83.33
INFO >> Epoch: 12  |  Layer:  7  |  Train Loss: 0.290 | Train Acc: 93.02  |  Val Loss: 0.489 | Val Acc: 83.18  |  Test Loss: 0.493 | Tes Acc: 78.57
INFO >> Epoch: 12  |  Layer:  8  |  Train Loss: 0.309 | Train Acc: 92.15  |  Val Loss: 0.470 | Val Acc: 81.31  |  Test Loss: 0.449 | Tes Acc: 82.14
INFO >> Epoch: 12  |  Layer:  9  |  Train Loss: 0.348 | Train Acc: 90.12  |  Val Loss: 0.441 | Val Acc: 84.11  |  Test Loss: 0.486 | Tes Acc: 80.95
INFO >> Epoch: 12  |  Layer: 10  |  Train Loss: 0.339 | Train Acc: 92.15  |  Val Loss: 0.457 | Val Acc: 80.37  |  Test Loss: 0.490 | Tes Acc: 79.76
INFO >> Epoch: 12  |  Layer: 11  |  Train Loss: 0.394 | Train Acc: 88.95  |  Val Loss: 0.511 | Val Acc: 75.70  |  Test Loss: 0.602 | Tes Acc: 73.81
INFO >> Epoch: 12  |  Layer: 12  |  Train Loss: 0.414 | Train Acc: 88.08  |  Val Loss: 0.545 | Val Acc: 73.83  |  Test Loss: 0.613 | Tes Acc: 71.43
INFO >> Epoch: 12  |  Layer: 13  |  Train Loss: 0.495 | Train Acc: 84.01  |  Val Loss: 0.587 | Val Acc: 74.77  |  Test Loss: 0.640 | Tes Acc: 71.43

INFO >> Epoch: 13  |  Layer:  1  |  Train Loss: 0.893 | Train Acc: 65.99  |  Val Loss: 1.026 | Val Acc: 57.94  |  Test Loss: 1.324 | Tes Acc: 51.19
INFO >> Epoch: 13  |  Layer:  2  |  Train Loss: 0.539 | Train Acc: 79.94  |  Val Loss: 0.666 | Val Acc: 79.44  |  Test Loss: 0.729 | Tes Acc: 75.00
INFO >> Epoch: 13  |  Layer:  3  |  Train Loss: 0.476 | Train Acc: 79.36  |  Val Loss: 0.605 | Val Acc: 71.96  |  Test Loss: 0.655 | Tes Acc: 72.62
INFO >> Epoch: 13  |  Layer:  4  |  Train Loss: 0.412 | Train Acc: 83.72  |  Val Loss: 0.458 | Val Acc: 82.24  |  Test Loss: 0.503 | Tes Acc: 83.33
INFO >> Epoch: 13  |  Layer:  5  |  Train Loss: 0.371 | Train Acc: 88.66  |  Val Loss: 0.574 | Val Acc: 77.57  |  Test Loss: 0.514 | Tes Acc: 78.57
INFO >> Epoch: 13  |  Layer:  6  |  Train Loss: 0.302 | Train Acc: 91.28  |  Val Loss: 0.479 | Val Acc: 81.31  |  Test Loss: 0.458 | Tes Acc: 86.90
INFO >> Epoch: 13  |  Layer:  7  |  Train Loss: 0.273 | Train Acc: 93.02  |  Val Loss: 0.479 | Val Acc: 81.31  |  Test Loss: 0.498 | Tes Acc: 82.14
INFO >> Epoch: 13  |  Layer:  8  |  Train Loss: 0.310 | Train Acc: 91.28  |  Val Loss: 0.533 | Val Acc: 77.57  |  Test Loss: 0.494 | Tes Acc: 83.33
INFO >> Epoch: 13  |  Layer:  9  |  Train Loss: 0.336 | Train Acc: 90.41  |  Val Loss: 0.473 | Val Acc: 81.31  |  Test Loss: 0.514 | Tes Acc: 83.33
INFO >> Epoch: 13  |  Layer: 10  |  Train Loss: 0.333 | Train Acc: 90.99  |  Val Loss: 0.561 | Val Acc: 70.09  |  Test Loss: 0.582 | Tes Acc: 76.19
INFO >> Epoch: 13  |  Layer: 11  |  Train Loss: 0.360 | Train Acc: 88.95  |  Val Loss: 0.524 | Val Acc: 77.57  |  Test Loss: 0.587 | Tes Acc: 70.24
INFO >> Epoch: 13  |  Layer: 12  |  Train Loss: 0.373 | Train Acc: 89.53  |  Val Loss: 0.564 | Val Acc: 75.70  |  Test Loss: 0.595 | Tes Acc: 72.62
INFO >> Epoch: 13  |  Layer: 13  |  Train Loss: 0.478 | Train Acc: 82.56  |  Val Loss: 0.769 | Val Acc: 60.75  |  Test Loss: 0.743 | Tes Acc: 66.67

INFO >> Epoch: 14  |  Layer:  1  |  Train Loss: 0.828 | Train Acc: 69.19  |  Val Loss: 0.936 | Val Acc: 63.55  |  Test Loss: 1.151 | Tes Acc: 54.76
INFO >> Epoch: 14  |  Layer:  2  |  Train Loss: 0.478 | Train Acc: 86.34  |  Val Loss: 0.605 | Val Acc: 74.77  |  Test Loss: 0.758 | Tes Acc: 73.81
INFO >> Epoch: 14  |  Layer:  3  |  Train Loss: 0.426 | Train Acc: 86.63  |  Val Loss: 0.511 | Val Acc: 82.24  |  Test Loss: 0.542 | Tes Acc: 80.95
INFO >> Epoch: 14  |  Layer:  4  |  Train Loss: 0.339 | Train Acc: 90.70  |  Val Loss: 0.413 | Val Acc: 84.11  |  Test Loss: 0.470 | Tes Acc: 83.33
INFO >> Epoch: 14  |  Layer:  5  |  Train Loss: 0.318 | Train Acc: 91.28  |  Val Loss: 0.481 | Val Acc: 81.31  |  Test Loss: 0.416 | Tes Acc: 86.90
INFO >> Epoch: 14  |  Layer:  6  |  Train Loss: 0.270 | Train Acc: 93.60  |  Val Loss: 0.407 | Val Acc: 89.72  |  Test Loss: 0.344 | Tes Acc: 91.67
INFO >> Epoch: 14  |  Layer:  7  |  Train Loss: 0.251 | Train Acc: 92.44  |  Val Loss: 0.444 | Val Acc: 88.79  |  Test Loss: 0.393 | Tes Acc: 83.33
INFO >> Epoch: 14  |  Layer:  8  |  Train Loss: 0.277 | Train Acc: 90.99  |  Val Loss: 0.423 | Val Acc: 85.05  |  Test Loss: 0.354 | Tes Acc: 89.29
INFO >> Epoch: 14  |  Layer:  9  |  Train Loss: 0.310 | Train Acc: 91.28  |  Val Loss: 0.402 | Val Acc: 85.05  |  Test Loss: 0.416 | Tes Acc: 89.29
INFO >> Epoch: 14  |  Layer: 10  |  Train Loss: 0.314 | Train Acc: 89.83  |  Val Loss: 0.454 | Val Acc: 81.31  |  Test Loss: 0.427 | Tes Acc: 84.52
INFO >> Epoch: 14  |  Layer: 11  |  Train Loss: 0.330 | Train Acc: 90.99  |  Val Loss: 0.455 | Val Acc: 80.37  |  Test Loss: 0.488 | Tes Acc: 77.38
INFO >> Epoch: 14  |  Layer: 12  |  Train Loss: 0.333 | Train Acc: 91.28  |  Val Loss: 0.541 | Val Acc: 78.50  |  Test Loss: 0.530 | Tes Acc: 75.00
INFO >> Epoch: 14  |  Layer: 13  |  Train Loss: 0.442 | Train Acc: 84.01  |  Val Loss: 0.643 | Val Acc: 70.09  |  Test Loss: 0.654 | Tes Acc: 70.24

INFO >> Epoch: 15  |  Layer:  1  |  Train Loss: 0.779 | Train Acc: 72.38  |  Val Loss: 1.072 | Val Acc: 62.62  |  Test Loss: 1.386 | Tes Acc: 53.57
INFO >> Epoch: 15  |  Layer:  2  |  Train Loss: 0.411 | Train Acc: 87.79  |  Val Loss: 0.624 | Val Acc: 79.44  |  Test Loss: 0.738 | Tes Acc: 73.81
INFO >> Epoch: 15  |  Layer:  3  |  Train Loss: 0.332 | Train Acc: 92.44  |  Val Loss: 0.539 | Val Acc: 79.44  |  Test Loss: 0.551 | Tes Acc: 80.95
INFO >> Epoch: 15  |  Layer:  4  |  Train Loss: 0.278 | Train Acc: 92.15  |  Val Loss: 0.441 | Val Acc: 85.05  |  Test Loss: 0.456 | Tes Acc: 86.90
INFO >> Epoch: 15  |  Layer:  5  |  Train Loss: 0.268 | Train Acc: 93.31  |  Val Loss: 0.482 | Val Acc: 82.24  |  Test Loss: 0.364 | Tes Acc: 85.71
INFO >> Epoch: 15  |  Layer:  6  |  Train Loss: 0.225 | Train Acc: 94.77  |  Val Loss: 0.434 | Val Acc: 85.05  |  Test Loss: 0.330 | Tes Acc: 94.05
INFO >> Epoch: 15  |  Layer:  7  |  Train Loss: 0.192 | Train Acc: 95.35  |  Val Loss: 0.468 | Val Acc: 88.79  |  Test Loss: 0.372 | Tes Acc: 84.52
INFO >> Epoch: 15  |  Layer:  8  |  Train Loss: 0.221 | Train Acc: 93.60  |  Val Loss: 0.445 | Val Acc: 84.11  |  Test Loss: 0.320 | Tes Acc: 91.67
INFO >> Epoch: 15  |  Layer:  9  |  Train Loss: 0.273 | Train Acc: 91.57  |  Val Loss: 0.390 | Val Acc: 85.05  |  Test Loss: 0.385 | Tes Acc: 91.67
INFO >> Epoch: 15  |  Layer: 10  |  Train Loss: 0.272 | Train Acc: 90.12  |  Val Loss: 0.474 | Val Acc: 83.18  |  Test Loss: 0.442 | Tes Acc: 79.76
INFO >> Epoch: 15  |  Layer: 11  |  Train Loss: 0.308 | Train Acc: 89.83  |  Val Loss: 0.482 | Val Acc: 82.24  |  Test Loss: 0.534 | Tes Acc: 71.43
INFO >> Epoch: 15  |  Layer: 12  |  Train Loss: 0.320 | Train Acc: 88.66  |  Val Loss: 0.606 | Val Acc: 72.90  |  Test Loss: 0.632 | Tes Acc: 66.67
INFO >> Epoch: 15  |  Layer: 13  |  Train Loss: 0.425 | Train Acc: 84.01  |  Val Loss: 0.654 | Val Acc: 68.22  |  Test Loss: 0.733 | Tes Acc: 63.10

INFO >> Epoch: 16  |  Layer:  1  |  Train Loss: 0.772 | Train Acc: 73.26  |  Val Loss: 0.900 | Val Acc: 58.88  |  Test Loss: 1.033 | Tes Acc: 60.71
INFO >> Epoch: 16  |  Layer:  2  |  Train Loss: 0.393 | Train Acc: 88.66  |  Val Loss: 0.549 | Val Acc: 80.37  |  Test Loss: 0.636 | Tes Acc: 79.76
INFO >> Epoch: 16  |  Layer:  3  |  Train Loss: 0.306 | Train Acc: 92.15  |  Val Loss: 0.468 | Val Acc: 83.18  |  Test Loss: 0.480 | Tes Acc: 82.14
INFO >> Epoch: 16  |  Layer:  4  |  Train Loss: 0.253 | Train Acc: 92.15  |  Val Loss: 0.392 | Val Acc: 83.18  |  Test Loss: 0.406 | Tes Acc: 86.90
INFO >> Epoch: 16  |  Layer:  5  |  Train Loss: 0.244 | Train Acc: 94.77  |  Val Loss: 0.407 | Val Acc: 85.98  |  Test Loss: 0.348 | Tes Acc: 89.29
INFO >> Epoch: 16  |  Layer:  6  |  Train Loss: 0.217 | Train Acc: 94.19  |  Val Loss: 0.351 | Val Acc: 85.05  |  Test Loss: 0.401 | Tes Acc: 85.71
INFO >> Epoch: 16  |  Layer:  7  |  Train Loss: 0.175 | Train Acc: 96.51  |  Val Loss: 0.368 | Val Acc: 88.79  |  Test Loss: 0.397 | Tes Acc: 86.90
INFO >> Epoch: 16  |  Layer:  8  |  Train Loss: 0.199 | Train Acc: 93.90  |  Val Loss: 0.323 | Val Acc: 90.65  |  Test Loss: 0.295 | Tes Acc: 90.48
INFO >> Epoch: 16  |  Layer:  9  |  Train Loss: 0.225 | Train Acc: 95.64  |  Val Loss: 0.350 | Val Acc: 86.92  |  Test Loss: 0.368 | Tes Acc: 89.29
INFO >> Epoch: 16  |  Layer: 10  |  Train Loss: 0.227 | Train Acc: 93.90  |  Val Loss: 0.405 | Val Acc: 82.24  |  Test Loss: 0.388 | Tes Acc: 82.14
INFO >> Epoch: 16  |  Layer: 11  |  Train Loss: 0.272 | Train Acc: 90.99  |  Val Loss: 0.431 | Val Acc: 78.50  |  Test Loss: 0.451 | Tes Acc: 78.57
INFO >> Epoch: 16  |  Layer: 12  |  Train Loss: 0.325 | Train Acc: 87.50  |  Val Loss: 0.467 | Val Acc: 77.57  |  Test Loss: 0.432 | Tes Acc: 84.52
INFO >> Epoch: 16  |  Layer: 13  |  Train Loss: 0.414 | Train Acc: 82.85  |  Val Loss: 0.436 | Val Acc: 79.44  |  Test Loss: 0.525 | Tes Acc: 82.14

INFO >> Epoch: 17  |  Layer:  1  |  Train Loss: 0.703 | Train Acc: 71.22  |  Val Loss: 1.024 | Val Acc: 64.49  |  Test Loss: 0.878 | Tes Acc: 69.05
INFO >> Epoch: 17  |  Layer:  2  |  Train Loss: 0.335 | Train Acc: 91.28  |  Val Loss: 0.591 | Val Acc: 83.18  |  Test Loss: 0.649 | Tes Acc: 79.76
INFO >> Epoch: 17  |  Layer:  3  |  Train Loss: 0.259 | Train Acc: 93.90  |  Val Loss: 0.509 | Val Acc: 82.24  |  Test Loss: 0.465 | Tes Acc: 84.52
INFO >> Epoch: 17  |  Layer:  4  |  Train Loss: 0.221 | Train Acc: 93.60  |  Val Loss: 0.429 | Val Acc: 83.18  |  Test Loss: 0.397 | Tes Acc: 89.29
INFO >> Epoch: 17  |  Layer:  5  |  Train Loss: 0.210 | Train Acc: 94.19  |  Val Loss: 0.489 | Val Acc: 85.05  |  Test Loss: 0.375 | Tes Acc: 85.71
INFO >> Epoch: 17  |  Layer:  6  |  Train Loss: 0.191 | Train Acc: 95.93  |  Val Loss: 0.414 | Val Acc: 85.98  |  Test Loss: 0.364 | Tes Acc: 90.48
INFO >> Epoch: 17  |  Layer:  7  |  Train Loss: 0.150 | Train Acc: 96.80  |  Val Loss: 0.388 | Val Acc: 87.85  |  Test Loss: 0.325 | Tes Acc: 86.90
INFO >> Epoch: 17  |  Layer:  8  |  Train Loss: 0.173 | Train Acc: 96.51  |  Val Loss: 0.341 | Val Acc: 88.79  |  Test Loss: 0.261 | Tes Acc: 92.86
INFO >> Epoch: 17  |  Layer:  9  |  Train Loss: 0.207 | Train Acc: 94.19  |  Val Loss: 0.364 | Val Acc: 87.85  |  Test Loss: 0.339 | Tes Acc: 90.48
INFO >> Epoch: 17  |  Layer: 10  |  Train Loss: 0.203 | Train Acc: 93.90  |  Val Loss: 0.376 | Val Acc: 90.65  |  Test Loss: 0.294 | Tes Acc: 92.86
INFO >> Epoch: 17  |  Layer: 11  |  Train Loss: 0.243 | Train Acc: 92.15  |  Val Loss: 0.443 | Val Acc: 84.11  |  Test Loss: 0.367 | Tes Acc: 92.86
INFO >> Epoch: 17  |  Layer: 12  |  Train Loss: 0.270 | Train Acc: 91.28  |  Val Loss: 0.452 | Val Acc: 83.18  |  Test Loss: 0.342 | Tes Acc: 90.48
INFO >> Epoch: 17  |  Layer: 13  |  Train Loss: 0.342 | Train Acc: 89.24  |  Val Loss: 0.468 | Val Acc: 78.50  |  Test Loss: 0.438 | Tes Acc: 85.71

INFO >> Epoch: 18  |  Layer:  1  |  Train Loss: 0.725 | Train Acc: 72.97  |  Val Loss: 1.139 | Val Acc: 58.88  |  Test Loss: 1.283 | Tes Acc: 59.52
INFO >> Epoch: 18  |  Layer:  2  |  Train Loss: 0.376 | Train Acc: 88.37  |  Val Loss: 0.627 | Val Acc: 74.77  |  Test Loss: 0.785 | Tes Acc: 73.81
INFO >> Epoch: 18  |  Layer:  3  |  Train Loss: 0.309 | Train Acc: 90.99  |  Val Loss: 0.536 | Val Acc: 78.50  |  Test Loss: 0.580 | Tes Acc: 80.95
INFO >> Epoch: 18  |  Layer:  4  |  Train Loss: 0.245 | Train Acc: 92.44  |  Val Loss: 0.460 | Val Acc: 83.18  |  Test Loss: 0.476 | Tes Acc: 80.95
INFO >> Epoch: 18  |  Layer:  5  |  Train Loss: 0.245 | Train Acc: 93.02  |  Val Loss: 0.475 | Val Acc: 78.50  |  Test Loss: 0.335 | Tes Acc: 88.10
INFO >> Epoch: 18  |  Layer:  6  |  Train Loss: 0.209 | Train Acc: 94.19  |  Val Loss: 0.372 | Val Acc: 82.24  |  Test Loss: 0.318 | Tes Acc: 88.10
INFO >> Epoch: 18  |  Layer:  7  |  Train Loss: 0.157 | Train Acc: 95.06  |  Val Loss: 0.431 | Val Acc: 85.98  |  Test Loss: 0.362 | Tes Acc: 83.33
INFO >> Epoch: 18  |  Layer:  8  |  Train Loss: 0.187 | Train Acc: 93.90  |  Val Loss: 0.345 | Val Acc: 85.98  |  Test Loss: 0.319 | Tes Acc: 88.10
INFO >> Epoch: 18  |  Layer:  9  |  Train Loss: 0.221 | Train Acc: 93.02  |  Val Loss: 0.360 | Val Acc: 83.18  |  Test Loss: 0.362 | Tes Acc: 88.10
INFO >> Epoch: 18  |  Layer: 10  |  Train Loss: 0.192 | Train Acc: 94.77  |  Val Loss: 0.319 | Val Acc: 86.92  |  Test Loss: 0.307 | Tes Acc: 89.29
INFO >> Epoch: 18  |  Layer: 11  |  Train Loss: 0.287 | Train Acc: 90.99  |  Val Loss: 0.394 | Val Acc: 82.24  |  Test Loss: 0.390 | Tes Acc: 82.14
INFO >> Epoch: 18  |  Layer: 12  |  Train Loss: 0.311 | Train Acc: 90.41  |  Val Loss: 0.424 | Val Acc: 77.57  |  Test Loss: 0.423 | Tes Acc: 83.33
INFO >> Epoch: 18  |  Layer: 13  |  Train Loss: 0.407 | Train Acc: 86.63  |  Val Loss: 0.467 | Val Acc: 75.70  |  Test Loss: 0.560 | Tes Acc: 77.38

INFO >> Epoch: 19  |  Layer:  1  |  Train Loss: 0.730 | Train Acc: 72.09  |  Val Loss: 1.155 | Val Acc: 53.27  |  Test Loss: 1.309 | Tes Acc: 58.33
INFO >> Epoch: 19  |  Layer:  2  |  Train Loss: 0.329 | Train Acc: 89.83  |  Val Loss: 0.515 | Val Acc: 82.24  |  Test Loss: 0.648 | Tes Acc: 77.38
INFO >> Epoch: 19  |  Layer:  3  |  Train Loss: 0.253 | Train Acc: 93.31  |  Val Loss: 0.519 | Val Acc: 80.37  |  Test Loss: 0.556 | Tes Acc: 80.95
INFO >> Epoch: 19  |  Layer:  4  |  Train Loss: 0.193 | Train Acc: 95.35  |  Val Loss: 0.431 | Val Acc: 82.24  |  Test Loss: 0.434 | Tes Acc: 84.52
INFO >> Epoch: 19  |  Layer:  5  |  Train Loss: 0.169 | Train Acc: 97.09  |  Val Loss: 0.408 | Val Acc: 85.05  |  Test Loss: 0.302 | Tes Acc: 86.90
INFO >> Epoch: 19  |  Layer:  6  |  Train Loss: 0.138 | Train Acc: 97.09  |  Val Loss: 0.355 | Val Acc: 85.98  |  Test Loss: 0.254 | Tes Acc: 95.24
INFO >> Epoch: 19  |  Layer:  7  |  Train Loss: 0.115 | Train Acc: 98.55  |  Val Loss: 0.375 | Val Acc: 89.72  |  Test Loss: 0.296 | Tes Acc: 90.48
INFO >> Epoch: 19  |  Layer:  8  |  Train Loss: 0.151 | Train Acc: 97.09  |  Val Loss: 0.321 | Val Acc: 86.92  |  Test Loss: 0.238 | Tes Acc: 94.05
INFO >> Epoch: 19  |  Layer:  9  |  Train Loss: 0.177 | Train Acc: 95.35  |  Val Loss: 0.286 | Val Acc: 89.72  |  Test Loss: 0.269 | Tes Acc: 94.05
INFO >> Epoch: 19  |  Layer: 10  |  Train Loss: 0.162 | Train Acc: 96.80  |  Val Loss: 0.309 | Val Acc: 87.85  |  Test Loss: 0.244 | Tes Acc: 91.67
INFO >> Epoch: 19  |  Layer: 11  |  Train Loss: 0.219 | Train Acc: 93.31  |  Val Loss: 0.330 | Val Acc: 85.98  |  Test Loss: 0.297 | Tes Acc: 94.05
INFO >> Epoch: 19  |  Layer: 12  |  Train Loss: 0.236 | Train Acc: 94.48  |  Val Loss: 0.423 | Val Acc: 82.24  |  Test Loss: 0.343 | Tes Acc: 86.90
INFO >> Epoch: 19  |  Layer: 13  |  Train Loss: 0.304 | Train Acc: 91.28  |  Val Loss: 0.410 | Val Acc: 84.11  |  Test Loss: 0.415 | Tes Acc: 84.52

INFO >> Epoch: 20  |  Layer:  1  |  Train Loss: 0.690 | Train Acc: 74.42  |  Val Loss: 1.025 | Val Acc: 58.88  |  Test Loss: 1.255 | Tes Acc: 60.71
INFO >> Epoch: 20  |  Layer:  2  |  Train Loss: 0.303 | Train Acc: 90.99  |  Val Loss: 0.538 | Val Acc: 83.18  |  Test Loss: 0.571 | Tes Acc: 80.95
INFO >> Epoch: 20  |  Layer:  3  |  Train Loss: 0.237 | Train Acc: 93.02  |  Val Loss: 0.557 | Val Acc: 82.24  |  Test Loss: 0.544 | Tes Acc: 83.33
INFO >> Epoch: 20  |  Layer:  4  |  Train Loss: 0.170 | Train Acc: 96.51  |  Val Loss: 0.446 | Val Acc: 83.18  |  Test Loss: 0.401 | Tes Acc: 86.90
INFO >> Epoch: 20  |  Layer:  5  |  Train Loss: 0.141 | Train Acc: 97.09  |  Val Loss: 0.427 | Val Acc: 85.98  |  Test Loss: 0.304 | Tes Acc: 91.67
INFO >> Epoch: 20  |  Layer:  6  |  Train Loss: 0.118 | Train Acc: 98.26  |  Val Loss: 0.377 | Val Acc: 83.18  |  Test Loss: 0.361 | Tes Acc: 89.29
INFO >> Epoch: 20  |  Layer:  7  |  Train Loss: 0.102 | Train Acc: 98.55  |  Val Loss: 0.347 | Val Acc: 88.79  |  Test Loss: 0.351 | Tes Acc: 86.90
INFO >> Epoch: 20  |  Layer:  8  |  Train Loss: 0.123 | Train Acc: 96.51  |  Val Loss: 0.337 | Val Acc: 87.85  |  Test Loss: 0.307 | Tes Acc: 94.05
INFO >> Epoch: 20  |  Layer:  9  |  Train Loss: 0.133 | Train Acc: 97.09  |  Val Loss: 0.290 | Val Acc: 87.85  |  Test Loss: 0.344 | Tes Acc: 88.10
INFO >> Epoch: 20  |  Layer: 10  |  Train Loss: 0.129 | Train Acc: 97.09  |  Val Loss: 0.343 | Val Acc: 85.98  |  Test Loss: 0.295 | Tes Acc: 88.10
INFO >> Epoch: 20  |  Layer: 11  |  Train Loss: 0.194 | Train Acc: 94.77  |  Val Loss: 0.320 | Val Acc: 85.05  |  Test Loss: 0.304 | Tes Acc: 88.10
INFO >> Epoch: 20  |  Layer: 12  |  Train Loss: 0.196 | Train Acc: 95.64  |  Val Loss: 0.361 | Val Acc: 84.11  |  Test Loss: 0.345 | Tes Acc: 89.29
INFO >> Epoch: 20  |  Layer: 13  |  Train Loss: 0.250 | Train Acc: 93.60  |  Val Loss: 0.407 | Val Acc: 81.31  |  Test Loss: 0.465 | Tes Acc: 83.33

INFO >> Epoch: 21  |  Layer:  1  |  Train Loss: 0.644 | Train Acc: 73.84  |  Val Loss: 0.976 | Val Acc: 58.88  |  Test Loss: 1.113 | Tes Acc: 60.71
INFO >> Epoch: 21  |  Layer:  2  |  Train Loss: 0.276 | Train Acc: 91.28  |  Val Loss: 0.539 | Val Acc: 80.37  |  Test Loss: 0.642 | Tes Acc: 73.81
INFO >> Epoch: 21  |  Layer:  3  |  Train Loss: 0.224 | Train Acc: 93.31  |  Val Loss: 0.509 | Val Acc: 82.24  |  Test Loss: 0.505 | Tes Acc: 80.95
INFO >> Epoch: 21  |  Layer:  4  |  Train Loss: 0.170 | Train Acc: 94.77  |  Val Loss: 0.420 | Val Acc: 84.11  |  Test Loss: 0.356 | Tes Acc: 90.48
INFO >> Epoch: 21  |  Layer:  5  |  Train Loss: 0.137 | Train Acc: 97.09  |  Val Loss: 0.434 | Val Acc: 83.18  |  Test Loss: 0.243 | Tes Acc: 91.67
INFO >> Epoch: 21  |  Layer:  6  |  Train Loss: 0.109 | Train Acc: 98.55  |  Val Loss: 0.363 | Val Acc: 85.05  |  Test Loss: 0.294 | Tes Acc: 90.48
INFO >> Epoch: 21  |  Layer:  7  |  Train Loss: 0.099 | Train Acc: 98.26  |  Val Loss: 0.362 | Val Acc: 87.85  |  Test Loss: 0.317 | Tes Acc: 88.10
INFO >> Epoch: 21  |  Layer:  8  |  Train Loss: 0.127 | Train Acc: 95.93  |  Val Loss: 0.310 | Val Acc: 90.65  |  Test Loss: 0.217 | Tes Acc: 92.86
INFO >> Epoch: 21  |  Layer:  9  |  Train Loss: 0.133 | Train Acc: 96.22  |  Val Loss: 0.287 | Val Acc: 88.79  |  Test Loss: 0.284 | Tes Acc: 91.67
INFO >> Epoch: 21  |  Layer: 10  |  Train Loss: 0.128 | Train Acc: 97.09  |  Val Loss: 0.326 | Val Acc: 86.92  |  Test Loss: 0.253 | Tes Acc: 90.48
INFO >> Epoch: 21  |  Layer: 11  |  Train Loss: 0.182 | Train Acc: 95.35  |  Val Loss: 0.348 | Val Acc: 88.79  |  Test Loss: 0.283 | Tes Acc: 95.24
INFO >> Epoch: 21  |  Layer: 12  |  Train Loss: 0.184 | Train Acc: 96.22  |  Val Loss: 0.357 | Val Acc: 86.92  |  Test Loss: 0.305 | Tes Acc: 89.29
INFO >> Epoch: 21  |  Layer: 13  |  Train Loss: 0.223 | Train Acc: 93.90  |  Val Loss: 0.372 | Val Acc: 83.18  |  Test Loss: 0.374 | Tes Acc: 88.10

INFO >> Epoch: 22  |  Layer:  1  |  Train Loss: 0.666 | Train Acc: 72.38  |  Val Loss: 0.891 | Val Acc: 70.09  |  Test Loss: 0.980 | Tes Acc: 64.29
INFO >> Epoch: 22  |  Layer:  2  |  Train Loss: 0.246 | Train Acc: 94.48  |  Val Loss: 0.594 | Val Acc: 79.44  |  Test Loss: 0.596 | Tes Acc: 77.38
INFO >> Epoch: 22  |  Layer:  3  |  Train Loss: 0.178 | Train Acc: 96.51  |  Val Loss: 0.504 | Val Acc: 80.37  |  Test Loss: 0.485 | Tes Acc: 78.57
INFO >> Epoch: 22  |  Layer:  4  |  Train Loss: 0.133 | Train Acc: 97.38  |  Val Loss: 0.427 | Val Acc: 80.37  |  Test Loss: 0.362 | Tes Acc: 86.90
INFO >> Epoch: 22  |  Layer:  5  |  Train Loss: 0.112 | Train Acc: 97.97  |  Val Loss: 0.408 | Val Acc: 86.92  |  Test Loss: 0.237 | Tes Acc: 92.86
INFO >> Epoch: 22  |  Layer:  6  |  Train Loss: 0.092 | Train Acc: 98.55  |  Val Loss: 0.335 | Val Acc: 88.79  |  Test Loss: 0.277 | Tes Acc: 91.67
INFO >> Epoch: 22  |  Layer:  7  |  Train Loss: 0.077 | Train Acc: 99.71  |  Val Loss: 0.387 | Val Acc: 87.85  |  Test Loss: 0.342 | Tes Acc: 83.33
INFO >> Epoch: 22  |  Layer:  8  |  Train Loss: 0.092 | Train Acc: 97.97  |  Val Loss: 0.313 | Val Acc: 89.72  |  Test Loss: 0.217 | Tes Acc: 91.67
INFO >> Epoch: 22  |  Layer:  9  |  Train Loss: 0.108 | Train Acc: 96.80  |  Val Loss: 0.340 | Val Acc: 86.92  |  Test Loss: 0.324 | Tes Acc: 88.10
INFO >> Epoch: 22  |  Layer: 10  |  Train Loss: 0.099 | Train Acc: 97.97  |  Val Loss: 0.345 | Val Acc: 88.79  |  Test Loss: 0.279 | Tes Acc: 89.29
INFO >> Epoch: 22  |  Layer: 11  |  Train Loss: 0.146 | Train Acc: 98.55  |  Val Loss: 0.349 | Val Acc: 87.85  |  Test Loss: 0.312 | Tes Acc: 90.48
INFO >> Epoch: 22  |  Layer: 12  |  Train Loss: 0.167 | Train Acc: 95.93  |  Val Loss: 0.407 | Val Acc: 83.18  |  Test Loss: 0.310 | Tes Acc: 88.10
INFO >> Epoch: 22  |  Layer: 13  |  Train Loss: 0.204 | Train Acc: 93.31  |  Val Loss: 0.416 | Val Acc: 84.11  |  Test Loss: 0.379 | Tes Acc: 85.71

INFO >> Epoch: 23  |  Layer:  1  |  Train Loss: 0.606 | Train Acc: 77.62  |  Val Loss: 0.918 | Val Acc: 66.36  |  Test Loss: 1.031 | Tes Acc: 64.29
INFO >> Epoch: 23  |  Layer:  2  |  Train Loss: 0.272 | Train Acc: 90.70  |  Val Loss: 0.482 | Val Acc: 81.31  |  Test Loss: 0.590 | Tes Acc: 78.57
INFO >> Epoch: 23  |  Layer:  3  |  Train Loss: 0.214 | Train Acc: 93.02  |  Val Loss: 0.444 | Val Acc: 85.98  |  Test Loss: 0.459 | Tes Acc: 80.95
INFO >> Epoch: 23  |  Layer:  4  |  Train Loss: 0.158 | Train Acc: 96.51  |  Val Loss: 0.428 | Val Acc: 83.18  |  Test Loss: 0.370 | Tes Acc: 86.90
INFO >> Epoch: 23  |  Layer:  5  |  Train Loss: 0.100 | Train Acc: 98.55  |  Val Loss: 0.361 | Val Acc: 88.79  |  Test Loss: 0.198 | Tes Acc: 95.24
INFO >> Epoch: 23  |  Layer:  6  |  Train Loss: 0.090 | Train Acc: 98.55  |  Val Loss: 0.358 | Val Acc: 85.98  |  Test Loss: 0.252 | Tes Acc: 92.86
INFO >> Epoch: 23  |  Layer:  7  |  Train Loss: 0.073 | Train Acc: 98.55  |  Val Loss: 0.362 | Val Acc: 89.72  |  Test Loss: 0.289 | Tes Acc: 88.10
INFO >> Epoch: 23  |  Layer:  8  |  Train Loss: 0.079 | Train Acc: 99.42  |  Val Loss: 0.285 | Val Acc: 92.52  |  Test Loss: 0.208 | Tes Acc: 92.86
INFO >> Epoch: 23  |  Layer:  9  |  Train Loss: 0.127 | Train Acc: 96.51  |  Val Loss: 0.303 | Val Acc: 85.98  |  Test Loss: 0.268 | Tes Acc: 92.86
INFO >> Epoch: 23  |  Layer: 10  |  Train Loss: 0.104 | Train Acc: 97.97  |  Val Loss: 0.364 | Val Acc: 87.85  |  Test Loss: 0.243 | Tes Acc: 91.67
INFO >> Epoch: 23  |  Layer: 11  |  Train Loss: 0.134 | Train Acc: 97.97  |  Val Loss: 0.368 | Val Acc: 86.92  |  Test Loss: 0.269 | Tes Acc: 95.24
INFO >> Epoch: 23  |  Layer: 12  |  Train Loss: 0.151 | Train Acc: 95.64  |  Val Loss: 0.440 | Val Acc: 81.31  |  Test Loss: 0.283 | Tes Acc: 90.48
INFO >> Epoch: 23  |  Layer: 13  |  Train Loss: 0.194 | Train Acc: 94.77  |  Val Loss: 0.412 | Val Acc: 84.11  |  Test Loss: 0.392 | Tes Acc: 82.14

INFO >> Epoch: 24  |  Layer:  1  |  Train Loss: 0.550 | Train Acc: 79.94  |  Val Loss: 0.875 | Val Acc: 67.29  |  Test Loss: 1.170 | Tes Acc: 61.90
INFO >> Epoch: 24  |  Layer:  2  |  Train Loss: 0.233 | Train Acc: 93.90  |  Val Loss: 0.473 | Val Acc: 83.18  |  Test Loss: 0.558 | Tes Acc: 78.57
INFO >> Epoch: 24  |  Layer:  3  |  Train Loss: 0.196 | Train Acc: 95.35  |  Val Loss: 0.524 | Val Acc: 78.50  |  Test Loss: 0.474 | Tes Acc: 83.33
INFO >> Epoch: 24  |  Layer:  4  |  Train Loss: 0.130 | Train Acc: 98.26  |  Val Loss: 0.526 | Val Acc: 79.44  |  Test Loss: 0.380 | Tes Acc: 90.48
INFO >> Epoch: 24  |  Layer:  5  |  Train Loss: 0.090 | Train Acc: 98.84  |  Val Loss: 0.386 | Val Acc: 87.85  |  Test Loss: 0.191 | Tes Acc: 96.43
INFO >> Epoch: 24  |  Layer:  6  |  Train Loss: 0.078 | Train Acc: 98.84  |  Val Loss: 0.317 | Val Acc: 87.85  |  Test Loss: 0.235 | Tes Acc: 92.86
INFO >> Epoch: 24  |  Layer:  7  |  Train Loss: 0.077 | Train Acc: 98.84  |  Val Loss: 0.370 | Val Acc: 91.59  |  Test Loss: 0.304 | Tes Acc: 89.29
INFO >> Epoch: 24  |  Layer:  8  |  Train Loss: 0.073 | Train Acc: 99.71  |  Val Loss: 0.289 | Val Acc: 90.65  |  Test Loss: 0.191 | Tes Acc: 92.86
INFO >> Epoch: 24  |  Layer:  9  |  Train Loss: 0.094 | Train Acc: 98.26  |  Val Loss: 0.305 | Val Acc: 85.98  |  Test Loss: 0.274 | Tes Acc: 95.24
INFO >> Epoch: 24  |  Layer: 10  |  Train Loss: 0.097 | Train Acc: 98.84  |  Val Loss: 0.345 | Val Acc: 86.92  |  Test Loss: 0.246 | Tes Acc: 91.67
INFO >> Epoch: 24  |  Layer: 11  |  Train Loss: 0.122 | Train Acc: 97.97  |  Val Loss: 0.357 | Val Acc: 87.85  |  Test Loss: 0.283 | Tes Acc: 91.67
INFO >> Epoch: 24  |  Layer: 12  |  Train Loss: 0.143 | Train Acc: 97.38  |  Val Loss: 0.409 | Val Acc: 80.37  |  Test Loss: 0.279 | Tes Acc: 89.29
INFO >> Epoch: 24  |  Layer: 13  |  Train Loss: 0.158 | Train Acc: 97.09  |  Val Loss: 0.453 | Val Acc: 80.37  |  Test Loss: 0.389 | Tes Acc: 84.52

INFO >> Epoch: 25  |  Layer:  1  |  Train Loss: 0.621 | Train Acc: 77.03  |  Val Loss: 0.855 | Val Acc: 66.36  |  Test Loss: 0.979 | Tes Acc: 64.29
INFO >> Epoch: 25  |  Layer:  2  |  Train Loss: 0.203 | Train Acc: 94.77  |  Val Loss: 0.507 | Val Acc: 84.11  |  Test Loss: 0.617 | Tes Acc: 76.19
INFO >> Epoch: 25  |  Layer:  3  |  Train Loss: 0.147 | Train Acc: 97.67  |  Val Loss: 0.574 | Val Acc: 82.24  |  Test Loss: 0.511 | Tes Acc: 80.95
INFO >> Epoch: 25  |  Layer:  4  |  Train Loss: 0.114 | Train Acc: 96.22  |  Val Loss: 0.451 | Val Acc: 83.18  |  Test Loss: 0.399 | Tes Acc: 86.90
INFO >> Epoch: 25  |  Layer:  5  |  Train Loss: 0.078 | Train Acc: 99.13  |  Val Loss: 0.401 | Val Acc: 88.79  |  Test Loss: 0.246 | Tes Acc: 94.05
INFO >> Epoch: 25  |  Layer:  6  |  Train Loss: 0.071 | Train Acc: 99.42  |  Val Loss: 0.319 | Val Acc: 90.65  |  Test Loss: 0.337 | Tes Acc: 90.48
INFO >> Epoch: 25  |  Layer:  7  |  Train Loss: 0.066 | Train Acc: 99.42  |  Val Loss: 0.356 | Val Acc: 87.85  |  Test Loss: 0.434 | Tes Acc: 84.52
INFO >> Epoch: 25  |  Layer:  8  |  Train Loss: 0.064 | Train Acc: 99.13  |  Val Loss: 0.252 | Val Acc: 92.52  |  Test Loss: 0.215 | Tes Acc: 94.05
INFO >> Epoch: 25  |  Layer:  9  |  Train Loss: 0.076 | Train Acc: 98.84  |  Val Loss: 0.235 | Val Acc: 91.59  |  Test Loss: 0.243 | Tes Acc: 92.86
INFO >> Epoch: 25  |  Layer: 10  |  Train Loss: 0.077 | Train Acc: 99.13  |  Val Loss: 0.302 | Val Acc: 86.92  |  Test Loss: 0.261 | Tes Acc: 88.10
INFO >> Epoch: 25  |  Layer: 11  |  Train Loss: 0.100 | Train Acc: 98.55  |  Val Loss: 0.334 | Val Acc: 87.85  |  Test Loss: 0.262 | Tes Acc: 95.24
INFO >> Epoch: 25  |  Layer: 12  |  Train Loss: 0.126 | Train Acc: 97.67  |  Val Loss: 0.348 | Val Acc: 87.85  |  Test Loss: 0.285 | Tes Acc: 88.10
INFO >> Epoch: 25  |  Layer: 13  |  Train Loss: 0.159 | Train Acc: 96.51  |  Val Loss: 0.396 | Val Acc: 82.24  |  Test Loss: 0.369 | Tes Acc: 83.33

INFO >> Epoch: 26  |  Layer:  1  |  Train Loss: 0.610 | Train Acc: 77.03  |  Val Loss: 0.972 | Val Acc: 63.55  |  Test Loss: 0.852 | Tes Acc: 69.05
INFO >> Epoch: 26  |  Layer:  2  |  Train Loss: 0.179 | Train Acc: 97.09  |  Val Loss: 0.597 | Val Acc: 79.44  |  Test Loss: 0.682 | Tes Acc: 83.33
INFO >> Epoch: 26  |  Layer:  3  |  Train Loss: 0.143 | Train Acc: 96.51  |  Val Loss: 0.543 | Val Acc: 83.18  |  Test Loss: 0.504 | Tes Acc: 83.33
INFO >> Epoch: 26  |  Layer:  4  |  Train Loss: 0.098 | Train Acc: 98.84  |  Val Loss: 0.466 | Val Acc: 83.18  |  Test Loss: 0.417 | Tes Acc: 85.71
INFO >> Epoch: 26  |  Layer:  5  |  Train Loss: 0.080 | Train Acc: 98.84  |  Val Loss: 0.447 | Val Acc: 83.18  |  Test Loss: 0.256 | Tes Acc: 91.67
INFO >> Epoch: 26  |  Layer:  6  |  Train Loss: 0.080 | Train Acc: 98.55  |  Val Loss: 0.348 | Val Acc: 85.98  |  Test Loss: 0.341 | Tes Acc: 89.29
INFO >> Epoch: 26  |  Layer:  7  |  Train Loss: 0.067 | Train Acc: 98.84  |  Val Loss: 0.353 | Val Acc: 86.92  |  Test Loss: 0.316 | Tes Acc: 88.10
INFO >> Epoch: 26  |  Layer:  8  |  Train Loss: 0.061 | Train Acc: 99.42  |  Val Loss: 0.284 | Val Acc: 89.72  |  Test Loss: 0.177 | Tes Acc: 92.86
INFO >> Epoch: 26  |  Layer:  9  |  Train Loss: 0.072 | Train Acc: 99.42  |  Val Loss: 0.292 | Val Acc: 88.79  |  Test Loss: 0.261 | Tes Acc: 92.86
INFO >> Epoch: 26  |  Layer: 10  |  Train Loss: 0.084 | Train Acc: 98.26  |  Val Loss: 0.343 | Val Acc: 89.72  |  Test Loss: 0.264 | Tes Acc: 90.48
INFO >> Epoch: 26  |  Layer: 11  |  Train Loss: 0.096 | Train Acc: 98.55  |  Val Loss: 0.358 | Val Acc: 88.79  |  Test Loss: 0.244 | Tes Acc: 94.05
INFO >> Epoch: 26  |  Layer: 12  |  Train Loss: 0.128 | Train Acc: 96.80  |  Val Loss: 0.405 | Val Acc: 85.98  |  Test Loss: 0.298 | Tes Acc: 89.29
INFO >> Epoch: 26  |  Layer: 13  |  Train Loss: 0.151 | Train Acc: 95.93  |  Val Loss: 0.397 | Val Acc: 85.98  |  Test Loss: 0.396 | Tes Acc: 84.52

INFO >> Epoch: 27  |  Layer:  1  |  Train Loss: 0.621 | Train Acc: 75.29  |  Val Loss: 1.219 | Val Acc: 59.81  |  Test Loss: 1.161 | Tes Acc: 60.71
INFO >> Epoch: 27  |  Layer:  2  |  Train Loss: 0.209 | Train Acc: 93.31  |  Val Loss: 0.659 | Val Acc: 73.83  |  Test Loss: 0.818 | Tes Acc: 78.57
INFO >> Epoch: 27  |  Layer:  3  |  Train Loss: 0.142 | Train Acc: 95.93  |  Val Loss: 0.507 | Val Acc: 84.11  |  Test Loss: 0.488 | Tes Acc: 84.52
INFO >> Epoch: 27  |  Layer:  4  |  Train Loss: 0.111 | Train Acc: 97.38  |  Val Loss: 0.436 | Val Acc: 82.24  |  Test Loss: 0.316 | Tes Acc: 90.48
INFO >> Epoch: 27  |  Layer:  5  |  Train Loss: 0.082 | Train Acc: 97.67  |  Val Loss: 0.392 | Val Acc: 86.92  |  Test Loss: 0.188 | Tes Acc: 96.43
INFO >> Epoch: 27  |  Layer:  6  |  Train Loss: 0.073 | Train Acc: 98.84  |  Val Loss: 0.311 | Val Acc: 86.92  |  Test Loss: 0.198 | Tes Acc: 92.86
INFO >> Epoch: 27  |  Layer:  7  |  Train Loss: 0.066 | Train Acc: 98.55  |  Val Loss: 0.349 | Val Acc: 87.85  |  Test Loss: 0.337 | Tes Acc: 88.10
INFO >> Epoch: 27  |  Layer:  8  |  Train Loss: 0.062 | Train Acc: 98.84  |  Val Loss: 0.266 | Val Acc: 92.52  |  Test Loss: 0.208 | Tes Acc: 94.05
INFO >> Epoch: 27  |  Layer:  9  |  Train Loss: 0.075 | Train Acc: 98.84  |  Val Loss: 0.304 | Val Acc: 89.72  |  Test Loss: 0.352 | Tes Acc: 88.10
INFO >> Epoch: 27  |  Layer: 10  |  Train Loss: 0.084 | Train Acc: 98.26  |  Val Loss: 0.349 | Val Acc: 87.85  |  Test Loss: 0.266 | Tes Acc: 91.67
INFO >> Epoch: 27  |  Layer: 11  |  Train Loss: 0.089 | Train Acc: 98.26  |  Val Loss: 0.332 | Val Acc: 85.98  |  Test Loss: 0.287 | Tes Acc: 89.29
INFO >> Epoch: 27  |  Layer: 12  |  Train Loss: 0.140 | Train Acc: 96.51  |  Val Loss: 0.428 | Val Acc: 85.05  |  Test Loss: 0.330 | Tes Acc: 86.90
INFO >> Epoch: 27  |  Layer: 13  |  Train Loss: 0.152 | Train Acc: 95.35  |  Val Loss: 0.355 | Val Acc: 85.98  |  Test Loss: 0.337 | Tes Acc: 86.90

INFO >> Epoch: 28  |  Layer:  1  |  Train Loss: 0.552 | Train Acc: 76.45  |  Val Loss: 1.030 | Val Acc: 68.22  |  Test Loss: 0.934 | Tes Acc: 61.90
INFO >> Epoch: 28  |  Layer:  2  |  Train Loss: 0.175 | Train Acc: 96.22  |  Val Loss: 0.518 | Val Acc: 85.98  |  Test Loss: 0.654 | Tes Acc: 82.14
INFO >> Epoch: 28  |  Layer:  3  |  Train Loss: 0.132 | Train Acc: 96.80  |  Val Loss: 0.560 | Val Acc: 81.31  |  Test Loss: 0.483 | Tes Acc: 83.33
INFO >> Epoch: 28  |  Layer:  4  |  Train Loss: 0.082 | Train Acc: 99.13  |  Val Loss: 0.456 | Val Acc: 82.24  |  Test Loss: 0.362 | Tes Acc: 88.10
INFO >> Epoch: 28  |  Layer:  5  |  Train Loss: 0.057 | Train Acc: 99.71  |  Val Loss: 0.392 | Val Acc: 87.85  |  Test Loss: 0.195 | Tes Acc: 95.24
INFO >> Epoch: 28  |  Layer:  6  |  Train Loss: 0.052 | Train Acc: 100.00  |  Val Loss: 0.296 | Val Acc: 86.92  |  Test Loss: 0.230 | Tes Acc: 95.24
INFO >> Epoch: 28  |  Layer:  7  |  Train Loss: 0.048 | Train Acc: 100.00  |  Val Loss: 0.335 | Val Acc: 91.59  |  Test Loss: 0.316 | Tes Acc: 89.29
INFO >> Epoch: 28  |  Layer:  8  |  Train Loss: 0.050 | Train Acc: 100.00  |  Val Loss: 0.287 | Val Acc: 92.52  |  Test Loss: 0.184 | Tes Acc: 92.86
INFO >> Epoch: 28  |  Layer:  9  |  Train Loss: 0.106 | Train Acc: 96.51  |  Val Loss: 0.210 | Val Acc: 90.65  |  Test Loss: 0.247 | Tes Acc: 92.86
INFO >> Epoch: 28  |  Layer: 10  |  Train Loss: 0.091 | Train Acc: 97.97  |  Val Loss: 0.293 | Val Acc: 88.79  |  Test Loss: 0.246 | Tes Acc: 90.48
INFO >> Epoch: 28  |  Layer: 11  |  Train Loss: 0.138 | Train Acc: 95.64  |  Val Loss: 0.339 | Val Acc: 85.05  |  Test Loss: 0.230 | Tes Acc: 94.05
INFO >> Epoch: 28  |  Layer: 12  |  Train Loss: 0.164 | Train Acc: 94.77  |  Val Loss: 0.327 | Val Acc: 85.05  |  Test Loss: 0.293 | Tes Acc: 90.48
INFO >> Epoch: 28  |  Layer: 13  |  Train Loss: 0.162 | Train Acc: 95.06  |  Val Loss: 0.372 | Val Acc: 83.18  |  Test Loss: 0.311 | Tes Acc: 89.29

INFO >> Epoch: 29  |  Layer:  1  |  Train Loss: 0.503 | Train Acc: 81.40  |  Val Loss: 0.966 | Val Acc: 65.42  |  Test Loss: 1.002 | Tes Acc: 65.48
INFO >> Epoch: 29  |  Layer:  2  |  Train Loss: 0.167 | Train Acc: 96.51  |  Val Loss: 0.490 | Val Acc: 84.11  |  Test Loss: 0.619 | Tes Acc: 77.38
INFO >> Epoch: 29  |  Layer:  3  |  Train Loss: 0.110 | Train Acc: 98.26  |  Val Loss: 0.583 | Val Acc: 82.24  |  Test Loss: 0.504 | Tes Acc: 82.14
INFO >> Epoch: 29  |  Layer:  4  |  Train Loss: 0.072 | Train Acc: 99.13  |  Val Loss: 0.446 | Val Acc: 81.31  |  Test Loss: 0.308 | Tes Acc: 92.86
INFO >> Epoch: 29  |  Layer:  5  |  Train Loss: 0.052 | Train Acc: 99.71  |  Val Loss: 0.385 | Val Acc: 87.85  |  Test Loss: 0.178 | Tes Acc: 94.05
INFO >> Epoch: 29  |  Layer:  6  |  Train Loss: 0.042 | Train Acc: 100.00  |  Val Loss: 0.323 | Val Acc: 88.79  |  Test Loss: 0.258 | Tes Acc: 91.67
INFO >> Epoch: 29  |  Layer:  7  |  Train Loss: 0.038 | Train Acc: 100.00  |  Val Loss: 0.337 | Val Acc: 87.85  |  Test Loss: 0.275 | Tes Acc: 90.48
INFO >> Epoch: 29  |  Layer:  8  |  Train Loss: 0.048 | Train Acc: 100.00  |  Val Loss: 0.268 | Val Acc: 90.65  |  Test Loss: 0.194 | Tes Acc: 94.05
INFO >> Epoch: 29  |  Layer:  9  |  Train Loss: 0.059 | Train Acc: 98.84  |  Val Loss: 0.238 | Val Acc: 90.65  |  Test Loss: 0.270 | Tes Acc: 90.48
INFO >> Epoch: 29  |  Layer: 10  |  Train Loss: 0.090 | Train Acc: 97.38  |  Val Loss: 0.279 | Val Acc: 88.79  |  Test Loss: 0.224 | Tes Acc: 90.48
INFO >> Epoch: 29  |  Layer: 11  |  Train Loss: 0.098 | Train Acc: 98.26  |  Val Loss: 0.312 | Val Acc: 86.92  |  Test Loss: 0.217 | Tes Acc: 94.05
INFO >> Epoch: 29  |  Layer: 12  |  Train Loss: 0.125 | Train Acc: 97.67  |  Val Loss: 0.309 | Val Acc: 83.18  |  Test Loss: 0.255 | Tes Acc: 91.67
INFO >> Epoch: 29  |  Layer: 13  |  Train Loss: 0.123 | Train Acc: 97.97  |  Val Loss: 0.423 | Val Acc: 80.37  |  Test Loss: 0.340 | Tes Acc: 85.71

INFO >> Epoch: 30  |  Layer:  1  |  Train Loss: 0.553 | Train Acc: 80.52  |  Val Loss: 0.882 | Val Acc: 65.42  |  Test Loss: 1.310 | Tes Acc: 60.71
INFO >> Epoch: 30  |  Layer:  2  |  Train Loss: 0.158 | Train Acc: 96.51  |  Val Loss: 0.500 | Val Acc: 84.11  |  Test Loss: 0.641 | Tes Acc: 73.81
INFO >> Epoch: 30  |  Layer:  3  |  Train Loss: 0.118 | Train Acc: 96.80  |  Val Loss: 0.484 | Val Acc: 86.92  |  Test Loss: 0.438 | Tes Acc: 83.33
INFO >> Epoch: 30  |  Layer:  4  |  Train Loss: 0.067 | Train Acc: 99.71  |  Val Loss: 0.406 | Val Acc: 83.18  |  Test Loss: 0.315 | Tes Acc: 90.48
INFO >> Epoch: 30  |  Layer:  5  |  Train Loss: 0.046 | Train Acc: 100.00  |  Val Loss: 0.375 | Val Acc: 89.72  |  Test Loss: 0.167 | Tes Acc: 96.43
INFO >> Epoch: 30  |  Layer:  6  |  Train Loss: 0.039 | Train Acc: 100.00  |  Val Loss: 0.310 | Val Acc: 88.79  |  Test Loss: 0.195 | Tes Acc: 95.24
INFO >> Epoch: 30  |  Layer:  7  |  Train Loss: 0.037 | Train Acc: 100.00  |  Val Loss: 0.288 | Val Acc: 91.59  |  Test Loss: 0.321 | Tes Acc: 84.52
INFO >> Epoch: 30  |  Layer:  8  |  Train Loss: 0.045 | Train Acc: 99.71  |  Val Loss: 0.241 | Val Acc: 92.52  |  Test Loss: 0.208 | Tes Acc: 94.05
INFO >> Epoch: 30  |  Layer:  9  |  Train Loss: 0.064 | Train Acc: 98.84  |  Val Loss: 0.211 | Val Acc: 92.52  |  Test Loss: 0.252 | Tes Acc: 92.86
INFO >> Epoch: 30  |  Layer: 10  |  Train Loss: 0.061 | Train Acc: 98.55  |  Val Loss: 0.300 | Val Acc: 90.65  |  Test Loss: 0.215 | Tes Acc: 91.67
INFO >> Epoch: 30  |  Layer: 11  |  Train Loss: 0.076 | Train Acc: 98.84  |  Val Loss: 0.303 | Val Acc: 86.92  |  Test Loss: 0.223 | Tes Acc: 94.05
INFO >> Epoch: 30  |  Layer: 12  |  Train Loss: 0.105 | Train Acc: 97.38  |  Val Loss: 0.325 | Val Acc: 86.92  |  Test Loss: 0.247 | Tes Acc: 91.67
INFO >> Epoch: 30  |  Layer: 13  |  Train Loss: 0.113 | Train Acc: 97.67  |  Val Loss: 0.367 | Val Acc: 80.37  |  Test Loss: 0.410 | Tes Acc: 85.71



INFO >> Time Taken: 04:16

INFO >> Layer: 1  |  Best Val Acc: 70.09  |  Best Test Acc: 64.29
INFO >> Layer: 2  |  Best Val Acc: 85.98  |  Best Test Acc: 82.14
INFO >> Layer: 3  |  Best Val Acc: 86.92  |  Best Test Acc: 83.33
INFO >> Layer: 4  |  Best Val Acc: 85.05  |  Best Test Acc: 86.90
INFO >> Layer: 5  |  Best Val Acc: 89.72  |  Best Test Acc: 96.43
INFO >> Layer: 6  |  Best Val Acc: 90.65  |  Best Test Acc: 90.48
INFO >> Layer: 7  |  Best Val Acc: 91.59  |  Best Test Acc: 89.29
INFO >> Layer: 8  |  Best Val Acc: 92.52  |  Best Test Acc: 92.86
INFO >> Layer: 9  |  Best Val Acc: 92.52  |  Best Test Acc: 92.86
INFO >> Layer: 10  |  Best Val Acc: 90.65  |  Best Test Acc: 92.86
INFO >> Layer: 11  |  Best Val Acc: 88.79  |  Best Test Acc: 95.24
INFO >> Layer: 12  |  Best Val Acc: 87.85  |  Best Test Acc: 88.10
INFO >> Layer: 13  |  Best Val Acc: 85.98  |  Best Test Acc: 84.52

DEBUG >> Last state saved

INFO >> History saved (./history/v1.4/EmoDB/HUBERT_BASE_PROBING_DENSE/Run2/history.pt)
