
--------------------------------------------------
Multilingual SER System v1.1
--------------------------------------------------
Run Name      : Run3
Model         : HUBERT_LARGE
Extract Mode  : memory
Device        : gpu
Dataset       : AESDD
Epochs        : 20
Num Workers   : 2
Data Dir      : ./data
History Dir   : ./history
Weights Dir   : ./weights
Log Level     : debug
Purge Cache   : False
Job Name      : Job219
Job Id        : 30595345

Timestamp : 2023-02-28 10:02:03.246895

INFO >> Running on CUDA


INFO >> Training Classifier

DEBUG >> Best state saved | Val Acc 42.424243688583374 | Test Acc 36.231884360313416

INFO >> Epoch: 1 |   Train Loss: 1.712 | Train Acc: 24.16 |   Val Loss: 1.598 | Val Acc: 42.42 |   Test Loss: 1.591 | Tes Acc: 36.23
INFO >> Epoch: 2 |   Train Loss: 1.522 | Train Acc: 34.90 |   Val Loss: 1.435 | Val Acc: 32.32 |   Test Loss: 1.513 | Tes Acc: 33.33
DEBUG >> Best state saved | Val Acc 43.43434274196625 | Test Acc 41.545894742012024

INFO >> Epoch: 3 |   Train Loss: 1.390 | Train Acc: 38.26 |   Val Loss: 1.255 | Val Acc: 43.43 |   Test Loss: 1.376 | Tes Acc: 41.55
DEBUG >> Best state saved | Val Acc 61.616164445877075 | Test Acc 45.89371979236603

INFO >> Epoch: 4 |   Train Loss: 1.116 | Train Acc: 55.37 |   Val Loss: 0.962 | Val Acc: 61.62 |   Test Loss: 1.227 | Tes Acc: 45.89
INFO >> Epoch: 5 |   Train Loss: 0.936 | Train Acc: 66.78 |   Val Loss: 1.275 | Val Acc: 47.47 |   Test Loss: 1.079 | Tes Acc: 53.62
INFO >> Epoch: 6 |   Train Loss: 0.662 | Train Acc: 76.51 |   Val Loss: 1.192 | Val Acc: 59.60 |   Test Loss: 0.957 | Tes Acc: 57.97
DEBUG >> Best state saved | Val Acc 74.7474730014801 | Test Acc 66.66666865348816

INFO >> Epoch: 7 |   Train Loss: 0.449 | Train Acc: 84.90 |   Val Loss: 0.844 | Val Acc: 74.75 |   Test Loss: 0.999 | Tes Acc: 66.67
INFO >> Epoch: 8 |   Train Loss: 0.481 | Train Acc: 81.21 |   Val Loss: 0.894 | Val Acc: 61.62 |   Test Loss: 0.924 | Tes Acc: 68.60
INFO >> Epoch: 9 |   Train Loss: 0.404 | Train Acc: 82.89 |   Val Loss: 0.647 | Val Acc: 68.69 |   Test Loss: 0.926 | Tes Acc: 66.67
DEBUG >> Best state saved | Val Acc 77.77777910232544 | Test Acc 72.46376872062683

INFO >> Epoch: 10 |   Train Loss: 0.313 | Train Acc: 88.26 |   Val Loss: 0.503 | Val Acc: 77.78 |   Test Loss: 0.964 | Tes Acc: 72.46
INFO >> Epoch: 11 |   Train Loss: 0.218 | Train Acc: 94.30 |   Val Loss: 1.080 | Val Acc: 58.59 |   Test Loss: 0.872 | Tes Acc: 74.88
INFO >> Epoch: 12 |   Train Loss: 0.193 | Train Acc: 94.30 |   Val Loss: 1.379 | Val Acc: 55.56 |   Test Loss: 0.877 | Tes Acc: 71.98
INFO >> Epoch: 13 |   Train Loss: 0.110 | Train Acc: 96.98 |   Val Loss: 1.332 | Val Acc: 60.61 |   Test Loss: 0.863 | Tes Acc: 74.88
INFO >> Epoch: 14 |   Train Loss: 0.070 | Train Acc: 98.99 |   Val Loss: 1.784 | Val Acc: 59.60 |   Test Loss: 0.943 | Tes Acc: 74.40
INFO >> Epoch: 15 |   Train Loss: 0.062 | Train Acc: 98.99 |   Val Loss: 1.462 | Val Acc: 57.58 |   Test Loss: 0.834 | Tes Acc: 80.19
INFO >> Epoch: 16 |   Train Loss: 0.031 | Train Acc: 99.66 |   Val Loss: 1.696 | Val Acc: 55.56 |   Test Loss: 0.833 | Tes Acc: 76.81
INFO >> Epoch: 17 |   Train Loss: 0.024 | Train Acc: 100.00 |   Val Loss: 1.807 | Val Acc: 55.56 |   Test Loss: 0.990 | Tes Acc: 75.36
INFO >> Epoch: 18 |   Train Loss: 0.016 | Train Acc: 100.00 |   Val Loss: 1.751 | Val Acc: 57.58 |   Test Loss: 0.910 | Tes Acc: 76.81
INFO >> Epoch: 19 |   Train Loss: 0.014 | Train Acc: 100.00 |   Val Loss: 1.358 | Val Acc: 61.62 |   Test Loss: 0.967 | Tes Acc: 76.33
INFO >> Epoch: 20 |   Train Loss: 0.011 | Train Acc: 100.00 |   Val Loss: 1.437 | Val Acc: 61.62 |   Test Loss: 0.953 | Tes Acc: 78.26


INFO >> Time Taken: 2:41:56

INFO >> Best Val Acc : 77.77777910232544 | Best Test A : 72.46376872062683

INFO >> Agg. Weights : 
-0.00758626963943243 -0.21405808627605438 -0.24292942881584167 -0.012149902060627937 -0.04886195436120033 0.09626413136720657 -0.077772356569767 -0.22668959200382233 -0.23335112631320953 -0.12302593886852264 -0.0325319878757 0.18768395483493805 -0.020340751856565475 0.016008581966161728 0.12751394510269165 0.04156036302447319 0.22419236600399017 0.1908327341079712 0.0786406546831131 -0.12890954315662384 0.056779444217681885 0.14507119357585907 -0.1560364067554474 0.0605817586183548

DEBUG >> Last state saved | Val Acc 61.616164445877075 | Test Acc 78.2608687877655

INFO >> History saved (./history/v1.1/AESDD/HUBERT_LARGE/Run3/history.pt)
