
--------------------------------------------------
Multilingual SER System v1.2
--------------------------------------------------
Run Name      : Run2
Fx Model      : WAV2VEC2_LARGE_XLSR300M
Clf Model     : DENSE
Extract Mode  : gpu_memory
Dataset       : EMOVO
Device        : gpu
Epochs        : 20
Num Workers   : 2
Data Dir      : ./data
History Dir   : ./history
Weights Dir   : ./weights
Log Level     : debug
Purge Cache   : False
Job Name      : Job155
Job Id        : 30684254
GPU           : Quadro RTX 8000
GPU Count     : 1

Timestamp : 2023-03-02 07:56:54.906556

INFO >> Running on CUDA


INFO >> Training Classifier

INFO >> Epoch: 1 |   Train Loss: 2.059 | Train Acc: 14.29 |   Val Loss: 1.929 | Val Acc: 12.24 |   Test Loss: 1.973 | Tes Acc: 14.29
DEBUG >> Best state saved | Val Acc 12.244898080825806 | Test Acc 14.28571492433548

INFO >> Epoch: 2 |   Train Loss: 1.955 | Train Acc: 16.33 |   Val Loss: 2.059 | Val Acc: 16.33 |   Test Loss: 1.974 | Tes Acc: 13.27
DEBUG >> Best state saved | Val Acc 16.326530277729034 | Test Acc 13.265305757522583

INFO >> Epoch: 3 |   Train Loss: 1.929 | Train Acc: 17.69 |   Val Loss: 1.981 | Val Acc: 16.33 |   Test Loss: 2.020 | Tes Acc: 15.82
INFO >> Epoch: 4 |   Train Loss: 1.914 | Train Acc: 19.05 |   Val Loss: 1.965 | Val Acc: 21.43 |   Test Loss: 1.961 | Tes Acc: 15.82
DEBUG >> Best state saved | Val Acc 21.42857164144516 | Test Acc 15.816326439380646

INFO >> Epoch: 5 |   Train Loss: 1.866 | Train Acc: 18.71 |   Val Loss: 1.997 | Val Acc: 14.29 |   Test Loss: 2.074 | Tes Acc: 12.76
INFO >> Epoch: 6 |   Train Loss: 1.903 | Train Acc: 22.45 |   Val Loss: 2.001 | Val Acc: 22.45 |   Test Loss: 2.041 | Tes Acc: 11.73
DEBUG >> Best state saved | Val Acc 22.448979318141937 | Test Acc 11.734694242477417

INFO >> Epoch: 7 |   Train Loss: 1.910 | Train Acc: 18.03 |   Val Loss: 1.922 | Val Acc: 24.49 |   Test Loss: 1.956 | Tes Acc: 14.29
DEBUG >> Best state saved | Val Acc 24.48979616165161 | Test Acc 14.28571492433548

INFO >> Epoch: 8 |   Train Loss: 1.867 | Train Acc: 22.79 |   Val Loss: 2.022 | Val Acc: 21.43 |   Test Loss: 2.101 | Tes Acc: 13.78
INFO >> Epoch: 9 |   Train Loss: 1.856 | Train Acc: 21.43 |   Val Loss: 1.914 | Val Acc: 22.45 |   Test Loss: 1.973 | Tes Acc: 12.76
INFO >> Epoch: 10 |   Train Loss: 1.797 | Train Acc: 23.81 |   Val Loss: 1.906 | Val Acc: 33.67 |   Test Loss: 1.983 | Tes Acc: 16.84
DEBUG >> Best state saved | Val Acc 33.673468232154846 | Test Acc 16.836734116077423

INFO >> Epoch: 11 |   Train Loss: 1.793 | Train Acc: 26.87 |   Val Loss: 1.917 | Val Acc: 26.53 |   Test Loss: 1.972 | Tes Acc: 13.78
INFO >> Epoch: 12 |   Train Loss: 1.806 | Train Acc: 27.55 |   Val Loss: 1.882 | Val Acc: 13.27 |   Test Loss: 2.054 | Tes Acc: 17.35
INFO >> Epoch: 13 |   Train Loss: 1.765 | Train Acc: 27.89 |   Val Loss: 1.812 | Val Acc: 30.61 |   Test Loss: 1.911 | Tes Acc: 21.43
INFO >> Epoch: 14 |   Train Loss: 1.615 | Train Acc: 32.99 |   Val Loss: 1.884 | Val Acc: 31.63 |   Test Loss: 1.945 | Tes Acc: 14.29
INFO >> Epoch: 15 |   Train Loss: 1.703 | Train Acc: 29.59 |   Val Loss: 1.926 | Val Acc: 16.33 |   Test Loss: 2.112 | Tes Acc: 16.33
INFO >> Epoch: 16 |   Train Loss: 1.529 | Train Acc: 37.76 |   Val Loss: 1.780 | Val Acc: 35.71 |   Test Loss: 1.955 | Tes Acc: 18.37
DEBUG >> Best state saved | Val Acc 35.71428656578064 | Test Acc 18.36734712123871

INFO >> Epoch: 17 |   Train Loss: 1.447 | Train Acc: 45.92 |   Val Loss: 1.592 | Val Acc: 25.51 |   Test Loss: 2.079 | Tes Acc: 20.92
INFO >> Epoch: 18 |   Train Loss: 1.367 | Train Acc: 47.62 |   Val Loss: 1.567 | Val Acc: 37.76 |   Test Loss: 1.878 | Tes Acc: 24.49
DEBUG >> Best state saved | Val Acc 37.755101919174194 | Test Acc 24.48979616165161

INFO >> Epoch: 19 |   Train Loss: 1.657 | Train Acc: 43.88 |   Val Loss: 1.565 | Val Acc: 36.73 |   Test Loss: 1.905 | Tes Acc: 20.41
INFO >> Epoch: 20 |   Train Loss: 1.400 | Train Acc: 41.16 |   Val Loss: 1.602 | Val Acc: 36.73 |   Test Loss: 1.984 | Tes Acc: 18.37


INFO >> Time Taken: 06:26

INFO >> Best Val Acc : 37.755101919174194 | Best Test Acc : 24.48979616165161

INFO >> Agg. Weights : 
0.2753332853317261 0.30373817682266235 0.03381510078907013 0.22353580594062805 -0.17066124081611633 0.11980699002742767 0.09291090071201324 0.27617883682250977 -0.08270657062530518 -0.05506350100040436 -0.20208412408828735 -0.11768454313278198 0.16138987243175507 -0.06455890089273453 0.23068960011005402 0.06273707002401352 0.22146813571453094 0.04257798567414284 0.2697522044181824 0.08420568704605103 -0.15654954314231873 0.11422701179981232 -0.11098047345876694 -0.05846086144447327

DEBUG >> Last state saved | Val Acc 36.73469424247742 | Test Acc 18.36734712123871

INFO >> History saved (./history/v1.2/EMOVO/WAV2VEC2_LARGE_XLSR300M_DENSE/Run2/history.pt)
