
--------------------------------------------------
Multilingual SER System v1.4
--------------------------------------------------
Run Name      : Run1
Fx Model      : HUBERT_BASE
Clf Model     : PROBING_DENSE
Extract Mode  : gpu_memory
Dataset       : EMOVO
Device        : gpu
Epochs        : 30
Num Workers   : 3
Data Dir      : ./data
History Dir   : ./history
Weights Dir   : ./weights
Log Level     : debug
Purge Cache   : False
Job Name      : Job19
Job Id        : 30912798
GPU           : Quadro RTX 8000
GPU Count     : 1
GPU Memory    : 44.49 GB

Timestamp : 2023-03-11 03:29:58.270468

INFO >> Running on CUDA


INFO >> Training Classifier

INFO >> Epoch: 1  |  Layer:  1  |  Train Loss: 1.979 | Train Acc: 14.63  |  Val Loss: 1.963 | Val Acc: 14.29  |  Test Loss: 1.944 | Tes Acc: 14.29
INFO >> Epoch: 1  |  Layer:  2  |  Train Loss: 1.952 | Train Acc: 17.01  |  Val Loss: 1.937 | Val Acc: 17.35  |  Test Loss: 1.937 | Tes Acc: 14.80
INFO >> Epoch: 1  |  Layer:  3  |  Train Loss: 1.955 | Train Acc: 13.61  |  Val Loss: 1.937 | Val Acc: 16.33  |  Test Loss: 1.938 | Tes Acc: 14.80
INFO >> Epoch: 1  |  Layer:  4  |  Train Loss: 1.957 | Train Acc: 12.24  |  Val Loss: 1.933 | Val Acc: 15.31  |  Test Loss: 1.938 | Tes Acc: 14.80
INFO >> Epoch: 1  |  Layer:  5  |  Train Loss: 1.957 | Train Acc: 12.59  |  Val Loss: 1.937 | Val Acc: 16.33  |  Test Loss: 1.939 | Tes Acc: 15.82
INFO >> Epoch: 1  |  Layer:  6  |  Train Loss: 1.955 | Train Acc: 13.61  |  Val Loss: 1.935 | Val Acc: 16.33  |  Test Loss: 1.939 | Tes Acc: 13.78
INFO >> Epoch: 1  |  Layer:  7  |  Train Loss: 1.954 | Train Acc: 14.29  |  Val Loss: 1.932 | Val Acc: 20.41  |  Test Loss: 1.936 | Tes Acc: 18.37
INFO >> Epoch: 1  |  Layer:  8  |  Train Loss: 1.955 | Train Acc: 14.97  |  Val Loss: 1.936 | Val Acc: 16.33  |  Test Loss: 1.937 | Tes Acc: 16.84
INFO >> Epoch: 1  |  Layer:  9  |  Train Loss: 1.955 | Train Acc: 14.97  |  Val Loss: 1.934 | Val Acc: 16.33  |  Test Loss: 1.938 | Tes Acc: 15.82
INFO >> Epoch: 1  |  Layer: 10  |  Train Loss: 1.955 | Train Acc: 13.61  |  Val Loss: 1.935 | Val Acc: 16.33  |  Test Loss: 1.938 | Tes Acc: 13.78
INFO >> Epoch: 1  |  Layer: 11  |  Train Loss: 1.956 | Train Acc: 13.27  |  Val Loss: 1.934 | Val Acc: 16.33  |  Test Loss: 1.937 | Tes Acc: 13.27
INFO >> Epoch: 1  |  Layer: 12  |  Train Loss: 1.957 | Train Acc: 14.29  |  Val Loss: 1.934 | Val Acc: 18.37  |  Test Loss: 1.938 | Tes Acc: 16.33
INFO >> Epoch: 1  |  Layer: 13  |  Train Loss: 1.961 | Train Acc: 13.27  |  Val Loss: 1.935 | Val Acc: 15.31  |  Test Loss: 1.940 | Tes Acc: 13.27

INFO >> Epoch: 2  |  Layer:  1  |  Train Loss: 1.949 | Train Acc: 12.59  |  Val Loss: 1.931 | Val Acc: 21.43  |  Test Loss: 1.909 | Tes Acc: 17.86
INFO >> Epoch: 2  |  Layer:  2  |  Train Loss: 1.917 | Train Acc: 31.29  |  Val Loss: 1.908 | Val Acc: 17.35  |  Test Loss: 1.908 | Tes Acc: 19.90
INFO >> Epoch: 2  |  Layer:  3  |  Train Loss: 1.924 | Train Acc: 28.23  |  Val Loss: 1.914 | Val Acc: 25.51  |  Test Loss: 1.920 | Tes Acc: 23.98
INFO >> Epoch: 2  |  Layer:  4  |  Train Loss: 1.927 | Train Acc: 26.53  |  Val Loss: 1.914 | Val Acc: 26.53  |  Test Loss: 1.923 | Tes Acc: 20.41
INFO >> Epoch: 2  |  Layer:  5  |  Train Loss: 1.931 | Train Acc: 18.71  |  Val Loss: 1.926 | Val Acc: 30.61  |  Test Loss: 1.931 | Tes Acc: 18.37
INFO >> Epoch: 2  |  Layer:  6  |  Train Loss: 1.927 | Train Acc: 26.19  |  Val Loss: 1.919 | Val Acc: 36.73  |  Test Loss: 1.927 | Tes Acc: 17.86
INFO >> Epoch: 2  |  Layer:  7  |  Train Loss: 1.923 | Train Acc: 26.53  |  Val Loss: 1.914 | Val Acc: 42.86  |  Test Loss: 1.919 | Tes Acc: 23.98
INFO >> Epoch: 2  |  Layer:  8  |  Train Loss: 1.927 | Train Acc: 24.49  |  Val Loss: 1.924 | Val Acc: 21.43  |  Test Loss: 1.924 | Tes Acc: 15.31
INFO >> Epoch: 2  |  Layer:  9  |  Train Loss: 1.926 | Train Acc: 22.45  |  Val Loss: 1.923 | Val Acc: 29.59  |  Test Loss: 1.927 | Tes Acc: 15.82
INFO >> Epoch: 2  |  Layer: 10  |  Train Loss: 1.927 | Train Acc: 23.47  |  Val Loss: 1.927 | Val Acc: 23.47  |  Test Loss: 1.924 | Tes Acc: 9.69
INFO >> Epoch: 2  |  Layer: 11  |  Train Loss: 1.925 | Train Acc: 21.09  |  Val Loss: 1.927 | Val Acc: 23.47  |  Test Loss: 1.924 | Tes Acc: 13.27
INFO >> Epoch: 2  |  Layer: 12  |  Train Loss: 1.927 | Train Acc: 24.15  |  Val Loss: 1.921 | Val Acc: 25.51  |  Test Loss: 1.926 | Tes Acc: 15.82
INFO >> Epoch: 2  |  Layer: 13  |  Train Loss: 1.926 | Train Acc: 22.11  |  Val Loss: 1.931 | Val Acc: 26.53  |  Test Loss: 1.937 | Tes Acc: 15.31

INFO >> Epoch: 3  |  Layer:  1  |  Train Loss: 1.894 | Train Acc: 23.13  |  Val Loss: 1.862 | Val Acc: 33.67  |  Test Loss: 1.880 | Tes Acc: 28.57
INFO >> Epoch: 3  |  Layer:  2  |  Train Loss: 1.842 | Train Acc: 26.87  |  Val Loss: 1.827 | Val Acc: 24.49  |  Test Loss: 1.846 | Tes Acc: 31.12
INFO >> Epoch: 3  |  Layer:  3  |  Train Loss: 1.869 | Train Acc: 29.59  |  Val Loss: 1.826 | Val Acc: 29.59  |  Test Loss: 1.869 | Tes Acc: 32.14
INFO >> Epoch: 3  |  Layer:  4  |  Train Loss: 1.878 | Train Acc: 31.97  |  Val Loss: 1.826 | Val Acc: 36.73  |  Test Loss: 1.881 | Tes Acc: 32.14
INFO >> Epoch: 3  |  Layer:  5  |  Train Loss: 1.898 | Train Acc: 28.23  |  Val Loss: 1.875 | Val Acc: 30.61  |  Test Loss: 1.908 | Tes Acc: 26.02
INFO >> Epoch: 3  |  Layer:  6  |  Train Loss: 1.891 | Train Acc: 30.95  |  Val Loss: 1.850 | Val Acc: 29.59  |  Test Loss: 1.894 | Tes Acc: 30.10
INFO >> Epoch: 3  |  Layer:  7  |  Train Loss: 1.877 | Train Acc: 31.63  |  Val Loss: 1.834 | Val Acc: 30.61  |  Test Loss: 1.873 | Tes Acc: 32.65
INFO >> Epoch: 3  |  Layer:  8  |  Train Loss: 1.890 | Train Acc: 28.23  |  Val Loss: 1.853 | Val Acc: 35.71  |  Test Loss: 1.885 | Tes Acc: 29.08
INFO >> Epoch: 3  |  Layer:  9  |  Train Loss: 1.892 | Train Acc: 29.59  |  Val Loss: 1.863 | Val Acc: 26.53  |  Test Loss: 1.895 | Tes Acc: 29.59
INFO >> Epoch: 3  |  Layer: 10  |  Train Loss: 1.888 | Train Acc: 29.93  |  Val Loss: 1.857 | Val Acc: 25.51  |  Test Loss: 1.885 | Tes Acc: 29.08
INFO >> Epoch: 3  |  Layer: 11  |  Train Loss: 1.886 | Train Acc: 30.95  |  Val Loss: 1.850 | Val Acc: 31.63  |  Test Loss: 1.887 | Tes Acc: 28.57
INFO >> Epoch: 3  |  Layer: 12  |  Train Loss: 1.888 | Train Acc: 29.59  |  Val Loss: 1.841 | Val Acc: 29.59  |  Test Loss: 1.888 | Tes Acc: 29.59
INFO >> Epoch: 3  |  Layer: 13  |  Train Loss: 1.888 | Train Acc: 30.61  |  Val Loss: 1.869 | Val Acc: 21.43  |  Test Loss: 1.925 | Tes Acc: 21.94

INFO >> Epoch: 4  |  Layer:  1  |  Train Loss: 1.816 | Train Acc: 23.47  |  Val Loss: 1.868 | Val Acc: 19.39  |  Test Loss: 1.862 | Tes Acc: 22.45
INFO >> Epoch: 4  |  Layer:  2  |  Train Loss: 1.711 | Train Acc: 31.29  |  Val Loss: 1.787 | Val Acc: 33.67  |  Test Loss: 1.773 | Tes Acc: 22.96
INFO >> Epoch: 4  |  Layer:  3  |  Train Loss: 1.741 | Train Acc: 34.35  |  Val Loss: 1.727 | Val Acc: 34.69  |  Test Loss: 1.774 | Tes Acc: 25.00
INFO >> Epoch: 4  |  Layer:  4  |  Train Loss: 1.763 | Train Acc: 37.07  |  Val Loss: 1.709 | Val Acc: 34.69  |  Test Loss: 1.791 | Tes Acc: 26.53
INFO >> Epoch: 4  |  Layer:  5  |  Train Loss: 1.814 | Train Acc: 39.12  |  Val Loss: 1.772 | Val Acc: 40.82  |  Test Loss: 1.845 | Tes Acc: 25.51
INFO >> Epoch: 4  |  Layer:  6  |  Train Loss: 1.792 | Train Acc: 40.82  |  Val Loss: 1.738 | Val Acc: 36.73  |  Test Loss: 1.820 | Tes Acc: 22.96
INFO >> Epoch: 4  |  Layer:  7  |  Train Loss: 1.752 | Train Acc: 39.12  |  Val Loss: 1.714 | Val Acc: 37.76  |  Test Loss: 1.769 | Tes Acc: 29.59
INFO >> Epoch: 4  |  Layer:  8  |  Train Loss: 1.790 | Train Acc: 36.39  |  Val Loss: 1.741 | Val Acc: 36.73  |  Test Loss: 1.793 | Tes Acc: 28.57
INFO >> Epoch: 4  |  Layer:  9  |  Train Loss: 1.794 | Train Acc: 34.69  |  Val Loss: 1.789 | Val Acc: 33.67  |  Test Loss: 1.825 | Tes Acc: 23.47
INFO >> Epoch: 4  |  Layer: 10  |  Train Loss: 1.782 | Train Acc: 37.07  |  Val Loss: 1.765 | Val Acc: 28.57  |  Test Loss: 1.794 | Tes Acc: 25.00
INFO >> Epoch: 4  |  Layer: 11  |  Train Loss: 1.780 | Train Acc: 35.71  |  Val Loss: 1.750 | Val Acc: 31.63  |  Test Loss: 1.798 | Tes Acc: 25.51
INFO >> Epoch: 4  |  Layer: 12  |  Train Loss: 1.782 | Train Acc: 36.05  |  Val Loss: 1.715 | Val Acc: 37.76  |  Test Loss: 1.795 | Tes Acc: 30.10
INFO >> Epoch: 4  |  Layer: 13  |  Train Loss: 1.788 | Train Acc: 33.67  |  Val Loss: 1.794 | Val Acc: 32.65  |  Test Loss: 1.842 | Tes Acc: 26.02

INFO >> Epoch: 5  |  Layer:  1  |  Train Loss: 1.761 | Train Acc: 26.53  |  Val Loss: 1.750 | Val Acc: 31.63  |  Test Loss: 1.805 | Tes Acc: 27.04
INFO >> Epoch: 5  |  Layer:  2  |  Train Loss: 1.595 | Train Acc: 36.39  |  Val Loss: 1.809 | Val Acc: 30.61  |  Test Loss: 1.755 | Tes Acc: 23.47
INFO >> Epoch: 5  |  Layer:  3  |  Train Loss: 1.596 | Train Acc: 38.44  |  Val Loss: 1.762 | Val Acc: 30.61  |  Test Loss: 1.758 | Tes Acc: 21.43
INFO >> Epoch: 5  |  Layer:  4  |  Train Loss: 1.596 | Train Acc: 39.80  |  Val Loss: 1.593 | Val Acc: 37.76  |  Test Loss: 1.721 | Tes Acc: 20.92
INFO >> Epoch: 5  |  Layer:  5  |  Train Loss: 1.672 | Train Acc: 44.56  |  Val Loss: 1.704 | Val Acc: 30.61  |  Test Loss: 1.749 | Tes Acc: 20.92
INFO >> Epoch: 5  |  Layer:  6  |  Train Loss: 1.637 | Train Acc: 43.54  |  Val Loss: 1.690 | Val Acc: 35.71  |  Test Loss: 1.711 | Tes Acc: 22.45
INFO >> Epoch: 5  |  Layer:  7  |  Train Loss: 1.570 | Train Acc: 43.88  |  Val Loss: 1.592 | Val Acc: 40.82  |  Test Loss: 1.653 | Tes Acc: 26.53
INFO >> Epoch: 5  |  Layer:  8  |  Train Loss: 1.625 | Train Acc: 42.86  |  Val Loss: 1.630 | Val Acc: 37.76  |  Test Loss: 1.663 | Tes Acc: 27.55
INFO >> Epoch: 5  |  Layer:  9  |  Train Loss: 1.634 | Train Acc: 42.52  |  Val Loss: 1.686 | Val Acc: 34.69  |  Test Loss: 1.722 | Tes Acc: 26.53
INFO >> Epoch: 5  |  Layer: 10  |  Train Loss: 1.610 | Train Acc: 46.26  |  Val Loss: 1.677 | Val Acc: 32.65  |  Test Loss: 1.706 | Tes Acc: 25.00
INFO >> Epoch: 5  |  Layer: 11  |  Train Loss: 1.614 | Train Acc: 40.48  |  Val Loss: 1.696 | Val Acc: 26.53  |  Test Loss: 1.726 | Tes Acc: 24.49
INFO >> Epoch: 5  |  Layer: 12  |  Train Loss: 1.613 | Train Acc: 41.84  |  Val Loss: 1.676 | Val Acc: 32.65  |  Test Loss: 1.705 | Tes Acc: 26.53
INFO >> Epoch: 5  |  Layer: 13  |  Train Loss: 1.636 | Train Acc: 38.10  |  Val Loss: 1.898 | Val Acc: 23.47  |  Test Loss: 1.820 | Tes Acc: 25.51

INFO >> Epoch: 6  |  Layer:  1  |  Train Loss: 1.717 | Train Acc: 28.91  |  Val Loss: 1.690 | Val Acc: 36.73  |  Test Loss: 1.900 | Tes Acc: 26.02
INFO >> Epoch: 6  |  Layer:  2  |  Train Loss: 1.483 | Train Acc: 41.50  |  Val Loss: 1.700 | Val Acc: 30.61  |  Test Loss: 1.791 | Tes Acc: 25.00
INFO >> Epoch: 6  |  Layer:  3  |  Train Loss: 1.457 | Train Acc: 45.58  |  Val Loss: 1.653 | Val Acc: 33.67  |  Test Loss: 1.759 | Tes Acc: 24.49
INFO >> Epoch: 6  |  Layer:  4  |  Train Loss: 1.414 | Train Acc: 43.20  |  Val Loss: 1.625 | Val Acc: 26.53  |  Test Loss: 1.734 | Tes Acc: 23.98
INFO >> Epoch: 6  |  Layer:  5  |  Train Loss: 1.474 | Train Acc: 46.26  |  Val Loss: 1.598 | Val Acc: 33.67  |  Test Loss: 1.742 | Tes Acc: 28.06
INFO >> Epoch: 6  |  Layer:  6  |  Train Loss: 1.412 | Train Acc: 48.64  |  Val Loss: 1.693 | Val Acc: 32.65  |  Test Loss: 1.734 | Tes Acc: 26.53
INFO >> Epoch: 6  |  Layer:  7  |  Train Loss: 1.357 | Train Acc: 50.00  |  Val Loss: 1.640 | Val Acc: 32.65  |  Test Loss: 1.664 | Tes Acc: 29.08
INFO >> Epoch: 6  |  Layer:  8  |  Train Loss: 1.397 | Train Acc: 49.32  |  Val Loss: 1.606 | Val Acc: 37.76  |  Test Loss: 1.668 | Tes Acc: 30.61
INFO >> Epoch: 6  |  Layer:  9  |  Train Loss: 1.414 | Train Acc: 50.68  |  Val Loss: 1.669 | Val Acc: 37.76  |  Test Loss: 1.756 | Tes Acc: 26.02
INFO >> Epoch: 6  |  Layer: 10  |  Train Loss: 1.392 | Train Acc: 51.02  |  Val Loss: 1.699 | Val Acc: 31.63  |  Test Loss: 1.775 | Tes Acc: 24.49
INFO >> Epoch: 6  |  Layer: 11  |  Train Loss: 1.423 | Train Acc: 48.64  |  Val Loss: 1.677 | Val Acc: 32.65  |  Test Loss: 1.757 | Tes Acc: 26.53
INFO >> Epoch: 6  |  Layer: 12  |  Train Loss: 1.419 | Train Acc: 46.60  |  Val Loss: 1.644 | Val Acc: 33.67  |  Test Loss: 1.757 | Tes Acc: 27.04
INFO >> Epoch: 6  |  Layer: 13  |  Train Loss: 1.447 | Train Acc: 44.90  |  Val Loss: 1.950 | Val Acc: 28.57  |  Test Loss: 1.913 | Tes Acc: 25.51

INFO >> Epoch: 7  |  Layer:  1  |  Train Loss: 1.606 | Train Acc: 30.95  |  Val Loss: 1.843 | Val Acc: 34.69  |  Test Loss: 1.884 | Tes Acc: 18.88
INFO >> Epoch: 7  |  Layer:  2  |  Train Loss: 1.360 | Train Acc: 42.86  |  Val Loss: 1.729 | Val Acc: 27.55  |  Test Loss: 1.805 | Tes Acc: 21.43
INFO >> Epoch: 7  |  Layer:  3  |  Train Loss: 1.326 | Train Acc: 47.96  |  Val Loss: 1.736 | Val Acc: 24.49  |  Test Loss: 1.856 | Tes Acc: 20.41
INFO >> Epoch: 7  |  Layer:  4  |  Train Loss: 1.260 | Train Acc: 52.72  |  Val Loss: 1.471 | Val Acc: 35.71  |  Test Loss: 1.745 | Tes Acc: 20.92
INFO >> Epoch: 7  |  Layer:  5  |  Train Loss: 1.294 | Train Acc: 52.38  |  Val Loss: 1.570 | Val Acc: 37.76  |  Test Loss: 1.795 | Tes Acc: 20.41
INFO >> Epoch: 7  |  Layer:  6  |  Train Loss: 1.244 | Train Acc: 55.44  |  Val Loss: 1.697 | Val Acc: 30.61  |  Test Loss: 1.793 | Tes Acc: 26.02
INFO >> Epoch: 7  |  Layer:  7  |  Train Loss: 1.182 | Train Acc: 54.76  |  Val Loss: 1.551 | Val Acc: 34.69  |  Test Loss: 1.653 | Tes Acc: 29.59
INFO >> Epoch: 7  |  Layer:  8  |  Train Loss: 1.226 | Train Acc: 53.40  |  Val Loss: 1.589 | Val Acc: 39.80  |  Test Loss: 1.676 | Tes Acc: 28.57
INFO >> Epoch: 7  |  Layer:  9  |  Train Loss: 1.259 | Train Acc: 51.36  |  Val Loss: 1.674 | Val Acc: 37.76  |  Test Loss: 1.796 | Tes Acc: 26.53
INFO >> Epoch: 7  |  Layer: 10  |  Train Loss: 1.255 | Train Acc: 49.32  |  Val Loss: 1.700 | Val Acc: 35.71  |  Test Loss: 1.837 | Tes Acc: 25.51
INFO >> Epoch: 7  |  Layer: 11  |  Train Loss: 1.304 | Train Acc: 47.62  |  Val Loss: 1.637 | Val Acc: 37.76  |  Test Loss: 1.810 | Tes Acc: 28.57
INFO >> Epoch: 7  |  Layer: 12  |  Train Loss: 1.301 | Train Acc: 45.92  |  Val Loss: 1.587 | Val Acc: 37.76  |  Test Loss: 1.844 | Tes Acc: 23.98
INFO >> Epoch: 7  |  Layer: 13  |  Train Loss: 1.380 | Train Acc: 42.86  |  Val Loss: 1.921 | Val Acc: 34.69  |  Test Loss: 1.977 | Tes Acc: 23.98

INFO >> Epoch: 8  |  Layer:  1  |  Train Loss: 1.590 | Train Acc: 31.97  |  Val Loss: 1.801 | Val Acc: 29.59  |  Test Loss: 1.913 | Tes Acc: 18.88
INFO >> Epoch: 8  |  Layer:  2  |  Train Loss: 1.299 | Train Acc: 46.26  |  Val Loss: 1.808 | Val Acc: 30.61  |  Test Loss: 1.824 | Tes Acc: 28.06
INFO >> Epoch: 8  |  Layer:  3  |  Train Loss: 1.247 | Train Acc: 49.66  |  Val Loss: 1.677 | Val Acc: 41.84  |  Test Loss: 1.784 | Tes Acc: 26.02
INFO >> Epoch: 8  |  Layer:  4  |  Train Loss: 1.186 | Train Acc: 54.08  |  Val Loss: 1.376 | Val Acc: 44.90  |  Test Loss: 1.733 | Tes Acc: 27.04
INFO >> Epoch: 8  |  Layer:  5  |  Train Loss: 1.211 | Train Acc: 52.38  |  Val Loss: 1.498 | Val Acc: 35.71  |  Test Loss: 1.754 | Tes Acc: 31.63
INFO >> Epoch: 8  |  Layer:  6  |  Train Loss: 1.165 | Train Acc: 55.44  |  Val Loss: 1.769 | Val Acc: 33.67  |  Test Loss: 1.715 | Tes Acc: 30.10
INFO >> Epoch: 8  |  Layer:  7  |  Train Loss: 1.092 | Train Acc: 57.14  |  Val Loss: 1.462 | Val Acc: 36.73  |  Test Loss: 1.640 | Tes Acc: 34.69
INFO >> Epoch: 8  |  Layer:  8  |  Train Loss: 1.129 | Train Acc: 57.48  |  Val Loss: 1.624 | Val Acc: 36.73  |  Test Loss: 1.681 | Tes Acc: 37.24
INFO >> Epoch: 8  |  Layer:  9  |  Train Loss: 1.156 | Train Acc: 56.12  |  Val Loss: 1.698 | Val Acc: 39.80  |  Test Loss: 1.757 | Tes Acc: 35.20
INFO >> Epoch: 8  |  Layer: 10  |  Train Loss: 1.153 | Train Acc: 55.78  |  Val Loss: 1.670 | Val Acc: 39.80  |  Test Loss: 1.790 | Tes Acc: 34.18
INFO >> Epoch: 8  |  Layer: 11  |  Train Loss: 1.208 | Train Acc: 51.36  |  Val Loss: 1.648 | Val Acc: 39.80  |  Test Loss: 1.814 | Tes Acc: 34.18
INFO >> Epoch: 8  |  Layer: 12  |  Train Loss: 1.217 | Train Acc: 50.68  |  Val Loss: 1.567 | Val Acc: 42.86  |  Test Loss: 1.809 | Tes Acc: 34.69
INFO >> Epoch: 8  |  Layer: 13  |  Train Loss: 1.287 | Train Acc: 51.36  |  Val Loss: 2.247 | Val Acc: 29.59  |  Test Loss: 2.024 | Tes Acc: 35.20

INFO >> Epoch: 9  |  Layer:  1  |  Train Loss: 1.542 | Train Acc: 39.80  |  Val Loss: 1.648 | Val Acc: 30.61  |  Test Loss: 1.998 | Tes Acc: 26.53
INFO >> Epoch: 9  |  Layer:  2  |  Train Loss: 1.265 | Train Acc: 53.40  |  Val Loss: 1.744 | Val Acc: 28.57  |  Test Loss: 1.849 | Tes Acc: 29.08
INFO >> Epoch: 9  |  Layer:  3  |  Train Loss: 1.202 | Train Acc: 55.78  |  Val Loss: 1.653 | Val Acc: 33.67  |  Test Loss: 1.918 | Tes Acc: 26.53
INFO >> Epoch: 9  |  Layer:  4  |  Train Loss: 1.092 | Train Acc: 61.22  |  Val Loss: 1.608 | Val Acc: 28.57  |  Test Loss: 1.894 | Tes Acc: 28.06
INFO >> Epoch: 9  |  Layer:  5  |  Train Loss: 1.127 | Train Acc: 61.56  |  Val Loss: 1.634 | Val Acc: 31.63  |  Test Loss: 1.846 | Tes Acc: 29.08
INFO >> Epoch: 9  |  Layer:  6  |  Train Loss: 1.062 | Train Acc: 61.56  |  Val Loss: 1.989 | Val Acc: 35.71  |  Test Loss: 1.832 | Tes Acc: 31.63
INFO >> Epoch: 9  |  Layer:  7  |  Train Loss: 0.982 | Train Acc: 66.33  |  Val Loss: 1.552 | Val Acc: 37.76  |  Test Loss: 1.726 | Tes Acc: 35.71
INFO >> Epoch: 9  |  Layer:  8  |  Train Loss: 1.004 | Train Acc: 66.33  |  Val Loss: 1.903 | Val Acc: 32.65  |  Test Loss: 1.806 | Tes Acc: 33.67
INFO >> Epoch: 9  |  Layer:  9  |  Train Loss: 1.075 | Train Acc: 61.90  |  Val Loss: 1.896 | Val Acc: 31.63  |  Test Loss: 1.920 | Tes Acc: 30.10
INFO >> Epoch: 9  |  Layer: 10  |  Train Loss: 1.078 | Train Acc: 61.56  |  Val Loss: 1.768 | Val Acc: 31.63  |  Test Loss: 1.902 | Tes Acc: 32.65
INFO >> Epoch: 9  |  Layer: 11  |  Train Loss: 1.131 | Train Acc: 55.78  |  Val Loss: 1.712 | Val Acc: 34.69  |  Test Loss: 1.938 | Tes Acc: 32.65
INFO >> Epoch: 9  |  Layer: 12  |  Train Loss: 1.150 | Train Acc: 55.44  |  Val Loss: 1.665 | Val Acc: 31.63  |  Test Loss: 1.866 | Tes Acc: 36.22
INFO >> Epoch: 9  |  Layer: 13  |  Train Loss: 1.255 | Train Acc: 49.66  |  Val Loss: 2.370 | Val Acc: 25.51  |  Test Loss: 2.166 | Tes Acc: 32.65

INFO >> Epoch: 10  |  Layer:  1  |  Train Loss: 1.471 | Train Acc: 36.05  |  Val Loss: 1.778 | Val Acc: 31.63  |  Test Loss: 2.014 | Tes Acc: 15.31
INFO >> Epoch: 10  |  Layer:  2  |  Train Loss: 1.075 | Train Acc: 59.18  |  Val Loss: 1.766 | Val Acc: 35.71  |  Test Loss: 1.833 | Tes Acc: 24.49
INFO >> Epoch: 10  |  Layer:  3  |  Train Loss: 1.053 | Train Acc: 56.12  |  Val Loss: 1.669 | Val Acc: 38.78  |  Test Loss: 1.863 | Tes Acc: 24.49
INFO >> Epoch: 10  |  Layer:  4  |  Train Loss: 0.969 | Train Acc: 64.29  |  Val Loss: 1.426 | Val Acc: 42.86  |  Test Loss: 1.831 | Tes Acc: 29.08
INFO >> Epoch: 10  |  Layer:  5  |  Train Loss: 0.986 | Train Acc: 62.59  |  Val Loss: 1.449 | Val Acc: 44.90  |  Test Loss: 1.770 | Tes Acc: 25.00
INFO >> Epoch: 10  |  Layer:  6  |  Train Loss: 0.945 | Train Acc: 63.95  |  Val Loss: 1.785 | Val Acc: 31.63  |  Test Loss: 1.758 | Tes Acc: 33.67
INFO >> Epoch: 10  |  Layer:  7  |  Train Loss: 0.854 | Train Acc: 70.07  |  Val Loss: 1.543 | Val Acc: 39.80  |  Test Loss: 1.685 | Tes Acc: 33.67
INFO >> Epoch: 10  |  Layer:  8  |  Train Loss: 0.914 | Train Acc: 64.97  |  Val Loss: 1.837 | Val Acc: 36.73  |  Test Loss: 1.678 | Tes Acc: 37.24
INFO >> Epoch: 10  |  Layer:  9  |  Train Loss: 0.995 | Train Acc: 61.90  |  Val Loss: 2.004 | Val Acc: 36.73  |  Test Loss: 1.923 | Tes Acc: 31.12
INFO >> Epoch: 10  |  Layer: 10  |  Train Loss: 0.969 | Train Acc: 61.90  |  Val Loss: 1.922 | Val Acc: 35.71  |  Test Loss: 1.929 | Tes Acc: 28.57
INFO >> Epoch: 10  |  Layer: 11  |  Train Loss: 1.042 | Train Acc: 56.12  |  Val Loss: 1.640 | Val Acc: 38.78  |  Test Loss: 1.807 | Tes Acc: 32.65
INFO >> Epoch: 10  |  Layer: 12  |  Train Loss: 1.042 | Train Acc: 55.10  |  Val Loss: 1.569 | Val Acc: 41.84  |  Test Loss: 1.805 | Tes Acc: 31.63
INFO >> Epoch: 10  |  Layer: 13  |  Train Loss: 1.172 | Train Acc: 49.66  |  Val Loss: 2.115 | Val Acc: 35.71  |  Test Loss: 1.935 | Tes Acc: 30.61

INFO >> Epoch: 11  |  Layer:  1  |  Train Loss: 1.452 | Train Acc: 40.14  |  Val Loss: 1.735 | Val Acc: 24.49  |  Test Loss: 2.183 | Tes Acc: 23.98
INFO >> Epoch: 11  |  Layer:  2  |  Train Loss: 1.042 | Train Acc: 63.27  |  Val Loss: 1.576 | Val Acc: 37.76  |  Test Loss: 1.928 | Tes Acc: 31.12
INFO >> Epoch: 11  |  Layer:  3  |  Train Loss: 1.008 | Train Acc: 62.24  |  Val Loss: 1.623 | Val Acc: 37.76  |  Test Loss: 1.838 | Tes Acc: 28.06
INFO >> Epoch: 11  |  Layer:  4  |  Train Loss: 0.939 | Train Acc: 66.67  |  Val Loss: 1.370 | Val Acc: 43.88  |  Test Loss: 1.767 | Tes Acc: 34.18
INFO >> Epoch: 11  |  Layer:  5  |  Train Loss: 0.920 | Train Acc: 68.03  |  Val Loss: 1.477 | Val Acc: 44.90  |  Test Loss: 1.700 | Tes Acc: 33.16
INFO >> Epoch: 11  |  Layer:  6  |  Train Loss: 0.884 | Train Acc: 68.37  |  Val Loss: 1.622 | Val Acc: 42.86  |  Test Loss: 1.711 | Tes Acc: 32.65
INFO >> Epoch: 11  |  Layer:  7  |  Train Loss: 0.803 | Train Acc: 72.11  |  Val Loss: 1.583 | Val Acc: 46.94  |  Test Loss: 1.633 | Tes Acc: 36.73
INFO >> Epoch: 11  |  Layer:  8  |  Train Loss: 0.831 | Train Acc: 71.43  |  Val Loss: 1.745 | Val Acc: 39.80  |  Test Loss: 1.670 | Tes Acc: 37.76
INFO >> Epoch: 11  |  Layer:  9  |  Train Loss: 0.897 | Train Acc: 68.71  |  Val Loss: 1.728 | Val Acc: 38.78  |  Test Loss: 1.845 | Tes Acc: 32.65
INFO >> Epoch: 11  |  Layer: 10  |  Train Loss: 0.895 | Train Acc: 67.35  |  Val Loss: 1.697 | Val Acc: 37.76  |  Test Loss: 1.863 | Tes Acc: 35.71
INFO >> Epoch: 11  |  Layer: 11  |  Train Loss: 0.986 | Train Acc: 63.95  |  Val Loss: 1.596 | Val Acc: 42.86  |  Test Loss: 1.764 | Tes Acc: 34.18
INFO >> Epoch: 11  |  Layer: 12  |  Train Loss: 0.990 | Train Acc: 60.54  |  Val Loss: 1.370 | Val Acc: 48.98  |  Test Loss: 1.766 | Tes Acc: 34.18
INFO >> Epoch: 11  |  Layer: 13  |  Train Loss: 1.121 | Train Acc: 58.16  |  Val Loss: 1.933 | Val Acc: 38.78  |  Test Loss: 2.057 | Tes Acc: 36.73

INFO >> Epoch: 12  |  Layer:  1  |  Train Loss: 1.380 | Train Acc: 41.84  |  Val Loss: 1.650 | Val Acc: 25.51  |  Test Loss: 2.095 | Tes Acc: 21.94
INFO >> Epoch: 12  |  Layer:  2  |  Train Loss: 0.943 | Train Acc: 68.71  |  Val Loss: 1.514 | Val Acc: 36.73  |  Test Loss: 2.007 | Tes Acc: 30.10
INFO >> Epoch: 12  |  Layer:  3  |  Train Loss: 0.892 | Train Acc: 68.03  |  Val Loss: 1.569 | Val Acc: 40.82  |  Test Loss: 2.016 | Tes Acc: 30.61
INFO >> Epoch: 12  |  Layer:  4  |  Train Loss: 0.820 | Train Acc: 69.39  |  Val Loss: 1.455 | Val Acc: 45.92  |  Test Loss: 1.899 | Tes Acc: 32.65
INFO >> Epoch: 12  |  Layer:  5  |  Train Loss: 0.802 | Train Acc: 71.09  |  Val Loss: 1.424 | Val Acc: 43.88  |  Test Loss: 1.836 | Tes Acc: 35.20
INFO >> Epoch: 12  |  Layer:  6  |  Train Loss: 0.750 | Train Acc: 74.49  |  Val Loss: 1.645 | Val Acc: 41.84  |  Test Loss: 1.874 | Tes Acc: 35.20
INFO >> Epoch: 12  |  Layer:  7  |  Train Loss: 0.669 | Train Acc: 78.57  |  Val Loss: 1.633 | Val Acc: 37.76  |  Test Loss: 1.851 | Tes Acc: 36.22
INFO >> Epoch: 12  |  Layer:  8  |  Train Loss: 0.704 | Train Acc: 76.87  |  Val Loss: 1.841 | Val Acc: 35.71  |  Test Loss: 1.873 | Tes Acc: 34.18
INFO >> Epoch: 12  |  Layer:  9  |  Train Loss: 0.776 | Train Acc: 76.87  |  Val Loss: 1.786 | Val Acc: 41.84  |  Test Loss: 1.985 | Tes Acc: 37.24
INFO >> Epoch: 12  |  Layer: 10  |  Train Loss: 0.795 | Train Acc: 74.15  |  Val Loss: 1.829 | Val Acc: 42.86  |  Test Loss: 1.967 | Tes Acc: 33.16
INFO >> Epoch: 12  |  Layer: 11  |  Train Loss: 0.894 | Train Acc: 67.35  |  Val Loss: 1.715 | Val Acc: 43.88  |  Test Loss: 1.945 | Tes Acc: 35.71
INFO >> Epoch: 12  |  Layer: 12  |  Train Loss: 0.880 | Train Acc: 69.39  |  Val Loss: 1.400 | Val Acc: 48.98  |  Test Loss: 1.888 | Tes Acc: 32.65
INFO >> Epoch: 12  |  Layer: 13  |  Train Loss: 1.025 | Train Acc: 62.93  |  Val Loss: 1.919 | Val Acc: 41.84  |  Test Loss: 2.213 | Tes Acc: 33.67

INFO >> Epoch: 13  |  Layer:  1  |  Train Loss: 1.306 | Train Acc: 46.60  |  Val Loss: 1.631 | Val Acc: 33.67  |  Test Loss: 2.125 | Tes Acc: 21.43
INFO >> Epoch: 13  |  Layer:  2  |  Train Loss: 0.859 | Train Acc: 69.39  |  Val Loss: 1.653 | Val Acc: 28.57  |  Test Loss: 2.087 | Tes Acc: 31.12
INFO >> Epoch: 13  |  Layer:  3  |  Train Loss: 0.819 | Train Acc: 71.77  |  Val Loss: 1.712 | Val Acc: 30.61  |  Test Loss: 2.161 | Tes Acc: 27.04
INFO >> Epoch: 13  |  Layer:  4  |  Train Loss: 0.750 | Train Acc: 75.85  |  Val Loss: 1.484 | Val Acc: 40.82  |  Test Loss: 1.984 | Tes Acc: 28.06
INFO >> Epoch: 13  |  Layer:  5  |  Train Loss: 0.705 | Train Acc: 77.55  |  Val Loss: 1.501 | Val Acc: 32.65  |  Test Loss: 1.950 | Tes Acc: 31.12
INFO >> Epoch: 13  |  Layer:  6  |  Train Loss: 0.690 | Train Acc: 78.23  |  Val Loss: 1.739 | Val Acc: 38.78  |  Test Loss: 1.982 | Tes Acc: 35.20
INFO >> Epoch: 13  |  Layer:  7  |  Train Loss: 0.640 | Train Acc: 78.91  |  Val Loss: 1.529 | Val Acc: 45.92  |  Test Loss: 1.954 | Tes Acc: 36.73
INFO >> Epoch: 13  |  Layer:  8  |  Train Loss: 0.654 | Train Acc: 77.55  |  Val Loss: 2.047 | Val Acc: 33.67  |  Test Loss: 2.037 | Tes Acc: 38.78
INFO >> Epoch: 13  |  Layer:  9  |  Train Loss: 0.727 | Train Acc: 76.53  |  Val Loss: 1.970 | Val Acc: 37.76  |  Test Loss: 2.144 | Tes Acc: 34.18
INFO >> Epoch: 13  |  Layer: 10  |  Train Loss: 0.750 | Train Acc: 73.81  |  Val Loss: 1.832 | Val Acc: 37.76  |  Test Loss: 2.144 | Tes Acc: 30.10
INFO >> Epoch: 13  |  Layer: 11  |  Train Loss: 0.839 | Train Acc: 72.11  |  Val Loss: 1.602 | Val Acc: 46.94  |  Test Loss: 2.180 | Tes Acc: 33.16
INFO >> Epoch: 13  |  Layer: 12  |  Train Loss: 0.812 | Train Acc: 71.77  |  Val Loss: 1.443 | Val Acc: 46.94  |  Test Loss: 2.053 | Tes Acc: 33.67
INFO >> Epoch: 13  |  Layer: 13  |  Train Loss: 0.907 | Train Acc: 70.41  |  Val Loss: 2.141 | Val Acc: 39.80  |  Test Loss: 2.339 | Tes Acc: 34.69

INFO >> Epoch: 14  |  Layer:  1  |  Train Loss: 1.283 | Train Acc: 50.00  |  Val Loss: 1.683 | Val Acc: 39.80  |  Test Loss: 2.305 | Tes Acc: 22.45
INFO >> Epoch: 14  |  Layer:  2  |  Train Loss: 0.819 | Train Acc: 71.77  |  Val Loss: 1.448 | Val Acc: 38.78  |  Test Loss: 2.046 | Tes Acc: 30.10
INFO >> Epoch: 14  |  Layer:  3  |  Train Loss: 0.805 | Train Acc: 71.09  |  Val Loss: 1.579 | Val Acc: 38.78  |  Test Loss: 1.997 | Tes Acc: 31.12
INFO >> Epoch: 14  |  Layer:  4  |  Train Loss: 0.742 | Train Acc: 71.77  |  Val Loss: 1.603 | Val Acc: 30.61  |  Test Loss: 1.888 | Tes Acc: 35.71
INFO >> Epoch: 14  |  Layer:  5  |  Train Loss: 0.689 | Train Acc: 77.89  |  Val Loss: 1.732 | Val Acc: 34.69  |  Test Loss: 1.913 | Tes Acc: 34.18
INFO >> Epoch: 14  |  Layer:  6  |  Train Loss: 0.692 | Train Acc: 78.23  |  Val Loss: 1.872 | Val Acc: 33.67  |  Test Loss: 1.917 | Tes Acc: 39.29
INFO >> Epoch: 14  |  Layer:  7  |  Train Loss: 0.618 | Train Acc: 79.25  |  Val Loss: 1.992 | Val Acc: 27.55  |  Test Loss: 1.936 | Tes Acc: 39.80
INFO >> Epoch: 14  |  Layer:  8  |  Train Loss: 0.642 | Train Acc: 79.93  |  Val Loss: 2.583 | Val Acc: 28.57  |  Test Loss: 2.015 | Tes Acc: 43.37
INFO >> Epoch: 14  |  Layer:  9  |  Train Loss: 0.700 | Train Acc: 76.87  |  Val Loss: 2.091 | Val Acc: 35.71  |  Test Loss: 1.968 | Tes Acc: 39.80
INFO >> Epoch: 14  |  Layer: 10  |  Train Loss: 0.694 | Train Acc: 75.85  |  Val Loss: 1.874 | Val Acc: 43.88  |  Test Loss: 1.985 | Tes Acc: 39.29
INFO >> Epoch: 14  |  Layer: 11  |  Train Loss: 0.798 | Train Acc: 73.47  |  Val Loss: 1.760 | Val Acc: 41.84  |  Test Loss: 1.946 | Tes Acc: 40.31
INFO >> Epoch: 14  |  Layer: 12  |  Train Loss: 0.793 | Train Acc: 72.79  |  Val Loss: 1.519 | Val Acc: 40.82  |  Test Loss: 1.974 | Tes Acc: 35.20
INFO >> Epoch: 14  |  Layer: 13  |  Train Loss: 0.961 | Train Acc: 65.99  |  Val Loss: 2.153 | Val Acc: 38.78  |  Test Loss: 2.140 | Tes Acc: 35.71

INFO >> Epoch: 15  |  Layer:  1  |  Train Loss: 1.386 | Train Acc: 45.58  |  Val Loss: 1.936 | Val Acc: 27.55  |  Test Loss: 2.365 | Tes Acc: 14.29
INFO >> Epoch: 15  |  Layer:  2  |  Train Loss: 0.750 | Train Acc: 75.85  |  Val Loss: 1.659 | Val Acc: 30.61  |  Test Loss: 2.247 | Tes Acc: 30.10
INFO >> Epoch: 15  |  Layer:  3  |  Train Loss: 0.699 | Train Acc: 76.19  |  Val Loss: 1.690 | Val Acc: 37.76  |  Test Loss: 2.103 | Tes Acc: 22.96
INFO >> Epoch: 15  |  Layer:  4  |  Train Loss: 0.638 | Train Acc: 79.25  |  Val Loss: 1.611 | Val Acc: 33.67  |  Test Loss: 1.973 | Tes Acc: 29.08
INFO >> Epoch: 15  |  Layer:  5  |  Train Loss: 0.626 | Train Acc: 77.55  |  Val Loss: 1.664 | Val Acc: 36.73  |  Test Loss: 1.906 | Tes Acc: 32.65
INFO >> Epoch: 15  |  Layer:  6  |  Train Loss: 0.635 | Train Acc: 75.85  |  Val Loss: 1.749 | Val Acc: 30.61  |  Test Loss: 1.966 | Tes Acc: 35.20
INFO >> Epoch: 15  |  Layer:  7  |  Train Loss: 0.567 | Train Acc: 79.59  |  Val Loss: 2.154 | Val Acc: 28.57  |  Test Loss: 1.943 | Tes Acc: 39.29
INFO >> Epoch: 15  |  Layer:  8  |  Train Loss: 0.636 | Train Acc: 74.83  |  Val Loss: 2.419 | Val Acc: 31.63  |  Test Loss: 2.028 | Tes Acc: 37.24
INFO >> Epoch: 15  |  Layer:  9  |  Train Loss: 0.657 | Train Acc: 77.21  |  Val Loss: 2.186 | Val Acc: 32.65  |  Test Loss: 2.179 | Tes Acc: 32.14
INFO >> Epoch: 15  |  Layer: 10  |  Train Loss: 0.661 | Train Acc: 75.17  |  Val Loss: 2.160 | Val Acc: 33.67  |  Test Loss: 2.210 | Tes Acc: 30.61
INFO >> Epoch: 15  |  Layer: 11  |  Train Loss: 0.791 | Train Acc: 67.01  |  Val Loss: 1.805 | Val Acc: 33.67  |  Test Loss: 2.204 | Tes Acc: 33.67
INFO >> Epoch: 15  |  Layer: 12  |  Train Loss: 0.773 | Train Acc: 70.75  |  Val Loss: 1.655 | Val Acc: 37.76  |  Test Loss: 2.145 | Tes Acc: 33.16
INFO >> Epoch: 15  |  Layer: 13  |  Train Loss: 0.934 | Train Acc: 63.27  |  Val Loss: 1.967 | Val Acc: 34.69  |  Test Loss: 2.323 | Tes Acc: 34.69

INFO >> Epoch: 16  |  Layer:  1  |  Train Loss: 1.311 | Train Acc: 48.30  |  Val Loss: 1.571 | Val Acc: 33.67  |  Test Loss: 2.321 | Tes Acc: 20.92
INFO >> Epoch: 16  |  Layer:  2  |  Train Loss: 0.714 | Train Acc: 72.11  |  Val Loss: 1.656 | Val Acc: 34.69  |  Test Loss: 2.417 | Tes Acc: 34.69
INFO >> Epoch: 16  |  Layer:  3  |  Train Loss: 0.689 | Train Acc: 77.55  |  Val Loss: 1.780 | Val Acc: 36.73  |  Test Loss: 2.237 | Tes Acc: 33.16
INFO >> Epoch: 16  |  Layer:  4  |  Train Loss: 0.609 | Train Acc: 81.97  |  Val Loss: 1.581 | Val Acc: 41.84  |  Test Loss: 1.979 | Tes Acc: 33.16
INFO >> Epoch: 16  |  Layer:  5  |  Train Loss: 0.593 | Train Acc: 81.63  |  Val Loss: 1.710 | Val Acc: 34.69  |  Test Loss: 1.844 | Tes Acc: 39.29
INFO >> Epoch: 16  |  Layer:  6  |  Train Loss: 0.565 | Train Acc: 82.65  |  Val Loss: 1.730 | Val Acc: 39.80  |  Test Loss: 1.901 | Tes Acc: 40.31
INFO >> Epoch: 16  |  Layer:  7  |  Train Loss: 0.541 | Train Acc: 84.01  |  Val Loss: 2.070 | Val Acc: 33.67  |  Test Loss: 2.061 | Tes Acc: 41.33
INFO >> Epoch: 16  |  Layer:  8  |  Train Loss: 0.595 | Train Acc: 80.27  |  Val Loss: 2.312 | Val Acc: 30.61  |  Test Loss: 2.031 | Tes Acc: 41.33
INFO >> Epoch: 16  |  Layer:  9  |  Train Loss: 0.662 | Train Acc: 77.55  |  Val Loss: 2.263 | Val Acc: 31.63  |  Test Loss: 2.329 | Tes Acc: 37.76
INFO >> Epoch: 16  |  Layer: 10  |  Train Loss: 0.688 | Train Acc: 78.91  |  Val Loss: 2.313 | Val Acc: 31.63  |  Test Loss: 2.403 | Tes Acc: 34.69
INFO >> Epoch: 16  |  Layer: 11  |  Train Loss: 0.791 | Train Acc: 73.13  |  Val Loss: 1.801 | Val Acc: 39.80  |  Test Loss: 2.271 | Tes Acc: 33.67
INFO >> Epoch: 16  |  Layer: 12  |  Train Loss: 0.755 | Train Acc: 73.81  |  Val Loss: 1.581 | Val Acc: 42.86  |  Test Loss: 2.313 | Tes Acc: 31.12
INFO >> Epoch: 16  |  Layer: 13  |  Train Loss: 0.887 | Train Acc: 68.71  |  Val Loss: 1.942 | Val Acc: 35.71  |  Test Loss: 2.783 | Tes Acc: 30.10

INFO >> Epoch: 17  |  Layer:  1  |  Train Loss: 1.192 | Train Acc: 50.34  |  Val Loss: 1.666 | Val Acc: 30.61  |  Test Loss: 2.387 | Tes Acc: 25.51
INFO >> Epoch: 17  |  Layer:  2  |  Train Loss: 0.670 | Train Acc: 73.47  |  Val Loss: 1.581 | Val Acc: 30.61  |  Test Loss: 2.324 | Tes Acc: 32.14
INFO >> Epoch: 17  |  Layer:  3  |  Train Loss: 0.617 | Train Acc: 77.89  |  Val Loss: 1.718 | Val Acc: 39.80  |  Test Loss: 2.326 | Tes Acc: 27.04
INFO >> Epoch: 17  |  Layer:  4  |  Train Loss: 0.542 | Train Acc: 80.95  |  Val Loss: 1.519 | Val Acc: 41.84  |  Test Loss: 2.063 | Tes Acc: 31.63
INFO >> Epoch: 17  |  Layer:  5  |  Train Loss: 0.498 | Train Acc: 83.33  |  Val Loss: 1.626 | Val Acc: 35.71  |  Test Loss: 1.918 | Tes Acc: 32.14
INFO >> Epoch: 17  |  Layer:  6  |  Train Loss: 0.468 | Train Acc: 84.35  |  Val Loss: 1.766 | Val Acc: 38.78  |  Test Loss: 1.916 | Tes Acc: 36.73
INFO >> Epoch: 17  |  Layer:  7  |  Train Loss: 0.430 | Train Acc: 85.37  |  Val Loss: 1.705 | Val Acc: 41.84  |  Test Loss: 1.882 | Tes Acc: 37.76
INFO >> Epoch: 17  |  Layer:  8  |  Train Loss: 0.475 | Train Acc: 84.01  |  Val Loss: 1.939 | Val Acc: 38.78  |  Test Loss: 1.931 | Tes Acc: 36.73
INFO >> Epoch: 17  |  Layer:  9  |  Train Loss: 0.541 | Train Acc: 81.29  |  Val Loss: 2.301 | Val Acc: 31.63  |  Test Loss: 2.191 | Tes Acc: 39.80
INFO >> Epoch: 17  |  Layer: 10  |  Train Loss: 0.585 | Train Acc: 76.53  |  Val Loss: 2.341 | Val Acc: 30.61  |  Test Loss: 2.159 | Tes Acc: 36.22
INFO >> Epoch: 17  |  Layer: 11  |  Train Loss: 0.648 | Train Acc: 75.51  |  Val Loss: 1.980 | Val Acc: 35.71  |  Test Loss: 2.140 | Tes Acc: 41.84
INFO >> Epoch: 17  |  Layer: 12  |  Train Loss: 0.664 | Train Acc: 72.79  |  Val Loss: 1.563 | Val Acc: 42.86  |  Test Loss: 1.874 | Tes Acc: 40.31
INFO >> Epoch: 17  |  Layer: 13  |  Train Loss: 0.828 | Train Acc: 64.29  |  Val Loss: 2.118 | Val Acc: 40.82  |  Test Loss: 2.225 | Tes Acc: 37.76

INFO >> Epoch: 18  |  Layer:  1  |  Train Loss: 1.180 | Train Acc: 55.44  |  Val Loss: 1.789 | Val Acc: 35.71  |  Test Loss: 2.569 | Tes Acc: 20.41
INFO >> Epoch: 18  |  Layer:  2  |  Train Loss: 0.649 | Train Acc: 79.25  |  Val Loss: 1.382 | Val Acc: 33.67  |  Test Loss: 2.316 | Tes Acc: 33.16
INFO >> Epoch: 18  |  Layer:  3  |  Train Loss: 0.625 | Train Acc: 79.93  |  Val Loss: 1.528 | Val Acc: 36.73  |  Test Loss: 2.216 | Tes Acc: 26.02
INFO >> Epoch: 18  |  Layer:  4  |  Train Loss: 0.576 | Train Acc: 80.61  |  Val Loss: 1.249 | Val Acc: 46.94  |  Test Loss: 1.962 | Tes Acc: 35.20
INFO >> Epoch: 18  |  Layer:  5  |  Train Loss: 0.523 | Train Acc: 84.35  |  Val Loss: 1.364 | Val Acc: 43.88  |  Test Loss: 1.795 | Tes Acc: 37.24
INFO >> Epoch: 18  |  Layer:  6  |  Train Loss: 0.481 | Train Acc: 87.76  |  Val Loss: 1.594 | Val Acc: 37.76  |  Test Loss: 1.872 | Tes Acc: 39.29
INFO >> Epoch: 18  |  Layer:  7  |  Train Loss: 0.447 | Train Acc: 88.44  |  Val Loss: 1.486 | Val Acc: 42.86  |  Test Loss: 1.864 | Tes Acc: 42.35
INFO >> Epoch: 18  |  Layer:  8  |  Train Loss: 0.490 | Train Acc: 84.69  |  Val Loss: 1.951 | Val Acc: 37.76  |  Test Loss: 1.883 | Tes Acc: 44.90
INFO >> Epoch: 18  |  Layer:  9  |  Train Loss: 0.569 | Train Acc: 84.35  |  Val Loss: 1.998 | Val Acc: 38.78  |  Test Loss: 2.121 | Tes Acc: 38.78
INFO >> Epoch: 18  |  Layer: 10  |  Train Loss: 0.617 | Train Acc: 79.93  |  Val Loss: 1.783 | Val Acc: 45.92  |  Test Loss: 2.108 | Tes Acc: 34.69
INFO >> Epoch: 18  |  Layer: 11  |  Train Loss: 0.661 | Train Acc: 78.91  |  Val Loss: 1.504 | Val Acc: 46.94  |  Test Loss: 2.126 | Tes Acc: 32.65
INFO >> Epoch: 18  |  Layer: 12  |  Train Loss: 0.638 | Train Acc: 80.27  |  Val Loss: 1.250 | Val Acc: 54.08  |  Test Loss: 1.806 | Tes Acc: 34.18
INFO >> Epoch: 18  |  Layer: 13  |  Train Loss: 0.749 | Train Acc: 73.81  |  Val Loss: 1.973 | Val Acc: 41.84  |  Test Loss: 2.203 | Tes Acc: 35.20

INFO >> Epoch: 19  |  Layer:  1  |  Train Loss: 1.071 | Train Acc: 56.12  |  Val Loss: 1.718 | Val Acc: 27.55  |  Test Loss: 2.909 | Tes Acc: 28.06
INFO >> Epoch: 19  |  Layer:  2  |  Train Loss: 0.572 | Train Acc: 80.27  |  Val Loss: 1.592 | Val Acc: 27.55  |  Test Loss: 2.639 | Tes Acc: 35.71
INFO >> Epoch: 19  |  Layer:  3  |  Train Loss: 0.567 | Train Acc: 78.57  |  Val Loss: 1.645 | Val Acc: 32.65  |  Test Loss: 2.428 | Tes Acc: 29.08
INFO >> Epoch: 19  |  Layer:  4  |  Train Loss: 0.472 | Train Acc: 84.69  |  Val Loss: 1.496 | Val Acc: 32.65  |  Test Loss: 2.085 | Tes Acc: 30.10
INFO >> Epoch: 19  |  Layer:  5  |  Train Loss: 0.440 | Train Acc: 84.35  |  Val Loss: 1.578 | Val Acc: 31.63  |  Test Loss: 1.986 | Tes Acc: 35.71
INFO >> Epoch: 19  |  Layer:  6  |  Train Loss: 0.403 | Train Acc: 85.03  |  Val Loss: 1.817 | Val Acc: 30.61  |  Test Loss: 2.042 | Tes Acc: 38.78
INFO >> Epoch: 19  |  Layer:  7  |  Train Loss: 0.401 | Train Acc: 85.03  |  Val Loss: 1.923 | Val Acc: 31.63  |  Test Loss: 2.050 | Tes Acc: 37.76
INFO >> Epoch: 19  |  Layer:  8  |  Train Loss: 0.428 | Train Acc: 85.37  |  Val Loss: 2.429 | Val Acc: 33.67  |  Test Loss: 2.156 | Tes Acc: 34.18
INFO >> Epoch: 19  |  Layer:  9  |  Train Loss: 0.490 | Train Acc: 82.31  |  Val Loss: 2.199 | Val Acc: 31.63  |  Test Loss: 2.306 | Tes Acc: 39.29
INFO >> Epoch: 19  |  Layer: 10  |  Train Loss: 0.506 | Train Acc: 82.65  |  Val Loss: 1.828 | Val Acc: 43.88  |  Test Loss: 2.143 | Tes Acc: 39.29
INFO >> Epoch: 19  |  Layer: 11  |  Train Loss: 0.552 | Train Acc: 81.63  |  Val Loss: 1.612 | Val Acc: 46.94  |  Test Loss: 2.167 | Tes Acc: 41.33
INFO >> Epoch: 19  |  Layer: 12  |  Train Loss: 0.530 | Train Acc: 84.35  |  Val Loss: 1.345 | Val Acc: 47.96  |  Test Loss: 2.017 | Tes Acc: 36.73
INFO >> Epoch: 19  |  Layer: 13  |  Train Loss: 0.655 | Train Acc: 80.27  |  Val Loss: 2.180 | Val Acc: 34.69  |  Test Loss: 2.597 | Tes Acc: 37.76

INFO >> Epoch: 20  |  Layer:  1  |  Train Loss: 1.108 | Train Acc: 54.42  |  Val Loss: 1.914 | Val Acc: 30.61  |  Test Loss: 2.838 | Tes Acc: 18.37
INFO >> Epoch: 20  |  Layer:  2  |  Train Loss: 0.540 | Train Acc: 80.95  |  Val Loss: 1.477 | Val Acc: 33.67  |  Test Loss: 2.619 | Tes Acc: 33.16
INFO >> Epoch: 20  |  Layer:  3  |  Train Loss: 0.534 | Train Acc: 80.61  |  Val Loss: 1.578 | Val Acc: 35.71  |  Test Loss: 2.485 | Tes Acc: 25.00
INFO >> Epoch: 20  |  Layer:  4  |  Train Loss: 0.470 | Train Acc: 82.99  |  Val Loss: 1.491 | Val Acc: 41.84  |  Test Loss: 2.114 | Tes Acc: 32.65
INFO >> Epoch: 20  |  Layer:  5  |  Train Loss: 0.398 | Train Acc: 87.07  |  Val Loss: 1.770 | Val Acc: 38.78  |  Test Loss: 2.110 | Tes Acc: 35.71
INFO >> Epoch: 20  |  Layer:  6  |  Train Loss: 0.364 | Train Acc: 89.46  |  Val Loss: 1.960 | Val Acc: 35.71  |  Test Loss: 2.172 | Tes Acc: 36.73
INFO >> Epoch: 20  |  Layer:  7  |  Train Loss: 0.356 | Train Acc: 87.07  |  Val Loss: 2.210 | Val Acc: 34.69  |  Test Loss: 2.217 | Tes Acc: 41.33
INFO >> Epoch: 20  |  Layer:  8  |  Train Loss: 0.401 | Train Acc: 87.76  |  Val Loss: 2.408 | Val Acc: 28.57  |  Test Loss: 2.263 | Tes Acc: 40.31
INFO >> Epoch: 20  |  Layer:  9  |  Train Loss: 0.448 | Train Acc: 86.73  |  Val Loss: 2.173 | Val Acc: 38.78  |  Test Loss: 2.466 | Tes Acc: 36.22
INFO >> Epoch: 20  |  Layer: 10  |  Train Loss: 0.447 | Train Acc: 88.10  |  Val Loss: 1.825 | Val Acc: 45.92  |  Test Loss: 2.221 | Tes Acc: 35.20
INFO >> Epoch: 20  |  Layer: 11  |  Train Loss: 0.508 | Train Acc: 86.39  |  Val Loss: 1.663 | Val Acc: 46.94  |  Test Loss: 2.152 | Tes Acc: 37.24
INFO >> Epoch: 20  |  Layer: 12  |  Train Loss: 0.466 | Train Acc: 87.76  |  Val Loss: 1.336 | Val Acc: 51.02  |  Test Loss: 1.973 | Tes Acc: 33.16
INFO >> Epoch: 20  |  Layer: 13  |  Train Loss: 0.606 | Train Acc: 80.95  |  Val Loss: 1.863 | Val Acc: 48.98  |  Test Loss: 2.398 | Tes Acc: 34.18

INFO >> Epoch: 21  |  Layer:  1  |  Train Loss: 1.050 | Train Acc: 60.88  |  Val Loss: 1.654 | Val Acc: 26.53  |  Test Loss: 2.884 | Tes Acc: 27.04
INFO >> Epoch: 21  |  Layer:  2  |  Train Loss: 0.541 | Train Acc: 80.61  |  Val Loss: 1.452 | Val Acc: 35.71  |  Test Loss: 2.656 | Tes Acc: 32.65
INFO >> Epoch: 21  |  Layer:  3  |  Train Loss: 0.483 | Train Acc: 84.35  |  Val Loss: 1.948 | Val Acc: 30.61  |  Test Loss: 2.708 | Tes Acc: 31.63
INFO >> Epoch: 21  |  Layer:  4  |  Train Loss: 0.406 | Train Acc: 89.12  |  Val Loss: 1.970 | Val Acc: 31.63  |  Test Loss: 2.314 | Tes Acc: 36.22
INFO >> Epoch: 21  |  Layer:  5  |  Train Loss: 0.351 | Train Acc: 90.48  |  Val Loss: 2.094 | Val Acc: 32.65  |  Test Loss: 2.346 | Tes Acc: 38.27
INFO >> Epoch: 21  |  Layer:  6  |  Train Loss: 0.361 | Train Acc: 88.44  |  Val Loss: 2.027 | Val Acc: 29.59  |  Test Loss: 2.135 | Tes Acc: 42.35
INFO >> Epoch: 21  |  Layer:  7  |  Train Loss: 0.374 | Train Acc: 88.78  |  Val Loss: 1.959 | Val Acc: 30.61  |  Test Loss: 1.913 | Tes Acc: 42.86
INFO >> Epoch: 21  |  Layer:  8  |  Train Loss: 0.398 | Train Acc: 88.78  |  Val Loss: 2.169 | Val Acc: 30.61  |  Test Loss: 2.079 | Tes Acc: 39.29
INFO >> Epoch: 21  |  Layer:  9  |  Train Loss: 0.465 | Train Acc: 82.99  |  Val Loss: 2.047 | Val Acc: 41.84  |  Test Loss: 2.224 | Tes Acc: 41.84
INFO >> Epoch: 21  |  Layer: 10  |  Train Loss: 0.462 | Train Acc: 84.35  |  Val Loss: 1.804 | Val Acc: 45.92  |  Test Loss: 2.165 | Tes Acc: 37.76
INFO >> Epoch: 21  |  Layer: 11  |  Train Loss: 0.512 | Train Acc: 84.69  |  Val Loss: 1.529 | Val Acc: 48.98  |  Test Loss: 2.110 | Tes Acc: 38.78
INFO >> Epoch: 21  |  Layer: 12  |  Train Loss: 0.463 | Train Acc: 89.12  |  Val Loss: 1.346 | Val Acc: 52.04  |  Test Loss: 1.958 | Tes Acc: 35.71
INFO >> Epoch: 21  |  Layer: 13  |  Train Loss: 0.596 | Train Acc: 81.97  |  Val Loss: 1.818 | Val Acc: 44.90  |  Test Loss: 2.472 | Tes Acc: 39.29

INFO >> Epoch: 22  |  Layer:  1  |  Train Loss: 0.980 | Train Acc: 61.22  |  Val Loss: 2.074 | Val Acc: 28.57  |  Test Loss: 3.094 | Tes Acc: 26.02
INFO >> Epoch: 22  |  Layer:  2  |  Train Loss: 0.565 | Train Acc: 81.97  |  Val Loss: 1.492 | Val Acc: 33.67  |  Test Loss: 2.455 | Tes Acc: 34.18
INFO >> Epoch: 22  |  Layer:  3  |  Train Loss: 0.503 | Train Acc: 83.67  |  Val Loss: 1.788 | Val Acc: 36.73  |  Test Loss: 2.641 | Tes Acc: 31.12
INFO >> Epoch: 22  |  Layer:  4  |  Train Loss: 0.397 | Train Acc: 88.78  |  Val Loss: 1.840 | Val Acc: 35.71  |  Test Loss: 2.305 | Tes Acc: 38.78
INFO >> Epoch: 22  |  Layer:  5  |  Train Loss: 0.353 | Train Acc: 91.16  |  Val Loss: 1.722 | Val Acc: 38.78  |  Test Loss: 2.051 | Tes Acc: 40.82
INFO >> Epoch: 22  |  Layer:  6  |  Train Loss: 0.341 | Train Acc: 91.50  |  Val Loss: 1.777 | Val Acc: 44.90  |  Test Loss: 1.877 | Tes Acc: 40.82
INFO >> Epoch: 22  |  Layer:  7  |  Train Loss: 0.330 | Train Acc: 89.80  |  Val Loss: 1.683 | Val Acc: 44.90  |  Test Loss: 1.766 | Tes Acc: 43.88
INFO >> Epoch: 22  |  Layer:  8  |  Train Loss: 0.343 | Train Acc: 91.50  |  Val Loss: 1.896 | Val Acc: 43.88  |  Test Loss: 1.879 | Tes Acc: 43.88
INFO >> Epoch: 22  |  Layer:  9  |  Train Loss: 0.418 | Train Acc: 89.80  |  Val Loss: 1.842 | Val Acc: 48.98  |  Test Loss: 1.968 | Tes Acc: 46.43
INFO >> Epoch: 22  |  Layer: 10  |  Train Loss: 0.429 | Train Acc: 89.46  |  Val Loss: 1.878 | Val Acc: 42.86  |  Test Loss: 2.058 | Tes Acc: 40.82
INFO >> Epoch: 22  |  Layer: 11  |  Train Loss: 0.513 | Train Acc: 84.69  |  Val Loss: 1.818 | Val Acc: 51.02  |  Test Loss: 1.997 | Tes Acc: 43.37
INFO >> Epoch: 22  |  Layer: 12  |  Train Loss: 0.447 | Train Acc: 90.48  |  Val Loss: 1.432 | Val Acc: 47.96  |  Test Loss: 1.830 | Tes Acc: 41.33
INFO >> Epoch: 22  |  Layer: 13  |  Train Loss: 0.572 | Train Acc: 81.63  |  Val Loss: 1.932 | Val Acc: 44.90  |  Test Loss: 2.361 | Tes Acc: 38.27

INFO >> Epoch: 23  |  Layer:  1  |  Train Loss: 1.071 | Train Acc: 58.50  |  Val Loss: 1.827 | Val Acc: 19.39  |  Test Loss: 3.163 | Tes Acc: 29.59
INFO >> Epoch: 23  |  Layer:  2  |  Train Loss: 0.504 | Train Acc: 81.97  |  Val Loss: 1.571 | Val Acc: 28.57  |  Test Loss: 2.623 | Tes Acc: 32.14
INFO >> Epoch: 23  |  Layer:  3  |  Train Loss: 0.520 | Train Acc: 79.93  |  Val Loss: 1.753 | Val Acc: 35.71  |  Test Loss: 2.768 | Tes Acc: 28.06
INFO >> Epoch: 23  |  Layer:  4  |  Train Loss: 0.381 | Train Acc: 90.14  |  Val Loss: 1.679 | Val Acc: 35.71  |  Test Loss: 2.280 | Tes Acc: 36.22
INFO >> Epoch: 23  |  Layer:  5  |  Train Loss: 0.346 | Train Acc: 91.50  |  Val Loss: 1.743 | Val Acc: 38.78  |  Test Loss: 2.095 | Tes Acc: 39.29
INFO >> Epoch: 23  |  Layer:  6  |  Train Loss: 0.317 | Train Acc: 91.16  |  Val Loss: 1.890 | Val Acc: 44.90  |  Test Loss: 2.013 | Tes Acc: 36.73
INFO >> Epoch: 23  |  Layer:  7  |  Train Loss: 0.302 | Train Acc: 90.14  |  Val Loss: 1.653 | Val Acc: 39.80  |  Test Loss: 1.939 | Tes Acc: 43.37
INFO >> Epoch: 23  |  Layer:  8  |  Train Loss: 0.340 | Train Acc: 89.12  |  Val Loss: 1.881 | Val Acc: 39.80  |  Test Loss: 2.002 | Tes Acc: 43.37
INFO >> Epoch: 23  |  Layer:  9  |  Train Loss: 0.401 | Train Acc: 88.10  |  Val Loss: 1.806 | Val Acc: 46.94  |  Test Loss: 2.028 | Tes Acc: 41.84
INFO >> Epoch: 23  |  Layer: 10  |  Train Loss: 0.401 | Train Acc: 87.41  |  Val Loss: 1.888 | Val Acc: 42.86  |  Test Loss: 2.178 | Tes Acc: 39.80
INFO >> Epoch: 23  |  Layer: 11  |  Train Loss: 0.494 | Train Acc: 81.63  |  Val Loss: 1.789 | Val Acc: 41.84  |  Test Loss: 2.286 | Tes Acc: 39.80
INFO >> Epoch: 23  |  Layer: 12  |  Train Loss: 0.452 | Train Acc: 84.69  |  Val Loss: 1.440 | Val Acc: 45.92  |  Test Loss: 2.045 | Tes Acc: 36.22
INFO >> Epoch: 23  |  Layer: 13  |  Train Loss: 0.562 | Train Acc: 77.21  |  Val Loss: 2.004 | Val Acc: 38.78  |  Test Loss: 2.696 | Tes Acc: 40.82

INFO >> Epoch: 24  |  Layer:  1  |  Train Loss: 1.034 | Train Acc: 62.59  |  Val Loss: 1.787 | Val Acc: 37.76  |  Test Loss: 2.895 | Tes Acc: 22.96
INFO >> Epoch: 24  |  Layer:  2  |  Train Loss: 0.456 | Train Acc: 85.03  |  Val Loss: 1.508 | Val Acc: 33.67  |  Test Loss: 2.674 | Tes Acc: 33.16
INFO >> Epoch: 24  |  Layer:  3  |  Train Loss: 0.466 | Train Acc: 88.10  |  Val Loss: 1.522 | Val Acc: 32.65  |  Test Loss: 2.505 | Tes Acc: 31.12
INFO >> Epoch: 24  |  Layer:  4  |  Train Loss: 0.366 | Train Acc: 90.14  |  Val Loss: 1.481 | Val Acc: 41.84  |  Test Loss: 2.199 | Tes Acc: 34.18
INFO >> Epoch: 24  |  Layer:  5  |  Train Loss: 0.314 | Train Acc: 91.16  |  Val Loss: 1.616 | Val Acc: 40.82  |  Test Loss: 2.065 | Tes Acc: 39.29
INFO >> Epoch: 24  |  Layer:  6  |  Train Loss: 0.335 | Train Acc: 89.46  |  Val Loss: 1.927 | Val Acc: 40.82  |  Test Loss: 2.194 | Tes Acc: 35.20
INFO >> Epoch: 24  |  Layer:  7  |  Train Loss: 0.279 | Train Acc: 93.20  |  Val Loss: 1.946 | Val Acc: 38.78  |  Test Loss: 2.033 | Tes Acc: 44.90
INFO >> Epoch: 24  |  Layer:  8  |  Train Loss: 0.308 | Train Acc: 89.46  |  Val Loss: 1.933 | Val Acc: 37.76  |  Test Loss: 2.185 | Tes Acc: 38.27
INFO >> Epoch: 24  |  Layer:  9  |  Train Loss: 0.390 | Train Acc: 86.39  |  Val Loss: 1.788 | Val Acc: 45.92  |  Test Loss: 2.356 | Tes Acc: 38.78
INFO >> Epoch: 24  |  Layer: 10  |  Train Loss: 0.350 | Train Acc: 90.14  |  Val Loss: 2.030 | Val Acc: 44.90  |  Test Loss: 2.395 | Tes Acc: 38.78
INFO >> Epoch: 24  |  Layer: 11  |  Train Loss: 0.423 | Train Acc: 86.39  |  Val Loss: 1.833 | Val Acc: 42.86  |  Test Loss: 2.445 | Tes Acc: 40.31
INFO >> Epoch: 24  |  Layer: 12  |  Train Loss: 0.404 | Train Acc: 88.10  |  Val Loss: 1.460 | Val Acc: 51.02  |  Test Loss: 2.310 | Tes Acc: 33.67
INFO >> Epoch: 24  |  Layer: 13  |  Train Loss: 0.477 | Train Acc: 87.76  |  Val Loss: 1.933 | Val Acc: 41.84  |  Test Loss: 2.634 | Tes Acc: 38.78

INFO >> Epoch: 25  |  Layer:  1  |  Train Loss: 1.113 | Train Acc: 57.82  |  Val Loss: 1.801 | Val Acc: 33.67  |  Test Loss: 3.103 | Tes Acc: 22.96
INFO >> Epoch: 25  |  Layer:  2  |  Train Loss: 0.440 | Train Acc: 81.63  |  Val Loss: 1.502 | Val Acc: 28.57  |  Test Loss: 2.858 | Tes Acc: 34.69
INFO >> Epoch: 25  |  Layer:  3  |  Train Loss: 0.393 | Train Acc: 88.10  |  Val Loss: 1.798 | Val Acc: 28.57  |  Test Loss: 2.738 | Tes Acc: 29.08
INFO >> Epoch: 25  |  Layer:  4  |  Train Loss: 0.292 | Train Acc: 92.18  |  Val Loss: 1.890 | Val Acc: 29.59  |  Test Loss: 2.310 | Tes Acc: 36.22
INFO >> Epoch: 25  |  Layer:  5  |  Train Loss: 0.257 | Train Acc: 93.88  |  Val Loss: 2.052 | Val Acc: 25.51  |  Test Loss: 2.376 | Tes Acc: 34.69
INFO >> Epoch: 25  |  Layer:  6  |  Train Loss: 0.250 | Train Acc: 93.54  |  Val Loss: 1.801 | Val Acc: 32.65  |  Test Loss: 2.148 | Tes Acc: 38.27
INFO >> Epoch: 25  |  Layer:  7  |  Train Loss: 0.237 | Train Acc: 92.52  |  Val Loss: 1.903 | Val Acc: 36.73  |  Test Loss: 2.029 | Tes Acc: 42.35
INFO >> Epoch: 25  |  Layer:  8  |  Train Loss: 0.243 | Train Acc: 93.20  |  Val Loss: 2.309 | Val Acc: 34.69  |  Test Loss: 2.239 | Tes Acc: 38.27
INFO >> Epoch: 25  |  Layer:  9  |  Train Loss: 0.324 | Train Acc: 90.82  |  Val Loss: 2.331 | Val Acc: 32.65  |  Test Loss: 2.440 | Tes Acc: 36.22
INFO >> Epoch: 25  |  Layer: 10  |  Train Loss: 0.330 | Train Acc: 92.18  |  Val Loss: 2.312 | Val Acc: 36.73  |  Test Loss: 2.502 | Tes Acc: 33.67
INFO >> Epoch: 25  |  Layer: 11  |  Train Loss: 0.380 | Train Acc: 89.46  |  Val Loss: 1.861 | Val Acc: 43.88  |  Test Loss: 2.414 | Tes Acc: 40.82
INFO >> Epoch: 25  |  Layer: 12  |  Train Loss: 0.352 | Train Acc: 91.50  |  Val Loss: 1.452 | Val Acc: 42.86  |  Test Loss: 2.127 | Tes Acc: 40.31
INFO >> Epoch: 25  |  Layer: 13  |  Train Loss: 0.445 | Train Acc: 87.41  |  Val Loss: 2.107 | Val Acc: 34.69  |  Test Loss: 3.062 | Tes Acc: 38.27

INFO >> Epoch: 26  |  Layer:  1  |  Train Loss: 1.046 | Train Acc: 59.18  |  Val Loss: 1.818 | Val Acc: 34.69  |  Test Loss: 3.027 | Tes Acc: 25.00
INFO >> Epoch: 26  |  Layer:  2  |  Train Loss: 0.411 | Train Acc: 85.71  |  Val Loss: 1.414 | Val Acc: 34.69  |  Test Loss: 2.753 | Tes Acc: 32.65
INFO >> Epoch: 26  |  Layer:  3  |  Train Loss: 0.371 | Train Acc: 88.78  |  Val Loss: 1.762 | Val Acc: 33.67  |  Test Loss: 2.654 | Tes Acc: 30.61
INFO >> Epoch: 26  |  Layer:  4  |  Train Loss: 0.318 | Train Acc: 89.80  |  Val Loss: 1.588 | Val Acc: 42.86  |  Test Loss: 2.274 | Tes Acc: 37.24
INFO >> Epoch: 26  |  Layer:  5  |  Train Loss: 0.266 | Train Acc: 92.52  |  Val Loss: 1.648 | Val Acc: 30.61  |  Test Loss: 2.021 | Tes Acc: 39.29
INFO >> Epoch: 26  |  Layer:  6  |  Train Loss: 0.276 | Train Acc: 92.18  |  Val Loss: 1.666 | Val Acc: 44.90  |  Test Loss: 1.887 | Tes Acc: 43.88
INFO >> Epoch: 26  |  Layer:  7  |  Train Loss: 0.253 | Train Acc: 92.18  |  Val Loss: 1.741 | Val Acc: 42.86  |  Test Loss: 1.996 | Tes Acc: 45.92
INFO >> Epoch: 26  |  Layer:  8  |  Train Loss: 0.297 | Train Acc: 88.44  |  Val Loss: 1.807 | Val Acc: 46.94  |  Test Loss: 2.021 | Tes Acc: 41.84
INFO >> Epoch: 26  |  Layer:  9  |  Train Loss: 0.349 | Train Acc: 87.07  |  Val Loss: 1.701 | Val Acc: 48.98  |  Test Loss: 2.095 | Tes Acc: 39.29
INFO >> Epoch: 26  |  Layer: 10  |  Train Loss: 0.315 | Train Acc: 90.14  |  Val Loss: 2.119 | Val Acc: 48.98  |  Test Loss: 2.343 | Tes Acc: 36.22
INFO >> Epoch: 26  |  Layer: 11  |  Train Loss: 0.364 | Train Acc: 89.46  |  Val Loss: 1.838 | Val Acc: 41.84  |  Test Loss: 2.269 | Tes Acc: 39.29
INFO >> Epoch: 26  |  Layer: 12  |  Train Loss: 0.331 | Train Acc: 91.84  |  Val Loss: 1.444 | Val Acc: 45.92  |  Test Loss: 1.970 | Tes Acc: 39.80
INFO >> Epoch: 26  |  Layer: 13  |  Train Loss: 0.498 | Train Acc: 84.01  |  Val Loss: 1.937 | Val Acc: 41.84  |  Test Loss: 2.934 | Tes Acc: 36.22

INFO >> Epoch: 27  |  Layer:  1  |  Train Loss: 0.980 | Train Acc: 61.22  |  Val Loss: 1.671 | Val Acc: 38.78  |  Test Loss: 2.912 | Tes Acc: 23.47
INFO >> Epoch: 27  |  Layer:  2  |  Train Loss: 0.399 | Train Acc: 86.73  |  Val Loss: 1.384 | Val Acc: 40.82  |  Test Loss: 2.893 | Tes Acc: 33.67
INFO >> Epoch: 27  |  Layer:  3  |  Train Loss: 0.362 | Train Acc: 86.05  |  Val Loss: 1.908 | Val Acc: 35.71  |  Test Loss: 2.970 | Tes Acc: 34.69
INFO >> Epoch: 27  |  Layer:  4  |  Train Loss: 0.264 | Train Acc: 91.84  |  Val Loss: 1.572 | Val Acc: 42.86  |  Test Loss: 2.308 | Tes Acc: 38.78
INFO >> Epoch: 27  |  Layer:  5  |  Train Loss: 0.244 | Train Acc: 92.52  |  Val Loss: 1.754 | Val Acc: 37.76  |  Test Loss: 2.155 | Tes Acc: 44.90
INFO >> Epoch: 27  |  Layer:  6  |  Train Loss: 0.248 | Train Acc: 93.20  |  Val Loss: 1.840 | Val Acc: 43.88  |  Test Loss: 2.062 | Tes Acc: 40.82
INFO >> Epoch: 27  |  Layer:  7  |  Train Loss: 0.230 | Train Acc: 93.20  |  Val Loss: 2.041 | Val Acc: 39.80  |  Test Loss: 2.098 | Tes Acc: 47.96
INFO >> Epoch: 27  |  Layer:  8  |  Train Loss: 0.242 | Train Acc: 93.88  |  Val Loss: 1.940 | Val Acc: 45.92  |  Test Loss: 2.066 | Tes Acc: 42.86
INFO >> Epoch: 27  |  Layer:  9  |  Train Loss: 0.312 | Train Acc: 89.46  |  Val Loss: 1.999 | Val Acc: 47.96  |  Test Loss: 2.070 | Tes Acc: 45.92
INFO >> Epoch: 27  |  Layer: 10  |  Train Loss: 0.304 | Train Acc: 91.16  |  Val Loss: 2.320 | Val Acc: 43.88  |  Test Loss: 2.230 | Tes Acc: 38.27
INFO >> Epoch: 27  |  Layer: 11  |  Train Loss: 0.335 | Train Acc: 91.84  |  Val Loss: 1.995 | Val Acc: 43.88  |  Test Loss: 2.204 | Tes Acc: 44.39
INFO >> Epoch: 27  |  Layer: 12  |  Train Loss: 0.314 | Train Acc: 92.86  |  Val Loss: 1.551 | Val Acc: 45.92  |  Test Loss: 2.071 | Tes Acc: 40.31
INFO >> Epoch: 27  |  Layer: 13  |  Train Loss: 0.427 | Train Acc: 88.44  |  Val Loss: 2.295 | Val Acc: 37.76  |  Test Loss: 2.670 | Tes Acc: 41.33

INFO >> Epoch: 28  |  Layer:  1  |  Train Loss: 0.879 | Train Acc: 67.01  |  Val Loss: 1.773 | Val Acc: 36.73  |  Test Loss: 3.141 | Tes Acc: 20.41
INFO >> Epoch: 28  |  Layer:  2  |  Train Loss: 0.361 | Train Acc: 87.41  |  Val Loss: 1.635 | Val Acc: 29.59  |  Test Loss: 3.013 | Tes Acc: 32.65
INFO >> Epoch: 28  |  Layer:  3  |  Train Loss: 0.344 | Train Acc: 87.07  |  Val Loss: 1.941 | Val Acc: 35.71  |  Test Loss: 2.996 | Tes Acc: 32.65
INFO >> Epoch: 28  |  Layer:  4  |  Train Loss: 0.267 | Train Acc: 89.80  |  Val Loss: 1.657 | Val Acc: 39.80  |  Test Loss: 2.251 | Tes Acc: 38.27
INFO >> Epoch: 28  |  Layer:  5  |  Train Loss: 0.240 | Train Acc: 93.54  |  Val Loss: 2.116 | Val Acc: 36.73  |  Test Loss: 2.453 | Tes Acc: 40.31
INFO >> Epoch: 28  |  Layer:  6  |  Train Loss: 0.209 | Train Acc: 95.58  |  Val Loss: 2.100 | Val Acc: 39.80  |  Test Loss: 2.344 | Tes Acc: 40.31
INFO >> Epoch: 28  |  Layer:  7  |  Train Loss: 0.222 | Train Acc: 92.18  |  Val Loss: 2.100 | Val Acc: 32.65  |  Test Loss: 2.190 | Tes Acc: 46.43
INFO >> Epoch: 28  |  Layer:  8  |  Train Loss: 0.229 | Train Acc: 92.86  |  Val Loss: 2.736 | Val Acc: 29.59  |  Test Loss: 2.361 | Tes Acc: 41.84
INFO >> Epoch: 28  |  Layer:  9  |  Train Loss: 0.282 | Train Acc: 90.82  |  Val Loss: 2.437 | Val Acc: 35.71  |  Test Loss: 2.508 | Tes Acc: 42.35
INFO >> Epoch: 28  |  Layer: 10  |  Train Loss: 0.299 | Train Acc: 91.50  |  Val Loss: 2.862 | Val Acc: 35.71  |  Test Loss: 2.553 | Tes Acc: 40.31
INFO >> Epoch: 28  |  Layer: 11  |  Train Loss: 0.316 | Train Acc: 91.50  |  Val Loss: 2.064 | Val Acc: 43.88  |  Test Loss: 2.460 | Tes Acc: 42.35
INFO >> Epoch: 28  |  Layer: 12  |  Train Loss: 0.302 | Train Acc: 93.54  |  Val Loss: 1.746 | Val Acc: 45.92  |  Test Loss: 2.358 | Tes Acc: 39.29
INFO >> Epoch: 28  |  Layer: 13  |  Train Loss: 0.383 | Train Acc: 87.07  |  Val Loss: 1.664 | Val Acc: 44.90  |  Test Loss: 2.833 | Tes Acc: 36.73

INFO >> Epoch: 29  |  Layer:  1  |  Train Loss: 0.848 | Train Acc: 68.03  |  Val Loss: 1.762 | Val Acc: 40.82  |  Test Loss: 3.068 | Tes Acc: 24.49
INFO >> Epoch: 29  |  Layer:  2  |  Train Loss: 0.330 | Train Acc: 90.82  |  Val Loss: 1.492 | Val Acc: 38.78  |  Test Loss: 3.012 | Tes Acc: 36.22
INFO >> Epoch: 29  |  Layer:  3  |  Train Loss: 0.319 | Train Acc: 90.82  |  Val Loss: 2.137 | Val Acc: 31.63  |  Test Loss: 3.130 | Tes Acc: 32.14
INFO >> Epoch: 29  |  Layer:  4  |  Train Loss: 0.259 | Train Acc: 93.20  |  Val Loss: 1.994 | Val Acc: 34.69  |  Test Loss: 2.437 | Tes Acc: 40.82
INFO >> Epoch: 29  |  Layer:  5  |  Train Loss: 0.217 | Train Acc: 93.88  |  Val Loss: 2.293 | Val Acc: 34.69  |  Test Loss: 2.506 | Tes Acc: 39.80
INFO >> Epoch: 29  |  Layer:  6  |  Train Loss: 0.208 | Train Acc: 93.88  |  Val Loss: 2.101 | Val Acc: 34.69  |  Test Loss: 2.225 | Tes Acc: 43.37
INFO >> Epoch: 29  |  Layer:  7  |  Train Loss: 0.215 | Train Acc: 92.52  |  Val Loss: 1.982 | Val Acc: 35.71  |  Test Loss: 2.022 | Tes Acc: 45.92
INFO >> Epoch: 29  |  Layer:  8  |  Train Loss: 0.224 | Train Acc: 92.52  |  Val Loss: 2.551 | Val Acc: 29.59  |  Test Loss: 2.284 | Tes Acc: 42.86
INFO >> Epoch: 29  |  Layer:  9  |  Train Loss: 0.264 | Train Acc: 92.86  |  Val Loss: 2.475 | Val Acc: 31.63  |  Test Loss: 2.445 | Tes Acc: 41.33
INFO >> Epoch: 29  |  Layer: 10  |  Train Loss: 0.282 | Train Acc: 91.84  |  Val Loss: 2.332 | Val Acc: 39.80  |  Test Loss: 2.351 | Tes Acc: 40.82
INFO >> Epoch: 29  |  Layer: 11  |  Train Loss: 0.336 | Train Acc: 89.46  |  Val Loss: 1.916 | Val Acc: 46.94  |  Test Loss: 2.277 | Tes Acc: 44.90
INFO >> Epoch: 29  |  Layer: 12  |  Train Loss: 0.334 | Train Acc: 87.76  |  Val Loss: 1.764 | Val Acc: 40.82  |  Test Loss: 2.251 | Tes Acc: 37.76
INFO >> Epoch: 29  |  Layer: 13  |  Train Loss: 0.402 | Train Acc: 89.80  |  Val Loss: 1.775 | Val Acc: 44.90  |  Test Loss: 2.780 | Tes Acc: 38.27

INFO >> Epoch: 30  |  Layer:  1  |  Train Loss: 0.867 | Train Acc: 66.67  |  Val Loss: 1.839 | Val Acc: 38.78  |  Test Loss: 3.228 | Tes Acc: 22.96
INFO >> Epoch: 30  |  Layer:  2  |  Train Loss: 0.333 | Train Acc: 89.12  |  Val Loss: 1.663 | Val Acc: 35.71  |  Test Loss: 3.200 | Tes Acc: 33.16
INFO >> Epoch: 30  |  Layer:  3  |  Train Loss: 0.325 | Train Acc: 89.46  |  Val Loss: 2.288 | Val Acc: 30.61  |  Test Loss: 3.200 | Tes Acc: 33.16
INFO >> Epoch: 30  |  Layer:  4  |  Train Loss: 0.269 | Train Acc: 91.50  |  Val Loss: 1.946 | Val Acc: 35.71  |  Test Loss: 2.504 | Tes Acc: 35.71
INFO >> Epoch: 30  |  Layer:  5  |  Train Loss: 0.218 | Train Acc: 95.24  |  Val Loss: 1.889 | Val Acc: 38.78  |  Test Loss: 2.270 | Tes Acc: 43.37
INFO >> Epoch: 30  |  Layer:  6  |  Train Loss: 0.216 | Train Acc: 93.54  |  Val Loss: 1.927 | Val Acc: 40.82  |  Test Loss: 2.217 | Tes Acc: 39.29
INFO >> Epoch: 30  |  Layer:  7  |  Train Loss: 0.206 | Train Acc: 92.52  |  Val Loss: 2.085 | Val Acc: 38.78  |  Test Loss: 2.166 | Tes Acc: 43.37
INFO >> Epoch: 30  |  Layer:  8  |  Train Loss: 0.215 | Train Acc: 93.20  |  Val Loss: 2.483 | Val Acc: 37.76  |  Test Loss: 2.364 | Tes Acc: 43.37
INFO >> Epoch: 30  |  Layer:  9  |  Train Loss: 0.255 | Train Acc: 93.20  |  Val Loss: 2.532 | Val Acc: 36.73  |  Test Loss: 2.581 | Tes Acc: 43.88
INFO >> Epoch: 30  |  Layer: 10  |  Train Loss: 0.239 | Train Acc: 94.90  |  Val Loss: 2.122 | Val Acc: 47.96  |  Test Loss: 2.417 | Tes Acc: 40.31
INFO >> Epoch: 30  |  Layer: 11  |  Train Loss: 0.293 | Train Acc: 92.52  |  Val Loss: 1.879 | Val Acc: 45.92  |  Test Loss: 2.428 | Tes Acc: 43.37
INFO >> Epoch: 30  |  Layer: 12  |  Train Loss: 0.303 | Train Acc: 90.48  |  Val Loss: 1.740 | Val Acc: 43.88  |  Test Loss: 2.325 | Tes Acc: 38.27
INFO >> Epoch: 30  |  Layer: 13  |  Train Loss: 0.347 | Train Acc: 91.84  |  Val Loss: 1.707 | Val Acc: 42.86  |  Test Loss: 2.719 | Tes Acc: 41.84



INFO >> Time Taken: 05:21

INFO >> Layer: 1  |  Best Val Acc: 40.82  |  Best Test Acc: 24.49
INFO >> Layer: 2  |  Best Val Acc: 40.82  |  Best Test Acc: 33.67
INFO >> Layer: 3  |  Best Val Acc: 41.84  |  Best Test Acc: 26.02
INFO >> Layer: 4  |  Best Val Acc: 46.94  |  Best Test Acc: 35.20
INFO >> Layer: 5  |  Best Val Acc: 44.90  |  Best Test Acc: 25.00
INFO >> Layer: 6  |  Best Val Acc: 44.90  |  Best Test Acc: 40.82
INFO >> Layer: 7  |  Best Val Acc: 46.94  |  Best Test Acc: 36.73
INFO >> Layer: 8  |  Best Val Acc: 46.94  |  Best Test Acc: 41.84
INFO >> Layer: 9  |  Best Val Acc: 48.98  |  Best Test Acc: 46.43
INFO >> Layer: 10  |  Best Val Acc: 48.98  |  Best Test Acc: 36.22
INFO >> Layer: 11  |  Best Val Acc: 51.02  |  Best Test Acc: 43.37
INFO >> Layer: 12  |  Best Val Acc: 54.08  |  Best Test Acc: 34.18
INFO >> Layer: 13  |  Best Val Acc: 48.98  |  Best Test Acc: 34.18

DEBUG >> Last state saved

INFO >> History saved (./history/v1.4/EMOVO/HUBERT_BASE_PROBING_DENSE/Run1/history.pt)
