
--------------------------------------------------
Multilingual SER System v1.2
--------------------------------------------------
Run Name      : Run2
Fx Model      : HUBERT_BASE
Clf Model     : DENSE
Extract Mode  : gpu_memory
Dataset       : RAVDESS
Device        : gpu
Epochs        : 20
Num Workers   : 2
Data Dir      : ./data
History Dir   : ./history
Weights Dir   : ./weights
Log Level     : debug
Purge Cache   : False
Job Name      : Job156
Job Id        : 30684255
GPU           : Quadro RTX 8000
GPU Count     : 1

Timestamp : 2023-03-02 07:57:23.625296

INFO >> Running on CUDA


INFO >> Training Classifier

INFO >> Epoch: 1 |   Train Loss: 2.022 | Train Acc: 23.57 |   Val Loss: 1.884 | Val Acc: 34.67 |   Test Loss: 1.895 | Tes Acc: 37.00
DEBUG >> Best state saved | Val Acc 34.66666638851166 | Test Acc 37.00000047683716

INFO >> Epoch: 2 |   Train Loss: 1.711 | Train Acc: 37.62 |   Val Loss: 1.522 | Val Acc: 41.67 |   Test Loss: 1.511 | Tes Acc: 43.33
DEBUG >> Best state saved | Val Acc 41.66666567325592 | Test Acc 43.33333373069763

INFO >> Epoch: 3 |   Train Loss: 1.383 | Train Acc: 48.57 |   Val Loss: 1.265 | Val Acc: 53.33 |   Test Loss: 1.311 | Tes Acc: 52.67
DEBUG >> Best state saved | Val Acc 53.33333611488342 | Test Acc 52.666664123535156

INFO >> Epoch: 4 |   Train Loss: 1.104 | Train Acc: 60.60 |   Val Loss: 1.141 | Val Acc: 55.33 |   Test Loss: 1.133 | Tes Acc: 60.67
DEBUG >> Best state saved | Val Acc 55.33333420753479 | Test Acc 60.66666841506958

INFO >> Epoch: 5 |   Train Loss: 0.970 | Train Acc: 65.83 |   Val Loss: 0.936 | Val Acc: 66.67 |   Test Loss: 1.272 | Tes Acc: 53.67
DEBUG >> Best state saved | Val Acc 66.66666865348816 | Test Acc 53.66666913032532

INFO >> Epoch: 6 |   Train Loss: 0.784 | Train Acc: 72.50 |   Val Loss: 0.923 | Val Acc: 67.00 |   Test Loss: 1.133 | Tes Acc: 62.33
DEBUG >> Best state saved | Val Acc 67.00000166893005 | Test Acc 62.33333349227905

INFO >> Epoch: 7 |   Train Loss: 0.692 | Train Acc: 77.38 |   Val Loss: 0.870 | Val Acc: 68.67 |   Test Loss: 1.253 | Tes Acc: 53.00
DEBUG >> Best state saved | Val Acc 68.66666674613953 | Test Acc 52.99999713897705

INFO >> Epoch: 8 |   Train Loss: 0.567 | Train Acc: 81.19 |   Val Loss: 0.809 | Val Acc: 71.67 |   Test Loss: 1.279 | Tes Acc: 53.33
DEBUG >> Best state saved | Val Acc 71.66666388511658 | Test Acc 53.33333611488342

INFO >> Epoch: 9 |   Train Loss: 0.473 | Train Acc: 84.64 |   Val Loss: 0.865 | Val Acc: 70.33 |   Test Loss: 1.391 | Tes Acc: 53.33
INFO >> Epoch: 10 |   Train Loss: 0.441 | Train Acc: 84.40 |   Val Loss: 0.819 | Val Acc: 68.00 |   Test Loss: 1.113 | Tes Acc: 64.00
INFO >> Epoch: 11 |   Train Loss: 0.395 | Train Acc: 86.43 |   Val Loss: 0.948 | Val Acc: 69.33 |   Test Loss: 1.461 | Tes Acc: 58.67
INFO >> Epoch: 12 |   Train Loss: 0.372 | Train Acc: 86.43 |   Val Loss: 0.933 | Val Acc: 69.67 |   Test Loss: 1.337 | Tes Acc: 57.00
INFO >> Epoch: 13 |   Train Loss: 0.320 | Train Acc: 89.40 |   Val Loss: 0.799 | Val Acc: 75.33 |   Test Loss: 1.309 | Tes Acc: 58.00
DEBUG >> Best state saved | Val Acc 75.3333330154419 | Test Acc 57.999998331069946

INFO >> Epoch: 14 |   Train Loss: 0.296 | Train Acc: 88.57 |   Val Loss: 0.815 | Val Acc: 77.33 |   Test Loss: 1.338 | Tes Acc: 60.67
DEBUG >> Best state saved | Val Acc 77.33333110809326 | Test Acc 60.66666841506958

INFO >> Epoch: 15 |   Train Loss: 0.272 | Train Acc: 91.31 |   Val Loss: 0.963 | Val Acc: 71.00 |   Test Loss: 1.025 | Tes Acc: 70.33
INFO >> Epoch: 16 |   Train Loss: 0.244 | Train Acc: 91.90 |   Val Loss: 0.950 | Val Acc: 72.00 |   Test Loss: 1.293 | Tes Acc: 61.33
INFO >> Epoch: 17 |   Train Loss: 0.200 | Train Acc: 94.64 |   Val Loss: 0.800 | Val Acc: 76.67 |   Test Loss: 1.359 | Tes Acc: 60.00
INFO >> Epoch: 18 |   Train Loss: 0.196 | Train Acc: 93.81 |   Val Loss: 1.074 | Val Acc: 71.00 |   Test Loss: 1.550 | Tes Acc: 61.33
INFO >> Epoch: 19 |   Train Loss: 0.269 | Train Acc: 90.71 |   Val Loss: 1.222 | Val Acc: 66.33 |   Test Loss: 1.781 | Tes Acc: 56.67
INFO >> Epoch: 20 |   Train Loss: 0.227 | Train Acc: 92.38 |   Val Loss: 0.852 | Val Acc: 73.67 |   Test Loss: 1.166 | Tes Acc: 66.00


INFO >> Time Taken: 04:41

INFO >> Best Val Acc : 77.33333110809326 | Best Test Acc : 60.66666841506958

INFO >> Agg. Weights : 
-0.42377400398254395 -0.02970980666577816 -0.02331787534058094 0.36311468482017517 0.3746474087238312 0.5520387291908264 0.5759329199790955 -0.08313151448965073 0.3508980870246887 0.48640766739845276 0.21844680607318878 0.24905025959014893

DEBUG >> Last state saved | Val Acc 73.66666793823242 | Test Acc 66.00000262260437

INFO >> History saved (./history/v1.2/RAVDESS/HUBERT_BASE_DENSE/Run2/history.pt)
