
--------------------------------------------------
Multilingual SER System v1.5
--------------------------------------------------
Run Name      : Run1
Fx Model      : WAV2VEC2_BASE
Clf Model     : CM_PROBING_LINEAR
Extract Mode  : gpu_memory
Dataset       : AESDD
Device        : gpu
Epochs        : 30
Num Workers   : 3
Data Dir      : ./data
History Dir   : ./history
Weights Dir   : ./weights
Log Level     : debug
Purge Cache   : False
Job Name      : Job1
Job Id        : 31668347
GPU           : Quadro RTX 8000
GPU Count     : 1
GPU Memory    : 44.49 GB

Timestamp : 2023-04-06 01:40:02.075667

INFO >> Running on CUDA


INFO >> Training Classifier

INFO >> Epoch: 1  |  Layer: 01  |  Train Loss: 1.615 | Train Acc: 22.15  |  Val Loss: 1.617 | Val Acc: 24.24  |  Test Loss: 1.604 | Tes Acc: 21.26
INFO >> Epoch: 1  |  Layer: 02  |  Train Loss: 1.615 | Train Acc: 23.49  |  Val Loss: 1.595 | Val Acc: 26.26  |  Test Loss: 1.584 | Tes Acc: 24.64
INFO >> Epoch: 1  |  Layer: 03  |  Train Loss: 1.609 | Train Acc: 22.82  |  Val Loss: 1.609 | Val Acc: 24.24  |  Test Loss: 1.578 | Tes Acc: 27.05
INFO >> Epoch: 1  |  Layer: 04  |  Train Loss: 1.611 | Train Acc: 24.50  |  Val Loss: 1.608 | Val Acc: 26.26  |  Test Loss: 1.587 | Tes Acc: 25.12
INFO >> Epoch: 1  |  Layer: 05  |  Train Loss: 1.609 | Train Acc: 24.16  |  Val Loss: 1.596 | Val Acc: 29.29  |  Test Loss: 1.580 | Tes Acc: 26.09
INFO >> Epoch: 1  |  Layer: 06  |  Train Loss: 1.605 | Train Acc: 24.50  |  Val Loss: 1.611 | Val Acc: 22.22  |  Test Loss: 1.582 | Tes Acc: 24.64
INFO >> Epoch: 1  |  Layer: 07  |  Train Loss: 1.604 | Train Acc: 24.50  |  Val Loss: 1.595 | Val Acc: 32.32  |  Test Loss: 1.586 | Tes Acc: 26.57
INFO >> Epoch: 1  |  Layer: 08  |  Train Loss: 1.605 | Train Acc: 25.84  |  Val Loss: 1.592 | Val Acc: 36.36  |  Test Loss: 1.581 | Tes Acc: 29.95
INFO >> Epoch: 1  |  Layer: 09  |  Train Loss: 1.602 | Train Acc: 25.50  |  Val Loss: 1.583 | Val Acc: 35.35  |  Test Loss: 1.581 | Tes Acc: 28.99
INFO >> Epoch: 1  |  Layer: 10  |  Train Loss: 1.604 | Train Acc: 27.18  |  Val Loss: 1.585 | Val Acc: 41.41  |  Test Loss: 1.581 | Tes Acc: 33.82
INFO >> Epoch: 1  |  Layer: 11  |  Train Loss: 1.601 | Train Acc: 25.50  |  Val Loss: 1.586 | Val Acc: 41.41  |  Test Loss: 1.577 | Tes Acc: 41.06
INFO >> Epoch: 1  |  Layer: 12  |  Train Loss: 1.603 | Train Acc: 26.17  |  Val Loss: 1.594 | Val Acc: 31.31  |  Test Loss: 1.585 | Tes Acc: 40.10
INFO >> Epoch: 1  |  Layer: 13  |  Train Loss: 1.602 | Train Acc: 25.84  |  Val Loss: 1.589 | Val Acc: 30.30  |  Test Loss: 1.588 | Tes Acc: 26.09

INFO >> Epoch: 2  |  Layer: 01  |  Train Loss: 1.571 | Train Acc: 22.48  |  Val Loss: 1.621 | Val Acc: 26.26  |  Test Loss: 1.586 | Tes Acc: 20.29
INFO >> Epoch: 2  |  Layer: 02  |  Train Loss: 1.579 | Train Acc: 23.83  |  Val Loss: 1.621 | Val Acc: 22.22  |  Test Loss: 1.582 | Tes Acc: 24.64
INFO >> Epoch: 2  |  Layer: 03  |  Train Loss: 1.575 | Train Acc: 25.84  |  Val Loss: 1.603 | Val Acc: 25.25  |  Test Loss: 1.580 | Tes Acc: 24.64
INFO >> Epoch: 2  |  Layer: 04  |  Train Loss: 1.584 | Train Acc: 30.20  |  Val Loss: 1.601 | Val Acc: 22.22  |  Test Loss: 1.581 | Tes Acc: 26.09
INFO >> Epoch: 2  |  Layer: 05  |  Train Loss: 1.569 | Train Acc: 26.85  |  Val Loss: 1.591 | Val Acc: 23.23  |  Test Loss: 1.573 | Tes Acc: 26.09
INFO >> Epoch: 2  |  Layer: 06  |  Train Loss: 1.572 | Train Acc: 28.86  |  Val Loss: 1.590 | Val Acc: 28.28  |  Test Loss: 1.577 | Tes Acc: 24.64
INFO >> Epoch: 2  |  Layer: 07  |  Train Loss: 1.571 | Train Acc: 28.52  |  Val Loss: 1.591 | Val Acc: 28.28  |  Test Loss: 1.573 | Tes Acc: 27.05
INFO >> Epoch: 2  |  Layer: 08  |  Train Loss: 1.564 | Train Acc: 32.89  |  Val Loss: 1.570 | Val Acc: 33.33  |  Test Loss: 1.566 | Tes Acc: 28.50
INFO >> Epoch: 2  |  Layer: 09  |  Train Loss: 1.565 | Train Acc: 34.56  |  Val Loss: 1.577 | Val Acc: 31.31  |  Test Loss: 1.567 | Tes Acc: 31.40
INFO >> Epoch: 2  |  Layer: 10  |  Train Loss: 1.566 | Train Acc: 36.91  |  Val Loss: 1.573 | Val Acc: 37.37  |  Test Loss: 1.568 | Tes Acc: 31.88
INFO >> Epoch: 2  |  Layer: 11  |  Train Loss: 1.557 | Train Acc: 38.26  |  Val Loss: 1.564 | Val Acc: 41.41  |  Test Loss: 1.557 | Tes Acc: 35.75
INFO >> Epoch: 2  |  Layer: 12  |  Train Loss: 1.567 | Train Acc: 33.89  |  Val Loss: 1.578 | Val Acc: 35.35  |  Test Loss: 1.571 | Tes Acc: 28.99
INFO >> Epoch: 2  |  Layer: 13  |  Train Loss: 1.572 | Train Acc: 33.22  |  Val Loss: 1.577 | Val Acc: 40.40  |  Test Loss: 1.576 | Tes Acc: 30.43

INFO >> Epoch: 3  |  Layer: 01  |  Train Loss: 1.570 | Train Acc: 30.54  |  Val Loss: 1.648 | Val Acc: 27.27  |  Test Loss: 1.567 | Tes Acc: 28.50
INFO >> Epoch: 3  |  Layer: 02  |  Train Loss: 1.560 | Train Acc: 31.21  |  Val Loss: 1.584 | Val Acc: 33.33  |  Test Loss: 1.566 | Tes Acc: 28.02
INFO >> Epoch: 3  |  Layer: 03  |  Train Loss: 1.566 | Train Acc: 28.52  |  Val Loss: 1.608 | Val Acc: 29.29  |  Test Loss: 1.560 | Tes Acc: 28.50
INFO >> Epoch: 3  |  Layer: 04  |  Train Loss: 1.573 | Train Acc: 26.17  |  Val Loss: 1.590 | Val Acc: 35.35  |  Test Loss: 1.562 | Tes Acc: 30.43
INFO >> Epoch: 3  |  Layer: 05  |  Train Loss: 1.551 | Train Acc: 31.21  |  Val Loss: 1.594 | Val Acc: 31.31  |  Test Loss: 1.546 | Tes Acc: 29.95
INFO >> Epoch: 3  |  Layer: 06  |  Train Loss: 1.554 | Train Acc: 31.88  |  Val Loss: 1.579 | Val Acc: 34.34  |  Test Loss: 1.551 | Tes Acc: 32.85
INFO >> Epoch: 3  |  Layer: 07  |  Train Loss: 1.546 | Train Acc: 30.20  |  Val Loss: 1.564 | Val Acc: 39.39  |  Test Loss: 1.546 | Tes Acc: 35.75
INFO >> Epoch: 3  |  Layer: 08  |  Train Loss: 1.537 | Train Acc: 32.55  |  Val Loss: 1.544 | Val Acc: 42.42  |  Test Loss: 1.536 | Tes Acc: 34.78
INFO >> Epoch: 3  |  Layer: 09  |  Train Loss: 1.533 | Train Acc: 39.60  |  Val Loss: 1.532 | Val Acc: 44.44  |  Test Loss: 1.538 | Tes Acc: 35.27
INFO >> Epoch: 3  |  Layer: 10  |  Train Loss: 1.534 | Train Acc: 35.57  |  Val Loss: 1.532 | Val Acc: 43.43  |  Test Loss: 1.536 | Tes Acc: 34.30
INFO >> Epoch: 3  |  Layer: 11  |  Train Loss: 1.523 | Train Acc: 39.93  |  Val Loss: 1.535 | Val Acc: 39.39  |  Test Loss: 1.525 | Tes Acc: 38.16
INFO >> Epoch: 3  |  Layer: 12  |  Train Loss: 1.534 | Train Acc: 32.55  |  Val Loss: 1.544 | Val Acc: 40.40  |  Test Loss: 1.543 | Tes Acc: 32.85
INFO >> Epoch: 3  |  Layer: 13  |  Train Loss: 1.543 | Train Acc: 36.91  |  Val Loss: 1.544 | Val Acc: 44.44  |  Test Loss: 1.552 | Tes Acc: 33.82

INFO >> Epoch: 4  |  Layer: 01  |  Train Loss: 1.552 | Train Acc: 25.84  |  Val Loss: 1.631 | Val Acc: 34.34  |  Test Loss: 1.546 | Tes Acc: 28.99
INFO >> Epoch: 4  |  Layer: 02  |  Train Loss: 1.545 | Train Acc: 27.18  |  Val Loss: 1.590 | Val Acc: 38.38  |  Test Loss: 1.560 | Tes Acc: 29.47
INFO >> Epoch: 4  |  Layer: 03  |  Train Loss: 1.540 | Train Acc: 26.85  |  Val Loss: 1.589 | Val Acc: 33.33  |  Test Loss: 1.553 | Tes Acc: 28.02
INFO >> Epoch: 4  |  Layer: 04  |  Train Loss: 1.548 | Train Acc: 27.18  |  Val Loss: 1.601 | Val Acc: 37.37  |  Test Loss: 1.551 | Tes Acc: 28.02
INFO >> Epoch: 4  |  Layer: 05  |  Train Loss: 1.517 | Train Acc: 30.20  |  Val Loss: 1.566 | Val Acc: 41.41  |  Test Loss: 1.528 | Tes Acc: 30.43
INFO >> Epoch: 4  |  Layer: 06  |  Train Loss: 1.524 | Train Acc: 29.87  |  Val Loss: 1.572 | Val Acc: 41.41  |  Test Loss: 1.532 | Tes Acc: 35.75
INFO >> Epoch: 4  |  Layer: 07  |  Train Loss: 1.515 | Train Acc: 32.55  |  Val Loss: 1.546 | Val Acc: 46.46  |  Test Loss: 1.521 | Tes Acc: 36.71
INFO >> Epoch: 4  |  Layer: 08  |  Train Loss: 1.500 | Train Acc: 33.89  |  Val Loss: 1.534 | Val Acc: 50.51  |  Test Loss: 1.510 | Tes Acc: 43.48
INFO >> Epoch: 4  |  Layer: 09  |  Train Loss: 1.498 | Train Acc: 36.24  |  Val Loss: 1.516 | Val Acc: 50.51  |  Test Loss: 1.509 | Tes Acc: 43.96
INFO >> Epoch: 4  |  Layer: 10  |  Train Loss: 1.497 | Train Acc: 36.24  |  Val Loss: 1.514 | Val Acc: 52.53  |  Test Loss: 1.508 | Tes Acc: 45.89
INFO >> Epoch: 4  |  Layer: 11  |  Train Loss: 1.474 | Train Acc: 40.94  |  Val Loss: 1.500 | Val Acc: 57.58  |  Test Loss: 1.494 | Tes Acc: 46.38
INFO >> Epoch: 4  |  Layer: 12  |  Train Loss: 1.496 | Train Acc: 36.58  |  Val Loss: 1.522 | Val Acc: 46.46  |  Test Loss: 1.513 | Tes Acc: 43.96
INFO >> Epoch: 4  |  Layer: 13  |  Train Loss: 1.508 | Train Acc: 34.90  |  Val Loss: 1.524 | Val Acc: 43.43  |  Test Loss: 1.522 | Tes Acc: 36.23

INFO >> Epoch: 5  |  Layer: 01  |  Train Loss: 1.496 | Train Acc: 33.89  |  Val Loss: 1.580 | Val Acc: 41.41  |  Test Loss: 1.549 | Tes Acc: 24.64
INFO >> Epoch: 5  |  Layer: 02  |  Train Loss: 1.488 | Train Acc: 36.24  |  Val Loss: 1.594 | Val Acc: 42.42  |  Test Loss: 1.547 | Tes Acc: 33.82
INFO >> Epoch: 5  |  Layer: 03  |  Train Loss: 1.493 | Train Acc: 32.55  |  Val Loss: 1.578 | Val Acc: 31.31  |  Test Loss: 1.544 | Tes Acc: 32.37
INFO >> Epoch: 5  |  Layer: 04  |  Train Loss: 1.505 | Train Acc: 32.21  |  Val Loss: 1.594 | Val Acc: 36.36  |  Test Loss: 1.538 | Tes Acc: 38.65
INFO >> Epoch: 5  |  Layer: 05  |  Train Loss: 1.467 | Train Acc: 34.90  |  Val Loss: 1.564 | Val Acc: 45.45  |  Test Loss: 1.509 | Tes Acc: 38.16
INFO >> Epoch: 5  |  Layer: 06  |  Train Loss: 1.474 | Train Acc: 36.91  |  Val Loss: 1.554 | Val Acc: 44.44  |  Test Loss: 1.515 | Tes Acc: 39.13
INFO >> Epoch: 5  |  Layer: 07  |  Train Loss: 1.461 | Train Acc: 37.25  |  Val Loss: 1.522 | Val Acc: 49.49  |  Test Loss: 1.497 | Tes Acc: 38.65
INFO >> Epoch: 5  |  Layer: 08  |  Train Loss: 1.441 | Train Acc: 49.66  |  Val Loss: 1.503 | Val Acc: 53.54  |  Test Loss: 1.482 | Tes Acc: 45.89
INFO >> Epoch: 5  |  Layer: 09  |  Train Loss: 1.437 | Train Acc: 50.67  |  Val Loss: 1.482 | Val Acc: 54.55  |  Test Loss: 1.482 | Tes Acc: 47.34
INFO >> Epoch: 5  |  Layer: 10  |  Train Loss: 1.436 | Train Acc: 51.34  |  Val Loss: 1.483 | Val Acc: 52.53  |  Test Loss: 1.477 | Tes Acc: 43.96
INFO >> Epoch: 5  |  Layer: 11  |  Train Loss: 1.411 | Train Acc: 51.68  |  Val Loss: 1.463 | Val Acc: 57.58  |  Test Loss: 1.461 | Tes Acc: 48.31
INFO >> Epoch: 5  |  Layer: 12  |  Train Loss: 1.439 | Train Acc: 48.99  |  Val Loss: 1.481 | Val Acc: 54.55  |  Test Loss: 1.484 | Tes Acc: 47.34
INFO >> Epoch: 5  |  Layer: 13  |  Train Loss: 1.454 | Train Acc: 43.62  |  Val Loss: 1.489 | Val Acc: 53.54  |  Test Loss: 1.492 | Tes Acc: 42.51

INFO >> Epoch: 6  |  Layer: 01  |  Train Loss: 1.501 | Train Acc: 34.23  |  Val Loss: 1.677 | Val Acc: 37.37  |  Test Loss: 1.539 | Tes Acc: 28.99
INFO >> Epoch: 6  |  Layer: 02  |  Train Loss: 1.493 | Train Acc: 32.89  |  Val Loss: 1.622 | Val Acc: 35.35  |  Test Loss: 1.539 | Tes Acc: 29.95
INFO >> Epoch: 6  |  Layer: 03  |  Train Loss: 1.500 | Train Acc: 33.56  |  Val Loss: 1.589 | Val Acc: 33.33  |  Test Loss: 1.531 | Tes Acc: 34.30
INFO >> Epoch: 6  |  Layer: 04  |  Train Loss: 1.499 | Train Acc: 36.58  |  Val Loss: 1.619 | Val Acc: 36.36  |  Test Loss: 1.530 | Tes Acc: 33.33
INFO >> Epoch: 6  |  Layer: 05  |  Train Loss: 1.456 | Train Acc: 45.30  |  Val Loss: 1.578 | Val Acc: 38.38  |  Test Loss: 1.491 | Tes Acc: 42.51
INFO >> Epoch: 6  |  Layer: 06  |  Train Loss: 1.462 | Train Acc: 44.30  |  Val Loss: 1.564 | Val Acc: 37.37  |  Test Loss: 1.494 | Tes Acc: 38.16
INFO >> Epoch: 6  |  Layer: 07  |  Train Loss: 1.441 | Train Acc: 46.64  |  Val Loss: 1.518 | Val Acc: 43.43  |  Test Loss: 1.469 | Tes Acc: 50.72
INFO >> Epoch: 6  |  Layer: 08  |  Train Loss: 1.416 | Train Acc: 56.71  |  Val Loss: 1.497 | Val Acc: 47.47  |  Test Loss: 1.452 | Tes Acc: 47.83
INFO >> Epoch: 6  |  Layer: 09  |  Train Loss: 1.410 | Train Acc: 59.06  |  Val Loss: 1.454 | Val Acc: 49.49  |  Test Loss: 1.448 | Tes Acc: 46.86
INFO >> Epoch: 6  |  Layer: 10  |  Train Loss: 1.405 | Train Acc: 57.05  |  Val Loss: 1.456 | Val Acc: 52.53  |  Test Loss: 1.444 | Tes Acc: 46.86
INFO >> Epoch: 6  |  Layer: 11  |  Train Loss: 1.376 | Train Acc: 59.73  |  Val Loss: 1.437 | Val Acc: 53.54  |  Test Loss: 1.429 | Tes Acc: 48.31
INFO >> Epoch: 6  |  Layer: 12  |  Train Loss: 1.412 | Train Acc: 57.38  |  Val Loss: 1.456 | Val Acc: 51.52  |  Test Loss: 1.457 | Tes Acc: 43.96
INFO >> Epoch: 6  |  Layer: 13  |  Train Loss: 1.423 | Train Acc: 56.04  |  Val Loss: 1.468 | Val Acc: 49.49  |  Test Loss: 1.463 | Tes Acc: 46.86

INFO >> Epoch: 7  |  Layer: 01  |  Train Loss: 1.458 | Train Acc: 34.56  |  Val Loss: 1.667 | Val Acc: 35.35  |  Test Loss: 1.527 | Tes Acc: 33.33
INFO >> Epoch: 7  |  Layer: 02  |  Train Loss: 1.449 | Train Acc: 35.23  |  Val Loss: 1.612 | Val Acc: 34.34  |  Test Loss: 1.531 | Tes Acc: 37.20
INFO >> Epoch: 7  |  Layer: 03  |  Train Loss: 1.456 | Train Acc: 34.23  |  Val Loss: 1.584 | Val Acc: 36.36  |  Test Loss: 1.522 | Tes Acc: 32.37
INFO >> Epoch: 7  |  Layer: 04  |  Train Loss: 1.460 | Train Acc: 37.25  |  Val Loss: 1.597 | Val Acc: 34.34  |  Test Loss: 1.517 | Tes Acc: 34.30
INFO >> Epoch: 7  |  Layer: 05  |  Train Loss: 1.402 | Train Acc: 46.64  |  Val Loss: 1.547 | Val Acc: 37.37  |  Test Loss: 1.471 | Tes Acc: 40.10
INFO >> Epoch: 7  |  Layer: 06  |  Train Loss: 1.407 | Train Acc: 45.30  |  Val Loss: 1.529 | Val Acc: 39.39  |  Test Loss: 1.475 | Tes Acc: 36.23
INFO >> Epoch: 7  |  Layer: 07  |  Train Loss: 1.377 | Train Acc: 54.03  |  Val Loss: 1.482 | Val Acc: 43.43  |  Test Loss: 1.440 | Tes Acc: 46.38
INFO >> Epoch: 7  |  Layer: 08  |  Train Loss: 1.348 | Train Acc: 58.72  |  Val Loss: 1.449 | Val Acc: 51.52  |  Test Loss: 1.417 | Tes Acc: 53.14
INFO >> Epoch: 7  |  Layer: 09  |  Train Loss: 1.340 | Train Acc: 58.39  |  Val Loss: 1.410 | Val Acc: 50.51  |  Test Loss: 1.415 | Tes Acc: 52.17
INFO >> Epoch: 7  |  Layer: 10  |  Train Loss: 1.335 | Train Acc: 58.39  |  Val Loss: 1.411 | Val Acc: 51.52  |  Test Loss: 1.406 | Tes Acc: 52.66
INFO >> Epoch: 7  |  Layer: 11  |  Train Loss: 1.301 | Train Acc: 60.74  |  Val Loss: 1.388 | Val Acc: 52.53  |  Test Loss: 1.390 | Tes Acc: 50.24
INFO >> Epoch: 7  |  Layer: 12  |  Train Loss: 1.341 | Train Acc: 57.38  |  Val Loss: 1.399 | Val Acc: 55.56  |  Test Loss: 1.422 | Tes Acc: 49.28
INFO >> Epoch: 7  |  Layer: 13  |  Train Loss: 1.351 | Train Acc: 58.72  |  Val Loss: 1.416 | Val Acc: 57.58  |  Test Loss: 1.425 | Tes Acc: 49.28

INFO >> Epoch: 8  |  Layer: 01  |  Train Loss: 1.488 | Train Acc: 30.87  |  Val Loss: 1.493 | Val Acc: 39.39  |  Test Loss: 1.654 | Tes Acc: 27.05
INFO >> Epoch: 8  |  Layer: 02  |  Train Loss: 1.472 | Train Acc: 30.20  |  Val Loss: 1.571 | Val Acc: 26.26  |  Test Loss: 1.595 | Tes Acc: 30.92
INFO >> Epoch: 8  |  Layer: 03  |  Train Loss: 1.473 | Train Acc: 30.54  |  Val Loss: 1.474 | Val Acc: 45.45  |  Test Loss: 1.580 | Tes Acc: 26.09
INFO >> Epoch: 8  |  Layer: 04  |  Train Loss: 1.461 | Train Acc: 39.93  |  Val Loss: 1.531 | Val Acc: 48.48  |  Test Loss: 1.511 | Tes Acc: 35.27
INFO >> Epoch: 8  |  Layer: 05  |  Train Loss: 1.400 | Train Acc: 43.29  |  Val Loss: 1.468 | Val Acc: 37.37  |  Test Loss: 1.501 | Tes Acc: 27.05
INFO >> Epoch: 8  |  Layer: 06  |  Train Loss: 1.401 | Train Acc: 46.31  |  Val Loss: 1.455 | Val Acc: 47.47  |  Test Loss: 1.467 | Tes Acc: 35.75
INFO >> Epoch: 8  |  Layer: 07  |  Train Loss: 1.358 | Train Acc: 51.68  |  Val Loss: 1.423 | Val Acc: 48.48  |  Test Loss: 1.437 | Tes Acc: 34.78
INFO >> Epoch: 8  |  Layer: 08  |  Train Loss: 1.326 | Train Acc: 56.04  |  Val Loss: 1.386 | Val Acc: 56.57  |  Test Loss: 1.402 | Tes Acc: 43.48
INFO >> Epoch: 8  |  Layer: 09  |  Train Loss: 1.312 | Train Acc: 55.70  |  Val Loss: 1.350 | Val Acc: 56.57  |  Test Loss: 1.391 | Tes Acc: 46.86
INFO >> Epoch: 8  |  Layer: 10  |  Train Loss: 1.299 | Train Acc: 55.03  |  Val Loss: 1.338 | Val Acc: 56.57  |  Test Loss: 1.379 | Tes Acc: 47.34
INFO >> Epoch: 8  |  Layer: 11  |  Train Loss: 1.268 | Train Acc: 58.39  |  Val Loss: 1.316 | Val Acc: 57.58  |  Test Loss: 1.363 | Tes Acc: 46.38
INFO >> Epoch: 8  |  Layer: 12  |  Train Loss: 1.316 | Train Acc: 53.36  |  Val Loss: 1.333 | Val Acc: 64.65  |  Test Loss: 1.394 | Tes Acc: 46.86
INFO >> Epoch: 8  |  Layer: 13  |  Train Loss: 1.324 | Train Acc: 53.02  |  Val Loss: 1.355 | Val Acc: 59.60  |  Test Loss: 1.399 | Tes Acc: 48.79

INFO >> Epoch: 9  |  Layer: 01  |  Train Loss: 1.444 | Train Acc: 38.59  |  Val Loss: 1.965 | Val Acc: 35.35  |  Test Loss: 1.612 | Tes Acc: 22.22
INFO >> Epoch: 9  |  Layer: 02  |  Train Loss: 1.427 | Train Acc: 41.95  |  Val Loss: 1.799 | Val Acc: 37.37  |  Test Loss: 1.552 | Tes Acc: 26.57
INFO >> Epoch: 9  |  Layer: 03  |  Train Loss: 1.437 | Train Acc: 37.58  |  Val Loss: 1.741 | Val Acc: 37.37  |  Test Loss: 1.535 | Tes Acc: 29.47
INFO >> Epoch: 9  |  Layer: 04  |  Train Loss: 1.430 | Train Acc: 46.64  |  Val Loss: 1.657 | Val Acc: 33.33  |  Test Loss: 1.499 | Tes Acc: 32.37
INFO >> Epoch: 9  |  Layer: 05  |  Train Loss: 1.339 | Train Acc: 51.01  |  Val Loss: 1.677 | Val Acc: 38.38  |  Test Loss: 1.456 | Tes Acc: 42.03
INFO >> Epoch: 9  |  Layer: 06  |  Train Loss: 1.346 | Train Acc: 53.36  |  Val Loss: 1.596 | Val Acc: 35.35  |  Test Loss: 1.437 | Tes Acc: 46.86
INFO >> Epoch: 9  |  Layer: 07  |  Train Loss: 1.298 | Train Acc: 51.68  |  Val Loss: 1.477 | Val Acc: 46.46  |  Test Loss: 1.377 | Tes Acc: 48.79
INFO >> Epoch: 9  |  Layer: 08  |  Train Loss: 1.254 | Train Acc: 60.07  |  Val Loss: 1.442 | Val Acc: 47.47  |  Test Loss: 1.361 | Tes Acc: 49.76
INFO >> Epoch: 9  |  Layer: 09  |  Train Loss: 1.236 | Train Acc: 63.42  |  Val Loss: 1.342 | Val Acc: 53.54  |  Test Loss: 1.345 | Tes Acc: 47.34
INFO >> Epoch: 9  |  Layer: 10  |  Train Loss: 1.224 | Train Acc: 62.08  |  Val Loss: 1.364 | Val Acc: 51.52  |  Test Loss: 1.340 | Tes Acc: 49.28
INFO >> Epoch: 9  |  Layer: 11  |  Train Loss: 1.182 | Train Acc: 64.43  |  Val Loss: 1.380 | Val Acc: 48.48  |  Test Loss: 1.350 | Tes Acc: 47.34
INFO >> Epoch: 9  |  Layer: 12  |  Train Loss: 1.234 | Train Acc: 64.43  |  Val Loss: 1.343 | Val Acc: 55.56  |  Test Loss: 1.373 | Tes Acc: 45.89
INFO >> Epoch: 9  |  Layer: 13  |  Train Loss: 1.240 | Train Acc: 63.09  |  Val Loss: 1.366 | Val Acc: 56.57  |  Test Loss: 1.362 | Tes Acc: 47.34

INFO >> Epoch: 10  |  Layer: 01  |  Train Loss: 1.452 | Train Acc: 34.23  |  Val Loss: 1.517 | Val Acc: 36.36  |  Test Loss: 1.569 | Tes Acc: 28.50
INFO >> Epoch: 10  |  Layer: 02  |  Train Loss: 1.428 | Train Acc: 35.91  |  Val Loss: 1.555 | Val Acc: 36.36  |  Test Loss: 1.555 | Tes Acc: 26.09
INFO >> Epoch: 10  |  Layer: 03  |  Train Loss: 1.430 | Train Acc: 34.90  |  Val Loss: 1.486 | Val Acc: 40.40  |  Test Loss: 1.541 | Tes Acc: 27.54
INFO >> Epoch: 10  |  Layer: 04  |  Train Loss: 1.396 | Train Acc: 44.30  |  Val Loss: 1.561 | Val Acc: 42.42  |  Test Loss: 1.476 | Tes Acc: 39.61
INFO >> Epoch: 10  |  Layer: 05  |  Train Loss: 1.326 | Train Acc: 44.97  |  Val Loss: 1.476 | Val Acc: 36.36  |  Test Loss: 1.445 | Tes Acc: 31.88
INFO >> Epoch: 10  |  Layer: 06  |  Train Loss: 1.315 | Train Acc: 49.33  |  Val Loss: 1.447 | Val Acc: 38.38  |  Test Loss: 1.424 | Tes Acc: 36.71
INFO >> Epoch: 10  |  Layer: 07  |  Train Loss: 1.260 | Train Acc: 51.01  |  Val Loss: 1.415 | Val Acc: 44.44  |  Test Loss: 1.367 | Tes Acc: 41.06
INFO >> Epoch: 10  |  Layer: 08  |  Train Loss: 1.208 | Train Acc: 59.06  |  Val Loss: 1.334 | Val Acc: 55.56  |  Test Loss: 1.324 | Tes Acc: 50.24
INFO >> Epoch: 10  |  Layer: 09  |  Train Loss: 1.183 | Train Acc: 61.41  |  Val Loss: 1.322 | Val Acc: 44.44  |  Test Loss: 1.321 | Tes Acc: 48.31
INFO >> Epoch: 10  |  Layer: 10  |  Train Loss: 1.157 | Train Acc: 63.09  |  Val Loss: 1.264 | Val Acc: 56.57  |  Test Loss: 1.293 | Tes Acc: 51.69
INFO >> Epoch: 10  |  Layer: 11  |  Train Loss: 1.124 | Train Acc: 63.76  |  Val Loss: 1.249 | Val Acc: 53.54  |  Test Loss: 1.293 | Tes Acc: 48.31
INFO >> Epoch: 10  |  Layer: 12  |  Train Loss: 1.182 | Train Acc: 61.41  |  Val Loss: 1.282 | Val Acc: 56.57  |  Test Loss: 1.333 | Tes Acc: 46.86
INFO >> Epoch: 10  |  Layer: 13  |  Train Loss: 1.189 | Train Acc: 61.41  |  Val Loss: 1.299 | Val Acc: 56.57  |  Test Loss: 1.328 | Tes Acc: 51.69

INFO >> Epoch: 11  |  Layer: 01  |  Train Loss: 1.426 | Train Acc: 34.56  |  Val Loss: 1.598 | Val Acc: 43.43  |  Test Loss: 1.522 | Tes Acc: 25.60
INFO >> Epoch: 11  |  Layer: 02  |  Train Loss: 1.392 | Train Acc: 39.26  |  Val Loss: 1.667 | Val Acc: 37.37  |  Test Loss: 1.509 | Tes Acc: 29.47
INFO >> Epoch: 11  |  Layer: 03  |  Train Loss: 1.392 | Train Acc: 43.96  |  Val Loss: 1.600 | Val Acc: 46.46  |  Test Loss: 1.491 | Tes Acc: 32.37
INFO >> Epoch: 11  |  Layer: 04  |  Train Loss: 1.368 | Train Acc: 43.96  |  Val Loss: 1.554 | Val Acc: 41.41  |  Test Loss: 1.471 | Tes Acc: 36.71
INFO >> Epoch: 11  |  Layer: 05  |  Train Loss: 1.269 | Train Acc: 58.05  |  Val Loss: 1.554 | Val Acc: 43.43  |  Test Loss: 1.386 | Tes Acc: 50.72
INFO >> Epoch: 11  |  Layer: 06  |  Train Loss: 1.274 | Train Acc: 54.70  |  Val Loss: 1.497 | Val Acc: 42.42  |  Test Loss: 1.372 | Tes Acc: 53.62
INFO >> Epoch: 11  |  Layer: 07  |  Train Loss: 1.199 | Train Acc: 56.71  |  Val Loss: 1.378 | Val Acc: 53.54  |  Test Loss: 1.304 | Tes Acc: 57.97
INFO >> Epoch: 11  |  Layer: 08  |  Train Loss: 1.157 | Train Acc: 67.79  |  Val Loss: 1.324 | Val Acc: 57.58  |  Test Loss: 1.273 | Tes Acc: 57.00
INFO >> Epoch: 11  |  Layer: 09  |  Train Loss: 1.131 | Train Acc: 65.44  |  Val Loss: 1.235 | Val Acc: 63.64  |  Test Loss: 1.260 | Tes Acc: 60.87
INFO >> Epoch: 11  |  Layer: 10  |  Train Loss: 1.114 | Train Acc: 67.45  |  Val Loss: 1.236 | Val Acc: 60.61  |  Test Loss: 1.247 | Tes Acc: 61.35
INFO >> Epoch: 11  |  Layer: 11  |  Train Loss: 1.092 | Train Acc: 70.81  |  Val Loss: 1.265 | Val Acc: 52.53  |  Test Loss: 1.257 | Tes Acc: 56.04
INFO >> Epoch: 11  |  Layer: 12  |  Train Loss: 1.144 | Train Acc: 68.12  |  Val Loss: 1.231 | Val Acc: 62.63  |  Test Loss: 1.286 | Tes Acc: 53.62
INFO >> Epoch: 11  |  Layer: 13  |  Train Loss: 1.146 | Train Acc: 69.46  |  Val Loss: 1.246 | Val Acc: 61.62  |  Test Loss: 1.275 | Tes Acc: 53.14

INFO >> Epoch: 12  |  Layer: 01  |  Train Loss: 1.447 | Train Acc: 36.58  |  Val Loss: 1.840 | Val Acc: 32.32  |  Test Loss: 1.559 | Tes Acc: 26.09
INFO >> Epoch: 12  |  Layer: 02  |  Train Loss: 1.375 | Train Acc: 45.64  |  Val Loss: 1.665 | Val Acc: 31.31  |  Test Loss: 1.523 | Tes Acc: 29.95
INFO >> Epoch: 12  |  Layer: 03  |  Train Loss: 1.366 | Train Acc: 45.64  |  Val Loss: 1.523 | Val Acc: 37.37  |  Test Loss: 1.491 | Tes Acc: 37.20
INFO >> Epoch: 12  |  Layer: 04  |  Train Loss: 1.339 | Train Acc: 49.66  |  Val Loss: 1.600 | Val Acc: 34.34  |  Test Loss: 1.465 | Tes Acc: 38.65
INFO >> Epoch: 12  |  Layer: 05  |  Train Loss: 1.239 | Train Acc: 64.09  |  Val Loss: 1.506 | Val Acc: 37.37  |  Test Loss: 1.370 | Tes Acc: 44.44
INFO >> Epoch: 12  |  Layer: 06  |  Train Loss: 1.227 | Train Acc: 61.74  |  Val Loss: 1.447 | Val Acc: 37.37  |  Test Loss: 1.360 | Tes Acc: 45.89
INFO >> Epoch: 12  |  Layer: 07  |  Train Loss: 1.158 | Train Acc: 68.46  |  Val Loss: 1.376 | Val Acc: 43.43  |  Test Loss: 1.289 | Tes Acc: 50.24
INFO >> Epoch: 12  |  Layer: 08  |  Train Loss: 1.094 | Train Acc: 75.84  |  Val Loss: 1.294 | Val Acc: 48.48  |  Test Loss: 1.259 | Tes Acc: 52.66
INFO >> Epoch: 12  |  Layer: 09  |  Train Loss: 1.069 | Train Acc: 74.16  |  Val Loss: 1.245 | Val Acc: 47.47  |  Test Loss: 1.252 | Tes Acc: 54.11
INFO >> Epoch: 12  |  Layer: 10  |  Train Loss: 1.042 | Train Acc: 76.51  |  Val Loss: 1.205 | Val Acc: 55.56  |  Test Loss: 1.233 | Tes Acc: 54.59
INFO >> Epoch: 12  |  Layer: 11  |  Train Loss: 1.015 | Train Acc: 75.17  |  Val Loss: 1.185 | Val Acc: 52.53  |  Test Loss: 1.230 | Tes Acc: 54.59
INFO >> Epoch: 12  |  Layer: 12  |  Train Loss: 1.071 | Train Acc: 75.50  |  Val Loss: 1.214 | Val Acc: 53.54  |  Test Loss: 1.270 | Tes Acc: 50.72
INFO >> Epoch: 12  |  Layer: 13  |  Train Loss: 1.080 | Train Acc: 75.50  |  Val Loss: 1.245 | Val Acc: 54.55  |  Test Loss: 1.264 | Tes Acc: 54.11

INFO >> Epoch: 13  |  Layer: 01  |  Train Loss: 1.358 | Train Acc: 40.94  |  Val Loss: 1.692 | Val Acc: 31.31  |  Test Loss: 1.568 | Tes Acc: 32.85
INFO >> Epoch: 13  |  Layer: 02  |  Train Loss: 1.316 | Train Acc: 52.01  |  Val Loss: 1.729 | Val Acc: 24.24  |  Test Loss: 1.578 | Tes Acc: 32.37
INFO >> Epoch: 13  |  Layer: 03  |  Train Loss: 1.314 | Train Acc: 49.66  |  Val Loss: 1.561 | Val Acc: 30.30  |  Test Loss: 1.508 | Tes Acc: 33.82
INFO >> Epoch: 13  |  Layer: 04  |  Train Loss: 1.279 | Train Acc: 59.73  |  Val Loss: 1.563 | Val Acc: 33.33  |  Test Loss: 1.467 | Tes Acc: 41.06
INFO >> Epoch: 13  |  Layer: 05  |  Train Loss: 1.159 | Train Acc: 70.81  |  Val Loss: 1.492 | Val Acc: 35.35  |  Test Loss: 1.386 | Tes Acc: 39.13
INFO >> Epoch: 13  |  Layer: 06  |  Train Loss: 1.148 | Train Acc: 69.13  |  Val Loss: 1.444 | Val Acc: 36.36  |  Test Loss: 1.352 | Tes Acc: 43.48
INFO >> Epoch: 13  |  Layer: 07  |  Train Loss: 1.077 | Train Acc: 74.16  |  Val Loss: 1.365 | Val Acc: 43.43  |  Test Loss: 1.274 | Tes Acc: 50.72
INFO >> Epoch: 13  |  Layer: 08  |  Train Loss: 1.010 | Train Acc: 78.86  |  Val Loss: 1.260 | Val Acc: 54.55  |  Test Loss: 1.223 | Tes Acc: 59.42
INFO >> Epoch: 13  |  Layer: 09  |  Train Loss: 0.981 | Train Acc: 77.18  |  Val Loss: 1.203 | Val Acc: 61.62  |  Test Loss: 1.210 | Tes Acc: 61.35
INFO >> Epoch: 13  |  Layer: 10  |  Train Loss: 0.956 | Train Acc: 77.85  |  Val Loss: 1.158 | Val Acc: 62.63  |  Test Loss: 1.192 | Tes Acc: 57.00
INFO >> Epoch: 13  |  Layer: 11  |  Train Loss: 0.931 | Train Acc: 76.85  |  Val Loss: 1.171 | Val Acc: 55.56  |  Test Loss: 1.203 | Tes Acc: 56.52
INFO >> Epoch: 13  |  Layer: 12  |  Train Loss: 0.997 | Train Acc: 74.83  |  Val Loss: 1.179 | Val Acc: 64.65  |  Test Loss: 1.232 | Tes Acc: 55.56
INFO >> Epoch: 13  |  Layer: 13  |  Train Loss: 1.007 | Train Acc: 74.50  |  Val Loss: 1.184 | Val Acc: 61.62  |  Test Loss: 1.220 | Tes Acc: 55.56

INFO >> Epoch: 14  |  Layer: 01  |  Train Loss: 1.347 | Train Acc: 40.94  |  Val Loss: 1.492 | Val Acc: 50.51  |  Test Loss: 1.522 | Tes Acc: 31.88
INFO >> Epoch: 14  |  Layer: 02  |  Train Loss: 1.323 | Train Acc: 42.62  |  Val Loss: 1.486 | Val Acc: 48.48  |  Test Loss: 1.501 | Tes Acc: 41.06
INFO >> Epoch: 14  |  Layer: 03  |  Train Loss: 1.302 | Train Acc: 46.98  |  Val Loss: 1.502 | Val Acc: 49.49  |  Test Loss: 1.457 | Tes Acc: 43.48
INFO >> Epoch: 14  |  Layer: 04  |  Train Loss: 1.262 | Train Acc: 54.03  |  Val Loss: 1.499 | Val Acc: 50.51  |  Test Loss: 1.416 | Tes Acc: 43.48
INFO >> Epoch: 14  |  Layer: 05  |  Train Loss: 1.139 | Train Acc: 62.75  |  Val Loss: 1.411 | Val Acc: 52.53  |  Test Loss: 1.310 | Tes Acc: 55.56
INFO >> Epoch: 14  |  Layer: 06  |  Train Loss: 1.122 | Train Acc: 66.44  |  Val Loss: 1.360 | Val Acc: 54.55  |  Test Loss: 1.284 | Tes Acc: 58.94
INFO >> Epoch: 14  |  Layer: 07  |  Train Loss: 1.053 | Train Acc: 67.45  |  Val Loss: 1.260 | Val Acc: 59.60  |  Test Loss: 1.202 | Tes Acc: 57.97
INFO >> Epoch: 14  |  Layer: 08  |  Train Loss: 0.979 | Train Acc: 73.49  |  Val Loss: 1.166 | Val Acc: 64.65  |  Test Loss: 1.167 | Tes Acc: 58.45
INFO >> Epoch: 14  |  Layer: 09  |  Train Loss: 0.946 | Train Acc: 75.50  |  Val Loss: 1.119 | Val Acc: 63.64  |  Test Loss: 1.163 | Tes Acc: 60.39
INFO >> Epoch: 14  |  Layer: 10  |  Train Loss: 0.917 | Train Acc: 77.18  |  Val Loss: 1.067 | Val Acc: 67.68  |  Test Loss: 1.137 | Tes Acc: 61.35
INFO >> Epoch: 14  |  Layer: 11  |  Train Loss: 0.899 | Train Acc: 78.19  |  Val Loss: 1.060 | Val Acc: 70.71  |  Test Loss: 1.146 | Tes Acc: 59.42
INFO >> Epoch: 14  |  Layer: 12  |  Train Loss: 0.955 | Train Acc: 77.18  |  Val Loss: 1.112 | Val Acc: 65.66  |  Test Loss: 1.194 | Tes Acc: 57.49
INFO >> Epoch: 14  |  Layer: 13  |  Train Loss: 0.965 | Train Acc: 75.84  |  Val Loss: 1.129 | Val Acc: 66.67  |  Test Loss: 1.177 | Tes Acc: 57.00

INFO >> Epoch: 15  |  Layer: 01  |  Train Loss: 1.367 | Train Acc: 35.91  |  Val Loss: 1.613 | Val Acc: 39.39  |  Test Loss: 1.507 | Tes Acc: 31.40
INFO >> Epoch: 15  |  Layer: 02  |  Train Loss: 1.328 | Train Acc: 40.94  |  Val Loss: 1.628 | Val Acc: 34.34  |  Test Loss: 1.518 | Tes Acc: 27.54
INFO >> Epoch: 15  |  Layer: 03  |  Train Loss: 1.310 | Train Acc: 41.28  |  Val Loss: 1.563 | Val Acc: 31.31  |  Test Loss: 1.494 | Tes Acc: 27.05
INFO >> Epoch: 15  |  Layer: 04  |  Train Loss: 1.252 | Train Acc: 46.64  |  Val Loss: 1.560 | Val Acc: 41.41  |  Test Loss: 1.428 | Tes Acc: 38.65
INFO >> Epoch: 15  |  Layer: 05  |  Train Loss: 1.120 | Train Acc: 60.07  |  Val Loss: 1.523 | Val Acc: 32.32  |  Test Loss: 1.324 | Tes Acc: 47.83
INFO >> Epoch: 15  |  Layer: 06  |  Train Loss: 1.101 | Train Acc: 56.71  |  Val Loss: 1.408 | Val Acc: 40.40  |  Test Loss: 1.288 | Tes Acc: 51.69
INFO >> Epoch: 15  |  Layer: 07  |  Train Loss: 1.008 | Train Acc: 70.81  |  Val Loss: 1.318 | Val Acc: 43.43  |  Test Loss: 1.205 | Tes Acc: 59.42
INFO >> Epoch: 15  |  Layer: 08  |  Train Loss: 0.933 | Train Acc: 74.83  |  Val Loss: 1.193 | Val Acc: 57.58  |  Test Loss: 1.160 | Tes Acc: 63.77
INFO >> Epoch: 15  |  Layer: 09  |  Train Loss: 0.897 | Train Acc: 74.50  |  Val Loss: 1.117 | Val Acc: 61.62  |  Test Loss: 1.149 | Tes Acc: 58.45
INFO >> Epoch: 15  |  Layer: 10  |  Train Loss: 0.862 | Train Acc: 76.85  |  Val Loss: 1.056 | Val Acc: 64.65  |  Test Loss: 1.124 | Tes Acc: 58.94
INFO >> Epoch: 15  |  Layer: 11  |  Train Loss: 0.852 | Train Acc: 76.51  |  Val Loss: 1.110 | Val Acc: 55.56  |  Test Loss: 1.161 | Tes Acc: 53.14
INFO >> Epoch: 15  |  Layer: 12  |  Train Loss: 0.906 | Train Acc: 74.83  |  Val Loss: 1.121 | Val Acc: 54.55  |  Test Loss: 1.193 | Tes Acc: 52.17
INFO >> Epoch: 15  |  Layer: 13  |  Train Loss: 0.913 | Train Acc: 74.50  |  Val Loss: 1.129 | Val Acc: 53.54  |  Test Loss: 1.184 | Tes Acc: 54.59

INFO >> Epoch: 16  |  Layer: 01  |  Train Loss: 1.314 | Train Acc: 43.96  |  Val Loss: 1.748 | Val Acc: 40.40  |  Test Loss: 1.535 | Tes Acc: 30.92
INFO >> Epoch: 16  |  Layer: 02  |  Train Loss: 1.269 | Train Acc: 46.31  |  Val Loss: 1.800 | Val Acc: 34.34  |  Test Loss: 1.545 | Tes Acc: 31.40
INFO >> Epoch: 16  |  Layer: 03  |  Train Loss: 1.259 | Train Acc: 49.33  |  Val Loss: 1.578 | Val Acc: 45.45  |  Test Loss: 1.451 | Tes Acc: 40.10
INFO >> Epoch: 16  |  Layer: 04  |  Train Loss: 1.200 | Train Acc: 59.06  |  Val Loss: 1.534 | Val Acc: 40.40  |  Test Loss: 1.393 | Tes Acc: 47.34
INFO >> Epoch: 16  |  Layer: 05  |  Train Loss: 1.059 | Train Acc: 68.79  |  Val Loss: 1.403 | Val Acc: 49.49  |  Test Loss: 1.268 | Tes Acc: 54.11
INFO >> Epoch: 16  |  Layer: 06  |  Train Loss: 1.035 | Train Acc: 69.13  |  Val Loss: 1.336 | Val Acc: 48.48  |  Test Loss: 1.236 | Tes Acc: 57.97
INFO >> Epoch: 16  |  Layer: 07  |  Train Loss: 0.945 | Train Acc: 78.52  |  Val Loss: 1.198 | Val Acc: 57.58  |  Test Loss: 1.142 | Tes Acc: 61.35
INFO >> Epoch: 16  |  Layer: 08  |  Train Loss: 0.869 | Train Acc: 80.20  |  Val Loss: 1.108 | Val Acc: 64.65  |  Test Loss: 1.106 | Tes Acc: 60.87
INFO >> Epoch: 16  |  Layer: 09  |  Train Loss: 0.841 | Train Acc: 79.53  |  Val Loss: 1.056 | Val Acc: 64.65  |  Test Loss: 1.100 | Tes Acc: 61.35
INFO >> Epoch: 16  |  Layer: 10  |  Train Loss: 0.805 | Train Acc: 80.20  |  Val Loss: 1.015 | Val Acc: 67.68  |  Test Loss: 1.085 | Tes Acc: 61.84
INFO >> Epoch: 16  |  Layer: 11  |  Train Loss: 0.799 | Train Acc: 81.54  |  Val Loss: 1.012 | Val Acc: 69.70  |  Test Loss: 1.097 | Tes Acc: 59.42
INFO >> Epoch: 16  |  Layer: 12  |  Train Loss: 0.853 | Train Acc: 80.54  |  Val Loss: 1.033 | Val Acc: 70.71  |  Test Loss: 1.137 | Tes Acc: 56.04
INFO >> Epoch: 16  |  Layer: 13  |  Train Loss: 0.858 | Train Acc: 80.54  |  Val Loss: 1.046 | Val Acc: 70.71  |  Test Loss: 1.118 | Tes Acc: 57.00

INFO >> Epoch: 17  |  Layer: 01  |  Train Loss: 1.306 | Train Acc: 46.98  |  Val Loss: 1.370 | Val Acc: 45.45  |  Test Loss: 1.608 | Tes Acc: 24.15
INFO >> Epoch: 17  |  Layer: 02  |  Train Loss: 1.283 | Train Acc: 47.99  |  Val Loss: 1.367 | Val Acc: 47.47  |  Test Loss: 1.561 | Tes Acc: 27.54
INFO >> Epoch: 17  |  Layer: 03  |  Train Loss: 1.240 | Train Acc: 54.36  |  Val Loss: 1.402 | Val Acc: 43.43  |  Test Loss: 1.494 | Tes Acc: 35.75
INFO >> Epoch: 17  |  Layer: 04  |  Train Loss: 1.168 | Train Acc: 61.07  |  Val Loss: 1.396 | Val Acc: 43.43  |  Test Loss: 1.427 | Tes Acc: 34.78
INFO >> Epoch: 17  |  Layer: 05  |  Train Loss: 1.019 | Train Acc: 68.46  |  Val Loss: 1.285 | Val Acc: 53.54  |  Test Loss: 1.305 | Tes Acc: 43.96
INFO >> Epoch: 17  |  Layer: 06  |  Train Loss: 0.982 | Train Acc: 73.49  |  Val Loss: 1.229 | Val Acc: 54.55  |  Test Loss: 1.255 | Tes Acc: 48.31
INFO >> Epoch: 17  |  Layer: 07  |  Train Loss: 0.898 | Train Acc: 73.49  |  Val Loss: 1.155 | Val Acc: 56.57  |  Test Loss: 1.149 | Tes Acc: 54.59
INFO >> Epoch: 17  |  Layer: 08  |  Train Loss: 0.814 | Train Acc: 81.21  |  Val Loss: 1.048 | Val Acc: 64.65  |  Test Loss: 1.104 | Tes Acc: 57.49
INFO >> Epoch: 17  |  Layer: 09  |  Train Loss: 0.784 | Train Acc: 81.21  |  Val Loss: 1.010 | Val Acc: 65.66  |  Test Loss: 1.102 | Tes Acc: 58.45
INFO >> Epoch: 17  |  Layer: 10  |  Train Loss: 0.751 | Train Acc: 81.21  |  Val Loss: 0.977 | Val Acc: 66.67  |  Test Loss: 1.083 | Tes Acc: 58.45
INFO >> Epoch: 17  |  Layer: 11  |  Train Loss: 0.740 | Train Acc: 81.54  |  Val Loss: 0.992 | Val Acc: 67.68  |  Test Loss: 1.105 | Tes Acc: 58.94
INFO >> Epoch: 17  |  Layer: 12  |  Train Loss: 0.792 | Train Acc: 80.87  |  Val Loss: 1.046 | Val Acc: 60.61  |  Test Loss: 1.150 | Tes Acc: 54.11
INFO >> Epoch: 17  |  Layer: 13  |  Train Loss: 0.802 | Train Acc: 79.53  |  Val Loss: 1.061 | Val Acc: 61.62  |  Test Loss: 1.127 | Tes Acc: 56.04

INFO >> Epoch: 18  |  Layer: 01  |  Train Loss: 1.283 | Train Acc: 47.99  |  Val Loss: 1.944 | Val Acc: 32.32  |  Test Loss: 1.554 | Tes Acc: 28.02
INFO >> Epoch: 18  |  Layer: 02  |  Train Loss: 1.226 | Train Acc: 50.67  |  Val Loss: 1.923 | Val Acc: 32.32  |  Test Loss: 1.533 | Tes Acc: 29.95
INFO >> Epoch: 18  |  Layer: 03  |  Train Loss: 1.209 | Train Acc: 51.01  |  Val Loss: 1.806 | Val Acc: 29.29  |  Test Loss: 1.495 | Tes Acc: 35.27
INFO >> Epoch: 18  |  Layer: 04  |  Train Loss: 1.139 | Train Acc: 59.73  |  Val Loss: 1.782 | Val Acc: 26.26  |  Test Loss: 1.438 | Tes Acc: 36.23
INFO >> Epoch: 18  |  Layer: 05  |  Train Loss: 0.985 | Train Acc: 65.44  |  Val Loss: 1.628 | Val Acc: 26.26  |  Test Loss: 1.297 | Tes Acc: 41.55
INFO >> Epoch: 18  |  Layer: 06  |  Train Loss: 0.948 | Train Acc: 73.49  |  Val Loss: 1.491 | Val Acc: 35.35  |  Test Loss: 1.237 | Tes Acc: 48.79
INFO >> Epoch: 18  |  Layer: 07  |  Train Loss: 0.859 | Train Acc: 79.19  |  Val Loss: 1.321 | Val Acc: 39.39  |  Test Loss: 1.139 | Tes Acc: 54.59
INFO >> Epoch: 18  |  Layer: 08  |  Train Loss: 0.770 | Train Acc: 83.89  |  Val Loss: 1.231 | Val Acc: 48.48  |  Test Loss: 1.123 | Tes Acc: 53.62
INFO >> Epoch: 18  |  Layer: 09  |  Train Loss: 0.743 | Train Acc: 82.89  |  Val Loss: 1.099 | Val Acc: 55.56  |  Test Loss: 1.103 | Tes Acc: 57.97
INFO >> Epoch: 18  |  Layer: 10  |  Train Loss: 0.698 | Train Acc: 84.23  |  Val Loss: 1.077 | Val Acc: 58.59  |  Test Loss: 1.125 | Tes Acc: 53.14
INFO >> Epoch: 18  |  Layer: 11  |  Train Loss: 0.696 | Train Acc: 82.55  |  Val Loss: 1.125 | Val Acc: 48.48  |  Test Loss: 1.143 | Tes Acc: 54.11
INFO >> Epoch: 18  |  Layer: 12  |  Train Loss: 0.756 | Train Acc: 80.54  |  Val Loss: 1.068 | Val Acc: 60.61  |  Test Loss: 1.137 | Tes Acc: 56.04
INFO >> Epoch: 18  |  Layer: 13  |  Train Loss: 0.760 | Train Acc: 80.20  |  Val Loss: 1.103 | Val Acc: 57.58  |  Test Loss: 1.134 | Tes Acc: 54.59

INFO >> Epoch: 19  |  Layer: 01  |  Train Loss: 1.258 | Train Acc: 42.62  |  Val Loss: 1.511 | Val Acc: 45.45  |  Test Loss: 1.509 | Tes Acc: 32.37
INFO >> Epoch: 19  |  Layer: 02  |  Train Loss: 1.209 | Train Acc: 48.32  |  Val Loss: 1.559 | Val Acc: 43.43  |  Test Loss: 1.499 | Tes Acc: 33.33
INFO >> Epoch: 19  |  Layer: 03  |  Train Loss: 1.177 | Train Acc: 52.35  |  Val Loss: 1.413 | Val Acc: 48.48  |  Test Loss: 1.433 | Tes Acc: 37.68
INFO >> Epoch: 19  |  Layer: 04  |  Train Loss: 1.107 | Train Acc: 56.38  |  Val Loss: 1.324 | Val Acc: 52.53  |  Test Loss: 1.361 | Tes Acc: 50.24
INFO >> Epoch: 19  |  Layer: 05  |  Train Loss: 0.944 | Train Acc: 65.44  |  Val Loss: 1.304 | Val Acc: 53.54  |  Test Loss: 1.231 | Tes Acc: 49.76
INFO >> Epoch: 19  |  Layer: 06  |  Train Loss: 0.905 | Train Acc: 71.81  |  Val Loss: 1.186 | Val Acc: 61.62  |  Test Loss: 1.174 | Tes Acc: 57.97
INFO >> Epoch: 19  |  Layer: 07  |  Train Loss: 0.817 | Train Acc: 74.16  |  Val Loss: 1.082 | Val Acc: 64.65  |  Test Loss: 1.090 | Tes Acc: 58.45
INFO >> Epoch: 19  |  Layer: 08  |  Train Loss: 0.728 | Train Acc: 77.85  |  Val Loss: 0.949 | Val Acc: 69.70  |  Test Loss: 1.048 | Tes Acc: 62.32
INFO >> Epoch: 19  |  Layer: 09  |  Train Loss: 0.703 | Train Acc: 80.54  |  Val Loss: 0.910 | Val Acc: 69.70  |  Test Loss: 1.041 | Tes Acc: 59.90
INFO >> Epoch: 19  |  Layer: 10  |  Train Loss: 0.666 | Train Acc: 81.21  |  Val Loss: 0.861 | Val Acc: 70.71  |  Test Loss: 1.012 | Tes Acc: 61.35
INFO >> Epoch: 19  |  Layer: 11  |  Train Loss: 0.666 | Train Acc: 79.53  |  Val Loss: 0.895 | Val Acc: 69.70  |  Test Loss: 1.050 | Tes Acc: 62.32
INFO >> Epoch: 19  |  Layer: 12  |  Train Loss: 0.713 | Train Acc: 77.85  |  Val Loss: 0.938 | Val Acc: 68.69  |  Test Loss: 1.082 | Tes Acc: 58.45
INFO >> Epoch: 19  |  Layer: 13  |  Train Loss: 0.724 | Train Acc: 77.85  |  Val Loss: 0.935 | Val Acc: 68.69  |  Test Loss: 1.059 | Tes Acc: 57.97

INFO >> Epoch: 20  |  Layer: 01  |  Train Loss: 1.230 | Train Acc: 51.34  |  Val Loss: 1.706 | Val Acc: 36.36  |  Test Loss: 1.514 | Tes Acc: 30.92
INFO >> Epoch: 20  |  Layer: 02  |  Train Loss: 1.183 | Train Acc: 53.36  |  Val Loss: 1.784 | Val Acc: 35.35  |  Test Loss: 1.519 | Tes Acc: 29.95
INFO >> Epoch: 20  |  Layer: 03  |  Train Loss: 1.171 | Train Acc: 59.06  |  Val Loss: 1.795 | Val Acc: 30.30  |  Test Loss: 1.474 | Tes Acc: 33.33
INFO >> Epoch: 20  |  Layer: 04  |  Train Loss: 1.086 | Train Acc: 61.07  |  Val Loss: 1.791 | Val Acc: 27.27  |  Test Loss: 1.431 | Tes Acc: 33.82
INFO >> Epoch: 20  |  Layer: 05  |  Train Loss: 0.925 | Train Acc: 66.11  |  Val Loss: 1.605 | Val Acc: 36.36  |  Test Loss: 1.243 | Tes Acc: 44.93
INFO >> Epoch: 20  |  Layer: 06  |  Train Loss: 0.875 | Train Acc: 76.17  |  Val Loss: 1.425 | Val Acc: 39.39  |  Test Loss: 1.201 | Tes Acc: 45.41
INFO >> Epoch: 20  |  Layer: 07  |  Train Loss: 0.794 | Train Acc: 78.52  |  Val Loss: 1.275 | Val Acc: 46.46  |  Test Loss: 1.090 | Tes Acc: 57.49
INFO >> Epoch: 20  |  Layer: 08  |  Train Loss: 0.702 | Train Acc: 82.21  |  Val Loss: 1.211 | Val Acc: 49.49  |  Test Loss: 1.102 | Tes Acc: 54.11
INFO >> Epoch: 20  |  Layer: 09  |  Train Loss: 0.675 | Train Acc: 82.21  |  Val Loss: 1.073 | Val Acc: 59.60  |  Test Loss: 1.077 | Tes Acc: 59.42
INFO >> Epoch: 20  |  Layer: 10  |  Train Loss: 0.641 | Train Acc: 84.56  |  Val Loss: 1.088 | Val Acc: 58.59  |  Test Loss: 1.114 | Tes Acc: 52.66
INFO >> Epoch: 20  |  Layer: 11  |  Train Loss: 0.637 | Train Acc: 84.23  |  Val Loss: 1.114 | Val Acc: 56.57  |  Test Loss: 1.119 | Tes Acc: 53.62
INFO >> Epoch: 20  |  Layer: 12  |  Train Loss: 0.683 | Train Acc: 82.89  |  Val Loss: 1.058 | Val Acc: 61.62  |  Test Loss: 1.101 | Tes Acc: 57.00
INFO >> Epoch: 20  |  Layer: 13  |  Train Loss: 0.697 | Train Acc: 82.89  |  Val Loss: 1.112 | Val Acc: 56.57  |  Test Loss: 1.110 | Tes Acc: 57.00

INFO >> Epoch: 21  |  Layer: 01  |  Train Loss: 1.236 | Train Acc: 49.33  |  Val Loss: 1.985 | Val Acc: 34.34  |  Test Loss: 1.540 | Tes Acc: 28.02
INFO >> Epoch: 21  |  Layer: 02  |  Train Loss: 1.191 | Train Acc: 50.34  |  Val Loss: 1.829 | Val Acc: 33.33  |  Test Loss: 1.509 | Tes Acc: 30.43
INFO >> Epoch: 21  |  Layer: 03  |  Train Loss: 1.150 | Train Acc: 53.36  |  Val Loss: 1.583 | Val Acc: 42.42  |  Test Loss: 1.421 | Tes Acc: 40.10
INFO >> Epoch: 21  |  Layer: 04  |  Train Loss: 1.059 | Train Acc: 62.75  |  Val Loss: 1.440 | Val Acc: 49.49  |  Test Loss: 1.352 | Tes Acc: 39.61
INFO >> Epoch: 21  |  Layer: 05  |  Train Loss: 0.903 | Train Acc: 72.15  |  Val Loss: 1.412 | Val Acc: 47.47  |  Test Loss: 1.233 | Tes Acc: 49.28
INFO >> Epoch: 21  |  Layer: 06  |  Train Loss: 0.842 | Train Acc: 75.50  |  Val Loss: 1.240 | Val Acc: 56.57  |  Test Loss: 1.138 | Tes Acc: 59.42
INFO >> Epoch: 21  |  Layer: 07  |  Train Loss: 0.751 | Train Acc: 80.20  |  Val Loss: 1.136 | Val Acc: 57.58  |  Test Loss: 1.067 | Tes Acc: 57.00
INFO >> Epoch: 21  |  Layer: 08  |  Train Loss: 0.674 | Train Acc: 82.21  |  Val Loss: 1.004 | Val Acc: 64.65  |  Test Loss: 1.011 | Tes Acc: 61.35
INFO >> Epoch: 21  |  Layer: 09  |  Train Loss: 0.635 | Train Acc: 82.55  |  Val Loss: 0.946 | Val Acc: 68.69  |  Test Loss: 1.011 | Tes Acc: 62.32
INFO >> Epoch: 21  |  Layer: 10  |  Train Loss: 0.608 | Train Acc: 84.90  |  Val Loss: 0.910 | Val Acc: 68.69  |  Test Loss: 0.992 | Tes Acc: 60.87
INFO >> Epoch: 21  |  Layer: 11  |  Train Loss: 0.607 | Train Acc: 82.89  |  Val Loss: 0.954 | Val Acc: 68.69  |  Test Loss: 1.021 | Tes Acc: 58.94
INFO >> Epoch: 21  |  Layer: 12  |  Train Loss: 0.639 | Train Acc: 81.88  |  Val Loss: 0.973 | Val Acc: 66.67  |  Test Loss: 1.062 | Tes Acc: 58.45
INFO >> Epoch: 21  |  Layer: 13  |  Train Loss: 0.654 | Train Acc: 81.88  |  Val Loss: 0.979 | Val Acc: 67.68  |  Test Loss: 1.039 | Tes Acc: 57.00

INFO >> Epoch: 22  |  Layer: 01  |  Train Loss: 1.178 | Train Acc: 52.35  |  Val Loss: 1.777 | Val Acc: 42.42  |  Test Loss: 1.503 | Tes Acc: 32.37
INFO >> Epoch: 22  |  Layer: 02  |  Train Loss: 1.111 | Train Acc: 54.03  |  Val Loss: 1.789 | Val Acc: 40.40  |  Test Loss: 1.514 | Tes Acc: 32.37
INFO >> Epoch: 22  |  Layer: 03  |  Train Loss: 1.068 | Train Acc: 63.42  |  Val Loss: 1.688 | Val Acc: 41.41  |  Test Loss: 1.427 | Tes Acc: 40.58
INFO >> Epoch: 22  |  Layer: 04  |  Train Loss: 0.969 | Train Acc: 72.48  |  Val Loss: 1.730 | Val Acc: 40.40  |  Test Loss: 1.344 | Tes Acc: 47.34
INFO >> Epoch: 22  |  Layer: 05  |  Train Loss: 0.815 | Train Acc: 77.18  |  Val Loss: 1.451 | Val Acc: 49.49  |  Test Loss: 1.168 | Tes Acc: 54.59
INFO >> Epoch: 22  |  Layer: 06  |  Train Loss: 0.764 | Train Acc: 80.87  |  Val Loss: 1.380 | Val Acc: 51.52  |  Test Loss: 1.126 | Tes Acc: 56.52
INFO >> Epoch: 22  |  Layer: 07  |  Train Loss: 0.676 | Train Acc: 84.23  |  Val Loss: 1.222 | Val Acc: 54.55  |  Test Loss: 1.021 | Tes Acc: 65.22
INFO >> Epoch: 22  |  Layer: 08  |  Train Loss: 0.602 | Train Acc: 86.58  |  Val Loss: 1.074 | Val Acc: 65.66  |  Test Loss: 0.993 | Tes Acc: 65.22
INFO >> Epoch: 22  |  Layer: 09  |  Train Loss: 0.581 | Train Acc: 86.58  |  Val Loss: 1.028 | Val Acc: 63.64  |  Test Loss: 1.013 | Tes Acc: 61.84
INFO >> Epoch: 22  |  Layer: 10  |  Train Loss: 0.553 | Train Acc: 86.24  |  Val Loss: 0.956 | Val Acc: 69.70  |  Test Loss: 0.992 | Tes Acc: 62.80
INFO >> Epoch: 22  |  Layer: 11  |  Train Loss: 0.553 | Train Acc: 85.23  |  Val Loss: 0.975 | Val Acc: 68.69  |  Test Loss: 1.005 | Tes Acc: 60.39
INFO >> Epoch: 22  |  Layer: 12  |  Train Loss: 0.590 | Train Acc: 84.56  |  Val Loss: 1.016 | Val Acc: 67.68  |  Test Loss: 1.043 | Tes Acc: 60.39
INFO >> Epoch: 22  |  Layer: 13  |  Train Loss: 0.601 | Train Acc: 84.90  |  Val Loss: 1.024 | Val Acc: 66.67  |  Test Loss: 1.033 | Tes Acc: 61.35

INFO >> Epoch: 23  |  Layer: 01  |  Train Loss: 1.167 | Train Acc: 52.01  |  Val Loss: 1.494 | Val Acc: 43.43  |  Test Loss: 1.560 | Tes Acc: 30.92
INFO >> Epoch: 23  |  Layer: 02  |  Train Loss: 1.111 | Train Acc: 55.37  |  Val Loss: 1.684 | Val Acc: 37.37  |  Test Loss: 1.576 | Tes Acc: 32.37
INFO >> Epoch: 23  |  Layer: 03  |  Train Loss: 1.067 | Train Acc: 59.06  |  Val Loss: 1.487 | Val Acc: 43.43  |  Test Loss: 1.457 | Tes Acc: 36.23
INFO >> Epoch: 23  |  Layer: 04  |  Train Loss: 0.963 | Train Acc: 67.79  |  Val Loss: 1.358 | Val Acc: 49.49  |  Test Loss: 1.327 | Tes Acc: 50.24
INFO >> Epoch: 23  |  Layer: 05  |  Train Loss: 0.804 | Train Acc: 75.17  |  Val Loss: 1.294 | Val Acc: 51.52  |  Test Loss: 1.201 | Tes Acc: 49.28
INFO >> Epoch: 23  |  Layer: 06  |  Train Loss: 0.753 | Train Acc: 78.86  |  Val Loss: 1.126 | Val Acc: 57.58  |  Test Loss: 1.128 | Tes Acc: 53.62
INFO >> Epoch: 23  |  Layer: 07  |  Train Loss: 0.660 | Train Acc: 83.56  |  Val Loss: 1.064 | Val Acc: 61.62  |  Test Loss: 1.029 | Tes Acc: 57.97
INFO >> Epoch: 23  |  Layer: 08  |  Train Loss: 0.584 | Train Acc: 87.92  |  Val Loss: 0.988 | Val Acc: 65.66  |  Test Loss: 1.011 | Tes Acc: 59.42
INFO >> Epoch: 23  |  Layer: 09  |  Train Loss: 0.571 | Train Acc: 86.58  |  Val Loss: 0.935 | Val Acc: 67.68  |  Test Loss: 1.018 | Tes Acc: 57.97
INFO >> Epoch: 23  |  Layer: 10  |  Train Loss: 0.538 | Train Acc: 88.59  |  Val Loss: 0.933 | Val Acc: 66.67  |  Test Loss: 1.018 | Tes Acc: 57.00
INFO >> Epoch: 23  |  Layer: 11  |  Train Loss: 0.540 | Train Acc: 86.58  |  Val Loss: 0.967 | Val Acc: 66.67  |  Test Loss: 1.044 | Tes Acc: 57.00
INFO >> Epoch: 23  |  Layer: 12  |  Train Loss: 0.575 | Train Acc: 85.57  |  Val Loss: 0.980 | Val Acc: 65.66  |  Test Loss: 1.069 | Tes Acc: 57.97
INFO >> Epoch: 23  |  Layer: 13  |  Train Loss: 0.580 | Train Acc: 86.24  |  Val Loss: 0.994 | Val Acc: 65.66  |  Test Loss: 1.049 | Tes Acc: 56.52

INFO >> Epoch: 24  |  Layer: 01  |  Train Loss: 1.170 | Train Acc: 56.38  |  Val Loss: 1.311 | Val Acc: 49.49  |  Test Loss: 1.658 | Tes Acc: 30.43
INFO >> Epoch: 24  |  Layer: 02  |  Train Loss: 1.121 | Train Acc: 56.71  |  Val Loss: 1.316 | Val Acc: 48.48  |  Test Loss: 1.624 | Tes Acc: 32.85
INFO >> Epoch: 24  |  Layer: 03  |  Train Loss: 1.073 | Train Acc: 61.41  |  Val Loss: 1.315 | Val Acc: 51.52  |  Test Loss: 1.448 | Tes Acc: 42.03
INFO >> Epoch: 24  |  Layer: 04  |  Train Loss: 0.951 | Train Acc: 69.80  |  Val Loss: 1.310 | Val Acc: 46.46  |  Test Loss: 1.319 | Tes Acc: 44.93
INFO >> Epoch: 24  |  Layer: 05  |  Train Loss: 0.790 | Train Acc: 74.83  |  Val Loss: 1.057 | Val Acc: 62.63  |  Test Loss: 1.172 | Tes Acc: 53.62
INFO >> Epoch: 24  |  Layer: 06  |  Train Loss: 0.738 | Train Acc: 78.86  |  Val Loss: 1.049 | Val Acc: 65.66  |  Test Loss: 1.076 | Tes Acc: 56.52
INFO >> Epoch: 24  |  Layer: 07  |  Train Loss: 0.646 | Train Acc: 83.56  |  Val Loss: 0.960 | Val Acc: 65.66  |  Test Loss: 1.005 | Tes Acc: 58.94
INFO >> Epoch: 24  |  Layer: 08  |  Train Loss: 0.573 | Train Acc: 86.24  |  Val Loss: 0.864 | Val Acc: 70.71  |  Test Loss: 0.973 | Tes Acc: 62.80
INFO >> Epoch: 24  |  Layer: 09  |  Train Loss: 0.562 | Train Acc: 84.90  |  Val Loss: 0.872 | Val Acc: 69.70  |  Test Loss: 0.992 | Tes Acc: 63.29
INFO >> Epoch: 24  |  Layer: 10  |  Train Loss: 0.531 | Train Acc: 86.24  |  Val Loss: 0.838 | Val Acc: 69.70  |  Test Loss: 0.970 | Tes Acc: 63.29
INFO >> Epoch: 24  |  Layer: 11  |  Train Loss: 0.531 | Train Acc: 86.58  |  Val Loss: 0.837 | Val Acc: 70.71  |  Test Loss: 0.989 | Tes Acc: 64.25
INFO >> Epoch: 24  |  Layer: 12  |  Train Loss: 0.566 | Train Acc: 85.23  |  Val Loss: 0.886 | Val Acc: 67.68  |  Test Loss: 1.021 | Tes Acc: 62.80
INFO >> Epoch: 24  |  Layer: 13  |  Train Loss: 0.576 | Train Acc: 84.56  |  Val Loss: 0.888 | Val Acc: 69.70  |  Test Loss: 0.994 | Tes Acc: 61.35

INFO >> Epoch: 25  |  Layer: 01  |  Train Loss: 1.193 | Train Acc: 53.36  |  Val Loss: 1.840 | Val Acc: 38.38  |  Test Loss: 1.518 | Tes Acc: 36.71
INFO >> Epoch: 25  |  Layer: 02  |  Train Loss: 1.131 | Train Acc: 56.38  |  Val Loss: 1.839 | Val Acc: 39.39  |  Test Loss: 1.512 | Tes Acc: 34.78
INFO >> Epoch: 25  |  Layer: 03  |  Train Loss: 1.071 | Train Acc: 55.70  |  Val Loss: 1.725 | Val Acc: 35.35  |  Test Loss: 1.432 | Tes Acc: 40.58
INFO >> Epoch: 25  |  Layer: 04  |  Train Loss: 0.931 | Train Acc: 68.12  |  Val Loss: 1.542 | Val Acc: 42.42  |  Test Loss: 1.302 | Tes Acc: 50.24
INFO >> Epoch: 25  |  Layer: 05  |  Train Loss: 0.772 | Train Acc: 76.17  |  Val Loss: 1.397 | Val Acc: 42.42  |  Test Loss: 1.165 | Tes Acc: 52.17
INFO >> Epoch: 25  |  Layer: 06  |  Train Loss: 0.700 | Train Acc: 83.22  |  Val Loss: 1.181 | Val Acc: 56.57  |  Test Loss: 1.083 | Tes Acc: 57.97
INFO >> Epoch: 25  |  Layer: 07  |  Train Loss: 0.606 | Train Acc: 84.90  |  Val Loss: 1.091 | Val Acc: 59.60  |  Test Loss: 0.997 | Tes Acc: 61.84
INFO >> Epoch: 25  |  Layer: 08  |  Train Loss: 0.529 | Train Acc: 87.25  |  Val Loss: 0.972 | Val Acc: 67.68  |  Test Loss: 0.985 | Tes Acc: 65.22
INFO >> Epoch: 25  |  Layer: 09  |  Train Loss: 0.515 | Train Acc: 87.25  |  Val Loss: 0.911 | Val Acc: 68.69  |  Test Loss: 0.974 | Tes Acc: 64.73
INFO >> Epoch: 25  |  Layer: 10  |  Train Loss: 0.484 | Train Acc: 87.58  |  Val Loss: 0.883 | Val Acc: 69.70  |  Test Loss: 0.985 | Tes Acc: 60.87
INFO >> Epoch: 25  |  Layer: 11  |  Train Loss: 0.482 | Train Acc: 87.25  |  Val Loss: 0.950 | Val Acc: 67.68  |  Test Loss: 1.046 | Tes Acc: 58.94
INFO >> Epoch: 25  |  Layer: 12  |  Train Loss: 0.516 | Train Acc: 87.92  |  Val Loss: 0.970 | Val Acc: 65.66  |  Test Loss: 1.052 | Tes Acc: 59.90
INFO >> Epoch: 25  |  Layer: 13  |  Train Loss: 0.521 | Train Acc: 86.91  |  Val Loss: 0.964 | Val Acc: 65.66  |  Test Loss: 1.042 | Tes Acc: 59.90

INFO >> Epoch: 26  |  Layer: 01  |  Train Loss: 1.204 | Train Acc: 54.70  |  Val Loss: 1.965 | Val Acc: 36.36  |  Test Loss: 1.577 | Tes Acc: 28.02
INFO >> Epoch: 26  |  Layer: 02  |  Train Loss: 1.114 | Train Acc: 57.05  |  Val Loss: 1.925 | Val Acc: 36.36  |  Test Loss: 1.541 | Tes Acc: 33.33
INFO >> Epoch: 26  |  Layer: 03  |  Train Loss: 1.042 | Train Acc: 63.42  |  Val Loss: 1.557 | Val Acc: 42.42  |  Test Loss: 1.408 | Tes Acc: 43.48
INFO >> Epoch: 26  |  Layer: 04  |  Train Loss: 0.904 | Train Acc: 71.81  |  Val Loss: 1.267 | Val Acc: 48.48  |  Test Loss: 1.260 | Tes Acc: 49.76
INFO >> Epoch: 26  |  Layer: 05  |  Train Loss: 0.740 | Train Acc: 79.19  |  Val Loss: 1.068 | Val Acc: 62.63  |  Test Loss: 1.109 | Tes Acc: 57.49
INFO >> Epoch: 26  |  Layer: 06  |  Train Loss: 0.673 | Train Acc: 83.22  |  Val Loss: 0.971 | Val Acc: 65.66  |  Test Loss: 1.054 | Tes Acc: 59.42
INFO >> Epoch: 26  |  Layer: 07  |  Train Loss: 0.596 | Train Acc: 85.91  |  Val Loss: 0.867 | Val Acc: 69.70  |  Test Loss: 0.993 | Tes Acc: 58.45
INFO >> Epoch: 26  |  Layer: 08  |  Train Loss: 0.526 | Train Acc: 87.25  |  Val Loss: 0.824 | Val Acc: 69.70  |  Test Loss: 0.991 | Tes Acc: 61.35
INFO >> Epoch: 26  |  Layer: 09  |  Train Loss: 0.511 | Train Acc: 86.24  |  Val Loss: 0.844 | Val Acc: 67.68  |  Test Loss: 1.005 | Tes Acc: 63.29
INFO >> Epoch: 26  |  Layer: 10  |  Train Loss: 0.487 | Train Acc: 87.25  |  Val Loss: 0.848 | Val Acc: 68.69  |  Test Loss: 0.990 | Tes Acc: 64.73
INFO >> Epoch: 26  |  Layer: 11  |  Train Loss: 0.494 | Train Acc: 86.24  |  Val Loss: 0.826 | Val Acc: 70.71  |  Test Loss: 0.997 | Tes Acc: 62.80
INFO >> Epoch: 26  |  Layer: 12  |  Train Loss: 0.514 | Train Acc: 86.58  |  Val Loss: 0.861 | Val Acc: 66.67  |  Test Loss: 1.027 | Tes Acc: 62.32
INFO >> Epoch: 26  |  Layer: 13  |  Train Loss: 0.523 | Train Acc: 86.58  |  Val Loss: 0.887 | Val Acc: 66.67  |  Test Loss: 0.995 | Tes Acc: 59.90

INFO >> Epoch: 27  |  Layer: 01  |  Train Loss: 1.143 | Train Acc: 52.68  |  Val Loss: 1.355 | Val Acc: 45.45  |  Test Loss: 1.577 | Tes Acc: 34.78
INFO >> Epoch: 27  |  Layer: 02  |  Train Loss: 1.071 | Train Acc: 58.39  |  Val Loss: 1.413 | Val Acc: 41.41  |  Test Loss: 1.614 | Tes Acc: 27.54
INFO >> Epoch: 27  |  Layer: 03  |  Train Loss: 1.016 | Train Acc: 60.74  |  Val Loss: 1.253 | Val Acc: 49.49  |  Test Loss: 1.456 | Tes Acc: 44.44
INFO >> Epoch: 27  |  Layer: 04  |  Train Loss: 0.893 | Train Acc: 69.13  |  Val Loss: 1.204 | Val Acc: 52.53  |  Test Loss: 1.349 | Tes Acc: 43.48
INFO >> Epoch: 27  |  Layer: 05  |  Train Loss: 0.721 | Train Acc: 79.19  |  Val Loss: 1.111 | Val Acc: 58.59  |  Test Loss: 1.256 | Tes Acc: 43.96
INFO >> Epoch: 27  |  Layer: 06  |  Train Loss: 0.659 | Train Acc: 81.88  |  Val Loss: 1.021 | Val Acc: 65.66  |  Test Loss: 1.126 | Tes Acc: 49.76
INFO >> Epoch: 27  |  Layer: 07  |  Train Loss: 0.571 | Train Acc: 87.25  |  Val Loss: 1.000 | Val Acc: 64.65  |  Test Loss: 1.015 | Tes Acc: 56.52
INFO >> Epoch: 27  |  Layer: 08  |  Train Loss: 0.502 | Train Acc: 88.93  |  Val Loss: 0.935 | Val Acc: 67.68  |  Test Loss: 0.945 | Tes Acc: 63.29
INFO >> Epoch: 27  |  Layer: 09  |  Train Loss: 0.491 | Train Acc: 89.26  |  Val Loss: 0.920 | Val Acc: 67.68  |  Test Loss: 0.953 | Tes Acc: 60.87
INFO >> Epoch: 27  |  Layer: 10  |  Train Loss: 0.460 | Train Acc: 89.26  |  Val Loss: 0.892 | Val Acc: 66.67  |  Test Loss: 0.941 | Tes Acc: 62.80
INFO >> Epoch: 27  |  Layer: 11  |  Train Loss: 0.458 | Train Acc: 88.26  |  Val Loss: 0.910 | Val Acc: 65.66  |  Test Loss: 0.971 | Tes Acc: 59.42
INFO >> Epoch: 27  |  Layer: 12  |  Train Loss: 0.491 | Train Acc: 87.92  |  Val Loss: 0.959 | Val Acc: 62.63  |  Test Loss: 1.011 | Tes Acc: 58.45
INFO >> Epoch: 27  |  Layer: 13  |  Train Loss: 0.499 | Train Acc: 86.91  |  Val Loss: 0.947 | Val Acc: 66.67  |  Test Loss: 0.996 | Tes Acc: 61.35

INFO >> Epoch: 28  |  Layer: 01  |  Train Loss: 1.089 | Train Acc: 60.07  |  Val Loss: 1.787 | Val Acc: 40.40  |  Test Loss: 1.537 | Tes Acc: 35.75
INFO >> Epoch: 28  |  Layer: 02  |  Train Loss: 1.026 | Train Acc: 63.09  |  Val Loss: 1.885 | Val Acc: 39.39  |  Test Loss: 1.553 | Tes Acc: 37.20
INFO >> Epoch: 28  |  Layer: 03  |  Train Loss: 0.979 | Train Acc: 65.44  |  Val Loss: 1.782 | Val Acc: 35.35  |  Test Loss: 1.477 | Tes Acc: 39.61
INFO >> Epoch: 28  |  Layer: 04  |  Train Loss: 0.854 | Train Acc: 74.50  |  Val Loss: 1.636 | Val Acc: 40.40  |  Test Loss: 1.318 | Tes Acc: 42.51
INFO >> Epoch: 28  |  Layer: 05  |  Train Loss: 0.693 | Train Acc: 79.19  |  Val Loss: 1.285 | Val Acc: 48.48  |  Test Loss: 1.105 | Tes Acc: 55.07
INFO >> Epoch: 28  |  Layer: 06  |  Train Loss: 0.631 | Train Acc: 80.54  |  Val Loss: 1.094 | Val Acc: 59.60  |  Test Loss: 1.020 | Tes Acc: 65.22
INFO >> Epoch: 28  |  Layer: 07  |  Train Loss: 0.542 | Train Acc: 85.57  |  Val Loss: 0.949 | Val Acc: 68.69  |  Test Loss: 0.942 | Tes Acc: 65.70
INFO >> Epoch: 28  |  Layer: 08  |  Train Loss: 0.466 | Train Acc: 89.26  |  Val Loss: 0.842 | Val Acc: 70.71  |  Test Loss: 0.947 | Tes Acc: 65.22
INFO >> Epoch: 28  |  Layer: 09  |  Train Loss: 0.448 | Train Acc: 89.26  |  Val Loss: 0.813 | Val Acc: 70.71  |  Test Loss: 0.959 | Tes Acc: 63.77
INFO >> Epoch: 28  |  Layer: 10  |  Train Loss: 0.415 | Train Acc: 89.26  |  Val Loss: 0.805 | Val Acc: 70.71  |  Test Loss: 0.956 | Tes Acc: 64.25
INFO >> Epoch: 28  |  Layer: 11  |  Train Loss: 0.419 | Train Acc: 89.93  |  Val Loss: 0.851 | Val Acc: 68.69  |  Test Loss: 0.987 | Tes Acc: 63.29
INFO >> Epoch: 28  |  Layer: 12  |  Train Loss: 0.443 | Train Acc: 89.26  |  Val Loss: 0.847 | Val Acc: 66.67  |  Test Loss: 0.995 | Tes Acc: 62.32
INFO >> Epoch: 28  |  Layer: 13  |  Train Loss: 0.441 | Train Acc: 89.60  |  Val Loss: 0.865 | Val Acc: 68.69  |  Test Loss: 0.975 | Tes Acc: 64.25

INFO >> Epoch: 29  |  Layer: 01  |  Train Loss: 1.080 | Train Acc: 56.04  |  Val Loss: 2.044 | Val Acc: 41.41  |  Test Loss: 1.597 | Tes Acc: 31.40
INFO >> Epoch: 29  |  Layer: 02  |  Train Loss: 1.023 | Train Acc: 58.05  |  Val Loss: 2.026 | Val Acc: 40.40  |  Test Loss: 1.569 | Tes Acc: 33.33
INFO >> Epoch: 29  |  Layer: 03  |  Train Loss: 0.948 | Train Acc: 63.09  |  Val Loss: 1.694 | Val Acc: 42.42  |  Test Loss: 1.442 | Tes Acc: 36.23
INFO >> Epoch: 29  |  Layer: 04  |  Train Loss: 0.815 | Train Acc: 68.79  |  Val Loss: 1.311 | Val Acc: 54.55  |  Test Loss: 1.244 | Tes Acc: 52.17
INFO >> Epoch: 29  |  Layer: 05  |  Train Loss: 0.644 | Train Acc: 77.18  |  Val Loss: 1.158 | Val Acc: 56.57  |  Test Loss: 1.102 | Tes Acc: 57.49
INFO >> Epoch: 29  |  Layer: 06  |  Train Loss: 0.579 | Train Acc: 84.56  |  Val Loss: 0.985 | Val Acc: 64.65  |  Test Loss: 1.013 | Tes Acc: 60.87
INFO >> Epoch: 29  |  Layer: 07  |  Train Loss: 0.495 | Train Acc: 87.25  |  Val Loss: 0.802 | Val Acc: 72.73  |  Test Loss: 0.929 | Tes Acc: 67.15
INFO >> Epoch: 29  |  Layer: 08  |  Train Loss: 0.434 | Train Acc: 90.94  |  Val Loss: 0.785 | Val Acc: 70.71  |  Test Loss: 0.937 | Tes Acc: 64.73
INFO >> Epoch: 29  |  Layer: 09  |  Train Loss: 0.424 | Train Acc: 90.27  |  Val Loss: 0.826 | Val Acc: 68.69  |  Test Loss: 0.978 | Tes Acc: 62.80
INFO >> Epoch: 29  |  Layer: 10  |  Train Loss: 0.394 | Train Acc: 91.28  |  Val Loss: 0.824 | Val Acc: 68.69  |  Test Loss: 0.970 | Tes Acc: 62.80
INFO >> Epoch: 29  |  Layer: 11  |  Train Loss: 0.394 | Train Acc: 90.94  |  Val Loss: 0.821 | Val Acc: 69.70  |  Test Loss: 0.991 | Tes Acc: 61.35
INFO >> Epoch: 29  |  Layer: 12  |  Train Loss: 0.414 | Train Acc: 90.27  |  Val Loss: 0.855 | Val Acc: 66.67  |  Test Loss: 1.016 | Tes Acc: 60.39
INFO >> Epoch: 29  |  Layer: 13  |  Train Loss: 0.415 | Train Acc: 91.61  |  Val Loss: 0.848 | Val Acc: 67.68  |  Test Loss: 0.990 | Tes Acc: 62.32

INFO >> Epoch: 30  |  Layer: 01  |  Train Loss: 1.098 | Train Acc: 53.02  |  Val Loss: 1.705 | Val Acc: 41.41  |  Test Loss: 1.531 | Tes Acc: 33.33
INFO >> Epoch: 30  |  Layer: 02  |  Train Loss: 1.033 | Train Acc: 57.72  |  Val Loss: 1.745 | Val Acc: 41.41  |  Test Loss: 1.545 | Tes Acc: 32.85
INFO >> Epoch: 30  |  Layer: 03  |  Train Loss: 0.976 | Train Acc: 66.11  |  Val Loss: 1.429 | Val Acc: 51.52  |  Test Loss: 1.383 | Tes Acc: 46.38
INFO >> Epoch: 30  |  Layer: 04  |  Train Loss: 0.833 | Train Acc: 72.15  |  Val Loss: 1.240 | Val Acc: 51.52  |  Test Loss: 1.241 | Tes Acc: 53.62
INFO >> Epoch: 30  |  Layer: 05  |  Train Loss: 0.661 | Train Acc: 80.54  |  Val Loss: 1.097 | Val Acc: 58.59  |  Test Loss: 1.096 | Tes Acc: 56.04
INFO >> Epoch: 30  |  Layer: 06  |  Train Loss: 0.579 | Train Acc: 86.24  |  Val Loss: 0.937 | Val Acc: 67.68  |  Test Loss: 1.045 | Tes Acc: 56.52
INFO >> Epoch: 30  |  Layer: 07  |  Train Loss: 0.491 | Train Acc: 90.27  |  Val Loss: 0.935 | Val Acc: 65.66  |  Test Loss: 0.975 | Tes Acc: 56.04
INFO >> Epoch: 30  |  Layer: 08  |  Train Loss: 0.415 | Train Acc: 91.61  |  Val Loss: 0.862 | Val Acc: 68.69  |  Test Loss: 0.930 | Tes Acc: 64.25
INFO >> Epoch: 30  |  Layer: 09  |  Train Loss: 0.398 | Train Acc: 90.94  |  Val Loss: 0.823 | Val Acc: 69.70  |  Test Loss: 0.932 | Tes Acc: 66.18
INFO >> Epoch: 30  |  Layer: 10  |  Train Loss: 0.371 | Train Acc: 92.28  |  Val Loss: 0.823 | Val Acc: 66.67  |  Test Loss: 0.948 | Tes Acc: 63.29
INFO >> Epoch: 30  |  Layer: 11  |  Train Loss: 0.371 | Train Acc: 92.28  |  Val Loss: 0.858 | Val Acc: 67.68  |  Test Loss: 0.969 | Tes Acc: 63.29
INFO >> Epoch: 30  |  Layer: 12  |  Train Loss: 0.394 | Train Acc: 91.28  |  Val Loss: 0.880 | Val Acc: 66.67  |  Test Loss: 0.985 | Tes Acc: 63.29
INFO >> Epoch: 30  |  Layer: 13  |  Train Loss: 0.402 | Train Acc: 90.60  |  Val Loss: 0.893 | Val Acc: 67.68  |  Test Loss: 0.978 | Tes Acc: 62.80



INFO >> Time Taken: 06:07

INFO >> Layer: 01  |  Best Val Acc: 50.51  |  Best Test Acc: 31.88
INFO >> Layer: 02  |  Best Val Acc: 48.48  |  Best Test Acc: 41.06
INFO >> Layer: 03  |  Best Val Acc: 51.52  |  Best Test Acc: 42.03
INFO >> Layer: 04  |  Best Val Acc: 54.55  |  Best Test Acc: 52.17
INFO >> Layer: 05  |  Best Val Acc: 62.63  |  Best Test Acc: 53.62
INFO >> Layer: 06  |  Best Val Acc: 67.68  |  Best Test Acc: 56.52
INFO >> Layer: 07  |  Best Val Acc: 72.73  |  Best Test Acc: 67.15
INFO >> Layer: 08  |  Best Val Acc: 70.71  |  Best Test Acc: 62.80
INFO >> Layer: 09  |  Best Val Acc: 70.71  |  Best Test Acc: 63.77
INFO >> Layer: 10  |  Best Val Acc: 70.71  |  Best Test Acc: 61.35
INFO >> Layer: 11  |  Best Val Acc: 70.71  |  Best Test Acc: 59.42
INFO >> Layer: 12  |  Best Val Acc: 70.71  |  Best Test Acc: 56.04
INFO >> Layer: 13  |  Best Val Acc: 70.71  |  Best Test Acc: 57.00

DEBUG >> Last state saved
INFO >> Mixing Weights (softmax): 
1.0
[0.5743294358253479, 0.4256705641746521]
[0.37529826164245605, 0.30247294902801514, 0.3222287893295288]
[0.2683289051055908, 0.2140052616596222, 0.2410709261894226, 0.276594877243042]
[0.19708988070487976, 0.15694338083267212, 0.17533470690250397, 0.22670935094356537, 0.24392272531986237]
[0.16248731315135956, 0.12136471271514893, 0.13213035464286804, 0.17166587710380554, 0.20663529634475708, 0.20571646094322205]
[0.13356932997703552, 0.09948465973138809, 0.10675609111785889, 0.13448581099510193, 0.16902755200862885, 0.17664791643619537, 0.18002863228321075]
[0.1159340888261795, 0.0887407511472702, 0.09253069758415222, 0.1097952127456665, 0.14108112454414368, 0.1509471982717514, 0.1637347936630249, 0.137236088514328]
[0.1043773740530014, 0.07825402170419693, 0.0804702639579773, 0.09153620898723602, 0.12098226696252823, 0.1304834634065628, 0.14411909878253937, 0.12589621543884277, 0.12388107925653458]
[0.09325844794511795, 0.0711456909775734, 0.07417801767587662, 0.08229327946901321, 0.10909663140773773, 0.12066737562417984, 0.13049258291721344, 0.11577928066253662, 0.11322283744812012, 0.08986587822437286]
[0.08528425544500351, 0.06515631079673767, 0.06951167434453964, 0.07904227077960968, 0.10168624669313431, 0.11065361648797989, 0.11890298128128052, 0.10620001703500748, 0.1052253469824791, 0.08901415765285492, 0.0693230852484703]
[0.07935337722301483, 0.059620074927806854, 0.06452825665473938, 0.07384051382541656, 0.09719378501176834, 0.1058337390422821, 0.11119764298200607, 0.1010151132941246, 0.10023844987154007, 0.08863283693790436, 0.06260766088962555, 0.055938560515642166]
[0.07293163239955902, 0.054449208080768585, 0.058775123208761215, 0.06844578683376312, 0.0888182669878006, 0.10129659622907639, 0.10434480756521225, 0.09733054786920547, 0.09459793567657471, 0.0837128609418869, 0.058172665536403656, 0.050987761467695236, 0.06613687425851822]


INFO >> History saved (./history/v1.5/AESDD/FX_WAV2VEC2_BASE_CLF_CM_PROBING_LINEAR/Run1/history.pt)
