
--------------------------------------------------
Multilingual SER System v1.2
--------------------------------------------------
Run Name      : Run2
Fx Model      : WAV2VEC2_LARGE_XLSR300M
Clf Model     : DENSE
Extract Mode  : gpu_memory
Dataset       : AESDD
Device        : gpu
Epochs        : 20
Num Workers   : 2
Data Dir      : ./data
History Dir   : ./history
Weights Dir   : ./weights
Log Level     : debug
Purge Cache   : False
Job Name      : Job145
Job Id        : 30684244
GPU           : Quadro RTX 8000
GPU Count     : 1

Timestamp : 2023-03-02 07:49:17.679344

INFO >> Running on CUDA


INFO >> Training Classifier

INFO >> Epoch: 1 |   Train Loss: 1.681 | Train Acc: 18.79 |   Val Loss: 1.566 | Val Acc: 20.20 |   Test Loss: 1.619 | Tes Acc: 19.81
DEBUG >> Best state saved | Val Acc 20.202019810676575 | Test Acc 19.806763529777527

INFO >> Epoch: 2 |   Train Loss: 1.600 | Train Acc: 24.16 |   Val Loss: 1.600 | Val Acc: 24.24 |   Test Loss: 1.568 | Tes Acc: 27.05
DEBUG >> Best state saved | Val Acc 24.242424964904785 | Test Acc 27.053138613700867

INFO >> Epoch: 3 |   Train Loss: 1.521 | Train Acc: 30.54 |   Val Loss: 1.494 | Val Acc: 35.35 |   Test Loss: 1.477 | Tes Acc: 37.68
DEBUG >> Best state saved | Val Acc 35.353535413742065 | Test Acc 37.68115937709808

INFO >> Epoch: 4 |   Train Loss: 1.450 | Train Acc: 29.87 |   Val Loss: 1.378 | Val Acc: 45.45 |   Test Loss: 1.414 | Tes Acc: 38.65
DEBUG >> Best state saved | Val Acc 45.45454680919647 | Test Acc 38.64734172821045

INFO >> Epoch: 5 |   Train Loss: 1.296 | Train Acc: 50.00 |   Val Loss: 1.167 | Val Acc: 55.56 |   Test Loss: 1.262 | Tes Acc: 43.48
DEBUG >> Best state saved | Val Acc 55.55555820465088 | Test Acc 43.478259444236755

INFO >> Epoch: 6 |   Train Loss: 1.105 | Train Acc: 53.36 |   Val Loss: 0.938 | Val Acc: 71.72 |   Test Loss: 1.151 | Tes Acc: 50.24
DEBUG >> Best state saved | Val Acc 71.71717286109924 | Test Acc 50.24154782295227

INFO >> Epoch: 7 |   Train Loss: 1.057 | Train Acc: 58.72 |   Val Loss: 0.846 | Val Acc: 58.59 |   Test Loss: 1.172 | Tes Acc: 53.14
INFO >> Epoch: 8 |   Train Loss: 0.975 | Train Acc: 60.74 |   Val Loss: 1.151 | Val Acc: 57.58 |   Test Loss: 1.166 | Tes Acc: 57.00
INFO >> Epoch: 9 |   Train Loss: 0.801 | Train Acc: 70.13 |   Val Loss: 0.917 | Val Acc: 56.57 |   Test Loss: 1.061 | Tes Acc: 55.07
INFO >> Epoch: 10 |   Train Loss: 0.621 | Train Acc: 78.52 |   Val Loss: 0.726 | Val Acc: 65.66 |   Test Loss: 0.990 | Tes Acc: 55.07
INFO >> Epoch: 11 |   Train Loss: 0.554 | Train Acc: 79.87 |   Val Loss: 0.630 | Val Acc: 76.77 |   Test Loss: 0.880 | Tes Acc: 70.53
DEBUG >> Best state saved | Val Acc 76.76767706871033 | Test Acc 70.53139805793762

INFO >> Epoch: 12 |   Train Loss: 0.433 | Train Acc: 81.54 |   Val Loss: 0.328 | Val Acc: 82.83 |   Test Loss: 0.930 | Tes Acc: 65.70
DEBUG >> Best state saved | Val Acc 82.82828330993652 | Test Acc 65.70048332214355

INFO >> Epoch: 13 |   Train Loss: 0.348 | Train Acc: 88.93 |   Val Loss: 1.021 | Val Acc: 61.62 |   Test Loss: 0.913 | Tes Acc: 66.18
INFO >> Epoch: 14 |   Train Loss: 0.309 | Train Acc: 89.26 |   Val Loss: 0.679 | Val Acc: 66.67 |   Test Loss: 0.809 | Tes Acc: 71.98
INFO >> Epoch: 15 |   Train Loss: 0.214 | Train Acc: 94.30 |   Val Loss: 0.800 | Val Acc: 59.60 |   Test Loss: 1.001 | Tes Acc: 66.67
INFO >> Epoch: 16 |   Train Loss: 0.154 | Train Acc: 97.65 |   Val Loss: 0.708 | Val Acc: 68.69 |   Test Loss: 0.974 | Tes Acc: 66.18
INFO >> Epoch: 17 |   Train Loss: 0.124 | Train Acc: 97.65 |   Val Loss: 0.402 | Val Acc: 78.79 |   Test Loss: 0.990 | Tes Acc: 71.50
INFO >> Epoch: 18 |   Train Loss: 0.090 | Train Acc: 98.66 |   Val Loss: 0.189 | Val Acc: 92.93 |   Test Loss: 1.529 | Tes Acc: 61.35
DEBUG >> Best state saved | Val Acc 92.92929172515869 | Test Acc 61.35265827178955

INFO >> Epoch: 19 |   Train Loss: 0.263 | Train Acc: 89.26 |   Val Loss: 1.411 | Val Acc: 56.57 |   Test Loss: 0.966 | Tes Acc: 68.12
INFO >> Epoch: 20 |   Train Loss: 0.314 | Train Acc: 87.58 |   Val Loss: 0.959 | Val Acc: 58.59 |   Test Loss: 1.285 | Tes Acc: 65.22


INFO >> Time Taken: 08:02

INFO >> Best Val Acc : 92.92929172515869 | Best Test Acc : 61.35265827178955

INFO >> Agg. Weights : 
-0.019382236525416374 -0.0924433171749115 -0.2207324057817459 -0.1521337777376175 -0.15714231133460999 -0.11955615133047104 0.036027368158102036 -0.2852884829044342 -0.2998742163181305 -0.22971664369106293 -0.035166457295417786 -0.02558850310742855 -0.0913815051317215 -0.09654500335454941 0.12397029250860214 0.07307328283786774 -0.06865642964839935 -0.2907598614692688 -0.2996871769428253 0.1116645336151123 -0.27779021859169006 0.10471643507480621 0.032236043363809586 -0.130580335855484

DEBUG >> Last state saved | Val Acc 58.58585834503174 | Test Acc 65.21739363670349

INFO >> History saved (./history/v1.2/AESDD/WAV2VEC2_LARGE_XLSR300M_DENSE/Run2/history.pt)
