
--------------------------------------------------
Multilingual SER System v1.2
--------------------------------------------------
Run Name      : Run2
Fx Model      : WAV2VEC2_LARGE
Clf Model     : DENSE
Extract Mode  : gpu_memory
Dataset       : RAVDESS
Device        : gpu
Epochs        : 20
Num Workers   : 2
Data Dir      : ./data
History Dir   : ./history
Weights Dir   : ./weights
Log Level     : debug
Purge Cache   : False
Job Name      : Job93
Job Id        : 30684208
GPU           : Quadro RTX 8000
GPU Count     : 1

Timestamp : 2023-03-02 04:43:54.852476

INFO >> Running on CUDA


INFO >> Training Classifier

INFO >> Epoch: 1 |   Train Loss: 2.010 | Train Acc: 19.05 |   Val Loss: 1.833 | Val Acc: 34.00 |   Test Loss: 1.845 | Tes Acc: 38.67
DEBUG >> Best state saved | Val Acc 34.00000035762787 | Test Acc 38.66666555404663

INFO >> Epoch: 2 |   Train Loss: 1.588 | Train Acc: 43.57 |   Val Loss: 1.366 | Val Acc: 46.67 |   Test Loss: 1.350 | Tes Acc: 50.33
DEBUG >> Best state saved | Val Acc 46.666666865348816 | Test Acc 50.333333015441895

INFO >> Epoch: 3 |   Train Loss: 1.150 | Train Acc: 58.81 |   Val Loss: 1.147 | Val Acc: 56.00 |   Test Loss: 1.229 | Tes Acc: 51.00
DEBUG >> Best state saved | Val Acc 56.00000023841858 | Test Acc 50.999999046325684

INFO >> Epoch: 4 |   Train Loss: 0.860 | Train Acc: 68.81 |   Val Loss: 0.841 | Val Acc: 71.67 |   Test Loss: 1.131 | Tes Acc: 62.33
DEBUG >> Best state saved | Val Acc 71.66666388511658 | Test Acc 62.33333349227905

INFO >> Epoch: 5 |   Train Loss: 0.637 | Train Acc: 77.14 |   Val Loss: 0.711 | Val Acc: 73.33 |   Test Loss: 1.120 | Tes Acc: 57.33
DEBUG >> Best state saved | Val Acc 73.33333492279053 | Test Acc 57.33333230018616

INFO >> Epoch: 6 |   Train Loss: 0.450 | Train Acc: 85.36 |   Val Loss: 0.749 | Val Acc: 73.33 |   Test Loss: 0.973 | Tes Acc: 70.33
INFO >> Epoch: 7 |   Train Loss: 0.329 | Train Acc: 88.93 |   Val Loss: 1.014 | Val Acc: 66.33 |   Test Loss: 1.366 | Tes Acc: 63.00
INFO >> Epoch: 8 |   Train Loss: 0.290 | Train Acc: 90.00 |   Val Loss: 0.775 | Val Acc: 73.67 |   Test Loss: 1.174 | Tes Acc: 65.67
DEBUG >> Best state saved | Val Acc 73.66666793823242 | Test Acc 65.66666960716248

INFO >> Epoch: 9 |   Train Loss: 0.218 | Train Acc: 92.26 |   Val Loss: 0.724 | Val Acc: 77.67 |   Test Loss: 1.323 | Tes Acc: 59.00
DEBUG >> Best state saved | Val Acc 77.66666412353516 | Test Acc 58.99999737739563

INFO >> Epoch: 10 |   Train Loss: 0.202 | Train Acc: 93.33 |   Val Loss: 0.767 | Val Acc: 79.00 |   Test Loss: 1.194 | Tes Acc: 66.33
DEBUG >> Best state saved | Val Acc 79.00000214576721 | Test Acc 66.33333563804626

INFO >> Epoch: 11 |   Train Loss: 0.123 | Train Acc: 96.67 |   Val Loss: 0.806 | Val Acc: 78.67 |   Test Loss: 1.160 | Tes Acc: 65.33
INFO >> Epoch: 12 |   Train Loss: 0.106 | Train Acc: 97.38 |   Val Loss: 0.925 | Val Acc: 76.00 |   Test Loss: 1.511 | Tes Acc: 66.33
INFO >> Epoch: 13 |   Train Loss: 0.072 | Train Acc: 97.86 |   Val Loss: 0.901 | Val Acc: 78.00 |   Test Loss: 1.186 | Tes Acc: 71.67
INFO >> Epoch: 14 |   Train Loss: 0.070 | Train Acc: 98.69 |   Val Loss: 0.802 | Val Acc: 81.33 |   Test Loss: 1.329 | Tes Acc: 64.67
DEBUG >> Best state saved | Val Acc 81.33333325386047 | Test Acc 64.66666460037231

INFO >> Epoch: 15 |   Train Loss: 0.047 | Train Acc: 99.29 |   Val Loss: 0.904 | Val Acc: 78.33 |   Test Loss: 1.662 | Tes Acc: 64.00
INFO >> Epoch: 16 |   Train Loss: 0.031 | Train Acc: 99.76 |   Val Loss: 0.940 | Val Acc: 81.33 |   Test Loss: 1.483 | Tes Acc: 69.00
INFO >> Epoch: 17 |   Train Loss: 0.041 | Train Acc: 99.05 |   Val Loss: 0.866 | Val Acc: 82.33 |   Test Loss: 1.491 | Tes Acc: 68.33
DEBUG >> Best state saved | Val Acc 82.33333230018616 | Test Acc 68.33333373069763

INFO >> Epoch: 18 |   Train Loss: 0.066 | Train Acc: 98.10 |   Val Loss: 1.119 | Val Acc: 77.33 |   Test Loss: 1.679 | Tes Acc: 64.00
INFO >> Epoch: 19 |   Train Loss: 0.050 | Train Acc: 98.69 |   Val Loss: 1.181 | Val Acc: 76.00 |   Test Loss: 1.201 | Tes Acc: 67.00
INFO >> Epoch: 20 |   Train Loss: 0.028 | Train Acc: 99.40 |   Val Loss: 0.884 | Val Acc: 82.67 |   Test Loss: 1.851 | Tes Acc: 61.33
DEBUG >> Best state saved | Val Acc 82.66666531562805 | Test Acc 61.33333444595337



INFO >> Time Taken: 09:20

INFO >> Best Val Acc : 82.66666531562805 | Best Test Acc : 61.33333444595337

INFO >> Agg. Weights : 
-0.22907698154449463 -0.052119847387075424 -0.17204627394676208 -0.3811291456222534 -0.42780211567878723 -0.39567533135414124 -0.45303013920783997 -0.21894772350788116 -0.32702019810676575 -0.15067976713180542 -0.322919636964798 -0.06202596053481102 -0.06895216554403305 -0.0666152760386467 -0.2410653978586197 -0.2630704343318939 -0.4496701657772064 -0.36180955171585083 -0.21319380402565002 -0.17429855465888977 -0.2570844292640686 0.26898878812789917 0.03907947614789009 -0.13627281785011292

DEBUG >> Last state saved | Val Acc 82.66666531562805 | Test Acc 61.33333444595337

INFO >> History saved (./history/v1.2/RAVDESS/WAV2VEC2_LARGE_DENSE/Run2/history.pt)
