
--------------------------------------------------
Multilingual SER System v1.4
--------------------------------------------------
Run Name      : Run2
Fx Model      : HUBERT_BASE
Clf Model     : PROBING_DENSE
Extract Mode  : gpu_memory
Dataset       : RAVDESS
Device        : gpu
Epochs        : 30
Num Workers   : 3
Data Dir      : ./data
History Dir   : ./history
Weights Dir   : ./weights
Log Level     : debug
Purge Cache   : False
Job Name      : Job64
Job Id        : 30912843
GPU           : Quadro RTX 8000
GPU Count     : 1
GPU Memory    : 44.49 GB

Timestamp : 2023-03-11 03:54:29.431671

INFO >> Running on CUDA


INFO >> Training Classifier

INFO >> Epoch: 1  |  Layer:  1  |  Train Loss: 2.038 | Train Acc: 20.36  |  Val Loss: 1.881 | Val Acc: 31.67  |  Test Loss: 1.885 | Tes Acc: 25.00
INFO >> Epoch: 1  |  Layer:  2  |  Train Loss: 2.036 | Train Acc: 19.76  |  Val Loss: 1.888 | Val Acc: 24.67  |  Test Loss: 1.890 | Tes Acc: 30.67
INFO >> Epoch: 1  |  Layer:  3  |  Train Loss: 2.042 | Train Acc: 18.21  |  Val Loss: 1.921 | Val Acc: 26.00  |  Test Loss: 1.923 | Tes Acc: 31.33
INFO >> Epoch: 1  |  Layer:  4  |  Train Loss: 2.042 | Train Acc: 17.50  |  Val Loss: 1.935 | Val Acc: 28.00  |  Test Loss: 1.941 | Tes Acc: 32.00
INFO >> Epoch: 1  |  Layer:  5  |  Train Loss: 2.048 | Train Acc: 17.86  |  Val Loss: 1.950 | Val Acc: 34.67  |  Test Loss: 1.961 | Tes Acc: 28.67
INFO >> Epoch: 1  |  Layer:  6  |  Train Loss: 2.050 | Train Acc: 17.50  |  Val Loss: 1.956 | Val Acc: 30.00  |  Test Loss: 1.968 | Tes Acc: 23.00
INFO >> Epoch: 1  |  Layer:  7  |  Train Loss: 2.046 | Train Acc: 18.45  |  Val Loss: 1.941 | Val Acc: 33.33  |  Test Loss: 1.956 | Tes Acc: 25.33
INFO >> Epoch: 1  |  Layer:  8  |  Train Loss: 2.040 | Train Acc: 19.76  |  Val Loss: 1.921 | Val Acc: 38.00  |  Test Loss: 1.933 | Tes Acc: 31.67
INFO >> Epoch: 1  |  Layer:  9  |  Train Loss: 2.039 | Train Acc: 19.17  |  Val Loss: 1.917 | Val Acc: 39.33  |  Test Loss: 1.934 | Tes Acc: 32.33
INFO >> Epoch: 1  |  Layer: 10  |  Train Loss: 2.043 | Train Acc: 18.57  |  Val Loss: 1.931 | Val Acc: 35.67  |  Test Loss: 1.946 | Tes Acc: 31.67
INFO >> Epoch: 1  |  Layer: 11  |  Train Loss: 2.045 | Train Acc: 19.05  |  Val Loss: 1.939 | Val Acc: 34.67  |  Test Loss: 1.958 | Tes Acc: 31.00
INFO >> Epoch: 1  |  Layer: 12  |  Train Loss: 2.047 | Train Acc: 18.57  |  Val Loss: 1.950 | Val Acc: 38.00  |  Test Loss: 1.967 | Tes Acc: 30.00
INFO >> Epoch: 1  |  Layer: 13  |  Train Loss: 2.050 | Train Acc: 15.00  |  Val Loss: 1.971 | Val Acc: 30.33  |  Test Loss: 1.986 | Tes Acc: 31.00

INFO >> Epoch: 2  |  Layer:  1  |  Train Loss: 1.826 | Train Acc: 28.10  |  Val Loss: 1.753 | Val Acc: 30.33  |  Test Loss: 1.687 | Tes Acc: 34.67
INFO >> Epoch: 2  |  Layer:  2  |  Train Loss: 1.776 | Train Acc: 31.79  |  Val Loss: 1.692 | Val Acc: 30.67  |  Test Loss: 1.599 | Tes Acc: 40.33
INFO >> Epoch: 2  |  Layer:  3  |  Train Loss: 1.771 | Train Acc: 32.50  |  Val Loss: 1.698 | Val Acc: 33.00  |  Test Loss: 1.593 | Tes Acc: 43.00
INFO >> Epoch: 2  |  Layer:  4  |  Train Loss: 1.765 | Train Acc: 34.76  |  Val Loss: 1.635 | Val Acc: 38.67  |  Test Loss: 1.571 | Tes Acc: 47.33
INFO >> Epoch: 2  |  Layer:  5  |  Train Loss: 1.779 | Train Acc: 35.71  |  Val Loss: 1.612 | Val Acc: 41.00  |  Test Loss: 1.578 | Tes Acc: 42.67
INFO >> Epoch: 2  |  Layer:  6  |  Train Loss: 1.765 | Train Acc: 37.74  |  Val Loss: 1.561 | Val Acc: 44.67  |  Test Loss: 1.527 | Tes Acc: 46.67
INFO >> Epoch: 2  |  Layer:  7  |  Train Loss: 1.742 | Train Acc: 40.36  |  Val Loss: 1.510 | Val Acc: 46.67  |  Test Loss: 1.497 | Tes Acc: 44.67
INFO >> Epoch: 2  |  Layer:  8  |  Train Loss: 1.722 | Train Acc: 39.05  |  Val Loss: 1.503 | Val Acc: 46.33  |  Test Loss: 1.501 | Tes Acc: 44.33
INFO >> Epoch: 2  |  Layer:  9  |  Train Loss: 1.721 | Train Acc: 39.64  |  Val Loss: 1.474 | Val Acc: 45.67  |  Test Loss: 1.495 | Tes Acc: 46.33
INFO >> Epoch: 2  |  Layer: 10  |  Train Loss: 1.738 | Train Acc: 39.05  |  Val Loss: 1.482 | Val Acc: 48.67  |  Test Loss: 1.499 | Tes Acc: 46.67
INFO >> Epoch: 2  |  Layer: 11  |  Train Loss: 1.749 | Train Acc: 40.00  |  Val Loss: 1.496 | Val Acc: 44.33  |  Test Loss: 1.535 | Tes Acc: 47.00
INFO >> Epoch: 2  |  Layer: 12  |  Train Loss: 1.774 | Train Acc: 38.21  |  Val Loss: 1.508 | Val Acc: 45.33  |  Test Loss: 1.533 | Tes Acc: 45.00
INFO >> Epoch: 2  |  Layer: 13  |  Train Loss: 1.816 | Train Acc: 33.57  |  Val Loss: 1.603 | Val Acc: 35.67  |  Test Loss: 1.628 | Tes Acc: 40.00

INFO >> Epoch: 3  |  Layer:  1  |  Train Loss: 1.773 | Train Acc: 30.48  |  Val Loss: 1.723 | Val Acc: 37.00  |  Test Loss: 1.686 | Tes Acc: 37.67
INFO >> Epoch: 3  |  Layer:  2  |  Train Loss: 1.622 | Train Acc: 37.02  |  Val Loss: 1.604 | Val Acc: 37.33  |  Test Loss: 1.598 | Tes Acc: 43.00
INFO >> Epoch: 3  |  Layer:  3  |  Train Loss: 1.585 | Train Acc: 37.86  |  Val Loss: 1.560 | Val Acc: 35.00  |  Test Loss: 1.503 | Tes Acc: 43.00
INFO >> Epoch: 3  |  Layer:  4  |  Train Loss: 1.538 | Train Acc: 40.48  |  Val Loss: 1.505 | Val Acc: 40.33  |  Test Loss: 1.446 | Tes Acc: 45.33
INFO >> Epoch: 3  |  Layer:  5  |  Train Loss: 1.506 | Train Acc: 42.74  |  Val Loss: 1.496 | Val Acc: 41.00  |  Test Loss: 1.440 | Tes Acc: 47.00
INFO >> Epoch: 3  |  Layer:  6  |  Train Loss: 1.418 | Train Acc: 48.57  |  Val Loss: 1.419 | Val Acc: 41.67  |  Test Loss: 1.372 | Tes Acc: 51.00
INFO >> Epoch: 3  |  Layer:  7  |  Train Loss: 1.399 | Train Acc: 49.17  |  Val Loss: 1.325 | Val Acc: 47.33  |  Test Loss: 1.361 | Tes Acc: 51.33
INFO >> Epoch: 3  |  Layer:  8  |  Train Loss: 1.429 | Train Acc: 46.90  |  Val Loss: 1.346 | Val Acc: 48.00  |  Test Loss: 1.416 | Tes Acc: 53.67
INFO >> Epoch: 3  |  Layer:  9  |  Train Loss: 1.415 | Train Acc: 45.36  |  Val Loss: 1.288 | Val Acc: 51.00  |  Test Loss: 1.434 | Tes Acc: 49.00
INFO >> Epoch: 3  |  Layer: 10  |  Train Loss: 1.429 | Train Acc: 45.95  |  Val Loss: 1.289 | Val Acc: 50.67  |  Test Loss: 1.414 | Tes Acc: 50.33
INFO >> Epoch: 3  |  Layer: 11  |  Train Loss: 1.430 | Train Acc: 45.71  |  Val Loss: 1.303 | Val Acc: 47.67  |  Test Loss: 1.448 | Tes Acc: 47.00
INFO >> Epoch: 3  |  Layer: 12  |  Train Loss: 1.459 | Train Acc: 45.71  |  Val Loss: 1.318 | Val Acc: 51.33  |  Test Loss: 1.428 | Tes Acc: 51.67
INFO >> Epoch: 3  |  Layer: 13  |  Train Loss: 1.556 | Train Acc: 41.79  |  Val Loss: 1.430 | Val Acc: 48.33  |  Test Loss: 1.494 | Tes Acc: 47.67

INFO >> Epoch: 4  |  Layer:  1  |  Train Loss: 1.652 | Train Acc: 38.69  |  Val Loss: 1.636 | Val Acc: 35.00  |  Test Loss: 1.529 | Tes Acc: 46.67
INFO >> Epoch: 4  |  Layer:  2  |  Train Loss: 1.459 | Train Acc: 43.93  |  Val Loss: 1.486 | Val Acc: 39.33  |  Test Loss: 1.380 | Tes Acc: 50.00
INFO >> Epoch: 4  |  Layer:  3  |  Train Loss: 1.384 | Train Acc: 47.02  |  Val Loss: 1.465 | Val Acc: 39.00  |  Test Loss: 1.324 | Tes Acc: 50.00
INFO >> Epoch: 4  |  Layer:  4  |  Train Loss: 1.305 | Train Acc: 52.74  |  Val Loss: 1.339 | Val Acc: 46.67  |  Test Loss: 1.301 | Tes Acc: 50.33
INFO >> Epoch: 4  |  Layer:  5  |  Train Loss: 1.249 | Train Acc: 55.00  |  Val Loss: 1.258 | Val Acc: 49.00  |  Test Loss: 1.247 | Tes Acc: 53.67
INFO >> Epoch: 4  |  Layer:  6  |  Train Loss: 1.153 | Train Acc: 58.57  |  Val Loss: 1.192 | Val Acc: 50.67  |  Test Loss: 1.191 | Tes Acc: 57.67
INFO >> Epoch: 4  |  Layer:  7  |  Train Loss: 1.110 | Train Acc: 61.31  |  Val Loss: 1.092 | Val Acc: 58.33  |  Test Loss: 1.177 | Tes Acc: 57.67
INFO >> Epoch: 4  |  Layer:  8  |  Train Loss: 1.160 | Train Acc: 57.26  |  Val Loss: 1.124 | Val Acc: 52.67  |  Test Loss: 1.241 | Tes Acc: 56.33
INFO >> Epoch: 4  |  Layer:  9  |  Train Loss: 1.139 | Train Acc: 59.40  |  Val Loss: 1.082 | Val Acc: 56.67  |  Test Loss: 1.283 | Tes Acc: 54.33
INFO >> Epoch: 4  |  Layer: 10  |  Train Loss: 1.162 | Train Acc: 57.98  |  Val Loss: 1.072 | Val Acc: 57.67  |  Test Loss: 1.261 | Tes Acc: 56.67
INFO >> Epoch: 4  |  Layer: 11  |  Train Loss: 1.170 | Train Acc: 57.62  |  Val Loss: 1.070 | Val Acc: 55.67  |  Test Loss: 1.316 | Tes Acc: 51.67
INFO >> Epoch: 4  |  Layer: 12  |  Train Loss: 1.183 | Train Acc: 58.10  |  Val Loss: 1.081 | Val Acc: 57.33  |  Test Loss: 1.299 | Tes Acc: 55.00
INFO >> Epoch: 4  |  Layer: 13  |  Train Loss: 1.286 | Train Acc: 53.10  |  Val Loss: 1.218 | Val Acc: 50.33  |  Test Loss: 1.338 | Tes Acc: 52.67

INFO >> Epoch: 5  |  Layer:  1  |  Train Loss: 1.609 | Train Acc: 39.52  |  Val Loss: 1.693 | Val Acc: 33.00  |  Test Loss: 1.582 | Tes Acc: 35.67
INFO >> Epoch: 5  |  Layer:  2  |  Train Loss: 1.369 | Train Acc: 46.90  |  Val Loss: 1.407 | Val Acc: 44.33  |  Test Loss: 1.344 | Tes Acc: 51.00
INFO >> Epoch: 5  |  Layer:  3  |  Train Loss: 1.243 | Train Acc: 52.26  |  Val Loss: 1.472 | Val Acc: 41.00  |  Test Loss: 1.371 | Tes Acc: 53.00
INFO >> Epoch: 5  |  Layer:  4  |  Train Loss: 1.171 | Train Acc: 56.90  |  Val Loss: 1.366 | Val Acc: 47.67  |  Test Loss: 1.353 | Tes Acc: 51.67
INFO >> Epoch: 5  |  Layer:  5  |  Train Loss: 1.078 | Train Acc: 61.67  |  Val Loss: 1.321 | Val Acc: 47.33  |  Test Loss: 1.318 | Tes Acc: 51.67
INFO >> Epoch: 5  |  Layer:  6  |  Train Loss: 0.986 | Train Acc: 65.12  |  Val Loss: 1.203 | Val Acc: 56.00  |  Test Loss: 1.327 | Tes Acc: 51.00
INFO >> Epoch: 5  |  Layer:  7  |  Train Loss: 0.946 | Train Acc: 65.71  |  Val Loss: 1.094 | Val Acc: 59.00  |  Test Loss: 1.311 | Tes Acc: 50.67
INFO >> Epoch: 5  |  Layer:  8  |  Train Loss: 0.991 | Train Acc: 63.10  |  Val Loss: 1.132 | Val Acc: 58.00  |  Test Loss: 1.364 | Tes Acc: 50.00
INFO >> Epoch: 5  |  Layer:  9  |  Train Loss: 0.994 | Train Acc: 63.10  |  Val Loss: 1.113 | Val Acc: 55.33  |  Test Loss: 1.435 | Tes Acc: 44.67
INFO >> Epoch: 5  |  Layer: 10  |  Train Loss: 1.016 | Train Acc: 62.86  |  Val Loss: 1.149 | Val Acc: 53.67  |  Test Loss: 1.482 | Tes Acc: 44.00
INFO >> Epoch: 5  |  Layer: 11  |  Train Loss: 1.013 | Train Acc: 63.10  |  Val Loss: 1.123 | Val Acc: 57.67  |  Test Loss: 1.524 | Tes Acc: 41.33
INFO >> Epoch: 5  |  Layer: 12  |  Train Loss: 1.030 | Train Acc: 63.33  |  Val Loss: 1.142 | Val Acc: 57.67  |  Test Loss: 1.520 | Tes Acc: 40.67
INFO >> Epoch: 5  |  Layer: 13  |  Train Loss: 1.105 | Train Acc: 59.76  |  Val Loss: 1.253 | Val Acc: 53.33  |  Test Loss: 1.543 | Tes Acc: 39.33

INFO >> Epoch: 6  |  Layer:  1  |  Train Loss: 1.539 | Train Acc: 40.60  |  Val Loss: 1.595 | Val Acc: 37.67  |  Test Loss: 1.458 | Tes Acc: 41.33
INFO >> Epoch: 6  |  Layer:  2  |  Train Loss: 1.236 | Train Acc: 53.33  |  Val Loss: 1.386 | Val Acc: 48.33  |  Test Loss: 1.304 | Tes Acc: 52.33
INFO >> Epoch: 6  |  Layer:  3  |  Train Loss: 1.178 | Train Acc: 54.64  |  Val Loss: 1.388 | Val Acc: 44.33  |  Test Loss: 1.316 | Tes Acc: 48.33
INFO >> Epoch: 6  |  Layer:  4  |  Train Loss: 1.091 | Train Acc: 60.36  |  Val Loss: 1.296 | Val Acc: 47.67  |  Test Loss: 1.274 | Tes Acc: 52.33
INFO >> Epoch: 6  |  Layer:  5  |  Train Loss: 0.983 | Train Acc: 64.64  |  Val Loss: 1.185 | Val Acc: 56.33  |  Test Loss: 1.240 | Tes Acc: 55.33
INFO >> Epoch: 6  |  Layer:  6  |  Train Loss: 0.879 | Train Acc: 69.29  |  Val Loss: 1.087 | Val Acc: 56.33  |  Test Loss: 1.182 | Tes Acc: 56.67
INFO >> Epoch: 6  |  Layer:  7  |  Train Loss: 0.846 | Train Acc: 70.24  |  Val Loss: 0.951 | Val Acc: 66.33  |  Test Loss: 1.166 | Tes Acc: 57.33
INFO >> Epoch: 6  |  Layer:  8  |  Train Loss: 0.910 | Train Acc: 67.26  |  Val Loss: 0.971 | Val Acc: 65.00  |  Test Loss: 1.205 | Tes Acc: 53.00
INFO >> Epoch: 6  |  Layer:  9  |  Train Loss: 0.910 | Train Acc: 67.62  |  Val Loss: 0.978 | Val Acc: 62.33  |  Test Loss: 1.203 | Tes Acc: 54.67
INFO >> Epoch: 6  |  Layer: 10  |  Train Loss: 0.956 | Train Acc: 65.00  |  Val Loss: 0.952 | Val Acc: 68.33  |  Test Loss: 1.239 | Tes Acc: 53.33
INFO >> Epoch: 6  |  Layer: 11  |  Train Loss: 0.956 | Train Acc: 65.24  |  Val Loss: 0.927 | Val Acc: 66.00  |  Test Loss: 1.337 | Tes Acc: 46.67
INFO >> Epoch: 6  |  Layer: 12  |  Train Loss: 0.965 | Train Acc: 63.81  |  Val Loss: 0.921 | Val Acc: 68.67  |  Test Loss: 1.283 | Tes Acc: 50.00
INFO >> Epoch: 6  |  Layer: 13  |  Train Loss: 1.069 | Train Acc: 60.71  |  Val Loss: 1.039 | Val Acc: 61.67  |  Test Loss: 1.365 | Tes Acc: 44.00

INFO >> Epoch: 7  |  Layer:  1  |  Train Loss: 1.444 | Train Acc: 44.76  |  Val Loss: 1.624 | Val Acc: 39.67  |  Test Loss: 1.407 | Tes Acc: 47.00
INFO >> Epoch: 7  |  Layer:  2  |  Train Loss: 1.097 | Train Acc: 59.40  |  Val Loss: 1.253 | Val Acc: 55.00  |  Test Loss: 1.323 | Tes Acc: 52.33
INFO >> Epoch: 7  |  Layer:  3  |  Train Loss: 1.008 | Train Acc: 63.45  |  Val Loss: 1.175 | Val Acc: 57.33  |  Test Loss: 1.285 | Tes Acc: 48.33
INFO >> Epoch: 7  |  Layer:  4  |  Train Loss: 0.898 | Train Acc: 68.93  |  Val Loss: 1.084 | Val Acc: 60.33  |  Test Loss: 1.293 | Tes Acc: 51.33
INFO >> Epoch: 7  |  Layer:  5  |  Train Loss: 0.796 | Train Acc: 72.74  |  Val Loss: 0.978 | Val Acc: 64.67  |  Test Loss: 1.210 | Tes Acc: 58.00
INFO >> Epoch: 7  |  Layer:  6  |  Train Loss: 0.731 | Train Acc: 74.52  |  Val Loss: 0.939 | Val Acc: 66.67  |  Test Loss: 1.207 | Tes Acc: 58.67
INFO >> Epoch: 7  |  Layer:  7  |  Train Loss: 0.711 | Train Acc: 76.19  |  Val Loss: 0.835 | Val Acc: 73.67  |  Test Loss: 1.166 | Tes Acc: 58.00
INFO >> Epoch: 7  |  Layer:  8  |  Train Loss: 0.759 | Train Acc: 74.52  |  Val Loss: 0.902 | Val Acc: 66.33  |  Test Loss: 1.294 | Tes Acc: 53.00
INFO >> Epoch: 7  |  Layer:  9  |  Train Loss: 0.791 | Train Acc: 72.86  |  Val Loss: 0.898 | Val Acc: 68.67  |  Test Loss: 1.308 | Tes Acc: 54.00
INFO >> Epoch: 7  |  Layer: 10  |  Train Loss: 0.821 | Train Acc: 71.19  |  Val Loss: 0.895 | Val Acc: 69.00  |  Test Loss: 1.347 | Tes Acc: 52.33
INFO >> Epoch: 7  |  Layer: 11  |  Train Loss: 0.846 | Train Acc: 69.76  |  Val Loss: 0.896 | Val Acc: 66.00  |  Test Loss: 1.442 | Tes Acc: 48.33
INFO >> Epoch: 7  |  Layer: 12  |  Train Loss: 0.821 | Train Acc: 70.60  |  Val Loss: 0.835 | Val Acc: 69.33  |  Test Loss: 1.377 | Tes Acc: 48.33
INFO >> Epoch: 7  |  Layer: 13  |  Train Loss: 0.937 | Train Acc: 66.19  |  Val Loss: 0.946 | Val Acc: 65.00  |  Test Loss: 1.473 | Tes Acc: 46.00

INFO >> Epoch: 8  |  Layer:  1  |  Train Loss: 1.463 | Train Acc: 44.05  |  Val Loss: 1.485 | Val Acc: 49.00  |  Test Loss: 1.425 | Tes Acc: 46.33
INFO >> Epoch: 8  |  Layer:  2  |  Train Loss: 1.035 | Train Acc: 62.14  |  Val Loss: 1.178 | Val Acc: 60.33  |  Test Loss: 1.247 | Tes Acc: 54.67
INFO >> Epoch: 8  |  Layer:  3  |  Train Loss: 0.915 | Train Acc: 67.14  |  Val Loss: 1.064 | Val Acc: 60.33  |  Test Loss: 1.336 | Tes Acc: 51.33
INFO >> Epoch: 8  |  Layer:  4  |  Train Loss: 0.821 | Train Acc: 71.19  |  Val Loss: 0.986 | Val Acc: 66.00  |  Test Loss: 1.248 | Tes Acc: 54.00
INFO >> Epoch: 8  |  Layer:  5  |  Train Loss: 0.711 | Train Acc: 78.21  |  Val Loss: 0.902 | Val Acc: 68.00  |  Test Loss: 1.224 | Tes Acc: 57.67
INFO >> Epoch: 8  |  Layer:  6  |  Train Loss: 0.668 | Train Acc: 77.86  |  Val Loss: 0.861 | Val Acc: 67.33  |  Test Loss: 1.164 | Tes Acc: 58.33
INFO >> Epoch: 8  |  Layer:  7  |  Train Loss: 0.642 | Train Acc: 78.69  |  Val Loss: 0.846 | Val Acc: 71.33  |  Test Loss: 1.146 | Tes Acc: 61.67
INFO >> Epoch: 8  |  Layer:  8  |  Train Loss: 0.687 | Train Acc: 75.71  |  Val Loss: 0.857 | Val Acc: 71.33  |  Test Loss: 1.162 | Tes Acc: 59.67
INFO >> Epoch: 8  |  Layer:  9  |  Train Loss: 0.714 | Train Acc: 74.64  |  Val Loss: 0.895 | Val Acc: 66.33  |  Test Loss: 1.159 | Tes Acc: 59.33
INFO >> Epoch: 8  |  Layer: 10  |  Train Loss: 0.766 | Train Acc: 71.55  |  Val Loss: 0.906 | Val Acc: 67.00  |  Test Loss: 1.187 | Tes Acc: 59.33
INFO >> Epoch: 8  |  Layer: 11  |  Train Loss: 0.771 | Train Acc: 71.19  |  Val Loss: 0.867 | Val Acc: 70.00  |  Test Loss: 1.293 | Tes Acc: 52.67
INFO >> Epoch: 8  |  Layer: 12  |  Train Loss: 0.747 | Train Acc: 73.45  |  Val Loss: 0.786 | Val Acc: 71.33  |  Test Loss: 1.248 | Tes Acc: 53.67
INFO >> Epoch: 8  |  Layer: 13  |  Train Loss: 0.870 | Train Acc: 68.81  |  Val Loss: 0.902 | Val Acc: 68.33  |  Test Loss: 1.398 | Tes Acc: 49.00

INFO >> Epoch: 9  |  Layer:  1  |  Train Loss: 1.464 | Train Acc: 42.62  |  Val Loss: 1.487 | Val Acc: 47.67  |  Test Loss: 1.352 | Tes Acc: 50.67
INFO >> Epoch: 9  |  Layer:  2  |  Train Loss: 0.972 | Train Acc: 63.21  |  Val Loss: 1.279 | Val Acc: 54.33  |  Test Loss: 1.172 | Tes Acc: 59.33
INFO >> Epoch: 9  |  Layer:  3  |  Train Loss: 0.872 | Train Acc: 68.45  |  Val Loss: 1.103 | Val Acc: 61.00  |  Test Loss: 1.198 | Tes Acc: 55.00
INFO >> Epoch: 9  |  Layer:  4  |  Train Loss: 0.750 | Train Acc: 74.05  |  Val Loss: 1.020 | Val Acc: 63.00  |  Test Loss: 1.195 | Tes Acc: 54.00
INFO >> Epoch: 9  |  Layer:  5  |  Train Loss: 0.640 | Train Acc: 79.17  |  Val Loss: 0.937 | Val Acc: 64.67  |  Test Loss: 1.150 | Tes Acc: 59.33
INFO >> Epoch: 9  |  Layer:  6  |  Train Loss: 0.593 | Train Acc: 81.55  |  Val Loss: 0.881 | Val Acc: 70.67  |  Test Loss: 1.099 | Tes Acc: 59.00
INFO >> Epoch: 9  |  Layer:  7  |  Train Loss: 0.568 | Train Acc: 80.83  |  Val Loss: 0.825 | Val Acc: 72.67  |  Test Loss: 1.040 | Tes Acc: 67.33
INFO >> Epoch: 9  |  Layer:  8  |  Train Loss: 0.604 | Train Acc: 77.98  |  Val Loss: 0.890 | Val Acc: 71.33  |  Test Loss: 1.050 | Tes Acc: 65.67
INFO >> Epoch: 9  |  Layer:  9  |  Train Loss: 0.644 | Train Acc: 76.07  |  Val Loss: 0.882 | Val Acc: 69.33  |  Test Loss: 1.112 | Tes Acc: 61.67
INFO >> Epoch: 9  |  Layer: 10  |  Train Loss: 0.690 | Train Acc: 75.83  |  Val Loss: 0.875 | Val Acc: 71.00  |  Test Loss: 1.164 | Tes Acc: 59.67
INFO >> Epoch: 9  |  Layer: 11  |  Train Loss: 0.715 | Train Acc: 73.10  |  Val Loss: 0.852 | Val Acc: 72.33  |  Test Loss: 1.187 | Tes Acc: 57.67
INFO >> Epoch: 9  |  Layer: 12  |  Train Loss: 0.670 | Train Acc: 76.43  |  Val Loss: 0.780 | Val Acc: 72.67  |  Test Loss: 1.194 | Tes Acc: 58.00
INFO >> Epoch: 9  |  Layer: 13  |  Train Loss: 0.797 | Train Acc: 70.00  |  Val Loss: 0.885 | Val Acc: 71.67  |  Test Loss: 1.337 | Tes Acc: 52.00

INFO >> Epoch: 10  |  Layer:  1  |  Train Loss: 1.341 | Train Acc: 48.21  |  Val Loss: 1.491 | Val Acc: 46.00  |  Test Loss: 1.321 | Tes Acc: 48.67
INFO >> Epoch: 10  |  Layer:  2  |  Train Loss: 0.846 | Train Acc: 69.64  |  Val Loss: 1.218 | Val Acc: 56.33  |  Test Loss: 1.290 | Tes Acc: 52.67
INFO >> Epoch: 10  |  Layer:  3  |  Train Loss: 0.776 | Train Acc: 73.57  |  Val Loss: 1.026 | Val Acc: 63.33  |  Test Loss: 1.223 | Tes Acc: 54.67
INFO >> Epoch: 10  |  Layer:  4  |  Train Loss: 0.636 | Train Acc: 78.57  |  Val Loss: 0.970 | Val Acc: 65.33  |  Test Loss: 1.182 | Tes Acc: 58.00
INFO >> Epoch: 10  |  Layer:  5  |  Train Loss: 0.541 | Train Acc: 82.74  |  Val Loss: 0.883 | Val Acc: 67.33  |  Test Loss: 1.186 | Tes Acc: 60.00
INFO >> Epoch: 10  |  Layer:  6  |  Train Loss: 0.506 | Train Acc: 82.98  |  Val Loss: 0.834 | Val Acc: 68.33  |  Test Loss: 1.135 | Tes Acc: 59.33
INFO >> Epoch: 10  |  Layer:  7  |  Train Loss: 0.486 | Train Acc: 85.24  |  Val Loss: 0.801 | Val Acc: 70.00  |  Test Loss: 1.076 | Tes Acc: 64.67
INFO >> Epoch: 10  |  Layer:  8  |  Train Loss: 0.520 | Train Acc: 83.10  |  Val Loss: 0.850 | Val Acc: 68.33  |  Test Loss: 1.137 | Tes Acc: 63.00
INFO >> Epoch: 10  |  Layer:  9  |  Train Loss: 0.579 | Train Acc: 79.52  |  Val Loss: 0.872 | Val Acc: 69.67  |  Test Loss: 1.211 | Tes Acc: 58.33
INFO >> Epoch: 10  |  Layer: 10  |  Train Loss: 0.625 | Train Acc: 77.74  |  Val Loss: 0.870 | Val Acc: 68.67  |  Test Loss: 1.276 | Tes Acc: 55.67
INFO >> Epoch: 10  |  Layer: 11  |  Train Loss: 0.634 | Train Acc: 76.67  |  Val Loss: 0.831 | Val Acc: 68.33  |  Test Loss: 1.282 | Tes Acc: 52.33
INFO >> Epoch: 10  |  Layer: 12  |  Train Loss: 0.585 | Train Acc: 79.76  |  Val Loss: 0.726 | Val Acc: 73.00  |  Test Loss: 1.243 | Tes Acc: 56.67
INFO >> Epoch: 10  |  Layer: 13  |  Train Loss: 0.717 | Train Acc: 74.52  |  Val Loss: 0.860 | Val Acc: 67.00  |  Test Loss: 1.320 | Tes Acc: 54.00

INFO >> Epoch: 11  |  Layer:  1  |  Train Loss: 1.330 | Train Acc: 48.69  |  Val Loss: 1.737 | Val Acc: 41.00  |  Test Loss: 1.451 | Tes Acc: 42.33
INFO >> Epoch: 11  |  Layer:  2  |  Train Loss: 0.776 | Train Acc: 72.14  |  Val Loss: 1.191 | Val Acc: 58.33  |  Test Loss: 1.155 | Tes Acc: 57.67
INFO >> Epoch: 11  |  Layer:  3  |  Train Loss: 0.701 | Train Acc: 75.00  |  Val Loss: 1.122 | Val Acc: 57.33  |  Test Loss: 1.202 | Tes Acc: 53.00
INFO >> Epoch: 11  |  Layer:  4  |  Train Loss: 0.547 | Train Acc: 82.38  |  Val Loss: 1.046 | Val Acc: 64.00  |  Test Loss: 1.200 | Tes Acc: 54.67
INFO >> Epoch: 11  |  Layer:  5  |  Train Loss: 0.470 | Train Acc: 86.79  |  Val Loss: 0.963 | Val Acc: 66.00  |  Test Loss: 1.143 | Tes Acc: 58.00
INFO >> Epoch: 11  |  Layer:  6  |  Train Loss: 0.426 | Train Acc: 86.55  |  Val Loss: 0.926 | Val Acc: 66.33  |  Test Loss: 1.156 | Tes Acc: 57.00
INFO >> Epoch: 11  |  Layer:  7  |  Train Loss: 0.412 | Train Acc: 87.74  |  Val Loss: 0.912 | Val Acc: 68.00  |  Test Loss: 1.113 | Tes Acc: 59.67
INFO >> Epoch: 11  |  Layer:  8  |  Train Loss: 0.461 | Train Acc: 84.64  |  Val Loss: 0.940 | Val Acc: 65.67  |  Test Loss: 1.175 | Tes Acc: 61.00
INFO >> Epoch: 11  |  Layer:  9  |  Train Loss: 0.525 | Train Acc: 82.50  |  Val Loss: 0.913 | Val Acc: 69.67  |  Test Loss: 1.247 | Tes Acc: 59.00
INFO >> Epoch: 11  |  Layer: 10  |  Train Loss: 0.562 | Train Acc: 81.31  |  Val Loss: 0.903 | Val Acc: 69.67  |  Test Loss: 1.230 | Tes Acc: 57.33
INFO >> Epoch: 11  |  Layer: 11  |  Train Loss: 0.566 | Train Acc: 81.31  |  Val Loss: 0.919 | Val Acc: 68.00  |  Test Loss: 1.303 | Tes Acc: 53.33
INFO >> Epoch: 11  |  Layer: 12  |  Train Loss: 0.518 | Train Acc: 83.93  |  Val Loss: 0.801 | Val Acc: 66.67  |  Test Loss: 1.246 | Tes Acc: 56.67
INFO >> Epoch: 11  |  Layer: 13  |  Train Loss: 0.656 | Train Acc: 78.33  |  Val Loss: 0.838 | Val Acc: 68.33  |  Test Loss: 1.267 | Tes Acc: 54.33

INFO >> Epoch: 12  |  Layer:  1  |  Train Loss: 1.329 | Train Acc: 49.76  |  Val Loss: 1.480 | Val Acc: 49.00  |  Test Loss: 1.283 | Tes Acc: 52.00
INFO >> Epoch: 12  |  Layer:  2  |  Train Loss: 0.761 | Train Acc: 73.57  |  Val Loss: 1.330 | Val Acc: 55.67  |  Test Loss: 1.157 | Tes Acc: 55.67
INFO >> Epoch: 12  |  Layer:  3  |  Train Loss: 0.692 | Train Acc: 73.93  |  Val Loss: 1.098 | Val Acc: 62.00  |  Test Loss: 1.210 | Tes Acc: 54.00
INFO >> Epoch: 12  |  Layer:  4  |  Train Loss: 0.540 | Train Acc: 80.48  |  Val Loss: 1.011 | Val Acc: 63.00  |  Test Loss: 1.183 | Tes Acc: 57.67
INFO >> Epoch: 12  |  Layer:  5  |  Train Loss: 0.455 | Train Acc: 84.29  |  Val Loss: 0.903 | Val Acc: 66.33  |  Test Loss: 1.221 | Tes Acc: 56.00
INFO >> Epoch: 12  |  Layer:  6  |  Train Loss: 0.407 | Train Acc: 87.02  |  Val Loss: 0.864 | Val Acc: 69.67  |  Test Loss: 1.216 | Tes Acc: 59.00
INFO >> Epoch: 12  |  Layer:  7  |  Train Loss: 0.404 | Train Acc: 86.55  |  Val Loss: 0.856 | Val Acc: 72.00  |  Test Loss: 1.091 | Tes Acc: 63.67
INFO >> Epoch: 12  |  Layer:  8  |  Train Loss: 0.434 | Train Acc: 85.12  |  Val Loss: 0.930 | Val Acc: 69.67  |  Test Loss: 1.146 | Tes Acc: 61.33
INFO >> Epoch: 12  |  Layer:  9  |  Train Loss: 0.494 | Train Acc: 83.21  |  Val Loss: 0.974 | Val Acc: 67.00  |  Test Loss: 1.178 | Tes Acc: 60.67
INFO >> Epoch: 12  |  Layer: 10  |  Train Loss: 0.536 | Train Acc: 81.90  |  Val Loss: 0.959 | Val Acc: 63.00  |  Test Loss: 1.215 | Tes Acc: 58.00
INFO >> Epoch: 12  |  Layer: 11  |  Train Loss: 0.545 | Train Acc: 79.29  |  Val Loss: 0.924 | Val Acc: 63.67  |  Test Loss: 1.208 | Tes Acc: 58.67
INFO >> Epoch: 12  |  Layer: 12  |  Train Loss: 0.505 | Train Acc: 82.62  |  Val Loss: 0.806 | Val Acc: 69.33  |  Test Loss: 1.184 | Tes Acc: 57.00
INFO >> Epoch: 12  |  Layer: 13  |  Train Loss: 0.613 | Train Acc: 80.24  |  Val Loss: 0.883 | Val Acc: 67.67  |  Test Loss: 1.324 | Tes Acc: 55.00

INFO >> Epoch: 13  |  Layer:  1  |  Train Loss: 1.268 | Train Acc: 51.55  |  Val Loss: 1.448 | Val Acc: 51.33  |  Test Loss: 1.316 | Tes Acc: 49.33
INFO >> Epoch: 13  |  Layer:  2  |  Train Loss: 0.723 | Train Acc: 75.48  |  Val Loss: 1.198 | Val Acc: 58.00  |  Test Loss: 1.095 | Tes Acc: 59.33
INFO >> Epoch: 13  |  Layer:  3  |  Train Loss: 0.655 | Train Acc: 77.86  |  Val Loss: 1.117 | Val Acc: 59.67  |  Test Loss: 1.128 | Tes Acc: 57.67
INFO >> Epoch: 13  |  Layer:  4  |  Train Loss: 0.503 | Train Acc: 82.38  |  Val Loss: 1.007 | Val Acc: 64.67  |  Test Loss: 1.202 | Tes Acc: 59.67
INFO >> Epoch: 13  |  Layer:  5  |  Train Loss: 0.441 | Train Acc: 84.40  |  Val Loss: 0.931 | Val Acc: 68.33  |  Test Loss: 1.130 | Tes Acc: 60.00
INFO >> Epoch: 13  |  Layer:  6  |  Train Loss: 0.398 | Train Acc: 85.95  |  Val Loss: 0.951 | Val Acc: 64.67  |  Test Loss: 1.112 | Tes Acc: 60.67
INFO >> Epoch: 13  |  Layer:  7  |  Train Loss: 0.373 | Train Acc: 85.95  |  Val Loss: 0.895 | Val Acc: 68.33  |  Test Loss: 1.066 | Tes Acc: 64.00
INFO >> Epoch: 13  |  Layer:  8  |  Train Loss: 0.391 | Train Acc: 86.19  |  Val Loss: 0.963 | Val Acc: 67.00  |  Test Loss: 1.168 | Tes Acc: 65.00
INFO >> Epoch: 13  |  Layer:  9  |  Train Loss: 0.468 | Train Acc: 82.02  |  Val Loss: 0.990 | Val Acc: 65.67  |  Test Loss: 1.190 | Tes Acc: 64.00
INFO >> Epoch: 13  |  Layer: 10  |  Train Loss: 0.531 | Train Acc: 80.00  |  Val Loss: 1.003 | Val Acc: 65.00  |  Test Loss: 1.219 | Tes Acc: 60.00
INFO >> Epoch: 13  |  Layer: 11  |  Train Loss: 0.536 | Train Acc: 79.05  |  Val Loss: 0.974 | Val Acc: 63.00  |  Test Loss: 1.209 | Tes Acc: 58.00
INFO >> Epoch: 13  |  Layer: 12  |  Train Loss: 0.486 | Train Acc: 82.14  |  Val Loss: 0.836 | Val Acc: 65.00  |  Test Loss: 1.234 | Tes Acc: 61.00
INFO >> Epoch: 13  |  Layer: 13  |  Train Loss: 0.644 | Train Acc: 74.52  |  Val Loss: 0.984 | Val Acc: 61.33  |  Test Loss: 1.384 | Tes Acc: 58.33

INFO >> Epoch: 14  |  Layer:  1  |  Train Loss: 1.184 | Train Acc: 54.88  |  Val Loss: 1.493 | Val Acc: 47.33  |  Test Loss: 1.274 | Tes Acc: 51.00
INFO >> Epoch: 14  |  Layer:  2  |  Train Loss: 0.623 | Train Acc: 79.29  |  Val Loss: 1.344 | Val Acc: 52.67  |  Test Loss: 1.106 | Tes Acc: 60.00
INFO >> Epoch: 14  |  Layer:  3  |  Train Loss: 0.576 | Train Acc: 79.40  |  Val Loss: 1.312 | Val Acc: 53.33  |  Test Loss: 1.158 | Tes Acc: 59.00
INFO >> Epoch: 14  |  Layer:  4  |  Train Loss: 0.427 | Train Acc: 85.71  |  Val Loss: 1.145 | Val Acc: 59.67  |  Test Loss: 1.024 | Tes Acc: 62.00
INFO >> Epoch: 14  |  Layer:  5  |  Train Loss: 0.336 | Train Acc: 90.12  |  Val Loss: 1.011 | Val Acc: 67.00  |  Test Loss: 1.072 | Tes Acc: 60.33
INFO >> Epoch: 14  |  Layer:  6  |  Train Loss: 0.303 | Train Acc: 91.07  |  Val Loss: 1.016 | Val Acc: 65.67  |  Test Loss: 1.081 | Tes Acc: 63.00
INFO >> Epoch: 14  |  Layer:  7  |  Train Loss: 0.287 | Train Acc: 91.90  |  Val Loss: 0.930 | Val Acc: 66.00  |  Test Loss: 1.079 | Tes Acc: 63.00
INFO >> Epoch: 14  |  Layer:  8  |  Train Loss: 0.316 | Train Acc: 90.83  |  Val Loss: 1.081 | Val Acc: 63.33  |  Test Loss: 1.119 | Tes Acc: 65.00
INFO >> Epoch: 14  |  Layer:  9  |  Train Loss: 0.380 | Train Acc: 88.10  |  Val Loss: 1.066 | Val Acc: 65.67  |  Test Loss: 1.236 | Tes Acc: 61.33
INFO >> Epoch: 14  |  Layer: 10  |  Train Loss: 0.436 | Train Acc: 84.64  |  Val Loss: 1.080 | Val Acc: 60.67  |  Test Loss: 1.251 | Tes Acc: 62.33
INFO >> Epoch: 14  |  Layer: 11  |  Train Loss: 0.444 | Train Acc: 85.12  |  Val Loss: 1.022 | Val Acc: 61.67  |  Test Loss: 1.262 | Tes Acc: 59.67
INFO >> Epoch: 14  |  Layer: 12  |  Train Loss: 0.394 | Train Acc: 87.26  |  Val Loss: 0.867 | Val Acc: 66.67  |  Test Loss: 1.208 | Tes Acc: 58.67
INFO >> Epoch: 14  |  Layer: 13  |  Train Loss: 0.527 | Train Acc: 82.50  |  Val Loss: 0.939 | Val Acc: 64.00  |  Test Loss: 1.174 | Tes Acc: 59.00

INFO >> Epoch: 15  |  Layer:  1  |  Train Loss: 1.137 | Train Acc: 58.93  |  Val Loss: 1.484 | Val Acc: 46.33  |  Test Loss: 1.235 | Tes Acc: 51.33
INFO >> Epoch: 15  |  Layer:  2  |  Train Loss: 0.600 | Train Acc: 79.29  |  Val Loss: 1.140 | Val Acc: 61.67  |  Test Loss: 1.187 | Tes Acc: 58.33
INFO >> Epoch: 15  |  Layer:  3  |  Train Loss: 0.541 | Train Acc: 80.83  |  Val Loss: 1.159 | Val Acc: 58.00  |  Test Loss: 1.134 | Tes Acc: 57.33
INFO >> Epoch: 15  |  Layer:  4  |  Train Loss: 0.375 | Train Acc: 88.69  |  Val Loss: 1.096 | Val Acc: 62.67  |  Test Loss: 1.067 | Tes Acc: 62.00
INFO >> Epoch: 15  |  Layer:  5  |  Train Loss: 0.314 | Train Acc: 90.83  |  Val Loss: 0.978 | Val Acc: 67.67  |  Test Loss: 1.135 | Tes Acc: 61.33
INFO >> Epoch: 15  |  Layer:  6  |  Train Loss: 0.281 | Train Acc: 91.67  |  Val Loss: 0.894 | Val Acc: 68.00  |  Test Loss: 1.169 | Tes Acc: 63.33
INFO >> Epoch: 15  |  Layer:  7  |  Train Loss: 0.256 | Train Acc: 92.74  |  Val Loss: 0.836 | Val Acc: 71.00  |  Test Loss: 1.143 | Tes Acc: 67.00
INFO >> Epoch: 15  |  Layer:  8  |  Train Loss: 0.290 | Train Acc: 91.79  |  Val Loss: 0.956 | Val Acc: 68.67  |  Test Loss: 1.106 | Tes Acc: 67.00
INFO >> Epoch: 15  |  Layer:  9  |  Train Loss: 0.352 | Train Acc: 89.64  |  Val Loss: 0.945 | Val Acc: 70.00  |  Test Loss: 1.243 | Tes Acc: 61.00
INFO >> Epoch: 15  |  Layer: 10  |  Train Loss: 0.403 | Train Acc: 88.21  |  Val Loss: 0.905 | Val Acc: 70.67  |  Test Loss: 1.407 | Tes Acc: 57.33
INFO >> Epoch: 15  |  Layer: 11  |  Train Loss: 0.414 | Train Acc: 86.79  |  Val Loss: 0.860 | Val Acc: 71.67  |  Test Loss: 1.342 | Tes Acc: 56.00
INFO >> Epoch: 15  |  Layer: 12  |  Train Loss: 0.366 | Train Acc: 88.81  |  Val Loss: 0.684 | Val Acc: 74.00  |  Test Loss: 1.327 | Tes Acc: 56.67
INFO >> Epoch: 15  |  Layer: 13  |  Train Loss: 0.463 | Train Acc: 86.79  |  Val Loss: 0.775 | Val Acc: 71.33  |  Test Loss: 1.248 | Tes Acc: 58.67

INFO >> Epoch: 16  |  Layer:  1  |  Train Loss: 1.134 | Train Acc: 56.90  |  Val Loss: 1.462 | Val Acc: 49.33  |  Test Loss: 1.250 | Tes Acc: 51.33
INFO >> Epoch: 16  |  Layer:  2  |  Train Loss: 0.546 | Train Acc: 82.98  |  Val Loss: 1.402 | Val Acc: 52.33  |  Test Loss: 1.124 | Tes Acc: 61.00
INFO >> Epoch: 16  |  Layer:  3  |  Train Loss: 0.491 | Train Acc: 84.76  |  Val Loss: 1.339 | Val Acc: 54.00  |  Test Loss: 1.155 | Tes Acc: 57.67
INFO >> Epoch: 16  |  Layer:  4  |  Train Loss: 0.334 | Train Acc: 90.00  |  Val Loss: 1.196 | Val Acc: 60.00  |  Test Loss: 1.125 | Tes Acc: 61.67
INFO >> Epoch: 16  |  Layer:  5  |  Train Loss: 0.284 | Train Acc: 91.55  |  Val Loss: 1.161 | Val Acc: 62.33  |  Test Loss: 1.169 | Tes Acc: 62.00
INFO >> Epoch: 16  |  Layer:  6  |  Train Loss: 0.265 | Train Acc: 92.62  |  Val Loss: 1.241 | Val Acc: 59.00  |  Test Loss: 1.238 | Tes Acc: 61.33
INFO >> Epoch: 16  |  Layer:  7  |  Train Loss: 0.251 | Train Acc: 93.33  |  Val Loss: 1.014 | Val Acc: 65.00  |  Test Loss: 1.121 | Tes Acc: 64.33
INFO >> Epoch: 16  |  Layer:  8  |  Train Loss: 0.267 | Train Acc: 92.86  |  Val Loss: 1.176 | Val Acc: 63.00  |  Test Loss: 1.218 | Tes Acc: 64.33
INFO >> Epoch: 16  |  Layer:  9  |  Train Loss: 0.329 | Train Acc: 90.36  |  Val Loss: 1.118 | Val Acc: 63.67  |  Test Loss: 1.293 | Tes Acc: 60.33
INFO >> Epoch: 16  |  Layer: 10  |  Train Loss: 0.370 | Train Acc: 88.57  |  Val Loss: 1.077 | Val Acc: 64.00  |  Test Loss: 1.345 | Tes Acc: 60.67
INFO >> Epoch: 16  |  Layer: 11  |  Train Loss: 0.384 | Train Acc: 88.81  |  Val Loss: 1.018 | Val Acc: 63.67  |  Test Loss: 1.311 | Tes Acc: 60.33
INFO >> Epoch: 16  |  Layer: 12  |  Train Loss: 0.327 | Train Acc: 90.24  |  Val Loss: 0.792 | Val Acc: 73.00  |  Test Loss: 1.334 | Tes Acc: 57.33
INFO >> Epoch: 16  |  Layer: 13  |  Train Loss: 0.457 | Train Acc: 85.60  |  Val Loss: 0.936 | Val Acc: 65.00  |  Test Loss: 1.240 | Tes Acc: 60.00

INFO >> Epoch: 17  |  Layer:  1  |  Train Loss: 1.053 | Train Acc: 60.24  |  Val Loss: 1.404 | Val Acc: 54.00  |  Test Loss: 1.352 | Tes Acc: 46.67
INFO >> Epoch: 17  |  Layer:  2  |  Train Loss: 0.511 | Train Acc: 85.24  |  Val Loss: 1.126 | Val Acc: 66.00  |  Test Loss: 1.302 | Tes Acc: 53.33
INFO >> Epoch: 17  |  Layer:  3  |  Train Loss: 0.485 | Train Acc: 83.81  |  Val Loss: 0.996 | Val Acc: 67.33  |  Test Loss: 1.409 | Tes Acc: 49.33
INFO >> Epoch: 17  |  Layer:  4  |  Train Loss: 0.327 | Train Acc: 91.19  |  Val Loss: 0.926 | Val Acc: 70.67  |  Test Loss: 1.279 | Tes Acc: 57.67
INFO >> Epoch: 17  |  Layer:  5  |  Train Loss: 0.267 | Train Acc: 92.62  |  Val Loss: 0.876 | Val Acc: 72.33  |  Test Loss: 1.300 | Tes Acc: 59.33
INFO >> Epoch: 17  |  Layer:  6  |  Train Loss: 0.247 | Train Acc: 93.21  |  Val Loss: 0.824 | Val Acc: 73.67  |  Test Loss: 1.277 | Tes Acc: 59.00
INFO >> Epoch: 17  |  Layer:  7  |  Train Loss: 0.225 | Train Acc: 94.52  |  Val Loss: 0.784 | Val Acc: 75.00  |  Test Loss: 1.294 | Tes Acc: 58.67
INFO >> Epoch: 17  |  Layer:  8  |  Train Loss: 0.233 | Train Acc: 93.81  |  Val Loss: 0.923 | Val Acc: 69.00  |  Test Loss: 1.422 | Tes Acc: 59.00
INFO >> Epoch: 17  |  Layer:  9  |  Train Loss: 0.305 | Train Acc: 91.67  |  Val Loss: 0.995 | Val Acc: 69.00  |  Test Loss: 1.635 | Tes Acc: 56.33
INFO >> Epoch: 17  |  Layer: 10  |  Train Loss: 0.343 | Train Acc: 89.52  |  Val Loss: 0.946 | Val Acc: 70.00  |  Test Loss: 1.706 | Tes Acc: 53.00
INFO >> Epoch: 17  |  Layer: 11  |  Train Loss: 0.359 | Train Acc: 88.81  |  Val Loss: 0.903 | Val Acc: 70.67  |  Test Loss: 1.662 | Tes Acc: 52.00
INFO >> Epoch: 17  |  Layer: 12  |  Train Loss: 0.303 | Train Acc: 91.79  |  Val Loss: 0.687 | Val Acc: 76.67  |  Test Loss: 1.632 | Tes Acc: 53.00
INFO >> Epoch: 17  |  Layer: 13  |  Train Loss: 0.455 | Train Acc: 86.07  |  Val Loss: 0.783 | Val Acc: 73.00  |  Test Loss: 1.479 | Tes Acc: 53.00

INFO >> Epoch: 18  |  Layer:  1  |  Train Loss: 1.072 | Train Acc: 59.52  |  Val Loss: 1.440 | Val Acc: 49.33  |  Test Loss: 1.237 | Tes Acc: 51.33
INFO >> Epoch: 18  |  Layer:  2  |  Train Loss: 0.515 | Train Acc: 83.69  |  Val Loss: 1.313 | Val Acc: 57.33  |  Test Loss: 1.123 | Tes Acc: 60.00
INFO >> Epoch: 18  |  Layer:  3  |  Train Loss: 0.467 | Train Acc: 84.05  |  Val Loss: 1.256 | Val Acc: 59.33  |  Test Loss: 1.092 | Tes Acc: 60.67
INFO >> Epoch: 18  |  Layer:  4  |  Train Loss: 0.327 | Train Acc: 91.07  |  Val Loss: 1.224 | Val Acc: 59.00  |  Test Loss: 1.056 | Tes Acc: 62.67
INFO >> Epoch: 18  |  Layer:  5  |  Train Loss: 0.248 | Train Acc: 94.05  |  Val Loss: 1.187 | Val Acc: 61.67  |  Test Loss: 1.227 | Tes Acc: 59.00
INFO >> Epoch: 18  |  Layer:  6  |  Train Loss: 0.217 | Train Acc: 94.40  |  Val Loss: 0.963 | Val Acc: 65.00  |  Test Loss: 1.268 | Tes Acc: 61.33
INFO >> Epoch: 18  |  Layer:  7  |  Train Loss: 0.213 | Train Acc: 94.76  |  Val Loss: 0.919 | Val Acc: 70.33  |  Test Loss: 1.127 | Tes Acc: 66.00
INFO >> Epoch: 18  |  Layer:  8  |  Train Loss: 0.255 | Train Acc: 92.74  |  Val Loss: 0.951 | Val Acc: 69.00  |  Test Loss: 1.150 | Tes Acc: 64.67
INFO >> Epoch: 18  |  Layer:  9  |  Train Loss: 0.310 | Train Acc: 89.64  |  Val Loss: 1.041 | Val Acc: 67.00  |  Test Loss: 1.245 | Tes Acc: 60.33
INFO >> Epoch: 18  |  Layer: 10  |  Train Loss: 0.339 | Train Acc: 88.69  |  Val Loss: 1.054 | Val Acc: 63.67  |  Test Loss: 1.327 | Tes Acc: 56.67
INFO >> Epoch: 18  |  Layer: 11  |  Train Loss: 0.355 | Train Acc: 87.74  |  Val Loss: 0.981 | Val Acc: 65.33  |  Test Loss: 1.250 | Tes Acc: 60.33
INFO >> Epoch: 18  |  Layer: 12  |  Train Loss: 0.297 | Train Acc: 91.79  |  Val Loss: 0.789 | Val Acc: 72.00  |  Test Loss: 1.268 | Tes Acc: 56.33
INFO >> Epoch: 18  |  Layer: 13  |  Train Loss: 0.408 | Train Acc: 87.86  |  Val Loss: 0.779 | Val Acc: 71.67  |  Test Loss: 1.217 | Tes Acc: 57.67

INFO >> Epoch: 19  |  Layer:  1  |  Train Loss: 1.000 | Train Acc: 65.00  |  Val Loss: 1.360 | Val Acc: 55.00  |  Test Loss: 1.225 | Tes Acc: 53.33
INFO >> Epoch: 19  |  Layer:  2  |  Train Loss: 0.459 | Train Acc: 84.76  |  Val Loss: 1.356 | Val Acc: 56.33  |  Test Loss: 1.074 | Tes Acc: 59.67
INFO >> Epoch: 19  |  Layer:  3  |  Train Loss: 0.419 | Train Acc: 87.02  |  Val Loss: 1.431 | Val Acc: 54.33  |  Test Loss: 1.108 | Tes Acc: 59.67
INFO >> Epoch: 19  |  Layer:  4  |  Train Loss: 0.288 | Train Acc: 91.31  |  Val Loss: 1.331 | Val Acc: 58.33  |  Test Loss: 0.973 | Tes Acc: 64.00
INFO >> Epoch: 19  |  Layer:  5  |  Train Loss: 0.262 | Train Acc: 91.79  |  Val Loss: 1.254 | Val Acc: 60.00  |  Test Loss: 1.107 | Tes Acc: 63.00
INFO >> Epoch: 19  |  Layer:  6  |  Train Loss: 0.187 | Train Acc: 95.48  |  Val Loss: 1.093 | Val Acc: 64.33  |  Test Loss: 1.156 | Tes Acc: 61.00
INFO >> Epoch: 19  |  Layer:  7  |  Train Loss: 0.206 | Train Acc: 94.64  |  Val Loss: 0.981 | Val Acc: 70.00  |  Test Loss: 1.028 | Tes Acc: 68.00
INFO >> Epoch: 19  |  Layer:  8  |  Train Loss: 0.241 | Train Acc: 92.74  |  Val Loss: 1.024 | Val Acc: 65.67  |  Test Loss: 1.076 | Tes Acc: 68.67
INFO >> Epoch: 19  |  Layer:  9  |  Train Loss: 0.294 | Train Acc: 91.19  |  Val Loss: 1.131 | Val Acc: 65.00  |  Test Loss: 1.232 | Tes Acc: 66.33
INFO >> Epoch: 19  |  Layer: 10  |  Train Loss: 0.301 | Train Acc: 91.19  |  Val Loss: 1.073 | Val Acc: 63.33  |  Test Loss: 1.256 | Tes Acc: 62.33
INFO >> Epoch: 19  |  Layer: 11  |  Train Loss: 0.322 | Train Acc: 90.48  |  Val Loss: 0.974 | Val Acc: 69.67  |  Test Loss: 1.248 | Tes Acc: 59.00
INFO >> Epoch: 19  |  Layer: 12  |  Train Loss: 0.260 | Train Acc: 92.62  |  Val Loss: 0.808 | Val Acc: 72.00  |  Test Loss: 1.288 | Tes Acc: 59.00
INFO >> Epoch: 19  |  Layer: 13  |  Train Loss: 0.354 | Train Acc: 88.45  |  Val Loss: 0.887 | Val Acc: 67.00  |  Test Loss: 1.266 | Tes Acc: 57.33

INFO >> Epoch: 20  |  Layer:  1  |  Train Loss: 1.024 | Train Acc: 62.86  |  Val Loss: 1.350 | Val Acc: 56.00  |  Test Loss: 1.328 | Tes Acc: 49.67
INFO >> Epoch: 20  |  Layer:  2  |  Train Loss: 0.411 | Train Acc: 87.86  |  Val Loss: 1.163 | Val Acc: 62.67  |  Test Loss: 1.383 | Tes Acc: 54.33
INFO >> Epoch: 20  |  Layer:  3  |  Train Loss: 0.380 | Train Acc: 87.74  |  Val Loss: 0.999 | Val Acc: 65.33  |  Test Loss: 1.418 | Tes Acc: 55.67
INFO >> Epoch: 20  |  Layer:  4  |  Train Loss: 0.243 | Train Acc: 93.57  |  Val Loss: 0.974 | Val Acc: 68.67  |  Test Loss: 1.428 | Tes Acc: 56.67
INFO >> Epoch: 20  |  Layer:  5  |  Train Loss: 0.207 | Train Acc: 94.64  |  Val Loss: 0.952 | Val Acc: 71.67  |  Test Loss: 1.425 | Tes Acc: 59.00
INFO >> Epoch: 20  |  Layer:  6  |  Train Loss: 0.180 | Train Acc: 95.60  |  Val Loss: 0.868 | Val Acc: 73.00  |  Test Loss: 1.392 | Tes Acc: 61.67
INFO >> Epoch: 20  |  Layer:  7  |  Train Loss: 0.166 | Train Acc: 96.07  |  Val Loss: 0.853 | Val Acc: 74.00  |  Test Loss: 1.329 | Tes Acc: 61.33
INFO >> Epoch: 20  |  Layer:  8  |  Train Loss: 0.187 | Train Acc: 94.40  |  Val Loss: 0.992 | Val Acc: 70.67  |  Test Loss: 1.395 | Tes Acc: 62.00
INFO >> Epoch: 20  |  Layer:  9  |  Train Loss: 0.233 | Train Acc: 93.33  |  Val Loss: 1.045 | Val Acc: 67.67  |  Test Loss: 1.513 | Tes Acc: 58.67
INFO >> Epoch: 20  |  Layer: 10  |  Train Loss: 0.261 | Train Acc: 91.79  |  Val Loss: 1.079 | Val Acc: 68.33  |  Test Loss: 1.716 | Tes Acc: 54.00
INFO >> Epoch: 20  |  Layer: 11  |  Train Loss: 0.274 | Train Acc: 91.19  |  Val Loss: 0.922 | Val Acc: 70.00  |  Test Loss: 1.691 | Tes Acc: 55.33
INFO >> Epoch: 20  |  Layer: 12  |  Train Loss: 0.218 | Train Acc: 93.33  |  Val Loss: 0.688 | Val Acc: 78.00  |  Test Loss: 1.622 | Tes Acc: 56.33
INFO >> Epoch: 20  |  Layer: 13  |  Train Loss: 0.320 | Train Acc: 90.00  |  Val Loss: 0.725 | Val Acc: 75.67  |  Test Loss: 1.499 | Tes Acc: 57.00

INFO >> Epoch: 21  |  Layer:  1  |  Train Loss: 0.951 | Train Acc: 63.81  |  Val Loss: 1.484 | Val Acc: 52.33  |  Test Loss: 1.254 | Tes Acc: 54.00
INFO >> Epoch: 21  |  Layer:  2  |  Train Loss: 0.405 | Train Acc: 86.55  |  Val Loss: 1.232 | Val Acc: 61.00  |  Test Loss: 1.225 | Tes Acc: 57.67
INFO >> Epoch: 21  |  Layer:  3  |  Train Loss: 0.351 | Train Acc: 88.93  |  Val Loss: 1.052 | Val Acc: 65.33  |  Test Loss: 1.265 | Tes Acc: 56.33
INFO >> Epoch: 21  |  Layer:  4  |  Train Loss: 0.219 | Train Acc: 94.40  |  Val Loss: 1.024 | Val Acc: 67.33  |  Test Loss: 1.247 | Tes Acc: 60.00
INFO >> Epoch: 21  |  Layer:  5  |  Train Loss: 0.155 | Train Acc: 96.67  |  Val Loss: 0.988 | Val Acc: 70.00  |  Test Loss: 1.341 | Tes Acc: 59.67
INFO >> Epoch: 21  |  Layer:  6  |  Train Loss: 0.146 | Train Acc: 96.19  |  Val Loss: 0.885 | Val Acc: 73.33  |  Test Loss: 1.387 | Tes Acc: 62.00
INFO >> Epoch: 21  |  Layer:  7  |  Train Loss: 0.137 | Train Acc: 96.67  |  Val Loss: 0.834 | Val Acc: 75.33  |  Test Loss: 1.350 | Tes Acc: 62.33
INFO >> Epoch: 21  |  Layer:  8  |  Train Loss: 0.163 | Train Acc: 95.83  |  Val Loss: 0.965 | Val Acc: 70.33  |  Test Loss: 1.295 | Tes Acc: 65.00
INFO >> Epoch: 21  |  Layer:  9  |  Train Loss: 0.205 | Train Acc: 94.88  |  Val Loss: 1.016 | Val Acc: 71.33  |  Test Loss: 1.383 | Tes Acc: 62.00
INFO >> Epoch: 21  |  Layer: 10  |  Train Loss: 0.255 | Train Acc: 92.14  |  Val Loss: 1.016 | Val Acc: 70.00  |  Test Loss: 1.486 | Tes Acc: 59.67
INFO >> Epoch: 21  |  Layer: 11  |  Train Loss: 0.254 | Train Acc: 92.14  |  Val Loss: 0.939 | Val Acc: 70.67  |  Test Loss: 1.525 | Tes Acc: 58.67
INFO >> Epoch: 21  |  Layer: 12  |  Train Loss: 0.212 | Train Acc: 94.05  |  Val Loss: 0.729 | Val Acc: 74.00  |  Test Loss: 1.516 | Tes Acc: 57.00
INFO >> Epoch: 21  |  Layer: 13  |  Train Loss: 0.323 | Train Acc: 88.69  |  Val Loss: 0.761 | Val Acc: 72.00  |  Test Loss: 1.288 | Tes Acc: 59.00

INFO >> Epoch: 22  |  Layer:  1  |  Train Loss: 0.939 | Train Acc: 67.02  |  Val Loss: 1.442 | Val Acc: 54.33  |  Test Loss: 1.295 | Tes Acc: 51.67
INFO >> Epoch: 22  |  Layer:  2  |  Train Loss: 0.384 | Train Acc: 88.21  |  Val Loss: 1.214 | Val Acc: 62.33  |  Test Loss: 1.228 | Tes Acc: 58.33
INFO >> Epoch: 22  |  Layer:  3  |  Train Loss: 0.362 | Train Acc: 88.57  |  Val Loss: 1.105 | Val Acc: 64.33  |  Test Loss: 1.304 | Tes Acc: 54.33
INFO >> Epoch: 22  |  Layer:  4  |  Train Loss: 0.214 | Train Acc: 93.81  |  Val Loss: 1.054 | Val Acc: 63.00  |  Test Loss: 1.272 | Tes Acc: 58.33
INFO >> Epoch: 22  |  Layer:  5  |  Train Loss: 0.171 | Train Acc: 96.19  |  Val Loss: 0.989 | Val Acc: 71.67  |  Test Loss: 1.359 | Tes Acc: 59.67
INFO >> Epoch: 22  |  Layer:  6  |  Train Loss: 0.146 | Train Acc: 97.14  |  Val Loss: 1.025 | Val Acc: 70.00  |  Test Loss: 1.428 | Tes Acc: 58.33
INFO >> Epoch: 22  |  Layer:  7  |  Train Loss: 0.125 | Train Acc: 97.98  |  Val Loss: 0.893 | Val Acc: 73.33  |  Test Loss: 1.247 | Tes Acc: 61.33
INFO >> Epoch: 22  |  Layer:  8  |  Train Loss: 0.158 | Train Acc: 96.31  |  Val Loss: 0.983 | Val Acc: 68.67  |  Test Loss: 1.266 | Tes Acc: 64.33
INFO >> Epoch: 22  |  Layer:  9  |  Train Loss: 0.196 | Train Acc: 94.76  |  Val Loss: 1.025 | Val Acc: 70.33  |  Test Loss: 1.401 | Tes Acc: 61.67
INFO >> Epoch: 22  |  Layer: 10  |  Train Loss: 0.241 | Train Acc: 93.45  |  Val Loss: 1.036 | Val Acc: 65.33  |  Test Loss: 1.457 | Tes Acc: 59.00
INFO >> Epoch: 22  |  Layer: 11  |  Train Loss: 0.253 | Train Acc: 91.55  |  Val Loss: 0.962 | Val Acc: 71.00  |  Test Loss: 1.538 | Tes Acc: 55.00
INFO >> Epoch: 22  |  Layer: 12  |  Train Loss: 0.188 | Train Acc: 94.88  |  Val Loss: 0.744 | Val Acc: 76.33  |  Test Loss: 1.456 | Tes Acc: 56.00
INFO >> Epoch: 22  |  Layer: 13  |  Train Loss: 0.297 | Train Acc: 90.60  |  Val Loss: 0.778 | Val Acc: 73.33  |  Test Loss: 1.441 | Tes Acc: 58.33

INFO >> Epoch: 23  |  Layer:  1  |  Train Loss: 0.924 | Train Acc: 65.48  |  Val Loss: 1.729 | Val Acc: 42.00  |  Test Loss: 1.464 | Tes Acc: 48.33
INFO >> Epoch: 23  |  Layer:  2  |  Train Loss: 0.353 | Train Acc: 90.36  |  Val Loss: 1.632 | Val Acc: 53.00  |  Test Loss: 1.246 | Tes Acc: 58.00
INFO >> Epoch: 23  |  Layer:  3  |  Train Loss: 0.306 | Train Acc: 91.19  |  Val Loss: 1.420 | Val Acc: 55.33  |  Test Loss: 1.235 | Tes Acc: 59.67
INFO >> Epoch: 23  |  Layer:  4  |  Train Loss: 0.177 | Train Acc: 96.19  |  Val Loss: 1.400 | Val Acc: 60.33  |  Test Loss: 1.329 | Tes Acc: 60.00
INFO >> Epoch: 23  |  Layer:  5  |  Train Loss: 0.132 | Train Acc: 97.50  |  Val Loss: 1.283 | Val Acc: 63.33  |  Test Loss: 1.288 | Tes Acc: 61.00
INFO >> Epoch: 23  |  Layer:  6  |  Train Loss: 0.116 | Train Acc: 97.74  |  Val Loss: 1.380 | Val Acc: 58.00  |  Test Loss: 1.374 | Tes Acc: 61.00
INFO >> Epoch: 23  |  Layer:  7  |  Train Loss: 0.113 | Train Acc: 97.74  |  Val Loss: 1.206 | Val Acc: 64.67  |  Test Loss: 1.222 | Tes Acc: 64.67
INFO >> Epoch: 23  |  Layer:  8  |  Train Loss: 0.129 | Train Acc: 97.26  |  Val Loss: 1.268 | Val Acc: 63.67  |  Test Loss: 1.302 | Tes Acc: 64.00
INFO >> Epoch: 23  |  Layer:  9  |  Train Loss: 0.177 | Train Acc: 95.71  |  Val Loss: 1.232 | Val Acc: 64.33  |  Test Loss: 1.306 | Tes Acc: 62.67
INFO >> Epoch: 23  |  Layer: 10  |  Train Loss: 0.224 | Train Acc: 93.45  |  Val Loss: 1.212 | Val Acc: 61.00  |  Test Loss: 1.441 | Tes Acc: 60.67
INFO >> Epoch: 23  |  Layer: 11  |  Train Loss: 0.227 | Train Acc: 93.33  |  Val Loss: 1.076 | Val Acc: 63.67  |  Test Loss: 1.434 | Tes Acc: 60.33
INFO >> Epoch: 23  |  Layer: 12  |  Train Loss: 0.173 | Train Acc: 95.00  |  Val Loss: 0.859 | Val Acc: 71.67  |  Test Loss: 1.417 | Tes Acc: 59.33
INFO >> Epoch: 23  |  Layer: 13  |  Train Loss: 0.277 | Train Acc: 92.26  |  Val Loss: 0.861 | Val Acc: 70.67  |  Test Loss: 1.332 | Tes Acc: 60.33

INFO >> Epoch: 24  |  Layer:  1  |  Train Loss: 0.897 | Train Acc: 66.79  |  Val Loss: 1.355 | Val Acc: 56.00  |  Test Loss: 1.281 | Tes Acc: 51.33
INFO >> Epoch: 24  |  Layer:  2  |  Train Loss: 0.352 | Train Acc: 88.69  |  Val Loss: 1.242 | Val Acc: 62.33  |  Test Loss: 1.149 | Tes Acc: 58.00
INFO >> Epoch: 24  |  Layer:  3  |  Train Loss: 0.314 | Train Acc: 89.05  |  Val Loss: 1.238 | Val Acc: 62.33  |  Test Loss: 1.201 | Tes Acc: 62.00
INFO >> Epoch: 24  |  Layer:  4  |  Train Loss: 0.196 | Train Acc: 93.21  |  Val Loss: 1.120 | Val Acc: 67.33  |  Test Loss: 1.101 | Tes Acc: 63.00
INFO >> Epoch: 24  |  Layer:  5  |  Train Loss: 0.148 | Train Acc: 96.79  |  Val Loss: 1.050 | Val Acc: 68.67  |  Test Loss: 1.241 | Tes Acc: 64.00
INFO >> Epoch: 24  |  Layer:  6  |  Train Loss: 0.132 | Train Acc: 97.50  |  Val Loss: 1.070 | Val Acc: 67.67  |  Test Loss: 1.199 | Tes Acc: 62.67
INFO >> Epoch: 24  |  Layer:  7  |  Train Loss: 0.118 | Train Acc: 97.02  |  Val Loss: 0.962 | Val Acc: 69.33  |  Test Loss: 1.134 | Tes Acc: 65.67
INFO >> Epoch: 24  |  Layer:  8  |  Train Loss: 0.125 | Train Acc: 97.86  |  Val Loss: 1.037 | Val Acc: 69.33  |  Test Loss: 1.261 | Tes Acc: 68.00
INFO >> Epoch: 24  |  Layer:  9  |  Train Loss: 0.176 | Train Acc: 95.24  |  Val Loss: 1.104 | Val Acc: 67.67  |  Test Loss: 1.404 | Tes Acc: 63.67
INFO >> Epoch: 24  |  Layer: 10  |  Train Loss: 0.198 | Train Acc: 94.17  |  Val Loss: 1.088 | Val Acc: 66.67  |  Test Loss: 1.437 | Tes Acc: 61.33
INFO >> Epoch: 24  |  Layer: 11  |  Train Loss: 0.202 | Train Acc: 94.17  |  Val Loss: 1.099 | Val Acc: 66.33  |  Test Loss: 1.424 | Tes Acc: 60.00
INFO >> Epoch: 24  |  Layer: 12  |  Train Loss: 0.157 | Train Acc: 96.43  |  Val Loss: 0.840 | Val Acc: 72.67  |  Test Loss: 1.405 | Tes Acc: 59.67
INFO >> Epoch: 24  |  Layer: 13  |  Train Loss: 0.255 | Train Acc: 91.90  |  Val Loss: 0.905 | Val Acc: 72.00  |  Test Loss: 1.257 | Tes Acc: 60.67

INFO >> Epoch: 25  |  Layer:  1  |  Train Loss: 0.854 | Train Acc: 68.33  |  Val Loss: 1.349 | Val Acc: 57.33  |  Test Loss: 1.280 | Tes Acc: 53.33
INFO >> Epoch: 25  |  Layer:  2  |  Train Loss: 0.316 | Train Acc: 90.95  |  Val Loss: 1.338 | Val Acc: 60.33  |  Test Loss: 1.270 | Tes Acc: 57.33
INFO >> Epoch: 25  |  Layer:  3  |  Train Loss: 0.275 | Train Acc: 93.10  |  Val Loss: 1.186 | Val Acc: 64.67  |  Test Loss: 1.296 | Tes Acc: 56.33
INFO >> Epoch: 25  |  Layer:  4  |  Train Loss: 0.174 | Train Acc: 96.43  |  Val Loss: 1.205 | Val Acc: 63.00  |  Test Loss: 1.174 | Tes Acc: 59.33
INFO >> Epoch: 25  |  Layer:  5  |  Train Loss: 0.117 | Train Acc: 98.33  |  Val Loss: 1.012 | Val Acc: 69.33  |  Test Loss: 1.237 | Tes Acc: 62.33
INFO >> Epoch: 25  |  Layer:  6  |  Train Loss: 0.104 | Train Acc: 97.74  |  Val Loss: 1.008 | Val Acc: 68.67  |  Test Loss: 1.224 | Tes Acc: 62.67
INFO >> Epoch: 25  |  Layer:  7  |  Train Loss: 0.099 | Train Acc: 98.10  |  Val Loss: 0.896 | Val Acc: 73.00  |  Test Loss: 1.227 | Tes Acc: 63.67
INFO >> Epoch: 25  |  Layer:  8  |  Train Loss: 0.102 | Train Acc: 98.45  |  Val Loss: 1.012 | Val Acc: 69.33  |  Test Loss: 1.345 | Tes Acc: 65.67
INFO >> Epoch: 25  |  Layer:  9  |  Train Loss: 0.156 | Train Acc: 95.83  |  Val Loss: 1.048 | Val Acc: 70.00  |  Test Loss: 1.480 | Tes Acc: 60.67
INFO >> Epoch: 25  |  Layer: 10  |  Train Loss: 0.173 | Train Acc: 95.48  |  Val Loss: 1.027 | Val Acc: 67.67  |  Test Loss: 1.482 | Tes Acc: 59.00
INFO >> Epoch: 25  |  Layer: 11  |  Train Loss: 0.178 | Train Acc: 95.12  |  Val Loss: 0.980 | Val Acc: 73.67  |  Test Loss: 1.484 | Tes Acc: 57.67
INFO >> Epoch: 25  |  Layer: 12  |  Train Loss: 0.140 | Train Acc: 97.50  |  Val Loss: 0.757 | Val Acc: 74.00  |  Test Loss: 1.471 | Tes Acc: 59.00
INFO >> Epoch: 25  |  Layer: 13  |  Train Loss: 0.235 | Train Acc: 93.21  |  Val Loss: 0.858 | Val Acc: 70.33  |  Test Loss: 1.412 | Tes Acc: 58.67

INFO >> Epoch: 26  |  Layer:  1  |  Train Loss: 0.839 | Train Acc: 68.69  |  Val Loss: 1.631 | Val Acc: 49.67  |  Test Loss: 1.339 | Tes Acc: 52.67
INFO >> Epoch: 26  |  Layer:  2  |  Train Loss: 0.292 | Train Acc: 92.26  |  Val Loss: 1.326 | Val Acc: 61.67  |  Test Loss: 1.296 | Tes Acc: 54.33
INFO >> Epoch: 26  |  Layer:  3  |  Train Loss: 0.258 | Train Acc: 92.62  |  Val Loss: 1.151 | Val Acc: 65.00  |  Test Loss: 1.310 | Tes Acc: 54.33
INFO >> Epoch: 26  |  Layer:  4  |  Train Loss: 0.152 | Train Acc: 95.71  |  Val Loss: 1.180 | Val Acc: 66.67  |  Test Loss: 1.312 | Tes Acc: 60.67
INFO >> Epoch: 26  |  Layer:  5  |  Train Loss: 0.110 | Train Acc: 97.50  |  Val Loss: 1.054 | Val Acc: 70.00  |  Test Loss: 1.498 | Tes Acc: 56.67
INFO >> Epoch: 26  |  Layer:  6  |  Train Loss: 0.079 | Train Acc: 99.05  |  Val Loss: 1.025 | Val Acc: 68.67  |  Test Loss: 1.384 | Tes Acc: 58.33
INFO >> Epoch: 26  |  Layer:  7  |  Train Loss: 0.087 | Train Acc: 98.81  |  Val Loss: 0.928 | Val Acc: 71.67  |  Test Loss: 1.223 | Tes Acc: 63.67
INFO >> Epoch: 26  |  Layer:  8  |  Train Loss: 0.113 | Train Acc: 97.14  |  Val Loss: 0.932 | Val Acc: 73.00  |  Test Loss: 1.458 | Tes Acc: 63.67
INFO >> Epoch: 26  |  Layer:  9  |  Train Loss: 0.132 | Train Acc: 96.55  |  Val Loss: 1.031 | Val Acc: 70.67  |  Test Loss: 1.591 | Tes Acc: 58.33
INFO >> Epoch: 26  |  Layer: 10  |  Train Loss: 0.158 | Train Acc: 95.71  |  Val Loss: 1.014 | Val Acc: 68.00  |  Test Loss: 1.636 | Tes Acc: 57.00
INFO >> Epoch: 26  |  Layer: 11  |  Train Loss: 0.190 | Train Acc: 93.93  |  Val Loss: 0.984 | Val Acc: 72.00  |  Test Loss: 1.523 | Tes Acc: 54.33
INFO >> Epoch: 26  |  Layer: 12  |  Train Loss: 0.127 | Train Acc: 97.50  |  Val Loss: 0.808 | Val Acc: 75.67  |  Test Loss: 1.573 | Tes Acc: 56.33
INFO >> Epoch: 26  |  Layer: 13  |  Train Loss: 0.232 | Train Acc: 92.50  |  Val Loss: 0.810 | Val Acc: 73.33  |  Test Loss: 1.399 | Tes Acc: 58.33

INFO >> Epoch: 27  |  Layer:  1  |  Train Loss: 0.840 | Train Acc: 68.69  |  Val Loss: 1.542 | Val Acc: 54.67  |  Test Loss: 1.389 | Tes Acc: 50.33
INFO >> Epoch: 27  |  Layer:  2  |  Train Loss: 0.275 | Train Acc: 92.38  |  Val Loss: 1.341 | Val Acc: 61.33  |  Test Loss: 1.419 | Tes Acc: 51.33
INFO >> Epoch: 27  |  Layer:  3  |  Train Loss: 0.245 | Train Acc: 92.26  |  Val Loss: 1.337 | Val Acc: 62.67  |  Test Loss: 1.382 | Tes Acc: 55.00
INFO >> Epoch: 27  |  Layer:  4  |  Train Loss: 0.143 | Train Acc: 96.90  |  Val Loss: 1.193 | Val Acc: 65.33  |  Test Loss: 1.278 | Tes Acc: 59.33
INFO >> Epoch: 27  |  Layer:  5  |  Train Loss: 0.094 | Train Acc: 98.69  |  Val Loss: 1.136 | Val Acc: 70.00  |  Test Loss: 1.469 | Tes Acc: 60.00
INFO >> Epoch: 27  |  Layer:  6  |  Train Loss: 0.080 | Train Acc: 99.05  |  Val Loss: 1.142 | Val Acc: 67.33  |  Test Loss: 1.493 | Tes Acc: 58.00
INFO >> Epoch: 27  |  Layer:  7  |  Train Loss: 0.077 | Train Acc: 98.93  |  Val Loss: 1.058 | Val Acc: 68.00  |  Test Loss: 1.411 | Tes Acc: 61.33
INFO >> Epoch: 27  |  Layer:  8  |  Train Loss: 0.095 | Train Acc: 98.21  |  Val Loss: 1.088 | Val Acc: 68.67  |  Test Loss: 1.500 | Tes Acc: 61.33
INFO >> Epoch: 27  |  Layer:  9  |  Train Loss: 0.113 | Train Acc: 97.74  |  Val Loss: 1.108 | Val Acc: 68.33  |  Test Loss: 1.652 | Tes Acc: 60.00
INFO >> Epoch: 27  |  Layer: 10  |  Train Loss: 0.135 | Train Acc: 97.02  |  Val Loss: 1.088 | Val Acc: 67.67  |  Test Loss: 1.739 | Tes Acc: 56.67
INFO >> Epoch: 27  |  Layer: 11  |  Train Loss: 0.156 | Train Acc: 96.55  |  Val Loss: 1.054 | Val Acc: 69.00  |  Test Loss: 1.674 | Tes Acc: 54.00
INFO >> Epoch: 27  |  Layer: 12  |  Train Loss: 0.133 | Train Acc: 97.26  |  Val Loss: 0.824 | Val Acc: 74.33  |  Test Loss: 1.719 | Tes Acc: 57.00
INFO >> Epoch: 27  |  Layer: 13  |  Train Loss: 0.201 | Train Acc: 94.52  |  Val Loss: 0.969 | Val Acc: 70.33  |  Test Loss: 1.598 | Tes Acc: 56.67

INFO >> Epoch: 28  |  Layer:  1  |  Train Loss: 0.804 | Train Acc: 70.60  |  Val Loss: 1.423 | Val Acc: 55.00  |  Test Loss: 1.357 | Tes Acc: 51.33
INFO >> Epoch: 28  |  Layer:  2  |  Train Loss: 0.244 | Train Acc: 93.21  |  Val Loss: 1.423 | Val Acc: 61.67  |  Test Loss: 1.290 | Tes Acc: 58.67
INFO >> Epoch: 28  |  Layer:  3  |  Train Loss: 0.221 | Train Acc: 94.29  |  Val Loss: 1.275 | Val Acc: 64.67  |  Test Loss: 1.225 | Tes Acc: 61.67
INFO >> Epoch: 28  |  Layer:  4  |  Train Loss: 0.121 | Train Acc: 97.98  |  Val Loss: 1.256 | Val Acc: 66.33  |  Test Loss: 1.251 | Tes Acc: 62.00
INFO >> Epoch: 28  |  Layer:  5  |  Train Loss: 0.082 | Train Acc: 99.29  |  Val Loss: 1.140 | Val Acc: 68.00  |  Test Loss: 1.398 | Tes Acc: 61.33
INFO >> Epoch: 28  |  Layer:  6  |  Train Loss: 0.073 | Train Acc: 98.93  |  Val Loss: 1.046 | Val Acc: 71.67  |  Test Loss: 1.358 | Tes Acc: 63.33
INFO >> Epoch: 28  |  Layer:  7  |  Train Loss: 0.072 | Train Acc: 98.69  |  Val Loss: 0.987 | Val Acc: 72.67  |  Test Loss: 1.309 | Tes Acc: 64.67
INFO >> Epoch: 28  |  Layer:  8  |  Train Loss: 0.087 | Train Acc: 98.57  |  Val Loss: 1.074 | Val Acc: 71.00  |  Test Loss: 1.450 | Tes Acc: 66.33
INFO >> Epoch: 28  |  Layer:  9  |  Train Loss: 0.110 | Train Acc: 98.21  |  Val Loss: 1.128 | Val Acc: 69.67  |  Test Loss: 1.568 | Tes Acc: 62.67
INFO >> Epoch: 28  |  Layer: 10  |  Train Loss: 0.132 | Train Acc: 97.50  |  Val Loss: 1.124 | Val Acc: 67.00  |  Test Loss: 1.631 | Tes Acc: 60.67
INFO >> Epoch: 28  |  Layer: 11  |  Train Loss: 0.150 | Train Acc: 97.02  |  Val Loss: 1.028 | Val Acc: 70.67  |  Test Loss: 1.579 | Tes Acc: 58.33
INFO >> Epoch: 28  |  Layer: 12  |  Train Loss: 0.111 | Train Acc: 97.98  |  Val Loss: 0.858 | Val Acc: 75.33  |  Test Loss: 1.651 | Tes Acc: 56.00
INFO >> Epoch: 28  |  Layer: 13  |  Train Loss: 0.188 | Train Acc: 94.88  |  Val Loss: 0.882 | Val Acc: 71.33  |  Test Loss: 1.498 | Tes Acc: 56.00

INFO >> Epoch: 29  |  Layer:  1  |  Train Loss: 0.764 | Train Acc: 72.02  |  Val Loss: 1.607 | Val Acc: 50.33  |  Test Loss: 1.395 | Tes Acc: 53.67
INFO >> Epoch: 29  |  Layer:  2  |  Train Loss: 0.228 | Train Acc: 94.17  |  Val Loss: 1.506 | Val Acc: 58.67  |  Test Loss: 1.399 | Tes Acc: 55.67
INFO >> Epoch: 29  |  Layer:  3  |  Train Loss: 0.223 | Train Acc: 93.93  |  Val Loss: 1.324 | Val Acc: 60.00  |  Test Loss: 1.475 | Tes Acc: 52.67
INFO >> Epoch: 29  |  Layer:  4  |  Train Loss: 0.111 | Train Acc: 97.98  |  Val Loss: 1.259 | Val Acc: 64.67  |  Test Loss: 1.444 | Tes Acc: 60.67
INFO >> Epoch: 29  |  Layer:  5  |  Train Loss: 0.073 | Train Acc: 99.40  |  Val Loss: 1.203 | Val Acc: 69.00  |  Test Loss: 1.586 | Tes Acc: 62.00
INFO >> Epoch: 29  |  Layer:  6  |  Train Loss: 0.069 | Train Acc: 99.05  |  Val Loss: 1.220 | Val Acc: 68.33  |  Test Loss: 1.549 | Tes Acc: 59.67
INFO >> Epoch: 29  |  Layer:  7  |  Train Loss: 0.062 | Train Acc: 99.40  |  Val Loss: 1.013 | Val Acc: 72.00  |  Test Loss: 1.417 | Tes Acc: 62.00
INFO >> Epoch: 29  |  Layer:  8  |  Train Loss: 0.088 | Train Acc: 98.33  |  Val Loss: 1.218 | Val Acc: 67.67  |  Test Loss: 1.527 | Tes Acc: 64.00
INFO >> Epoch: 29  |  Layer:  9  |  Train Loss: 0.105 | Train Acc: 98.21  |  Val Loss: 1.232 | Val Acc: 67.33  |  Test Loss: 1.649 | Tes Acc: 61.33
INFO >> Epoch: 29  |  Layer: 10  |  Train Loss: 0.137 | Train Acc: 96.31  |  Val Loss: 1.200 | Val Acc: 66.00  |  Test Loss: 1.721 | Tes Acc: 58.33
INFO >> Epoch: 29  |  Layer: 11  |  Train Loss: 0.175 | Train Acc: 95.00  |  Val Loss: 1.083 | Val Acc: 69.33  |  Test Loss: 1.621 | Tes Acc: 59.67
INFO >> Epoch: 29  |  Layer: 12  |  Train Loss: 0.106 | Train Acc: 98.10  |  Val Loss: 0.788 | Val Acc: 75.67  |  Test Loss: 1.778 | Tes Acc: 59.67
INFO >> Epoch: 29  |  Layer: 13  |  Train Loss: 0.201 | Train Acc: 92.98  |  Val Loss: 0.811 | Val Acc: 74.33  |  Test Loss: 1.667 | Tes Acc: 58.67

INFO >> Epoch: 30  |  Layer:  1  |  Train Loss: 0.758 | Train Acc: 72.02  |  Val Loss: 1.632 | Val Acc: 52.67  |  Test Loss: 1.402 | Tes Acc: 51.00
INFO >> Epoch: 30  |  Layer:  2  |  Train Loss: 0.251 | Train Acc: 92.26  |  Val Loss: 2.194 | Val Acc: 50.00  |  Test Loss: 1.553 | Tes Acc: 57.00
INFO >> Epoch: 30  |  Layer:  3  |  Train Loss: 0.243 | Train Acc: 91.19  |  Val Loss: 1.723 | Val Acc: 56.00  |  Test Loss: 1.384 | Tes Acc: 61.67
INFO >> Epoch: 30  |  Layer:  4  |  Train Loss: 0.118 | Train Acc: 97.98  |  Val Loss: 1.800 | Val Acc: 60.33  |  Test Loss: 1.423 | Tes Acc: 61.00
INFO >> Epoch: 30  |  Layer:  5  |  Train Loss: 0.069 | Train Acc: 98.93  |  Val Loss: 1.471 | Val Acc: 62.67  |  Test Loss: 1.414 | Tes Acc: 62.00
INFO >> Epoch: 30  |  Layer:  6  |  Train Loss: 0.055 | Train Acc: 99.40  |  Val Loss: 1.273 | Val Acc: 65.67  |  Test Loss: 1.297 | Tes Acc: 65.00
INFO >> Epoch: 30  |  Layer:  7  |  Train Loss: 0.046 | Train Acc: 99.64  |  Val Loss: 1.136 | Val Acc: 68.33  |  Test Loss: 1.186 | Tes Acc: 68.33
INFO >> Epoch: 30  |  Layer:  8  |  Train Loss: 0.071 | Train Acc: 99.40  |  Val Loss: 1.318 | Val Acc: 65.00  |  Test Loss: 1.294 | Tes Acc: 70.33
INFO >> Epoch: 30  |  Layer:  9  |  Train Loss: 0.101 | Train Acc: 98.21  |  Val Loss: 1.285 | Val Acc: 65.33  |  Test Loss: 1.557 | Tes Acc: 62.67
INFO >> Epoch: 30  |  Layer: 10  |  Train Loss: 0.117 | Train Acc: 97.74  |  Val Loss: 1.263 | Val Acc: 63.67  |  Test Loss: 1.564 | Tes Acc: 62.33
INFO >> Epoch: 30  |  Layer: 11  |  Train Loss: 0.129 | Train Acc: 97.50  |  Val Loss: 1.092 | Val Acc: 66.33  |  Test Loss: 1.453 | Tes Acc: 61.00
INFO >> Epoch: 30  |  Layer: 12  |  Train Loss: 0.099 | Train Acc: 97.50  |  Val Loss: 0.959 | Val Acc: 72.00  |  Test Loss: 1.636 | Tes Acc: 63.00
INFO >> Epoch: 30  |  Layer: 13  |  Train Loss: 0.162 | Train Acc: 95.60  |  Val Loss: 0.896 | Val Acc: 70.00  |  Test Loss: 1.505 | Tes Acc: 62.67



INFO >> Time Taken: 08:00

INFO >> Layer: 1  |  Best Val Acc: 57.33  |  Best Test Acc: 53.33
INFO >> Layer: 2  |  Best Val Acc: 66.00  |  Best Test Acc: 53.33
INFO >> Layer: 3  |  Best Val Acc: 67.33  |  Best Test Acc: 49.33
INFO >> Layer: 4  |  Best Val Acc: 70.67  |  Best Test Acc: 57.67
INFO >> Layer: 5  |  Best Val Acc: 72.33  |  Best Test Acc: 59.33
INFO >> Layer: 6  |  Best Val Acc: 73.67  |  Best Test Acc: 59.00
INFO >> Layer: 7  |  Best Val Acc: 75.33  |  Best Test Acc: 62.33
INFO >> Layer: 8  |  Best Val Acc: 73.00  |  Best Test Acc: 63.67
INFO >> Layer: 9  |  Best Val Acc: 71.33  |  Best Test Acc: 62.00
INFO >> Layer: 10  |  Best Val Acc: 71.00  |  Best Test Acc: 59.67
INFO >> Layer: 11  |  Best Val Acc: 73.67  |  Best Test Acc: 57.67
INFO >> Layer: 12  |  Best Val Acc: 78.00  |  Best Test Acc: 56.33
INFO >> Layer: 13  |  Best Val Acc: 75.67  |  Best Test Acc: 57.00

DEBUG >> Last state saved

INFO >> History saved (./history/v1.4/RAVDESS/HUBERT_BASE_PROBING_DENSE/Run2/history.pt)
