
--------------------------------------------------
Multilingual SER System v1.5
--------------------------------------------------
Run Name      : Run4
Fx Model      : WAV2VEC2_ASR_LARGE_960H
Clf Model     : DENSE
Extract Mode  : gpu_memory
Dataset       : EmoDB
Device        : gpu
Epochs        : 30
Num Workers   : 3
Data Dir      : ./data
History Dir   : ./history
Weights Dir   : ./weights
Log Level     : debug
Purge Cache   : False
Job Name      : Job187
Job Id        : 31168508
GPU           : NVIDIA A100-SXM4-80GB
GPU Count     : 1
GPU Memory    : 79.2 GB

Timestamp : 2023-03-20 03:01:15.614516

INFO >> Running on CUDA


INFO >> Training Classifier

INFO >> Epoch: 1  |  Train Loss: 1.922 | Train Acc: 19.77  |  Val Loss: 1.875 | Val Acc: 24.30  |  Test Loss: 1.796 | Tes Acc: 30.95
DEBUG >> Best state saved | Val Acc 24.29906576871872 | Test Acc 30.95238208770752

INFO >> Epoch: 2  |  Train Loss: 1.792 | Train Acc: 30.52  |  Val Loss: 1.684 | Val Acc: 37.38  |  Test Loss: 1.601 | Tes Acc: 36.90
DEBUG >> Best state saved | Val Acc 37.38317787647247 | Test Acc 36.9047611951828

INFO >> Epoch: 3  |  Train Loss: 1.479 | Train Acc: 39.83  |  Val Loss: 1.300 | Val Acc: 46.73  |  Test Loss: 1.235 | Tes Acc: 52.38
DEBUG >> Best state saved | Val Acc 46.72897160053253 | Test Acc 52.3809552192688

INFO >> Epoch: 4  |  Train Loss: 1.147 | Train Acc: 52.33  |  Val Loss: 1.029 | Val Acc: 65.42  |  Test Loss: 1.046 | Tes Acc: 75.00
DEBUG >> Best state saved | Val Acc 65.42056202888489 | Test Acc 75.0

INFO >> Epoch: 5  |  Train Loss: 0.912 | Train Acc: 65.41  |  Val Loss: 0.940 | Val Acc: 57.94  |  Test Loss: 0.943 | Tes Acc: 54.76
INFO >> Epoch: 6  |  Train Loss: 0.773 | Train Acc: 67.44  |  Val Loss: 0.744 | Val Acc: 76.64  |  Test Loss: 0.814 | Tes Acc: 75.00
DEBUG >> Best state saved | Val Acc 76.63551568984985 | Test Acc 75.0

INFO >> Epoch: 7  |  Train Loss: 0.644 | Train Acc: 79.07  |  Val Loss: 0.737 | Val Acc: 61.68  |  Test Loss: 0.737 | Tes Acc: 67.86
INFO >> Epoch: 8  |  Train Loss: 0.465 | Train Acc: 86.92  |  Val Loss: 0.537 | Val Acc: 79.44  |  Test Loss: 0.598 | Tes Acc: 80.95
DEBUG >> Best state saved | Val Acc 79.43925261497498 | Test Acc 80.95238208770752

INFO >> Epoch: 9  |  Train Loss: 0.376 | Train Acc: 88.66  |  Val Loss: 0.444 | Val Acc: 82.24  |  Test Loss: 0.527 | Tes Acc: 85.71
DEBUG >> Best state saved | Val Acc 82.2429895401001 | Test Acc 85.71428656578064

INFO >> Epoch: 10  |  Train Loss: 0.281 | Train Acc: 91.28  |  Val Loss: 0.378 | Val Acc: 85.98  |  Test Loss: 0.369 | Tes Acc: 91.67
DEBUG >> Best state saved | Val Acc 85.98130941390991 | Test Acc 91.66666865348816

INFO >> Epoch: 11  |  Train Loss: 0.221 | Train Acc: 93.90  |  Val Loss: 0.460 | Val Acc: 79.44  |  Test Loss: 0.398 | Tes Acc: 89.29
INFO >> Epoch: 12  |  Train Loss: 0.169 | Train Acc: 94.48  |  Val Loss: 0.371 | Val Acc: 84.11  |  Test Loss: 0.378 | Tes Acc: 90.48
INFO >> Epoch: 13  |  Train Loss: 0.150 | Train Acc: 96.22  |  Val Loss: 0.350 | Val Acc: 85.98  |  Test Loss: 0.281 | Tes Acc: 91.67
INFO >> Epoch: 14  |  Train Loss: 0.103 | Train Acc: 97.38  |  Val Loss: 0.305 | Val Acc: 88.79  |  Test Loss: 0.254 | Tes Acc: 92.86
DEBUG >> Best state saved | Val Acc 88.78504633903503 | Test Acc 92.85714030265808

INFO >> Epoch: 15  |  Train Loss: 0.094 | Train Acc: 98.26  |  Val Loss: 0.331 | Val Acc: 86.92  |  Test Loss: 0.274 | Tes Acc: 89.29
INFO >> Epoch: 16  |  Train Loss: 0.065 | Train Acc: 99.13  |  Val Loss: 0.348 | Val Acc: 85.98  |  Test Loss: 0.305 | Tes Acc: 90.48
INFO >> Epoch: 17  |  Train Loss: 0.067 | Train Acc: 98.84  |  Val Loss: 0.314 | Val Acc: 86.92  |  Test Loss: 0.220 | Tes Acc: 90.48
INFO >> Epoch: 18  |  Train Loss: 0.068 | Train Acc: 98.55  |  Val Loss: 0.343 | Val Acc: 85.98  |  Test Loss: 0.331 | Tes Acc: 88.10
INFO >> Epoch: 19  |  Train Loss: 0.050 | Train Acc: 99.13  |  Val Loss: 0.359 | Val Acc: 87.85  |  Test Loss: 0.328 | Tes Acc: 88.10
INFO >> Epoch: 20  |  Train Loss: 0.027 | Train Acc: 100.00  |  Val Loss: 0.310 | Val Acc: 88.79  |  Test Loss: 0.211 | Tes Acc: 91.67
INFO >> Epoch: 21  |  Train Loss: 0.023 | Train Acc: 100.00  |  Val Loss: 0.309 | Val Acc: 89.72  |  Test Loss: 0.238 | Tes Acc: 95.24
DEBUG >> Best state saved | Val Acc 89.71962332725525 | Test Acc 95.23809552192688

INFO >> Epoch: 22  |  Train Loss: 0.028 | Train Acc: 99.42  |  Val Loss: 0.402 | Val Acc: 80.37  |  Test Loss: 0.158 | Tes Acc: 94.05
INFO >> Epoch: 23  |  Train Loss: 0.033 | Train Acc: 99.13  |  Val Loss: 0.646 | Val Acc: 76.64  |  Test Loss: 0.226 | Tes Acc: 90.48
INFO >> Epoch: 24  |  Train Loss: 0.047 | Train Acc: 98.26  |  Val Loss: 0.317 | Val Acc: 85.05  |  Test Loss: 0.151 | Tes Acc: 94.05
INFO >> Epoch: 25  |  Train Loss: 0.063 | Train Acc: 97.38  |  Val Loss: 0.321 | Val Acc: 85.98  |  Test Loss: 0.090 | Tes Acc: 97.62
INFO >> Epoch: 26  |  Train Loss: 0.020 | Train Acc: 100.00  |  Val Loss: 0.289 | Val Acc: 88.79  |  Test Loss: 0.268 | Tes Acc: 86.90
INFO >> Epoch: 27  |  Train Loss: 0.014 | Train Acc: 100.00  |  Val Loss: 0.241 | Val Acc: 91.59  |  Test Loss: 0.168 | Tes Acc: 95.24
DEBUG >> Best state saved | Val Acc 91.58878326416016 | Test Acc 95.23809552192688

INFO >> Epoch: 28  |  Train Loss: 0.009 | Train Acc: 100.00  |  Val Loss: 0.266 | Val Acc: 90.65  |  Test Loss: 0.131 | Tes Acc: 95.24
INFO >> Epoch: 29  |  Train Loss: 0.007 | Train Acc: 100.00  |  Val Loss: 0.267 | Val Acc: 91.59  |  Test Loss: 0.140 | Tes Acc: 94.05
INFO >> Epoch: 30  |  Train Loss: 0.005 | Train Acc: 100.00  |  Val Loss: 0.267 | Val Acc: 91.59  |  Test Loss: 0.171 | Tes Acc: 92.86


INFO >> Time Taken: 05:20

INFO >> Best Val Acc : 91.58878326416016 | Best Test Acc : 95.23809552192688

INFO >> Agg. Weights : 
-0.09327199310064316 0.18377871811389923 -0.00045380013762041926 0.31846654415130615 0.27453234791755676 0.1507263481616974 0.217130646109581 0.36984342336654663 -0.010237361304461956 0.08439271152019501 0.12125484645366669 -0.10686617344617844 -0.12209659814834595 -0.2045203000307083 -0.1797674298286438 -0.07586139440536499 -0.0328785739839077 0.12143529206514359 0.2288108766078949 -0.13692592084407806 -0.19167548418045044 -0.022112863138318062 0.07580342143774033 -0.13616932928562164

DEBUG >> Last state saved | Val Acc 91.58878326416016 | Test Acc 92.85714030265808

INFO >> History saved (./history/v1.5/EmoDB/FX_WAV2VEC2_ASR_LARGE_960H_CLF_DENSE/Run4/history.pt)
