
--------------------------------------------------
Multilingual SER System v1.4
--------------------------------------------------
Run Name      : Run5
Fx Model      : HUBERT_LARGE
Clf Model     : PROBING
Extract Mode  : gpu_memory
Dataset       : IEMOCAP
Device        : gpu
Epochs        : 30
Num Workers   : 3
Data Dir      : ./data
History Dir   : ./history
Weights Dir   : ./weights
Log Level     : debug
Purge Cache   : False
Job Name      : Job410
Job Id        : 30922401
GPU           : Quadro RTX 8000
GPU Count     : 1
GPU Memory    : 44.49 GB

Timestamp : 2023-03-11 23:59:11.000145

INFO >> Running on CUDA


INFO >> Training Classifier

INFO >> Epoch: 1  |  Layer:  1  |  Train Loss: 1.277 | Train Acc: 39.26  |  Val Loss: 1.198 | Val Acc: 39.56  |  Test Loss: 1.189 | Tes Acc: 44.83
INFO >> Epoch: 1  |  Layer:  2  |  Train Loss: 1.246 | Train Acc: 40.96  |  Val Loss: 1.130 | Val Acc: 44.28  |  Test Loss: 1.171 | Tes Acc: 42.16
INFO >> Epoch: 1  |  Layer:  3  |  Train Loss: 1.208 | Train Acc: 46.67  |  Val Loss: 1.073 | Val Acc: 48.49  |  Test Loss: 1.074 | Tes Acc: 52.76
INFO >> Epoch: 1  |  Layer:  4  |  Train Loss: 1.216 | Train Acc: 47.20  |  Val Loss: 1.045 | Val Acc: 48.80  |  Test Loss: 1.105 | Tes Acc: 50.98
INFO >> Epoch: 1  |  Layer:  5  |  Train Loss: 1.244 | Train Acc: 47.11  |  Val Loss: 1.067 | Val Acc: 48.90  |  Test Loss: 1.053 | Tes Acc: 53.92
INFO >> Epoch: 1  |  Layer:  6  |  Train Loss: 1.259 | Train Acc: 46.35  |  Val Loss: 1.052 | Val Acc: 49.00  |  Test Loss: 1.031 | Tes Acc: 54.81
INFO >> Epoch: 1  |  Layer:  7  |  Train Loss: 1.233 | Train Acc: 45.33  |  Val Loss: 1.036 | Val Acc: 50.90  |  Test Loss: 1.017 | Tes Acc: 56.06
INFO >> Epoch: 1  |  Layer:  8  |  Train Loss: 1.204 | Train Acc: 46.35  |  Val Loss: 1.079 | Val Acc: 51.51  |  Test Loss: 1.252 | Tes Acc: 44.83
INFO >> Epoch: 1  |  Layer:  9  |  Train Loss: 1.193 | Train Acc: 46.88  |  Val Loss: 1.005 | Val Acc: 52.81  |  Test Loss: 1.117 | Tes Acc: 51.25
INFO >> Epoch: 1  |  Layer: 10  |  Train Loss: 1.169 | Train Acc: 47.06  |  Val Loss: 1.006 | Val Acc: 53.41  |  Test Loss: 1.039 | Tes Acc: 54.55
INFO >> Epoch: 1  |  Layer: 11  |  Train Loss: 1.121 | Train Acc: 50.63  |  Val Loss: 0.922 | Val Acc: 59.54  |  Test Loss: 0.956 | Tes Acc: 60.16
INFO >> Epoch: 1  |  Layer: 12  |  Train Loss: 1.171 | Train Acc: 48.64  |  Val Loss: 0.992 | Val Acc: 56.43  |  Test Loss: 0.965 | Tes Acc: 57.13
INFO >> Epoch: 1  |  Layer: 13  |  Train Loss: 1.164 | Train Acc: 48.26  |  Val Loss: 0.918 | Val Acc: 60.44  |  Test Loss: 1.030 | Tes Acc: 58.56
INFO >> Epoch: 1  |  Layer: 14  |  Train Loss: 1.262 | Train Acc: 45.44  |  Val Loss: 1.018 | Val Acc: 56.73  |  Test Loss: 1.113 | Tes Acc: 52.58
INFO >> Epoch: 1  |  Layer: 15  |  Train Loss: 1.345 | Train Acc: 42.75  |  Val Loss: 1.084 | Val Acc: 52.81  |  Test Loss: 1.089 | Tes Acc: 53.03
INFO >> Epoch: 1  |  Layer: 16  |  Train Loss: 1.305 | Train Acc: 43.10  |  Val Loss: 1.022 | Val Acc: 54.62  |  Test Loss: 1.099 | Tes Acc: 54.01
INFO >> Epoch: 1  |  Layer: 17  |  Train Loss: 1.299 | Train Acc: 43.39  |  Val Loss: 1.052 | Val Acc: 53.61  |  Test Loss: 1.113 | Tes Acc: 54.63
INFO >> Epoch: 1  |  Layer: 18  |  Train Loss: 1.545 | Train Acc: 41.69  |  Val Loss: 1.033 | Val Acc: 51.31  |  Test Loss: 1.072 | Tes Acc: 52.32
INFO >> Epoch: 1  |  Layer: 19  |  Train Loss: 1.598 | Train Acc: 41.52  |  Val Loss: 1.010 | Val Acc: 55.32  |  Test Loss: 1.065 | Tes Acc: 56.33
INFO >> Epoch: 1  |  Layer: 20  |  Train Loss: 1.550 | Train Acc: 40.40  |  Val Loss: 1.064 | Val Acc: 50.30  |  Test Loss: 1.038 | Tes Acc: 55.17
INFO >> Epoch: 1  |  Layer: 21  |  Train Loss: 1.719 | Train Acc: 40.67  |  Val Loss: 1.027 | Val Acc: 55.32  |  Test Loss: 1.041 | Tes Acc: 54.81
INFO >> Epoch: 1  |  Layer: 22  |  Train Loss: 1.852 | Train Acc: 40.67  |  Val Loss: 1.168 | Val Acc: 52.61  |  Test Loss: 1.380 | Tes Acc: 47.06
INFO >> Epoch: 1  |  Layer: 23  |  Train Loss: 2.227 | Train Acc: 37.30  |  Val Loss: 1.137 | Val Acc: 46.99  |  Test Loss: 1.207 | Tes Acc: 47.95
INFO >> Epoch: 1  |  Layer: 24  |  Train Loss: 2.916 | Train Acc: 40.70  |  Val Loss: 1.464 | Val Acc: 47.29  |  Test Loss: 1.755 | Tes Acc: 45.72
INFO >> Epoch: 1  |  Layer: 25  |  Train Loss: 5.036 | Train Acc: 37.45  |  Val Loss: 1.193 | Val Acc: 54.42  |  Test Loss: 1.222 | Tes Acc: 56.51

INFO >> Epoch: 2  |  Layer:  1  |  Train Loss: 1.215 | Train Acc: 43.54  |  Val Loss: 1.182 | Val Acc: 41.16  |  Test Loss: 1.312 | Tes Acc: 37.08
INFO >> Epoch: 2  |  Layer:  2  |  Train Loss: 1.170 | Train Acc: 46.79  |  Val Loss: 1.115 | Val Acc: 44.98  |  Test Loss: 1.272 | Tes Acc: 37.08
INFO >> Epoch: 2  |  Layer:  3  |  Train Loss: 1.095 | Train Acc: 51.51  |  Val Loss: 1.021 | Val Acc: 55.72  |  Test Loss: 1.150 | Tes Acc: 51.96
INFO >> Epoch: 2  |  Layer:  4  |  Train Loss: 1.086 | Train Acc: 53.88  |  Val Loss: 1.006 | Val Acc: 53.01  |  Test Loss: 1.197 | Tes Acc: 50.00
INFO >> Epoch: 2  |  Layer:  5  |  Train Loss: 1.094 | Train Acc: 52.77  |  Val Loss: 1.059 | Val Acc: 51.71  |  Test Loss: 1.333 | Tes Acc: 45.54
INFO >> Epoch: 2  |  Layer:  6  |  Train Loss: 1.075 | Train Acc: 53.56  |  Val Loss: 1.037 | Val Acc: 49.10  |  Test Loss: 1.184 | Tes Acc: 43.14
INFO >> Epoch: 2  |  Layer:  7  |  Train Loss: 1.070 | Train Acc: 53.62  |  Val Loss: 1.076 | Val Acc: 50.50  |  Test Loss: 1.186 | Tes Acc: 46.26
INFO >> Epoch: 2  |  Layer:  8  |  Train Loss: 1.060 | Train Acc: 54.32  |  Val Loss: 1.017 | Val Acc: 52.81  |  Test Loss: 1.096 | Tes Acc: 52.14
INFO >> Epoch: 2  |  Layer:  9  |  Train Loss: 1.035 | Train Acc: 54.82  |  Val Loss: 0.953 | Val Acc: 58.03  |  Test Loss: 1.040 | Tes Acc: 56.77
INFO >> Epoch: 2  |  Layer: 10  |  Train Loss: 1.025 | Train Acc: 55.58  |  Val Loss: 0.999 | Val Acc: 53.92  |  Test Loss: 1.096 | Tes Acc: 53.12
INFO >> Epoch: 2  |  Layer: 11  |  Train Loss: 0.972 | Train Acc: 58.92  |  Val Loss: 0.938 | Val Acc: 57.93  |  Test Loss: 0.923 | Tes Acc: 63.01
INFO >> Epoch: 2  |  Layer: 12  |  Train Loss: 0.998 | Train Acc: 56.72  |  Val Loss: 0.956 | Val Acc: 57.93  |  Test Loss: 0.986 | Tes Acc: 57.40
INFO >> Epoch: 2  |  Layer: 13  |  Train Loss: 0.984 | Train Acc: 59.27  |  Val Loss: 0.944 | Val Acc: 58.03  |  Test Loss: 0.970 | Tes Acc: 60.16
INFO >> Epoch: 2  |  Layer: 14  |  Train Loss: 1.069 | Train Acc: 54.64  |  Val Loss: 1.041 | Val Acc: 52.71  |  Test Loss: 0.983 | Tes Acc: 57.58
INFO >> Epoch: 2  |  Layer: 15  |  Train Loss: 1.055 | Train Acc: 55.17  |  Val Loss: 0.900 | Val Acc: 61.35  |  Test Loss: 1.056 | Tes Acc: 56.95
INFO >> Epoch: 2  |  Layer: 16  |  Train Loss: 1.116 | Train Acc: 52.92  |  Val Loss: 1.137 | Val Acc: 47.69  |  Test Loss: 1.054 | Tes Acc: 52.14
INFO >> Epoch: 2  |  Layer: 17  |  Train Loss: 1.131 | Train Acc: 52.07  |  Val Loss: 0.965 | Val Acc: 59.74  |  Test Loss: 1.041 | Tes Acc: 56.06
INFO >> Epoch: 2  |  Layer: 18  |  Train Loss: 1.198 | Train Acc: 49.34  |  Val Loss: 1.048 | Val Acc: 49.40  |  Test Loss: 1.033 | Tes Acc: 53.83
INFO >> Epoch: 2  |  Layer: 19  |  Train Loss: 1.103 | Train Acc: 54.23  |  Val Loss: 0.967 | Val Acc: 55.22  |  Test Loss: 0.965 | Tes Acc: 59.00
INFO >> Epoch: 2  |  Layer: 20  |  Train Loss: 1.071 | Train Acc: 54.47  |  Val Loss: 0.910 | Val Acc: 60.24  |  Test Loss: 0.953 | Tes Acc: 59.98
INFO >> Epoch: 2  |  Layer: 21  |  Train Loss: 1.074 | Train Acc: 53.85  |  Val Loss: 0.956 | Val Acc: 57.93  |  Test Loss: 0.969 | Tes Acc: 58.56
INFO >> Epoch: 2  |  Layer: 22  |  Train Loss: 1.240 | Train Acc: 51.63  |  Val Loss: 1.054 | Val Acc: 53.92  |  Test Loss: 1.127 | Tes Acc: 52.32
INFO >> Epoch: 2  |  Layer: 23  |  Train Loss: 1.180 | Train Acc: 47.99  |  Val Loss: 1.356 | Val Acc: 43.37  |  Test Loss: 1.409 | Tes Acc: 45.63
INFO >> Epoch: 2  |  Layer: 24  |  Train Loss: 1.778 | Train Acc: 47.76  |  Val Loss: 3.081 | Val Acc: 41.77  |  Test Loss: 3.683 | Tes Acc: 34.14
INFO >> Epoch: 2  |  Layer: 25  |  Train Loss: 1.633 | Train Acc: 50.16  |  Val Loss: 2.710 | Val Acc: 40.06  |  Test Loss: 2.644 | Tes Acc: 35.56

INFO >> Epoch: 3  |  Layer:  1  |  Train Loss: 1.178 | Train Acc: 44.45  |  Val Loss: 1.150 | Val Acc: 42.47  |  Test Loss: 1.201 | Tes Acc: 40.64
INFO >> Epoch: 3  |  Layer:  2  |  Train Loss: 1.121 | Train Acc: 48.02  |  Val Loss: 1.050 | Val Acc: 50.20  |  Test Loss: 1.149 | Tes Acc: 46.88
INFO >> Epoch: 3  |  Layer:  3  |  Train Loss: 1.025 | Train Acc: 55.05  |  Val Loss: 0.946 | Val Acc: 56.63  |  Test Loss: 1.018 | Tes Acc: 57.04
INFO >> Epoch: 3  |  Layer:  4  |  Train Loss: 1.087 | Train Acc: 53.50  |  Val Loss: 0.994 | Val Acc: 51.00  |  Test Loss: 1.072 | Tes Acc: 49.02
INFO >> Epoch: 3  |  Layer:  5  |  Train Loss: 0.984 | Train Acc: 57.81  |  Val Loss: 1.060 | Val Acc: 50.70  |  Test Loss: 1.044 | Tes Acc: 54.28
INFO >> Epoch: 3  |  Layer:  6  |  Train Loss: 0.999 | Train Acc: 56.52  |  Val Loss: 0.993 | Val Acc: 53.61  |  Test Loss: 1.028 | Tes Acc: 53.65
INFO >> Epoch: 3  |  Layer:  7  |  Train Loss: 0.984 | Train Acc: 57.54  |  Val Loss: 0.954 | Val Acc: 55.82  |  Test Loss: 0.960 | Tes Acc: 59.18
INFO >> Epoch: 3  |  Layer:  8  |  Train Loss: 1.024 | Train Acc: 56.37  |  Val Loss: 1.198 | Val Acc: 50.80  |  Test Loss: 1.278 | Tes Acc: 45.81
INFO >> Epoch: 3  |  Layer:  9  |  Train Loss: 0.977 | Train Acc: 58.54  |  Val Loss: 0.959 | Val Acc: 56.73  |  Test Loss: 0.984 | Tes Acc: 57.93
INFO >> Epoch: 3  |  Layer: 10  |  Train Loss: 0.973 | Train Acc: 58.22  |  Val Loss: 1.019 | Val Acc: 54.22  |  Test Loss: 0.974 | Tes Acc: 57.58
INFO >> Epoch: 3  |  Layer: 11  |  Train Loss: 0.927 | Train Acc: 61.12  |  Val Loss: 1.011 | Val Acc: 54.22  |  Test Loss: 0.928 | Tes Acc: 61.14
INFO >> Epoch: 3  |  Layer: 12  |  Train Loss: 0.931 | Train Acc: 60.45  |  Val Loss: 1.058 | Val Acc: 52.01  |  Test Loss: 1.111 | Tes Acc: 52.05
INFO >> Epoch: 3  |  Layer: 13  |  Train Loss: 0.921 | Train Acc: 60.59  |  Val Loss: 1.143 | Val Acc: 51.51  |  Test Loss: 1.180 | Tes Acc: 51.43
INFO >> Epoch: 3  |  Layer: 14  |  Train Loss: 1.008 | Train Acc: 57.60  |  Val Loss: 0.916 | Val Acc: 58.53  |  Test Loss: 1.083 | Tes Acc: 54.99
INFO >> Epoch: 3  |  Layer: 15  |  Train Loss: 1.010 | Train Acc: 56.34  |  Val Loss: 0.947 | Val Acc: 57.23  |  Test Loss: 0.963 | Tes Acc: 59.89
INFO >> Epoch: 3  |  Layer: 16  |  Train Loss: 0.999 | Train Acc: 57.37  |  Val Loss: 0.939 | Val Acc: 57.33  |  Test Loss: 0.958 | Tes Acc: 61.41
INFO >> Epoch: 3  |  Layer: 17  |  Train Loss: 1.003 | Train Acc: 56.43  |  Val Loss: 0.953 | Val Acc: 58.53  |  Test Loss: 1.008 | Tes Acc: 60.25
INFO >> Epoch: 3  |  Layer: 18  |  Train Loss: 1.066 | Train Acc: 53.50  |  Val Loss: 1.103 | Val Acc: 48.69  |  Test Loss: 1.148 | Tes Acc: 45.72
INFO >> Epoch: 3  |  Layer: 19  |  Train Loss: 1.033 | Train Acc: 55.79  |  Val Loss: 1.146 | Val Acc: 46.99  |  Test Loss: 1.163 | Tes Acc: 49.11
INFO >> Epoch: 3  |  Layer: 20  |  Train Loss: 0.997 | Train Acc: 57.02  |  Val Loss: 1.049 | Val Acc: 51.31  |  Test Loss: 1.070 | Tes Acc: 54.28
INFO >> Epoch: 3  |  Layer: 21  |  Train Loss: 0.982 | Train Acc: 57.93  |  Val Loss: 0.982 | Val Acc: 55.72  |  Test Loss: 1.068 | Tes Acc: 55.44
INFO >> Epoch: 3  |  Layer: 22  |  Train Loss: 1.101 | Train Acc: 55.79  |  Val Loss: 1.335 | Val Acc: 52.51  |  Test Loss: 1.668 | Tes Acc: 45.19
INFO >> Epoch: 3  |  Layer: 23  |  Train Loss: 1.095 | Train Acc: 53.03  |  Val Loss: 1.020 | Val Acc: 50.40  |  Test Loss: 1.118 | Tes Acc: 47.42
INFO >> Epoch: 3  |  Layer: 24  |  Train Loss: 1.383 | Train Acc: 51.10  |  Val Loss: 1.063 | Val Acc: 53.71  |  Test Loss: 1.435 | Tes Acc: 45.45
INFO >> Epoch: 3  |  Layer: 25  |  Train Loss: 1.487 | Train Acc: 52.24  |  Val Loss: 1.229 | Val Acc: 51.81  |  Test Loss: 1.899 | Tes Acc: 42.16

