
--------------------------------------------------
Multilingual SER System v1.2
--------------------------------------------------
Run Name      : Run4
Fx Model      : WAV2VEC2_LARGE_XLSR300M
Clf Model     : DENSE
Extract Mode  : gpu_memory
Dataset       : RAVDESS
Device        : gpu
Epochs        : 20
Num Workers   : 2
Data Dir      : ./data
History Dir   : ./history
Weights Dir   : ./weights
Log Level     : debug
Purge Cache   : False
Job Name      : Job119
Job Id        : 30684226
GPU           : Quadro RTX 8000
GPU Count     : 1

Timestamp : 2023-03-02 06:11:55.780937

INFO >> Running on CUDA


INFO >> Training Classifier

INFO >> Epoch: 1 |   Train Loss: 2.077 | Train Acc: 17.50 |   Val Loss: 2.006 | Val Acc: 20.33 |   Test Loss: 1.943 | Tes Acc: 19.33
DEBUG >> Best state saved | Val Acc 20.33333331346512 | Test Acc 19.333332777023315

INFO >> Epoch: 2 |   Train Loss: 1.903 | Train Acc: 24.40 |   Val Loss: 1.932 | Val Acc: 25.33 |   Test Loss: 1.878 | Tes Acc: 28.33
DEBUG >> Best state saved | Val Acc 25.333333015441895 | Test Acc 28.333333134651184

INFO >> Epoch: 3 |   Train Loss: 1.838 | Train Acc: 25.36 |   Val Loss: 1.821 | Val Acc: 27.33 |   Test Loss: 1.766 | Tes Acc: 29.33
DEBUG >> Best state saved | Val Acc 27.3333340883255 | Test Acc 29.333332180976868

INFO >> Epoch: 4 |   Train Loss: 1.763 | Train Acc: 30.95 |   Val Loss: 2.009 | Val Acc: 24.00 |   Test Loss: 1.821 | Tes Acc: 25.67
INFO >> Epoch: 5 |   Train Loss: 1.768 | Train Acc: 30.48 |   Val Loss: 1.692 | Val Acc: 31.33 |   Test Loss: 1.648 | Tes Acc: 38.00
DEBUG >> Best state saved | Val Acc 31.333333253860474 | Test Acc 37.99999952316284

INFO >> Epoch: 6 |   Train Loss: 1.596 | Train Acc: 36.43 |   Val Loss: 1.750 | Val Acc: 30.00 |   Test Loss: 1.564 | Tes Acc: 36.67
INFO >> Epoch: 7 |   Train Loss: 1.513 | Train Acc: 43.93 |   Val Loss: 1.558 | Val Acc: 41.00 |   Test Loss: 1.361 | Tes Acc: 50.00
DEBUG >> Best state saved | Val Acc 40.99999964237213 | Test Acc 50.0

INFO >> Epoch: 8 |   Train Loss: 1.358 | Train Acc: 47.26 |   Val Loss: 1.397 | Val Acc: 46.00 |   Test Loss: 1.314 | Tes Acc: 47.33
DEBUG >> Best state saved | Val Acc 46.00000083446503 | Test Acc 47.333332896232605

INFO >> Epoch: 9 |   Train Loss: 1.156 | Train Acc: 57.38 |   Val Loss: 1.223 | Val Acc: 52.00 |   Test Loss: 1.214 | Tes Acc: 52.67
DEBUG >> Best state saved | Val Acc 51.99999809265137 | Test Acc 52.666664123535156

INFO >> Epoch: 10 |   Train Loss: 1.004 | Train Acc: 60.48 |   Val Loss: 1.103 | Val Acc: 54.00 |   Test Loss: 1.291 | Tes Acc: 45.33
DEBUG >> Best state saved | Val Acc 54.00000214576721 | Test Acc 45.33333480358124

INFO >> Epoch: 11 |   Train Loss: 0.892 | Train Acc: 67.86 |   Val Loss: 0.898 | Val Acc: 66.00 |   Test Loss: 1.229 | Tes Acc: 53.33
DEBUG >> Best state saved | Val Acc 66.00000262260437 | Test Acc 53.33333611488342

INFO >> Epoch: 12 |   Train Loss: 0.781 | Train Acc: 69.40 |   Val Loss: 1.104 | Val Acc: 57.67 |   Test Loss: 1.116 | Tes Acc: 60.00
INFO >> Epoch: 13 |   Train Loss: 0.636 | Train Acc: 75.36 |   Val Loss: 0.835 | Val Acc: 65.00 |   Test Loss: 0.941 | Tes Acc: 63.67
INFO >> Epoch: 14 |   Train Loss: 0.587 | Train Acc: 78.57 |   Val Loss: 1.157 | Val Acc: 57.00 |   Test Loss: 1.021 | Tes Acc: 59.33
INFO >> Epoch: 15 |   Train Loss: 0.494 | Train Acc: 82.02 |   Val Loss: 0.673 | Val Acc: 76.33 |   Test Loss: 1.167 | Tes Acc: 61.00
DEBUG >> Best state saved | Val Acc 76.33333206176758 | Test Acc 61.000001430511475

INFO >> Epoch: 16 |   Train Loss: 0.404 | Train Acc: 84.76 |   Val Loss: 0.875 | Val Acc: 68.00 |   Test Loss: 1.082 | Tes Acc: 69.00
INFO >> Epoch: 17 |   Train Loss: 0.376 | Train Acc: 86.07 |   Val Loss: 0.768 | Val Acc: 69.67 |   Test Loss: 0.764 | Tes Acc: 73.33
INFO >> Epoch: 18 |   Train Loss: 0.262 | Train Acc: 90.95 |   Val Loss: 0.751 | Val Acc: 72.33 |   Test Loss: 1.366 | Tes Acc: 62.67
INFO >> Epoch: 19 |   Train Loss: 0.354 | Train Acc: 85.60 |   Val Loss: 0.704 | Val Acc: 72.33 |   Test Loss: 1.166 | Tes Acc: 65.00
INFO >> Epoch: 20 |   Train Loss: 0.251 | Train Acc: 92.02 |   Val Loss: 0.687 | Val Acc: 76.33 |   Test Loss: 0.857 | Tes Acc: 70.67


INFO >> Time Taken: 09:49

INFO >> Best Val Acc : 76.33333206176758 | Best Test Acc : 61.000001430511475

INFO >> Agg. Weights : 
0.05869818478822708 0.23152241110801697 0.3100769519805908 -0.27294838428497314 -0.37677496671676636 -0.05872216448187828 -0.039717841893434525 0.25222745537757874 0.18699638545513153 -0.1642143875360489 -0.16922076046466827 -0.12060670554637909 -0.28380802273750305 -0.14349126815795898 -0.36930209398269653 -0.10858868807554245 -0.5280061364173889 -0.335306316614151 0.2955103814601898 -0.13742958009243011 0.3530266284942627 0.08858561515808105 -0.02826792187988758 -0.04442279785871506

DEBUG >> Last state saved | Val Acc 76.33333206176758 | Test Acc 70.6666648387909

INFO >> History saved (./history/v1.2/RAVDESS/WAV2VEC2_LARGE_XLSR300M_DENSE/Run4/history.pt)
