
--------------------------------------------------
Multilingual SER System v1.1
--------------------------------------------------
Run Name      : Run4
Model         : WAV2VEC2_BASE
Extract Mode  : disk
Device        : gpu
Dataset       : AESDD
Epochs        : 20
Data Dir      : ./data
History Dir   : ./history
Weights Dir   : ./weights
Log Level     : debug
Purge Cache   : False

Timestamp : 2023-02-27 05:52:41.915940

INFO >> Running on CUDA


INFO >> Feature cache found for train split
INFO >> Feature cache found for test split
INFO >> Feature cache found for validation split

INFO >> Training Classifier

DEBUG >> Best state saved | Val Acc 24.242424964904785 | Test Acc 28.502416610717773

INFO >> Epoch: 1 |   Train Loss: 1.603 | Train Acc: 23.15 |   Val Loss: 1.589 | Val Acc: 24.24 |   Test Loss: 1.592 | Tes Acc: 28.50
DEBUG >> Best state saved | Val Acc 43.43434274196625 | Test Acc 41.06280207633972

INFO >> Epoch: 2 |   Train Loss: 1.544 | Train Acc: 45.30 |   Val Loss: 1.512 | Val Acc: 43.43 |   Test Loss: 1.525 | Tes Acc: 41.06
INFO >> Epoch: 3 |   Train Loss: 1.401 | Train Acc: 49.33 |   Val Loss: 1.361 | Val Acc: 41.41 |   Test Loss: 1.421 | Tes Acc: 39.13
DEBUG >> Best state saved | Val Acc 69.69696879386902 | Test Acc 51.2077271938324

INFO >> Epoch: 4 |   Train Loss: 1.173 | Train Acc: 58.39 |   Val Loss: 1.132 | Val Acc: 69.70 |   Test Loss: 1.278 | Tes Acc: 51.21
DEBUG >> Best state saved | Val Acc 77.77777910232544 | Test Acc 55.55555820465088

INFO >> Epoch: 5 |   Train Loss: 0.938 | Train Acc: 68.46 |   Val Loss: 0.948 | Val Acc: 77.78 |   Test Loss: 1.130 | Tes Acc: 55.56
INFO >> Epoch: 6 |   Train Loss: 0.829 | Train Acc: 75.17 |   Val Loss: 0.925 | Val Acc: 65.66 |   Test Loss: 1.143 | Tes Acc: 54.59
INFO >> Epoch: 7 |   Train Loss: 0.619 | Train Acc: 80.20 |   Val Loss: 0.847 | Val Acc: 63.64 |   Test Loss: 1.032 | Tes Acc: 58.45
INFO >> Epoch: 8 |   Train Loss: 0.460 | Train Acc: 87.58 |   Val Loss: 0.741 | Val Acc: 65.66 |   Test Loss: 1.070 | Tes Acc: 55.56
INFO >> Epoch: 9 |   Train Loss: 0.418 | Train Acc: 88.26 |   Val Loss: 0.886 | Val Acc: 61.62 |   Test Loss: 1.164 | Tes Acc: 53.62
INFO >> Epoch: 10 |   Train Loss: 0.387 | Train Acc: 86.91 |   Val Loss: 0.654 | Val Acc: 66.67 |   Test Loss: 0.924 | Tes Acc: 64.73
INFO >> Epoch: 11 |   Train Loss: 0.323 | Train Acc: 88.93 |   Val Loss: 0.812 | Val Acc: 71.72 |   Test Loss: 1.007 | Tes Acc: 60.87
INFO >> Epoch: 12 |   Train Loss: 0.266 | Train Acc: 90.60 |   Val Loss: 0.737 | Val Acc: 65.66 |   Test Loss: 0.956 | Tes Acc: 65.22
INFO >> Epoch: 13 |   Train Loss: 0.177 | Train Acc: 96.31 |   Val Loss: 0.857 | Val Acc: 62.63 |   Test Loss: 0.903 | Tes Acc: 71.50
INFO >> Epoch: 14 |   Train Loss: 0.161 | Train Acc: 96.31 |   Val Loss: 0.693 | Val Acc: 68.69 |   Test Loss: 0.924 | Tes Acc: 65.70
INFO >> Epoch: 15 |   Train Loss: 0.127 | Train Acc: 97.65 |   Val Loss: 1.095 | Val Acc: 63.64 |   Test Loss: 1.260 | Tes Acc: 58.94
INFO >> Epoch: 16 |   Train Loss: 0.116 | Train Acc: 98.32 |   Val Loss: 0.658 | Val Acc: 71.72 |   Test Loss: 1.048 | Tes Acc: 64.73
INFO >> Epoch: 17 |   Train Loss: 0.110 | Train Acc: 97.99 |   Val Loss: 0.810 | Val Acc: 72.73 |   Test Loss: 1.263 | Tes Acc: 61.84
INFO >> Epoch: 18 |   Train Loss: 0.107 | Train Acc: 96.64 |   Val Loss: 0.915 | Val Acc: 66.67 |   Test Loss: 1.243 | Tes Acc: 60.39
INFO >> Epoch: 19 |   Train Loss: 0.126 | Train Acc: 95.64 |   Val Loss: 0.697 | Val Acc: 72.73 |   Test Loss: 1.110 | Tes Acc: 63.29
INFO >> Epoch: 20 |   Train Loss: 0.072 | Train Acc: 98.99 |   Val Loss: 1.053 | Val Acc: 58.59 |   Test Loss: 0.881 | Tes Acc: 70.05


INFO >> Time Taken: 1:25:45

INFO >> Best Val Acc : 77.77777910232544 | Best Test A : 55.55555820465088

INFO >> Agg. Weights : 
-0.01351596787571907 -0.12408320605754852 0.2120780497789383 -0.2582662105560303 0.01608886569738388 0.22194527089595795 0.3946404755115509 0.42989951372146606 -0.1108369305729866 0.21494437754154205 0.2556409537792206 0.08014589548110962

DEBUG >> Last state saved | Val Acc 58.58585834503174 | Test Acc 70.04830837249756

INFO >> History saved (./history/v1.1/AESDD/WAV2VEC2_BASE/Run4/history.pt)
