
--------------------------------------------------
Multilingual SER System v1.4
--------------------------------------------------
Run Name      : Run4
Fx Model      : WAV2VEC2_BASE
Clf Model     : PROBING
Extract Mode  : gpu_memory
Dataset       : EmoDB
Device        : gpu
Epochs        : 30
Num Workers   : 3
Data Dir      : ./data
History Dir   : ./history
Weights Dir   : ./weights
Log Level     : debug
Purge Cache   : False
Job Name      : Job361
Job Id        : 30913140
GPU           : Quadro RTX 8000
GPU Count     : 1
GPU Memory    : 44.49 GB

Timestamp : 2023-03-11 12:27:38.770282

INFO >> Running on CUDA


INFO >> Training Classifier

INFO >> Epoch: 1  |  Layer:  1  |  Train Loss: 1.919 | Train Acc: 21.51  |  Val Loss: 1.854 | Val Acc: 38.32  |  Test Loss: 1.794 | Tes Acc: 46.43
INFO >> Epoch: 1  |  Layer:  2  |  Train Loss: 1.895 | Train Acc: 19.77  |  Val Loss: 1.861 | Val Acc: 24.30  |  Test Loss: 1.789 | Tes Acc: 30.95
INFO >> Epoch: 1  |  Layer:  3  |  Train Loss: 1.888 | Train Acc: 19.77  |  Val Loss: 1.852 | Val Acc: 24.30  |  Test Loss: 1.781 | Tes Acc: 30.95
INFO >> Epoch: 1  |  Layer:  4  |  Train Loss: 1.871 | Train Acc: 20.35  |  Val Loss: 1.819 | Val Acc: 34.58  |  Test Loss: 1.744 | Tes Acc: 33.33
INFO >> Epoch: 1  |  Layer:  5  |  Train Loss: 1.871 | Train Acc: 20.93  |  Val Loss: 1.804 | Val Acc: 25.23  |  Test Loss: 1.741 | Tes Acc: 30.95
INFO >> Epoch: 1  |  Layer:  6  |  Train Loss: 1.859 | Train Acc: 24.42  |  Val Loss: 1.792 | Val Acc: 34.58  |  Test Loss: 1.710 | Tes Acc: 33.33
INFO >> Epoch: 1  |  Layer:  7  |  Train Loss: 1.864 | Train Acc: 22.97  |  Val Loss: 1.808 | Val Acc: 24.30  |  Test Loss: 1.721 | Tes Acc: 30.95
INFO >> Epoch: 1  |  Layer:  8  |  Train Loss: 1.878 | Train Acc: 21.51  |  Val Loss: 1.824 | Val Acc: 24.30  |  Test Loss: 1.744 | Tes Acc: 32.14
INFO >> Epoch: 1  |  Layer:  9  |  Train Loss: 1.864 | Train Acc: 24.71  |  Val Loss: 1.811 | Val Acc: 31.78  |  Test Loss: 1.709 | Tes Acc: 35.71
INFO >> Epoch: 1  |  Layer: 10  |  Train Loss: 1.871 | Train Acc: 25.00  |  Val Loss: 1.825 | Val Acc: 34.58  |  Test Loss: 1.741 | Tes Acc: 36.90
INFO >> Epoch: 1  |  Layer: 11  |  Train Loss: 1.869 | Train Acc: 24.71  |  Val Loss: 1.822 | Val Acc: 28.04  |  Test Loss: 1.739 | Tes Acc: 34.52
INFO >> Epoch: 1  |  Layer: 12  |  Train Loss: 1.920 | Train Acc: 21.80  |  Val Loss: 1.904 | Val Acc: 24.30  |  Test Loss: 1.862 | Tes Acc: 30.95
INFO >> Epoch: 1  |  Layer: 13  |  Train Loss: 1.901 | Train Acc: 21.22  |  Val Loss: 1.864 | Val Acc: 24.30  |  Test Loss: 1.792 | Tes Acc: 32.14

INFO >> Epoch: 2  |  Layer:  1  |  Train Loss: 1.820 | Train Acc: 29.36  |  Val Loss: 1.811 | Val Acc: 35.51  |  Test Loss: 1.716 | Tes Acc: 41.67
INFO >> Epoch: 2  |  Layer:  2  |  Train Loss: 1.821 | Train Acc: 24.42  |  Val Loss: 1.794 | Val Acc: 28.97  |  Test Loss: 1.723 | Tes Acc: 40.48
INFO >> Epoch: 2  |  Layer:  3  |  Train Loss: 1.795 | Train Acc: 27.62  |  Val Loss: 1.763 | Val Acc: 34.58  |  Test Loss: 1.701 | Tes Acc: 38.10
INFO >> Epoch: 2  |  Layer:  4  |  Train Loss: 1.744 | Train Acc: 32.85  |  Val Loss: 1.690 | Val Acc: 43.93  |  Test Loss: 1.631 | Tes Acc: 51.19
INFO >> Epoch: 2  |  Layer:  5  |  Train Loss: 1.721 | Train Acc: 33.72  |  Val Loss: 1.658 | Val Acc: 39.25  |  Test Loss: 1.600 | Tes Acc: 45.24
INFO >> Epoch: 2  |  Layer:  6  |  Train Loss: 1.685 | Train Acc: 41.57  |  Val Loss: 1.631 | Val Acc: 38.32  |  Test Loss: 1.540 | Tes Acc: 51.19
INFO >> Epoch: 2  |  Layer:  7  |  Train Loss: 1.695 | Train Acc: 37.79  |  Val Loss: 1.651 | Val Acc: 41.12  |  Test Loss: 1.558 | Tes Acc: 45.24
INFO >> Epoch: 2  |  Layer:  8  |  Train Loss: 1.741 | Train Acc: 31.98  |  Val Loss: 1.705 | Val Acc: 41.12  |  Test Loss: 1.608 | Tes Acc: 48.81
INFO >> Epoch: 2  |  Layer:  9  |  Train Loss: 1.700 | Train Acc: 37.79  |  Val Loss: 1.675 | Val Acc: 41.12  |  Test Loss: 1.562 | Tes Acc: 45.24
INFO >> Epoch: 2  |  Layer: 10  |  Train Loss: 1.722 | Train Acc: 36.92  |  Val Loss: 1.702 | Val Acc: 42.06  |  Test Loss: 1.589 | Tes Acc: 47.62
INFO >> Epoch: 2  |  Layer: 11  |  Train Loss: 1.735 | Train Acc: 31.98  |  Val Loss: 1.704 | Val Acc: 39.25  |  Test Loss: 1.604 | Tes Acc: 42.86
INFO >> Epoch: 2  |  Layer: 12  |  Train Loss: 1.882 | Train Acc: 21.80  |  Val Loss: 1.881 | Val Acc: 24.30  |  Test Loss: 1.819 | Tes Acc: 30.95
INFO >> Epoch: 2  |  Layer: 13  |  Train Loss: 1.831 | Train Acc: 22.38  |  Val Loss: 1.798 | Val Acc: 28.97  |  Test Loss: 1.742 | Tes Acc: 35.71

INFO >> Epoch: 3  |  Layer:  1  |  Train Loss: 1.748 | Train Acc: 36.63  |  Val Loss: 1.721 | Val Acc: 35.51  |  Test Loss: 1.654 | Tes Acc: 42.86
INFO >> Epoch: 3  |  Layer:  2  |  Train Loss: 1.736 | Train Acc: 38.95  |  Val Loss: 1.723 | Val Acc: 40.19  |  Test Loss: 1.670 | Tes Acc: 44.05
INFO >> Epoch: 3  |  Layer:  3  |  Train Loss: 1.688 | Train Acc: 46.80  |  Val Loss: 1.671 | Val Acc: 42.99  |  Test Loss: 1.623 | Tes Acc: 47.62
INFO >> Epoch: 3  |  Layer:  4  |  Train Loss: 1.587 | Train Acc: 50.58  |  Val Loss: 1.557 | Val Acc: 47.66  |  Test Loss: 1.507 | Tes Acc: 55.95
INFO >> Epoch: 3  |  Layer:  5  |  Train Loss: 1.537 | Train Acc: 50.00  |  Val Loss: 1.499 | Val Acc: 49.53  |  Test Loss: 1.459 | Tes Acc: 53.57
INFO >> Epoch: 3  |  Layer:  6  |  Train Loss: 1.485 | Train Acc: 48.84  |  Val Loss: 1.466 | Val Acc: 45.79  |  Test Loss: 1.379 | Tes Acc: 55.95
INFO >> Epoch: 3  |  Layer:  7  |  Train Loss: 1.499 | Train Acc: 53.49  |  Val Loss: 1.489 | Val Acc: 45.79  |  Test Loss: 1.399 | Tes Acc: 52.38
INFO >> Epoch: 3  |  Layer:  8  |  Train Loss: 1.576 | Train Acc: 47.09  |  Val Loss: 1.574 | Val Acc: 44.86  |  Test Loss: 1.474 | Tes Acc: 51.19
INFO >> Epoch: 3  |  Layer:  9  |  Train Loss: 1.507 | Train Acc: 49.13  |  Val Loss: 1.537 | Val Acc: 46.73  |  Test Loss: 1.431 | Tes Acc: 54.76
INFO >> Epoch: 3  |  Layer: 10  |  Train Loss: 1.554 | Train Acc: 47.09  |  Val Loss: 1.573 | Val Acc: 42.99  |  Test Loss: 1.465 | Tes Acc: 51.19
INFO >> Epoch: 3  |  Layer: 11  |  Train Loss: 1.575 | Train Acc: 48.26  |  Val Loss: 1.581 | Val Acc: 40.19  |  Test Loss: 1.481 | Tes Acc: 50.00
INFO >> Epoch: 3  |  Layer: 12  |  Train Loss: 1.853 | Train Acc: 21.80  |  Val Loss: 1.854 | Val Acc: 24.30  |  Test Loss: 1.794 | Tes Acc: 30.95
INFO >> Epoch: 3  |  Layer: 13  |  Train Loss: 1.760 | Train Acc: 35.76  |  Val Loss: 1.737 | Val Acc: 34.58  |  Test Loss: 1.687 | Tes Acc: 46.43

INFO >> Epoch: 4  |  Layer:  1  |  Train Loss: 1.704 | Train Acc: 39.83  |  Val Loss: 1.637 | Val Acc: 43.93  |  Test Loss: 1.596 | Tes Acc: 57.14
INFO >> Epoch: 4  |  Layer:  2  |  Train Loss: 1.661 | Train Acc: 44.19  |  Val Loss: 1.664 | Val Acc: 40.19  |  Test Loss: 1.595 | Tes Acc: 47.62
INFO >> Epoch: 4  |  Layer:  3  |  Train Loss: 1.591 | Train Acc: 46.80  |  Val Loss: 1.588 | Val Acc: 43.93  |  Test Loss: 1.529 | Tes Acc: 53.57
INFO >> Epoch: 4  |  Layer:  4  |  Train Loss: 1.456 | Train Acc: 53.20  |  Val Loss: 1.428 | Val Acc: 49.53  |  Test Loss: 1.382 | Tes Acc: 58.33
INFO >> Epoch: 4  |  Layer:  5  |  Train Loss: 1.391 | Train Acc: 55.81  |  Val Loss: 1.363 | Val Acc: 56.07  |  Test Loss: 1.329 | Tes Acc: 60.71
INFO >> Epoch: 4  |  Layer:  6  |  Train Loss: 1.348 | Train Acc: 54.36  |  Val Loss: 1.337 | Val Acc: 52.34  |  Test Loss: 1.248 | Tes Acc: 59.52
INFO >> Epoch: 4  |  Layer:  7  |  Train Loss: 1.356 | Train Acc: 54.36  |  Val Loss: 1.349 | Val Acc: 52.34  |  Test Loss: 1.262 | Tes Acc: 63.10
INFO >> Epoch: 4  |  Layer:  8  |  Train Loss: 1.452 | Train Acc: 50.00  |  Val Loss: 1.450 | Val Acc: 46.73  |  Test Loss: 1.355 | Tes Acc: 59.52
INFO >> Epoch: 4  |  Layer:  9  |  Train Loss: 1.395 | Train Acc: 51.45  |  Val Loss: 1.424 | Val Acc: 51.40  |  Test Loss: 1.334 | Tes Acc: 57.14
INFO >> Epoch: 4  |  Layer: 10  |  Train Loss: 1.442 | Train Acc: 49.71  |  Val Loss: 1.468 | Val Acc: 45.79  |  Test Loss: 1.374 | Tes Acc: 54.76
INFO >> Epoch: 4  |  Layer: 11  |  Train Loss: 1.461 | Train Acc: 46.22  |  Val Loss: 1.490 | Val Acc: 44.86  |  Test Loss: 1.384 | Tes Acc: 55.95
INFO >> Epoch: 4  |  Layer: 12  |  Train Loss: 1.825 | Train Acc: 23.84  |  Val Loss: 1.828 | Val Acc: 27.10  |  Test Loss: 1.759 | Tes Acc: 34.52
INFO >> Epoch: 4  |  Layer: 13  |  Train Loss: 1.703 | Train Acc: 35.76  |  Val Loss: 1.677 | Val Acc: 37.38  |  Test Loss: 1.629 | Tes Acc: 48.81

INFO >> Epoch: 5  |  Layer:  1  |  Train Loss: 1.628 | Train Acc: 40.99  |  Val Loss: 1.622 | Val Acc: 35.51  |  Test Loss: 1.598 | Tes Acc: 44.05
INFO >> Epoch: 5  |  Layer:  2  |  Train Loss: 1.571 | Train Acc: 45.64  |  Val Loss: 1.555 | Val Acc: 46.73  |  Test Loss: 1.537 | Tes Acc: 55.95
INFO >> Epoch: 5  |  Layer:  3  |  Train Loss: 1.475 | Train Acc: 49.71  |  Val Loss: 1.463 | Val Acc: 53.27  |  Test Loss: 1.461 | Tes Acc: 58.33
INFO >> Epoch: 5  |  Layer:  4  |  Train Loss: 1.320 | Train Acc: 56.40  |  Val Loss: 1.291 | Val Acc: 68.22  |  Test Loss: 1.283 | Tes Acc: 66.67
INFO >> Epoch: 5  |  Layer:  5  |  Train Loss: 1.251 | Train Acc: 60.47  |  Val Loss: 1.226 | Val Acc: 70.09  |  Test Loss: 1.218 | Tes Acc: 67.86
INFO >> Epoch: 5  |  Layer:  6  |  Train Loss: 1.199 | Train Acc: 60.47  |  Val Loss: 1.198 | Val Acc: 66.36  |  Test Loss: 1.145 | Tes Acc: 71.43
INFO >> Epoch: 5  |  Layer:  7  |  Train Loss: 1.187 | Train Acc: 63.08  |  Val Loss: 1.198 | Val Acc: 67.29  |  Test Loss: 1.139 | Tes Acc: 69.05
INFO >> Epoch: 5  |  Layer:  8  |  Train Loss: 1.294 | Train Acc: 56.98  |  Val Loss: 1.314 | Val Acc: 62.62  |  Test Loss: 1.245 | Tes Acc: 63.10
INFO >> Epoch: 5  |  Layer:  9  |  Train Loss: 1.256 | Train Acc: 58.72  |  Val Loss: 1.296 | Val Acc: 63.55  |  Test Loss: 1.246 | Tes Acc: 61.90
INFO >> Epoch: 5  |  Layer: 10  |  Train Loss: 1.313 | Train Acc: 57.56  |  Val Loss: 1.359 | Val Acc: 61.68  |  Test Loss: 1.297 | Tes Acc: 59.52
INFO >> Epoch: 5  |  Layer: 11  |  Train Loss: 1.330 | Train Acc: 54.65  |  Val Loss: 1.376 | Val Acc: 58.88  |  Test Loss: 1.304 | Tes Acc: 63.10
INFO >> Epoch: 5  |  Layer: 12  |  Train Loss: 1.784 | Train Acc: 29.07  |  Val Loss: 1.787 | Val Acc: 35.51  |  Test Loss: 1.731 | Tes Acc: 39.29
INFO >> Epoch: 5  |  Layer: 13  |  Train Loss: 1.617 | Train Acc: 44.48  |  Val Loss: 1.589 | Val Acc: 44.86  |  Test Loss: 1.565 | Tes Acc: 61.90

INFO >> Epoch: 6  |  Layer:  1  |  Train Loss: 1.555 | Train Acc: 46.80  |  Val Loss: 1.513 | Val Acc: 48.60  |  Test Loss: 1.495 | Tes Acc: 64.29
INFO >> Epoch: 6  |  Layer:  2  |  Train Loss: 1.463 | Train Acc: 53.20  |  Val Loss: 1.461 | Val Acc: 48.60  |  Test Loss: 1.441 | Tes Acc: 53.57
INFO >> Epoch: 6  |  Layer:  3  |  Train Loss: 1.358 | Train Acc: 54.94  |  Val Loss: 1.358 | Val Acc: 57.94  |  Test Loss: 1.351 | Tes Acc: 58.33
INFO >> Epoch: 6  |  Layer:  4  |  Train Loss: 1.189 | Train Acc: 66.28  |  Val Loss: 1.184 | Val Acc: 66.36  |  Test Loss: 1.182 | Tes Acc: 67.86
INFO >> Epoch: 6  |  Layer:  5  |  Train Loss: 1.112 | Train Acc: 71.51  |  Val Loss: 1.126 | Val Acc: 69.16  |  Test Loss: 1.142 | Tes Acc: 65.48
INFO >> Epoch: 6  |  Layer:  6  |  Train Loss: 1.065 | Train Acc: 69.77  |  Val Loss: 1.097 | Val Acc: 68.22  |  Test Loss: 1.062 | Tes Acc: 69.05
INFO >> Epoch: 6  |  Layer:  7  |  Train Loss: 1.050 | Train Acc: 71.80  |  Val Loss: 1.092 | Val Acc: 66.36  |  Test Loss: 1.047 | Tes Acc: 67.86
INFO >> Epoch: 6  |  Layer:  8  |  Train Loss: 1.169 | Train Acc: 64.83  |  Val Loss: 1.206 | Val Acc: 62.62  |  Test Loss: 1.155 | Tes Acc: 63.10
INFO >> Epoch: 6  |  Layer:  9  |  Train Loss: 1.148 | Train Acc: 66.28  |  Val Loss: 1.213 | Val Acc: 61.68  |  Test Loss: 1.180 | Tes Acc: 63.10
INFO >> Epoch: 6  |  Layer: 10  |  Train Loss: 1.215 | Train Acc: 61.34  |  Val Loss: 1.270 | Val Acc: 57.94  |  Test Loss: 1.238 | Tes Acc: 61.90
INFO >> Epoch: 6  |  Layer: 11  |  Train Loss: 1.238 | Train Acc: 59.01  |  Val Loss: 1.292 | Val Acc: 56.07  |  Test Loss: 1.224 | Tes Acc: 61.90
INFO >> Epoch: 6  |  Layer: 12  |  Train Loss: 1.735 | Train Acc: 37.21  |  Val Loss: 1.738 | Val Acc: 33.64  |  Test Loss: 1.691 | Tes Acc: 41.67
INFO >> Epoch: 6  |  Layer: 13  |  Train Loss: 1.521 | Train Acc: 47.67  |  Val Loss: 1.515 | Val Acc: 46.73  |  Test Loss: 1.484 | Tes Acc: 60.71

INFO >> Epoch: 7  |  Layer:  1  |  Train Loss: 1.494 | Train Acc: 50.00  |  Val Loss: 1.502 | Val Acc: 43.93  |  Test Loss: 1.490 | Tes Acc: 55.95
INFO >> Epoch: 7  |  Layer:  2  |  Train Loss: 1.371 | Train Acc: 54.36  |  Val Loss: 1.412 | Val Acc: 48.60  |  Test Loss: 1.389 | Tes Acc: 55.95
INFO >> Epoch: 7  |  Layer:  3  |  Train Loss: 1.260 | Train Acc: 59.01  |  Val Loss: 1.303 | Val Acc: 54.21  |  Test Loss: 1.303 | Tes Acc: 63.10
INFO >> Epoch: 7  |  Layer:  4  |  Train Loss: 1.094 | Train Acc: 66.28  |  Val Loss: 1.121 | Val Acc: 64.49  |  Test Loss: 1.116 | Tes Acc: 72.62
INFO >> Epoch: 7  |  Layer:  5  |  Train Loss: 1.023 | Train Acc: 70.06  |  Val Loss: 1.052 | Val Acc: 67.29  |  Test Loss: 1.060 | Tes Acc: 67.86
INFO >> Epoch: 7  |  Layer:  6  |  Train Loss: 0.977 | Train Acc: 70.64  |  Val Loss: 1.027 | Val Acc: 71.03  |  Test Loss: 0.974 | Tes Acc: 69.05
INFO >> Epoch: 7  |  Layer:  7  |  Train Loss: 0.960 | Train Acc: 70.64  |  Val Loss: 1.014 | Val Acc: 68.22  |  Test Loss: 0.965 | Tes Acc: 69.05
INFO >> Epoch: 7  |  Layer:  8  |  Train Loss: 1.081 | Train Acc: 64.83  |  Val Loss: 1.135 | Val Acc: 59.81  |  Test Loss: 1.075 | Tes Acc: 63.10
INFO >> Epoch: 7  |  Layer:  9  |  Train Loss: 1.068 | Train Acc: 67.15  |  Val Loss: 1.145 | Val Acc: 60.75  |  Test Loss: 1.100 | Tes Acc: 66.67
INFO >> Epoch: 7  |  Layer: 10  |  Train Loss: 1.134 | Train Acc: 60.76  |  Val Loss: 1.211 | Val Acc: 63.55  |  Test Loss: 1.180 | Tes Acc: 64.29
INFO >> Epoch: 7  |  Layer: 11  |  Train Loss: 1.151 | Train Acc: 63.08  |  Val Loss: 1.248 | Val Acc: 57.01  |  Test Loss: 1.170 | Tes Acc: 58.33
INFO >> Epoch: 7  |  Layer: 12  |  Train Loss: 1.690 | Train Acc: 38.66  |  Val Loss: 1.706 | Val Acc: 42.06  |  Test Loss: 1.654 | Tes Acc: 50.00
INFO >> Epoch: 7  |  Layer: 13  |  Train Loss: 1.453 | Train Acc: 49.71  |  Val Loss: 1.483 | Val Acc: 42.99  |  Test Loss: 1.440 | Tes Acc: 58.33

INFO >> Epoch: 8  |  Layer:  1  |  Train Loss: 1.429 | Train Acc: 50.87  |  Val Loss: 1.408 | Val Acc: 47.66  |  Test Loss: 1.355 | Tes Acc: 54.76
INFO >> Epoch: 8  |  Layer:  2  |  Train Loss: 1.276 | Train Acc: 57.85  |  Val Loss: 1.306 | Val Acc: 54.21  |  Test Loss: 1.300 | Tes Acc: 55.95
INFO >> Epoch: 8  |  Layer:  3  |  Train Loss: 1.164 | Train Acc: 64.53  |  Val Loss: 1.189 | Val Acc: 62.62  |  Test Loss: 1.208 | Tes Acc: 59.52
INFO >> Epoch: 8  |  Layer:  4  |  Train Loss: 0.989 | Train Acc: 73.55  |  Val Loss: 1.013 | Val Acc: 69.16  |  Test Loss: 1.036 | Tes Acc: 70.24
INFO >> Epoch: 8  |  Layer:  5  |  Train Loss: 0.916 | Train Acc: 75.87  |  Val Loss: 0.956 | Val Acc: 70.09  |  Test Loss: 1.003 | Tes Acc: 66.67
INFO >> Epoch: 8  |  Layer:  6  |  Train Loss: 0.864 | Train Acc: 77.33  |  Val Loss: 0.940 | Val Acc: 71.03  |  Test Loss: 0.915 | Tes Acc: 71.43
INFO >> Epoch: 8  |  Layer:  7  |  Train Loss: 0.855 | Train Acc: 76.45  |  Val Loss: 0.921 | Val Acc: 71.03  |  Test Loss: 0.908 | Tes Acc: 72.62
INFO >> Epoch: 8  |  Layer:  8  |  Train Loss: 0.971 | Train Acc: 68.90  |  Val Loss: 1.029 | Val Acc: 67.29  |  Test Loss: 1.008 | Tes Acc: 66.67
INFO >> Epoch: 8  |  Layer:  9  |  Train Loss: 0.973 | Train Acc: 69.77  |  Val Loss: 1.050 | Val Acc: 67.29  |  Test Loss: 1.037 | Tes Acc: 69.05
INFO >> Epoch: 8  |  Layer: 10  |  Train Loss: 1.065 | Train Acc: 60.76  |  Val Loss: 1.129 | Val Acc: 60.75  |  Test Loss: 1.123 | Tes Acc: 64.29
INFO >> Epoch: 8  |  Layer: 11  |  Train Loss: 1.090 | Train Acc: 62.79  |  Val Loss: 1.171 | Val Acc: 60.75  |  Test Loss: 1.112 | Tes Acc: 63.10
INFO >> Epoch: 8  |  Layer: 12  |  Train Loss: 1.645 | Train Acc: 44.48  |  Val Loss: 1.655 | Val Acc: 46.73  |  Test Loss: 1.611 | Tes Acc: 52.38
INFO >> Epoch: 8  |  Layer: 13  |  Train Loss: 1.383 | Train Acc: 51.74  |  Val Loss: 1.401 | Val Acc: 45.79  |  Test Loss: 1.346 | Tes Acc: 63.10

INFO >> Epoch: 9  |  Layer:  1  |  Train Loss: 1.371 | Train Acc: 51.16  |  Val Loss: 1.353 | Val Acc: 48.60  |  Test Loss: 1.374 | Tes Acc: 54.76
INFO >> Epoch: 9  |  Layer:  2  |  Train Loss: 1.224 | Train Acc: 56.69  |  Val Loss: 1.256 | Val Acc: 57.01  |  Test Loss: 1.290 | Tes Acc: 53.57
INFO >> Epoch: 9  |  Layer:  3  |  Train Loss: 1.115 | Train Acc: 64.53  |  Val Loss: 1.138 | Val Acc: 64.49  |  Test Loss: 1.187 | Tes Acc: 65.48
INFO >> Epoch: 9  |  Layer:  4  |  Train Loss: 0.940 | Train Acc: 71.22  |  Val Loss: 0.954 | Val Acc: 71.96  |  Test Loss: 1.000 | Tes Acc: 77.38
INFO >> Epoch: 9  |  Layer:  5  |  Train Loss: 0.866 | Train Acc: 75.87  |  Val Loss: 0.885 | Val Acc: 77.57  |  Test Loss: 0.949 | Tes Acc: 76.19
INFO >> Epoch: 9  |  Layer:  6  |  Train Loss: 0.816 | Train Acc: 74.13  |  Val Loss: 0.886 | Val Acc: 71.03  |  Test Loss: 0.867 | Tes Acc: 73.81
INFO >> Epoch: 9  |  Layer:  7  |  Train Loss: 0.790 | Train Acc: 76.16  |  Val Loss: 0.863 | Val Acc: 73.83  |  Test Loss: 0.857 | Tes Acc: 76.19
INFO >> Epoch: 9  |  Layer:  8  |  Train Loss: 0.894 | Train Acc: 73.26  |  Val Loss: 0.966 | Val Acc: 68.22  |  Test Loss: 0.958 | Tes Acc: 67.86
INFO >> Epoch: 9  |  Layer:  9  |  Train Loss: 0.893 | Train Acc: 72.67  |  Val Loss: 0.990 | Val Acc: 66.36  |  Test Loss: 0.983 | Tes Acc: 67.86
INFO >> Epoch: 9  |  Layer: 10  |  Train Loss: 0.985 | Train Acc: 70.06  |  Val Loss: 1.066 | Val Acc: 64.49  |  Test Loss: 1.072 | Tes Acc: 65.48
INFO >> Epoch: 9  |  Layer: 11  |  Train Loss: 1.017 | Train Acc: 68.90  |  Val Loss: 1.121 | Val Acc: 58.88  |  Test Loss: 1.078 | Tes Acc: 69.05
INFO >> Epoch: 9  |  Layer: 12  |  Train Loss: 1.571 | Train Acc: 44.48  |  Val Loss: 1.598 | Val Acc: 43.93  |  Test Loss: 1.561 | Tes Acc: 58.33
INFO >> Epoch: 9  |  Layer: 13  |  Train Loss: 1.308 | Train Acc: 53.49  |  Val Loss: 1.349 | Val Acc: 51.40  |  Test Loss: 1.348 | Tes Acc: 63.10

INFO >> Epoch: 10  |  Layer:  1  |  Train Loss: 1.336 | Train Acc: 52.03  |  Val Loss: 1.391 | Val Acc: 40.19  |  Test Loss: 1.401 | Tes Acc: 52.38
INFO >> Epoch: 10  |  Layer:  2  |  Train Loss: 1.151 | Train Acc: 60.17  |  Val Loss: 1.191 | Val Acc: 57.01  |  Test Loss: 1.203 | Tes Acc: 53.57
INFO >> Epoch: 10  |  Layer:  3  |  Train Loss: 1.031 | Train Acc: 71.22  |  Val Loss: 1.064 | Val Acc: 66.36  |  Test Loss: 1.099 | Tes Acc: 60.71
INFO >> Epoch: 10  |  Layer:  4  |  Train Loss: 0.861 | Train Acc: 76.74  |  Val Loss: 0.889 | Val Acc: 70.09  |  Test Loss: 0.926 | Tes Acc: 72.62
INFO >> Epoch: 10  |  Layer:  5  |  Train Loss: 0.787 | Train Acc: 79.36  |  Val Loss: 0.823 | Val Acc: 75.70  |  Test Loss: 0.886 | Tes Acc: 69.05
INFO >> Epoch: 10  |  Layer:  6  |  Train Loss: 0.723 | Train Acc: 81.40  |  Val Loss: 0.826 | Val Acc: 72.90  |  Test Loss: 0.796 | Tes Acc: 76.19
INFO >> Epoch: 10  |  Layer:  7  |  Train Loss: 0.693 | Train Acc: 81.10  |  Val Loss: 0.814 | Val Acc: 74.77  |  Test Loss: 0.796 | Tes Acc: 79.76
INFO >> Epoch: 10  |  Layer:  8  |  Train Loss: 0.804 | Train Acc: 77.03  |  Val Loss: 0.922 | Val Acc: 68.22  |  Test Loss: 0.893 | Tes Acc: 66.67
INFO >> Epoch: 10  |  Layer:  9  |  Train Loss: 0.818 | Train Acc: 72.97  |  Val Loss: 0.949 | Val Acc: 66.36  |  Test Loss: 0.923 | Tes Acc: 70.24
INFO >> Epoch: 10  |  Layer: 10  |  Train Loss: 0.923 | Train Acc: 70.93  |  Val Loss: 1.027 | Val Acc: 64.49  |  Test Loss: 1.016 | Tes Acc: 61.90
INFO >> Epoch: 10  |  Layer: 11  |  Train Loss: 0.964 | Train Acc: 69.77  |  Val Loss: 1.083 | Val Acc: 62.62  |  Test Loss: 1.015 | Tes Acc: 65.48
INFO >> Epoch: 10  |  Layer: 12  |  Train Loss: 1.522 | Train Acc: 46.51  |  Val Loss: 1.558 | Val Acc: 43.93  |  Test Loss: 1.531 | Tes Acc: 57.14
INFO >> Epoch: 10  |  Layer: 13  |  Train Loss: 1.254 | Train Acc: 53.78  |  Val Loss: 1.315 | Val Acc: 42.06  |  Test Loss: 1.292 | Tes Acc: 58.33

INFO >> Epoch: 11  |  Layer:  1  |  Train Loss: 1.325 | Train Acc: 53.20  |  Val Loss: 1.310 | Val Acc: 47.66  |  Test Loss: 1.281 | Tes Acc: 59.52
INFO >> Epoch: 11  |  Layer:  2  |  Train Loss: 1.126 | Train Acc: 61.05  |  Val Loss: 1.150 | Val Acc: 57.94  |  Test Loss: 1.186 | Tes Acc: 54.76
INFO >> Epoch: 11  |  Layer:  3  |  Train Loss: 0.993 | Train Acc: 71.22  |  Val Loss: 1.027 | Val Acc: 68.22  |  Test Loss: 1.103 | Tes Acc: 67.86
INFO >> Epoch: 11  |  Layer:  4  |  Train Loss: 0.816 | Train Acc: 78.49  |  Val Loss: 0.840 | Val Acc: 74.77  |  Test Loss: 0.905 | Tes Acc: 76.19
INFO >> Epoch: 11  |  Layer:  5  |  Train Loss: 0.734 | Train Acc: 82.27  |  Val Loss: 0.772 | Val Acc: 83.18  |  Test Loss: 0.861 | Tes Acc: 75.00
INFO >> Epoch: 11  |  Layer:  6  |  Train Loss: 0.683 | Train Acc: 81.98  |  Val Loss: 0.775 | Val Acc: 73.83  |  Test Loss: 0.770 | Tes Acc: 78.57
INFO >> Epoch: 11  |  Layer:  7  |  Train Loss: 0.679 | Train Acc: 79.94  |  Val Loss: 0.759 | Val Acc: 74.77  |  Test Loss: 0.760 | Tes Acc: 79.76
INFO >> Epoch: 11  |  Layer:  8  |  Train Loss: 0.786 | Train Acc: 74.13  |  Val Loss: 0.861 | Val Acc: 70.09  |  Test Loss: 0.848 | Tes Acc: 70.24
INFO >> Epoch: 11  |  Layer:  9  |  Train Loss: 0.791 | Train Acc: 75.29  |  Val Loss: 0.891 | Val Acc: 70.09  |  Test Loss: 0.877 | Tes Acc: 75.00
INFO >> Epoch: 11  |  Layer: 10  |  Train Loss: 0.896 | Train Acc: 72.09  |  Val Loss: 0.987 | Val Acc: 67.29  |  Test Loss: 0.981 | Tes Acc: 67.86
INFO >> Epoch: 11  |  Layer: 11  |  Train Loss: 0.935 | Train Acc: 70.64  |  Val Loss: 1.048 | Val Acc: 60.75  |  Test Loss: 0.978 | Tes Acc: 70.24
INFO >> Epoch: 11  |  Layer: 12  |  Train Loss: 1.498 | Train Acc: 43.90  |  Val Loss: 1.519 | Val Acc: 42.06  |  Test Loss: 1.478 | Tes Acc: 58.33
INFO >> Epoch: 11  |  Layer: 13  |  Train Loss: 1.241 | Train Acc: 52.62  |  Val Loss: 1.285 | Val Acc: 53.27  |  Test Loss: 1.248 | Tes Acc: 61.90

INFO >> Epoch: 12  |  Layer:  1  |  Train Loss: 1.294 | Train Acc: 58.14  |  Val Loss: 1.305 | Val Acc: 49.53  |  Test Loss: 1.340 | Tes Acc: 58.33
INFO >> Epoch: 12  |  Layer:  2  |  Train Loss: 1.080 | Train Acc: 67.73  |  Val Loss: 1.100 | Val Acc: 65.42  |  Test Loss: 1.160 | Tes Acc: 60.71
INFO >> Epoch: 12  |  Layer:  3  |  Train Loss: 0.944 | Train Acc: 75.29  |  Val Loss: 0.967 | Val Acc: 68.22  |  Test Loss: 1.040 | Tes Acc: 66.67
INFO >> Epoch: 12  |  Layer:  4  |  Train Loss: 0.748 | Train Acc: 81.98  |  Val Loss: 0.787 | Val Acc: 77.57  |  Test Loss: 0.852 | Tes Acc: 82.14
INFO >> Epoch: 12  |  Layer:  5  |  Train Loss: 0.649 | Train Acc: 85.76  |  Val Loss: 0.735 | Val Acc: 77.57  |  Test Loss: 0.807 | Tes Acc: 76.19
INFO >> Epoch: 12  |  Layer:  6  |  Train Loss: 0.597 | Train Acc: 87.79  |  Val Loss: 0.759 | Val Acc: 71.96  |  Test Loss: 0.719 | Tes Acc: 79.76
INFO >> Epoch: 12  |  Layer:  7  |  Train Loss: 0.585 | Train Acc: 84.59  |  Val Loss: 0.728 | Val Acc: 77.57  |  Test Loss: 0.728 | Tes Acc: 78.57
INFO >> Epoch: 12  |  Layer:  8  |  Train Loss: 0.694 | Train Acc: 80.52  |  Val Loss: 0.819 | Val Acc: 73.83  |  Test Loss: 0.820 | Tes Acc: 75.00
INFO >> Epoch: 12  |  Layer:  9  |  Train Loss: 0.713 | Train Acc: 80.81  |  Val Loss: 0.850 | Val Acc: 69.16  |  Test Loss: 0.852 | Tes Acc: 72.62
INFO >> Epoch: 12  |  Layer: 10  |  Train Loss: 0.816 | Train Acc: 75.29  |  Val Loss: 0.925 | Val Acc: 65.42  |  Test Loss: 0.947 | Tes Acc: 70.24
INFO >> Epoch: 12  |  Layer: 11  |  Train Loss: 0.872 | Train Acc: 70.06  |  Val Loss: 0.993 | Val Acc: 60.75  |  Test Loss: 0.949 | Tes Acc: 67.86
INFO >> Epoch: 12  |  Layer: 12  |  Train Loss: 1.444 | Train Acc: 46.51  |  Val Loss: 1.476 | Val Acc: 44.86  |  Test Loss: 1.457 | Tes Acc: 60.71
INFO >> Epoch: 12  |  Layer: 13  |  Train Loss: 1.188 | Train Acc: 57.85  |  Val Loss: 1.236 | Val Acc: 57.01  |  Test Loss: 1.217 | Tes Acc: 65.48

INFO >> Epoch: 13  |  Layer:  1  |  Train Loss: 1.230 | Train Acc: 57.27  |  Val Loss: 1.268 | Val Acc: 44.86  |  Test Loss: 1.249 | Tes Acc: 61.90
INFO >> Epoch: 13  |  Layer:  2  |  Train Loss: 1.009 | Train Acc: 68.90  |  Val Loss: 1.060 | Val Acc: 58.88  |  Test Loss: 1.070 | Tes Acc: 58.33
INFO >> Epoch: 13  |  Layer:  3  |  Train Loss: 0.883 | Train Acc: 76.16  |  Val Loss: 0.918 | Val Acc: 70.09  |  Test Loss: 0.970 | Tes Acc: 66.67
INFO >> Epoch: 13  |  Layer:  4  |  Train Loss: 0.697 | Train Acc: 83.72  |  Val Loss: 0.739 | Val Acc: 74.77  |  Test Loss: 0.793 | Tes Acc: 82.14
INFO >> Epoch: 13  |  Layer:  5  |  Train Loss: 0.619 | Train Acc: 86.05  |  Val Loss: 0.681 | Val Acc: 80.37  |  Test Loss: 0.784 | Tes Acc: 77.38
INFO >> Epoch: 13  |  Layer:  6  |  Train Loss: 0.575 | Train Acc: 86.34  |  Val Loss: 0.695 | Val Acc: 77.57  |  Test Loss: 0.688 | Tes Acc: 80.95
INFO >> Epoch: 13  |  Layer:  7  |  Train Loss: 0.565 | Train Acc: 83.72  |  Val Loss: 0.692 | Val Acc: 78.50  |  Test Loss: 0.703 | Tes Acc: 76.19
INFO >> Epoch: 13  |  Layer:  8  |  Train Loss: 0.668 | Train Acc: 83.72  |  Val Loss: 0.779 | Val Acc: 74.77  |  Test Loss: 0.777 | Tes Acc: 70.24
INFO >> Epoch: 13  |  Layer:  9  |  Train Loss: 0.677 | Train Acc: 82.56  |  Val Loss: 0.816 | Val Acc: 70.09  |  Test Loss: 0.803 | Tes Acc: 78.57
INFO >> Epoch: 13  |  Layer: 10  |  Train Loss: 0.781 | Train Acc: 77.91  |  Val Loss: 0.896 | Val Acc: 67.29  |  Test Loss: 0.925 | Tes Acc: 70.24
INFO >> Epoch: 13  |  Layer: 11  |  Train Loss: 0.828 | Train Acc: 74.71  |  Val Loss: 0.963 | Val Acc: 63.55  |  Test Loss: 0.918 | Tes Acc: 67.86
INFO >> Epoch: 13  |  Layer: 12  |  Train Loss: 1.407 | Train Acc: 47.09  |  Val Loss: 1.432 | Val Acc: 43.93  |  Test Loss: 1.412 | Tes Acc: 60.71
INFO >> Epoch: 13  |  Layer: 13  |  Train Loss: 1.141 | Train Acc: 60.17  |  Val Loss: 1.225 | Val Acc: 53.27  |  Test Loss: 1.149 | Tes Acc: 67.86

INFO >> Epoch: 14  |  Layer:  1  |  Train Loss: 1.186 | Train Acc: 58.43  |  Val Loss: 1.233 | Val Acc: 45.79  |  Test Loss: 1.253 | Tes Acc: 58.33
INFO >> Epoch: 14  |  Layer:  2  |  Train Loss: 0.987 | Train Acc: 67.15  |  Val Loss: 1.047 | Val Acc: 57.01  |  Test Loss: 1.098 | Tes Acc: 63.10
INFO >> Epoch: 14  |  Layer:  3  |  Train Loss: 0.847 | Train Acc: 75.87  |  Val Loss: 0.906 | Val Acc: 70.09  |  Test Loss: 0.982 | Tes Acc: 66.67
INFO >> Epoch: 14  |  Layer:  4  |  Train Loss: 0.651 | Train Acc: 84.30  |  Val Loss: 0.708 | Val Acc: 80.37  |  Test Loss: 0.772 | Tes Acc: 79.76
INFO >> Epoch: 14  |  Layer:  5  |  Train Loss: 0.563 | Train Acc: 89.53  |  Val Loss: 0.653 | Val Acc: 80.37  |  Test Loss: 0.739 | Tes Acc: 80.95
INFO >> Epoch: 14  |  Layer:  6  |  Train Loss: 0.519 | Train Acc: 88.95  |  Val Loss: 0.682 | Val Acc: 76.64  |  Test Loss: 0.667 | Tes Acc: 79.76
INFO >> Epoch: 14  |  Layer:  7  |  Train Loss: 0.512 | Train Acc: 88.08  |  Val Loss: 0.655 | Val Acc: 78.50  |  Test Loss: 0.678 | Tes Acc: 79.76
INFO >> Epoch: 14  |  Layer:  8  |  Train Loss: 0.618 | Train Acc: 83.43  |  Val Loss: 0.742 | Val Acc: 73.83  |  Test Loss: 0.767 | Tes Acc: 71.43
INFO >> Epoch: 14  |  Layer:  9  |  Train Loss: 0.622 | Train Acc: 83.14  |  Val Loss: 0.766 | Val Acc: 74.77  |  Test Loss: 0.782 | Tes Acc: 78.57
INFO >> Epoch: 14  |  Layer: 10  |  Train Loss: 0.729 | Train Acc: 77.33  |  Val Loss: 0.857 | Val Acc: 70.09  |  Test Loss: 0.884 | Tes Acc: 70.24
INFO >> Epoch: 14  |  Layer: 11  |  Train Loss: 0.790 | Train Acc: 77.33  |  Val Loss: 0.938 | Val Acc: 62.62  |  Test Loss: 0.880 | Tes Acc: 73.81
INFO >> Epoch: 14  |  Layer: 12  |  Train Loss: 1.360 | Train Acc: 47.38  |  Val Loss: 1.420 | Val Acc: 48.60  |  Test Loss: 1.401 | Tes Acc: 60.71
INFO >> Epoch: 14  |  Layer: 13  |  Train Loss: 1.093 | Train Acc: 65.99  |  Val Loss: 1.214 | Val Acc: 51.40  |  Test Loss: 1.183 | Tes Acc: 64.29

INFO >> Epoch: 15  |  Layer:  1  |  Train Loss: 1.171 | Train Acc: 57.27  |  Val Loss: 1.259 | Val Acc: 46.73  |  Test Loss: 1.277 | Tes Acc: 53.57
INFO >> Epoch: 15  |  Layer:  2  |  Train Loss: 0.946 | Train Acc: 71.22  |  Val Loss: 0.981 | Val Acc: 66.36  |  Test Loss: 1.012 | Tes Acc: 63.10
INFO >> Epoch: 15  |  Layer:  3  |  Train Loss: 0.804 | Train Acc: 80.52  |  Val Loss: 0.839 | Val Acc: 69.16  |  Test Loss: 0.916 | Tes Acc: 71.43
INFO >> Epoch: 15  |  Layer:  4  |  Train Loss: 0.617 | Train Acc: 84.88  |  Val Loss: 0.668 | Val Acc: 76.64  |  Test Loss: 0.739 | Tes Acc: 86.90
INFO >> Epoch: 15  |  Layer:  5  |  Train Loss: 0.538 | Train Acc: 87.21  |  Val Loss: 0.618 | Val Acc: 79.44  |  Test Loss: 0.738 | Tes Acc: 82.14
INFO >> Epoch: 15  |  Layer:  6  |  Train Loss: 0.488 | Train Acc: 87.21  |  Val Loss: 0.636 | Val Acc: 81.31  |  Test Loss: 0.636 | Tes Acc: 82.14
INFO >> Epoch: 15  |  Layer:  7  |  Train Loss: 0.477 | Train Acc: 88.37  |  Val Loss: 0.628 | Val Acc: 81.31  |  Test Loss: 0.645 | Tes Acc: 80.95
INFO >> Epoch: 15  |  Layer:  8  |  Train Loss: 0.577 | Train Acc: 85.17  |  Val Loss: 0.697 | Val Acc: 77.57  |  Test Loss: 0.719 | Tes Acc: 75.00
INFO >> Epoch: 15  |  Layer:  9  |  Train Loss: 0.580 | Train Acc: 85.17  |  Val Loss: 0.727 | Val Acc: 71.96  |  Test Loss: 0.746 | Tes Acc: 78.57
INFO >> Epoch: 15  |  Layer: 10  |  Train Loss: 0.698 | Train Acc: 78.78  |  Val Loss: 0.812 | Val Acc: 73.83  |  Test Loss: 0.879 | Tes Acc: 71.43
INFO >> Epoch: 15  |  Layer: 11  |  Train Loss: 0.743 | Train Acc: 79.65  |  Val Loss: 0.872 | Val Acc: 67.29  |  Test Loss: 0.862 | Tes Acc: 72.62
INFO >> Epoch: 15  |  Layer: 12  |  Train Loss: 1.321 | Train Acc: 48.55  |  Val Loss: 1.383 | Val Acc: 44.86  |  Test Loss: 1.366 | Tes Acc: 60.71
INFO >> Epoch: 15  |  Layer: 13  |  Train Loss: 1.063 | Train Acc: 61.63  |  Val Loss: 1.157 | Val Acc: 57.94  |  Test Loss: 1.107 | Tes Acc: 70.24

INFO >> Epoch: 16  |  Layer:  1  |  Train Loss: 1.107 | Train Acc: 62.50  |  Val Loss: 1.124 | Val Acc: 57.01  |  Test Loss: 1.130 | Tes Acc: 63.10
INFO >> Epoch: 16  |  Layer:  2  |  Train Loss: 0.897 | Train Acc: 72.09  |  Val Loss: 0.955 | Val Acc: 63.55  |  Test Loss: 1.005 | Tes Acc: 67.86
INFO >> Epoch: 16  |  Layer:  3  |  Train Loss: 0.756 | Train Acc: 79.65  |  Val Loss: 0.815 | Val Acc: 72.90  |  Test Loss: 0.903 | Tes Acc: 70.24
INFO >> Epoch: 16  |  Layer:  4  |  Train Loss: 0.568 | Train Acc: 86.92  |  Val Loss: 0.637 | Val Acc: 81.31  |  Test Loss: 0.708 | Tes Acc: 80.95
INFO >> Epoch: 16  |  Layer:  5  |  Train Loss: 0.489 | Train Acc: 89.24  |  Val Loss: 0.591 | Val Acc: 81.31  |  Test Loss: 0.692 | Tes Acc: 80.95
INFO >> Epoch: 16  |  Layer:  6  |  Train Loss: 0.452 | Train Acc: 89.24  |  Val Loss: 0.626 | Val Acc: 77.57  |  Test Loss: 0.626 | Tes Acc: 82.14
INFO >> Epoch: 16  |  Layer:  7  |  Train Loss: 0.437 | Train Acc: 89.83  |  Val Loss: 0.608 | Val Acc: 80.37  |  Test Loss: 0.656 | Tes Acc: 80.95
INFO >> Epoch: 16  |  Layer:  8  |  Train Loss: 0.539 | Train Acc: 87.50  |  Val Loss: 0.679 | Val Acc: 78.50  |  Test Loss: 0.722 | Tes Acc: 78.57
INFO >> Epoch: 16  |  Layer:  9  |  Train Loss: 0.558 | Train Acc: 85.76  |  Val Loss: 0.711 | Val Acc: 74.77  |  Test Loss: 0.740 | Tes Acc: 78.57
INFO >> Epoch: 16  |  Layer: 10  |  Train Loss: 0.660 | Train Acc: 79.65  |  Val Loss: 0.790 | Val Acc: 71.96  |  Test Loss: 0.836 | Tes Acc: 71.43
INFO >> Epoch: 16  |  Layer: 11  |  Train Loss: 0.713 | Train Acc: 80.81  |  Val Loss: 0.854 | Val Acc: 67.29  |  Test Loss: 0.828 | Tes Acc: 77.38
INFO >> Epoch: 16  |  Layer: 12  |  Train Loss: 1.281 | Train Acc: 50.87  |  Val Loss: 1.350 | Val Acc: 49.53  |  Test Loss: 1.349 | Tes Acc: 61.90
INFO >> Epoch: 16  |  Layer: 13  |  Train Loss: 1.015 | Train Acc: 64.53  |  Val Loss: 1.136 | Val Acc: 54.21  |  Test Loss: 1.085 | Tes Acc: 73.81

INFO >> Epoch: 17  |  Layer:  1  |  Train Loss: 1.097 | Train Acc: 61.63  |  Val Loss: 1.152 | Val Acc: 53.27  |  Test Loss: 1.195 | Tes Acc: 57.14
INFO >> Epoch: 17  |  Layer:  2  |  Train Loss: 0.884 | Train Acc: 73.84  |  Val Loss: 0.927 | Val Acc: 68.22  |  Test Loss: 1.017 | Tes Acc: 66.67
INFO >> Epoch: 17  |  Layer:  3  |  Train Loss: 0.734 | Train Acc: 79.94  |  Val Loss: 0.769 | Val Acc: 77.57  |  Test Loss: 0.872 | Tes Acc: 77.38
INFO >> Epoch: 17  |  Layer:  4  |  Train Loss: 0.538 | Train Acc: 86.92  |  Val Loss: 0.604 | Val Acc: 82.24  |  Test Loss: 0.687 | Tes Acc: 86.90
INFO >> Epoch: 17  |  Layer:  5  |  Train Loss: 0.464 | Train Acc: 88.95  |  Val Loss: 0.544 | Val Acc: 83.18  |  Test Loss: 0.657 | Tes Acc: 82.14
INFO >> Epoch: 17  |  Layer:  6  |  Train Loss: 0.426 | Train Acc: 90.70  |  Val Loss: 0.574 | Val Acc: 78.50  |  Test Loss: 0.569 | Tes Acc: 85.71
INFO >> Epoch: 17  |  Layer:  7  |  Train Loss: 0.407 | Train Acc: 92.44  |  Val Loss: 0.563 | Val Acc: 84.11  |  Test Loss: 0.593 | Tes Acc: 84.52
INFO >> Epoch: 17  |  Layer:  8  |  Train Loss: 0.506 | Train Acc: 87.50  |  Val Loss: 0.632 | Val Acc: 77.57  |  Test Loss: 0.665 | Tes Acc: 77.38
INFO >> Epoch: 17  |  Layer:  9  |  Train Loss: 0.524 | Train Acc: 86.34  |  Val Loss: 0.666 | Val Acc: 75.70  |  Test Loss: 0.684 | Tes Acc: 83.33
INFO >> Epoch: 17  |  Layer: 10  |  Train Loss: 0.639 | Train Acc: 82.27  |  Val Loss: 0.762 | Val Acc: 74.77  |  Test Loss: 0.818 | Tes Acc: 76.19
INFO >> Epoch: 17  |  Layer: 11  |  Train Loss: 0.689 | Train Acc: 80.23  |  Val Loss: 0.818 | Val Acc: 71.96  |  Test Loss: 0.802 | Tes Acc: 77.38
INFO >> Epoch: 17  |  Layer: 12  |  Train Loss: 1.258 | Train Acc: 53.20  |  Val Loss: 1.318 | Val Acc: 52.34  |  Test Loss: 1.303 | Tes Acc: 65.48
INFO >> Epoch: 17  |  Layer: 13  |  Train Loss: 1.008 | Train Acc: 61.63  |  Val Loss: 1.127 | Val Acc: 61.68  |  Test Loss: 1.114 | Tes Acc: 66.67

INFO >> Epoch: 18  |  Layer:  1  |  Train Loss: 1.111 | Train Acc: 59.59  |  Val Loss: 1.173 | Val Acc: 46.73  |  Test Loss: 1.151 | Tes Acc: 58.33
INFO >> Epoch: 18  |  Layer:  2  |  Train Loss: 0.890 | Train Acc: 70.35  |  Val Loss: 0.929 | Val Acc: 61.68  |  Test Loss: 0.937 | Tes Acc: 60.71
INFO >> Epoch: 18  |  Layer:  3  |  Train Loss: 0.704 | Train Acc: 81.40  |  Val Loss: 0.763 | Val Acc: 71.03  |  Test Loss: 0.828 | Tes Acc: 73.81
INFO >> Epoch: 18  |  Layer:  4  |  Train Loss: 0.509 | Train Acc: 87.50  |  Val Loss: 0.591 | Val Acc: 80.37  |  Test Loss: 0.648 | Tes Acc: 85.71
INFO >> Epoch: 18  |  Layer:  5  |  Train Loss: 0.429 | Train Acc: 89.53  |  Val Loss: 0.551 | Val Acc: 82.24  |  Test Loss: 0.651 | Tes Acc: 82.14
INFO >> Epoch: 18  |  Layer:  6  |  Train Loss: 0.379 | Train Acc: 91.57  |  Val Loss: 0.588 | Val Acc: 76.64  |  Test Loss: 0.574 | Tes Acc: 85.71
INFO >> Epoch: 18  |  Layer:  7  |  Train Loss: 0.378 | Train Acc: 91.28  |  Val Loss: 0.554 | Val Acc: 84.11  |  Test Loss: 0.588 | Tes Acc: 79.76
INFO >> Epoch: 18  |  Layer:  8  |  Train Loss: 0.479 | Train Acc: 87.79  |  Val Loss: 0.616 | Val Acc: 75.70  |  Test Loss: 0.652 | Tes Acc: 76.19
INFO >> Epoch: 18  |  Layer:  9  |  Train Loss: 0.498 | Train Acc: 87.50  |  Val Loss: 0.667 | Val Acc: 71.96  |  Test Loss: 0.673 | Tes Acc: 80.95
INFO >> Epoch: 18  |  Layer: 10  |  Train Loss: 0.611 | Train Acc: 83.72  |  Val Loss: 0.754 | Val Acc: 68.22  |  Test Loss: 0.806 | Tes Acc: 75.00
INFO >> Epoch: 18  |  Layer: 11  |  Train Loss: 0.665 | Train Acc: 79.94  |  Val Loss: 0.831 | Val Acc: 65.42  |  Test Loss: 0.774 | Tes Acc: 72.62
INFO >> Epoch: 18  |  Layer: 12  |  Train Loss: 1.256 | Train Acc: 52.62  |  Val Loss: 1.294 | Val Acc: 56.07  |  Test Loss: 1.275 | Tes Acc: 63.10
INFO >> Epoch: 18  |  Layer: 13  |  Train Loss: 1.004 | Train Acc: 65.41  |  Val Loss: 1.116 | Val Acc: 57.01  |  Test Loss: 1.024 | Tes Acc: 70.24

INFO >> Epoch: 19  |  Layer:  1  |  Train Loss: 1.077 | Train Acc: 63.08  |  Val Loss: 1.102 | Val Acc: 55.14  |  Test Loss: 1.129 | Tes Acc: 58.33
INFO >> Epoch: 19  |  Layer:  2  |  Train Loss: 0.834 | Train Acc: 72.67  |  Val Loss: 0.875 | Val Acc: 71.96  |  Test Loss: 0.949 | Tes Acc: 66.67
INFO >> Epoch: 19  |  Layer:  3  |  Train Loss: 0.669 | Train Acc: 80.81  |  Val Loss: 0.735 | Val Acc: 80.37  |  Test Loss: 0.833 | Tes Acc: 71.43
INFO >> Epoch: 19  |  Layer:  4  |  Train Loss: 0.483 | Train Acc: 87.21  |  Val Loss: 0.571 | Val Acc: 82.24  |  Test Loss: 0.642 | Tes Acc: 84.52
INFO >> Epoch: 19  |  Layer:  5  |  Train Loss: 0.408 | Train Acc: 89.83  |  Val Loss: 0.523 | Val Acc: 81.31  |  Test Loss: 0.620 | Tes Acc: 79.76
INFO >> Epoch: 19  |  Layer:  6  |  Train Loss: 0.362 | Train Acc: 91.86  |  Val Loss: 0.557 | Val Acc: 78.50  |  Test Loss: 0.533 | Tes Acc: 85.71
INFO >> Epoch: 19  |  Layer:  7  |  Train Loss: 0.355 | Train Acc: 93.31  |  Val Loss: 0.527 | Val Acc: 83.18  |  Test Loss: 0.564 | Tes Acc: 83.33
INFO >> Epoch: 19  |  Layer:  8  |  Train Loss: 0.459 | Train Acc: 87.79  |  Val Loss: 0.598 | Val Acc: 76.64  |  Test Loss: 0.650 | Tes Acc: 78.57
INFO >> Epoch: 19  |  Layer:  9  |  Train Loss: 0.485 | Train Acc: 86.05  |  Val Loss: 0.634 | Val Acc: 75.70  |  Test Loss: 0.665 | Tes Acc: 80.95
INFO >> Epoch: 19  |  Layer: 10  |  Train Loss: 0.574 | Train Acc: 83.43  |  Val Loss: 0.712 | Val Acc: 74.77  |  Test Loss: 0.782 | Tes Acc: 73.81
INFO >> Epoch: 19  |  Layer: 11  |  Train Loss: 0.616 | Train Acc: 79.07  |  Val Loss: 0.777 | Val Acc: 73.83  |  Test Loss: 0.766 | Tes Acc: 76.19
INFO >> Epoch: 19  |  Layer: 12  |  Train Loss: 1.198 | Train Acc: 55.52  |  Val Loss: 1.277 | Val Acc: 54.21  |  Test Loss: 1.261 | Tes Acc: 64.29
INFO >> Epoch: 19  |  Layer: 13  |  Train Loss: 0.947 | Train Acc: 69.77  |  Val Loss: 1.099 | Val Acc: 57.94  |  Test Loss: 1.033 | Tes Acc: 71.43

INFO >> Epoch: 20  |  Layer:  1  |  Train Loss: 1.079 | Train Acc: 63.37  |  Val Loss: 1.075 | Val Acc: 53.27  |  Test Loss: 1.067 | Tes Acc: 60.71
INFO >> Epoch: 20  |  Layer:  2  |  Train Loss: 0.828 | Train Acc: 76.45  |  Val Loss: 0.850 | Val Acc: 71.96  |  Test Loss: 0.916 | Tes Acc: 71.43
INFO >> Epoch: 20  |  Layer:  3  |  Train Loss: 0.647 | Train Acc: 82.56  |  Val Loss: 0.678 | Val Acc: 78.50  |  Test Loss: 0.785 | Tes Acc: 80.95
INFO >> Epoch: 20  |  Layer:  4  |  Train Loss: 0.457 | Train Acc: 87.50  |  Val Loss: 0.538 | Val Acc: 83.18  |  Test Loss: 0.632 | Tes Acc: 88.10
INFO >> Epoch: 20  |  Layer:  5  |  Train Loss: 0.379 | Train Acc: 91.57  |  Val Loss: 0.499 | Val Acc: 84.11  |  Test Loss: 0.615 | Tes Acc: 80.95
INFO >> Epoch: 20  |  Layer:  6  |  Train Loss: 0.333 | Train Acc: 93.31  |  Val Loss: 0.537 | Val Acc: 82.24  |  Test Loss: 0.538 | Tes Acc: 86.90
INFO >> Epoch: 20  |  Layer:  7  |  Train Loss: 0.327 | Train Acc: 91.86  |  Val Loss: 0.519 | Val Acc: 85.98  |  Test Loss: 0.542 | Tes Acc: 84.52
INFO >> Epoch: 20  |  Layer:  8  |  Train Loss: 0.426 | Train Acc: 88.95  |  Val Loss: 0.566 | Val Acc: 80.37  |  Test Loss: 0.611 | Tes Acc: 78.57
INFO >> Epoch: 20  |  Layer:  9  |  Train Loss: 0.460 | Train Acc: 88.08  |  Val Loss: 0.615 | Val Acc: 79.44  |  Test Loss: 0.641 | Tes Acc: 83.33
INFO >> Epoch: 20  |  Layer: 10  |  Train Loss: 0.567 | Train Acc: 85.47  |  Val Loss: 0.687 | Val Acc: 74.77  |  Test Loss: 0.751 | Tes Acc: 76.19
INFO >> Epoch: 20  |  Layer: 11  |  Train Loss: 0.622 | Train Acc: 82.56  |  Val Loss: 0.745 | Val Acc: 71.96  |  Test Loss: 0.728 | Tes Acc: 80.95
INFO >> Epoch: 20  |  Layer: 12  |  Train Loss: 1.217 | Train Acc: 52.33  |  Val Loss: 1.258 | Val Acc: 59.81  |  Test Loss: 1.257 | Tes Acc: 64.29
INFO >> Epoch: 20  |  Layer: 13  |  Train Loss: 0.954 | Train Acc: 64.24  |  Val Loss: 1.062 | Val Acc: 62.62  |  Test Loss: 1.039 | Tes Acc: 69.05

INFO >> Epoch: 21  |  Layer:  1  |  Train Loss: 1.042 | Train Acc: 65.12  |  Val Loss: 1.112 | Val Acc: 49.53  |  Test Loss: 1.088 | Tes Acc: 64.29
INFO >> Epoch: 21  |  Layer:  2  |  Train Loss: 0.772 | Train Acc: 78.49  |  Val Loss: 0.821 | Val Acc: 72.90  |  Test Loss: 0.885 | Tes Acc: 70.24
INFO >> Epoch: 21  |  Layer:  3  |  Train Loss: 0.597 | Train Acc: 86.92  |  Val Loss: 0.671 | Val Acc: 76.64  |  Test Loss: 0.756 | Tes Acc: 83.33
INFO >> Epoch: 21  |  Layer:  4  |  Train Loss: 0.414 | Train Acc: 91.28  |  Val Loss: 0.518 | Val Acc: 85.05  |  Test Loss: 0.574 | Tes Acc: 86.90
INFO >> Epoch: 21  |  Layer:  5  |  Train Loss: 0.348 | Train Acc: 94.19  |  Val Loss: 0.488 | Val Acc: 83.18  |  Test Loss: 0.571 | Tes Acc: 84.52
INFO >> Epoch: 21  |  Layer:  6  |  Train Loss: 0.318 | Train Acc: 95.06  |  Val Loss: 0.512 | Val Acc: 81.31  |  Test Loss: 0.495 | Tes Acc: 86.90
INFO >> Epoch: 21  |  Layer:  7  |  Train Loss: 0.305 | Train Acc: 94.77  |  Val Loss: 0.483 | Val Acc: 85.98  |  Test Loss: 0.531 | Tes Acc: 85.71
INFO >> Epoch: 21  |  Layer:  8  |  Train Loss: 0.403 | Train Acc: 90.70  |  Val Loss: 0.538 | Val Acc: 78.50  |  Test Loss: 0.604 | Tes Acc: 78.57
INFO >> Epoch: 21  |  Layer:  9  |  Train Loss: 0.421 | Train Acc: 89.53  |  Val Loss: 0.592 | Val Acc: 76.64  |  Test Loss: 0.607 | Tes Acc: 84.52
INFO >> Epoch: 21  |  Layer: 10  |  Train Loss: 0.519 | Train Acc: 86.05  |  Val Loss: 0.661 | Val Acc: 77.57  |  Test Loss: 0.744 | Tes Acc: 77.38
INFO >> Epoch: 21  |  Layer: 11  |  Train Loss: 0.568 | Train Acc: 83.72  |  Val Loss: 0.730 | Val Acc: 69.16  |  Test Loss: 0.711 | Tes Acc: 77.38
INFO >> Epoch: 21  |  Layer: 12  |  Train Loss: 1.173 | Train Acc: 55.52  |  Val Loss: 1.236 | Val Acc: 56.07  |  Test Loss: 1.220 | Tes Acc: 65.48
INFO >> Epoch: 21  |  Layer: 13  |  Train Loss: 0.906 | Train Acc: 69.77  |  Val Loss: 1.089 | Val Acc: 56.07  |  Test Loss: 0.973 | Tes Acc: 69.05

INFO >> Epoch: 22  |  Layer:  1  |  Train Loss: 0.988 | Train Acc: 64.83  |  Val Loss: 1.012 | Val Acc: 60.75  |  Test Loss: 1.027 | Tes Acc: 64.29
INFO >> Epoch: 22  |  Layer:  2  |  Train Loss: 0.725 | Train Acc: 79.07  |  Val Loss: 0.822 | Val Acc: 63.55  |  Test Loss: 0.846 | Tes Acc: 65.48
INFO >> Epoch: 22  |  Layer:  3  |  Train Loss: 0.578 | Train Acc: 83.72  |  Val Loss: 0.640 | Val Acc: 75.70  |  Test Loss: 0.722 | Tes Acc: 82.14
INFO >> Epoch: 22  |  Layer:  4  |  Train Loss: 0.405 | Train Acc: 89.83  |  Val Loss: 0.501 | Val Acc: 82.24  |  Test Loss: 0.573 | Tes Acc: 86.90
INFO >> Epoch: 22  |  Layer:  5  |  Train Loss: 0.358 | Train Acc: 90.99  |  Val Loss: 0.484 | Val Acc: 83.18  |  Test Loss: 0.573 | Tes Acc: 84.52
INFO >> Epoch: 22  |  Layer:  6  |  Train Loss: 0.309 | Train Acc: 94.19  |  Val Loss: 0.511 | Val Acc: 80.37  |  Test Loss: 0.500 | Tes Acc: 86.90
INFO >> Epoch: 22  |  Layer:  7  |  Train Loss: 0.302 | Train Acc: 93.60  |  Val Loss: 0.496 | Val Acc: 85.05  |  Test Loss: 0.533 | Tes Acc: 84.52
INFO >> Epoch: 22  |  Layer:  8  |  Train Loss: 0.396 | Train Acc: 91.86  |  Val Loss: 0.537 | Val Acc: 79.44  |  Test Loss: 0.581 | Tes Acc: 78.57
INFO >> Epoch: 22  |  Layer:  9  |  Train Loss: 0.416 | Train Acc: 90.70  |  Val Loss: 0.590 | Val Acc: 74.77  |  Test Loss: 0.597 | Tes Acc: 83.33
INFO >> Epoch: 22  |  Layer: 10  |  Train Loss: 0.510 | Train Acc: 86.34  |  Val Loss: 0.655 | Val Acc: 74.77  |  Test Loss: 0.705 | Tes Acc: 77.38
INFO >> Epoch: 22  |  Layer: 11  |  Train Loss: 0.548 | Train Acc: 83.43  |  Val Loss: 0.713 | Val Acc: 71.96  |  Test Loss: 0.688 | Tes Acc: 80.95
INFO >> Epoch: 22  |  Layer: 12  |  Train Loss: 1.138 | Train Acc: 58.14  |  Val Loss: 1.224 | Val Acc: 55.14  |  Test Loss: 1.197 | Tes Acc: 63.10
INFO >> Epoch: 22  |  Layer: 13  |  Train Loss: 0.896 | Train Acc: 68.90  |  Val Loss: 1.061 | Val Acc: 56.07  |  Test Loss: 0.957 | Tes Acc: 71.43

INFO >> Epoch: 23  |  Layer:  1  |  Train Loss: 1.029 | Train Acc: 63.66  |  Val Loss: 1.005 | Val Acc: 58.88  |  Test Loss: 0.978 | Tes Acc: 61.90
INFO >> Epoch: 23  |  Layer:  2  |  Train Loss: 0.751 | Train Acc: 75.87  |  Val Loss: 0.785 | Val Acc: 69.16  |  Test Loss: 0.841 | Tes Acc: 77.38
INFO >> Epoch: 23  |  Layer:  3  |  Train Loss: 0.573 | Train Acc: 85.47  |  Val Loss: 0.614 | Val Acc: 78.50  |  Test Loss: 0.708 | Tes Acc: 83.33
INFO >> Epoch: 23  |  Layer:  4  |  Train Loss: 0.384 | Train Acc: 92.15  |  Val Loss: 0.484 | Val Acc: 83.18  |  Test Loss: 0.546 | Tes Acc: 86.90
INFO >> Epoch: 23  |  Layer:  5  |  Train Loss: 0.324 | Train Acc: 93.31  |  Val Loss: 0.458 | Val Acc: 85.05  |  Test Loss: 0.552 | Tes Acc: 82.14
INFO >> Epoch: 23  |  Layer:  6  |  Train Loss: 0.278 | Train Acc: 96.51  |  Val Loss: 0.494 | Val Acc: 82.24  |  Test Loss: 0.474 | Tes Acc: 88.10
INFO >> Epoch: 23  |  Layer:  7  |  Train Loss: 0.282 | Train Acc: 95.93  |  Val Loss: 0.462 | Val Acc: 87.85  |  Test Loss: 0.491 | Tes Acc: 85.71
INFO >> Epoch: 23  |  Layer:  8  |  Train Loss: 0.374 | Train Acc: 91.86  |  Val Loss: 0.505 | Val Acc: 85.05  |  Test Loss: 0.561 | Tes Acc: 82.14
INFO >> Epoch: 23  |  Layer:  9  |  Train Loss: 0.397 | Train Acc: 90.99  |  Val Loss: 0.539 | Val Acc: 78.50  |  Test Loss: 0.576 | Tes Acc: 83.33
INFO >> Epoch: 23  |  Layer: 10  |  Train Loss: 0.487 | Train Acc: 87.50  |  Val Loss: 0.615 | Val Acc: 79.44  |  Test Loss: 0.693 | Tes Acc: 76.19
INFO >> Epoch: 23  |  Layer: 11  |  Train Loss: 0.549 | Train Acc: 83.14  |  Val Loss: 0.671 | Val Acc: 74.77  |  Test Loss: 0.668 | Tes Acc: 82.14
INFO >> Epoch: 23  |  Layer: 12  |  Train Loss: 1.131 | Train Acc: 56.10  |  Val Loss: 1.215 | Val Acc: 58.88  |  Test Loss: 1.189 | Tes Acc: 61.90
INFO >> Epoch: 23  |  Layer: 13  |  Train Loss: 0.886 | Train Acc: 68.31  |  Val Loss: 1.041 | Val Acc: 60.75  |  Test Loss: 0.973 | Tes Acc: 72.62

INFO >> Epoch: 24  |  Layer:  1  |  Train Loss: 0.984 | Train Acc: 63.08  |  Val Loss: 1.096 | Val Acc: 49.53  |  Test Loss: 1.110 | Tes Acc: 54.76
INFO >> Epoch: 24  |  Layer:  2  |  Train Loss: 0.716 | Train Acc: 77.33  |  Val Loss: 0.756 | Val Acc: 78.50  |  Test Loss: 0.828 | Tes Acc: 75.00
INFO >> Epoch: 24  |  Layer:  3  |  Train Loss: 0.548 | Train Acc: 84.01  |  Val Loss: 0.612 | Val Acc: 81.31  |  Test Loss: 0.720 | Tes Acc: 80.95
INFO >> Epoch: 24  |  Layer:  4  |  Train Loss: 0.377 | Train Acc: 89.24  |  Val Loss: 0.499 | Val Acc: 83.18  |  Test Loss: 0.580 | Tes Acc: 85.71
INFO >> Epoch: 24  |  Layer:  5  |  Train Loss: 0.323 | Train Acc: 91.86  |  Val Loss: 0.457 | Val Acc: 85.05  |  Test Loss: 0.547 | Tes Acc: 80.95
INFO >> Epoch: 24  |  Layer:  6  |  Train Loss: 0.264 | Train Acc: 94.77  |  Val Loss: 0.488 | Val Acc: 78.50  |  Test Loss: 0.454 | Tes Acc: 88.10
INFO >> Epoch: 24  |  Layer:  7  |  Train Loss: 0.258 | Train Acc: 94.77  |  Val Loss: 0.446 | Val Acc: 85.98  |  Test Loss: 0.496 | Tes Acc: 86.90
INFO >> Epoch: 24  |  Layer:  8  |  Train Loss: 0.349 | Train Acc: 91.28  |  Val Loss: 0.491 | Val Acc: 81.31  |  Test Loss: 0.570 | Tes Acc: 83.33
INFO >> Epoch: 24  |  Layer:  9  |  Train Loss: 0.371 | Train Acc: 90.41  |  Val Loss: 0.541 | Val Acc: 79.44  |  Test Loss: 0.582 | Tes Acc: 83.33
INFO >> Epoch: 24  |  Layer: 10  |  Train Loss: 0.467 | Train Acc: 88.37  |  Val Loss: 0.589 | Val Acc: 82.24  |  Test Loss: 0.684 | Tes Acc: 78.57
INFO >> Epoch: 24  |  Layer: 11  |  Train Loss: 0.519 | Train Acc: 84.59  |  Val Loss: 0.651 | Val Acc: 74.77  |  Test Loss: 0.668 | Tes Acc: 83.33
INFO >> Epoch: 24  |  Layer: 12  |  Train Loss: 1.118 | Train Acc: 55.81  |  Val Loss: 1.186 | Val Acc: 57.01  |  Test Loss: 1.154 | Tes Acc: 67.86
INFO >> Epoch: 24  |  Layer: 13  |  Train Loss: 0.870 | Train Acc: 68.31  |  Val Loss: 0.998 | Val Acc: 60.75  |  Test Loss: 0.942 | Tes Acc: 71.43

INFO >> Epoch: 25  |  Layer:  1  |  Train Loss: 0.987 | Train Acc: 61.63  |  Val Loss: 1.015 | Val Acc: 55.14  |  Test Loss: 0.988 | Tes Acc: 63.10
INFO >> Epoch: 25  |  Layer:  2  |  Train Loss: 0.694 | Train Acc: 79.07  |  Val Loss: 0.790 | Val Acc: 63.55  |  Test Loss: 0.806 | Tes Acc: 67.86
INFO >> Epoch: 25  |  Layer:  3  |  Train Loss: 0.539 | Train Acc: 83.43  |  Val Loss: 0.609 | Val Acc: 76.64  |  Test Loss: 0.674 | Tes Acc: 77.38
INFO >> Epoch: 25  |  Layer:  4  |  Train Loss: 0.355 | Train Acc: 93.02  |  Val Loss: 0.478 | Val Acc: 83.18  |  Test Loss: 0.524 | Tes Acc: 88.10
INFO >> Epoch: 25  |  Layer:  5  |  Train Loss: 0.305 | Train Acc: 93.60  |  Val Loss: 0.473 | Val Acc: 84.11  |  Test Loss: 0.534 | Tes Acc: 85.71
INFO >> Epoch: 25  |  Layer:  6  |  Train Loss: 0.264 | Train Acc: 96.22  |  Val Loss: 0.520 | Val Acc: 79.44  |  Test Loss: 0.494 | Tes Acc: 88.10
INFO >> Epoch: 25  |  Layer:  7  |  Train Loss: 0.249 | Train Acc: 95.64  |  Val Loss: 0.459 | Val Acc: 85.05  |  Test Loss: 0.485 | Tes Acc: 84.52
INFO >> Epoch: 25  |  Layer:  8  |  Train Loss: 0.326 | Train Acc: 94.48  |  Val Loss: 0.475 | Val Acc: 82.24  |  Test Loss: 0.529 | Tes Acc: 84.52
INFO >> Epoch: 25  |  Layer:  9  |  Train Loss: 0.351 | Train Acc: 94.19  |  Val Loss: 0.534 | Val Acc: 77.57  |  Test Loss: 0.542 | Tes Acc: 84.52
INFO >> Epoch: 25  |  Layer: 10  |  Train Loss: 0.452 | Train Acc: 90.12  |  Val Loss: 0.606 | Val Acc: 79.44  |  Test Loss: 0.642 | Tes Acc: 77.38
INFO >> Epoch: 25  |  Layer: 11  |  Train Loss: 0.516 | Train Acc: 87.50  |  Val Loss: 0.686 | Val Acc: 71.03  |  Test Loss: 0.636 | Tes Acc: 80.95
INFO >> Epoch: 25  |  Layer: 12  |  Train Loss: 1.108 | Train Acc: 61.92  |  Val Loss: 1.179 | Val Acc: 62.62  |  Test Loss: 1.175 | Tes Acc: 64.29
INFO >> Epoch: 25  |  Layer: 13  |  Train Loss: 0.863 | Train Acc: 71.22  |  Val Loss: 1.052 | Val Acc: 58.88  |  Test Loss: 0.935 | Tes Acc: 70.24

INFO >> Epoch: 26  |  Layer:  1  |  Train Loss: 0.925 | Train Acc: 68.31  |  Val Loss: 1.022 | Val Acc: 54.21  |  Test Loss: 1.009 | Tes Acc: 63.10
INFO >> Epoch: 26  |  Layer:  2  |  Train Loss: 0.656 | Train Acc: 81.69  |  Val Loss: 0.724 | Val Acc: 77.57  |  Test Loss: 0.789 | Tes Acc: 80.95
INFO >> Epoch: 26  |  Layer:  3  |  Train Loss: 0.492 | Train Acc: 88.66  |  Val Loss: 0.565 | Val Acc: 78.50  |  Test Loss: 0.654 | Tes Acc: 88.10
INFO >> Epoch: 26  |  Layer:  4  |  Train Loss: 0.327 | Train Acc: 95.64  |  Val Loss: 0.459 | Val Acc: 84.11  |  Test Loss: 0.527 | Tes Acc: 89.29
INFO >> Epoch: 26  |  Layer:  5  |  Train Loss: 0.281 | Train Acc: 95.06  |  Val Loss: 0.430 | Val Acc: 84.11  |  Test Loss: 0.513 | Tes Acc: 82.14
INFO >> Epoch: 26  |  Layer:  6  |  Train Loss: 0.247 | Train Acc: 97.67  |  Val Loss: 0.467 | Val Acc: 82.24  |  Test Loss: 0.427 | Tes Acc: 88.10
INFO >> Epoch: 26  |  Layer:  7  |  Train Loss: 0.227 | Train Acc: 97.38  |  Val Loss: 0.418 | Val Acc: 85.98  |  Test Loss: 0.462 | Tes Acc: 85.71
INFO >> Epoch: 26  |  Layer:  8  |  Train Loss: 0.316 | Train Acc: 94.48  |  Val Loss: 0.453 | Val Acc: 81.31  |  Test Loss: 0.517 | Tes Acc: 83.33
INFO >> Epoch: 26  |  Layer:  9  |  Train Loss: 0.336 | Train Acc: 92.44  |  Val Loss: 0.502 | Val Acc: 79.44  |  Test Loss: 0.541 | Tes Acc: 84.52
INFO >> Epoch: 26  |  Layer: 10  |  Train Loss: 0.428 | Train Acc: 90.41  |  Val Loss: 0.561 | Val Acc: 82.24  |  Test Loss: 0.658 | Tes Acc: 76.19
INFO >> Epoch: 26  |  Layer: 11  |  Train Loss: 0.485 | Train Acc: 88.08  |  Val Loss: 0.612 | Val Acc: 77.57  |  Test Loss: 0.650 | Tes Acc: 83.33
INFO >> Epoch: 26  |  Layer: 12  |  Train Loss: 1.044 | Train Acc: 62.50  |  Val Loss: 1.161 | Val Acc: 59.81  |  Test Loss: 1.140 | Tes Acc: 64.29
INFO >> Epoch: 26  |  Layer: 13  |  Train Loss: 0.801 | Train Acc: 70.35  |  Val Loss: 0.977 | Val Acc: 63.55  |  Test Loss: 0.898 | Tes Acc: 75.00

INFO >> Epoch: 27  |  Layer:  1  |  Train Loss: 0.912 | Train Acc: 70.64  |  Val Loss: 0.980 | Val Acc: 62.62  |  Test Loss: 0.993 | Tes Acc: 66.67
INFO >> Epoch: 27  |  Layer:  2  |  Train Loss: 0.644 | Train Acc: 81.98  |  Val Loss: 0.709 | Val Acc: 76.64  |  Test Loss: 0.776 | Tes Acc: 85.71
INFO >> Epoch: 27  |  Layer:  3  |  Train Loss: 0.475 | Train Acc: 88.37  |  Val Loss: 0.547 | Val Acc: 78.50  |  Test Loss: 0.641 | Tes Acc: 85.71
INFO >> Epoch: 27  |  Layer:  4  |  Train Loss: 0.310 | Train Acc: 93.31  |  Val Loss: 0.440 | Val Acc: 85.05  |  Test Loss: 0.493 | Tes Acc: 86.90
INFO >> Epoch: 27  |  Layer:  5  |  Train Loss: 0.252 | Train Acc: 95.35  |  Val Loss: 0.423 | Val Acc: 84.11  |  Test Loss: 0.488 | Tes Acc: 84.52
INFO >> Epoch: 27  |  Layer:  6  |  Train Loss: 0.211 | Train Acc: 97.67  |  Val Loss: 0.464 | Val Acc: 79.44  |  Test Loss: 0.431 | Tes Acc: 86.90
INFO >> Epoch: 27  |  Layer:  7  |  Train Loss: 0.205 | Train Acc: 98.26  |  Val Loss: 0.429 | Val Acc: 85.98  |  Test Loss: 0.464 | Tes Acc: 86.90
INFO >> Epoch: 27  |  Layer:  8  |  Train Loss: 0.295 | Train Acc: 94.19  |  Val Loss: 0.449 | Val Acc: 80.37  |  Test Loss: 0.517 | Tes Acc: 84.52
INFO >> Epoch: 27  |  Layer:  9  |  Train Loss: 0.311 | Train Acc: 93.90  |  Val Loss: 0.502 | Val Acc: 79.44  |  Test Loss: 0.528 | Tes Acc: 84.52
INFO >> Epoch: 27  |  Layer: 10  |  Train Loss: 0.399 | Train Acc: 90.12  |  Val Loss: 0.550 | Val Acc: 81.31  |  Test Loss: 0.636 | Tes Acc: 78.57
INFO >> Epoch: 27  |  Layer: 11  |  Train Loss: 0.439 | Train Acc: 89.24  |  Val Loss: 0.606 | Val Acc: 76.64  |  Test Loss: 0.613 | Tes Acc: 84.52
INFO >> Epoch: 27  |  Layer: 12  |  Train Loss: 1.055 | Train Acc: 61.63  |  Val Loss: 1.145 | Val Acc: 64.49  |  Test Loss: 1.137 | Tes Acc: 66.67
INFO >> Epoch: 27  |  Layer: 13  |  Train Loss: 0.772 | Train Acc: 77.33  |  Val Loss: 0.989 | Val Acc: 62.62  |  Test Loss: 0.923 | Tes Acc: 71.43

INFO >> Epoch: 28  |  Layer:  1  |  Train Loss: 0.903 | Train Acc: 65.99  |  Val Loss: 1.058 | Val Acc: 50.47  |  Test Loss: 1.007 | Tes Acc: 58.33
INFO >> Epoch: 28  |  Layer:  2  |  Train Loss: 0.625 | Train Acc: 82.27  |  Val Loss: 0.727 | Val Acc: 68.22  |  Test Loss: 0.748 | Tes Acc: 72.62
INFO >> Epoch: 28  |  Layer:  3  |  Train Loss: 0.461 | Train Acc: 87.50  |  Val Loss: 0.542 | Val Acc: 81.31  |  Test Loss: 0.611 | Tes Acc: 80.95
INFO >> Epoch: 28  |  Layer:  4  |  Train Loss: 0.312 | Train Acc: 94.19  |  Val Loss: 0.431 | Val Acc: 85.05  |  Test Loss: 0.479 | Tes Acc: 88.10
INFO >> Epoch: 28  |  Layer:  5  |  Train Loss: 0.259 | Train Acc: 96.80  |  Val Loss: 0.414 | Val Acc: 86.92  |  Test Loss: 0.485 | Tes Acc: 84.52
INFO >> Epoch: 28  |  Layer:  6  |  Train Loss: 0.218 | Train Acc: 97.38  |  Val Loss: 0.442 | Val Acc: 81.31  |  Test Loss: 0.420 | Tes Acc: 86.90
INFO >> Epoch: 28  |  Layer:  7  |  Train Loss: 0.224 | Train Acc: 97.38  |  Val Loss: 0.423 | Val Acc: 85.98  |  Test Loss: 0.465 | Tes Acc: 88.10
INFO >> Epoch: 28  |  Layer:  8  |  Train Loss: 0.301 | Train Acc: 95.93  |  Val Loss: 0.439 | Val Acc: 85.98  |  Test Loss: 0.513 | Tes Acc: 83.33
INFO >> Epoch: 28  |  Layer:  9  |  Train Loss: 0.317 | Train Acc: 92.44  |  Val Loss: 0.492 | Val Acc: 79.44  |  Test Loss: 0.522 | Tes Acc: 85.71
INFO >> Epoch: 28  |  Layer: 10  |  Train Loss: 0.400 | Train Acc: 89.24  |  Val Loss: 0.548 | Val Acc: 83.18  |  Test Loss: 0.621 | Tes Acc: 79.76
INFO >> Epoch: 28  |  Layer: 11  |  Train Loss: 0.435 | Train Acc: 87.79  |  Val Loss: 0.599 | Val Acc: 77.57  |  Test Loss: 0.606 | Tes Acc: 83.33
INFO >> Epoch: 28  |  Layer: 12  |  Train Loss: 1.038 | Train Acc: 62.21  |  Val Loss: 1.127 | Val Acc: 62.62  |  Test Loss: 1.090 | Tes Acc: 61.90
INFO >> Epoch: 28  |  Layer: 13  |  Train Loss: 0.758 | Train Acc: 76.16  |  Val Loss: 0.995 | Val Acc: 61.68  |  Test Loss: 0.879 | Tes Acc: 76.19

INFO >> Epoch: 29  |  Layer:  1  |  Train Loss: 0.909 | Train Acc: 66.28  |  Val Loss: 1.054 | Val Acc: 55.14  |  Test Loss: 1.050 | Tes Acc: 63.10
INFO >> Epoch: 29  |  Layer:  2  |  Train Loss: 0.613 | Train Acc: 81.98  |  Val Loss: 0.676 | Val Acc: 77.57  |  Test Loss: 0.755 | Tes Acc: 80.95
INFO >> Epoch: 29  |  Layer:  3  |  Train Loss: 0.443 | Train Acc: 89.83  |  Val Loss: 0.523 | Val Acc: 84.11  |  Test Loss: 0.622 | Tes Acc: 84.52
INFO >> Epoch: 29  |  Layer:  4  |  Train Loss: 0.286 | Train Acc: 94.19  |  Val Loss: 0.431 | Val Acc: 84.11  |  Test Loss: 0.482 | Tes Acc: 89.29
INFO >> Epoch: 29  |  Layer:  5  |  Train Loss: 0.240 | Train Acc: 94.48  |  Val Loss: 0.412 | Val Acc: 85.05  |  Test Loss: 0.488 | Tes Acc: 84.52
INFO >> Epoch: 29  |  Layer:  6  |  Train Loss: 0.197 | Train Acc: 98.55  |  Val Loss: 0.446 | Val Acc: 84.11  |  Test Loss: 0.404 | Tes Acc: 88.10
INFO >> Epoch: 29  |  Layer:  7  |  Train Loss: 0.202 | Train Acc: 96.80  |  Val Loss: 0.411 | Val Acc: 83.18  |  Test Loss: 0.437 | Tes Acc: 84.52
INFO >> Epoch: 29  |  Layer:  8  |  Train Loss: 0.276 | Train Acc: 94.19  |  Val Loss: 0.433 | Val Acc: 79.44  |  Test Loss: 0.490 | Tes Acc: 83.33
INFO >> Epoch: 29  |  Layer:  9  |  Train Loss: 0.286 | Train Acc: 95.06  |  Val Loss: 0.496 | Val Acc: 78.50  |  Test Loss: 0.502 | Tes Acc: 80.95
INFO >> Epoch: 29  |  Layer: 10  |  Train Loss: 0.380 | Train Acc: 89.83  |  Val Loss: 0.541 | Val Acc: 78.50  |  Test Loss: 0.620 | Tes Acc: 80.95
INFO >> Epoch: 29  |  Layer: 11  |  Train Loss: 0.417 | Train Acc: 88.95  |  Val Loss: 0.598 | Val Acc: 75.70  |  Test Loss: 0.601 | Tes Acc: 84.52
INFO >> Epoch: 29  |  Layer: 12  |  Train Loss: 1.028 | Train Acc: 63.08  |  Val Loss: 1.138 | Val Acc: 61.68  |  Test Loss: 1.119 | Tes Acc: 67.86
INFO >> Epoch: 29  |  Layer: 13  |  Train Loss: 0.772 | Train Acc: 74.71  |  Val Loss: 0.966 | Val Acc: 58.88  |  Test Loss: 0.881 | Tes Acc: 72.62

INFO >> Epoch: 30  |  Layer:  1  |  Train Loss: 0.876 | Train Acc: 65.41  |  Val Loss: 0.965 | Val Acc: 57.94  |  Test Loss: 0.943 | Tes Acc: 64.29
INFO >> Epoch: 30  |  Layer:  2  |  Train Loss: 0.596 | Train Acc: 82.27  |  Val Loss: 0.719 | Val Acc: 70.09  |  Test Loss: 0.741 | Tes Acc: 70.24
INFO >> Epoch: 30  |  Layer:  3  |  Train Loss: 0.423 | Train Acc: 89.24  |  Val Loss: 0.538 | Val Acc: 80.37  |  Test Loss: 0.607 | Tes Acc: 78.57
INFO >> Epoch: 30  |  Layer:  4  |  Train Loss: 0.278 | Train Acc: 95.06  |  Val Loss: 0.424 | Val Acc: 85.05  |  Test Loss: 0.466 | Tes Acc: 86.90
INFO >> Epoch: 30  |  Layer:  5  |  Train Loss: 0.234 | Train Acc: 97.09  |  Val Loss: 0.429 | Val Acc: 86.92  |  Test Loss: 0.483 | Tes Acc: 84.52
INFO >> Epoch: 30  |  Layer:  6  |  Train Loss: 0.196 | Train Acc: 96.51  |  Val Loss: 0.455 | Val Acc: 81.31  |  Test Loss: 0.431 | Tes Acc: 86.90
INFO >> Epoch: 30  |  Layer:  7  |  Train Loss: 0.191 | Train Acc: 97.97  |  Val Loss: 0.409 | Val Acc: 87.85  |  Test Loss: 0.449 | Tes Acc: 86.90
INFO >> Epoch: 30  |  Layer:  8  |  Train Loss: 0.272 | Train Acc: 95.64  |  Val Loss: 0.417 | Val Acc: 81.31  |  Test Loss: 0.483 | Tes Acc: 83.33
INFO >> Epoch: 30  |  Layer:  9  |  Train Loss: 0.295 | Train Acc: 92.15  |  Val Loss: 0.477 | Val Acc: 79.44  |  Test Loss: 0.498 | Tes Acc: 86.90
INFO >> Epoch: 30  |  Layer: 10  |  Train Loss: 0.367 | Train Acc: 91.28  |  Val Loss: 0.524 | Val Acc: 85.05  |  Test Loss: 0.592 | Tes Acc: 77.38
INFO >> Epoch: 30  |  Layer: 11  |  Train Loss: 0.408 | Train Acc: 88.37  |  Val Loss: 0.571 | Val Acc: 77.57  |  Test Loss: 0.584 | Tes Acc: 83.33
INFO >> Epoch: 30  |  Layer: 12  |  Train Loss: 1.025 | Train Acc: 59.01  |  Val Loss: 1.104 | Val Acc: 59.81  |  Test Loss: 1.078 | Tes Acc: 65.48
INFO >> Epoch: 30  |  Layer: 13  |  Train Loss: 0.751 | Train Acc: 75.00  |  Val Loss: 0.968 | Val Acc: 63.55  |  Test Loss: 0.849 | Tes Acc: 72.62



INFO >> Time Taken: 03:42

INFO >> Layer: 1  |  Best Val Acc: 62.62  |  Best Test Acc: 66.67
INFO >> Layer: 2  |  Best Val Acc: 78.50  |  Best Test Acc: 75.00
INFO >> Layer: 3  |  Best Val Acc: 84.11  |  Best Test Acc: 84.52
INFO >> Layer: 4  |  Best Val Acc: 85.05  |  Best Test Acc: 86.90
INFO >> Layer: 5  |  Best Val Acc: 86.92  |  Best Test Acc: 84.52
INFO >> Layer: 6  |  Best Val Acc: 84.11  |  Best Test Acc: 88.10
INFO >> Layer: 7  |  Best Val Acc: 87.85  |  Best Test Acc: 85.71
INFO >> Layer: 8  |  Best Val Acc: 85.98  |  Best Test Acc: 83.33
INFO >> Layer: 9  |  Best Val Acc: 79.44  |  Best Test Acc: 83.33
INFO >> Layer: 10  |  Best Val Acc: 85.05  |  Best Test Acc: 77.38
INFO >> Layer: 11  |  Best Val Acc: 77.57  |  Best Test Acc: 83.33
INFO >> Layer: 12  |  Best Val Acc: 64.49  |  Best Test Acc: 66.67
INFO >> Layer: 13  |  Best Val Acc: 63.55  |  Best Test Acc: 75.00

DEBUG >> Last state saved

INFO >> History saved (./history/v1.4/EmoDB/WAV2VEC2_BASE_PROBING/Run4/history.pt)
