
--------------------------------------------------
Multilingual SER System v1.1
--------------------------------------------------
Run Name      : Run1
Model         : WAV2VEC2_BASE
Extract Mode  : memory
Device        : gpu
Dataset       : EMOVO
Epochs        : 20
Num Workers   : 2
Data Dir      : ./data
History Dir   : ./history
Weights Dir   : ./weights
Log Level     : debug
Purge Cache   : False
Job Name      : Job25
Job Id        : 30593548

Timestamp : 2023-02-27 20:29:26.493194

INFO >> Running on CUDA


INFO >> Training Classifier

DEBUG >> Best state saved | Val Acc 29.591837525367737 | Test Acc 30.102041363716125

INFO >> Epoch: 1 |   Train Loss: 1.944 | Train Acc: 15.31 |   Val Loss: 1.925 | Val Acc: 29.59 |   Test Loss: 1.931 | Tes Acc: 30.10
DEBUG >> Best state saved | Val Acc 32.65306055545807 | Test Acc 27.551019191741943

INFO >> Epoch: 2 |   Train Loss: 1.905 | Train Acc: 26.53 |   Val Loss: 1.835 | Val Acc: 32.65 |   Test Loss: 1.880 | Tes Acc: 27.55
DEBUG >> Best state saved | Val Acc 46.93877696990967 | Test Acc 30.612245202064514

INFO >> Epoch: 3 |   Train Loss: 1.786 | Train Acc: 28.91 |   Val Loss: 1.670 | Val Acc: 46.94 |   Test Loss: 1.788 | Tes Acc: 30.61
DEBUG >> Best state saved | Val Acc 48.97959232330322 | Test Acc 21.42857164144516

INFO >> Epoch: 4 |   Train Loss: 1.609 | Train Acc: 37.41 |   Val Loss: 1.499 | Val Acc: 48.98 |   Test Loss: 1.714 | Tes Acc: 21.43
INFO >> Epoch: 5 |   Train Loss: 1.376 | Train Acc: 46.60 |   Val Loss: 1.284 | Val Acc: 47.96 |   Test Loss: 1.821 | Tes Acc: 30.10
INFO >> Epoch: 6 |   Train Loss: 1.308 | Train Acc: 46.60 |   Val Loss: 1.428 | Val Acc: 48.98 |   Test Loss: 1.873 | Tes Acc: 22.45
DEBUG >> Best state saved | Val Acc 53.06122303009033 | Test Acc 25.0

INFO >> Epoch: 7 |   Train Loss: 1.149 | Train Acc: 52.72 |   Val Loss: 1.444 | Val Acc: 53.06 |   Test Loss: 1.895 | Tes Acc: 25.00
INFO >> Epoch: 8 |   Train Loss: 1.047 | Train Acc: 61.90 |   Val Loss: 1.422 | Val Acc: 52.04 |   Test Loss: 2.130 | Tes Acc: 29.08
INFO >> Epoch: 9 |   Train Loss: 0.878 | Train Acc: 68.71 |   Val Loss: 1.274 | Val Acc: 53.06 |   Test Loss: 2.249 | Tes Acc: 31.12
DEBUG >> Best state saved | Val Acc 57.14285969734192 | Test Acc 31.63265287876129

INFO >> Epoch: 10 |   Train Loss: 0.781 | Train Acc: 72.45 |   Val Loss: 1.258 | Val Acc: 57.14 |   Test Loss: 2.329 | Tes Acc: 31.63
DEBUG >> Best state saved | Val Acc 58.163267374038696 | Test Acc 26.020407676696777

INFO >> Epoch: 11 |   Train Loss: 0.727 | Train Acc: 74.49 |   Val Loss: 1.365 | Val Acc: 58.16 |   Test Loss: 2.295 | Tes Acc: 26.02
INFO >> Epoch: 12 |   Train Loss: 0.656 | Train Acc: 75.85 |   Val Loss: 1.726 | Val Acc: 47.96 |   Test Loss: 2.485 | Tes Acc: 29.59
INFO >> Epoch: 13 |   Train Loss: 0.610 | Train Acc: 81.29 |   Val Loss: 1.555 | Val Acc: 47.96 |   Test Loss: 2.454 | Tes Acc: 30.61
INFO >> Epoch: 14 |   Train Loss: 0.489 | Train Acc: 83.33 |   Val Loss: 1.570 | Val Acc: 46.94 |   Test Loss: 2.462 | Tes Acc: 32.14
INFO >> Epoch: 15 |   Train Loss: 0.456 | Train Acc: 86.05 |   Val Loss: 1.486 | Val Acc: 47.96 |   Test Loss: 2.429 | Tes Acc: 33.16
INFO >> Epoch: 16 |   Train Loss: 0.434 | Train Acc: 84.35 |   Val Loss: 1.245 | Val Acc: 58.16 |   Test Loss: 2.527 | Tes Acc: 32.14
INFO >> Epoch: 17 |   Train Loss: 0.371 | Train Acc: 86.73 |   Val Loss: 1.327 | Val Acc: 57.14 |   Test Loss: 2.648 | Tes Acc: 31.63
INFO >> Epoch: 18 |   Train Loss: 0.373 | Train Acc: 87.76 |   Val Loss: 1.441 | Val Acc: 55.10 |   Test Loss: 2.478 | Tes Acc: 35.71
INFO >> Epoch: 19 |   Train Loss: 0.256 | Train Acc: 93.54 |   Val Loss: 1.445 | Val Acc: 50.00 |   Test Loss: 2.707 | Tes Acc: 30.61
INFO >> Epoch: 20 |   Train Loss: 0.249 | Train Acc: 92.18 |   Val Loss: 1.578 | Val Acc: 50.00 |   Test Loss: 2.897 | Tes Acc: 28.57


INFO >> Time Taken: 56:58

INFO >> Best Val Acc : 58.163267374038696 | Best Test A : 26.020407676696777

INFO >> Agg. Weights : 
-0.3887205421924591 -0.18301784992218018 -0.18267592787742615 -0.07060801237821579 -0.3817305266857147 0.010769707150757313 -0.15930141508579254 0.09675392508506775 -0.2258603423833847 -0.2993018925189972 0.04438840597867966 0.2855066657066345

DEBUG >> Last state saved | Val Acc 50.0 | Test Acc 28.57142984867096

INFO >> History saved (./history/v1.1/EMOVO/WAV2VEC2_BASE/Run1/history.pt)
