
--------------------------------------------------
Multilingual SER System v1.3
--------------------------------------------------
Run Name      : Run2
Fx Model      : WAV2VEC2_BASE
Clf Model     : PROBING
Extract Mode  : gpu_memory
Dataset       : RAVDESS
Device        : gpu
Epochs        : 20
Num Workers   : 2
Data Dir      : ./data
History Dir   : ./history
Weights Dir   : ./weights
Log Level     : debug
Purge Cache   : False
Job Name      : Job46
Job Id        : 30721380
GPU           : Quadro RTX 8000
GPU Count     : 1
GPU Memory    : 44.49 GB

Timestamp : 2023-03-03 12:05:44.552102

INFO >> Running on CUDA


INFO >> Training Classifier

INFO >> Epoch: 1  |  Layer:  1  |  Train Loss: 2.047 | Train Acc: 15.36  |  Val Loss: 1.989 | Val Acc: 27.00  |  Test Loss: 2.002 | Tes Acc: 27.67
INFO >> Epoch: 1  |  Layer:  2  |  Train Loss: 2.039 | Train Acc: 17.26  |  Val Loss: 1.973 | Val Acc: 27.00  |  Test Loss: 1.991 | Tes Acc: 33.33
INFO >> Epoch: 1  |  Layer:  3  |  Train Loss: 2.037 | Train Acc: 16.43  |  Val Loss: 1.969 | Val Acc: 31.00  |  Test Loss: 1.982 | Tes Acc: 33.67
INFO >> Epoch: 1  |  Layer:  4  |  Train Loss: 2.026 | Train Acc: 21.67  |  Val Loss: 1.938 | Val Acc: 32.00  |  Test Loss: 1.957 | Tes Acc: 38.67
INFO >> Epoch: 1  |  Layer:  5  |  Train Loss: 2.020 | Train Acc: 21.31  |  Val Loss: 1.933 | Val Acc: 32.67  |  Test Loss: 1.945 | Tes Acc: 37.00
INFO >> Epoch: 1  |  Layer:  6  |  Train Loss: 2.017 | Train Acc: 20.24  |  Val Loss: 1.921 | Val Acc: 36.67  |  Test Loss: 1.930 | Tes Acc: 40.00
INFO >> Epoch: 1  |  Layer:  7  |  Train Loss: 2.021 | Train Acc: 20.24  |  Val Loss: 1.935 | Val Acc: 40.33  |  Test Loss: 1.951 | Tes Acc: 40.33
INFO >> Epoch: 1  |  Layer:  8  |  Train Loss: 2.029 | Train Acc: 20.00  |  Val Loss: 1.949 | Val Acc: 32.00  |  Test Loss: 1.964 | Tes Acc: 37.00
INFO >> Epoch: 1  |  Layer:  9  |  Train Loss: 2.037 | Train Acc: 18.45  |  Val Loss: 1.963 | Val Acc: 34.33  |  Test Loss: 1.981 | Tes Acc: 36.33
INFO >> Epoch: 1  |  Layer: 10  |  Train Loss: 2.038 | Train Acc: 18.45  |  Val Loss: 1.963 | Val Acc: 31.67  |  Test Loss: 1.982 | Tes Acc: 31.67
INFO >> Epoch: 1  |  Layer: 11  |  Train Loss: 2.069 | Train Acc: 14.76  |  Val Loss: 2.040 | Val Acc: 14.67  |  Test Loss: 2.055 | Tes Acc: 14.00
INFO >> Epoch: 1  |  Layer: 12  |  Train Loss: 2.049 | Train Acc: 17.38  |  Val Loss: 1.983 | Val Acc: 23.33  |  Test Loss: 2.008 | Tes Acc: 23.33

INFO >> Epoch: 2  |  Layer:  1  |  Train Loss: 1.940 | Train Acc: 33.21  |  Val Loss: 1.875 | Val Acc: 38.00  |  Test Loss: 1.894 | Tes Acc: 43.00
INFO >> Epoch: 2  |  Layer:  2  |  Train Loss: 1.907 | Train Acc: 32.74  |  Val Loss: 1.831 | Val Acc: 38.00  |  Test Loss: 1.862 | Tes Acc: 39.33
INFO >> Epoch: 2  |  Layer:  3  |  Train Loss: 1.904 | Train Acc: 35.60  |  Val Loss: 1.830 | Val Acc: 40.67  |  Test Loss: 1.855 | Tes Acc: 43.33
INFO >> Epoch: 2  |  Layer:  4  |  Train Loss: 1.862 | Train Acc: 38.21  |  Val Loss: 1.769 | Val Acc: 42.67  |  Test Loss: 1.797 | Tes Acc: 45.67
INFO >> Epoch: 2  |  Layer:  5  |  Train Loss: 1.837 | Train Acc: 39.40  |  Val Loss: 1.754 | Val Acc: 42.33  |  Test Loss: 1.768 | Tes Acc: 47.33
INFO >> Epoch: 2  |  Layer:  6  |  Train Loss: 1.820 | Train Acc: 41.67  |  Val Loss: 1.737 | Val Acc: 44.67  |  Test Loss: 1.747 | Tes Acc: 46.67
INFO >> Epoch: 2  |  Layer:  7  |  Train Loss: 1.842 | Train Acc: 40.83  |  Val Loss: 1.753 | Val Acc: 46.33  |  Test Loss: 1.783 | Tes Acc: 44.33
INFO >> Epoch: 2  |  Layer:  8  |  Train Loss: 1.863 | Train Acc: 42.02  |  Val Loss: 1.779 | Val Acc: 44.67  |  Test Loss: 1.804 | Tes Acc: 43.00
INFO >> Epoch: 2  |  Layer:  9  |  Train Loss: 1.895 | Train Acc: 39.40  |  Val Loss: 1.824 | Val Acc: 42.33  |  Test Loss: 1.853 | Tes Acc: 41.67
INFO >> Epoch: 2  |  Layer: 10  |  Train Loss: 1.903 | Train Acc: 36.31  |  Val Loss: 1.828 | Val Acc: 40.67  |  Test Loss: 1.863 | Tes Acc: 42.67
INFO >> Epoch: 2  |  Layer: 11  |  Train Loss: 2.029 | Train Acc: 19.64  |  Val Loss: 2.001 | Val Acc: 23.33  |  Test Loss: 2.021 | Tes Acc: 21.33
INFO >> Epoch: 2  |  Layer: 12  |  Train Loss: 1.954 | Train Acc: 25.12  |  Val Loss: 1.905 | Val Acc: 25.67  |  Test Loss: 1.938 | Tes Acc: 24.00

INFO >> Epoch: 3  |  Layer:  1  |  Train Loss: 1.831 | Train Acc: 36.19  |  Val Loss: 1.768 | Val Acc: 35.33  |  Test Loss: 1.773 | Tes Acc: 37.00
INFO >> Epoch: 3  |  Layer:  2  |  Train Loss: 1.776 | Train Acc: 38.81  |  Val Loss: 1.714 | Val Acc: 38.00  |  Test Loss: 1.732 | Tes Acc: 39.00
INFO >> Epoch: 3  |  Layer:  3  |  Train Loss: 1.767 | Train Acc: 40.00  |  Val Loss: 1.698 | Val Acc: 42.00  |  Test Loss: 1.721 | Tes Acc: 41.00
INFO >> Epoch: 3  |  Layer:  4  |  Train Loss: 1.703 | Train Acc: 45.00  |  Val Loss: 1.634 | Val Acc: 45.00  |  Test Loss: 1.649 | Tes Acc: 43.33
INFO >> Epoch: 3  |  Layer:  5  |  Train Loss: 1.651 | Train Acc: 46.31  |  Val Loss: 1.599 | Val Acc: 43.33  |  Test Loss: 1.604 | Tes Acc: 43.67
INFO >> Epoch: 3  |  Layer:  6  |  Train Loss: 1.628 | Train Acc: 49.05  |  Val Loss: 1.574 | Val Acc: 45.67  |  Test Loss: 1.584 | Tes Acc: 45.00
INFO >> Epoch: 3  |  Layer:  7  |  Train Loss: 1.651 | Train Acc: 48.33  |  Val Loss: 1.585 | Val Acc: 45.00  |  Test Loss: 1.621 | Tes Acc: 42.33
INFO >> Epoch: 3  |  Layer:  8  |  Train Loss: 1.679 | Train Acc: 46.79  |  Val Loss: 1.607 | Val Acc: 44.67  |  Test Loss: 1.638 | Tes Acc: 42.00
INFO >> Epoch: 3  |  Layer:  9  |  Train Loss: 1.751 | Train Acc: 42.38  |  Val Loss: 1.683 | Val Acc: 41.00  |  Test Loss: 1.717 | Tes Acc: 39.67
INFO >> Epoch: 3  |  Layer: 10  |  Train Loss: 1.772 | Train Acc: 39.29  |  Val Loss: 1.700 | Val Acc: 42.00  |  Test Loss: 1.741 | Tes Acc: 38.33
INFO >> Epoch: 3  |  Layer: 11  |  Train Loss: 1.994 | Train Acc: 22.50  |  Val Loss: 1.950 | Val Acc: 28.00  |  Test Loss: 1.975 | Tes Acc: 29.33
INFO >> Epoch: 3  |  Layer: 12  |  Train Loss: 1.892 | Train Acc: 24.88  |  Val Loss: 1.851 | Val Acc: 28.67  |  Test Loss: 1.890 | Tes Acc: 28.33

INFO >> Epoch: 4  |  Layer:  1  |  Train Loss: 1.719 | Train Acc: 41.19  |  Val Loss: 1.680 | Val Acc: 33.00  |  Test Loss: 1.674 | Tes Acc: 43.33
INFO >> Epoch: 4  |  Layer:  2  |  Train Loss: 1.657 | Train Acc: 45.83  |  Val Loss: 1.609 | Val Acc: 41.00  |  Test Loss: 1.630 | Tes Acc: 49.67
INFO >> Epoch: 4  |  Layer:  3  |  Train Loss: 1.632 | Train Acc: 46.90  |  Val Loss: 1.589 | Val Acc: 44.00  |  Test Loss: 1.607 | Tes Acc: 50.00
INFO >> Epoch: 4  |  Layer:  4  |  Train Loss: 1.561 | Train Acc: 49.52  |  Val Loss: 1.516 | Val Acc: 46.33  |  Test Loss: 1.532 | Tes Acc: 51.67
INFO >> Epoch: 4  |  Layer:  5  |  Train Loss: 1.480 | Train Acc: 52.62  |  Val Loss: 1.471 | Val Acc: 48.67  |  Test Loss: 1.481 | Tes Acc: 59.00
INFO >> Epoch: 4  |  Layer:  6  |  Train Loss: 1.450 | Train Acc: 55.95  |  Val Loss: 1.440 | Val Acc: 49.33  |  Test Loss: 1.461 | Tes Acc: 53.67
INFO >> Epoch: 4  |  Layer:  7  |  Train Loss: 1.467 | Train Acc: 53.45  |  Val Loss: 1.448 | Val Acc: 51.33  |  Test Loss: 1.490 | Tes Acc: 51.67
INFO >> Epoch: 4  |  Layer:  8  |  Train Loss: 1.490 | Train Acc: 52.74  |  Val Loss: 1.467 | Val Acc: 49.00  |  Test Loss: 1.497 | Tes Acc: 53.00
INFO >> Epoch: 4  |  Layer:  9  |  Train Loss: 1.592 | Train Acc: 48.93  |  Val Loss: 1.556 | Val Acc: 44.67  |  Test Loss: 1.586 | Tes Acc: 47.67
INFO >> Epoch: 4  |  Layer: 10  |  Train Loss: 1.635 | Train Acc: 46.19  |  Val Loss: 1.585 | Val Acc: 41.67  |  Test Loss: 1.631 | Tes Acc: 44.00
INFO >> Epoch: 4  |  Layer: 11  |  Train Loss: 1.937 | Train Acc: 30.24  |  Val Loss: 1.894 | Val Acc: 25.33  |  Test Loss: 1.920 | Tes Acc: 29.00
INFO >> Epoch: 4  |  Layer: 12  |  Train Loss: 1.824 | Train Acc: 30.24  |  Val Loss: 1.790 | Val Acc: 27.67  |  Test Loss: 1.815 | Tes Acc: 29.67

INFO >> Epoch: 5  |  Layer:  1  |  Train Loss: 1.633 | Train Acc: 45.12  |  Val Loss: 1.620 | Val Acc: 38.00  |  Test Loss: 1.598 | Tes Acc: 48.00
INFO >> Epoch: 5  |  Layer:  2  |  Train Loss: 1.559 | Train Acc: 48.21  |  Val Loss: 1.545 | Val Acc: 42.00  |  Test Loss: 1.551 | Tes Acc: 48.33
INFO >> Epoch: 5  |  Layer:  3  |  Train Loss: 1.521 | Train Acc: 51.07  |  Val Loss: 1.502 | Val Acc: 45.00  |  Test Loss: 1.516 | Tes Acc: 51.00
INFO >> Epoch: 5  |  Layer:  4  |  Train Loss: 1.439 | Train Acc: 54.29  |  Val Loss: 1.435 | Val Acc: 48.33  |  Test Loss: 1.437 | Tes Acc: 55.00
INFO >> Epoch: 5  |  Layer:  5  |  Train Loss: 1.337 | Train Acc: 59.64  |  Val Loss: 1.382 | Val Acc: 49.00  |  Test Loss: 1.376 | Tes Acc: 56.33
INFO >> Epoch: 5  |  Layer:  6  |  Train Loss: 1.298 | Train Acc: 62.62  |  Val Loss: 1.352 | Val Acc: 52.00  |  Test Loss: 1.360 | Tes Acc: 55.67
INFO >> Epoch: 5  |  Layer:  7  |  Train Loss: 1.321 | Train Acc: 60.36  |  Val Loss: 1.342 | Val Acc: 55.33  |  Test Loss: 1.387 | Tes Acc: 58.00
INFO >> Epoch: 5  |  Layer:  8  |  Train Loss: 1.337 | Train Acc: 60.12  |  Val Loss: 1.345 | Val Acc: 56.33  |  Test Loss: 1.387 | Tes Acc: 57.67
INFO >> Epoch: 5  |  Layer:  9  |  Train Loss: 1.459 | Train Acc: 54.64  |  Val Loss: 1.444 | Val Acc: 50.00  |  Test Loss: 1.478 | Tes Acc: 57.00
INFO >> Epoch: 5  |  Layer: 10  |  Train Loss: 1.522 | Train Acc: 49.29  |  Val Loss: 1.500 | Val Acc: 47.00  |  Test Loss: 1.540 | Tes Acc: 49.00
INFO >> Epoch: 5  |  Layer: 11  |  Train Loss: 1.883 | Train Acc: 28.69  |  Val Loss: 1.849 | Val Acc: 29.33  |  Test Loss: 1.878 | Tes Acc: 29.33
INFO >> Epoch: 5  |  Layer: 12  |  Train Loss: 1.772 | Train Acc: 34.40  |  Val Loss: 1.774 | Val Acc: 29.67  |  Test Loss: 1.795 | Tes Acc: 24.33

INFO >> Epoch: 6  |  Layer:  1  |  Train Loss: 1.558 | Train Acc: 47.74  |  Val Loss: 1.571 | Val Acc: 47.00  |  Test Loss: 1.544 | Tes Acc: 45.33
INFO >> Epoch: 6  |  Layer:  2  |  Train Loss: 1.467 | Train Acc: 51.55  |  Val Loss: 1.483 | Val Acc: 47.67  |  Test Loss: 1.493 | Tes Acc: 48.33
INFO >> Epoch: 6  |  Layer:  3  |  Train Loss: 1.419 | Train Acc: 55.24  |  Val Loss: 1.413 | Val Acc: 54.67  |  Test Loss: 1.451 | Tes Acc: 52.33
INFO >> Epoch: 6  |  Layer:  4  |  Train Loss: 1.331 | Train Acc: 58.81  |  Val Loss: 1.352 | Val Acc: 51.67  |  Test Loss: 1.379 | Tes Acc: 52.33
INFO >> Epoch: 6  |  Layer:  5  |  Train Loss: 1.218 | Train Acc: 64.29  |  Val Loss: 1.300 | Val Acc: 56.67  |  Test Loss: 1.328 | Tes Acc: 54.67
INFO >> Epoch: 6  |  Layer:  6  |  Train Loss: 1.178 | Train Acc: 64.40  |  Val Loss: 1.268 | Val Acc: 54.67  |  Test Loss: 1.305 | Tes Acc: 54.33
INFO >> Epoch: 6  |  Layer:  7  |  Train Loss: 1.210 | Train Acc: 62.74  |  Val Loss: 1.256 | Val Acc: 58.67  |  Test Loss: 1.329 | Tes Acc: 57.00
INFO >> Epoch: 6  |  Layer:  8  |  Train Loss: 1.220 | Train Acc: 62.26  |  Val Loss: 1.264 | Val Acc: 57.67  |  Test Loss: 1.332 | Tes Acc: 55.67
INFO >> Epoch: 6  |  Layer:  9  |  Train Loss: 1.355 | Train Acc: 55.36  |  Val Loss: 1.355 | Val Acc: 54.33  |  Test Loss: 1.409 | Tes Acc: 54.00
INFO >> Epoch: 6  |  Layer: 10  |  Train Loss: 1.428 | Train Acc: 53.57  |  Val Loss: 1.412 | Val Acc: 52.00  |  Test Loss: 1.468 | Tes Acc: 48.67
INFO >> Epoch: 6  |  Layer: 11  |  Train Loss: 1.837 | Train Acc: 32.50  |  Val Loss: 1.807 | Val Acc: 31.67  |  Test Loss: 1.827 | Tes Acc: 35.33
INFO >> Epoch: 6  |  Layer: 12  |  Train Loss: 1.735 | Train Acc: 36.19  |  Val Loss: 1.733 | Val Acc: 33.33  |  Test Loss: 1.721 | Tes Acc: 36.67

INFO >> Epoch: 7  |  Layer:  1  |  Train Loss: 1.487 | Train Acc: 48.57  |  Val Loss: 1.538 | Val Acc: 41.00  |  Test Loss: 1.502 | Tes Acc: 50.00
INFO >> Epoch: 7  |  Layer:  2  |  Train Loss: 1.397 | Train Acc: 52.02  |  Val Loss: 1.439 | Val Acc: 47.00  |  Test Loss: 1.455 | Tes Acc: 50.00
INFO >> Epoch: 7  |  Layer:  3  |  Train Loss: 1.333 | Train Acc: 54.76  |  Val Loss: 1.364 | Val Acc: 55.00  |  Test Loss: 1.403 | Tes Acc: 53.00
INFO >> Epoch: 7  |  Layer:  4  |  Train Loss: 1.247 | Train Acc: 59.76  |  Val Loss: 1.304 | Val Acc: 57.00  |  Test Loss: 1.337 | Tes Acc: 55.33
INFO >> Epoch: 7  |  Layer:  5  |  Train Loss: 1.128 | Train Acc: 64.29  |  Val Loss: 1.233 | Val Acc: 56.67  |  Test Loss: 1.288 | Tes Acc: 56.00
INFO >> Epoch: 7  |  Layer:  6  |  Train Loss: 1.082 | Train Acc: 67.74  |  Val Loss: 1.187 | Val Acc: 60.00  |  Test Loss: 1.256 | Tes Acc: 58.00
INFO >> Epoch: 7  |  Layer:  7  |  Train Loss: 1.120 | Train Acc: 65.60  |  Val Loss: 1.198 | Val Acc: 59.33  |  Test Loss: 1.302 | Tes Acc: 57.33
INFO >> Epoch: 7  |  Layer:  8  |  Train Loss: 1.127 | Train Acc: 65.48  |  Val Loss: 1.210 | Val Acc: 59.33  |  Test Loss: 1.286 | Tes Acc: 58.67
INFO >> Epoch: 7  |  Layer:  9  |  Train Loss: 1.264 | Train Acc: 59.17  |  Val Loss: 1.302 | Val Acc: 57.00  |  Test Loss: 1.370 | Tes Acc: 56.33
INFO >> Epoch: 7  |  Layer: 10  |  Train Loss: 1.348 | Train Acc: 54.76  |  Val Loss: 1.356 | Val Acc: 52.67  |  Test Loss: 1.430 | Tes Acc: 54.00
INFO >> Epoch: 7  |  Layer: 11  |  Train Loss: 1.787 | Train Acc: 34.29  |  Val Loss: 1.777 | Val Acc: 29.00  |  Test Loss: 1.796 | Tes Acc: 31.33
INFO >> Epoch: 7  |  Layer: 12  |  Train Loss: 1.695 | Train Acc: 35.24  |  Val Loss: 1.691 | Val Acc: 33.00  |  Test Loss: 1.690 | Tes Acc: 36.00

INFO >> Epoch: 8  |  Layer:  1  |  Train Loss: 1.417 | Train Acc: 53.57  |  Val Loss: 1.513 | Val Acc: 40.00  |  Test Loss: 1.442 | Tes Acc: 51.67
INFO >> Epoch: 8  |  Layer:  2  |  Train Loss: 1.311 | Train Acc: 58.33  |  Val Loss: 1.395 | Val Acc: 45.33  |  Test Loss: 1.378 | Tes Acc: 53.33
INFO >> Epoch: 8  |  Layer:  3  |  Train Loss: 1.235 | Train Acc: 61.19  |  Val Loss: 1.286 | Val Acc: 54.00  |  Test Loss: 1.326 | Tes Acc: 57.33
INFO >> Epoch: 8  |  Layer:  4  |  Train Loss: 1.145 | Train Acc: 64.88  |  Val Loss: 1.254 | Val Acc: 53.67  |  Test Loss: 1.237 | Tes Acc: 61.00
INFO >> Epoch: 8  |  Layer:  5  |  Train Loss: 1.022 | Train Acc: 69.52  |  Val Loss: 1.178 | Val Acc: 56.67  |  Test Loss: 1.173 | Tes Acc: 64.00
INFO >> Epoch: 8  |  Layer:  6  |  Train Loss: 0.970 | Train Acc: 72.26  |  Val Loss: 1.129 | Val Acc: 61.67  |  Test Loss: 1.154 | Tes Acc: 59.00
INFO >> Epoch: 8  |  Layer:  7  |  Train Loss: 1.012 | Train Acc: 68.57  |  Val Loss: 1.123 | Val Acc: 64.00  |  Test Loss: 1.188 | Tes Acc: 63.33
INFO >> Epoch: 8  |  Layer:  8  |  Train Loss: 1.024 | Train Acc: 68.93  |  Val Loss: 1.129 | Val Acc: 61.67  |  Test Loss: 1.189 | Tes Acc: 61.67
INFO >> Epoch: 8  |  Layer:  9  |  Train Loss: 1.167 | Train Acc: 64.05  |  Val Loss: 1.225 | Val Acc: 55.33  |  Test Loss: 1.273 | Tes Acc: 60.33
INFO >> Epoch: 8  |  Layer: 10  |  Train Loss: 1.254 | Train Acc: 61.31  |  Val Loss: 1.291 | Val Acc: 52.00  |  Test Loss: 1.345 | Tes Acc: 56.67
INFO >> Epoch: 8  |  Layer: 11  |  Train Loss: 1.742 | Train Acc: 38.93  |  Val Loss: 1.752 | Val Acc: 34.33  |  Test Loss: 1.761 | Tes Acc: 36.33
INFO >> Epoch: 8  |  Layer: 12  |  Train Loss: 1.636 | Train Acc: 41.90  |  Val Loss: 1.673 | Val Acc: 34.67  |  Test Loss: 1.669 | Tes Acc: 38.33

INFO >> Epoch: 9  |  Layer:  1  |  Train Loss: 1.382 | Train Acc: 53.33  |  Val Loss: 1.436 | Val Acc: 49.33  |  Test Loss: 1.438 | Tes Acc: 50.67
INFO >> Epoch: 9  |  Layer:  2  |  Train Loss: 1.267 | Train Acc: 57.86  |  Val Loss: 1.334 | Val Acc: 51.67  |  Test Loss: 1.388 | Tes Acc: 50.33
INFO >> Epoch: 9  |  Layer:  3  |  Train Loss: 1.186 | Train Acc: 61.19  |  Val Loss: 1.233 | Val Acc: 59.33  |  Test Loss: 1.326 | Tes Acc: 55.67
INFO >> Epoch: 9  |  Layer:  4  |  Train Loss: 1.097 | Train Acc: 65.95  |  Val Loss: 1.186 | Val Acc: 61.00  |  Test Loss: 1.255 | Tes Acc: 58.00
INFO >> Epoch: 9  |  Layer:  5  |  Train Loss: 0.956 | Train Acc: 71.67  |  Val Loss: 1.130 | Val Acc: 62.33  |  Test Loss: 1.218 | Tes Acc: 58.33
INFO >> Epoch: 9  |  Layer:  6  |  Train Loss: 0.904 | Train Acc: 72.74  |  Val Loss: 1.107 | Val Acc: 64.00  |  Test Loss: 1.206 | Tes Acc: 57.00
INFO >> Epoch: 9  |  Layer:  7  |  Train Loss: 0.942 | Train Acc: 70.83  |  Val Loss: 1.112 | Val Acc: 64.67  |  Test Loss: 1.219 | Tes Acc: 60.00
INFO >> Epoch: 9  |  Layer:  8  |  Train Loss: 0.963 | Train Acc: 69.88  |  Val Loss: 1.115 | Val Acc: 64.67  |  Test Loss: 1.217 | Tes Acc: 58.67
INFO >> Epoch: 9  |  Layer:  9  |  Train Loss: 1.114 | Train Acc: 65.83  |  Val Loss: 1.179 | Val Acc: 60.67  |  Test Loss: 1.294 | Tes Acc: 57.33
INFO >> Epoch: 9  |  Layer: 10  |  Train Loss: 1.201 | Train Acc: 61.90  |  Val Loss: 1.238 | Val Acc: 58.00  |  Test Loss: 1.358 | Tes Acc: 57.00
INFO >> Epoch: 9  |  Layer: 11  |  Train Loss: 1.728 | Train Acc: 39.17  |  Val Loss: 1.732 | Val Acc: 34.33  |  Test Loss: 1.734 | Tes Acc: 38.33
INFO >> Epoch: 9  |  Layer: 12  |  Train Loss: 1.619 | Train Acc: 40.95  |  Val Loss: 1.660 | Val Acc: 39.67  |  Test Loss: 1.651 | Tes Acc: 37.67

INFO >> Epoch: 10  |  Layer:  1  |  Train Loss: 1.306 | Train Acc: 54.52  |  Val Loss: 1.427 | Val Acc: 45.33  |  Test Loss: 1.375 | Tes Acc: 56.33
INFO >> Epoch: 10  |  Layer:  2  |  Train Loss: 1.185 | Train Acc: 60.24  |  Val Loss: 1.320 | Val Acc: 47.00  |  Test Loss: 1.319 | Tes Acc: 53.67
INFO >> Epoch: 10  |  Layer:  3  |  Train Loss: 1.096 | Train Acc: 63.45  |  Val Loss: 1.204 | Val Acc: 58.00  |  Test Loss: 1.254 | Tes Acc: 58.67
INFO >> Epoch: 10  |  Layer:  4  |  Train Loss: 1.002 | Train Acc: 69.17  |  Val Loss: 1.153 | Val Acc: 60.33  |  Test Loss: 1.195 | Tes Acc: 60.33
INFO >> Epoch: 10  |  Layer:  5  |  Train Loss: 0.865 | Train Acc: 73.45  |  Val Loss: 1.074 | Val Acc: 63.33  |  Test Loss: 1.159 | Tes Acc: 58.33
INFO >> Epoch: 10  |  Layer:  6  |  Train Loss: 0.813 | Train Acc: 76.19  |  Val Loss: 1.024 | Val Acc: 65.00  |  Test Loss: 1.136 | Tes Acc: 58.33
INFO >> Epoch: 10  |  Layer:  7  |  Train Loss: 0.852 | Train Acc: 74.52  |  Val Loss: 1.046 | Val Acc: 63.67  |  Test Loss: 1.175 | Tes Acc: 58.33
INFO >> Epoch: 10  |  Layer:  8  |  Train Loss: 0.871 | Train Acc: 74.05  |  Val Loss: 1.048 | Val Acc: 64.00  |  Test Loss: 1.175 | Tes Acc: 59.00
INFO >> Epoch: 10  |  Layer:  9  |  Train Loss: 1.020 | Train Acc: 68.10  |  Val Loss: 1.120 | Val Acc: 62.00  |  Test Loss: 1.240 | Tes Acc: 60.00
INFO >> Epoch: 10  |  Layer: 10  |  Train Loss: 1.109 | Train Acc: 63.33  |  Val Loss: 1.177 | Val Acc: 60.00  |  Test Loss: 1.296 | Tes Acc: 57.33
INFO >> Epoch: 10  |  Layer: 11  |  Train Loss: 1.679 | Train Acc: 41.31  |  Val Loss: 1.707 | Val Acc: 34.33  |  Test Loss: 1.706 | Tes Acc: 36.67
INFO >> Epoch: 10  |  Layer: 12  |  Train Loss: 1.586 | Train Acc: 42.38  |  Val Loss: 1.615 | Val Acc: 37.33  |  Test Loss: 1.607 | Tes Acc: 41.00

INFO >> Epoch: 11  |  Layer:  1  |  Train Loss: 1.257 | Train Acc: 58.45  |  Val Loss: 1.406 | Val Acc: 44.00  |  Test Loss: 1.357 | Tes Acc: 52.67
INFO >> Epoch: 11  |  Layer:  2  |  Train Loss: 1.131 | Train Acc: 62.50  |  Val Loss: 1.292 | Val Acc: 51.33  |  Test Loss: 1.297 | Tes Acc: 54.67
INFO >> Epoch: 11  |  Layer:  3  |  Train Loss: 1.038 | Train Acc: 67.50  |  Val Loss: 1.188 | Val Acc: 59.33  |  Test Loss: 1.229 | Tes Acc: 61.67
INFO >> Epoch: 11  |  Layer:  4  |  Train Loss: 0.944 | Train Acc: 71.67  |  Val Loss: 1.153 | Val Acc: 59.33  |  Test Loss: 1.175 | Tes Acc: 59.33
INFO >> Epoch: 11  |  Layer:  5  |  Train Loss: 0.802 | Train Acc: 77.02  |  Val Loss: 1.086 | Val Acc: 59.33  |  Test Loss: 1.147 | Tes Acc: 58.00
INFO >> Epoch: 11  |  Layer:  6  |  Train Loss: 0.746 | Train Acc: 79.17  |  Val Loss: 1.041 | Val Acc: 62.33  |  Test Loss: 1.138 | Tes Acc: 58.67
INFO >> Epoch: 11  |  Layer:  7  |  Train Loss: 0.797 | Train Acc: 76.19  |  Val Loss: 1.050 | Val Acc: 63.33  |  Test Loss: 1.166 | Tes Acc: 58.00
INFO >> Epoch: 11  |  Layer:  8  |  Train Loss: 0.814 | Train Acc: 76.79  |  Val Loss: 1.056 | Val Acc: 65.00  |  Test Loss: 1.173 | Tes Acc: 60.33
INFO >> Epoch: 11  |  Layer:  9  |  Train Loss: 0.963 | Train Acc: 71.43  |  Val Loss: 1.102 | Val Acc: 59.33  |  Test Loss: 1.229 | Tes Acc: 58.67
INFO >> Epoch: 11  |  Layer: 10  |  Train Loss: 1.058 | Train Acc: 67.14  |  Val Loss: 1.155 | Val Acc: 58.00  |  Test Loss: 1.276 | Tes Acc: 56.33
INFO >> Epoch: 11  |  Layer: 11  |  Train Loss: 1.661 | Train Acc: 41.67  |  Val Loss: 1.682 | Val Acc: 38.00  |  Test Loss: 1.667 | Tes Acc: 40.00
INFO >> Epoch: 11  |  Layer: 12  |  Train Loss: 1.551 | Train Acc: 45.12  |  Val Loss: 1.598 | Val Acc: 39.33  |  Test Loss: 1.578 | Tes Acc: 45.33

INFO >> Epoch: 12  |  Layer:  1  |  Train Loss: 1.211 | Train Acc: 59.76  |  Val Loss: 1.368 | Val Acc: 45.33  |  Test Loss: 1.348 | Tes Acc: 53.33
INFO >> Epoch: 12  |  Layer:  2  |  Train Loss: 1.083 | Train Acc: 67.26  |  Val Loss: 1.251 | Val Acc: 48.67  |  Test Loss: 1.309 | Tes Acc: 53.00
INFO >> Epoch: 12  |  Layer:  3  |  Train Loss: 0.986 | Train Acc: 70.24  |  Val Loss: 1.141 | Val Acc: 60.67  |  Test Loss: 1.218 | Tes Acc: 60.33
INFO >> Epoch: 12  |  Layer:  4  |  Train Loss: 0.883 | Train Acc: 73.33  |  Val Loss: 1.110 | Val Acc: 61.67  |  Test Loss: 1.158 | Tes Acc: 60.33
INFO >> Epoch: 12  |  Layer:  5  |  Train Loss: 0.745 | Train Acc: 78.57  |  Val Loss: 1.033 | Val Acc: 63.33  |  Test Loss: 1.140 | Tes Acc: 59.33
INFO >> Epoch: 12  |  Layer:  6  |  Train Loss: 0.699 | Train Acc: 79.64  |  Val Loss: 0.986 | Val Acc: 67.00  |  Test Loss: 1.130 | Tes Acc: 60.33
INFO >> Epoch: 12  |  Layer:  7  |  Train Loss: 0.751 | Train Acc: 77.02  |  Val Loss: 1.005 | Val Acc: 67.00  |  Test Loss: 1.147 | Tes Acc: 60.00
INFO >> Epoch: 12  |  Layer:  8  |  Train Loss: 0.773 | Train Acc: 77.02  |  Val Loss: 1.012 | Val Acc: 67.00  |  Test Loss: 1.158 | Tes Acc: 59.33
INFO >> Epoch: 12  |  Layer:  9  |  Train Loss: 0.926 | Train Acc: 70.95  |  Val Loss: 1.067 | Val Acc: 62.67  |  Test Loss: 1.215 | Tes Acc: 56.33
INFO >> Epoch: 12  |  Layer: 10  |  Train Loss: 1.015 | Train Acc: 67.14  |  Val Loss: 1.134 | Val Acc: 60.33  |  Test Loss: 1.268 | Tes Acc: 58.67
INFO >> Epoch: 12  |  Layer: 11  |  Train Loss: 1.622 | Train Acc: 40.48  |  Val Loss: 1.664 | Val Acc: 37.67  |  Test Loss: 1.651 | Tes Acc: 40.67
INFO >> Epoch: 12  |  Layer: 12  |  Train Loss: 1.527 | Train Acc: 44.05  |  Val Loss: 1.588 | Val Acc: 39.33  |  Test Loss: 1.584 | Tes Acc: 43.67

INFO >> Epoch: 13  |  Layer:  1  |  Train Loss: 1.186 | Train Acc: 61.67  |  Val Loss: 1.337 | Val Acc: 51.33  |  Test Loss: 1.352 | Tes Acc: 50.00
INFO >> Epoch: 13  |  Layer:  2  |  Train Loss: 1.045 | Train Acc: 67.38  |  Val Loss: 1.203 | Val Acc: 56.00  |  Test Loss: 1.299 | Tes Acc: 52.00
INFO >> Epoch: 13  |  Layer:  3  |  Train Loss: 0.933 | Train Acc: 71.90  |  Val Loss: 1.084 | Val Acc: 63.33  |  Test Loss: 1.220 | Tes Acc: 57.33
INFO >> Epoch: 13  |  Layer:  4  |  Train Loss: 0.840 | Train Acc: 74.17  |  Val Loss: 1.054 | Val Acc: 62.67  |  Test Loss: 1.167 | Tes Acc: 58.00
INFO >> Epoch: 13  |  Layer:  5  |  Train Loss: 0.703 | Train Acc: 80.36  |  Val Loss: 0.995 | Val Acc: 65.00  |  Test Loss: 1.149 | Tes Acc: 57.00
INFO >> Epoch: 13  |  Layer:  6  |  Train Loss: 0.653 | Train Acc: 83.10  |  Val Loss: 0.952 | Val Acc: 66.67  |  Test Loss: 1.123 | Tes Acc: 58.33
INFO >> Epoch: 13  |  Layer:  7  |  Train Loss: 0.709 | Train Acc: 80.95  |  Val Loss: 0.990 | Val Acc: 66.00  |  Test Loss: 1.152 | Tes Acc: 58.33
INFO >> Epoch: 13  |  Layer:  8  |  Train Loss: 0.734 | Train Acc: 80.00  |  Val Loss: 0.985 | Val Acc: 65.67  |  Test Loss: 1.169 | Tes Acc: 57.67
INFO >> Epoch: 13  |  Layer:  9  |  Train Loss: 0.881 | Train Acc: 71.90  |  Val Loss: 1.021 | Val Acc: 65.67  |  Test Loss: 1.231 | Tes Acc: 56.67
INFO >> Epoch: 13  |  Layer: 10  |  Train Loss: 0.974 | Train Acc: 69.40  |  Val Loss: 1.071 | Val Acc: 60.33  |  Test Loss: 1.256 | Tes Acc: 56.33
INFO >> Epoch: 13  |  Layer: 11  |  Train Loss: 1.597 | Train Acc: 47.14  |  Val Loss: 1.660 | Val Acc: 38.67  |  Test Loss: 1.628 | Tes Acc: 41.33
INFO >> Epoch: 13  |  Layer: 12  |  Train Loss: 1.498 | Train Acc: 47.74  |  Val Loss: 1.573 | Val Acc: 40.00  |  Test Loss: 1.535 | Tes Acc: 44.00

INFO >> Epoch: 14  |  Layer:  1  |  Train Loss: 1.146 | Train Acc: 61.55  |  Val Loss: 1.292 | Val Acc: 53.00  |  Test Loss: 1.312 | Tes Acc: 50.67
INFO >> Epoch: 14  |  Layer:  2  |  Train Loss: 0.996 | Train Acc: 68.33  |  Val Loss: 1.152 | Val Acc: 59.67  |  Test Loss: 1.278 | Tes Acc: 53.33
INFO >> Epoch: 14  |  Layer:  3  |  Train Loss: 0.888 | Train Acc: 72.62  |  Val Loss: 1.034 | Val Acc: 67.67  |  Test Loss: 1.211 | Tes Acc: 56.00
INFO >> Epoch: 14  |  Layer:  4  |  Train Loss: 0.793 | Train Acc: 76.79  |  Val Loss: 1.019 | Val Acc: 65.67  |  Test Loss: 1.143 | Tes Acc: 59.67
INFO >> Epoch: 14  |  Layer:  5  |  Train Loss: 0.652 | Train Acc: 82.50  |  Val Loss: 0.971 | Val Acc: 67.67  |  Test Loss: 1.138 | Tes Acc: 57.33
INFO >> Epoch: 14  |  Layer:  6  |  Train Loss: 0.605 | Train Acc: 83.21  |  Val Loss: 0.941 | Val Acc: 69.00  |  Test Loss: 1.121 | Tes Acc: 57.33
INFO >> Epoch: 14  |  Layer:  7  |  Train Loss: 0.658 | Train Acc: 81.43  |  Val Loss: 0.982 | Val Acc: 66.67  |  Test Loss: 1.135 | Tes Acc: 58.33
INFO >> Epoch: 14  |  Layer:  8  |  Train Loss: 0.678 | Train Acc: 80.24  |  Val Loss: 0.972 | Val Acc: 68.00  |  Test Loss: 1.159 | Tes Acc: 59.67
INFO >> Epoch: 14  |  Layer:  9  |  Train Loss: 0.825 | Train Acc: 73.81  |  Val Loss: 0.995 | Val Acc: 65.67  |  Test Loss: 1.235 | Tes Acc: 53.67
INFO >> Epoch: 14  |  Layer: 10  |  Train Loss: 0.916 | Train Acc: 69.88  |  Val Loss: 1.043 | Val Acc: 65.33  |  Test Loss: 1.247 | Tes Acc: 57.00
INFO >> Epoch: 14  |  Layer: 11  |  Train Loss: 1.563 | Train Acc: 44.52  |  Val Loss: 1.625 | Val Acc: 40.33  |  Test Loss: 1.601 | Tes Acc: 42.33
INFO >> Epoch: 14  |  Layer: 12  |  Train Loss: 1.459 | Train Acc: 48.93  |  Val Loss: 1.523 | Val Acc: 44.00  |  Test Loss: 1.529 | Tes Acc: 44.33

INFO >> Epoch: 15  |  Layer:  1  |  Train Loss: 1.085 | Train Acc: 64.29  |  Val Loss: 1.317 | Val Acc: 46.67  |  Test Loss: 1.291 | Tes Acc: 54.00
INFO >> Epoch: 15  |  Layer:  2  |  Train Loss: 0.939 | Train Acc: 69.88  |  Val Loss: 1.197 | Val Acc: 53.00  |  Test Loss: 1.237 | Tes Acc: 58.00
INFO >> Epoch: 15  |  Layer:  3  |  Train Loss: 0.829 | Train Acc: 76.07  |  Val Loss: 1.075 | Val Acc: 62.33  |  Test Loss: 1.162 | Tes Acc: 60.33
INFO >> Epoch: 15  |  Layer:  4  |  Train Loss: 0.731 | Train Acc: 79.52  |  Val Loss: 1.054 | Val Acc: 61.67  |  Test Loss: 1.105 | Tes Acc: 59.67
INFO >> Epoch: 15  |  Layer:  5  |  Train Loss: 0.594 | Train Acc: 83.93  |  Val Loss: 1.010 | Val Acc: 64.00  |  Test Loss: 1.101 | Tes Acc: 58.67
INFO >> Epoch: 15  |  Layer:  6  |  Train Loss: 0.547 | Train Acc: 86.43  |  Val Loss: 0.972 | Val Acc: 65.33  |  Test Loss: 1.097 | Tes Acc: 56.67
INFO >> Epoch: 15  |  Layer:  7  |  Train Loss: 0.606 | Train Acc: 83.10  |  Val Loss: 0.982 | Val Acc: 67.00  |  Test Loss: 1.096 | Tes Acc: 59.33
INFO >> Epoch: 15  |  Layer:  8  |  Train Loss: 0.626 | Train Acc: 82.14  |  Val Loss: 0.975 | Val Acc: 66.67  |  Test Loss: 1.121 | Tes Acc: 60.33
INFO >> Epoch: 15  |  Layer:  9  |  Train Loss: 0.767 | Train Acc: 77.62  |  Val Loss: 1.010 | Val Acc: 65.67  |  Test Loss: 1.185 | Tes Acc: 56.33
INFO >> Epoch: 15  |  Layer: 10  |  Train Loss: 0.859 | Train Acc: 72.50  |  Val Loss: 1.082 | Val Acc: 57.33  |  Test Loss: 1.197 | Tes Acc: 58.33
INFO >> Epoch: 15  |  Layer: 11  |  Train Loss: 1.533 | Train Acc: 47.50  |  Val Loss: 1.607 | Val Acc: 39.67  |  Test Loss: 1.582 | Tes Acc: 43.67
INFO >> Epoch: 15  |  Layer: 12  |  Train Loss: 1.432 | Train Acc: 48.93  |  Val Loss: 1.522 | Val Acc: 42.00  |  Test Loss: 1.523 | Tes Acc: 45.33

INFO >> Epoch: 16  |  Layer:  1  |  Train Loss: 1.066 | Train Acc: 63.10  |  Val Loss: 1.306 | Val Acc: 49.33  |  Test Loss: 1.309 | Tes Acc: 53.33
INFO >> Epoch: 16  |  Layer:  2  |  Train Loss: 0.910 | Train Acc: 70.48  |  Val Loss: 1.173 | Val Acc: 55.33  |  Test Loss: 1.272 | Tes Acc: 56.00
INFO >> Epoch: 16  |  Layer:  3  |  Train Loss: 0.801 | Train Acc: 76.43  |  Val Loss: 1.057 | Val Acc: 64.33  |  Test Loss: 1.190 | Tes Acc: 58.00
INFO >> Epoch: 16  |  Layer:  4  |  Train Loss: 0.702 | Train Acc: 78.93  |  Val Loss: 1.048 | Val Acc: 63.33  |  Test Loss: 1.154 | Tes Acc: 56.00
INFO >> Epoch: 16  |  Layer:  5  |  Train Loss: 0.570 | Train Acc: 84.88  |  Val Loss: 0.988 | Val Acc: 67.33  |  Test Loss: 1.160 | Tes Acc: 58.00
INFO >> Epoch: 16  |  Layer:  6  |  Train Loss: 0.530 | Train Acc: 85.95  |  Val Loss: 0.937 | Val Acc: 67.67  |  Test Loss: 1.167 | Tes Acc: 57.67
INFO >> Epoch: 16  |  Layer:  7  |  Train Loss: 0.581 | Train Acc: 83.45  |  Val Loss: 0.955 | Val Acc: 68.33  |  Test Loss: 1.182 | Tes Acc: 60.33
INFO >> Epoch: 16  |  Layer:  8  |  Train Loss: 0.606 | Train Acc: 82.86  |  Val Loss: 0.970 | Val Acc: 68.67  |  Test Loss: 1.197 | Tes Acc: 59.00
INFO >> Epoch: 16  |  Layer:  9  |  Train Loss: 0.749 | Train Acc: 77.02  |  Val Loss: 0.985 | Val Acc: 65.33  |  Test Loss: 1.248 | Tes Acc: 57.00
INFO >> Epoch: 16  |  Layer: 10  |  Train Loss: 0.844 | Train Acc: 71.79  |  Val Loss: 1.055 | Val Acc: 60.00  |  Test Loss: 1.256 | Tes Acc: 55.67
INFO >> Epoch: 16  |  Layer: 11  |  Train Loss: 1.511 | Train Acc: 45.60  |  Val Loss: 1.598 | Val Acc: 44.00  |  Test Loss: 1.571 | Tes Acc: 44.67
INFO >> Epoch: 16  |  Layer: 12  |  Train Loss: 1.419 | Train Acc: 49.29  |  Val Loss: 1.509 | Val Acc: 45.33  |  Test Loss: 1.512 | Tes Acc: 49.33

INFO >> Epoch: 17  |  Layer:  1  |  Train Loss: 1.039 | Train Acc: 66.31  |  Val Loss: 1.301 | Val Acc: 48.33  |  Test Loss: 1.264 | Tes Acc: 55.67
INFO >> Epoch: 17  |  Layer:  2  |  Train Loss: 0.883 | Train Acc: 73.93  |  Val Loss: 1.152 | Val Acc: 55.67  |  Test Loss: 1.217 | Tes Acc: 54.00
INFO >> Epoch: 17  |  Layer:  3  |  Train Loss: 0.779 | Train Acc: 76.55  |  Val Loss: 1.051 | Val Acc: 63.33  |  Test Loss: 1.142 | Tes Acc: 62.33
INFO >> Epoch: 17  |  Layer:  4  |  Train Loss: 0.677 | Train Acc: 81.07  |  Val Loss: 1.040 | Val Acc: 62.33  |  Test Loss: 1.116 | Tes Acc: 56.67
INFO >> Epoch: 17  |  Layer:  5  |  Train Loss: 0.542 | Train Acc: 84.29  |  Val Loss: 0.983 | Val Acc: 64.67  |  Test Loss: 1.075 | Tes Acc: 60.67
INFO >> Epoch: 17  |  Layer:  6  |  Train Loss: 0.501 | Train Acc: 86.67  |  Val Loss: 0.910 | Val Acc: 67.33  |  Test Loss: 1.083 | Tes Acc: 60.00
INFO >> Epoch: 17  |  Layer:  7  |  Train Loss: 0.562 | Train Acc: 84.76  |  Val Loss: 0.941 | Val Acc: 69.33  |  Test Loss: 1.107 | Tes Acc: 60.00
INFO >> Epoch: 17  |  Layer:  8  |  Train Loss: 0.588 | Train Acc: 81.79  |  Val Loss: 0.928 | Val Acc: 71.67  |  Test Loss: 1.123 | Tes Acc: 58.67
INFO >> Epoch: 17  |  Layer:  9  |  Train Loss: 0.726 | Train Acc: 77.02  |  Val Loss: 0.991 | Val Acc: 66.33  |  Test Loss: 1.176 | Tes Acc: 58.00
INFO >> Epoch: 17  |  Layer: 10  |  Train Loss: 0.807 | Train Acc: 74.52  |  Val Loss: 1.038 | Val Acc: 60.00  |  Test Loss: 1.211 | Tes Acc: 57.67
INFO >> Epoch: 17  |  Layer: 11  |  Train Loss: 1.476 | Train Acc: 50.95  |  Val Loss: 1.575 | Val Acc: 41.67  |  Test Loss: 1.540 | Tes Acc: 47.33
INFO >> Epoch: 17  |  Layer: 12  |  Train Loss: 1.370 | Train Acc: 52.38  |  Val Loss: 1.479 | Val Acc: 44.00  |  Test Loss: 1.461 | Tes Acc: 48.33

INFO >> Epoch: 18  |  Layer:  1  |  Train Loss: 1.027 | Train Acc: 66.67  |  Val Loss: 1.265 | Val Acc: 49.67  |  Test Loss: 1.239 | Tes Acc: 57.67
INFO >> Epoch: 18  |  Layer:  2  |  Train Loss: 0.861 | Train Acc: 75.36  |  Val Loss: 1.113 | Val Acc: 58.33  |  Test Loss: 1.197 | Tes Acc: 53.33
INFO >> Epoch: 18  |  Layer:  3  |  Train Loss: 0.748 | Train Acc: 79.76  |  Val Loss: 1.006 | Val Acc: 65.00  |  Test Loss: 1.118 | Tes Acc: 61.33
INFO >> Epoch: 18  |  Layer:  4  |  Train Loss: 0.643 | Train Acc: 83.33  |  Val Loss: 1.035 | Val Acc: 62.33  |  Test Loss: 1.049 | Tes Acc: 61.33
INFO >> Epoch: 18  |  Layer:  5  |  Train Loss: 0.509 | Train Acc: 87.62  |  Val Loss: 0.967 | Val Acc: 64.33  |  Test Loss: 1.018 | Tes Acc: 61.67
INFO >> Epoch: 18  |  Layer:  6  |  Train Loss: 0.462 | Train Acc: 89.29  |  Val Loss: 0.903 | Val Acc: 68.33  |  Test Loss: 1.060 | Tes Acc: 57.33
INFO >> Epoch: 18  |  Layer:  7  |  Train Loss: 0.526 | Train Acc: 84.76  |  Val Loss: 0.937 | Val Acc: 69.33  |  Test Loss: 1.059 | Tes Acc: 59.67
INFO >> Epoch: 18  |  Layer:  8  |  Train Loss: 0.561 | Train Acc: 84.17  |  Val Loss: 0.910 | Val Acc: 70.00  |  Test Loss: 1.082 | Tes Acc: 60.00
INFO >> Epoch: 18  |  Layer:  9  |  Train Loss: 0.706 | Train Acc: 79.40  |  Val Loss: 0.947 | Val Acc: 66.33  |  Test Loss: 1.132 | Tes Acc: 58.00
INFO >> Epoch: 18  |  Layer: 10  |  Train Loss: 0.794 | Train Acc: 75.48  |  Val Loss: 1.019 | Val Acc: 62.33  |  Test Loss: 1.163 | Tes Acc: 59.33
INFO >> Epoch: 18  |  Layer: 11  |  Train Loss: 1.460 | Train Acc: 50.60  |  Val Loss: 1.558 | Val Acc: 41.00  |  Test Loss: 1.525 | Tes Acc: 45.00
INFO >> Epoch: 18  |  Layer: 12  |  Train Loss: 1.374 | Train Acc: 52.14  |  Val Loss: 1.449 | Val Acc: 46.00  |  Test Loss: 1.460 | Tes Acc: 48.67

INFO >> Epoch: 19  |  Layer:  1  |  Train Loss: 0.982 | Train Acc: 67.38  |  Val Loss: 1.273 | Val Acc: 51.00  |  Test Loss: 1.233 | Tes Acc: 56.67
INFO >> Epoch: 19  |  Layer:  2  |  Train Loss: 0.816 | Train Acc: 74.17  |  Val Loss: 1.138 | Val Acc: 57.67  |  Test Loss: 1.179 | Tes Acc: 56.00
INFO >> Epoch: 19  |  Layer:  3  |  Train Loss: 0.705 | Train Acc: 80.00  |  Val Loss: 1.046 | Val Acc: 63.67  |  Test Loss: 1.105 | Tes Acc: 60.67
INFO >> Epoch: 19  |  Layer:  4  |  Train Loss: 0.608 | Train Acc: 83.81  |  Val Loss: 1.080 | Val Acc: 60.33  |  Test Loss: 1.042 | Tes Acc: 60.00
INFO >> Epoch: 19  |  Layer:  5  |  Train Loss: 0.480 | Train Acc: 87.50  |  Val Loss: 1.012 | Val Acc: 61.33  |  Test Loss: 0.975 | Tes Acc: 62.33
INFO >> Epoch: 19  |  Layer:  6  |  Train Loss: 0.433 | Train Acc: 90.00  |  Val Loss: 0.924 | Val Acc: 66.33  |  Test Loss: 1.024 | Tes Acc: 60.00
INFO >> Epoch: 19  |  Layer:  7  |  Train Loss: 0.506 | Train Acc: 86.31  |  Val Loss: 0.969 | Val Acc: 66.33  |  Test Loss: 1.023 | Tes Acc: 61.67
INFO >> Epoch: 19  |  Layer:  8  |  Train Loss: 0.527 | Train Acc: 86.31  |  Val Loss: 0.947 | Val Acc: 67.67  |  Test Loss: 1.063 | Tes Acc: 61.33
INFO >> Epoch: 19  |  Layer:  9  |  Train Loss: 0.665 | Train Acc: 80.83  |  Val Loss: 0.975 | Val Acc: 63.33  |  Test Loss: 1.104 | Tes Acc: 59.67
INFO >> Epoch: 19  |  Layer: 10  |  Train Loss: 0.745 | Train Acc: 77.38  |  Val Loss: 1.021 | Val Acc: 62.00  |  Test Loss: 1.148 | Tes Acc: 57.33
INFO >> Epoch: 19  |  Layer: 11  |  Train Loss: 1.437 | Train Acc: 52.50  |  Val Loss: 1.546 | Val Acc: 41.67  |  Test Loss: 1.511 | Tes Acc: 46.00
INFO >> Epoch: 19  |  Layer: 12  |  Train Loss: 1.336 | Train Acc: 55.00  |  Val Loss: 1.452 | Val Acc: 47.00  |  Test Loss: 1.448 | Tes Acc: 49.00

INFO >> Epoch: 20  |  Layer:  1  |  Train Loss: 0.935 | Train Acc: 68.57  |  Val Loss: 1.252 | Val Acc: 50.33  |  Test Loss: 1.276 | Tes Acc: 54.00
INFO >> Epoch: 20  |  Layer:  2  |  Train Loss: 0.767 | Train Acc: 76.07  |  Val Loss: 1.118 | Val Acc: 56.67  |  Test Loss: 1.232 | Tes Acc: 51.67
INFO >> Epoch: 20  |  Layer:  3  |  Train Loss: 0.660 | Train Acc: 80.60  |  Val Loss: 0.997 | Val Acc: 66.67  |  Test Loss: 1.135 | Tes Acc: 59.00
INFO >> Epoch: 20  |  Layer:  4  |  Train Loss: 0.561 | Train Acc: 84.88  |  Val Loss: 1.024 | Val Acc: 64.67  |  Test Loss: 1.095 | Tes Acc: 60.00
INFO >> Epoch: 20  |  Layer:  5  |  Train Loss: 0.442 | Train Acc: 88.69  |  Val Loss: 0.980 | Val Acc: 65.67  |  Test Loss: 1.051 | Tes Acc: 60.00
INFO >> Epoch: 20  |  Layer:  6  |  Train Loss: 0.403 | Train Acc: 90.83  |  Val Loss: 0.925 | Val Acc: 67.67  |  Test Loss: 1.057 | Tes Acc: 61.67
INFO >> Epoch: 20  |  Layer:  7  |  Train Loss: 0.464 | Train Acc: 88.45  |  Val Loss: 0.966 | Val Acc: 69.00  |  Test Loss: 1.081 | Tes Acc: 61.67
INFO >> Epoch: 20  |  Layer:  8  |  Train Loss: 0.489 | Train Acc: 85.95  |  Val Loss: 0.956 | Val Acc: 69.00  |  Test Loss: 1.119 | Tes Acc: 59.33
INFO >> Epoch: 20  |  Layer:  9  |  Train Loss: 0.620 | Train Acc: 81.07  |  Val Loss: 0.942 | Val Acc: 67.33  |  Test Loss: 1.194 | Tes Acc: 58.33
INFO >> Epoch: 20  |  Layer: 10  |  Train Loss: 0.701 | Train Acc: 77.50  |  Val Loss: 0.998 | Val Acc: 62.33  |  Test Loss: 1.215 | Tes Acc: 57.33
INFO >> Epoch: 20  |  Layer: 11  |  Train Loss: 1.400 | Train Acc: 52.50  |  Val Loss: 1.532 | Val Acc: 45.00  |  Test Loss: 1.499 | Tes Acc: 47.67
INFO >> Epoch: 20  |  Layer: 12  |  Train Loss: 1.304 | Train Acc: 54.29  |  Val Loss: 1.452 | Val Acc: 46.00  |  Test Loss: 1.437 | Tes Acc: 51.33



INFO >> Time Taken: 04:30

INFO >> Layer: 1  |  Best Val Acc: 53.00  |  Best Test Acc: 50.67
INFO >> Layer: 2  |  Best Val Acc: 59.67  |  Best Test Acc: 53.33
INFO >> Layer: 3  |  Best Val Acc: 67.67  |  Best Test Acc: 56.00
INFO >> Layer: 4  |  Best Val Acc: 65.67  |  Best Test Acc: 59.67
INFO >> Layer: 5  |  Best Val Acc: 67.67  |  Best Test Acc: 57.33
INFO >> Layer: 6  |  Best Val Acc: 69.00  |  Best Test Acc: 57.33
INFO >> Layer: 7  |  Best Val Acc: 69.33  |  Best Test Acc: 60.00
INFO >> Layer: 8  |  Best Val Acc: 71.67  |  Best Test Acc: 58.67
INFO >> Layer: 9  |  Best Val Acc: 67.33  |  Best Test Acc: 58.33
INFO >> Layer: 10  |  Best Val Acc: 65.33  |  Best Test Acc: 57.00
INFO >> Layer: 11  |  Best Val Acc: 45.00  |  Best Test Acc: 47.67
INFO >> Layer: 12  |  Best Val Acc: 47.00  |  Best Test Acc: 49.00

DEBUG >> Last state saved

INFO >> History saved (./history/v1.3/RAVDESS/WAV2VEC2_BASE_PROBING/Run2/history.pt)
