
--------------------------------------------------
Multilingual SER System v1.5
--------------------------------------------------
Run Name      : Run2
Fx Model      : WAV2VEC2_ASR_LARGE_960H
Clf Model     : DENSE
Extract Mode  : gpu_memory
Dataset       : ShEMO
Device        : gpu
Epochs        : 30
Num Workers   : 3
Data Dir      : ./data
History Dir   : ./history
Weights Dir   : ./weights
Log Level     : debug
Purge Cache   : False
Job Name      : Job167
Job Id        : 31168488
GPU           : Quadro RTX 8000
GPU Count     : 1
GPU Memory    : 44.49 GB

Timestamp : 2023-03-20 01:42:23.937344

INFO >> Running on CUDA


INFO >> Training Classifier

INFO >> Epoch: 1  |  Train Loss: 1.355 | Train Acc: 47.83  |  Val Loss: 1.056 | Val Acc: 63.44  |  Test Loss: 0.783 | Tes Acc: 74.19
DEBUG >> Best state saved | Val Acc 63.44085931777954 | Test Acc 74.19354915618896

INFO >> Epoch: 2  |  Train Loss: 0.944 | Train Acc: 67.49  |  Val Loss: 0.784 | Val Acc: 74.73  |  Test Loss: 0.492 | Tes Acc: 85.48
DEBUG >> Best state saved | Val Acc 74.73118305206299 | Test Acc 85.48387289047241

INFO >> Epoch: 3  |  Train Loss: 0.800 | Train Acc: 72.71  |  Val Loss: 0.773 | Val Acc: 72.94  |  Test Loss: 0.483 | Tes Acc: 83.87
INFO >> Epoch: 4  |  Train Loss: 0.713 | Train Acc: 76.18  |  Val Loss: 0.724 | Val Acc: 74.55  |  Test Loss: 0.421 | Tes Acc: 85.22
INFO >> Epoch: 5  |  Train Loss: 0.663 | Train Acc: 77.20  |  Val Loss: 0.691 | Val Acc: 77.24  |  Test Loss: 0.388 | Tes Acc: 86.29
DEBUG >> Best state saved | Val Acc 77.24014520645142 | Test Acc 86.29032373428345

INFO >> Epoch: 6  |  Train Loss: 0.597 | Train Acc: 79.57  |  Val Loss: 0.707 | Val Acc: 75.27  |  Test Loss: 0.432 | Tes Acc: 84.95
INFO >> Epoch: 7  |  Train Loss: 0.561 | Train Acc: 80.87  |  Val Loss: 0.692 | Val Acc: 78.32  |  Test Loss: 0.417 | Tes Acc: 86.02
DEBUG >> Best state saved | Val Acc 78.31541299819946 | Test Acc 86.02150678634644

INFO >> Epoch: 8  |  Train Loss: 0.500 | Train Acc: 83.09  |  Val Loss: 0.633 | Val Acc: 79.75  |  Test Loss: 0.340 | Tes Acc: 90.05
DEBUG >> Best state saved | Val Acc 79.74910140037537 | Test Acc 90.05376100540161

INFO >> Epoch: 9  |  Train Loss: 0.479 | Train Acc: 83.72  |  Val Loss: 0.696 | Val Acc: 78.67  |  Test Loss: 0.407 | Tes Acc: 88.44
INFO >> Epoch: 10  |  Train Loss: 0.416 | Train Acc: 85.94  |  Val Loss: 0.645 | Val Acc: 79.57  |  Test Loss: 0.365 | Tes Acc: 89.25
INFO >> Epoch: 11  |  Train Loss: 0.387 | Train Acc: 86.71  |  Val Loss: 0.637 | Val Acc: 80.82  |  Test Loss: 0.331 | Tes Acc: 90.05
DEBUG >> Best state saved | Val Acc 80.82437515258789 | Test Acc 90.05376100540161

INFO >> Epoch: 12  |  Train Loss: 0.385 | Train Acc: 87.87  |  Val Loss: 0.617 | Val Acc: 81.36  |  Test Loss: 0.331 | Tes Acc: 91.40
DEBUG >> Best state saved | Val Acc 81.36200904846191 | Test Acc 91.39785170555115

INFO >> Epoch: 13  |  Train Loss: 0.352 | Train Acc: 87.92  |  Val Loss: 0.646 | Val Acc: 81.90  |  Test Loss: 0.356 | Tes Acc: 90.86
DEBUG >> Best state saved | Val Acc 81.89964294433594 | Test Acc 90.86021780967712

INFO >> Epoch: 14  |  Train Loss: 0.329 | Train Acc: 88.84  |  Val Loss: 0.620 | Val Acc: 82.08  |  Test Loss: 0.322 | Tes Acc: 90.86
DEBUG >> Best state saved | Val Acc 82.07885026931763 | Test Acc 90.86021780967712

INFO >> Epoch: 15  |  Train Loss: 0.261 | Train Acc: 91.06  |  Val Loss: 0.654 | Val Acc: 81.90  |  Test Loss: 0.353 | Tes Acc: 90.05
INFO >> Epoch: 16  |  Train Loss: 0.271 | Train Acc: 90.43  |  Val Loss: 0.663 | Val Acc: 81.18  |  Test Loss: 0.377 | Tes Acc: 88.71
INFO >> Epoch: 17  |  Train Loss: 0.243 | Train Acc: 91.64  |  Val Loss: 0.728 | Val Acc: 82.08  |  Test Loss: 0.373 | Tes Acc: 90.32
INFO >> Epoch: 18  |  Train Loss: 0.228 | Train Acc: 91.93  |  Val Loss: 0.710 | Val Acc: 81.72  |  Test Loss: 0.375 | Tes Acc: 90.59
INFO >> Epoch: 19  |  Train Loss: 0.166 | Train Acc: 94.78  |  Val Loss: 0.775 | Val Acc: 81.18  |  Test Loss: 0.373 | Tes Acc: 90.86
INFO >> Epoch: 20  |  Train Loss: 0.196 | Train Acc: 93.24  |  Val Loss: 0.838 | Val Acc: 80.47  |  Test Loss: 0.442 | Tes Acc: 87.90
INFO >> Epoch: 21  |  Train Loss: 0.178 | Train Acc: 94.20  |  Val Loss: 0.793 | Val Acc: 80.11  |  Test Loss: 0.394 | Tes Acc: 90.86
INFO >> Epoch: 22  |  Train Loss: 0.142 | Train Acc: 95.22  |  Val Loss: 0.782 | Val Acc: 81.72  |  Test Loss: 0.415 | Tes Acc: 89.78
INFO >> Epoch: 23  |  Train Loss: 0.118 | Train Acc: 95.85  |  Val Loss: 0.880 | Val Acc: 81.36  |  Test Loss: 0.451 | Tes Acc: 90.86
INFO >> Epoch: 24  |  Train Loss: 0.133 | Train Acc: 95.41  |  Val Loss: 0.811 | Val Acc: 80.65  |  Test Loss: 0.421 | Tes Acc: 89.52
INFO >> Epoch: 25  |  Train Loss: 0.106 | Train Acc: 96.81  |  Val Loss: 0.811 | Val Acc: 81.90  |  Test Loss: 0.431 | Tes Acc: 90.32
INFO >> Epoch: 26  |  Train Loss: 0.112 | Train Acc: 96.23  |  Val Loss: 0.920 | Val Acc: 80.65  |  Test Loss: 0.531 | Tes Acc: 87.37
INFO >> Epoch: 27  |  Train Loss: 0.087 | Train Acc: 97.68  |  Val Loss: 0.957 | Val Acc: 81.18  |  Test Loss: 0.494 | Tes Acc: 89.78
INFO >> Epoch: 28  |  Train Loss: 0.090 | Train Acc: 97.34  |  Val Loss: 1.000 | Val Acc: 82.26  |  Test Loss: 0.512 | Tes Acc: 90.05
DEBUG >> Best state saved | Val Acc 82.2580635547638 | Test Acc 90.05376100540161

INFO >> Epoch: 29  |  Train Loss: 0.091 | Train Acc: 97.34  |  Val Loss: 0.942 | Val Acc: 83.51  |  Test Loss: 0.489 | Tes Acc: 89.78
DEBUG >> Best state saved | Val Acc 83.51254463195801 | Test Acc 89.7849440574646

INFO >> Epoch: 30  |  Train Loss: 0.088 | Train Acc: 97.05  |  Val Loss: 0.968 | Val Acc: 82.08  |  Test Loss: 0.496 | Tes Acc: 90.32


INFO >> Time Taken: 1:52:46

INFO >> Best Val Acc : 83.51254463195801 | Best Test Acc : 89.7849440574646

INFO >> Agg. Weights : 
0.002798568457365036 -0.19229748845100403 -0.31923025846481323 -0.4211367964744568 -0.5387696623802185 -0.5893053412437439 -0.09165963530540466 -0.5725206732749939 -0.37038174271583557 -0.3808942437171936 -0.1382777988910675 -0.11397261172533035 -0.4884548783302307 -0.33273762464523315 -0.24287930130958557 -0.15331387519836426 -0.02513076923787594 -0.14618085324764252 0.16432903707027435 0.20546767115592957 0.005193755030632019 -0.044004715979099274 -0.07601672410964966 0.018020736053586006

DEBUG >> Last state saved | Val Acc 82.07885026931763 | Test Acc 90.32257795333862

INFO >> History saved (./history/v1.5/ShEMO/FX_WAV2VEC2_ASR_LARGE_960H_CLF_DENSE/Run2/history.pt)
