
--------------------------------------------------
Multilingual SER System v1.2
--------------------------------------------------
Run Name      : Run5
Fx Model      : WAV2VEC2_LARGE_XLSR
Clf Model     : DENSE
Extract Mode  : gpu_memory
Dataset       : ShEMO
Device        : gpu
Epochs        : 50
Num Workers   : 2
Data Dir      : ./data
History Dir   : ./history
Weights Dir   : ./weights
Log Level     : debug
Purge Cache   : False
Job Name      : Job35
Job Id        : 30703585
GPU           : Quadro RTX 8000
GPU Count     : 1

Timestamp : 2023-03-02 18:41:34.763103

INFO >> Running on CUDA


INFO >> Training Classifier

INFO >> Epoch: 1 |   Train Loss: 38.080 | Train Acc: 26.18 |   Val Loss: 2.203 | Val Acc: 34.41 |   Test Loss: 1.859 | Tes Acc: 44.35
DEBUG >> Best state saved | Val Acc 34.40860211849213 | Test Acc 44.354838132858276

INFO >> Epoch: 2 |   Train Loss: 2.341 | Train Acc: 32.95 |   Val Loss: 2.194 | Val Acc: 38.17 |   Test Loss: 1.612 | Tes Acc: 49.46
DEBUG >> Best state saved | Val Acc 38.17204236984253 | Test Acc 49.46236610412598

INFO >> Epoch: 3 |   Train Loss: 2.242 | Train Acc: 36.04 |   Val Loss: 2.048 | Val Acc: 43.01 |   Test Loss: 1.600 | Tes Acc: 56.72
DEBUG >> Best state saved | Val Acc 43.01075339317322 | Test Acc 56.72042965888977

INFO >> Epoch: 4 |   Train Loss: 2.684 | Train Acc: 33.57 |   Val Loss: 1.619 | Val Acc: 38.53 |   Test Loss: 1.263 | Tes Acc: 51.08
INFO >> Epoch: 5 |   Train Loss: 2.909 | Train Acc: 32.66 |   Val Loss: 2.442 | Val Acc: 33.33 |   Test Loss: 1.861 | Tes Acc: 36.83
INFO >> Epoch: 6 |   Train Loss: 1.776 | Train Acc: 35.17 |   Val Loss: 1.564 | Val Acc: 41.94 |   Test Loss: 1.355 | Tes Acc: 54.57
INFO >> Epoch: 7 |   Train Loss: 2.405 | Train Acc: 35.02 |   Val Loss: 1.780 | Val Acc: 33.33 |   Test Loss: 1.405 | Tes Acc: 36.83
INFO >> Epoch: 8 |   Train Loss: 1.608 | Train Acc: 43.19 |   Val Loss: 1.357 | Val Acc: 51.25 |   Test Loss: 1.065 | Tes Acc: 64.25
DEBUG >> Best state saved | Val Acc 51.254481077194214 | Test Acc 64.24731016159058

INFO >> Epoch: 9 |   Train Loss: 1.910 | Train Acc: 43.14 |   Val Loss: 2.855 | Val Acc: 36.56 |   Test Loss: 2.047 | Tes Acc: 46.24
INFO >> Epoch: 10 |   Train Loss: 2.076 | Train Acc: 42.42 |   Val Loss: 1.287 | Val Acc: 50.90 |   Test Loss: 1.002 | Tes Acc: 65.86
INFO >> Epoch: 11 |   Train Loss: 1.427 | Train Acc: 50.97 |   Val Loss: 1.234 | Val Acc: 51.97 |   Test Loss: 0.922 | Tes Acc: 67.74
DEBUG >> Best state saved | Val Acc 51.971328258514404 | Test Acc 67.7419364452362

INFO >> Epoch: 12 |   Train Loss: 1.687 | Train Acc: 52.51 |   Val Loss: 1.265 | Val Acc: 54.30 |   Test Loss: 0.934 | Tes Acc: 68.01
DEBUG >> Best state saved | Val Acc 54.301077127456665 | Test Acc 68.01075339317322

INFO >> Epoch: 13 |   Train Loss: 1.582 | Train Acc: 51.45 |   Val Loss: 1.258 | Val Acc: 53.94 |   Test Loss: 0.944 | Tes Acc: 67.47
INFO >> Epoch: 14 |   Train Loss: 1.182 | Train Acc: 57.83 |   Val Loss: 1.178 | Val Acc: 55.91 |   Test Loss: 0.831 | Tes Acc: 70.43
DEBUG >> Best state saved | Val Acc 55.913978815078735 | Test Acc 70.43010592460632

INFO >> Epoch: 15 |   Train Loss: 1.552 | Train Acc: 55.89 |   Val Loss: 1.213 | Val Acc: 52.15 |   Test Loss: 0.892 | Tes Acc: 63.71
INFO >> Epoch: 16 |   Train Loss: 1.188 | Train Acc: 60.39 |   Val Loss: 1.062 | Val Acc: 59.68 |   Test Loss: 0.716 | Tes Acc: 73.66
DEBUG >> Best state saved | Val Acc 59.67742204666138 | Test Acc 73.65591526031494

INFO >> Epoch: 17 |   Train Loss: 1.120 | Train Acc: 61.35 |   Val Loss: 1.098 | Val Acc: 60.93 |   Test Loss: 0.729 | Tes Acc: 73.39
DEBUG >> Best state saved | Val Acc 60.93189716339111 | Test Acc 73.38709831237793

INFO >> Epoch: 18 |   Train Loss: 1.120 | Train Acc: 61.55 |   Val Loss: 1.161 | Val Acc: 60.75 |   Test Loss: 0.766 | Tes Acc: 75.81
INFO >> Epoch: 19 |   Train Loss: 0.977 | Train Acc: 65.27 |   Val Loss: 0.951 | Val Acc: 66.85 |   Test Loss: 0.636 | Tes Acc: 80.11
DEBUG >> Best state saved | Val Acc 66.84587597846985 | Test Acc 80.1075279712677

INFO >> Epoch: 20 |   Train Loss: 0.938 | Train Acc: 67.25 |   Val Loss: 0.952 | Val Acc: 67.74 |   Test Loss: 0.630 | Tes Acc: 80.65
DEBUG >> Best state saved | Val Acc 67.7419364452362 | Test Acc 80.64516186714172

INFO >> Epoch: 21 |   Train Loss: 0.958 | Train Acc: 67.58 |   Val Loss: 0.977 | Val Acc: 67.20 |   Test Loss: 0.583 | Tes Acc: 79.84
INFO >> Epoch: 22 |   Train Loss: 0.882 | Train Acc: 69.28 |   Val Loss: 0.954 | Val Acc: 66.85 |   Test Loss: 0.583 | Tes Acc: 80.91
INFO >> Epoch: 23 |   Train Loss: 0.840 | Train Acc: 71.11 |   Val Loss: 0.885 | Val Acc: 72.04 |   Test Loss: 0.539 | Tes Acc: 86.02
DEBUG >> Best state saved | Val Acc 72.04301357269287 | Test Acc 86.02150678634644

INFO >> Epoch: 24 |   Train Loss: 0.795 | Train Acc: 74.35 |   Val Loss: 0.944 | Val Acc: 66.85 |   Test Loss: 0.534 | Tes Acc: 82.53
INFO >> Epoch: 25 |   Train Loss: 0.771 | Train Acc: 73.33 |   Val Loss: 0.879 | Val Acc: 72.94 |   Test Loss: 0.454 | Tes Acc: 85.48
DEBUG >> Best state saved | Val Acc 72.93906807899475 | Test Acc 85.48387289047241

INFO >> Epoch: 26 |   Train Loss: 0.738 | Train Acc: 75.56 |   Val Loss: 0.888 | Val Acc: 73.66 |   Test Loss: 0.520 | Tes Acc: 83.87
DEBUG >> Best state saved | Val Acc 73.65591526031494 | Test Acc 83.87096524238586

INFO >> Epoch: 27 |   Train Loss: 0.708 | Train Acc: 76.47 |   Val Loss: 0.882 | Val Acc: 74.19 |   Test Loss: 0.496 | Tes Acc: 84.95
DEBUG >> Best state saved | Val Acc 74.19354915618896 | Test Acc 84.94623899459839

INFO >> Epoch: 28 |   Train Loss: 0.682 | Train Acc: 77.73 |   Val Loss: 0.844 | Val Acc: 75.63 |   Test Loss: 0.456 | Tes Acc: 85.75
DEBUG >> Best state saved | Val Acc 75.62723755836487 | Test Acc 85.75268983840942

INFO >> Epoch: 29 |   Train Loss: 0.652 | Train Acc: 78.94 |   Val Loss: 0.807 | Val Acc: 75.27 |   Test Loss: 0.458 | Tes Acc: 86.56
INFO >> Epoch: 30 |   Train Loss: 0.611 | Train Acc: 80.14 |   Val Loss: 0.777 | Val Acc: 77.42 |   Test Loss: 0.392 | Tes Acc: 88.17
DEBUG >> Best state saved | Val Acc 77.4193525314331 | Test Acc 88.17204236984253

INFO >> Epoch: 31 |   Train Loss: 0.523 | Train Acc: 82.46 |   Val Loss: 0.745 | Val Acc: 76.16 |   Test Loss: 0.406 | Tes Acc: 86.83
INFO >> Epoch: 32 |   Train Loss: 0.512 | Train Acc: 83.72 |   Val Loss: 0.811 | Val Acc: 74.55 |   Test Loss: 0.436 | Tes Acc: 87.10
INFO >> Epoch: 33 |   Train Loss: 0.490 | Train Acc: 84.49 |   Val Loss: 0.722 | Val Acc: 79.75 |   Test Loss: 0.383 | Tes Acc: 88.17
DEBUG >> Best state saved | Val Acc 79.74910140037537 | Test Acc 88.17204236984253

INFO >> Epoch: 34 |   Train Loss: 0.485 | Train Acc: 84.83 |   Val Loss: 0.741 | Val Acc: 79.57 |   Test Loss: 0.355 | Tes Acc: 89.52
INFO >> Epoch: 35 |   Train Loss: 0.441 | Train Acc: 85.99 |   Val Loss: 0.843 | Val Acc: 77.78 |   Test Loss: 0.427 | Tes Acc: 86.83
INFO >> Epoch: 36 |   Train Loss: 0.437 | Train Acc: 86.57 |   Val Loss: 0.772 | Val Acc: 78.32 |   Test Loss: 0.424 | Tes Acc: 87.37
INFO >> Epoch: 37 |   Train Loss: 0.409 | Train Acc: 85.85 |   Val Loss: 0.808 | Val Acc: 76.52 |   Test Loss: 0.408 | Tes Acc: 86.83
INFO >> Epoch: 38 |   Train Loss: 0.368 | Train Acc: 87.97 |   Val Loss: 0.765 | Val Acc: 81.54 |   Test Loss: 0.313 | Tes Acc: 89.52
DEBUG >> Best state saved | Val Acc 81.5412163734436 | Test Acc 89.51612710952759

INFO >> Epoch: 39 |   Train Loss: 0.341 | Train Acc: 89.57 |   Val Loss: 0.740 | Val Acc: 78.14 |   Test Loss: 0.376 | Tes Acc: 87.63
INFO >> Epoch: 40 |   Train Loss: 0.337 | Train Acc: 89.28 |   Val Loss: 0.724 | Val Acc: 80.65 |   Test Loss: 0.390 | Tes Acc: 87.10
INFO >> Epoch: 41 |   Train Loss: 0.328 | Train Acc: 88.50 |   Val Loss: 0.816 | Val Acc: 79.93 |   Test Loss: 0.383 | Tes Acc: 88.44
INFO >> Epoch: 42 |   Train Loss: 0.277 | Train Acc: 92.08 |   Val Loss: 0.753 | Val Acc: 81.54 |   Test Loss: 0.408 | Tes Acc: 88.44
INFO >> Epoch: 43 |   Train Loss: 0.355 | Train Acc: 89.23 |   Val Loss: 0.731 | Val Acc: 81.18 |   Test Loss: 0.348 | Tes Acc: 88.44
INFO >> Epoch: 44 |   Train Loss: 0.300 | Train Acc: 89.57 |   Val Loss: 0.759 | Val Acc: 79.93 |   Test Loss: 0.342 | Tes Acc: 88.98
INFO >> Epoch: 45 |   Train Loss: 0.234 | Train Acc: 92.46 |   Val Loss: 0.749 | Val Acc: 79.75 |   Test Loss: 0.408 | Tes Acc: 87.63
INFO >> Epoch: 46 |   Train Loss: 0.246 | Train Acc: 91.98 |   Val Loss: 0.727 | Val Acc: 82.26 |   Test Loss: 0.370 | Tes Acc: 88.71
DEBUG >> Best state saved | Val Acc 82.2580635547638 | Test Acc 88.70967626571655

INFO >> Epoch: 47 |   Train Loss: 0.222 | Train Acc: 92.80 |   Val Loss: 0.790 | Val Acc: 83.15 |   Test Loss: 0.399 | Tes Acc: 89.25
DEBUG >> Best state saved | Val Acc 83.15412402153015 | Test Acc 89.24731016159058

INFO >> Epoch: 48 |   Train Loss: 0.182 | Train Acc: 93.96 |   Val Loss: 0.723 | Val Acc: 80.29 |   Test Loss: 0.407 | Tes Acc: 88.44
INFO >> Epoch: 49 |   Train Loss: 0.171 | Train Acc: 94.11 |   Val Loss: 0.782 | Val Acc: 81.72 |   Test Loss: 0.335 | Tes Acc: 89.78
INFO >> Epoch: 50 |   Train Loss: 0.149 | Train Acc: 95.31 |   Val Loss: 0.775 | Val Acc: 81.36 |   Test Loss: 0.378 | Tes Acc: 88.98


INFO >> Time Taken: 3:22:07

INFO >> Best Val Acc : 83.15412402153015 | Best Test Acc : 89.24731016159058

INFO >> Agg. Weights : 
-0.17310719192028046 -0.2962290942668915 -0.30264684557914734 -0.6456204652786255 -0.6133244037628174 -0.5825433135032654 -0.7514649629592896 -0.6646349430084229 -0.41181042790412903 -0.3402694761753082 -0.4165560305118561 -0.20781244337558746 -0.38001129031181335 -0.19265398383140564 -0.12037643790245056 -0.18459203839302063 -0.22459422051906586 -0.12737411260604858 -0.43857917189598083 -0.32612770795822144 0.021410532295703888 -0.05332791805267334 0.016363972797989845 0.01793353632092476

DEBUG >> Last state saved | Val Acc 81.36200904846191 | Test Acc 88.97849321365356

INFO >> History saved (./history/v1.2/ShEMO/WAV2VEC2_LARGE_XLSR_DENSE/Run5/history.pt)
