
--------------------------------------------------
Multilingual SER System v1.2
--------------------------------------------------
Run Name      : Run1
Fx Model      : WAV2VEC2_LARGE
Clf Model     : DENSE
Extract Mode  : gpu_memory
Dataset       : RAVDESS
Device        : gpu
Epochs        : 20
Num Workers   : 2
Data Dir      : ./data
History Dir   : ./history
Weights Dir   : ./weights
Log Level     : debug
Purge Cache   : False
Job Name      : Job81
Job Id        : 30684200
GPU           : Quadro RTX 8000
GPU Count     : 1

Timestamp : 2023-03-02 04:40:55.582220

INFO >> Running on CUDA


INFO >> Training Classifier

INFO >> Epoch: 1 |   Train Loss: 2.047 | Train Acc: 15.00 |   Val Loss: 1.958 | Val Acc: 24.33 |   Test Loss: 1.963 | Tes Acc: 23.33
DEBUG >> Best state saved | Val Acc 24.33333396911621 | Test Acc 23.333333432674408

INFO >> Epoch: 2 |   Train Loss: 1.783 | Train Acc: 33.57 |   Val Loss: 1.620 | Val Acc: 35.33 |   Test Loss: 1.575 | Tes Acc: 38.33
DEBUG >> Best state saved | Val Acc 35.33333241939545 | Test Acc 38.333332538604736

INFO >> Epoch: 3 |   Train Loss: 1.505 | Train Acc: 44.05 |   Val Loss: 1.441 | Val Acc: 49.67 |   Test Loss: 1.556 | Tes Acc: 42.67
DEBUG >> Best state saved | Val Acc 49.666666984558105 | Test Acc 42.66666769981384

INFO >> Epoch: 4 |   Train Loss: 1.254 | Train Acc: 53.93 |   Val Loss: 1.135 | Val Acc: 61.67 |   Test Loss: 1.301 | Tes Acc: 51.00
DEBUG >> Best state saved | Val Acc 61.666667461395264 | Test Acc 50.999999046325684

INFO >> Epoch: 5 |   Train Loss: 0.998 | Train Acc: 64.52 |   Val Loss: 1.149 | Val Acc: 56.33 |   Test Loss: 1.288 | Tes Acc: 51.33
INFO >> Epoch: 6 |   Train Loss: 0.868 | Train Acc: 67.86 |   Val Loss: 1.007 | Val Acc: 67.67 |   Test Loss: 1.249 | Tes Acc: 56.33
DEBUG >> Best state saved | Val Acc 67.66666769981384 | Test Acc 56.333333253860474

INFO >> Epoch: 7 |   Train Loss: 0.699 | Train Acc: 75.12 |   Val Loss: 0.986 | Val Acc: 67.33 |   Test Loss: 1.122 | Tes Acc: 62.67
INFO >> Epoch: 8 |   Train Loss: 0.613 | Train Acc: 77.02 |   Val Loss: 0.735 | Val Acc: 76.00 |   Test Loss: 1.138 | Tes Acc: 60.67
DEBUG >> Best state saved | Val Acc 75.99999904632568 | Test Acc 60.66666841506958

INFO >> Epoch: 9 |   Train Loss: 0.419 | Train Acc: 85.83 |   Val Loss: 0.796 | Val Acc: 75.33 |   Test Loss: 1.216 | Tes Acc: 61.33
INFO >> Epoch: 10 |   Train Loss: 0.320 | Train Acc: 90.36 |   Val Loss: 0.814 | Val Acc: 77.33 |   Test Loss: 1.308 | Tes Acc: 61.33
DEBUG >> Best state saved | Val Acc 77.33333110809326 | Test Acc 61.33333444595337

INFO >> Epoch: 11 |   Train Loss: 0.305 | Train Acc: 89.76 |   Val Loss: 0.681 | Val Acc: 80.33 |   Test Loss: 1.055 | Tes Acc: 67.67
DEBUG >> Best state saved | Val Acc 80.33333420753479 | Test Acc 67.66666769981384

INFO >> Epoch: 12 |   Train Loss: 0.245 | Train Acc: 91.67 |   Val Loss: 0.771 | Val Acc: 79.00 |   Test Loss: 1.363 | Tes Acc: 63.33
INFO >> Epoch: 13 |   Train Loss: 0.172 | Train Acc: 95.60 |   Val Loss: 0.993 | Val Acc: 71.67 |   Test Loss: 1.463 | Tes Acc: 62.67
INFO >> Epoch: 14 |   Train Loss: 0.167 | Train Acc: 95.36 |   Val Loss: 0.788 | Val Acc: 78.33 |   Test Loss: 1.073 | Tes Acc: 72.33
INFO >> Epoch: 15 |   Train Loss: 0.104 | Train Acc: 97.62 |   Val Loss: 0.797 | Val Acc: 79.67 |   Test Loss: 1.226 | Tes Acc: 67.33
INFO >> Epoch: 16 |   Train Loss: 0.082 | Train Acc: 98.45 |   Val Loss: 0.771 | Val Acc: 80.67 |   Test Loss: 1.379 | Tes Acc: 68.33
DEBUG >> Best state saved | Val Acc 80.66666722297668 | Test Acc 68.33333373069763

INFO >> Epoch: 17 |   Train Loss: 0.077 | Train Acc: 98.10 |   Val Loss: 0.833 | Val Acc: 80.00 |   Test Loss: 1.422 | Tes Acc: 63.33
INFO >> Epoch: 18 |   Train Loss: 0.052 | Train Acc: 98.93 |   Val Loss: 0.800 | Val Acc: 81.00 |   Test Loss: 1.424 | Tes Acc: 65.33
DEBUG >> Best state saved | Val Acc 81.00000023841858 | Test Acc 65.3333306312561

INFO >> Epoch: 19 |   Train Loss: 0.054 | Train Acc: 98.93 |   Val Loss: 0.980 | Val Acc: 80.00 |   Test Loss: 1.511 | Tes Acc: 68.67
INFO >> Epoch: 20 |   Train Loss: 0.041 | Train Acc: 99.17 |   Val Loss: 1.043 | Val Acc: 79.67 |   Test Loss: 1.536 | Tes Acc: 67.67


INFO >> Time Taken: 09:19

INFO >> Best Val Acc : 81.00000023841858 | Best Test Acc : 65.3333306312561

INFO >> Agg. Weights : 
0.22420181334018707 0.1912665218114853 -0.10671178996562958 0.30888432264328003 -0.392799437046051 -0.04415452107787132 -0.06801453232765198 0.20862291753292084 0.2076362520456314 -0.38782790303230286 -0.2729315459728241 0.284697026014328 0.3096049129962921 0.07956070452928543 0.4969685971736908 0.42083171010017395 0.04377315938472748 0.40480661392211914 0.23133279383182526 -0.0913994163274765 -0.30535170435905457 0.194340780377388 -0.04049207270145416 -0.12432951480150223

DEBUG >> Last state saved | Val Acc 79.666668176651 | Test Acc 67.66666769981384

INFO >> History saved (./history/v1.2/RAVDESS/WAV2VEC2_LARGE_DENSE/Run1/history.pt)
