
--------------------------------------------------
Multilingual SER System v1.4
--------------------------------------------------
Run Name      : Run5
Fx Model      : HUBERT_BASE
Clf Model     : PROBING_DENSE
Extract Mode  : gpu_memory
Dataset       : ShEMO
Device        : gpu
Epochs        : 30
Num Workers   : 3
Data Dir      : ./data
History Dir   : ./history
Weights Dir   : ./weights
Log Level     : debug
Purge Cache   : False
Job Name      : Job174
Job Id        : 30912953
GPU           : Quadro RTX 8000
GPU Count     : 1
GPU Memory    : 44.49 GB

Timestamp : 2023-03-11 07:07:28.947550

INFO >> Running on CUDA


INFO >> Training Classifier

INFO >> Epoch: 1  |  Layer:  1  |  Train Loss: 1.404 | Train Acc: 44.06  |  Val Loss: 1.308 | Val Acc: 53.94  |  Test Loss: 1.144 | Tes Acc: 65.59
INFO >> Epoch: 1  |  Layer:  2  |  Train Loss: 1.420 | Train Acc: 44.44  |  Val Loss: 1.241 | Val Acc: 54.12  |  Test Loss: 1.031 | Tes Acc: 65.59
INFO >> Epoch: 1  |  Layer:  3  |  Train Loss: 1.419 | Train Acc: 44.44  |  Val Loss: 1.246 | Val Acc: 53.76  |  Test Loss: 1.053 | Tes Acc: 64.25
INFO >> Epoch: 1  |  Layer:  4  |  Train Loss: 1.400 | Train Acc: 45.46  |  Val Loss: 1.186 | Val Acc: 57.89  |  Test Loss: 0.976 | Tes Acc: 69.09
INFO >> Epoch: 1  |  Layer:  5  |  Train Loss: 1.404 | Train Acc: 44.59  |  Val Loss: 1.173 | Val Acc: 58.96  |  Test Loss: 0.967 | Tes Acc: 71.77
INFO >> Epoch: 1  |  Layer:  6  |  Train Loss: 1.418 | Train Acc: 42.13  |  Val Loss: 1.200 | Val Acc: 58.24  |  Test Loss: 0.988 | Tes Acc: 73.92
INFO >> Epoch: 1  |  Layer:  7  |  Train Loss: 1.390 | Train Acc: 45.70  |  Val Loss: 1.151 | Val Acc: 60.39  |  Test Loss: 0.953 | Tes Acc: 73.66
INFO >> Epoch: 1  |  Layer:  8  |  Train Loss: 1.387 | Train Acc: 46.23  |  Val Loss: 1.172 | Val Acc: 58.78  |  Test Loss: 0.977 | Tes Acc: 70.70
INFO >> Epoch: 1  |  Layer:  9  |  Train Loss: 1.398 | Train Acc: 45.02  |  Val Loss: 1.184 | Val Acc: 58.06  |  Test Loss: 0.972 | Tes Acc: 70.97
INFO >> Epoch: 1  |  Layer: 10  |  Train Loss: 1.384 | Train Acc: 45.27  |  Val Loss: 1.169 | Val Acc: 58.42  |  Test Loss: 0.952 | Tes Acc: 70.97
INFO >> Epoch: 1  |  Layer: 11  |  Train Loss: 1.378 | Train Acc: 45.80  |  Val Loss: 1.171 | Val Acc: 56.45  |  Test Loss: 0.964 | Tes Acc: 66.94
INFO >> Epoch: 1  |  Layer: 12  |  Train Loss: 1.386 | Train Acc: 44.88  |  Val Loss: 1.166 | Val Acc: 58.42  |  Test Loss: 0.951 | Tes Acc: 70.43
INFO >> Epoch: 1  |  Layer: 13  |  Train Loss: 1.392 | Train Acc: 44.54  |  Val Loss: 1.214 | Val Acc: 56.99  |  Test Loss: 1.042 | Tes Acc: 65.86

INFO >> Epoch: 2  |  Layer:  1  |  Train Loss: 1.254 | Train Acc: 53.24  |  Val Loss: 1.183 | Val Acc: 55.91  |  Test Loss: 0.934 | Tes Acc: 71.24
INFO >> Epoch: 2  |  Layer:  2  |  Train Loss: 1.142 | Train Acc: 58.74  |  Val Loss: 1.054 | Val Acc: 64.87  |  Test Loss: 0.760 | Tes Acc: 76.34
INFO >> Epoch: 2  |  Layer:  3  |  Train Loss: 1.125 | Train Acc: 58.79  |  Val Loss: 1.013 | Val Acc: 63.62  |  Test Loss: 0.716 | Tes Acc: 75.00
INFO >> Epoch: 2  |  Layer:  4  |  Train Loss: 1.054 | Train Acc: 61.16  |  Val Loss: 0.957 | Val Acc: 65.95  |  Test Loss: 0.610 | Tes Acc: 80.11
INFO >> Epoch: 2  |  Layer:  5  |  Train Loss: 1.051 | Train Acc: 61.40  |  Val Loss: 0.931 | Val Acc: 65.77  |  Test Loss: 0.590 | Tes Acc: 81.72
INFO >> Epoch: 2  |  Layer:  6  |  Train Loss: 1.043 | Train Acc: 62.46  |  Val Loss: 0.908 | Val Acc: 68.28  |  Test Loss: 0.583 | Tes Acc: 81.72
INFO >> Epoch: 2  |  Layer:  7  |  Train Loss: 1.030 | Train Acc: 61.59  |  Val Loss: 0.919 | Val Acc: 66.13  |  Test Loss: 0.588 | Tes Acc: 80.65
INFO >> Epoch: 2  |  Layer:  8  |  Train Loss: 1.041 | Train Acc: 61.35  |  Val Loss: 0.917 | Val Acc: 66.13  |  Test Loss: 0.609 | Tes Acc: 79.84
INFO >> Epoch: 2  |  Layer:  9  |  Train Loss: 1.021 | Train Acc: 62.61  |  Val Loss: 0.913 | Val Acc: 67.56  |  Test Loss: 0.559 | Tes Acc: 80.38
INFO >> Epoch: 2  |  Layer: 10  |  Train Loss: 1.037 | Train Acc: 60.82  |  Val Loss: 0.935 | Val Acc: 66.31  |  Test Loss: 0.595 | Tes Acc: 79.30
INFO >> Epoch: 2  |  Layer: 11  |  Train Loss: 1.032 | Train Acc: 61.79  |  Val Loss: 0.938 | Val Acc: 68.46  |  Test Loss: 0.582 | Tes Acc: 79.30
INFO >> Epoch: 2  |  Layer: 12  |  Train Loss: 1.035 | Train Acc: 61.21  |  Val Loss: 0.939 | Val Acc: 66.85  |  Test Loss: 0.572 | Tes Acc: 80.38
INFO >> Epoch: 2  |  Layer: 13  |  Train Loss: 1.069 | Train Acc: 60.05  |  Val Loss: 0.945 | Val Acc: 66.85  |  Test Loss: 0.598 | Tes Acc: 81.45

INFO >> Epoch: 3  |  Layer:  1  |  Train Loss: 1.177 | Train Acc: 60.00  |  Val Loss: 1.155 | Val Acc: 56.45  |  Test Loss: 0.867 | Tes Acc: 69.35
INFO >> Epoch: 3  |  Layer:  2  |  Train Loss: 1.025 | Train Acc: 66.09  |  Val Loss: 0.937 | Val Acc: 71.15  |  Test Loss: 0.569 | Tes Acc: 83.33
INFO >> Epoch: 3  |  Layer:  3  |  Train Loss: 0.978 | Train Acc: 67.44  |  Val Loss: 0.862 | Val Acc: 74.01  |  Test Loss: 0.556 | Tes Acc: 82.53
INFO >> Epoch: 3  |  Layer:  4  |  Train Loss: 0.892 | Train Acc: 70.10  |  Val Loss: 0.811 | Val Acc: 73.30  |  Test Loss: 0.482 | Tes Acc: 84.14
INFO >> Epoch: 3  |  Layer:  5  |  Train Loss: 0.871 | Train Acc: 70.77  |  Val Loss: 0.781 | Val Acc: 75.27  |  Test Loss: 0.476 | Tes Acc: 85.48
INFO >> Epoch: 3  |  Layer:  6  |  Train Loss: 0.848 | Train Acc: 71.69  |  Val Loss: 0.760 | Val Acc: 75.81  |  Test Loss: 0.466 | Tes Acc: 86.02
INFO >> Epoch: 3  |  Layer:  7  |  Train Loss: 0.841 | Train Acc: 71.98  |  Val Loss: 0.779 | Val Acc: 74.19  |  Test Loss: 0.480 | Tes Acc: 85.22
INFO >> Epoch: 3  |  Layer:  8  |  Train Loss: 0.852 | Train Acc: 71.69  |  Val Loss: 0.799 | Val Acc: 74.01  |  Test Loss: 0.484 | Tes Acc: 81.72
INFO >> Epoch: 3  |  Layer:  9  |  Train Loss: 0.832 | Train Acc: 70.87  |  Val Loss: 0.789 | Val Acc: 74.19  |  Test Loss: 0.466 | Tes Acc: 83.06
INFO >> Epoch: 3  |  Layer: 10  |  Train Loss: 0.862 | Train Acc: 69.90  |  Val Loss: 0.797 | Val Acc: 72.40  |  Test Loss: 0.496 | Tes Acc: 83.06
INFO >> Epoch: 3  |  Layer: 11  |  Train Loss: 0.866 | Train Acc: 68.99  |  Val Loss: 0.816 | Val Acc: 72.94  |  Test Loss: 0.494 | Tes Acc: 82.80
INFO >> Epoch: 3  |  Layer: 12  |  Train Loss: 0.865 | Train Acc: 70.19  |  Val Loss: 0.817 | Val Acc: 71.68  |  Test Loss: 0.478 | Tes Acc: 83.87
INFO >> Epoch: 3  |  Layer: 13  |  Train Loss: 0.913 | Train Acc: 68.94  |  Val Loss: 0.861 | Val Acc: 69.71  |  Test Loss: 0.520 | Tes Acc: 82.26

INFO >> Epoch: 4  |  Layer:  1  |  Train Loss: 1.132 | Train Acc: 60.97  |  Val Loss: 1.031 | Val Acc: 65.95  |  Test Loss: 0.705 | Tes Acc: 80.11
INFO >> Epoch: 4  |  Layer:  2  |  Train Loss: 0.927 | Train Acc: 69.23  |  Val Loss: 0.878 | Val Acc: 74.37  |  Test Loss: 0.521 | Tes Acc: 86.56
INFO >> Epoch: 4  |  Layer:  3  |  Train Loss: 0.866 | Train Acc: 71.40  |  Val Loss: 0.800 | Val Acc: 74.73  |  Test Loss: 0.486 | Tes Acc: 87.37
INFO >> Epoch: 4  |  Layer:  4  |  Train Loss: 0.805 | Train Acc: 72.37  |  Val Loss: 0.760 | Val Acc: 75.27  |  Test Loss: 0.450 | Tes Acc: 87.90
INFO >> Epoch: 4  |  Layer:  5  |  Train Loss: 0.766 | Train Acc: 74.01  |  Val Loss: 0.717 | Val Acc: 76.52  |  Test Loss: 0.386 | Tes Acc: 87.63
INFO >> Epoch: 4  |  Layer:  6  |  Train Loss: 0.747 | Train Acc: 73.86  |  Val Loss: 0.704 | Val Acc: 77.06  |  Test Loss: 0.411 | Tes Acc: 88.71
INFO >> Epoch: 4  |  Layer:  7  |  Train Loss: 0.748 | Train Acc: 74.40  |  Val Loss: 0.715 | Val Acc: 75.81  |  Test Loss: 0.418 | Tes Acc: 87.90
INFO >> Epoch: 4  |  Layer:  8  |  Train Loss: 0.750 | Train Acc: 74.35  |  Val Loss: 0.726 | Val Acc: 76.34  |  Test Loss: 0.403 | Tes Acc: 87.90
INFO >> Epoch: 4  |  Layer:  9  |  Train Loss: 0.743 | Train Acc: 73.38  |  Val Loss: 0.740 | Val Acc: 74.73  |  Test Loss: 0.410 | Tes Acc: 88.44
INFO >> Epoch: 4  |  Layer: 10  |  Train Loss: 0.773 | Train Acc: 72.66  |  Val Loss: 0.748 | Val Acc: 73.66  |  Test Loss: 0.438 | Tes Acc: 88.44
INFO >> Epoch: 4  |  Layer: 11  |  Train Loss: 0.792 | Train Acc: 71.50  |  Val Loss: 0.753 | Val Acc: 72.94  |  Test Loss: 0.423 | Tes Acc: 87.37
INFO >> Epoch: 4  |  Layer: 12  |  Train Loss: 0.787 | Train Acc: 72.22  |  Val Loss: 0.806 | Val Acc: 70.43  |  Test Loss: 0.491 | Tes Acc: 86.02
INFO >> Epoch: 4  |  Layer: 13  |  Train Loss: 0.820 | Train Acc: 71.06  |  Val Loss: 0.793 | Val Acc: 73.48  |  Test Loss: 0.472 | Tes Acc: 86.02

INFO >> Epoch: 5  |  Layer:  1  |  Train Loss: 1.092 | Train Acc: 63.24  |  Val Loss: 1.025 | Val Acc: 68.46  |  Test Loss: 0.789 | Tes Acc: 79.30
INFO >> Epoch: 5  |  Layer:  2  |  Train Loss: 0.870 | Train Acc: 72.27  |  Val Loss: 0.850 | Val Acc: 74.55  |  Test Loss: 0.538 | Tes Acc: 86.56
INFO >> Epoch: 5  |  Layer:  3  |  Train Loss: 0.808 | Train Acc: 73.48  |  Val Loss: 0.785 | Val Acc: 73.12  |  Test Loss: 0.489 | Tes Acc: 86.29
INFO >> Epoch: 5  |  Layer:  4  |  Train Loss: 0.741 | Train Acc: 74.93  |  Val Loss: 0.723 | Val Acc: 76.52  |  Test Loss: 0.418 | Tes Acc: 87.10
INFO >> Epoch: 5  |  Layer:  5  |  Train Loss: 0.734 | Train Acc: 74.49  |  Val Loss: 0.698 | Val Acc: 77.42  |  Test Loss: 0.412 | Tes Acc: 87.90
INFO >> Epoch: 5  |  Layer:  6  |  Train Loss: 0.703 | Train Acc: 75.89  |  Val Loss: 0.685 | Val Acc: 77.06  |  Test Loss: 0.430 | Tes Acc: 87.90
INFO >> Epoch: 5  |  Layer:  7  |  Train Loss: 0.721 | Train Acc: 75.56  |  Val Loss: 0.714 | Val Acc: 75.27  |  Test Loss: 0.459 | Tes Acc: 84.95
INFO >> Epoch: 5  |  Layer:  8  |  Train Loss: 0.706 | Train Acc: 75.85  |  Val Loss: 0.735 | Val Acc: 74.55  |  Test Loss: 0.457 | Tes Acc: 87.10
INFO >> Epoch: 5  |  Layer:  9  |  Train Loss: 0.712 | Train Acc: 75.22  |  Val Loss: 0.709 | Val Acc: 77.06  |  Test Loss: 0.416 | Tes Acc: 87.37
INFO >> Epoch: 5  |  Layer: 10  |  Train Loss: 0.737 | Train Acc: 74.35  |  Val Loss: 0.720 | Val Acc: 75.63  |  Test Loss: 0.450 | Tes Acc: 88.17
INFO >> Epoch: 5  |  Layer: 11  |  Train Loss: 0.771 | Train Acc: 72.61  |  Val Loss: 0.744 | Val Acc: 75.09  |  Test Loss: 0.462 | Tes Acc: 88.17
INFO >> Epoch: 5  |  Layer: 12  |  Train Loss: 0.747 | Train Acc: 73.29  |  Val Loss: 0.755 | Val Acc: 74.91  |  Test Loss: 0.459 | Tes Acc: 87.10
INFO >> Epoch: 5  |  Layer: 13  |  Train Loss: 0.799 | Train Acc: 72.42  |  Val Loss: 0.774 | Val Acc: 75.99  |  Test Loss: 0.494 | Tes Acc: 87.63

INFO >> Epoch: 6  |  Layer:  1  |  Train Loss: 1.036 | Train Acc: 64.98  |  Val Loss: 1.012 | Val Acc: 68.28  |  Test Loss: 0.659 | Tes Acc: 79.57
INFO >> Epoch: 6  |  Layer:  2  |  Train Loss: 0.820 | Train Acc: 72.22  |  Val Loss: 0.829 | Val Acc: 74.91  |  Test Loss: 0.458 | Tes Acc: 86.02
INFO >> Epoch: 6  |  Layer:  3  |  Train Loss: 0.763 | Train Acc: 72.80  |  Val Loss: 0.774 | Val Acc: 74.91  |  Test Loss: 0.421 | Tes Acc: 85.48
INFO >> Epoch: 6  |  Layer:  4  |  Train Loss: 0.708 | Train Acc: 73.96  |  Val Loss: 0.723 | Val Acc: 75.45  |  Test Loss: 0.382 | Tes Acc: 87.10
INFO >> Epoch: 6  |  Layer:  5  |  Train Loss: 0.677 | Train Acc: 75.99  |  Val Loss: 0.702 | Val Acc: 77.06  |  Test Loss: 0.382 | Tes Acc: 88.44
INFO >> Epoch: 6  |  Layer:  6  |  Train Loss: 0.660 | Train Acc: 76.33  |  Val Loss: 0.686 | Val Acc: 77.06  |  Test Loss: 0.383 | Tes Acc: 88.71
INFO >> Epoch: 6  |  Layer:  7  |  Train Loss: 0.663 | Train Acc: 76.76  |  Val Loss: 0.722 | Val Acc: 76.52  |  Test Loss: 0.405 | Tes Acc: 88.17
INFO >> Epoch: 6  |  Layer:  8  |  Train Loss: 0.652 | Train Acc: 76.67  |  Val Loss: 0.702 | Val Acc: 77.78  |  Test Loss: 0.389 | Tes Acc: 88.17
INFO >> Epoch: 6  |  Layer:  9  |  Train Loss: 0.646 | Train Acc: 77.68  |  Val Loss: 0.700 | Val Acc: 77.06  |  Test Loss: 0.390 | Tes Acc: 87.10
INFO >> Epoch: 6  |  Layer: 10  |  Train Loss: 0.676 | Train Acc: 75.85  |  Val Loss: 0.711 | Val Acc: 74.73  |  Test Loss: 0.414 | Tes Acc: 86.02
INFO >> Epoch: 6  |  Layer: 11  |  Train Loss: 0.698 | Train Acc: 74.64  |  Val Loss: 0.739 | Val Acc: 74.91  |  Test Loss: 0.398 | Tes Acc: 86.02
INFO >> Epoch: 6  |  Layer: 12  |  Train Loss: 0.697 | Train Acc: 74.49  |  Val Loss: 0.745 | Val Acc: 74.73  |  Test Loss: 0.385 | Tes Acc: 86.83
INFO >> Epoch: 6  |  Layer: 13  |  Train Loss: 0.740 | Train Acc: 73.82  |  Val Loss: 0.770 | Val Acc: 74.55  |  Test Loss: 0.425 | Tes Acc: 87.10

INFO >> Epoch: 7  |  Layer:  1  |  Train Loss: 1.015 | Train Acc: 66.86  |  Val Loss: 0.984 | Val Acc: 68.28  |  Test Loss: 0.629 | Tes Acc: 80.65
INFO >> Epoch: 7  |  Layer:  2  |  Train Loss: 0.800 | Train Acc: 73.96  |  Val Loss: 0.813 | Val Acc: 73.84  |  Test Loss: 0.453 | Tes Acc: 87.63
INFO >> Epoch: 7  |  Layer:  3  |  Train Loss: 0.738 | Train Acc: 75.51  |  Val Loss: 0.770 | Val Acc: 73.30  |  Test Loss: 0.430 | Tes Acc: 86.83
INFO >> Epoch: 7  |  Layer:  4  |  Train Loss: 0.683 | Train Acc: 77.20  |  Val Loss: 0.698 | Val Acc: 75.63  |  Test Loss: 0.390 | Tes Acc: 87.10
INFO >> Epoch: 7  |  Layer:  5  |  Train Loss: 0.652 | Train Acc: 78.26  |  Val Loss: 0.687 | Val Acc: 76.52  |  Test Loss: 0.377 | Tes Acc: 87.63
INFO >> Epoch: 7  |  Layer:  6  |  Train Loss: 0.637 | Train Acc: 78.55  |  Val Loss: 0.669 | Val Acc: 76.16  |  Test Loss: 0.407 | Tes Acc: 86.83
INFO >> Epoch: 7  |  Layer:  7  |  Train Loss: 0.643 | Train Acc: 78.16  |  Val Loss: 0.661 | Val Acc: 78.49  |  Test Loss: 0.402 | Tes Acc: 87.90
INFO >> Epoch: 7  |  Layer:  8  |  Train Loss: 0.635 | Train Acc: 77.29  |  Val Loss: 0.694 | Val Acc: 79.03  |  Test Loss: 0.409 | Tes Acc: 86.29
INFO >> Epoch: 7  |  Layer:  9  |  Train Loss: 0.617 | Train Acc: 78.26  |  Val Loss: 0.676 | Val Acc: 78.14  |  Test Loss: 0.377 | Tes Acc: 89.52
INFO >> Epoch: 7  |  Layer: 10  |  Train Loss: 0.646 | Train Acc: 77.44  |  Val Loss: 0.723 | Val Acc: 75.09  |  Test Loss: 0.411 | Tes Acc: 85.75
INFO >> Epoch: 7  |  Layer: 11  |  Train Loss: 0.677 | Train Acc: 75.70  |  Val Loss: 0.713 | Val Acc: 77.24  |  Test Loss: 0.399 | Tes Acc: 85.48
INFO >> Epoch: 7  |  Layer: 12  |  Train Loss: 0.676 | Train Acc: 75.85  |  Val Loss: 0.705 | Val Acc: 76.52  |  Test Loss: 0.387 | Tes Acc: 88.71
INFO >> Epoch: 7  |  Layer: 13  |  Train Loss: 0.718 | Train Acc: 74.98  |  Val Loss: 0.722 | Val Acc: 74.01  |  Test Loss: 0.416 | Tes Acc: 86.56

INFO >> Epoch: 8  |  Layer:  1  |  Train Loss: 0.991 | Train Acc: 67.97  |  Val Loss: 0.956 | Val Acc: 67.56  |  Test Loss: 0.603 | Tes Acc: 81.18
INFO >> Epoch: 8  |  Layer:  2  |  Train Loss: 0.771 | Train Acc: 74.30  |  Val Loss: 0.803 | Val Acc: 73.66  |  Test Loss: 0.418 | Tes Acc: 86.29
INFO >> Epoch: 8  |  Layer:  3  |  Train Loss: 0.712 | Train Acc: 75.80  |  Val Loss: 0.738 | Val Acc: 74.37  |  Test Loss: 0.390 | Tes Acc: 86.56
INFO >> Epoch: 8  |  Layer:  4  |  Train Loss: 0.643 | Train Acc: 78.50  |  Val Loss: 0.679 | Val Acc: 78.14  |  Test Loss: 0.357 | Tes Acc: 87.63
INFO >> Epoch: 8  |  Layer:  5  |  Train Loss: 0.605 | Train Acc: 79.66  |  Val Loss: 0.674 | Val Acc: 76.34  |  Test Loss: 0.367 | Tes Acc: 86.83
INFO >> Epoch: 8  |  Layer:  6  |  Train Loss: 0.600 | Train Acc: 79.28  |  Val Loss: 0.655 | Val Acc: 77.06  |  Test Loss: 0.383 | Tes Acc: 86.56
INFO >> Epoch: 8  |  Layer:  7  |  Train Loss: 0.586 | Train Acc: 80.43  |  Val Loss: 0.658 | Val Acc: 78.85  |  Test Loss: 0.379 | Tes Acc: 86.83
INFO >> Epoch: 8  |  Layer:  8  |  Train Loss: 0.594 | Train Acc: 79.23  |  Val Loss: 0.659 | Val Acc: 77.96  |  Test Loss: 0.358 | Tes Acc: 87.37
INFO >> Epoch: 8  |  Layer:  9  |  Train Loss: 0.566 | Train Acc: 80.87  |  Val Loss: 0.666 | Val Acc: 77.06  |  Test Loss: 0.361 | Tes Acc: 89.52
INFO >> Epoch: 8  |  Layer: 10  |  Train Loss: 0.612 | Train Acc: 78.55  |  Val Loss: 0.690 | Val Acc: 76.52  |  Test Loss: 0.390 | Tes Acc: 86.56
INFO >> Epoch: 8  |  Layer: 11  |  Train Loss: 0.636 | Train Acc: 78.16  |  Val Loss: 0.722 | Val Acc: 74.01  |  Test Loss: 0.407 | Tes Acc: 86.29
INFO >> Epoch: 8  |  Layer: 12  |  Train Loss: 0.624 | Train Acc: 78.84  |  Val Loss: 0.724 | Val Acc: 74.01  |  Test Loss: 0.402 | Tes Acc: 85.48
INFO >> Epoch: 8  |  Layer: 13  |  Train Loss: 0.683 | Train Acc: 76.76  |  Val Loss: 0.730 | Val Acc: 72.94  |  Test Loss: 0.414 | Tes Acc: 85.75

INFO >> Epoch: 9  |  Layer:  1  |  Train Loss: 0.938 | Train Acc: 68.79  |  Val Loss: 0.891 | Val Acc: 71.15  |  Test Loss: 0.601 | Tes Acc: 83.33
INFO >> Epoch: 9  |  Layer:  2  |  Train Loss: 0.729 | Train Acc: 75.60  |  Val Loss: 0.749 | Val Acc: 76.16  |  Test Loss: 0.413 | Tes Acc: 87.63
INFO >> Epoch: 9  |  Layer:  3  |  Train Loss: 0.684 | Train Acc: 76.33  |  Val Loss: 0.707 | Val Acc: 77.06  |  Test Loss: 0.394 | Tes Acc: 87.90
INFO >> Epoch: 9  |  Layer:  4  |  Train Loss: 0.625 | Train Acc: 77.87  |  Val Loss: 0.680 | Val Acc: 76.88  |  Test Loss: 0.383 | Tes Acc: 88.17
INFO >> Epoch: 9  |  Layer:  5  |  Train Loss: 0.578 | Train Acc: 80.29  |  Val Loss: 0.641 | Val Acc: 78.14  |  Test Loss: 0.364 | Tes Acc: 88.17
INFO >> Epoch: 9  |  Layer:  6  |  Train Loss: 0.571 | Train Acc: 80.24  |  Val Loss: 0.623 | Val Acc: 79.39  |  Test Loss: 0.359 | Tes Acc: 89.52
INFO >> Epoch: 9  |  Layer:  7  |  Train Loss: 0.562 | Train Acc: 80.82  |  Val Loss: 0.620 | Val Acc: 79.39  |  Test Loss: 0.350 | Tes Acc: 90.05
INFO >> Epoch: 9  |  Layer:  8  |  Train Loss: 0.560 | Train Acc: 80.43  |  Val Loss: 0.661 | Val Acc: 79.39  |  Test Loss: 0.362 | Tes Acc: 89.25
INFO >> Epoch: 9  |  Layer:  9  |  Train Loss: 0.559 | Train Acc: 81.35  |  Val Loss: 0.660 | Val Acc: 77.78  |  Test Loss: 0.345 | Tes Acc: 89.25
INFO >> Epoch: 9  |  Layer: 10  |  Train Loss: 0.597 | Train Acc: 79.57  |  Val Loss: 0.676 | Val Acc: 76.52  |  Test Loss: 0.375 | Tes Acc: 88.44
INFO >> Epoch: 9  |  Layer: 11  |  Train Loss: 0.629 | Train Acc: 78.41  |  Val Loss: 0.715 | Val Acc: 74.55  |  Test Loss: 0.387 | Tes Acc: 88.71
INFO >> Epoch: 9  |  Layer: 12  |  Train Loss: 0.626 | Train Acc: 77.97  |  Val Loss: 0.679 | Val Acc: 76.34  |  Test Loss: 0.360 | Tes Acc: 88.98
INFO >> Epoch: 9  |  Layer: 13  |  Train Loss: 0.672 | Train Acc: 76.33  |  Val Loss: 0.717 | Val Acc: 76.16  |  Test Loss: 0.394 | Tes Acc: 88.71

INFO >> Epoch: 10  |  Layer:  1  |  Train Loss: 0.954 | Train Acc: 67.92  |  Val Loss: 0.916 | Val Acc: 69.89  |  Test Loss: 0.603 | Tes Acc: 83.33
INFO >> Epoch: 10  |  Layer:  2  |  Train Loss: 0.709 | Train Acc: 76.23  |  Val Loss: 0.731 | Val Acc: 76.52  |  Test Loss: 0.403 | Tes Acc: 89.52
INFO >> Epoch: 10  |  Layer:  3  |  Train Loss: 0.674 | Train Acc: 77.54  |  Val Loss: 0.700 | Val Acc: 77.06  |  Test Loss: 0.382 | Tes Acc: 89.78
INFO >> Epoch: 10  |  Layer:  4  |  Train Loss: 0.617 | Train Acc: 78.94  |  Val Loss: 0.670 | Val Acc: 77.60  |  Test Loss: 0.387 | Tes Acc: 89.25
INFO >> Epoch: 10  |  Layer:  5  |  Train Loss: 0.567 | Train Acc: 81.79  |  Val Loss: 0.620 | Val Acc: 80.47  |  Test Loss: 0.355 | Tes Acc: 90.05
INFO >> Epoch: 10  |  Layer:  6  |  Train Loss: 0.555 | Train Acc: 81.84  |  Val Loss: 0.633 | Val Acc: 80.29  |  Test Loss: 0.383 | Tes Acc: 89.25
INFO >> Epoch: 10  |  Layer:  7  |  Train Loss: 0.551 | Train Acc: 81.40  |  Val Loss: 0.637 | Val Acc: 80.65  |  Test Loss: 0.389 | Tes Acc: 88.44
INFO >> Epoch: 10  |  Layer:  8  |  Train Loss: 0.545 | Train Acc: 81.16  |  Val Loss: 0.631 | Val Acc: 81.18  |  Test Loss: 0.354 | Tes Acc: 90.05
INFO >> Epoch: 10  |  Layer:  9  |  Train Loss: 0.533 | Train Acc: 81.88  |  Val Loss: 0.631 | Val Acc: 79.39  |  Test Loss: 0.332 | Tes Acc: 89.78
INFO >> Epoch: 10  |  Layer: 10  |  Train Loss: 0.577 | Train Acc: 80.10  |  Val Loss: 0.634 | Val Acc: 79.57  |  Test Loss: 0.360 | Tes Acc: 89.52
INFO >> Epoch: 10  |  Layer: 11  |  Train Loss: 0.612 | Train Acc: 79.52  |  Val Loss: 0.671 | Val Acc: 77.78  |  Test Loss: 0.389 | Tes Acc: 88.44
INFO >> Epoch: 10  |  Layer: 12  |  Train Loss: 0.610 | Train Acc: 79.32  |  Val Loss: 0.687 | Val Acc: 77.96  |  Test Loss: 0.397 | Tes Acc: 87.37
INFO >> Epoch: 10  |  Layer: 13  |  Train Loss: 0.659 | Train Acc: 77.15  |  Val Loss: 0.683 | Val Acc: 78.14  |  Test Loss: 0.395 | Tes Acc: 88.17

INFO >> Epoch: 11  |  Layer:  1  |  Train Loss: 0.917 | Train Acc: 69.28  |  Val Loss: 0.878 | Val Acc: 70.97  |  Test Loss: 0.602 | Tes Acc: 83.06
INFO >> Epoch: 11  |  Layer:  2  |  Train Loss: 0.693 | Train Acc: 77.15  |  Val Loss: 0.720 | Val Acc: 77.78  |  Test Loss: 0.388 | Tes Acc: 89.78
INFO >> Epoch: 11  |  Layer:  3  |  Train Loss: 0.648 | Train Acc: 78.36  |  Val Loss: 0.688 | Val Acc: 78.32  |  Test Loss: 0.377 | Tes Acc: 88.98
INFO >> Epoch: 11  |  Layer:  4  |  Train Loss: 0.588 | Train Acc: 80.34  |  Val Loss: 0.665 | Val Acc: 77.24  |  Test Loss: 0.366 | Tes Acc: 90.05
INFO >> Epoch: 11  |  Layer:  5  |  Train Loss: 0.535 | Train Acc: 82.46  |  Val Loss: 0.667 | Val Acc: 78.14  |  Test Loss: 0.378 | Tes Acc: 90.59
INFO >> Epoch: 11  |  Layer:  6  |  Train Loss: 0.531 | Train Acc: 82.22  |  Val Loss: 0.672 | Val Acc: 78.49  |  Test Loss: 0.398 | Tes Acc: 89.25
INFO >> Epoch: 11  |  Layer:  7  |  Train Loss: 0.524 | Train Acc: 83.38  |  Val Loss: 0.641 | Val Acc: 80.11  |  Test Loss: 0.372 | Tes Acc: 90.59
INFO >> Epoch: 11  |  Layer:  8  |  Train Loss: 0.512 | Train Acc: 83.33  |  Val Loss: 0.696 | Val Acc: 79.21  |  Test Loss: 0.393 | Tes Acc: 88.17
INFO >> Epoch: 11  |  Layer:  9  |  Train Loss: 0.508 | Train Acc: 82.61  |  Val Loss: 0.670 | Val Acc: 76.88  |  Test Loss: 0.356 | Tes Acc: 90.05
INFO >> Epoch: 11  |  Layer: 10  |  Train Loss: 0.522 | Train Acc: 81.98  |  Val Loss: 0.694 | Val Acc: 77.06  |  Test Loss: 0.394 | Tes Acc: 87.37
INFO >> Epoch: 11  |  Layer: 11  |  Train Loss: 0.570 | Train Acc: 80.63  |  Val Loss: 0.753 | Val Acc: 72.94  |  Test Loss: 0.432 | Tes Acc: 87.10
INFO >> Epoch: 11  |  Layer: 12  |  Train Loss: 0.574 | Train Acc: 80.48  |  Val Loss: 0.777 | Val Acc: 73.12  |  Test Loss: 0.440 | Tes Acc: 86.56
INFO >> Epoch: 11  |  Layer: 13  |  Train Loss: 0.626 | Train Acc: 78.89  |  Val Loss: 0.791 | Val Acc: 72.40  |  Test Loss: 0.482 | Tes Acc: 86.56

INFO >> Epoch: 12  |  Layer:  1  |  Train Loss: 0.875 | Train Acc: 70.05  |  Val Loss: 0.959 | Val Acc: 67.20  |  Test Loss: 0.593 | Tes Acc: 79.03
INFO >> Epoch: 12  |  Layer:  2  |  Train Loss: 0.685 | Train Acc: 77.20  |  Val Loss: 0.774 | Val Acc: 75.99  |  Test Loss: 0.399 | Tes Acc: 88.17
INFO >> Epoch: 12  |  Layer:  3  |  Train Loss: 0.633 | Train Acc: 78.70  |  Val Loss: 0.714 | Val Acc: 76.88  |  Test Loss: 0.387 | Tes Acc: 86.83
INFO >> Epoch: 12  |  Layer:  4  |  Train Loss: 0.561 | Train Acc: 81.01  |  Val Loss: 0.648 | Val Acc: 79.39  |  Test Loss: 0.350 | Tes Acc: 87.37
INFO >> Epoch: 12  |  Layer:  5  |  Train Loss: 0.501 | Train Acc: 84.35  |  Val Loss: 0.628 | Val Acc: 78.67  |  Test Loss: 0.340 | Tes Acc: 87.90
INFO >> Epoch: 12  |  Layer:  6  |  Train Loss: 0.506 | Train Acc: 83.29  |  Val Loss: 0.628 | Val Acc: 77.96  |  Test Loss: 0.357 | Tes Acc: 88.44
INFO >> Epoch: 12  |  Layer:  7  |  Train Loss: 0.475 | Train Acc: 84.15  |  Val Loss: 0.618 | Val Acc: 80.29  |  Test Loss: 0.327 | Tes Acc: 88.98
INFO >> Epoch: 12  |  Layer:  8  |  Train Loss: 0.472 | Train Acc: 84.15  |  Val Loss: 0.644 | Val Acc: 79.75  |  Test Loss: 0.328 | Tes Acc: 88.71
INFO >> Epoch: 12  |  Layer:  9  |  Train Loss: 0.457 | Train Acc: 84.73  |  Val Loss: 0.691 | Val Acc: 79.39  |  Test Loss: 0.331 | Tes Acc: 88.71
INFO >> Epoch: 12  |  Layer: 10  |  Train Loss: 0.492 | Train Acc: 83.82  |  Val Loss: 0.685 | Val Acc: 77.42  |  Test Loss: 0.339 | Tes Acc: 88.17
INFO >> Epoch: 12  |  Layer: 11  |  Train Loss: 0.537 | Train Acc: 81.21  |  Val Loss: 0.694 | Val Acc: 78.67  |  Test Loss: 0.365 | Tes Acc: 87.63
INFO >> Epoch: 12  |  Layer: 12  |  Train Loss: 0.554 | Train Acc: 81.21  |  Val Loss: 0.690 | Val Acc: 77.78  |  Test Loss: 0.380 | Tes Acc: 87.10
INFO >> Epoch: 12  |  Layer: 13  |  Train Loss: 0.612 | Train Acc: 79.32  |  Val Loss: 0.720 | Val Acc: 76.70  |  Test Loss: 0.395 | Tes Acc: 85.75

INFO >> Epoch: 13  |  Layer:  1  |  Train Loss: 0.891 | Train Acc: 69.37  |  Val Loss: 0.861 | Val Acc: 71.68  |  Test Loss: 0.537 | Tes Acc: 84.14
INFO >> Epoch: 13  |  Layer:  2  |  Train Loss: 0.665 | Train Acc: 76.62  |  Val Loss: 0.706 | Val Acc: 76.70  |  Test Loss: 0.384 | Tes Acc: 90.86
INFO >> Epoch: 13  |  Layer:  3  |  Train Loss: 0.621 | Train Acc: 79.52  |  Val Loss: 0.676 | Val Acc: 77.96  |  Test Loss: 0.359 | Tes Acc: 89.52
INFO >> Epoch: 13  |  Layer:  4  |  Train Loss: 0.541 | Train Acc: 81.40  |  Val Loss: 0.610 | Val Acc: 79.21  |  Test Loss: 0.341 | Tes Acc: 89.78
INFO >> Epoch: 13  |  Layer:  5  |  Train Loss: 0.491 | Train Acc: 82.27  |  Val Loss: 0.599 | Val Acc: 81.00  |  Test Loss: 0.345 | Tes Acc: 89.52
INFO >> Epoch: 13  |  Layer:  6  |  Train Loss: 0.485 | Train Acc: 83.43  |  Val Loss: 0.594 | Val Acc: 81.00  |  Test Loss: 0.360 | Tes Acc: 90.86
INFO >> Epoch: 13  |  Layer:  7  |  Train Loss: 0.470 | Train Acc: 83.72  |  Val Loss: 0.597 | Val Acc: 81.00  |  Test Loss: 0.345 | Tes Acc: 91.13
INFO >> Epoch: 13  |  Layer:  8  |  Train Loss: 0.454 | Train Acc: 84.25  |  Val Loss: 0.624 | Val Acc: 80.82  |  Test Loss: 0.341 | Tes Acc: 90.32
INFO >> Epoch: 13  |  Layer:  9  |  Train Loss: 0.456 | Train Acc: 84.54  |  Val Loss: 0.659 | Val Acc: 78.14  |  Test Loss: 0.338 | Tes Acc: 88.17
INFO >> Epoch: 13  |  Layer: 10  |  Train Loss: 0.484 | Train Acc: 83.19  |  Val Loss: 0.654 | Val Acc: 77.42  |  Test Loss: 0.355 | Tes Acc: 88.44
INFO >> Epoch: 13  |  Layer: 11  |  Train Loss: 0.521 | Train Acc: 81.59  |  Val Loss: 0.640 | Val Acc: 77.96  |  Test Loss: 0.340 | Tes Acc: 89.25
INFO >> Epoch: 13  |  Layer: 12  |  Train Loss: 0.534 | Train Acc: 81.21  |  Val Loss: 0.640 | Val Acc: 77.24  |  Test Loss: 0.348 | Tes Acc: 88.44
INFO >> Epoch: 13  |  Layer: 13  |  Train Loss: 0.599 | Train Acc: 80.05  |  Val Loss: 0.653 | Val Acc: 76.88  |  Test Loss: 0.380 | Tes Acc: 89.52

INFO >> Epoch: 14  |  Layer:  1  |  Train Loss: 0.825 | Train Acc: 72.42  |  Val Loss: 0.855 | Val Acc: 72.40  |  Test Loss: 0.522 | Tes Acc: 83.60
INFO >> Epoch: 14  |  Layer:  2  |  Train Loss: 0.628 | Train Acc: 79.03  |  Val Loss: 0.714 | Val Acc: 78.49  |  Test Loss: 0.386 | Tes Acc: 88.98
INFO >> Epoch: 14  |  Layer:  3  |  Train Loss: 0.585 | Train Acc: 80.92  |  Val Loss: 0.668 | Val Acc: 79.75  |  Test Loss: 0.368 | Tes Acc: 88.71
INFO >> Epoch: 14  |  Layer:  4  |  Train Loss: 0.507 | Train Acc: 82.27  |  Val Loss: 0.629 | Val Acc: 79.75  |  Test Loss: 0.350 | Tes Acc: 88.17
INFO >> Epoch: 14  |  Layer:  5  |  Train Loss: 0.457 | Train Acc: 84.64  |  Val Loss: 0.628 | Val Acc: 80.11  |  Test Loss: 0.373 | Tes Acc: 87.63
INFO >> Epoch: 14  |  Layer:  6  |  Train Loss: 0.448 | Train Acc: 84.83  |  Val Loss: 0.595 | Val Acc: 79.39  |  Test Loss: 0.361 | Tes Acc: 88.98
INFO >> Epoch: 14  |  Layer:  7  |  Train Loss: 0.434 | Train Acc: 85.56  |  Val Loss: 0.614 | Val Acc: 80.29  |  Test Loss: 0.365 | Tes Acc: 88.44
INFO >> Epoch: 14  |  Layer:  8  |  Train Loss: 0.425 | Train Acc: 85.75  |  Val Loss: 0.643 | Val Acc: 79.75  |  Test Loss: 0.363 | Tes Acc: 88.44
INFO >> Epoch: 14  |  Layer:  9  |  Train Loss: 0.413 | Train Acc: 86.14  |  Val Loss: 0.660 | Val Acc: 79.21  |  Test Loss: 0.339 | Tes Acc: 88.98
INFO >> Epoch: 14  |  Layer: 10  |  Train Loss: 0.436 | Train Acc: 85.07  |  Val Loss: 0.666 | Val Acc: 76.88  |  Test Loss: 0.354 | Tes Acc: 87.90
INFO >> Epoch: 14  |  Layer: 11  |  Train Loss: 0.478 | Train Acc: 83.53  |  Val Loss: 0.681 | Val Acc: 77.06  |  Test Loss: 0.382 | Tes Acc: 86.83
INFO >> Epoch: 14  |  Layer: 12  |  Train Loss: 0.497 | Train Acc: 83.48  |  Val Loss: 0.668 | Val Acc: 78.49  |  Test Loss: 0.378 | Tes Acc: 87.37
INFO >> Epoch: 14  |  Layer: 13  |  Train Loss: 0.571 | Train Acc: 81.01  |  Val Loss: 0.645 | Val Acc: 76.88  |  Test Loss: 0.391 | Tes Acc: 88.17

INFO >> Epoch: 15  |  Layer:  1  |  Train Loss: 0.822 | Train Acc: 72.37  |  Val Loss: 0.861 | Val Acc: 72.22  |  Test Loss: 0.587 | Tes Acc: 82.80
INFO >> Epoch: 15  |  Layer:  2  |  Train Loss: 0.608 | Train Acc: 79.52  |  Val Loss: 0.725 | Val Acc: 76.34  |  Test Loss: 0.410 | Tes Acc: 88.44
INFO >> Epoch: 15  |  Layer:  3  |  Train Loss: 0.572 | Train Acc: 80.68  |  Val Loss: 0.696 | Val Acc: 78.32  |  Test Loss: 0.392 | Tes Acc: 87.63
INFO >> Epoch: 15  |  Layer:  4  |  Train Loss: 0.512 | Train Acc: 82.13  |  Val Loss: 0.691 | Val Acc: 77.42  |  Test Loss: 0.393 | Tes Acc: 87.63
INFO >> Epoch: 15  |  Layer:  5  |  Train Loss: 0.462 | Train Acc: 84.54  |  Val Loss: 0.669 | Val Acc: 79.03  |  Test Loss: 0.386 | Tes Acc: 89.25
INFO >> Epoch: 15  |  Layer:  6  |  Train Loss: 0.437 | Train Acc: 85.27  |  Val Loss: 0.630 | Val Acc: 80.11  |  Test Loss: 0.362 | Tes Acc: 90.86
INFO >> Epoch: 15  |  Layer:  7  |  Train Loss: 0.423 | Train Acc: 85.89  |  Val Loss: 0.625 | Val Acc: 80.82  |  Test Loss: 0.363 | Tes Acc: 90.05
INFO >> Epoch: 15  |  Layer:  8  |  Train Loss: 0.417 | Train Acc: 85.89  |  Val Loss: 0.619 | Val Acc: 80.47  |  Test Loss: 0.328 | Tes Acc: 90.86
INFO >> Epoch: 15  |  Layer:  9  |  Train Loss: 0.414 | Train Acc: 86.14  |  Val Loss: 0.644 | Val Acc: 79.21  |  Test Loss: 0.309 | Tes Acc: 89.78
INFO >> Epoch: 15  |  Layer: 10  |  Train Loss: 0.440 | Train Acc: 84.73  |  Val Loss: 0.655 | Val Acc: 76.70  |  Test Loss: 0.321 | Tes Acc: 91.13
INFO >> Epoch: 15  |  Layer: 11  |  Train Loss: 0.477 | Train Acc: 83.86  |  Val Loss: 0.657 | Val Acc: 76.70  |  Test Loss: 0.340 | Tes Acc: 87.90
INFO >> Epoch: 15  |  Layer: 12  |  Train Loss: 0.493 | Train Acc: 83.33  |  Val Loss: 0.633 | Val Acc: 77.24  |  Test Loss: 0.328 | Tes Acc: 90.05
INFO >> Epoch: 15  |  Layer: 13  |  Train Loss: 0.548 | Train Acc: 81.74  |  Val Loss: 0.643 | Val Acc: 77.42  |  Test Loss: 0.360 | Tes Acc: 88.98

INFO >> Epoch: 16  |  Layer:  1  |  Train Loss: 0.804 | Train Acc: 73.24  |  Val Loss: 0.764 | Val Acc: 73.84  |  Test Loss: 0.481 | Tes Acc: 85.22
INFO >> Epoch: 16  |  Layer:  2  |  Train Loss: 0.596 | Train Acc: 80.00  |  Val Loss: 0.679 | Val Acc: 78.85  |  Test Loss: 0.388 | Tes Acc: 90.32
INFO >> Epoch: 16  |  Layer:  3  |  Train Loss: 0.553 | Train Acc: 81.74  |  Val Loss: 0.657 | Val Acc: 79.57  |  Test Loss: 0.359 | Tes Acc: 90.59
INFO >> Epoch: 16  |  Layer:  4  |  Train Loss: 0.480 | Train Acc: 83.38  |  Val Loss: 0.620 | Val Acc: 80.82  |  Test Loss: 0.338 | Tes Acc: 90.32
INFO >> Epoch: 16  |  Layer:  5  |  Train Loss: 0.436 | Train Acc: 85.07  |  Val Loss: 0.602 | Val Acc: 80.82  |  Test Loss: 0.347 | Tes Acc: 89.25
INFO >> Epoch: 16  |  Layer:  6  |  Train Loss: 0.415 | Train Acc: 86.38  |  Val Loss: 0.605 | Val Acc: 80.65  |  Test Loss: 0.365 | Tes Acc: 89.78
INFO >> Epoch: 16  |  Layer:  7  |  Train Loss: 0.396 | Train Acc: 87.34  |  Val Loss: 0.587 | Val Acc: 81.54  |  Test Loss: 0.333 | Tes Acc: 90.32
INFO >> Epoch: 16  |  Layer:  8  |  Train Loss: 0.391 | Train Acc: 87.29  |  Val Loss: 0.613 | Val Acc: 80.65  |  Test Loss: 0.337 | Tes Acc: 91.13
INFO >> Epoch: 16  |  Layer:  9  |  Train Loss: 0.379 | Train Acc: 87.25  |  Val Loss: 0.655 | Val Acc: 78.49  |  Test Loss: 0.315 | Tes Acc: 91.40
INFO >> Epoch: 16  |  Layer: 10  |  Train Loss: 0.406 | Train Acc: 86.57  |  Val Loss: 0.670 | Val Acc: 78.32  |  Test Loss: 0.348 | Tes Acc: 90.32
INFO >> Epoch: 16  |  Layer: 11  |  Train Loss: 0.448 | Train Acc: 84.98  |  Val Loss: 0.658 | Val Acc: 78.49  |  Test Loss: 0.338 | Tes Acc: 89.78
INFO >> Epoch: 16  |  Layer: 12  |  Train Loss: 0.462 | Train Acc: 84.49  |  Val Loss: 0.649 | Val Acc: 78.67  |  Test Loss: 0.358 | Tes Acc: 89.78
INFO >> Epoch: 16  |  Layer: 13  |  Train Loss: 0.526 | Train Acc: 82.85  |  Val Loss: 0.637 | Val Acc: 79.21  |  Test Loss: 0.381 | Tes Acc: 88.44

INFO >> Epoch: 17  |  Layer:  1  |  Train Loss: 0.770 | Train Acc: 73.33  |  Val Loss: 0.818 | Val Acc: 72.58  |  Test Loss: 0.466 | Tes Acc: 84.95
INFO >> Epoch: 17  |  Layer:  2  |  Train Loss: 0.577 | Train Acc: 81.26  |  Val Loss: 0.690 | Val Acc: 79.03  |  Test Loss: 0.352 | Tes Acc: 90.59
INFO >> Epoch: 17  |  Layer:  3  |  Train Loss: 0.529 | Train Acc: 82.90  |  Val Loss: 0.667 | Val Acc: 79.03  |  Test Loss: 0.354 | Tes Acc: 88.98
INFO >> Epoch: 17  |  Layer:  4  |  Train Loss: 0.463 | Train Acc: 84.59  |  Val Loss: 0.645 | Val Acc: 79.75  |  Test Loss: 0.334 | Tes Acc: 89.78
INFO >> Epoch: 17  |  Layer:  5  |  Train Loss: 0.408 | Train Acc: 86.71  |  Val Loss: 0.676 | Val Acc: 81.36  |  Test Loss: 0.371 | Tes Acc: 88.17
INFO >> Epoch: 17  |  Layer:  6  |  Train Loss: 0.399 | Train Acc: 87.05  |  Val Loss: 0.666 | Val Acc: 79.75  |  Test Loss: 0.350 | Tes Acc: 91.67
INFO >> Epoch: 17  |  Layer:  7  |  Train Loss: 0.394 | Train Acc: 87.34  |  Val Loss: 0.631 | Val Acc: 81.18  |  Test Loss: 0.367 | Tes Acc: 89.78
INFO >> Epoch: 17  |  Layer:  8  |  Train Loss: 0.383 | Train Acc: 87.49  |  Val Loss: 0.651 | Val Acc: 80.47  |  Test Loss: 0.372 | Tes Acc: 88.71
INFO >> Epoch: 17  |  Layer:  9  |  Train Loss: 0.379 | Train Acc: 87.34  |  Val Loss: 0.669 | Val Acc: 79.57  |  Test Loss: 0.359 | Tes Acc: 87.90
INFO >> Epoch: 17  |  Layer: 10  |  Train Loss: 0.401 | Train Acc: 86.57  |  Val Loss: 0.663 | Val Acc: 77.06  |  Test Loss: 0.348 | Tes Acc: 89.25
INFO >> Epoch: 17  |  Layer: 11  |  Train Loss: 0.443 | Train Acc: 86.09  |  Val Loss: 0.654 | Val Acc: 77.24  |  Test Loss: 0.332 | Tes Acc: 89.25
INFO >> Epoch: 17  |  Layer: 12  |  Train Loss: 0.464 | Train Acc: 84.73  |  Val Loss: 0.629 | Val Acc: 78.49  |  Test Loss: 0.340 | Tes Acc: 89.25
INFO >> Epoch: 17  |  Layer: 13  |  Train Loss: 0.523 | Train Acc: 82.22  |  Val Loss: 0.640 | Val Acc: 78.49  |  Test Loss: 0.357 | Tes Acc: 87.90

INFO >> Epoch: 18  |  Layer:  1  |  Train Loss: 0.770 | Train Acc: 74.15  |  Val Loss: 0.852 | Val Acc: 70.07  |  Test Loss: 0.496 | Tes Acc: 84.41
INFO >> Epoch: 18  |  Layer:  2  |  Train Loss: 0.552 | Train Acc: 81.59  |  Val Loss: 0.755 | Val Acc: 76.52  |  Test Loss: 0.379 | Tes Acc: 88.44
INFO >> Epoch: 18  |  Layer:  3  |  Train Loss: 0.503 | Train Acc: 83.33  |  Val Loss: 0.720 | Val Acc: 79.21  |  Test Loss: 0.372 | Tes Acc: 89.25
INFO >> Epoch: 18  |  Layer:  4  |  Train Loss: 0.446 | Train Acc: 85.46  |  Val Loss: 0.692 | Val Acc: 77.96  |  Test Loss: 0.363 | Tes Acc: 88.44
INFO >> Epoch: 18  |  Layer:  5  |  Train Loss: 0.392 | Train Acc: 86.67  |  Val Loss: 0.681 | Val Acc: 79.57  |  Test Loss: 0.366 | Tes Acc: 89.52
INFO >> Epoch: 18  |  Layer:  6  |  Train Loss: 0.386 | Train Acc: 86.71  |  Val Loss: 0.679 | Val Acc: 80.29  |  Test Loss: 0.375 | Tes Acc: 89.78
INFO >> Epoch: 18  |  Layer:  7  |  Train Loss: 0.365 | Train Acc: 88.07  |  Val Loss: 0.700 | Val Acc: 79.93  |  Test Loss: 0.382 | Tes Acc: 88.44
INFO >> Epoch: 18  |  Layer:  8  |  Train Loss: 0.364 | Train Acc: 87.58  |  Val Loss: 0.766 | Val Acc: 79.39  |  Test Loss: 0.373 | Tes Acc: 89.52
INFO >> Epoch: 18  |  Layer:  9  |  Train Loss: 0.377 | Train Acc: 87.25  |  Val Loss: 0.825 | Val Acc: 76.70  |  Test Loss: 0.359 | Tes Acc: 87.90
INFO >> Epoch: 18  |  Layer: 10  |  Train Loss: 0.382 | Train Acc: 87.05  |  Val Loss: 0.827 | Val Acc: 77.06  |  Test Loss: 0.374 | Tes Acc: 87.63
INFO >> Epoch: 18  |  Layer: 11  |  Train Loss: 0.427 | Train Acc: 85.36  |  Val Loss: 0.814 | Val Acc: 77.24  |  Test Loss: 0.381 | Tes Acc: 87.10
INFO >> Epoch: 18  |  Layer: 12  |  Train Loss: 0.447 | Train Acc: 84.88  |  Val Loss: 0.780 | Val Acc: 77.60  |  Test Loss: 0.394 | Tes Acc: 87.63
INFO >> Epoch: 18  |  Layer: 13  |  Train Loss: 0.508 | Train Acc: 82.56  |  Val Loss: 0.777 | Val Acc: 76.70  |  Test Loss: 0.386 | Tes Acc: 87.63

INFO >> Epoch: 19  |  Layer:  1  |  Train Loss: 0.734 | Train Acc: 74.25  |  Val Loss: 0.722 | Val Acc: 74.91  |  Test Loss: 0.431 | Tes Acc: 86.83
INFO >> Epoch: 19  |  Layer:  2  |  Train Loss: 0.546 | Train Acc: 81.93  |  Val Loss: 0.667 | Val Acc: 79.39  |  Test Loss: 0.356 | Tes Acc: 89.25
INFO >> Epoch: 19  |  Layer:  3  |  Train Loss: 0.508 | Train Acc: 83.48  |  Val Loss: 0.662 | Val Acc: 79.21  |  Test Loss: 0.358 | Tes Acc: 87.10
INFO >> Epoch: 19  |  Layer:  4  |  Train Loss: 0.429 | Train Acc: 85.75  |  Val Loss: 0.600 | Val Acc: 81.90  |  Test Loss: 0.314 | Tes Acc: 90.32
INFO >> Epoch: 19  |  Layer:  5  |  Train Loss: 0.387 | Train Acc: 86.86  |  Val Loss: 0.617 | Val Acc: 81.00  |  Test Loss: 0.326 | Tes Acc: 90.32
INFO >> Epoch: 19  |  Layer:  6  |  Train Loss: 0.370 | Train Acc: 88.79  |  Val Loss: 0.613 | Val Acc: 82.26  |  Test Loss: 0.333 | Tes Acc: 91.13
INFO >> Epoch: 19  |  Layer:  7  |  Train Loss: 0.358 | Train Acc: 87.87  |  Val Loss: 0.593 | Val Acc: 81.18  |  Test Loss: 0.322 | Tes Acc: 90.86
INFO >> Epoch: 19  |  Layer:  8  |  Train Loss: 0.355 | Train Acc: 88.31  |  Val Loss: 0.651 | Val Acc: 81.36  |  Test Loss: 0.334 | Tes Acc: 90.59
INFO >> Epoch: 19  |  Layer:  9  |  Train Loss: 0.352 | Train Acc: 88.26  |  Val Loss: 0.701 | Val Acc: 77.60  |  Test Loss: 0.335 | Tes Acc: 88.44
INFO >> Epoch: 19  |  Layer: 10  |  Train Loss: 0.374 | Train Acc: 87.20  |  Val Loss: 0.695 | Val Acc: 76.34  |  Test Loss: 0.341 | Tes Acc: 88.98
INFO >> Epoch: 19  |  Layer: 11  |  Train Loss: 0.414 | Train Acc: 86.18  |  Val Loss: 0.675 | Val Acc: 76.88  |  Test Loss: 0.339 | Tes Acc: 87.37
INFO >> Epoch: 19  |  Layer: 12  |  Train Loss: 0.440 | Train Acc: 85.27  |  Val Loss: 0.637 | Val Acc: 77.96  |  Test Loss: 0.333 | Tes Acc: 88.98
INFO >> Epoch: 19  |  Layer: 13  |  Train Loss: 0.493 | Train Acc: 84.30  |  Val Loss: 0.643 | Val Acc: 78.32  |  Test Loss: 0.337 | Tes Acc: 89.25

INFO >> Epoch: 20  |  Layer:  1  |  Train Loss: 0.742 | Train Acc: 74.73  |  Val Loss: 0.734 | Val Acc: 74.55  |  Test Loss: 0.446 | Tes Acc: 85.75
INFO >> Epoch: 20  |  Layer:  2  |  Train Loss: 0.523 | Train Acc: 82.95  |  Val Loss: 0.671 | Val Acc: 79.75  |  Test Loss: 0.378 | Tes Acc: 89.78
INFO >> Epoch: 20  |  Layer:  3  |  Train Loss: 0.487 | Train Acc: 84.49  |  Val Loss: 0.636 | Val Acc: 80.82  |  Test Loss: 0.347 | Tes Acc: 90.32
INFO >> Epoch: 20  |  Layer:  4  |  Train Loss: 0.424 | Train Acc: 85.94  |  Val Loss: 0.632 | Val Acc: 81.00  |  Test Loss: 0.341 | Tes Acc: 89.78
INFO >> Epoch: 20  |  Layer:  5  |  Train Loss: 0.370 | Train Acc: 88.26  |  Val Loss: 0.635 | Val Acc: 80.65  |  Test Loss: 0.342 | Tes Acc: 90.32
INFO >> Epoch: 20  |  Layer:  6  |  Train Loss: 0.359 | Train Acc: 89.13  |  Val Loss: 0.611 | Val Acc: 81.36  |  Test Loss: 0.348 | Tes Acc: 90.59
INFO >> Epoch: 20  |  Layer:  7  |  Train Loss: 0.343 | Train Acc: 89.23  |  Val Loss: 0.630 | Val Acc: 81.36  |  Test Loss: 0.357 | Tes Acc: 89.25
INFO >> Epoch: 20  |  Layer:  8  |  Train Loss: 0.341 | Train Acc: 88.74  |  Val Loss: 0.672 | Val Acc: 80.82  |  Test Loss: 0.356 | Tes Acc: 89.78
INFO >> Epoch: 20  |  Layer:  9  |  Train Loss: 0.348 | Train Acc: 88.70  |  Val Loss: 0.717 | Val Acc: 80.65  |  Test Loss: 0.349 | Tes Acc: 88.44
INFO >> Epoch: 20  |  Layer: 10  |  Train Loss: 0.375 | Train Acc: 87.58  |  Val Loss: 0.715 | Val Acc: 76.70  |  Test Loss: 0.360 | Tes Acc: 88.71
INFO >> Epoch: 20  |  Layer: 11  |  Train Loss: 0.415 | Train Acc: 86.09  |  Val Loss: 0.726 | Val Acc: 76.88  |  Test Loss: 0.362 | Tes Acc: 88.98
INFO >> Epoch: 20  |  Layer: 12  |  Train Loss: 0.424 | Train Acc: 85.99  |  Val Loss: 0.666 | Val Acc: 78.14  |  Test Loss: 0.366 | Tes Acc: 88.17
INFO >> Epoch: 20  |  Layer: 13  |  Train Loss: 0.488 | Train Acc: 83.67  |  Val Loss: 0.667 | Val Acc: 77.60  |  Test Loss: 0.359 | Tes Acc: 87.63

INFO >> Epoch: 21  |  Layer:  1  |  Train Loss: 0.720 | Train Acc: 74.69  |  Val Loss: 0.726 | Val Acc: 75.27  |  Test Loss: 0.449 | Tes Acc: 85.48
INFO >> Epoch: 21  |  Layer:  2  |  Train Loss: 0.510 | Train Acc: 83.00  |  Val Loss: 0.665 | Val Acc: 79.39  |  Test Loss: 0.360 | Tes Acc: 90.59
INFO >> Epoch: 21  |  Layer:  3  |  Train Loss: 0.476 | Train Acc: 84.83  |  Val Loss: 0.650 | Val Acc: 79.03  |  Test Loss: 0.368 | Tes Acc: 87.10
INFO >> Epoch: 21  |  Layer:  4  |  Train Loss: 0.400 | Train Acc: 86.91  |  Val Loss: 0.631 | Val Acc: 79.93  |  Test Loss: 0.353 | Tes Acc: 88.71
INFO >> Epoch: 21  |  Layer:  5  |  Train Loss: 0.353 | Train Acc: 88.55  |  Val Loss: 0.614 | Val Acc: 79.93  |  Test Loss: 0.359 | Tes Acc: 88.98
INFO >> Epoch: 21  |  Layer:  6  |  Train Loss: 0.337 | Train Acc: 89.61  |  Val Loss: 0.654 | Val Acc: 80.11  |  Test Loss: 0.409 | Tes Acc: 87.37
INFO >> Epoch: 21  |  Layer:  7  |  Train Loss: 0.325 | Train Acc: 90.00  |  Val Loss: 0.610 | Val Acc: 81.54  |  Test Loss: 0.335 | Tes Acc: 90.05
INFO >> Epoch: 21  |  Layer:  8  |  Train Loss: 0.320 | Train Acc: 89.86  |  Val Loss: 0.656 | Val Acc: 79.21  |  Test Loss: 0.352 | Tes Acc: 88.98
INFO >> Epoch: 21  |  Layer:  9  |  Train Loss: 0.310 | Train Acc: 90.19  |  Val Loss: 0.681 | Val Acc: 78.32  |  Test Loss: 0.328 | Tes Acc: 88.44
INFO >> Epoch: 21  |  Layer: 10  |  Train Loss: 0.338 | Train Acc: 88.60  |  Val Loss: 0.691 | Val Acc: 75.99  |  Test Loss: 0.363 | Tes Acc: 87.63
INFO >> Epoch: 21  |  Layer: 11  |  Train Loss: 0.376 | Train Acc: 87.49  |  Val Loss: 0.678 | Val Acc: 77.78  |  Test Loss: 0.364 | Tes Acc: 86.83
INFO >> Epoch: 21  |  Layer: 12  |  Train Loss: 0.392 | Train Acc: 86.96  |  Val Loss: 0.650 | Val Acc: 78.14  |  Test Loss: 0.363 | Tes Acc: 88.44
INFO >> Epoch: 21  |  Layer: 13  |  Train Loss: 0.466 | Train Acc: 84.20  |  Val Loss: 0.644 | Val Acc: 76.88  |  Test Loss: 0.427 | Tes Acc: 85.75

INFO >> Epoch: 22  |  Layer:  1  |  Train Loss: 0.699 | Train Acc: 75.70  |  Val Loss: 0.712 | Val Acc: 77.60  |  Test Loss: 0.437 | Tes Acc: 87.10
INFO >> Epoch: 22  |  Layer:  2  |  Train Loss: 0.486 | Train Acc: 83.72  |  Val Loss: 0.654 | Val Acc: 80.11  |  Test Loss: 0.362 | Tes Acc: 91.13
INFO >> Epoch: 22  |  Layer:  3  |  Train Loss: 0.450 | Train Acc: 84.83  |  Val Loss: 0.647 | Val Acc: 80.47  |  Test Loss: 0.354 | Tes Acc: 89.25
INFO >> Epoch: 22  |  Layer:  4  |  Train Loss: 0.383 | Train Acc: 87.29  |  Val Loss: 0.624 | Val Acc: 80.47  |  Test Loss: 0.345 | Tes Acc: 87.63
INFO >> Epoch: 22  |  Layer:  5  |  Train Loss: 0.344 | Train Acc: 88.60  |  Val Loss: 0.609 | Val Acc: 81.72  |  Test Loss: 0.335 | Tes Acc: 89.78
INFO >> Epoch: 22  |  Layer:  6  |  Train Loss: 0.329 | Train Acc: 89.52  |  Val Loss: 0.598 | Val Acc: 81.36  |  Test Loss: 0.340 | Tes Acc: 90.32
INFO >> Epoch: 22  |  Layer:  7  |  Train Loss: 0.308 | Train Acc: 90.14  |  Val Loss: 0.614 | Val Acc: 81.54  |  Test Loss: 0.335 | Tes Acc: 87.63
INFO >> Epoch: 22  |  Layer:  8  |  Train Loss: 0.299 | Train Acc: 90.72  |  Val Loss: 0.637 | Val Acc: 82.08  |  Test Loss: 0.324 | Tes Acc: 90.86
INFO >> Epoch: 22  |  Layer:  9  |  Train Loss: 0.303 | Train Acc: 90.34  |  Val Loss: 0.673 | Val Acc: 78.85  |  Test Loss: 0.308 | Tes Acc: 90.32
INFO >> Epoch: 22  |  Layer: 10  |  Train Loss: 0.323 | Train Acc: 89.52  |  Val Loss: 0.691 | Val Acc: 77.24  |  Test Loss: 0.327 | Tes Acc: 90.32
INFO >> Epoch: 22  |  Layer: 11  |  Train Loss: 0.368 | Train Acc: 87.49  |  Val Loss: 0.654 | Val Acc: 79.03  |  Test Loss: 0.319 | Tes Acc: 89.25
INFO >> Epoch: 22  |  Layer: 12  |  Train Loss: 0.390 | Train Acc: 87.10  |  Val Loss: 0.634 | Val Acc: 79.75  |  Test Loss: 0.351 | Tes Acc: 88.98
INFO >> Epoch: 22  |  Layer: 13  |  Train Loss: 0.471 | Train Acc: 84.25  |  Val Loss: 0.631 | Val Acc: 77.96  |  Test Loss: 0.391 | Tes Acc: 86.56

INFO >> Epoch: 23  |  Layer:  1  |  Train Loss: 0.703 | Train Acc: 75.70  |  Val Loss: 0.776 | Val Acc: 74.37  |  Test Loss: 0.466 | Tes Acc: 84.68
INFO >> Epoch: 23  |  Layer:  2  |  Train Loss: 0.493 | Train Acc: 82.61  |  Val Loss: 0.678 | Val Acc: 79.57  |  Test Loss: 0.380 | Tes Acc: 89.52
INFO >> Epoch: 23  |  Layer:  3  |  Train Loss: 0.442 | Train Acc: 84.73  |  Val Loss: 0.676 | Val Acc: 79.93  |  Test Loss: 0.363 | Tes Acc: 88.98
INFO >> Epoch: 23  |  Layer:  4  |  Train Loss: 0.366 | Train Acc: 87.83  |  Val Loss: 0.644 | Val Acc: 80.29  |  Test Loss: 0.346 | Tes Acc: 90.05
INFO >> Epoch: 23  |  Layer:  5  |  Train Loss: 0.329 | Train Acc: 88.55  |  Val Loss: 0.633 | Val Acc: 81.18  |  Test Loss: 0.341 | Tes Acc: 89.52
INFO >> Epoch: 23  |  Layer:  6  |  Train Loss: 0.303 | Train Acc: 90.24  |  Val Loss: 0.643 | Val Acc: 80.29  |  Test Loss: 0.356 | Tes Acc: 89.52
INFO >> Epoch: 23  |  Layer:  7  |  Train Loss: 0.290 | Train Acc: 90.10  |  Val Loss: 0.629 | Val Acc: 81.18  |  Test Loss: 0.338 | Tes Acc: 89.52
INFO >> Epoch: 23  |  Layer:  8  |  Train Loss: 0.285 | Train Acc: 90.34  |  Val Loss: 0.655 | Val Acc: 81.54  |  Test Loss: 0.361 | Tes Acc: 89.25
INFO >> Epoch: 23  |  Layer:  9  |  Train Loss: 0.299 | Train Acc: 89.86  |  Val Loss: 0.759 | Val Acc: 77.96  |  Test Loss: 0.375 | Tes Acc: 86.83
INFO >> Epoch: 23  |  Layer: 10  |  Train Loss: 0.315 | Train Acc: 89.42  |  Val Loss: 0.720 | Val Acc: 77.06  |  Test Loss: 0.375 | Tes Acc: 87.90
INFO >> Epoch: 23  |  Layer: 11  |  Train Loss: 0.358 | Train Acc: 87.00  |  Val Loss: 0.709 | Val Acc: 76.52  |  Test Loss: 0.384 | Tes Acc: 87.37
INFO >> Epoch: 23  |  Layer: 12  |  Train Loss: 0.390 | Train Acc: 86.67  |  Val Loss: 0.669 | Val Acc: 77.78  |  Test Loss: 0.358 | Tes Acc: 88.98
INFO >> Epoch: 23  |  Layer: 13  |  Train Loss: 0.439 | Train Acc: 84.40  |  Val Loss: 0.663 | Val Acc: 78.67  |  Test Loss: 0.379 | Tes Acc: 87.90

INFO >> Epoch: 24  |  Layer:  1  |  Train Loss: 0.694 | Train Acc: 75.85  |  Val Loss: 0.760 | Val Acc: 72.94  |  Test Loss: 0.429 | Tes Acc: 86.83
INFO >> Epoch: 24  |  Layer:  2  |  Train Loss: 0.474 | Train Acc: 84.40  |  Val Loss: 0.685 | Val Acc: 78.49  |  Test Loss: 0.339 | Tes Acc: 92.47
INFO >> Epoch: 24  |  Layer:  3  |  Train Loss: 0.438 | Train Acc: 85.17  |  Val Loss: 0.676 | Val Acc: 78.14  |  Test Loss: 0.317 | Tes Acc: 89.78
INFO >> Epoch: 24  |  Layer:  4  |  Train Loss: 0.375 | Train Acc: 87.44  |  Val Loss: 0.688 | Val Acc: 78.85  |  Test Loss: 0.320 | Tes Acc: 90.32
INFO >> Epoch: 24  |  Layer:  5  |  Train Loss: 0.327 | Train Acc: 89.42  |  Val Loss: 0.659 | Val Acc: 80.29  |  Test Loss: 0.322 | Tes Acc: 89.78
INFO >> Epoch: 24  |  Layer:  6  |  Train Loss: 0.300 | Train Acc: 90.53  |  Val Loss: 0.676 | Val Acc: 80.29  |  Test Loss: 0.346 | Tes Acc: 89.78
INFO >> Epoch: 24  |  Layer:  7  |  Train Loss: 0.296 | Train Acc: 90.48  |  Val Loss: 0.623 | Val Acc: 81.18  |  Test Loss: 0.327 | Tes Acc: 90.32
INFO >> Epoch: 24  |  Layer:  8  |  Train Loss: 0.286 | Train Acc: 91.30  |  Val Loss: 0.684 | Val Acc: 80.11  |  Test Loss: 0.341 | Tes Acc: 90.05
INFO >> Epoch: 24  |  Layer:  9  |  Train Loss: 0.308 | Train Acc: 89.66  |  Val Loss: 0.742 | Val Acc: 77.42  |  Test Loss: 0.327 | Tes Acc: 88.17
INFO >> Epoch: 24  |  Layer: 10  |  Train Loss: 0.321 | Train Acc: 89.08  |  Val Loss: 0.732 | Val Acc: 76.70  |  Test Loss: 0.337 | Tes Acc: 88.44
INFO >> Epoch: 24  |  Layer: 11  |  Train Loss: 0.383 | Train Acc: 87.05  |  Val Loss: 0.719 | Val Acc: 77.24  |  Test Loss: 0.339 | Tes Acc: 88.17
INFO >> Epoch: 24  |  Layer: 12  |  Train Loss: 0.396 | Train Acc: 86.14  |  Val Loss: 0.687 | Val Acc: 77.60  |  Test Loss: 0.345 | Tes Acc: 87.37
INFO >> Epoch: 24  |  Layer: 13  |  Train Loss: 0.457 | Train Acc: 84.40  |  Val Loss: 0.708 | Val Acc: 76.52  |  Test Loss: 0.341 | Tes Acc: 88.17

INFO >> Epoch: 25  |  Layer:  1  |  Train Loss: 0.662 | Train Acc: 76.14  |  Val Loss: 0.696 | Val Acc: 76.52  |  Test Loss: 0.420 | Tes Acc: 87.63
INFO >> Epoch: 25  |  Layer:  2  |  Train Loss: 0.453 | Train Acc: 84.98  |  Val Loss: 0.670 | Val Acc: 79.39  |  Test Loss: 0.368 | Tes Acc: 88.98
INFO >> Epoch: 25  |  Layer:  3  |  Train Loss: 0.416 | Train Acc: 87.15  |  Val Loss: 0.664 | Val Acc: 78.85  |  Test Loss: 0.356 | Tes Acc: 89.25
INFO >> Epoch: 25  |  Layer:  4  |  Train Loss: 0.340 | Train Acc: 88.79  |  Val Loss: 0.631 | Val Acc: 80.65  |  Test Loss: 0.341 | Tes Acc: 89.78
INFO >> Epoch: 25  |  Layer:  5  |  Train Loss: 0.283 | Train Acc: 91.06  |  Val Loss: 0.641 | Val Acc: 80.29  |  Test Loss: 0.362 | Tes Acc: 89.52
INFO >> Epoch: 25  |  Layer:  6  |  Train Loss: 0.263 | Train Acc: 91.35  |  Val Loss: 0.621 | Val Acc: 81.00  |  Test Loss: 0.349 | Tes Acc: 90.05
INFO >> Epoch: 25  |  Layer:  7  |  Train Loss: 0.251 | Train Acc: 91.98  |  Val Loss: 0.643 | Val Acc: 81.90  |  Test Loss: 0.355 | Tes Acc: 88.71
INFO >> Epoch: 25  |  Layer:  8  |  Train Loss: 0.254 | Train Acc: 91.84  |  Val Loss: 0.669 | Val Acc: 80.47  |  Test Loss: 0.336 | Tes Acc: 89.25
INFO >> Epoch: 25  |  Layer:  9  |  Train Loss: 0.251 | Train Acc: 91.40  |  Val Loss: 0.691 | Val Acc: 78.85  |  Test Loss: 0.328 | Tes Acc: 88.71
INFO >> Epoch: 25  |  Layer: 10  |  Train Loss: 0.278 | Train Acc: 90.63  |  Val Loss: 0.710 | Val Acc: 78.32  |  Test Loss: 0.336 | Tes Acc: 88.98
INFO >> Epoch: 25  |  Layer: 11  |  Train Loss: 0.328 | Train Acc: 89.37  |  Val Loss: 0.702 | Val Acc: 78.85  |  Test Loss: 0.343 | Tes Acc: 88.98
INFO >> Epoch: 25  |  Layer: 12  |  Train Loss: 0.343 | Train Acc: 87.73  |  Val Loss: 0.645 | Val Acc: 78.85  |  Test Loss: 0.350 | Tes Acc: 88.44
INFO >> Epoch: 25  |  Layer: 13  |  Train Loss: 0.412 | Train Acc: 86.14  |  Val Loss: 0.630 | Val Acc: 78.32  |  Test Loss: 0.362 | Tes Acc: 88.44

INFO >> Epoch: 26  |  Layer:  1  |  Train Loss: 0.660 | Train Acc: 77.87  |  Val Loss: 0.695 | Val Acc: 78.14  |  Test Loss: 0.383 | Tes Acc: 88.44
INFO >> Epoch: 26  |  Layer:  2  |  Train Loss: 0.448 | Train Acc: 85.31  |  Val Loss: 0.686 | Val Acc: 78.67  |  Test Loss: 0.371 | Tes Acc: 90.32
INFO >> Epoch: 26  |  Layer:  3  |  Train Loss: 0.409 | Train Acc: 86.71  |  Val Loss: 0.677 | Val Acc: 79.03  |  Test Loss: 0.348 | Tes Acc: 89.52
INFO >> Epoch: 26  |  Layer:  4  |  Train Loss: 0.364 | Train Acc: 88.07  |  Val Loss: 0.678 | Val Acc: 79.21  |  Test Loss: 0.357 | Tes Acc: 88.17
INFO >> Epoch: 26  |  Layer:  5  |  Train Loss: 0.296 | Train Acc: 90.43  |  Val Loss: 0.649 | Val Acc: 81.18  |  Test Loss: 0.338 | Tes Acc: 90.05
INFO >> Epoch: 26  |  Layer:  6  |  Train Loss: 0.270 | Train Acc: 92.08  |  Val Loss: 0.657 | Val Acc: 81.18  |  Test Loss: 0.372 | Tes Acc: 90.05
INFO >> Epoch: 26  |  Layer:  7  |  Train Loss: 0.262 | Train Acc: 91.79  |  Val Loss: 0.672 | Val Acc: 81.54  |  Test Loss: 0.377 | Tes Acc: 89.78
INFO >> Epoch: 26  |  Layer:  8  |  Train Loss: 0.245 | Train Acc: 92.61  |  Val Loss: 0.732 | Val Acc: 80.29  |  Test Loss: 0.372 | Tes Acc: 88.17
INFO >> Epoch: 26  |  Layer:  9  |  Train Loss: 0.251 | Train Acc: 91.84  |  Val Loss: 0.772 | Val Acc: 77.78  |  Test Loss: 0.397 | Tes Acc: 87.10
INFO >> Epoch: 26  |  Layer: 10  |  Train Loss: 0.269 | Train Acc: 90.53  |  Val Loss: 0.781 | Val Acc: 77.24  |  Test Loss: 0.406 | Tes Acc: 88.44
INFO >> Epoch: 26  |  Layer: 11  |  Train Loss: 0.312 | Train Acc: 89.66  |  Val Loss: 0.755 | Val Acc: 77.42  |  Test Loss: 0.402 | Tes Acc: 87.63
INFO >> Epoch: 26  |  Layer: 12  |  Train Loss: 0.333 | Train Acc: 88.55  |  Val Loss: 0.727 | Val Acc: 77.42  |  Test Loss: 0.414 | Tes Acc: 87.10
INFO >> Epoch: 26  |  Layer: 13  |  Train Loss: 0.395 | Train Acc: 86.28  |  Val Loss: 0.676 | Val Acc: 77.96  |  Test Loss: 0.370 | Tes Acc: 87.10

INFO >> Epoch: 27  |  Layer:  1  |  Train Loss: 0.629 | Train Acc: 78.02  |  Val Loss: 0.689 | Val Acc: 75.63  |  Test Loss: 0.398 | Tes Acc: 88.17
INFO >> Epoch: 27  |  Layer:  2  |  Train Loss: 0.434 | Train Acc: 86.04  |  Val Loss: 0.672 | Val Acc: 80.11  |  Test Loss: 0.377 | Tes Acc: 89.78
INFO >> Epoch: 27  |  Layer:  3  |  Train Loss: 0.403 | Train Acc: 86.62  |  Val Loss: 0.656 | Val Acc: 80.65  |  Test Loss: 0.331 | Tes Acc: 90.32
INFO >> Epoch: 27  |  Layer:  4  |  Train Loss: 0.350 | Train Acc: 88.07  |  Val Loss: 0.640 | Val Acc: 81.18  |  Test Loss: 0.330 | Tes Acc: 91.13
INFO >> Epoch: 27  |  Layer:  5  |  Train Loss: 0.279 | Train Acc: 90.63  |  Val Loss: 0.653 | Val Acc: 81.36  |  Test Loss: 0.344 | Tes Acc: 90.05
INFO >> Epoch: 27  |  Layer:  6  |  Train Loss: 0.265 | Train Acc: 90.77  |  Val Loss: 0.639 | Val Acc: 81.90  |  Test Loss: 0.362 | Tes Acc: 91.13
INFO >> Epoch: 27  |  Layer:  7  |  Train Loss: 0.256 | Train Acc: 91.84  |  Val Loss: 0.620 | Val Acc: 81.36  |  Test Loss: 0.346 | Tes Acc: 90.05
INFO >> Epoch: 27  |  Layer:  8  |  Train Loss: 0.251 | Train Acc: 91.98  |  Val Loss: 0.671 | Val Acc: 81.90  |  Test Loss: 0.344 | Tes Acc: 90.05
INFO >> Epoch: 27  |  Layer:  9  |  Train Loss: 0.254 | Train Acc: 91.40  |  Val Loss: 0.709 | Val Acc: 79.03  |  Test Loss: 0.335 | Tes Acc: 88.44
INFO >> Epoch: 27  |  Layer: 10  |  Train Loss: 0.260 | Train Acc: 91.79  |  Val Loss: 0.744 | Val Acc: 77.24  |  Test Loss: 0.341 | Tes Acc: 89.52
INFO >> Epoch: 27  |  Layer: 11  |  Train Loss: 0.308 | Train Acc: 90.05  |  Val Loss: 0.689 | Val Acc: 79.03  |  Test Loss: 0.331 | Tes Acc: 88.71
INFO >> Epoch: 27  |  Layer: 12  |  Train Loss: 0.327 | Train Acc: 88.41  |  Val Loss: 0.648 | Val Acc: 79.21  |  Test Loss: 0.352 | Tes Acc: 88.98
INFO >> Epoch: 27  |  Layer: 13  |  Train Loss: 0.393 | Train Acc: 86.57  |  Val Loss: 0.636 | Val Acc: 78.14  |  Test Loss: 0.343 | Tes Acc: 87.63

INFO >> Epoch: 28  |  Layer:  1  |  Train Loss: 0.610 | Train Acc: 78.55  |  Val Loss: 0.737 | Val Acc: 75.63  |  Test Loss: 0.395 | Tes Acc: 87.90
INFO >> Epoch: 28  |  Layer:  2  |  Train Loss: 0.419 | Train Acc: 85.36  |  Val Loss: 0.677 | Val Acc: 80.47  |  Test Loss: 0.351 | Tes Acc: 91.40
INFO >> Epoch: 28  |  Layer:  3  |  Train Loss: 0.370 | Train Acc: 87.39  |  Val Loss: 0.667 | Val Acc: 80.82  |  Test Loss: 0.327 | Tes Acc: 90.32
INFO >> Epoch: 28  |  Layer:  4  |  Train Loss: 0.323 | Train Acc: 89.47  |  Val Loss: 0.662 | Val Acc: 81.18  |  Test Loss: 0.346 | Tes Acc: 90.32
INFO >> Epoch: 28  |  Layer:  5  |  Train Loss: 0.272 | Train Acc: 91.45  |  Val Loss: 0.646 | Val Acc: 80.29  |  Test Loss: 0.373 | Tes Acc: 89.52
INFO >> Epoch: 28  |  Layer:  6  |  Train Loss: 0.249 | Train Acc: 91.84  |  Val Loss: 0.627 | Val Acc: 81.00  |  Test Loss: 0.372 | Tes Acc: 89.25
INFO >> Epoch: 28  |  Layer:  7  |  Train Loss: 0.231 | Train Acc: 92.61  |  Val Loss: 0.619 | Val Acc: 83.15  |  Test Loss: 0.364 | Tes Acc: 90.05
INFO >> Epoch: 28  |  Layer:  8  |  Train Loss: 0.256 | Train Acc: 91.30  |  Val Loss: 0.694 | Val Acc: 81.00  |  Test Loss: 0.376 | Tes Acc: 88.98
INFO >> Epoch: 28  |  Layer:  9  |  Train Loss: 0.224 | Train Acc: 92.42  |  Val Loss: 0.722 | Val Acc: 80.11  |  Test Loss: 0.327 | Tes Acc: 89.52
INFO >> Epoch: 28  |  Layer: 10  |  Train Loss: 0.275 | Train Acc: 90.68  |  Val Loss: 0.744 | Val Acc: 77.60  |  Test Loss: 0.353 | Tes Acc: 88.17
INFO >> Epoch: 28  |  Layer: 11  |  Train Loss: 0.301 | Train Acc: 90.29  |  Val Loss: 0.700 | Val Acc: 77.60  |  Test Loss: 0.356 | Tes Acc: 88.17
INFO >> Epoch: 28  |  Layer: 12  |  Train Loss: 0.317 | Train Acc: 89.03  |  Val Loss: 0.625 | Val Acc: 78.49  |  Test Loss: 0.369 | Tes Acc: 88.44
INFO >> Epoch: 28  |  Layer: 13  |  Train Loss: 0.369 | Train Acc: 88.21  |  Val Loss: 0.625 | Val Acc: 77.60  |  Test Loss: 0.366 | Tes Acc: 87.10

INFO >> Epoch: 29  |  Layer:  1  |  Train Loss: 0.602 | Train Acc: 78.99  |  Val Loss: 0.671 | Val Acc: 78.67  |  Test Loss: 0.374 | Tes Acc: 87.90
INFO >> Epoch: 29  |  Layer:  2  |  Train Loss: 0.389 | Train Acc: 86.38  |  Val Loss: 0.674 | Val Acc: 80.29  |  Test Loss: 0.361 | Tes Acc: 91.40
INFO >> Epoch: 29  |  Layer:  3  |  Train Loss: 0.348 | Train Acc: 88.36  |  Val Loss: 0.689 | Val Acc: 79.39  |  Test Loss: 0.345 | Tes Acc: 89.78
INFO >> Epoch: 29  |  Layer:  4  |  Train Loss: 0.298 | Train Acc: 89.61  |  Val Loss: 0.672 | Val Acc: 79.57  |  Test Loss: 0.364 | Tes Acc: 90.59
INFO >> Epoch: 29  |  Layer:  5  |  Train Loss: 0.255 | Train Acc: 91.55  |  Val Loss: 0.643 | Val Acc: 81.90  |  Test Loss: 0.342 | Tes Acc: 90.86
INFO >> Epoch: 29  |  Layer:  6  |  Train Loss: 0.237 | Train Acc: 92.66  |  Val Loss: 0.631 | Val Acc: 80.11  |  Test Loss: 0.367 | Tes Acc: 89.78
INFO >> Epoch: 29  |  Layer:  7  |  Train Loss: 0.215 | Train Acc: 92.51  |  Val Loss: 0.656 | Val Acc: 79.03  |  Test Loss: 0.362 | Tes Acc: 90.32
INFO >> Epoch: 29  |  Layer:  8  |  Train Loss: 0.214 | Train Acc: 92.75  |  Val Loss: 0.643 | Val Acc: 81.00  |  Test Loss: 0.353 | Tes Acc: 90.32
INFO >> Epoch: 29  |  Layer:  9  |  Train Loss: 0.211 | Train Acc: 92.75  |  Val Loss: 0.722 | Val Acc: 79.39  |  Test Loss: 0.327 | Tes Acc: 88.44
INFO >> Epoch: 29  |  Layer: 10  |  Train Loss: 0.235 | Train Acc: 92.46  |  Val Loss: 0.742 | Val Acc: 76.52  |  Test Loss: 0.371 | Tes Acc: 88.71
INFO >> Epoch: 29  |  Layer: 11  |  Train Loss: 0.265 | Train Acc: 91.11  |  Val Loss: 0.703 | Val Acc: 78.32  |  Test Loss: 0.335 | Tes Acc: 87.90
INFO >> Epoch: 29  |  Layer: 12  |  Train Loss: 0.290 | Train Acc: 90.39  |  Val Loss: 0.668 | Val Acc: 79.21  |  Test Loss: 0.376 | Tes Acc: 87.63
INFO >> Epoch: 29  |  Layer: 13  |  Train Loss: 0.351 | Train Acc: 87.92  |  Val Loss: 0.650 | Val Acc: 77.60  |  Test Loss: 0.368 | Tes Acc: 88.44

INFO >> Epoch: 30  |  Layer:  1  |  Train Loss: 0.611 | Train Acc: 78.99  |  Val Loss: 0.690 | Val Acc: 77.24  |  Test Loss: 0.451 | Tes Acc: 85.75
INFO >> Epoch: 30  |  Layer:  2  |  Train Loss: 0.412 | Train Acc: 85.80  |  Val Loss: 0.701 | Val Acc: 79.93  |  Test Loss: 0.399 | Tes Acc: 88.17
INFO >> Epoch: 30  |  Layer:  3  |  Train Loss: 0.359 | Train Acc: 87.87  |  Val Loss: 0.716 | Val Acc: 79.21  |  Test Loss: 0.400 | Tes Acc: 87.37
INFO >> Epoch: 30  |  Layer:  4  |  Train Loss: 0.315 | Train Acc: 88.79  |  Val Loss: 0.759 | Val Acc: 79.75  |  Test Loss: 0.421 | Tes Acc: 87.10
INFO >> Epoch: 30  |  Layer:  5  |  Train Loss: 0.265 | Train Acc: 90.92  |  Val Loss: 0.718 | Val Acc: 79.93  |  Test Loss: 0.411 | Tes Acc: 88.71
INFO >> Epoch: 30  |  Layer:  6  |  Train Loss: 0.232 | Train Acc: 92.71  |  Val Loss: 0.670 | Val Acc: 82.08  |  Test Loss: 0.410 | Tes Acc: 89.25
INFO >> Epoch: 30  |  Layer:  7  |  Train Loss: 0.225 | Train Acc: 93.29  |  Val Loss: 0.698 | Val Acc: 82.62  |  Test Loss: 0.419 | Tes Acc: 89.25
INFO >> Epoch: 30  |  Layer:  8  |  Train Loss: 0.219 | Train Acc: 93.14  |  Val Loss: 0.750 | Val Acc: 80.65  |  Test Loss: 0.415 | Tes Acc: 88.98
INFO >> Epoch: 30  |  Layer:  9  |  Train Loss: 0.217 | Train Acc: 92.90  |  Val Loss: 0.760 | Val Acc: 79.21  |  Test Loss: 0.373 | Tes Acc: 87.37
INFO >> Epoch: 30  |  Layer: 10  |  Train Loss: 0.241 | Train Acc: 92.56  |  Val Loss: 0.752 | Val Acc: 76.88  |  Test Loss: 0.382 | Tes Acc: 87.10
INFO >> Epoch: 30  |  Layer: 11  |  Train Loss: 0.252 | Train Acc: 92.13  |  Val Loss: 0.731 | Val Acc: 77.60  |  Test Loss: 0.365 | Tes Acc: 88.71
INFO >> Epoch: 30  |  Layer: 12  |  Train Loss: 0.291 | Train Acc: 90.63  |  Val Loss: 0.702 | Val Acc: 78.14  |  Test Loss: 0.411 | Tes Acc: 87.63
INFO >> Epoch: 30  |  Layer: 13  |  Train Loss: 0.366 | Train Acc: 87.63  |  Val Loss: 0.684 | Val Acc: 75.81  |  Test Loss: 0.414 | Tes Acc: 87.10



INFO >> Time Taken: 53:03

INFO >> Layer: 1  |  Best Val Acc: 78.67  |  Best Test Acc: 87.90
INFO >> Layer: 2  |  Best Val Acc: 80.47  |  Best Test Acc: 91.40
INFO >> Layer: 3  |  Best Val Acc: 80.82  |  Best Test Acc: 90.32
INFO >> Layer: 4  |  Best Val Acc: 81.90  |  Best Test Acc: 90.32
INFO >> Layer: 5  |  Best Val Acc: 81.90  |  Best Test Acc: 90.86
INFO >> Layer: 6  |  Best Val Acc: 82.26  |  Best Test Acc: 91.13
INFO >> Layer: 7  |  Best Val Acc: 83.15  |  Best Test Acc: 90.05
INFO >> Layer: 8  |  Best Val Acc: 82.08  |  Best Test Acc: 90.86
INFO >> Layer: 9  |  Best Val Acc: 80.65  |  Best Test Acc: 88.44
INFO >> Layer: 10  |  Best Val Acc: 79.57  |  Best Test Acc: 89.52
INFO >> Layer: 11  |  Best Val Acc: 79.03  |  Best Test Acc: 89.25
INFO >> Layer: 12  |  Best Val Acc: 79.75  |  Best Test Acc: 88.98
INFO >> Layer: 13  |  Best Val Acc: 79.21  |  Best Test Acc: 88.44

DEBUG >> Last state saved

INFO >> History saved (./history/v1.4/ShEMO/HUBERT_BASE_PROBING_DENSE/Run5/history.pt)
