
--------------------------------------------------
Multilingual SER System v1.3
--------------------------------------------------
Run Name      : Run5
Fx Model      : HUBERT_LARGE
Clf Model     : PROBING
Extract Mode  : gpu_memory
Dataset       : EMOVO
Device        : gpu
Epochs        : 20
Num Workers   : 2
Data Dir      : ./data
History Dir   : ./history
Weights Dir   : ./weights
Log Level     : debug
Purge Cache   : False
Job Name      : Job120
Job Id        : 30721454
GPU           : Quadro RTX 8000
GPU Count     : 1
GPU Memory    : 44.49 GB

Timestamp : 2023-03-03 12:45:52.094629

INFO >> Running on CUDA


INFO >> Training Classifier

INFO >> Epoch: 1  |  Layer:  1  |  Train Loss: 2.092 | Train Acc: 14.97  |  Val Loss: 1.935 | Val Acc: 17.35  |  Test Loss: 1.982 | Tes Acc: 20.92
INFO >> Epoch: 1  |  Layer:  2  |  Train Loss: 2.097 | Train Acc: 15.99  |  Val Loss: 1.934 | Val Acc: 17.35  |  Test Loss: 2.011 | Tes Acc: 13.27
INFO >> Epoch: 1  |  Layer:  3  |  Train Loss: 2.135 | Train Acc: 18.03  |  Val Loss: 1.828 | Val Acc: 17.35  |  Test Loss: 1.988 | Tes Acc: 16.84
INFO >> Epoch: 1  |  Layer:  4  |  Train Loss: 2.145 | Train Acc: 16.33  |  Val Loss: 1.889 | Val Acc: 22.45  |  Test Loss: 1.956 | Tes Acc: 26.02
INFO >> Epoch: 1  |  Layer:  5  |  Train Loss: 2.225 | Train Acc: 18.03  |  Val Loss: 1.826 | Val Acc: 29.59  |  Test Loss: 1.978 | Tes Acc: 22.45
INFO >> Epoch: 1  |  Layer:  6  |  Train Loss: 2.340 | Train Acc: 17.35  |  Val Loss: 1.830 | Val Acc: 15.31  |  Test Loss: 2.042 | Tes Acc: 17.35
INFO >> Epoch: 1  |  Layer:  7  |  Train Loss: 2.301 | Train Acc: 18.71  |  Val Loss: 1.803 | Val Acc: 27.55  |  Test Loss: 2.177 | Tes Acc: 21.43
INFO >> Epoch: 1  |  Layer:  8  |  Train Loss: 2.420 | Train Acc: 13.27  |  Val Loss: 1.795 | Val Acc: 18.37  |  Test Loss: 2.256 | Tes Acc: 15.31
INFO >> Epoch: 1  |  Layer:  9  |  Train Loss: 2.298 | Train Acc: 13.61  |  Val Loss: 1.887 | Val Acc: 18.37  |  Test Loss: 2.259 | Tes Acc: 15.31
INFO >> Epoch: 1  |  Layer: 10  |  Train Loss: 2.388 | Train Acc: 15.65  |  Val Loss: 1.845 | Val Acc: 29.59  |  Test Loss: 2.202 | Tes Acc: 14.80
INFO >> Epoch: 1  |  Layer: 11  |  Train Loss: 2.335 | Train Acc: 18.03  |  Val Loss: 1.802 | Val Acc: 29.59  |  Test Loss: 2.182 | Tes Acc: 22.45
INFO >> Epoch: 1  |  Layer: 12  |  Train Loss: 2.317 | Train Acc: 18.71  |  Val Loss: 1.706 | Val Acc: 17.35  |  Test Loss: 2.064 | Tes Acc: 17.86
INFO >> Epoch: 1  |  Layer: 13  |  Train Loss: 2.312 | Train Acc: 20.07  |  Val Loss: 1.700 | Val Acc: 21.43  |  Test Loss: 1.970 | Tes Acc: 25.00
INFO >> Epoch: 1  |  Layer: 14  |  Train Loss: 2.636 | Train Acc: 11.90  |  Val Loss: 2.258 | Val Acc: 16.33  |  Test Loss: 2.212 | Tes Acc: 13.78
INFO >> Epoch: 1  |  Layer: 15  |  Train Loss: 2.645 | Train Acc: 14.63  |  Val Loss: 2.310 | Val Acc: 16.33  |  Test Loss: 2.181 | Tes Acc: 16.84
INFO >> Epoch: 1  |  Layer: 16  |  Train Loss: 2.702 | Train Acc: 13.95  |  Val Loss: 2.250 | Val Acc: 16.33  |  Test Loss: 2.284 | Tes Acc: 17.35
INFO >> Epoch: 1  |  Layer: 17  |  Train Loss: 2.994 | Train Acc: 13.27  |  Val Loss: 2.345 | Val Acc: 19.39  |  Test Loss: 2.416 | Tes Acc: 15.31
INFO >> Epoch: 1  |  Layer: 18  |  Train Loss: 2.725 | Train Acc: 17.69  |  Val Loss: 2.104 | Val Acc: 19.39  |  Test Loss: 2.187 | Tes Acc: 14.80
INFO >> Epoch: 1  |  Layer: 19  |  Train Loss: 2.981 | Train Acc: 15.31  |  Val Loss: 1.963 | Val Acc: 18.37  |  Test Loss: 2.546 | Tes Acc: 13.27
INFO >> Epoch: 1  |  Layer: 20  |  Train Loss: 3.062 | Train Acc: 17.01  |  Val Loss: 1.967 | Val Acc: 25.51  |  Test Loss: 2.489 | Tes Acc: 26.53
INFO >> Epoch: 1  |  Layer: 21  |  Train Loss: 4.272 | Train Acc: 14.29  |  Val Loss: 2.912 | Val Acc: 14.29  |  Test Loss: 2.611 | Tes Acc: 18.88
INFO >> Epoch: 1  |  Layer: 22  |  Train Loss: 9.786 | Train Acc: 15.99  |  Val Loss: 8.664 | Val Acc: 14.29  |  Test Loss: 7.197 | Tes Acc: 14.29
INFO >> Epoch: 1  |  Layer: 23  |  Train Loss: 7.808 | Train Acc: 19.05  |  Val Loss: 7.857 | Val Acc: 15.31  |  Test Loss: 4.054 | Tes Acc: 20.41
INFO >> Epoch: 1  |  Layer: 24  |  Train Loss: 12.401 | Train Acc: 13.95  |  Val Loss: 12.696 | Val Acc: 18.37  |  Test Loss: 6.534 | Tes Acc: 20.92

INFO >> Epoch: 2  |  Layer:  1  |  Train Loss: 1.857 | Train Acc: 24.15  |  Val Loss: 2.029 | Val Acc: 32.65  |  Test Loss: 1.998 | Tes Acc: 19.90
INFO >> Epoch: 2  |  Layer:  2  |  Train Loss: 1.772 | Train Acc: 27.21  |  Val Loss: 2.077 | Val Acc: 28.57  |  Test Loss: 2.058 | Tes Acc: 17.86
INFO >> Epoch: 2  |  Layer:  3  |  Train Loss: 1.754 | Train Acc: 29.93  |  Val Loss: 1.914 | Val Acc: 36.73  |  Test Loss: 1.936 | Tes Acc: 28.06
INFO >> Epoch: 2  |  Layer:  4  |  Train Loss: 1.745 | Train Acc: 33.33  |  Val Loss: 1.991 | Val Acc: 36.73  |  Test Loss: 1.910 | Tes Acc: 24.49
INFO >> Epoch: 2  |  Layer:  5  |  Train Loss: 1.756 | Train Acc: 30.27  |  Val Loss: 1.991 | Val Acc: 34.69  |  Test Loss: 1.944 | Tes Acc: 28.06
INFO >> Epoch: 2  |  Layer:  6  |  Train Loss: 1.770 | Train Acc: 30.27  |  Val Loss: 1.876 | Val Acc: 35.71  |  Test Loss: 1.844 | Tes Acc: 30.10
INFO >> Epoch: 2  |  Layer:  7  |  Train Loss: 1.843 | Train Acc: 33.33  |  Val Loss: 1.843 | Val Acc: 39.80  |  Test Loss: 1.926 | Tes Acc: 24.49
INFO >> Epoch: 2  |  Layer:  8  |  Train Loss: 1.936 | Train Acc: 23.47  |  Val Loss: 1.864 | Val Acc: 39.80  |  Test Loss: 1.917 | Tes Acc: 23.98
INFO >> Epoch: 2  |  Layer:  9  |  Train Loss: 1.859 | Train Acc: 27.89  |  Val Loss: 1.976 | Val Acc: 39.80  |  Test Loss: 1.905 | Tes Acc: 26.53
INFO >> Epoch: 2  |  Layer: 10  |  Train Loss: 1.785 | Train Acc: 28.91  |  Val Loss: 2.127 | Val Acc: 37.76  |  Test Loss: 1.894 | Tes Acc: 30.61
INFO >> Epoch: 2  |  Layer: 11  |  Train Loss: 1.828 | Train Acc: 24.49  |  Val Loss: 2.040 | Val Acc: 37.76  |  Test Loss: 1.890 | Tes Acc: 22.45
INFO >> Epoch: 2  |  Layer: 12  |  Train Loss: 1.741 | Train Acc: 32.31  |  Val Loss: 1.867 | Val Acc: 18.37  |  Test Loss: 1.745 | Tes Acc: 24.49
INFO >> Epoch: 2  |  Layer: 13  |  Train Loss: 1.728 | Train Acc: 28.23  |  Val Loss: 1.896 | Val Acc: 38.78  |  Test Loss: 1.849 | Tes Acc: 25.00
INFO >> Epoch: 2  |  Layer: 14  |  Train Loss: 1.869 | Train Acc: 20.41  |  Val Loss: 1.882 | Val Acc: 26.53  |  Test Loss: 1.822 | Tes Acc: 23.47
INFO >> Epoch: 2  |  Layer: 15  |  Train Loss: 1.868 | Train Acc: 23.81  |  Val Loss: 1.853 | Val Acc: 29.59  |  Test Loss: 1.901 | Tes Acc: 27.55
INFO >> Epoch: 2  |  Layer: 16  |  Train Loss: 1.959 | Train Acc: 19.05  |  Val Loss: 2.115 | Val Acc: 28.57  |  Test Loss: 2.014 | Tes Acc: 22.96
INFO >> Epoch: 2  |  Layer: 17  |  Train Loss: 2.004 | Train Acc: 19.39  |  Val Loss: 2.230 | Val Acc: 22.45  |  Test Loss: 2.089 | Tes Acc: 24.49
INFO >> Epoch: 2  |  Layer: 18  |  Train Loss: 1.986 | Train Acc: 25.51  |  Val Loss: 2.089 | Val Acc: 39.80  |  Test Loss: 1.938 | Tes Acc: 19.90
INFO >> Epoch: 2  |  Layer: 19  |  Train Loss: 2.086 | Train Acc: 24.83  |  Val Loss: 1.732 | Val Acc: 35.71  |  Test Loss: 1.941 | Tes Acc: 26.02
INFO >> Epoch: 2  |  Layer: 20  |  Train Loss: 1.984 | Train Acc: 28.23  |  Val Loss: 2.055 | Val Acc: 40.82  |  Test Loss: 1.957 | Tes Acc: 26.53
INFO >> Epoch: 2  |  Layer: 21  |  Train Loss: 2.038 | Train Acc: 23.81  |  Val Loss: 2.810 | Val Acc: 35.71  |  Test Loss: 2.379 | Tes Acc: 17.35
INFO >> Epoch: 2  |  Layer: 22  |  Train Loss: 4.018 | Train Acc: 15.99  |  Val Loss: 2.751 | Val Acc: 17.35  |  Test Loss: 2.844 | Tes Acc: 15.82
INFO >> Epoch: 2  |  Layer: 23  |  Train Loss: 2.869 | Train Acc: 21.77  |  Val Loss: 2.718 | Val Acc: 31.63  |  Test Loss: 2.874 | Tes Acc: 16.84
INFO >> Epoch: 2  |  Layer: 24  |  Train Loss: 4.347 | Train Acc: 25.17  |  Val Loss: 5.427 | Val Acc: 29.59  |  Test Loss: 4.262 | Tes Acc: 17.86

INFO >> Epoch: 3  |  Layer:  1  |  Train Loss: 1.773 | Train Acc: 37.76  |  Val Loss: 1.791 | Val Acc: 31.63  |  Test Loss: 1.943 | Tes Acc: 23.47
INFO >> Epoch: 3  |  Layer:  2  |  Train Loss: 1.622 | Train Acc: 41.50  |  Val Loss: 1.832 | Val Acc: 37.76  |  Test Loss: 1.937 | Tes Acc: 25.51
INFO >> Epoch: 3  |  Layer:  3  |  Train Loss: 1.542 | Train Acc: 42.86  |  Val Loss: 1.757 | Val Acc: 37.76  |  Test Loss: 1.881 | Tes Acc: 19.39
INFO >> Epoch: 3  |  Layer:  4  |  Train Loss: 1.520 | Train Acc: 42.86  |  Val Loss: 1.881 | Val Acc: 37.76  |  Test Loss: 1.918 | Tes Acc: 17.86
INFO >> Epoch: 3  |  Layer:  5  |  Train Loss: 1.541 | Train Acc: 42.52  |  Val Loss: 1.704 | Val Acc: 41.84  |  Test Loss: 1.903 | Tes Acc: 25.51
INFO >> Epoch: 3  |  Layer:  6  |  Train Loss: 1.551 | Train Acc: 46.26  |  Val Loss: 1.681 | Val Acc: 43.88  |  Test Loss: 1.807 | Tes Acc: 32.14
INFO >> Epoch: 3  |  Layer:  7  |  Train Loss: 1.532 | Train Acc: 46.60  |  Val Loss: 1.509 | Val Acc: 52.04  |  Test Loss: 1.781 | Tes Acc: 31.63
INFO >> Epoch: 3  |  Layer:  8  |  Train Loss: 1.622 | Train Acc: 38.78  |  Val Loss: 1.611 | Val Acc: 42.86  |  Test Loss: 1.846 | Tes Acc: 34.69
INFO >> Epoch: 3  |  Layer:  9  |  Train Loss: 1.588 | Train Acc: 38.10  |  Val Loss: 1.610 | Val Acc: 46.94  |  Test Loss: 1.841 | Tes Acc: 30.61
INFO >> Epoch: 3  |  Layer: 10  |  Train Loss: 1.576 | Train Acc: 45.92  |  Val Loss: 1.625 | Val Acc: 48.98  |  Test Loss: 1.756 | Tes Acc: 37.24
INFO >> Epoch: 3  |  Layer: 11  |  Train Loss: 1.525 | Train Acc: 40.48  |  Val Loss: 1.620 | Val Acc: 50.00  |  Test Loss: 1.774 | Tes Acc: 26.02
INFO >> Epoch: 3  |  Layer: 12  |  Train Loss: 1.474 | Train Acc: 47.62  |  Val Loss: 1.616 | Val Acc: 33.67  |  Test Loss: 1.686 | Tes Acc: 34.18
INFO >> Epoch: 3  |  Layer: 13  |  Train Loss: 1.534 | Train Acc: 41.84  |  Val Loss: 1.576 | Val Acc: 52.04  |  Test Loss: 1.772 | Tes Acc: 26.02
INFO >> Epoch: 3  |  Layer: 14  |  Train Loss: 1.686 | Train Acc: 37.76  |  Val Loss: 1.591 | Val Acc: 38.78  |  Test Loss: 1.718 | Tes Acc: 34.18
INFO >> Epoch: 3  |  Layer: 15  |  Train Loss: 1.660 | Train Acc: 38.78  |  Val Loss: 1.659 | Val Acc: 42.86  |  Test Loss: 1.778 | Tes Acc: 31.63
INFO >> Epoch: 3  |  Layer: 16  |  Train Loss: 1.758 | Train Acc: 38.10  |  Val Loss: 1.725 | Val Acc: 36.73  |  Test Loss: 1.855 | Tes Acc: 30.61
INFO >> Epoch: 3  |  Layer: 17  |  Train Loss: 1.790 | Train Acc: 28.57  |  Val Loss: 1.923 | Val Acc: 25.51  |  Test Loss: 1.894 | Tes Acc: 20.41
INFO >> Epoch: 3  |  Layer: 18  |  Train Loss: 1.702 | Train Acc: 35.37  |  Val Loss: 1.714 | Val Acc: 32.65  |  Test Loss: 1.831 | Tes Acc: 20.41
INFO >> Epoch: 3  |  Layer: 19  |  Train Loss: 1.737 | Train Acc: 30.61  |  Val Loss: 1.646 | Val Acc: 31.63  |  Test Loss: 1.845 | Tes Acc: 20.92
INFO >> Epoch: 3  |  Layer: 20  |  Train Loss: 1.739 | Train Acc: 35.37  |  Val Loss: 1.732 | Val Acc: 35.71  |  Test Loss: 1.924 | Tes Acc: 23.98
INFO >> Epoch: 3  |  Layer: 21  |  Train Loss: 1.860 | Train Acc: 30.27  |  Val Loss: 1.859 | Val Acc: 35.71  |  Test Loss: 1.877 | Tes Acc: 22.45
INFO >> Epoch: 3  |  Layer: 22  |  Train Loss: 2.246 | Train Acc: 21.09  |  Val Loss: 1.931 | Val Acc: 16.33  |  Test Loss: 2.010 | Tes Acc: 26.02
INFO >> Epoch: 3  |  Layer: 23  |  Train Loss: 2.115 | Train Acc: 36.05  |  Val Loss: 2.066 | Val Acc: 27.55  |  Test Loss: 2.271 | Tes Acc: 18.37
INFO >> Epoch: 3  |  Layer: 24  |  Train Loss: 2.526 | Train Acc: 29.25  |  Val Loss: 2.393 | Val Acc: 34.69  |  Test Loss: 3.365 | Tes Acc: 17.35

INFO >> Epoch: 4  |  Layer:  1  |  Train Loss: 1.650 | Train Acc: 35.03  |  Val Loss: 1.717 | Val Acc: 40.82  |  Test Loss: 1.916 | Tes Acc: 28.06
INFO >> Epoch: 4  |  Layer:  2  |  Train Loss: 1.420 | Train Acc: 49.66  |  Val Loss: 1.735 | Val Acc: 33.67  |  Test Loss: 1.878 | Tes Acc: 27.55
INFO >> Epoch: 4  |  Layer:  3  |  Train Loss: 1.332 | Train Acc: 56.46  |  Val Loss: 1.560 | Val Acc: 41.84  |  Test Loss: 1.807 | Tes Acc: 28.57
INFO >> Epoch: 4  |  Layer:  4  |  Train Loss: 1.337 | Train Acc: 57.48  |  Val Loss: 1.649 | Val Acc: 31.63  |  Test Loss: 1.781 | Tes Acc: 34.18
INFO >> Epoch: 4  |  Layer:  5  |  Train Loss: 1.367 | Train Acc: 56.12  |  Val Loss: 1.594 | Val Acc: 44.90  |  Test Loss: 1.793 | Tes Acc: 30.10
INFO >> Epoch: 4  |  Layer:  6  |  Train Loss: 1.362 | Train Acc: 57.14  |  Val Loss: 1.612 | Val Acc: 36.73  |  Test Loss: 1.760 | Tes Acc: 34.18
INFO >> Epoch: 4  |  Layer:  7  |  Train Loss: 1.301 | Train Acc: 58.84  |  Val Loss: 1.439 | Val Acc: 43.88  |  Test Loss: 1.681 | Tes Acc: 38.78
INFO >> Epoch: 4  |  Layer:  8  |  Train Loss: 1.435 | Train Acc: 53.74  |  Val Loss: 1.498 | Val Acc: 34.69  |  Test Loss: 1.752 | Tes Acc: 39.80
INFO >> Epoch: 4  |  Layer:  9  |  Train Loss: 1.368 | Train Acc: 51.02  |  Val Loss: 1.516 | Val Acc: 41.84  |  Test Loss: 1.749 | Tes Acc: 38.27
INFO >> Epoch: 4  |  Layer: 10  |  Train Loss: 1.336 | Train Acc: 61.90  |  Val Loss: 1.573 | Val Acc: 36.73  |  Test Loss: 1.714 | Tes Acc: 47.96
INFO >> Epoch: 4  |  Layer: 11  |  Train Loss: 1.325 | Train Acc: 53.06  |  Val Loss: 1.508 | Val Acc: 36.73  |  Test Loss: 1.622 | Tes Acc: 44.39
INFO >> Epoch: 4  |  Layer: 12  |  Train Loss: 1.283 | Train Acc: 53.74  |  Val Loss: 1.448 | Val Acc: 42.86  |  Test Loss: 1.544 | Tes Acc: 43.37
INFO >> Epoch: 4  |  Layer: 13  |  Train Loss: 1.353 | Train Acc: 52.72  |  Val Loss: 1.396 | Val Acc: 42.86  |  Test Loss: 1.513 | Tes Acc: 38.78
INFO >> Epoch: 4  |  Layer: 14  |  Train Loss: 1.520 | Train Acc: 41.16  |  Val Loss: 1.481 | Val Acc: 41.84  |  Test Loss: 1.712 | Tes Acc: 28.06
INFO >> Epoch: 4  |  Layer: 15  |  Train Loss: 1.545 | Train Acc: 41.84  |  Val Loss: 1.492 | Val Acc: 37.76  |  Test Loss: 1.701 | Tes Acc: 34.18
INFO >> Epoch: 4  |  Layer: 16  |  Train Loss: 1.634 | Train Acc: 33.33  |  Val Loss: 1.542 | Val Acc: 40.82  |  Test Loss: 1.829 | Tes Acc: 32.65
INFO >> Epoch: 4  |  Layer: 17  |  Train Loss: 1.703 | Train Acc: 31.29  |  Val Loss: 1.697 | Val Acc: 24.49  |  Test Loss: 1.790 | Tes Acc: 27.04
INFO >> Epoch: 4  |  Layer: 18  |  Train Loss: 1.586 | Train Acc: 40.14  |  Val Loss: 1.639 | Val Acc: 26.53  |  Test Loss: 1.801 | Tes Acc: 35.71
INFO >> Epoch: 4  |  Layer: 19  |  Train Loss: 1.616 | Train Acc: 40.48  |  Val Loss: 1.416 | Val Acc: 46.94  |  Test Loss: 1.800 | Tes Acc: 32.65
INFO >> Epoch: 4  |  Layer: 20  |  Train Loss: 1.553 | Train Acc: 41.50  |  Val Loss: 1.528 | Val Acc: 36.73  |  Test Loss: 1.749 | Tes Acc: 29.59
INFO >> Epoch: 4  |  Layer: 21  |  Train Loss: 1.614 | Train Acc: 39.46  |  Val Loss: 1.414 | Val Acc: 50.00  |  Test Loss: 1.711 | Tes Acc: 29.08
INFO >> Epoch: 4  |  Layer: 22  |  Train Loss: 1.806 | Train Acc: 32.99  |  Val Loss: 1.641 | Val Acc: 30.61  |  Test Loss: 1.963 | Tes Acc: 26.02
INFO >> Epoch: 4  |  Layer: 23  |  Train Loss: 1.753 | Train Acc: 35.03  |  Val Loss: 1.821 | Val Acc: 32.65  |  Test Loss: 1.892 | Tes Acc: 29.08
INFO >> Epoch: 4  |  Layer: 24  |  Train Loss: 2.014 | Train Acc: 39.12  |  Val Loss: 2.769 | Val Acc: 30.61  |  Test Loss: 2.499 | Tes Acc: 29.08

INFO >> Epoch: 5  |  Layer:  1  |  Train Loss: 1.564 | Train Acc: 40.82  |  Val Loss: 2.031 | Val Acc: 19.39  |  Test Loss: 2.108 | Tes Acc: 17.35
INFO >> Epoch: 5  |  Layer:  2  |  Train Loss: 1.265 | Train Acc: 57.82  |  Val Loss: 2.154 | Val Acc: 22.45  |  Test Loss: 2.154 | Tes Acc: 20.92
INFO >> Epoch: 5  |  Layer:  3  |  Train Loss: 1.176 | Train Acc: 59.52  |  Val Loss: 2.051 | Val Acc: 30.61  |  Test Loss: 2.052 | Tes Acc: 25.51
INFO >> Epoch: 5  |  Layer:  4  |  Train Loss: 1.186 | Train Acc: 56.80  |  Val Loss: 2.058 | Val Acc: 34.69  |  Test Loss: 1.994 | Tes Acc: 30.10
INFO >> Epoch: 5  |  Layer:  5  |  Train Loss: 1.211 | Train Acc: 55.10  |  Val Loss: 1.942 | Val Acc: 33.67  |  Test Loss: 1.986 | Tes Acc: 28.57
INFO >> Epoch: 5  |  Layer:  6  |  Train Loss: 1.199 | Train Acc: 59.52  |  Val Loss: 2.032 | Val Acc: 34.69  |  Test Loss: 1.925 | Tes Acc: 29.08
INFO >> Epoch: 5  |  Layer:  7  |  Train Loss: 1.153 | Train Acc: 64.97  |  Val Loss: 1.729 | Val Acc: 31.63  |  Test Loss: 1.843 | Tes Acc: 28.57
INFO >> Epoch: 5  |  Layer:  8  |  Train Loss: 1.299 | Train Acc: 53.40  |  Val Loss: 1.853 | Val Acc: 36.73  |  Test Loss: 1.872 | Tes Acc: 29.59
INFO >> Epoch: 5  |  Layer:  9  |  Train Loss: 1.223 | Train Acc: 57.82  |  Val Loss: 1.610 | Val Acc: 40.82  |  Test Loss: 1.773 | Tes Acc: 35.20
INFO >> Epoch: 5  |  Layer: 10  |  Train Loss: 1.167 | Train Acc: 62.93  |  Val Loss: 1.695 | Val Acc: 41.84  |  Test Loss: 1.819 | Tes Acc: 34.69
INFO >> Epoch: 5  |  Layer: 11  |  Train Loss: 1.111 | Train Acc: 61.90  |  Val Loss: 1.372 | Val Acc: 40.82  |  Test Loss: 1.669 | Tes Acc: 30.61
INFO >> Epoch: 5  |  Layer: 12  |  Train Loss: 1.087 | Train Acc: 62.24  |  Val Loss: 1.325 | Val Acc: 40.82  |  Test Loss: 1.583 | Tes Acc: 33.67
INFO >> Epoch: 5  |  Layer: 13  |  Train Loss: 1.143 | Train Acc: 61.22  |  Val Loss: 1.250 | Val Acc: 47.96  |  Test Loss: 1.808 | Tes Acc: 28.06
INFO >> Epoch: 5  |  Layer: 14  |  Train Loss: 1.425 | Train Acc: 45.92  |  Val Loss: 1.476 | Val Acc: 42.86  |  Test Loss: 1.704 | Tes Acc: 31.63
INFO >> Epoch: 5  |  Layer: 15  |  Train Loss: 1.437 | Train Acc: 45.24  |  Val Loss: 1.527 | Val Acc: 42.86  |  Test Loss: 1.692 | Tes Acc: 35.20
INFO >> Epoch: 5  |  Layer: 16  |  Train Loss: 1.559 | Train Acc: 42.18  |  Val Loss: 1.665 | Val Acc: 35.71  |  Test Loss: 1.868 | Tes Acc: 30.61
INFO >> Epoch: 5  |  Layer: 17  |  Train Loss: 1.594 | Train Acc: 39.80  |  Val Loss: 1.577 | Val Acc: 39.80  |  Test Loss: 1.744 | Tes Acc: 27.04
INFO >> Epoch: 5  |  Layer: 18  |  Train Loss: 1.517 | Train Acc: 42.52  |  Val Loss: 1.619 | Val Acc: 40.82  |  Test Loss: 1.770 | Tes Acc: 26.02
INFO >> Epoch: 5  |  Layer: 19  |  Train Loss: 1.488 | Train Acc: 41.16  |  Val Loss: 1.605 | Val Acc: 31.63  |  Test Loss: 1.819 | Tes Acc: 32.14
INFO >> Epoch: 5  |  Layer: 20  |  Train Loss: 1.376 | Train Acc: 50.68  |  Val Loss: 1.706 | Val Acc: 33.67  |  Test Loss: 1.750 | Tes Acc: 38.78
INFO >> Epoch: 5  |  Layer: 21  |  Train Loss: 1.464 | Train Acc: 43.88  |  Val Loss: 1.534 | Val Acc: 33.67  |  Test Loss: 1.823 | Tes Acc: 28.57
INFO >> Epoch: 5  |  Layer: 22  |  Train Loss: 1.673 | Train Acc: 41.16  |  Val Loss: 2.011 | Val Acc: 23.47  |  Test Loss: 1.875 | Tes Acc: 26.02
INFO >> Epoch: 5  |  Layer: 23  |  Train Loss: 1.386 | Train Acc: 45.58  |  Val Loss: 1.665 | Val Acc: 32.65  |  Test Loss: 1.910 | Tes Acc: 25.51
INFO >> Epoch: 5  |  Layer: 24  |  Train Loss: 1.435 | Train Acc: 46.26  |  Val Loss: 2.216 | Val Acc: 33.67  |  Test Loss: 2.117 | Tes Acc: 33.67

INFO >> Epoch: 6  |  Layer:  1  |  Train Loss: 1.556 | Train Acc: 38.78  |  Val Loss: 1.626 | Val Acc: 30.61  |  Test Loss: 1.936 | Tes Acc: 25.00
INFO >> Epoch: 6  |  Layer:  2  |  Train Loss: 1.213 | Train Acc: 52.04  |  Val Loss: 1.774 | Val Acc: 30.61  |  Test Loss: 2.051 | Tes Acc: 27.55
INFO >> Epoch: 6  |  Layer:  3  |  Train Loss: 1.163 | Train Acc: 57.82  |  Val Loss: 1.623 | Val Acc: 37.76  |  Test Loss: 1.876 | Tes Acc: 23.98
INFO >> Epoch: 6  |  Layer:  4  |  Train Loss: 1.158 | Train Acc: 56.80  |  Val Loss: 1.724 | Val Acc: 31.63  |  Test Loss: 1.977 | Tes Acc: 28.57
INFO >> Epoch: 6  |  Layer:  5  |  Train Loss: 1.211 | Train Acc: 50.00  |  Val Loss: 1.477 | Val Acc: 41.84  |  Test Loss: 1.863 | Tes Acc: 30.10
INFO >> Epoch: 6  |  Layer:  6  |  Train Loss: 1.198 | Train Acc: 55.44  |  Val Loss: 1.556 | Val Acc: 45.92  |  Test Loss: 1.855 | Tes Acc: 26.53
INFO >> Epoch: 6  |  Layer:  7  |  Train Loss: 1.115 | Train Acc: 59.18  |  Val Loss: 1.362 | Val Acc: 32.65  |  Test Loss: 1.771 | Tes Acc: 27.04
INFO >> Epoch: 6  |  Layer:  8  |  Train Loss: 1.254 | Train Acc: 54.76  |  Val Loss: 1.429 | Val Acc: 34.69  |  Test Loss: 1.926 | Tes Acc: 30.10
INFO >> Epoch: 6  |  Layer:  9  |  Train Loss: 1.158 | Train Acc: 58.84  |  Val Loss: 1.335 | Val Acc: 58.16  |  Test Loss: 1.796 | Tes Acc: 31.63
INFO >> Epoch: 6  |  Layer: 10  |  Train Loss: 1.181 | Train Acc: 52.04  |  Val Loss: 1.229 | Val Acc: 50.00  |  Test Loss: 1.670 | Tes Acc: 33.16
INFO >> Epoch: 6  |  Layer: 11  |  Train Loss: 1.049 | Train Acc: 63.95  |  Val Loss: 1.151 | Val Acc: 57.14  |  Test Loss: 1.484 | Tes Acc: 46.94
INFO >> Epoch: 6  |  Layer: 12  |  Train Loss: 1.065 | Train Acc: 60.20  |  Val Loss: 1.134 | Val Acc: 56.12  |  Test Loss: 1.504 | Tes Acc: 42.35
INFO >> Epoch: 6  |  Layer: 13  |  Train Loss: 1.198 | Train Acc: 54.42  |  Val Loss: 1.204 | Val Acc: 56.12  |  Test Loss: 1.607 | Tes Acc: 37.24
INFO >> Epoch: 6  |  Layer: 14  |  Train Loss: 1.356 | Train Acc: 49.66  |  Val Loss: 1.259 | Val Acc: 46.94  |  Test Loss: 1.644 | Tes Acc: 37.76
INFO >> Epoch: 6  |  Layer: 15  |  Train Loss: 1.395 | Train Acc: 47.28  |  Val Loss: 1.250 | Val Acc: 50.00  |  Test Loss: 1.593 | Tes Acc: 40.82
INFO >> Epoch: 6  |  Layer: 16  |  Train Loss: 1.507 | Train Acc: 39.80  |  Val Loss: 1.373 | Val Acc: 48.98  |  Test Loss: 1.727 | Tes Acc: 29.59
INFO >> Epoch: 6  |  Layer: 17  |  Train Loss: 1.527 | Train Acc: 44.22  |  Val Loss: 1.461 | Val Acc: 39.80  |  Test Loss: 1.738 | Tes Acc: 26.02
INFO >> Epoch: 6  |  Layer: 18  |  Train Loss: 1.456 | Train Acc: 44.90  |  Val Loss: 1.523 | Val Acc: 36.73  |  Test Loss: 1.733 | Tes Acc: 31.12
INFO >> Epoch: 6  |  Layer: 19  |  Train Loss: 1.458 | Train Acc: 47.96  |  Val Loss: 1.313 | Val Acc: 48.98  |  Test Loss: 1.724 | Tes Acc: 35.20
INFO >> Epoch: 6  |  Layer: 20  |  Train Loss: 1.383 | Train Acc: 44.90  |  Val Loss: 1.371 | Val Acc: 47.96  |  Test Loss: 1.740 | Tes Acc: 27.55
INFO >> Epoch: 6  |  Layer: 21  |  Train Loss: 1.422 | Train Acc: 47.28  |  Val Loss: 1.322 | Val Acc: 53.06  |  Test Loss: 1.645 | Tes Acc: 35.71
INFO >> Epoch: 6  |  Layer: 22  |  Train Loss: 1.626 | Train Acc: 43.20  |  Val Loss: 1.625 | Val Acc: 34.69  |  Test Loss: 1.741 | Tes Acc: 32.14
INFO >> Epoch: 6  |  Layer: 23  |  Train Loss: 1.358 | Train Acc: 51.70  |  Val Loss: 1.237 | Val Acc: 51.02  |  Test Loss: 2.018 | Tes Acc: 23.47
INFO >> Epoch: 6  |  Layer: 24  |  Train Loss: 1.358 | Train Acc: 51.36  |  Val Loss: 1.933 | Val Acc: 37.76  |  Test Loss: 2.398 | Tes Acc: 27.04

INFO >> Epoch: 7  |  Layer:  1  |  Train Loss: 1.455 | Train Acc: 47.28  |  Val Loss: 1.636 | Val Acc: 39.80  |  Test Loss: 1.978 | Tes Acc: 19.39
INFO >> Epoch: 7  |  Layer:  2  |  Train Loss: 1.089 | Train Acc: 62.93  |  Val Loss: 1.768 | Val Acc: 23.47  |  Test Loss: 1.931 | Tes Acc: 26.53
INFO >> Epoch: 7  |  Layer:  3  |  Train Loss: 1.005 | Train Acc: 68.71  |  Val Loss: 1.636 | Val Acc: 34.69  |  Test Loss: 1.770 | Tes Acc: 30.61
INFO >> Epoch: 7  |  Layer:  4  |  Train Loss: 1.031 | Train Acc: 65.99  |  Val Loss: 1.598 | Val Acc: 35.71  |  Test Loss: 1.832 | Tes Acc: 32.14
INFO >> Epoch: 7  |  Layer:  5  |  Train Loss: 1.068 | Train Acc: 66.67  |  Val Loss: 1.547 | Val Acc: 44.90  |  Test Loss: 1.759 | Tes Acc: 31.63
INFO >> Epoch: 7  |  Layer:  6  |  Train Loss: 1.055 | Train Acc: 64.97  |  Val Loss: 1.565 | Val Acc: 40.82  |  Test Loss: 1.768 | Tes Acc: 35.71
INFO >> Epoch: 7  |  Layer:  7  |  Train Loss: 0.990 | Train Acc: 71.77  |  Val Loss: 1.428 | Val Acc: 38.78  |  Test Loss: 1.780 | Tes Acc: 37.76
INFO >> Epoch: 7  |  Layer:  8  |  Train Loss: 1.135 | Train Acc: 60.88  |  Val Loss: 1.470 | Val Acc: 40.82  |  Test Loss: 1.873 | Tes Acc: 30.61
INFO >> Epoch: 7  |  Layer:  9  |  Train Loss: 1.043 | Train Acc: 62.59  |  Val Loss: 1.472 | Val Acc: 40.82  |  Test Loss: 1.812 | Tes Acc: 33.67
INFO >> Epoch: 7  |  Layer: 10  |  Train Loss: 0.991 | Train Acc: 68.37  |  Val Loss: 1.212 | Val Acc: 46.94  |  Test Loss: 1.758 | Tes Acc: 43.88
INFO >> Epoch: 7  |  Layer: 11  |  Train Loss: 0.926 | Train Acc: 69.73  |  Val Loss: 1.147 | Val Acc: 57.14  |  Test Loss: 1.580 | Tes Acc: 45.92
INFO >> Epoch: 7  |  Layer: 12  |  Train Loss: 0.933 | Train Acc: 71.09  |  Val Loss: 1.182 | Val Acc: 48.98  |  Test Loss: 1.602 | Tes Acc: 47.96
INFO >> Epoch: 7  |  Layer: 13  |  Train Loss: 1.045 | Train Acc: 62.24  |  Val Loss: 1.183 | Val Acc: 45.92  |  Test Loss: 1.508 | Tes Acc: 45.41
INFO >> Epoch: 7  |  Layer: 14  |  Train Loss: 1.246 | Train Acc: 58.84  |  Val Loss: 1.193 | Val Acc: 53.06  |  Test Loss: 1.643 | Tes Acc: 37.76
INFO >> Epoch: 7  |  Layer: 15  |  Train Loss: 1.263 | Train Acc: 51.36  |  Val Loss: 1.161 | Val Acc: 52.04  |  Test Loss: 1.589 | Tes Acc: 39.29
INFO >> Epoch: 7  |  Layer: 16  |  Train Loss: 1.388 | Train Acc: 48.98  |  Val Loss: 1.290 | Val Acc: 47.96  |  Test Loss: 1.722 | Tes Acc: 34.69
INFO >> Epoch: 7  |  Layer: 17  |  Train Loss: 1.419 | Train Acc: 50.34  |  Val Loss: 1.262 | Val Acc: 39.80  |  Test Loss: 1.716 | Tes Acc: 31.12
INFO >> Epoch: 7  |  Layer: 18  |  Train Loss: 1.336 | Train Acc: 54.08  |  Val Loss: 1.319 | Val Acc: 30.61  |  Test Loss: 1.696 | Tes Acc: 29.08
INFO >> Epoch: 7  |  Layer: 19  |  Train Loss: 1.303 | Train Acc: 52.38  |  Val Loss: 1.262 | Val Acc: 47.96  |  Test Loss: 1.699 | Tes Acc: 35.20
INFO >> Epoch: 7  |  Layer: 20  |  Train Loss: 1.199 | Train Acc: 61.22  |  Val Loss: 1.282 | Val Acc: 41.84  |  Test Loss: 1.697 | Tes Acc: 37.76
INFO >> Epoch: 7  |  Layer: 21  |  Train Loss: 1.247 | Train Acc: 55.44  |  Val Loss: 1.231 | Val Acc: 30.61  |  Test Loss: 1.695 | Tes Acc: 32.65
INFO >> Epoch: 7  |  Layer: 22  |  Train Loss: 1.569 | Train Acc: 46.60  |  Val Loss: 1.465 | Val Acc: 45.92  |  Test Loss: 1.683 | Tes Acc: 27.55
INFO >> Epoch: 7  |  Layer: 23  |  Train Loss: 1.199 | Train Acc: 56.12  |  Val Loss: 1.295 | Val Acc: 41.84  |  Test Loss: 1.765 | Tes Acc: 33.16
INFO >> Epoch: 7  |  Layer: 24  |  Train Loss: 1.305 | Train Acc: 52.04  |  Val Loss: 1.518 | Val Acc: 39.80  |  Test Loss: 2.131 | Tes Acc: 34.18

INFO >> Epoch: 8  |  Layer:  1  |  Train Loss: 1.419 | Train Acc: 44.56  |  Val Loss: 1.855 | Val Acc: 28.57  |  Test Loss: 1.982 | Tes Acc: 17.86
INFO >> Epoch: 8  |  Layer:  2  |  Train Loss: 1.046 | Train Acc: 62.93  |  Val Loss: 1.917 | Val Acc: 27.55  |  Test Loss: 1.990 | Tes Acc: 21.94
INFO >> Epoch: 8  |  Layer:  3  |  Train Loss: 0.938 | Train Acc: 69.39  |  Val Loss: 1.841 | Val Acc: 25.51  |  Test Loss: 1.958 | Tes Acc: 26.53
INFO >> Epoch: 8  |  Layer:  4  |  Train Loss: 0.961 | Train Acc: 68.03  |  Val Loss: 1.852 | Val Acc: 36.73  |  Test Loss: 1.979 | Tes Acc: 26.02
INFO >> Epoch: 8  |  Layer:  5  |  Train Loss: 0.981 | Train Acc: 70.07  |  Val Loss: 1.737 | Val Acc: 35.71  |  Test Loss: 1.885 | Tes Acc: 31.12
INFO >> Epoch: 8  |  Layer:  6  |  Train Loss: 0.949 | Train Acc: 73.13  |  Val Loss: 1.814 | Val Acc: 31.63  |  Test Loss: 1.834 | Tes Acc: 32.65
INFO >> Epoch: 8  |  Layer:  7  |  Train Loss: 0.901 | Train Acc: 74.83  |  Val Loss: 1.422 | Val Acc: 38.78  |  Test Loss: 1.652 | Tes Acc: 34.18
INFO >> Epoch: 8  |  Layer:  8  |  Train Loss: 1.009 | Train Acc: 68.71  |  Val Loss: 1.321 | Val Acc: 36.73  |  Test Loss: 1.735 | Tes Acc: 31.63
INFO >> Epoch: 8  |  Layer:  9  |  Train Loss: 0.941 | Train Acc: 67.35  |  Val Loss: 1.390 | Val Acc: 41.84  |  Test Loss: 1.610 | Tes Acc: 34.69
INFO >> Epoch: 8  |  Layer: 10  |  Train Loss: 0.879 | Train Acc: 71.43  |  Val Loss: 1.183 | Val Acc: 41.84  |  Test Loss: 1.593 | Tes Acc: 38.78
INFO >> Epoch: 8  |  Layer: 11  |  Train Loss: 0.844 | Train Acc: 72.45  |  Val Loss: 1.103 | Val Acc: 56.12  |  Test Loss: 1.460 | Tes Acc: 38.78
INFO >> Epoch: 8  |  Layer: 12  |  Train Loss: 0.876 | Train Acc: 68.37  |  Val Loss: 0.920 | Val Acc: 64.29  |  Test Loss: 1.344 | Tes Acc: 40.82
INFO >> Epoch: 8  |  Layer: 13  |  Train Loss: 0.941 | Train Acc: 69.05  |  Val Loss: 0.980 | Val Acc: 54.08  |  Test Loss: 1.452 | Tes Acc: 39.29
INFO >> Epoch: 8  |  Layer: 14  |  Train Loss: 1.229 | Train Acc: 55.10  |  Val Loss: 1.139 | Val Acc: 60.20  |  Test Loss: 1.552 | Tes Acc: 36.73
INFO >> Epoch: 8  |  Layer: 15  |  Train Loss: 1.232 | Train Acc: 53.40  |  Val Loss: 1.163 | Val Acc: 53.06  |  Test Loss: 1.496 | Tes Acc: 38.27
INFO >> Epoch: 8  |  Layer: 16  |  Train Loss: 1.329 | Train Acc: 50.34  |  Val Loss: 1.280 | Val Acc: 52.04  |  Test Loss: 1.691 | Tes Acc: 31.63
INFO >> Epoch: 8  |  Layer: 17  |  Train Loss: 1.394 | Train Acc: 50.00  |  Val Loss: 1.297 | Val Acc: 51.02  |  Test Loss: 1.652 | Tes Acc: 27.55
INFO >> Epoch: 8  |  Layer: 18  |  Train Loss: 1.292 | Train Acc: 57.82  |  Val Loss: 1.303 | Val Acc: 52.04  |  Test Loss: 1.605 | Tes Acc: 28.57
INFO >> Epoch: 8  |  Layer: 19  |  Train Loss: 1.238 | Train Acc: 55.10  |  Val Loss: 1.151 | Val Acc: 53.06  |  Test Loss: 1.625 | Tes Acc: 32.65
INFO >> Epoch: 8  |  Layer: 20  |  Train Loss: 1.255 | Train Acc: 57.82  |  Val Loss: 1.257 | Val Acc: 47.96  |  Test Loss: 1.568 | Tes Acc: 41.33
INFO >> Epoch: 8  |  Layer: 21  |  Train Loss: 1.225 | Train Acc: 61.22  |  Val Loss: 1.310 | Val Acc: 41.84  |  Test Loss: 1.623 | Tes Acc: 28.57
INFO >> Epoch: 8  |  Layer: 22  |  Train Loss: 1.513 | Train Acc: 46.60  |  Val Loss: 1.655 | Val Acc: 41.84  |  Test Loss: 1.831 | Tes Acc: 18.88
INFO >> Epoch: 8  |  Layer: 23  |  Train Loss: 1.221 | Train Acc: 55.10  |  Val Loss: 1.601 | Val Acc: 37.76  |  Test Loss: 1.862 | Tes Acc: 35.20
INFO >> Epoch: 8  |  Layer: 24  |  Train Loss: 1.150 | Train Acc: 58.84  |  Val Loss: 2.961 | Val Acc: 27.55  |  Test Loss: 2.357 | Tes Acc: 32.65

INFO >> Epoch: 9  |  Layer:  1  |  Train Loss: 1.337 | Train Acc: 46.60  |  Val Loss: 1.605 | Val Acc: 27.55  |  Test Loss: 1.962 | Tes Acc: 35.20
INFO >> Epoch: 9  |  Layer:  2  |  Train Loss: 0.948 | Train Acc: 65.99  |  Val Loss: 1.757 | Val Acc: 33.67  |  Test Loss: 1.886 | Tes Acc: 32.14
INFO >> Epoch: 9  |  Layer:  3  |  Train Loss: 0.791 | Train Acc: 77.55  |  Val Loss: 1.500 | Val Acc: 43.88  |  Test Loss: 1.819 | Tes Acc: 31.12
INFO >> Epoch: 9  |  Layer:  4  |  Train Loss: 0.846 | Train Acc: 74.15  |  Val Loss: 1.653 | Val Acc: 38.78  |  Test Loss: 1.979 | Tes Acc: 30.10
INFO >> Epoch: 9  |  Layer:  5  |  Train Loss: 0.886 | Train Acc: 69.05  |  Val Loss: 1.537 | Val Acc: 41.84  |  Test Loss: 1.816 | Tes Acc: 31.12
INFO >> Epoch: 9  |  Layer:  6  |  Train Loss: 0.850 | Train Acc: 71.43  |  Val Loss: 1.591 | Val Acc: 36.73  |  Test Loss: 1.824 | Tes Acc: 36.73
INFO >> Epoch: 9  |  Layer:  7  |  Train Loss: 0.785 | Train Acc: 78.23  |  Val Loss: 1.280 | Val Acc: 44.90  |  Test Loss: 1.781 | Tes Acc: 37.76
INFO >> Epoch: 9  |  Layer:  8  |  Train Loss: 0.879 | Train Acc: 73.47  |  Val Loss: 1.295 | Val Acc: 47.96  |  Test Loss: 1.845 | Tes Acc: 36.22
INFO >> Epoch: 9  |  Layer:  9  |  Train Loss: 0.878 | Train Acc: 70.07  |  Val Loss: 1.294 | Val Acc: 47.96  |  Test Loss: 1.640 | Tes Acc: 37.24
INFO >> Epoch: 9  |  Layer: 10  |  Train Loss: 0.805 | Train Acc: 73.81  |  Val Loss: 1.136 | Val Acc: 47.96  |  Test Loss: 1.570 | Tes Acc: 41.84
INFO >> Epoch: 9  |  Layer: 11  |  Train Loss: 0.757 | Train Acc: 75.17  |  Val Loss: 1.070 | Val Acc: 54.08  |  Test Loss: 1.482 | Tes Acc: 47.45
INFO >> Epoch: 9  |  Layer: 12  |  Train Loss: 0.769 | Train Acc: 76.19  |  Val Loss: 1.156 | Val Acc: 47.96  |  Test Loss: 1.514 | Tes Acc: 43.88
INFO >> Epoch: 9  |  Layer: 13  |  Train Loss: 0.881 | Train Acc: 70.75  |  Val Loss: 1.070 | Val Acc: 57.14  |  Test Loss: 1.334 | Tes Acc: 44.90
INFO >> Epoch: 9  |  Layer: 14  |  Train Loss: 1.106 | Train Acc: 57.14  |  Val Loss: 1.195 | Val Acc: 43.88  |  Test Loss: 1.582 | Tes Acc: 39.29
INFO >> Epoch: 9  |  Layer: 15  |  Train Loss: 1.228 | Train Acc: 53.40  |  Val Loss: 1.508 | Val Acc: 39.80  |  Test Loss: 1.591 | Tes Acc: 47.45
INFO >> Epoch: 9  |  Layer: 16  |  Train Loss: 1.270 | Train Acc: 51.70  |  Val Loss: 1.318 | Val Acc: 41.84  |  Test Loss: 1.653 | Tes Acc: 41.84
INFO >> Epoch: 9  |  Layer: 17  |  Train Loss: 1.317 | Train Acc: 51.36  |  Val Loss: 1.458 | Val Acc: 34.69  |  Test Loss: 1.722 | Tes Acc: 35.20
INFO >> Epoch: 9  |  Layer: 18  |  Train Loss: 1.235 | Train Acc: 55.78  |  Val Loss: 1.394 | Val Acc: 37.76  |  Test Loss: 1.642 | Tes Acc: 38.27
INFO >> Epoch: 9  |  Layer: 19  |  Train Loss: 1.072 | Train Acc: 67.01  |  Val Loss: 1.239 | Val Acc: 52.04  |  Test Loss: 1.800 | Tes Acc: 29.08
INFO >> Epoch: 9  |  Layer: 20  |  Train Loss: 1.043 | Train Acc: 65.65  |  Val Loss: 1.594 | Val Acc: 36.73  |  Test Loss: 1.930 | Tes Acc: 32.65
INFO >> Epoch: 9  |  Layer: 21  |  Train Loss: 1.087 | Train Acc: 65.65  |  Val Loss: 1.225 | Val Acc: 47.96  |  Test Loss: 1.765 | Tes Acc: 29.59
INFO >> Epoch: 9  |  Layer: 22  |  Train Loss: 1.465 | Train Acc: 47.28  |  Val Loss: 1.507 | Val Acc: 37.76  |  Test Loss: 1.818 | Tes Acc: 34.69
INFO >> Epoch: 9  |  Layer: 23  |  Train Loss: 1.018 | Train Acc: 64.97  |  Val Loss: 1.208 | Val Acc: 46.94  |  Test Loss: 2.289 | Tes Acc: 34.18
INFO >> Epoch: 9  |  Layer: 24  |  Train Loss: 1.377 | Train Acc: 51.70  |  Val Loss: 1.809 | Val Acc: 39.80  |  Test Loss: 2.234 | Tes Acc: 31.12

INFO >> Epoch: 10  |  Layer:  1  |  Train Loss: 1.365 | Train Acc: 53.06  |  Val Loss: 1.801 | Val Acc: 23.47  |  Test Loss: 2.125 | Tes Acc: 23.47
INFO >> Epoch: 10  |  Layer:  2  |  Train Loss: 1.000 | Train Acc: 72.11  |  Val Loss: 2.498 | Val Acc: 16.33  |  Test Loss: 2.463 | Tes Acc: 20.92
INFO >> Epoch: 10  |  Layer:  3  |  Train Loss: 0.808 | Train Acc: 77.55  |  Val Loss: 2.000 | Val Acc: 29.59  |  Test Loss: 2.044 | Tes Acc: 26.02
INFO >> Epoch: 10  |  Layer:  4  |  Train Loss: 0.868 | Train Acc: 73.13  |  Val Loss: 2.030 | Val Acc: 36.73  |  Test Loss: 2.150 | Tes Acc: 30.61
INFO >> Epoch: 10  |  Layer:  5  |  Train Loss: 0.894 | Train Acc: 74.49  |  Val Loss: 1.984 | Val Acc: 39.80  |  Test Loss: 2.062 | Tes Acc: 30.61
INFO >> Epoch: 10  |  Layer:  6  |  Train Loss: 0.809 | Train Acc: 76.87  |  Val Loss: 1.732 | Val Acc: 55.10  |  Test Loss: 1.948 | Tes Acc: 30.10
INFO >> Epoch: 10  |  Layer:  7  |  Train Loss: 0.784 | Train Acc: 80.95  |  Val Loss: 1.453 | Val Acc: 48.98  |  Test Loss: 1.809 | Tes Acc: 33.16
INFO >> Epoch: 10  |  Layer:  8  |  Train Loss: 0.889 | Train Acc: 73.47  |  Val Loss: 1.478 | Val Acc: 48.98  |  Test Loss: 1.825 | Tes Acc: 36.73
INFO >> Epoch: 10  |  Layer:  9  |  Train Loss: 0.871 | Train Acc: 73.81  |  Val Loss: 1.743 | Val Acc: 46.94  |  Test Loss: 1.871 | Tes Acc: 35.20
INFO >> Epoch: 10  |  Layer: 10  |  Train Loss: 0.776 | Train Acc: 77.55  |  Val Loss: 1.419 | Val Acc: 42.86  |  Test Loss: 1.826 | Tes Acc: 39.80
INFO >> Epoch: 10  |  Layer: 11  |  Train Loss: 0.726 | Train Acc: 82.65  |  Val Loss: 1.333 | Val Acc: 46.94  |  Test Loss: 1.704 | Tes Acc: 43.37
INFO >> Epoch: 10  |  Layer: 12  |  Train Loss: 0.771 | Train Acc: 78.23  |  Val Loss: 1.324 | Val Acc: 50.00  |  Test Loss: 1.701 | Tes Acc: 43.37
INFO >> Epoch: 10  |  Layer: 13  |  Train Loss: 0.837 | Train Acc: 73.81  |  Val Loss: 1.138 | Val Acc: 54.08  |  Test Loss: 1.542 | Tes Acc: 41.84
INFO >> Epoch: 10  |  Layer: 14  |  Train Loss: 1.069 | Train Acc: 68.03  |  Val Loss: 1.288 | Val Acc: 45.92  |  Test Loss: 1.704 | Tes Acc: 41.84
INFO >> Epoch: 10  |  Layer: 15  |  Train Loss: 1.123 | Train Acc: 67.35  |  Val Loss: 1.244 | Val Acc: 47.96  |  Test Loss: 1.663 | Tes Acc: 34.69
INFO >> Epoch: 10  |  Layer: 16  |  Train Loss: 1.228 | Train Acc: 63.27  |  Val Loss: 1.406 | Val Acc: 41.84  |  Test Loss: 1.737 | Tes Acc: 37.24
INFO >> Epoch: 10  |  Layer: 17  |  Train Loss: 1.296 | Train Acc: 61.56  |  Val Loss: 1.474 | Val Acc: 34.69  |  Test Loss: 1.739 | Tes Acc: 32.14
INFO >> Epoch: 10  |  Layer: 18  |  Train Loss: 1.234 | Train Acc: 57.48  |  Val Loss: 1.496 | Val Acc: 37.76  |  Test Loss: 1.807 | Tes Acc: 25.51
INFO >> Epoch: 10  |  Layer: 19  |  Train Loss: 1.119 | Train Acc: 62.59  |  Val Loss: 1.547 | Val Acc: 38.78  |  Test Loss: 1.879 | Tes Acc: 26.53
INFO >> Epoch: 10  |  Layer: 20  |  Train Loss: 1.092 | Train Acc: 64.97  |  Val Loss: 1.760 | Val Acc: 38.78  |  Test Loss: 1.934 | Tes Acc: 30.10
INFO >> Epoch: 10  |  Layer: 21  |  Train Loss: 1.131 | Train Acc: 60.88  |  Val Loss: 1.967 | Val Acc: 29.59  |  Test Loss: 1.928 | Tes Acc: 26.53
INFO >> Epoch: 10  |  Layer: 22  |  Train Loss: 1.427 | Train Acc: 50.00  |  Val Loss: 1.477 | Val Acc: 31.63  |  Test Loss: 1.809 | Tes Acc: 32.65
INFO >> Epoch: 10  |  Layer: 23  |  Train Loss: 1.067 | Train Acc: 61.56  |  Val Loss: 1.368 | Val Acc: 45.92  |  Test Loss: 1.809 | Tes Acc: 33.16
INFO >> Epoch: 10  |  Layer: 24  |  Train Loss: 1.226 | Train Acc: 60.88  |  Val Loss: 2.404 | Val Acc: 35.71  |  Test Loss: 2.196 | Tes Acc: 24.49

INFO >> Epoch: 11  |  Layer:  1  |  Train Loss: 1.252 | Train Acc: 60.20  |  Val Loss: 1.520 | Val Acc: 31.63  |  Test Loss: 2.060 | Tes Acc: 28.06
INFO >> Epoch: 11  |  Layer:  2  |  Train Loss: 0.865 | Train Acc: 72.11  |  Val Loss: 1.651 | Val Acc: 23.47  |  Test Loss: 2.016 | Tes Acc: 30.61
INFO >> Epoch: 11  |  Layer:  3  |  Train Loss: 0.726 | Train Acc: 77.55  |  Val Loss: 1.388 | Val Acc: 27.55  |  Test Loss: 1.914 | Tes Acc: 31.12
INFO >> Epoch: 11  |  Layer:  4  |  Train Loss: 0.801 | Train Acc: 74.15  |  Val Loss: 1.521 | Val Acc: 24.49  |  Test Loss: 1.979 | Tes Acc: 33.67
INFO >> Epoch: 11  |  Layer:  5  |  Train Loss: 0.849 | Train Acc: 70.07  |  Val Loss: 1.433 | Val Acc: 30.61  |  Test Loss: 1.856 | Tes Acc: 34.18
INFO >> Epoch: 11  |  Layer:  6  |  Train Loss: 0.883 | Train Acc: 70.07  |  Val Loss: 1.456 | Val Acc: 32.65  |  Test Loss: 1.885 | Tes Acc: 33.16
INFO >> Epoch: 11  |  Layer:  7  |  Train Loss: 0.852 | Train Acc: 70.41  |  Val Loss: 1.308 | Val Acc: 34.69  |  Test Loss: 1.976 | Tes Acc: 37.24
INFO >> Epoch: 11  |  Layer:  8  |  Train Loss: 0.890 | Train Acc: 70.75  |  Val Loss: 1.307 | Val Acc: 32.65  |  Test Loss: 2.047 | Tes Acc: 32.65
INFO >> Epoch: 11  |  Layer:  9  |  Train Loss: 0.821 | Train Acc: 71.09  |  Val Loss: 1.350 | Val Acc: 39.80  |  Test Loss: 1.972 | Tes Acc: 30.61
INFO >> Epoch: 11  |  Layer: 10  |  Train Loss: 0.737 | Train Acc: 76.53  |  Val Loss: 1.486 | Val Acc: 31.63  |  Test Loss: 2.052 | Tes Acc: 35.20
INFO >> Epoch: 11  |  Layer: 11  |  Train Loss: 0.723 | Train Acc: 77.21  |  Val Loss: 1.507 | Val Acc: 32.65  |  Test Loss: 1.877 | Tes Acc: 35.20
INFO >> Epoch: 11  |  Layer: 12  |  Train Loss: 0.754 | Train Acc: 77.21  |  Val Loss: 1.478 | Val Acc: 32.65  |  Test Loss: 1.593 | Tes Acc: 35.71
INFO >> Epoch: 11  |  Layer: 13  |  Train Loss: 0.936 | Train Acc: 68.37  |  Val Loss: 1.653 | Val Acc: 35.71  |  Test Loss: 1.785 | Tes Acc: 40.82
INFO >> Epoch: 11  |  Layer: 14  |  Train Loss: 1.044 | Train Acc: 66.33  |  Val Loss: 1.506 | Val Acc: 38.78  |  Test Loss: 1.605 | Tes Acc: 44.39
INFO >> Epoch: 11  |  Layer: 15  |  Train Loss: 1.086 | Train Acc: 64.29  |  Val Loss: 1.625 | Val Acc: 30.61  |  Test Loss: 1.609 | Tes Acc: 35.71
INFO >> Epoch: 11  |  Layer: 16  |  Train Loss: 1.268 | Train Acc: 55.44  |  Val Loss: 1.702 | Val Acc: 24.49  |  Test Loss: 1.958 | Tes Acc: 26.02
INFO >> Epoch: 11  |  Layer: 17  |  Train Loss: 1.253 | Train Acc: 56.80  |  Val Loss: 1.327 | Val Acc: 36.73  |  Test Loss: 1.698 | Tes Acc: 33.16
INFO >> Epoch: 11  |  Layer: 18  |  Train Loss: 1.115 | Train Acc: 63.27  |  Val Loss: 1.442 | Val Acc: 34.69  |  Test Loss: 1.709 | Tes Acc: 33.67
INFO >> Epoch: 11  |  Layer: 19  |  Train Loss: 1.133 | Train Acc: 59.52  |  Val Loss: 1.512 | Val Acc: 29.59  |  Test Loss: 1.878 | Tes Acc: 31.12
INFO >> Epoch: 11  |  Layer: 20  |  Train Loss: 1.148 | Train Acc: 58.50  |  Val Loss: 1.569 | Val Acc: 39.80  |  Test Loss: 1.660 | Tes Acc: 35.71
INFO >> Epoch: 11  |  Layer: 21  |  Train Loss: 1.275 | Train Acc: 55.44  |  Val Loss: 1.783 | Val Acc: 24.49  |  Test Loss: 2.090 | Tes Acc: 28.06
INFO >> Epoch: 11  |  Layer: 22  |  Train Loss: 1.513 | Train Acc: 40.14  |  Val Loss: 1.372 | Val Acc: 41.84  |  Test Loss: 1.794 | Tes Acc: 36.73
INFO >> Epoch: 11  |  Layer: 23  |  Train Loss: 0.970 | Train Acc: 63.27  |  Val Loss: 1.080 | Val Acc: 52.04  |  Test Loss: 1.936 | Tes Acc: 33.67
INFO >> Epoch: 11  |  Layer: 24  |  Train Loss: 0.959 | Train Acc: 64.29  |  Val Loss: 1.909 | Val Acc: 31.63  |  Test Loss: 2.159 | Tes Acc: 28.06

INFO >> Epoch: 12  |  Layer:  1  |  Train Loss: 1.230 | Train Acc: 53.40  |  Val Loss: 1.600 | Val Acc: 33.67  |  Test Loss: 1.978 | Tes Acc: 17.35
INFO >> Epoch: 12  |  Layer:  2  |  Train Loss: 0.764 | Train Acc: 76.87  |  Val Loss: 1.654 | Val Acc: 36.73  |  Test Loss: 1.987 | Tes Acc: 27.55
INFO >> Epoch: 12  |  Layer:  3  |  Train Loss: 0.648 | Train Acc: 83.33  |  Val Loss: 1.392 | Val Acc: 43.88  |  Test Loss: 1.856 | Tes Acc: 34.18
INFO >> Epoch: 12  |  Layer:  4  |  Train Loss: 0.728 | Train Acc: 81.29  |  Val Loss: 1.502 | Val Acc: 43.88  |  Test Loss: 1.871 | Tes Acc: 35.71
INFO >> Epoch: 12  |  Layer:  5  |  Train Loss: 0.746 | Train Acc: 80.61  |  Val Loss: 1.408 | Val Acc: 39.80  |  Test Loss: 1.781 | Tes Acc: 35.20
INFO >> Epoch: 12  |  Layer:  6  |  Train Loss: 0.764 | Train Acc: 76.53  |  Val Loss: 1.391 | Val Acc: 37.76  |  Test Loss: 1.904 | Tes Acc: 36.22
INFO >> Epoch: 12  |  Layer:  7  |  Train Loss: 0.755 | Train Acc: 76.87  |  Val Loss: 1.266 | Val Acc: 40.82  |  Test Loss: 1.925 | Tes Acc: 41.33
INFO >> Epoch: 12  |  Layer:  8  |  Train Loss: 0.863 | Train Acc: 72.45  |  Val Loss: 1.224 | Val Acc: 42.86  |  Test Loss: 1.887 | Tes Acc: 42.86
INFO >> Epoch: 12  |  Layer:  9  |  Train Loss: 0.759 | Train Acc: 79.93  |  Val Loss: 1.200 | Val Acc: 45.92  |  Test Loss: 1.784 | Tes Acc: 39.80
INFO >> Epoch: 12  |  Layer: 10  |  Train Loss: 0.712 | Train Acc: 77.21  |  Val Loss: 1.460 | Val Acc: 37.76  |  Test Loss: 1.802 | Tes Acc: 39.80
INFO >> Epoch: 12  |  Layer: 11  |  Train Loss: 0.726 | Train Acc: 76.53  |  Val Loss: 1.290 | Val Acc: 45.92  |  Test Loss: 1.755 | Tes Acc: 44.39
INFO >> Epoch: 12  |  Layer: 12  |  Train Loss: 0.751 | Train Acc: 74.49  |  Val Loss: 1.238 | Val Acc: 43.88  |  Test Loss: 1.648 | Tes Acc: 47.45
INFO >> Epoch: 12  |  Layer: 13  |  Train Loss: 0.880 | Train Acc: 69.73  |  Val Loss: 1.219 | Val Acc: 50.00  |  Test Loss: 1.734 | Tes Acc: 44.90
INFO >> Epoch: 12  |  Layer: 14  |  Train Loss: 1.027 | Train Acc: 64.97  |  Val Loss: 1.047 | Val Acc: 53.06  |  Test Loss: 1.726 | Tes Acc: 38.78
INFO >> Epoch: 12  |  Layer: 15  |  Train Loss: 1.083 | Train Acc: 63.27  |  Val Loss: 1.148 | Val Acc: 44.90  |  Test Loss: 1.696 | Tes Acc: 44.90
INFO >> Epoch: 12  |  Layer: 16  |  Train Loss: 1.268 | Train Acc: 61.90  |  Val Loss: 1.119 | Val Acc: 56.12  |  Test Loss: 1.737 | Tes Acc: 43.37
INFO >> Epoch: 12  |  Layer: 17  |  Train Loss: 1.206 | Train Acc: 61.56  |  Val Loss: 1.081 | Val Acc: 54.08  |  Test Loss: 1.764 | Tes Acc: 35.71
INFO >> Epoch: 12  |  Layer: 18  |  Train Loss: 1.094 | Train Acc: 66.33  |  Val Loss: 1.169 | Val Acc: 46.94  |  Test Loss: 1.824 | Tes Acc: 38.27
INFO >> Epoch: 12  |  Layer: 19  |  Train Loss: 1.096 | Train Acc: 63.95  |  Val Loss: 1.079 | Val Acc: 54.08  |  Test Loss: 1.756 | Tes Acc: 38.27
INFO >> Epoch: 12  |  Layer: 20  |  Train Loss: 1.065 | Train Acc: 61.22  |  Val Loss: 1.150 | Val Acc: 46.94  |  Test Loss: 1.770 | Tes Acc: 38.78
INFO >> Epoch: 12  |  Layer: 21  |  Train Loss: 1.242 | Train Acc: 58.84  |  Val Loss: 1.044 | Val Acc: 59.18  |  Test Loss: 2.113 | Tes Acc: 33.16
INFO >> Epoch: 12  |  Layer: 22  |  Train Loss: 1.451 | Train Acc: 46.94  |  Val Loss: 1.419 | Val Acc: 47.96  |  Test Loss: 1.818 | Tes Acc: 28.57
INFO >> Epoch: 12  |  Layer: 23  |  Train Loss: 0.970 | Train Acc: 70.75  |  Val Loss: 1.232 | Val Acc: 51.02  |  Test Loss: 1.907 | Tes Acc: 36.73
INFO >> Epoch: 12  |  Layer: 24  |  Train Loss: 1.035 | Train Acc: 66.67  |  Val Loss: 1.421 | Val Acc: 53.06  |  Test Loss: 2.470 | Tes Acc: 27.55

INFO >> Epoch: 13  |  Layer:  1  |  Train Loss: 1.152 | Train Acc: 58.16  |  Val Loss: 1.879 | Val Acc: 28.57  |  Test Loss: 2.281 | Tes Acc: 22.96
INFO >> Epoch: 13  |  Layer:  2  |  Train Loss: 0.729 | Train Acc: 75.85  |  Val Loss: 2.109 | Val Acc: 28.57  |  Test Loss: 2.382 | Tes Acc: 27.04
INFO >> Epoch: 13  |  Layer:  3  |  Train Loss: 0.630 | Train Acc: 80.27  |  Val Loss: 1.946 | Val Acc: 26.53  |  Test Loss: 2.235 | Tes Acc: 29.59
INFO >> Epoch: 13  |  Layer:  4  |  Train Loss: 0.664 | Train Acc: 78.91  |  Val Loss: 1.890 | Val Acc: 33.67  |  Test Loss: 2.362 | Tes Acc: 29.08
INFO >> Epoch: 13  |  Layer:  5  |  Train Loss: 0.688 | Train Acc: 79.25  |  Val Loss: 1.847 | Val Acc: 25.51  |  Test Loss: 2.009 | Tes Acc: 31.12
INFO >> Epoch: 13  |  Layer:  6  |  Train Loss: 0.734 | Train Acc: 76.19  |  Val Loss: 2.003 | Val Acc: 27.55  |  Test Loss: 2.159 | Tes Acc: 30.10
INFO >> Epoch: 13  |  Layer:  7  |  Train Loss: 0.823 | Train Acc: 71.77  |  Val Loss: 2.021 | Val Acc: 20.41  |  Test Loss: 2.049 | Tes Acc: 35.20
INFO >> Epoch: 13  |  Layer:  8  |  Train Loss: 0.758 | Train Acc: 75.51  |  Val Loss: 1.627 | Val Acc: 32.65  |  Test Loss: 2.179 | Tes Acc: 33.67
INFO >> Epoch: 13  |  Layer:  9  |  Train Loss: 0.711 | Train Acc: 79.59  |  Val Loss: 1.675 | Val Acc: 27.55  |  Test Loss: 2.140 | Tes Acc: 33.16
INFO >> Epoch: 13  |  Layer: 10  |  Train Loss: 0.582 | Train Acc: 83.33  |  Val Loss: 1.594 | Val Acc: 34.69  |  Test Loss: 1.805 | Tes Acc: 42.86
INFO >> Epoch: 13  |  Layer: 11  |  Train Loss: 0.628 | Train Acc: 80.95  |  Val Loss: 1.572 | Val Acc: 35.71  |  Test Loss: 1.859 | Tes Acc: 42.35
INFO >> Epoch: 13  |  Layer: 12  |  Train Loss: 0.688 | Train Acc: 76.19  |  Val Loss: 1.805 | Val Acc: 29.59  |  Test Loss: 1.744 | Tes Acc: 46.43
INFO >> Epoch: 13  |  Layer: 13  |  Train Loss: 0.853 | Train Acc: 73.13  |  Val Loss: 1.391 | Val Acc: 39.80  |  Test Loss: 1.723 | Tes Acc: 41.33
INFO >> Epoch: 13  |  Layer: 14  |  Train Loss: 1.038 | Train Acc: 64.29  |  Val Loss: 1.475 | Val Acc: 43.88  |  Test Loss: 1.934 | Tes Acc: 39.80
INFO >> Epoch: 13  |  Layer: 15  |  Train Loss: 1.007 | Train Acc: 63.61  |  Val Loss: 1.644 | Val Acc: 29.59  |  Test Loss: 1.839 | Tes Acc: 34.18
INFO >> Epoch: 13  |  Layer: 16  |  Train Loss: 1.121 | Train Acc: 60.20  |  Val Loss: 1.451 | Val Acc: 36.73  |  Test Loss: 1.776 | Tes Acc: 36.73
INFO >> Epoch: 13  |  Layer: 17  |  Train Loss: 1.193 | Train Acc: 57.82  |  Val Loss: 1.438 | Val Acc: 32.65  |  Test Loss: 1.684 | Tes Acc: 36.73
INFO >> Epoch: 13  |  Layer: 18  |  Train Loss: 1.118 | Train Acc: 61.56  |  Val Loss: 1.617 | Val Acc: 39.80  |  Test Loss: 1.800 | Tes Acc: 34.69
INFO >> Epoch: 13  |  Layer: 19  |  Train Loss: 1.036 | Train Acc: 65.31  |  Val Loss: 1.434 | Val Acc: 43.88  |  Test Loss: 1.797 | Tes Acc: 35.71
INFO >> Epoch: 13  |  Layer: 20  |  Train Loss: 1.045 | Train Acc: 64.29  |  Val Loss: 1.652 | Val Acc: 37.76  |  Test Loss: 1.861 | Tes Acc: 39.80
INFO >> Epoch: 13  |  Layer: 21  |  Train Loss: 1.151 | Train Acc: 60.54  |  Val Loss: 1.435 | Val Acc: 43.88  |  Test Loss: 1.636 | Tes Acc: 34.69
INFO >> Epoch: 13  |  Layer: 22  |  Train Loss: 1.397 | Train Acc: 45.58  |  Val Loss: 1.391 | Val Acc: 35.71  |  Test Loss: 1.675 | Tes Acc: 33.67
INFO >> Epoch: 13  |  Layer: 23  |  Train Loss: 0.932 | Train Acc: 61.90  |  Val Loss: 1.647 | Val Acc: 47.96  |  Test Loss: 1.901 | Tes Acc: 34.18
INFO >> Epoch: 13  |  Layer: 24  |  Train Loss: 1.105 | Train Acc: 56.80  |  Val Loss: 2.909 | Val Acc: 28.57  |  Test Loss: 2.649 | Tes Acc: 33.16

INFO >> Epoch: 14  |  Layer:  1  |  Train Loss: 1.285 | Train Acc: 55.44  |  Val Loss: 1.782 | Val Acc: 20.41  |  Test Loss: 2.162 | Tes Acc: 21.43
INFO >> Epoch: 14  |  Layer:  2  |  Train Loss: 0.720 | Train Acc: 81.29  |  Val Loss: 2.266 | Val Acc: 24.49  |  Test Loss: 2.442 | Tes Acc: 25.51
INFO >> Epoch: 14  |  Layer:  3  |  Train Loss: 0.605 | Train Acc: 83.67  |  Val Loss: 2.106 | Val Acc: 30.61  |  Test Loss: 2.447 | Tes Acc: 27.55
INFO >> Epoch: 14  |  Layer:  4  |  Train Loss: 0.697 | Train Acc: 79.25  |  Val Loss: 2.435 | Val Acc: 27.55  |  Test Loss: 2.704 | Tes Acc: 21.94
INFO >> Epoch: 14  |  Layer:  5  |  Train Loss: 0.679 | Train Acc: 82.65  |  Val Loss: 1.892 | Val Acc: 40.82  |  Test Loss: 1.997 | Tes Acc: 28.57
INFO >> Epoch: 14  |  Layer:  6  |  Train Loss: 0.638 | Train Acc: 84.69  |  Val Loss: 1.878 | Val Acc: 26.53  |  Test Loss: 1.911 | Tes Acc: 34.69
INFO >> Epoch: 14  |  Layer:  7  |  Train Loss: 0.739 | Train Acc: 77.55  |  Val Loss: 2.038 | Val Acc: 29.59  |  Test Loss: 2.138 | Tes Acc: 30.10
INFO >> Epoch: 14  |  Layer:  8  |  Train Loss: 0.712 | Train Acc: 79.93  |  Val Loss: 1.977 | Val Acc: 29.59  |  Test Loss: 2.204 | Tes Acc: 26.53
INFO >> Epoch: 14  |  Layer:  9  |  Train Loss: 0.706 | Train Acc: 80.61  |  Val Loss: 1.731 | Val Acc: 32.65  |  Test Loss: 2.029 | Tes Acc: 32.14
INFO >> Epoch: 14  |  Layer: 10  |  Train Loss: 0.581 | Train Acc: 84.01  |  Val Loss: 1.480 | Val Acc: 44.90  |  Test Loss: 1.647 | Tes Acc: 38.78
INFO >> Epoch: 14  |  Layer: 11  |  Train Loss: 0.580 | Train Acc: 83.67  |  Val Loss: 1.329 | Val Acc: 50.00  |  Test Loss: 1.690 | Tes Acc: 34.69
INFO >> Epoch: 14  |  Layer: 12  |  Train Loss: 0.683 | Train Acc: 79.93  |  Val Loss: 1.399 | Val Acc: 44.90  |  Test Loss: 1.486 | Tes Acc: 42.86
INFO >> Epoch: 14  |  Layer: 13  |  Train Loss: 0.721 | Train Acc: 74.15  |  Val Loss: 1.158 | Val Acc: 50.00  |  Test Loss: 1.654 | Tes Acc: 40.82
INFO >> Epoch: 14  |  Layer: 14  |  Train Loss: 0.926 | Train Acc: 71.77  |  Val Loss: 0.950 | Val Acc: 59.18  |  Test Loss: 1.495 | Tes Acc: 39.29
INFO >> Epoch: 14  |  Layer: 15  |  Train Loss: 0.953 | Train Acc: 68.37  |  Val Loss: 1.214 | Val Acc: 38.78  |  Test Loss: 1.580 | Tes Acc: 35.20
INFO >> Epoch: 14  |  Layer: 16  |  Train Loss: 1.145 | Train Acc: 62.24  |  Val Loss: 1.159 | Val Acc: 39.80  |  Test Loss: 1.662 | Tes Acc: 36.22
INFO >> Epoch: 14  |  Layer: 17  |  Train Loss: 1.125 | Train Acc: 58.84  |  Val Loss: 1.364 | Val Acc: 45.92  |  Test Loss: 1.750 | Tes Acc: 22.45
INFO >> Epoch: 14  |  Layer: 18  |  Train Loss: 1.046 | Train Acc: 67.35  |  Val Loss: 1.513 | Val Acc: 40.82  |  Test Loss: 1.729 | Tes Acc: 30.10
INFO >> Epoch: 14  |  Layer: 19  |  Train Loss: 0.960 | Train Acc: 65.65  |  Val Loss: 1.618 | Val Acc: 38.78  |  Test Loss: 2.003 | Tes Acc: 28.57
INFO >> Epoch: 14  |  Layer: 20  |  Train Loss: 0.933 | Train Acc: 68.37  |  Val Loss: 1.523 | Val Acc: 40.82  |  Test Loss: 1.989 | Tes Acc: 30.61
INFO >> Epoch: 14  |  Layer: 21  |  Train Loss: 0.951 | Train Acc: 72.11  |  Val Loss: 1.467 | Val Acc: 38.78  |  Test Loss: 1.936 | Tes Acc: 24.49
INFO >> Epoch: 14  |  Layer: 22  |  Train Loss: 1.292 | Train Acc: 52.72  |  Val Loss: 1.361 | Val Acc: 50.00  |  Test Loss: 1.602 | Tes Acc: 31.12
INFO >> Epoch: 14  |  Layer: 23  |  Train Loss: 0.911 | Train Acc: 68.71  |  Val Loss: 1.393 | Val Acc: 35.71  |  Test Loss: 2.513 | Tes Acc: 27.55
INFO >> Epoch: 14  |  Layer: 24  |  Train Loss: 1.376 | Train Acc: 52.04  |  Val Loss: 1.994 | Val Acc: 41.84  |  Test Loss: 2.359 | Tes Acc: 30.10

INFO >> Epoch: 15  |  Layer:  1  |  Train Loss: 1.135 | Train Acc: 56.80  |  Val Loss: 1.746 | Val Acc: 22.45  |  Test Loss: 2.085 | Tes Acc: 26.02
INFO >> Epoch: 15  |  Layer:  2  |  Train Loss: 0.666 | Train Acc: 73.13  |  Val Loss: 2.274 | Val Acc: 38.78  |  Test Loss: 2.344 | Tes Acc: 24.49
INFO >> Epoch: 15  |  Layer:  3  |  Train Loss: 0.602 | Train Acc: 76.19  |  Val Loss: 1.984 | Val Acc: 40.82  |  Test Loss: 2.168 | Tes Acc: 29.59
INFO >> Epoch: 15  |  Layer:  4  |  Train Loss: 0.693 | Train Acc: 72.79  |  Val Loss: 2.086 | Val Acc: 46.94  |  Test Loss: 2.355 | Tes Acc: 29.59
INFO >> Epoch: 15  |  Layer:  5  |  Train Loss: 0.680 | Train Acc: 74.49  |  Val Loss: 1.927 | Val Acc: 41.84  |  Test Loss: 1.933 | Tes Acc: 34.18
INFO >> Epoch: 15  |  Layer:  6  |  Train Loss: 0.570 | Train Acc: 83.67  |  Val Loss: 1.804 | Val Acc: 41.84  |  Test Loss: 1.848 | Tes Acc: 36.22
INFO >> Epoch: 15  |  Layer:  7  |  Train Loss: 0.708 | Train Acc: 74.49  |  Val Loss: 1.711 | Val Acc: 41.84  |  Test Loss: 1.829 | Tes Acc: 38.27
INFO >> Epoch: 15  |  Layer:  8  |  Train Loss: 0.668 | Train Acc: 76.87  |  Val Loss: 1.411 | Val Acc: 39.80  |  Test Loss: 1.704 | Tes Acc: 37.24
INFO >> Epoch: 15  |  Layer:  9  |  Train Loss: 0.689 | Train Acc: 72.11  |  Val Loss: 1.586 | Val Acc: 39.80  |  Test Loss: 1.550 | Tes Acc: 41.84
INFO >> Epoch: 15  |  Layer: 10  |  Train Loss: 0.556 | Train Acc: 78.91  |  Val Loss: 1.259 | Val Acc: 47.96  |  Test Loss: 1.472 | Tes Acc: 46.43
INFO >> Epoch: 15  |  Layer: 11  |  Train Loss: 0.525 | Train Acc: 84.35  |  Val Loss: 1.348 | Val Acc: 53.06  |  Test Loss: 1.456 | Tes Acc: 47.45
INFO >> Epoch: 15  |  Layer: 12  |  Train Loss: 0.602 | Train Acc: 80.27  |  Val Loss: 1.105 | Val Acc: 55.10  |  Test Loss: 1.387 | Tes Acc: 52.55
INFO >> Epoch: 15  |  Layer: 13  |  Train Loss: 0.633 | Train Acc: 77.89  |  Val Loss: 0.906 | Val Acc: 61.22  |  Test Loss: 1.303 | Tes Acc: 52.55
INFO >> Epoch: 15  |  Layer: 14  |  Train Loss: 0.787 | Train Acc: 73.81  |  Val Loss: 1.134 | Val Acc: 50.00  |  Test Loss: 1.406 | Tes Acc: 45.41
INFO >> Epoch: 15  |  Layer: 15  |  Train Loss: 0.816 | Train Acc: 73.13  |  Val Loss: 1.211 | Val Acc: 46.94  |  Test Loss: 1.406 | Tes Acc: 43.88
INFO >> Epoch: 15  |  Layer: 16  |  Train Loss: 1.024 | Train Acc: 61.22  |  Val Loss: 1.339 | Val Acc: 48.98  |  Test Loss: 1.581 | Tes Acc: 38.27
INFO >> Epoch: 15  |  Layer: 17  |  Train Loss: 1.039 | Train Acc: 60.54  |  Val Loss: 1.198 | Val Acc: 53.06  |  Test Loss: 1.518 | Tes Acc: 30.61
INFO >> Epoch: 15  |  Layer: 18  |  Train Loss: 0.975 | Train Acc: 62.59  |  Val Loss: 1.313 | Val Acc: 48.98  |  Test Loss: 1.552 | Tes Acc: 37.76
INFO >> Epoch: 15  |  Layer: 19  |  Train Loss: 0.959 | Train Acc: 63.95  |  Val Loss: 1.236 | Val Acc: 52.04  |  Test Loss: 1.550 | Tes Acc: 38.27
INFO >> Epoch: 15  |  Layer: 20  |  Train Loss: 0.853 | Train Acc: 68.71  |  Val Loss: 1.278 | Val Acc: 52.04  |  Test Loss: 1.538 | Tes Acc: 38.78
INFO >> Epoch: 15  |  Layer: 21  |  Train Loss: 0.887 | Train Acc: 65.31  |  Val Loss: 1.194 | Val Acc: 54.08  |  Test Loss: 1.689 | Tes Acc: 32.14
INFO >> Epoch: 15  |  Layer: 22  |  Train Loss: 1.177 | Train Acc: 57.14  |  Val Loss: 1.331 | Val Acc: 51.02  |  Test Loss: 1.608 | Tes Acc: 32.14
INFO >> Epoch: 15  |  Layer: 23  |  Train Loss: 0.718 | Train Acc: 74.15  |  Val Loss: 1.462 | Val Acc: 44.90  |  Test Loss: 2.038 | Tes Acc: 38.27
INFO >> Epoch: 15  |  Layer: 24  |  Train Loss: 1.039 | Train Acc: 57.14  |  Val Loss: 2.289 | Val Acc: 42.86  |  Test Loss: 2.661 | Tes Acc: 35.71

INFO >> Epoch: 16  |  Layer:  1  |  Train Loss: 1.044 | Train Acc: 67.69  |  Val Loss: 1.590 | Val Acc: 23.47  |  Test Loss: 2.271 | Tes Acc: 21.43
INFO >> Epoch: 16  |  Layer:  2  |  Train Loss: 0.619 | Train Acc: 82.65  |  Val Loss: 2.110 | Val Acc: 20.41  |  Test Loss: 2.444 | Tes Acc: 31.63
INFO >> Epoch: 16  |  Layer:  3  |  Train Loss: 0.518 | Train Acc: 84.69  |  Val Loss: 1.731 | Val Acc: 24.49  |  Test Loss: 2.395 | Tes Acc: 29.08
INFO >> Epoch: 16  |  Layer:  4  |  Train Loss: 0.564 | Train Acc: 80.95  |  Val Loss: 1.872 | Val Acc: 30.61  |  Test Loss: 2.477 | Tes Acc: 32.65
INFO >> Epoch: 16  |  Layer:  5  |  Train Loss: 0.582 | Train Acc: 83.33  |  Val Loss: 1.594 | Val Acc: 37.76  |  Test Loss: 2.156 | Tes Acc: 31.12
INFO >> Epoch: 16  |  Layer:  6  |  Train Loss: 0.526 | Train Acc: 85.37  |  Val Loss: 1.579 | Val Acc: 35.71  |  Test Loss: 2.031 | Tes Acc: 33.67
INFO >> Epoch: 16  |  Layer:  7  |  Train Loss: 0.570 | Train Acc: 82.65  |  Val Loss: 1.373 | Val Acc: 36.73  |  Test Loss: 2.024 | Tes Acc: 33.67
INFO >> Epoch: 16  |  Layer:  8  |  Train Loss: 0.611 | Train Acc: 80.27  |  Val Loss: 1.129 | Val Acc: 48.98  |  Test Loss: 1.897 | Tes Acc: 36.73
INFO >> Epoch: 16  |  Layer:  9  |  Train Loss: 0.580 | Train Acc: 81.97  |  Val Loss: 1.230 | Val Acc: 50.00  |  Test Loss: 1.921 | Tes Acc: 34.69
INFO >> Epoch: 16  |  Layer: 10  |  Train Loss: 0.499 | Train Acc: 84.69  |  Val Loss: 1.323 | Val Acc: 41.84  |  Test Loss: 1.911 | Tes Acc: 42.35
INFO >> Epoch: 16  |  Layer: 11  |  Train Loss: 0.542 | Train Acc: 82.65  |  Val Loss: 1.250 | Val Acc: 38.78  |  Test Loss: 1.704 | Tes Acc: 45.41
INFO >> Epoch: 16  |  Layer: 12  |  Train Loss: 0.570 | Train Acc: 78.91  |  Val Loss: 1.175 | Val Acc: 52.04  |  Test Loss: 1.665 | Tes Acc: 41.33
INFO >> Epoch: 16  |  Layer: 13  |  Train Loss: 0.615 | Train Acc: 78.57  |  Val Loss: 0.919 | Val Acc: 57.14  |  Test Loss: 1.500 | Tes Acc: 39.29
INFO >> Epoch: 16  |  Layer: 14  |  Train Loss: 0.778 | Train Acc: 76.53  |  Val Loss: 1.049 | Val Acc: 56.12  |  Test Loss: 1.635 | Tes Acc: 38.27
INFO >> Epoch: 16  |  Layer: 15  |  Train Loss: 0.842 | Train Acc: 70.75  |  Val Loss: 1.060 | Val Acc: 50.00  |  Test Loss: 1.639 | Tes Acc: 38.78
INFO >> Epoch: 16  |  Layer: 16  |  Train Loss: 0.979 | Train Acc: 69.39  |  Val Loss: 1.164 | Val Acc: 46.94  |  Test Loss: 1.762 | Tes Acc: 34.69
INFO >> Epoch: 16  |  Layer: 17  |  Train Loss: 1.005 | Train Acc: 65.99  |  Val Loss: 1.173 | Val Acc: 54.08  |  Test Loss: 1.672 | Tes Acc: 30.10
INFO >> Epoch: 16  |  Layer: 18  |  Train Loss: 0.908 | Train Acc: 73.13  |  Val Loss: 1.289 | Val Acc: 48.98  |  Test Loss: 1.740 | Tes Acc: 27.55
INFO >> Epoch: 16  |  Layer: 19  |  Train Loss: 0.843 | Train Acc: 69.73  |  Val Loss: 1.030 | Val Acc: 58.16  |  Test Loss: 1.747 | Tes Acc: 31.12
INFO >> Epoch: 16  |  Layer: 20  |  Train Loss: 0.803 | Train Acc: 72.45  |  Val Loss: 1.308 | Val Acc: 47.96  |  Test Loss: 1.735 | Tes Acc: 34.18
INFO >> Epoch: 16  |  Layer: 21  |  Train Loss: 0.816 | Train Acc: 73.47  |  Val Loss: 1.218 | Val Acc: 45.92  |  Test Loss: 1.848 | Tes Acc: 32.65
INFO >> Epoch: 16  |  Layer: 22  |  Train Loss: 1.161 | Train Acc: 61.22  |  Val Loss: 1.263 | Val Acc: 53.06  |  Test Loss: 1.659 | Tes Acc: 33.16
INFO >> Epoch: 16  |  Layer: 23  |  Train Loss: 0.656 | Train Acc: 77.89  |  Val Loss: 1.168 | Val Acc: 54.08  |  Test Loss: 1.990 | Tes Acc: 36.22
INFO >> Epoch: 16  |  Layer: 24  |  Train Loss: 1.012 | Train Acc: 64.97  |  Val Loss: 1.654 | Val Acc: 48.98  |  Test Loss: 2.194 | Tes Acc: 32.65

INFO >> Epoch: 17  |  Layer:  1  |  Train Loss: 0.996 | Train Acc: 65.65  |  Val Loss: 1.537 | Val Acc: 34.69  |  Test Loss: 2.168 | Tes Acc: 16.84
INFO >> Epoch: 17  |  Layer:  2  |  Train Loss: 0.564 | Train Acc: 83.33  |  Val Loss: 1.940 | Val Acc: 33.67  |  Test Loss: 2.302 | Tes Acc: 26.53
INFO >> Epoch: 17  |  Layer:  3  |  Train Loss: 0.458 | Train Acc: 87.41  |  Val Loss: 1.594 | Val Acc: 34.69  |  Test Loss: 2.185 | Tes Acc: 36.73
INFO >> Epoch: 17  |  Layer:  4  |  Train Loss: 0.499 | Train Acc: 85.37  |  Val Loss: 1.701 | Val Acc: 41.84  |  Test Loss: 2.064 | Tes Acc: 34.18
INFO >> Epoch: 17  |  Layer:  5  |  Train Loss: 0.507 | Train Acc: 88.78  |  Val Loss: 1.561 | Val Acc: 38.78  |  Test Loss: 1.922 | Tes Acc: 34.69
INFO >> Epoch: 17  |  Layer:  6  |  Train Loss: 0.476 | Train Acc: 87.41  |  Val Loss: 1.666 | Val Acc: 36.73  |  Test Loss: 1.895 | Tes Acc: 36.22
INFO >> Epoch: 17  |  Layer:  7  |  Train Loss: 0.499 | Train Acc: 87.76  |  Val Loss: 1.434 | Val Acc: 36.73  |  Test Loss: 1.897 | Tes Acc: 41.84
INFO >> Epoch: 17  |  Layer:  8  |  Train Loss: 0.577 | Train Acc: 83.33  |  Val Loss: 1.282 | Val Acc: 42.86  |  Test Loss: 1.911 | Tes Acc: 36.73
INFO >> Epoch: 17  |  Layer:  9  |  Train Loss: 0.506 | Train Acc: 87.76  |  Val Loss: 1.411 | Val Acc: 41.84  |  Test Loss: 1.915 | Tes Acc: 38.27
INFO >> Epoch: 17  |  Layer: 10  |  Train Loss: 0.436 | Train Acc: 89.12  |  Val Loss: 1.318 | Val Acc: 43.88  |  Test Loss: 1.934 | Tes Acc: 45.41
INFO >> Epoch: 17  |  Layer: 11  |  Train Loss: 0.430 | Train Acc: 91.84  |  Val Loss: 1.262 | Val Acc: 45.92  |  Test Loss: 1.682 | Tes Acc: 47.45
INFO >> Epoch: 17  |  Layer: 12  |  Train Loss: 0.458 | Train Acc: 88.78  |  Val Loss: 1.255 | Val Acc: 46.94  |  Test Loss: 1.514 | Tes Acc: 45.41
INFO >> Epoch: 17  |  Layer: 13  |  Train Loss: 0.575 | Train Acc: 81.97  |  Val Loss: 1.040 | Val Acc: 53.06  |  Test Loss: 1.411 | Tes Acc: 44.90
INFO >> Epoch: 17  |  Layer: 14  |  Train Loss: 0.684 | Train Acc: 81.97  |  Val Loss: 1.154 | Val Acc: 60.20  |  Test Loss: 1.484 | Tes Acc: 41.84
INFO >> Epoch: 17  |  Layer: 15  |  Train Loss: 0.725 | Train Acc: 80.61  |  Val Loss: 1.159 | Val Acc: 53.06  |  Test Loss: 1.494 | Tes Acc: 38.78
INFO >> Epoch: 17  |  Layer: 16  |  Train Loss: 0.886 | Train Acc: 78.23  |  Val Loss: 1.110 | Val Acc: 54.08  |  Test Loss: 1.518 | Tes Acc: 41.33
INFO >> Epoch: 17  |  Layer: 17  |  Train Loss: 0.947 | Train Acc: 72.79  |  Val Loss: 1.318 | Val Acc: 50.00  |  Test Loss: 1.680 | Tes Acc: 30.61
INFO >> Epoch: 17  |  Layer: 18  |  Train Loss: 0.800 | Train Acc: 80.95  |  Val Loss: 1.378 | Val Acc: 43.88  |  Test Loss: 1.669 | Tes Acc: 32.65
INFO >> Epoch: 17  |  Layer: 19  |  Train Loss: 0.799 | Train Acc: 75.51  |  Val Loss: 1.197 | Val Acc: 51.02  |  Test Loss: 1.648 | Tes Acc: 36.73
INFO >> Epoch: 17  |  Layer: 20  |  Train Loss: 0.737 | Train Acc: 76.53  |  Val Loss: 1.385 | Val Acc: 50.00  |  Test Loss: 1.718 | Tes Acc: 37.24
INFO >> Epoch: 17  |  Layer: 21  |  Train Loss: 0.830 | Train Acc: 75.51  |  Val Loss: 1.285 | Val Acc: 41.84  |  Test Loss: 1.754 | Tes Acc: 33.16
INFO >> Epoch: 17  |  Layer: 22  |  Train Loss: 1.123 | Train Acc: 62.59  |  Val Loss: 1.347 | Val Acc: 41.84  |  Test Loss: 1.684 | Tes Acc: 32.14
INFO >> Epoch: 17  |  Layer: 23  |  Train Loss: 0.660 | Train Acc: 75.51  |  Val Loss: 1.311 | Val Acc: 45.92  |  Test Loss: 2.010 | Tes Acc: 36.73
INFO >> Epoch: 17  |  Layer: 24  |  Train Loss: 0.729 | Train Acc: 76.87  |  Val Loss: 2.094 | Val Acc: 35.71  |  Test Loss: 2.074 | Tes Acc: 32.14

INFO >> Epoch: 18  |  Layer:  1  |  Train Loss: 0.970 | Train Acc: 69.39  |  Val Loss: 1.520 | Val Acc: 28.57  |  Test Loss: 2.128 | Tes Acc: 23.98
INFO >> Epoch: 18  |  Layer:  2  |  Train Loss: 0.513 | Train Acc: 86.73  |  Val Loss: 1.897 | Val Acc: 27.55  |  Test Loss: 2.376 | Tes Acc: 29.08
INFO >> Epoch: 18  |  Layer:  3  |  Train Loss: 0.415 | Train Acc: 90.48  |  Val Loss: 1.562 | Val Acc: 25.51  |  Test Loss: 2.255 | Tes Acc: 36.22
INFO >> Epoch: 18  |  Layer:  4  |  Train Loss: 0.457 | Train Acc: 87.76  |  Val Loss: 1.681 | Val Acc: 40.82  |  Test Loss: 2.284 | Tes Acc: 34.18
INFO >> Epoch: 18  |  Layer:  5  |  Train Loss: 0.461 | Train Acc: 88.10  |  Val Loss: 1.628 | Val Acc: 31.63  |  Test Loss: 1.947 | Tes Acc: 34.69
INFO >> Epoch: 18  |  Layer:  6  |  Train Loss: 0.450 | Train Acc: 88.10  |  Val Loss: 1.752 | Val Acc: 26.53  |  Test Loss: 1.955 | Tes Acc: 37.24
INFO >> Epoch: 18  |  Layer:  7  |  Train Loss: 0.463 | Train Acc: 87.76  |  Val Loss: 1.500 | Val Acc: 34.69  |  Test Loss: 1.925 | Tes Acc: 34.69
INFO >> Epoch: 18  |  Layer:  8  |  Train Loss: 0.544 | Train Acc: 87.07  |  Val Loss: 1.377 | Val Acc: 33.67  |  Test Loss: 1.988 | Tes Acc: 37.24
INFO >> Epoch: 18  |  Layer:  9  |  Train Loss: 0.475 | Train Acc: 87.76  |  Val Loss: 1.460 | Val Acc: 35.71  |  Test Loss: 1.941 | Tes Acc: 37.24
INFO >> Epoch: 18  |  Layer: 10  |  Train Loss: 0.449 | Train Acc: 89.80  |  Val Loss: 1.358 | Val Acc: 37.76  |  Test Loss: 1.843 | Tes Acc: 41.84
INFO >> Epoch: 18  |  Layer: 11  |  Train Loss: 0.452 | Train Acc: 88.44  |  Val Loss: 1.249 | Val Acc: 40.82  |  Test Loss: 1.653 | Tes Acc: 45.92
INFO >> Epoch: 18  |  Layer: 12  |  Train Loss: 0.464 | Train Acc: 90.48  |  Val Loss: 1.150 | Val Acc: 44.90  |  Test Loss: 1.487 | Tes Acc: 45.92
INFO >> Epoch: 18  |  Layer: 13  |  Train Loss: 0.529 | Train Acc: 87.07  |  Val Loss: 1.143 | Val Acc: 42.86  |  Test Loss: 1.563 | Tes Acc: 46.43
INFO >> Epoch: 18  |  Layer: 14  |  Train Loss: 0.708 | Train Acc: 79.25  |  Val Loss: 1.001 | Val Acc: 57.14  |  Test Loss: 1.575 | Tes Acc: 40.82
INFO >> Epoch: 18  |  Layer: 15  |  Train Loss: 0.736 | Train Acc: 79.59  |  Val Loss: 1.189 | Val Acc: 36.73  |  Test Loss: 1.509 | Tes Acc: 40.31
INFO >> Epoch: 18  |  Layer: 16  |  Train Loss: 0.867 | Train Acc: 77.55  |  Val Loss: 1.146 | Val Acc: 53.06  |  Test Loss: 1.643 | Tes Acc: 41.33
INFO >> Epoch: 18  |  Layer: 17  |  Train Loss: 0.948 | Train Acc: 69.73  |  Val Loss: 1.289 | Val Acc: 40.82  |  Test Loss: 1.666 | Tes Acc: 31.12
INFO >> Epoch: 18  |  Layer: 18  |  Train Loss: 0.832 | Train Acc: 74.15  |  Val Loss: 1.305 | Val Acc: 42.86  |  Test Loss: 1.711 | Tes Acc: 33.67
INFO >> Epoch: 18  |  Layer: 19  |  Train Loss: 0.773 | Train Acc: 76.53  |  Val Loss: 1.306 | Val Acc: 48.98  |  Test Loss: 1.707 | Tes Acc: 36.73
INFO >> Epoch: 18  |  Layer: 20  |  Train Loss: 0.707 | Train Acc: 79.59  |  Val Loss: 1.438 | Val Acc: 43.88  |  Test Loss: 1.667 | Tes Acc: 37.24
INFO >> Epoch: 18  |  Layer: 21  |  Train Loss: 0.803 | Train Acc: 72.79  |  Val Loss: 1.328 | Val Acc: 43.88  |  Test Loss: 1.708 | Tes Acc: 37.76
INFO >> Epoch: 18  |  Layer: 22  |  Train Loss: 1.098 | Train Acc: 64.97  |  Val Loss: 1.257 | Val Acc: 51.02  |  Test Loss: 1.652 | Tes Acc: 33.67
INFO >> Epoch: 18  |  Layer: 23  |  Train Loss: 0.535 | Train Acc: 82.99  |  Val Loss: 1.370 | Val Acc: 45.92  |  Test Loss: 2.044 | Tes Acc: 38.78
INFO >> Epoch: 18  |  Layer: 24  |  Train Loss: 0.735 | Train Acc: 76.87  |  Val Loss: 2.093 | Val Acc: 39.80  |  Test Loss: 2.261 | Tes Acc: 36.73

INFO >> Epoch: 19  |  Layer:  1  |  Train Loss: 0.961 | Train Acc: 67.69  |  Val Loss: 1.714 | Val Acc: 26.53  |  Test Loss: 2.435 | Tes Acc: 21.94
INFO >> Epoch: 19  |  Layer:  2  |  Train Loss: 0.480 | Train Acc: 89.12  |  Val Loss: 1.937 | Val Acc: 26.53  |  Test Loss: 2.521 | Tes Acc: 27.55
INFO >> Epoch: 19  |  Layer:  3  |  Train Loss: 0.356 | Train Acc: 93.54  |  Val Loss: 1.576 | Val Acc: 30.61  |  Test Loss: 2.190 | Tes Acc: 34.69
INFO >> Epoch: 19  |  Layer:  4  |  Train Loss: 0.428 | Train Acc: 88.78  |  Val Loss: 1.758 | Val Acc: 36.73  |  Test Loss: 2.317 | Tes Acc: 32.65
INFO >> Epoch: 19  |  Layer:  5  |  Train Loss: 0.436 | Train Acc: 90.82  |  Val Loss: 1.814 | Val Acc: 29.59  |  Test Loss: 2.027 | Tes Acc: 35.71
INFO >> Epoch: 19  |  Layer:  6  |  Train Loss: 0.419 | Train Acc: 89.80  |  Val Loss: 1.916 | Val Acc: 33.67  |  Test Loss: 2.087 | Tes Acc: 36.73
INFO >> Epoch: 19  |  Layer:  7  |  Train Loss: 0.433 | Train Acc: 89.46  |  Val Loss: 1.602 | Val Acc: 38.78  |  Test Loss: 1.987 | Tes Acc: 38.27
INFO >> Epoch: 19  |  Layer:  8  |  Train Loss: 0.519 | Train Acc: 84.01  |  Val Loss: 1.358 | Val Acc: 36.73  |  Test Loss: 2.049 | Tes Acc: 38.27
INFO >> Epoch: 19  |  Layer:  9  |  Train Loss: 0.426 | Train Acc: 91.50  |  Val Loss: 1.517 | Val Acc: 40.82  |  Test Loss: 1.969 | Tes Acc: 40.82
INFO >> Epoch: 19  |  Layer: 10  |  Train Loss: 0.408 | Train Acc: 88.10  |  Val Loss: 1.527 | Val Acc: 41.84  |  Test Loss: 1.793 | Tes Acc: 45.92
INFO >> Epoch: 19  |  Layer: 11  |  Train Loss: 0.429 | Train Acc: 86.73  |  Val Loss: 1.516 | Val Acc: 39.80  |  Test Loss: 1.646 | Tes Acc: 48.98
INFO >> Epoch: 19  |  Layer: 12  |  Train Loss: 0.395 | Train Acc: 90.14  |  Val Loss: 1.594 | Val Acc: 35.71  |  Test Loss: 1.528 | Tes Acc: 47.45
INFO >> Epoch: 19  |  Layer: 13  |  Train Loss: 0.506 | Train Acc: 85.37  |  Val Loss: 1.373 | Val Acc: 40.82  |  Test Loss: 1.545 | Tes Acc: 49.49
INFO >> Epoch: 19  |  Layer: 14  |  Train Loss: 0.667 | Train Acc: 81.29  |  Val Loss: 1.308 | Val Acc: 36.73  |  Test Loss: 1.629 | Tes Acc: 41.33
INFO >> Epoch: 19  |  Layer: 15  |  Train Loss: 0.721 | Train Acc: 76.87  |  Val Loss: 1.661 | Val Acc: 35.71  |  Test Loss: 1.564 | Tes Acc: 40.82
INFO >> Epoch: 19  |  Layer: 16  |  Train Loss: 0.878 | Train Acc: 70.07  |  Val Loss: 1.251 | Val Acc: 42.86  |  Test Loss: 1.639 | Tes Acc: 39.29
INFO >> Epoch: 19  |  Layer: 17  |  Train Loss: 0.904 | Train Acc: 69.39  |  Val Loss: 1.298 | Val Acc: 39.80  |  Test Loss: 1.577 | Tes Acc: 37.76
INFO >> Epoch: 19  |  Layer: 18  |  Train Loss: 0.811 | Train Acc: 75.51  |  Val Loss: 1.321 | Val Acc: 46.94  |  Test Loss: 1.664 | Tes Acc: 37.76
INFO >> Epoch: 19  |  Layer: 19  |  Train Loss: 0.806 | Train Acc: 72.11  |  Val Loss: 1.577 | Val Acc: 45.92  |  Test Loss: 1.648 | Tes Acc: 39.29
INFO >> Epoch: 19  |  Layer: 20  |  Train Loss: 0.726 | Train Acc: 77.89  |  Val Loss: 1.592 | Val Acc: 43.88  |  Test Loss: 1.671 | Tes Acc: 42.35
INFO >> Epoch: 19  |  Layer: 21  |  Train Loss: 0.771 | Train Acc: 73.13  |  Val Loss: 1.672 | Val Acc: 39.80  |  Test Loss: 1.623 | Tes Acc: 41.84
INFO >> Epoch: 19  |  Layer: 22  |  Train Loss: 1.052 | Train Acc: 66.67  |  Val Loss: 1.281 | Val Acc: 53.06  |  Test Loss: 1.574 | Tes Acc: 36.22
INFO >> Epoch: 19  |  Layer: 23  |  Train Loss: 0.542 | Train Acc: 81.29  |  Val Loss: 1.678 | Val Acc: 38.78  |  Test Loss: 1.935 | Tes Acc: 34.18
INFO >> Epoch: 19  |  Layer: 24  |  Train Loss: 0.665 | Train Acc: 76.87  |  Val Loss: 1.989 | Val Acc: 41.84  |  Test Loss: 2.419 | Tes Acc: 31.63

INFO >> Epoch: 20  |  Layer:  1  |  Train Loss: 0.949 | Train Acc: 68.37  |  Val Loss: 1.683 | Val Acc: 26.53  |  Test Loss: 2.168 | Tes Acc: 27.55
INFO >> Epoch: 20  |  Layer:  2  |  Train Loss: 0.445 | Train Acc: 88.10  |  Val Loss: 2.079 | Val Acc: 25.51  |  Test Loss: 2.409 | Tes Acc: 28.06
INFO >> Epoch: 20  |  Layer:  3  |  Train Loss: 0.332 | Train Acc: 92.52  |  Val Loss: 1.779 | Val Acc: 35.71  |  Test Loss: 2.181 | Tes Acc: 33.67
INFO >> Epoch: 20  |  Layer:  4  |  Train Loss: 0.403 | Train Acc: 87.76  |  Val Loss: 2.010 | Val Acc: 35.71  |  Test Loss: 2.243 | Tes Acc: 34.69
INFO >> Epoch: 20  |  Layer:  5  |  Train Loss: 0.419 | Train Acc: 90.82  |  Val Loss: 1.803 | Val Acc: 27.55  |  Test Loss: 1.961 | Tes Acc: 34.69
INFO >> Epoch: 20  |  Layer:  6  |  Train Loss: 0.399 | Train Acc: 90.82  |  Val Loss: 1.870 | Val Acc: 31.63  |  Test Loss: 1.925 | Tes Acc: 36.22
INFO >> Epoch: 20  |  Layer:  7  |  Train Loss: 0.412 | Train Acc: 90.48  |  Val Loss: 1.707 | Val Acc: 29.59  |  Test Loss: 1.821 | Tes Acc: 37.76
INFO >> Epoch: 20  |  Layer:  8  |  Train Loss: 0.459 | Train Acc: 88.78  |  Val Loss: 1.491 | Val Acc: 26.53  |  Test Loss: 1.866 | Tes Acc: 37.24
INFO >> Epoch: 20  |  Layer:  9  |  Train Loss: 0.419 | Train Acc: 88.44  |  Val Loss: 1.597 | Val Acc: 37.76  |  Test Loss: 1.804 | Tes Acc: 37.24
INFO >> Epoch: 20  |  Layer: 10  |  Train Loss: 0.386 | Train Acc: 89.80  |  Val Loss: 1.472 | Val Acc: 45.92  |  Test Loss: 1.653 | Tes Acc: 42.35
INFO >> Epoch: 20  |  Layer: 11  |  Train Loss: 0.400 | Train Acc: 88.44  |  Val Loss: 1.431 | Val Acc: 41.84  |  Test Loss: 1.578 | Tes Acc: 45.92
INFO >> Epoch: 20  |  Layer: 12  |  Train Loss: 0.403 | Train Acc: 91.50  |  Val Loss: 1.129 | Val Acc: 51.02  |  Test Loss: 1.326 | Tes Acc: 47.96
INFO >> Epoch: 20  |  Layer: 13  |  Train Loss: 0.472 | Train Acc: 86.73  |  Val Loss: 0.972 | Val Acc: 54.08  |  Test Loss: 1.311 | Tes Acc: 50.51
INFO >> Epoch: 20  |  Layer: 14  |  Train Loss: 0.624 | Train Acc: 81.63  |  Val Loss: 1.115 | Val Acc: 45.92  |  Test Loss: 1.446 | Tes Acc: 43.88
INFO >> Epoch: 20  |  Layer: 15  |  Train Loss: 0.704 | Train Acc: 78.91  |  Val Loss: 1.238 | Val Acc: 52.04  |  Test Loss: 1.498 | Tes Acc: 41.84
INFO >> Epoch: 20  |  Layer: 16  |  Train Loss: 0.816 | Train Acc: 78.23  |  Val Loss: 1.266 | Val Acc: 47.96  |  Test Loss: 1.567 | Tes Acc: 38.27
INFO >> Epoch: 20  |  Layer: 17  |  Train Loss: 0.866 | Train Acc: 71.77  |  Val Loss: 1.333 | Val Acc: 53.06  |  Test Loss: 1.656 | Tes Acc: 29.59
INFO >> Epoch: 20  |  Layer: 18  |  Train Loss: 0.777 | Train Acc: 76.19  |  Val Loss: 1.395 | Val Acc: 45.92  |  Test Loss: 1.579 | Tes Acc: 36.22
INFO >> Epoch: 20  |  Layer: 19  |  Train Loss: 0.770 | Train Acc: 73.47  |  Val Loss: 1.614 | Val Acc: 41.84  |  Test Loss: 1.729 | Tes Acc: 34.69
INFO >> Epoch: 20  |  Layer: 20  |  Train Loss: 0.689 | Train Acc: 81.29  |  Val Loss: 1.610 | Val Acc: 42.86  |  Test Loss: 1.784 | Tes Acc: 33.67
INFO >> Epoch: 20  |  Layer: 21  |  Train Loss: 0.744 | Train Acc: 76.19  |  Val Loss: 1.459 | Val Acc: 33.67  |  Test Loss: 1.629 | Tes Acc: 36.22
INFO >> Epoch: 20  |  Layer: 22  |  Train Loss: 0.996 | Train Acc: 70.75  |  Val Loss: 1.507 | Val Acc: 39.80  |  Test Loss: 1.629 | Tes Acc: 32.65
INFO >> Epoch: 20  |  Layer: 23  |  Train Loss: 0.519 | Train Acc: 83.33  |  Val Loss: 1.494 | Val Acc: 40.82  |  Test Loss: 2.078 | Tes Acc: 31.63
INFO >> Epoch: 20  |  Layer: 24  |  Train Loss: 0.688 | Train Acc: 76.19  |  Val Loss: 1.618 | Val Acc: 47.96  |  Test Loss: 2.128 | Tes Acc: 31.63



INFO >> Time Taken: 06:25

INFO >> Layer: 1  |  Best Val Acc: 40.82  |  Best Test Acc: 28.06
INFO >> Layer: 2  |  Best Val Acc: 38.78  |  Best Test Acc: 24.49
INFO >> Layer: 3  |  Best Val Acc: 43.88  |  Best Test Acc: 31.12
INFO >> Layer: 4  |  Best Val Acc: 46.94  |  Best Test Acc: 29.59
INFO >> Layer: 5  |  Best Val Acc: 44.90  |  Best Test Acc: 30.10
INFO >> Layer: 6  |  Best Val Acc: 55.10  |  Best Test Acc: 30.10
INFO >> Layer: 7  |  Best Val Acc: 52.04  |  Best Test Acc: 31.63
INFO >> Layer: 8  |  Best Val Acc: 48.98  |  Best Test Acc: 36.73
INFO >> Layer: 9  |  Best Val Acc: 58.16  |  Best Test Acc: 31.63
INFO >> Layer: 10  |  Best Val Acc: 50.00  |  Best Test Acc: 33.16
INFO >> Layer: 11  |  Best Val Acc: 57.14  |  Best Test Acc: 46.94
INFO >> Layer: 12  |  Best Val Acc: 64.29  |  Best Test Acc: 40.82
INFO >> Layer: 13  |  Best Val Acc: 61.22  |  Best Test Acc: 52.55
INFO >> Layer: 14  |  Best Val Acc: 60.20  |  Best Test Acc: 36.73
INFO >> Layer: 15  |  Best Val Acc: 53.06  |  Best Test Acc: 38.27
INFO >> Layer: 16  |  Best Val Acc: 56.12  |  Best Test Acc: 43.37
INFO >> Layer: 17  |  Best Val Acc: 54.08  |  Best Test Acc: 35.71
INFO >> Layer: 18  |  Best Val Acc: 52.04  |  Best Test Acc: 28.57
INFO >> Layer: 19  |  Best Val Acc: 58.16  |  Best Test Acc: 31.12
INFO >> Layer: 20  |  Best Val Acc: 52.04  |  Best Test Acc: 38.78
INFO >> Layer: 21  |  Best Val Acc: 59.18  |  Best Test Acc: 33.16
INFO >> Layer: 22  |  Best Val Acc: 53.06  |  Best Test Acc: 33.16
INFO >> Layer: 23  |  Best Val Acc: 54.08  |  Best Test Acc: 36.22
INFO >> Layer: 24  |  Best Val Acc: 53.06  |  Best Test Acc: 27.55

DEBUG >> Last state saved

INFO >> History saved (./history/v1.3/EMOVO/HUBERT_LARGE_PROBING/Run5/history.pt)
