
--------------------------------------------------
Multilingual SER System v1.5
--------------------------------------------------
Run Name      : Run1
Fx Model      : WAV2VEC2_ASR_LARGE_960H
Clf Model     : DENSE
Extract Mode  : gpu_memory
Dataset       : EMOVO
Device        : gpu
Epochs        : 30
Num Workers   : 3
Data Dir      : ./data
History Dir   : ./history
Weights Dir   : ./weights
Log Level     : debug
Purge Cache   : False
Job Name      : Job147
Job Id        : 31168468
GPU           : Quadro RTX 8000
GPU Count     : 1
GPU Memory    : 44.49 GB

Timestamp : 2023-03-20 01:00:15.331224

INFO >> Running on CUDA


INFO >> Training Classifier

INFO >> Epoch: 1  |  Train Loss: 1.957 | Train Acc: 9.52  |  Val Loss: 1.942 | Val Acc: 13.27  |  Test Loss: 1.941 | Tes Acc: 18.37
DEBUG >> Best state saved | Val Acc 13.265305757522583 | Test Acc 18.36734712123871

INFO >> Epoch: 2  |  Train Loss: 1.942 | Train Acc: 18.03  |  Val Loss: 1.942 | Val Acc: 20.41  |  Test Loss: 1.936 | Tes Acc: 19.39
DEBUG >> Best state saved | Val Acc 20.408163964748383 | Test Acc 19.387754797935486

INFO >> Epoch: 3  |  Train Loss: 1.928 | Train Acc: 18.71  |  Val Loss: 1.953 | Val Acc: 16.33  |  Test Loss: 1.916 | Tes Acc: 18.88
INFO >> Epoch: 4  |  Train Loss: 1.908 | Train Acc: 20.07  |  Val Loss: 1.892 | Val Acc: 25.51  |  Test Loss: 1.886 | Tes Acc: 24.49
DEBUG >> Best state saved | Val Acc 25.51020383834839 | Test Acc 24.48979616165161

INFO >> Epoch: 5  |  Train Loss: 1.840 | Train Acc: 26.19  |  Val Loss: 1.824 | Val Acc: 27.55  |  Test Loss: 1.804 | Tes Acc: 27.55
DEBUG >> Best state saved | Val Acc 27.551019191741943 | Test Acc 27.551019191741943

INFO >> Epoch: 6  |  Train Loss: 1.685 | Train Acc: 41.50  |  Val Loss: 1.618 | Val Acc: 48.98  |  Test Loss: 1.678 | Tes Acc: 32.65
DEBUG >> Best state saved | Val Acc 48.97959232330322 | Test Acc 32.65306055545807

INFO >> Epoch: 7  |  Train Loss: 1.505 | Train Acc: 42.86  |  Val Loss: 1.382 | Val Acc: 31.63  |  Test Loss: 1.722 | Tes Acc: 27.04
INFO >> Epoch: 8  |  Train Loss: 1.399 | Train Acc: 36.05  |  Val Loss: 1.352 | Val Acc: 43.88  |  Test Loss: 1.526 | Tes Acc: 29.08
INFO >> Epoch: 9  |  Train Loss: 1.199 | Train Acc: 60.54  |  Val Loss: 1.173 | Val Acc: 50.00  |  Test Loss: 1.436 | Tes Acc: 44.39
DEBUG >> Best state saved | Val Acc 50.0 | Test Acc 44.387754797935486

INFO >> Epoch: 10  |  Train Loss: 1.033 | Train Acc: 64.29  |  Val Loss: 1.112 | Val Acc: 47.96  |  Test Loss: 1.528 | Tes Acc: 36.22
INFO >> Epoch: 11  |  Train Loss: 0.953 | Train Acc: 60.54  |  Val Loss: 1.025 | Val Acc: 55.10  |  Test Loss: 1.512 | Tes Acc: 40.31
DEBUG >> Best state saved | Val Acc 55.10203838348389 | Test Acc 40.30612111091614

INFO >> Epoch: 12  |  Train Loss: 0.799 | Train Acc: 72.11  |  Val Loss: 1.147 | Val Acc: 56.12  |  Test Loss: 1.431 | Tes Acc: 47.45
DEBUG >> Best state saved | Val Acc 56.122446060180664 | Test Acc 47.44898080825806

INFO >> Epoch: 13  |  Train Loss: 0.644 | Train Acc: 75.51  |  Val Loss: 1.123 | Val Acc: 48.98  |  Test Loss: 1.719 | Tes Acc: 31.12
INFO >> Epoch: 14  |  Train Loss: 0.546 | Train Acc: 81.29  |  Val Loss: 1.388 | Val Acc: 41.84  |  Test Loss: 1.702 | Tes Acc: 45.41
INFO >> Epoch: 15  |  Train Loss: 0.438 | Train Acc: 85.71  |  Val Loss: 1.282 | Val Acc: 47.96  |  Test Loss: 1.938 | Tes Acc: 34.69
INFO >> Epoch: 16  |  Train Loss: 0.414 | Train Acc: 86.05  |  Val Loss: 1.170 | Val Acc: 58.16  |  Test Loss: 1.896 | Tes Acc: 41.84
DEBUG >> Best state saved | Val Acc 58.163267374038696 | Test Acc 41.83673560619354

INFO >> Epoch: 17  |  Train Loss: 0.420 | Train Acc: 85.03  |  Val Loss: 1.166 | Val Acc: 48.98  |  Test Loss: 1.793 | Tes Acc: 43.88
INFO >> Epoch: 18  |  Train Loss: 0.345 | Train Acc: 87.41  |  Val Loss: 1.110 | Val Acc: 51.02  |  Test Loss: 1.765 | Tes Acc: 50.00
INFO >> Epoch: 19  |  Train Loss: 0.260 | Train Acc: 90.82  |  Val Loss: 1.241 | Val Acc: 48.98  |  Test Loss: 2.381 | Tes Acc: 44.90
INFO >> Epoch: 20  |  Train Loss: 0.232 | Train Acc: 94.90  |  Val Loss: 1.308 | Val Acc: 53.06  |  Test Loss: 2.076 | Tes Acc: 52.04
INFO >> Epoch: 21  |  Train Loss: 0.185 | Train Acc: 94.56  |  Val Loss: 1.162 | Val Acc: 50.00  |  Test Loss: 2.419 | Tes Acc: 42.35
INFO >> Epoch: 22  |  Train Loss: 0.147 | Train Acc: 97.28  |  Val Loss: 1.106 | Val Acc: 58.16  |  Test Loss: 2.207 | Tes Acc: 48.98
INFO >> Epoch: 23  |  Train Loss: 0.176 | Train Acc: 94.22  |  Val Loss: 1.268 | Val Acc: 58.16  |  Test Loss: 2.532 | Tes Acc: 46.43
INFO >> Epoch: 24  |  Train Loss: 0.254 | Train Acc: 90.48  |  Val Loss: 1.420 | Val Acc: 50.00  |  Test Loss: 2.557 | Tes Acc: 40.82
INFO >> Epoch: 25  |  Train Loss: 0.199 | Train Acc: 93.20  |  Val Loss: 1.312 | Val Acc: 50.00  |  Test Loss: 2.107 | Tes Acc: 51.02
INFO >> Epoch: 26  |  Train Loss: 0.176 | Train Acc: 95.92  |  Val Loss: 1.905 | Val Acc: 37.76  |  Test Loss: 2.884 | Tes Acc: 44.39
INFO >> Epoch: 27  |  Train Loss: 0.130 | Train Acc: 95.24  |  Val Loss: 1.564 | Val Acc: 45.92  |  Test Loss: 2.313 | Tes Acc: 47.45
INFO >> Epoch: 28  |  Train Loss: 0.131 | Train Acc: 94.90  |  Val Loss: 1.639 | Val Acc: 41.84  |  Test Loss: 2.662 | Tes Acc: 51.53
INFO >> Epoch: 29  |  Train Loss: 0.070 | Train Acc: 98.64  |  Val Loss: 1.549 | Val Acc: 46.94  |  Test Loss: 2.526 | Tes Acc: 46.43
INFO >> Epoch: 30  |  Train Loss: 0.074 | Train Acc: 98.98  |  Val Loss: 1.614 | Val Acc: 46.94  |  Test Loss: 2.632 | Tes Acc: 54.08


INFO >> Time Taken: 09:25

INFO >> Best Val Acc : 58.163267374038696 | Best Test Acc : 41.83673560619354

INFO >> Agg. Weights : 
-0.11667215824127197 -0.17680904269218445 -0.22439417243003845 -0.18727530539035797 -0.03777205944061279 -0.4302182197570801 -0.3143117427825928 -0.2896933853626251 -0.11139371991157532 -0.1851513683795929 -0.351318895816803 -0.1385609358549118 -0.3227570950984955 0.006943092215806246 0.10863117128610611 -0.11450616270303726 0.14726118743419647 0.28513774275779724 -0.12203297764062881 0.20269164443016052 0.15873464941978455 0.1465924233198166 -0.07160098105669022 -0.1564379334449768

DEBUG >> Last state saved | Val Acc 46.93877696990967 | Test Acc 54.08163070678711

INFO >> History saved (./history/v1.5/EMOVO/FX_WAV2VEC2_ASR_LARGE_960H_CLF_DENSE/Run1/history.pt)
