
--------------------------------------------------
Multilingual SER System v1.5
--------------------------------------------------
Run Name      : Run2
Fx Model      : HUBERT_BASE
Clf Model     : CM_PROBING_DENSE
Extract Mode  : gpu_memory
Dataset       : EmoDB
Device        : gpu
Epochs        : 30
Num Workers   : 3
Data Dir      : ./data
History Dir   : ./history
Weights Dir   : ./weights
Log Level     : debug
Purge Cache   : False
Job Name      : Job141
Job Id        : 31668487
GPU           : Quadro RTX 8000
GPU Count     : 1
GPU Memory    : 44.49 GB

Timestamp : 2023-04-06 12:05:10.901517

INFO >> Running on CUDA


INFO >> Training Classifier

INFO >> Epoch: 1  |  Layer: 01  |  Train Loss: 1.896 | Train Acc: 22.67  |  Val Loss: 1.815 | Val Acc: 27.10  |  Test Loss: 1.760 | Tes Acc: 29.76
INFO >> Epoch: 1  |  Layer: 02  |  Train Loss: 1.905 | Train Acc: 20.93  |  Val Loss: 1.847 | Val Acc: 32.71  |  Test Loss: 1.786 | Tes Acc: 36.90
INFO >> Epoch: 1  |  Layer: 03  |  Train Loss: 1.903 | Train Acc: 20.06  |  Val Loss: 1.850 | Val Acc: 28.97  |  Test Loss: 1.774 | Tes Acc: 38.10
INFO >> Epoch: 1  |  Layer: 04  |  Train Loss: 1.907 | Train Acc: 20.64  |  Val Loss: 1.853 | Val Acc: 27.10  |  Test Loss: 1.778 | Tes Acc: 34.52
INFO >> Epoch: 1  |  Layer: 05  |  Train Loss: 1.910 | Train Acc: 20.93  |  Val Loss: 1.860 | Val Acc: 25.23  |  Test Loss: 1.780 | Tes Acc: 30.95
INFO >> Epoch: 1  |  Layer: 06  |  Train Loss: 1.909 | Train Acc: 20.35  |  Val Loss: 1.867 | Val Acc: 25.23  |  Test Loss: 1.777 | Tes Acc: 30.95
INFO >> Epoch: 1  |  Layer: 07  |  Train Loss: 1.911 | Train Acc: 20.64  |  Val Loss: 1.874 | Val Acc: 24.30  |  Test Loss: 1.786 | Tes Acc: 30.95
INFO >> Epoch: 1  |  Layer: 08  |  Train Loss: 1.906 | Train Acc: 21.51  |  Val Loss: 1.860 | Val Acc: 24.30  |  Test Loss: 1.771 | Tes Acc: 30.95
INFO >> Epoch: 1  |  Layer: 09  |  Train Loss: 1.909 | Train Acc: 19.48  |  Val Loss: 1.877 | Val Acc: 24.30  |  Test Loss: 1.787 | Tes Acc: 30.95
INFO >> Epoch: 1  |  Layer: 10  |  Train Loss: 1.910 | Train Acc: 21.80  |  Val Loss: 1.867 | Val Acc: 24.30  |  Test Loss: 1.785 | Tes Acc: 30.95
INFO >> Epoch: 1  |  Layer: 11  |  Train Loss: 1.912 | Train Acc: 20.93  |  Val Loss: 1.875 | Val Acc: 24.30  |  Test Loss: 1.782 | Tes Acc: 30.95
INFO >> Epoch: 1  |  Layer: 12  |  Train Loss: 1.918 | Train Acc: 20.35  |  Val Loss: 1.877 | Val Acc: 24.30  |  Test Loss: 1.799 | Tes Acc: 30.95
INFO >> Epoch: 1  |  Layer: 13  |  Train Loss: 1.911 | Train Acc: 20.06  |  Val Loss: 1.875 | Val Acc: 24.30  |  Test Loss: 1.784 | Tes Acc: 30.95

INFO >> Epoch: 2  |  Layer: 01  |  Train Loss: 1.740 | Train Acc: 30.23  |  Val Loss: 1.709 | Val Acc: 34.58  |  Test Loss: 1.673 | Tes Acc: 36.90
INFO >> Epoch: 2  |  Layer: 02  |  Train Loss: 1.788 | Train Acc: 30.23  |  Val Loss: 1.731 | Val Acc: 34.58  |  Test Loss: 1.660 | Tes Acc: 36.90
INFO >> Epoch: 2  |  Layer: 03  |  Train Loss: 1.805 | Train Acc: 28.78  |  Val Loss: 1.732 | Val Acc: 32.71  |  Test Loss: 1.642 | Tes Acc: 46.43
INFO >> Epoch: 2  |  Layer: 04  |  Train Loss: 1.804 | Train Acc: 29.07  |  Val Loss: 1.723 | Val Acc: 33.64  |  Test Loss: 1.634 | Tes Acc: 46.43
INFO >> Epoch: 2  |  Layer: 05  |  Train Loss: 1.807 | Train Acc: 28.49  |  Val Loss: 1.731 | Val Acc: 34.58  |  Test Loss: 1.650 | Tes Acc: 45.24
INFO >> Epoch: 2  |  Layer: 06  |  Train Loss: 1.815 | Train Acc: 28.49  |  Val Loss: 1.740 | Val Acc: 33.64  |  Test Loss: 1.655 | Tes Acc: 45.24
INFO >> Epoch: 2  |  Layer: 07  |  Train Loss: 1.832 | Train Acc: 27.62  |  Val Loss: 1.760 | Val Acc: 33.64  |  Test Loss: 1.679 | Tes Acc: 42.86
INFO >> Epoch: 2  |  Layer: 08  |  Train Loss: 1.822 | Train Acc: 26.45  |  Val Loss: 1.753 | Val Acc: 33.64  |  Test Loss: 1.660 | Tes Acc: 40.48
INFO >> Epoch: 2  |  Layer: 09  |  Train Loss: 1.828 | Train Acc: 26.16  |  Val Loss: 1.761 | Val Acc: 31.78  |  Test Loss: 1.676 | Tes Acc: 42.86
INFO >> Epoch: 2  |  Layer: 10  |  Train Loss: 1.812 | Train Acc: 27.91  |  Val Loss: 1.735 | Val Acc: 37.38  |  Test Loss: 1.646 | Tes Acc: 46.43
INFO >> Epoch: 2  |  Layer: 11  |  Train Loss: 1.821 | Train Acc: 27.33  |  Val Loss: 1.749 | Val Acc: 35.51  |  Test Loss: 1.666 | Tes Acc: 45.24
INFO >> Epoch: 2  |  Layer: 12  |  Train Loss: 1.827 | Train Acc: 24.71  |  Val Loss: 1.760 | Val Acc: 32.71  |  Test Loss: 1.680 | Tes Acc: 44.05
INFO >> Epoch: 2  |  Layer: 13  |  Train Loss: 1.827 | Train Acc: 27.03  |  Val Loss: 1.758 | Val Acc: 34.58  |  Test Loss: 1.677 | Tes Acc: 41.67

INFO >> Epoch: 3  |  Layer: 01  |  Train Loss: 1.565 | Train Acc: 38.95  |  Val Loss: 1.488 | Val Acc: 42.06  |  Test Loss: 1.488 | Tes Acc: 42.86
INFO >> Epoch: 3  |  Layer: 02  |  Train Loss: 1.596 | Train Acc: 38.66  |  Val Loss: 1.516 | Val Acc: 38.32  |  Test Loss: 1.506 | Tes Acc: 42.86
INFO >> Epoch: 3  |  Layer: 03  |  Train Loss: 1.645 | Train Acc: 38.08  |  Val Loss: 1.583 | Val Acc: 36.45  |  Test Loss: 1.545 | Tes Acc: 40.48
INFO >> Epoch: 3  |  Layer: 04  |  Train Loss: 1.614 | Train Acc: 38.95  |  Val Loss: 1.518 | Val Acc: 38.32  |  Test Loss: 1.488 | Tes Acc: 45.24
INFO >> Epoch: 3  |  Layer: 05  |  Train Loss: 1.634 | Train Acc: 39.53  |  Val Loss: 1.529 | Val Acc: 41.12  |  Test Loss: 1.454 | Tes Acc: 42.86
INFO >> Epoch: 3  |  Layer: 06  |  Train Loss: 1.634 | Train Acc: 38.95  |  Val Loss: 1.551 | Val Acc: 36.45  |  Test Loss: 1.475 | Tes Acc: 42.86
INFO >> Epoch: 3  |  Layer: 07  |  Train Loss: 1.650 | Train Acc: 38.08  |  Val Loss: 1.546 | Val Acc: 37.38  |  Test Loss: 1.469 | Tes Acc: 45.24
INFO >> Epoch: 3  |  Layer: 08  |  Train Loss: 1.659 | Train Acc: 35.76  |  Val Loss: 1.559 | Val Acc: 35.51  |  Test Loss: 1.452 | Tes Acc: 41.67
INFO >> Epoch: 3  |  Layer: 09  |  Train Loss: 1.652 | Train Acc: 35.76  |  Val Loss: 1.525 | Val Acc: 42.99  |  Test Loss: 1.441 | Tes Acc: 45.24
INFO >> Epoch: 3  |  Layer: 10  |  Train Loss: 1.611 | Train Acc: 36.63  |  Val Loss: 1.480 | Val Acc: 44.86  |  Test Loss: 1.390 | Tes Acc: 46.43
INFO >> Epoch: 3  |  Layer: 11  |  Train Loss: 1.628 | Train Acc: 38.95  |  Val Loss: 1.494 | Val Acc: 44.86  |  Test Loss: 1.409 | Tes Acc: 50.00
INFO >> Epoch: 3  |  Layer: 12  |  Train Loss: 1.650 | Train Acc: 36.92  |  Val Loss: 1.511 | Val Acc: 44.86  |  Test Loss: 1.428 | Tes Acc: 50.00
INFO >> Epoch: 3  |  Layer: 13  |  Train Loss: 1.650 | Train Acc: 36.92  |  Val Loss: 1.520 | Val Acc: 43.93  |  Test Loss: 1.436 | Tes Acc: 47.62

INFO >> Epoch: 4  |  Layer: 01  |  Train Loss: 1.490 | Train Acc: 40.12  |  Val Loss: 1.395 | Val Acc: 47.66  |  Test Loss: 1.315 | Tes Acc: 42.86
INFO >> Epoch: 4  |  Layer: 02  |  Train Loss: 1.511 | Train Acc: 38.66  |  Val Loss: 1.397 | Val Acc: 46.73  |  Test Loss: 1.359 | Tes Acc: 45.24
INFO >> Epoch: 4  |  Layer: 03  |  Train Loss: 1.553 | Train Acc: 39.53  |  Val Loss: 1.435 | Val Acc: 43.93  |  Test Loss: 1.431 | Tes Acc: 42.86
INFO >> Epoch: 4  |  Layer: 04  |  Train Loss: 1.491 | Train Acc: 40.99  |  Val Loss: 1.390 | Val Acc: 47.66  |  Test Loss: 1.361 | Tes Acc: 51.19
INFO >> Epoch: 4  |  Layer: 05  |  Train Loss: 1.483 | Train Acc: 41.28  |  Val Loss: 1.384 | Val Acc: 51.40  |  Test Loss: 1.382 | Tes Acc: 51.19
INFO >> Epoch: 4  |  Layer: 06  |  Train Loss: 1.496 | Train Acc: 40.99  |  Val Loss: 1.415 | Val Acc: 40.19  |  Test Loss: 1.404 | Tes Acc: 42.86
INFO >> Epoch: 4  |  Layer: 07  |  Train Loss: 1.489 | Train Acc: 41.57  |  Val Loss: 1.386 | Val Acc: 43.93  |  Test Loss: 1.383 | Tes Acc: 42.86
INFO >> Epoch: 4  |  Layer: 08  |  Train Loss: 1.499 | Train Acc: 40.99  |  Val Loss: 1.393 | Val Acc: 48.60  |  Test Loss: 1.362 | Tes Acc: 50.00
INFO >> Epoch: 4  |  Layer: 09  |  Train Loss: 1.434 | Train Acc: 42.15  |  Val Loss: 1.350 | Val Acc: 39.25  |  Test Loss: 1.292 | Tes Acc: 51.19
INFO >> Epoch: 4  |  Layer: 10  |  Train Loss: 1.400 | Train Acc: 43.90  |  Val Loss: 1.293 | Val Acc: 46.73  |  Test Loss: 1.255 | Tes Acc: 59.52
INFO >> Epoch: 4  |  Layer: 11  |  Train Loss: 1.403 | Train Acc: 44.48  |  Val Loss: 1.298 | Val Acc: 42.99  |  Test Loss: 1.243 | Tes Acc: 57.14
INFO >> Epoch: 4  |  Layer: 12  |  Train Loss: 1.412 | Train Acc: 45.35  |  Val Loss: 1.305 | Val Acc: 43.93  |  Test Loss: 1.244 | Tes Acc: 58.33
INFO >> Epoch: 4  |  Layer: 13  |  Train Loss: 1.424 | Train Acc: 45.06  |  Val Loss: 1.334 | Val Acc: 47.66  |  Test Loss: 1.277 | Tes Acc: 53.57

INFO >> Epoch: 5  |  Layer: 01  |  Train Loss: 1.364 | Train Acc: 50.58  |  Val Loss: 1.282 | Val Acc: 52.34  |  Test Loss: 1.321 | Tes Acc: 45.24
INFO >> Epoch: 5  |  Layer: 02  |  Train Loss: 1.382 | Train Acc: 51.16  |  Val Loss: 1.347 | Val Acc: 48.60  |  Test Loss: 1.321 | Tes Acc: 50.00
INFO >> Epoch: 5  |  Layer: 03  |  Train Loss: 1.437 | Train Acc: 47.97  |  Val Loss: 1.384 | Val Acc: 49.53  |  Test Loss: 1.359 | Tes Acc: 45.24
INFO >> Epoch: 5  |  Layer: 04  |  Train Loss: 1.360 | Train Acc: 50.29  |  Val Loss: 1.303 | Val Acc: 52.34  |  Test Loss: 1.281 | Tes Acc: 52.38
INFO >> Epoch: 5  |  Layer: 05  |  Train Loss: 1.339 | Train Acc: 50.29  |  Val Loss: 1.295 | Val Acc: 49.53  |  Test Loss: 1.230 | Tes Acc: 53.57
INFO >> Epoch: 5  |  Layer: 06  |  Train Loss: 1.347 | Train Acc: 49.71  |  Val Loss: 1.307 | Val Acc: 53.27  |  Test Loss: 1.255 | Tes Acc: 52.38
INFO >> Epoch: 5  |  Layer: 07  |  Train Loss: 1.324 | Train Acc: 51.45  |  Val Loss: 1.282 | Val Acc: 51.40  |  Test Loss: 1.234 | Tes Acc: 51.19
INFO >> Epoch: 5  |  Layer: 08  |  Train Loss: 1.339 | Train Acc: 51.16  |  Val Loss: 1.292 | Val Acc: 50.47  |  Test Loss: 1.205 | Tes Acc: 55.95
INFO >> Epoch: 5  |  Layer: 09  |  Train Loss: 1.272 | Train Acc: 49.42  |  Val Loss: 1.167 | Val Acc: 54.21  |  Test Loss: 1.137 | Tes Acc: 67.86
INFO >> Epoch: 5  |  Layer: 10  |  Train Loss: 1.251 | Train Acc: 48.84  |  Val Loss: 1.163 | Val Acc: 56.07  |  Test Loss: 1.110 | Tes Acc: 63.10
INFO >> Epoch: 5  |  Layer: 11  |  Train Loss: 1.251 | Train Acc: 48.26  |  Val Loss: 1.145 | Val Acc: 56.07  |  Test Loss: 1.104 | Tes Acc: 69.05
INFO >> Epoch: 5  |  Layer: 12  |  Train Loss: 1.261 | Train Acc: 51.16  |  Val Loss: 1.138 | Val Acc: 57.01  |  Test Loss: 1.102 | Tes Acc: 66.67
INFO >> Epoch: 5  |  Layer: 13  |  Train Loss: 1.268 | Train Acc: 49.13  |  Val Loss: 1.180 | Val Acc: 56.07  |  Test Loss: 1.166 | Tes Acc: 60.71

INFO >> Epoch: 6  |  Layer: 01  |  Train Loss: 1.249 | Train Acc: 51.45  |  Val Loss: 1.280 | Val Acc: 42.06  |  Test Loss: 1.219 | Tes Acc: 54.76
INFO >> Epoch: 6  |  Layer: 02  |  Train Loss: 1.297 | Train Acc: 50.00  |  Val Loss: 1.287 | Val Acc: 42.06  |  Test Loss: 1.276 | Tes Acc: 53.57
INFO >> Epoch: 6  |  Layer: 03  |  Train Loss: 1.340 | Train Acc: 48.84  |  Val Loss: 1.287 | Val Acc: 46.73  |  Test Loss: 1.284 | Tes Acc: 59.52
INFO >> Epoch: 6  |  Layer: 04  |  Train Loss: 1.260 | Train Acc: 50.00  |  Val Loss: 1.207 | Val Acc: 48.60  |  Test Loss: 1.215 | Tes Acc: 58.33
INFO >> Epoch: 6  |  Layer: 05  |  Train Loss: 1.245 | Train Acc: 51.45  |  Val Loss: 1.187 | Val Acc: 50.47  |  Test Loss: 1.203 | Tes Acc: 59.52
INFO >> Epoch: 6  |  Layer: 06  |  Train Loss: 1.247 | Train Acc: 51.16  |  Val Loss: 1.187 | Val Acc: 51.40  |  Test Loss: 1.191 | Tes Acc: 54.76
INFO >> Epoch: 6  |  Layer: 07  |  Train Loss: 1.221 | Train Acc: 54.07  |  Val Loss: 1.160 | Val Acc: 52.34  |  Test Loss: 1.165 | Tes Acc: 58.33
INFO >> Epoch: 6  |  Layer: 08  |  Train Loss: 1.223 | Train Acc: 52.91  |  Val Loss: 1.157 | Val Acc: 52.34  |  Test Loss: 1.156 | Tes Acc: 57.14
INFO >> Epoch: 6  |  Layer: 09  |  Train Loss: 1.140 | Train Acc: 54.94  |  Val Loss: 1.077 | Val Acc: 55.14  |  Test Loss: 1.048 | Tes Acc: 65.48
INFO >> Epoch: 6  |  Layer: 10  |  Train Loss: 1.118 | Train Acc: 56.10  |  Val Loss: 1.061 | Val Acc: 55.14  |  Test Loss: 1.065 | Tes Acc: 64.29
INFO >> Epoch: 6  |  Layer: 11  |  Train Loss: 1.108 | Train Acc: 56.40  |  Val Loss: 1.057 | Val Acc: 56.07  |  Test Loss: 1.051 | Tes Acc: 64.29
INFO >> Epoch: 6  |  Layer: 12  |  Train Loss: 1.098 | Train Acc: 57.85  |  Val Loss: 1.044 | Val Acc: 57.94  |  Test Loss: 1.044 | Tes Acc: 70.24
INFO >> Epoch: 6  |  Layer: 13  |  Train Loss: 1.118 | Train Acc: 55.81  |  Val Loss: 1.095 | Val Acc: 54.21  |  Test Loss: 1.057 | Tes Acc: 60.71

INFO >> Epoch: 7  |  Layer: 01  |  Train Loss: 1.205 | Train Acc: 54.94  |  Val Loss: 1.181 | Val Acc: 44.86  |  Test Loss: 1.207 | Tes Acc: 48.81
INFO >> Epoch: 7  |  Layer: 02  |  Train Loss: 1.235 | Train Acc: 52.62  |  Val Loss: 1.175 | Val Acc: 44.86  |  Test Loss: 1.139 | Tes Acc: 55.95
INFO >> Epoch: 7  |  Layer: 03  |  Train Loss: 1.233 | Train Acc: 51.45  |  Val Loss: 1.240 | Val Acc: 43.93  |  Test Loss: 1.214 | Tes Acc: 53.57
INFO >> Epoch: 7  |  Layer: 04  |  Train Loss: 1.182 | Train Acc: 54.07  |  Val Loss: 1.108 | Val Acc: 51.40  |  Test Loss: 1.115 | Tes Acc: 57.14
INFO >> Epoch: 7  |  Layer: 05  |  Train Loss: 1.161 | Train Acc: 55.23  |  Val Loss: 1.120 | Val Acc: 47.66  |  Test Loss: 1.089 | Tes Acc: 59.52
INFO >> Epoch: 7  |  Layer: 06  |  Train Loss: 1.150 | Train Acc: 56.98  |  Val Loss: 1.115 | Val Acc: 49.53  |  Test Loss: 1.116 | Tes Acc: 59.52
INFO >> Epoch: 7  |  Layer: 07  |  Train Loss: 1.124 | Train Acc: 58.14  |  Val Loss: 1.072 | Val Acc: 53.27  |  Test Loss: 1.084 | Tes Acc: 57.14
INFO >> Epoch: 7  |  Layer: 08  |  Train Loss: 1.124 | Train Acc: 56.10  |  Val Loss: 1.058 | Val Acc: 53.27  |  Test Loss: 1.037 | Tes Acc: 65.48
INFO >> Epoch: 7  |  Layer: 09  |  Train Loss: 1.049 | Train Acc: 59.30  |  Val Loss: 1.023 | Val Acc: 49.53  |  Test Loss: 1.004 | Tes Acc: 59.52
INFO >> Epoch: 7  |  Layer: 10  |  Train Loss: 1.031 | Train Acc: 61.34  |  Val Loss: 1.022 | Val Acc: 47.66  |  Test Loss: 1.003 | Tes Acc: 60.71
INFO >> Epoch: 7  |  Layer: 11  |  Train Loss: 1.014 | Train Acc: 62.21  |  Val Loss: 1.008 | Val Acc: 50.47  |  Test Loss: 0.984 | Tes Acc: 59.52
INFO >> Epoch: 7  |  Layer: 12  |  Train Loss: 0.992 | Train Acc: 63.66  |  Val Loss: 0.971 | Val Acc: 53.27  |  Test Loss: 0.966 | Tes Acc: 63.10
INFO >> Epoch: 7  |  Layer: 13  |  Train Loss: 1.025 | Train Acc: 60.17  |  Val Loss: 1.002 | Val Acc: 50.47  |  Test Loss: 1.025 | Tes Acc: 58.33

INFO >> Epoch: 8  |  Layer: 01  |  Train Loss: 1.056 | Train Acc: 59.01  |  Val Loss: 1.077 | Val Acc: 55.14  |  Test Loss: 1.073 | Tes Acc: 55.95
INFO >> Epoch: 8  |  Layer: 02  |  Train Loss: 1.089 | Train Acc: 56.98  |  Val Loss: 1.127 | Val Acc: 48.60  |  Test Loss: 1.055 | Tes Acc: 61.90
INFO >> Epoch: 8  |  Layer: 03  |  Train Loss: 1.098 | Train Acc: 56.69  |  Val Loss: 1.119 | Val Acc: 49.53  |  Test Loss: 1.075 | Tes Acc: 57.14
INFO >> Epoch: 8  |  Layer: 04  |  Train Loss: 1.039 | Train Acc: 55.81  |  Val Loss: 1.034 | Val Acc: 54.21  |  Test Loss: 0.990 | Tes Acc: 64.29
INFO >> Epoch: 8  |  Layer: 05  |  Train Loss: 1.022 | Train Acc: 59.88  |  Val Loss: 1.030 | Val Acc: 52.34  |  Test Loss: 0.994 | Tes Acc: 61.90
INFO >> Epoch: 8  |  Layer: 06  |  Train Loss: 1.006 | Train Acc: 61.63  |  Val Loss: 1.006 | Val Acc: 52.34  |  Test Loss: 0.982 | Tes Acc: 64.29
INFO >> Epoch: 8  |  Layer: 07  |  Train Loss: 0.964 | Train Acc: 63.08  |  Val Loss: 0.955 | Val Acc: 57.01  |  Test Loss: 0.937 | Tes Acc: 67.86
INFO >> Epoch: 8  |  Layer: 08  |  Train Loss: 0.966 | Train Acc: 61.92  |  Val Loss: 0.967 | Val Acc: 57.94  |  Test Loss: 0.945 | Tes Acc: 66.67
INFO >> Epoch: 8  |  Layer: 09  |  Train Loss: 0.901 | Train Acc: 65.70  |  Val Loss: 0.886 | Val Acc: 60.75  |  Test Loss: 0.890 | Tes Acc: 70.24
INFO >> Epoch: 8  |  Layer: 10  |  Train Loss: 0.903 | Train Acc: 66.57  |  Val Loss: 0.867 | Val Acc: 60.75  |  Test Loss: 0.882 | Tes Acc: 72.62
INFO >> Epoch: 8  |  Layer: 11  |  Train Loss: 0.894 | Train Acc: 67.15  |  Val Loss: 0.878 | Val Acc: 59.81  |  Test Loss: 0.896 | Tes Acc: 71.43
INFO >> Epoch: 8  |  Layer: 12  |  Train Loss: 0.872 | Train Acc: 67.73  |  Val Loss: 0.852 | Val Acc: 64.49  |  Test Loss: 0.878 | Tes Acc: 72.62
INFO >> Epoch: 8  |  Layer: 13  |  Train Loss: 0.901 | Train Acc: 64.24  |  Val Loss: 0.880 | Val Acc: 61.68  |  Test Loss: 0.911 | Tes Acc: 67.86

INFO >> Epoch: 9  |  Layer: 01  |  Train Loss: 1.064 | Train Acc: 58.14  |  Val Loss: 1.292 | Val Acc: 47.66  |  Test Loss: 1.080 | Tes Acc: 59.52
INFO >> Epoch: 9  |  Layer: 02  |  Train Loss: 1.065 | Train Acc: 58.14  |  Val Loss: 1.233 | Val Acc: 51.40  |  Test Loss: 1.080 | Tes Acc: 58.33
INFO >> Epoch: 9  |  Layer: 03  |  Train Loss: 1.104 | Train Acc: 57.56  |  Val Loss: 1.156 | Val Acc: 50.47  |  Test Loss: 1.007 | Tes Acc: 63.10
INFO >> Epoch: 9  |  Layer: 04  |  Train Loss: 1.014 | Train Acc: 58.72  |  Val Loss: 1.078 | Val Acc: 57.94  |  Test Loss: 0.939 | Tes Acc: 64.29
INFO >> Epoch: 9  |  Layer: 05  |  Train Loss: 1.015 | Train Acc: 59.01  |  Val Loss: 1.048 | Val Acc: 55.14  |  Test Loss: 0.917 | Tes Acc: 65.48
INFO >> Epoch: 9  |  Layer: 06  |  Train Loss: 1.009 | Train Acc: 58.72  |  Val Loss: 0.984 | Val Acc: 60.75  |  Test Loss: 0.872 | Tes Acc: 73.81
INFO >> Epoch: 9  |  Layer: 07  |  Train Loss: 0.954 | Train Acc: 61.34  |  Val Loss: 1.021 | Val Acc: 57.01  |  Test Loss: 0.845 | Tes Acc: 70.24
INFO >> Epoch: 9  |  Layer: 08  |  Train Loss: 0.964 | Train Acc: 61.34  |  Val Loss: 0.941 | Val Acc: 59.81  |  Test Loss: 0.829 | Tes Acc: 71.43
INFO >> Epoch: 9  |  Layer: 09  |  Train Loss: 0.895 | Train Acc: 65.41  |  Val Loss: 0.874 | Val Acc: 64.49  |  Test Loss: 0.760 | Tes Acc: 69.05
INFO >> Epoch: 9  |  Layer: 10  |  Train Loss: 0.886 | Train Acc: 65.12  |  Val Loss: 0.876 | Val Acc: 59.81  |  Test Loss: 0.770 | Tes Acc: 67.86
INFO >> Epoch: 9  |  Layer: 11  |  Train Loss: 0.884 | Train Acc: 64.53  |  Val Loss: 0.878 | Val Acc: 58.88  |  Test Loss: 0.785 | Tes Acc: 66.67
INFO >> Epoch: 9  |  Layer: 12  |  Train Loss: 0.867 | Train Acc: 65.41  |  Val Loss: 0.808 | Val Acc: 66.36  |  Test Loss: 0.757 | Tes Acc: 73.81
INFO >> Epoch: 9  |  Layer: 13  |  Train Loss: 0.893 | Train Acc: 66.86  |  Val Loss: 0.861 | Val Acc: 61.68  |  Test Loss: 0.776 | Tes Acc: 69.05

INFO >> Epoch: 10  |  Layer: 01  |  Train Loss: 0.960 | Train Acc: 62.50  |  Val Loss: 1.172 | Val Acc: 48.60  |  Test Loss: 1.237 | Tes Acc: 54.76
INFO >> Epoch: 10  |  Layer: 02  |  Train Loss: 1.005 | Train Acc: 61.92  |  Val Loss: 1.220 | Val Acc: 46.73  |  Test Loss: 1.230 | Tes Acc: 48.81
INFO >> Epoch: 10  |  Layer: 03  |  Train Loss: 1.012 | Train Acc: 61.63  |  Val Loss: 1.064 | Val Acc: 54.21  |  Test Loss: 1.119 | Tes Acc: 52.38
INFO >> Epoch: 10  |  Layer: 04  |  Train Loss: 0.922 | Train Acc: 65.12  |  Val Loss: 1.031 | Val Acc: 57.01  |  Test Loss: 1.075 | Tes Acc: 52.38
INFO >> Epoch: 10  |  Layer: 05  |  Train Loss: 0.928 | Train Acc: 64.83  |  Val Loss: 0.958 | Val Acc: 60.75  |  Test Loss: 0.965 | Tes Acc: 63.10
INFO >> Epoch: 10  |  Layer: 06  |  Train Loss: 0.904 | Train Acc: 66.86  |  Val Loss: 0.915 | Val Acc: 57.94  |  Test Loss: 0.991 | Tes Acc: 58.33
INFO >> Epoch: 10  |  Layer: 07  |  Train Loss: 0.883 | Train Acc: 66.57  |  Val Loss: 0.978 | Val Acc: 54.21  |  Test Loss: 1.022 | Tes Acc: 54.76
INFO >> Epoch: 10  |  Layer: 08  |  Train Loss: 0.857 | Train Acc: 68.02  |  Val Loss: 0.871 | Val Acc: 57.94  |  Test Loss: 0.904 | Tes Acc: 61.90
INFO >> Epoch: 10  |  Layer: 09  |  Train Loss: 0.811 | Train Acc: 68.60  |  Val Loss: 0.863 | Val Acc: 58.88  |  Test Loss: 0.876 | Tes Acc: 64.29
INFO >> Epoch: 10  |  Layer: 10  |  Train Loss: 0.808 | Train Acc: 70.64  |  Val Loss: 0.862 | Val Acc: 57.01  |  Test Loss: 0.892 | Tes Acc: 60.71
INFO >> Epoch: 10  |  Layer: 11  |  Train Loss: 0.806 | Train Acc: 69.19  |  Val Loss: 0.851 | Val Acc: 59.81  |  Test Loss: 0.870 | Tes Acc: 61.90
INFO >> Epoch: 10  |  Layer: 12  |  Train Loss: 0.790 | Train Acc: 70.64  |  Val Loss: 0.804 | Val Acc: 62.62  |  Test Loss: 0.819 | Tes Acc: 66.67
INFO >> Epoch: 10  |  Layer: 13  |  Train Loss: 0.807 | Train Acc: 69.48  |  Val Loss: 0.875 | Val Acc: 62.62  |  Test Loss: 0.920 | Tes Acc: 55.95

INFO >> Epoch: 11  |  Layer: 01  |  Train Loss: 0.900 | Train Acc: 64.83  |  Val Loss: 1.024 | Val Acc: 58.88  |  Test Loss: 0.888 | Tes Acc: 65.48
INFO >> Epoch: 11  |  Layer: 02  |  Train Loss: 0.942 | Train Acc: 63.08  |  Val Loss: 1.036 | Val Acc: 60.75  |  Test Loss: 0.854 | Tes Acc: 75.00
INFO >> Epoch: 11  |  Layer: 03  |  Train Loss: 0.959 | Train Acc: 61.92  |  Val Loss: 1.090 | Val Acc: 61.68  |  Test Loss: 0.917 | Tes Acc: 71.43
INFO >> Epoch: 11  |  Layer: 04  |  Train Loss: 0.874 | Train Acc: 64.83  |  Val Loss: 1.014 | Val Acc: 64.49  |  Test Loss: 0.824 | Tes Acc: 73.81
INFO >> Epoch: 11  |  Layer: 05  |  Train Loss: 0.875 | Train Acc: 64.83  |  Val Loss: 0.992 | Val Acc: 58.88  |  Test Loss: 0.875 | Tes Acc: 67.86
INFO >> Epoch: 11  |  Layer: 06  |  Train Loss: 0.871 | Train Acc: 66.57  |  Val Loss: 0.947 | Val Acc: 61.68  |  Test Loss: 0.834 | Tes Acc: 70.24
INFO >> Epoch: 11  |  Layer: 07  |  Train Loss: 0.851 | Train Acc: 66.86  |  Val Loss: 0.889 | Val Acc: 62.62  |  Test Loss: 0.779 | Tes Acc: 72.62
INFO >> Epoch: 11  |  Layer: 08  |  Train Loss: 0.816 | Train Acc: 67.73  |  Val Loss: 0.874 | Val Acc: 66.36  |  Test Loss: 0.776 | Tes Acc: 75.00
INFO >> Epoch: 11  |  Layer: 09  |  Train Loss: 0.775 | Train Acc: 69.77  |  Val Loss: 0.860 | Val Acc: 62.62  |  Test Loss: 0.784 | Tes Acc: 73.81
INFO >> Epoch: 11  |  Layer: 10  |  Train Loss: 0.762 | Train Acc: 69.77  |  Val Loss: 0.848 | Val Acc: 64.49  |  Test Loss: 0.766 | Tes Acc: 75.00
INFO >> Epoch: 11  |  Layer: 11  |  Train Loss: 0.760 | Train Acc: 68.60  |  Val Loss: 0.862 | Val Acc: 64.49  |  Test Loss: 0.795 | Tes Acc: 70.24
INFO >> Epoch: 11  |  Layer: 12  |  Train Loss: 0.747 | Train Acc: 68.60  |  Val Loss: 0.812 | Val Acc: 66.36  |  Test Loss: 0.780 | Tes Acc: 72.62
INFO >> Epoch: 11  |  Layer: 13  |  Train Loss: 0.772 | Train Acc: 68.90  |  Val Loss: 0.904 | Val Acc: 65.42  |  Test Loss: 0.860 | Tes Acc: 63.10

INFO >> Epoch: 12  |  Layer: 01  |  Train Loss: 0.817 | Train Acc: 68.02  |  Val Loss: 1.191 | Val Acc: 53.27  |  Test Loss: 1.343 | Tes Acc: 53.57
INFO >> Epoch: 12  |  Layer: 02  |  Train Loss: 0.831 | Train Acc: 69.77  |  Val Loss: 1.298 | Val Acc: 47.66  |  Test Loss: 1.447 | Tes Acc: 50.00
INFO >> Epoch: 12  |  Layer: 03  |  Train Loss: 0.900 | Train Acc: 64.83  |  Val Loss: 1.097 | Val Acc: 52.34  |  Test Loss: 1.160 | Tes Acc: 57.14
INFO >> Epoch: 12  |  Layer: 04  |  Train Loss: 0.792 | Train Acc: 70.06  |  Val Loss: 1.031 | Val Acc: 52.34  |  Test Loss: 1.157 | Tes Acc: 54.76
INFO >> Epoch: 12  |  Layer: 05  |  Train Loss: 0.819 | Train Acc: 68.31  |  Val Loss: 0.944 | Val Acc: 58.88  |  Test Loss: 1.024 | Tes Acc: 57.14
INFO >> Epoch: 12  |  Layer: 06  |  Train Loss: 0.809 | Train Acc: 71.51  |  Val Loss: 0.834 | Val Acc: 65.42  |  Test Loss: 0.947 | Tes Acc: 66.67
INFO >> Epoch: 12  |  Layer: 07  |  Train Loss: 0.782 | Train Acc: 68.90  |  Val Loss: 0.783 | Val Acc: 69.16  |  Test Loss: 0.846 | Tes Acc: 71.43
INFO >> Epoch: 12  |  Layer: 08  |  Train Loss: 0.783 | Train Acc: 71.22  |  Val Loss: 0.753 | Val Acc: 70.09  |  Test Loss: 0.813 | Tes Acc: 76.19
INFO >> Epoch: 12  |  Layer: 09  |  Train Loss: 0.767 | Train Acc: 71.22  |  Val Loss: 0.711 | Val Acc: 70.09  |  Test Loss: 0.752 | Tes Acc: 78.57
INFO >> Epoch: 12  |  Layer: 10  |  Train Loss: 0.771 | Train Acc: 69.48  |  Val Loss: 0.726 | Val Acc: 71.03  |  Test Loss: 0.776 | Tes Acc: 76.19
INFO >> Epoch: 12  |  Layer: 11  |  Train Loss: 0.792 | Train Acc: 68.02  |  Val Loss: 0.708 | Val Acc: 71.96  |  Test Loss: 0.759 | Tes Acc: 72.62
INFO >> Epoch: 12  |  Layer: 12  |  Train Loss: 0.747 | Train Acc: 71.22  |  Val Loss: 0.685 | Val Acc: 76.64  |  Test Loss: 0.701 | Tes Acc: 78.57
INFO >> Epoch: 12  |  Layer: 13  |  Train Loss: 0.764 | Train Acc: 69.48  |  Val Loss: 0.694 | Val Acc: 72.90  |  Test Loss: 0.706 | Tes Acc: 77.38

INFO >> Epoch: 13  |  Layer: 01  |  Train Loss: 0.856 | Train Acc: 66.86  |  Val Loss: 1.172 | Val Acc: 56.07  |  Test Loss: 0.997 | Tes Acc: 59.52
INFO >> Epoch: 13  |  Layer: 02  |  Train Loss: 0.860 | Train Acc: 68.02  |  Val Loss: 1.258 | Val Acc: 48.60  |  Test Loss: 1.108 | Tes Acc: 59.52
INFO >> Epoch: 13  |  Layer: 03  |  Train Loss: 0.838 | Train Acc: 66.57  |  Val Loss: 1.017 | Val Acc: 59.81  |  Test Loss: 1.014 | Tes Acc: 63.10
INFO >> Epoch: 13  |  Layer: 04  |  Train Loss: 0.781 | Train Acc: 68.31  |  Val Loss: 1.023 | Val Acc: 56.07  |  Test Loss: 0.963 | Tes Acc: 63.10
INFO >> Epoch: 13  |  Layer: 05  |  Train Loss: 0.788 | Train Acc: 70.06  |  Val Loss: 0.851 | Val Acc: 64.49  |  Test Loss: 0.858 | Tes Acc: 65.48
INFO >> Epoch: 13  |  Layer: 06  |  Train Loss: 0.738 | Train Acc: 71.51  |  Val Loss: 0.729 | Val Acc: 71.96  |  Test Loss: 0.788 | Tes Acc: 72.62
INFO >> Epoch: 13  |  Layer: 07  |  Train Loss: 0.706 | Train Acc: 72.67  |  Val Loss: 0.710 | Val Acc: 71.96  |  Test Loss: 0.820 | Tes Acc: 69.05
INFO >> Epoch: 13  |  Layer: 08  |  Train Loss: 0.689 | Train Acc: 71.51  |  Val Loss: 0.695 | Val Acc: 71.03  |  Test Loss: 0.768 | Tes Acc: 75.00
INFO >> Epoch: 13  |  Layer: 09  |  Train Loss: 0.652 | Train Acc: 73.84  |  Val Loss: 0.712 | Val Acc: 71.96  |  Test Loss: 0.774 | Tes Acc: 72.62
INFO >> Epoch: 13  |  Layer: 10  |  Train Loss: 0.653 | Train Acc: 72.97  |  Val Loss: 0.710 | Val Acc: 70.09  |  Test Loss: 0.791 | Tes Acc: 72.62
INFO >> Epoch: 13  |  Layer: 11  |  Train Loss: 0.649 | Train Acc: 73.55  |  Val Loss: 0.725 | Val Acc: 70.09  |  Test Loss: 0.780 | Tes Acc: 71.43
INFO >> Epoch: 13  |  Layer: 12  |  Train Loss: 0.608 | Train Acc: 76.74  |  Val Loss: 0.669 | Val Acc: 71.96  |  Test Loss: 0.716 | Tes Acc: 73.81
INFO >> Epoch: 13  |  Layer: 13  |  Train Loss: 0.626 | Train Acc: 75.58  |  Val Loss: 0.679 | Val Acc: 72.90  |  Test Loss: 0.726 | Tes Acc: 75.00

INFO >> Epoch: 14  |  Layer: 01  |  Train Loss: 0.858 | Train Acc: 66.57  |  Val Loss: 1.075 | Val Acc: 64.49  |  Test Loss: 0.934 | Tes Acc: 65.48
INFO >> Epoch: 14  |  Layer: 02  |  Train Loss: 0.872 | Train Acc: 67.15  |  Val Loss: 1.047 | Val Acc: 62.62  |  Test Loss: 0.913 | Tes Acc: 63.10
INFO >> Epoch: 14  |  Layer: 03  |  Train Loss: 0.844 | Train Acc: 67.15  |  Val Loss: 1.141 | Val Acc: 57.94  |  Test Loss: 1.008 | Tes Acc: 63.10
INFO >> Epoch: 14  |  Layer: 04  |  Train Loss: 0.782 | Train Acc: 70.93  |  Val Loss: 1.088 | Val Acc: 61.68  |  Test Loss: 0.931 | Tes Acc: 65.48
INFO >> Epoch: 14  |  Layer: 05  |  Train Loss: 0.760 | Train Acc: 73.55  |  Val Loss: 1.019 | Val Acc: 62.62  |  Test Loss: 0.913 | Tes Acc: 61.90
INFO >> Epoch: 14  |  Layer: 06  |  Train Loss: 0.714 | Train Acc: 74.71  |  Val Loss: 0.904 | Val Acc: 62.62  |  Test Loss: 0.858 | Tes Acc: 60.71
INFO >> Epoch: 14  |  Layer: 07  |  Train Loss: 0.662 | Train Acc: 78.78  |  Val Loss: 0.735 | Val Acc: 70.09  |  Test Loss: 0.702 | Tes Acc: 72.62
INFO >> Epoch: 14  |  Layer: 08  |  Train Loss: 0.649 | Train Acc: 77.03  |  Val Loss: 0.715 | Val Acc: 68.22  |  Test Loss: 0.693 | Tes Acc: 71.43
INFO >> Epoch: 14  |  Layer: 09  |  Train Loss: 0.603 | Train Acc: 77.62  |  Val Loss: 0.632 | Val Acc: 71.96  |  Test Loss: 0.652 | Tes Acc: 78.57
INFO >> Epoch: 14  |  Layer: 10  |  Train Loss: 0.610 | Train Acc: 78.49  |  Val Loss: 0.647 | Val Acc: 72.90  |  Test Loss: 0.672 | Tes Acc: 78.57
INFO >> Epoch: 14  |  Layer: 11  |  Train Loss: 0.593 | Train Acc: 78.20  |  Val Loss: 0.648 | Val Acc: 77.57  |  Test Loss: 0.697 | Tes Acc: 73.81
INFO >> Epoch: 14  |  Layer: 12  |  Train Loss: 0.552 | Train Acc: 80.52  |  Val Loss: 0.634 | Val Acc: 76.64  |  Test Loss: 0.668 | Tes Acc: 79.76
INFO >> Epoch: 14  |  Layer: 13  |  Train Loss: 0.574 | Train Acc: 79.65  |  Val Loss: 0.667 | Val Acc: 71.96  |  Test Loss: 0.678 | Tes Acc: 77.38

INFO >> Epoch: 15  |  Layer: 01  |  Train Loss: 0.780 | Train Acc: 69.19  |  Val Loss: 0.926 | Val Acc: 64.49  |  Test Loss: 0.983 | Tes Acc: 65.48
INFO >> Epoch: 15  |  Layer: 02  |  Train Loss: 0.776 | Train Acc: 70.06  |  Val Loss: 0.896 | Val Acc: 68.22  |  Test Loss: 0.990 | Tes Acc: 64.29
INFO >> Epoch: 15  |  Layer: 03  |  Train Loss: 0.730 | Train Acc: 73.26  |  Val Loss: 0.896 | Val Acc: 67.29  |  Test Loss: 0.812 | Tes Acc: 69.05
INFO >> Epoch: 15  |  Layer: 04  |  Train Loss: 0.652 | Train Acc: 77.33  |  Val Loss: 0.826 | Val Acc: 68.22  |  Test Loss: 0.844 | Tes Acc: 66.67
INFO >> Epoch: 15  |  Layer: 05  |  Train Loss: 0.666 | Train Acc: 72.67  |  Val Loss: 0.780 | Val Acc: 70.09  |  Test Loss: 0.696 | Tes Acc: 71.43
INFO >> Epoch: 15  |  Layer: 06  |  Train Loss: 0.643 | Train Acc: 74.13  |  Val Loss: 0.667 | Val Acc: 74.77  |  Test Loss: 0.632 | Tes Acc: 76.19
INFO >> Epoch: 15  |  Layer: 07  |  Train Loss: 0.597 | Train Acc: 77.03  |  Val Loss: 0.659 | Val Acc: 75.70  |  Test Loss: 0.599 | Tes Acc: 78.57
INFO >> Epoch: 15  |  Layer: 08  |  Train Loss: 0.577 | Train Acc: 81.40  |  Val Loss: 0.639 | Val Acc: 74.77  |  Test Loss: 0.588 | Tes Acc: 77.38
INFO >> Epoch: 15  |  Layer: 09  |  Train Loss: 0.542 | Train Acc: 80.52  |  Val Loss: 0.597 | Val Acc: 73.83  |  Test Loss: 0.553 | Tes Acc: 80.95
INFO >> Epoch: 15  |  Layer: 10  |  Train Loss: 0.536 | Train Acc: 83.14  |  Val Loss: 0.614 | Val Acc: 74.77  |  Test Loss: 0.582 | Tes Acc: 78.57
INFO >> Epoch: 15  |  Layer: 11  |  Train Loss: 0.511 | Train Acc: 82.27  |  Val Loss: 0.587 | Val Acc: 72.90  |  Test Loss: 0.587 | Tes Acc: 79.76
INFO >> Epoch: 15  |  Layer: 12  |  Train Loss: 0.477 | Train Acc: 84.30  |  Val Loss: 0.552 | Val Acc: 76.64  |  Test Loss: 0.551 | Tes Acc: 83.33
INFO >> Epoch: 15  |  Layer: 13  |  Train Loss: 0.513 | Train Acc: 82.85  |  Val Loss: 0.594 | Val Acc: 75.70  |  Test Loss: 0.576 | Tes Acc: 79.76

INFO >> Epoch: 16  |  Layer: 01  |  Train Loss: 0.736 | Train Acc: 72.38  |  Val Loss: 0.903 | Val Acc: 65.42  |  Test Loss: 1.018 | Tes Acc: 63.10
INFO >> Epoch: 16  |  Layer: 02  |  Train Loss: 0.724 | Train Acc: 72.67  |  Val Loss: 0.954 | Val Acc: 66.36  |  Test Loss: 0.940 | Tes Acc: 66.67
INFO >> Epoch: 16  |  Layer: 03  |  Train Loss: 0.669 | Train Acc: 75.00  |  Val Loss: 0.896 | Val Acc: 65.42  |  Test Loss: 0.924 | Tes Acc: 65.48
INFO >> Epoch: 16  |  Layer: 04  |  Train Loss: 0.598 | Train Acc: 79.94  |  Val Loss: 0.845 | Val Acc: 69.16  |  Test Loss: 0.883 | Tes Acc: 69.05
INFO >> Epoch: 16  |  Layer: 05  |  Train Loss: 0.597 | Train Acc: 78.20  |  Val Loss: 0.772 | Val Acc: 70.09  |  Test Loss: 0.797 | Tes Acc: 69.05
INFO >> Epoch: 16  |  Layer: 06  |  Train Loss: 0.557 | Train Acc: 82.56  |  Val Loss: 0.645 | Val Acc: 78.50  |  Test Loss: 0.689 | Tes Acc: 76.19
INFO >> Epoch: 16  |  Layer: 07  |  Train Loss: 0.538 | Train Acc: 82.27  |  Val Loss: 0.618 | Val Acc: 76.64  |  Test Loss: 0.580 | Tes Acc: 80.95
INFO >> Epoch: 16  |  Layer: 08  |  Train Loss: 0.528 | Train Acc: 81.98  |  Val Loss: 0.614 | Val Acc: 77.57  |  Test Loss: 0.568 | Tes Acc: 80.95
INFO >> Epoch: 16  |  Layer: 09  |  Train Loss: 0.496 | Train Acc: 83.14  |  Val Loss: 0.595 | Val Acc: 80.37  |  Test Loss: 0.546 | Tes Acc: 80.95
INFO >> Epoch: 16  |  Layer: 10  |  Train Loss: 0.511 | Train Acc: 83.14  |  Val Loss: 0.610 | Val Acc: 76.64  |  Test Loss: 0.578 | Tes Acc: 76.19
INFO >> Epoch: 16  |  Layer: 11  |  Train Loss: 0.496 | Train Acc: 83.72  |  Val Loss: 0.605 | Val Acc: 73.83  |  Test Loss: 0.577 | Tes Acc: 78.57
INFO >> Epoch: 16  |  Layer: 12  |  Train Loss: 0.450 | Train Acc: 84.30  |  Val Loss: 0.548 | Val Acc: 79.44  |  Test Loss: 0.519 | Tes Acc: 83.33
INFO >> Epoch: 16  |  Layer: 13  |  Train Loss: 0.485 | Train Acc: 84.88  |  Val Loss: 0.610 | Val Acc: 74.77  |  Test Loss: 0.573 | Tes Acc: 75.00

INFO >> Epoch: 17  |  Layer: 01  |  Train Loss: 0.689 | Train Acc: 73.55  |  Val Loss: 0.965 | Val Acc: 65.42  |  Test Loss: 0.920 | Tes Acc: 67.86
INFO >> Epoch: 17  |  Layer: 02  |  Train Loss: 0.679 | Train Acc: 75.29  |  Val Loss: 0.966 | Val Acc: 62.62  |  Test Loss: 0.957 | Tes Acc: 67.86
INFO >> Epoch: 17  |  Layer: 03  |  Train Loss: 0.647 | Train Acc: 75.29  |  Val Loss: 0.898 | Val Acc: 67.29  |  Test Loss: 0.893 | Tes Acc: 65.48
INFO >> Epoch: 17  |  Layer: 04  |  Train Loss: 0.564 | Train Acc: 78.78  |  Val Loss: 0.865 | Val Acc: 65.42  |  Test Loss: 0.918 | Tes Acc: 67.86
INFO >> Epoch: 17  |  Layer: 05  |  Train Loss: 0.561 | Train Acc: 80.52  |  Val Loss: 0.798 | Val Acc: 68.22  |  Test Loss: 0.803 | Tes Acc: 71.43
INFO >> Epoch: 17  |  Layer: 06  |  Train Loss: 0.511 | Train Acc: 85.17  |  Val Loss: 0.707 | Val Acc: 71.96  |  Test Loss: 0.737 | Tes Acc: 75.00
INFO >> Epoch: 17  |  Layer: 07  |  Train Loss: 0.478 | Train Acc: 87.21  |  Val Loss: 0.634 | Val Acc: 74.77  |  Test Loss: 0.617 | Tes Acc: 82.14
INFO >> Epoch: 17  |  Layer: 08  |  Train Loss: 0.479 | Train Acc: 85.47  |  Val Loss: 0.618 | Val Acc: 76.64  |  Test Loss: 0.596 | Tes Acc: 79.76
INFO >> Epoch: 17  |  Layer: 09  |  Train Loss: 0.451 | Train Acc: 86.34  |  Val Loss: 0.608 | Val Acc: 75.70  |  Test Loss: 0.582 | Tes Acc: 82.14
INFO >> Epoch: 17  |  Layer: 10  |  Train Loss: 0.465 | Train Acc: 85.17  |  Val Loss: 0.584 | Val Acc: 77.57  |  Test Loss: 0.572 | Tes Acc: 80.95
INFO >> Epoch: 17  |  Layer: 11  |  Train Loss: 0.452 | Train Acc: 85.47  |  Val Loss: 0.596 | Val Acc: 76.64  |  Test Loss: 0.587 | Tes Acc: 80.95
INFO >> Epoch: 17  |  Layer: 12  |  Train Loss: 0.419 | Train Acc: 87.50  |  Val Loss: 0.605 | Val Acc: 74.77  |  Test Loss: 0.584 | Tes Acc: 83.33
INFO >> Epoch: 17  |  Layer: 13  |  Train Loss: 0.424 | Train Acc: 88.08  |  Val Loss: 0.616 | Val Acc: 75.70  |  Test Loss: 0.584 | Tes Acc: 82.14

INFO >> Epoch: 18  |  Layer: 01  |  Train Loss: 0.643 | Train Acc: 74.13  |  Val Loss: 0.944 | Val Acc: 64.49  |  Test Loss: 1.188 | Tes Acc: 60.71
INFO >> Epoch: 18  |  Layer: 02  |  Train Loss: 0.637 | Train Acc: 74.13  |  Val Loss: 0.980 | Val Acc: 59.81  |  Test Loss: 1.058 | Tes Acc: 61.90
INFO >> Epoch: 18  |  Layer: 03  |  Train Loss: 0.602 | Train Acc: 74.13  |  Val Loss: 0.917 | Val Acc: 63.55  |  Test Loss: 1.035 | Tes Acc: 63.10
INFO >> Epoch: 18  |  Layer: 04  |  Train Loss: 0.534 | Train Acc: 78.49  |  Val Loss: 0.892 | Val Acc: 63.55  |  Test Loss: 1.044 | Tes Acc: 64.29
INFO >> Epoch: 18  |  Layer: 05  |  Train Loss: 0.526 | Train Acc: 78.78  |  Val Loss: 0.810 | Val Acc: 68.22  |  Test Loss: 0.942 | Tes Acc: 70.24
INFO >> Epoch: 18  |  Layer: 06  |  Train Loss: 0.472 | Train Acc: 81.10  |  Val Loss: 0.692 | Val Acc: 73.83  |  Test Loss: 0.809 | Tes Acc: 72.62
INFO >> Epoch: 18  |  Layer: 07  |  Train Loss: 0.441 | Train Acc: 84.59  |  Val Loss: 0.655 | Val Acc: 76.64  |  Test Loss: 0.702 | Tes Acc: 79.76
INFO >> Epoch: 18  |  Layer: 08  |  Train Loss: 0.450 | Train Acc: 81.98  |  Val Loss: 0.674 | Val Acc: 74.77  |  Test Loss: 0.672 | Tes Acc: 79.76
INFO >> Epoch: 18  |  Layer: 09  |  Train Loss: 0.425 | Train Acc: 83.72  |  Val Loss: 0.649 | Val Acc: 75.70  |  Test Loss: 0.659 | Tes Acc: 82.14
INFO >> Epoch: 18  |  Layer: 10  |  Train Loss: 0.444 | Train Acc: 81.69  |  Val Loss: 0.621 | Val Acc: 74.77  |  Test Loss: 0.635 | Tes Acc: 80.95
INFO >> Epoch: 18  |  Layer: 11  |  Train Loss: 0.427 | Train Acc: 83.14  |  Val Loss: 0.683 | Val Acc: 65.42  |  Test Loss: 0.650 | Tes Acc: 76.19
INFO >> Epoch: 18  |  Layer: 12  |  Train Loss: 0.399 | Train Acc: 84.01  |  Val Loss: 0.641 | Val Acc: 75.70  |  Test Loss: 0.642 | Tes Acc: 78.57
INFO >> Epoch: 18  |  Layer: 13  |  Train Loss: 0.399 | Train Acc: 83.72  |  Val Loss: 0.683 | Val Acc: 73.83  |  Test Loss: 0.647 | Tes Acc: 79.76

INFO >> Epoch: 19  |  Layer: 01  |  Train Loss: 0.612 | Train Acc: 76.45  |  Val Loss: 0.970 | Val Acc: 66.36  |  Test Loss: 0.954 | Tes Acc: 63.10
INFO >> Epoch: 19  |  Layer: 02  |  Train Loss: 0.620 | Train Acc: 77.62  |  Val Loss: 0.970 | Val Acc: 63.55  |  Test Loss: 0.954 | Tes Acc: 65.48
INFO >> Epoch: 19  |  Layer: 03  |  Train Loss: 0.570 | Train Acc: 77.33  |  Val Loss: 0.921 | Val Acc: 65.42  |  Test Loss: 0.876 | Tes Acc: 65.48
INFO >> Epoch: 19  |  Layer: 04  |  Train Loss: 0.530 | Train Acc: 79.36  |  Val Loss: 0.864 | Val Acc: 69.16  |  Test Loss: 0.801 | Tes Acc: 69.05
INFO >> Epoch: 19  |  Layer: 05  |  Train Loss: 0.567 | Train Acc: 78.78  |  Val Loss: 0.737 | Val Acc: 70.09  |  Test Loss: 0.741 | Tes Acc: 69.05
INFO >> Epoch: 19  |  Layer: 06  |  Train Loss: 0.513 | Train Acc: 80.52  |  Val Loss: 0.602 | Val Acc: 74.77  |  Test Loss: 0.624 | Tes Acc: 77.38
INFO >> Epoch: 19  |  Layer: 07  |  Train Loss: 0.474 | Train Acc: 81.69  |  Val Loss: 0.570 | Val Acc: 75.70  |  Test Loss: 0.593 | Tes Acc: 80.95
INFO >> Epoch: 19  |  Layer: 08  |  Train Loss: 0.490 | Train Acc: 81.69  |  Val Loss: 0.575 | Val Acc: 75.70  |  Test Loss: 0.610 | Tes Acc: 80.95
INFO >> Epoch: 19  |  Layer: 09  |  Train Loss: 0.453 | Train Acc: 81.69  |  Val Loss: 0.588 | Val Acc: 76.64  |  Test Loss: 0.641 | Tes Acc: 78.57
INFO >> Epoch: 19  |  Layer: 10  |  Train Loss: 0.446 | Train Acc: 83.14  |  Val Loss: 0.627 | Val Acc: 77.57  |  Test Loss: 0.709 | Tes Acc: 73.81
INFO >> Epoch: 19  |  Layer: 11  |  Train Loss: 0.429 | Train Acc: 84.01  |  Val Loss: 0.611 | Val Acc: 77.57  |  Test Loss: 0.672 | Tes Acc: 73.81
INFO >> Epoch: 19  |  Layer: 12  |  Train Loss: 0.407 | Train Acc: 84.01  |  Val Loss: 0.616 | Val Acc: 77.57  |  Test Loss: 0.658 | Tes Acc: 76.19
INFO >> Epoch: 19  |  Layer: 13  |  Train Loss: 0.387 | Train Acc: 86.05  |  Val Loss: 0.595 | Val Acc: 77.57  |  Test Loss: 0.600 | Tes Acc: 77.38

INFO >> Epoch: 20  |  Layer: 01  |  Train Loss: 0.585 | Train Acc: 79.07  |  Val Loss: 1.034 | Val Acc: 63.55  |  Test Loss: 1.029 | Tes Acc: 60.71
INFO >> Epoch: 20  |  Layer: 02  |  Train Loss: 0.597 | Train Acc: 78.20  |  Val Loss: 0.980 | Val Acc: 64.49  |  Test Loss: 0.951 | Tes Acc: 65.48
INFO >> Epoch: 20  |  Layer: 03  |  Train Loss: 0.571 | Train Acc: 76.74  |  Val Loss: 1.002 | Val Acc: 64.49  |  Test Loss: 0.989 | Tes Acc: 64.29
INFO >> Epoch: 20  |  Layer: 04  |  Train Loss: 0.507 | Train Acc: 80.23  |  Val Loss: 0.904 | Val Acc: 67.29  |  Test Loss: 0.933 | Tes Acc: 66.67
INFO >> Epoch: 20  |  Layer: 05  |  Train Loss: 0.505 | Train Acc: 82.27  |  Val Loss: 0.757 | Val Acc: 70.09  |  Test Loss: 0.734 | Tes Acc: 70.24
INFO >> Epoch: 20  |  Layer: 06  |  Train Loss: 0.444 | Train Acc: 84.59  |  Val Loss: 0.631 | Val Acc: 69.16  |  Test Loss: 0.665 | Tes Acc: 73.81
INFO >> Epoch: 20  |  Layer: 07  |  Train Loss: 0.418 | Train Acc: 85.47  |  Val Loss: 0.556 | Val Acc: 77.57  |  Test Loss: 0.514 | Tes Acc: 78.57
INFO >> Epoch: 20  |  Layer: 08  |  Train Loss: 0.431 | Train Acc: 84.30  |  Val Loss: 0.542 | Val Acc: 78.50  |  Test Loss: 0.531 | Tes Acc: 80.95
INFO >> Epoch: 20  |  Layer: 09  |  Train Loss: 0.400 | Train Acc: 86.34  |  Val Loss: 0.528 | Val Acc: 76.64  |  Test Loss: 0.510 | Tes Acc: 82.14
INFO >> Epoch: 20  |  Layer: 10  |  Train Loss: 0.404 | Train Acc: 85.17  |  Val Loss: 0.564 | Val Acc: 76.64  |  Test Loss: 0.591 | Tes Acc: 78.57
INFO >> Epoch: 20  |  Layer: 11  |  Train Loss: 0.394 | Train Acc: 84.30  |  Val Loss: 0.529 | Val Acc: 76.64  |  Test Loss: 0.534 | Tes Acc: 80.95
INFO >> Epoch: 20  |  Layer: 12  |  Train Loss: 0.356 | Train Acc: 88.37  |  Val Loss: 0.475 | Val Acc: 79.44  |  Test Loss: 0.480 | Tes Acc: 79.76
INFO >> Epoch: 20  |  Layer: 13  |  Train Loss: 0.357 | Train Acc: 86.63  |  Val Loss: 0.517 | Val Acc: 76.64  |  Test Loss: 0.482 | Tes Acc: 82.14

INFO >> Epoch: 21  |  Layer: 01  |  Train Loss: 0.642 | Train Acc: 73.26  |  Val Loss: 1.297 | Val Acc: 54.21  |  Test Loss: 1.580 | Tes Acc: 57.14
INFO >> Epoch: 21  |  Layer: 02  |  Train Loss: 0.631 | Train Acc: 74.71  |  Val Loss: 1.166 | Val Acc: 54.21  |  Test Loss: 1.461 | Tes Acc: 57.14
INFO >> Epoch: 21  |  Layer: 03  |  Train Loss: 0.641 | Train Acc: 73.84  |  Val Loss: 1.281 | Val Acc: 52.34  |  Test Loss: 1.641 | Tes Acc: 54.76
INFO >> Epoch: 21  |  Layer: 04  |  Train Loss: 0.566 | Train Acc: 77.03  |  Val Loss: 1.114 | Val Acc: 56.07  |  Test Loss: 1.468 | Tes Acc: 59.52
INFO >> Epoch: 21  |  Layer: 05  |  Train Loss: 0.500 | Train Acc: 83.14  |  Val Loss: 0.919 | Val Acc: 62.62  |  Test Loss: 1.219 | Tes Acc: 65.48
INFO >> Epoch: 21  |  Layer: 06  |  Train Loss: 0.447 | Train Acc: 84.30  |  Val Loss: 0.733 | Val Acc: 72.90  |  Test Loss: 1.060 | Tes Acc: 67.86
INFO >> Epoch: 21  |  Layer: 07  |  Train Loss: 0.391 | Train Acc: 87.79  |  Val Loss: 0.650 | Val Acc: 76.64  |  Test Loss: 0.812 | Tes Acc: 73.81
INFO >> Epoch: 21  |  Layer: 08  |  Train Loss: 0.399 | Train Acc: 86.63  |  Val Loss: 0.615 | Val Acc: 78.50  |  Test Loss: 0.782 | Tes Acc: 72.62
INFO >> Epoch: 21  |  Layer: 09  |  Train Loss: 0.368 | Train Acc: 88.08  |  Val Loss: 0.627 | Val Acc: 76.64  |  Test Loss: 0.788 | Tes Acc: 75.00
INFO >> Epoch: 21  |  Layer: 10  |  Train Loss: 0.393 | Train Acc: 86.05  |  Val Loss: 0.720 | Val Acc: 74.77  |  Test Loss: 0.924 | Tes Acc: 67.86
INFO >> Epoch: 21  |  Layer: 11  |  Train Loss: 0.366 | Train Acc: 86.34  |  Val Loss: 0.649 | Val Acc: 75.70  |  Test Loss: 0.785 | Tes Acc: 76.19
INFO >> Epoch: 21  |  Layer: 12  |  Train Loss: 0.340 | Train Acc: 88.95  |  Val Loss: 0.623 | Val Acc: 78.50  |  Test Loss: 0.731 | Tes Acc: 78.57
INFO >> Epoch: 21  |  Layer: 13  |  Train Loss: 0.335 | Train Acc: 89.53  |  Val Loss: 0.611 | Val Acc: 75.70  |  Test Loss: 0.662 | Tes Acc: 82.14

INFO >> Epoch: 22  |  Layer: 01  |  Train Loss: 0.614 | Train Acc: 75.29  |  Val Loss: 1.446 | Val Acc: 51.40  |  Test Loss: 1.464 | Tes Acc: 60.71
INFO >> Epoch: 22  |  Layer: 02  |  Train Loss: 0.610 | Train Acc: 77.62  |  Val Loss: 1.360 | Val Acc: 57.01  |  Test Loss: 1.391 | Tes Acc: 59.52
INFO >> Epoch: 22  |  Layer: 03  |  Train Loss: 0.575 | Train Acc: 78.20  |  Val Loss: 1.349 | Val Acc: 55.14  |  Test Loss: 1.333 | Tes Acc: 60.71
INFO >> Epoch: 22  |  Layer: 04  |  Train Loss: 0.509 | Train Acc: 81.10  |  Val Loss: 1.197 | Val Acc: 57.94  |  Test Loss: 1.257 | Tes Acc: 58.33
INFO >> Epoch: 22  |  Layer: 05  |  Train Loss: 0.495 | Train Acc: 82.56  |  Val Loss: 0.836 | Val Acc: 66.36  |  Test Loss: 0.905 | Tes Acc: 65.48
INFO >> Epoch: 22  |  Layer: 06  |  Train Loss: 0.433 | Train Acc: 85.47  |  Val Loss: 0.621 | Val Acc: 72.90  |  Test Loss: 0.775 | Tes Acc: 70.24
INFO >> Epoch: 22  |  Layer: 07  |  Train Loss: 0.383 | Train Acc: 89.53  |  Val Loss: 0.525 | Val Acc: 80.37  |  Test Loss: 0.573 | Tes Acc: 76.19
INFO >> Epoch: 22  |  Layer: 08  |  Train Loss: 0.372 | Train Acc: 88.08  |  Val Loss: 0.482 | Val Acc: 81.31  |  Test Loss: 0.530 | Tes Acc: 82.14
INFO >> Epoch: 22  |  Layer: 09  |  Train Loss: 0.343 | Train Acc: 88.08  |  Val Loss: 0.446 | Val Acc: 85.98  |  Test Loss: 0.475 | Tes Acc: 82.14
INFO >> Epoch: 22  |  Layer: 10  |  Train Loss: 0.365 | Train Acc: 87.21  |  Val Loss: 0.466 | Val Acc: 83.18  |  Test Loss: 0.553 | Tes Acc: 82.14
INFO >> Epoch: 22  |  Layer: 11  |  Train Loss: 0.337 | Train Acc: 88.66  |  Val Loss: 0.422 | Val Acc: 89.72  |  Test Loss: 0.464 | Tes Acc: 84.52
INFO >> Epoch: 22  |  Layer: 12  |  Train Loss: 0.312 | Train Acc: 89.53  |  Val Loss: 0.409 | Val Acc: 87.85  |  Test Loss: 0.455 | Tes Acc: 82.14
INFO >> Epoch: 22  |  Layer: 13  |  Train Loss: 0.310 | Train Acc: 90.41  |  Val Loss: 0.437 | Val Acc: 82.24  |  Test Loss: 0.417 | Tes Acc: 84.52

INFO >> Epoch: 23  |  Layer: 01  |  Train Loss: 0.651 | Train Acc: 74.13  |  Val Loss: 1.099 | Val Acc: 62.62  |  Test Loss: 1.512 | Tes Acc: 55.95
INFO >> Epoch: 23  |  Layer: 02  |  Train Loss: 0.619 | Train Acc: 74.13  |  Val Loss: 1.080 | Val Acc: 65.42  |  Test Loss: 1.345 | Tes Acc: 57.14
INFO >> Epoch: 23  |  Layer: 03  |  Train Loss: 0.599 | Train Acc: 76.74  |  Val Loss: 0.986 | Val Acc: 61.68  |  Test Loss: 1.217 | Tes Acc: 59.52
INFO >> Epoch: 23  |  Layer: 04  |  Train Loss: 0.524 | Train Acc: 79.36  |  Val Loss: 0.924 | Val Acc: 64.49  |  Test Loss: 1.160 | Tes Acc: 64.29
INFO >> Epoch: 23  |  Layer: 05  |  Train Loss: 0.443 | Train Acc: 86.34  |  Val Loss: 0.752 | Val Acc: 74.77  |  Test Loss: 0.720 | Tes Acc: 72.62
INFO >> Epoch: 23  |  Layer: 06  |  Train Loss: 0.380 | Train Acc: 88.08  |  Val Loss: 0.596 | Val Acc: 81.31  |  Test Loss: 0.662 | Tes Acc: 71.43
INFO >> Epoch: 23  |  Layer: 07  |  Train Loss: 0.327 | Train Acc: 90.41  |  Val Loss: 0.528 | Val Acc: 84.11  |  Test Loss: 0.451 | Tes Acc: 83.33
INFO >> Epoch: 23  |  Layer: 08  |  Train Loss: 0.318 | Train Acc: 90.12  |  Val Loss: 0.499 | Val Acc: 83.18  |  Test Loss: 0.471 | Tes Acc: 80.95
INFO >> Epoch: 23  |  Layer: 09  |  Train Loss: 0.296 | Train Acc: 90.41  |  Val Loss: 0.503 | Val Acc: 84.11  |  Test Loss: 0.423 | Tes Acc: 84.52
INFO >> Epoch: 23  |  Layer: 10  |  Train Loss: 0.308 | Train Acc: 88.95  |  Val Loss: 0.487 | Val Acc: 85.05  |  Test Loss: 0.436 | Tes Acc: 84.52
INFO >> Epoch: 23  |  Layer: 11  |  Train Loss: 0.289 | Train Acc: 89.24  |  Val Loss: 0.482 | Val Acc: 87.85  |  Test Loss: 0.420 | Tes Acc: 82.14
INFO >> Epoch: 23  |  Layer: 12  |  Train Loss: 0.264 | Train Acc: 90.41  |  Val Loss: 0.447 | Val Acc: 86.92  |  Test Loss: 0.391 | Tes Acc: 86.90
INFO >> Epoch: 23  |  Layer: 13  |  Train Loss: 0.265 | Train Acc: 92.15  |  Val Loss: 0.490 | Val Acc: 85.98  |  Test Loss: 0.402 | Tes Acc: 83.33

INFO >> Epoch: 24  |  Layer: 01  |  Train Loss: 0.538 | Train Acc: 79.07  |  Val Loss: 1.151 | Val Acc: 60.75  |  Test Loss: 1.124 | Tes Acc: 58.33
INFO >> Epoch: 24  |  Layer: 02  |  Train Loss: 0.500 | Train Acc: 82.27  |  Val Loss: 0.915 | Val Acc: 65.42  |  Test Loss: 1.031 | Tes Acc: 65.48
INFO >> Epoch: 24  |  Layer: 03  |  Train Loss: 0.462 | Train Acc: 83.72  |  Val Loss: 0.986 | Val Acc: 61.68  |  Test Loss: 1.134 | Tes Acc: 60.71
INFO >> Epoch: 24  |  Layer: 04  |  Train Loss: 0.412 | Train Acc: 84.59  |  Val Loss: 0.940 | Val Acc: 64.49  |  Test Loss: 1.130 | Tes Acc: 65.48
INFO >> Epoch: 24  |  Layer: 05  |  Train Loss: 0.388 | Train Acc: 87.79  |  Val Loss: 0.878 | Val Acc: 65.42  |  Test Loss: 1.034 | Tes Acc: 70.24
INFO >> Epoch: 24  |  Layer: 06  |  Train Loss: 0.329 | Train Acc: 89.83  |  Val Loss: 0.745 | Val Acc: 72.90  |  Test Loss: 0.897 | Tes Acc: 73.81
INFO >> Epoch: 24  |  Layer: 07  |  Train Loss: 0.291 | Train Acc: 91.86  |  Val Loss: 0.727 | Val Acc: 71.03  |  Test Loss: 0.761 | Tes Acc: 79.76
INFO >> Epoch: 24  |  Layer: 08  |  Train Loss: 0.296 | Train Acc: 91.57  |  Val Loss: 0.660 | Val Acc: 74.77  |  Test Loss: 0.698 | Tes Acc: 77.38
INFO >> Epoch: 24  |  Layer: 09  |  Train Loss: 0.280 | Train Acc: 91.57  |  Val Loss: 0.617 | Val Acc: 73.83  |  Test Loss: 0.646 | Tes Acc: 78.57
INFO >> Epoch: 24  |  Layer: 10  |  Train Loss: 0.285 | Train Acc: 90.41  |  Val Loss: 0.541 | Val Acc: 78.50  |  Test Loss: 0.579 | Tes Acc: 82.14
INFO >> Epoch: 24  |  Layer: 11  |  Train Loss: 0.266 | Train Acc: 92.44  |  Val Loss: 0.559 | Val Acc: 78.50  |  Test Loss: 0.574 | Tes Acc: 82.14
INFO >> Epoch: 24  |  Layer: 12  |  Train Loss: 0.245 | Train Acc: 93.31  |  Val Loss: 0.516 | Val Acc: 79.44  |  Test Loss: 0.517 | Tes Acc: 83.33
INFO >> Epoch: 24  |  Layer: 13  |  Train Loss: 0.244 | Train Acc: 93.90  |  Val Loss: 0.597 | Val Acc: 74.77  |  Test Loss: 0.553 | Tes Acc: 83.33

INFO >> Epoch: 25  |  Layer: 01  |  Train Loss: 0.491 | Train Acc: 83.14  |  Val Loss: 1.064 | Val Acc: 59.81  |  Test Loss: 1.474 | Tes Acc: 60.71
INFO >> Epoch: 25  |  Layer: 02  |  Train Loss: 0.457 | Train Acc: 83.14  |  Val Loss: 1.139 | Val Acc: 57.94  |  Test Loss: 1.403 | Tes Acc: 57.14
INFO >> Epoch: 25  |  Layer: 03  |  Train Loss: 0.444 | Train Acc: 83.72  |  Val Loss: 0.917 | Val Acc: 71.03  |  Test Loss: 1.038 | Tes Acc: 64.29
INFO >> Epoch: 25  |  Layer: 04  |  Train Loss: 0.384 | Train Acc: 85.76  |  Val Loss: 0.935 | Val Acc: 64.49  |  Test Loss: 1.083 | Tes Acc: 61.90
INFO >> Epoch: 25  |  Layer: 05  |  Train Loss: 0.367 | Train Acc: 84.59  |  Val Loss: 0.769 | Val Acc: 70.09  |  Test Loss: 0.914 | Tes Acc: 69.05
INFO >> Epoch: 25  |  Layer: 06  |  Train Loss: 0.301 | Train Acc: 89.53  |  Val Loss: 0.551 | Val Acc: 81.31  |  Test Loss: 0.780 | Tes Acc: 71.43
INFO >> Epoch: 25  |  Layer: 07  |  Train Loss: 0.281 | Train Acc: 90.12  |  Val Loss: 0.530 | Val Acc: 80.37  |  Test Loss: 0.656 | Tes Acc: 80.95
INFO >> Epoch: 25  |  Layer: 08  |  Train Loss: 0.284 | Train Acc: 88.95  |  Val Loss: 0.530 | Val Acc: 79.44  |  Test Loss: 0.665 | Tes Acc: 77.38
INFO >> Epoch: 25  |  Layer: 09  |  Train Loss: 0.284 | Train Acc: 88.37  |  Val Loss: 0.616 | Val Acc: 76.64  |  Test Loss: 0.797 | Tes Acc: 76.19
INFO >> Epoch: 25  |  Layer: 10  |  Train Loss: 0.252 | Train Acc: 93.02  |  Val Loss: 0.521 | Val Acc: 79.44  |  Test Loss: 0.652 | Tes Acc: 80.95
INFO >> Epoch: 25  |  Layer: 11  |  Train Loss: 0.243 | Train Acc: 92.73  |  Val Loss: 0.547 | Val Acc: 81.31  |  Test Loss: 0.666 | Tes Acc: 82.14
INFO >> Epoch: 25  |  Layer: 12  |  Train Loss: 0.225 | Train Acc: 93.31  |  Val Loss: 0.508 | Val Acc: 82.24  |  Test Loss: 0.580 | Tes Acc: 84.52
INFO >> Epoch: 25  |  Layer: 13  |  Train Loss: 0.227 | Train Acc: 93.02  |  Val Loss: 0.540 | Val Acc: 81.31  |  Test Loss: 0.555 | Tes Acc: 85.71

INFO >> Epoch: 26  |  Layer: 01  |  Train Loss: 0.518 | Train Acc: 79.65  |  Val Loss: 0.987 | Val Acc: 67.29  |  Test Loss: 1.376 | Tes Acc: 63.10
INFO >> Epoch: 26  |  Layer: 02  |  Train Loss: 0.488 | Train Acc: 80.23  |  Val Loss: 1.074 | Val Acc: 66.36  |  Test Loss: 1.204 | Tes Acc: 63.10
INFO >> Epoch: 26  |  Layer: 03  |  Train Loss: 0.436 | Train Acc: 82.85  |  Val Loss: 0.856 | Val Acc: 71.03  |  Test Loss: 1.060 | Tes Acc: 65.48
INFO >> Epoch: 26  |  Layer: 04  |  Train Loss: 0.398 | Train Acc: 83.14  |  Val Loss: 0.864 | Val Acc: 69.16  |  Test Loss: 1.082 | Tes Acc: 66.67
INFO >> Epoch: 26  |  Layer: 05  |  Train Loss: 0.365 | Train Acc: 86.05  |  Val Loss: 0.756 | Val Acc: 75.70  |  Test Loss: 0.934 | Tes Acc: 69.05
INFO >> Epoch: 26  |  Layer: 06  |  Train Loss: 0.284 | Train Acc: 90.12  |  Val Loss: 0.570 | Val Acc: 81.31  |  Test Loss: 0.805 | Tes Acc: 71.43
INFO >> Epoch: 26  |  Layer: 07  |  Train Loss: 0.246 | Train Acc: 93.60  |  Val Loss: 0.520 | Val Acc: 84.11  |  Test Loss: 0.614 | Tes Acc: 75.00
INFO >> Epoch: 26  |  Layer: 08  |  Train Loss: 0.249 | Train Acc: 93.02  |  Val Loss: 0.559 | Val Acc: 83.18  |  Test Loss: 0.796 | Tes Acc: 72.62
INFO >> Epoch: 26  |  Layer: 09  |  Train Loss: 0.268 | Train Acc: 90.99  |  Val Loss: 0.813 | Val Acc: 78.50  |  Test Loss: 1.109 | Tes Acc: 70.24
INFO >> Epoch: 26  |  Layer: 10  |  Train Loss: 0.251 | Train Acc: 91.86  |  Val Loss: 0.831 | Val Acc: 76.64  |  Test Loss: 1.146 | Tes Acc: 66.67
INFO >> Epoch: 26  |  Layer: 11  |  Train Loss: 0.241 | Train Acc: 93.02  |  Val Loss: 0.928 | Val Acc: 74.77  |  Test Loss: 1.258 | Tes Acc: 63.10
INFO >> Epoch: 26  |  Layer: 12  |  Train Loss: 0.214 | Train Acc: 94.48  |  Val Loss: 0.843 | Val Acc: 79.44  |  Test Loss: 1.079 | Tes Acc: 70.24
INFO >> Epoch: 26  |  Layer: 13  |  Train Loss: 0.207 | Train Acc: 94.77  |  Val Loss: 0.814 | Val Acc: 79.44  |  Test Loss: 0.978 | Tes Acc: 72.62

INFO >> Epoch: 27  |  Layer: 01  |  Train Loss: 0.471 | Train Acc: 81.40  |  Val Loss: 1.096 | Val Acc: 67.29  |  Test Loss: 1.118 | Tes Acc: 65.48
INFO >> Epoch: 27  |  Layer: 02  |  Train Loss: 0.463 | Train Acc: 80.81  |  Val Loss: 1.082 | Val Acc: 67.29  |  Test Loss: 1.020 | Tes Acc: 70.24
INFO >> Epoch: 27  |  Layer: 03  |  Train Loss: 0.408 | Train Acc: 85.17  |  Val Loss: 0.975 | Val Acc: 69.16  |  Test Loss: 0.999 | Tes Acc: 69.05
INFO >> Epoch: 27  |  Layer: 04  |  Train Loss: 0.378 | Train Acc: 86.63  |  Val Loss: 0.903 | Val Acc: 70.09  |  Test Loss: 0.981 | Tes Acc: 66.67
INFO >> Epoch: 27  |  Layer: 05  |  Train Loss: 0.345 | Train Acc: 86.63  |  Val Loss: 0.759 | Val Acc: 75.70  |  Test Loss: 0.850 | Tes Acc: 70.24
INFO >> Epoch: 27  |  Layer: 06  |  Train Loss: 0.281 | Train Acc: 90.70  |  Val Loss: 0.588 | Val Acc: 82.24  |  Test Loss: 0.749 | Tes Acc: 71.43
INFO >> Epoch: 27  |  Layer: 07  |  Train Loss: 0.242 | Train Acc: 93.90  |  Val Loss: 0.511 | Val Acc: 83.18  |  Test Loss: 0.558 | Tes Acc: 76.19
INFO >> Epoch: 27  |  Layer: 08  |  Train Loss: 0.287 | Train Acc: 89.24  |  Val Loss: 0.413 | Val Acc: 85.98  |  Test Loss: 0.505 | Tes Acc: 78.57
INFO >> Epoch: 27  |  Layer: 09  |  Train Loss: 0.369 | Train Acc: 84.59  |  Val Loss: 0.546 | Val Acc: 80.37  |  Test Loss: 0.645 | Tes Acc: 77.38
INFO >> Epoch: 27  |  Layer: 10  |  Train Loss: 0.407 | Train Acc: 82.56  |  Val Loss: 0.642 | Val Acc: 76.64  |  Test Loss: 0.738 | Tes Acc: 75.00
INFO >> Epoch: 27  |  Layer: 11  |  Train Loss: 0.419 | Train Acc: 81.98  |  Val Loss: 0.651 | Val Acc: 77.57  |  Test Loss: 0.738 | Tes Acc: 76.19
INFO >> Epoch: 27  |  Layer: 12  |  Train Loss: 0.389 | Train Acc: 83.72  |  Val Loss: 0.545 | Val Acc: 79.44  |  Test Loss: 0.585 | Tes Acc: 77.38
INFO >> Epoch: 27  |  Layer: 13  |  Train Loss: 0.362 | Train Acc: 86.05  |  Val Loss: 0.574 | Val Acc: 81.31  |  Test Loss: 0.578 | Tes Acc: 77.38

INFO >> Epoch: 28  |  Layer: 01  |  Train Loss: 0.475 | Train Acc: 84.01  |  Val Loss: 1.131 | Val Acc: 63.55  |  Test Loss: 1.309 | Tes Acc: 65.48
INFO >> Epoch: 28  |  Layer: 02  |  Train Loss: 0.427 | Train Acc: 84.59  |  Val Loss: 1.137 | Val Acc: 62.62  |  Test Loss: 1.423 | Tes Acc: 61.90
INFO >> Epoch: 28  |  Layer: 03  |  Train Loss: 0.400 | Train Acc: 86.34  |  Val Loss: 0.964 | Val Acc: 67.29  |  Test Loss: 1.165 | Tes Acc: 63.10
INFO >> Epoch: 28  |  Layer: 04  |  Train Loss: 0.380 | Train Acc: 86.92  |  Val Loss: 0.854 | Val Acc: 70.09  |  Test Loss: 1.081 | Tes Acc: 64.29
INFO >> Epoch: 28  |  Layer: 05  |  Train Loss: 0.346 | Train Acc: 89.53  |  Val Loss: 0.767 | Val Acc: 66.36  |  Test Loss: 0.979 | Tes Acc: 69.05
INFO >> Epoch: 28  |  Layer: 06  |  Train Loss: 0.271 | Train Acc: 91.86  |  Val Loss: 0.573 | Val Acc: 80.37  |  Test Loss: 0.833 | Tes Acc: 75.00
INFO >> Epoch: 28  |  Layer: 07  |  Train Loss: 0.244 | Train Acc: 91.86  |  Val Loss: 0.533 | Val Acc: 78.50  |  Test Loss: 0.652 | Tes Acc: 79.76
INFO >> Epoch: 28  |  Layer: 08  |  Train Loss: 0.277 | Train Acc: 89.53  |  Val Loss: 0.440 | Val Acc: 84.11  |  Test Loss: 0.538 | Tes Acc: 80.95
INFO >> Epoch: 28  |  Layer: 09  |  Train Loss: 0.251 | Train Acc: 90.41  |  Val Loss: 0.438 | Val Acc: 85.05  |  Test Loss: 0.572 | Tes Acc: 80.95
INFO >> Epoch: 28  |  Layer: 10  |  Train Loss: 0.252 | Train Acc: 90.99  |  Val Loss: 0.515 | Val Acc: 83.18  |  Test Loss: 0.633 | Tes Acc: 83.33
INFO >> Epoch: 28  |  Layer: 11  |  Train Loss: 0.245 | Train Acc: 92.44  |  Val Loss: 0.478 | Val Acc: 83.18  |  Test Loss: 0.566 | Tes Acc: 82.14
INFO >> Epoch: 28  |  Layer: 12  |  Train Loss: 0.264 | Train Acc: 90.70  |  Val Loss: 0.439 | Val Acc: 79.44  |  Test Loss: 0.533 | Tes Acc: 82.14
INFO >> Epoch: 28  |  Layer: 13  |  Train Loss: 0.236 | Train Acc: 92.44  |  Val Loss: 0.410 | Val Acc: 85.98  |  Test Loss: 0.473 | Tes Acc: 82.14

INFO >> Epoch: 29  |  Layer: 01  |  Train Loss: 0.517 | Train Acc: 80.23  |  Val Loss: 0.875 | Val Acc: 64.49  |  Test Loss: 1.076 | Tes Acc: 67.86
INFO >> Epoch: 29  |  Layer: 02  |  Train Loss: 0.599 | Train Acc: 75.58  |  Val Loss: 1.036 | Val Acc: 68.22  |  Test Loss: 0.960 | Tes Acc: 67.86
INFO >> Epoch: 29  |  Layer: 03  |  Train Loss: 0.480 | Train Acc: 81.40  |  Val Loss: 0.861 | Val Acc: 75.70  |  Test Loss: 0.824 | Tes Acc: 70.24
INFO >> Epoch: 29  |  Layer: 04  |  Train Loss: 0.420 | Train Acc: 85.47  |  Val Loss: 0.787 | Val Acc: 76.64  |  Test Loss: 0.809 | Tes Acc: 69.05
INFO >> Epoch: 29  |  Layer: 05  |  Train Loss: 0.376 | Train Acc: 85.76  |  Val Loss: 0.659 | Val Acc: 74.77  |  Test Loss: 0.680 | Tes Acc: 72.62
INFO >> Epoch: 29  |  Layer: 06  |  Train Loss: 0.288 | Train Acc: 90.12  |  Val Loss: 0.515 | Val Acc: 82.24  |  Test Loss: 0.675 | Tes Acc: 72.62
INFO >> Epoch: 29  |  Layer: 07  |  Train Loss: 0.274 | Train Acc: 88.66  |  Val Loss: 0.458 | Val Acc: 81.31  |  Test Loss: 0.499 | Tes Acc: 79.76
INFO >> Epoch: 29  |  Layer: 08  |  Train Loss: 0.234 | Train Acc: 93.02  |  Val Loss: 0.443 | Val Acc: 85.05  |  Test Loss: 0.546 | Tes Acc: 77.38
INFO >> Epoch: 29  |  Layer: 09  |  Train Loss: 0.209 | Train Acc: 94.19  |  Val Loss: 0.422 | Val Acc: 85.05  |  Test Loss: 0.506 | Tes Acc: 78.57
INFO >> Epoch: 29  |  Layer: 10  |  Train Loss: 0.212 | Train Acc: 94.19  |  Val Loss: 0.428 | Val Acc: 85.05  |  Test Loss: 0.568 | Tes Acc: 78.57
INFO >> Epoch: 29  |  Layer: 11  |  Train Loss: 0.186 | Train Acc: 95.93  |  Val Loss: 0.434 | Val Acc: 88.79  |  Test Loss: 0.524 | Tes Acc: 83.33
INFO >> Epoch: 29  |  Layer: 12  |  Train Loss: 0.193 | Train Acc: 94.19  |  Val Loss: 0.415 | Val Acc: 86.92  |  Test Loss: 0.538 | Tes Acc: 80.95
INFO >> Epoch: 29  |  Layer: 13  |  Train Loss: 0.177 | Train Acc: 95.35  |  Val Loss: 0.461 | Val Acc: 83.18  |  Test Loss: 0.551 | Tes Acc: 82.14

INFO >> Epoch: 30  |  Layer: 01  |  Train Loss: 0.429 | Train Acc: 82.56  |  Val Loss: 0.833 | Val Acc: 71.03  |  Test Loss: 0.992 | Tes Acc: 67.86
INFO >> Epoch: 30  |  Layer: 02  |  Train Loss: 0.456 | Train Acc: 80.81  |  Val Loss: 0.916 | Val Acc: 74.77  |  Test Loss: 0.890 | Tes Acc: 67.86
INFO >> Epoch: 30  |  Layer: 03  |  Train Loss: 0.399 | Train Acc: 84.30  |  Val Loss: 0.878 | Val Acc: 74.77  |  Test Loss: 0.795 | Tes Acc: 71.43
INFO >> Epoch: 30  |  Layer: 04  |  Train Loss: 0.361 | Train Acc: 85.76  |  Val Loss: 0.826 | Val Acc: 76.64  |  Test Loss: 0.771 | Tes Acc: 73.81
INFO >> Epoch: 30  |  Layer: 05  |  Train Loss: 0.343 | Train Acc: 84.88  |  Val Loss: 0.740 | Val Acc: 78.50  |  Test Loss: 0.641 | Tes Acc: 78.57
INFO >> Epoch: 30  |  Layer: 06  |  Train Loss: 0.267 | Train Acc: 92.15  |  Val Loss: 0.526 | Val Acc: 79.44  |  Test Loss: 0.586 | Tes Acc: 77.38
INFO >> Epoch: 30  |  Layer: 07  |  Train Loss: 0.240 | Train Acc: 91.28  |  Val Loss: 0.447 | Val Acc: 82.24  |  Test Loss: 0.451 | Tes Acc: 83.33
INFO >> Epoch: 30  |  Layer: 08  |  Train Loss: 0.204 | Train Acc: 94.19  |  Val Loss: 0.356 | Val Acc: 85.98  |  Test Loss: 0.389 | Tes Acc: 86.90
INFO >> Epoch: 30  |  Layer: 09  |  Train Loss: 0.209 | Train Acc: 93.90  |  Val Loss: 0.379 | Val Acc: 85.98  |  Test Loss: 0.366 | Tes Acc: 84.52
INFO >> Epoch: 30  |  Layer: 10  |  Train Loss: 0.180 | Train Acc: 96.51  |  Val Loss: 0.367 | Val Acc: 86.92  |  Test Loss: 0.426 | Tes Acc: 84.52
INFO >> Epoch: 30  |  Layer: 11  |  Train Loss: 0.169 | Train Acc: 96.51  |  Val Loss: 0.358 | Val Acc: 87.85  |  Test Loss: 0.411 | Tes Acc: 84.52
INFO >> Epoch: 30  |  Layer: 12  |  Train Loss: 0.187 | Train Acc: 94.19  |  Val Loss: 0.332 | Val Acc: 89.72  |  Test Loss: 0.379 | Tes Acc: 86.90
INFO >> Epoch: 30  |  Layer: 13  |  Train Loss: 0.174 | Train Acc: 95.64  |  Val Loss: 0.346 | Val Acc: 88.79  |  Test Loss: 0.310 | Tes Acc: 88.10



INFO >> Time Taken: 04:35

INFO >> Layer: 01  |  Best Val Acc: 71.03  |  Best Test Acc: 67.86
INFO >> Layer: 02  |  Best Val Acc: 74.77  |  Best Test Acc: 67.86
INFO >> Layer: 03  |  Best Val Acc: 75.70  |  Best Test Acc: 70.24
INFO >> Layer: 04  |  Best Val Acc: 76.64  |  Best Test Acc: 69.05
INFO >> Layer: 05  |  Best Val Acc: 78.50  |  Best Test Acc: 78.57
INFO >> Layer: 06  |  Best Val Acc: 82.24  |  Best Test Acc: 71.43
INFO >> Layer: 07  |  Best Val Acc: 84.11  |  Best Test Acc: 83.33
INFO >> Layer: 08  |  Best Val Acc: 85.98  |  Best Test Acc: 78.57
INFO >> Layer: 09  |  Best Val Acc: 85.98  |  Best Test Acc: 82.14
INFO >> Layer: 10  |  Best Val Acc: 86.92  |  Best Test Acc: 84.52
INFO >> Layer: 11  |  Best Val Acc: 89.72  |  Best Test Acc: 84.52
INFO >> Layer: 12  |  Best Val Acc: 89.72  |  Best Test Acc: 86.90
INFO >> Layer: 13  |  Best Val Acc: 88.79  |  Best Test Acc: 88.10

DEBUG >> Last state saved
INFO >> Mixing Weights (softmax): 
1.0
[0.5777208805084229, 0.4222790598869324]
[0.38989248871803284, 0.2979116439819336, 0.3121958076953888]
[0.28526100516319275, 0.22398002445697784, 0.24370060861110687, 0.24705834686756134]
[0.22440703213214874, 0.17436501383781433, 0.19577234983444214, 0.2065543681383133, 0.1989012211561203]
[0.18714943528175354, 0.14173215627670288, 0.16251470148563385, 0.17223550379276276, 0.16992661356925964, 0.16644161939620972]
[0.15720440447330475, 0.11915349215269089, 0.13645122945308685, 0.14596430957317352, 0.14628858864307404, 0.14799751341342926, 0.14694039523601532]
[0.13692502677440643, 0.10336048901081085, 0.11738632619380951, 0.12553685903549194, 0.12589776515960693, 0.13172462582588196, 0.13482634723186493, 0.12434253841638565]
[0.12062603235244751, 0.09094882011413574, 0.10139788687229156, 0.10851480066776276, 0.10929349064826965, 0.1167462095618248, 0.12382815778255463, 0.1169774979352951, 0.11166706681251526]
[0.10866880416870117, 0.08137215673923492, 0.08937282115221024, 0.09524591267108917, 0.09669025242328644, 0.10232909023761749, 0.11121194064617157, 0.10672584921121597, 0.10477998852729797, 0.10360322147607803]
[0.0980525091290474, 0.07404601573944092, 0.08122295886278152, 0.08472021669149399, 0.08595133572816849, 0.09046918898820877, 0.0996566191315651, 0.09690521657466888, 0.09662691503763199, 0.09758937358856201, 0.09475958347320557]
[0.0905098244547844, 0.06864850223064423, 0.07417294383049011, 0.07644293457269669, 0.07767150551080704, 0.08195800334215164, 0.08990857005119324, 0.0883721262216568, 0.08913413435220718, 0.09012547880411148, 0.08912913501262665, 0.08392684161663055]
[0.08454077690839767, 0.06263713538646698, 0.06615115702152252, 0.06904289126396179, 0.06973092257976532, 0.07335955649614334, 0.08159501105546951, 0.08102668076753616, 0.08295594155788422, 0.08395731449127197, 0.08345700800418854, 0.08079154789447784, 0.0807541161775589]


INFO >> History saved (./history/v1.5/EmoDB/FX_HUBERT_BASE_CLF_CM_PROBING_DENSE/Run2/history.pt)
