
--------------------------------------------------
Multilingual SER System v1.1
--------------------------------------------------
Run Name      : Run1
Model         : WAV2VEC2_LARGE_XLSR
Extract Mode  : memory
Device        : gpu
Dataset       : EmoDB
Epochs        : 20
Num Workers   : 2
Data Dir      : ./data
History Dir   : ./history
Weights Dir   : ./weights
Log Level     : debug
Purge Cache   : False
Job Name      : Job21
Job Id        : 30593544

Timestamp : 2023-02-27 20:29:26.224473

INFO >> Running on CUDA


INFO >> Training Classifier

DEBUG >> Best state saved | Val Acc 17.757008969783783 | Test Acc 14.28571492433548

INFO >> Epoch: 1 |   Train Loss: 14.717 | Train Acc: 11.92 |   Val Loss: 3.976 | Val Acc: 17.76 |   Test Loss: 3.569 | Tes Acc: 14.29
INFO >> Epoch: 2 |   Train Loss: 2.844 | Train Acc: 12.50 |   Val Loss: 1.977 | Val Acc: 11.21 |   Test Loss: 1.945 | Tes Acc: 10.71
INFO >> Epoch: 3 |   Train Loss: 2.029 | Train Acc: 19.19 |   Val Loss: 1.950 | Val Acc: 11.21 |   Test Loss: 1.905 | Tes Acc: 19.05
DEBUG >> Best state saved | Val Acc 28.037384152412415 | Test Acc 30.95238208770752

INFO >> Epoch: 4 |   Train Loss: 1.904 | Train Acc: 19.48 |   Val Loss: 1.892 | Val Acc: 28.04 |   Test Loss: 1.863 | Tes Acc: 30.95
DEBUG >> Best state saved | Val Acc 29.906541109085083 | Test Acc 30.95238208770752

INFO >> Epoch: 5 |   Train Loss: 1.846 | Train Acc: 26.74 |   Val Loss: 1.853 | Val Acc: 29.91 |   Test Loss: 1.833 | Tes Acc: 30.95
DEBUG >> Best state saved | Val Acc 32.710281014442444 | Test Acc 30.95238208770752

INFO >> Epoch: 6 |   Train Loss: 1.794 | Train Acc: 28.78 |   Val Loss: 1.807 | Val Acc: 32.71 |   Test Loss: 1.785 | Tes Acc: 30.95
INFO >> Epoch: 7 |   Train Loss: 1.733 | Train Acc: 32.27 |   Val Loss: 1.810 | Val Acc: 20.56 |   Test Loss: 1.754 | Tes Acc: 21.43
DEBUG >> Best state saved | Val Acc 45.79439163208008 | Test Acc 52.3809552192688

INFO >> Epoch: 8 |   Train Loss: 1.664 | Train Acc: 33.43 |   Val Loss: 1.537 | Val Acc: 45.79 |   Test Loss: 1.475 | Tes Acc: 52.38
INFO >> Epoch: 9 |   Train Loss: 1.446 | Train Acc: 40.99 |   Val Loss: 1.401 | Val Acc: 45.79 |   Test Loss: 1.362 | Tes Acc: 44.05
DEBUG >> Best state saved | Val Acc 57.94392228126526 | Test Acc 67.85714030265808

INFO >> Epoch: 10 |   Train Loss: 1.221 | Train Acc: 52.33 |   Val Loss: 1.132 | Val Acc: 57.94 |   Test Loss: 1.098 | Tes Acc: 67.86
DEBUG >> Best state saved | Val Acc 61.68224215507507 | Test Acc 55.95238208770752

INFO >> Epoch: 11 |   Train Loss: 0.976 | Train Acc: 59.30 |   Val Loss: 0.926 | Val Acc: 61.68 |   Test Loss: 1.037 | Tes Acc: 55.95
DEBUG >> Best state saved | Val Acc 64.4859790802002 | Test Acc 60.71428656578064

INFO >> Epoch: 12 |   Train Loss: 0.847 | Train Acc: 64.83 |   Val Loss: 0.820 | Val Acc: 64.49 |   Test Loss: 0.937 | Tes Acc: 60.71
DEBUG >> Best state saved | Val Acc 76.63551568984985 | Test Acc 79.76190447807312

INFO >> Epoch: 13 |   Train Loss: 0.682 | Train Acc: 73.26 |   Val Loss: 0.580 | Val Acc: 76.64 |   Test Loss: 0.590 | Tes Acc: 79.76
DEBUG >> Best state saved | Val Acc 83.17757248878479 | Test Acc 88.09523582458496

INFO >> Epoch: 14 |   Train Loss: 0.443 | Train Acc: 88.66 |   Val Loss: 0.418 | Val Acc: 83.18 |   Test Loss: 0.409 | Tes Acc: 88.10
INFO >> Epoch: 15 |   Train Loss: 0.310 | Train Acc: 90.41 |   Val Loss: 0.618 | Val Acc: 71.03 |   Test Loss: 0.595 | Tes Acc: 77.38
INFO >> Epoch: 16 |   Train Loss: 0.293 | Train Acc: 87.50 |   Val Loss: 0.426 | Val Acc: 80.37 |   Test Loss: 0.289 | Tes Acc: 89.29
DEBUG >> Best state saved | Val Acc 89.71962332725525 | Test Acc 90.47619104385376

INFO >> Epoch: 17 |   Train Loss: 0.163 | Train Acc: 95.35 |   Val Loss: 0.261 | Val Acc: 89.72 |   Test Loss: 0.216 | Tes Acc: 90.48
DEBUG >> Best state saved | Val Acc 92.52336621284485 | Test Acc 85.71428656578064

INFO >> Epoch: 18 |   Train Loss: 0.110 | Train Acc: 96.51 |   Val Loss: 0.207 | Val Acc: 92.52 |   Test Loss: 0.365 | Tes Acc: 85.71
INFO >> Epoch: 19 |   Train Loss: 0.054 | Train Acc: 99.13 |   Val Loss: 0.233 | Val Acc: 90.65 |   Test Loss: 0.343 | Tes Acc: 85.71
DEBUG >> Best state saved | Val Acc 96.26168012619019 | Test Acc 94.04761791229248

INFO >> Epoch: 20 |   Train Loss: 0.034 | Train Acc: 99.13 |   Val Loss: 0.131 | Val Acc: 96.26 |   Test Loss: 0.113 | Tes Acc: 94.05


INFO >> Time Taken: 2:05:40

INFO >> Best Val Acc : 96.26168012619019 | Best Test A : 94.04761791229248

INFO >> Agg. Weights : 
0.04120161011815071 -0.14026570320129395 -0.002375238575041294 0.08482515066862106 -0.07001914829015732 0.22372856736183167 0.258630633354187 0.08384460210800171 0.2849002778530121 0.13925299048423767 0.06961992383003235 0.18525490164756775 -0.1111016646027565 0.1111864224076271 0.2607019245624542 0.12426354736089706 0.28301724791526794 -0.011584381572902203 0.033604901283979416 0.027812732383608818 0.20867112278938293 0.12721873819828033 0.014887561090290546 -0.1419619470834732

DEBUG >> Last state saved | Val Acc 96.26168012619019 | Test Acc 94.04761791229248

INFO >> History saved (./history/v1.1/EmoDB/WAV2VEC2_LARGE_XLSR/Run1/history.pt)
