
--------------------------------------------------
Multilingual SER System v1.5
--------------------------------------------------
Run Name      : Run1
Fx Model      : HUBERT_BASE
Clf Model     : CM_PROBING_LINEAR
Extract Mode  : gpu_memory
Dataset       : ShEMO
Device        : gpu
Epochs        : 30
Num Workers   : 3
Data Dir      : ./data
History Dir   : ./history
Weights Dir   : ./weights
Log Level     : debug
Purge Cache   : False
Job Name      : Job39
Job Id        : 31668385
GPU           : Quadro RTX 8000
GPU Count     : 1
GPU Memory    : 44.49 GB

Timestamp : 2023-04-06 02:01:38.629770

INFO >> Running on CUDA


INFO >> Training Classifier

INFO >> Epoch: 1  |  Layer: 01  |  Train Loss: 1.453 | Train Acc: 39.95  |  Val Loss: 1.393 | Val Acc: 50.90  |  Test Loss: 1.142 | Tes Acc: 67.20
INFO >> Epoch: 1  |  Layer: 02  |  Train Loss: 1.451 | Train Acc: 39.61  |  Val Loss: 1.416 | Val Acc: 40.50  |  Test Loss: 1.177 | Tes Acc: 44.35
INFO >> Epoch: 1  |  Layer: 03  |  Train Loss: 1.461 | Train Acc: 38.16  |  Val Loss: 1.415 | Val Acc: 34.59  |  Test Loss: 1.207 | Tes Acc: 38.71
INFO >> Epoch: 1  |  Layer: 04  |  Train Loss: 1.468 | Train Acc: 37.83  |  Val Loss: 1.418 | Val Acc: 33.87  |  Test Loss: 1.215 | Tes Acc: 38.17
INFO >> Epoch: 1  |  Layer: 05  |  Train Loss: 1.476 | Train Acc: 37.44  |  Val Loss: 1.420 | Val Acc: 39.43  |  Test Loss: 1.201 | Tes Acc: 45.97
INFO >> Epoch: 1  |  Layer: 06  |  Train Loss: 1.472 | Train Acc: 38.12  |  Val Loss: 1.416 | Val Acc: 34.41  |  Test Loss: 1.201 | Tes Acc: 38.71
INFO >> Epoch: 1  |  Layer: 07  |  Train Loss: 1.469 | Train Acc: 38.26  |  Val Loss: 1.413 | Val Acc: 38.71  |  Test Loss: 1.195 | Tes Acc: 42.20
INFO >> Epoch: 1  |  Layer: 08  |  Train Loss: 1.477 | Train Acc: 39.13  |  Val Loss: 1.417 | Val Acc: 41.22  |  Test Loss: 1.206 | Tes Acc: 48.92
INFO >> Epoch: 1  |  Layer: 09  |  Train Loss: 1.488 | Train Acc: 37.29  |  Val Loss: 1.427 | Val Acc: 34.95  |  Test Loss: 1.214 | Tes Acc: 39.52
INFO >> Epoch: 1  |  Layer: 10  |  Train Loss: 1.482 | Train Acc: 36.52  |  Val Loss: 1.420 | Val Acc: 33.69  |  Test Loss: 1.209 | Tes Acc: 37.63
INFO >> Epoch: 1  |  Layer: 11  |  Train Loss: 1.489 | Train Acc: 37.68  |  Val Loss: 1.415 | Val Acc: 38.35  |  Test Loss: 1.204 | Tes Acc: 44.62
INFO >> Epoch: 1  |  Layer: 12  |  Train Loss: 1.480 | Train Acc: 37.39  |  Val Loss: 1.418 | Val Acc: 33.69  |  Test Loss: 1.214 | Tes Acc: 36.83
INFO >> Epoch: 1  |  Layer: 13  |  Train Loss: 1.484 | Train Acc: 38.60  |  Val Loss: 1.409 | Val Acc: 42.83  |  Test Loss: 1.199 | Tes Acc: 50.27

INFO >> Epoch: 2  |  Layer: 01  |  Train Loss: 1.346 | Train Acc: 47.97  |  Val Loss: 1.338 | Val Acc: 48.92  |  Test Loss: 1.053 | Tes Acc: 56.18
INFO >> Epoch: 2  |  Layer: 02  |  Train Loss: 1.347 | Train Acc: 47.87  |  Val Loss: 1.334 | Val Acc: 50.90  |  Test Loss: 1.038 | Tes Acc: 61.56
INFO >> Epoch: 2  |  Layer: 03  |  Train Loss: 1.366 | Train Acc: 45.51  |  Val Loss: 1.348 | Val Acc: 50.90  |  Test Loss: 1.051 | Tes Acc: 67.47
INFO >> Epoch: 2  |  Layer: 04  |  Train Loss: 1.378 | Train Acc: 44.06  |  Val Loss: 1.371 | Val Acc: 46.95  |  Test Loss: 1.105 | Tes Acc: 54.84
INFO >> Epoch: 2  |  Layer: 05  |  Train Loss: 1.379 | Train Acc: 45.65  |  Val Loss: 1.358 | Val Acc: 50.36  |  Test Loss: 1.088 | Tes Acc: 62.37
INFO >> Epoch: 2  |  Layer: 06  |  Train Loss: 1.364 | Train Acc: 45.80  |  Val Loss: 1.339 | Val Acc: 52.87  |  Test Loss: 1.057 | Tes Acc: 65.05
INFO >> Epoch: 2  |  Layer: 07  |  Train Loss: 1.367 | Train Acc: 47.34  |  Val Loss: 1.336 | Val Acc: 54.48  |  Test Loss: 1.059 | Tes Acc: 66.94
INFO >> Epoch: 2  |  Layer: 08  |  Train Loss: 1.371 | Train Acc: 45.99  |  Val Loss: 1.348 | Val Acc: 51.61  |  Test Loss: 1.080 | Tes Acc: 61.29
INFO >> Epoch: 2  |  Layer: 09  |  Train Loss: 1.382 | Train Acc: 44.49  |  Val Loss: 1.360 | Val Acc: 46.77  |  Test Loss: 1.101 | Tes Acc: 57.80
INFO >> Epoch: 2  |  Layer: 10  |  Train Loss: 1.373 | Train Acc: 44.83  |  Val Loss: 1.349 | Val Acc: 51.97  |  Test Loss: 1.081 | Tes Acc: 61.02
INFO >> Epoch: 2  |  Layer: 11  |  Train Loss: 1.361 | Train Acc: 47.29  |  Val Loss: 1.322 | Val Acc: 53.76  |  Test Loss: 1.061 | Tes Acc: 64.78
INFO >> Epoch: 2  |  Layer: 12  |  Train Loss: 1.364 | Train Acc: 46.76  |  Val Loss: 1.329 | Val Acc: 52.15  |  Test Loss: 1.067 | Tes Acc: 62.63
INFO >> Epoch: 2  |  Layer: 13  |  Train Loss: 1.355 | Train Acc: 47.54  |  Val Loss: 1.313 | Val Acc: 51.79  |  Test Loss: 1.055 | Tes Acc: 61.56

INFO >> Epoch: 3  |  Layer: 01  |  Train Loss: 1.291 | Train Acc: 50.72  |  Val Loss: 1.285 | Val Acc: 45.88  |  Test Loss: 0.991 | Tes Acc: 60.48
INFO >> Epoch: 3  |  Layer: 02  |  Train Loss: 1.289 | Train Acc: 52.08  |  Val Loss: 1.243 | Val Acc: 52.15  |  Test Loss: 0.963 | Tes Acc: 67.47
INFO >> Epoch: 3  |  Layer: 03  |  Train Loss: 1.301 | Train Acc: 52.37  |  Val Loss: 1.248 | Val Acc: 52.87  |  Test Loss: 0.992 | Tes Acc: 68.55
INFO >> Epoch: 3  |  Layer: 04  |  Train Loss: 1.313 | Train Acc: 49.81  |  Val Loss: 1.257 | Val Acc: 54.48  |  Test Loss: 1.023 | Tes Acc: 70.97
INFO >> Epoch: 3  |  Layer: 05  |  Train Loss: 1.304 | Train Acc: 52.03  |  Val Loss: 1.249 | Val Acc: 52.69  |  Test Loss: 1.003 | Tes Acc: 69.62
INFO >> Epoch: 3  |  Layer: 06  |  Train Loss: 1.276 | Train Acc: 53.86  |  Val Loss: 1.208 | Val Acc: 55.91  |  Test Loss: 0.953 | Tes Acc: 72.58
INFO >> Epoch: 3  |  Layer: 07  |  Train Loss: 1.277 | Train Acc: 54.40  |  Val Loss: 1.216 | Val Acc: 55.02  |  Test Loss: 0.963 | Tes Acc: 71.77
INFO >> Epoch: 3  |  Layer: 08  |  Train Loss: 1.282 | Train Acc: 53.43  |  Val Loss: 1.214 | Val Acc: 57.71  |  Test Loss: 0.972 | Tes Acc: 72.04
INFO >> Epoch: 3  |  Layer: 09  |  Train Loss: 1.299 | Train Acc: 50.92  |  Val Loss: 1.234 | Val Acc: 56.63  |  Test Loss: 0.988 | Tes Acc: 71.77
INFO >> Epoch: 3  |  Layer: 10  |  Train Loss: 1.282 | Train Acc: 51.79  |  Val Loss: 1.218 | Val Acc: 53.76  |  Test Loss: 0.977 | Tes Acc: 70.16
INFO >> Epoch: 3  |  Layer: 11  |  Train Loss: 1.263 | Train Acc: 54.25  |  Val Loss: 1.196 | Val Acc: 56.45  |  Test Loss: 0.951 | Tes Acc: 72.31
INFO >> Epoch: 3  |  Layer: 12  |  Train Loss: 1.268 | Train Acc: 52.61  |  Val Loss: 1.208 | Val Acc: 53.58  |  Test Loss: 0.963 | Tes Acc: 72.58
INFO >> Epoch: 3  |  Layer: 13  |  Train Loss: 1.250 | Train Acc: 54.59  |  Val Loss: 1.178 | Val Acc: 60.22  |  Test Loss: 0.936 | Tes Acc: 73.66

INFO >> Epoch: 4  |  Layer: 01  |  Train Loss: 1.276 | Train Acc: 50.68  |  Val Loss: 1.199 | Val Acc: 55.91  |  Test Loss: 0.981 | Tes Acc: 67.74
INFO >> Epoch: 4  |  Layer: 02  |  Train Loss: 1.265 | Train Acc: 52.22  |  Val Loss: 1.191 | Val Acc: 56.09  |  Test Loss: 0.940 | Tes Acc: 71.24
INFO >> Epoch: 4  |  Layer: 03  |  Train Loss: 1.251 | Train Acc: 53.38  |  Val Loss: 1.198 | Val Acc: 56.63  |  Test Loss: 0.947 | Tes Acc: 70.70
INFO >> Epoch: 4  |  Layer: 04  |  Train Loss: 1.247 | Train Acc: 55.17  |  Val Loss: 1.196 | Val Acc: 58.24  |  Test Loss: 0.959 | Tes Acc: 68.01
INFO >> Epoch: 4  |  Layer: 05  |  Train Loss: 1.233 | Train Acc: 55.89  |  Val Loss: 1.174 | Val Acc: 58.60  |  Test Loss: 0.917 | Tes Acc: 72.58
INFO >> Epoch: 4  |  Layer: 06  |  Train Loss: 1.198 | Train Acc: 57.63  |  Val Loss: 1.128 | Val Acc: 61.65  |  Test Loss: 0.885 | Tes Acc: 72.04
INFO >> Epoch: 4  |  Layer: 07  |  Train Loss: 1.199 | Train Acc: 56.57  |  Val Loss: 1.130 | Val Acc: 60.04  |  Test Loss: 0.870 | Tes Acc: 73.66
INFO >> Epoch: 4  |  Layer: 08  |  Train Loss: 1.190 | Train Acc: 58.50  |  Val Loss: 1.122 | Val Acc: 62.19  |  Test Loss: 0.870 | Tes Acc: 73.92
INFO >> Epoch: 4  |  Layer: 09  |  Train Loss: 1.204 | Train Acc: 57.97  |  Val Loss: 1.133 | Val Acc: 61.11  |  Test Loss: 0.884 | Tes Acc: 74.19
INFO >> Epoch: 4  |  Layer: 10  |  Train Loss: 1.172 | Train Acc: 59.32  |  Val Loss: 1.096 | Val Acc: 63.44  |  Test Loss: 0.863 | Tes Acc: 73.66
INFO >> Epoch: 4  |  Layer: 11  |  Train Loss: 1.158 | Train Acc: 58.74  |  Val Loss: 1.086 | Val Acc: 61.65  |  Test Loss: 0.833 | Tes Acc: 74.19
INFO >> Epoch: 4  |  Layer: 12  |  Train Loss: 1.155 | Train Acc: 59.90  |  Val Loss: 1.080 | Val Acc: 63.98  |  Test Loss: 0.839 | Tes Acc: 73.92
INFO >> Epoch: 4  |  Layer: 13  |  Train Loss: 1.138 | Train Acc: 59.66  |  Val Loss: 1.069 | Val Acc: 62.72  |  Test Loss: 0.821 | Tes Acc: 74.73

INFO >> Epoch: 5  |  Layer: 01  |  Train Loss: 1.238 | Train Acc: 52.75  |  Val Loss: 1.192 | Val Acc: 53.94  |  Test Loss: 0.903 | Tes Acc: 71.51
INFO >> Epoch: 5  |  Layer: 02  |  Train Loss: 1.231 | Train Acc: 53.43  |  Val Loss: 1.182 | Val Acc: 54.84  |  Test Loss: 0.887 | Tes Acc: 71.77
INFO >> Epoch: 5  |  Layer: 03  |  Train Loss: 1.220 | Train Acc: 54.06  |  Val Loss: 1.169 | Val Acc: 57.35  |  Test Loss: 0.876 | Tes Acc: 75.00
INFO >> Epoch: 5  |  Layer: 04  |  Train Loss: 1.198 | Train Acc: 56.62  |  Val Loss: 1.144 | Val Acc: 59.50  |  Test Loss: 0.865 | Tes Acc: 74.19
INFO >> Epoch: 5  |  Layer: 05  |  Train Loss: 1.177 | Train Acc: 57.73  |  Val Loss: 1.116 | Val Acc: 60.57  |  Test Loss: 0.840 | Tes Acc: 75.27
INFO >> Epoch: 5  |  Layer: 06  |  Train Loss: 1.138 | Train Acc: 59.81  |  Val Loss: 1.074 | Val Acc: 60.75  |  Test Loss: 0.776 | Tes Acc: 74.73
INFO >> Epoch: 5  |  Layer: 07  |  Train Loss: 1.138 | Train Acc: 59.61  |  Val Loss: 1.073 | Val Acc: 61.65  |  Test Loss: 0.780 | Tes Acc: 74.19
INFO >> Epoch: 5  |  Layer: 08  |  Train Loss: 1.121 | Train Acc: 60.82  |  Val Loss: 1.048 | Val Acc: 63.80  |  Test Loss: 0.764 | Tes Acc: 75.81
INFO >> Epoch: 5  |  Layer: 09  |  Train Loss: 1.125 | Train Acc: 61.01  |  Val Loss: 1.049 | Val Acc: 65.41  |  Test Loss: 0.773 | Tes Acc: 77.96
INFO >> Epoch: 5  |  Layer: 10  |  Train Loss: 1.086 | Train Acc: 62.27  |  Val Loss: 1.014 | Val Acc: 64.87  |  Test Loss: 0.731 | Tes Acc: 76.34
INFO >> Epoch: 5  |  Layer: 11  |  Train Loss: 1.079 | Train Acc: 62.22  |  Val Loss: 1.010 | Val Acc: 65.95  |  Test Loss: 0.739 | Tes Acc: 78.76
INFO >> Epoch: 5  |  Layer: 12  |  Train Loss: 1.065 | Train Acc: 63.00  |  Val Loss: 0.995 | Val Acc: 67.03  |  Test Loss: 0.723 | Tes Acc: 78.49
INFO >> Epoch: 5  |  Layer: 13  |  Train Loss: 1.056 | Train Acc: 62.80  |  Val Loss: 0.985 | Val Acc: 66.85  |  Test Loss: 0.715 | Tes Acc: 79.57

INFO >> Epoch: 6  |  Layer: 01  |  Train Loss: 1.178 | Train Acc: 56.96  |  Val Loss: 1.181 | Val Acc: 55.91  |  Test Loss: 0.943 | Tes Acc: 61.02
INFO >> Epoch: 6  |  Layer: 02  |  Train Loss: 1.172 | Train Acc: 57.15  |  Val Loss: 1.190 | Val Acc: 54.48  |  Test Loss: 0.924 | Tes Acc: 61.02
INFO >> Epoch: 6  |  Layer: 03  |  Train Loss: 1.166 | Train Acc: 58.21  |  Val Loss: 1.156 | Val Acc: 56.45  |  Test Loss: 0.872 | Tes Acc: 64.52
INFO >> Epoch: 6  |  Layer: 04  |  Train Loss: 1.142 | Train Acc: 59.03  |  Val Loss: 1.098 | Val Acc: 61.65  |  Test Loss: 0.813 | Tes Acc: 73.12
INFO >> Epoch: 6  |  Layer: 05  |  Train Loss: 1.116 | Train Acc: 60.10  |  Val Loss: 1.071 | Val Acc: 63.08  |  Test Loss: 0.771 | Tes Acc: 76.34
INFO >> Epoch: 6  |  Layer: 06  |  Train Loss: 1.074 | Train Acc: 61.74  |  Val Loss: 1.033 | Val Acc: 63.98  |  Test Loss: 0.737 | Tes Acc: 75.00
INFO >> Epoch: 6  |  Layer: 07  |  Train Loss: 1.070 | Train Acc: 62.51  |  Val Loss: 1.022 | Val Acc: 63.98  |  Test Loss: 0.722 | Tes Acc: 76.61
INFO >> Epoch: 6  |  Layer: 08  |  Train Loss: 1.043 | Train Acc: 63.19  |  Val Loss: 0.988 | Val Acc: 66.31  |  Test Loss: 0.690 | Tes Acc: 78.23
INFO >> Epoch: 6  |  Layer: 09  |  Train Loss: 1.041 | Train Acc: 63.43  |  Val Loss: 0.994 | Val Acc: 65.23  |  Test Loss: 0.680 | Tes Acc: 77.96
INFO >> Epoch: 6  |  Layer: 10  |  Train Loss: 1.007 | Train Acc: 64.06  |  Val Loss: 0.971 | Val Acc: 65.77  |  Test Loss: 0.654 | Tes Acc: 77.15
INFO >> Epoch: 6  |  Layer: 11  |  Train Loss: 1.002 | Train Acc: 63.86  |  Val Loss: 0.978 | Val Acc: 64.87  |  Test Loss: 0.652 | Tes Acc: 76.88
INFO >> Epoch: 6  |  Layer: 12  |  Train Loss: 0.983 | Train Acc: 64.49  |  Val Loss: 0.968 | Val Acc: 66.31  |  Test Loss: 0.636 | Tes Acc: 77.69
INFO >> Epoch: 6  |  Layer: 13  |  Train Loss: 0.979 | Train Acc: 64.88  |  Val Loss: 0.965 | Val Acc: 66.67  |  Test Loss: 0.634 | Tes Acc: 78.76

INFO >> Epoch: 7  |  Layer: 01  |  Train Loss: 1.149 | Train Acc: 58.94  |  Val Loss: 1.104 | Val Acc: 62.01  |  Test Loss: 0.814 | Tes Acc: 73.92
INFO >> Epoch: 7  |  Layer: 02  |  Train Loss: 1.138 | Train Acc: 59.52  |  Val Loss: 1.105 | Val Acc: 60.39  |  Test Loss: 0.799 | Tes Acc: 75.27
INFO >> Epoch: 7  |  Layer: 03  |  Train Loss: 1.123 | Train Acc: 59.37  |  Val Loss: 1.095 | Val Acc: 60.22  |  Test Loss: 0.785 | Tes Acc: 76.88
INFO >> Epoch: 7  |  Layer: 04  |  Train Loss: 1.089 | Train Acc: 61.55  |  Val Loss: 1.056 | Val Acc: 62.37  |  Test Loss: 0.758 | Tes Acc: 77.42
INFO >> Epoch: 7  |  Layer: 05  |  Train Loss: 1.056 | Train Acc: 62.80  |  Val Loss: 1.018 | Val Acc: 63.80  |  Test Loss: 0.726 | Tes Acc: 78.49
INFO >> Epoch: 7  |  Layer: 06  |  Train Loss: 1.016 | Train Acc: 64.44  |  Val Loss: 0.976 | Val Acc: 65.59  |  Test Loss: 0.680 | Tes Acc: 78.49
INFO >> Epoch: 7  |  Layer: 07  |  Train Loss: 1.003 | Train Acc: 65.36  |  Val Loss: 0.963 | Val Acc: 66.49  |  Test Loss: 0.664 | Tes Acc: 78.76
INFO >> Epoch: 7  |  Layer: 08  |  Train Loss: 0.974 | Train Acc: 66.33  |  Val Loss: 0.931 | Val Acc: 68.82  |  Test Loss: 0.637 | Tes Acc: 80.11
INFO >> Epoch: 7  |  Layer: 09  |  Train Loss: 0.968 | Train Acc: 67.15  |  Val Loss: 0.921 | Val Acc: 68.64  |  Test Loss: 0.628 | Tes Acc: 81.18
INFO >> Epoch: 7  |  Layer: 10  |  Train Loss: 0.941 | Train Acc: 67.44  |  Val Loss: 0.897 | Val Acc: 69.53  |  Test Loss: 0.604 | Tes Acc: 80.38
INFO >> Epoch: 7  |  Layer: 11  |  Train Loss: 0.936 | Train Acc: 68.31  |  Val Loss: 0.889 | Val Acc: 70.43  |  Test Loss: 0.606 | Tes Acc: 80.11
INFO >> Epoch: 7  |  Layer: 12  |  Train Loss: 0.922 | Train Acc: 68.55  |  Val Loss: 0.874 | Val Acc: 70.43  |  Test Loss: 0.583 | Tes Acc: 81.45
INFO >> Epoch: 7  |  Layer: 13  |  Train Loss: 0.919 | Train Acc: 68.36  |  Val Loss: 0.874 | Val Acc: 70.43  |  Test Loss: 0.582 | Tes Acc: 81.18

INFO >> Epoch: 8  |  Layer: 01  |  Train Loss: 1.133 | Train Acc: 58.07  |  Val Loss: 1.080 | Val Acc: 63.62  |  Test Loss: 0.809 | Tes Acc: 74.73
INFO >> Epoch: 8  |  Layer: 02  |  Train Loss: 1.118 | Train Acc: 58.60  |  Val Loss: 1.069 | Val Acc: 63.98  |  Test Loss: 0.789 | Tes Acc: 76.88
INFO >> Epoch: 8  |  Layer: 03  |  Train Loss: 1.096 | Train Acc: 61.01  |  Val Loss: 1.048 | Val Acc: 64.34  |  Test Loss: 0.759 | Tes Acc: 76.34
INFO >> Epoch: 8  |  Layer: 04  |  Train Loss: 1.052 | Train Acc: 63.72  |  Val Loss: 1.000 | Val Acc: 66.31  |  Test Loss: 0.717 | Tes Acc: 78.49
INFO >> Epoch: 8  |  Layer: 05  |  Train Loss: 1.018 | Train Acc: 64.64  |  Val Loss: 0.966 | Val Acc: 68.82  |  Test Loss: 0.677 | Tes Acc: 78.76
INFO >> Epoch: 8  |  Layer: 06  |  Train Loss: 0.979 | Train Acc: 65.94  |  Val Loss: 0.927 | Val Acc: 70.97  |  Test Loss: 0.645 | Tes Acc: 80.38
INFO >> Epoch: 8  |  Layer: 07  |  Train Loss: 0.963 | Train Acc: 66.57  |  Val Loss: 0.910 | Val Acc: 70.79  |  Test Loss: 0.627 | Tes Acc: 82.26
INFO >> Epoch: 8  |  Layer: 08  |  Train Loss: 0.938 | Train Acc: 67.63  |  Val Loss: 0.884 | Val Acc: 71.15  |  Test Loss: 0.617 | Tes Acc: 83.06
INFO >> Epoch: 8  |  Layer: 09  |  Train Loss: 0.929 | Train Acc: 68.31  |  Val Loss: 0.870 | Val Acc: 72.40  |  Test Loss: 0.594 | Tes Acc: 83.87
INFO >> Epoch: 8  |  Layer: 10  |  Train Loss: 0.903 | Train Acc: 69.28  |  Val Loss: 0.847 | Val Acc: 72.40  |  Test Loss: 0.574 | Tes Acc: 83.33
INFO >> Epoch: 8  |  Layer: 11  |  Train Loss: 0.895 | Train Acc: 68.94  |  Val Loss: 0.843 | Val Acc: 72.22  |  Test Loss: 0.558 | Tes Acc: 84.41
INFO >> Epoch: 8  |  Layer: 12  |  Train Loss: 0.880 | Train Acc: 69.42  |  Val Loss: 0.830 | Val Acc: 72.58  |  Test Loss: 0.545 | Tes Acc: 83.87
INFO >> Epoch: 8  |  Layer: 13  |  Train Loss: 0.878 | Train Acc: 69.32  |  Val Loss: 0.828 | Val Acc: 72.94  |  Test Loss: 0.540 | Tes Acc: 83.60

INFO >> Epoch: 9  |  Layer: 01  |  Train Loss: 1.123 | Train Acc: 58.84  |  Val Loss: 1.063 | Val Acc: 63.98  |  Test Loss: 0.784 | Tes Acc: 74.19
INFO >> Epoch: 9  |  Layer: 02  |  Train Loss: 1.107 | Train Acc: 59.66  |  Val Loss: 1.060 | Val Acc: 64.70  |  Test Loss: 0.750 | Tes Acc: 74.73
INFO >> Epoch: 9  |  Layer: 03  |  Train Loss: 1.081 | Train Acc: 62.03  |  Val Loss: 1.056 | Val Acc: 63.44  |  Test Loss: 0.751 | Tes Acc: 75.54
INFO >> Epoch: 9  |  Layer: 04  |  Train Loss: 1.032 | Train Acc: 63.67  |  Val Loss: 0.998 | Val Acc: 67.03  |  Test Loss: 0.688 | Tes Acc: 76.61
INFO >> Epoch: 9  |  Layer: 05  |  Train Loss: 1.002 | Train Acc: 64.78  |  Val Loss: 0.956 | Val Acc: 67.92  |  Test Loss: 0.645 | Tes Acc: 78.49
INFO >> Epoch: 9  |  Layer: 06  |  Train Loss: 0.965 | Train Acc: 66.23  |  Val Loss: 0.916 | Val Acc: 68.64  |  Test Loss: 0.614 | Tes Acc: 79.84
INFO >> Epoch: 9  |  Layer: 07  |  Train Loss: 0.942 | Train Acc: 67.15  |  Val Loss: 0.898 | Val Acc: 69.89  |  Test Loss: 0.601 | Tes Acc: 80.11
INFO >> Epoch: 9  |  Layer: 08  |  Train Loss: 0.920 | Train Acc: 67.87  |  Val Loss: 0.858 | Val Acc: 71.33  |  Test Loss: 0.561 | Tes Acc: 82.80
INFO >> Epoch: 9  |  Layer: 09  |  Train Loss: 0.906 | Train Acc: 68.36  |  Val Loss: 0.844 | Val Acc: 73.12  |  Test Loss: 0.542 | Tes Acc: 83.06
INFO >> Epoch: 9  |  Layer: 10  |  Train Loss: 0.877 | Train Acc: 69.71  |  Val Loss: 0.818 | Val Acc: 73.48  |  Test Loss: 0.522 | Tes Acc: 83.87
INFO >> Epoch: 9  |  Layer: 11  |  Train Loss: 0.870 | Train Acc: 70.00  |  Val Loss: 0.819 | Val Acc: 72.76  |  Test Loss: 0.518 | Tes Acc: 82.53
INFO >> Epoch: 9  |  Layer: 12  |  Train Loss: 0.856 | Train Acc: 69.52  |  Val Loss: 0.809 | Val Acc: 73.30  |  Test Loss: 0.501 | Tes Acc: 82.53
INFO >> Epoch: 9  |  Layer: 13  |  Train Loss: 0.856 | Train Acc: 70.24  |  Val Loss: 0.806 | Val Acc: 72.58  |  Test Loss: 0.498 | Tes Acc: 82.26

INFO >> Epoch: 10  |  Layer: 01  |  Train Loss: 1.142 | Train Acc: 57.73  |  Val Loss: 1.078 | Val Acc: 62.72  |  Test Loss: 0.817 | Tes Acc: 78.23
INFO >> Epoch: 10  |  Layer: 02  |  Train Loss: 1.126 | Train Acc: 58.31  |  Val Loss: 1.059 | Val Acc: 63.44  |  Test Loss: 0.783 | Tes Acc: 78.76
INFO >> Epoch: 10  |  Layer: 03  |  Train Loss: 1.091 | Train Acc: 60.63  |  Val Loss: 1.034 | Val Acc: 65.77  |  Test Loss: 0.770 | Tes Acc: 76.34
INFO >> Epoch: 10  |  Layer: 04  |  Train Loss: 1.022 | Train Acc: 63.57  |  Val Loss: 0.989 | Val Acc: 66.67  |  Test Loss: 0.735 | Tes Acc: 75.54
INFO >> Epoch: 10  |  Layer: 05  |  Train Loss: 0.981 | Train Acc: 65.56  |  Val Loss: 0.931 | Val Acc: 69.00  |  Test Loss: 0.660 | Tes Acc: 78.49
INFO >> Epoch: 10  |  Layer: 06  |  Train Loss: 0.946 | Train Acc: 66.28  |  Val Loss: 0.892 | Val Acc: 69.35  |  Test Loss: 0.617 | Tes Acc: 81.45
INFO >> Epoch: 10  |  Layer: 07  |  Train Loss: 0.923 | Train Acc: 67.73  |  Val Loss: 0.873 | Val Acc: 70.43  |  Test Loss: 0.607 | Tes Acc: 81.99
INFO >> Epoch: 10  |  Layer: 08  |  Train Loss: 0.890 | Train Acc: 69.37  |  Val Loss: 0.840 | Val Acc: 71.33  |  Test Loss: 0.573 | Tes Acc: 83.33
INFO >> Epoch: 10  |  Layer: 09  |  Train Loss: 0.874 | Train Acc: 69.81  |  Val Loss: 0.829 | Val Acc: 71.51  |  Test Loss: 0.564 | Tes Acc: 84.68
INFO >> Epoch: 10  |  Layer: 10  |  Train Loss: 0.852 | Train Acc: 70.29  |  Val Loss: 0.805 | Val Acc: 72.58  |  Test Loss: 0.542 | Tes Acc: 85.22
INFO >> Epoch: 10  |  Layer: 11  |  Train Loss: 0.845 | Train Acc: 70.24  |  Val Loss: 0.805 | Val Acc: 72.22  |  Test Loss: 0.531 | Tes Acc: 84.95
INFO >> Epoch: 10  |  Layer: 12  |  Train Loss: 0.827 | Train Acc: 70.68  |  Val Loss: 0.801 | Val Acc: 72.22  |  Test Loss: 0.527 | Tes Acc: 84.41
INFO >> Epoch: 10  |  Layer: 13  |  Train Loss: 0.827 | Train Acc: 70.39  |  Val Loss: 0.799 | Val Acc: 72.04  |  Test Loss: 0.522 | Tes Acc: 85.48

INFO >> Epoch: 11  |  Layer: 01  |  Train Loss: 1.107 | Train Acc: 59.76  |  Val Loss: 1.048 | Val Acc: 65.05  |  Test Loss: 0.799 | Tes Acc: 77.15
INFO >> Epoch: 11  |  Layer: 02  |  Train Loss: 1.094 | Train Acc: 60.24  |  Val Loss: 1.042 | Val Acc: 64.70  |  Test Loss: 0.787 | Tes Acc: 79.03
INFO >> Epoch: 11  |  Layer: 03  |  Train Loss: 1.053 | Train Acc: 63.33  |  Val Loss: 1.006 | Val Acc: 67.20  |  Test Loss: 0.744 | Tes Acc: 80.91
INFO >> Epoch: 11  |  Layer: 04  |  Train Loss: 0.985 | Train Acc: 65.75  |  Val Loss: 0.956 | Val Acc: 69.35  |  Test Loss: 0.697 | Tes Acc: 80.38
INFO >> Epoch: 11  |  Layer: 05  |  Train Loss: 0.948 | Train Acc: 66.67  |  Val Loss: 0.910 | Val Acc: 69.71  |  Test Loss: 0.645 | Tes Acc: 81.45
INFO >> Epoch: 11  |  Layer: 06  |  Train Loss: 0.913 | Train Acc: 68.02  |  Val Loss: 0.878 | Val Acc: 71.15  |  Test Loss: 0.610 | Tes Acc: 83.87
INFO >> Epoch: 11  |  Layer: 07  |  Train Loss: 0.883 | Train Acc: 69.66  |  Val Loss: 0.848 | Val Acc: 72.22  |  Test Loss: 0.577 | Tes Acc: 84.41
INFO >> Epoch: 11  |  Layer: 08  |  Train Loss: 0.860 | Train Acc: 70.53  |  Val Loss: 0.824 | Val Acc: 72.94  |  Test Loss: 0.564 | Tes Acc: 85.22
INFO >> Epoch: 11  |  Layer: 09  |  Train Loss: 0.846 | Train Acc: 71.35  |  Val Loss: 0.811 | Val Acc: 72.94  |  Test Loss: 0.547 | Tes Acc: 85.22
INFO >> Epoch: 11  |  Layer: 10  |  Train Loss: 0.818 | Train Acc: 72.03  |  Val Loss: 0.783 | Val Acc: 74.37  |  Test Loss: 0.523 | Tes Acc: 86.29
INFO >> Epoch: 11  |  Layer: 11  |  Train Loss: 0.812 | Train Acc: 72.17  |  Val Loss: 0.782 | Val Acc: 74.19  |  Test Loss: 0.508 | Tes Acc: 86.29
INFO >> Epoch: 11  |  Layer: 12  |  Train Loss: 0.798 | Train Acc: 72.17  |  Val Loss: 0.777 | Val Acc: 73.66  |  Test Loss: 0.500 | Tes Acc: 86.56
INFO >> Epoch: 11  |  Layer: 13  |  Train Loss: 0.793 | Train Acc: 72.08  |  Val Loss: 0.775 | Val Acc: 73.66  |  Test Loss: 0.498 | Tes Acc: 86.29

INFO >> Epoch: 12  |  Layer: 01  |  Train Loss: 1.088 | Train Acc: 61.74  |  Val Loss: 1.055 | Val Acc: 61.47  |  Test Loss: 0.801 | Tes Acc: 70.43
INFO >> Epoch: 12  |  Layer: 02  |  Train Loss: 1.074 | Train Acc: 62.75  |  Val Loss: 1.045 | Val Acc: 62.54  |  Test Loss: 0.779 | Tes Acc: 70.97
INFO >> Epoch: 12  |  Layer: 03  |  Train Loss: 1.038 | Train Acc: 64.30  |  Val Loss: 0.989 | Val Acc: 66.67  |  Test Loss: 0.692 | Tes Acc: 79.57
INFO >> Epoch: 12  |  Layer: 04  |  Train Loss: 0.975 | Train Acc: 65.85  |  Val Loss: 0.917 | Val Acc: 70.07  |  Test Loss: 0.620 | Tes Acc: 81.72
INFO >> Epoch: 12  |  Layer: 05  |  Train Loss: 0.940 | Train Acc: 67.10  |  Val Loss: 0.883 | Val Acc: 71.51  |  Test Loss: 0.579 | Tes Acc: 82.26
INFO >> Epoch: 12  |  Layer: 06  |  Train Loss: 0.904 | Train Acc: 68.79  |  Val Loss: 0.843 | Val Acc: 71.33  |  Test Loss: 0.535 | Tes Acc: 84.41
INFO >> Epoch: 12  |  Layer: 07  |  Train Loss: 0.879 | Train Acc: 69.76  |  Val Loss: 0.821 | Val Acc: 72.58  |  Test Loss: 0.514 | Tes Acc: 84.41
INFO >> Epoch: 12  |  Layer: 08  |  Train Loss: 0.853 | Train Acc: 70.34  |  Val Loss: 0.794 | Val Acc: 73.12  |  Test Loss: 0.498 | Tes Acc: 84.68
INFO >> Epoch: 12  |  Layer: 09  |  Train Loss: 0.839 | Train Acc: 70.77  |  Val Loss: 0.780 | Val Acc: 73.30  |  Test Loss: 0.488 | Tes Acc: 84.95
INFO >> Epoch: 12  |  Layer: 10  |  Train Loss: 0.815 | Train Acc: 71.69  |  Val Loss: 0.760 | Val Acc: 74.73  |  Test Loss: 0.460 | Tes Acc: 86.29
INFO >> Epoch: 12  |  Layer: 11  |  Train Loss: 0.806 | Train Acc: 71.50  |  Val Loss: 0.765 | Val Acc: 75.09  |  Test Loss: 0.459 | Tes Acc: 86.02
INFO >> Epoch: 12  |  Layer: 12  |  Train Loss: 0.793 | Train Acc: 71.74  |  Val Loss: 0.764 | Val Acc: 73.84  |  Test Loss: 0.454 | Tes Acc: 85.48
INFO >> Epoch: 12  |  Layer: 13  |  Train Loss: 0.791 | Train Acc: 72.13  |  Val Loss: 0.758 | Val Acc: 75.27  |  Test Loss: 0.440 | Tes Acc: 85.22

INFO >> Epoch: 13  |  Layer: 01  |  Train Loss: 1.084 | Train Acc: 60.58  |  Val Loss: 1.117 | Val Acc: 61.29  |  Test Loss: 0.936 | Tes Acc: 64.78
INFO >> Epoch: 13  |  Layer: 02  |  Train Loss: 1.069 | Train Acc: 61.11  |  Val Loss: 1.115 | Val Acc: 60.93  |  Test Loss: 0.906 | Tes Acc: 65.32
INFO >> Epoch: 13  |  Layer: 03  |  Train Loss: 1.027 | Train Acc: 63.19  |  Val Loss: 1.080 | Val Acc: 62.72  |  Test Loss: 0.877 | Tes Acc: 66.67
INFO >> Epoch: 13  |  Layer: 04  |  Train Loss: 0.959 | Train Acc: 66.23  |  Val Loss: 0.980 | Val Acc: 65.23  |  Test Loss: 0.758 | Tes Acc: 74.46
INFO >> Epoch: 13  |  Layer: 05  |  Train Loss: 0.923 | Train Acc: 67.83  |  Val Loss: 0.909 | Val Acc: 68.28  |  Test Loss: 0.671 | Tes Acc: 77.96
INFO >> Epoch: 13  |  Layer: 06  |  Train Loss: 0.887 | Train Acc: 69.47  |  Val Loss: 0.875 | Val Acc: 70.07  |  Test Loss: 0.626 | Tes Acc: 79.30
INFO >> Epoch: 13  |  Layer: 07  |  Train Loss: 0.860 | Train Acc: 70.72  |  Val Loss: 0.843 | Val Acc: 71.33  |  Test Loss: 0.595 | Tes Acc: 80.11
INFO >> Epoch: 13  |  Layer: 08  |  Train Loss: 0.831 | Train Acc: 71.93  |  Val Loss: 0.805 | Val Acc: 72.04  |  Test Loss: 0.549 | Tes Acc: 81.99
INFO >> Epoch: 13  |  Layer: 09  |  Train Loss: 0.814 | Train Acc: 72.22  |  Val Loss: 0.790 | Val Acc: 73.12  |  Test Loss: 0.533 | Tes Acc: 82.80
INFO >> Epoch: 13  |  Layer: 10  |  Train Loss: 0.790 | Train Acc: 73.24  |  Val Loss: 0.760 | Val Acc: 73.48  |  Test Loss: 0.505 | Tes Acc: 85.48
INFO >> Epoch: 13  |  Layer: 11  |  Train Loss: 0.782 | Train Acc: 73.43  |  Val Loss: 0.756 | Val Acc: 74.37  |  Test Loss: 0.487 | Tes Acc: 85.48
INFO >> Epoch: 13  |  Layer: 12  |  Train Loss: 0.768 | Train Acc: 73.29  |  Val Loss: 0.749 | Val Acc: 74.91  |  Test Loss: 0.473 | Tes Acc: 86.02
INFO >> Epoch: 13  |  Layer: 13  |  Train Loss: 0.767 | Train Acc: 74.30  |  Val Loss: 0.743 | Val Acc: 75.81  |  Test Loss: 0.458 | Tes Acc: 86.02

INFO >> Epoch: 14  |  Layer: 01  |  Train Loss: 1.066 | Train Acc: 61.06  |  Val Loss: 1.101 | Val Acc: 59.68  |  Test Loss: 0.784 | Tes Acc: 68.55
INFO >> Epoch: 14  |  Layer: 02  |  Train Loss: 1.057 | Train Acc: 61.55  |  Val Loss: 1.098 | Val Acc: 59.50  |  Test Loss: 0.760 | Tes Acc: 68.55
INFO >> Epoch: 14  |  Layer: 03  |  Train Loss: 1.025 | Train Acc: 63.33  |  Val Loss: 0.998 | Val Acc: 65.05  |  Test Loss: 0.653 | Tes Acc: 79.03
INFO >> Epoch: 14  |  Layer: 04  |  Train Loss: 0.964 | Train Acc: 65.60  |  Val Loss: 0.920 | Val Acc: 69.35  |  Test Loss: 0.575 | Tes Acc: 81.18
INFO >> Epoch: 14  |  Layer: 05  |  Train Loss: 0.936 | Train Acc: 66.14  |  Val Loss: 0.882 | Val Acc: 69.89  |  Test Loss: 0.547 | Tes Acc: 82.26
INFO >> Epoch: 14  |  Layer: 06  |  Train Loss: 0.898 | Train Acc: 68.50  |  Val Loss: 0.842 | Val Acc: 71.33  |  Test Loss: 0.501 | Tes Acc: 83.87
INFO >> Epoch: 14  |  Layer: 07  |  Train Loss: 0.873 | Train Acc: 69.57  |  Val Loss: 0.818 | Val Acc: 72.22  |  Test Loss: 0.476 | Tes Acc: 85.22
INFO >> Epoch: 14  |  Layer: 08  |  Train Loss: 0.852 | Train Acc: 70.10  |  Val Loss: 0.783 | Val Acc: 73.12  |  Test Loss: 0.460 | Tes Acc: 85.75
INFO >> Epoch: 14  |  Layer: 09  |  Train Loss: 0.839 | Train Acc: 70.34  |  Val Loss: 0.768 | Val Acc: 74.37  |  Test Loss: 0.454 | Tes Acc: 86.29
INFO >> Epoch: 14  |  Layer: 10  |  Train Loss: 0.819 | Train Acc: 71.16  |  Val Loss: 0.761 | Val Acc: 73.66  |  Test Loss: 0.448 | Tes Acc: 86.02
INFO >> Epoch: 14  |  Layer: 11  |  Train Loss: 0.809 | Train Acc: 71.21  |  Val Loss: 0.755 | Val Acc: 74.91  |  Test Loss: 0.445 | Tes Acc: 87.37
INFO >> Epoch: 14  |  Layer: 12  |  Train Loss: 0.797 | Train Acc: 71.88  |  Val Loss: 0.749 | Val Acc: 75.63  |  Test Loss: 0.432 | Tes Acc: 87.37
INFO >> Epoch: 14  |  Layer: 13  |  Train Loss: 0.794 | Train Acc: 72.46  |  Val Loss: 0.752 | Val Acc: 74.19  |  Test Loss: 0.429 | Tes Acc: 86.83

INFO >> Epoch: 15  |  Layer: 01  |  Train Loss: 1.096 | Train Acc: 61.01  |  Val Loss: 1.059 | Val Acc: 61.29  |  Test Loss: 0.727 | Tes Acc: 76.34
INFO >> Epoch: 15  |  Layer: 02  |  Train Loss: 1.079 | Train Acc: 61.64  |  Val Loss: 1.038 | Val Acc: 63.80  |  Test Loss: 0.715 | Tes Acc: 76.08
INFO >> Epoch: 15  |  Layer: 03  |  Train Loss: 1.027 | Train Acc: 64.20  |  Val Loss: 0.977 | Val Acc: 66.67  |  Test Loss: 0.679 | Tes Acc: 78.23
INFO >> Epoch: 15  |  Layer: 04  |  Train Loss: 0.946 | Train Acc: 66.62  |  Val Loss: 0.900 | Val Acc: 68.46  |  Test Loss: 0.606 | Tes Acc: 80.91
INFO >> Epoch: 15  |  Layer: 05  |  Train Loss: 0.913 | Train Acc: 67.58  |  Val Loss: 0.871 | Val Acc: 69.53  |  Test Loss: 0.576 | Tes Acc: 80.11
INFO >> Epoch: 15  |  Layer: 06  |  Train Loss: 0.882 | Train Acc: 69.03  |  Val Loss: 0.837 | Val Acc: 70.61  |  Test Loss: 0.537 | Tes Acc: 81.99
INFO >> Epoch: 15  |  Layer: 07  |  Train Loss: 0.847 | Train Acc: 70.43  |  Val Loss: 0.793 | Val Acc: 72.94  |  Test Loss: 0.502 | Tes Acc: 84.41
INFO >> Epoch: 15  |  Layer: 08  |  Train Loss: 0.820 | Train Acc: 71.64  |  Val Loss: 0.771 | Val Acc: 74.19  |  Test Loss: 0.481 | Tes Acc: 84.14
INFO >> Epoch: 15  |  Layer: 09  |  Train Loss: 0.800 | Train Acc: 72.75  |  Val Loss: 0.752 | Val Acc: 75.27  |  Test Loss: 0.465 | Tes Acc: 84.95
INFO >> Epoch: 15  |  Layer: 10  |  Train Loss: 0.773 | Train Acc: 74.15  |  Val Loss: 0.730 | Val Acc: 74.91  |  Test Loss: 0.456 | Tes Acc: 86.83
INFO >> Epoch: 15  |  Layer: 11  |  Train Loss: 0.760 | Train Acc: 73.91  |  Val Loss: 0.735 | Val Acc: 74.91  |  Test Loss: 0.454 | Tes Acc: 86.83
INFO >> Epoch: 15  |  Layer: 12  |  Train Loss: 0.748 | Train Acc: 74.44  |  Val Loss: 0.724 | Val Acc: 75.09  |  Test Loss: 0.439 | Tes Acc: 87.10
INFO >> Epoch: 15  |  Layer: 13  |  Train Loss: 0.744 | Train Acc: 74.73  |  Val Loss: 0.723 | Val Acc: 75.81  |  Test Loss: 0.438 | Tes Acc: 86.83

INFO >> Epoch: 16  |  Layer: 01  |  Train Loss: 1.070 | Train Acc: 60.92  |  Val Loss: 1.224 | Val Acc: 54.30  |  Test Loss: 0.858 | Tes Acc: 70.16
INFO >> Epoch: 16  |  Layer: 02  |  Train Loss: 1.049 | Train Acc: 62.13  |  Val Loss: 1.182 | Val Acc: 55.73  |  Test Loss: 0.804 | Tes Acc: 71.24
INFO >> Epoch: 16  |  Layer: 03  |  Train Loss: 1.002 | Train Acc: 65.07  |  Val Loss: 1.056 | Val Acc: 60.22  |  Test Loss: 0.726 | Tes Acc: 75.81
INFO >> Epoch: 16  |  Layer: 04  |  Train Loss: 0.921 | Train Acc: 67.87  |  Val Loss: 0.954 | Val Acc: 65.59  |  Test Loss: 0.627 | Tes Acc: 78.76
INFO >> Epoch: 16  |  Layer: 05  |  Train Loss: 0.892 | Train Acc: 68.84  |  Val Loss: 0.935 | Val Acc: 65.59  |  Test Loss: 0.604 | Tes Acc: 79.03
INFO >> Epoch: 16  |  Layer: 06  |  Train Loss: 0.860 | Train Acc: 69.95  |  Val Loss: 0.889 | Val Acc: 66.85  |  Test Loss: 0.551 | Tes Acc: 81.45
INFO >> Epoch: 16  |  Layer: 07  |  Train Loss: 0.830 | Train Acc: 71.16  |  Val Loss: 0.850 | Val Acc: 70.25  |  Test Loss: 0.521 | Tes Acc: 81.99
INFO >> Epoch: 16  |  Layer: 08  |  Train Loss: 0.802 | Train Acc: 72.22  |  Val Loss: 0.806 | Val Acc: 72.40  |  Test Loss: 0.483 | Tes Acc: 83.87
INFO >> Epoch: 16  |  Layer: 09  |  Train Loss: 0.781 | Train Acc: 72.80  |  Val Loss: 0.785 | Val Acc: 73.48  |  Test Loss: 0.472 | Tes Acc: 83.87
INFO >> Epoch: 16  |  Layer: 10  |  Train Loss: 0.753 | Train Acc: 73.91  |  Val Loss: 0.782 | Val Acc: 73.12  |  Test Loss: 0.480 | Tes Acc: 84.41
INFO >> Epoch: 16  |  Layer: 11  |  Train Loss: 0.744 | Train Acc: 73.91  |  Val Loss: 0.777 | Val Acc: 73.30  |  Test Loss: 0.471 | Tes Acc: 84.68
INFO >> Epoch: 16  |  Layer: 12  |  Train Loss: 0.734 | Train Acc: 73.96  |  Val Loss: 0.768 | Val Acc: 73.48  |  Test Loss: 0.458 | Tes Acc: 85.48
INFO >> Epoch: 16  |  Layer: 13  |  Train Loss: 0.728 | Train Acc: 74.83  |  Val Loss: 0.768 | Val Acc: 72.94  |  Test Loss: 0.449 | Tes Acc: 84.41

INFO >> Epoch: 17  |  Layer: 01  |  Train Loss: 1.045 | Train Acc: 62.61  |  Val Loss: 1.027 | Val Acc: 64.70  |  Test Loss: 0.739 | Tes Acc: 75.81
INFO >> Epoch: 17  |  Layer: 02  |  Train Loss: 1.027 | Train Acc: 64.15  |  Val Loss: 1.019 | Val Acc: 65.05  |  Test Loss: 0.707 | Tes Acc: 77.96
INFO >> Epoch: 17  |  Layer: 03  |  Train Loss: 0.979 | Train Acc: 65.85  |  Val Loss: 0.963 | Val Acc: 68.64  |  Test Loss: 0.645 | Tes Acc: 82.26
INFO >> Epoch: 17  |  Layer: 04  |  Train Loss: 0.901 | Train Acc: 68.41  |  Val Loss: 0.893 | Val Acc: 68.64  |  Test Loss: 0.569 | Tes Acc: 82.26
INFO >> Epoch: 17  |  Layer: 05  |  Train Loss: 0.875 | Train Acc: 69.52  |  Val Loss: 0.861 | Val Acc: 69.53  |  Test Loss: 0.537 | Tes Acc: 84.41
INFO >> Epoch: 17  |  Layer: 06  |  Train Loss: 0.839 | Train Acc: 71.01  |  Val Loss: 0.831 | Val Acc: 69.71  |  Test Loss: 0.503 | Tes Acc: 84.95
INFO >> Epoch: 17  |  Layer: 07  |  Train Loss: 0.808 | Train Acc: 71.88  |  Val Loss: 0.808 | Val Acc: 70.07  |  Test Loss: 0.485 | Tes Acc: 84.68
INFO >> Epoch: 17  |  Layer: 08  |  Train Loss: 0.780 | Train Acc: 73.04  |  Val Loss: 0.788 | Val Acc: 71.51  |  Test Loss: 0.467 | Tes Acc: 84.95
INFO >> Epoch: 17  |  Layer: 09  |  Train Loss: 0.764 | Train Acc: 73.62  |  Val Loss: 0.771 | Val Acc: 72.94  |  Test Loss: 0.454 | Tes Acc: 85.48
INFO >> Epoch: 17  |  Layer: 10  |  Train Loss: 0.738 | Train Acc: 73.53  |  Val Loss: 0.743 | Val Acc: 73.30  |  Test Loss: 0.442 | Tes Acc: 87.37
INFO >> Epoch: 17  |  Layer: 11  |  Train Loss: 0.730 | Train Acc: 74.30  |  Val Loss: 0.737 | Val Acc: 74.55  |  Test Loss: 0.429 | Tes Acc: 86.83
INFO >> Epoch: 17  |  Layer: 12  |  Train Loss: 0.720 | Train Acc: 74.88  |  Val Loss: 0.724 | Val Acc: 74.91  |  Test Loss: 0.410 | Tes Acc: 88.44
INFO >> Epoch: 17  |  Layer: 13  |  Train Loss: 0.714 | Train Acc: 74.78  |  Val Loss: 0.713 | Val Acc: 74.73  |  Test Loss: 0.398 | Tes Acc: 89.52

INFO >> Epoch: 18  |  Layer: 01  |  Train Loss: 1.063 | Train Acc: 61.55  |  Val Loss: 1.075 | Val Acc: 59.50  |  Test Loss: 0.732 | Tes Acc: 76.61
INFO >> Epoch: 18  |  Layer: 02  |  Train Loss: 1.045 | Train Acc: 62.75  |  Val Loss: 1.069 | Val Acc: 61.29  |  Test Loss: 0.720 | Tes Acc: 77.42
INFO >> Epoch: 18  |  Layer: 03  |  Train Loss: 0.984 | Train Acc: 65.56  |  Val Loss: 0.995 | Val Acc: 65.77  |  Test Loss: 0.650 | Tes Acc: 80.65
INFO >> Epoch: 18  |  Layer: 04  |  Train Loss: 0.898 | Train Acc: 68.31  |  Val Loss: 0.880 | Val Acc: 70.07  |  Test Loss: 0.544 | Tes Acc: 84.41
INFO >> Epoch: 18  |  Layer: 05  |  Train Loss: 0.865 | Train Acc: 70.19  |  Val Loss: 0.843 | Val Acc: 68.82  |  Test Loss: 0.508 | Tes Acc: 85.22
INFO >> Epoch: 18  |  Layer: 06  |  Train Loss: 0.833 | Train Acc: 71.21  |  Val Loss: 0.809 | Val Acc: 71.68  |  Test Loss: 0.472 | Tes Acc: 86.02
INFO >> Epoch: 18  |  Layer: 07  |  Train Loss: 0.810 | Train Acc: 71.55  |  Val Loss: 0.781 | Val Acc: 74.01  |  Test Loss: 0.447 | Tes Acc: 87.37
INFO >> Epoch: 18  |  Layer: 08  |  Train Loss: 0.783 | Train Acc: 72.51  |  Val Loss: 0.746 | Val Acc: 74.55  |  Test Loss: 0.428 | Tes Acc: 88.71
INFO >> Epoch: 18  |  Layer: 09  |  Train Loss: 0.769 | Train Acc: 73.48  |  Val Loss: 0.734 | Val Acc: 75.09  |  Test Loss: 0.421 | Tes Acc: 89.52
INFO >> Epoch: 18  |  Layer: 10  |  Train Loss: 0.740 | Train Acc: 73.91  |  Val Loss: 0.711 | Val Acc: 76.16  |  Test Loss: 0.413 | Tes Acc: 89.78
INFO >> Epoch: 18  |  Layer: 11  |  Train Loss: 0.733 | Train Acc: 73.77  |  Val Loss: 0.715 | Val Acc: 75.45  |  Test Loss: 0.406 | Tes Acc: 88.44
INFO >> Epoch: 18  |  Layer: 12  |  Train Loss: 0.725 | Train Acc: 74.06  |  Val Loss: 0.709 | Val Acc: 76.16  |  Test Loss: 0.398 | Tes Acc: 88.44
INFO >> Epoch: 18  |  Layer: 13  |  Train Loss: 0.716 | Train Acc: 74.30  |  Val Loss: 0.706 | Val Acc: 76.70  |  Test Loss: 0.391 | Tes Acc: 89.25

INFO >> Epoch: 19  |  Layer: 01  |  Train Loss: 1.053 | Train Acc: 61.88  |  Val Loss: 1.001 | Val Acc: 65.59  |  Test Loss: 0.730 | Tes Acc: 75.00
INFO >> Epoch: 19  |  Layer: 02  |  Train Loss: 1.040 | Train Acc: 62.51  |  Val Loss: 0.990 | Val Acc: 65.59  |  Test Loss: 0.698 | Tes Acc: 76.61
INFO >> Epoch: 19  |  Layer: 03  |  Train Loss: 0.983 | Train Acc: 64.59  |  Val Loss: 0.938 | Val Acc: 68.46  |  Test Loss: 0.650 | Tes Acc: 80.91
INFO >> Epoch: 19  |  Layer: 04  |  Train Loss: 0.894 | Train Acc: 68.21  |  Val Loss: 0.851 | Val Acc: 71.51  |  Test Loss: 0.544 | Tes Acc: 83.60
INFO >> Epoch: 19  |  Layer: 05  |  Train Loss: 0.864 | Train Acc: 69.42  |  Val Loss: 0.816 | Val Acc: 71.68  |  Test Loss: 0.507 | Tes Acc: 84.68
INFO >> Epoch: 19  |  Layer: 06  |  Train Loss: 0.828 | Train Acc: 71.98  |  Val Loss: 0.788 | Val Acc: 73.48  |  Test Loss: 0.466 | Tes Acc: 86.02
INFO >> Epoch: 19  |  Layer: 07  |  Train Loss: 0.797 | Train Acc: 72.56  |  Val Loss: 0.761 | Val Acc: 74.73  |  Test Loss: 0.442 | Tes Acc: 86.29
INFO >> Epoch: 19  |  Layer: 08  |  Train Loss: 0.769 | Train Acc: 73.67  |  Val Loss: 0.730 | Val Acc: 76.16  |  Test Loss: 0.425 | Tes Acc: 87.63
INFO >> Epoch: 19  |  Layer: 09  |  Train Loss: 0.751 | Train Acc: 74.15  |  Val Loss: 0.715 | Val Acc: 76.52  |  Test Loss: 0.421 | Tes Acc: 87.90
INFO >> Epoch: 19  |  Layer: 10  |  Train Loss: 0.725 | Train Acc: 74.98  |  Val Loss: 0.691 | Val Acc: 76.16  |  Test Loss: 0.409 | Tes Acc: 88.71
INFO >> Epoch: 19  |  Layer: 11  |  Train Loss: 0.718 | Train Acc: 75.02  |  Val Loss: 0.695 | Val Acc: 76.52  |  Test Loss: 0.411 | Tes Acc: 88.17
INFO >> Epoch: 19  |  Layer: 12  |  Train Loss: 0.710 | Train Acc: 75.85  |  Val Loss: 0.696 | Val Acc: 76.88  |  Test Loss: 0.405 | Tes Acc: 88.71
INFO >> Epoch: 19  |  Layer: 13  |  Train Loss: 0.708 | Train Acc: 75.75  |  Val Loss: 0.693 | Val Acc: 77.24  |  Test Loss: 0.394 | Tes Acc: 88.44

INFO >> Epoch: 20  |  Layer: 01  |  Train Loss: 1.070 | Train Acc: 61.45  |  Val Loss: 1.035 | Val Acc: 64.16  |  Test Loss: 0.673 | Tes Acc: 76.34
INFO >> Epoch: 20  |  Layer: 02  |  Train Loss: 1.036 | Train Acc: 62.66  |  Val Loss: 1.025 | Val Acc: 64.16  |  Test Loss: 0.647 | Tes Acc: 76.88
INFO >> Epoch: 20  |  Layer: 03  |  Train Loss: 0.975 | Train Acc: 66.14  |  Val Loss: 0.954 | Val Acc: 66.31  |  Test Loss: 0.598 | Tes Acc: 81.72
INFO >> Epoch: 20  |  Layer: 04  |  Train Loss: 0.885 | Train Acc: 69.86  |  Val Loss: 0.864 | Val Acc: 70.61  |  Test Loss: 0.521 | Tes Acc: 82.80
INFO >> Epoch: 20  |  Layer: 05  |  Train Loss: 0.854 | Train Acc: 71.55  |  Val Loss: 0.837 | Val Acc: 70.25  |  Test Loss: 0.514 | Tes Acc: 81.72
INFO >> Epoch: 20  |  Layer: 06  |  Train Loss: 0.824 | Train Acc: 71.64  |  Val Loss: 0.799 | Val Acc: 72.40  |  Test Loss: 0.476 | Tes Acc: 84.41
INFO >> Epoch: 20  |  Layer: 07  |  Train Loss: 0.797 | Train Acc: 72.56  |  Val Loss: 0.781 | Val Acc: 73.48  |  Test Loss: 0.473 | Tes Acc: 83.60
INFO >> Epoch: 20  |  Layer: 08  |  Train Loss: 0.767 | Train Acc: 73.48  |  Val Loss: 0.765 | Val Acc: 74.01  |  Test Loss: 0.469 | Tes Acc: 83.87
INFO >> Epoch: 20  |  Layer: 09  |  Train Loss: 0.751 | Train Acc: 74.49  |  Val Loss: 0.757 | Val Acc: 75.45  |  Test Loss: 0.467 | Tes Acc: 84.95
INFO >> Epoch: 20  |  Layer: 10  |  Train Loss: 0.728 | Train Acc: 74.98  |  Val Loss: 0.737 | Val Acc: 76.34  |  Test Loss: 0.463 | Tes Acc: 85.48
INFO >> Epoch: 20  |  Layer: 11  |  Train Loss: 0.720 | Train Acc: 75.17  |  Val Loss: 0.735 | Val Acc: 77.06  |  Test Loss: 0.445 | Tes Acc: 85.48
INFO >> Epoch: 20  |  Layer: 12  |  Train Loss: 0.712 | Train Acc: 75.12  |  Val Loss: 0.739 | Val Acc: 76.70  |  Test Loss: 0.445 | Tes Acc: 85.48
INFO >> Epoch: 20  |  Layer: 13  |  Train Loss: 0.705 | Train Acc: 75.94  |  Val Loss: 0.739 | Val Acc: 76.16  |  Test Loss: 0.447 | Tes Acc: 85.75

INFO >> Epoch: 21  |  Layer: 01  |  Train Loss: 1.032 | Train Acc: 62.80  |  Val Loss: 1.003 | Val Acc: 65.95  |  Test Loss: 0.723 | Tes Acc: 75.54
INFO >> Epoch: 21  |  Layer: 02  |  Train Loss: 1.011 | Train Acc: 63.72  |  Val Loss: 0.996 | Val Acc: 65.59  |  Test Loss: 0.706 | Tes Acc: 76.08
INFO >> Epoch: 21  |  Layer: 03  |  Train Loss: 0.954 | Train Acc: 67.00  |  Val Loss: 0.966 | Val Acc: 67.20  |  Test Loss: 0.698 | Tes Acc: 75.00
INFO >> Epoch: 21  |  Layer: 04  |  Train Loss: 0.867 | Train Acc: 70.24  |  Val Loss: 0.908 | Val Acc: 67.03  |  Test Loss: 0.639 | Tes Acc: 77.42
INFO >> Epoch: 21  |  Layer: 05  |  Train Loss: 0.843 | Train Acc: 70.82  |  Val Loss: 0.855 | Val Acc: 69.89  |  Test Loss: 0.572 | Tes Acc: 79.03
INFO >> Epoch: 21  |  Layer: 06  |  Train Loss: 0.807 | Train Acc: 72.51  |  Val Loss: 0.824 | Val Acc: 71.68  |  Test Loss: 0.542 | Tes Acc: 81.18
INFO >> Epoch: 21  |  Layer: 07  |  Train Loss: 0.784 | Train Acc: 73.43  |  Val Loss: 0.779 | Val Acc: 74.01  |  Test Loss: 0.505 | Tes Acc: 83.06
INFO >> Epoch: 21  |  Layer: 08  |  Train Loss: 0.757 | Train Acc: 74.11  |  Val Loss: 0.740 | Val Acc: 75.09  |  Test Loss: 0.458 | Tes Acc: 85.75
INFO >> Epoch: 21  |  Layer: 09  |  Train Loss: 0.737 | Train Acc: 75.31  |  Val Loss: 0.724 | Val Acc: 75.63  |  Test Loss: 0.452 | Tes Acc: 86.56
INFO >> Epoch: 21  |  Layer: 10  |  Train Loss: 0.705 | Train Acc: 76.43  |  Val Loss: 0.686 | Val Acc: 76.34  |  Test Loss: 0.417 | Tes Acc: 87.10
INFO >> Epoch: 21  |  Layer: 11  |  Train Loss: 0.698 | Train Acc: 76.09  |  Val Loss: 0.688 | Val Acc: 77.06  |  Test Loss: 0.416 | Tes Acc: 88.17
INFO >> Epoch: 21  |  Layer: 12  |  Train Loss: 0.693 | Train Acc: 76.18  |  Val Loss: 0.685 | Val Acc: 77.24  |  Test Loss: 0.413 | Tes Acc: 87.10
INFO >> Epoch: 21  |  Layer: 13  |  Train Loss: 0.685 | Train Acc: 76.76  |  Val Loss: 0.693 | Val Acc: 76.34  |  Test Loss: 0.410 | Tes Acc: 86.56

INFO >> Epoch: 22  |  Layer: 01  |  Train Loss: 1.029 | Train Acc: 63.24  |  Val Loss: 1.011 | Val Acc: 64.70  |  Test Loss: 0.698 | Tes Acc: 76.34
INFO >> Epoch: 22  |  Layer: 02  |  Train Loss: 1.009 | Train Acc: 64.30  |  Val Loss: 0.997 | Val Acc: 65.95  |  Test Loss: 0.673 | Tes Acc: 77.42
INFO >> Epoch: 22  |  Layer: 03  |  Train Loss: 0.959 | Train Acc: 65.46  |  Val Loss: 0.945 | Val Acc: 68.64  |  Test Loss: 0.611 | Tes Acc: 79.57
INFO >> Epoch: 22  |  Layer: 04  |  Train Loss: 0.875 | Train Acc: 68.84  |  Val Loss: 0.858 | Val Acc: 69.71  |  Test Loss: 0.530 | Tes Acc: 81.18
INFO >> Epoch: 22  |  Layer: 05  |  Train Loss: 0.837 | Train Acc: 70.92  |  Val Loss: 0.831 | Val Acc: 69.89  |  Test Loss: 0.502 | Tes Acc: 82.26
INFO >> Epoch: 22  |  Layer: 06  |  Train Loss: 0.798 | Train Acc: 72.95  |  Val Loss: 0.792 | Val Acc: 71.86  |  Test Loss: 0.456 | Tes Acc: 85.75
INFO >> Epoch: 22  |  Layer: 07  |  Train Loss: 0.768 | Train Acc: 74.25  |  Val Loss: 0.765 | Val Acc: 72.94  |  Test Loss: 0.439 | Tes Acc: 86.83
INFO >> Epoch: 22  |  Layer: 08  |  Train Loss: 0.739 | Train Acc: 74.83  |  Val Loss: 0.731 | Val Acc: 74.55  |  Test Loss: 0.424 | Tes Acc: 87.37
INFO >> Epoch: 22  |  Layer: 09  |  Train Loss: 0.727 | Train Acc: 74.98  |  Val Loss: 0.722 | Val Acc: 75.09  |  Test Loss: 0.419 | Tes Acc: 86.56
INFO >> Epoch: 22  |  Layer: 10  |  Train Loss: 0.691 | Train Acc: 75.85  |  Val Loss: 0.694 | Val Acc: 75.63  |  Test Loss: 0.410 | Tes Acc: 88.44
INFO >> Epoch: 22  |  Layer: 11  |  Train Loss: 0.688 | Train Acc: 75.94  |  Val Loss: 0.703 | Val Acc: 76.52  |  Test Loss: 0.415 | Tes Acc: 88.17
INFO >> Epoch: 22  |  Layer: 12  |  Train Loss: 0.680 | Train Acc: 76.43  |  Val Loss: 0.705 | Val Acc: 76.16  |  Test Loss: 0.415 | Tes Acc: 87.90
INFO >> Epoch: 22  |  Layer: 13  |  Train Loss: 0.676 | Train Acc: 76.52  |  Val Loss: 0.708 | Val Acc: 75.45  |  Test Loss: 0.418 | Tes Acc: 87.37

INFO >> Epoch: 23  |  Layer: 01  |  Train Loss: 1.009 | Train Acc: 64.73  |  Val Loss: 1.049 | Val Acc: 63.80  |  Test Loss: 0.774 | Tes Acc: 74.73
INFO >> Epoch: 23  |  Layer: 02  |  Train Loss: 0.991 | Train Acc: 64.98  |  Val Loss: 1.025 | Val Acc: 65.05  |  Test Loss: 0.733 | Tes Acc: 76.61
INFO >> Epoch: 23  |  Layer: 03  |  Train Loss: 0.932 | Train Acc: 67.63  |  Val Loss: 0.926 | Val Acc: 68.28  |  Test Loss: 0.624 | Tes Acc: 81.72
INFO >> Epoch: 23  |  Layer: 04  |  Train Loss: 0.845 | Train Acc: 71.01  |  Val Loss: 0.845 | Val Acc: 69.71  |  Test Loss: 0.530 | Tes Acc: 83.60
INFO >> Epoch: 23  |  Layer: 05  |  Train Loss: 0.813 | Train Acc: 71.93  |  Val Loss: 0.810 | Val Acc: 71.15  |  Test Loss: 0.496 | Tes Acc: 84.68
INFO >> Epoch: 23  |  Layer: 06  |  Train Loss: 0.775 | Train Acc: 73.62  |  Val Loss: 0.778 | Val Acc: 72.04  |  Test Loss: 0.457 | Tes Acc: 86.56
INFO >> Epoch: 23  |  Layer: 07  |  Train Loss: 0.747 | Train Acc: 74.83  |  Val Loss: 0.748 | Val Acc: 72.76  |  Test Loss: 0.445 | Tes Acc: 86.02
INFO >> Epoch: 23  |  Layer: 08  |  Train Loss: 0.717 | Train Acc: 75.41  |  Val Loss: 0.720 | Val Acc: 73.12  |  Test Loss: 0.426 | Tes Acc: 87.37
INFO >> Epoch: 23  |  Layer: 09  |  Train Loss: 0.703 | Train Acc: 75.60  |  Val Loss: 0.710 | Val Acc: 74.19  |  Test Loss: 0.420 | Tes Acc: 88.17
INFO >> Epoch: 23  |  Layer: 10  |  Train Loss: 0.673 | Train Acc: 76.67  |  Val Loss: 0.687 | Val Acc: 76.34  |  Test Loss: 0.424 | Tes Acc: 87.63
INFO >> Epoch: 23  |  Layer: 11  |  Train Loss: 0.669 | Train Acc: 76.76  |  Val Loss: 0.687 | Val Acc: 75.81  |  Test Loss: 0.402 | Tes Acc: 88.44
INFO >> Epoch: 23  |  Layer: 12  |  Train Loss: 0.661 | Train Acc: 77.29  |  Val Loss: 0.690 | Val Acc: 76.16  |  Test Loss: 0.399 | Tes Acc: 88.17
INFO >> Epoch: 23  |  Layer: 13  |  Train Loss: 0.654 | Train Acc: 77.49  |  Val Loss: 0.692 | Val Acc: 76.70  |  Test Loss: 0.408 | Tes Acc: 87.90

INFO >> Epoch: 24  |  Layer: 01  |  Train Loss: 1.027 | Train Acc: 64.78  |  Val Loss: 1.030 | Val Acc: 64.34  |  Test Loss: 0.720 | Tes Acc: 73.12
INFO >> Epoch: 24  |  Layer: 02  |  Train Loss: 1.005 | Train Acc: 65.41  |  Val Loss: 1.007 | Val Acc: 64.52  |  Test Loss: 0.677 | Tes Acc: 74.46
INFO >> Epoch: 24  |  Layer: 03  |  Train Loss: 0.948 | Train Acc: 67.63  |  Val Loss: 0.934 | Val Acc: 68.28  |  Test Loss: 0.579 | Tes Acc: 81.99
INFO >> Epoch: 24  |  Layer: 04  |  Train Loss: 0.853 | Train Acc: 70.43  |  Val Loss: 0.850 | Val Acc: 73.12  |  Test Loss: 0.493 | Tes Acc: 83.33
INFO >> Epoch: 24  |  Layer: 05  |  Train Loss: 0.818 | Train Acc: 72.03  |  Val Loss: 0.817 | Val Acc: 72.58  |  Test Loss: 0.464 | Tes Acc: 83.87
INFO >> Epoch: 24  |  Layer: 06  |  Train Loss: 0.786 | Train Acc: 73.14  |  Val Loss: 0.785 | Val Acc: 74.01  |  Test Loss: 0.434 | Tes Acc: 86.56
INFO >> Epoch: 24  |  Layer: 07  |  Train Loss: 0.758 | Train Acc: 73.77  |  Val Loss: 0.749 | Val Acc: 75.63  |  Test Loss: 0.423 | Tes Acc: 86.29
INFO >> Epoch: 24  |  Layer: 08  |  Train Loss: 0.722 | Train Acc: 74.93  |  Val Loss: 0.711 | Val Acc: 77.06  |  Test Loss: 0.410 | Tes Acc: 87.10
INFO >> Epoch: 24  |  Layer: 09  |  Train Loss: 0.707 | Train Acc: 75.41  |  Val Loss: 0.695 | Val Acc: 78.49  |  Test Loss: 0.409 | Tes Acc: 87.90
INFO >> Epoch: 24  |  Layer: 10  |  Train Loss: 0.677 | Train Acc: 77.25  |  Val Loss: 0.673 | Val Acc: 79.39  |  Test Loss: 0.401 | Tes Acc: 88.71
INFO >> Epoch: 24  |  Layer: 11  |  Train Loss: 0.673 | Train Acc: 77.05  |  Val Loss: 0.678 | Val Acc: 79.03  |  Test Loss: 0.398 | Tes Acc: 88.71
INFO >> Epoch: 24  |  Layer: 12  |  Train Loss: 0.667 | Train Acc: 77.20  |  Val Loss: 0.671 | Val Acc: 79.75  |  Test Loss: 0.389 | Tes Acc: 88.71
INFO >> Epoch: 24  |  Layer: 13  |  Train Loss: 0.659 | Train Acc: 77.44  |  Val Loss: 0.676 | Val Acc: 79.57  |  Test Loss: 0.386 | Tes Acc: 88.17

INFO >> Epoch: 25  |  Layer: 01  |  Train Loss: 1.042 | Train Acc: 63.00  |  Val Loss: 0.983 | Val Acc: 65.77  |  Test Loss: 0.714 | Tes Acc: 79.30
INFO >> Epoch: 25  |  Layer: 02  |  Train Loss: 1.023 | Train Acc: 64.30  |  Val Loss: 0.960 | Val Acc: 67.56  |  Test Loss: 0.660 | Tes Acc: 79.30
INFO >> Epoch: 25  |  Layer: 03  |  Train Loss: 0.947 | Train Acc: 67.68  |  Val Loss: 0.889 | Val Acc: 70.97  |  Test Loss: 0.579 | Tes Acc: 83.87
INFO >> Epoch: 25  |  Layer: 04  |  Train Loss: 0.850 | Train Acc: 70.43  |  Val Loss: 0.804 | Val Acc: 72.40  |  Test Loss: 0.502 | Tes Acc: 84.68
INFO >> Epoch: 25  |  Layer: 05  |  Train Loss: 0.818 | Train Acc: 71.69  |  Val Loss: 0.777 | Val Acc: 73.66  |  Test Loss: 0.480 | Tes Acc: 87.37
INFO >> Epoch: 25  |  Layer: 06  |  Train Loss: 0.783 | Train Acc: 73.04  |  Val Loss: 0.741 | Val Acc: 74.55  |  Test Loss: 0.439 | Tes Acc: 88.17
INFO >> Epoch: 25  |  Layer: 07  |  Train Loss: 0.753 | Train Acc: 74.35  |  Val Loss: 0.718 | Val Acc: 75.45  |  Test Loss: 0.436 | Tes Acc: 87.37
INFO >> Epoch: 25  |  Layer: 08  |  Train Loss: 0.719 | Train Acc: 75.46  |  Val Loss: 0.685 | Val Acc: 76.70  |  Test Loss: 0.413 | Tes Acc: 87.90
INFO >> Epoch: 25  |  Layer: 09  |  Train Loss: 0.706 | Train Acc: 75.89  |  Val Loss: 0.677 | Val Acc: 77.42  |  Test Loss: 0.407 | Tes Acc: 88.44
INFO >> Epoch: 25  |  Layer: 10  |  Train Loss: 0.673 | Train Acc: 77.34  |  Val Loss: 0.673 | Val Acc: 77.24  |  Test Loss: 0.432 | Tes Acc: 87.37
INFO >> Epoch: 25  |  Layer: 11  |  Train Loss: 0.666 | Train Acc: 77.25  |  Val Loss: 0.682 | Val Acc: 77.96  |  Test Loss: 0.419 | Tes Acc: 88.17
INFO >> Epoch: 25  |  Layer: 12  |  Train Loss: 0.660 | Train Acc: 78.21  |  Val Loss: 0.688 | Val Acc: 78.67  |  Test Loss: 0.418 | Tes Acc: 86.83
INFO >> Epoch: 25  |  Layer: 13  |  Train Loss: 0.653 | Train Acc: 77.97  |  Val Loss: 0.690 | Val Acc: 77.96  |  Test Loss: 0.422 | Tes Acc: 86.29

INFO >> Epoch: 26  |  Layer: 01  |  Train Loss: 1.023 | Train Acc: 64.44  |  Val Loss: 0.975 | Val Acc: 66.31  |  Test Loss: 0.700 | Tes Acc: 77.42
INFO >> Epoch: 26  |  Layer: 02  |  Train Loss: 0.996 | Train Acc: 65.56  |  Val Loss: 0.957 | Val Acc: 67.38  |  Test Loss: 0.662 | Tes Acc: 79.03
INFO >> Epoch: 26  |  Layer: 03  |  Train Loss: 0.920 | Train Acc: 68.16  |  Val Loss: 0.884 | Val Acc: 70.07  |  Test Loss: 0.596 | Tes Acc: 81.72
INFO >> Epoch: 26  |  Layer: 04  |  Train Loss: 0.827 | Train Acc: 71.01  |  Val Loss: 0.823 | Val Acc: 72.76  |  Test Loss: 0.531 | Tes Acc: 83.87
INFO >> Epoch: 26  |  Layer: 05  |  Train Loss: 0.800 | Train Acc: 72.37  |  Val Loss: 0.790 | Val Acc: 73.84  |  Test Loss: 0.496 | Tes Acc: 85.22
INFO >> Epoch: 26  |  Layer: 06  |  Train Loss: 0.768 | Train Acc: 73.77  |  Val Loss: 0.755 | Val Acc: 75.09  |  Test Loss: 0.459 | Tes Acc: 87.10
INFO >> Epoch: 26  |  Layer: 07  |  Train Loss: 0.741 | Train Acc: 74.93  |  Val Loss: 0.736 | Val Acc: 76.52  |  Test Loss: 0.467 | Tes Acc: 87.63
INFO >> Epoch: 26  |  Layer: 08  |  Train Loss: 0.709 | Train Acc: 75.65  |  Val Loss: 0.717 | Val Acc: 77.42  |  Test Loss: 0.456 | Tes Acc: 87.37
INFO >> Epoch: 26  |  Layer: 09  |  Train Loss: 0.694 | Train Acc: 75.46  |  Val Loss: 0.710 | Val Acc: 78.32  |  Test Loss: 0.453 | Tes Acc: 87.10
INFO >> Epoch: 26  |  Layer: 10  |  Train Loss: 0.664 | Train Acc: 76.38  |  Val Loss: 0.701 | Val Acc: 76.88  |  Test Loss: 0.464 | Tes Acc: 87.10
INFO >> Epoch: 26  |  Layer: 11  |  Train Loss: 0.663 | Train Acc: 76.76  |  Val Loss: 0.719 | Val Acc: 78.32  |  Test Loss: 0.464 | Tes Acc: 86.02
INFO >> Epoch: 26  |  Layer: 12  |  Train Loss: 0.658 | Train Acc: 76.76  |  Val Loss: 0.714 | Val Acc: 78.85  |  Test Loss: 0.457 | Tes Acc: 85.48
INFO >> Epoch: 26  |  Layer: 13  |  Train Loss: 0.651 | Train Acc: 77.58  |  Val Loss: 0.702 | Val Acc: 78.14  |  Test Loss: 0.445 | Tes Acc: 86.83

INFO >> Epoch: 27  |  Layer: 01  |  Train Loss: 1.049 | Train Acc: 64.01  |  Val Loss: 1.034 | Val Acc: 63.08  |  Test Loss: 0.759 | Tes Acc: 76.08
INFO >> Epoch: 27  |  Layer: 02  |  Train Loss: 1.017 | Train Acc: 64.54  |  Val Loss: 1.001 | Val Acc: 64.52  |  Test Loss: 0.740 | Tes Acc: 77.15
INFO >> Epoch: 27  |  Layer: 03  |  Train Loss: 0.936 | Train Acc: 67.68  |  Val Loss: 0.904 | Val Acc: 68.82  |  Test Loss: 0.631 | Tes Acc: 81.18
INFO >> Epoch: 27  |  Layer: 04  |  Train Loss: 0.838 | Train Acc: 70.77  |  Val Loss: 0.853 | Val Acc: 69.89  |  Test Loss: 0.558 | Tes Acc: 82.53
INFO >> Epoch: 27  |  Layer: 05  |  Train Loss: 0.809 | Train Acc: 71.84  |  Val Loss: 0.822 | Val Acc: 71.68  |  Test Loss: 0.536 | Tes Acc: 83.33
INFO >> Epoch: 27  |  Layer: 06  |  Train Loss: 0.777 | Train Acc: 73.09  |  Val Loss: 0.781 | Val Acc: 72.58  |  Test Loss: 0.478 | Tes Acc: 84.68
INFO >> Epoch: 27  |  Layer: 07  |  Train Loss: 0.754 | Train Acc: 73.77  |  Val Loss: 0.763 | Val Acc: 72.94  |  Test Loss: 0.492 | Tes Acc: 83.60
INFO >> Epoch: 27  |  Layer: 08  |  Train Loss: 0.719 | Train Acc: 74.98  |  Val Loss: 0.720 | Val Acc: 75.09  |  Test Loss: 0.451 | Tes Acc: 86.29
INFO >> Epoch: 27  |  Layer: 09  |  Train Loss: 0.708 | Train Acc: 75.36  |  Val Loss: 0.706 | Val Acc: 75.63  |  Test Loss: 0.436 | Tes Acc: 87.10
INFO >> Epoch: 27  |  Layer: 10  |  Train Loss: 0.677 | Train Acc: 76.23  |  Val Loss: 0.670 | Val Acc: 76.88  |  Test Loss: 0.414 | Tes Acc: 87.37
INFO >> Epoch: 27  |  Layer: 11  |  Train Loss: 0.668 | Train Acc: 77.00  |  Val Loss: 0.672 | Val Acc: 76.34  |  Test Loss: 0.409 | Tes Acc: 87.10
INFO >> Epoch: 27  |  Layer: 12  |  Train Loss: 0.661 | Train Acc: 77.20  |  Val Loss: 0.667 | Val Acc: 76.16  |  Test Loss: 0.399 | Tes Acc: 87.63
INFO >> Epoch: 27  |  Layer: 13  |  Train Loss: 0.651 | Train Acc: 77.54  |  Val Loss: 0.664 | Val Acc: 76.88  |  Test Loss: 0.381 | Tes Acc: 87.90

INFO >> Epoch: 28  |  Layer: 01  |  Train Loss: 1.059 | Train Acc: 60.14  |  Val Loss: 1.018 | Val Acc: 62.54  |  Test Loss: 0.714 | Tes Acc: 79.57
INFO >> Epoch: 28  |  Layer: 02  |  Train Loss: 1.020 | Train Acc: 63.00  |  Val Loss: 0.971 | Val Acc: 65.95  |  Test Loss: 0.654 | Tes Acc: 80.11
INFO >> Epoch: 28  |  Layer: 03  |  Train Loss: 0.942 | Train Acc: 65.75  |  Val Loss: 0.888 | Val Acc: 70.43  |  Test Loss: 0.579 | Tes Acc: 83.60
INFO >> Epoch: 28  |  Layer: 04  |  Train Loss: 0.851 | Train Acc: 69.81  |  Val Loss: 0.797 | Val Acc: 74.01  |  Test Loss: 0.470 | Tes Acc: 86.56
INFO >> Epoch: 28  |  Layer: 05  |  Train Loss: 0.819 | Train Acc: 70.97  |  Val Loss: 0.764 | Val Acc: 74.73  |  Test Loss: 0.441 | Tes Acc: 87.63
INFO >> Epoch: 28  |  Layer: 06  |  Train Loss: 0.782 | Train Acc: 72.27  |  Val Loss: 0.733 | Val Acc: 76.88  |  Test Loss: 0.414 | Tes Acc: 87.63
INFO >> Epoch: 28  |  Layer: 07  |  Train Loss: 0.750 | Train Acc: 73.67  |  Val Loss: 0.709 | Val Acc: 77.96  |  Test Loss: 0.401 | Tes Acc: 87.63
INFO >> Epoch: 28  |  Layer: 08  |  Train Loss: 0.718 | Train Acc: 75.27  |  Val Loss: 0.676 | Val Acc: 79.57  |  Test Loss: 0.392 | Tes Acc: 88.44
INFO >> Epoch: 28  |  Layer: 09  |  Train Loss: 0.700 | Train Acc: 76.23  |  Val Loss: 0.668 | Val Acc: 80.47  |  Test Loss: 0.393 | Tes Acc: 88.17
INFO >> Epoch: 28  |  Layer: 10  |  Train Loss: 0.665 | Train Acc: 76.96  |  Val Loss: 0.664 | Val Acc: 79.39  |  Test Loss: 0.392 | Tes Acc: 90.05
INFO >> Epoch: 28  |  Layer: 11  |  Train Loss: 0.647 | Train Acc: 77.58  |  Val Loss: 0.670 | Val Acc: 79.39  |  Test Loss: 0.387 | Tes Acc: 89.52
INFO >> Epoch: 28  |  Layer: 12  |  Train Loss: 0.641 | Train Acc: 77.78  |  Val Loss: 0.671 | Val Acc: 80.47  |  Test Loss: 0.390 | Tes Acc: 88.71
INFO >> Epoch: 28  |  Layer: 13  |  Train Loss: 0.632 | Train Acc: 78.21  |  Val Loss: 0.671 | Val Acc: 80.65  |  Test Loss: 0.375 | Tes Acc: 89.25

INFO >> Epoch: 29  |  Layer: 01  |  Train Loss: 1.097 | Train Acc: 59.86  |  Val Loss: 1.034 | Val Acc: 63.62  |  Test Loss: 0.748 | Tes Acc: 72.58
INFO >> Epoch: 29  |  Layer: 02  |  Train Loss: 1.056 | Train Acc: 61.50  |  Val Loss: 1.025 | Val Acc: 64.34  |  Test Loss: 0.731 | Tes Acc: 72.58
INFO >> Epoch: 29  |  Layer: 03  |  Train Loss: 0.971 | Train Acc: 65.60  |  Val Loss: 0.940 | Val Acc: 68.28  |  Test Loss: 0.642 | Tes Acc: 77.15
INFO >> Epoch: 29  |  Layer: 04  |  Train Loss: 0.837 | Train Acc: 70.87  |  Val Loss: 0.852 | Val Acc: 69.53  |  Test Loss: 0.548 | Tes Acc: 80.91
INFO >> Epoch: 29  |  Layer: 05  |  Train Loss: 0.797 | Train Acc: 71.74  |  Val Loss: 0.811 | Val Acc: 72.22  |  Test Loss: 0.516 | Tes Acc: 81.99
INFO >> Epoch: 29  |  Layer: 06  |  Train Loss: 0.758 | Train Acc: 73.57  |  Val Loss: 0.780 | Val Acc: 72.94  |  Test Loss: 0.490 | Tes Acc: 83.87
INFO >> Epoch: 29  |  Layer: 07  |  Train Loss: 0.733 | Train Acc: 74.30  |  Val Loss: 0.767 | Val Acc: 73.30  |  Test Loss: 0.515 | Tes Acc: 81.72
INFO >> Epoch: 29  |  Layer: 08  |  Train Loss: 0.693 | Train Acc: 74.98  |  Val Loss: 0.728 | Val Acc: 74.91  |  Test Loss: 0.484 | Tes Acc: 83.33
INFO >> Epoch: 29  |  Layer: 09  |  Train Loss: 0.675 | Train Acc: 76.04  |  Val Loss: 0.714 | Val Acc: 76.52  |  Test Loss: 0.465 | Tes Acc: 84.68
INFO >> Epoch: 29  |  Layer: 10  |  Train Loss: 0.636 | Train Acc: 77.87  |  Val Loss: 0.714 | Val Acc: 76.16  |  Test Loss: 0.498 | Tes Acc: 83.33
INFO >> Epoch: 29  |  Layer: 11  |  Train Loss: 0.631 | Train Acc: 78.12  |  Val Loss: 0.726 | Val Acc: 75.99  |  Test Loss: 0.485 | Tes Acc: 84.41
INFO >> Epoch: 29  |  Layer: 12  |  Train Loss: 0.625 | Train Acc: 78.12  |  Val Loss: 0.725 | Val Acc: 76.70  |  Test Loss: 0.480 | Tes Acc: 84.41
INFO >> Epoch: 29  |  Layer: 13  |  Train Loss: 0.620 | Train Acc: 78.26  |  Val Loss: 0.736 | Val Acc: 76.16  |  Test Loss: 0.499 | Tes Acc: 83.60

INFO >> Epoch: 30  |  Layer: 01  |  Train Loss: 1.022 | Train Acc: 64.64  |  Val Loss: 0.978 | Val Acc: 67.03  |  Test Loss: 0.663 | Tes Acc: 79.30
INFO >> Epoch: 30  |  Layer: 02  |  Train Loss: 0.987 | Train Acc: 66.04  |  Val Loss: 0.958 | Val Acc: 67.56  |  Test Loss: 0.638 | Tes Acc: 78.49
INFO >> Epoch: 30  |  Layer: 03  |  Train Loss: 0.912 | Train Acc: 68.79  |  Val Loss: 0.874 | Val Acc: 71.15  |  Test Loss: 0.546 | Tes Acc: 83.87
INFO >> Epoch: 30  |  Layer: 04  |  Train Loss: 0.810 | Train Acc: 71.30  |  Val Loss: 0.781 | Val Acc: 73.48  |  Test Loss: 0.456 | Tes Acc: 86.56
INFO >> Epoch: 30  |  Layer: 05  |  Train Loss: 0.776 | Train Acc: 72.95  |  Val Loss: 0.754 | Val Acc: 73.66  |  Test Loss: 0.424 | Tes Acc: 87.63
INFO >> Epoch: 30  |  Layer: 06  |  Train Loss: 0.736 | Train Acc: 74.59  |  Val Loss: 0.716 | Val Acc: 75.27  |  Test Loss: 0.388 | Tes Acc: 89.78
INFO >> Epoch: 30  |  Layer: 07  |  Train Loss: 0.710 | Train Acc: 75.22  |  Val Loss: 0.688 | Val Acc: 75.99  |  Test Loss: 0.384 | Tes Acc: 90.86
INFO >> Epoch: 30  |  Layer: 08  |  Train Loss: 0.675 | Train Acc: 76.91  |  Val Loss: 0.655 | Val Acc: 78.85  |  Test Loss: 0.363 | Tes Acc: 90.59
INFO >> Epoch: 30  |  Layer: 09  |  Train Loss: 0.662 | Train Acc: 76.91  |  Val Loss: 0.656 | Val Acc: 79.39  |  Test Loss: 0.363 | Tes Acc: 90.59
INFO >> Epoch: 30  |  Layer: 10  |  Train Loss: 0.635 | Train Acc: 77.87  |  Val Loss: 0.644 | Val Acc: 79.75  |  Test Loss: 0.363 | Tes Acc: 89.78
INFO >> Epoch: 30  |  Layer: 11  |  Train Loss: 0.632 | Train Acc: 78.02  |  Val Loss: 0.658 | Val Acc: 79.21  |  Test Loss: 0.358 | Tes Acc: 90.05
INFO >> Epoch: 30  |  Layer: 12  |  Train Loss: 0.625 | Train Acc: 77.73  |  Val Loss: 0.665 | Val Acc: 78.49  |  Test Loss: 0.360 | Tes Acc: 89.52
INFO >> Epoch: 30  |  Layer: 13  |  Train Loss: 0.624 | Train Acc: 78.60  |  Val Loss: 0.669 | Val Acc: 78.49  |  Test Loss: 0.358 | Tes Acc: 90.59



INFO >> Time Taken: 51:16

INFO >> Layer: 01  |  Best Val Acc: 67.03  |  Best Test Acc: 79.30
INFO >> Layer: 02  |  Best Val Acc: 67.56  |  Best Test Acc: 79.30
INFO >> Layer: 03  |  Best Val Acc: 71.15  |  Best Test Acc: 83.87
INFO >> Layer: 04  |  Best Val Acc: 74.01  |  Best Test Acc: 86.56
INFO >> Layer: 05  |  Best Val Acc: 74.73  |  Best Test Acc: 87.63
INFO >> Layer: 06  |  Best Val Acc: 76.88  |  Best Test Acc: 87.63
INFO >> Layer: 07  |  Best Val Acc: 77.96  |  Best Test Acc: 87.63
INFO >> Layer: 08  |  Best Val Acc: 79.57  |  Best Test Acc: 88.44
INFO >> Layer: 09  |  Best Val Acc: 80.47  |  Best Test Acc: 88.17
INFO >> Layer: 10  |  Best Val Acc: 79.75  |  Best Test Acc: 89.78
INFO >> Layer: 11  |  Best Val Acc: 79.39  |  Best Test Acc: 89.52
INFO >> Layer: 12  |  Best Val Acc: 80.47  |  Best Test Acc: 88.71
INFO >> Layer: 13  |  Best Val Acc: 80.65  |  Best Test Acc: 89.25

DEBUG >> Last state saved
INFO >> Mixing Weights (softmax): 
1.0
[0.4461982846260071, 0.5538016557693481]
[0.2637043595314026, 0.2721431851387024, 0.46415242552757263]
[0.18029047548770905, 0.15025651454925537, 0.24091973900794983, 0.42853331565856934]
[0.14194843173027039, 0.11419335752725601, 0.16709932684898376, 0.29219281673431396, 0.28456607460975647]
[0.10827124863862991, 0.08744971454143524, 0.12249363213777542, 0.20290584862232208, 0.22274698317050934, 0.256132572889328]
[0.09171351045370102, 0.07274360954761505, 0.09068003296852112, 0.14170752465724945, 0.17343923449516296, 0.19703859090805054, 0.23267753422260284]
[0.0785895437002182, 0.0560707226395607, 0.07109108567237854, 0.10286039113998413, 0.1289440244436264, 0.14656974375247955, 0.17619623243808746, 0.23967818915843964]
[0.07401608675718307, 0.04998696222901344, 0.06088460236787796, 0.08650674670934677, 0.10329790413379669, 0.11954391747713089, 0.12981469929218292, 0.21237213909626007, 0.16357697546482086]
[0.0690162256360054, 0.043430402874946594, 0.054576750844717026, 0.06966902315616608, 0.08099435269832611, 0.08386293798685074, 0.10579980909824371, 0.14829014241695404, 0.15047474205493927, 0.19388556480407715]
[0.07019093632698059, 0.04045187309384346, 0.050456564873456955, 0.06426054984331131, 0.06193608418107033, 0.057965680956840515, 0.08760329335927963, 0.1145683079957962, 0.12970991432666779, 0.16632811725139618, 0.15652869641780853]
[0.06657343357801437, 0.03855716064572334, 0.045686423778533936, 0.05849621817469597, 0.05361758917570114, 0.04882312938570976, 0.07691764831542969, 0.09724879264831543, 0.10620599240064621, 0.1501927673816681, 0.15241089463233948, 0.10526995360851288]
[0.06189367175102234, 0.03748955577611923, 0.04283296316862106, 0.05390414223074913, 0.049040358513593674, 0.04339439794421196, 0.06900859624147415, 0.08217444270849228, 0.09463486820459366, 0.12428703904151917, 0.15060363709926605, 0.10383620113134384, 0.08690013736486435]


INFO >> History saved (./history/v1.5/ShEMO/FX_HUBERT_BASE_CLF_CM_PROBING_LINEAR/Run1/history.pt)
