
--------------------------------------------------
Multilingual SER System v1.2
--------------------------------------------------
Run Name      : Run3
Fx Model      : HUBERT_BASE
Clf Model     : DENSE
Extract Mode  : gpu_memory
Dataset       : ShEMO
Device        : gpu
Epochs        : 20
Num Workers   : 2
Data Dir      : ./data
History Dir   : ./history
Weights Dir   : ./weights
Log Level     : debug
Purge Cache   : False
Job Name      : Job61
Job Id        : 30684186
GPU           : Quadro RTX 8000
GPU Count     : 1

Timestamp : 2023-03-02 03:20:16.208829

INFO >> Running on CUDA


INFO >> Training Classifier

INFO >> Epoch: 1 |   Train Loss: 1.422 | Train Acc: 42.80 |   Val Loss: 1.215 | Val Acc: 51.97 |   Test Loss: 0.883 | Tes Acc: 69.35
DEBUG >> Best state saved | Val Acc 51.971328258514404 | Test Acc 69.35483813285828

INFO >> Epoch: 2 |   Train Loss: 1.079 | Train Acc: 59.90 |   Val Loss: 0.991 | Val Acc: 65.41 |   Test Loss: 0.722 | Tes Acc: 77.96
DEBUG >> Best state saved | Val Acc 65.41218757629395 | Test Acc 77.95698642730713

INFO >> Epoch: 3 |   Train Loss: 0.897 | Train Acc: 68.74 |   Val Loss: 0.827 | Val Acc: 70.79 |   Test Loss: 0.495 | Tes Acc: 82.26
DEBUG >> Best state saved | Val Acc 70.78853249549866 | Test Acc 82.2580635547638

INFO >> Epoch: 4 |   Train Loss: 0.795 | Train Acc: 71.50 |   Val Loss: 0.800 | Val Acc: 73.12 |   Test Loss: 0.430 | Tes Acc: 86.02
DEBUG >> Best state saved | Val Acc 73.11828136444092 | Test Acc 86.02150678634644

INFO >> Epoch: 5 |   Train Loss: 0.739 | Train Acc: 74.20 |   Val Loss: 0.757 | Val Acc: 75.45 |   Test Loss: 0.406 | Tes Acc: 86.29
DEBUG >> Best state saved | Val Acc 75.44803023338318 | Test Acc 86.29032373428345

INFO >> Epoch: 6 |   Train Loss: 0.719 | Train Acc: 74.93 |   Val Loss: 0.742 | Val Acc: 75.45 |   Test Loss: 0.402 | Tes Acc: 88.98
INFO >> Epoch: 7 |   Train Loss: 0.664 | Train Acc: 76.43 |   Val Loss: 0.681 | Val Acc: 77.96 |   Test Loss: 0.344 | Tes Acc: 87.37
DEBUG >> Best state saved | Val Acc 77.95698642730713 | Test Acc 87.3655915260315

INFO >> Epoch: 8 |   Train Loss: 0.664 | Train Acc: 76.91 |   Val Loss: 0.722 | Val Acc: 75.99 |   Test Loss: 0.427 | Tes Acc: 87.63
INFO >> Epoch: 9 |   Train Loss: 0.631 | Train Acc: 78.07 |   Val Loss: 0.699 | Val Acc: 75.81 |   Test Loss: 0.397 | Tes Acc: 86.83
INFO >> Epoch: 10 |   Train Loss: 0.578 | Train Acc: 80.39 |   Val Loss: 0.645 | Val Acc: 77.06 |   Test Loss: 0.371 | Tes Acc: 89.25
INFO >> Epoch: 11 |   Train Loss: 0.590 | Train Acc: 79.71 |   Val Loss: 0.666 | Val Acc: 78.67 |   Test Loss: 0.330 | Tes Acc: 90.32
DEBUG >> Best state saved | Val Acc 78.67383360862732 | Test Acc 90.32257795333862

INFO >> Epoch: 12 |   Train Loss: 0.529 | Train Acc: 82.75 |   Val Loss: 0.609 | Val Acc: 80.47 |   Test Loss: 0.330 | Tes Acc: 89.25
DEBUG >> Best state saved | Val Acc 80.46594858169556 | Test Acc 89.24731016159058

INFO >> Epoch: 13 |   Train Loss: 0.533 | Train Acc: 82.27 |   Val Loss: 0.631 | Val Acc: 78.67 |   Test Loss: 0.314 | Tes Acc: 88.71
INFO >> Epoch: 14 |   Train Loss: 0.482 | Train Acc: 83.29 |   Val Loss: 0.653 | Val Acc: 76.34 |   Test Loss: 0.363 | Tes Acc: 86.29
INFO >> Epoch: 15 |   Train Loss: 0.458 | Train Acc: 85.41 |   Val Loss: 0.618 | Val Acc: 77.96 |   Test Loss: 0.302 | Tes Acc: 90.32
INFO >> Epoch: 16 |   Train Loss: 0.439 | Train Acc: 85.36 |   Val Loss: 0.686 | Val Acc: 77.24 |   Test Loss: 0.413 | Tes Acc: 87.63
INFO >> Epoch: 17 |   Train Loss: 0.420 | Train Acc: 85.75 |   Val Loss: 0.613 | Val Acc: 79.21 |   Test Loss: 0.350 | Tes Acc: 88.44
INFO >> Epoch: 18 |   Train Loss: 0.380 | Train Acc: 87.05 |   Val Loss: 0.614 | Val Acc: 77.78 |   Test Loss: 0.355 | Tes Acc: 87.90
INFO >> Epoch: 19 |   Train Loss: 0.364 | Train Acc: 87.78 |   Val Loss: 0.719 | Val Acc: 79.21 |   Test Loss: 0.360 | Tes Acc: 88.71
INFO >> Epoch: 20 |   Train Loss: 0.352 | Train Acc: 88.36 |   Val Loss: 0.652 | Val Acc: 78.14 |   Test Loss: 0.315 | Tes Acc: 89.25


INFO >> Time Taken: 32:34

INFO >> Best Val Acc : 80.46594858169556 | Best Test Acc : 89.24731016159058

INFO >> Agg. Weights : 
-0.2805694341659546 -0.3999977707862854 -0.5858849287033081 -0.047818053513765335 0.34731754660606384 0.18806202709674835 0.3693872094154358 0.40444445610046387 -0.10643216967582703 -0.019361035898327827 0.463242769241333 0.34236758947372437

DEBUG >> Last state saved | Val Acc 78.1361997127533 | Test Acc 89.24731016159058

INFO >> History saved (./history/v1.2/ShEMO/HUBERT_BASE_DENSE/Run3/history.pt)
