
--------------------------------------------------
Multilingual SER System v1.4
--------------------------------------------------
Run Name      : Run1
Fx Model      : HUBERT_BASE
Clf Model     : PROBING
Extract Mode  : gpu_memory
Dataset       : IEMOCAP
Device        : gpu
Epochs        : 30
Num Workers   : 3
Data Dir      : ./data
History Dir   : ./history
Weights Dir   : ./weights
Log Level     : debug
Purge Cache   : False
Job Name      : Job269
Job Id        : 30913048
GPU           : Quadro RTX 8000
GPU Count     : 1
GPU Memory    : 44.49 GB

Timestamp : 2023-03-11 10:06:34.177211

INFO >> Running on CUDA


INFO >> Training Classifier

INFO >> Epoch: 1  |  Layer:  1  |  Train Loss: 1.289 | Train Acc: 37.24  |  Val Loss: 1.170 | Val Acc: 39.66  |  Test Loss: 1.238 | Tes Acc: 37.43
INFO >> Epoch: 1  |  Layer:  2  |  Train Loss: 1.297 | Train Acc: 36.80  |  Val Loss: 1.152 | Val Acc: 44.98  |  Test Loss: 1.185 | Tes Acc: 43.85
INFO >> Epoch: 1  |  Layer:  3  |  Train Loss: 1.286 | Train Acc: 37.65  |  Val Loss: 1.145 | Val Acc: 43.57  |  Test Loss: 1.175 | Tes Acc: 42.07
INFO >> Epoch: 1  |  Layer:  4  |  Train Loss: 1.263 | Train Acc: 39.26  |  Val Loss: 1.119 | Val Acc: 44.88  |  Test Loss: 1.147 | Tes Acc: 44.12
INFO >> Epoch: 1  |  Layer:  5  |  Train Loss: 1.266 | Train Acc: 39.67  |  Val Loss: 1.117 | Val Acc: 46.59  |  Test Loss: 1.142 | Tes Acc: 46.35
INFO >> Epoch: 1  |  Layer:  6  |  Train Loss: 1.269 | Train Acc: 39.50  |  Val Loss: 1.130 | Val Acc: 44.48  |  Test Loss: 1.154 | Tes Acc: 44.47
INFO >> Epoch: 1  |  Layer:  7  |  Train Loss: 1.266 | Train Acc: 40.38  |  Val Loss: 1.131 | Val Acc: 43.67  |  Test Loss: 1.163 | Tes Acc: 43.85
INFO >> Epoch: 1  |  Layer:  8  |  Train Loss: 1.272 | Train Acc: 39.73  |  Val Loss: 1.138 | Val Acc: 45.08  |  Test Loss: 1.183 | Tes Acc: 41.44
INFO >> Epoch: 1  |  Layer:  9  |  Train Loss: 1.282 | Train Acc: 38.59  |  Val Loss: 1.157 | Val Acc: 43.17  |  Test Loss: 1.184 | Tes Acc: 42.42
INFO >> Epoch: 1  |  Layer: 10  |  Train Loss: 1.257 | Train Acc: 40.67  |  Val Loss: 1.137 | Val Acc: 45.38  |  Test Loss: 1.169 | Tes Acc: 43.40
INFO >> Epoch: 1  |  Layer: 11  |  Train Loss: 1.260 | Train Acc: 40.79  |  Val Loss: 1.130 | Val Acc: 46.18  |  Test Loss: 1.166 | Tes Acc: 44.30
INFO >> Epoch: 1  |  Layer: 12  |  Train Loss: 1.270 | Train Acc: 40.32  |  Val Loss: 1.127 | Val Acc: 46.89  |  Test Loss: 1.164 | Tes Acc: 44.30
INFO >> Epoch: 1  |  Layer: 13  |  Train Loss: 1.256 | Train Acc: 41.05  |  Val Loss: 1.121 | Val Acc: 45.08  |  Test Loss: 1.155 | Tes Acc: 43.85

INFO >> Epoch: 2  |  Layer:  1  |  Train Loss: 1.156 | Train Acc: 45.80  |  Val Loss: 1.077 | Val Acc: 49.10  |  Test Loss: 1.147 | Tes Acc: 46.79
INFO >> Epoch: 2  |  Layer:  2  |  Train Loss: 1.128 | Train Acc: 47.26  |  Val Loss: 1.066 | Val Acc: 52.21  |  Test Loss: 1.124 | Tes Acc: 51.25
INFO >> Epoch: 2  |  Layer:  3  |  Train Loss: 1.116 | Train Acc: 48.61  |  Val Loss: 1.060 | Val Acc: 52.91  |  Test Loss: 1.119 | Tes Acc: 51.78
INFO >> Epoch: 2  |  Layer:  4  |  Train Loss: 1.094 | Train Acc: 51.33  |  Val Loss: 1.045 | Val Acc: 53.11  |  Test Loss: 1.135 | Tes Acc: 51.07
INFO >> Epoch: 2  |  Layer:  5  |  Train Loss: 1.087 | Train Acc: 50.63  |  Val Loss: 1.031 | Val Acc: 54.02  |  Test Loss: 1.118 | Tes Acc: 51.34
INFO >> Epoch: 2  |  Layer:  6  |  Train Loss: 1.090 | Train Acc: 52.09  |  Val Loss: 1.032 | Val Acc: 53.71  |  Test Loss: 1.110 | Tes Acc: 52.85
INFO >> Epoch: 2  |  Layer:  7  |  Train Loss: 1.082 | Train Acc: 53.06  |  Val Loss: 1.019 | Val Acc: 54.32  |  Test Loss: 1.108 | Tes Acc: 51.16
INFO >> Epoch: 2  |  Layer:  8  |  Train Loss: 1.088 | Train Acc: 51.92  |  Val Loss: 1.026 | Val Acc: 53.82  |  Test Loss: 1.121 | Tes Acc: 51.69
INFO >> Epoch: 2  |  Layer:  9  |  Train Loss: 1.104 | Train Acc: 51.01  |  Val Loss: 1.042 | Val Acc: 53.51  |  Test Loss: 1.120 | Tes Acc: 51.87
INFO >> Epoch: 2  |  Layer: 10  |  Train Loss: 1.089 | Train Acc: 51.74  |  Val Loss: 1.033 | Val Acc: 53.71  |  Test Loss: 1.113 | Tes Acc: 51.43
INFO >> Epoch: 2  |  Layer: 11  |  Train Loss: 1.092 | Train Acc: 51.39  |  Val Loss: 1.029 | Val Acc: 53.21  |  Test Loss: 1.107 | Tes Acc: 51.16
INFO >> Epoch: 2  |  Layer: 12  |  Train Loss: 1.086 | Train Acc: 52.09  |  Val Loss: 1.026 | Val Acc: 53.51  |  Test Loss: 1.118 | Tes Acc: 52.14
INFO >> Epoch: 2  |  Layer: 13  |  Train Loss: 1.090 | Train Acc: 51.74  |  Val Loss: 1.024 | Val Acc: 55.52  |  Test Loss: 1.127 | Tes Acc: 51.87

INFO >> Epoch: 3  |  Layer:  1  |  Train Loss: 1.121 | Train Acc: 49.52  |  Val Loss: 1.052 | Val Acc: 53.21  |  Test Loss: 1.171 | Tes Acc: 47.15
INFO >> Epoch: 3  |  Layer:  2  |  Train Loss: 1.076 | Train Acc: 51.68  |  Val Loss: 1.037 | Val Acc: 50.40  |  Test Loss: 1.109 | Tes Acc: 49.82
INFO >> Epoch: 3  |  Layer:  3  |  Train Loss: 1.058 | Train Acc: 53.94  |  Val Loss: 1.042 | Val Acc: 49.20  |  Test Loss: 1.096 | Tes Acc: 50.09
INFO >> Epoch: 3  |  Layer:  4  |  Train Loss: 1.037 | Train Acc: 55.17  |  Val Loss: 1.014 | Val Acc: 52.51  |  Test Loss: 1.092 | Tes Acc: 49.55
INFO >> Epoch: 3  |  Layer:  5  |  Train Loss: 1.022 | Train Acc: 56.31  |  Val Loss: 0.988 | Val Acc: 52.91  |  Test Loss: 1.075 | Tes Acc: 51.69
INFO >> Epoch: 3  |  Layer:  6  |  Train Loss: 1.022 | Train Acc: 56.31  |  Val Loss: 0.991 | Val Acc: 52.71  |  Test Loss: 1.085 | Tes Acc: 50.45
INFO >> Epoch: 3  |  Layer:  7  |  Train Loss: 1.001 | Train Acc: 58.95  |  Val Loss: 0.960 | Val Acc: 56.33  |  Test Loss: 1.073 | Tes Acc: 51.78
INFO >> Epoch: 3  |  Layer:  8  |  Train Loss: 1.001 | Train Acc: 57.63  |  Val Loss: 0.968 | Val Acc: 55.72  |  Test Loss: 1.093 | Tes Acc: 48.84
INFO >> Epoch: 3  |  Layer:  9  |  Train Loss: 1.014 | Train Acc: 58.22  |  Val Loss: 0.982 | Val Acc: 54.82  |  Test Loss: 1.081 | Tes Acc: 50.98
INFO >> Epoch: 3  |  Layer: 10  |  Train Loss: 1.001 | Train Acc: 58.19  |  Val Loss: 0.963 | Val Acc: 57.53  |  Test Loss: 1.066 | Tes Acc: 52.14
INFO >> Epoch: 3  |  Layer: 11  |  Train Loss: 1.012 | Train Acc: 56.46  |  Val Loss: 0.971 | Val Acc: 56.22  |  Test Loss: 1.056 | Tes Acc: 53.21
INFO >> Epoch: 3  |  Layer: 12  |  Train Loss: 1.010 | Train Acc: 56.17  |  Val Loss: 0.969 | Val Acc: 56.43  |  Test Loss: 1.070 | Tes Acc: 53.03
INFO >> Epoch: 3  |  Layer: 13  |  Train Loss: 1.023 | Train Acc: 55.02  |  Val Loss: 0.970 | Val Acc: 56.33  |  Test Loss: 1.069 | Tes Acc: 51.96

INFO >> Epoch: 4  |  Layer:  1  |  Train Loss: 1.102 | Train Acc: 48.99  |  Val Loss: 1.064 | Val Acc: 49.60  |  Test Loss: 1.155 | Tes Acc: 48.40
INFO >> Epoch: 4  |  Layer:  2  |  Train Loss: 1.049 | Train Acc: 53.50  |  Val Loss: 1.016 | Val Acc: 52.31  |  Test Loss: 1.071 | Tes Acc: 53.39
INFO >> Epoch: 4  |  Layer:  3  |  Train Loss: 1.027 | Train Acc: 55.00  |  Val Loss: 1.004 | Val Acc: 53.01  |  Test Loss: 1.039 | Tes Acc: 55.26
INFO >> Epoch: 4  |  Layer:  4  |  Train Loss: 1.005 | Train Acc: 56.49  |  Val Loss: 0.952 | Val Acc: 57.93  |  Test Loss: 1.033 | Tes Acc: 56.42
INFO >> Epoch: 4  |  Layer:  5  |  Train Loss: 0.984 | Train Acc: 56.72  |  Val Loss: 0.942 | Val Acc: 57.23  |  Test Loss: 1.003 | Tes Acc: 56.95
INFO >> Epoch: 4  |  Layer:  6  |  Train Loss: 0.983 | Train Acc: 57.40  |  Val Loss: 0.930 | Val Acc: 58.94  |  Test Loss: 1.005 | Tes Acc: 57.13
INFO >> Epoch: 4  |  Layer:  7  |  Train Loss: 0.955 | Train Acc: 59.68  |  Val Loss: 0.904 | Val Acc: 61.04  |  Test Loss: 0.989 | Tes Acc: 57.40
INFO >> Epoch: 4  |  Layer:  8  |  Train Loss: 0.965 | Train Acc: 58.28  |  Val Loss: 0.933 | Val Acc: 59.04  |  Test Loss: 1.013 | Tes Acc: 56.15
INFO >> Epoch: 4  |  Layer:  9  |  Train Loss: 0.970 | Train Acc: 58.34  |  Val Loss: 0.943 | Val Acc: 57.53  |  Test Loss: 1.005 | Tes Acc: 56.86
INFO >> Epoch: 4  |  Layer: 10  |  Train Loss: 0.958 | Train Acc: 59.74  |  Val Loss: 0.937 | Val Acc: 59.24  |  Test Loss: 0.996 | Tes Acc: 56.15
INFO >> Epoch: 4  |  Layer: 11  |  Train Loss: 0.970 | Train Acc: 59.07  |  Val Loss: 0.937 | Val Acc: 57.53  |  Test Loss: 0.980 | Tes Acc: 58.20
INFO >> Epoch: 4  |  Layer: 12  |  Train Loss: 0.971 | Train Acc: 58.19  |  Val Loss: 0.942 | Val Acc: 58.03  |  Test Loss: 1.019 | Tes Acc: 56.86
INFO >> Epoch: 4  |  Layer: 13  |  Train Loss: 0.985 | Train Acc: 57.54  |  Val Loss: 0.932 | Val Acc: 59.34  |  Test Loss: 1.008 | Tes Acc: 56.77

INFO >> Epoch: 5  |  Layer:  1  |  Train Loss: 1.073 | Train Acc: 51.98  |  Val Loss: 1.012 | Val Acc: 53.31  |  Test Loss: 1.122 | Tes Acc: 51.34
INFO >> Epoch: 5  |  Layer:  2  |  Train Loss: 1.016 | Train Acc: 55.20  |  Val Loss: 0.983 | Val Acc: 55.12  |  Test Loss: 1.085 | Tes Acc: 52.85
INFO >> Epoch: 5  |  Layer:  3  |  Train Loss: 0.987 | Train Acc: 57.11  |  Val Loss: 0.964 | Val Acc: 55.22  |  Test Loss: 1.052 | Tes Acc: 54.10
INFO >> Epoch: 5  |  Layer:  4  |  Train Loss: 0.959 | Train Acc: 58.42  |  Val Loss: 0.932 | Val Acc: 57.03  |  Test Loss: 1.032 | Tes Acc: 55.35
INFO >> Epoch: 5  |  Layer:  5  |  Train Loss: 0.938 | Train Acc: 59.24  |  Val Loss: 0.912 | Val Acc: 58.33  |  Test Loss: 1.039 | Tes Acc: 54.90
INFO >> Epoch: 5  |  Layer:  6  |  Train Loss: 0.930 | Train Acc: 59.95  |  Val Loss: 0.905 | Val Acc: 59.34  |  Test Loss: 1.022 | Tes Acc: 55.53
INFO >> Epoch: 5  |  Layer:  7  |  Train Loss: 0.904 | Train Acc: 61.79  |  Val Loss: 0.874 | Val Acc: 60.64  |  Test Loss: 1.021 | Tes Acc: 54.10
INFO >> Epoch: 5  |  Layer:  8  |  Train Loss: 0.919 | Train Acc: 60.62  |  Val Loss: 0.894 | Val Acc: 60.04  |  Test Loss: 1.047 | Tes Acc: 53.21
INFO >> Epoch: 5  |  Layer:  9  |  Train Loss: 0.923 | Train Acc: 60.71  |  Val Loss: 0.905 | Val Acc: 59.44  |  Test Loss: 1.039 | Tes Acc: 52.85
INFO >> Epoch: 5  |  Layer: 10  |  Train Loss: 0.914 | Train Acc: 61.68  |  Val Loss: 0.897 | Val Acc: 61.24  |  Test Loss: 1.022 | Tes Acc: 54.72
INFO >> Epoch: 5  |  Layer: 11  |  Train Loss: 0.926 | Train Acc: 60.71  |  Val Loss: 0.903 | Val Acc: 58.73  |  Test Loss: 1.000 | Tes Acc: 55.70
INFO >> Epoch: 5  |  Layer: 12  |  Train Loss: 0.931 | Train Acc: 59.92  |  Val Loss: 0.905 | Val Acc: 59.24  |  Test Loss: 1.026 | Tes Acc: 55.61
INFO >> Epoch: 5  |  Layer: 13  |  Train Loss: 0.937 | Train Acc: 59.95  |  Val Loss: 0.913 | Val Acc: 57.63  |  Test Loss: 1.034 | Tes Acc: 54.10

INFO >> Epoch: 6  |  Layer:  1  |  Train Loss: 1.078 | Train Acc: 49.84  |  Val Loss: 1.008 | Val Acc: 54.92  |  Test Loss: 1.144 | Tes Acc: 48.66
INFO >> Epoch: 6  |  Layer:  2  |  Train Loss: 1.011 | Train Acc: 55.61  |  Val Loss: 0.966 | Val Acc: 57.13  |  Test Loss: 1.089 | Tes Acc: 52.67
INFO >> Epoch: 6  |  Layer:  3  |  Train Loss: 0.974 | Train Acc: 57.93  |  Val Loss: 0.954 | Val Acc: 55.12  |  Test Loss: 1.081 | Tes Acc: 50.89
INFO >> Epoch: 6  |  Layer:  4  |  Train Loss: 0.943 | Train Acc: 59.24  |  Val Loss: 0.962 | Val Acc: 52.91  |  Test Loss: 1.136 | Tes Acc: 46.52
INFO >> Epoch: 6  |  Layer:  5  |  Train Loss: 0.925 | Train Acc: 60.21  |  Val Loss: 0.960 | Val Acc: 52.91  |  Test Loss: 1.158 | Tes Acc: 46.08
INFO >> Epoch: 6  |  Layer:  6  |  Train Loss: 0.918 | Train Acc: 60.53  |  Val Loss: 0.946 | Val Acc: 53.11  |  Test Loss: 1.134 | Tes Acc: 48.04
INFO >> Epoch: 6  |  Layer:  7  |  Train Loss: 0.889 | Train Acc: 63.23  |  Val Loss: 0.902 | Val Acc: 57.93  |  Test Loss: 1.102 | Tes Acc: 50.09
INFO >> Epoch: 6  |  Layer:  8  |  Train Loss: 0.910 | Train Acc: 62.06  |  Val Loss: 0.910 | Val Acc: 56.53  |  Test Loss: 1.121 | Tes Acc: 47.59
INFO >> Epoch: 6  |  Layer:  9  |  Train Loss: 0.911 | Train Acc: 62.09  |  Val Loss: 0.906 | Val Acc: 58.63  |  Test Loss: 1.094 | Tes Acc: 48.84
INFO >> Epoch: 6  |  Layer: 10  |  Train Loss: 0.905 | Train Acc: 62.26  |  Val Loss: 0.919 | Val Acc: 56.02  |  Test Loss: 1.135 | Tes Acc: 48.31
INFO >> Epoch: 6  |  Layer: 11  |  Train Loss: 0.909 | Train Acc: 61.97  |  Val Loss: 0.909 | Val Acc: 57.03  |  Test Loss: 1.077 | Tes Acc: 50.36
INFO >> Epoch: 6  |  Layer: 12  |  Train Loss: 0.912 | Train Acc: 60.59  |  Val Loss: 0.936 | Val Acc: 54.12  |  Test Loss: 1.128 | Tes Acc: 47.59
INFO >> Epoch: 6  |  Layer: 13  |  Train Loss: 0.927 | Train Acc: 59.77  |  Val Loss: 0.958 | Val Acc: 52.31  |  Test Loss: 1.157 | Tes Acc: 44.92

INFO >> Epoch: 7  |  Layer:  1  |  Train Loss: 1.062 | Train Acc: 51.86  |  Val Loss: 0.995 | Val Acc: 55.42  |  Test Loss: 1.146 | Tes Acc: 48.84
INFO >> Epoch: 7  |  Layer:  2  |  Train Loss: 0.989 | Train Acc: 56.11  |  Val Loss: 0.946 | Val Acc: 57.73  |  Test Loss: 1.100 | Tes Acc: 53.12
INFO >> Epoch: 7  |  Layer:  3  |  Train Loss: 0.962 | Train Acc: 57.16  |  Val Loss: 0.929 | Val Acc: 58.73  |  Test Loss: 1.063 | Tes Acc: 55.08
INFO >> Epoch: 7  |  Layer:  4  |  Train Loss: 0.930 | Train Acc: 59.92  |  Val Loss: 0.890 | Val Acc: 61.14  |  Test Loss: 1.022 | Tes Acc: 56.33
INFO >> Epoch: 7  |  Layer:  5  |  Train Loss: 0.910 | Train Acc: 60.39  |  Val Loss: 0.882 | Val Acc: 60.84  |  Test Loss: 1.025 | Tes Acc: 56.24
INFO >> Epoch: 7  |  Layer:  6  |  Train Loss: 0.902 | Train Acc: 60.65  |  Val Loss: 0.879 | Val Acc: 61.55  |  Test Loss: 1.037 | Tes Acc: 56.51
INFO >> Epoch: 7  |  Layer:  7  |  Train Loss: 0.876 | Train Acc: 63.05  |  Val Loss: 0.836 | Val Acc: 63.35  |  Test Loss: 1.008 | Tes Acc: 57.40
INFO >> Epoch: 7  |  Layer:  8  |  Train Loss: 0.891 | Train Acc: 62.17  |  Val Loss: 0.864 | Val Acc: 62.25  |  Test Loss: 1.016 | Tes Acc: 56.33
INFO >> Epoch: 7  |  Layer:  9  |  Train Loss: 0.894 | Train Acc: 62.58  |  Val Loss: 0.865 | Val Acc: 62.45  |  Test Loss: 1.020 | Tes Acc: 55.97
INFO >> Epoch: 7  |  Layer: 10  |  Train Loss: 0.888 | Train Acc: 62.55  |  Val Loss: 0.867 | Val Acc: 61.55  |  Test Loss: 1.042 | Tes Acc: 55.97
INFO >> Epoch: 7  |  Layer: 11  |  Train Loss: 0.897 | Train Acc: 61.91  |  Val Loss: 0.869 | Val Acc: 61.55  |  Test Loss: 0.997 | Tes Acc: 57.58
INFO >> Epoch: 7  |  Layer: 12  |  Train Loss: 0.900 | Train Acc: 61.35  |  Val Loss: 0.889 | Val Acc: 59.04  |  Test Loss: 1.050 | Tes Acc: 55.53
INFO >> Epoch: 7  |  Layer: 13  |  Train Loss: 0.918 | Train Acc: 59.45  |  Val Loss: 0.912 | Val Acc: 57.43  |  Test Loss: 1.083 | Tes Acc: 51.52

INFO >> Epoch: 8  |  Layer:  1  |  Train Loss: 1.040 | Train Acc: 52.97  |  Val Loss: 1.001 | Val Acc: 55.42  |  Test Loss: 1.160 | Tes Acc: 50.09
INFO >> Epoch: 8  |  Layer:  2  |  Train Loss: 0.970 | Train Acc: 57.78  |  Val Loss: 0.942 | Val Acc: 58.53  |  Test Loss: 1.095 | Tes Acc: 54.99
INFO >> Epoch: 8  |  Layer:  3  |  Train Loss: 0.938 | Train Acc: 59.04  |  Val Loss: 0.938 | Val Acc: 59.24  |  Test Loss: 1.087 | Tes Acc: 54.46
INFO >> Epoch: 8  |  Layer:  4  |  Train Loss: 0.899 | Train Acc: 61.15  |  Val Loss: 0.894 | Val Acc: 61.75  |  Test Loss: 1.041 | Tes Acc: 57.49
INFO >> Epoch: 8  |  Layer:  5  |  Train Loss: 0.882 | Train Acc: 61.88  |  Val Loss: 0.890 | Val Acc: 61.85  |  Test Loss: 1.044 | Tes Acc: 55.53
INFO >> Epoch: 8  |  Layer:  6  |  Train Loss: 0.876 | Train Acc: 61.68  |  Val Loss: 0.884 | Val Acc: 61.35  |  Test Loss: 1.034 | Tes Acc: 57.13
INFO >> Epoch: 8  |  Layer:  7  |  Train Loss: 0.847 | Train Acc: 64.58  |  Val Loss: 0.853 | Val Acc: 63.05  |  Test Loss: 1.031 | Tes Acc: 57.49
INFO >> Epoch: 8  |  Layer:  8  |  Train Loss: 0.858 | Train Acc: 64.52  |  Val Loss: 0.859 | Val Acc: 62.35  |  Test Loss: 1.030 | Tes Acc: 55.35
INFO >> Epoch: 8  |  Layer:  9  |  Train Loss: 0.862 | Train Acc: 64.46  |  Val Loss: 0.856 | Val Acc: 61.85  |  Test Loss: 1.036 | Tes Acc: 57.31
INFO >> Epoch: 8  |  Layer: 10  |  Train Loss: 0.857 | Train Acc: 65.13  |  Val Loss: 0.851 | Val Acc: 63.05  |  Test Loss: 1.021 | Tes Acc: 58.20
INFO >> Epoch: 8  |  Layer: 11  |  Train Loss: 0.866 | Train Acc: 63.84  |  Val Loss: 0.858 | Val Acc: 62.75  |  Test Loss: 1.016 | Tes Acc: 57.04
INFO >> Epoch: 8  |  Layer: 12  |  Train Loss: 0.871 | Train Acc: 62.91  |  Val Loss: 0.873 | Val Acc: 61.65  |  Test Loss: 1.032 | Tes Acc: 57.22
INFO >> Epoch: 8  |  Layer: 13  |  Train Loss: 0.886 | Train Acc: 61.73  |  Val Loss: 0.911 | Val Acc: 60.34  |  Test Loss: 1.071 | Tes Acc: 55.53

INFO >> Epoch: 9  |  Layer:  1  |  Train Loss: 1.039 | Train Acc: 53.24  |  Val Loss: 0.996 | Val Acc: 52.81  |  Test Loss: 1.155 | Tes Acc: 48.22
INFO >> Epoch: 9  |  Layer:  2  |  Train Loss: 0.964 | Train Acc: 57.49  |  Val Loss: 0.952 | Val Acc: 56.12  |  Test Loss: 1.113 | Tes Acc: 52.41
INFO >> Epoch: 9  |  Layer:  3  |  Train Loss: 0.931 | Train Acc: 59.83  |  Val Loss: 0.940 | Val Acc: 56.53  |  Test Loss: 1.088 | Tes Acc: 51.60
INFO >> Epoch: 9  |  Layer:  4  |  Train Loss: 0.891 | Train Acc: 62.14  |  Val Loss: 0.882 | Val Acc: 60.74  |  Test Loss: 1.017 | Tes Acc: 56.06
INFO >> Epoch: 9  |  Layer:  5  |  Train Loss: 0.875 | Train Acc: 62.32  |  Val Loss: 0.872 | Val Acc: 60.44  |  Test Loss: 1.014 | Tes Acc: 55.79
INFO >> Epoch: 9  |  Layer:  6  |  Train Loss: 0.866 | Train Acc: 63.08  |  Val Loss: 0.862 | Val Acc: 60.54  |  Test Loss: 1.008 | Tes Acc: 56.68
INFO >> Epoch: 9  |  Layer:  7  |  Train Loss: 0.839 | Train Acc: 65.05  |  Val Loss: 0.818 | Val Acc: 63.45  |  Test Loss: 0.978 | Tes Acc: 56.68
INFO >> Epoch: 9  |  Layer:  8  |  Train Loss: 0.847 | Train Acc: 64.61  |  Val Loss: 0.836 | Val Acc: 62.55  |  Test Loss: 1.000 | Tes Acc: 54.55
INFO >> Epoch: 9  |  Layer:  9  |  Train Loss: 0.854 | Train Acc: 64.72  |  Val Loss: 0.832 | Val Acc: 62.25  |  Test Loss: 0.983 | Tes Acc: 56.42
INFO >> Epoch: 9  |  Layer: 10  |  Train Loss: 0.842 | Train Acc: 65.13  |  Val Loss: 0.839 | Val Acc: 62.75  |  Test Loss: 0.985 | Tes Acc: 56.33
INFO >> Epoch: 9  |  Layer: 11  |  Train Loss: 0.852 | Train Acc: 63.55  |  Val Loss: 0.846 | Val Acc: 62.15  |  Test Loss: 0.945 | Tes Acc: 58.65
INFO >> Epoch: 9  |  Layer: 12  |  Train Loss: 0.855 | Train Acc: 64.17  |  Val Loss: 0.864 | Val Acc: 61.45  |  Test Loss: 0.980 | Tes Acc: 58.02
INFO >> Epoch: 9  |  Layer: 13  |  Train Loss: 0.880 | Train Acc: 62.47  |  Val Loss: 0.877 | Val Acc: 61.45  |  Test Loss: 0.968 | Tes Acc: 59.45

INFO >> Epoch: 10  |  Layer:  1  |  Train Loss: 1.028 | Train Acc: 53.94  |  Val Loss: 1.027 | Val Acc: 52.11  |  Test Loss: 1.145 | Tes Acc: 49.02
INFO >> Epoch: 10  |  Layer:  2  |  Train Loss: 0.955 | Train Acc: 57.98  |  Val Loss: 0.955 | Val Acc: 56.93  |  Test Loss: 1.070 | Tes Acc: 55.79
INFO >> Epoch: 10  |  Layer:  3  |  Train Loss: 0.918 | Train Acc: 59.77  |  Val Loss: 0.936 | Val Acc: 59.14  |  Test Loss: 1.043 | Tes Acc: 56.33
INFO >> Epoch: 10  |  Layer:  4  |  Train Loss: 0.885 | Train Acc: 61.65  |  Val Loss: 0.882 | Val Acc: 62.65  |  Test Loss: 0.989 | Tes Acc: 58.47
INFO >> Epoch: 10  |  Layer:  5  |  Train Loss: 0.870 | Train Acc: 62.94  |  Val Loss: 0.859 | Val Acc: 62.25  |  Test Loss: 0.968 | Tes Acc: 59.09
INFO >> Epoch: 10  |  Layer:  6  |  Train Loss: 0.859 | Train Acc: 63.08  |  Val Loss: 0.852 | Val Acc: 64.26  |  Test Loss: 0.960 | Tes Acc: 58.47
INFO >> Epoch: 10  |  Layer:  7  |  Train Loss: 0.827 | Train Acc: 65.16  |  Val Loss: 0.819 | Val Acc: 64.66  |  Test Loss: 0.942 | Tes Acc: 59.45
INFO >> Epoch: 10  |  Layer:  8  |  Train Loss: 0.833 | Train Acc: 65.19  |  Val Loss: 0.843 | Val Acc: 64.66  |  Test Loss: 0.955 | Tes Acc: 59.00
INFO >> Epoch: 10  |  Layer:  9  |  Train Loss: 0.840 | Train Acc: 64.49  |  Val Loss: 0.849 | Val Acc: 62.15  |  Test Loss: 0.965 | Tes Acc: 58.73
INFO >> Epoch: 10  |  Layer: 10  |  Train Loss: 0.827 | Train Acc: 65.72  |  Val Loss: 0.862 | Val Acc: 64.06  |  Test Loss: 0.948 | Tes Acc: 61.23
INFO >> Epoch: 10  |  Layer: 11  |  Train Loss: 0.843 | Train Acc: 65.13  |  Val Loss: 0.870 | Val Acc: 62.45  |  Test Loss: 0.935 | Tes Acc: 59.98
INFO >> Epoch: 10  |  Layer: 12  |  Train Loss: 0.849 | Train Acc: 63.96  |  Val Loss: 0.858 | Val Acc: 62.75  |  Test Loss: 0.956 | Tes Acc: 59.71
INFO >> Epoch: 10  |  Layer: 13  |  Train Loss: 0.866 | Train Acc: 63.14  |  Val Loss: 0.880 | Val Acc: 62.45  |  Test Loss: 0.965 | Tes Acc: 59.18

INFO >> Epoch: 11  |  Layer:  1  |  Train Loss: 1.023 | Train Acc: 53.68  |  Val Loss: 0.977 | Val Acc: 55.92  |  Test Loss: 1.096 | Tes Acc: 51.07
INFO >> Epoch: 11  |  Layer:  2  |  Train Loss: 0.946 | Train Acc: 59.39  |  Val Loss: 0.921 | Val Acc: 58.03  |  Test Loss: 1.086 | Tes Acc: 55.53
INFO >> Epoch: 11  |  Layer:  3  |  Train Loss: 0.904 | Train Acc: 60.71  |  Val Loss: 0.902 | Val Acc: 59.34  |  Test Loss: 1.079 | Tes Acc: 55.35
INFO >> Epoch: 11  |  Layer:  4  |  Train Loss: 0.863 | Train Acc: 62.58  |  Val Loss: 0.842 | Val Acc: 64.36  |  Test Loss: 0.997 | Tes Acc: 58.91
INFO >> Epoch: 11  |  Layer:  5  |  Train Loss: 0.848 | Train Acc: 63.49  |  Val Loss: 0.831 | Val Acc: 65.16  |  Test Loss: 0.972 | Tes Acc: 59.00
INFO >> Epoch: 11  |  Layer:  6  |  Train Loss: 0.835 | Train Acc: 65.02  |  Val Loss: 0.830 | Val Acc: 64.46  |  Test Loss: 0.986 | Tes Acc: 58.65
INFO >> Epoch: 11  |  Layer:  7  |  Train Loss: 0.811 | Train Acc: 65.98  |  Val Loss: 0.794 | Val Acc: 66.67  |  Test Loss: 0.947 | Tes Acc: 59.09
INFO >> Epoch: 11  |  Layer:  8  |  Train Loss: 0.822 | Train Acc: 66.54  |  Val Loss: 0.814 | Val Acc: 65.06  |  Test Loss: 0.971 | Tes Acc: 58.29
INFO >> Epoch: 11  |  Layer:  9  |  Train Loss: 0.829 | Train Acc: 65.87  |  Val Loss: 0.803 | Val Acc: 65.06  |  Test Loss: 0.944 | Tes Acc: 59.89
INFO >> Epoch: 11  |  Layer: 10  |  Train Loss: 0.821 | Train Acc: 65.95  |  Val Loss: 0.809 | Val Acc: 64.06  |  Test Loss: 0.947 | Tes Acc: 60.87
INFO >> Epoch: 11  |  Layer: 11  |  Train Loss: 0.836 | Train Acc: 65.46  |  Val Loss: 0.811 | Val Acc: 65.16  |  Test Loss: 0.927 | Tes Acc: 59.98
INFO >> Epoch: 11  |  Layer: 12  |  Train Loss: 0.836 | Train Acc: 64.78  |  Val Loss: 0.817 | Val Acc: 64.06  |  Test Loss: 0.968 | Tes Acc: 58.56
INFO >> Epoch: 11  |  Layer: 13  |  Train Loss: 0.855 | Train Acc: 63.23  |  Val Loss: 0.835 | Val Acc: 63.35  |  Test Loss: 0.969 | Tes Acc: 59.45

INFO >> Epoch: 12  |  Layer:  1  |  Train Loss: 1.014 | Train Acc: 53.65  |  Val Loss: 0.994 | Val Acc: 53.21  |  Test Loss: 1.143 | Tes Acc: 51.16
INFO >> Epoch: 12  |  Layer:  2  |  Train Loss: 0.932 | Train Acc: 59.92  |  Val Loss: 0.959 | Val Acc: 54.32  |  Test Loss: 1.184 | Tes Acc: 46.88
INFO >> Epoch: 12  |  Layer:  3  |  Train Loss: 0.894 | Train Acc: 61.56  |  Val Loss: 0.946 | Val Acc: 55.32  |  Test Loss: 1.178 | Tes Acc: 48.57
INFO >> Epoch: 12  |  Layer:  4  |  Train Loss: 0.854 | Train Acc: 62.94  |  Val Loss: 0.882 | Val Acc: 59.04  |  Test Loss: 1.101 | Tes Acc: 50.00
INFO >> Epoch: 12  |  Layer:  5  |  Train Loss: 0.838 | Train Acc: 65.02  |  Val Loss: 0.839 | Val Acc: 62.85  |  Test Loss: 1.011 | Tes Acc: 55.44
INFO >> Epoch: 12  |  Layer:  6  |  Train Loss: 0.827 | Train Acc: 65.69  |  Val Loss: 0.828 | Val Acc: 62.85  |  Test Loss: 1.003 | Tes Acc: 58.11
INFO >> Epoch: 12  |  Layer:  7  |  Train Loss: 0.796 | Train Acc: 67.30  |  Val Loss: 0.811 | Val Acc: 62.95  |  Test Loss: 0.991 | Tes Acc: 56.42
INFO >> Epoch: 12  |  Layer:  8  |  Train Loss: 0.806 | Train Acc: 67.15  |  Val Loss: 0.834 | Val Acc: 61.04  |  Test Loss: 1.037 | Tes Acc: 55.61
INFO >> Epoch: 12  |  Layer:  9  |  Train Loss: 0.809 | Train Acc: 67.27  |  Val Loss: 0.845 | Val Acc: 60.74  |  Test Loss: 1.048 | Tes Acc: 53.21
INFO >> Epoch: 12  |  Layer: 10  |  Train Loss: 0.801 | Train Acc: 67.15  |  Val Loss: 0.840 | Val Acc: 61.75  |  Test Loss: 1.031 | Tes Acc: 55.97
INFO >> Epoch: 12  |  Layer: 11  |  Train Loss: 0.815 | Train Acc: 65.81  |  Val Loss: 0.832 | Val Acc: 61.95  |  Test Loss: 0.985 | Tes Acc: 57.40
INFO >> Epoch: 12  |  Layer: 12  |  Train Loss: 0.816 | Train Acc: 65.66  |  Val Loss: 0.850 | Val Acc: 59.94  |  Test Loss: 1.030 | Tes Acc: 55.97
INFO >> Epoch: 12  |  Layer: 13  |  Train Loss: 0.838 | Train Acc: 64.81  |  Val Loss: 0.841 | Val Acc: 63.76  |  Test Loss: 1.010 | Tes Acc: 57.13

INFO >> Epoch: 13  |  Layer:  1  |  Train Loss: 1.007 | Train Acc: 55.90  |  Val Loss: 1.009 | Val Acc: 54.32  |  Test Loss: 1.100 | Tes Acc: 49.73
INFO >> Epoch: 13  |  Layer:  2  |  Train Loss: 0.927 | Train Acc: 60.56  |  Val Loss: 0.938 | Val Acc: 57.03  |  Test Loss: 1.090 | Tes Acc: 52.41
INFO >> Epoch: 13  |  Layer:  3  |  Train Loss: 0.891 | Train Acc: 62.09  |  Val Loss: 0.928 | Val Acc: 59.04  |  Test Loss: 1.040 | Tes Acc: 56.15
INFO >> Epoch: 13  |  Layer:  4  |  Train Loss: 0.847 | Train Acc: 63.64  |  Val Loss: 0.866 | Val Acc: 64.06  |  Test Loss: 0.960 | Tes Acc: 59.09
INFO >> Epoch: 13  |  Layer:  5  |  Train Loss: 0.825 | Train Acc: 64.75  |  Val Loss: 0.845 | Val Acc: 64.26  |  Test Loss: 0.928 | Tes Acc: 61.05
INFO >> Epoch: 13  |  Layer:  6  |  Train Loss: 0.817 | Train Acc: 65.34  |  Val Loss: 0.836 | Val Acc: 66.27  |  Test Loss: 0.927 | Tes Acc: 61.68
INFO >> Epoch: 13  |  Layer:  7  |  Train Loss: 0.786 | Train Acc: 66.60  |  Val Loss: 0.806 | Val Acc: 65.86  |  Test Loss: 0.908 | Tes Acc: 61.59
INFO >> Epoch: 13  |  Layer:  8  |  Train Loss: 0.798 | Train Acc: 67.77  |  Val Loss: 0.818 | Val Acc: 65.26  |  Test Loss: 0.924 | Tes Acc: 60.70
INFO >> Epoch: 13  |  Layer:  9  |  Train Loss: 0.801 | Train Acc: 66.98  |  Val Loss: 0.811 | Val Acc: 64.36  |  Test Loss: 0.909 | Tes Acc: 61.94
INFO >> Epoch: 13  |  Layer: 10  |  Train Loss: 0.791 | Train Acc: 67.65  |  Val Loss: 0.825 | Val Acc: 63.25  |  Test Loss: 0.911 | Tes Acc: 61.05
INFO >> Epoch: 13  |  Layer: 11  |  Train Loss: 0.803 | Train Acc: 66.92  |  Val Loss: 0.826 | Val Acc: 64.76  |  Test Loss: 0.904 | Tes Acc: 61.59
INFO >> Epoch: 13  |  Layer: 12  |  Train Loss: 0.807 | Train Acc: 66.45  |  Val Loss: 0.828 | Val Acc: 64.36  |  Test Loss: 0.937 | Tes Acc: 60.43
INFO >> Epoch: 13  |  Layer: 13  |  Train Loss: 0.833 | Train Acc: 64.37  |  Val Loss: 0.846 | Val Acc: 63.86  |  Test Loss: 0.934 | Tes Acc: 59.71

INFO >> Epoch: 14  |  Layer:  1  |  Train Loss: 1.012 | Train Acc: 54.09  |  Val Loss: 0.980 | Val Acc: 55.82  |  Test Loss: 1.217 | Tes Acc: 44.56
INFO >> Epoch: 14  |  Layer:  2  |  Train Loss: 0.920 | Train Acc: 59.98  |  Val Loss: 0.916 | Val Acc: 58.94  |  Test Loss: 1.146 | Tes Acc: 50.62
INFO >> Epoch: 14  |  Layer:  3  |  Train Loss: 0.880 | Train Acc: 61.88  |  Val Loss: 0.894 | Val Acc: 59.14  |  Test Loss: 1.085 | Tes Acc: 54.01
INFO >> Epoch: 14  |  Layer:  4  |  Train Loss: 0.836 | Train Acc: 64.72  |  Val Loss: 0.834 | Val Acc: 62.95  |  Test Loss: 1.036 | Tes Acc: 54.63
INFO >> Epoch: 14  |  Layer:  5  |  Train Loss: 0.822 | Train Acc: 65.05  |  Val Loss: 0.831 | Val Acc: 64.46  |  Test Loss: 1.004 | Tes Acc: 56.77
INFO >> Epoch: 14  |  Layer:  6  |  Train Loss: 0.811 | Train Acc: 65.95  |  Val Loss: 0.819 | Val Acc: 65.36  |  Test Loss: 0.988 | Tes Acc: 59.45
INFO >> Epoch: 14  |  Layer:  7  |  Train Loss: 0.784 | Train Acc: 67.57  |  Val Loss: 0.794 | Val Acc: 66.16  |  Test Loss: 0.939 | Tes Acc: 60.52
INFO >> Epoch: 14  |  Layer:  8  |  Train Loss: 0.791 | Train Acc: 67.45  |  Val Loss: 0.797 | Val Acc: 66.37  |  Test Loss: 0.938 | Tes Acc: 60.16
INFO >> Epoch: 14  |  Layer:  9  |  Train Loss: 0.790 | Train Acc: 68.24  |  Val Loss: 0.792 | Val Acc: 65.66  |  Test Loss: 0.951 | Tes Acc: 60.78
INFO >> Epoch: 14  |  Layer: 10  |  Train Loss: 0.783 | Train Acc: 67.71  |  Val Loss: 0.796 | Val Acc: 66.06  |  Test Loss: 0.950 | Tes Acc: 61.76
INFO >> Epoch: 14  |  Layer: 11  |  Train Loss: 0.797 | Train Acc: 66.83  |  Val Loss: 0.798 | Val Acc: 65.76  |  Test Loss: 0.947 | Tes Acc: 61.32
INFO >> Epoch: 14  |  Layer: 12  |  Train Loss: 0.804 | Train Acc: 66.77  |  Val Loss: 0.804 | Val Acc: 63.96  |  Test Loss: 0.974 | Tes Acc: 60.34
INFO >> Epoch: 14  |  Layer: 13  |  Train Loss: 0.829 | Train Acc: 64.64  |  Val Loss: 0.810 | Val Acc: 63.76  |  Test Loss: 0.978 | Tes Acc: 59.71

INFO >> Epoch: 15  |  Layer:  1  |  Train Loss: 1.016 | Train Acc: 55.49  |  Val Loss: 1.000 | Val Acc: 50.70  |  Test Loss: 1.176 | Tes Acc: 46.43
INFO >> Epoch: 15  |  Layer:  2  |  Train Loss: 0.920 | Train Acc: 60.36  |  Val Loss: 0.940 | Val Acc: 56.63  |  Test Loss: 1.142 | Tes Acc: 50.80
INFO >> Epoch: 15  |  Layer:  3  |  Train Loss: 0.873 | Train Acc: 62.85  |  Val Loss: 0.917 | Val Acc: 58.73  |  Test Loss: 1.115 | Tes Acc: 52.41
INFO >> Epoch: 15  |  Layer:  4  |  Train Loss: 0.829 | Train Acc: 64.49  |  Val Loss: 0.837 | Val Acc: 64.46  |  Test Loss: 1.002 | Tes Acc: 58.47
INFO >> Epoch: 15  |  Layer:  5  |  Train Loss: 0.810 | Train Acc: 66.07  |  Val Loss: 0.838 | Val Acc: 63.25  |  Test Loss: 0.966 | Tes Acc: 59.89
INFO >> Epoch: 15  |  Layer:  6  |  Train Loss: 0.799 | Train Acc: 66.39  |  Val Loss: 0.820 | Val Acc: 64.56  |  Test Loss: 0.967 | Tes Acc: 60.52
INFO >> Epoch: 15  |  Layer:  7  |  Train Loss: 0.769 | Train Acc: 68.47  |  Val Loss: 0.793 | Val Acc: 64.76  |  Test Loss: 0.958 | Tes Acc: 58.47
INFO >> Epoch: 15  |  Layer:  8  |  Train Loss: 0.772 | Train Acc: 68.41  |  Val Loss: 0.798 | Val Acc: 63.55  |  Test Loss: 0.990 | Tes Acc: 56.77
INFO >> Epoch: 15  |  Layer:  9  |  Train Loss: 0.777 | Train Acc: 68.47  |  Val Loss: 0.835 | Val Acc: 61.65  |  Test Loss: 1.018 | Tes Acc: 56.33
INFO >> Epoch: 15  |  Layer: 10  |  Train Loss: 0.773 | Train Acc: 68.15  |  Val Loss: 0.845 | Val Acc: 63.05  |  Test Loss: 1.021 | Tes Acc: 57.04
INFO >> Epoch: 15  |  Layer: 11  |  Train Loss: 0.785 | Train Acc: 67.77  |  Val Loss: 0.852 | Val Acc: 60.44  |  Test Loss: 1.018 | Tes Acc: 55.44
INFO >> Epoch: 15  |  Layer: 12  |  Train Loss: 0.787 | Train Acc: 66.72  |  Val Loss: 0.836 | Val Acc: 61.45  |  Test Loss: 0.995 | Tes Acc: 57.49
INFO >> Epoch: 15  |  Layer: 13  |  Train Loss: 0.818 | Train Acc: 65.69  |  Val Loss: 0.851 | Val Acc: 60.24  |  Test Loss: 1.008 | Tes Acc: 57.13

INFO >> Epoch: 16  |  Layer:  1  |  Train Loss: 1.004 | Train Acc: 54.85  |  Val Loss: 0.953 | Val Acc: 57.13  |  Test Loss: 1.092 | Tes Acc: 53.92
INFO >> Epoch: 16  |  Layer:  2  |  Train Loss: 0.910 | Train Acc: 61.97  |  Val Loss: 0.922 | Val Acc: 57.83  |  Test Loss: 1.103 | Tes Acc: 55.26
INFO >> Epoch: 16  |  Layer:  3  |  Train Loss: 0.871 | Train Acc: 63.05  |  Val Loss: 0.913 | Val Acc: 58.03  |  Test Loss: 1.107 | Tes Acc: 55.35
INFO >> Epoch: 16  |  Layer:  4  |  Train Loss: 0.826 | Train Acc: 64.72  |  Val Loss: 0.841 | Val Acc: 63.76  |  Test Loss: 1.039 | Tes Acc: 57.75
INFO >> Epoch: 16  |  Layer:  5  |  Train Loss: 0.806 | Train Acc: 66.42  |  Val Loss: 0.838 | Val Acc: 63.96  |  Test Loss: 1.004 | Tes Acc: 59.00
INFO >> Epoch: 16  |  Layer:  6  |  Train Loss: 0.793 | Train Acc: 66.86  |  Val Loss: 0.827 | Val Acc: 63.86  |  Test Loss: 1.002 | Tes Acc: 59.27
INFO >> Epoch: 16  |  Layer:  7  |  Train Loss: 0.760 | Train Acc: 68.74  |  Val Loss: 0.775 | Val Acc: 66.97  |  Test Loss: 0.968 | Tes Acc: 59.09
INFO >> Epoch: 16  |  Layer:  8  |  Train Loss: 0.763 | Train Acc: 68.80  |  Val Loss: 0.778 | Val Acc: 64.96  |  Test Loss: 0.982 | Tes Acc: 57.84
INFO >> Epoch: 16  |  Layer:  9  |  Train Loss: 0.773 | Train Acc: 68.68  |  Val Loss: 0.787 | Val Acc: 65.46  |  Test Loss: 0.994 | Tes Acc: 58.56
INFO >> Epoch: 16  |  Layer: 10  |  Train Loss: 0.765 | Train Acc: 68.06  |  Val Loss: 0.790 | Val Acc: 65.56  |  Test Loss: 0.984 | Tes Acc: 61.76
INFO >> Epoch: 16  |  Layer: 11  |  Train Loss: 0.777 | Train Acc: 68.53  |  Val Loss: 0.791 | Val Acc: 65.56  |  Test Loss: 0.958 | Tes Acc: 61.23
INFO >> Epoch: 16  |  Layer: 12  |  Train Loss: 0.779 | Train Acc: 67.21  |  Val Loss: 0.809 | Val Acc: 63.76  |  Test Loss: 0.985 | Tes Acc: 59.09
INFO >> Epoch: 16  |  Layer: 13  |  Train Loss: 0.812 | Train Acc: 65.13  |  Val Loss: 0.826 | Val Acc: 62.55  |  Test Loss: 1.021 | Tes Acc: 58.11

INFO >> Epoch: 17  |  Layer:  1  |  Train Loss: 1.003 | Train Acc: 55.41  |  Val Loss: 0.962 | Val Acc: 55.32  |  Test Loss: 1.205 | Tes Acc: 46.52
INFO >> Epoch: 17  |  Layer:  2  |  Train Loss: 0.918 | Train Acc: 60.06  |  Val Loss: 0.908 | Val Acc: 56.93  |  Test Loss: 1.145 | Tes Acc: 50.00
INFO >> Epoch: 17  |  Layer:  3  |  Train Loss: 0.878 | Train Acc: 62.58  |  Val Loss: 0.883 | Val Acc: 60.94  |  Test Loss: 1.078 | Tes Acc: 55.17
INFO >> Epoch: 17  |  Layer:  4  |  Train Loss: 0.831 | Train Acc: 64.81  |  Val Loss: 0.819 | Val Acc: 63.96  |  Test Loss: 0.997 | Tes Acc: 57.66
INFO >> Epoch: 17  |  Layer:  5  |  Train Loss: 0.816 | Train Acc: 65.43  |  Val Loss: 0.812 | Val Acc: 63.96  |  Test Loss: 0.977 | Tes Acc: 57.40
INFO >> Epoch: 17  |  Layer:  6  |  Train Loss: 0.803 | Train Acc: 66.28  |  Val Loss: 0.796 | Val Acc: 65.26  |  Test Loss: 0.952 | Tes Acc: 61.68
INFO >> Epoch: 17  |  Layer:  7  |  Train Loss: 0.767 | Train Acc: 67.36  |  Val Loss: 0.770 | Val Acc: 65.76  |  Test Loss: 0.928 | Tes Acc: 61.41
INFO >> Epoch: 17  |  Layer:  8  |  Train Loss: 0.765 | Train Acc: 67.68  |  Val Loss: 0.770 | Val Acc: 66.77  |  Test Loss: 0.926 | Tes Acc: 60.16
INFO >> Epoch: 17  |  Layer:  9  |  Train Loss: 0.763 | Train Acc: 68.53  |  Val Loss: 0.770 | Val Acc: 66.67  |  Test Loss: 0.940 | Tes Acc: 60.34
INFO >> Epoch: 17  |  Layer: 10  |  Train Loss: 0.756 | Train Acc: 68.65  |  Val Loss: 0.782 | Val Acc: 66.37  |  Test Loss: 0.935 | Tes Acc: 62.03
INFO >> Epoch: 17  |  Layer: 11  |  Train Loss: 0.777 | Train Acc: 67.95  |  Val Loss: 0.781 | Val Acc: 65.66  |  Test Loss: 0.933 | Tes Acc: 61.41
INFO >> Epoch: 17  |  Layer: 12  |  Train Loss: 0.780 | Train Acc: 67.04  |  Val Loss: 0.791 | Val Acc: 64.66  |  Test Loss: 0.962 | Tes Acc: 59.45
INFO >> Epoch: 17  |  Layer: 13  |  Train Loss: 0.820 | Train Acc: 64.99  |  Val Loss: 0.824 | Val Acc: 61.55  |  Test Loss: 1.015 | Tes Acc: 56.24

INFO >> Epoch: 18  |  Layer:  1  |  Train Loss: 1.011 | Train Acc: 54.70  |  Val Loss: 0.953 | Val Acc: 58.53  |  Test Loss: 1.117 | Tes Acc: 54.72
INFO >> Epoch: 18  |  Layer:  2  |  Train Loss: 0.906 | Train Acc: 60.88  |  Val Loss: 0.886 | Val Acc: 61.24  |  Test Loss: 1.086 | Tes Acc: 56.06
INFO >> Epoch: 18  |  Layer:  3  |  Train Loss: 0.861 | Train Acc: 63.11  |  Val Loss: 0.869 | Val Acc: 62.15  |  Test Loss: 1.091 | Tes Acc: 55.26
INFO >> Epoch: 18  |  Layer:  4  |  Train Loss: 0.810 | Train Acc: 65.19  |  Val Loss: 0.816 | Val Acc: 64.36  |  Test Loss: 1.025 | Tes Acc: 57.04
INFO >> Epoch: 18  |  Layer:  5  |  Train Loss: 0.792 | Train Acc: 66.63  |  Val Loss: 0.827 | Val Acc: 62.85  |  Test Loss: 1.024 | Tes Acc: 56.86
INFO >> Epoch: 18  |  Layer:  6  |  Train Loss: 0.775 | Train Acc: 66.54  |  Val Loss: 0.794 | Val Acc: 66.16  |  Test Loss: 0.966 | Tes Acc: 61.32
INFO >> Epoch: 18  |  Layer:  7  |  Train Loss: 0.750 | Train Acc: 68.62  |  Val Loss: 0.774 | Val Acc: 65.06  |  Test Loss: 0.960 | Tes Acc: 58.29
INFO >> Epoch: 18  |  Layer:  8  |  Train Loss: 0.757 | Train Acc: 68.41  |  Val Loss: 0.767 | Val Acc: 64.86  |  Test Loss: 0.985 | Tes Acc: 56.68
INFO >> Epoch: 18  |  Layer:  9  |  Train Loss: 0.754 | Train Acc: 68.59  |  Val Loss: 0.792 | Val Acc: 62.75  |  Test Loss: 1.029 | Tes Acc: 55.26
INFO >> Epoch: 18  |  Layer: 10  |  Train Loss: 0.752 | Train Acc: 68.88  |  Val Loss: 0.783 | Val Acc: 65.66  |  Test Loss: 0.968 | Tes Acc: 59.45
INFO >> Epoch: 18  |  Layer: 11  |  Train Loss: 0.771 | Train Acc: 67.86  |  Val Loss: 0.802 | Val Acc: 62.45  |  Test Loss: 0.977 | Tes Acc: 58.02
INFO >> Epoch: 18  |  Layer: 12  |  Train Loss: 0.773 | Train Acc: 67.86  |  Val Loss: 0.813 | Val Acc: 62.55  |  Test Loss: 0.996 | Tes Acc: 57.04
INFO >> Epoch: 18  |  Layer: 13  |  Train Loss: 0.805 | Train Acc: 65.34  |  Val Loss: 0.831 | Val Acc: 59.94  |  Test Loss: 1.032 | Tes Acc: 54.81

INFO >> Epoch: 19  |  Layer:  1  |  Train Loss: 0.983 | Train Acc: 55.26  |  Val Loss: 0.934 | Val Acc: 58.43  |  Test Loss: 1.092 | Tes Acc: 54.46
INFO >> Epoch: 19  |  Layer:  2  |  Train Loss: 0.890 | Train Acc: 61.91  |  Val Loss: 0.895 | Val Acc: 60.14  |  Test Loss: 1.114 | Tes Acc: 55.35
INFO >> Epoch: 19  |  Layer:  3  |  Train Loss: 0.849 | Train Acc: 64.08  |  Val Loss: 0.876 | Val Acc: 63.35  |  Test Loss: 1.058 | Tes Acc: 57.66
INFO >> Epoch: 19  |  Layer:  4  |  Train Loss: 0.802 | Train Acc: 65.90  |  Val Loss: 0.811 | Val Acc: 65.56  |  Test Loss: 0.952 | Tes Acc: 60.78
INFO >> Epoch: 19  |  Layer:  5  |  Train Loss: 0.782 | Train Acc: 67.51  |  Val Loss: 0.818 | Val Acc: 65.36  |  Test Loss: 0.921 | Tes Acc: 62.66
INFO >> Epoch: 19  |  Layer:  6  |  Train Loss: 0.770 | Train Acc: 67.59  |  Val Loss: 0.803 | Val Acc: 65.36  |  Test Loss: 0.935 | Tes Acc: 62.57
INFO >> Epoch: 19  |  Layer:  7  |  Train Loss: 0.746 | Train Acc: 69.06  |  Val Loss: 0.779 | Val Acc: 67.07  |  Test Loss: 0.896 | Tes Acc: 64.26
INFO >> Epoch: 19  |  Layer:  8  |  Train Loss: 0.746 | Train Acc: 69.32  |  Val Loss: 0.777 | Val Acc: 66.97  |  Test Loss: 0.952 | Tes Acc: 61.41
INFO >> Epoch: 19  |  Layer:  9  |  Train Loss: 0.747 | Train Acc: 69.18  |  Val Loss: 0.775 | Val Acc: 66.87  |  Test Loss: 0.925 | Tes Acc: 63.99
INFO >> Epoch: 19  |  Layer: 10  |  Train Loss: 0.732 | Train Acc: 70.20  |  Val Loss: 0.785 | Val Acc: 66.77  |  Test Loss: 0.917 | Tes Acc: 63.10
INFO >> Epoch: 19  |  Layer: 11  |  Train Loss: 0.753 | Train Acc: 68.71  |  Val Loss: 0.787 | Val Acc: 66.47  |  Test Loss: 0.907 | Tes Acc: 63.10
INFO >> Epoch: 19  |  Layer: 12  |  Train Loss: 0.762 | Train Acc: 67.80  |  Val Loss: 0.799 | Val Acc: 64.56  |  Test Loss: 0.949 | Tes Acc: 62.03
INFO >> Epoch: 19  |  Layer: 13  |  Train Loss: 0.794 | Train Acc: 66.51  |  Val Loss: 0.821 | Val Acc: 63.15  |  Test Loss: 0.951 | Tes Acc: 62.21

INFO >> Epoch: 20  |  Layer:  1  |  Train Loss: 1.005 | Train Acc: 55.87  |  Val Loss: 0.991 | Val Acc: 55.62  |  Test Loss: 1.132 | Tes Acc: 48.75
INFO >> Epoch: 20  |  Layer:  2  |  Train Loss: 0.896 | Train Acc: 61.18  |  Val Loss: 0.903 | Val Acc: 58.63  |  Test Loss: 1.076 | Tes Acc: 56.24
INFO >> Epoch: 20  |  Layer:  3  |  Train Loss: 0.859 | Train Acc: 63.23  |  Val Loss: 0.905 | Val Acc: 59.94  |  Test Loss: 1.017 | Tes Acc: 59.54
INFO >> Epoch: 20  |  Layer:  4  |  Train Loss: 0.802 | Train Acc: 65.84  |  Val Loss: 0.842 | Val Acc: 65.16  |  Test Loss: 0.929 | Tes Acc: 61.68
INFO >> Epoch: 20  |  Layer:  5  |  Train Loss: 0.787 | Train Acc: 67.15  |  Val Loss: 0.824 | Val Acc: 64.86  |  Test Loss: 0.924 | Tes Acc: 60.96
INFO >> Epoch: 20  |  Layer:  6  |  Train Loss: 0.772 | Train Acc: 67.62  |  Val Loss: 0.824 | Val Acc: 65.16  |  Test Loss: 0.909 | Tes Acc: 64.26
INFO >> Epoch: 20  |  Layer:  7  |  Train Loss: 0.739 | Train Acc: 69.03  |  Val Loss: 0.792 | Val Acc: 65.46  |  Test Loss: 0.883 | Tes Acc: 63.19
INFO >> Epoch: 20  |  Layer:  8  |  Train Loss: 0.742 | Train Acc: 69.85  |  Val Loss: 0.790 | Val Acc: 66.77  |  Test Loss: 0.922 | Tes Acc: 59.98
INFO >> Epoch: 20  |  Layer:  9  |  Train Loss: 0.739 | Train Acc: 69.41  |  Val Loss: 0.782 | Val Acc: 66.06  |  Test Loss: 0.916 | Tes Acc: 63.28
INFO >> Epoch: 20  |  Layer: 10  |  Train Loss: 0.734 | Train Acc: 70.20  |  Val Loss: 0.812 | Val Acc: 66.97  |  Test Loss: 0.912 | Tes Acc: 62.66
INFO >> Epoch: 20  |  Layer: 11  |  Train Loss: 0.753 | Train Acc: 69.79  |  Val Loss: 0.801 | Val Acc: 66.06  |  Test Loss: 0.905 | Tes Acc: 63.46
INFO >> Epoch: 20  |  Layer: 12  |  Train Loss: 0.760 | Train Acc: 68.36  |  Val Loss: 0.802 | Val Acc: 66.06  |  Test Loss: 0.913 | Tes Acc: 63.81
INFO >> Epoch: 20  |  Layer: 13  |  Train Loss: 0.796 | Train Acc: 66.22  |  Val Loss: 0.834 | Val Acc: 64.66  |  Test Loss: 0.926 | Tes Acc: 61.59

INFO >> Epoch: 21  |  Layer:  1  |  Train Loss: 1.010 | Train Acc: 55.38  |  Val Loss: 0.999 | Val Acc: 53.41  |  Test Loss: 1.137 | Tes Acc: 50.89
INFO >> Epoch: 21  |  Layer:  2  |  Train Loss: 0.900 | Train Acc: 61.65  |  Val Loss: 0.907 | Val Acc: 59.74  |  Test Loss: 1.112 | Tes Acc: 53.65
INFO >> Epoch: 21  |  Layer:  3  |  Train Loss: 0.859 | Train Acc: 63.17  |  Val Loss: 0.909 | Val Acc: 61.04  |  Test Loss: 1.068 | Tes Acc: 56.95
INFO >> Epoch: 21  |  Layer:  4  |  Train Loss: 0.815 | Train Acc: 66.01  |  Val Loss: 0.861 | Val Acc: 63.65  |  Test Loss: 0.967 | Tes Acc: 60.34
INFO >> Epoch: 21  |  Layer:  5  |  Train Loss: 0.801 | Train Acc: 66.45  |  Val Loss: 0.869 | Val Acc: 64.16  |  Test Loss: 0.928 | Tes Acc: 61.94
INFO >> Epoch: 21  |  Layer:  6  |  Train Loss: 0.793 | Train Acc: 66.16  |  Val Loss: 0.830 | Val Acc: 65.76  |  Test Loss: 0.940 | Tes Acc: 62.66
INFO >> Epoch: 21  |  Layer:  7  |  Train Loss: 0.766 | Train Acc: 67.48  |  Val Loss: 0.792 | Val Acc: 67.47  |  Test Loss: 0.885 | Tes Acc: 63.73
INFO >> Epoch: 21  |  Layer:  8  |  Train Loss: 0.769 | Train Acc: 67.62  |  Val Loss: 0.797 | Val Acc: 66.27  |  Test Loss: 0.925 | Tes Acc: 61.23
INFO >> Epoch: 21  |  Layer:  9  |  Train Loss: 0.765 | Train Acc: 67.86  |  Val Loss: 0.832 | Val Acc: 65.56  |  Test Loss: 0.927 | Tes Acc: 64.17
INFO >> Epoch: 21  |  Layer: 10  |  Train Loss: 0.757 | Train Acc: 69.00  |  Val Loss: 0.833 | Val Acc: 64.76  |  Test Loss: 0.906 | Tes Acc: 64.71
INFO >> Epoch: 21  |  Layer: 11  |  Train Loss: 0.787 | Train Acc: 67.36  |  Val Loss: 0.812 | Val Acc: 66.57  |  Test Loss: 0.900 | Tes Acc: 62.92
INFO >> Epoch: 21  |  Layer: 12  |  Train Loss: 0.783 | Train Acc: 67.13  |  Val Loss: 0.819 | Val Acc: 66.16  |  Test Loss: 0.936 | Tes Acc: 64.08
INFO >> Epoch: 21  |  Layer: 13  |  Train Loss: 0.812 | Train Acc: 65.60  |  Val Loss: 0.848 | Val Acc: 65.06  |  Test Loss: 0.939 | Tes Acc: 62.66

INFO >> Epoch: 22  |  Layer:  1  |  Train Loss: 0.993 | Train Acc: 55.90  |  Val Loss: 0.930 | Val Acc: 58.94  |  Test Loss: 1.153 | Tes Acc: 50.45
INFO >> Epoch: 22  |  Layer:  2  |  Train Loss: 0.896 | Train Acc: 61.30  |  Val Loss: 0.888 | Val Acc: 59.34  |  Test Loss: 1.144 | Tes Acc: 52.23
INFO >> Epoch: 22  |  Layer:  3  |  Train Loss: 0.852 | Train Acc: 63.40  |  Val Loss: 0.880 | Val Acc: 61.65  |  Test Loss: 1.072 | Tes Acc: 56.42
INFO >> Epoch: 22  |  Layer:  4  |  Train Loss: 0.800 | Train Acc: 65.13  |  Val Loss: 0.820 | Val Acc: 66.16  |  Test Loss: 0.964 | Tes Acc: 60.34
INFO >> Epoch: 22  |  Layer:  5  |  Train Loss: 0.785 | Train Acc: 67.01  |  Val Loss: 0.807 | Val Acc: 65.76  |  Test Loss: 0.955 | Tes Acc: 59.98
INFO >> Epoch: 22  |  Layer:  6  |  Train Loss: 0.768 | Train Acc: 67.27  |  Val Loss: 0.792 | Val Acc: 67.17  |  Test Loss: 0.974 | Tes Acc: 60.78
INFO >> Epoch: 22  |  Layer:  7  |  Train Loss: 0.741 | Train Acc: 69.00  |  Val Loss: 0.782 | Val Acc: 67.27  |  Test Loss: 0.910 | Tes Acc: 61.94
INFO >> Epoch: 22  |  Layer:  8  |  Train Loss: 0.740 | Train Acc: 69.41  |  Val Loss: 0.763 | Val Acc: 67.87  |  Test Loss: 0.916 | Tes Acc: 61.41
INFO >> Epoch: 22  |  Layer:  9  |  Train Loss: 0.738 | Train Acc: 69.00  |  Val Loss: 0.765 | Val Acc: 66.47  |  Test Loss: 0.916 | Tes Acc: 64.08
INFO >> Epoch: 22  |  Layer: 10  |  Train Loss: 0.728 | Train Acc: 69.65  |  Val Loss: 0.786 | Val Acc: 65.66  |  Test Loss: 0.925 | Tes Acc: 62.92
INFO >> Epoch: 22  |  Layer: 11  |  Train Loss: 0.748 | Train Acc: 68.68  |  Val Loss: 0.787 | Val Acc: 66.37  |  Test Loss: 0.923 | Tes Acc: 62.12
INFO >> Epoch: 22  |  Layer: 12  |  Train Loss: 0.750 | Train Acc: 68.50  |  Val Loss: 0.787 | Val Acc: 65.36  |  Test Loss: 0.947 | Tes Acc: 61.41
INFO >> Epoch: 22  |  Layer: 13  |  Train Loss: 0.787 | Train Acc: 66.22  |  Val Loss: 0.792 | Val Acc: 64.86  |  Test Loss: 0.940 | Tes Acc: 61.50

INFO >> Epoch: 23  |  Layer:  1  |  Train Loss: 0.985 | Train Acc: 56.49  |  Val Loss: 0.978 | Val Acc: 57.53  |  Test Loss: 1.165 | Tes Acc: 51.69
INFO >> Epoch: 23  |  Layer:  2  |  Train Loss: 0.879 | Train Acc: 62.55  |  Val Loss: 0.917 | Val Acc: 58.63  |  Test Loss: 1.109 | Tes Acc: 55.35
INFO >> Epoch: 23  |  Layer:  3  |  Train Loss: 0.840 | Train Acc: 64.20  |  Val Loss: 0.908 | Val Acc: 59.14  |  Test Loss: 1.126 | Tes Acc: 55.53
INFO >> Epoch: 23  |  Layer:  4  |  Train Loss: 0.787 | Train Acc: 66.72  |  Val Loss: 0.828 | Val Acc: 64.46  |  Test Loss: 1.021 | Tes Acc: 58.02
INFO >> Epoch: 23  |  Layer:  5  |  Train Loss: 0.768 | Train Acc: 67.86  |  Val Loss: 0.825 | Val Acc: 64.46  |  Test Loss: 0.983 | Tes Acc: 60.96
INFO >> Epoch: 23  |  Layer:  6  |  Train Loss: 0.754 | Train Acc: 68.39  |  Val Loss: 0.797 | Val Acc: 65.96  |  Test Loss: 0.967 | Tes Acc: 61.59
INFO >> Epoch: 23  |  Layer:  7  |  Train Loss: 0.725 | Train Acc: 70.55  |  Val Loss: 0.780 | Val Acc: 65.36  |  Test Loss: 0.943 | Tes Acc: 61.68
INFO >> Epoch: 23  |  Layer:  8  |  Train Loss: 0.719 | Train Acc: 70.44  |  Val Loss: 0.790 | Val Acc: 63.15  |  Test Loss: 0.978 | Tes Acc: 60.70
INFO >> Epoch: 23  |  Layer:  9  |  Train Loss: 0.722 | Train Acc: 70.47  |  Val Loss: 0.770 | Val Acc: 65.46  |  Test Loss: 0.971 | Tes Acc: 61.94
INFO >> Epoch: 23  |  Layer: 10  |  Train Loss: 0.707 | Train Acc: 71.34  |  Val Loss: 0.789 | Val Acc: 64.36  |  Test Loss: 0.977 | Tes Acc: 62.48
INFO >> Epoch: 23  |  Layer: 11  |  Train Loss: 0.730 | Train Acc: 70.06  |  Val Loss: 0.792 | Val Acc: 66.47  |  Test Loss: 0.971 | Tes Acc: 60.96
INFO >> Epoch: 23  |  Layer: 12  |  Train Loss: 0.742 | Train Acc: 69.76  |  Val Loss: 0.813 | Val Acc: 61.04  |  Test Loss: 1.018 | Tes Acc: 60.25
INFO >> Epoch: 23  |  Layer: 13  |  Train Loss: 0.775 | Train Acc: 67.27  |  Val Loss: 0.840 | Val Acc: 61.45  |  Test Loss: 1.047 | Tes Acc: 57.58

INFO >> Epoch: 24  |  Layer:  1  |  Train Loss: 0.993 | Train Acc: 55.58  |  Val Loss: 0.930 | Val Acc: 59.14  |  Test Loss: 1.105 | Tes Acc: 54.10
INFO >> Epoch: 24  |  Layer:  2  |  Train Loss: 0.890 | Train Acc: 61.65  |  Val Loss: 0.880 | Val Acc: 60.24  |  Test Loss: 1.096 | Tes Acc: 54.90
INFO >> Epoch: 24  |  Layer:  3  |  Train Loss: 0.844 | Train Acc: 63.73  |  Val Loss: 0.858 | Val Acc: 63.86  |  Test Loss: 1.044 | Tes Acc: 58.56
INFO >> Epoch: 24  |  Layer:  4  |  Train Loss: 0.780 | Train Acc: 66.89  |  Val Loss: 0.802 | Val Acc: 65.56  |  Test Loss: 0.919 | Tes Acc: 62.57
INFO >> Epoch: 24  |  Layer:  5  |  Train Loss: 0.762 | Train Acc: 67.86  |  Val Loss: 0.798 | Val Acc: 66.16  |  Test Loss: 0.896 | Tes Acc: 63.46
INFO >> Epoch: 24  |  Layer:  6  |  Train Loss: 0.751 | Train Acc: 68.06  |  Val Loss: 0.789 | Val Acc: 67.07  |  Test Loss: 0.900 | Tes Acc: 64.53
INFO >> Epoch: 24  |  Layer:  7  |  Train Loss: 0.721 | Train Acc: 70.00  |  Val Loss: 0.746 | Val Acc: 68.67  |  Test Loss: 0.887 | Tes Acc: 63.81
INFO >> Epoch: 24  |  Layer:  8  |  Train Loss: 0.723 | Train Acc: 70.44  |  Val Loss: 0.751 | Val Acc: 66.87  |  Test Loss: 0.922 | Tes Acc: 62.57
INFO >> Epoch: 24  |  Layer:  9  |  Train Loss: 0.719 | Train Acc: 69.79  |  Val Loss: 0.743 | Val Acc: 68.17  |  Test Loss: 0.907 | Tes Acc: 64.62
INFO >> Epoch: 24  |  Layer: 10  |  Train Loss: 0.706 | Train Acc: 70.91  |  Val Loss: 0.754 | Val Acc: 68.07  |  Test Loss: 0.906 | Tes Acc: 64.35
INFO >> Epoch: 24  |  Layer: 11  |  Train Loss: 0.730 | Train Acc: 70.67  |  Val Loss: 0.753 | Val Acc: 67.97  |  Test Loss: 0.912 | Tes Acc: 64.44
INFO >> Epoch: 24  |  Layer: 12  |  Train Loss: 0.739 | Train Acc: 68.88  |  Val Loss: 0.763 | Val Acc: 68.37  |  Test Loss: 0.922 | Tes Acc: 64.88
INFO >> Epoch: 24  |  Layer: 13  |  Train Loss: 0.774 | Train Acc: 68.18  |  Val Loss: 0.794 | Val Acc: 66.57  |  Test Loss: 0.920 | Tes Acc: 63.55

INFO >> Epoch: 25  |  Layer:  1  |  Train Loss: 0.974 | Train Acc: 57.16  |  Val Loss: 0.934 | Val Acc: 58.94  |  Test Loss: 1.130 | Tes Acc: 50.00
INFO >> Epoch: 25  |  Layer:  2  |  Train Loss: 0.868 | Train Acc: 63.11  |  Val Loss: 0.889 | Val Acc: 58.63  |  Test Loss: 1.135 | Tes Acc: 52.76
INFO >> Epoch: 25  |  Layer:  3  |  Train Loss: 0.826 | Train Acc: 65.07  |  Val Loss: 0.864 | Val Acc: 62.35  |  Test Loss: 1.116 | Tes Acc: 55.08
INFO >> Epoch: 25  |  Layer:  4  |  Train Loss: 0.771 | Train Acc: 67.83  |  Val Loss: 0.793 | Val Acc: 66.47  |  Test Loss: 1.012 | Tes Acc: 58.20
INFO >> Epoch: 25  |  Layer:  5  |  Train Loss: 0.752 | Train Acc: 69.03  |  Val Loss: 0.794 | Val Acc: 66.67  |  Test Loss: 0.993 | Tes Acc: 59.63
INFO >> Epoch: 25  |  Layer:  6  |  Train Loss: 0.746 | Train Acc: 68.47  |  Val Loss: 0.771 | Val Acc: 67.67  |  Test Loss: 0.972 | Tes Acc: 60.52
INFO >> Epoch: 25  |  Layer:  7  |  Train Loss: 0.709 | Train Acc: 70.85  |  Val Loss: 0.739 | Val Acc: 68.57  |  Test Loss: 0.944 | Tes Acc: 61.05
INFO >> Epoch: 25  |  Layer:  8  |  Train Loss: 0.705 | Train Acc: 71.20  |  Val Loss: 0.761 | Val Acc: 67.17  |  Test Loss: 0.998 | Tes Acc: 59.27
INFO >> Epoch: 25  |  Layer:  9  |  Train Loss: 0.706 | Train Acc: 70.58  |  Val Loss: 0.742 | Val Acc: 67.57  |  Test Loss: 0.966 | Tes Acc: 62.30
INFO >> Epoch: 25  |  Layer: 10  |  Train Loss: 0.695 | Train Acc: 71.58  |  Val Loss: 0.761 | Val Acc: 64.66  |  Test Loss: 0.985 | Tes Acc: 61.85
INFO >> Epoch: 25  |  Layer: 11  |  Train Loss: 0.723 | Train Acc: 70.35  |  Val Loss: 0.762 | Val Acc: 66.87  |  Test Loss: 0.970 | Tes Acc: 61.76
INFO >> Epoch: 25  |  Layer: 12  |  Train Loss: 0.730 | Train Acc: 69.50  |  Val Loss: 0.786 | Val Acc: 64.66  |  Test Loss: 1.015 | Tes Acc: 60.25
INFO >> Epoch: 25  |  Layer: 13  |  Train Loss: 0.770 | Train Acc: 68.30  |  Val Loss: 0.792 | Val Acc: 64.56  |  Test Loss: 1.019 | Tes Acc: 60.16

INFO >> Epoch: 26  |  Layer:  1  |  Train Loss: 0.981 | Train Acc: 56.99  |  Val Loss: 0.965 | Val Acc: 57.53  |  Test Loss: 1.168 | Tes Acc: 51.96
INFO >> Epoch: 26  |  Layer:  2  |  Train Loss: 0.870 | Train Acc: 62.85  |  Val Loss: 0.928 | Val Acc: 57.93  |  Test Loss: 1.131 | Tes Acc: 51.52
INFO >> Epoch: 26  |  Layer:  3  |  Train Loss: 0.825 | Train Acc: 65.37  |  Val Loss: 0.901 | Val Acc: 59.14  |  Test Loss: 1.113 | Tes Acc: 54.81
INFO >> Epoch: 26  |  Layer:  4  |  Train Loss: 0.767 | Train Acc: 67.74  |  Val Loss: 0.804 | Val Acc: 65.66  |  Test Loss: 0.978 | Tes Acc: 59.80
INFO >> Epoch: 26  |  Layer:  5  |  Train Loss: 0.749 | Train Acc: 69.41  |  Val Loss: 0.813 | Val Acc: 63.45  |  Test Loss: 0.982 | Tes Acc: 58.65
INFO >> Epoch: 26  |  Layer:  6  |  Train Loss: 0.734 | Train Acc: 69.35  |  Val Loss: 0.803 | Val Acc: 66.06  |  Test Loss: 0.989 | Tes Acc: 59.80
INFO >> Epoch: 26  |  Layer:  7  |  Train Loss: 0.701 | Train Acc: 71.34  |  Val Loss: 0.761 | Val Acc: 67.17  |  Test Loss: 0.923 | Tes Acc: 61.94
INFO >> Epoch: 26  |  Layer:  8  |  Train Loss: 0.702 | Train Acc: 71.76  |  Val Loss: 0.762 | Val Acc: 66.37  |  Test Loss: 0.979 | Tes Acc: 59.80
INFO >> Epoch: 26  |  Layer:  9  |  Train Loss: 0.704 | Train Acc: 71.61  |  Val Loss: 0.751 | Val Acc: 67.47  |  Test Loss: 0.950 | Tes Acc: 61.23
INFO >> Epoch: 26  |  Layer: 10  |  Train Loss: 0.697 | Train Acc: 71.34  |  Val Loss: 0.772 | Val Acc: 66.37  |  Test Loss: 0.960 | Tes Acc: 60.43
INFO >> Epoch: 26  |  Layer: 11  |  Train Loss: 0.718 | Train Acc: 71.02  |  Val Loss: 0.782 | Val Acc: 65.06  |  Test Loss: 0.978 | Tes Acc: 60.07
INFO >> Epoch: 26  |  Layer: 12  |  Train Loss: 0.726 | Train Acc: 70.17  |  Val Loss: 0.814 | Val Acc: 62.05  |  Test Loss: 1.024 | Tes Acc: 58.02
INFO >> Epoch: 26  |  Layer: 13  |  Train Loss: 0.771 | Train Acc: 68.06  |  Val Loss: 0.825 | Val Acc: 61.65  |  Test Loss: 1.018 | Tes Acc: 56.68

INFO >> Epoch: 27  |  Layer:  1  |  Train Loss: 0.971 | Train Acc: 57.05  |  Val Loss: 0.938 | Val Acc: 57.03  |  Test Loss: 1.118 | Tes Acc: 51.16
INFO >> Epoch: 27  |  Layer:  2  |  Train Loss: 0.870 | Train Acc: 62.73  |  Val Loss: 0.883 | Val Acc: 60.24  |  Test Loss: 1.116 | Tes Acc: 53.12
INFO >> Epoch: 27  |  Layer:  3  |  Train Loss: 0.819 | Train Acc: 65.34  |  Val Loss: 0.866 | Val Acc: 63.96  |  Test Loss: 1.085 | Tes Acc: 56.42
INFO >> Epoch: 27  |  Layer:  4  |  Train Loss: 0.760 | Train Acc: 68.33  |  Val Loss: 0.795 | Val Acc: 66.06  |  Test Loss: 1.035 | Tes Acc: 57.66
INFO >> Epoch: 27  |  Layer:  5  |  Train Loss: 0.743 | Train Acc: 69.21  |  Val Loss: 0.794 | Val Acc: 67.27  |  Test Loss: 0.990 | Tes Acc: 59.80
INFO >> Epoch: 27  |  Layer:  6  |  Train Loss: 0.726 | Train Acc: 69.65  |  Val Loss: 0.784 | Val Acc: 66.97  |  Test Loss: 0.974 | Tes Acc: 62.39
INFO >> Epoch: 27  |  Layer:  7  |  Train Loss: 0.690 | Train Acc: 71.55  |  Val Loss: 0.760 | Val Acc: 66.47  |  Test Loss: 0.940 | Tes Acc: 61.94
INFO >> Epoch: 27  |  Layer:  8  |  Train Loss: 0.693 | Train Acc: 71.78  |  Val Loss: 0.772 | Val Acc: 66.27  |  Test Loss: 0.978 | Tes Acc: 60.34
INFO >> Epoch: 27  |  Layer:  9  |  Train Loss: 0.692 | Train Acc: 71.46  |  Val Loss: 0.768 | Val Acc: 66.87  |  Test Loss: 0.965 | Tes Acc: 63.46
INFO >> Epoch: 27  |  Layer: 10  |  Train Loss: 0.683 | Train Acc: 72.84  |  Val Loss: 0.789 | Val Acc: 65.96  |  Test Loss: 0.971 | Tes Acc: 62.57
INFO >> Epoch: 27  |  Layer: 11  |  Train Loss: 0.704 | Train Acc: 71.70  |  Val Loss: 0.794 | Val Acc: 66.16  |  Test Loss: 0.980 | Tes Acc: 61.68
INFO >> Epoch: 27  |  Layer: 12  |  Train Loss: 0.709 | Train Acc: 71.55  |  Val Loss: 0.801 | Val Acc: 64.96  |  Test Loss: 1.003 | Tes Acc: 60.25
INFO >> Epoch: 27  |  Layer: 13  |  Train Loss: 0.755 | Train Acc: 68.59  |  Val Loss: 0.819 | Val Acc: 64.36  |  Test Loss: 1.048 | Tes Acc: 57.75

INFO >> Epoch: 28  |  Layer:  1  |  Train Loss: 0.968 | Train Acc: 57.63  |  Val Loss: 0.951 | Val Acc: 57.33  |  Test Loss: 1.195 | Tes Acc: 47.33
INFO >> Epoch: 28  |  Layer:  2  |  Train Loss: 0.873 | Train Acc: 62.70  |  Val Loss: 0.882 | Val Acc: 61.14  |  Test Loss: 1.132 | Tes Acc: 51.78
INFO >> Epoch: 28  |  Layer:  3  |  Train Loss: 0.825 | Train Acc: 65.54  |  Val Loss: 0.884 | Val Acc: 61.14  |  Test Loss: 1.101 | Tes Acc: 54.99
INFO >> Epoch: 28  |  Layer:  4  |  Train Loss: 0.760 | Train Acc: 68.21  |  Val Loss: 0.810 | Val Acc: 65.16  |  Test Loss: 0.997 | Tes Acc: 59.18
INFO >> Epoch: 28  |  Layer:  5  |  Train Loss: 0.741 | Train Acc: 69.09  |  Val Loss: 0.796 | Val Acc: 67.57  |  Test Loss: 0.958 | Tes Acc: 61.05
INFO >> Epoch: 28  |  Layer:  6  |  Train Loss: 0.722 | Train Acc: 70.32  |  Val Loss: 0.784 | Val Acc: 66.67  |  Test Loss: 0.982 | Tes Acc: 62.03
INFO >> Epoch: 28  |  Layer:  7  |  Train Loss: 0.693 | Train Acc: 71.43  |  Val Loss: 0.764 | Val Acc: 66.77  |  Test Loss: 0.947 | Tes Acc: 61.59
INFO >> Epoch: 28  |  Layer:  8  |  Train Loss: 0.692 | Train Acc: 72.72  |  Val Loss: 0.756 | Val Acc: 66.27  |  Test Loss: 0.963 | Tes Acc: 59.80
INFO >> Epoch: 28  |  Layer:  9  |  Train Loss: 0.691 | Train Acc: 72.08  |  Val Loss: 0.771 | Val Acc: 68.07  |  Test Loss: 0.986 | Tes Acc: 61.14
INFO >> Epoch: 28  |  Layer: 10  |  Train Loss: 0.686 | Train Acc: 71.93  |  Val Loss: 0.754 | Val Acc: 67.57  |  Test Loss: 0.931 | Tes Acc: 63.55
INFO >> Epoch: 28  |  Layer: 11  |  Train Loss: 0.708 | Train Acc: 71.29  |  Val Loss: 0.774 | Val Acc: 68.17  |  Test Loss: 0.938 | Tes Acc: 63.19
INFO >> Epoch: 28  |  Layer: 12  |  Train Loss: 0.711 | Train Acc: 69.85  |  Val Loss: 0.807 | Val Acc: 66.57  |  Test Loss: 0.989 | Tes Acc: 60.96
INFO >> Epoch: 28  |  Layer: 13  |  Train Loss: 0.751 | Train Acc: 68.97  |  Val Loss: 0.804 | Val Acc: 65.56  |  Test Loss: 0.963 | Tes Acc: 62.92

INFO >> Epoch: 29  |  Layer:  1  |  Train Loss: 0.988 | Train Acc: 55.23  |  Val Loss: 1.096 | Val Acc: 50.50  |  Test Loss: 1.227 | Tes Acc: 48.75
INFO >> Epoch: 29  |  Layer:  2  |  Train Loss: 0.868 | Train Acc: 62.50  |  Val Loss: 0.975 | Val Acc: 56.12  |  Test Loss: 1.152 | Tes Acc: 55.70
INFO >> Epoch: 29  |  Layer:  3  |  Train Loss: 0.822 | Train Acc: 64.66  |  Val Loss: 0.960 | Val Acc: 56.43  |  Test Loss: 1.142 | Tes Acc: 54.72
INFO >> Epoch: 29  |  Layer:  4  |  Train Loss: 0.760 | Train Acc: 66.92  |  Val Loss: 0.891 | Val Acc: 61.55  |  Test Loss: 1.021 | Tes Acc: 59.63
INFO >> Epoch: 29  |  Layer:  5  |  Train Loss: 0.738 | Train Acc: 69.26  |  Val Loss: 0.891 | Val Acc: 61.95  |  Test Loss: 1.010 | Tes Acc: 60.61
INFO >> Epoch: 29  |  Layer:  6  |  Train Loss: 0.724 | Train Acc: 69.44  |  Val Loss: 0.824 | Val Acc: 64.06  |  Test Loss: 0.979 | Tes Acc: 62.48
INFO >> Epoch: 29  |  Layer:  7  |  Train Loss: 0.690 | Train Acc: 71.37  |  Val Loss: 0.789 | Val Acc: 66.16  |  Test Loss: 0.933 | Tes Acc: 62.83
INFO >> Epoch: 29  |  Layer:  8  |  Train Loss: 0.684 | Train Acc: 71.70  |  Val Loss: 0.839 | Val Acc: 62.65  |  Test Loss: 1.033 | Tes Acc: 61.32
INFO >> Epoch: 29  |  Layer:  9  |  Train Loss: 0.689 | Train Acc: 71.64  |  Val Loss: 0.817 | Val Acc: 64.36  |  Test Loss: 1.003 | Tes Acc: 62.21
INFO >> Epoch: 29  |  Layer: 10  |  Train Loss: 0.670 | Train Acc: 72.81  |  Val Loss: 0.818 | Val Acc: 64.96  |  Test Loss: 1.004 | Tes Acc: 62.12
INFO >> Epoch: 29  |  Layer: 11  |  Train Loss: 0.702 | Train Acc: 70.96  |  Val Loss: 0.851 | Val Acc: 61.55  |  Test Loss: 1.030 | Tes Acc: 60.87
INFO >> Epoch: 29  |  Layer: 12  |  Train Loss: 0.711 | Train Acc: 70.47  |  Val Loss: 0.837 | Val Acc: 62.55  |  Test Loss: 1.021 | Tes Acc: 62.03
INFO >> Epoch: 29  |  Layer: 13  |  Train Loss: 0.756 | Train Acc: 67.80  |  Val Loss: 0.897 | Val Acc: 61.14  |  Test Loss: 1.091 | Tes Acc: 57.75

INFO >> Epoch: 30  |  Layer:  1  |  Train Loss: 0.968 | Train Acc: 56.78  |  Val Loss: 0.923 | Val Acc: 59.54  |  Test Loss: 1.072 | Tes Acc: 55.17
INFO >> Epoch: 30  |  Layer:  2  |  Train Loss: 0.860 | Train Acc: 63.81  |  Val Loss: 0.884 | Val Acc: 60.54  |  Test Loss: 1.039 | Tes Acc: 57.93
INFO >> Epoch: 30  |  Layer:  3  |  Train Loss: 0.813 | Train Acc: 66.13  |  Val Loss: 0.870 | Val Acc: 62.85  |  Test Loss: 1.018 | Tes Acc: 59.98
INFO >> Epoch: 30  |  Layer:  4  |  Train Loss: 0.758 | Train Acc: 67.98  |  Val Loss: 0.825 | Val Acc: 65.16  |  Test Loss: 0.934 | Tes Acc: 62.39
INFO >> Epoch: 30  |  Layer:  5  |  Train Loss: 0.735 | Train Acc: 69.47  |  Val Loss: 0.822 | Val Acc: 65.76  |  Test Loss: 0.917 | Tes Acc: 62.48
INFO >> Epoch: 30  |  Layer:  6  |  Train Loss: 0.720 | Train Acc: 69.82  |  Val Loss: 0.793 | Val Acc: 66.67  |  Test Loss: 0.906 | Tes Acc: 64.53
INFO >> Epoch: 30  |  Layer:  7  |  Train Loss: 0.684 | Train Acc: 72.28  |  Val Loss: 0.767 | Val Acc: 67.47  |  Test Loss: 0.894 | Tes Acc: 63.81
INFO >> Epoch: 30  |  Layer:  8  |  Train Loss: 0.683 | Train Acc: 72.40  |  Val Loss: 0.791 | Val Acc: 64.96  |  Test Loss: 0.955 | Tes Acc: 61.68
INFO >> Epoch: 30  |  Layer:  9  |  Train Loss: 0.685 | Train Acc: 72.28  |  Val Loss: 0.757 | Val Acc: 66.67  |  Test Loss: 0.939 | Tes Acc: 63.99
INFO >> Epoch: 30  |  Layer: 10  |  Train Loss: 0.673 | Train Acc: 73.04  |  Val Loss: 0.791 | Val Acc: 65.56  |  Test Loss: 0.975 | Tes Acc: 62.21
INFO >> Epoch: 30  |  Layer: 11  |  Train Loss: 0.694 | Train Acc: 71.87  |  Val Loss: 0.779 | Val Acc: 66.27  |  Test Loss: 0.931 | Tes Acc: 63.46
INFO >> Epoch: 30  |  Layer: 12  |  Train Loss: 0.699 | Train Acc: 71.20  |  Val Loss: 0.772 | Val Acc: 65.36  |  Test Loss: 0.932 | Tes Acc: 63.90
INFO >> Epoch: 30  |  Layer: 13  |  Train Loss: 0.747 | Train Acc: 68.39  |  Val Loss: 0.779 | Val Acc: 66.06  |  Test Loss: 0.938 | Tes Acc: 62.57



INFO >> Time Taken: 1:20:23

INFO >> Layer: 1  |  Best Val Acc: 59.54  |  Best Test Acc: 55.17
INFO >> Layer: 2  |  Best Val Acc: 61.24  |  Best Test Acc: 56.06
INFO >> Layer: 3  |  Best Val Acc: 63.96  |  Best Test Acc: 56.42
INFO >> Layer: 4  |  Best Val Acc: 66.47  |  Best Test Acc: 58.20
INFO >> Layer: 5  |  Best Val Acc: 67.57  |  Best Test Acc: 61.05
INFO >> Layer: 6  |  Best Val Acc: 67.67  |  Best Test Acc: 60.52
INFO >> Layer: 7  |  Best Val Acc: 68.67  |  Best Test Acc: 63.81
INFO >> Layer: 8  |  Best Val Acc: 67.87  |  Best Test Acc: 61.41
INFO >> Layer: 9  |  Best Val Acc: 68.17  |  Best Test Acc: 64.62
INFO >> Layer: 10  |  Best Val Acc: 68.07  |  Best Test Acc: 64.35
INFO >> Layer: 11  |  Best Val Acc: 68.17  |  Best Test Acc: 63.19
INFO >> Layer: 12  |  Best Val Acc: 68.37  |  Best Test Acc: 64.88
INFO >> Layer: 13  |  Best Val Acc: 66.57  |  Best Test Acc: 63.55

DEBUG >> Last state saved

INFO >> History saved (./history/v1.4/IEMOCAP/HUBERT_BASE_PROBING/Run1/history.pt)
