
--------------------------------------------------
Multilingual SER System v1.3
--------------------------------------------------
Run Name      : Run3
Fx Model      : WAV2VEC2_LARGE
Clf Model     : PROBING
Extract Mode  : gpu_memory
Dataset       : RAVDESS
Device        : gpu
Epochs        : 20
Num Workers   : 2
Data Dir      : ./data
History Dir   : ./history
Weights Dir   : ./weights
Log Level     : debug
Purge Cache   : False
Job Name      : Job72
Job Id        : 30721406
GPU           : Quadro RTX 8000
GPU Count     : 1
GPU Memory    : 44.49 GB

Timestamp : 2023-03-03 12:17:50.630703

INFO >> Running on CUDA


INFO >> Training Classifier

INFO >> Epoch: 1  |  Layer:  1  |  Train Loss: 2.005 | Train Acc: 21.90  |  Val Loss: 1.886 | Val Acc: 34.67  |  Test Loss: 1.896 | Tes Acc: 36.33
INFO >> Epoch: 1  |  Layer:  2  |  Train Loss: 1.989 | Train Acc: 25.71  |  Val Loss: 1.859 | Val Acc: 35.33  |  Test Loss: 1.870 | Tes Acc: 40.67
INFO >> Epoch: 1  |  Layer:  3  |  Train Loss: 1.986 | Train Acc: 26.07  |  Val Loss: 1.856 | Val Acc: 37.00  |  Test Loss: 1.867 | Tes Acc: 40.33
INFO >> Epoch: 1  |  Layer:  4  |  Train Loss: 1.971 | Train Acc: 27.26  |  Val Loss: 1.825 | Val Acc: 37.00  |  Test Loss: 1.828 | Tes Acc: 45.67
INFO >> Epoch: 1  |  Layer:  5  |  Train Loss: 1.972 | Train Acc: 29.52  |  Val Loss: 1.819 | Val Acc: 37.00  |  Test Loss: 1.832 | Tes Acc: 43.00
INFO >> Epoch: 1  |  Layer:  6  |  Train Loss: 1.982 | Train Acc: 27.02  |  Val Loss: 1.830 | Val Acc: 38.33  |  Test Loss: 1.841 | Tes Acc: 43.00
INFO >> Epoch: 1  |  Layer:  7  |  Train Loss: 1.967 | Train Acc: 28.21  |  Val Loss: 1.802 | Val Acc: 41.00  |  Test Loss: 1.817 | Tes Acc: 45.00
INFO >> Epoch: 1  |  Layer:  8  |  Train Loss: 1.957 | Train Acc: 29.05  |  Val Loss: 1.780 | Val Acc: 42.67  |  Test Loss: 1.796 | Tes Acc: 49.00
INFO >> Epoch: 1  |  Layer:  9  |  Train Loss: 1.975 | Train Acc: 26.67  |  Val Loss: 1.819 | Val Acc: 44.33  |  Test Loss: 1.828 | Tes Acc: 51.33
INFO >> Epoch: 1  |  Layer: 10  |  Train Loss: 1.963 | Train Acc: 29.29  |  Val Loss: 1.806 | Val Acc: 39.00  |  Test Loss: 1.808 | Tes Acc: 46.33
INFO >> Epoch: 1  |  Layer: 11  |  Train Loss: 1.956 | Train Acc: 29.64  |  Val Loss: 1.790 | Val Acc: 45.33  |  Test Loss: 1.789 | Tes Acc: 53.67
INFO >> Epoch: 1  |  Layer: 12  |  Train Loss: 1.961 | Train Acc: 30.00  |  Val Loss: 1.798 | Val Acc: 46.67  |  Test Loss: 1.805 | Tes Acc: 48.33
INFO >> Epoch: 1  |  Layer: 13  |  Train Loss: 1.944 | Train Acc: 32.38  |  Val Loss: 1.762 | Val Acc: 45.33  |  Test Loss: 1.773 | Tes Acc: 50.67
INFO >> Epoch: 1  |  Layer: 14  |  Train Loss: 1.940 | Train Acc: 30.71  |  Val Loss: 1.749 | Val Acc: 48.33  |  Test Loss: 1.762 | Tes Acc: 51.67
INFO >> Epoch: 1  |  Layer: 15  |  Train Loss: 1.937 | Train Acc: 32.02  |  Val Loss: 1.733 | Val Acc: 49.00  |  Test Loss: 1.749 | Tes Acc: 53.00
INFO >> Epoch: 1  |  Layer: 16  |  Train Loss: 1.935 | Train Acc: 32.02  |  Val Loss: 1.724 | Val Acc: 54.33  |  Test Loss: 1.750 | Tes Acc: 50.00
INFO >> Epoch: 1  |  Layer: 17  |  Train Loss: 1.916 | Train Acc: 34.64  |  Val Loss: 1.693 | Val Acc: 50.33  |  Test Loss: 1.713 | Tes Acc: 52.00
INFO >> Epoch: 1  |  Layer: 18  |  Train Loss: 1.926 | Train Acc: 32.50  |  Val Loss: 1.710 | Val Acc: 47.33  |  Test Loss: 1.720 | Tes Acc: 45.33
INFO >> Epoch: 1  |  Layer: 19  |  Train Loss: 1.927 | Train Acc: 31.19  |  Val Loss: 1.714 | Val Acc: 43.33  |  Test Loss: 1.711 | Tes Acc: 45.67
INFO >> Epoch: 1  |  Layer: 20  |  Train Loss: 1.947 | Train Acc: 31.55  |  Val Loss: 1.764 | Val Acc: 41.67  |  Test Loss: 1.769 | Tes Acc: 44.33
INFO >> Epoch: 1  |  Layer: 21  |  Train Loss: 1.967 | Train Acc: 29.29  |  Val Loss: 1.819 | Val Acc: 34.33  |  Test Loss: 1.823 | Tes Acc: 38.00
INFO >> Epoch: 1  |  Layer: 22  |  Train Loss: 2.036 | Train Acc: 19.40  |  Val Loss: 1.957 | Val Acc: 28.00  |  Test Loss: 1.977 | Tes Acc: 28.00
INFO >> Epoch: 1  |  Layer: 23  |  Train Loss: 2.072 | Train Acc: 13.81  |  Val Loss: 2.055 | Val Acc: 13.00  |  Test Loss: 2.064 | Tes Acc: 12.00
INFO >> Epoch: 1  |  Layer: 24  |  Train Loss: 2.085 | Train Acc: 13.10  |  Val Loss: 2.062 | Val Acc: 12.67  |  Test Loss: 2.070 | Tes Acc: 12.67

INFO >> Epoch: 2  |  Layer:  1  |  Train Loss: 1.813 | Train Acc: 35.00  |  Val Loss: 1.748 | Val Acc: 37.00  |  Test Loss: 1.748 | Tes Acc: 37.00
INFO >> Epoch: 2  |  Layer:  2  |  Train Loss: 1.767 | Train Acc: 39.17  |  Val Loss: 1.700 | Val Acc: 37.33  |  Test Loss: 1.696 | Tes Acc: 40.00
INFO >> Epoch: 2  |  Layer:  3  |  Train Loss: 1.766 | Train Acc: 40.95  |  Val Loss: 1.702 | Val Acc: 38.67  |  Test Loss: 1.698 | Tes Acc: 39.33
INFO >> Epoch: 2  |  Layer:  4  |  Train Loss: 1.715 | Train Acc: 43.21  |  Val Loss: 1.636 | Val Acc: 41.00  |  Test Loss: 1.626 | Tes Acc: 44.00
INFO >> Epoch: 2  |  Layer:  5  |  Train Loss: 1.706 | Train Acc: 46.19  |  Val Loss: 1.610 | Val Acc: 43.33  |  Test Loss: 1.627 | Tes Acc: 44.33
INFO >> Epoch: 2  |  Layer:  6  |  Train Loss: 1.713 | Train Acc: 49.17  |  Val Loss: 1.609 | Val Acc: 45.67  |  Test Loss: 1.629 | Tes Acc: 44.67
INFO >> Epoch: 2  |  Layer:  7  |  Train Loss: 1.679 | Train Acc: 48.57  |  Val Loss: 1.570 | Val Acc: 48.67  |  Test Loss: 1.595 | Tes Acc: 43.67
INFO >> Epoch: 2  |  Layer:  8  |  Train Loss: 1.656 | Train Acc: 50.24  |  Val Loss: 1.529 | Val Acc: 53.00  |  Test Loss: 1.565 | Tes Acc: 46.00
INFO >> Epoch: 2  |  Layer:  9  |  Train Loss: 1.688 | Train Acc: 50.48  |  Val Loss: 1.566 | Val Acc: 49.33  |  Test Loss: 1.595 | Tes Acc: 47.33
INFO >> Epoch: 2  |  Layer: 10  |  Train Loss: 1.667 | Train Acc: 52.86  |  Val Loss: 1.547 | Val Acc: 49.67  |  Test Loss: 1.567 | Tes Acc: 47.67
INFO >> Epoch: 2  |  Layer: 11  |  Train Loss: 1.653 | Train Acc: 48.81  |  Val Loss: 1.535 | Val Acc: 52.33  |  Test Loss: 1.544 | Tes Acc: 49.00
INFO >> Epoch: 2  |  Layer: 12  |  Train Loss: 1.671 | Train Acc: 50.48  |  Val Loss: 1.537 | Val Acc: 53.00  |  Test Loss: 1.564 | Tes Acc: 50.33
INFO >> Epoch: 2  |  Layer: 13  |  Train Loss: 1.629 | Train Acc: 49.29  |  Val Loss: 1.487 | Val Acc: 53.33  |  Test Loss: 1.525 | Tes Acc: 51.67
INFO >> Epoch: 2  |  Layer: 14  |  Train Loss: 1.608 | Train Acc: 50.48  |  Val Loss: 1.448 | Val Acc: 56.67  |  Test Loss: 1.495 | Tes Acc: 52.67
INFO >> Epoch: 2  |  Layer: 15  |  Train Loss: 1.587 | Train Acc: 53.10  |  Val Loss: 1.414 | Val Acc: 55.33  |  Test Loss: 1.480 | Tes Acc: 50.33
INFO >> Epoch: 2  |  Layer: 16  |  Train Loss: 1.587 | Train Acc: 50.12  |  Val Loss: 1.413 | Val Acc: 54.00  |  Test Loss: 1.484 | Tes Acc: 49.33
INFO >> Epoch: 2  |  Layer: 17  |  Train Loss: 1.556 | Train Acc: 49.40  |  Val Loss: 1.410 | Val Acc: 51.00  |  Test Loss: 1.462 | Tes Acc: 50.00
INFO >> Epoch: 2  |  Layer: 18  |  Train Loss: 1.568 | Train Acc: 49.40  |  Val Loss: 1.452 | Val Acc: 48.33  |  Test Loss: 1.479 | Tes Acc: 44.33
INFO >> Epoch: 2  |  Layer: 19  |  Train Loss: 1.569 | Train Acc: 47.98  |  Val Loss: 1.502 | Val Acc: 46.33  |  Test Loss: 1.484 | Tes Acc: 47.33
INFO >> Epoch: 2  |  Layer: 20  |  Train Loss: 1.619 | Train Acc: 47.62  |  Val Loss: 1.549 | Val Acc: 45.33  |  Test Loss: 1.548 | Tes Acc: 42.00
INFO >> Epoch: 2  |  Layer: 21  |  Train Loss: 1.702 | Train Acc: 41.90  |  Val Loss: 1.657 | Val Acc: 34.67  |  Test Loss: 1.643 | Tes Acc: 37.00
INFO >> Epoch: 2  |  Layer: 22  |  Train Loss: 1.922 | Train Acc: 28.10  |  Val Loss: 1.872 | Val Acc: 27.33  |  Test Loss: 1.902 | Tes Acc: 28.33
INFO >> Epoch: 2  |  Layer: 23  |  Train Loss: 2.053 | Train Acc: 14.64  |  Val Loss: 2.047 | Val Acc: 17.33  |  Test Loss: 2.057 | Tes Acc: 19.00
INFO >> Epoch: 2  |  Layer: 24  |  Train Loss: 2.070 | Train Acc: 12.62  |  Val Loss: 2.052 | Val Acc: 13.67  |  Test Loss: 2.059 | Tes Acc: 11.67

INFO >> Epoch: 3  |  Layer:  1  |  Train Loss: 1.661 | Train Acc: 42.38  |  Val Loss: 1.645 | Val Acc: 38.33  |  Test Loss: 1.656 | Tes Acc: 35.33
INFO >> Epoch: 3  |  Layer:  2  |  Train Loss: 1.600 | Train Acc: 46.07  |  Val Loss: 1.595 | Val Acc: 40.00  |  Test Loss: 1.596 | Tes Acc: 37.67
INFO >> Epoch: 3  |  Layer:  3  |  Train Loss: 1.604 | Train Acc: 47.26  |  Val Loss: 1.596 | Val Acc: 41.33  |  Test Loss: 1.584 | Tes Acc: 40.33
INFO >> Epoch: 3  |  Layer:  4  |  Train Loss: 1.521 | Train Acc: 51.67  |  Val Loss: 1.495 | Val Acc: 45.67  |  Test Loss: 1.492 | Tes Acc: 44.67
INFO >> Epoch: 3  |  Layer:  5  |  Train Loss: 1.508 | Train Acc: 52.74  |  Val Loss: 1.465 | Val Acc: 46.33  |  Test Loss: 1.478 | Tes Acc: 45.33
INFO >> Epoch: 3  |  Layer:  6  |  Train Loss: 1.495 | Train Acc: 52.74  |  Val Loss: 1.433 | Val Acc: 48.67  |  Test Loss: 1.462 | Tes Acc: 47.67
INFO >> Epoch: 3  |  Layer:  7  |  Train Loss: 1.452 | Train Acc: 56.19  |  Val Loss: 1.378 | Val Acc: 52.33  |  Test Loss: 1.424 | Tes Acc: 48.00
INFO >> Epoch: 3  |  Layer:  8  |  Train Loss: 1.422 | Train Acc: 56.90  |  Val Loss: 1.339 | Val Acc: 55.67  |  Test Loss: 1.383 | Tes Acc: 51.33
INFO >> Epoch: 3  |  Layer:  9  |  Train Loss: 1.442 | Train Acc: 58.81  |  Val Loss: 1.371 | Val Acc: 57.67  |  Test Loss: 1.397 | Tes Acc: 53.33
INFO >> Epoch: 3  |  Layer: 10  |  Train Loss: 1.416 | Train Acc: 60.12  |  Val Loss: 1.371 | Val Acc: 56.67  |  Test Loss: 1.362 | Tes Acc: 54.33
INFO >> Epoch: 3  |  Layer: 11  |  Train Loss: 1.407 | Train Acc: 57.26  |  Val Loss: 1.358 | Val Acc: 56.67  |  Test Loss: 1.360 | Tes Acc: 56.33
INFO >> Epoch: 3  |  Layer: 12  |  Train Loss: 1.429 | Train Acc: 57.26  |  Val Loss: 1.344 | Val Acc: 57.33  |  Test Loss: 1.386 | Tes Acc: 54.67
INFO >> Epoch: 3  |  Layer: 13  |  Train Loss: 1.383 | Train Acc: 57.74  |  Val Loss: 1.304 | Val Acc: 58.33  |  Test Loss: 1.354 | Tes Acc: 55.67
INFO >> Epoch: 3  |  Layer: 14  |  Train Loss: 1.341 | Train Acc: 60.71  |  Val Loss: 1.257 | Val Acc: 60.00  |  Test Loss: 1.311 | Tes Acc: 55.67
INFO >> Epoch: 3  |  Layer: 15  |  Train Loss: 1.316 | Train Acc: 61.31  |  Val Loss: 1.223 | Val Acc: 59.67  |  Test Loss: 1.308 | Tes Acc: 56.00
INFO >> Epoch: 3  |  Layer: 16  |  Train Loss: 1.319 | Train Acc: 60.48  |  Val Loss: 1.203 | Val Acc: 62.33  |  Test Loss: 1.313 | Tes Acc: 52.67
INFO >> Epoch: 3  |  Layer: 17  |  Train Loss: 1.303 | Train Acc: 60.36  |  Val Loss: 1.200 | Val Acc: 58.67  |  Test Loss: 1.299 | Tes Acc: 54.00
INFO >> Epoch: 3  |  Layer: 18  |  Train Loss: 1.321 | Train Acc: 57.86  |  Val Loss: 1.272 | Val Acc: 57.33  |  Test Loss: 1.338 | Tes Acc: 50.33
INFO >> Epoch: 3  |  Layer: 19  |  Train Loss: 1.343 | Train Acc: 56.79  |  Val Loss: 1.323 | Val Acc: 53.33  |  Test Loss: 1.346 | Tes Acc: 50.33
INFO >> Epoch: 3  |  Layer: 20  |  Train Loss: 1.390 | Train Acc: 55.00  |  Val Loss: 1.380 | Val Acc: 52.00  |  Test Loss: 1.415 | Tes Acc: 48.00
INFO >> Epoch: 3  |  Layer: 21  |  Train Loss: 1.516 | Train Acc: 47.98  |  Val Loss: 1.509 | Val Acc: 44.33  |  Test Loss: 1.524 | Tes Acc: 42.33
INFO >> Epoch: 3  |  Layer: 22  |  Train Loss: 1.823 | Train Acc: 34.40  |  Val Loss: 1.780 | Val Acc: 28.33  |  Test Loss: 1.814 | Tes Acc: 29.67
INFO >> Epoch: 3  |  Layer: 23  |  Train Loss: 2.043 | Train Acc: 19.29  |  Val Loss: 2.041 | Val Acc: 15.00  |  Test Loss: 2.055 | Tes Acc: 18.33
INFO >> Epoch: 3  |  Layer: 24  |  Train Loss: 2.055 | Train Acc: 13.10  |  Val Loss: 2.051 | Val Acc: 12.33  |  Test Loss: 2.057 | Tes Acc: 14.33

INFO >> Epoch: 4  |  Layer:  1  |  Train Loss: 1.529 | Train Acc: 44.88  |  Val Loss: 1.597 | Val Acc: 42.00  |  Test Loss: 1.597 | Tes Acc: 41.67
INFO >> Epoch: 4  |  Layer:  2  |  Train Loss: 1.458 | Train Acc: 48.33  |  Val Loss: 1.529 | Val Acc: 47.00  |  Test Loss: 1.522 | Tes Acc: 45.00
INFO >> Epoch: 4  |  Layer:  3  |  Train Loss: 1.463 | Train Acc: 49.40  |  Val Loss: 1.501 | Val Acc: 50.67  |  Test Loss: 1.485 | Tes Acc: 50.00
INFO >> Epoch: 4  |  Layer:  4  |  Train Loss: 1.350 | Train Acc: 54.64  |  Val Loss: 1.392 | Val Acc: 54.33  |  Test Loss: 1.411 | Tes Acc: 47.67
INFO >> Epoch: 4  |  Layer:  5  |  Train Loss: 1.331 | Train Acc: 55.12  |  Val Loss: 1.333 | Val Acc: 55.00  |  Test Loss: 1.378 | Tes Acc: 54.67
INFO >> Epoch: 4  |  Layer:  6  |  Train Loss: 1.294 | Train Acc: 57.74  |  Val Loss: 1.284 | Val Acc: 56.33  |  Test Loss: 1.342 | Tes Acc: 51.33
INFO >> Epoch: 4  |  Layer:  7  |  Train Loss: 1.246 | Train Acc: 59.88  |  Val Loss: 1.242 | Val Acc: 58.00  |  Test Loss: 1.294 | Tes Acc: 58.67
INFO >> Epoch: 4  |  Layer:  8  |  Train Loss: 1.206 | Train Acc: 61.55  |  Val Loss: 1.200 | Val Acc: 59.33  |  Test Loss: 1.259 | Tes Acc: 57.33
INFO >> Epoch: 4  |  Layer:  9  |  Train Loss: 1.226 | Train Acc: 62.74  |  Val Loss: 1.244 | Val Acc: 61.00  |  Test Loss: 1.275 | Tes Acc: 59.67
INFO >> Epoch: 4  |  Layer: 10  |  Train Loss: 1.206 | Train Acc: 62.74  |  Val Loss: 1.256 | Val Acc: 59.67  |  Test Loss: 1.241 | Tes Acc: 57.33
INFO >> Epoch: 4  |  Layer: 11  |  Train Loss: 1.202 | Train Acc: 63.21  |  Val Loss: 1.225 | Val Acc: 59.00  |  Test Loss: 1.231 | Tes Acc: 58.67
INFO >> Epoch: 4  |  Layer: 12  |  Train Loss: 1.226 | Train Acc: 62.02  |  Val Loss: 1.215 | Val Acc: 63.00  |  Test Loss: 1.259 | Tes Acc: 55.33
INFO >> Epoch: 4  |  Layer: 13  |  Train Loss: 1.187 | Train Acc: 62.26  |  Val Loss: 1.179 | Val Acc: 63.00  |  Test Loss: 1.237 | Tes Acc: 60.33
INFO >> Epoch: 4  |  Layer: 14  |  Train Loss: 1.134 | Train Acc: 66.07  |  Val Loss: 1.133 | Val Acc: 65.00  |  Test Loss: 1.183 | Tes Acc: 60.67
INFO >> Epoch: 4  |  Layer: 15  |  Train Loss: 1.100 | Train Acc: 67.02  |  Val Loss: 1.093 | Val Acc: 65.33  |  Test Loss: 1.169 | Tes Acc: 60.00
INFO >> Epoch: 4  |  Layer: 16  |  Train Loss: 1.103 | Train Acc: 64.52  |  Val Loss: 1.081 | Val Acc: 67.67  |  Test Loss: 1.178 | Tes Acc: 56.67
INFO >> Epoch: 4  |  Layer: 17  |  Train Loss: 1.089 | Train Acc: 67.50  |  Val Loss: 1.100 | Val Acc: 64.67  |  Test Loss: 1.197 | Tes Acc: 58.00
INFO >> Epoch: 4  |  Layer: 18  |  Train Loss: 1.116 | Train Acc: 64.40  |  Val Loss: 1.162 | Val Acc: 60.67  |  Test Loss: 1.261 | Tes Acc: 53.00
INFO >> Epoch: 4  |  Layer: 19  |  Train Loss: 1.139 | Train Acc: 64.17  |  Val Loss: 1.251 | Val Acc: 55.67  |  Test Loss: 1.302 | Tes Acc: 52.00
INFO >> Epoch: 4  |  Layer: 20  |  Train Loss: 1.204 | Train Acc: 59.29  |  Val Loss: 1.309 | Val Acc: 54.67  |  Test Loss: 1.386 | Tes Acc: 49.33
INFO >> Epoch: 4  |  Layer: 21  |  Train Loss: 1.366 | Train Acc: 52.86  |  Val Loss: 1.445 | Val Acc: 47.00  |  Test Loss: 1.486 | Tes Acc: 45.67
INFO >> Epoch: 4  |  Layer: 22  |  Train Loss: 1.736 | Train Acc: 36.31  |  Val Loss: 1.713 | Val Acc: 35.00  |  Test Loss: 1.736 | Tes Acc: 34.33
INFO >> Epoch: 4  |  Layer: 23  |  Train Loss: 2.043 | Train Acc: 15.71  |  Val Loss: 2.040 | Val Acc: 19.67  |  Test Loss: 2.056 | Tes Acc: 17.67
INFO >> Epoch: 4  |  Layer: 24  |  Train Loss: 2.064 | Train Acc: 14.76  |  Val Loss: 2.060 | Val Acc: 15.00  |  Test Loss: 2.070 | Tes Acc: 12.67

INFO >> Epoch: 5  |  Layer:  1  |  Train Loss: 1.450 | Train Acc: 48.81  |  Val Loss: 1.513 | Val Acc: 43.00  |  Test Loss: 1.505 | Tes Acc: 46.00
INFO >> Epoch: 5  |  Layer:  2  |  Train Loss: 1.363 | Train Acc: 51.90  |  Val Loss: 1.440 | Val Acc: 48.00  |  Test Loss: 1.427 | Tes Acc: 47.67
INFO >> Epoch: 5  |  Layer:  3  |  Train Loss: 1.364 | Train Acc: 51.90  |  Val Loss: 1.434 | Val Acc: 50.00  |  Test Loss: 1.401 | Tes Acc: 50.00
INFO >> Epoch: 5  |  Layer:  4  |  Train Loss: 1.230 | Train Acc: 58.93  |  Val Loss: 1.303 | Val Acc: 52.33  |  Test Loss: 1.340 | Tes Acc: 48.33
INFO >> Epoch: 5  |  Layer:  5  |  Train Loss: 1.210 | Train Acc: 60.12  |  Val Loss: 1.216 | Val Acc: 60.00  |  Test Loss: 1.279 | Tes Acc: 55.00
INFO >> Epoch: 5  |  Layer:  6  |  Train Loss: 1.156 | Train Acc: 62.38  |  Val Loss: 1.162 | Val Acc: 59.33  |  Test Loss: 1.259 | Tes Acc: 51.00
INFO >> Epoch: 5  |  Layer:  7  |  Train Loss: 1.109 | Train Acc: 63.10  |  Val Loss: 1.094 | Val Acc: 64.00  |  Test Loss: 1.190 | Tes Acc: 58.67
INFO >> Epoch: 5  |  Layer:  8  |  Train Loss: 1.058 | Train Acc: 66.43  |  Val Loss: 1.068 | Val Acc: 63.00  |  Test Loss: 1.144 | Tes Acc: 61.33
INFO >> Epoch: 5  |  Layer:  9  |  Train Loss: 1.073 | Train Acc: 68.33  |  Val Loss: 1.089 | Val Acc: 65.67  |  Test Loss: 1.152 | Tes Acc: 62.33
INFO >> Epoch: 5  |  Layer: 10  |  Train Loss: 1.062 | Train Acc: 67.62  |  Val Loss: 1.097 | Val Acc: 65.33  |  Test Loss: 1.114 | Tes Acc: 61.33
INFO >> Epoch: 5  |  Layer: 11  |  Train Loss: 1.063 | Train Acc: 65.60  |  Val Loss: 1.094 | Val Acc: 63.00  |  Test Loss: 1.116 | Tes Acc: 65.33
INFO >> Epoch: 5  |  Layer: 12  |  Train Loss: 1.091 | Train Acc: 65.36  |  Val Loss: 1.064 | Val Acc: 67.33  |  Test Loss: 1.135 | Tes Acc: 62.67
INFO >> Epoch: 5  |  Layer: 13  |  Train Loss: 1.059 | Train Acc: 67.50  |  Val Loss: 1.037 | Val Acc: 69.33  |  Test Loss: 1.127 | Tes Acc: 62.33
INFO >> Epoch: 5  |  Layer: 14  |  Train Loss: 1.002 | Train Acc: 69.17  |  Val Loss: 0.990 | Val Acc: 69.00  |  Test Loss: 1.086 | Tes Acc: 63.33
INFO >> Epoch: 5  |  Layer: 15  |  Train Loss: 0.966 | Train Acc: 69.64  |  Val Loss: 0.931 | Val Acc: 73.00  |  Test Loss: 1.077 | Tes Acc: 64.00
INFO >> Epoch: 5  |  Layer: 16  |  Train Loss: 0.965 | Train Acc: 67.62  |  Val Loss: 0.923 | Val Acc: 73.33  |  Test Loss: 1.131 | Tes Acc: 60.33
INFO >> Epoch: 5  |  Layer: 17  |  Train Loss: 0.956 | Train Acc: 68.21  |  Val Loss: 0.944 | Val Acc: 69.33  |  Test Loss: 1.129 | Tes Acc: 61.67
INFO >> Epoch: 5  |  Layer: 18  |  Train Loss: 0.983 | Train Acc: 66.31  |  Val Loss: 1.032 | Val Acc: 66.33  |  Test Loss: 1.182 | Tes Acc: 57.00
INFO >> Epoch: 5  |  Layer: 19  |  Train Loss: 1.017 | Train Acc: 64.76  |  Val Loss: 1.100 | Val Acc: 61.33  |  Test Loss: 1.220 | Tes Acc: 54.33
INFO >> Epoch: 5  |  Layer: 20  |  Train Loss: 1.086 | Train Acc: 61.43  |  Val Loss: 1.184 | Val Acc: 59.67  |  Test Loss: 1.300 | Tes Acc: 51.00
INFO >> Epoch: 5  |  Layer: 21  |  Train Loss: 1.265 | Train Acc: 55.60  |  Val Loss: 1.354 | Val Acc: 49.67  |  Test Loss: 1.394 | Tes Acc: 47.00
INFO >> Epoch: 5  |  Layer: 22  |  Train Loss: 1.660 | Train Acc: 41.07  |  Val Loss: 1.677 | Val Acc: 32.67  |  Test Loss: 1.673 | Tes Acc: 33.67
INFO >> Epoch: 5  |  Layer: 23  |  Train Loss: 2.024 | Train Acc: 20.71  |  Val Loss: 2.031 | Val Acc: 17.33  |  Test Loss: 2.065 | Tes Acc: 19.00
INFO >> Epoch: 5  |  Layer: 24  |  Train Loss: 2.048 | Train Acc: 15.48  |  Val Loss: 2.045 | Val Acc: 12.33  |  Test Loss: 2.067 | Tes Acc: 14.00

INFO >> Epoch: 6  |  Layer:  1  |  Train Loss: 1.361 | Train Acc: 51.90  |  Val Loss: 1.457 | Val Acc: 47.67  |  Test Loss: 1.457 | Tes Acc: 50.00
INFO >> Epoch: 6  |  Layer:  2  |  Train Loss: 1.269 | Train Acc: 55.95  |  Val Loss: 1.398 | Val Acc: 48.00  |  Test Loss: 1.403 | Tes Acc: 51.33
INFO >> Epoch: 6  |  Layer:  3  |  Train Loss: 1.256 | Train Acc: 57.14  |  Val Loss: 1.368 | Val Acc: 52.00  |  Test Loss: 1.369 | Tes Acc: 51.00
INFO >> Epoch: 6  |  Layer:  4  |  Train Loss: 1.115 | Train Acc: 64.17  |  Val Loss: 1.204 | Val Acc: 58.00  |  Test Loss: 1.268 | Tes Acc: 56.33
INFO >> Epoch: 6  |  Layer:  5  |  Train Loss: 1.085 | Train Acc: 66.31  |  Val Loss: 1.134 | Val Acc: 62.00  |  Test Loss: 1.258 | Tes Acc: 54.67
INFO >> Epoch: 6  |  Layer:  6  |  Train Loss: 1.031 | Train Acc: 67.98  |  Val Loss: 1.078 | Val Acc: 61.00  |  Test Loss: 1.200 | Tes Acc: 58.00
INFO >> Epoch: 6  |  Layer:  7  |  Train Loss: 0.962 | Train Acc: 73.21  |  Val Loss: 1.028 | Val Acc: 63.67  |  Test Loss: 1.160 | Tes Acc: 58.67
INFO >> Epoch: 6  |  Layer:  8  |  Train Loss: 0.922 | Train Acc: 74.17  |  Val Loss: 1.004 | Val Acc: 65.33  |  Test Loss: 1.104 | Tes Acc: 63.00
INFO >> Epoch: 6  |  Layer:  9  |  Train Loss: 0.939 | Train Acc: 74.05  |  Val Loss: 1.026 | Val Acc: 65.33  |  Test Loss: 1.115 | Tes Acc: 65.00
INFO >> Epoch: 6  |  Layer: 10  |  Train Loss: 0.940 | Train Acc: 72.26  |  Val Loss: 1.041 | Val Acc: 65.67  |  Test Loss: 1.079 | Tes Acc: 61.00
INFO >> Epoch: 6  |  Layer: 11  |  Train Loss: 0.947 | Train Acc: 71.79  |  Val Loss: 1.043 | Val Acc: 66.00  |  Test Loss: 1.084 | Tes Acc: 61.00
INFO >> Epoch: 6  |  Layer: 12  |  Train Loss: 0.973 | Train Acc: 69.40  |  Val Loss: 1.012 | Val Acc: 70.00  |  Test Loss: 1.134 | Tes Acc: 59.67
INFO >> Epoch: 6  |  Layer: 13  |  Train Loss: 0.942 | Train Acc: 71.79  |  Val Loss: 0.984 | Val Acc: 70.33  |  Test Loss: 1.109 | Tes Acc: 56.67
INFO >> Epoch: 6  |  Layer: 14  |  Train Loss: 0.892 | Train Acc: 72.14  |  Val Loss: 0.940 | Val Acc: 72.00  |  Test Loss: 1.065 | Tes Acc: 59.67
INFO >> Epoch: 6  |  Layer: 15  |  Train Loss: 0.849 | Train Acc: 73.57  |  Val Loss: 0.889 | Val Acc: 72.00  |  Test Loss: 1.045 | Tes Acc: 58.33
INFO >> Epoch: 6  |  Layer: 16  |  Train Loss: 0.846 | Train Acc: 74.17  |  Val Loss: 0.877 | Val Acc: 71.67  |  Test Loss: 1.063 | Tes Acc: 60.00
INFO >> Epoch: 6  |  Layer: 17  |  Train Loss: 0.842 | Train Acc: 74.29  |  Val Loss: 0.895 | Val Acc: 68.67  |  Test Loss: 1.053 | Tes Acc: 65.33
INFO >> Epoch: 6  |  Layer: 18  |  Train Loss: 0.866 | Train Acc: 74.17  |  Val Loss: 0.932 | Val Acc: 69.33  |  Test Loss: 1.120 | Tes Acc: 59.67
INFO >> Epoch: 6  |  Layer: 19  |  Train Loss: 0.892 | Train Acc: 72.50  |  Val Loss: 1.059 | Val Acc: 60.67  |  Test Loss: 1.173 | Tes Acc: 54.67
INFO >> Epoch: 6  |  Layer: 20  |  Train Loss: 0.972 | Train Acc: 69.05  |  Val Loss: 1.121 | Val Acc: 59.67  |  Test Loss: 1.278 | Tes Acc: 52.67
INFO >> Epoch: 6  |  Layer: 21  |  Train Loss: 1.179 | Train Acc: 58.33  |  Val Loss: 1.318 | Val Acc: 50.33  |  Test Loss: 1.391 | Tes Acc: 47.33
INFO >> Epoch: 6  |  Layer: 22  |  Train Loss: 1.604 | Train Acc: 43.45  |  Val Loss: 1.655 | Val Acc: 32.00  |  Test Loss: 1.629 | Tes Acc: 37.00
INFO >> Epoch: 6  |  Layer: 23  |  Train Loss: 2.026 | Train Acc: 22.14  |  Val Loss: 2.024 | Val Acc: 21.00  |  Test Loss: 2.051 | Tes Acc: 18.67
INFO >> Epoch: 6  |  Layer: 24  |  Train Loss: 2.044 | Train Acc: 16.19  |  Val Loss: 2.051 | Val Acc: 16.00  |  Test Loss: 2.067 | Tes Acc: 12.33

INFO >> Epoch: 7  |  Layer:  1  |  Train Loss: 1.276 | Train Acc: 56.55  |  Val Loss: 1.451 | Val Acc: 45.00  |  Test Loss: 1.417 | Tes Acc: 48.00
INFO >> Epoch: 7  |  Layer:  2  |  Train Loss: 1.181 | Train Acc: 60.60  |  Val Loss: 1.385 | Val Acc: 48.00  |  Test Loss: 1.339 | Tes Acc: 52.00
INFO >> Epoch: 7  |  Layer:  3  |  Train Loss: 1.168 | Train Acc: 61.79  |  Val Loss: 1.343 | Val Acc: 53.33  |  Test Loss: 1.311 | Tes Acc: 50.67
INFO >> Epoch: 7  |  Layer:  4  |  Train Loss: 1.011 | Train Acc: 68.81  |  Val Loss: 1.175 | Val Acc: 58.33  |  Test Loss: 1.212 | Tes Acc: 55.67
INFO >> Epoch: 7  |  Layer:  5  |  Train Loss: 0.983 | Train Acc: 71.07  |  Val Loss: 1.063 | Val Acc: 67.00  |  Test Loss: 1.170 | Tes Acc: 60.67
INFO >> Epoch: 7  |  Layer:  6  |  Train Loss: 0.928 | Train Acc: 72.26  |  Val Loss: 1.021 | Val Acc: 62.67  |  Test Loss: 1.126 | Tes Acc: 61.33
INFO >> Epoch: 7  |  Layer:  7  |  Train Loss: 0.861 | Train Acc: 75.60  |  Val Loss: 0.933 | Val Acc: 72.33  |  Test Loss: 1.074 | Tes Acc: 61.33
INFO >> Epoch: 7  |  Layer:  8  |  Train Loss: 0.821 | Train Acc: 77.38  |  Val Loss: 0.917 | Val Acc: 69.33  |  Test Loss: 1.018 | Tes Acc: 64.33
INFO >> Epoch: 7  |  Layer:  9  |  Train Loss: 0.847 | Train Acc: 76.43  |  Val Loss: 0.944 | Val Acc: 69.67  |  Test Loss: 1.019 | Tes Acc: 65.00
INFO >> Epoch: 7  |  Layer: 10  |  Train Loss: 0.862 | Train Acc: 72.86  |  Val Loss: 0.983 | Val Acc: 68.33  |  Test Loss: 0.982 | Tes Acc: 68.67
INFO >> Epoch: 7  |  Layer: 11  |  Train Loss: 0.866 | Train Acc: 74.05  |  Val Loss: 0.959 | Val Acc: 67.67  |  Test Loss: 0.971 | Tes Acc: 70.33
INFO >> Epoch: 7  |  Layer: 12  |  Train Loss: 0.907 | Train Acc: 71.43  |  Val Loss: 0.925 | Val Acc: 72.00  |  Test Loss: 0.991 | Tes Acc: 68.33
INFO >> Epoch: 7  |  Layer: 13  |  Train Loss: 0.878 | Train Acc: 72.38  |  Val Loss: 0.908 | Val Acc: 72.33  |  Test Loss: 0.985 | Tes Acc: 69.33
INFO >> Epoch: 7  |  Layer: 14  |  Train Loss: 0.830 | Train Acc: 73.21  |  Val Loss: 0.863 | Val Acc: 74.00  |  Test Loss: 0.949 | Tes Acc: 68.67
INFO >> Epoch: 7  |  Layer: 15  |  Train Loss: 0.787 | Train Acc: 77.14  |  Val Loss: 0.831 | Val Acc: 74.00  |  Test Loss: 0.943 | Tes Acc: 67.67
INFO >> Epoch: 7  |  Layer: 16  |  Train Loss: 0.772 | Train Acc: 77.38  |  Val Loss: 0.820 | Val Acc: 77.00  |  Test Loss: 0.982 | Tes Acc: 65.67
INFO >> Epoch: 7  |  Layer: 17  |  Train Loss: 0.761 | Train Acc: 77.98  |  Val Loss: 0.839 | Val Acc: 71.67  |  Test Loss: 1.016 | Tes Acc: 65.67
INFO >> Epoch: 7  |  Layer: 18  |  Train Loss: 0.778 | Train Acc: 77.38  |  Val Loss: 0.910 | Val Acc: 69.33  |  Test Loss: 1.090 | Tes Acc: 61.00
INFO >> Epoch: 7  |  Layer: 19  |  Train Loss: 0.807 | Train Acc: 74.64  |  Val Loss: 1.011 | Val Acc: 62.67  |  Test Loss: 1.138 | Tes Acc: 58.33
INFO >> Epoch: 7  |  Layer: 20  |  Train Loss: 0.891 | Train Acc: 71.55  |  Val Loss: 1.114 | Val Acc: 59.67  |  Test Loss: 1.225 | Tes Acc: 55.33
INFO >> Epoch: 7  |  Layer: 21  |  Train Loss: 1.111 | Train Acc: 60.48  |  Val Loss: 1.328 | Val Acc: 47.33  |  Test Loss: 1.325 | Tes Acc: 50.67
INFO >> Epoch: 7  |  Layer: 22  |  Train Loss: 1.549 | Train Acc: 42.02  |  Val Loss: 1.596 | Val Acc: 38.00  |  Test Loss: 1.568 | Tes Acc: 42.33
INFO >> Epoch: 7  |  Layer: 23  |  Train Loss: 2.018 | Train Acc: 21.79  |  Val Loss: 2.013 | Val Acc: 20.33  |  Test Loss: 2.040 | Tes Acc: 21.67
INFO >> Epoch: 7  |  Layer: 24  |  Train Loss: 2.047 | Train Acc: 14.05  |  Val Loss: 2.042 | Val Acc: 17.67  |  Test Loss: 2.058 | Tes Acc: 19.00

INFO >> Epoch: 8  |  Layer:  1  |  Train Loss: 1.201 | Train Acc: 60.60  |  Val Loss: 1.406 | Val Acc: 48.67  |  Test Loss: 1.409 | Tes Acc: 48.67
INFO >> Epoch: 8  |  Layer:  2  |  Train Loss: 1.103 | Train Acc: 66.90  |  Val Loss: 1.325 | Val Acc: 52.33  |  Test Loss: 1.344 | Tes Acc: 54.00
INFO >> Epoch: 8  |  Layer:  3  |  Train Loss: 1.082 | Train Acc: 68.81  |  Val Loss: 1.275 | Val Acc: 54.33  |  Test Loss: 1.307 | Tes Acc: 54.00
INFO >> Epoch: 8  |  Layer:  4  |  Train Loss: 0.915 | Train Acc: 74.64  |  Val Loss: 1.085 | Val Acc: 63.67  |  Test Loss: 1.204 | Tes Acc: 59.33
INFO >> Epoch: 8  |  Layer:  5  |  Train Loss: 0.877 | Train Acc: 76.67  |  Val Loss: 0.976 | Val Acc: 67.33  |  Test Loss: 1.168 | Tes Acc: 60.00
INFO >> Epoch: 8  |  Layer:  6  |  Train Loss: 0.822 | Train Acc: 77.14  |  Val Loss: 0.930 | Val Acc: 69.67  |  Test Loss: 1.113 | Tes Acc: 60.67
INFO >> Epoch: 8  |  Layer:  7  |  Train Loss: 0.747 | Train Acc: 82.38  |  Val Loss: 0.864 | Val Acc: 73.33  |  Test Loss: 1.067 | Tes Acc: 60.00
INFO >> Epoch: 8  |  Layer:  8  |  Train Loss: 0.706 | Train Acc: 83.10  |  Val Loss: 0.856 | Val Acc: 72.33  |  Test Loss: 0.988 | Tes Acc: 62.67
INFO >> Epoch: 8  |  Layer:  9  |  Train Loss: 0.724 | Train Acc: 82.62  |  Val Loss: 0.872 | Val Acc: 74.67  |  Test Loss: 0.993 | Tes Acc: 65.33
INFO >> Epoch: 8  |  Layer: 10  |  Train Loss: 0.743 | Train Acc: 81.55  |  Val Loss: 0.911 | Val Acc: 70.67  |  Test Loss: 0.961 | Tes Acc: 70.00
INFO >> Epoch: 8  |  Layer: 11  |  Train Loss: 0.750 | Train Acc: 81.07  |  Val Loss: 0.906 | Val Acc: 73.00  |  Test Loss: 0.944 | Tes Acc: 69.00
INFO >> Epoch: 8  |  Layer: 12  |  Train Loss: 0.782 | Train Acc: 78.57  |  Val Loss: 0.876 | Val Acc: 71.67  |  Test Loss: 0.977 | Tes Acc: 68.67
INFO >> Epoch: 8  |  Layer: 13  |  Train Loss: 0.758 | Train Acc: 79.64  |  Val Loss: 0.862 | Val Acc: 73.00  |  Test Loss: 0.984 | Tes Acc: 65.33
INFO >> Epoch: 8  |  Layer: 14  |  Train Loss: 0.720 | Train Acc: 80.71  |  Val Loss: 0.822 | Val Acc: 74.00  |  Test Loss: 0.946 | Tes Acc: 66.33
INFO >> Epoch: 8  |  Layer: 15  |  Train Loss: 0.676 | Train Acc: 81.31  |  Val Loss: 0.774 | Val Acc: 76.33  |  Test Loss: 0.935 | Tes Acc: 66.67
INFO >> Epoch: 8  |  Layer: 16  |  Train Loss: 0.660 | Train Acc: 83.10  |  Val Loss: 0.763 | Val Acc: 76.00  |  Test Loss: 0.976 | Tes Acc: 64.67
INFO >> Epoch: 8  |  Layer: 17  |  Train Loss: 0.660 | Train Acc: 82.50  |  Val Loss: 0.760 | Val Acc: 75.67  |  Test Loss: 0.987 | Tes Acc: 63.33
INFO >> Epoch: 8  |  Layer: 18  |  Train Loss: 0.682 | Train Acc: 81.07  |  Val Loss: 0.827 | Val Acc: 73.33  |  Test Loss: 1.073 | Tes Acc: 59.67
INFO >> Epoch: 8  |  Layer: 19  |  Train Loss: 0.705 | Train Acc: 81.67  |  Val Loss: 0.931 | Val Acc: 67.67  |  Test Loss: 1.103 | Tes Acc: 59.00
INFO >> Epoch: 8  |  Layer: 20  |  Train Loss: 0.793 | Train Acc: 77.26  |  Val Loss: 1.008 | Val Acc: 65.67  |  Test Loss: 1.213 | Tes Acc: 56.33
INFO >> Epoch: 8  |  Layer: 21  |  Train Loss: 1.018 | Train Acc: 68.33  |  Val Loss: 1.225 | Val Acc: 55.67  |  Test Loss: 1.335 | Tes Acc: 51.67
INFO >> Epoch: 8  |  Layer: 22  |  Train Loss: 1.483 | Train Acc: 49.64  |  Val Loss: 1.561 | Val Acc: 37.00  |  Test Loss: 1.560 | Tes Acc: 43.00
INFO >> Epoch: 8  |  Layer: 23  |  Train Loss: 2.004 | Train Acc: 22.62  |  Val Loss: 2.003 | Val Acc: 20.00  |  Test Loss: 2.035 | Tes Acc: 25.00
INFO >> Epoch: 8  |  Layer: 24  |  Train Loss: 2.031 | Train Acc: 17.38  |  Val Loss: 2.042 | Val Acc: 14.33  |  Test Loss: 2.073 | Tes Acc: 12.00

INFO >> Epoch: 9  |  Layer:  1  |  Train Loss: 1.170 | Train Acc: 60.60  |  Val Loss: 1.378 | Val Acc: 47.67  |  Test Loss: 1.373 | Tes Acc: 50.00
INFO >> Epoch: 9  |  Layer:  2  |  Train Loss: 1.058 | Train Acc: 65.36  |  Val Loss: 1.306 | Val Acc: 51.33  |  Test Loss: 1.296 | Tes Acc: 53.67
INFO >> Epoch: 9  |  Layer:  3  |  Train Loss: 1.028 | Train Acc: 68.10  |  Val Loss: 1.239 | Val Acc: 55.33  |  Test Loss: 1.252 | Tes Acc: 55.33
INFO >> Epoch: 9  |  Layer:  4  |  Train Loss: 0.851 | Train Acc: 75.12  |  Val Loss: 1.080 | Val Acc: 61.33  |  Test Loss: 1.165 | Tes Acc: 59.00
INFO >> Epoch: 9  |  Layer:  5  |  Train Loss: 0.813 | Train Acc: 77.26  |  Val Loss: 0.963 | Val Acc: 68.00  |  Test Loss: 1.136 | Tes Acc: 62.67
INFO >> Epoch: 9  |  Layer:  6  |  Train Loss: 0.751 | Train Acc: 79.40  |  Val Loss: 0.911 | Val Acc: 71.33  |  Test Loss: 1.077 | Tes Acc: 66.67
INFO >> Epoch: 9  |  Layer:  7  |  Train Loss: 0.670 | Train Acc: 83.57  |  Val Loss: 0.836 | Val Acc: 73.67  |  Test Loss: 1.053 | Tes Acc: 62.67
INFO >> Epoch: 9  |  Layer:  8  |  Train Loss: 0.635 | Train Acc: 83.21  |  Val Loss: 0.832 | Val Acc: 74.33  |  Test Loss: 1.004 | Tes Acc: 66.00
INFO >> Epoch: 9  |  Layer:  9  |  Train Loss: 0.655 | Train Acc: 84.52  |  Val Loss: 0.825 | Val Acc: 74.33  |  Test Loss: 0.988 | Tes Acc: 65.00
INFO >> Epoch: 9  |  Layer: 10  |  Train Loss: 0.681 | Train Acc: 82.62  |  Val Loss: 0.872 | Val Acc: 73.00  |  Test Loss: 0.945 | Tes Acc: 69.00
INFO >> Epoch: 9  |  Layer: 11  |  Train Loss: 0.686 | Train Acc: 82.50  |  Val Loss: 0.868 | Val Acc: 73.33  |  Test Loss: 0.946 | Tes Acc: 70.67
INFO >> Epoch: 9  |  Layer: 12  |  Train Loss: 0.728 | Train Acc: 80.60  |  Val Loss: 0.836 | Val Acc: 74.33  |  Test Loss: 0.951 | Tes Acc: 68.00
INFO >> Epoch: 9  |  Layer: 13  |  Train Loss: 0.699 | Train Acc: 80.24  |  Val Loss: 0.829 | Val Acc: 75.33  |  Test Loss: 0.970 | Tes Acc: 67.00
INFO >> Epoch: 9  |  Layer: 14  |  Train Loss: 0.659 | Train Acc: 81.31  |  Val Loss: 0.794 | Val Acc: 75.67  |  Test Loss: 0.948 | Tes Acc: 68.00
INFO >> Epoch: 9  |  Layer: 15  |  Train Loss: 0.614 | Train Acc: 83.21  |  Val Loss: 0.752 | Val Acc: 76.33  |  Test Loss: 0.975 | Tes Acc: 66.67
INFO >> Epoch: 9  |  Layer: 16  |  Train Loss: 0.603 | Train Acc: 83.69  |  Val Loss: 0.749 | Val Acc: 78.67  |  Test Loss: 1.003 | Tes Acc: 64.67
INFO >> Epoch: 9  |  Layer: 17  |  Train Loss: 0.596 | Train Acc: 83.57  |  Val Loss: 0.733 | Val Acc: 79.00  |  Test Loss: 1.025 | Tes Acc: 64.33
INFO >> Epoch: 9  |  Layer: 18  |  Train Loss: 0.614 | Train Acc: 83.93  |  Val Loss: 0.828 | Val Acc: 72.67  |  Test Loss: 1.096 | Tes Acc: 61.00
INFO >> Epoch: 9  |  Layer: 19  |  Train Loss: 0.635 | Train Acc: 83.57  |  Val Loss: 0.941 | Val Acc: 69.67  |  Test Loss: 1.148 | Tes Acc: 57.33
INFO >> Epoch: 9  |  Layer: 20  |  Train Loss: 0.723 | Train Acc: 79.29  |  Val Loss: 1.034 | Val Acc: 64.33  |  Test Loss: 1.229 | Tes Acc: 55.67
INFO >> Epoch: 9  |  Layer: 21  |  Train Loss: 0.954 | Train Acc: 69.88  |  Val Loss: 1.205 | Val Acc: 56.67  |  Test Loss: 1.319 | Tes Acc: 51.33
INFO >> Epoch: 9  |  Layer: 22  |  Train Loss: 1.460 | Train Acc: 45.83  |  Val Loss: 1.499 | Val Acc: 42.67  |  Test Loss: 1.515 | Tes Acc: 43.33
INFO >> Epoch: 9  |  Layer: 23  |  Train Loss: 1.994 | Train Acc: 21.55  |  Val Loss: 1.994 | Val Acc: 20.67  |  Test Loss: 2.016 | Tes Acc: 21.00
INFO >> Epoch: 9  |  Layer: 24  |  Train Loss: 2.031 | Train Acc: 16.55  |  Val Loss: 2.033 | Val Acc: 16.33  |  Test Loss: 2.048 | Tes Acc: 14.67

INFO >> Epoch: 10  |  Layer:  1  |  Train Loss: 1.102 | Train Acc: 61.79  |  Val Loss: 1.419 | Val Acc: 46.00  |  Test Loss: 1.392 | Tes Acc: 51.67
INFO >> Epoch: 10  |  Layer:  2  |  Train Loss: 0.992 | Train Acc: 67.98  |  Val Loss: 1.302 | Val Acc: 50.67  |  Test Loss: 1.297 | Tes Acc: 55.33
INFO >> Epoch: 10  |  Layer:  3  |  Train Loss: 0.956 | Train Acc: 70.71  |  Val Loss: 1.230 | Val Acc: 56.00  |  Test Loss: 1.253 | Tes Acc: 55.00
INFO >> Epoch: 10  |  Layer:  4  |  Train Loss: 0.787 | Train Acc: 75.60  |  Val Loss: 1.082 | Val Acc: 62.00  |  Test Loss: 1.183 | Tes Acc: 59.00
INFO >> Epoch: 10  |  Layer:  5  |  Train Loss: 0.746 | Train Acc: 78.45  |  Val Loss: 0.962 | Val Acc: 67.00  |  Test Loss: 1.154 | Tes Acc: 62.33
INFO >> Epoch: 10  |  Layer:  6  |  Train Loss: 0.687 | Train Acc: 80.83  |  Val Loss: 0.903 | Val Acc: 71.33  |  Test Loss: 1.087 | Tes Acc: 64.33
INFO >> Epoch: 10  |  Layer:  7  |  Train Loss: 0.609 | Train Acc: 84.76  |  Val Loss: 0.831 | Val Acc: 72.00  |  Test Loss: 1.048 | Tes Acc: 61.33
INFO >> Epoch: 10  |  Layer:  8  |  Train Loss: 0.582 | Train Acc: 85.48  |  Val Loss: 0.811 | Val Acc: 73.00  |  Test Loss: 0.992 | Tes Acc: 65.33
INFO >> Epoch: 10  |  Layer:  9  |  Train Loss: 0.609 | Train Acc: 85.24  |  Val Loss: 0.813 | Val Acc: 74.67  |  Test Loss: 0.984 | Tes Acc: 66.00
INFO >> Epoch: 10  |  Layer: 10  |  Train Loss: 0.644 | Train Acc: 83.33  |  Val Loss: 0.862 | Val Acc: 71.67  |  Test Loss: 0.934 | Tes Acc: 68.67
INFO >> Epoch: 10  |  Layer: 11  |  Train Loss: 0.644 | Train Acc: 82.98  |  Val Loss: 0.865 | Val Acc: 71.67  |  Test Loss: 0.926 | Tes Acc: 70.33
INFO >> Epoch: 10  |  Layer: 12  |  Train Loss: 0.689 | Train Acc: 80.95  |  Val Loss: 0.825 | Val Acc: 73.00  |  Test Loss: 0.930 | Tes Acc: 68.33
INFO >> Epoch: 10  |  Layer: 13  |  Train Loss: 0.659 | Train Acc: 80.95  |  Val Loss: 0.813 | Val Acc: 72.00  |  Test Loss: 0.944 | Tes Acc: 68.67
INFO >> Epoch: 10  |  Layer: 14  |  Train Loss: 0.631 | Train Acc: 81.67  |  Val Loss: 0.773 | Val Acc: 74.67  |  Test Loss: 0.916 | Tes Acc: 68.00
INFO >> Epoch: 10  |  Layer: 15  |  Train Loss: 0.589 | Train Acc: 82.98  |  Val Loss: 0.751 | Val Acc: 74.00  |  Test Loss: 0.940 | Tes Acc: 67.67
INFO >> Epoch: 10  |  Layer: 16  |  Train Loss: 0.565 | Train Acc: 83.45  |  Val Loss: 0.754 | Val Acc: 75.67  |  Test Loss: 0.995 | Tes Acc: 65.33
INFO >> Epoch: 10  |  Layer: 17  |  Train Loss: 0.558 | Train Acc: 83.69  |  Val Loss: 0.740 | Val Acc: 76.00  |  Test Loss: 1.019 | Tes Acc: 64.33
INFO >> Epoch: 10  |  Layer: 18  |  Train Loss: 0.577 | Train Acc: 83.10  |  Val Loss: 0.816 | Val Acc: 74.33  |  Test Loss: 1.087 | Tes Acc: 61.67
INFO >> Epoch: 10  |  Layer: 19  |  Train Loss: 0.593 | Train Acc: 83.57  |  Val Loss: 0.950 | Val Acc: 69.33  |  Test Loss: 1.152 | Tes Acc: 59.33
INFO >> Epoch: 10  |  Layer: 20  |  Train Loss: 0.687 | Train Acc: 79.05  |  Val Loss: 1.012 | Val Acc: 67.00  |  Test Loss: 1.215 | Tes Acc: 56.67
INFO >> Epoch: 10  |  Layer: 21  |  Train Loss: 0.917 | Train Acc: 69.17  |  Val Loss: 1.168 | Val Acc: 57.00  |  Test Loss: 1.277 | Tes Acc: 52.33
INFO >> Epoch: 10  |  Layer: 22  |  Train Loss: 1.398 | Train Acc: 52.02  |  Val Loss: 1.483 | Val Acc: 44.00  |  Test Loss: 1.484 | Tes Acc: 45.33
INFO >> Epoch: 10  |  Layer: 23  |  Train Loss: 1.981 | Train Acc: 22.38  |  Val Loss: 1.982 | Val Acc: 25.33  |  Test Loss: 2.020 | Tes Acc: 28.33
INFO >> Epoch: 10  |  Layer: 24  |  Train Loss: 2.026 | Train Acc: 17.62  |  Val Loss: 2.029 | Val Acc: 17.00  |  Test Loss: 2.056 | Tes Acc: 13.00

INFO >> Epoch: 11  |  Layer:  1  |  Train Loss: 1.043 | Train Acc: 65.48  |  Val Loss: 1.375 | Val Acc: 49.33  |  Test Loss: 1.397 | Tes Acc: 51.33
INFO >> Epoch: 11  |  Layer:  2  |  Train Loss: 0.917 | Train Acc: 73.45  |  Val Loss: 1.251 | Val Acc: 51.67  |  Test Loss: 1.311 | Tes Acc: 50.00
INFO >> Epoch: 11  |  Layer:  3  |  Train Loss: 0.873 | Train Acc: 74.88  |  Val Loss: 1.198 | Val Acc: 56.00  |  Test Loss: 1.282 | Tes Acc: 52.33
INFO >> Epoch: 11  |  Layer:  4  |  Train Loss: 0.712 | Train Acc: 79.40  |  Val Loss: 0.990 | Val Acc: 64.67  |  Test Loss: 1.205 | Tes Acc: 53.67
INFO >> Epoch: 11  |  Layer:  5  |  Train Loss: 0.677 | Train Acc: 80.48  |  Val Loss: 0.895 | Val Acc: 68.33  |  Test Loss: 1.162 | Tes Acc: 61.00
INFO >> Epoch: 11  |  Layer:  6  |  Train Loss: 0.619 | Train Acc: 82.74  |  Val Loss: 0.839 | Val Acc: 69.00  |  Test Loss: 1.143 | Tes Acc: 59.67
INFO >> Epoch: 11  |  Layer:  7  |  Train Loss: 0.540 | Train Acc: 86.90  |  Val Loss: 0.772 | Val Acc: 74.00  |  Test Loss: 1.075 | Tes Acc: 61.67
INFO >> Epoch: 11  |  Layer:  8  |  Train Loss: 0.511 | Train Acc: 87.50  |  Val Loss: 0.740 | Val Acc: 75.67  |  Test Loss: 0.998 | Tes Acc: 64.00
INFO >> Epoch: 11  |  Layer:  9  |  Train Loss: 0.532 | Train Acc: 87.62  |  Val Loss: 0.770 | Val Acc: 75.33  |  Test Loss: 0.972 | Tes Acc: 64.33
INFO >> Epoch: 11  |  Layer: 10  |  Train Loss: 0.562 | Train Acc: 85.71  |  Val Loss: 0.820 | Val Acc: 74.33  |  Test Loss: 0.955 | Tes Acc: 68.33
INFO >> Epoch: 11  |  Layer: 11  |  Train Loss: 0.570 | Train Acc: 85.36  |  Val Loss: 0.817 | Val Acc: 74.33  |  Test Loss: 0.939 | Tes Acc: 67.33
INFO >> Epoch: 11  |  Layer: 12  |  Train Loss: 0.616 | Train Acc: 81.67  |  Val Loss: 0.804 | Val Acc: 74.67  |  Test Loss: 0.951 | Tes Acc: 69.00
INFO >> Epoch: 11  |  Layer: 13  |  Train Loss: 0.590 | Train Acc: 82.50  |  Val Loss: 0.774 | Val Acc: 73.33  |  Test Loss: 0.977 | Tes Acc: 68.33
INFO >> Epoch: 11  |  Layer: 14  |  Train Loss: 0.557 | Train Acc: 83.57  |  Val Loss: 0.718 | Val Acc: 78.67  |  Test Loss: 0.917 | Tes Acc: 68.33
INFO >> Epoch: 11  |  Layer: 15  |  Train Loss: 0.521 | Train Acc: 84.88  |  Val Loss: 0.677 | Val Acc: 79.67  |  Test Loss: 0.945 | Tes Acc: 65.67
INFO >> Epoch: 11  |  Layer: 16  |  Train Loss: 0.496 | Train Acc: 86.55  |  Val Loss: 0.663 | Val Acc: 79.33  |  Test Loss: 1.005 | Tes Acc: 64.00
INFO >> Epoch: 11  |  Layer: 17  |  Train Loss: 0.492 | Train Acc: 87.26  |  Val Loss: 0.670 | Val Acc: 78.33  |  Test Loss: 1.038 | Tes Acc: 62.33
INFO >> Epoch: 11  |  Layer: 18  |  Train Loss: 0.501 | Train Acc: 87.02  |  Val Loss: 0.749 | Val Acc: 74.33  |  Test Loss: 1.126 | Tes Acc: 61.00
INFO >> Epoch: 11  |  Layer: 19  |  Train Loss: 0.524 | Train Acc: 85.83  |  Val Loss: 0.842 | Val Acc: 70.33  |  Test Loss: 1.207 | Tes Acc: 56.67
INFO >> Epoch: 11  |  Layer: 20  |  Train Loss: 0.610 | Train Acc: 81.55  |  Val Loss: 0.941 | Val Acc: 70.33  |  Test Loss: 1.295 | Tes Acc: 52.33
INFO >> Epoch: 11  |  Layer: 21  |  Train Loss: 0.836 | Train Acc: 72.86  |  Val Loss: 1.113 | Val Acc: 60.67  |  Test Loss: 1.340 | Tes Acc: 48.67
INFO >> Epoch: 11  |  Layer: 22  |  Train Loss: 1.337 | Train Acc: 51.90  |  Val Loss: 1.484 | Val Acc: 43.33  |  Test Loss: 1.515 | Tes Acc: 42.33
INFO >> Epoch: 11  |  Layer: 23  |  Train Loss: 1.981 | Train Acc: 22.62  |  Val Loss: 1.981 | Val Acc: 23.00  |  Test Loss: 2.017 | Tes Acc: 24.33
INFO >> Epoch: 11  |  Layer: 24  |  Train Loss: 2.031 | Train Acc: 16.31  |  Val Loss: 2.036 | Val Acc: 12.33  |  Test Loss: 2.067 | Tes Acc: 15.00

INFO >> Epoch: 12  |  Layer:  1  |  Train Loss: 0.992 | Train Acc: 68.10  |  Val Loss: 1.342 | Val Acc: 50.00  |  Test Loss: 1.276 | Tes Acc: 55.00
INFO >> Epoch: 12  |  Layer:  2  |  Train Loss: 0.879 | Train Acc: 72.14  |  Val Loss: 1.276 | Val Acc: 53.67  |  Test Loss: 1.234 | Tes Acc: 52.00
INFO >> Epoch: 12  |  Layer:  3  |  Train Loss: 0.836 | Train Acc: 74.40  |  Val Loss: 1.181 | Val Acc: 60.00  |  Test Loss: 1.172 | Tes Acc: 56.33
INFO >> Epoch: 12  |  Layer:  4  |  Train Loss: 0.674 | Train Acc: 79.29  |  Val Loss: 1.001 | Val Acc: 64.00  |  Test Loss: 1.083 | Tes Acc: 63.00
INFO >> Epoch: 12  |  Layer:  5  |  Train Loss: 0.631 | Train Acc: 81.90  |  Val Loss: 0.873 | Val Acc: 68.67  |  Test Loss: 1.063 | Tes Acc: 64.67
INFO >> Epoch: 12  |  Layer:  6  |  Train Loss: 0.591 | Train Acc: 83.10  |  Val Loss: 0.804 | Val Acc: 72.67  |  Test Loss: 1.003 | Tes Acc: 66.33
INFO >> Epoch: 12  |  Layer:  7  |  Train Loss: 0.505 | Train Acc: 86.90  |  Val Loss: 0.722 | Val Acc: 75.33  |  Test Loss: 1.005 | Tes Acc: 64.33
INFO >> Epoch: 12  |  Layer:  8  |  Train Loss: 0.484 | Train Acc: 88.21  |  Val Loss: 0.735 | Val Acc: 77.00  |  Test Loss: 0.937 | Tes Acc: 67.00
INFO >> Epoch: 12  |  Layer:  9  |  Train Loss: 0.497 | Train Acc: 88.33  |  Val Loss: 0.757 | Val Acc: 75.33  |  Test Loss: 0.914 | Tes Acc: 68.67
INFO >> Epoch: 12  |  Layer: 10  |  Train Loss: 0.532 | Train Acc: 86.07  |  Val Loss: 0.805 | Val Acc: 76.33  |  Test Loss: 0.864 | Tes Acc: 68.00
INFO >> Epoch: 12  |  Layer: 11  |  Train Loss: 0.535 | Train Acc: 85.83  |  Val Loss: 0.800 | Val Acc: 75.00  |  Test Loss: 0.883 | Tes Acc: 70.67
INFO >> Epoch: 12  |  Layer: 12  |  Train Loss: 0.582 | Train Acc: 83.33  |  Val Loss: 0.763 | Val Acc: 76.67  |  Test Loss: 0.894 | Tes Acc: 67.00
INFO >> Epoch: 12  |  Layer: 13  |  Train Loss: 0.555 | Train Acc: 83.45  |  Val Loss: 0.755 | Val Acc: 76.33  |  Test Loss: 0.919 | Tes Acc: 69.00
INFO >> Epoch: 12  |  Layer: 14  |  Train Loss: 0.528 | Train Acc: 84.52  |  Val Loss: 0.713 | Val Acc: 77.67  |  Test Loss: 0.902 | Tes Acc: 68.67
INFO >> Epoch: 12  |  Layer: 15  |  Train Loss: 0.486 | Train Acc: 85.60  |  Val Loss: 0.676 | Val Acc: 77.00  |  Test Loss: 0.920 | Tes Acc: 69.00
INFO >> Epoch: 12  |  Layer: 16  |  Train Loss: 0.462 | Train Acc: 87.38  |  Val Loss: 0.691 | Val Acc: 79.33  |  Test Loss: 0.997 | Tes Acc: 64.33
INFO >> Epoch: 12  |  Layer: 17  |  Train Loss: 0.460 | Train Acc: 86.43  |  Val Loss: 0.681 | Val Acc: 76.33  |  Test Loss: 0.988 | Tes Acc: 66.33
INFO >> Epoch: 12  |  Layer: 18  |  Train Loss: 0.472 | Train Acc: 87.62  |  Val Loss: 0.739 | Val Acc: 74.67  |  Test Loss: 1.079 | Tes Acc: 64.33
INFO >> Epoch: 12  |  Layer: 19  |  Train Loss: 0.488 | Train Acc: 86.43  |  Val Loss: 0.862 | Val Acc: 71.67  |  Test Loss: 1.148 | Tes Acc: 58.67
INFO >> Epoch: 12  |  Layer: 20  |  Train Loss: 0.569 | Train Acc: 83.81  |  Val Loss: 0.936 | Val Acc: 68.67  |  Test Loss: 1.173 | Tes Acc: 57.67
INFO >> Epoch: 12  |  Layer: 21  |  Train Loss: 0.800 | Train Acc: 73.10  |  Val Loss: 1.156 | Val Acc: 54.33  |  Test Loss: 1.239 | Tes Acc: 52.33
INFO >> Epoch: 12  |  Layer: 22  |  Train Loss: 1.315 | Train Acc: 53.10  |  Val Loss: 1.480 | Val Acc: 43.33  |  Test Loss: 1.451 | Tes Acc: 46.00
INFO >> Epoch: 12  |  Layer: 23  |  Train Loss: 1.962 | Train Acc: 25.60  |  Val Loss: 1.957 | Val Acc: 18.67  |  Test Loss: 1.980 | Tes Acc: 23.00
INFO >> Epoch: 12  |  Layer: 24  |  Train Loss: 2.019 | Train Acc: 17.50  |  Val Loss: 2.023 | Val Acc: 16.67  |  Test Loss: 2.056 | Tes Acc: 21.00

INFO >> Epoch: 13  |  Layer:  1  |  Train Loss: 0.954 | Train Acc: 70.00  |  Val Loss: 1.362 | Val Acc: 50.33  |  Test Loss: 1.320 | Tes Acc: 53.00
INFO >> Epoch: 13  |  Layer:  2  |  Train Loss: 0.832 | Train Acc: 75.12  |  Val Loss: 1.263 | Val Acc: 52.00  |  Test Loss: 1.259 | Tes Acc: 55.00
INFO >> Epoch: 13  |  Layer:  3  |  Train Loss: 0.784 | Train Acc: 79.05  |  Val Loss: 1.158 | Val Acc: 60.67  |  Test Loss: 1.199 | Tes Acc: 54.67
INFO >> Epoch: 13  |  Layer:  4  |  Train Loss: 0.623 | Train Acc: 83.45  |  Val Loss: 1.014 | Val Acc: 62.33  |  Test Loss: 1.118 | Tes Acc: 59.33
INFO >> Epoch: 13  |  Layer:  5  |  Train Loss: 0.580 | Train Acc: 85.60  |  Val Loss: 0.880 | Val Acc: 69.33  |  Test Loss: 1.062 | Tes Acc: 63.67
INFO >> Epoch: 13  |  Layer:  6  |  Train Loss: 0.527 | Train Acc: 86.43  |  Val Loss: 0.826 | Val Acc: 72.67  |  Test Loss: 1.009 | Tes Acc: 65.33
INFO >> Epoch: 13  |  Layer:  7  |  Train Loss: 0.451 | Train Acc: 89.88  |  Val Loss: 0.768 | Val Acc: 73.33  |  Test Loss: 0.982 | Tes Acc: 64.00
INFO >> Epoch: 13  |  Layer:  8  |  Train Loss: 0.434 | Train Acc: 90.24  |  Val Loss: 0.779 | Val Acc: 74.33  |  Test Loss: 0.934 | Tes Acc: 67.67
INFO >> Epoch: 13  |  Layer:  9  |  Train Loss: 0.458 | Train Acc: 90.00  |  Val Loss: 0.788 | Val Acc: 75.00  |  Test Loss: 0.904 | Tes Acc: 67.67
INFO >> Epoch: 13  |  Layer: 10  |  Train Loss: 0.490 | Train Acc: 89.05  |  Val Loss: 0.854 | Val Acc: 70.33  |  Test Loss: 0.885 | Tes Acc: 68.67
INFO >> Epoch: 13  |  Layer: 11  |  Train Loss: 0.503 | Train Acc: 88.45  |  Val Loss: 0.802 | Val Acc: 74.33  |  Test Loss: 0.872 | Tes Acc: 70.67
INFO >> Epoch: 13  |  Layer: 12  |  Train Loss: 0.541 | Train Acc: 86.19  |  Val Loss: 0.767 | Val Acc: 74.33  |  Test Loss: 0.870 | Tes Acc: 69.33
INFO >> Epoch: 13  |  Layer: 13  |  Train Loss: 0.516 | Train Acc: 86.90  |  Val Loss: 0.757 | Val Acc: 77.00  |  Test Loss: 0.894 | Tes Acc: 70.00
INFO >> Epoch: 13  |  Layer: 14  |  Train Loss: 0.490 | Train Acc: 87.02  |  Val Loss: 0.726 | Val Acc: 77.00  |  Test Loss: 0.873 | Tes Acc: 71.00
INFO >> Epoch: 13  |  Layer: 15  |  Train Loss: 0.453 | Train Acc: 88.33  |  Val Loss: 0.693 | Val Acc: 76.67  |  Test Loss: 0.902 | Tes Acc: 68.33
INFO >> Epoch: 13  |  Layer: 16  |  Train Loss: 0.430 | Train Acc: 90.24  |  Val Loss: 0.698 | Val Acc: 79.67  |  Test Loss: 0.954 | Tes Acc: 66.33
INFO >> Epoch: 13  |  Layer: 17  |  Train Loss: 0.423 | Train Acc: 90.00  |  Val Loss: 0.675 | Val Acc: 77.33  |  Test Loss: 0.974 | Tes Acc: 66.67
INFO >> Epoch: 13  |  Layer: 18  |  Train Loss: 0.415 | Train Acc: 90.12  |  Val Loss: 0.742 | Val Acc: 76.67  |  Test Loss: 1.072 | Tes Acc: 63.33
INFO >> Epoch: 13  |  Layer: 19  |  Train Loss: 0.427 | Train Acc: 89.52  |  Val Loss: 0.845 | Val Acc: 74.33  |  Test Loss: 1.109 | Tes Acc: 61.33
INFO >> Epoch: 13  |  Layer: 20  |  Train Loss: 0.509 | Train Acc: 85.71  |  Val Loss: 0.941 | Val Acc: 67.00  |  Test Loss: 1.148 | Tes Acc: 59.33
INFO >> Epoch: 13  |  Layer: 21  |  Train Loss: 0.735 | Train Acc: 76.55  |  Val Loss: 1.110 | Val Acc: 57.33  |  Test Loss: 1.211 | Tes Acc: 55.67
INFO >> Epoch: 13  |  Layer: 22  |  Train Loss: 1.283 | Train Acc: 55.83  |  Val Loss: 1.418 | Val Acc: 45.67  |  Test Loss: 1.427 | Tes Acc: 47.33
INFO >> Epoch: 13  |  Layer: 23  |  Train Loss: 1.939 | Train Acc: 25.36  |  Val Loss: 1.943 | Val Acc: 25.33  |  Test Loss: 1.981 | Tes Acc: 23.00
INFO >> Epoch: 13  |  Layer: 24  |  Train Loss: 2.009 | Train Acc: 17.14  |  Val Loss: 2.022 | Val Acc: 17.00  |  Test Loss: 2.061 | Tes Acc: 14.67

INFO >> Epoch: 14  |  Layer:  1  |  Train Loss: 0.907 | Train Acc: 71.55  |  Val Loss: 1.339 | Val Acc: 51.33  |  Test Loss: 1.316 | Tes Acc: 52.33
INFO >> Epoch: 14  |  Layer:  2  |  Train Loss: 0.791 | Train Acc: 76.55  |  Val Loss: 1.247 | Val Acc: 56.67  |  Test Loss: 1.266 | Tes Acc: 51.00
INFO >> Epoch: 14  |  Layer:  3  |  Train Loss: 0.739 | Train Acc: 81.31  |  Val Loss: 1.125 | Val Acc: 63.67  |  Test Loss: 1.176 | Tes Acc: 57.00
INFO >> Epoch: 14  |  Layer:  4  |  Train Loss: 0.576 | Train Acc: 83.93  |  Val Loss: 0.946 | Val Acc: 66.33  |  Test Loss: 1.102 | Tes Acc: 63.33
INFO >> Epoch: 14  |  Layer:  5  |  Train Loss: 0.529 | Train Acc: 86.31  |  Val Loss: 0.874 | Val Acc: 67.33  |  Test Loss: 1.068 | Tes Acc: 61.67
INFO >> Epoch: 14  |  Layer:  6  |  Train Loss: 0.480 | Train Acc: 88.33  |  Val Loss: 0.799 | Val Acc: 72.00  |  Test Loss: 0.999 | Tes Acc: 63.00
INFO >> Epoch: 14  |  Layer:  7  |  Train Loss: 0.407 | Train Acc: 90.83  |  Val Loss: 0.729 | Val Acc: 74.67  |  Test Loss: 0.979 | Tes Acc: 65.67
INFO >> Epoch: 14  |  Layer:  8  |  Train Loss: 0.388 | Train Acc: 91.07  |  Val Loss: 0.714 | Val Acc: 77.33  |  Test Loss: 0.907 | Tes Acc: 67.67
INFO >> Epoch: 14  |  Layer:  9  |  Train Loss: 0.403 | Train Acc: 91.43  |  Val Loss: 0.704 | Val Acc: 76.67  |  Test Loss: 0.892 | Tes Acc: 67.67
INFO >> Epoch: 14  |  Layer: 10  |  Train Loss: 0.440 | Train Acc: 89.29  |  Val Loss: 0.736 | Val Acc: 78.33  |  Test Loss: 0.853 | Tes Acc: 72.33
INFO >> Epoch: 14  |  Layer: 11  |  Train Loss: 0.448 | Train Acc: 89.05  |  Val Loss: 0.740 | Val Acc: 78.00  |  Test Loss: 0.876 | Tes Acc: 69.00
INFO >> Epoch: 14  |  Layer: 12  |  Train Loss: 0.487 | Train Acc: 87.14  |  Val Loss: 0.707 | Val Acc: 78.33  |  Test Loss: 0.880 | Tes Acc: 67.00
INFO >> Epoch: 14  |  Layer: 13  |  Train Loss: 0.460 | Train Acc: 86.79  |  Val Loss: 0.696 | Val Acc: 79.00  |  Test Loss: 0.913 | Tes Acc: 67.00
INFO >> Epoch: 14  |  Layer: 14  |  Train Loss: 0.437 | Train Acc: 88.21  |  Val Loss: 0.681 | Val Acc: 79.33  |  Test Loss: 0.915 | Tes Acc: 66.33
INFO >> Epoch: 14  |  Layer: 15  |  Train Loss: 0.408 | Train Acc: 89.29  |  Val Loss: 0.630 | Val Acc: 80.00  |  Test Loss: 0.945 | Tes Acc: 64.67
INFO >> Epoch: 14  |  Layer: 16  |  Train Loss: 0.383 | Train Acc: 90.00  |  Val Loss: 0.659 | Val Acc: 80.00  |  Test Loss: 1.014 | Tes Acc: 60.00
INFO >> Epoch: 14  |  Layer: 17  |  Train Loss: 0.375 | Train Acc: 89.88  |  Val Loss: 0.635 | Val Acc: 78.67  |  Test Loss: 0.985 | Tes Acc: 66.00
INFO >> Epoch: 14  |  Layer: 18  |  Train Loss: 0.379 | Train Acc: 90.95  |  Val Loss: 0.699 | Val Acc: 78.33  |  Test Loss: 1.056 | Tes Acc: 64.00
INFO >> Epoch: 14  |  Layer: 19  |  Train Loss: 0.383 | Train Acc: 90.48  |  Val Loss: 0.830 | Val Acc: 73.00  |  Test Loss: 1.125 | Tes Acc: 59.00
INFO >> Epoch: 14  |  Layer: 20  |  Train Loss: 0.460 | Train Acc: 89.05  |  Val Loss: 0.924 | Val Acc: 67.67  |  Test Loss: 1.157 | Tes Acc: 59.00
INFO >> Epoch: 14  |  Layer: 21  |  Train Loss: 0.691 | Train Acc: 80.00  |  Val Loss: 1.078 | Val Acc: 61.67  |  Test Loss: 1.243 | Tes Acc: 50.33
INFO >> Epoch: 14  |  Layer: 22  |  Train Loss: 1.244 | Train Acc: 56.07  |  Val Loss: 1.429 | Val Acc: 44.00  |  Test Loss: 1.449 | Tes Acc: 43.67
INFO >> Epoch: 14  |  Layer: 23  |  Train Loss: 1.928 | Train Acc: 29.64  |  Val Loss: 1.927 | Val Acc: 20.00  |  Test Loss: 1.948 | Tes Acc: 27.00
INFO >> Epoch: 14  |  Layer: 24  |  Train Loss: 2.008 | Train Acc: 18.21  |  Val Loss: 2.032 | Val Acc: 14.67  |  Test Loss: 2.053 | Tes Acc: 15.33

INFO >> Epoch: 15  |  Layer:  1  |  Train Loss: 0.876 | Train Acc: 72.26  |  Val Loss: 1.432 | Val Acc: 49.00  |  Test Loss: 1.289 | Tes Acc: 57.00
INFO >> Epoch: 15  |  Layer:  2  |  Train Loss: 0.760 | Train Acc: 76.67  |  Val Loss: 1.314 | Val Acc: 51.00  |  Test Loss: 1.269 | Tes Acc: 51.00
INFO >> Epoch: 15  |  Layer:  3  |  Train Loss: 0.697 | Train Acc: 81.19  |  Val Loss: 1.153 | Val Acc: 61.67  |  Test Loss: 1.167 | Tes Acc: 58.33
INFO >> Epoch: 15  |  Layer:  4  |  Train Loss: 0.548 | Train Acc: 86.43  |  Val Loss: 0.918 | Val Acc: 67.67  |  Test Loss: 1.086 | Tes Acc: 62.33
INFO >> Epoch: 15  |  Layer:  5  |  Train Loss: 0.510 | Train Acc: 88.33  |  Val Loss: 0.795 | Val Acc: 72.33  |  Test Loss: 1.023 | Tes Acc: 64.67
INFO >> Epoch: 15  |  Layer:  6  |  Train Loss: 0.458 | Train Acc: 90.00  |  Val Loss: 0.728 | Val Acc: 76.00  |  Test Loss: 0.965 | Tes Acc: 66.33
INFO >> Epoch: 15  |  Layer:  7  |  Train Loss: 0.385 | Train Acc: 92.62  |  Val Loss: 0.674 | Val Acc: 79.00  |  Test Loss: 0.955 | Tes Acc: 66.67
INFO >> Epoch: 15  |  Layer:  8  |  Train Loss: 0.365 | Train Acc: 92.26  |  Val Loss: 0.702 | Val Acc: 77.33  |  Test Loss: 0.875 | Tes Acc: 67.00
INFO >> Epoch: 15  |  Layer:  9  |  Train Loss: 0.382 | Train Acc: 92.86  |  Val Loss: 0.711 | Val Acc: 75.33  |  Test Loss: 0.867 | Tes Acc: 67.67
INFO >> Epoch: 15  |  Layer: 10  |  Train Loss: 0.421 | Train Acc: 90.60  |  Val Loss: 0.749 | Val Acc: 74.33  |  Test Loss: 0.845 | Tes Acc: 70.67
INFO >> Epoch: 15  |  Layer: 11  |  Train Loss: 0.431 | Train Acc: 90.24  |  Val Loss: 0.747 | Val Acc: 74.67  |  Test Loss: 0.872 | Tes Acc: 68.00
INFO >> Epoch: 15  |  Layer: 12  |  Train Loss: 0.478 | Train Acc: 88.21  |  Val Loss: 0.714 | Val Acc: 74.67  |  Test Loss: 0.890 | Tes Acc: 65.33
INFO >> Epoch: 15  |  Layer: 13  |  Train Loss: 0.446 | Train Acc: 88.45  |  Val Loss: 0.690 | Val Acc: 75.33  |  Test Loss: 0.910 | Tes Acc: 69.00
INFO >> Epoch: 15  |  Layer: 14  |  Train Loss: 0.424 | Train Acc: 88.69  |  Val Loss: 0.666 | Val Acc: 78.33  |  Test Loss: 0.890 | Tes Acc: 67.33
INFO >> Epoch: 15  |  Layer: 15  |  Train Loss: 0.390 | Train Acc: 89.88  |  Val Loss: 0.607 | Val Acc: 79.67  |  Test Loss: 0.899 | Tes Acc: 66.33
INFO >> Epoch: 15  |  Layer: 16  |  Train Loss: 0.367 | Train Acc: 91.31  |  Val Loss: 0.603 | Val Acc: 80.33  |  Test Loss: 0.957 | Tes Acc: 62.67
INFO >> Epoch: 15  |  Layer: 17  |  Train Loss: 0.353 | Train Acc: 91.43  |  Val Loss: 0.607 | Val Acc: 79.00  |  Test Loss: 0.956 | Tes Acc: 66.67
INFO >> Epoch: 15  |  Layer: 18  |  Train Loss: 0.364 | Train Acc: 91.19  |  Val Loss: 0.702 | Val Acc: 75.00  |  Test Loss: 1.057 | Tes Acc: 62.33
INFO >> Epoch: 15  |  Layer: 19  |  Train Loss: 0.367 | Train Acc: 92.02  |  Val Loss: 0.820 | Val Acc: 70.67  |  Test Loss: 1.131 | Tes Acc: 61.33
INFO >> Epoch: 15  |  Layer: 20  |  Train Loss: 0.445 | Train Acc: 88.81  |  Val Loss: 0.916 | Val Acc: 67.67  |  Test Loss: 1.147 | Tes Acc: 60.33
INFO >> Epoch: 15  |  Layer: 21  |  Train Loss: 0.663 | Train Acc: 80.71  |  Val Loss: 1.110 | Val Acc: 57.67  |  Test Loss: 1.220 | Tes Acc: 53.00
INFO >> Epoch: 15  |  Layer: 22  |  Train Loss: 1.232 | Train Acc: 56.07  |  Val Loss: 1.464 | Val Acc: 41.33  |  Test Loss: 1.404 | Tes Acc: 48.67
INFO >> Epoch: 15  |  Layer: 23  |  Train Loss: 1.928 | Train Acc: 27.50  |  Val Loss: 1.919 | Val Acc: 19.33  |  Test Loss: 1.938 | Tes Acc: 26.33
INFO >> Epoch: 15  |  Layer: 24  |  Train Loss: 2.024 | Train Acc: 18.69  |  Val Loss: 2.018 | Val Acc: 18.67  |  Test Loss: 2.054 | Tes Acc: 17.67

INFO >> Epoch: 16  |  Layer:  1  |  Train Loss: 0.868 | Train Acc: 70.48  |  Val Loss: 1.237 | Val Acc: 52.67  |  Test Loss: 1.322 | Tes Acc: 52.67
INFO >> Epoch: 16  |  Layer:  2  |  Train Loss: 0.751 | Train Acc: 75.71  |  Val Loss: 1.123 | Val Acc: 58.67  |  Test Loss: 1.259 | Tes Acc: 54.00
INFO >> Epoch: 16  |  Layer:  3  |  Train Loss: 0.682 | Train Acc: 81.07  |  Val Loss: 1.046 | Val Acc: 63.33  |  Test Loss: 1.221 | Tes Acc: 57.33
INFO >> Epoch: 16  |  Layer:  4  |  Train Loss: 0.533 | Train Acc: 84.64  |  Val Loss: 0.845 | Val Acc: 71.00  |  Test Loss: 1.167 | Tes Acc: 60.67
INFO >> Epoch: 16  |  Layer:  5  |  Train Loss: 0.484 | Train Acc: 87.02  |  Val Loss: 0.731 | Val Acc: 73.33  |  Test Loss: 1.117 | Tes Acc: 62.67
INFO >> Epoch: 16  |  Layer:  6  |  Train Loss: 0.434 | Train Acc: 89.40  |  Val Loss: 0.685 | Val Acc: 76.00  |  Test Loss: 1.058 | Tes Acc: 66.33
INFO >> Epoch: 16  |  Layer:  7  |  Train Loss: 0.361 | Train Acc: 92.02  |  Val Loss: 0.635 | Val Acc: 79.00  |  Test Loss: 1.023 | Tes Acc: 63.67
INFO >> Epoch: 16  |  Layer:  8  |  Train Loss: 0.351 | Train Acc: 91.79  |  Val Loss: 0.656 | Val Acc: 78.33  |  Test Loss: 0.909 | Tes Acc: 65.67
INFO >> Epoch: 16  |  Layer:  9  |  Train Loss: 0.371 | Train Acc: 90.60  |  Val Loss: 0.662 | Val Acc: 78.00  |  Test Loss: 0.892 | Tes Acc: 68.33
INFO >> Epoch: 16  |  Layer: 10  |  Train Loss: 0.405 | Train Acc: 89.05  |  Val Loss: 0.698 | Val Acc: 77.67  |  Test Loss: 0.880 | Tes Acc: 68.33
INFO >> Epoch: 16  |  Layer: 11  |  Train Loss: 0.416 | Train Acc: 89.17  |  Val Loss: 0.697 | Val Acc: 79.33  |  Test Loss: 0.869 | Tes Acc: 69.67
INFO >> Epoch: 16  |  Layer: 12  |  Train Loss: 0.455 | Train Acc: 88.33  |  Val Loss: 0.668 | Val Acc: 79.00  |  Test Loss: 0.881 | Tes Acc: 70.33
INFO >> Epoch: 16  |  Layer: 13  |  Train Loss: 0.427 | Train Acc: 89.29  |  Val Loss: 0.654 | Val Acc: 81.33  |  Test Loss: 0.927 | Tes Acc: 66.67
INFO >> Epoch: 16  |  Layer: 14  |  Train Loss: 0.408 | Train Acc: 88.81  |  Val Loss: 0.627 | Val Acc: 82.33  |  Test Loss: 0.877 | Tes Acc: 66.33
INFO >> Epoch: 16  |  Layer: 15  |  Train Loss: 0.372 | Train Acc: 90.36  |  Val Loss: 0.578 | Val Acc: 82.00  |  Test Loss: 0.926 | Tes Acc: 66.00
INFO >> Epoch: 16  |  Layer: 16  |  Train Loss: 0.349 | Train Acc: 91.19  |  Val Loss: 0.586 | Val Acc: 83.33  |  Test Loss: 1.009 | Tes Acc: 63.67
INFO >> Epoch: 16  |  Layer: 17  |  Train Loss: 0.338 | Train Acc: 91.67  |  Val Loss: 0.560 | Val Acc: 81.67  |  Test Loss: 1.011 | Tes Acc: 65.67
INFO >> Epoch: 16  |  Layer: 18  |  Train Loss: 0.350 | Train Acc: 90.95  |  Val Loss: 0.633 | Val Acc: 78.33  |  Test Loss: 1.110 | Tes Acc: 65.67
INFO >> Epoch: 16  |  Layer: 19  |  Train Loss: 0.347 | Train Acc: 92.02  |  Val Loss: 0.736 | Val Acc: 76.00  |  Test Loss: 1.120 | Tes Acc: 62.33
INFO >> Epoch: 16  |  Layer: 20  |  Train Loss: 0.437 | Train Acc: 87.62  |  Val Loss: 0.843 | Val Acc: 72.33  |  Test Loss: 1.190 | Tes Acc: 57.00
INFO >> Epoch: 16  |  Layer: 21  |  Train Loss: 0.647 | Train Acc: 79.76  |  Val Loss: 0.998 | Val Acc: 66.33  |  Test Loss: 1.254 | Tes Acc: 54.67
INFO >> Epoch: 16  |  Layer: 22  |  Train Loss: 1.199 | Train Acc: 58.81  |  Val Loss: 1.386 | Val Acc: 49.00  |  Test Loss: 1.441 | Tes Acc: 49.00
INFO >> Epoch: 16  |  Layer: 23  |  Train Loss: 1.906 | Train Acc: 26.19  |  Val Loss: 1.902 | Val Acc: 20.00  |  Test Loss: 1.913 | Tes Acc: 26.33
INFO >> Epoch: 16  |  Layer: 24  |  Train Loss: 2.015 | Train Acc: 19.05  |  Val Loss: 2.023 | Val Acc: 16.67  |  Test Loss: 2.059 | Tes Acc: 17.33

INFO >> Epoch: 17  |  Layer:  1  |  Train Loss: 0.810 | Train Acc: 74.52  |  Val Loss: 1.329 | Val Acc: 51.67  |  Test Loss: 1.251 | Tes Acc: 56.67
INFO >> Epoch: 17  |  Layer:  2  |  Train Loss: 0.695 | Train Acc: 80.12  |  Val Loss: 1.252 | Val Acc: 53.67  |  Test Loss: 1.235 | Tes Acc: 52.00
INFO >> Epoch: 17  |  Layer:  3  |  Train Loss: 0.623 | Train Acc: 82.26  |  Val Loss: 1.108 | Val Acc: 63.33  |  Test Loss: 1.147 | Tes Acc: 55.67
INFO >> Epoch: 17  |  Layer:  4  |  Train Loss: 0.485 | Train Acc: 86.90  |  Val Loss: 0.966 | Val Acc: 65.33  |  Test Loss: 1.091 | Tes Acc: 60.67
INFO >> Epoch: 17  |  Layer:  5  |  Train Loss: 0.439 | Train Acc: 88.93  |  Val Loss: 0.797 | Val Acc: 69.67  |  Test Loss: 1.034 | Tes Acc: 63.67
INFO >> Epoch: 17  |  Layer:  6  |  Train Loss: 0.397 | Train Acc: 90.00  |  Val Loss: 0.739 | Val Acc: 74.33  |  Test Loss: 0.974 | Tes Acc: 66.00
INFO >> Epoch: 17  |  Layer:  7  |  Train Loss: 0.328 | Train Acc: 92.98  |  Val Loss: 0.659 | Val Acc: 77.00  |  Test Loss: 0.979 | Tes Acc: 65.33
INFO >> Epoch: 17  |  Layer:  8  |  Train Loss: 0.308 | Train Acc: 93.21  |  Val Loss: 0.704 | Val Acc: 78.33  |  Test Loss: 0.876 | Tes Acc: 68.67
INFO >> Epoch: 17  |  Layer:  9  |  Train Loss: 0.315 | Train Acc: 93.57  |  Val Loss: 0.673 | Val Acc: 77.00  |  Test Loss: 0.859 | Tes Acc: 67.67
INFO >> Epoch: 17  |  Layer: 10  |  Train Loss: 0.348 | Train Acc: 92.50  |  Val Loss: 0.725 | Val Acc: 76.00  |  Test Loss: 0.813 | Tes Acc: 72.00
INFO >> Epoch: 17  |  Layer: 11  |  Train Loss: 0.358 | Train Acc: 92.02  |  Val Loss: 0.724 | Val Acc: 77.33  |  Test Loss: 0.794 | Tes Acc: 72.33
INFO >> Epoch: 17  |  Layer: 12  |  Train Loss: 0.400 | Train Acc: 89.88  |  Val Loss: 0.694 | Val Acc: 78.00  |  Test Loss: 0.794 | Tes Acc: 71.33
INFO >> Epoch: 17  |  Layer: 13  |  Train Loss: 0.380 | Train Acc: 90.60  |  Val Loss: 0.678 | Val Acc: 78.67  |  Test Loss: 0.852 | Tes Acc: 70.33
INFO >> Epoch: 17  |  Layer: 14  |  Train Loss: 0.357 | Train Acc: 92.14  |  Val Loss: 0.649 | Val Acc: 79.33  |  Test Loss: 0.820 | Tes Acc: 71.67
INFO >> Epoch: 17  |  Layer: 15  |  Train Loss: 0.328 | Train Acc: 92.74  |  Val Loss: 0.620 | Val Acc: 79.67  |  Test Loss: 0.855 | Tes Acc: 70.00
INFO >> Epoch: 17  |  Layer: 16  |  Train Loss: 0.319 | Train Acc: 92.74  |  Val Loss: 0.631 | Val Acc: 80.33  |  Test Loss: 0.926 | Tes Acc: 66.33
INFO >> Epoch: 17  |  Layer: 17  |  Train Loss: 0.309 | Train Acc: 92.50  |  Val Loss: 0.584 | Val Acc: 79.33  |  Test Loss: 0.942 | Tes Acc: 68.33
INFO >> Epoch: 17  |  Layer: 18  |  Train Loss: 0.316 | Train Acc: 92.50  |  Val Loss: 0.672 | Val Acc: 76.67  |  Test Loss: 1.050 | Tes Acc: 64.33
INFO >> Epoch: 17  |  Layer: 19  |  Train Loss: 0.314 | Train Acc: 92.74  |  Val Loss: 0.824 | Val Acc: 73.33  |  Test Loss: 1.098 | Tes Acc: 62.00
INFO >> Epoch: 17  |  Layer: 20  |  Train Loss: 0.390 | Train Acc: 90.36  |  Val Loss: 0.932 | Val Acc: 67.00  |  Test Loss: 1.133 | Tes Acc: 62.00
INFO >> Epoch: 17  |  Layer: 21  |  Train Loss: 0.600 | Train Acc: 81.31  |  Val Loss: 1.118 | Val Acc: 58.00  |  Test Loss: 1.205 | Tes Acc: 55.33
INFO >> Epoch: 17  |  Layer: 22  |  Train Loss: 1.126 | Train Acc: 60.60  |  Val Loss: 1.405 | Val Acc: 45.00  |  Test Loss: 1.386 | Tes Acc: 51.00
INFO >> Epoch: 17  |  Layer: 23  |  Train Loss: 1.879 | Train Acc: 29.40  |  Val Loss: 1.890 | Val Acc: 23.33  |  Test Loss: 1.901 | Tes Acc: 26.00
INFO >> Epoch: 17  |  Layer: 24  |  Train Loss: 1.993 | Train Acc: 22.86  |  Val Loss: 2.008 | Val Acc: 16.33  |  Test Loss: 2.048 | Tes Acc: 22.33

INFO >> Epoch: 18  |  Layer:  1  |  Train Loss: 0.767 | Train Acc: 77.14  |  Val Loss: 1.308 | Val Acc: 50.00  |  Test Loss: 1.285 | Tes Acc: 58.33
INFO >> Epoch: 18  |  Layer:  2  |  Train Loss: 0.653 | Train Acc: 80.60  |  Val Loss: 1.223 | Val Acc: 53.67  |  Test Loss: 1.264 | Tes Acc: 55.00
INFO >> Epoch: 18  |  Layer:  3  |  Train Loss: 0.581 | Train Acc: 84.88  |  Val Loss: 1.088 | Val Acc: 62.00  |  Test Loss: 1.218 | Tes Acc: 54.67
INFO >> Epoch: 18  |  Layer:  4  |  Train Loss: 0.445 | Train Acc: 88.10  |  Val Loss: 0.890 | Val Acc: 67.67  |  Test Loss: 1.168 | Tes Acc: 59.67
INFO >> Epoch: 18  |  Layer:  5  |  Train Loss: 0.399 | Train Acc: 90.95  |  Val Loss: 0.773 | Val Acc: 72.33  |  Test Loss: 1.119 | Tes Acc: 63.33
INFO >> Epoch: 18  |  Layer:  6  |  Train Loss: 0.357 | Train Acc: 92.38  |  Val Loss: 0.704 | Val Acc: 76.00  |  Test Loss: 1.073 | Tes Acc: 64.33
INFO >> Epoch: 18  |  Layer:  7  |  Train Loss: 0.296 | Train Acc: 93.45  |  Val Loss: 0.645 | Val Acc: 78.33  |  Test Loss: 1.009 | Tes Acc: 64.00
INFO >> Epoch: 18  |  Layer:  8  |  Train Loss: 0.284 | Train Acc: 95.12  |  Val Loss: 0.671 | Val Acc: 77.67  |  Test Loss: 0.908 | Tes Acc: 66.33
INFO >> Epoch: 18  |  Layer:  9  |  Train Loss: 0.293 | Train Acc: 95.24  |  Val Loss: 0.674 | Val Acc: 77.67  |  Test Loss: 0.900 | Tes Acc: 68.67
INFO >> Epoch: 18  |  Layer: 10  |  Train Loss: 0.334 | Train Acc: 92.74  |  Val Loss: 0.720 | Val Acc: 76.33  |  Test Loss: 0.883 | Tes Acc: 71.00
INFO >> Epoch: 18  |  Layer: 11  |  Train Loss: 0.346 | Train Acc: 91.67  |  Val Loss: 0.698 | Val Acc: 77.33  |  Test Loss: 0.866 | Tes Acc: 69.33
INFO >> Epoch: 18  |  Layer: 12  |  Train Loss: 0.382 | Train Acc: 90.83  |  Val Loss: 0.668 | Val Acc: 79.67  |  Test Loss: 0.866 | Tes Acc: 71.00
INFO >> Epoch: 18  |  Layer: 13  |  Train Loss: 0.366 | Train Acc: 91.07  |  Val Loss: 0.643 | Val Acc: 79.00  |  Test Loss: 0.923 | Tes Acc: 69.00
INFO >> Epoch: 18  |  Layer: 14  |  Train Loss: 0.353 | Train Acc: 91.19  |  Val Loss: 0.613 | Val Acc: 80.33  |  Test Loss: 0.872 | Tes Acc: 67.33
INFO >> Epoch: 18  |  Layer: 15  |  Train Loss: 0.320 | Train Acc: 92.14  |  Val Loss: 0.563 | Val Acc: 84.00  |  Test Loss: 0.896 | Tes Acc: 67.00
INFO >> Epoch: 18  |  Layer: 16  |  Train Loss: 0.298 | Train Acc: 93.33  |  Val Loss: 0.587 | Val Acc: 81.33  |  Test Loss: 0.992 | Tes Acc: 63.67
INFO >> Epoch: 18  |  Layer: 17  |  Train Loss: 0.281 | Train Acc: 92.74  |  Val Loss: 0.577 | Val Acc: 80.33  |  Test Loss: 1.027 | Tes Acc: 64.67
INFO >> Epoch: 18  |  Layer: 18  |  Train Loss: 0.283 | Train Acc: 92.86  |  Val Loss: 0.670 | Val Acc: 76.67  |  Test Loss: 1.147 | Tes Acc: 62.00
INFO >> Epoch: 18  |  Layer: 19  |  Train Loss: 0.281 | Train Acc: 94.17  |  Val Loss: 0.762 | Val Acc: 74.67  |  Test Loss: 1.168 | Tes Acc: 59.67
INFO >> Epoch: 18  |  Layer: 20  |  Train Loss: 0.353 | Train Acc: 91.31  |  Val Loss: 0.874 | Val Acc: 71.33  |  Test Loss: 1.238 | Tes Acc: 56.33
INFO >> Epoch: 18  |  Layer: 21  |  Train Loss: 0.557 | Train Acc: 83.81  |  Val Loss: 1.023 | Val Acc: 63.00  |  Test Loss: 1.259 | Tes Acc: 53.67
INFO >> Epoch: 18  |  Layer: 22  |  Train Loss: 1.102 | Train Acc: 60.83  |  Val Loss: 1.399 | Val Acc: 47.33  |  Test Loss: 1.432 | Tes Acc: 47.67
INFO >> Epoch: 18  |  Layer: 23  |  Train Loss: 1.856 | Train Acc: 31.07  |  Val Loss: 1.871 | Val Acc: 27.00  |  Test Loss: 1.884 | Tes Acc: 29.33
INFO >> Epoch: 18  |  Layer: 24  |  Train Loss: 1.985 | Train Acc: 21.79  |  Val Loss: 2.005 | Val Acc: 20.33  |  Test Loss: 2.045 | Tes Acc: 20.00

INFO >> Epoch: 19  |  Layer:  1  |  Train Loss: 0.741 | Train Acc: 76.19  |  Val Loss: 1.255 | Val Acc: 52.33  |  Test Loss: 1.327 | Tes Acc: 53.33
INFO >> Epoch: 19  |  Layer:  2  |  Train Loss: 0.637 | Train Acc: 80.71  |  Val Loss: 1.182 | Val Acc: 57.33  |  Test Loss: 1.310 | Tes Acc: 51.67
INFO >> Epoch: 19  |  Layer:  3  |  Train Loss: 0.559 | Train Acc: 84.05  |  Val Loss: 1.054 | Val Acc: 63.33  |  Test Loss: 1.243 | Tes Acc: 53.67
INFO >> Epoch: 19  |  Layer:  4  |  Train Loss: 0.429 | Train Acc: 89.29  |  Val Loss: 0.901 | Val Acc: 66.67  |  Test Loss: 1.196 | Tes Acc: 57.67
INFO >> Epoch: 19  |  Layer:  5  |  Train Loss: 0.389 | Train Acc: 91.19  |  Val Loss: 0.775 | Val Acc: 72.67  |  Test Loss: 1.182 | Tes Acc: 60.67
INFO >> Epoch: 19  |  Layer:  6  |  Train Loss: 0.346 | Train Acc: 93.45  |  Val Loss: 0.701 | Val Acc: 77.33  |  Test Loss: 1.104 | Tes Acc: 63.33
INFO >> Epoch: 19  |  Layer:  7  |  Train Loss: 0.285 | Train Acc: 94.05  |  Val Loss: 0.613 | Val Acc: 79.67  |  Test Loss: 1.081 | Tes Acc: 64.00
INFO >> Epoch: 19  |  Layer:  8  |  Train Loss: 0.266 | Train Acc: 95.71  |  Val Loss: 0.654 | Val Acc: 80.33  |  Test Loss: 0.927 | Tes Acc: 64.67
INFO >> Epoch: 19  |  Layer:  9  |  Train Loss: 0.278 | Train Acc: 95.83  |  Val Loss: 0.646 | Val Acc: 78.00  |  Test Loss: 0.891 | Tes Acc: 67.00
INFO >> Epoch: 19  |  Layer: 10  |  Train Loss: 0.325 | Train Acc: 92.50  |  Val Loss: 0.698 | Val Acc: 77.33  |  Test Loss: 0.896 | Tes Acc: 67.00
INFO >> Epoch: 19  |  Layer: 11  |  Train Loss: 0.338 | Train Acc: 92.02  |  Val Loss: 0.688 | Val Acc: 76.67  |  Test Loss: 0.875 | Tes Acc: 69.67
INFO >> Epoch: 19  |  Layer: 12  |  Train Loss: 0.378 | Train Acc: 89.76  |  Val Loss: 0.669 | Val Acc: 78.33  |  Test Loss: 0.887 | Tes Acc: 68.33
INFO >> Epoch: 19  |  Layer: 13  |  Train Loss: 0.351 | Train Acc: 91.07  |  Val Loss: 0.648 | Val Acc: 80.00  |  Test Loss: 0.955 | Tes Acc: 66.67
INFO >> Epoch: 19  |  Layer: 14  |  Train Loss: 0.338 | Train Acc: 91.90  |  Val Loss: 0.624 | Val Acc: 81.33  |  Test Loss: 0.908 | Tes Acc: 66.00
INFO >> Epoch: 19  |  Layer: 15  |  Train Loss: 0.298 | Train Acc: 92.38  |  Val Loss: 0.557 | Val Acc: 83.67  |  Test Loss: 0.939 | Tes Acc: 66.67
INFO >> Epoch: 19  |  Layer: 16  |  Train Loss: 0.285 | Train Acc: 93.10  |  Val Loss: 0.584 | Val Acc: 82.00  |  Test Loss: 0.992 | Tes Acc: 64.33
INFO >> Epoch: 19  |  Layer: 17  |  Train Loss: 0.269 | Train Acc: 94.29  |  Val Loss: 0.577 | Val Acc: 80.33  |  Test Loss: 1.017 | Tes Acc: 64.67
INFO >> Epoch: 19  |  Layer: 18  |  Train Loss: 0.263 | Train Acc: 94.88  |  Val Loss: 0.658 | Val Acc: 76.00  |  Test Loss: 1.135 | Tes Acc: 63.67
INFO >> Epoch: 19  |  Layer: 19  |  Train Loss: 0.263 | Train Acc: 94.64  |  Val Loss: 0.809 | Val Acc: 73.00  |  Test Loss: 1.164 | Tes Acc: 62.33
INFO >> Epoch: 19  |  Layer: 20  |  Train Loss: 0.338 | Train Acc: 92.38  |  Val Loss: 0.924 | Val Acc: 70.00  |  Test Loss: 1.239 | Tes Acc: 58.67
INFO >> Epoch: 19  |  Layer: 21  |  Train Loss: 0.529 | Train Acc: 84.88  |  Val Loss: 1.055 | Val Acc: 63.33  |  Test Loss: 1.252 | Tes Acc: 53.00
INFO >> Epoch: 19  |  Layer: 22  |  Train Loss: 1.100 | Train Acc: 62.02  |  Val Loss: 1.352 | Val Acc: 49.00  |  Test Loss: 1.449 | Tes Acc: 42.33
INFO >> Epoch: 19  |  Layer: 23  |  Train Loss: 1.855 | Train Acc: 30.48  |  Val Loss: 1.880 | Val Acc: 19.67  |  Test Loss: 1.889 | Tes Acc: 27.00
INFO >> Epoch: 19  |  Layer: 24  |  Train Loss: 1.990 | Train Acc: 21.31  |  Val Loss: 2.010 | Val Acc: 14.67  |  Test Loss: 2.054 | Tes Acc: 18.33

INFO >> Epoch: 20  |  Layer:  1  |  Train Loss: 0.713 | Train Acc: 77.26  |  Val Loss: 1.241 | Val Acc: 53.67  |  Test Loss: 1.222 | Tes Acc: 56.33
INFO >> Epoch: 20  |  Layer:  2  |  Train Loss: 0.600 | Train Acc: 83.21  |  Val Loss: 1.154 | Val Acc: 59.33  |  Test Loss: 1.211 | Tes Acc: 54.33
INFO >> Epoch: 20  |  Layer:  3  |  Train Loss: 0.529 | Train Acc: 86.55  |  Val Loss: 1.015 | Val Acc: 64.67  |  Test Loss: 1.151 | Tes Acc: 57.67
INFO >> Epoch: 20  |  Layer:  4  |  Train Loss: 0.402 | Train Acc: 90.36  |  Val Loss: 0.882 | Val Acc: 66.67  |  Test Loss: 1.124 | Tes Acc: 60.33
INFO >> Epoch: 20  |  Layer:  5  |  Train Loss: 0.371 | Train Acc: 92.14  |  Val Loss: 0.745 | Val Acc: 72.67  |  Test Loss: 1.090 | Tes Acc: 62.33
INFO >> Epoch: 20  |  Layer:  6  |  Train Loss: 0.323 | Train Acc: 93.10  |  Val Loss: 0.699 | Val Acc: 76.33  |  Test Loss: 1.003 | Tes Acc: 64.33
INFO >> Epoch: 20  |  Layer:  7  |  Train Loss: 0.263 | Train Acc: 95.12  |  Val Loss: 0.647 | Val Acc: 78.00  |  Test Loss: 0.984 | Tes Acc: 66.67
INFO >> Epoch: 20  |  Layer:  8  |  Train Loss: 0.253 | Train Acc: 96.19  |  Val Loss: 0.660 | Val Acc: 79.33  |  Test Loss: 0.886 | Tes Acc: 67.33
INFO >> Epoch: 20  |  Layer:  9  |  Train Loss: 0.262 | Train Acc: 95.83  |  Val Loss: 0.661 | Val Acc: 76.67  |  Test Loss: 0.855 | Tes Acc: 69.00
INFO >> Epoch: 20  |  Layer: 10  |  Train Loss: 0.306 | Train Acc: 93.10  |  Val Loss: 0.698 | Val Acc: 77.67  |  Test Loss: 0.840 | Tes Acc: 69.67
INFO >> Epoch: 20  |  Layer: 11  |  Train Loss: 0.314 | Train Acc: 93.33  |  Val Loss: 0.676 | Val Acc: 78.67  |  Test Loss: 0.822 | Tes Acc: 72.00
INFO >> Epoch: 20  |  Layer: 12  |  Train Loss: 0.350 | Train Acc: 92.02  |  Val Loss: 0.653 | Val Acc: 78.33  |  Test Loss: 0.810 | Tes Acc: 70.67
INFO >> Epoch: 20  |  Layer: 13  |  Train Loss: 0.325 | Train Acc: 92.38  |  Val Loss: 0.645 | Val Acc: 79.67  |  Test Loss: 0.854 | Tes Acc: 69.33
INFO >> Epoch: 20  |  Layer: 14  |  Train Loss: 0.308 | Train Acc: 92.38  |  Val Loss: 0.620 | Val Acc: 79.33  |  Test Loss: 0.832 | Tes Acc: 68.33
INFO >> Epoch: 20  |  Layer: 15  |  Train Loss: 0.272 | Train Acc: 93.33  |  Val Loss: 0.567 | Val Acc: 82.67  |  Test Loss: 0.852 | Tes Acc: 68.67
INFO >> Epoch: 20  |  Layer: 16  |  Train Loss: 0.257 | Train Acc: 93.81  |  Val Loss: 0.603 | Val Acc: 80.67  |  Test Loss: 0.909 | Tes Acc: 66.00
INFO >> Epoch: 20  |  Layer: 17  |  Train Loss: 0.245 | Train Acc: 95.12  |  Val Loss: 0.575 | Val Acc: 80.00  |  Test Loss: 0.934 | Tes Acc: 68.33
INFO >> Epoch: 20  |  Layer: 18  |  Train Loss: 0.246 | Train Acc: 95.83  |  Val Loss: 0.670 | Val Acc: 75.67  |  Test Loss: 1.067 | Tes Acc: 64.33
INFO >> Epoch: 20  |  Layer: 19  |  Train Loss: 0.248 | Train Acc: 96.19  |  Val Loss: 0.775 | Val Acc: 74.67  |  Test Loss: 1.107 | Tes Acc: 62.00
INFO >> Epoch: 20  |  Layer: 20  |  Train Loss: 0.324 | Train Acc: 92.62  |  Val Loss: 0.898 | Val Acc: 71.33  |  Test Loss: 1.186 | Tes Acc: 61.00
INFO >> Epoch: 20  |  Layer: 21  |  Train Loss: 0.507 | Train Acc: 85.12  |  Val Loss: 1.020 | Val Acc: 65.00  |  Test Loss: 1.208 | Tes Acc: 56.67
INFO >> Epoch: 20  |  Layer: 22  |  Train Loss: 1.065 | Train Acc: 61.55  |  Val Loss: 1.369 | Val Acc: 48.67  |  Test Loss: 1.383 | Tes Acc: 47.33
INFO >> Epoch: 20  |  Layer: 23  |  Train Loss: 1.844 | Train Acc: 29.17  |  Val Loss: 1.843 | Val Acc: 29.33  |  Test Loss: 1.873 | Tes Acc: 28.33
INFO >> Epoch: 20  |  Layer: 24  |  Train Loss: 1.983 | Train Acc: 21.31  |  Val Loss: 2.000 | Val Acc: 22.00  |  Test Loss: 2.048 | Tes Acc: 19.67



INFO >> Time Taken: 09:26

INFO >> Layer: 1  |  Best Val Acc: 53.67  |  Best Test Acc: 56.33
INFO >> Layer: 2  |  Best Val Acc: 59.33  |  Best Test Acc: 54.33
INFO >> Layer: 3  |  Best Val Acc: 64.67  |  Best Test Acc: 57.67
INFO >> Layer: 4  |  Best Val Acc: 71.00  |  Best Test Acc: 60.67
INFO >> Layer: 5  |  Best Val Acc: 73.33  |  Best Test Acc: 62.67
INFO >> Layer: 6  |  Best Val Acc: 77.33  |  Best Test Acc: 63.33
INFO >> Layer: 7  |  Best Val Acc: 79.67  |  Best Test Acc: 64.00
INFO >> Layer: 8  |  Best Val Acc: 80.33  |  Best Test Acc: 64.67
INFO >> Layer: 9  |  Best Val Acc: 78.00  |  Best Test Acc: 68.33
INFO >> Layer: 10  |  Best Val Acc: 78.33  |  Best Test Acc: 72.33
INFO >> Layer: 11  |  Best Val Acc: 79.33  |  Best Test Acc: 69.67
INFO >> Layer: 12  |  Best Val Acc: 79.67  |  Best Test Acc: 71.00
INFO >> Layer: 13  |  Best Val Acc: 81.33  |  Best Test Acc: 66.67
INFO >> Layer: 14  |  Best Val Acc: 82.33  |  Best Test Acc: 66.33
INFO >> Layer: 15  |  Best Val Acc: 84.00  |  Best Test Acc: 67.00
INFO >> Layer: 16  |  Best Val Acc: 83.33  |  Best Test Acc: 63.67
INFO >> Layer: 17  |  Best Val Acc: 81.67  |  Best Test Acc: 65.67
INFO >> Layer: 18  |  Best Val Acc: 78.33  |  Best Test Acc: 64.00
INFO >> Layer: 19  |  Best Val Acc: 76.00  |  Best Test Acc: 62.33
INFO >> Layer: 20  |  Best Val Acc: 72.33  |  Best Test Acc: 57.00
INFO >> Layer: 21  |  Best Val Acc: 66.33  |  Best Test Acc: 54.67
INFO >> Layer: 22  |  Best Val Acc: 49.00  |  Best Test Acc: 49.00
INFO >> Layer: 23  |  Best Val Acc: 29.33  |  Best Test Acc: 28.33
INFO >> Layer: 24  |  Best Val Acc: 22.00  |  Best Test Acc: 19.67

DEBUG >> Last state saved

INFO >> History saved (./history/v1.3/RAVDESS/WAV2VEC2_LARGE_PROBING/Run3/history.pt)
