
--------------------------------------------------
Multilingual SER System v1.2
--------------------------------------------------
Run Name      : Run5
Fx Model      : HUBERT_LARGE
Clf Model     : DENSE
Extract Mode  : gpu_memory
Dataset       : AESDD
Device        : gpu
Epochs        : 20
Num Workers   : 2
Data Dir      : ./data
History Dir   : ./history
Weights Dir   : ./weights
Log Level     : debug
Purge Cache   : False
Job Name      : Job142
Job Id        : 30684241
GPU           : Quadro RTX 8000
GPU Count     : 1

Timestamp : 2023-03-02 07:48:03.518707

INFO >> Running on CUDA


INFO >> Training Classifier

INFO >> Epoch: 1 |   Train Loss: 2.050 | Train Acc: 20.47 |   Val Loss: 1.782 | Val Acc: 20.20 |   Test Loss: 1.644 | Tes Acc: 26.09
DEBUG >> Best state saved | Val Acc 20.202019810676575 | Test Acc 26.0869562625885

INFO >> Epoch: 2 |   Train Loss: 1.493 | Train Acc: 39.93 |   Val Loss: 1.519 | Val Acc: 34.34 |   Test Loss: 1.567 | Tes Acc: 27.54
DEBUG >> Best state saved | Val Acc 34.34343338012695 | Test Acc 27.53623127937317

INFO >> Epoch: 3 |   Train Loss: 1.425 | Train Acc: 41.61 |   Val Loss: 1.608 | Val Acc: 22.22 |   Test Loss: 1.573 | Tes Acc: 25.12
INFO >> Epoch: 4 |   Train Loss: 1.295 | Train Acc: 47.65 |   Val Loss: 1.457 | Val Acc: 32.32 |   Test Loss: 1.462 | Tes Acc: 34.78
INFO >> Epoch: 5 |   Train Loss: 1.081 | Train Acc: 58.72 |   Val Loss: 1.267 | Val Acc: 38.38 |   Test Loss: 1.380 | Tes Acc: 36.23
DEBUG >> Best state saved | Val Acc 38.383838534355164 | Test Acc 36.231884360313416

INFO >> Epoch: 6 |   Train Loss: 0.891 | Train Acc: 64.43 |   Val Loss: 1.071 | Val Acc: 54.55 |   Test Loss: 1.323 | Tes Acc: 50.24
DEBUG >> Best state saved | Val Acc 54.54545617103577 | Test Acc 50.24154782295227

INFO >> Epoch: 7 |   Train Loss: 0.778 | Train Acc: 68.79 |   Val Loss: 0.589 | Val Acc: 85.86 |   Test Loss: 1.136 | Tes Acc: 57.00
DEBUG >> Best state saved | Val Acc 85.85858345031738 | Test Acc 57.00483322143555

INFO >> Epoch: 8 |   Train Loss: 0.646 | Train Acc: 74.83 |   Val Loss: 0.945 | Val Acc: 64.65 |   Test Loss: 1.117 | Tes Acc: 61.84
INFO >> Epoch: 9 |   Train Loss: 0.455 | Train Acc: 85.23 |   Val Loss: 1.177 | Val Acc: 54.55 |   Test Loss: 1.172 | Tes Acc: 60.87
INFO >> Epoch: 10 |   Train Loss: 0.323 | Train Acc: 88.26 |   Val Loss: 1.304 | Val Acc: 60.61 |   Test Loss: 0.985 | Tes Acc: 69.57
INFO >> Epoch: 11 |   Train Loss: 0.252 | Train Acc: 93.62 |   Val Loss: 3.016 | Val Acc: 42.42 |   Test Loss: 1.134 | Tes Acc: 68.12
INFO >> Epoch: 12 |   Train Loss: 0.407 | Train Acc: 86.58 |   Val Loss: 0.882 | Val Acc: 66.67 |   Test Loss: 1.698 | Tes Acc: 58.94
INFO >> Epoch: 13 |   Train Loss: 0.425 | Train Acc: 79.53 |   Val Loss: 2.975 | Val Acc: 34.34 |   Test Loss: 1.491 | Tes Acc: 60.87
INFO >> Epoch: 14 |   Train Loss: 0.349 | Train Acc: 86.58 |   Val Loss: 3.176 | Val Acc: 35.35 |   Test Loss: 1.132 | Tes Acc: 65.70
INFO >> Epoch: 15 |   Train Loss: 0.353 | Train Acc: 87.92 |   Val Loss: 1.736 | Val Acc: 50.51 |   Test Loss: 1.219 | Tes Acc: 67.15
INFO >> Epoch: 16 |   Train Loss: 0.176 | Train Acc: 95.30 |   Val Loss: 1.122 | Val Acc: 60.61 |   Test Loss: 1.083 | Tes Acc: 72.95
INFO >> Epoch: 17 |   Train Loss: 0.144 | Train Acc: 95.64 |   Val Loss: 1.543 | Val Acc: 49.49 |   Test Loss: 1.437 | Tes Acc: 67.15
INFO >> Epoch: 18 |   Train Loss: 0.143 | Train Acc: 95.97 |   Val Loss: 2.353 | Val Acc: 46.46 |   Test Loss: 1.115 | Tes Acc: 72.46
INFO >> Epoch: 19 |   Train Loss: 0.164 | Train Acc: 95.97 |   Val Loss: 3.109 | Val Acc: 44.44 |   Test Loss: 1.025 | Tes Acc: 74.88
INFO >> Epoch: 20 |   Train Loss: 0.076 | Train Acc: 97.99 |   Val Loss: 3.051 | Val Acc: 45.45 |   Test Loss: 1.051 | Tes Acc: 76.33


INFO >> Time Taken: 07:53

INFO >> Best Val Acc : 85.85858345031738 | Best Test Acc : 57.00483322143555

INFO >> Agg. Weights : 
0.09164203703403473 0.0042245532386004925 0.11165623366832733 0.23557257652282715 -0.015455367974936962 0.17072220146656036 -0.1229923740029335 0.15400810539722443 -0.14316219091415405 0.029887724667787552 -0.020104138180613518 -0.15328708291053772 0.16399168968200684 -0.042009737342596054 0.21359549462795258 -0.006111447699368 0.08730144798755646 -0.04552329704165459 0.12626102566719055 -0.08758462965488434 0.10384959727525711 0.1698528677225113 0.24157235026359558 0.03685149550437927

DEBUG >> Last state saved | Val Acc 45.45454680919647 | Test Acc 76.32850408554077

INFO >> History saved (./history/v1.2/AESDD/HUBERT_LARGE_DENSE/Run5/history.pt)
