
--------------------------------------------------
Multilingual SER System v1.3
--------------------------------------------------
Run Name      : Run4
Fx Model      : WAV2VEC2_LARGE_XLSR300M
Clf Model     : PROBING
Extract Mode  : gpu_memory
Dataset       : ShEMO
Device        : gpu
Epochs        : 20
Num Workers   : 2
Data Dir      : ./data
History Dir   : ./history
Weights Dir   : ./weights
Log Level     : debug
Purge Cache   : False
Job Name      : Job168
Job Id        : 30728681
GPU           : Quadro RTX 8000
GPU Count     : 1
GPU Memory    : 44.49 GB

Timestamp : 2023-03-03 14:39:07.907684

INFO >> Running on CUDA


INFO >> Training Classifier

INFO >> Epoch: 1  |  Layer:  1  |  Train Loss: 1.319 | Train Acc: 50.58  |  Val Loss: 1.135 | Val Acc: 60.75  |  Test Loss: 0.874 | Tes Acc: 73.39
INFO >> Epoch: 1  |  Layer:  2  |  Train Loss: 1.285 | Train Acc: 51.84  |  Val Loss: 1.080 | Val Acc: 63.80  |  Test Loss: 0.839 | Tes Acc: 75.27
INFO >> Epoch: 1  |  Layer:  3  |  Train Loss: 1.317 | Train Acc: 50.10  |  Val Loss: 1.104 | Val Acc: 63.80  |  Test Loss: 0.858 | Tes Acc: 75.00
INFO >> Epoch: 1  |  Layer:  4  |  Train Loss: 1.277 | Train Acc: 51.64  |  Val Loss: 1.067 | Val Acc: 65.59  |  Test Loss: 0.811 | Tes Acc: 77.15
INFO >> Epoch: 1  |  Layer:  5  |  Train Loss: 1.251 | Train Acc: 53.14  |  Val Loss: 1.037 | Val Acc: 66.31  |  Test Loss: 0.731 | Tes Acc: 77.69
INFO >> Epoch: 1  |  Layer:  6  |  Train Loss: 1.270 | Train Acc: 52.61  |  Val Loss: 1.057 | Val Acc: 65.77  |  Test Loss: 0.776 | Tes Acc: 76.88
INFO >> Epoch: 1  |  Layer:  7  |  Train Loss: 1.280 | Train Acc: 51.74  |  Val Loss: 1.032 | Val Acc: 67.03  |  Test Loss: 0.731 | Tes Acc: 78.76
INFO >> Epoch: 1  |  Layer:  8  |  Train Loss: 1.254 | Train Acc: 52.13  |  Val Loss: 1.019 | Val Acc: 65.95  |  Test Loss: 0.700 | Tes Acc: 77.96
INFO >> Epoch: 1  |  Layer:  9  |  Train Loss: 1.295 | Train Acc: 50.14  |  Val Loss: 1.048 | Val Acc: 64.87  |  Test Loss: 0.720 | Tes Acc: 77.96
INFO >> Epoch: 1  |  Layer: 10  |  Train Loss: 1.294 | Train Acc: 50.53  |  Val Loss: 1.065 | Val Acc: 63.44  |  Test Loss: 0.753 | Tes Acc: 77.96
INFO >> Epoch: 1  |  Layer: 11  |  Train Loss: 1.311 | Train Acc: 49.71  |  Val Loss: 1.074 | Val Acc: 63.62  |  Test Loss: 0.790 | Tes Acc: 77.42
INFO >> Epoch: 1  |  Layer: 12  |  Train Loss: 1.310 | Train Acc: 50.48  |  Val Loss: 1.082 | Val Acc: 63.08  |  Test Loss: 0.788 | Tes Acc: 77.15
INFO >> Epoch: 1  |  Layer: 13  |  Train Loss: 1.326 | Train Acc: 49.32  |  Val Loss: 1.097 | Val Acc: 62.90  |  Test Loss: 0.791 | Tes Acc: 76.61
INFO >> Epoch: 1  |  Layer: 14  |  Train Loss: 1.282 | Train Acc: 52.32  |  Val Loss: 1.047 | Val Acc: 64.34  |  Test Loss: 0.720 | Tes Acc: 79.30
INFO >> Epoch: 1  |  Layer: 15  |  Train Loss: 1.273 | Train Acc: 53.62  |  Val Loss: 1.053 | Val Acc: 63.62  |  Test Loss: 0.713 | Tes Acc: 79.84
INFO >> Epoch: 1  |  Layer: 16  |  Train Loss: 1.270 | Train Acc: 52.66  |  Val Loss: 1.050 | Val Acc: 64.87  |  Test Loss: 0.743 | Tes Acc: 79.57
INFO >> Epoch: 1  |  Layer: 17  |  Train Loss: 1.258 | Train Acc: 53.53  |  Val Loss: 1.005 | Val Acc: 65.59  |  Test Loss: 0.688 | Tes Acc: 79.57
INFO >> Epoch: 1  |  Layer: 18  |  Train Loss: 1.162 | Train Acc: 56.86  |  Val Loss: 0.849 | Val Acc: 72.76  |  Test Loss: 0.565 | Tes Acc: 83.60
INFO >> Epoch: 1  |  Layer: 19  |  Train Loss: 1.294 | Train Acc: 52.66  |  Val Loss: 1.061 | Val Acc: 65.59  |  Test Loss: 0.750 | Tes Acc: 79.30
INFO >> Epoch: 1  |  Layer: 20  |  Train Loss: 1.415 | Train Acc: 48.16  |  Val Loss: 1.058 | Val Acc: 66.13  |  Test Loss: 0.790 | Tes Acc: 79.30
INFO >> Epoch: 1  |  Layer: 21  |  Train Loss: 1.374 | Train Acc: 49.18  |  Val Loss: 1.091 | Val Acc: 62.90  |  Test Loss: 0.779 | Tes Acc: 75.27
INFO >> Epoch: 1  |  Layer: 22  |  Train Loss: 1.964 | Train Acc: 38.07  |  Val Loss: 1.496 | Val Acc: 39.61  |  Test Loss: 1.184 | Tes Acc: 50.27
INFO >> Epoch: 1  |  Layer: 23  |  Train Loss: 2.854 | Train Acc: 32.51  |  Val Loss: 1.481 | Val Acc: 37.10  |  Test Loss: 1.302 | Tes Acc: 40.59
INFO >> Epoch: 1  |  Layer: 24  |  Train Loss: 2.564 | Train Acc: 33.57  |  Val Loss: 1.510 | Val Acc: 38.89  |  Test Loss: 1.289 | Tes Acc: 48.39

INFO >> Epoch: 2  |  Layer:  1  |  Train Loss: 1.127 | Train Acc: 59.47  |  Val Loss: 1.119 | Val Acc: 56.45  |  Test Loss: 0.841 | Tes Acc: 72.04
INFO >> Epoch: 2  |  Layer:  2  |  Train Loss: 1.081 | Train Acc: 63.14  |  Val Loss: 0.980 | Val Acc: 68.82  |  Test Loss: 0.740 | Tes Acc: 77.15
INFO >> Epoch: 2  |  Layer:  3  |  Train Loss: 1.094 | Train Acc: 62.13  |  Val Loss: 0.982 | Val Acc: 68.82  |  Test Loss: 0.746 | Tes Acc: 78.76
INFO >> Epoch: 2  |  Layer:  4  |  Train Loss: 1.082 | Train Acc: 62.32  |  Val Loss: 0.946 | Val Acc: 71.68  |  Test Loss: 0.714 | Tes Acc: 79.30
INFO >> Epoch: 2  |  Layer:  5  |  Train Loss: 1.047 | Train Acc: 63.53  |  Val Loss: 0.904 | Val Acc: 72.58  |  Test Loss: 0.656 | Tes Acc: 85.22
INFO >> Epoch: 2  |  Layer:  6  |  Train Loss: 1.074 | Train Acc: 62.66  |  Val Loss: 0.938 | Val Acc: 68.82  |  Test Loss: 0.699 | Tes Acc: 81.72
INFO >> Epoch: 2  |  Layer:  7  |  Train Loss: 1.038 | Train Acc: 63.14  |  Val Loss: 0.893 | Val Acc: 73.48  |  Test Loss: 0.652 | Tes Acc: 84.14
INFO >> Epoch: 2  |  Layer:  8  |  Train Loss: 1.061 | Train Acc: 62.56  |  Val Loss: 0.946 | Val Acc: 66.49  |  Test Loss: 0.720 | Tes Acc: 77.42
INFO >> Epoch: 2  |  Layer:  9  |  Train Loss: 1.032 | Train Acc: 64.49  |  Val Loss: 0.905 | Val Acc: 71.51  |  Test Loss: 0.651 | Tes Acc: 83.60
INFO >> Epoch: 2  |  Layer: 10  |  Train Loss: 1.044 | Train Acc: 63.57  |  Val Loss: 0.945 | Val Acc: 69.35  |  Test Loss: 0.660 | Tes Acc: 80.91
INFO >> Epoch: 2  |  Layer: 11  |  Train Loss: 1.053 | Train Acc: 63.62  |  Val Loss: 0.936 | Val Acc: 70.43  |  Test Loss: 0.688 | Tes Acc: 81.45
INFO >> Epoch: 2  |  Layer: 12  |  Train Loss: 1.040 | Train Acc: 64.40  |  Val Loss: 0.909 | Val Acc: 71.33  |  Test Loss: 0.672 | Tes Acc: 82.80
INFO >> Epoch: 2  |  Layer: 13  |  Train Loss: 1.029 | Train Acc: 63.43  |  Val Loss: 0.894 | Val Acc: 72.04  |  Test Loss: 0.604 | Tes Acc: 84.14
INFO >> Epoch: 2  |  Layer: 14  |  Train Loss: 0.987 | Train Acc: 65.17  |  Val Loss: 0.867 | Val Acc: 72.58  |  Test Loss: 0.567 | Tes Acc: 85.48
INFO >> Epoch: 2  |  Layer: 15  |  Train Loss: 0.975 | Train Acc: 66.38  |  Val Loss: 0.911 | Val Acc: 69.00  |  Test Loss: 0.578 | Tes Acc: 84.68
INFO >> Epoch: 2  |  Layer: 16  |  Train Loss: 0.984 | Train Acc: 66.28  |  Val Loss: 0.899 | Val Acc: 72.04  |  Test Loss: 0.589 | Tes Acc: 84.68
INFO >> Epoch: 2  |  Layer: 17  |  Train Loss: 0.933 | Train Acc: 67.39  |  Val Loss: 0.811 | Val Acc: 74.01  |  Test Loss: 0.514 | Tes Acc: 87.63
INFO >> Epoch: 2  |  Layer: 18  |  Train Loss: 0.901 | Train Acc: 67.68  |  Val Loss: 0.810 | Val Acc: 74.91  |  Test Loss: 0.531 | Tes Acc: 86.83
INFO >> Epoch: 2  |  Layer: 19  |  Train Loss: 1.006 | Train Acc: 63.57  |  Val Loss: 0.885 | Val Acc: 73.84  |  Test Loss: 0.619 | Tes Acc: 87.37
INFO >> Epoch: 2  |  Layer: 20  |  Train Loss: 1.089 | Train Acc: 61.11  |  Val Loss: 1.047 | Val Acc: 62.72  |  Test Loss: 0.667 | Tes Acc: 75.81
INFO >> Epoch: 2  |  Layer: 21  |  Train Loss: 1.075 | Train Acc: 61.40  |  Val Loss: 1.031 | Val Acc: 65.77  |  Test Loss: 0.583 | Tes Acc: 80.38
INFO >> Epoch: 2  |  Layer: 22  |  Train Loss: 1.360 | Train Acc: 50.87  |  Val Loss: 1.252 | Val Acc: 55.02  |  Test Loss: 0.819 | Tes Acc: 70.70
INFO >> Epoch: 2  |  Layer: 23  |  Train Loss: 1.460 | Train Acc: 42.27  |  Val Loss: 1.446 | Val Acc: 38.89  |  Test Loss: 1.168 | Tes Acc: 49.46
INFO >> Epoch: 2  |  Layer: 24  |  Train Loss: 1.449 | Train Acc: 42.90  |  Val Loss: 1.522 | Val Acc: 43.19  |  Test Loss: 1.114 | Tes Acc: 50.00

INFO >> Epoch: 3  |  Layer:  1  |  Train Loss: 1.051 | Train Acc: 62.90  |  Val Loss: 1.026 | Val Acc: 65.77  |  Test Loss: 0.801 | Tes Acc: 73.66
INFO >> Epoch: 3  |  Layer:  2  |  Train Loss: 1.000 | Train Acc: 64.83  |  Val Loss: 0.962 | Val Acc: 68.10  |  Test Loss: 0.717 | Tes Acc: 76.61
INFO >> Epoch: 3  |  Layer:  3  |  Train Loss: 1.005 | Train Acc: 64.11  |  Val Loss: 0.971 | Val Acc: 67.38  |  Test Loss: 0.743 | Tes Acc: 78.23
INFO >> Epoch: 3  |  Layer:  4  |  Train Loss: 0.972 | Train Acc: 65.75  |  Val Loss: 0.944 | Val Acc: 68.10  |  Test Loss: 0.709 | Tes Acc: 79.84
INFO >> Epoch: 3  |  Layer:  5  |  Train Loss: 0.912 | Train Acc: 67.83  |  Val Loss: 0.901 | Val Acc: 69.00  |  Test Loss: 0.646 | Tes Acc: 80.38
INFO >> Epoch: 3  |  Layer:  6  |  Train Loss: 0.941 | Train Acc: 66.91  |  Val Loss: 0.897 | Val Acc: 70.07  |  Test Loss: 0.636 | Tes Acc: 81.99
INFO >> Epoch: 3  |  Layer:  7  |  Train Loss: 0.886 | Train Acc: 69.23  |  Val Loss: 0.855 | Val Acc: 73.84  |  Test Loss: 0.542 | Tes Acc: 87.10
INFO >> Epoch: 3  |  Layer:  8  |  Train Loss: 0.890 | Train Acc: 68.50  |  Val Loss: 0.941 | Val Acc: 67.20  |  Test Loss: 0.704 | Tes Acc: 78.76
INFO >> Epoch: 3  |  Layer:  9  |  Train Loss: 0.879 | Train Acc: 70.00  |  Val Loss: 0.949 | Val Acc: 68.10  |  Test Loss: 0.663 | Tes Acc: 79.30
INFO >> Epoch: 3  |  Layer: 10  |  Train Loss: 0.908 | Train Acc: 68.21  |  Val Loss: 0.901 | Val Acc: 70.25  |  Test Loss: 0.619 | Tes Acc: 83.06
INFO >> Epoch: 3  |  Layer: 11  |  Train Loss: 0.914 | Train Acc: 68.94  |  Val Loss: 0.907 | Val Acc: 70.79  |  Test Loss: 0.654 | Tes Acc: 81.18
INFO >> Epoch: 3  |  Layer: 12  |  Train Loss: 0.884 | Train Acc: 69.76  |  Val Loss: 0.871 | Val Acc: 71.51  |  Test Loss: 0.619 | Tes Acc: 83.06
INFO >> Epoch: 3  |  Layer: 13  |  Train Loss: 0.869 | Train Acc: 70.58  |  Val Loss: 0.902 | Val Acc: 71.51  |  Test Loss: 0.652 | Tes Acc: 81.45
INFO >> Epoch: 3  |  Layer: 14  |  Train Loss: 0.833 | Train Acc: 71.01  |  Val Loss: 0.886 | Val Acc: 69.00  |  Test Loss: 0.628 | Tes Acc: 79.57
INFO >> Epoch: 3  |  Layer: 15  |  Train Loss: 0.826 | Train Acc: 71.40  |  Val Loss: 0.863 | Val Acc: 72.04  |  Test Loss: 0.599 | Tes Acc: 83.33
INFO >> Epoch: 3  |  Layer: 16  |  Train Loss: 0.840 | Train Acc: 70.58  |  Val Loss: 0.834 | Val Acc: 74.19  |  Test Loss: 0.582 | Tes Acc: 83.87
INFO >> Epoch: 3  |  Layer: 17  |  Train Loss: 0.803 | Train Acc: 72.17  |  Val Loss: 0.849 | Val Acc: 73.30  |  Test Loss: 0.621 | Tes Acc: 80.38
INFO >> Epoch: 3  |  Layer: 18  |  Train Loss: 0.727 | Train Acc: 74.49  |  Val Loss: 0.776 | Val Acc: 73.30  |  Test Loss: 0.525 | Tes Acc: 83.87
INFO >> Epoch: 3  |  Layer: 19  |  Train Loss: 0.825 | Train Acc: 71.74  |  Val Loss: 0.928 | Val Acc: 68.10  |  Test Loss: 0.706 | Tes Acc: 75.54
INFO >> Epoch: 3  |  Layer: 20  |  Train Loss: 0.930 | Train Acc: 67.29  |  Val Loss: 1.007 | Val Acc: 62.54  |  Test Loss: 0.689 | Tes Acc: 76.88
INFO >> Epoch: 3  |  Layer: 21  |  Train Loss: 0.936 | Train Acc: 68.16  |  Val Loss: 1.159 | Val Acc: 57.71  |  Test Loss: 0.912 | Tes Acc: 66.40
INFO >> Epoch: 3  |  Layer: 22  |  Train Loss: 1.269 | Train Acc: 53.91  |  Val Loss: 1.452 | Val Acc: 43.01  |  Test Loss: 1.272 | Tes Acc: 44.89
INFO >> Epoch: 3  |  Layer: 23  |  Train Loss: 1.421 | Train Acc: 45.27  |  Val Loss: 1.441 | Val Acc: 32.97  |  Test Loss: 1.236 | Tes Acc: 40.59
INFO >> Epoch: 3  |  Layer: 24  |  Train Loss: 1.433 | Train Acc: 44.49  |  Val Loss: 1.360 | Val Acc: 48.03  |  Test Loss: 1.122 | Tes Acc: 57.53

INFO >> Epoch: 4  |  Layer:  1  |  Train Loss: 1.056 | Train Acc: 61.50  |  Val Loss: 0.932 | Val Acc: 68.64  |  Test Loss: 0.678 | Tes Acc: 78.23
INFO >> Epoch: 4  |  Layer:  2  |  Train Loss: 1.004 | Train Acc: 63.86  |  Val Loss: 0.896 | Val Acc: 70.07  |  Test Loss: 0.638 | Tes Acc: 83.06
INFO >> Epoch: 4  |  Layer:  3  |  Train Loss: 0.993 | Train Acc: 64.20  |  Val Loss: 0.874 | Val Acc: 71.51  |  Test Loss: 0.603 | Tes Acc: 83.60
INFO >> Epoch: 4  |  Layer:  4  |  Train Loss: 0.949 | Train Acc: 65.94  |  Val Loss: 0.859 | Val Acc: 71.51  |  Test Loss: 0.600 | Tes Acc: 81.99
INFO >> Epoch: 4  |  Layer:  5  |  Train Loss: 0.885 | Train Acc: 68.45  |  Val Loss: 0.824 | Val Acc: 70.25  |  Test Loss: 0.517 | Tes Acc: 84.95
INFO >> Epoch: 4  |  Layer:  6  |  Train Loss: 0.905 | Train Acc: 68.02  |  Val Loss: 0.830 | Val Acc: 70.43  |  Test Loss: 0.562 | Tes Acc: 84.41
INFO >> Epoch: 4  |  Layer:  7  |  Train Loss: 0.860 | Train Acc: 70.58  |  Val Loss: 0.762 | Val Acc: 74.73  |  Test Loss: 0.471 | Tes Acc: 86.29
INFO >> Epoch: 4  |  Layer:  8  |  Train Loss: 0.867 | Train Acc: 69.57  |  Val Loss: 0.803 | Val Acc: 72.58  |  Test Loss: 0.530 | Tes Acc: 83.60
INFO >> Epoch: 4  |  Layer:  9  |  Train Loss: 0.860 | Train Acc: 69.81  |  Val Loss: 0.761 | Val Acc: 74.91  |  Test Loss: 0.482 | Tes Acc: 84.68
INFO >> Epoch: 4  |  Layer: 10  |  Train Loss: 0.890 | Train Acc: 68.74  |  Val Loss: 0.759 | Val Acc: 74.19  |  Test Loss: 0.481 | Tes Acc: 85.22
INFO >> Epoch: 4  |  Layer: 11  |  Train Loss: 0.874 | Train Acc: 69.76  |  Val Loss: 0.750 | Val Acc: 75.99  |  Test Loss: 0.476 | Tes Acc: 85.75
INFO >> Epoch: 4  |  Layer: 12  |  Train Loss: 0.849 | Train Acc: 70.29  |  Val Loss: 0.782 | Val Acc: 73.84  |  Test Loss: 0.488 | Tes Acc: 83.60
INFO >> Epoch: 4  |  Layer: 13  |  Train Loss: 0.813 | Train Acc: 71.69  |  Val Loss: 0.770 | Val Acc: 74.19  |  Test Loss: 0.461 | Tes Acc: 83.87
INFO >> Epoch: 4  |  Layer: 14  |  Train Loss: 0.787 | Train Acc: 73.38  |  Val Loss: 0.751 | Val Acc: 74.91  |  Test Loss: 0.455 | Tes Acc: 86.02
INFO >> Epoch: 4  |  Layer: 15  |  Train Loss: 0.784 | Train Acc: 73.53  |  Val Loss: 0.771 | Val Acc: 72.94  |  Test Loss: 0.448 | Tes Acc: 85.75
INFO >> Epoch: 4  |  Layer: 16  |  Train Loss: 0.790 | Train Acc: 73.19  |  Val Loss: 0.761 | Val Acc: 73.30  |  Test Loss: 0.460 | Tes Acc: 85.22
INFO >> Epoch: 4  |  Layer: 17  |  Train Loss: 0.759 | Train Acc: 74.35  |  Val Loss: 0.719 | Val Acc: 75.09  |  Test Loss: 0.429 | Tes Acc: 86.83
INFO >> Epoch: 4  |  Layer: 18  |  Train Loss: 0.706 | Train Acc: 75.36  |  Val Loss: 0.730 | Val Acc: 76.34  |  Test Loss: 0.397 | Tes Acc: 85.22
INFO >> Epoch: 4  |  Layer: 19  |  Train Loss: 0.786 | Train Acc: 73.82  |  Val Loss: 0.769 | Val Acc: 74.01  |  Test Loss: 0.436 | Tes Acc: 84.41
INFO >> Epoch: 4  |  Layer: 20  |  Train Loss: 0.859 | Train Acc: 70.39  |  Val Loss: 0.822 | Val Acc: 71.33  |  Test Loss: 0.459 | Tes Acc: 86.56
INFO >> Epoch: 4  |  Layer: 21  |  Train Loss: 0.895 | Train Acc: 70.19  |  Val Loss: 0.839 | Val Acc: 73.66  |  Test Loss: 0.463 | Tes Acc: 84.95
INFO >> Epoch: 4  |  Layer: 22  |  Train Loss: 1.236 | Train Acc: 55.22  |  Val Loss: 1.353 | Val Acc: 52.87  |  Test Loss: 0.882 | Tes Acc: 65.05
INFO >> Epoch: 4  |  Layer: 23  |  Train Loss: 1.406 | Train Acc: 45.80  |  Val Loss: 1.330 | Val Acc: 49.28  |  Test Loss: 1.065 | Tes Acc: 63.98
INFO >> Epoch: 4  |  Layer: 24  |  Train Loss: 1.402 | Train Acc: 46.57  |  Val Loss: 1.457 | Val Acc: 45.52  |  Test Loss: 1.006 | Tes Acc: 61.83

INFO >> Epoch: 5  |  Layer:  1  |  Train Loss: 0.957 | Train Acc: 67.00  |  Val Loss: 0.898 | Val Acc: 69.71  |  Test Loss: 0.576 | Tes Acc: 82.53
INFO >> Epoch: 5  |  Layer:  2  |  Train Loss: 0.905 | Train Acc: 68.70  |  Val Loss: 0.856 | Val Acc: 71.86  |  Test Loss: 0.549 | Tes Acc: 86.29
INFO >> Epoch: 5  |  Layer:  3  |  Train Loss: 0.892 | Train Acc: 68.94  |  Val Loss: 0.857 | Val Acc: 71.86  |  Test Loss: 0.573 | Tes Acc: 86.83
INFO >> Epoch: 5  |  Layer:  4  |  Train Loss: 0.851 | Train Acc: 70.19  |  Val Loss: 0.821 | Val Acc: 72.22  |  Test Loss: 0.512 | Tes Acc: 86.29
INFO >> Epoch: 5  |  Layer:  5  |  Train Loss: 0.797 | Train Acc: 72.61  |  Val Loss: 0.837 | Val Acc: 67.56  |  Test Loss: 0.563 | Tes Acc: 84.95
INFO >> Epoch: 5  |  Layer:  6  |  Train Loss: 0.809 | Train Acc: 71.59  |  Val Loss: 0.829 | Val Acc: 69.89  |  Test Loss: 0.541 | Tes Acc: 83.06
INFO >> Epoch: 5  |  Layer:  7  |  Train Loss: 0.763 | Train Acc: 73.29  |  Val Loss: 0.769 | Val Acc: 73.48  |  Test Loss: 0.482 | Tes Acc: 87.63
INFO >> Epoch: 5  |  Layer:  8  |  Train Loss: 0.767 | Train Acc: 73.04  |  Val Loss: 0.741 | Val Acc: 77.06  |  Test Loss: 0.453 | Tes Acc: 89.25
INFO >> Epoch: 5  |  Layer:  9  |  Train Loss: 0.746 | Train Acc: 74.44  |  Val Loss: 0.709 | Val Acc: 77.60  |  Test Loss: 0.435 | Tes Acc: 88.71
INFO >> Epoch: 5  |  Layer: 10  |  Train Loss: 0.753 | Train Acc: 73.62  |  Val Loss: 0.736 | Val Acc: 75.99  |  Test Loss: 0.433 | Tes Acc: 89.25
INFO >> Epoch: 5  |  Layer: 11  |  Train Loss: 0.769 | Train Acc: 72.95  |  Val Loss: 0.754 | Val Acc: 75.27  |  Test Loss: 0.497 | Tes Acc: 85.48
INFO >> Epoch: 5  |  Layer: 12  |  Train Loss: 0.748 | Train Acc: 74.20  |  Val Loss: 0.737 | Val Acc: 75.99  |  Test Loss: 0.472 | Tes Acc: 87.63
INFO >> Epoch: 5  |  Layer: 13  |  Train Loss: 0.705 | Train Acc: 75.89  |  Val Loss: 0.729 | Val Acc: 76.52  |  Test Loss: 0.426 | Tes Acc: 88.17
INFO >> Epoch: 5  |  Layer: 14  |  Train Loss: 0.695 | Train Acc: 76.67  |  Val Loss: 0.720 | Val Acc: 76.34  |  Test Loss: 0.409 | Tes Acc: 88.17
INFO >> Epoch: 5  |  Layer: 15  |  Train Loss: 0.674 | Train Acc: 77.78  |  Val Loss: 0.687 | Val Acc: 78.67  |  Test Loss: 0.388 | Tes Acc: 89.25
INFO >> Epoch: 5  |  Layer: 16  |  Train Loss: 0.681 | Train Acc: 76.86  |  Val Loss: 0.685 | Val Acc: 78.49  |  Test Loss: 0.388 | Tes Acc: 90.86
INFO >> Epoch: 5  |  Layer: 17  |  Train Loss: 0.650 | Train Acc: 77.78  |  Val Loss: 0.665 | Val Acc: 77.42  |  Test Loss: 0.361 | Tes Acc: 91.13
INFO >> Epoch: 5  |  Layer: 18  |  Train Loss: 0.618 | Train Acc: 78.94  |  Val Loss: 0.663 | Val Acc: 77.24  |  Test Loss: 0.351 | Tes Acc: 90.32
INFO >> Epoch: 5  |  Layer: 19  |  Train Loss: 0.677 | Train Acc: 77.29  |  Val Loss: 0.703 | Val Acc: 75.81  |  Test Loss: 0.390 | Tes Acc: 89.78
INFO >> Epoch: 5  |  Layer: 20  |  Train Loss: 0.775 | Train Acc: 72.95  |  Val Loss: 0.803 | Val Acc: 74.19  |  Test Loss: 0.449 | Tes Acc: 88.17
INFO >> Epoch: 5  |  Layer: 21  |  Train Loss: 0.776 | Train Acc: 73.00  |  Val Loss: 0.821 | Val Acc: 74.37  |  Test Loss: 0.482 | Tes Acc: 86.29
INFO >> Epoch: 5  |  Layer: 22  |  Train Loss: 1.076 | Train Acc: 62.32  |  Val Loss: 1.006 | Val Acc: 65.59  |  Test Loss: 0.669 | Tes Acc: 82.26
INFO >> Epoch: 5  |  Layer: 23  |  Train Loss: 1.266 | Train Acc: 53.91  |  Val Loss: 1.181 | Val Acc: 63.44  |  Test Loss: 0.917 | Tes Acc: 76.08
INFO >> Epoch: 5  |  Layer: 24  |  Train Loss: 1.285 | Train Acc: 52.71  |  Val Loss: 1.147 | Val Acc: 64.34  |  Test Loss: 0.889 | Tes Acc: 79.03

INFO >> Epoch: 6  |  Layer:  1  |  Train Loss: 0.944 | Train Acc: 67.20  |  Val Loss: 0.897 | Val Acc: 69.53  |  Test Loss: 0.557 | Tes Acc: 85.22
INFO >> Epoch: 6  |  Layer:  2  |  Train Loss: 0.888 | Train Acc: 69.81  |  Val Loss: 0.855 | Val Acc: 70.61  |  Test Loss: 0.487 | Tes Acc: 87.10
INFO >> Epoch: 6  |  Layer:  3  |  Train Loss: 0.877 | Train Acc: 69.86  |  Val Loss: 0.831 | Val Acc: 71.86  |  Test Loss: 0.477 | Tes Acc: 86.83
INFO >> Epoch: 6  |  Layer:  4  |  Train Loss: 0.839 | Train Acc: 70.53  |  Val Loss: 0.850 | Val Acc: 70.79  |  Test Loss: 0.522 | Tes Acc: 81.99
INFO >> Epoch: 6  |  Layer:  5  |  Train Loss: 0.773 | Train Acc: 73.19  |  Val Loss: 0.833 | Val Acc: 71.15  |  Test Loss: 0.471 | Tes Acc: 85.22
INFO >> Epoch: 6  |  Layer:  6  |  Train Loss: 0.806 | Train Acc: 71.93  |  Val Loss: 0.815 | Val Acc: 70.61  |  Test Loss: 0.477 | Tes Acc: 84.68
INFO >> Epoch: 6  |  Layer:  7  |  Train Loss: 0.750 | Train Acc: 73.86  |  Val Loss: 0.759 | Val Acc: 73.48  |  Test Loss: 0.459 | Tes Acc: 86.29
INFO >> Epoch: 6  |  Layer:  8  |  Train Loss: 0.779 | Train Acc: 73.43  |  Val Loss: 0.959 | Val Acc: 64.16  |  Test Loss: 0.643 | Tes Acc: 72.58
INFO >> Epoch: 6  |  Layer:  9  |  Train Loss: 0.749 | Train Acc: 73.82  |  Val Loss: 0.865 | Val Acc: 68.10  |  Test Loss: 0.576 | Tes Acc: 79.57
INFO >> Epoch: 6  |  Layer: 10  |  Train Loss: 0.752 | Train Acc: 74.78  |  Val Loss: 0.975 | Val Acc: 64.52  |  Test Loss: 0.685 | Tes Acc: 72.85
INFO >> Epoch: 6  |  Layer: 11  |  Train Loss: 0.753 | Train Acc: 74.64  |  Val Loss: 0.972 | Val Acc: 64.87  |  Test Loss: 0.620 | Tes Acc: 74.73
INFO >> Epoch: 6  |  Layer: 12  |  Train Loss: 0.724 | Train Acc: 75.41  |  Val Loss: 0.896 | Val Acc: 67.20  |  Test Loss: 0.551 | Tes Acc: 78.23
INFO >> Epoch: 6  |  Layer: 13  |  Train Loss: 0.710 | Train Acc: 76.62  |  Val Loss: 0.884 | Val Acc: 69.71  |  Test Loss: 0.506 | Tes Acc: 80.38
INFO >> Epoch: 6  |  Layer: 14  |  Train Loss: 0.680 | Train Acc: 77.63  |  Val Loss: 0.839 | Val Acc: 72.04  |  Test Loss: 0.455 | Tes Acc: 83.33
INFO >> Epoch: 6  |  Layer: 15  |  Train Loss: 0.675 | Train Acc: 77.44  |  Val Loss: 0.896 | Val Acc: 69.89  |  Test Loss: 0.491 | Tes Acc: 80.65
INFO >> Epoch: 6  |  Layer: 16  |  Train Loss: 0.685 | Train Acc: 77.00  |  Val Loss: 0.842 | Val Acc: 70.61  |  Test Loss: 0.495 | Tes Acc: 81.45
INFO >> Epoch: 6  |  Layer: 17  |  Train Loss: 0.662 | Train Acc: 78.36  |  Val Loss: 0.771 | Val Acc: 72.94  |  Test Loss: 0.412 | Tes Acc: 85.48
INFO >> Epoch: 6  |  Layer: 18  |  Train Loss: 0.619 | Train Acc: 79.32  |  Val Loss: 0.759 | Val Acc: 73.84  |  Test Loss: 0.407 | Tes Acc: 83.87
INFO >> Epoch: 6  |  Layer: 19  |  Train Loss: 0.694 | Train Acc: 76.18  |  Val Loss: 0.783 | Val Acc: 71.33  |  Test Loss: 0.428 | Tes Acc: 83.06
INFO >> Epoch: 6  |  Layer: 20  |  Train Loss: 0.828 | Train Acc: 71.64  |  Val Loss: 0.895 | Val Acc: 65.77  |  Test Loss: 0.509 | Tes Acc: 81.99
INFO >> Epoch: 6  |  Layer: 21  |  Train Loss: 0.809 | Train Acc: 72.71  |  Val Loss: 1.049 | Val Acc: 60.75  |  Test Loss: 0.695 | Tes Acc: 72.85
INFO >> Epoch: 6  |  Layer: 22  |  Train Loss: 1.031 | Train Acc: 63.38  |  Val Loss: 1.025 | Val Acc: 66.49  |  Test Loss: 0.632 | Tes Acc: 79.57
INFO >> Epoch: 6  |  Layer: 23  |  Train Loss: 1.249 | Train Acc: 53.29  |  Val Loss: 1.167 | Val Acc: 58.60  |  Test Loss: 0.858 | Tes Acc: 70.70
INFO >> Epoch: 6  |  Layer: 24  |  Train Loss: 1.226 | Train Acc: 54.49  |  Val Loss: 1.219 | Val Acc: 51.08  |  Test Loss: 0.888 | Tes Acc: 65.32

INFO >> Epoch: 7  |  Layer:  1  |  Train Loss: 0.952 | Train Acc: 66.57  |  Val Loss: 0.906 | Val Acc: 69.18  |  Test Loss: 0.593 | Tes Acc: 80.38
INFO >> Epoch: 7  |  Layer:  2  |  Train Loss: 0.874 | Train Acc: 69.66  |  Val Loss: 0.828 | Val Acc: 72.76  |  Test Loss: 0.504 | Tes Acc: 85.75
INFO >> Epoch: 7  |  Layer:  3  |  Train Loss: 0.847 | Train Acc: 70.92  |  Val Loss: 0.808 | Val Acc: 73.48  |  Test Loss: 0.479 | Tes Acc: 86.29
INFO >> Epoch: 7  |  Layer:  4  |  Train Loss: 0.802 | Train Acc: 73.00  |  Val Loss: 0.755 | Val Acc: 75.99  |  Test Loss: 0.440 | Tes Acc: 87.90
INFO >> Epoch: 7  |  Layer:  5  |  Train Loss: 0.730 | Train Acc: 74.93  |  Val Loss: 0.702 | Val Acc: 76.70  |  Test Loss: 0.379 | Tes Acc: 89.78
INFO >> Epoch: 7  |  Layer:  6  |  Train Loss: 0.740 | Train Acc: 74.78  |  Val Loss: 0.711 | Val Acc: 76.52  |  Test Loss: 0.407 | Tes Acc: 88.98
INFO >> Epoch: 7  |  Layer:  7  |  Train Loss: 0.677 | Train Acc: 76.52  |  Val Loss: 0.674 | Val Acc: 75.99  |  Test Loss: 0.361 | Tes Acc: 89.78
INFO >> Epoch: 7  |  Layer:  8  |  Train Loss: 0.723 | Train Acc: 75.31  |  Val Loss: 0.675 | Val Acc: 78.32  |  Test Loss: 0.349 | Tes Acc: 92.20
INFO >> Epoch: 7  |  Layer:  9  |  Train Loss: 0.705 | Train Acc: 76.47  |  Val Loss: 0.670 | Val Acc: 78.67  |  Test Loss: 0.365 | Tes Acc: 90.59
INFO >> Epoch: 7  |  Layer: 10  |  Train Loss: 0.708 | Train Acc: 75.94  |  Val Loss: 0.657 | Val Acc: 77.42  |  Test Loss: 0.357 | Tes Acc: 90.05
INFO >> Epoch: 7  |  Layer: 11  |  Train Loss: 0.730 | Train Acc: 75.22  |  Val Loss: 0.675 | Val Acc: 77.42  |  Test Loss: 0.362 | Tes Acc: 90.05
INFO >> Epoch: 7  |  Layer: 12  |  Train Loss: 0.688 | Train Acc: 76.43  |  Val Loss: 0.652 | Val Acc: 78.85  |  Test Loss: 0.349 | Tes Acc: 90.59
INFO >> Epoch: 7  |  Layer: 13  |  Train Loss: 0.665 | Train Acc: 77.78  |  Val Loss: 0.640 | Val Acc: 78.85  |  Test Loss: 0.332 | Tes Acc: 90.86
INFO >> Epoch: 7  |  Layer: 14  |  Train Loss: 0.647 | Train Acc: 77.68  |  Val Loss: 0.635 | Val Acc: 78.14  |  Test Loss: 0.320 | Tes Acc: 89.52
INFO >> Epoch: 7  |  Layer: 15  |  Train Loss: 0.655 | Train Acc: 77.68  |  Val Loss: 0.618 | Val Acc: 80.65  |  Test Loss: 0.310 | Tes Acc: 90.86
INFO >> Epoch: 7  |  Layer: 16  |  Train Loss: 0.642 | Train Acc: 78.74  |  Val Loss: 0.633 | Val Acc: 80.11  |  Test Loss: 0.315 | Tes Acc: 89.52
INFO >> Epoch: 7  |  Layer: 17  |  Train Loss: 0.627 | Train Acc: 79.03  |  Val Loss: 0.607 | Val Acc: 78.49  |  Test Loss: 0.320 | Tes Acc: 89.78
INFO >> Epoch: 7  |  Layer: 18  |  Train Loss: 0.617 | Train Acc: 78.74  |  Val Loss: 0.603 | Val Acc: 80.47  |  Test Loss: 0.310 | Tes Acc: 90.32
INFO >> Epoch: 7  |  Layer: 19  |  Train Loss: 0.676 | Train Acc: 76.76  |  Val Loss: 0.630 | Val Acc: 78.67  |  Test Loss: 0.328 | Tes Acc: 88.17
INFO >> Epoch: 7  |  Layer: 20  |  Train Loss: 0.803 | Train Acc: 71.06  |  Val Loss: 0.760 | Val Acc: 75.09  |  Test Loss: 0.432 | Tes Acc: 85.75
INFO >> Epoch: 7  |  Layer: 21  |  Train Loss: 0.801 | Train Acc: 72.42  |  Val Loss: 0.741 | Val Acc: 76.34  |  Test Loss: 0.399 | Tes Acc: 86.29
INFO >> Epoch: 7  |  Layer: 22  |  Train Loss: 1.105 | Train Acc: 60.39  |  Val Loss: 1.108 | Val Acc: 61.83  |  Test Loss: 0.775 | Tes Acc: 69.62
INFO >> Epoch: 7  |  Layer: 23  |  Train Loss: 1.277 | Train Acc: 51.98  |  Val Loss: 1.264 | Val Acc: 52.33  |  Test Loss: 0.907 | Tes Acc: 63.71
INFO >> Epoch: 7  |  Layer: 24  |  Train Loss: 1.231 | Train Acc: 53.33  |  Val Loss: 1.328 | Val Acc: 53.05  |  Test Loss: 1.045 | Tes Acc: 61.29

INFO >> Epoch: 8  |  Layer:  1  |  Train Loss: 0.922 | Train Acc: 68.21  |  Val Loss: 0.855 | Val Acc: 71.86  |  Test Loss: 0.566 | Tes Acc: 83.87
INFO >> Epoch: 8  |  Layer:  2  |  Train Loss: 0.869 | Train Acc: 69.47  |  Val Loss: 0.808 | Val Acc: 73.12  |  Test Loss: 0.487 | Tes Acc: 87.90
INFO >> Epoch: 8  |  Layer:  3  |  Train Loss: 0.834 | Train Acc: 71.21  |  Val Loss: 0.774 | Val Acc: 75.09  |  Test Loss: 0.452 | Tes Acc: 89.25
INFO >> Epoch: 8  |  Layer:  4  |  Train Loss: 0.773 | Train Acc: 73.14  |  Val Loss: 0.778 | Val Acc: 73.84  |  Test Loss: 0.442 | Tes Acc: 87.10
INFO >> Epoch: 8  |  Layer:  5  |  Train Loss: 0.711 | Train Acc: 75.46  |  Val Loss: 0.711 | Val Acc: 76.88  |  Test Loss: 0.351 | Tes Acc: 88.71
INFO >> Epoch: 8  |  Layer:  6  |  Train Loss: 0.754 | Train Acc: 74.35  |  Val Loss: 0.735 | Val Acc: 75.63  |  Test Loss: 0.391 | Tes Acc: 88.17
INFO >> Epoch: 8  |  Layer:  7  |  Train Loss: 0.710 | Train Acc: 75.07  |  Val Loss: 0.662 | Val Acc: 79.21  |  Test Loss: 0.372 | Tes Acc: 89.52
INFO >> Epoch: 8  |  Layer:  8  |  Train Loss: 0.705 | Train Acc: 76.43  |  Val Loss: 0.677 | Val Acc: 78.85  |  Test Loss: 0.372 | Tes Acc: 88.98
INFO >> Epoch: 8  |  Layer:  9  |  Train Loss: 0.713 | Train Acc: 75.85  |  Val Loss: 0.641 | Val Acc: 78.67  |  Test Loss: 0.354 | Tes Acc: 89.78
INFO >> Epoch: 8  |  Layer: 10  |  Train Loss: 0.682 | Train Acc: 77.10  |  Val Loss: 0.707 | Val Acc: 75.63  |  Test Loss: 0.413 | Tes Acc: 87.10
INFO >> Epoch: 8  |  Layer: 11  |  Train Loss: 0.690 | Train Acc: 76.47  |  Val Loss: 0.674 | Val Acc: 75.99  |  Test Loss: 0.387 | Tes Acc: 89.25
INFO >> Epoch: 8  |  Layer: 12  |  Train Loss: 0.654 | Train Acc: 78.02  |  Val Loss: 0.758 | Val Acc: 73.66  |  Test Loss: 0.411 | Tes Acc: 86.83
INFO >> Epoch: 8  |  Layer: 13  |  Train Loss: 0.631 | Train Acc: 78.45  |  Val Loss: 0.760 | Val Acc: 75.27  |  Test Loss: 0.431 | Tes Acc: 84.68
INFO >> Epoch: 8  |  Layer: 14  |  Train Loss: 0.609 | Train Acc: 79.28  |  Val Loss: 0.645 | Val Acc: 77.78  |  Test Loss: 0.335 | Tes Acc: 90.05
INFO >> Epoch: 8  |  Layer: 15  |  Train Loss: 0.590 | Train Acc: 80.58  |  Val Loss: 0.679 | Val Acc: 77.24  |  Test Loss: 0.346 | Tes Acc: 88.17
INFO >> Epoch: 8  |  Layer: 16  |  Train Loss: 0.618 | Train Acc: 77.87  |  Val Loss: 0.669 | Val Acc: 76.88  |  Test Loss: 0.348 | Tes Acc: 88.44
INFO >> Epoch: 8  |  Layer: 17  |  Train Loss: 0.602 | Train Acc: 78.31  |  Val Loss: 0.611 | Val Acc: 80.47  |  Test Loss: 0.314 | Tes Acc: 90.32
INFO >> Epoch: 8  |  Layer: 18  |  Train Loss: 0.585 | Train Acc: 80.00  |  Val Loss: 0.606 | Val Acc: 80.65  |  Test Loss: 0.315 | Tes Acc: 91.13
INFO >> Epoch: 8  |  Layer: 19  |  Train Loss: 0.649 | Train Acc: 77.92  |  Val Loss: 0.674 | Val Acc: 75.81  |  Test Loss: 0.364 | Tes Acc: 88.98
INFO >> Epoch: 8  |  Layer: 20  |  Train Loss: 0.720 | Train Acc: 75.41  |  Val Loss: 0.679 | Val Acc: 77.42  |  Test Loss: 0.337 | Tes Acc: 89.52
INFO >> Epoch: 8  |  Layer: 21  |  Train Loss: 0.719 | Train Acc: 75.17  |  Val Loss: 0.795 | Val Acc: 71.51  |  Test Loss: 0.443 | Tes Acc: 85.22
INFO >> Epoch: 8  |  Layer: 22  |  Train Loss: 0.974 | Train Acc: 65.94  |  Val Loss: 1.299 | Val Acc: 55.02  |  Test Loss: 0.911 | Tes Acc: 65.32
INFO >> Epoch: 8  |  Layer: 23  |  Train Loss: 1.226 | Train Acc: 54.30  |  Val Loss: 1.401 | Val Acc: 43.73  |  Test Loss: 1.228 | Tes Acc: 47.31
INFO >> Epoch: 8  |  Layer: 24  |  Train Loss: 1.178 | Train Acc: 56.09  |  Val Loss: 1.381 | Val Acc: 47.13  |  Test Loss: 1.115 | Tes Acc: 53.23

INFO >> Epoch: 9  |  Layer:  1  |  Train Loss: 0.935 | Train Acc: 67.54  |  Val Loss: 0.858 | Val Acc: 72.22  |  Test Loss: 0.536 | Tes Acc: 84.41
INFO >> Epoch: 9  |  Layer:  2  |  Train Loss: 0.861 | Train Acc: 70.14  |  Val Loss: 0.826 | Val Acc: 73.30  |  Test Loss: 0.476 | Tes Acc: 84.95
INFO >> Epoch: 9  |  Layer:  3  |  Train Loss: 0.827 | Train Acc: 71.50  |  Val Loss: 0.824 | Val Acc: 73.12  |  Test Loss: 0.468 | Tes Acc: 85.75
INFO >> Epoch: 9  |  Layer:  4  |  Train Loss: 0.786 | Train Acc: 73.29  |  Val Loss: 0.848 | Val Acc: 71.33  |  Test Loss: 0.478 | Tes Acc: 85.75
INFO >> Epoch: 9  |  Layer:  5  |  Train Loss: 0.704 | Train Acc: 75.75  |  Val Loss: 0.823 | Val Acc: 74.55  |  Test Loss: 0.442 | Tes Acc: 86.83
INFO >> Epoch: 9  |  Layer:  6  |  Train Loss: 0.733 | Train Acc: 74.40  |  Val Loss: 0.833 | Val Acc: 73.66  |  Test Loss: 0.463 | Tes Acc: 84.95
INFO >> Epoch: 9  |  Layer:  7  |  Train Loss: 0.678 | Train Acc: 76.47  |  Val Loss: 0.680 | Val Acc: 77.42  |  Test Loss: 0.366 | Tes Acc: 88.71
INFO >> Epoch: 9  |  Layer:  8  |  Train Loss: 0.670 | Train Acc: 77.05  |  Val Loss: 0.764 | Val Acc: 75.27  |  Test Loss: 0.428 | Tes Acc: 86.56
INFO >> Epoch: 9  |  Layer:  9  |  Train Loss: 0.661 | Train Acc: 76.33  |  Val Loss: 0.766 | Val Acc: 75.81  |  Test Loss: 0.437 | Tes Acc: 85.75
INFO >> Epoch: 9  |  Layer: 10  |  Train Loss: 0.690 | Train Acc: 75.99  |  Val Loss: 0.712 | Val Acc: 76.52  |  Test Loss: 0.400 | Tes Acc: 87.63
INFO >> Epoch: 9  |  Layer: 11  |  Train Loss: 0.663 | Train Acc: 76.67  |  Val Loss: 0.730 | Val Acc: 76.52  |  Test Loss: 0.425 | Tes Acc: 84.14
INFO >> Epoch: 9  |  Layer: 12  |  Train Loss: 0.661 | Train Acc: 77.15  |  Val Loss: 0.699 | Val Acc: 78.14  |  Test Loss: 0.382 | Tes Acc: 87.90
INFO >> Epoch: 9  |  Layer: 13  |  Train Loss: 0.623 | Train Acc: 78.50  |  Val Loss: 0.773 | Val Acc: 75.63  |  Test Loss: 0.463 | Tes Acc: 84.68
INFO >> Epoch: 9  |  Layer: 14  |  Train Loss: 0.599 | Train Acc: 79.28  |  Val Loss: 0.661 | Val Acc: 78.67  |  Test Loss: 0.387 | Tes Acc: 88.71
INFO >> Epoch: 9  |  Layer: 15  |  Train Loss: 0.590 | Train Acc: 79.81  |  Val Loss: 0.758 | Val Acc: 77.06  |  Test Loss: 0.446 | Tes Acc: 86.02
INFO >> Epoch: 9  |  Layer: 16  |  Train Loss: 0.605 | Train Acc: 78.99  |  Val Loss: 0.686 | Val Acc: 78.14  |  Test Loss: 0.393 | Tes Acc: 87.90
INFO >> Epoch: 9  |  Layer: 17  |  Train Loss: 0.580 | Train Acc: 80.43  |  Val Loss: 0.706 | Val Acc: 77.78  |  Test Loss: 0.430 | Tes Acc: 86.83
INFO >> Epoch: 9  |  Layer: 18  |  Train Loss: 0.566 | Train Acc: 80.19  |  Val Loss: 0.699 | Val Acc: 79.93  |  Test Loss: 0.429 | Tes Acc: 87.63
INFO >> Epoch: 9  |  Layer: 19  |  Train Loss: 0.594 | Train Acc: 79.86  |  Val Loss: 0.693 | Val Acc: 79.21  |  Test Loss: 0.414 | Tes Acc: 86.83
INFO >> Epoch: 9  |  Layer: 20  |  Train Loss: 0.679 | Train Acc: 75.75  |  Val Loss: 0.682 | Val Acc: 76.70  |  Test Loss: 0.338 | Tes Acc: 88.98
INFO >> Epoch: 9  |  Layer: 21  |  Train Loss: 0.706 | Train Acc: 75.60  |  Val Loss: 0.755 | Val Acc: 75.27  |  Test Loss: 0.388 | Tes Acc: 87.10
INFO >> Epoch: 9  |  Layer: 22  |  Train Loss: 0.972 | Train Acc: 65.51  |  Val Loss: 0.918 | Val Acc: 66.85  |  Test Loss: 0.608 | Tes Acc: 81.72
INFO >> Epoch: 9  |  Layer: 23  |  Train Loss: 1.174 | Train Acc: 57.92  |  Val Loss: 1.083 | Val Acc: 63.80  |  Test Loss: 0.813 | Tes Acc: 76.08
INFO >> Epoch: 9  |  Layer: 24  |  Train Loss: 1.117 | Train Acc: 59.95  |  Val Loss: 1.158 | Val Acc: 54.48  |  Test Loss: 0.879 | Tes Acc: 65.59

INFO >> Epoch: 10  |  Layer:  1  |  Train Loss: 0.900 | Train Acc: 68.74  |  Val Loss: 0.893 | Val Acc: 71.68  |  Test Loss: 0.520 | Tes Acc: 83.06
INFO >> Epoch: 10  |  Layer:  2  |  Train Loss: 0.816 | Train Acc: 70.48  |  Val Loss: 0.833 | Val Acc: 73.12  |  Test Loss: 0.473 | Tes Acc: 85.48
INFO >> Epoch: 10  |  Layer:  3  |  Train Loss: 0.807 | Train Acc: 70.82  |  Val Loss: 0.778 | Val Acc: 74.91  |  Test Loss: 0.432 | Tes Acc: 86.29
INFO >> Epoch: 10  |  Layer:  4  |  Train Loss: 0.766 | Train Acc: 72.61  |  Val Loss: 0.768 | Val Acc: 74.55  |  Test Loss: 0.417 | Tes Acc: 87.10
INFO >> Epoch: 10  |  Layer:  5  |  Train Loss: 0.699 | Train Acc: 75.51  |  Val Loss: 0.704 | Val Acc: 77.96  |  Test Loss: 0.367 | Tes Acc: 89.52
INFO >> Epoch: 10  |  Layer:  6  |  Train Loss: 0.719 | Train Acc: 75.70  |  Val Loss: 0.693 | Val Acc: 78.32  |  Test Loss: 0.368 | Tes Acc: 89.25
INFO >> Epoch: 10  |  Layer:  7  |  Train Loss: 0.631 | Train Acc: 79.03  |  Val Loss: 0.668 | Val Acc: 79.03  |  Test Loss: 0.344 | Tes Acc: 89.25
INFO >> Epoch: 10  |  Layer:  8  |  Train Loss: 0.651 | Train Acc: 78.31  |  Val Loss: 0.678 | Val Acc: 79.75  |  Test Loss: 0.331 | Tes Acc: 89.78
INFO >> Epoch: 10  |  Layer:  9  |  Train Loss: 0.631 | Train Acc: 78.45  |  Val Loss: 0.672 | Val Acc: 80.11  |  Test Loss: 0.342 | Tes Acc: 89.52
INFO >> Epoch: 10  |  Layer: 10  |  Train Loss: 0.637 | Train Acc: 78.65  |  Val Loss: 0.678 | Val Acc: 77.96  |  Test Loss: 0.352 | Tes Acc: 88.98
INFO >> Epoch: 10  |  Layer: 11  |  Train Loss: 0.627 | Train Acc: 79.37  |  Val Loss: 0.666 | Val Acc: 78.85  |  Test Loss: 0.337 | Tes Acc: 88.98
INFO >> Epoch: 10  |  Layer: 12  |  Train Loss: 0.604 | Train Acc: 79.76  |  Val Loss: 0.681 | Val Acc: 78.67  |  Test Loss: 0.339 | Tes Acc: 88.98
INFO >> Epoch: 10  |  Layer: 13  |  Train Loss: 0.628 | Train Acc: 78.21  |  Val Loss: 0.632 | Val Acc: 79.03  |  Test Loss: 0.322 | Tes Acc: 89.25
INFO >> Epoch: 10  |  Layer: 14  |  Train Loss: 0.555 | Train Acc: 81.35  |  Val Loss: 0.631 | Val Acc: 80.11  |  Test Loss: 0.311 | Tes Acc: 90.59
INFO >> Epoch: 10  |  Layer: 15  |  Train Loss: 0.576 | Train Acc: 80.39  |  Val Loss: 0.650 | Val Acc: 80.47  |  Test Loss: 0.326 | Tes Acc: 90.05
INFO >> Epoch: 10  |  Layer: 16  |  Train Loss: 0.557 | Train Acc: 81.40  |  Val Loss: 0.620 | Val Acc: 79.93  |  Test Loss: 0.318 | Tes Acc: 89.78
INFO >> Epoch: 10  |  Layer: 17  |  Train Loss: 0.543 | Train Acc: 81.40  |  Val Loss: 0.619 | Val Acc: 80.47  |  Test Loss: 0.322 | Tes Acc: 90.05
INFO >> Epoch: 10  |  Layer: 18  |  Train Loss: 0.513 | Train Acc: 82.42  |  Val Loss: 0.624 | Val Acc: 81.54  |  Test Loss: 0.320 | Tes Acc: 89.25
INFO >> Epoch: 10  |  Layer: 19  |  Train Loss: 0.570 | Train Acc: 81.11  |  Val Loss: 0.636 | Val Acc: 79.75  |  Test Loss: 0.311 | Tes Acc: 89.52
INFO >> Epoch: 10  |  Layer: 20  |  Train Loss: 0.675 | Train Acc: 76.28  |  Val Loss: 0.828 | Val Acc: 72.94  |  Test Loss: 0.453 | Tes Acc: 83.87
INFO >> Epoch: 10  |  Layer: 21  |  Train Loss: 0.675 | Train Acc: 77.05  |  Val Loss: 0.763 | Val Acc: 74.91  |  Test Loss: 0.367 | Tes Acc: 86.83
INFO >> Epoch: 10  |  Layer: 22  |  Train Loss: 0.943 | Train Acc: 67.00  |  Val Loss: 1.081 | Val Acc: 61.29  |  Test Loss: 0.816 | Tes Acc: 67.74
INFO >> Epoch: 10  |  Layer: 23  |  Train Loss: 1.177 | Train Acc: 57.97  |  Val Loss: 1.390 | Val Acc: 47.67  |  Test Loss: 1.164 | Tes Acc: 49.73
INFO >> Epoch: 10  |  Layer: 24  |  Train Loss: 1.101 | Train Acc: 59.90  |  Val Loss: 1.258 | Val Acc: 52.69  |  Test Loss: 1.023 | Tes Acc: 58.60

INFO >> Epoch: 11  |  Layer:  1  |  Train Loss: 0.881 | Train Acc: 69.13  |  Val Loss: 0.835 | Val Acc: 72.22  |  Test Loss: 0.562 | Tes Acc: 83.06
INFO >> Epoch: 11  |  Layer:  2  |  Train Loss: 0.827 | Train Acc: 71.50  |  Val Loss: 0.776 | Val Acc: 73.48  |  Test Loss: 0.511 | Tes Acc: 85.22
INFO >> Epoch: 11  |  Layer:  3  |  Train Loss: 0.793 | Train Acc: 71.79  |  Val Loss: 0.737 | Val Acc: 76.70  |  Test Loss: 0.453 | Tes Acc: 87.63
INFO >> Epoch: 11  |  Layer:  4  |  Train Loss: 0.732 | Train Acc: 74.06  |  Val Loss: 0.698 | Val Acc: 76.16  |  Test Loss: 0.411 | Tes Acc: 88.71
INFO >> Epoch: 11  |  Layer:  5  |  Train Loss: 0.654 | Train Acc: 76.43  |  Val Loss: 0.661 | Val Acc: 78.32  |  Test Loss: 0.372 | Tes Acc: 88.98
INFO >> Epoch: 11  |  Layer:  6  |  Train Loss: 0.672 | Train Acc: 76.04  |  Val Loss: 0.641 | Val Acc: 79.21  |  Test Loss: 0.401 | Tes Acc: 89.25
INFO >> Epoch: 11  |  Layer:  7  |  Train Loss: 0.628 | Train Acc: 77.97  |  Val Loss: 0.602 | Val Acc: 81.36  |  Test Loss: 0.376 | Tes Acc: 90.05
INFO >> Epoch: 11  |  Layer:  8  |  Train Loss: 0.636 | Train Acc: 77.83  |  Val Loss: 0.600 | Val Acc: 81.90  |  Test Loss: 0.351 | Tes Acc: 91.67
INFO >> Epoch: 11  |  Layer:  9  |  Train Loss: 0.627 | Train Acc: 78.79  |  Val Loss: 0.578 | Val Acc: 81.90  |  Test Loss: 0.334 | Tes Acc: 91.94
INFO >> Epoch: 11  |  Layer: 10  |  Train Loss: 0.657 | Train Acc: 77.83  |  Val Loss: 0.588 | Val Acc: 82.26  |  Test Loss: 0.328 | Tes Acc: 91.94
INFO >> Epoch: 11  |  Layer: 11  |  Train Loss: 0.653 | Train Acc: 77.54  |  Val Loss: 0.581 | Val Acc: 81.90  |  Test Loss: 0.342 | Tes Acc: 90.05
INFO >> Epoch: 11  |  Layer: 12  |  Train Loss: 0.635 | Train Acc: 78.94  |  Val Loss: 0.568 | Val Acc: 82.08  |  Test Loss: 0.309 | Tes Acc: 92.47
INFO >> Epoch: 11  |  Layer: 13  |  Train Loss: 0.587 | Train Acc: 80.48  |  Val Loss: 0.553 | Val Acc: 83.15  |  Test Loss: 0.306 | Tes Acc: 90.86
INFO >> Epoch: 11  |  Layer: 14  |  Train Loss: 0.550 | Train Acc: 81.64  |  Val Loss: 0.547 | Val Acc: 82.44  |  Test Loss: 0.299 | Tes Acc: 91.67
INFO >> Epoch: 11  |  Layer: 15  |  Train Loss: 0.542 | Train Acc: 82.46  |  Val Loss: 0.571 | Val Acc: 81.18  |  Test Loss: 0.319 | Tes Acc: 90.32
INFO >> Epoch: 11  |  Layer: 16  |  Train Loss: 0.549 | Train Acc: 81.64  |  Val Loss: 0.559 | Val Acc: 83.51  |  Test Loss: 0.303 | Tes Acc: 91.13
INFO >> Epoch: 11  |  Layer: 17  |  Train Loss: 0.541 | Train Acc: 81.55  |  Val Loss: 0.547 | Val Acc: 83.33  |  Test Loss: 0.290 | Tes Acc: 91.13
INFO >> Epoch: 11  |  Layer: 18  |  Train Loss: 0.518 | Train Acc: 82.27  |  Val Loss: 0.574 | Val Acc: 82.26  |  Test Loss: 0.303 | Tes Acc: 90.05
INFO >> Epoch: 11  |  Layer: 19  |  Train Loss: 0.571 | Train Acc: 80.77  |  Val Loss: 0.558 | Val Acc: 82.08  |  Test Loss: 0.284 | Tes Acc: 91.13
INFO >> Epoch: 11  |  Layer: 20  |  Train Loss: 0.678 | Train Acc: 76.96  |  Val Loss: 0.631 | Val Acc: 78.14  |  Test Loss: 0.350 | Tes Acc: 90.59
INFO >> Epoch: 11  |  Layer: 21  |  Train Loss: 0.670 | Train Acc: 77.34  |  Val Loss: 0.643 | Val Acc: 78.85  |  Test Loss: 0.330 | Tes Acc: 91.40
INFO >> Epoch: 11  |  Layer: 22  |  Train Loss: 0.916 | Train Acc: 68.16  |  Val Loss: 0.844 | Val Acc: 71.68  |  Test Loss: 0.532 | Tes Acc: 82.80
INFO >> Epoch: 11  |  Layer: 23  |  Train Loss: 1.134 | Train Acc: 58.74  |  Val Loss: 1.029 | Val Acc: 67.03  |  Test Loss: 0.772 | Tes Acc: 76.34
INFO >> Epoch: 11  |  Layer: 24  |  Train Loss: 1.121 | Train Acc: 58.50  |  Val Loss: 1.016 | Val Acc: 65.05  |  Test Loss: 0.738 | Tes Acc: 79.30

INFO >> Epoch: 12  |  Layer:  1  |  Train Loss: 0.846 | Train Acc: 70.10  |  Val Loss: 0.833 | Val Acc: 72.76  |  Test Loss: 0.540 | Tes Acc: 83.60
INFO >> Epoch: 12  |  Layer:  2  |  Train Loss: 0.770 | Train Acc: 74.20  |  Val Loss: 0.806 | Val Acc: 72.22  |  Test Loss: 0.507 | Tes Acc: 84.14
INFO >> Epoch: 12  |  Layer:  3  |  Train Loss: 0.735 | Train Acc: 75.41  |  Val Loss: 0.772 | Val Acc: 74.01  |  Test Loss: 0.487 | Tes Acc: 86.02
INFO >> Epoch: 12  |  Layer:  4  |  Train Loss: 0.685 | Train Acc: 76.47  |  Val Loss: 0.724 | Val Acc: 76.34  |  Test Loss: 0.470 | Tes Acc: 86.29
INFO >> Epoch: 12  |  Layer:  5  |  Train Loss: 0.621 | Train Acc: 79.08  |  Val Loss: 0.696 | Val Acc: 77.96  |  Test Loss: 0.466 | Tes Acc: 84.68
INFO >> Epoch: 12  |  Layer:  6  |  Train Loss: 0.644 | Train Acc: 77.97  |  Val Loss: 0.676 | Val Acc: 77.24  |  Test Loss: 0.436 | Tes Acc: 86.83
INFO >> Epoch: 12  |  Layer:  7  |  Train Loss: 0.587 | Train Acc: 80.34  |  Val Loss: 0.602 | Val Acc: 80.65  |  Test Loss: 0.350 | Tes Acc: 90.59
INFO >> Epoch: 12  |  Layer:  8  |  Train Loss: 0.577 | Train Acc: 80.82  |  Val Loss: 0.646 | Val Acc: 79.75  |  Test Loss: 0.420 | Tes Acc: 87.10
INFO >> Epoch: 12  |  Layer:  9  |  Train Loss: 0.574 | Train Acc: 80.92  |  Val Loss: 0.600 | Val Acc: 82.80  |  Test Loss: 0.386 | Tes Acc: 89.25
INFO >> Epoch: 12  |  Layer: 10  |  Train Loss: 0.587 | Train Acc: 79.86  |  Val Loss: 0.606 | Val Acc: 81.90  |  Test Loss: 0.375 | Tes Acc: 90.32
INFO >> Epoch: 12  |  Layer: 11  |  Train Loss: 0.596 | Train Acc: 79.81  |  Val Loss: 0.645 | Val Acc: 79.21  |  Test Loss: 0.425 | Tes Acc: 87.90
INFO >> Epoch: 12  |  Layer: 12  |  Train Loss: 0.570 | Train Acc: 80.68  |  Val Loss: 0.658 | Val Acc: 79.21  |  Test Loss: 0.421 | Tes Acc: 88.17
INFO >> Epoch: 12  |  Layer: 13  |  Train Loss: 0.540 | Train Acc: 81.69  |  Val Loss: 0.605 | Val Acc: 79.93  |  Test Loss: 0.382 | Tes Acc: 90.32
INFO >> Epoch: 12  |  Layer: 14  |  Train Loss: 0.531 | Train Acc: 81.69  |  Val Loss: 0.615 | Val Acc: 79.39  |  Test Loss: 0.406 | Tes Acc: 86.56
INFO >> Epoch: 12  |  Layer: 15  |  Train Loss: 0.520 | Train Acc: 81.30  |  Val Loss: 0.653 | Val Acc: 77.24  |  Test Loss: 0.426 | Tes Acc: 84.95
INFO >> Epoch: 12  |  Layer: 16  |  Train Loss: 0.535 | Train Acc: 81.84  |  Val Loss: 0.603 | Val Acc: 81.90  |  Test Loss: 0.368 | Tes Acc: 89.52
INFO >> Epoch: 12  |  Layer: 17  |  Train Loss: 0.510 | Train Acc: 82.61  |  Val Loss: 0.630 | Val Acc: 79.93  |  Test Loss: 0.410 | Tes Acc: 87.10
INFO >> Epoch: 12  |  Layer: 18  |  Train Loss: 0.480 | Train Acc: 83.00  |  Val Loss: 0.608 | Val Acc: 80.65  |  Test Loss: 0.407 | Tes Acc: 86.56
INFO >> Epoch: 12  |  Layer: 19  |  Train Loss: 0.512 | Train Acc: 82.42  |  Val Loss: 0.612 | Val Acc: 80.29  |  Test Loss: 0.394 | Tes Acc: 87.37
INFO >> Epoch: 12  |  Layer: 20  |  Train Loss: 0.622 | Train Acc: 78.41  |  Val Loss: 0.650 | Val Acc: 78.14  |  Test Loss: 0.414 | Tes Acc: 87.10
INFO >> Epoch: 12  |  Layer: 21  |  Train Loss: 0.622 | Train Acc: 77.87  |  Val Loss: 0.640 | Val Acc: 80.47  |  Test Loss: 0.394 | Tes Acc: 88.17
INFO >> Epoch: 12  |  Layer: 22  |  Train Loss: 0.872 | Train Acc: 69.13  |  Val Loss: 0.896 | Val Acc: 69.53  |  Test Loss: 0.667 | Tes Acc: 79.57
INFO >> Epoch: 12  |  Layer: 23  |  Train Loss: 1.064 | Train Acc: 61.98  |  Val Loss: 1.038 | Val Acc: 67.03  |  Test Loss: 0.751 | Tes Acc: 78.49
INFO >> Epoch: 12  |  Layer: 24  |  Train Loss: 1.023 | Train Acc: 63.48  |  Val Loss: 0.982 | Val Acc: 69.18  |  Test Loss: 0.726 | Tes Acc: 79.84

INFO >> Epoch: 13  |  Layer:  1  |  Train Loss: 0.850 | Train Acc: 71.06  |  Val Loss: 0.936 | Val Acc: 68.46  |  Test Loss: 0.696 | Tes Acc: 77.42
INFO >> Epoch: 13  |  Layer:  2  |  Train Loss: 0.778 | Train Acc: 73.00  |  Val Loss: 0.904 | Val Acc: 68.64  |  Test Loss: 0.671 | Tes Acc: 79.03
INFO >> Epoch: 13  |  Layer:  3  |  Train Loss: 0.740 | Train Acc: 74.59  |  Val Loss: 0.888 | Val Acc: 68.28  |  Test Loss: 0.630 | Tes Acc: 78.76
INFO >> Epoch: 13  |  Layer:  4  |  Train Loss: 0.683 | Train Acc: 76.38  |  Val Loss: 0.820 | Val Acc: 71.15  |  Test Loss: 0.560 | Tes Acc: 81.45
INFO >> Epoch: 13  |  Layer:  5  |  Train Loss: 0.616 | Train Acc: 78.89  |  Val Loss: 0.814 | Val Acc: 70.79  |  Test Loss: 0.509 | Tes Acc: 83.33
INFO >> Epoch: 13  |  Layer:  6  |  Train Loss: 0.648 | Train Acc: 78.55  |  Val Loss: 0.855 | Val Acc: 70.79  |  Test Loss: 0.596 | Tes Acc: 79.30
INFO >> Epoch: 13  |  Layer:  7  |  Train Loss: 0.583 | Train Acc: 80.92  |  Val Loss: 0.667 | Val Acc: 77.42  |  Test Loss: 0.418 | Tes Acc: 87.63
INFO >> Epoch: 13  |  Layer:  8  |  Train Loss: 0.585 | Train Acc: 80.05  |  Val Loss: 0.682 | Val Acc: 75.99  |  Test Loss: 0.398 | Tes Acc: 88.98
INFO >> Epoch: 13  |  Layer:  9  |  Train Loss: 0.576 | Train Acc: 80.29  |  Val Loss: 0.697 | Val Acc: 76.52  |  Test Loss: 0.434 | Tes Acc: 87.63
INFO >> Epoch: 13  |  Layer: 10  |  Train Loss: 0.607 | Train Acc: 79.13  |  Val Loss: 0.629 | Val Acc: 80.47  |  Test Loss: 0.395 | Tes Acc: 90.32
INFO >> Epoch: 13  |  Layer: 11  |  Train Loss: 0.609 | Train Acc: 78.70  |  Val Loss: 0.652 | Val Acc: 76.88  |  Test Loss: 0.405 | Tes Acc: 88.44
INFO >> Epoch: 13  |  Layer: 12  |  Train Loss: 0.584 | Train Acc: 79.57  |  Val Loss: 0.677 | Val Acc: 75.63  |  Test Loss: 0.376 | Tes Acc: 88.44
INFO >> Epoch: 13  |  Layer: 13  |  Train Loss: 0.557 | Train Acc: 80.14  |  Val Loss: 0.688 | Val Acc: 77.78  |  Test Loss: 0.381 | Tes Acc: 87.10
INFO >> Epoch: 13  |  Layer: 14  |  Train Loss: 0.535 | Train Acc: 81.50  |  Val Loss: 0.658 | Val Acc: 77.42  |  Test Loss: 0.355 | Tes Acc: 89.25
INFO >> Epoch: 13  |  Layer: 15  |  Train Loss: 0.540 | Train Acc: 81.21  |  Val Loss: 0.646 | Val Acc: 78.14  |  Test Loss: 0.333 | Tes Acc: 89.25
INFO >> Epoch: 13  |  Layer: 16  |  Train Loss: 0.530 | Train Acc: 81.35  |  Val Loss: 0.646 | Val Acc: 75.99  |  Test Loss: 0.335 | Tes Acc: 88.98
INFO >> Epoch: 13  |  Layer: 17  |  Train Loss: 0.532 | Train Acc: 80.72  |  Val Loss: 0.666 | Val Acc: 79.21  |  Test Loss: 0.351 | Tes Acc: 90.59
INFO >> Epoch: 13  |  Layer: 18  |  Train Loss: 0.512 | Train Acc: 82.61  |  Val Loss: 0.609 | Val Acc: 80.29  |  Test Loss: 0.315 | Tes Acc: 91.67
INFO >> Epoch: 13  |  Layer: 19  |  Train Loss: 0.580 | Train Acc: 80.43  |  Val Loss: 0.718 | Val Acc: 77.42  |  Test Loss: 0.413 | Tes Acc: 86.56
INFO >> Epoch: 13  |  Layer: 20  |  Train Loss: 0.705 | Train Acc: 74.98  |  Val Loss: 0.635 | Val Acc: 77.06  |  Test Loss: 0.328 | Tes Acc: 90.86
INFO >> Epoch: 13  |  Layer: 21  |  Train Loss: 0.683 | Train Acc: 75.07  |  Val Loss: 0.739 | Val Acc: 73.12  |  Test Loss: 0.445 | Tes Acc: 83.60
INFO >> Epoch: 13  |  Layer: 22  |  Train Loss: 0.930 | Train Acc: 67.73  |  Val Loss: 0.894 | Val Acc: 69.89  |  Test Loss: 0.571 | Tes Acc: 79.57
INFO >> Epoch: 13  |  Layer: 23  |  Train Loss: 1.064 | Train Acc: 61.79  |  Val Loss: 1.100 | Val Acc: 56.81  |  Test Loss: 0.794 | Tes Acc: 67.47
INFO >> Epoch: 13  |  Layer: 24  |  Train Loss: 1.061 | Train Acc: 61.40  |  Val Loss: 1.167 | Val Acc: 52.33  |  Test Loss: 0.841 | Tes Acc: 63.98

INFO >> Epoch: 14  |  Layer:  1  |  Train Loss: 0.882 | Train Acc: 68.79  |  Val Loss: 0.847 | Val Acc: 71.15  |  Test Loss: 0.537 | Tes Acc: 81.45
INFO >> Epoch: 14  |  Layer:  2  |  Train Loss: 0.788 | Train Acc: 72.90  |  Val Loss: 0.805 | Val Acc: 72.94  |  Test Loss: 0.494 | Tes Acc: 82.53
INFO >> Epoch: 14  |  Layer:  3  |  Train Loss: 0.758 | Train Acc: 73.77  |  Val Loss: 0.758 | Val Acc: 75.45  |  Test Loss: 0.438 | Tes Acc: 86.29
INFO >> Epoch: 14  |  Layer:  4  |  Train Loss: 0.712 | Train Acc: 75.31  |  Val Loss: 0.725 | Val Acc: 76.34  |  Test Loss: 0.410 | Tes Acc: 86.83
INFO >> Epoch: 14  |  Layer:  5  |  Train Loss: 0.646 | Train Acc: 77.10  |  Val Loss: 0.720 | Val Acc: 75.81  |  Test Loss: 0.421 | Tes Acc: 87.10
INFO >> Epoch: 14  |  Layer:  6  |  Train Loss: 0.666 | Train Acc: 76.81  |  Val Loss: 0.712 | Val Acc: 74.91  |  Test Loss: 0.429 | Tes Acc: 86.56
INFO >> Epoch: 14  |  Layer:  7  |  Train Loss: 0.581 | Train Acc: 80.14  |  Val Loss: 0.638 | Val Acc: 79.75  |  Test Loss: 0.358 | Tes Acc: 89.78
INFO >> Epoch: 14  |  Layer:  8  |  Train Loss: 0.572 | Train Acc: 79.90  |  Val Loss: 0.667 | Val Acc: 79.21  |  Test Loss: 0.353 | Tes Acc: 89.52
INFO >> Epoch: 14  |  Layer:  9  |  Train Loss: 0.555 | Train Acc: 81.84  |  Val Loss: 0.633 | Val Acc: 81.36  |  Test Loss: 0.362 | Tes Acc: 88.71
INFO >> Epoch: 14  |  Layer: 10  |  Train Loss: 0.571 | Train Acc: 81.64  |  Val Loss: 0.613 | Val Acc: 81.54  |  Test Loss: 0.333 | Tes Acc: 89.78
INFO >> Epoch: 14  |  Layer: 11  |  Train Loss: 0.568 | Train Acc: 81.11  |  Val Loss: 0.612 | Val Acc: 80.11  |  Test Loss: 0.354 | Tes Acc: 88.44
INFO >> Epoch: 14  |  Layer: 12  |  Train Loss: 0.548 | Train Acc: 81.50  |  Val Loss: 0.612 | Val Acc: 81.54  |  Test Loss: 0.322 | Tes Acc: 89.25
INFO >> Epoch: 14  |  Layer: 13  |  Train Loss: 0.523 | Train Acc: 81.93  |  Val Loss: 0.598 | Val Acc: 80.82  |  Test Loss: 0.332 | Tes Acc: 89.78
INFO >> Epoch: 14  |  Layer: 14  |  Train Loss: 0.498 | Train Acc: 83.33  |  Val Loss: 0.578 | Val Acc: 81.00  |  Test Loss: 0.332 | Tes Acc: 88.98
INFO >> Epoch: 14  |  Layer: 15  |  Train Loss: 0.495 | Train Acc: 83.53  |  Val Loss: 0.613 | Val Acc: 80.11  |  Test Loss: 0.331 | Tes Acc: 90.05
INFO >> Epoch: 14  |  Layer: 16  |  Train Loss: 0.509 | Train Acc: 83.24  |  Val Loss: 0.608 | Val Acc: 80.29  |  Test Loss: 0.343 | Tes Acc: 89.25
INFO >> Epoch: 14  |  Layer: 17  |  Train Loss: 0.510 | Train Acc: 82.71  |  Val Loss: 0.611 | Val Acc: 80.82  |  Test Loss: 0.335 | Tes Acc: 89.78
INFO >> Epoch: 14  |  Layer: 18  |  Train Loss: 0.459 | Train Acc: 83.57  |  Val Loss: 0.576 | Val Acc: 83.15  |  Test Loss: 0.293 | Tes Acc: 91.13
INFO >> Epoch: 14  |  Layer: 19  |  Train Loss: 0.538 | Train Acc: 81.93  |  Val Loss: 0.589 | Val Acc: 81.36  |  Test Loss: 0.313 | Tes Acc: 90.32
INFO >> Epoch: 14  |  Layer: 20  |  Train Loss: 0.648 | Train Acc: 77.73  |  Val Loss: 0.647 | Val Acc: 79.39  |  Test Loss: 0.344 | Tes Acc: 89.25
INFO >> Epoch: 14  |  Layer: 21  |  Train Loss: 0.649 | Train Acc: 77.73  |  Val Loss: 0.705 | Val Acc: 78.14  |  Test Loss: 0.344 | Tes Acc: 87.90
INFO >> Epoch: 14  |  Layer: 22  |  Train Loss: 0.953 | Train Acc: 66.38  |  Val Loss: 0.850 | Val Acc: 69.18  |  Test Loss: 0.529 | Tes Acc: 83.87
INFO >> Epoch: 14  |  Layer: 23  |  Train Loss: 1.126 | Train Acc: 58.94  |  Val Loss: 1.400 | Val Acc: 49.64  |  Test Loss: 1.181 | Tes Acc: 54.30
INFO >> Epoch: 14  |  Layer: 24  |  Train Loss: 1.075 | Train Acc: 60.87  |  Val Loss: 1.114 | Val Acc: 58.60  |  Test Loss: 0.876 | Tes Acc: 68.28

INFO >> Epoch: 15  |  Layer:  1  |  Train Loss: 0.847 | Train Acc: 70.53  |  Val Loss: 0.875 | Val Acc: 70.25  |  Test Loss: 0.617 | Tes Acc: 81.18
INFO >> Epoch: 15  |  Layer:  2  |  Train Loss: 0.769 | Train Acc: 72.75  |  Val Loss: 0.875 | Val Acc: 68.46  |  Test Loss: 0.633 | Tes Acc: 78.49
INFO >> Epoch: 15  |  Layer:  3  |  Train Loss: 0.741 | Train Acc: 74.30  |  Val Loss: 0.824 | Val Acc: 72.76  |  Test Loss: 0.570 | Tes Acc: 82.53
INFO >> Epoch: 15  |  Layer:  4  |  Train Loss: 0.689 | Train Acc: 76.18  |  Val Loss: 0.781 | Val Acc: 74.19  |  Test Loss: 0.529 | Tes Acc: 83.60
INFO >> Epoch: 15  |  Layer:  5  |  Train Loss: 0.615 | Train Acc: 78.89  |  Val Loss: 0.727 | Val Acc: 76.70  |  Test Loss: 0.431 | Tes Acc: 88.71
INFO >> Epoch: 15  |  Layer:  6  |  Train Loss: 0.624 | Train Acc: 78.31  |  Val Loss: 0.679 | Val Acc: 76.34  |  Test Loss: 0.418 | Tes Acc: 87.37
INFO >> Epoch: 15  |  Layer:  7  |  Train Loss: 0.587 | Train Acc: 79.52  |  Val Loss: 0.641 | Val Acc: 78.49  |  Test Loss: 0.400 | Tes Acc: 88.17
INFO >> Epoch: 15  |  Layer:  8  |  Train Loss: 0.554 | Train Acc: 80.87  |  Val Loss: 0.650 | Val Acc: 76.88  |  Test Loss: 0.396 | Tes Acc: 88.71
INFO >> Epoch: 15  |  Layer:  9  |  Train Loss: 0.539 | Train Acc: 81.26  |  Val Loss: 0.653 | Val Acc: 77.96  |  Test Loss: 0.419 | Tes Acc: 87.10
INFO >> Epoch: 15  |  Layer: 10  |  Train Loss: 0.549 | Train Acc: 81.21  |  Val Loss: 0.735 | Val Acc: 74.01  |  Test Loss: 0.547 | Tes Acc: 80.65
INFO >> Epoch: 15  |  Layer: 11  |  Train Loss: 0.576 | Train Acc: 80.10  |  Val Loss: 0.763 | Val Acc: 72.40  |  Test Loss: 0.591 | Tes Acc: 77.15
INFO >> Epoch: 15  |  Layer: 12  |  Train Loss: 0.547 | Train Acc: 81.26  |  Val Loss: 0.655 | Val Acc: 77.06  |  Test Loss: 0.417 | Tes Acc: 87.63
INFO >> Epoch: 15  |  Layer: 13  |  Train Loss: 0.525 | Train Acc: 82.03  |  Val Loss: 0.691 | Val Acc: 75.45  |  Test Loss: 0.460 | Tes Acc: 84.14
INFO >> Epoch: 15  |  Layer: 14  |  Train Loss: 0.498 | Train Acc: 83.62  |  Val Loss: 0.704 | Val Acc: 76.70  |  Test Loss: 0.478 | Tes Acc: 81.45
INFO >> Epoch: 15  |  Layer: 15  |  Train Loss: 0.486 | Train Acc: 83.72  |  Val Loss: 0.691 | Val Acc: 77.06  |  Test Loss: 0.418 | Tes Acc: 86.29
INFO >> Epoch: 15  |  Layer: 16  |  Train Loss: 0.495 | Train Acc: 83.29  |  Val Loss: 0.652 | Val Acc: 75.63  |  Test Loss: 0.372 | Tes Acc: 87.90
INFO >> Epoch: 15  |  Layer: 17  |  Train Loss: 0.472 | Train Acc: 83.91  |  Val Loss: 0.675 | Val Acc: 77.60  |  Test Loss: 0.402 | Tes Acc: 85.75
INFO >> Epoch: 15  |  Layer: 18  |  Train Loss: 0.442 | Train Acc: 85.12  |  Val Loss: 0.625 | Val Acc: 78.67  |  Test Loss: 0.345 | Tes Acc: 87.37
INFO >> Epoch: 15  |  Layer: 19  |  Train Loss: 0.511 | Train Acc: 82.71  |  Val Loss: 0.620 | Val Acc: 78.67  |  Test Loss: 0.331 | Tes Acc: 89.25
INFO >> Epoch: 15  |  Layer: 20  |  Train Loss: 0.624 | Train Acc: 78.50  |  Val Loss: 0.704 | Val Acc: 76.88  |  Test Loss: 0.374 | Tes Acc: 87.63
INFO >> Epoch: 15  |  Layer: 21  |  Train Loss: 0.598 | Train Acc: 80.39  |  Val Loss: 0.659 | Val Acc: 77.60  |  Test Loss: 0.340 | Tes Acc: 89.52
INFO >> Epoch: 15  |  Layer: 22  |  Train Loss: 0.864 | Train Acc: 70.87  |  Val Loss: 0.832 | Val Acc: 69.18  |  Test Loss: 0.517 | Tes Acc: 84.68
INFO >> Epoch: 15  |  Layer: 23  |  Train Loss: 1.048 | Train Acc: 61.93  |  Val Loss: 1.033 | Val Acc: 61.11  |  Test Loss: 0.789 | Tes Acc: 75.00
INFO >> Epoch: 15  |  Layer: 24  |  Train Loss: 1.023 | Train Acc: 62.56  |  Val Loss: 1.060 | Val Acc: 60.39  |  Test Loss: 0.773 | Tes Acc: 72.85

INFO >> Epoch: 16  |  Layer:  1  |  Train Loss: 0.819 | Train Acc: 71.93  |  Val Loss: 0.789 | Val Acc: 74.73  |  Test Loss: 0.484 | Tes Acc: 86.02
INFO >> Epoch: 16  |  Layer:  2  |  Train Loss: 0.758 | Train Acc: 73.09  |  Val Loss: 0.774 | Val Acc: 75.63  |  Test Loss: 0.460 | Tes Acc: 85.75
INFO >> Epoch: 16  |  Layer:  3  |  Train Loss: 0.707 | Train Acc: 75.51  |  Val Loss: 0.762 | Val Acc: 75.99  |  Test Loss: 0.444 | Tes Acc: 86.56
INFO >> Epoch: 16  |  Layer:  4  |  Train Loss: 0.661 | Train Acc: 77.15  |  Val Loss: 0.785 | Val Acc: 74.01  |  Test Loss: 0.473 | Tes Acc: 87.10
INFO >> Epoch: 16  |  Layer:  5  |  Train Loss: 0.568 | Train Acc: 79.90  |  Val Loss: 0.756 | Val Acc: 75.81  |  Test Loss: 0.484 | Tes Acc: 86.02
INFO >> Epoch: 16  |  Layer:  6  |  Train Loss: 0.588 | Train Acc: 79.32  |  Val Loss: 0.737 | Val Acc: 77.06  |  Test Loss: 0.492 | Tes Acc: 84.68
INFO >> Epoch: 16  |  Layer:  7  |  Train Loss: 0.528 | Train Acc: 82.08  |  Val Loss: 0.697 | Val Acc: 78.67  |  Test Loss: 0.457 | Tes Acc: 87.90
INFO >> Epoch: 16  |  Layer:  8  |  Train Loss: 0.536 | Train Acc: 82.08  |  Val Loss: 0.649 | Val Acc: 78.49  |  Test Loss: 0.416 | Tes Acc: 87.37
INFO >> Epoch: 16  |  Layer:  9  |  Train Loss: 0.531 | Train Acc: 81.98  |  Val Loss: 0.631 | Val Acc: 78.85  |  Test Loss: 0.419 | Tes Acc: 86.56
INFO >> Epoch: 16  |  Layer: 10  |  Train Loss: 0.546 | Train Acc: 81.30  |  Val Loss: 0.600 | Val Acc: 80.65  |  Test Loss: 0.371 | Tes Acc: 88.98
INFO >> Epoch: 16  |  Layer: 11  |  Train Loss: 0.557 | Train Acc: 81.06  |  Val Loss: 0.599 | Val Acc: 81.54  |  Test Loss: 0.383 | Tes Acc: 88.98
INFO >> Epoch: 16  |  Layer: 12  |  Train Loss: 0.531 | Train Acc: 82.13  |  Val Loss: 0.580 | Val Acc: 82.97  |  Test Loss: 0.354 | Tes Acc: 89.52
INFO >> Epoch: 16  |  Layer: 13  |  Train Loss: 0.524 | Train Acc: 81.11  |  Val Loss: 0.553 | Val Acc: 81.72  |  Test Loss: 0.341 | Tes Acc: 90.86
INFO >> Epoch: 16  |  Layer: 14  |  Train Loss: 0.497 | Train Acc: 82.71  |  Val Loss: 0.583 | Val Acc: 82.44  |  Test Loss: 0.348 | Tes Acc: 89.52
INFO >> Epoch: 16  |  Layer: 15  |  Train Loss: 0.483 | Train Acc: 83.19  |  Val Loss: 0.691 | Val Acc: 80.47  |  Test Loss: 0.424 | Tes Acc: 88.17
INFO >> Epoch: 16  |  Layer: 16  |  Train Loss: 0.491 | Train Acc: 82.51  |  Val Loss: 0.592 | Val Acc: 80.65  |  Test Loss: 0.348 | Tes Acc: 88.98
INFO >> Epoch: 16  |  Layer: 17  |  Train Loss: 0.473 | Train Acc: 83.29  |  Val Loss: 0.558 | Val Acc: 82.08  |  Test Loss: 0.344 | Tes Acc: 90.32
INFO >> Epoch: 16  |  Layer: 18  |  Train Loss: 0.462 | Train Acc: 83.29  |  Val Loss: 0.618 | Val Acc: 81.90  |  Test Loss: 0.384 | Tes Acc: 88.44
INFO >> Epoch: 16  |  Layer: 19  |  Train Loss: 0.518 | Train Acc: 81.69  |  Val Loss: 0.652 | Val Acc: 79.75  |  Test Loss: 0.376 | Tes Acc: 88.44
INFO >> Epoch: 16  |  Layer: 20  |  Train Loss: 0.621 | Train Acc: 77.83  |  Val Loss: 0.675 | Val Acc: 77.06  |  Test Loss: 0.381 | Tes Acc: 87.90
INFO >> Epoch: 16  |  Layer: 21  |  Train Loss: 0.599 | Train Acc: 79.37  |  Val Loss: 0.675 | Val Acc: 78.14  |  Test Loss: 0.348 | Tes Acc: 87.37
INFO >> Epoch: 16  |  Layer: 22  |  Train Loss: 0.814 | Train Acc: 72.03  |  Val Loss: 0.772 | Val Acc: 73.66  |  Test Loss: 0.484 | Tes Acc: 86.56
INFO >> Epoch: 16  |  Layer: 23  |  Train Loss: 1.008 | Train Acc: 64.73  |  Val Loss: 0.958 | Val Acc: 66.85  |  Test Loss: 0.679 | Tes Acc: 77.96
INFO >> Epoch: 16  |  Layer: 24  |  Train Loss: 0.963 | Train Acc: 65.80  |  Val Loss: 0.911 | Val Acc: 69.35  |  Test Loss: 0.612 | Tes Acc: 80.65

INFO >> Epoch: 17  |  Layer:  1  |  Train Loss: 0.823 | Train Acc: 70.48  |  Val Loss: 0.830 | Val Acc: 72.40  |  Test Loss: 0.479 | Tes Acc: 86.29
INFO >> Epoch: 17  |  Layer:  2  |  Train Loss: 0.739 | Train Acc: 74.06  |  Val Loss: 0.761 | Val Acc: 73.66  |  Test Loss: 0.410 | Tes Acc: 90.05
INFO >> Epoch: 17  |  Layer:  3  |  Train Loss: 0.691 | Train Acc: 76.38  |  Val Loss: 0.735 | Val Acc: 75.27  |  Test Loss: 0.374 | Tes Acc: 89.52
INFO >> Epoch: 17  |  Layer:  4  |  Train Loss: 0.652 | Train Acc: 77.58  |  Val Loss: 0.693 | Val Acc: 77.78  |  Test Loss: 0.375 | Tes Acc: 89.78
INFO >> Epoch: 17  |  Layer:  5  |  Train Loss: 0.593 | Train Acc: 79.18  |  Val Loss: 0.641 | Val Acc: 78.49  |  Test Loss: 0.326 | Tes Acc: 91.13
INFO >> Epoch: 17  |  Layer:  6  |  Train Loss: 0.612 | Train Acc: 78.36  |  Val Loss: 0.641 | Val Acc: 78.85  |  Test Loss: 0.339 | Tes Acc: 90.86
INFO >> Epoch: 17  |  Layer:  7  |  Train Loss: 0.537 | Train Acc: 81.84  |  Val Loss: 0.604 | Val Acc: 82.26  |  Test Loss: 0.333 | Tes Acc: 90.59
INFO >> Epoch: 17  |  Layer:  8  |  Train Loss: 0.546 | Train Acc: 80.63  |  Val Loss: 0.615 | Val Acc: 80.65  |  Test Loss: 0.323 | Tes Acc: 90.86
INFO >> Epoch: 17  |  Layer:  9  |  Train Loss: 0.541 | Train Acc: 81.50  |  Val Loss: 0.617 | Val Acc: 80.47  |  Test Loss: 0.332 | Tes Acc: 88.98
INFO >> Epoch: 17  |  Layer: 10  |  Train Loss: 0.535 | Train Acc: 81.50  |  Val Loss: 0.639 | Val Acc: 79.21  |  Test Loss: 0.345 | Tes Acc: 88.71
INFO >> Epoch: 17  |  Layer: 11  |  Train Loss: 0.539 | Train Acc: 82.27  |  Val Loss: 0.602 | Val Acc: 81.18  |  Test Loss: 0.330 | Tes Acc: 90.32
INFO >> Epoch: 17  |  Layer: 12  |  Train Loss: 0.514 | Train Acc: 82.71  |  Val Loss: 0.609 | Val Acc: 82.62  |  Test Loss: 0.302 | Tes Acc: 91.13
INFO >> Epoch: 17  |  Layer: 13  |  Train Loss: 0.492 | Train Acc: 82.90  |  Val Loss: 0.588 | Val Acc: 80.65  |  Test Loss: 0.301 | Tes Acc: 89.52
INFO >> Epoch: 17  |  Layer: 14  |  Train Loss: 0.467 | Train Acc: 83.96  |  Val Loss: 0.590 | Val Acc: 82.26  |  Test Loss: 0.278 | Tes Acc: 91.67
INFO >> Epoch: 17  |  Layer: 15  |  Train Loss: 0.468 | Train Acc: 83.72  |  Val Loss: 0.632 | Val Acc: 81.36  |  Test Loss: 0.288 | Tes Acc: 90.86
INFO >> Epoch: 17  |  Layer: 16  |  Train Loss: 0.469 | Train Acc: 84.30  |  Val Loss: 0.651 | Val Acc: 80.82  |  Test Loss: 0.300 | Tes Acc: 90.32
INFO >> Epoch: 17  |  Layer: 17  |  Train Loss: 0.467 | Train Acc: 83.57  |  Val Loss: 0.556 | Val Acc: 83.51  |  Test Loss: 0.274 | Tes Acc: 93.01
INFO >> Epoch: 17  |  Layer: 18  |  Train Loss: 0.432 | Train Acc: 85.22  |  Val Loss: 0.575 | Val Acc: 82.80  |  Test Loss: 0.271 | Tes Acc: 91.40
INFO >> Epoch: 17  |  Layer: 19  |  Train Loss: 0.487 | Train Acc: 83.62  |  Val Loss: 0.564 | Val Acc: 82.44  |  Test Loss: 0.256 | Tes Acc: 92.20
INFO >> Epoch: 17  |  Layer: 20  |  Train Loss: 0.596 | Train Acc: 79.18  |  Val Loss: 0.643 | Val Acc: 79.93  |  Test Loss: 0.297 | Tes Acc: 88.44
INFO >> Epoch: 17  |  Layer: 21  |  Train Loss: 0.571 | Train Acc: 79.71  |  Val Loss: 0.660 | Val Acc: 79.39  |  Test Loss: 0.282 | Tes Acc: 90.86
INFO >> Epoch: 17  |  Layer: 22  |  Train Loss: 0.858 | Train Acc: 68.31  |  Val Loss: 0.931 | Val Acc: 70.07  |  Test Loss: 0.483 | Tes Acc: 83.33
INFO >> Epoch: 17  |  Layer: 23  |  Train Loss: 1.182 | Train Acc: 57.49  |  Val Loss: 1.134 | Val Acc: 56.99  |  Test Loss: 0.780 | Tes Acc: 69.09
INFO >> Epoch: 17  |  Layer: 24  |  Train Loss: 1.019 | Train Acc: 62.22  |  Val Loss: 1.110 | Val Acc: 62.37  |  Test Loss: 0.664 | Tes Acc: 77.42

INFO >> Epoch: 18  |  Layer:  1  |  Train Loss: 0.819 | Train Acc: 71.16  |  Val Loss: 0.874 | Val Acc: 70.61  |  Test Loss: 0.548 | Tes Acc: 81.45
INFO >> Epoch: 18  |  Layer:  2  |  Train Loss: 0.732 | Train Acc: 74.40  |  Val Loss: 0.792 | Val Acc: 73.48  |  Test Loss: 0.441 | Tes Acc: 87.63
INFO >> Epoch: 18  |  Layer:  3  |  Train Loss: 0.693 | Train Acc: 76.81  |  Val Loss: 0.730 | Val Acc: 75.63  |  Test Loss: 0.396 | Tes Acc: 88.71
INFO >> Epoch: 18  |  Layer:  4  |  Train Loss: 0.646 | Train Acc: 78.31  |  Val Loss: 0.677 | Val Acc: 78.14  |  Test Loss: 0.374 | Tes Acc: 90.86
INFO >> Epoch: 18  |  Layer:  5  |  Train Loss: 0.583 | Train Acc: 79.47  |  Val Loss: 0.664 | Val Acc: 79.03  |  Test Loss: 0.352 | Tes Acc: 89.52
INFO >> Epoch: 18  |  Layer:  6  |  Train Loss: 0.608 | Train Acc: 79.08  |  Val Loss: 0.656 | Val Acc: 79.21  |  Test Loss: 0.377 | Tes Acc: 89.25
INFO >> Epoch: 18  |  Layer:  7  |  Train Loss: 0.566 | Train Acc: 80.24  |  Val Loss: 0.697 | Val Acc: 76.70  |  Test Loss: 0.399 | Tes Acc: 88.71
INFO >> Epoch: 18  |  Layer:  8  |  Train Loss: 0.551 | Train Acc: 80.92  |  Val Loss: 0.643 | Val Acc: 78.32  |  Test Loss: 0.339 | Tes Acc: 90.86
INFO >> Epoch: 18  |  Layer:  9  |  Train Loss: 0.568 | Train Acc: 79.95  |  Val Loss: 0.613 | Val Acc: 80.82  |  Test Loss: 0.321 | Tes Acc: 91.13
INFO >> Epoch: 18  |  Layer: 10  |  Train Loss: 0.580 | Train Acc: 80.24  |  Val Loss: 0.658 | Val Acc: 78.49  |  Test Loss: 0.348 | Tes Acc: 90.59
INFO >> Epoch: 18  |  Layer: 11  |  Train Loss: 0.553 | Train Acc: 81.26  |  Val Loss: 0.646 | Val Acc: 79.75  |  Test Loss: 0.355 | Tes Acc: 89.78
INFO >> Epoch: 18  |  Layer: 12  |  Train Loss: 0.550 | Train Acc: 80.92  |  Val Loss: 0.620 | Val Acc: 81.00  |  Test Loss: 0.335 | Tes Acc: 89.78
INFO >> Epoch: 18  |  Layer: 13  |  Train Loss: 0.499 | Train Acc: 82.80  |  Val Loss: 0.564 | Val Acc: 83.15  |  Test Loss: 0.295 | Tes Acc: 90.86
INFO >> Epoch: 18  |  Layer: 14  |  Train Loss: 0.481 | Train Acc: 83.29  |  Val Loss: 0.601 | Val Acc: 81.90  |  Test Loss: 0.301 | Tes Acc: 89.78
INFO >> Epoch: 18  |  Layer: 15  |  Train Loss: 0.508 | Train Acc: 83.14  |  Val Loss: 0.682 | Val Acc: 77.60  |  Test Loss: 0.355 | Tes Acc: 88.71
INFO >> Epoch: 18  |  Layer: 16  |  Train Loss: 0.496 | Train Acc: 83.57  |  Val Loss: 0.652 | Val Acc: 78.67  |  Test Loss: 0.330 | Tes Acc: 88.98
INFO >> Epoch: 18  |  Layer: 17  |  Train Loss: 0.483 | Train Acc: 82.95  |  Val Loss: 0.627 | Val Acc: 81.54  |  Test Loss: 0.290 | Tes Acc: 91.67
INFO >> Epoch: 18  |  Layer: 18  |  Train Loss: 0.472 | Train Acc: 83.86  |  Val Loss: 0.662 | Val Acc: 79.03  |  Test Loss: 0.313 | Tes Acc: 90.59
INFO >> Epoch: 18  |  Layer: 19  |  Train Loss: 0.500 | Train Acc: 82.90  |  Val Loss: 0.636 | Val Acc: 79.75  |  Test Loss: 0.290 | Tes Acc: 91.40
INFO >> Epoch: 18  |  Layer: 20  |  Train Loss: 0.639 | Train Acc: 78.16  |  Val Loss: 0.690 | Val Acc: 79.03  |  Test Loss: 0.337 | Tes Acc: 91.40
INFO >> Epoch: 18  |  Layer: 21  |  Train Loss: 0.651 | Train Acc: 77.83  |  Val Loss: 0.743 | Val Acc: 75.99  |  Test Loss: 0.393 | Tes Acc: 86.83
INFO >> Epoch: 18  |  Layer: 22  |  Train Loss: 0.995 | Train Acc: 65.46  |  Val Loss: 0.858 | Val Acc: 70.97  |  Test Loss: 0.515 | Tes Acc: 81.45
INFO >> Epoch: 18  |  Layer: 23  |  Train Loss: 1.089 | Train Acc: 62.27  |  Val Loss: 1.052 | Val Acc: 63.98  |  Test Loss: 0.775 | Tes Acc: 78.49
INFO >> Epoch: 18  |  Layer: 24  |  Train Loss: 1.136 | Train Acc: 58.99  |  Val Loss: 1.036 | Val Acc: 62.19  |  Test Loss: 0.651 | Tes Acc: 77.69

INFO >> Epoch: 19  |  Layer:  1  |  Train Loss: 0.803 | Train Acc: 72.46  |  Val Loss: 0.792 | Val Acc: 73.84  |  Test Loss: 0.439 | Tes Acc: 85.48
INFO >> Epoch: 19  |  Layer:  2  |  Train Loss: 0.720 | Train Acc: 74.20  |  Val Loss: 0.751 | Val Acc: 75.45  |  Test Loss: 0.393 | Tes Acc: 87.63
INFO >> Epoch: 19  |  Layer:  3  |  Train Loss: 0.669 | Train Acc: 76.62  |  Val Loss: 0.727 | Val Acc: 75.81  |  Test Loss: 0.362 | Tes Acc: 88.98
INFO >> Epoch: 19  |  Layer:  4  |  Train Loss: 0.617 | Train Acc: 79.08  |  Val Loss: 0.685 | Val Acc: 77.60  |  Test Loss: 0.353 | Tes Acc: 89.25
INFO >> Epoch: 19  |  Layer:  5  |  Train Loss: 0.550 | Train Acc: 80.77  |  Val Loss: 0.627 | Val Acc: 80.82  |  Test Loss: 0.320 | Tes Acc: 90.32
INFO >> Epoch: 19  |  Layer:  6  |  Train Loss: 0.575 | Train Acc: 79.86  |  Val Loss: 0.614 | Val Acc: 79.75  |  Test Loss: 0.358 | Tes Acc: 88.98
INFO >> Epoch: 19  |  Layer:  7  |  Train Loss: 0.534 | Train Acc: 81.16  |  Val Loss: 0.601 | Val Acc: 81.36  |  Test Loss: 0.352 | Tes Acc: 89.52
INFO >> Epoch: 19  |  Layer:  8  |  Train Loss: 0.517 | Train Acc: 82.27  |  Val Loss: 0.562 | Val Acc: 82.80  |  Test Loss: 0.315 | Tes Acc: 91.13
INFO >> Epoch: 19  |  Layer:  9  |  Train Loss: 0.513 | Train Acc: 82.85  |  Val Loss: 0.561 | Val Acc: 83.51  |  Test Loss: 0.327 | Tes Acc: 90.86
INFO >> Epoch: 19  |  Layer: 10  |  Train Loss: 0.531 | Train Acc: 82.66  |  Val Loss: 0.559 | Val Acc: 82.08  |  Test Loss: 0.303 | Tes Acc: 91.40
INFO >> Epoch: 19  |  Layer: 11  |  Train Loss: 0.524 | Train Acc: 83.14  |  Val Loss: 0.568 | Val Acc: 80.82  |  Test Loss: 0.344 | Tes Acc: 87.37
INFO >> Epoch: 19  |  Layer: 12  |  Train Loss: 0.508 | Train Acc: 82.90  |  Val Loss: 0.545 | Val Acc: 82.97  |  Test Loss: 0.315 | Tes Acc: 91.67
INFO >> Epoch: 19  |  Layer: 13  |  Train Loss: 0.467 | Train Acc: 84.59  |  Val Loss: 0.555 | Val Acc: 82.80  |  Test Loss: 0.331 | Tes Acc: 90.05
INFO >> Epoch: 19  |  Layer: 14  |  Train Loss: 0.465 | Train Acc: 84.64  |  Val Loss: 0.554 | Val Acc: 82.97  |  Test Loss: 0.321 | Tes Acc: 91.40
INFO >> Epoch: 19  |  Layer: 15  |  Train Loss: 0.470 | Train Acc: 84.49  |  Val Loss: 0.595 | Val Acc: 81.54  |  Test Loss: 0.367 | Tes Acc: 87.90
INFO >> Epoch: 19  |  Layer: 16  |  Train Loss: 0.459 | Train Acc: 84.73  |  Val Loss: 0.579 | Val Acc: 81.90  |  Test Loss: 0.338 | Tes Acc: 90.05
INFO >> Epoch: 19  |  Layer: 17  |  Train Loss: 0.464 | Train Acc: 84.20  |  Val Loss: 0.597 | Val Acc: 81.00  |  Test Loss: 0.353 | Tes Acc: 88.44
INFO >> Epoch: 19  |  Layer: 18  |  Train Loss: 0.415 | Train Acc: 85.89  |  Val Loss: 0.550 | Val Acc: 83.33  |  Test Loss: 0.290 | Tes Acc: 90.86
INFO >> Epoch: 19  |  Layer: 19  |  Train Loss: 0.482 | Train Acc: 83.29  |  Val Loss: 0.543 | Val Acc: 84.23  |  Test Loss: 0.284 | Tes Acc: 91.67
INFO >> Epoch: 19  |  Layer: 20  |  Train Loss: 0.612 | Train Acc: 79.86  |  Val Loss: 0.588 | Val Acc: 82.26  |  Test Loss: 0.294 | Tes Acc: 90.32
INFO >> Epoch: 19  |  Layer: 21  |  Train Loss: 0.582 | Train Acc: 79.71  |  Val Loss: 0.618 | Val Acc: 80.47  |  Test Loss: 0.326 | Tes Acc: 88.44
INFO >> Epoch: 19  |  Layer: 22  |  Train Loss: 0.836 | Train Acc: 69.81  |  Val Loss: 0.780 | Val Acc: 74.01  |  Test Loss: 0.487 | Tes Acc: 87.10
INFO >> Epoch: 19  |  Layer: 23  |  Train Loss: 0.980 | Train Acc: 64.88  |  Val Loss: 0.973 | Val Acc: 65.77  |  Test Loss: 0.702 | Tes Acc: 76.08
INFO >> Epoch: 19  |  Layer: 24  |  Train Loss: 0.960 | Train Acc: 66.09  |  Val Loss: 0.955 | Val Acc: 65.23  |  Test Loss: 0.704 | Tes Acc: 77.69

INFO >> Epoch: 20  |  Layer:  1  |  Train Loss: 0.795 | Train Acc: 73.04  |  Val Loss: 0.878 | Val Acc: 69.00  |  Test Loss: 0.634 | Tes Acc: 79.57
INFO >> Epoch: 20  |  Layer:  2  |  Train Loss: 0.725 | Train Acc: 75.02  |  Val Loss: 0.814 | Val Acc: 71.68  |  Test Loss: 0.567 | Tes Acc: 81.72
INFO >> Epoch: 20  |  Layer:  3  |  Train Loss: 0.684 | Train Acc: 77.44  |  Val Loss: 0.764 | Val Acc: 74.19  |  Test Loss: 0.486 | Tes Acc: 85.48
INFO >> Epoch: 20  |  Layer:  4  |  Train Loss: 0.663 | Train Acc: 77.78  |  Val Loss: 0.723 | Val Acc: 74.19  |  Test Loss: 0.469 | Tes Acc: 86.29
INFO >> Epoch: 20  |  Layer:  5  |  Train Loss: 0.572 | Train Acc: 80.63  |  Val Loss: 0.701 | Val Acc: 73.30  |  Test Loss: 0.444 | Tes Acc: 85.22
INFO >> Epoch: 20  |  Layer:  6  |  Train Loss: 0.582 | Train Acc: 79.90  |  Val Loss: 0.732 | Val Acc: 73.66  |  Test Loss: 0.507 | Tes Acc: 83.87
INFO >> Epoch: 20  |  Layer:  7  |  Train Loss: 0.536 | Train Acc: 81.16  |  Val Loss: 0.702 | Val Acc: 75.45  |  Test Loss: 0.482 | Tes Acc: 85.48
INFO >> Epoch: 20  |  Layer:  8  |  Train Loss: 0.537 | Train Acc: 81.93  |  Val Loss: 0.670 | Val Acc: 77.42  |  Test Loss: 0.432 | Tes Acc: 87.37
INFO >> Epoch: 20  |  Layer:  9  |  Train Loss: 0.543 | Train Acc: 82.13  |  Val Loss: 0.669 | Val Acc: 75.45  |  Test Loss: 0.449 | Tes Acc: 88.17
INFO >> Epoch: 20  |  Layer: 10  |  Train Loss: 0.530 | Train Acc: 82.61  |  Val Loss: 0.632 | Val Acc: 77.42  |  Test Loss: 0.412 | Tes Acc: 86.83
INFO >> Epoch: 20  |  Layer: 11  |  Train Loss: 0.518 | Train Acc: 82.46  |  Val Loss: 0.571 | Val Acc: 79.75  |  Test Loss: 0.361 | Tes Acc: 88.98
INFO >> Epoch: 20  |  Layer: 12  |  Train Loss: 0.492 | Train Acc: 83.24  |  Val Loss: 0.584 | Val Acc: 78.67  |  Test Loss: 0.330 | Tes Acc: 88.71
INFO >> Epoch: 20  |  Layer: 13  |  Train Loss: 0.480 | Train Acc: 82.85  |  Val Loss: 0.589 | Val Acc: 78.14  |  Test Loss: 0.339 | Tes Acc: 88.98
INFO >> Epoch: 20  |  Layer: 14  |  Train Loss: 0.465 | Train Acc: 83.72  |  Val Loss: 0.580 | Val Acc: 79.39  |  Test Loss: 0.347 | Tes Acc: 89.52
INFO >> Epoch: 20  |  Layer: 15  |  Train Loss: 0.466 | Train Acc: 84.20  |  Val Loss: 0.594 | Val Acc: 79.21  |  Test Loss: 0.330 | Tes Acc: 90.32
INFO >> Epoch: 20  |  Layer: 16  |  Train Loss: 0.471 | Train Acc: 83.62  |  Val Loss: 0.564 | Val Acc: 80.29  |  Test Loss: 0.320 | Tes Acc: 90.86
INFO >> Epoch: 20  |  Layer: 17  |  Train Loss: 0.454 | Train Acc: 83.62  |  Val Loss: 0.565 | Val Acc: 81.00  |  Test Loss: 0.331 | Tes Acc: 87.90
INFO >> Epoch: 20  |  Layer: 18  |  Train Loss: 0.424 | Train Acc: 85.36  |  Val Loss: 0.543 | Val Acc: 82.26  |  Test Loss: 0.291 | Tes Acc: 90.32
INFO >> Epoch: 20  |  Layer: 19  |  Train Loss: 0.461 | Train Acc: 83.77  |  Val Loss: 0.568 | Val Acc: 81.00  |  Test Loss: 0.334 | Tes Acc: 90.05
INFO >> Epoch: 20  |  Layer: 20  |  Train Loss: 0.597 | Train Acc: 79.71  |  Val Loss: 0.646 | Val Acc: 77.06  |  Test Loss: 0.391 | Tes Acc: 88.98
INFO >> Epoch: 20  |  Layer: 21  |  Train Loss: 0.586 | Train Acc: 80.29  |  Val Loss: 0.901 | Val Acc: 64.87  |  Test Loss: 0.650 | Tes Acc: 75.81
INFO >> Epoch: 20  |  Layer: 22  |  Train Loss: 0.819 | Train Acc: 70.53  |  Val Loss: 0.811 | Val Acc: 71.86  |  Test Loss: 0.511 | Tes Acc: 83.33
INFO >> Epoch: 20  |  Layer: 23  |  Train Loss: 0.994 | Train Acc: 64.15  |  Val Loss: 0.944 | Val Acc: 67.56  |  Test Loss: 0.653 | Tes Acc: 79.03
INFO >> Epoch: 20  |  Layer: 24  |  Train Loss: 0.987 | Train Acc: 65.60  |  Val Loss: 0.921 | Val Acc: 69.35  |  Test Loss: 0.550 | Tes Acc: 81.45



INFO >> Time Taken: 1:19:49

INFO >> Layer: 1  |  Best Val Acc: 74.73  |  Best Test Acc: 86.02
INFO >> Layer: 2  |  Best Val Acc: 75.63  |  Best Test Acc: 85.75
INFO >> Layer: 3  |  Best Val Acc: 76.70  |  Best Test Acc: 87.63
INFO >> Layer: 4  |  Best Val Acc: 78.14  |  Best Test Acc: 90.86
INFO >> Layer: 5  |  Best Val Acc: 80.82  |  Best Test Acc: 90.32
INFO >> Layer: 6  |  Best Val Acc: 79.75  |  Best Test Acc: 88.98
INFO >> Layer: 7  |  Best Val Acc: 82.26  |  Best Test Acc: 90.59
INFO >> Layer: 8  |  Best Val Acc: 82.80  |  Best Test Acc: 91.13
INFO >> Layer: 9  |  Best Val Acc: 83.51  |  Best Test Acc: 90.86
INFO >> Layer: 10  |  Best Val Acc: 82.26  |  Best Test Acc: 91.94
INFO >> Layer: 11  |  Best Val Acc: 81.90  |  Best Test Acc: 90.05
INFO >> Layer: 12  |  Best Val Acc: 82.97  |  Best Test Acc: 89.52
INFO >> Layer: 13  |  Best Val Acc: 83.15  |  Best Test Acc: 90.86
INFO >> Layer: 14  |  Best Val Acc: 82.97  |  Best Test Acc: 91.40
INFO >> Layer: 15  |  Best Val Acc: 81.54  |  Best Test Acc: 87.90
INFO >> Layer: 16  |  Best Val Acc: 83.51  |  Best Test Acc: 91.13
INFO >> Layer: 17  |  Best Val Acc: 83.51  |  Best Test Acc: 93.01
INFO >> Layer: 18  |  Best Val Acc: 83.33  |  Best Test Acc: 90.86
INFO >> Layer: 19  |  Best Val Acc: 84.23  |  Best Test Acc: 91.67
INFO >> Layer: 20  |  Best Val Acc: 82.26  |  Best Test Acc: 90.32
INFO >> Layer: 21  |  Best Val Acc: 80.47  |  Best Test Acc: 88.17
INFO >> Layer: 22  |  Best Val Acc: 74.01  |  Best Test Acc: 87.10
INFO >> Layer: 23  |  Best Val Acc: 67.56  |  Best Test Acc: 79.03
INFO >> Layer: 24  |  Best Val Acc: 69.35  |  Best Test Acc: 80.65

DEBUG >> Last state saved

INFO >> History saved (./history/v1.3/ShEMO/WAV2VEC2_LARGE_XLSR300M_PROBING/Run4/history.pt)
