
--------------------------------------------------
Multilingual SER System v1.1
--------------------------------------------------
Run Name      : Run3
Model         : HUBERT_LARGE
Extract Mode  : memory
Device        : gpu
Dataset       : EMOVO
Epochs        : 20
Num Workers   : 2
Data Dir      : ./data
History Dir   : ./history
Weights Dir   : ./weights
Log Level     : debug
Purge Cache   : False
Job Name      : Job102
Job Id        : 30593625

Timestamp : 2023-02-28 01:01:44.479652

INFO >> Running on CUDA


INFO >> Training Classifier

DEBUG >> Best state saved | Val Acc 18.36734712123871 | Test Acc 14.28571492433548

INFO >> Epoch: 1 |   Train Loss: 2.350 | Train Acc: 19.39 |   Val Loss: 1.871 | Val Acc: 18.37 |   Test Loss: 2.009 | Tes Acc: 14.29
DEBUG >> Best state saved | Val Acc 29.591837525367737 | Test Acc 25.0

INFO >> Epoch: 2 |   Train Loss: 1.797 | Train Acc: 24.15 |   Val Loss: 1.631 | Val Acc: 29.59 |   Test Loss: 2.041 | Tes Acc: 25.00
DEBUG >> Best state saved | Val Acc 43.8775509595871 | Test Acc 23.469388484954834

INFO >> Epoch: 3 |   Train Loss: 1.621 | Train Acc: 40.48 |   Val Loss: 1.522 | Val Acc: 43.88 |   Test Loss: 2.235 | Tes Acc: 23.47
INFO >> Epoch: 4 |   Train Loss: 1.396 | Train Acc: 49.32 |   Val Loss: 1.485 | Val Acc: 38.78 |   Test Loss: 2.388 | Tes Acc: 30.10
INFO >> Epoch: 5 |   Train Loss: 1.245 | Train Acc: 54.42 |   Val Loss: 1.288 | Val Acc: 43.88 |   Test Loss: 2.479 | Tes Acc: 29.59
DEBUG >> Best state saved | Val Acc 57.14285969734192 | Test Acc 28.061223030090332

INFO >> Epoch: 6 |   Train Loss: 0.984 | Train Acc: 63.95 |   Val Loss: 1.107 | Val Acc: 57.14 |   Test Loss: 2.240 | Tes Acc: 28.06
INFO >> Epoch: 7 |   Train Loss: 0.796 | Train Acc: 68.03 |   Val Loss: 1.506 | Val Acc: 45.92 |   Test Loss: 2.553 | Tes Acc: 44.39
INFO >> Epoch: 8 |   Train Loss: 0.720 | Train Acc: 77.55 |   Val Loss: 1.826 | Val Acc: 45.92 |   Test Loss: 2.799 | Tes Acc: 32.14
INFO >> Epoch: 9 |   Train Loss: 0.533 | Train Acc: 78.91 |   Val Loss: 1.632 | Val Acc: 50.00 |   Test Loss: 2.757 | Tes Acc: 42.35
INFO >> Epoch: 10 |   Train Loss: 0.411 | Train Acc: 87.07 |   Val Loss: 1.116 | Val Acc: 54.08 |   Test Loss: 2.395 | Tes Acc: 42.35
DEBUG >> Best state saved | Val Acc 58.163267374038696 | Test Acc 37.755101919174194

INFO >> Epoch: 11 |   Train Loss: 0.402 | Train Acc: 87.07 |   Val Loss: 1.149 | Val Acc: 58.16 |   Test Loss: 2.677 | Tes Acc: 37.76
DEBUG >> Best state saved | Val Acc 62.244898080825806 | Test Acc 46.42857015132904

INFO >> Epoch: 12 |   Train Loss: 0.383 | Train Acc: 85.03 |   Val Loss: 1.111 | Val Acc: 62.24 |   Test Loss: 2.906 | Tes Acc: 46.43
INFO >> Epoch: 13 |   Train Loss: 0.301 | Train Acc: 88.44 |   Val Loss: 1.402 | Val Acc: 53.06 |   Test Loss: 2.351 | Tes Acc: 41.33
INFO >> Epoch: 14 |   Train Loss: 0.224 | Train Acc: 92.86 |   Val Loss: 1.466 | Val Acc: 59.18 |   Test Loss: 2.566 | Tes Acc: 45.92
DEBUG >> Best state saved | Val Acc 63.26530575752258 | Test Acc 43.8775509595871

INFO >> Epoch: 15 |   Train Loss: 0.166 | Train Acc: 96.60 |   Val Loss: 1.748 | Val Acc: 63.27 |   Test Loss: 3.050 | Tes Acc: 43.88
DEBUG >> Best state saved | Val Acc 65.30612111091614 | Test Acc 42.34693944454193

INFO >> Epoch: 16 |   Train Loss: 0.175 | Train Acc: 95.24 |   Val Loss: 1.688 | Val Acc: 65.31 |   Test Loss: 3.630 | Tes Acc: 42.35
INFO >> Epoch: 17 |   Train Loss: 0.184 | Train Acc: 94.22 |   Val Loss: 1.659 | Val Acc: 64.29 |   Test Loss: 2.921 | Tes Acc: 44.39
INFO >> Epoch: 18 |   Train Loss: 0.196 | Train Acc: 94.56 |   Val Loss: 2.025 | Val Acc: 55.10 |   Test Loss: 3.437 | Tes Acc: 46.43
INFO >> Epoch: 19 |   Train Loss: 0.235 | Train Acc: 91.50 |   Val Loss: 2.031 | Val Acc: 55.10 |   Test Loss: 3.381 | Tes Acc: 46.43
INFO >> Epoch: 20 |   Train Loss: 0.305 | Train Acc: 89.46 |   Val Loss: 2.311 | Val Acc: 57.14 |   Test Loss: 3.324 | Tes Acc: 37.24


INFO >> Time Taken: 2:38:55

INFO >> Best Val Acc : 65.30612111091614 | Best Test A : 42.34693944454193

INFO >> Agg. Weights : 
0.05602095276117325 0.06890805810689926 -0.18761104345321655 -0.0607568621635437 -0.038816772401332855 -0.14616094529628754 -0.21720854938030243 -0.04491160437464714 -0.09041841328144073 0.17074070870876312 0.06649955362081528 0.060523200780153275 0.23883992433547974 -0.02610553614795208 0.09040214866399765 0.012364081107079983 0.17646650969982147 0.18619389832019806 0.16960181295871735 -0.06130029261112213 -0.12475740164518356 -0.04810073971748352 0.23443956673145294 0.1349991410970688

DEBUG >> Last state saved | Val Acc 57.14285969734192 | Test Acc 37.244898080825806

INFO >> History saved (./history/v1.1/EMOVO/HUBERT_LARGE/Run3/history.pt)
